2025-08-28 13:43:45,164 - INFO - run_composites.py:61 - Skip already completed: ../geojsons/compgen\compgen_202001_x06_y10.geojson [1/1449]
2025-08-28 13:43:45,165 - INFO - run_composites.py:61 - Skip already completed: ../geojsons/compgen\compgen_202001_x08_y10.geojson [2/1449]
2025-08-28 13:43:45,165 - INFO - run_composites.py:61 - Skip already completed: ../geojsons/compgen\compgen_202001_x08_y11.geojson [3/1449]
2025-08-28 13:43:45,165 - INFO - run_composites.py:61 - Skip already completed: ../geojsons/compgen\compgen_202001_x08_y12.geojson [4/1449]
2025-08-28 13:43:45,165 - INFO - run_composites.py:61 - Skip already completed: ../geojsons/compgen\compgen_202001_x09_y07.geojson [5/1449]
2025-08-28 13:43:45,165 - INFO - run_composites.py:61 - Skip already completed: ../geojsons/compgen\compgen_202001_x09_y08.geojson [6/1449]
2025-08-28 13:43:45,165 - INFO - run_composites.py:61 - Skip already completed: ../geojsons/compgen\compgen_202001_x09_y09.geojson [7/1449]
2025-08-28 13:43:45,165 - INFO - run_composites.py:61 - Skip already completed: ../geojsons/compgen\compgen_202001_x09_y10.geojson [8/1449]
2025-08-28 13:43:45,165 - INFO - run_composites.py:61 - Skip already completed: ../geojsons/compgen\compgen_202001_x09_y11.geojson [9/1449]
2025-08-28 13:43:45,165 - INFO - run_composites.py:61 - Skip already completed: ../geojsons/compgen\compgen_202001_x09_y12.geojson [10/1449]
2025-08-28 13:43:45,165 - INFO - run_composites.py:61 - Skip already completed: ../geojsons/compgen\compgen_202001_x10_y07.geojson [11/1449]
2025-08-28 13:43:45,165 - INFO - run_composites.py:61 - Skip already completed: ../geojsons/compgen\compgen_202001_x10_y08.geojson [12/1449]
2025-08-28 13:43:45,165 - INFO - run_composites.py:61 - Skip already completed: ../geojsons/compgen\compgen_202001_x10_y09.geojson [13/1449]
2025-08-28 13:43:45,165 - INFO - run_composites.py:61 - Skip already completed: ../geojsons/compgen\compgen_202001_x10_y10.geojson [14/1449]
2025-08-28 13:43:45,165 - INFO - run_composites.py:61 - Skip already completed: ../geojsons/compgen\compgen_202001_x10_y11.geojson [15/1449]
2025-08-28 13:43:45,165 - INFO - run_composites.py:61 - Skip already completed: ../geojsons/compgen\compgen_202001_x11_y08.geojson [16/1449]
2025-08-28 13:43:45,166 - INFO - run_composites.py:61 - Skip already completed: ../geojsons/compgen\compgen_202001_x11_y10.geojson [17/1449]
2025-08-28 13:43:45,166 - INFO - run_composites.py:61 - Skip already completed: ../geojsons/compgen\compgen_202001_x11_y11.geojson [18/1449]
2025-08-28 13:43:45,166 - INFO - run_composites.py:61 - Skip already completed: ../geojsons/compgen\compgen_202001_x11_y12.geojson [19/1449]
2025-08-28 13:43:45,166 - INFO - run_composites.py:61 - Skip already completed: ../geojsons/compgen\compgen_202001_x12_y11.geojson [20/1449]
2025-08-28 13:43:45,166 - INFO - run_composites.py:61 - Skip already completed: ../geojsons/compgen\compgen_202001_x12_y12.geojson [21/1449]
2025-08-28 13:43:45,166 - INFO - run_composites.py:61 - Skip already completed: ../geojsons/compgen\compgen_202002_x06_y10.geojson [22/1449]
2025-08-28 13:43:45,166 - INFO - run_composites.py:61 - Skip already completed: ../geojsons/compgen\compgen_202002_x08_y10.geojson [23/1449]
2025-08-28 13:43:45,166 - INFO - run_composites.py:61 - Skip already completed: ../geojsons/compgen\compgen_202002_x08_y11.geojson [24/1449]
2025-08-28 13:43:45,166 - INFO - run_composites.py:61 - Skip already completed: ../geojsons/compgen\compgen_202002_x08_y12.geojson [25/1449]
2025-08-28 13:43:45,166 - INFO - run_composites.py:61 - Skip already completed: ../geojsons/compgen\compgen_202002_x09_y07.geojson [26/1449]
2025-08-28 13:43:45,166 - INFO - run_composites.py:61 - Skip already completed: ../geojsons/compgen\compgen_202002_x09_y08.geojson [27/1449]
2025-08-28 13:43:45,166 - INFO - run_composites.py:61 - Skip already completed: ../geojsons/compgen\compgen_202002_x09_y09.geojson [28/1449]
2025-08-28 13:43:45,166 - INFO - run_composites.py:61 - Skip already completed: ../geojsons/compgen\compgen_202002_x09_y10.geojson [29/1449]
2025-08-28 13:43:45,166 - INFO - run_composites.py:61 - Skip already completed: ../geojsons/compgen\compgen_202002_x09_y11.geojson [30/1449]
2025-08-28 13:43:45,166 - INFO - run_composites.py:61 - Skip already completed: ../geojsons/compgen\compgen_202002_x09_y12.geojson [31/1449]
2025-08-28 13:43:45,166 - INFO - run_composites.py:61 - Skip already completed: ../geojsons/compgen\compgen_202002_x10_y07.geojson [32/1449]
2025-08-28 13:43:45,166 - INFO - run_composites.py:61 - Skip already completed: ../geojsons/compgen\compgen_202002_x10_y08.geojson [33/1449]
2025-08-28 13:43:45,166 - INFO - run_composites.py:61 - Skip already completed: ../geojsons/compgen\compgen_202002_x10_y09.geojson [34/1449]
2025-08-28 13:43:45,166 - INFO - run_composites.py:61 - Skip already completed: ../geojsons/compgen\compgen_202002_x10_y10.geojson [35/1449]
2025-08-28 13:43:45,166 - INFO - run_composites.py:61 - Skip already completed: ../geojsons/compgen\compgen_202002_x10_y11.geojson [36/1449]
2025-08-28 13:43:45,166 - INFO - run_composites.py:61 - Skip already completed: ../geojsons/compgen\compgen_202002_x11_y08.geojson [37/1449]
2025-08-28 13:43:45,166 - INFO - run_composites.py:61 - Skip already completed: ../geojsons/compgen\compgen_202002_x11_y10.geojson [38/1449]
2025-08-28 13:43:45,166 - INFO - run_composites.py:61 - Skip already completed: ../geojsons/compgen\compgen_202002_x11_y11.geojson [39/1449]
2025-08-28 13:43:45,166 - INFO - run_composites.py:61 - Skip already completed: ../geojsons/compgen\compgen_202002_x11_y12.geojson [40/1449]
2025-08-28 13:43:45,166 - INFO - run_composites.py:61 - Skip already completed: ../geojsons/compgen\compgen_202002_x12_y11.geojson [41/1449]
2025-08-28 13:43:45,166 - INFO - run_composites.py:61 - Skip already completed: ../geojsons/compgen\compgen_202002_x12_y12.geojson [42/1449]
2025-08-28 13:43:45,166 - INFO - run_composites.py:61 - Skip already completed: ../geojsons/compgen\compgen_202003_x06_y10.geojson [43/1449]
2025-08-28 13:43:45,166 - INFO - run_composites.py:61 - Skip already completed: ../geojsons/compgen\compgen_202003_x08_y10.geojson [44/1449]
2025-08-28 13:43:45,166 - INFO - run_composites.py:61 - Skip already completed: ../geojsons/compgen\compgen_202003_x08_y11.geojson [45/1449]
2025-08-28 13:43:45,166 - INFO - run_composites.py:61 - Skip already completed: ../geojsons/compgen\compgen_202003_x08_y12.geojson [46/1449]
2025-08-28 13:43:45,166 - INFO - run_composites.py:61 - Skip already completed: ../geojsons/compgen\compgen_202003_x09_y07.geojson [47/1449]
2025-08-28 13:43:45,166 - INFO - run_composites.py:61 - Skip already completed: ../geojsons/compgen\compgen_202003_x09_y08.geojson [48/1449]
2025-08-28 13:43:45,166 - INFO - run_composites.py:61 - Skip already completed: ../geojsons/compgen\compgen_202003_x09_y09.geojson [49/1449]
2025-08-28 13:43:45,166 - INFO - run_composites.py:61 - Skip already completed: ../geojsons/compgen\compgen_202003_x09_y10.geojson [50/1449]
2025-08-28 13:43:45,166 - INFO - run_composites.py:61 - Skip already completed: ../geojsons/compgen\compgen_202003_x09_y11.geojson [51/1449]
2025-08-28 13:43:45,166 - INFO - run_composites.py:61 - Skip already completed: ../geojsons/compgen\compgen_202003_x09_y12.geojson [52/1449]
2025-08-28 13:43:45,166 - INFO - run_composites.py:61 - Skip already completed: ../geojsons/compgen\compgen_202003_x10_y07.geojson [53/1449]
2025-08-28 13:43:45,166 - INFO - run_composites.py:61 - Skip already completed: ../geojsons/compgen\compgen_202003_x10_y08.geojson [54/1449]
2025-08-28 13:43:45,166 - INFO - run_composites.py:61 - Skip already completed: ../geojsons/compgen\compgen_202003_x10_y09.geojson [55/1449]
2025-08-28 13:43:45,167 - INFO - run_composites.py:61 - Skip already completed: ../geojsons/compgen\compgen_202003_x10_y10.geojson [56/1449]
2025-08-28 13:43:45,167 - INFO - run_composites.py:61 - Skip already completed: ../geojsons/compgen\compgen_202003_x10_y11.geojson [57/1449]
2025-08-28 13:43:45,167 - INFO - run_composites.py:61 - Skip already completed: ../geojsons/compgen\compgen_202003_x11_y08.geojson [58/1449]
2025-08-28 13:43:45,167 - INFO - run_composites.py:61 - Skip already completed: ../geojsons/compgen\compgen_202003_x11_y10.geojson [59/1449]
2025-08-28 13:43:45,167 - INFO - run_composites.py:61 - Skip already completed: ../geojsons/compgen\compgen_202003_x11_y11.geojson [60/1449]
2025-08-28 13:43:45,167 - INFO - run_composites.py:61 - Skip already completed: ../geojsons/compgen\compgen_202003_x11_y12.geojson [61/1449]
2025-08-28 13:43:45,167 - INFO - run_composites.py:61 - Skip already completed: ../geojsons/compgen\compgen_202003_x12_y11.geojson [62/1449]
2025-08-28 13:43:45,167 - INFO - run_composites.py:61 - Skip already completed: ../geojsons/compgen\compgen_202003_x12_y12.geojson [63/1449]
2025-08-28 13:43:45,167 - INFO - run_composites.py:61 - Skip already completed: ../geojsons/compgen\compgen_202004_x06_y10.geojson [64/1449]
2025-08-28 13:43:45,167 - INFO - run_composites.py:61 - Skip already completed: ../geojsons/compgen\compgen_202004_x08_y10.geojson [65/1449]
2025-08-28 13:43:45,167 - INFO - run_composites.py:61 - Skip already completed: ../geojsons/compgen\compgen_202004_x08_y11.geojson [66/1449]
2025-08-28 13:43:45,167 - INFO - run_composites.py:61 - Skip already completed: ../geojsons/compgen\compgen_202004_x08_y12.geojson [67/1449]
2025-08-28 13:43:45,167 - INFO - run_composites.py:61 - Skip already completed: ../geojsons/compgen\compgen_202004_x09_y07.geojson [68/1449]
2025-08-28 13:43:45,167 - INFO - run_composites.py:61 - Skip already completed: ../geojsons/compgen\compgen_202004_x09_y08.geojson [69/1449]
2025-08-28 13:43:45,167 - INFO - run_composites.py:61 - Skip already completed: ../geojsons/compgen\compgen_202004_x09_y09.geojson [70/1449]
2025-08-28 13:43:45,167 - INFO - run_composites.py:61 - Skip already completed: ../geojsons/compgen\compgen_202004_x09_y10.geojson [71/1449]
2025-08-28 13:43:45,167 - INFO - run_composites.py:61 - Skip already completed: ../geojsons/compgen\compgen_202004_x09_y11.geojson [72/1449]
2025-08-28 13:43:45,167 - INFO - run_composites.py:61 - Skip already completed: ../geojsons/compgen\compgen_202004_x09_y12.geojson [73/1449]
2025-08-28 13:43:45,167 - INFO - run_composites.py:61 - Skip already completed: ../geojsons/compgen\compgen_202004_x10_y07.geojson [74/1449]
2025-08-28 13:43:45,167 - INFO - run_composites.py:61 - Skip already completed: ../geojsons/compgen\compgen_202004_x10_y08.geojson [75/1449]
2025-08-28 13:43:45,167 - INFO - run_composites.py:61 - Skip already completed: ../geojsons/compgen\compgen_202004_x10_y09.geojson [76/1449]
2025-08-28 13:43:45,167 - INFO - run_composites.py:61 - Skip already completed: ../geojsons/compgen\compgen_202004_x10_y10.geojson [77/1449]
2025-08-28 13:43:45,167 - INFO - run_composites.py:61 - Skip already completed: ../geojsons/compgen\compgen_202004_x10_y11.geojson [78/1449]
2025-08-28 13:43:45,167 - INFO - run_composites.py:61 - Skip already completed: ../geojsons/compgen\compgen_202004_x11_y08.geojson [79/1449]
2025-08-28 13:43:45,167 - INFO - run_composites.py:61 - Skip already completed: ../geojsons/compgen\compgen_202004_x11_y10.geojson [80/1449]
2025-08-28 13:43:45,167 - INFO - run_composites.py:61 - Skip already completed: ../geojsons/compgen\compgen_202004_x11_y11.geojson [81/1449]
2025-08-28 13:43:45,167 - INFO - run_composites.py:61 - Skip already completed: ../geojsons/compgen\compgen_202004_x11_y12.geojson [82/1449]
2025-08-28 13:43:45,167 - INFO - run_composites.py:61 - Skip already completed: ../geojsons/compgen\compgen_202004_x12_y11.geojson [83/1449]
2025-08-28 13:43:45,167 - INFO - run_composites.py:61 - Skip already completed: ../geojsons/compgen\compgen_202004_x12_y12.geojson [84/1449]
2025-08-28 13:43:45,167 - INFO - run_composites.py:61 - Skip already completed: ../geojsons/compgen\compgen_202005_x06_y10.geojson [85/1449]
2025-08-28 13:43:45,167 - INFO - run_composites.py:61 - Skip already completed: ../geojsons/compgen\compgen_202005_x08_y10.geojson [86/1449]
2025-08-28 13:43:45,167 - INFO - run_composites.py:61 - Skip already completed: ../geojsons/compgen\compgen_202005_x08_y11.geojson [87/1449]
2025-08-28 13:43:45,167 - INFO - run_composites.py:61 - Skip already completed: ../geojsons/compgen\compgen_202005_x08_y12.geojson [88/1449]
2025-08-28 13:43:45,167 - INFO - run_composites.py:61 - Skip already completed: ../geojsons/compgen\compgen_202005_x09_y07.geojson [89/1449]
2025-08-28 13:43:45,167 - INFO - run_composites.py:61 - Skip already completed: ../geojsons/compgen\compgen_202005_x09_y08.geojson [90/1449]
2025-08-28 13:43:45,167 - INFO - run_composites.py:61 - Skip already completed: ../geojsons/compgen\compgen_202005_x09_y09.geojson [91/1449]
2025-08-28 13:43:45,168 - INFO - run_composites.py:61 - Skip already completed: ../geojsons/compgen\compgen_202005_x09_y10.geojson [92/1449]
2025-08-28 13:43:45,168 - INFO - run_composites.py:61 - Skip already completed: ../geojsons/compgen\compgen_202005_x09_y11.geojson [93/1449]
2025-08-28 13:43:45,168 - INFO - run_composites.py:61 - Skip already completed: ../geojsons/compgen\compgen_202005_x09_y12.geojson [94/1449]
2025-08-28 13:43:45,168 - INFO - run_composites.py:61 - Skip already completed: ../geojsons/compgen\compgen_202005_x10_y07.geojson [95/1449]
2025-08-28 13:43:45,168 - INFO - run_composites.py:61 - Skip already completed: ../geojsons/compgen\compgen_202005_x10_y08.geojson [96/1449]
2025-08-28 13:43:45,168 - INFO - run_composites.py:61 - Skip already completed: ../geojsons/compgen\compgen_202005_x10_y09.geojson [97/1449]
2025-08-28 13:43:45,168 - INFO - run_composites.py:61 - Skip already completed: ../geojsons/compgen\compgen_202005_x10_y10.geojson [98/1449]
2025-08-28 13:43:45,168 - INFO - run_composites.py:61 - Skip already completed: ../geojsons/compgen\compgen_202005_x10_y11.geojson [99/1449]
2025-08-28 13:43:45,168 - INFO - run_composites.py:61 - Skip already completed: ../geojsons/compgen\compgen_202005_x11_y08.geojson [100/1449]
2025-08-28 13:43:45,168 - INFO - run_composites.py:61 - Skip already completed: ../geojsons/compgen\compgen_202005_x11_y10.geojson [101/1449]
2025-08-28 13:43:45,168 - INFO - run_composites.py:61 - Skip already completed: ../geojsons/compgen\compgen_202005_x11_y11.geojson [102/1449]
2025-08-28 13:43:45,168 - INFO - run_composites.py:61 - Skip already completed: ../geojsons/compgen\compgen_202005_x11_y12.geojson [103/1449]
2025-08-28 13:43:45,168 - INFO - run_composites.py:61 - Skip already completed: ../geojsons/compgen\compgen_202005_x12_y11.geojson [104/1449]
2025-08-28 13:43:45,168 - INFO - run_composites.py:61 - Skip already completed: ../geojsons/compgen\compgen_202005_x12_y12.geojson [105/1449]
2025-08-28 13:43:45,168 - INFO - run_composites.py:61 - Skip already completed: ../geojsons/compgen\compgen_202006_x06_y10.geojson [106/1449]
2025-08-28 13:43:45,168 - INFO - run_composites.py:61 - Skip already completed: ../geojsons/compgen\compgen_202006_x08_y10.geojson [107/1449]
2025-08-28 13:43:45,168 - INFO - run_composites.py:61 - Skip already completed: ../geojsons/compgen\compgen_202006_x08_y11.geojson [108/1449]
2025-08-28 13:43:45,168 - INFO - run_composites.py:61 - Skip already completed: ../geojsons/compgen\compgen_202006_x08_y12.geojson [109/1449]
2025-08-28 13:43:45,168 - INFO - run_composites.py:61 - Skip already completed: ../geojsons/compgen\compgen_202006_x09_y07.geojson [110/1449]
2025-08-28 13:43:45,168 - INFO - run_composites.py:61 - Skip already completed: ../geojsons/compgen\compgen_202006_x09_y08.geojson [111/1449]
2025-08-28 13:43:45,168 - INFO - run_composites.py:61 - Skip already completed: ../geojsons/compgen\compgen_202006_x09_y09.geojson [112/1449]
2025-08-28 13:43:45,168 - INFO - run_composites.py:61 - Skip already completed: ../geojsons/compgen\compgen_202006_x09_y10.geojson [113/1449]
2025-08-28 13:43:45,168 - INFO - run_composites.py:61 - Skip already completed: ../geojsons/compgen\compgen_202006_x09_y11.geojson [114/1449]
2025-08-28 13:43:45,168 - INFO - run_composites.py:61 - Skip already completed: ../geojsons/compgen\compgen_202006_x09_y12.geojson [115/1449]
2025-08-28 13:43:45,168 - INFO - run_composites.py:61 - Skip already completed: ../geojsons/compgen\compgen_202006_x10_y07.geojson [116/1449]
2025-08-28 13:43:45,168 - INFO - run_composites.py:61 - Skip already completed: ../geojsons/compgen\compgen_202006_x10_y08.geojson [117/1449]
2025-08-28 13:43:45,168 - INFO - run_composites.py:61 - Skip already completed: ../geojsons/compgen\compgen_202006_x10_y09.geojson [118/1449]
2025-08-28 13:43:45,168 - INFO - run_composites.py:61 - Skip already completed: ../geojsons/compgen\compgen_202006_x10_y10.geojson [119/1449]
2025-08-28 13:43:45,168 - INFO - run_composites.py:61 - Skip already completed: ../geojsons/compgen\compgen_202006_x10_y11.geojson [120/1449]
2025-08-28 13:43:45,168 - INFO - run_composites.py:61 - Skip already completed: ../geojsons/compgen\compgen_202006_x11_y08.geojson [121/1449]
2025-08-28 13:43:45,168 - INFO - run_composites.py:61 - Skip already completed: ../geojsons/compgen\compgen_202006_x11_y10.geojson [122/1449]
2025-08-28 13:43:45,168 - INFO - run_composites.py:61 - Skip already completed: ../geojsons/compgen\compgen_202006_x11_y11.geojson [123/1449]
2025-08-28 13:43:45,168 - INFO - run_composites.py:61 - Skip already completed: ../geojsons/compgen\compgen_202006_x11_y12.geojson [124/1449]
2025-08-28 13:43:45,168 - INFO - run_composites.py:61 - Skip already completed: ../geojsons/compgen\compgen_202006_x12_y11.geojson [125/1449]
2025-08-28 13:43:45,168 - INFO - run_composites.py:61 - Skip already completed: ../geojsons/compgen\compgen_202006_x12_y12.geojson [126/1449]
2025-08-28 13:43:45,168 - INFO - run_composites.py:61 - Skip already completed: ../geojsons/compgen\compgen_202007_x06_y10.geojson [127/1449]
2025-08-28 13:43:45,168 - INFO - run_composites.py:61 - Skip already completed: ../geojsons/compgen\compgen_202007_x08_y10.geojson [128/1449]
2025-08-28 13:43:45,168 - INFO - run_composites.py:61 - Skip already completed: ../geojsons/compgen\compgen_202007_x08_y11.geojson [129/1449]
2025-08-28 13:43:45,168 - INFO - run_composites.py:61 - Skip already completed: ../geojsons/compgen\compgen_202007_x08_y12.geojson [130/1449]
2025-08-28 13:43:45,169 - INFO - run_composites.py:61 - Skip already completed: ../geojsons/compgen\compgen_202007_x09_y07.geojson [131/1449]
2025-08-28 13:43:45,169 - INFO - run_composites.py:61 - Skip already completed: ../geojsons/compgen\compgen_202007_x09_y08.geojson [132/1449]
2025-08-28 13:43:45,169 - INFO - run_composites.py:61 - Skip already completed: ../geojsons/compgen\compgen_202007_x09_y09.geojson [133/1449]
2025-08-28 13:43:45,169 - INFO - run_composites.py:61 - Skip already completed: ../geojsons/compgen\compgen_202007_x09_y10.geojson [134/1449]
2025-08-28 13:43:45,169 - INFO - run_composites.py:61 - Skip already completed: ../geojsons/compgen\compgen_202007_x09_y11.geojson [135/1449]
2025-08-28 13:43:45,169 - INFO - run_composites.py:61 - Skip already completed: ../geojsons/compgen\compgen_202007_x09_y12.geojson [136/1449]
2025-08-28 13:43:45,169 - INFO - run_composites.py:61 - Skip already completed: ../geojsons/compgen\compgen_202007_x10_y07.geojson [137/1449]
2025-08-28 13:43:45,169 - INFO - run_composites.py:61 - Skip already completed: ../geojsons/compgen\compgen_202007_x10_y08.geojson [138/1449]
2025-08-28 13:43:45,169 - INFO - run_composites.py:61 - Skip already completed: ../geojsons/compgen\compgen_202007_x10_y09.geojson [139/1449]
2025-08-28 13:43:45,169 - INFO - run_composites.py:61 - Skip already completed: ../geojsons/compgen\compgen_202007_x10_y10.geojson [140/1449]
2025-08-28 13:43:45,169 - INFO - run_composites.py:61 - Skip already completed: ../geojsons/compgen\compgen_202007_x10_y11.geojson [141/1449]
2025-08-28 13:43:45,169 - INFO - run_composites.py:61 - Skip already completed: ../geojsons/compgen\compgen_202007_x11_y08.geojson [142/1449]
2025-08-28 13:43:45,169 - INFO - run_composites.py:61 - Skip already completed: ../geojsons/compgen\compgen_202007_x11_y10.geojson [143/1449]
2025-08-28 13:43:45,169 - INFO - run_composites.py:61 - Skip already completed: ../geojsons/compgen\compgen_202007_x11_y11.geojson [144/1449]
2025-08-28 13:43:45,169 - INFO - run_composites.py:61 - Skip already completed: ../geojsons/compgen\compgen_202007_x11_y12.geojson [145/1449]
2025-08-28 13:43:45,169 - INFO - run_composites.py:61 - Skip already completed: ../geojsons/compgen\compgen_202007_x12_y11.geojson [146/1449]
2025-08-28 13:43:45,169 - INFO - run_composites.py:61 - Skip already completed: ../geojsons/compgen\compgen_202007_x12_y12.geojson [147/1449]
2025-08-28 13:43:45,169 - INFO - run_composites.py:61 - Skip already completed: ../geojsons/compgen\compgen_202008_x06_y10.geojson [148/1449]
2025-08-28 13:43:45,169 - INFO - run_composites.py:61 - Skip already completed: ../geojsons/compgen\compgen_202008_x08_y10.geojson [149/1449]
2025-08-28 13:43:45,169 - INFO - run_composites.py:61 - Skip already completed: ../geojsons/compgen\compgen_202008_x08_y11.geojson [150/1449]
2025-08-28 13:43:45,169 - INFO - run_composites.py:61 - Skip already completed: ../geojsons/compgen\compgen_202008_x08_y12.geojson [151/1449]
2025-08-28 13:43:45,169 - INFO - run_composites.py:61 - Skip already completed: ../geojsons/compgen\compgen_202008_x09_y07.geojson [152/1449]
2025-08-28 13:43:45,169 - INFO - run_composites.py:61 - Skip already completed: ../geojsons/compgen\compgen_202008_x09_y08.geojson [153/1449]
2025-08-28 13:43:45,169 - INFO - run_composites.py:61 - Skip already completed: ../geojsons/compgen\compgen_202008_x09_y09.geojson [154/1449]
2025-08-28 13:43:45,169 - INFO - run_composites.py:61 - Skip already completed: ../geojsons/compgen\compgen_202008_x09_y10.geojson [155/1449]
2025-08-28 13:43:45,169 - INFO - run_composites.py:61 - Skip already completed: ../geojsons/compgen\compgen_202008_x09_y11.geojson [156/1449]
2025-08-28 13:43:45,169 - INFO - run_composites.py:61 - Skip already completed: ../geojsons/compgen\compgen_202008_x09_y12.geojson [157/1449]
2025-08-28 13:43:45,169 - INFO - run_composites.py:61 - Skip already completed: ../geojsons/compgen\compgen_202008_x10_y07.geojson [158/1449]
2025-08-28 13:43:45,169 - INFO - run_composites.py:61 - Skip already completed: ../geojsons/compgen\compgen_202008_x10_y08.geojson [159/1449]
2025-08-28 13:43:45,169 - INFO - run_composites.py:61 - Skip already completed: ../geojsons/compgen\compgen_202008_x10_y09.geojson [160/1449]
2025-08-28 13:43:45,169 - INFO - run_composites.py:61 - Skip already completed: ../geojsons/compgen\compgen_202008_x10_y10.geojson [161/1449]
2025-08-28 13:43:45,169 - INFO - run_composites.py:61 - Skip already completed: ../geojsons/compgen\compgen_202008_x10_y11.geojson [162/1449]
2025-08-28 13:43:45,169 - INFO - run_composites.py:61 - Skip already completed: ../geojsons/compgen\compgen_202008_x11_y08.geojson [163/1449]
2025-08-28 13:43:45,169 - INFO - run_composites.py:61 - Skip already completed: ../geojsons/compgen\compgen_202008_x11_y10.geojson [164/1449]
2025-08-28 13:43:45,169 - INFO - run_composites.py:61 - Skip already completed: ../geojsons/compgen\compgen_202008_x11_y11.geojson [165/1449]
2025-08-28 13:43:45,169 - INFO - run_composites.py:64 - [>] Launching single-shot: ../geojsons/compgen\compgen_202008_x11_y12.geojson [166/1449]
2025-08-28 14:02:21,470 - INFO - run_composites.py:74 - ✔ Processed ../geojsons/compgen\compgen_202008_x11_y12.geojson | [166 / 1449] (11.46%)
2025-08-28 14:02:21,470 - INFO - run_composites.py:64 - [>] Launching single-shot: ../geojsons/compgen\compgen_202008_x12_y11.geojson [167/1449]
2025-08-28 14:12:55,941 - INFO - run_composites.py:74 - ✔ Processed ../geojsons/compgen\compgen_202008_x12_y11.geojson | [167 / 1449] (11.53%)
2025-08-28 14:12:55,941 - INFO - run_composites.py:64 - [>] Launching single-shot: ../geojsons/compgen\compgen_202008_x12_y12.geojson [168/1449]
2025-08-28 14:26:20,717 - INFO - run_composites.py:74 - ✔ Processed ../geojsons/compgen\compgen_202008_x12_y12.geojson | [168 / 1449] (11.59%)
2025-08-28 14:26:20,717 - INFO - run_composites.py:64 - [>] Launching single-shot: ../geojsons/compgen\compgen_202009_x06_y10.geojson [169/1449]
2025-08-28 14:32:05,320 - INFO - run_composites.py:74 - ✔ Processed ../geojsons/compgen\compgen_202009_x06_y10.geojson | [169 / 1449] (11.66%)
2025-08-28 14:32:05,320 - INFO - run_composites.py:64 - [>] Launching single-shot: ../geojsons/compgen\compgen_202009_x08_y10.geojson [170/1449]
2025-08-28 14:40:18,450 - INFO - run_composites.py:74 - ✔ Processed ../geojsons/compgen\compgen_202009_x08_y10.geojson | [170 / 1449] (11.73%)
2025-08-28 14:40:18,450 - INFO - run_composites.py:64 - [>] Launching single-shot: ../geojsons/compgen\compgen_202009_x08_y11.geojson [171/1449]
2025-08-28 14:40:59,683 - ERROR - run_composites.py:76 - ✖ Failed ../geojsons/compgen\compgen_202009_x08_y11.geojson with exit code 1 | [171 / 1449] (11.8%)
2025-08-28 14:41:01,684 - INFO - run_composites.py:64 - [>] Launching single-shot: ../geojsons/compgen\compgen_202009_x08_y12.geojson [172/1449]
2025-08-28 14:48:58,377 - INFO - run_composites.py:74 - ✔ Processed ../geojsons/compgen\compgen_202009_x08_y12.geojson | [172 / 1449] (11.87%)
2025-08-28 14:48:58,377 - INFO - run_composites.py:64 - [>] Launching single-shot: ../geojsons/compgen\compgen_202009_x09_y07.geojson [173/1449]
2025-08-28 15:00:34,268 - INFO - run_composites.py:74 - ✔ Processed ../geojsons/compgen\compgen_202009_x09_y07.geojson | [173 / 1449] (11.94%)
2025-08-28 15:00:34,268 - INFO - run_composites.py:64 - [>] Launching single-shot: ../geojsons/compgen\compgen_202009_x09_y08.geojson [174/1449]
2025-08-28 15:13:21,370 - INFO - run_composites.py:74 - ✔ Processed ../geojsons/compgen\compgen_202009_x09_y08.geojson | [174 / 1449] (12.01%)
2025-08-28 15:13:21,370 - INFO - run_composites.py:64 - [>] Launching single-shot: ../geojsons/compgen\compgen_202009_x09_y09.geojson [175/1449]
2025-08-28 15:26:15,818 - INFO - run_composites.py:74 - ✔ Processed ../geojsons/compgen\compgen_202009_x09_y09.geojson | [175 / 1449] (12.08%)
2025-08-28 15:26:15,818 - INFO - run_composites.py:64 - [>] Launching single-shot: ../geojsons/compgen\compgen_202009_x09_y10.geojson [176/1449]
2025-08-28 15:38:01,213 - INFO - run_composites.py:74 - ✔ Processed ../geojsons/compgen\compgen_202009_x09_y10.geojson | [176 / 1449] (12.15%)
2025-08-28 15:38:01,214 - INFO - run_composites.py:64 - [>] Launching single-shot: ../geojsons/compgen\compgen_202009_x09_y11.geojson [177/1449]
2025-08-28 15:47:55,340 - INFO - run_composites.py:74 - ✔ Processed ../geojsons/compgen\compgen_202009_x09_y11.geojson | [177 / 1449] (12.22%)
2025-08-28 15:47:55,340 - INFO - run_composites.py:64 - [>] Launching single-shot: ../geojsons/compgen\compgen_202009_x09_y12.geojson [178/1449]
2025-08-28 15:59:09,229 - INFO - run_composites.py:74 - ✔ Processed ../geojsons/compgen\compgen_202009_x09_y12.geojson | [178 / 1449] (12.28%)
2025-08-28 15:59:09,229 - INFO - run_composites.py:64 - [>] Launching single-shot: ../geojsons/compgen\compgen_202009_x10_y07.geojson [179/1449]
2025-08-28 16:09:39,381 - INFO - run_composites.py:74 - ✔ Processed ../geojsons/compgen\compgen_202009_x10_y07.geojson | [179 / 1449] (12.35%)
2025-08-28 16:09:39,381 - INFO - run_composites.py:64 - [>] Launching single-shot: ../geojsons/compgen\compgen_202009_x10_y08.geojson [180/1449]
2025-08-28 16:23:58,460 - INFO - run_composites.py:74 - ✔ Processed ../geojsons/compgen\compgen_202009_x10_y08.geojson | [180 / 1449] (12.42%)
2025-08-28 16:23:58,460 - INFO - run_composites.py:64 - [>] Launching single-shot: ../geojsons/compgen\compgen_202009_x10_y09.geojson [181/1449]
2025-08-28 16:32:41,284 - INFO - run_composites.py:74 - ✔ Processed ../geojsons/compgen\compgen_202009_x10_y09.geojson | [181 / 1449] (12.49%)
2025-08-28 16:32:41,284 - INFO - run_composites.py:64 - [>] Launching single-shot: ../geojsons/compgen\compgen_202009_x10_y10.geojson [182/1449]
2025-08-28 16:44:52,727 - INFO - run_composites.py:74 - ✔ Processed ../geojsons/compgen\compgen_202009_x10_y10.geojson | [182 / 1449] (12.56%)
2025-08-28 16:44:52,727 - INFO - run_composites.py:64 - [>] Launching single-shot: ../geojsons/compgen\compgen_202009_x10_y11.geojson [183/1449]
2025-08-28 16:50:12,567 - INFO - run_composites.py:74 - ✔ Processed ../geojsons/compgen\compgen_202009_x10_y11.geojson | [183 / 1449] (12.63%)
2025-08-28 16:50:12,567 - INFO - run_composites.py:64 - [>] Launching single-shot: ../geojsons/compgen\compgen_202009_x11_y08.geojson [184/1449]
2025-08-28 17:02:21,204 - INFO - run_composites.py:74 - ✔ Processed ../geojsons/compgen\compgen_202009_x11_y08.geojson | [184 / 1449] (12.7%)
2025-08-28 17:02:21,204 - INFO - run_composites.py:64 - [>] Launching single-shot: ../geojsons/compgen\compgen_202009_x11_y10.geojson [185/1449]
2025-08-28 17:15:15,253 - INFO - run_composites.py:74 - ✔ Processed ../geojsons/compgen\compgen_202009_x11_y10.geojson | [185 / 1449] (12.77%)
2025-08-28 17:15:15,253 - INFO - run_composites.py:64 - [>] Launching single-shot: ../geojsons/compgen\compgen_202009_x11_y11.geojson [186/1449]
2025-08-28 17:25:15,758 - INFO - run_composites.py:74 - ✔ Processed ../geojsons/compgen\compgen_202009_x11_y11.geojson | [186 / 1449] (12.84%)
2025-08-28 17:25:15,758 - INFO - run_composites.py:64 - [>] Launching single-shot: ../geojsons/compgen\compgen_202009_x11_y12.geojson [187/1449]
2025-08-28 17:38:27,636 - INFO - run_composites.py:74 - ✔ Processed ../geojsons/compgen\compgen_202009_x11_y12.geojson | [187 / 1449] (12.91%)
2025-08-28 17:38:27,636 - INFO - run_composites.py:64 - [>] Launching single-shot: ../geojsons/compgen\compgen_202009_x12_y11.geojson [188/1449]
2025-08-28 17:47:09,456 - INFO - run_composites.py:74 - ✔ Processed ../geojsons/compgen\compgen_202009_x12_y11.geojson | [188 / 1449] (12.97%)
2025-08-28 17:47:09,456 - INFO - run_composites.py:64 - [>] Launching single-shot: ../geojsons/compgen\compgen_202009_x12_y12.geojson [189/1449]
2025-08-28 18:00:00,137 - INFO - run_composites.py:74 - ✔ Processed ../geojsons/compgen\compgen_202009_x12_y12.geojson | [189 / 1449] (13.04%)
2025-08-28 18:00:00,137 - INFO - run_composites.py:64 - [>] Launching single-shot: ../geojsons/compgen\compgen_202010_x06_y10.geojson [190/1449]
2025-08-28 18:16:04,384 - INFO - run_composites.py:74 - ✔ Processed ../geojsons/compgen\compgen_202010_x06_y10.geojson | [190 / 1449] (13.11%)
2025-08-28 18:16:04,384 - INFO - run_composites.py:64 - [>] Launching single-shot: ../geojsons/compgen\compgen_202010_x08_y10.geojson [191/1449]
2025-08-28 18:26:24,742 - INFO - run_composites.py:74 - ✔ Processed ../geojsons/compgen\compgen_202010_x08_y10.geojson | [191 / 1449] (13.18%)
2025-08-28 18:26:24,742 - INFO - run_composites.py:64 - [>] Launching single-shot: ../geojsons/compgen\compgen_202010_x08_y11.geojson [192/1449]
2025-08-28 18:31:26,649 - INFO - run_composites.py:74 - ✔ Processed ../geojsons/compgen\compgen_202010_x08_y11.geojson | [192 / 1449] (13.25%)
2025-08-28 18:31:26,650 - INFO - run_composites.py:64 - [>] Launching single-shot: ../geojsons/compgen\compgen_202010_x08_y12.geojson [193/1449]
2025-08-28 18:37:47,815 - INFO - run_composites.py:74 - ✔ Processed ../geojsons/compgen\compgen_202010_x08_y12.geojson | [193 / 1449] (13.32%)
2025-08-28 18:37:47,815 - INFO - run_composites.py:64 - [>] Launching single-shot: ../geojsons/compgen\compgen_202010_x09_y07.geojson [194/1449]
2025-08-28 18:49:00,185 - INFO - run_composites.py:74 - ✔ Processed ../geojsons/compgen\compgen_202010_x09_y07.geojson | [194 / 1449] (13.39%)
2025-08-28 18:49:00,186 - INFO - run_composites.py:64 - [>] Launching single-shot: ../geojsons/compgen\compgen_202010_x09_y08.geojson [195/1449]
2025-08-28 19:01:28,312 - INFO - run_composites.py:74 - ✔ Processed ../geojsons/compgen\compgen_202010_x09_y08.geojson | [195 / 1449] (13.46%)
2025-08-28 19:01:28,312 - INFO - run_composites.py:64 - [>] Launching single-shot: ../geojsons/compgen\compgen_202010_x09_y09.geojson [196/1449]
2025-08-28 19:11:38,886 - INFO - run_composites.py:74 - ✔ Processed ../geojsons/compgen\compgen_202010_x09_y09.geojson | [196 / 1449] (13.53%)
2025-08-28 19:11:38,886 - INFO - run_composites.py:64 - [>] Launching single-shot: ../geojsons/compgen\compgen_202010_x09_y10.geojson [197/1449]
2025-08-28 19:21:26,759 - INFO - run_composites.py:74 - ✔ Processed ../geojsons/compgen\compgen_202010_x09_y10.geojson | [197 / 1449] (13.6%)
2025-08-28 19:21:26,759 - INFO - run_composites.py:64 - [>] Launching single-shot: ../geojsons/compgen\compgen_202010_x09_y11.geojson [198/1449]
2025-08-28 19:37:30,876 - INFO - run_composites.py:74 - ✔ Processed ../geojsons/compgen\compgen_202010_x09_y11.geojson | [198 / 1449] (13.66%)
2025-08-28 19:37:30,877 - INFO - run_composites.py:64 - [>] Launching single-shot: ../geojsons/compgen\compgen_202010_x09_y12.geojson [199/1449]
2025-08-28 19:44:54,031 - INFO - run_composites.py:74 - ✔ Processed ../geojsons/compgen\compgen_202010_x09_y12.geojson | [199 / 1449] (13.73%)
2025-08-28 19:44:54,032 - INFO - run_composites.py:61 - Skip already completed: ../geojsons/compgen\compgen_202010_x10_y07.geojson [200/1449]
2025-08-28 19:44:54,032 - INFO - run_composites.py:61 - Skip already completed: ../geojsons/compgen\compgen_202010_x10_y08.geojson [201/1449]
2025-08-28 19:44:54,032 - INFO - run_composites.py:61 - Skip already completed: ../geojsons/compgen\compgen_202010_x10_y09.geojson [202/1449]
2025-08-28 19:44:54,032 - INFO - run_composites.py:61 - Skip already completed: ../geojsons/compgen\compgen_202010_x10_y10.geojson [203/1449]
2025-08-28 19:44:54,032 - INFO - run_composites.py:61 - Skip already completed: ../geojsons/compgen\compgen_202010_x10_y11.geojson [204/1449]
2025-08-28 19:44:54,032 - INFO - run_composites.py:61 - Skip already completed: ../geojsons/compgen\compgen_202010_x11_y08.geojson [205/1449]
2025-08-28 19:44:54,032 - INFO - run_composites.py:61 - Skip already completed: ../geojsons/compgen\compgen_202010_x11_y10.geojson [206/1449]
2025-08-28 19:44:54,032 - INFO - run_composites.py:61 - Skip already completed: ../geojsons/compgen\compgen_202010_x11_y11.geojson [207/1449]
2025-08-28 19:44:54,032 - INFO - run_composites.py:61 - Skip already completed: ../geojsons/compgen\compgen_202010_x11_y12.geojson [208/1449]
2025-08-28 19:44:54,032 - INFO - run_composites.py:61 - Skip already completed: ../geojsons/compgen\compgen_202010_x12_y11.geojson [209/1449]
2025-08-28 19:44:54,032 - INFO - run_composites.py:61 - Skip already completed: ../geojsons/compgen\compgen_202010_x12_y12.geojson [210/1449]
2025-08-28 19:44:54,032 - INFO - run_composites.py:61 - Skip already completed: ../geojsons/compgen\compgen_202011_x06_y10.geojson [211/1449]
2025-08-28 19:44:54,032 - INFO - run_composites.py:61 - Skip already completed: ../geojsons/compgen\compgen_202011_x08_y10.geojson [212/1449]
2025-08-28 19:44:54,032 - INFO - run_composites.py:61 - Skip already completed: ../geojsons/compgen\compgen_202011_x08_y11.geojson [213/1449]
2025-08-28 19:44:54,032 - INFO - run_composites.py:61 - Skip already completed: ../geojsons/compgen\compgen_202011_x08_y12.geojson [214/1449]
2025-08-28 19:44:54,032 - INFO - run_composites.py:61 - Skip already completed: ../geojsons/compgen\compgen_202011_x09_y07.geojson [215/1449]
2025-08-28 19:44:54,032 - INFO - run_composites.py:61 - Skip already completed: ../geojsons/compgen\compgen_202011_x09_y08.geojson [216/1449]
2025-08-28 19:44:54,032 - INFO - run_composites.py:61 - Skip already completed: ../geojsons/compgen\compgen_202011_x09_y09.geojson [217/1449]
2025-08-28 19:44:54,032 - INFO - run_composites.py:61 - Skip already completed: ../geojsons/compgen\compgen_202011_x09_y10.geojson [218/1449]
2025-08-28 19:44:54,032 - INFO - run_composites.py:61 - Skip already completed: ../geojsons/compgen\compgen_202011_x09_y11.geojson [219/1449]
2025-08-28 19:44:54,032 - INFO - run_composites.py:61 - Skip already completed: ../geojsons/compgen\compgen_202011_x09_y12.geojson [220/1449]
2025-08-28 19:44:54,032 - INFO - run_composites.py:61 - Skip already completed: ../geojsons/compgen\compgen_202011_x10_y07.geojson [221/1449]
2025-08-28 19:44:54,032 - INFO - run_composites.py:61 - Skip already completed: ../geojsons/compgen\compgen_202011_x10_y08.geojson [222/1449]
2025-08-28 19:44:54,033 - INFO - run_composites.py:61 - Skip already completed: ../geojsons/compgen\compgen_202011_x10_y09.geojson [223/1449]
2025-08-28 19:44:54,033 - INFO - run_composites.py:61 - Skip already completed: ../geojsons/compgen\compgen_202011_x10_y10.geojson [224/1449]
2025-08-28 19:44:54,033 - INFO - run_composites.py:61 - Skip already completed: ../geojsons/compgen\compgen_202011_x10_y11.geojson [225/1449]
2025-08-28 19:44:54,033 - INFO - run_composites.py:61 - Skip already completed: ../geojsons/compgen\compgen_202011_x11_y08.geojson [226/1449]
2025-08-28 19:44:54,033 - INFO - run_composites.py:61 - Skip already completed: ../geojsons/compgen\compgen_202011_x11_y10.geojson [227/1449]
2025-08-28 19:44:54,033 - INFO - run_composites.py:61 - Skip already completed: ../geojsons/compgen\compgen_202011_x11_y11.geojson [228/1449]
2025-08-28 19:44:54,033 - INFO - run_composites.py:61 - Skip already completed: ../geojsons/compgen\compgen_202011_x11_y12.geojson [229/1449]
2025-08-28 19:44:54,033 - INFO - run_composites.py:61 - Skip already completed: ../geojsons/compgen\compgen_202011_x12_y11.geojson [230/1449]
2025-08-28 19:44:54,033 - INFO - run_composites.py:61 - Skip already completed: ../geojsons/compgen\compgen_202011_x12_y12.geojson [231/1449]
2025-08-28 19:44:54,033 - INFO - run_composites.py:61 - Skip already completed: ../geojsons/compgen\compgen_202012_x06_y10.geojson [232/1449]
2025-08-28 19:44:54,033 - INFO - run_composites.py:61 - Skip already completed: ../geojsons/compgen\compgen_202012_x08_y10.geojson [233/1449]
2025-08-28 19:44:54,033 - INFO - run_composites.py:61 - Skip already completed: ../geojsons/compgen\compgen_202012_x08_y11.geojson [234/1449]
2025-08-28 19:44:54,033 - INFO - run_composites.py:61 - Skip already completed: ../geojsons/compgen\compgen_202012_x08_y12.geojson [235/1449]
2025-08-28 19:44:54,033 - INFO - run_composites.py:61 - Skip already completed: ../geojsons/compgen\compgen_202012_x09_y07.geojson [236/1449]
2025-08-28 19:44:54,033 - INFO - run_composites.py:61 - Skip already completed: ../geojsons/compgen\compgen_202012_x09_y08.geojson [237/1449]
2025-08-28 19:44:54,033 - INFO - run_composites.py:61 - Skip already completed: ../geojsons/compgen\compgen_202012_x09_y09.geojson [238/1449]
2025-08-28 19:44:54,033 - INFO - run_composites.py:61 - Skip already completed: ../geojsons/compgen\compgen_202012_x09_y10.geojson [239/1449]
2025-08-28 19:44:54,033 - INFO - run_composites.py:61 - Skip already completed: ../geojsons/compgen\compgen_202012_x09_y11.geojson [240/1449]
2025-08-28 19:44:54,033 - INFO - run_composites.py:61 - Skip already completed: ../geojsons/compgen\compgen_202012_x09_y12.geojson [241/1449]
2025-08-28 19:44:54,033 - INFO - run_composites.py:61 - Skip already completed: ../geojsons/compgen\compgen_202012_x10_y07.geojson [242/1449]
2025-08-28 19:44:54,033 - INFO - run_composites.py:61 - Skip already completed: ../geojsons/compgen\compgen_202012_x10_y08.geojson [243/1449]
2025-08-28 19:44:54,033 - INFO - run_composites.py:61 - Skip already completed: ../geojsons/compgen\compgen_202012_x10_y09.geojson [244/1449]
2025-08-28 19:44:54,033 - INFO - run_composites.py:61 - Skip already completed: ../geojsons/compgen\compgen_202012_x10_y10.geojson [245/1449]
2025-08-28 19:44:54,033 - INFO - run_composites.py:61 - Skip already completed: ../geojsons/compgen\compgen_202012_x10_y11.geojson [246/1449]
2025-08-28 19:44:54,033 - INFO - run_composites.py:61 - Skip already completed: ../geojsons/compgen\compgen_202012_x11_y08.geojson [247/1449]
2025-08-28 19:44:54,033 - INFO - run_composites.py:61 - Skip already completed: ../geojsons/compgen\compgen_202012_x11_y10.geojson [248/1449]
2025-08-28 19:44:54,033 - INFO - run_composites.py:61 - Skip already completed: ../geojsons/compgen\compgen_202012_x11_y11.geojson [249/1449]
2025-08-28 19:44:54,033 - INFO - run_composites.py:61 - Skip already completed: ../geojsons/compgen\compgen_202012_x11_y12.geojson [250/1449]
2025-08-28 19:44:54,033 - INFO - run_composites.py:61 - Skip already completed: ../geojsons/compgen\compgen_202012_x12_y11.geojson [251/1449]
2025-08-28 19:44:54,034 - INFO - run_composites.py:61 - Skip already completed: ../geojsons/compgen\compgen_202012_x12_y12.geojson [252/1449]
2025-08-28 19:44:54,034 - INFO - run_composites.py:61 - Skip already completed: ../geojsons/compgen\compgen_202101_x06_y10.geojson [253/1449]
2025-08-28 19:44:54,034 - INFO - run_composites.py:61 - Skip already completed: ../geojsons/compgen\compgen_202101_x08_y10.geojson [254/1449]
2025-08-28 19:44:54,034 - INFO - run_composites.py:61 - Skip already completed: ../geojsons/compgen\compgen_202101_x08_y11.geojson [255/1449]
2025-08-28 19:44:54,034 - INFO - run_composites.py:61 - Skip already completed: ../geojsons/compgen\compgen_202101_x08_y12.geojson [256/1449]
2025-08-28 19:44:54,034 - INFO - run_composites.py:61 - Skip already completed: ../geojsons/compgen\compgen_202101_x09_y07.geojson [257/1449]
2025-08-28 19:44:54,034 - INFO - run_composites.py:61 - Skip already completed: ../geojsons/compgen\compgen_202101_x09_y08.geojson [258/1449]
2025-08-28 19:44:54,034 - INFO - run_composites.py:61 - Skip already completed: ../geojsons/compgen\compgen_202101_x09_y09.geojson [259/1449]
2025-08-28 19:44:54,034 - INFO - run_composites.py:61 - Skip already completed: ../geojsons/compgen\compgen_202101_x09_y10.geojson [260/1449]
2025-08-28 19:44:54,034 - INFO - run_composites.py:61 - Skip already completed: ../geojsons/compgen\compgen_202101_x09_y11.geojson [261/1449]
2025-08-28 19:44:54,034 - INFO - run_composites.py:61 - Skip already completed: ../geojsons/compgen\compgen_202101_x09_y12.geojson [262/1449]
2025-08-28 19:44:54,034 - INFO - run_composites.py:61 - Skip already completed: ../geojsons/compgen\compgen_202101_x10_y07.geojson [263/1449]
2025-08-28 19:44:54,034 - INFO - run_composites.py:61 - Skip already completed: ../geojsons/compgen\compgen_202101_x10_y08.geojson [264/1449]
2025-08-28 19:44:54,034 - INFO - run_composites.py:61 - Skip already completed: ../geojsons/compgen\compgen_202101_x10_y09.geojson [265/1449]
2025-08-28 19:44:54,034 - INFO - run_composites.py:61 - Skip already completed: ../geojsons/compgen\compgen_202101_x10_y10.geojson [266/1449]
2025-08-28 19:44:54,034 - INFO - run_composites.py:61 - Skip already completed: ../geojsons/compgen\compgen_202101_x10_y11.geojson [267/1449]
2025-08-28 19:44:54,034 - INFO - run_composites.py:61 - Skip already completed: ../geojsons/compgen\compgen_202101_x11_y08.geojson [268/1449]
2025-08-28 19:44:54,034 - INFO - run_composites.py:61 - Skip already completed: ../geojsons/compgen\compgen_202101_x11_y10.geojson [269/1449]
2025-08-28 19:44:54,034 - INFO - run_composites.py:61 - Skip already completed: ../geojsons/compgen\compgen_202101_x11_y11.geojson [270/1449]
2025-08-28 19:44:54,034 - INFO - run_composites.py:61 - Skip already completed: ../geojsons/compgen\compgen_202101_x11_y12.geojson [271/1449]
2025-08-28 19:44:54,034 - INFO - run_composites.py:61 - Skip already completed: ../geojsons/compgen\compgen_202101_x12_y11.geojson [272/1449]
2025-08-28 19:44:54,034 - INFO - run_composites.py:61 - Skip already completed: ../geojsons/compgen\compgen_202101_x12_y12.geojson [273/1449]
2025-08-28 19:44:54,034 - INFO - run_composites.py:61 - Skip already completed: ../geojsons/compgen\compgen_202102_x06_y10.geojson [274/1449]
2025-08-28 19:44:54,034 - INFO - run_composites.py:61 - Skip already completed: ../geojsons/compgen\compgen_202102_x08_y10.geojson [275/1449]
2025-08-28 19:44:54,034 - INFO - run_composites.py:61 - Skip already completed: ../geojsons/compgen\compgen_202102_x08_y11.geojson [276/1449]
2025-08-28 19:44:54,034 - INFO - run_composites.py:61 - Skip already completed: ../geojsons/compgen\compgen_202102_x08_y12.geojson [277/1449]
2025-08-28 19:44:54,034 - INFO - run_composites.py:61 - Skip already completed: ../geojsons/compgen\compgen_202102_x09_y07.geojson [278/1449]
2025-08-28 19:44:54,034 - INFO - run_composites.py:61 - Skip already completed: ../geojsons/compgen\compgen_202102_x09_y08.geojson [279/1449]
2025-08-28 19:44:54,034 - INFO - run_composites.py:61 - Skip already completed: ../geojsons/compgen\compgen_202102_x09_y09.geojson [280/1449]
2025-08-28 19:44:54,035 - INFO - run_composites.py:61 - Skip already completed: ../geojsons/compgen\compgen_202102_x09_y10.geojson [281/1449]
2025-08-28 19:44:54,035 - INFO - run_composites.py:61 - Skip already completed: ../geojsons/compgen\compgen_202102_x09_y11.geojson [282/1449]
2025-08-28 19:44:54,035 - INFO - run_composites.py:61 - Skip already completed: ../geojsons/compgen\compgen_202102_x09_y12.geojson [283/1449]
2025-08-28 19:44:54,035 - INFO - run_composites.py:61 - Skip already completed: ../geojsons/compgen\compgen_202102_x10_y07.geojson [284/1449]
2025-08-28 19:44:54,035 - INFO - run_composites.py:61 - Skip already completed: ../geojsons/compgen\compgen_202102_x10_y08.geojson [285/1449]
2025-08-28 19:44:54,035 - INFO - run_composites.py:61 - Skip already completed: ../geojsons/compgen\compgen_202102_x10_y09.geojson [286/1449]
2025-08-28 19:44:54,035 - INFO - run_composites.py:61 - Skip already completed: ../geojsons/compgen\compgen_202102_x10_y10.geojson [287/1449]
2025-08-28 19:44:54,035 - INFO - run_composites.py:61 - Skip already completed: ../geojsons/compgen\compgen_202102_x10_y11.geojson [288/1449]
2025-08-28 19:44:54,035 - INFO - run_composites.py:61 - Skip already completed: ../geojsons/compgen\compgen_202102_x11_y08.geojson [289/1449]
2025-08-28 19:44:54,035 - INFO - run_composites.py:61 - Skip already completed: ../geojsons/compgen\compgen_202102_x11_y10.geojson [290/1449]
2025-08-28 19:44:54,035 - INFO - run_composites.py:61 - Skip already completed: ../geojsons/compgen\compgen_202102_x11_y11.geojson [291/1449]
2025-08-28 19:44:54,035 - INFO - run_composites.py:61 - Skip already completed: ../geojsons/compgen\compgen_202102_x11_y12.geojson [292/1449]
2025-08-28 19:44:54,035 - INFO - run_composites.py:61 - Skip already completed: ../geojsons/compgen\compgen_202102_x12_y11.geojson [293/1449]
2025-08-28 19:44:54,035 - INFO - run_composites.py:61 - Skip already completed: ../geojsons/compgen\compgen_202102_x12_y12.geojson [294/1449]
2025-08-28 19:44:54,035 - INFO - run_composites.py:61 - Skip already completed: ../geojsons/compgen\compgen_202103_x06_y10.geojson [295/1449]
2025-08-28 19:44:54,035 - INFO - run_composites.py:61 - Skip already completed: ../geojsons/compgen\compgen_202103_x08_y10.geojson [296/1449]
2025-08-28 19:44:54,035 - INFO - run_composites.py:61 - Skip already completed: ../geojsons/compgen\compgen_202103_x08_y11.geojson [297/1449]
2025-08-28 19:44:54,035 - INFO - run_composites.py:61 - Skip already completed: ../geojsons/compgen\compgen_202103_x08_y12.geojson [298/1449]
2025-08-28 19:44:54,035 - INFO - run_composites.py:61 - Skip already completed: ../geojsons/compgen\compgen_202103_x09_y07.geojson [299/1449]
2025-08-28 19:44:54,035 - INFO - run_composites.py:61 - Skip already completed: ../geojsons/compgen\compgen_202103_x09_y08.geojson [300/1449]
2025-08-28 19:44:54,035 - INFO - run_composites.py:61 - Skip already completed: ../geojsons/compgen\compgen_202103_x09_y09.geojson [301/1449]
2025-08-28 19:44:54,035 - INFO - run_composites.py:61 - Skip already completed: ../geojsons/compgen\compgen_202103_x09_y10.geojson [302/1449]
2025-08-28 19:44:54,035 - INFO - run_composites.py:61 - Skip already completed: ../geojsons/compgen\compgen_202103_x09_y11.geojson [303/1449]
2025-08-28 19:44:54,035 - INFO - run_composites.py:61 - Skip already completed: ../geojsons/compgen\compgen_202103_x09_y12.geojson [304/1449]
2025-08-28 19:44:54,035 - INFO - run_composites.py:61 - Skip already completed: ../geojsons/compgen\compgen_202103_x10_y07.geojson [305/1449]
2025-08-28 19:44:54,036 - INFO - run_composites.py:61 - Skip already completed: ../geojsons/compgen\compgen_202103_x10_y08.geojson [306/1449]
2025-08-28 19:44:54,036 - INFO - run_composites.py:61 - Skip already completed: ../geojsons/compgen\compgen_202103_x10_y09.geojson [307/1449]
2025-08-28 19:44:54,036 - INFO - run_composites.py:61 - Skip already completed: ../geojsons/compgen\compgen_202103_x10_y10.geojson [308/1449]
2025-08-28 19:44:54,036 - INFO - run_composites.py:61 - Skip already completed: ../geojsons/compgen\compgen_202103_x10_y11.geojson [309/1449]
2025-08-28 19:44:54,036 - INFO - run_composites.py:61 - Skip already completed: ../geojsons/compgen\compgen_202103_x11_y08.geojson [310/1449]
2025-08-28 19:44:54,036 - INFO - run_composites.py:61 - Skip already completed: ../geojsons/compgen\compgen_202103_x11_y10.geojson [311/1449]
2025-08-28 19:44:54,036 - INFO - run_composites.py:61 - Skip already completed: ../geojsons/compgen\compgen_202103_x11_y11.geojson [312/1449]
2025-08-28 19:44:54,036 - INFO - run_composites.py:61 - Skip already completed: ../geojsons/compgen\compgen_202103_x11_y12.geojson [313/1449]
2025-08-28 19:44:54,036 - INFO - run_composites.py:61 - Skip already completed: ../geojsons/compgen\compgen_202103_x12_y11.geojson [314/1449]
2025-08-28 19:44:54,036 - INFO - run_composites.py:61 - Skip already completed: ../geojsons/compgen\compgen_202103_x12_y12.geojson [315/1449]
2025-08-28 19:44:54,036 - INFO - run_composites.py:61 - Skip already completed: ../geojsons/compgen\compgen_202104_x06_y10.geojson [316/1449]
2025-08-28 19:44:54,036 - INFO - run_composites.py:61 - Skip already completed: ../geojsons/compgen\compgen_202104_x08_y10.geojson [317/1449]
2025-08-28 19:44:54,036 - INFO - run_composites.py:61 - Skip already completed: ../geojsons/compgen\compgen_202104_x08_y11.geojson [318/1449]
2025-08-28 19:44:54,036 - INFO - run_composites.py:61 - Skip already completed: ../geojsons/compgen\compgen_202104_x08_y12.geojson [319/1449]
2025-08-28 19:44:54,036 - INFO - run_composites.py:61 - Skip already completed: ../geojsons/compgen\compgen_202104_x09_y07.geojson [320/1449]
2025-08-28 19:44:54,036 - INFO - run_composites.py:61 - Skip already completed: ../geojsons/compgen\compgen_202104_x09_y08.geojson [321/1449]
2025-08-28 19:44:54,036 - INFO - run_composites.py:61 - Skip already completed: ../geojsons/compgen\compgen_202104_x09_y09.geojson [322/1449]
2025-08-28 19:44:54,036 - INFO - run_composites.py:61 - Skip already completed: ../geojsons/compgen\compgen_202104_x09_y10.geojson [323/1449]
2025-08-28 19:44:54,036 - INFO - run_composites.py:61 - Skip already completed: ../geojsons/compgen\compgen_202104_x09_y11.geojson [324/1449]
2025-08-28 19:44:54,036 - INFO - run_composites.py:61 - Skip already completed: ../geojsons/compgen\compgen_202104_x09_y12.geojson [325/1449]
2025-08-28 19:44:54,036 - INFO - run_composites.py:61 - Skip already completed: ../geojsons/compgen\compgen_202104_x10_y07.geojson [326/1449]
2025-08-28 19:44:54,036 - INFO - run_composites.py:61 - Skip already completed: ../geojsons/compgen\compgen_202104_x10_y08.geojson [327/1449]
2025-08-28 19:44:54,036 - INFO - run_composites.py:61 - Skip already completed: ../geojsons/compgen\compgen_202104_x10_y09.geojson [328/1449]
2025-08-28 19:44:54,036 - INFO - run_composites.py:61 - Skip already completed: ../geojsons/compgen\compgen_202104_x10_y10.geojson [329/1449]
2025-08-28 19:44:54,036 - INFO - run_composites.py:61 - Skip already completed: ../geojsons/compgen\compgen_202104_x10_y11.geojson [330/1449]
2025-08-28 19:44:54,036 - INFO - run_composites.py:61 - Skip already completed: ../geojsons/compgen\compgen_202104_x11_y08.geojson [331/1449]
2025-08-28 19:44:54,036 - INFO - run_composites.py:61 - Skip already completed: ../geojsons/compgen\compgen_202104_x11_y10.geojson [332/1449]
2025-08-28 19:44:54,036 - INFO - run_composites.py:61 - Skip already completed: ../geojsons/compgen\compgen_202104_x11_y11.geojson [333/1449]
2025-08-28 19:44:54,036 - INFO - run_composites.py:61 - Skip already completed: ../geojsons/compgen\compgen_202104_x11_y12.geojson [334/1449]
2025-08-28 19:44:54,036 - INFO - run_composites.py:61 - Skip already completed: ../geojsons/compgen\compgen_202104_x12_y11.geojson [335/1449]
2025-08-28 19:44:54,037 - INFO - run_composites.py:61 - Skip already completed: ../geojsons/compgen\compgen_202104_x12_y12.geojson [336/1449]
2025-08-28 19:44:54,037 - INFO - run_composites.py:61 - Skip already completed: ../geojsons/compgen\compgen_202105_x06_y10.geojson [337/1449]
2025-08-28 19:44:54,037 - INFO - run_composites.py:61 - Skip already completed: ../geojsons/compgen\compgen_202105_x08_y10.geojson [338/1449]
2025-08-28 19:44:54,037 - INFO - run_composites.py:61 - Skip already completed: ../geojsons/compgen\compgen_202105_x08_y11.geojson [339/1449]
2025-08-28 19:44:54,037 - INFO - run_composites.py:61 - Skip already completed: ../geojsons/compgen\compgen_202105_x08_y12.geojson [340/1449]
2025-08-28 19:44:54,037 - INFO - run_composites.py:61 - Skip already completed: ../geojsons/compgen\compgen_202105_x09_y07.geojson [341/1449]
2025-08-28 19:44:54,037 - INFO - run_composites.py:61 - Skip already completed: ../geojsons/compgen\compgen_202105_x09_y08.geojson [342/1449]
2025-08-28 19:44:54,037 - INFO - run_composites.py:61 - Skip already completed: ../geojsons/compgen\compgen_202105_x09_y09.geojson [343/1449]
2025-08-28 19:44:54,037 - INFO - run_composites.py:61 - Skip already completed: ../geojsons/compgen\compgen_202105_x09_y10.geojson [344/1449]
2025-08-28 19:44:54,037 - INFO - run_composites.py:61 - Skip already completed: ../geojsons/compgen\compgen_202105_x09_y11.geojson [345/1449]
2025-08-28 19:44:54,037 - INFO - run_composites.py:61 - Skip already completed: ../geojsons/compgen\compgen_202105_x09_y12.geojson [346/1449]
2025-08-28 19:44:54,037 - INFO - run_composites.py:61 - Skip already completed: ../geojsons/compgen\compgen_202105_x10_y07.geojson [347/1449]
2025-08-28 19:44:54,037 - INFO - run_composites.py:61 - Skip already completed: ../geojsons/compgen\compgen_202105_x10_y08.geojson [348/1449]
2025-08-28 19:44:54,037 - INFO - run_composites.py:61 - Skip already completed: ../geojsons/compgen\compgen_202105_x10_y09.geojson [349/1449]
2025-08-28 19:44:54,037 - INFO - run_composites.py:61 - Skip already completed: ../geojsons/compgen\compgen_202105_x10_y10.geojson [350/1449]
2025-08-28 19:44:54,038 - INFO - run_composites.py:61 - Skip already completed: ../geojsons/compgen\compgen_202105_x10_y11.geojson [351/1449]
2025-08-28 19:44:54,038 - INFO - run_composites.py:61 - Skip already completed: ../geojsons/compgen\compgen_202105_x11_y08.geojson [352/1449]
2025-08-28 19:44:54,038 - INFO - run_composites.py:61 - Skip already completed: ../geojsons/compgen\compgen_202105_x11_y10.geojson [353/1449]
2025-08-28 19:44:54,038 - INFO - run_composites.py:61 - Skip already completed: ../geojsons/compgen\compgen_202105_x11_y11.geojson [354/1449]
2025-08-28 19:44:54,038 - INFO - run_composites.py:61 - Skip already completed: ../geojsons/compgen\compgen_202105_x11_y12.geojson [355/1449]
2025-08-28 19:44:54,038 - INFO - run_composites.py:61 - Skip already completed: ../geojsons/compgen\compgen_202105_x12_y11.geojson [356/1449]
2025-08-28 19:44:54,038 - INFO - run_composites.py:61 - Skip already completed: ../geojsons/compgen\compgen_202105_x12_y12.geojson [357/1449]
2025-08-28 19:44:54,038 - INFO - run_composites.py:61 - Skip already completed: ../geojsons/compgen\compgen_202106_x06_y10.geojson [358/1449]
2025-08-28 19:44:54,038 - INFO - run_composites.py:64 - [>] Launching single-shot: ../geojsons/compgen\compgen_202106_x08_y10.geojson [359/1449]
2025-08-28 19:50:36,682 - INFO - run_composites.py:74 - ✔ Processed ../geojsons/compgen\compgen_202106_x08_y10.geojson | [359 / 1449] (24.78%)
2025-08-28 19:50:36,682 - INFO - run_composites.py:64 - [>] Launching single-shot: ../geojsons/compgen\compgen_202106_x08_y11.geojson [360/1449]
2025-08-28 19:55:50,060 - INFO - run_composites.py:74 - ✔ Processed ../geojsons/compgen\compgen_202106_x08_y11.geojson | [360 / 1449] (24.84%)
2025-08-28 19:55:50,060 - INFO - run_composites.py:64 - [>] Launching single-shot: ../geojsons/compgen\compgen_202106_x08_y12.geojson [361/1449]
2025-08-28 20:03:58,846 - INFO - run_composites.py:74 - ✔ Processed ../geojsons/compgen\compgen_202106_x08_y12.geojson | [361 / 1449] (24.91%)
2025-08-28 20:03:58,846 - INFO - run_composites.py:64 - [>] Launching single-shot: ../geojsons/compgen\compgen_202106_x09_y07.geojson [362/1449]
2025-08-28 20:23:31,589 - INFO - run_composites.py:74 - ✔ Processed ../geojsons/compgen\compgen_202106_x09_y07.geojson | [362 / 1449] (24.98%)
2025-08-28 20:23:31,589 - INFO - run_composites.py:64 - [>] Launching single-shot: ../geojsons/compgen\compgen_202106_x09_y08.geojson [363/1449]
2025-08-28 20:34:45,766 - INFO - run_composites.py:74 - ✔ Processed ../geojsons/compgen\compgen_202106_x09_y08.geojson | [363 / 1449] (25.05%)
2025-08-28 20:34:45,766 - INFO - run_composites.py:64 - [>] Launching single-shot: ../geojsons/compgen\compgen_202106_x09_y09.geojson [364/1449]
2025-08-28 20:44:11,530 - INFO - run_composites.py:74 - ✔ Processed ../geojsons/compgen\compgen_202106_x09_y09.geojson | [364 / 1449] (25.12%)
2025-08-28 20:44:11,530 - INFO - run_composites.py:64 - [>] Launching single-shot: ../geojsons/compgen\compgen_202106_x09_y10.geojson [365/1449]
2025-08-28 21:02:25,628 - INFO - run_composites.py:74 - ✔ Processed ../geojsons/compgen\compgen_202106_x09_y10.geojson | [365 / 1449] (25.19%)
2025-08-28 21:02:25,628 - INFO - run_composites.py:64 - [>] Launching single-shot: ../geojsons/compgen\compgen_202106_x09_y11.geojson [366/1449]
2025-08-28 21:11:26,651 - INFO - run_composites.py:74 - ✔ Processed ../geojsons/compgen\compgen_202106_x09_y11.geojson | [366 / 1449] (25.26%)
2025-08-28 21:11:26,651 - INFO - run_composites.py:64 - [>] Launching single-shot: ../geojsons/compgen\compgen_202106_x09_y12.geojson [367/1449]
2025-08-28 21:22:00,058 - INFO - run_composites.py:74 - ✔ Processed ../geojsons/compgen\compgen_202106_x09_y12.geojson | [367 / 1449] (25.33%)
2025-08-28 21:22:00,058 - INFO - run_composites.py:64 - [>] Launching single-shot: ../geojsons/compgen\compgen_202106_x10_y07.geojson [368/1449]
2025-08-28 21:31:11,989 - INFO - run_composites.py:74 - ✔ Processed ../geojsons/compgen\compgen_202106_x10_y07.geojson | [368 / 1449] (25.4%)
2025-08-28 21:31:11,989 - INFO - run_composites.py:64 - [>] Launching single-shot: ../geojsons/compgen\compgen_202106_x10_y08.geojson [369/1449]
2025-08-28 21:48:31,757 - INFO - run_composites.py:74 - ✔ Processed ../geojsons/compgen\compgen_202106_x10_y08.geojson | [369 / 1449] (25.47%)
2025-08-28 21:48:31,757 - INFO - run_composites.py:64 - [>] Launching single-shot: ../geojsons/compgen\compgen_202106_x10_y09.geojson [370/1449]
2025-08-28 21:55:42,314 - INFO - run_composites.py:74 - ✔ Processed ../geojsons/compgen\compgen_202106_x10_y09.geojson | [370 / 1449] (25.53%)
2025-08-28 21:55:42,314 - INFO - run_composites.py:64 - [>] Launching single-shot: ../geojsons/compgen\compgen_202106_x10_y10.geojson [371/1449]
2025-08-28 22:06:41,472 - INFO - run_composites.py:74 - ✔ Processed ../geojsons/compgen\compgen_202106_x10_y10.geojson | [371 / 1449] (25.6%)
2025-08-28 22:06:41,473 - INFO - run_composites.py:64 - [>] Launching single-shot: ../geojsons/compgen\compgen_202106_x10_y11.geojson [372/1449]
2025-08-28 22:12:03,160 - INFO - run_composites.py:74 - ✔ Processed ../geojsons/compgen\compgen_202106_x10_y11.geojson | [372 / 1449] (25.67%)
2025-08-28 22:12:03,160 - INFO - run_composites.py:64 - [>] Launching single-shot: ../geojsons/compgen\compgen_202106_x11_y08.geojson [373/1449]
2025-08-28 22:32:36,505 - INFO - run_composites.py:74 - ✔ Processed ../geojsons/compgen\compgen_202106_x11_y08.geojson | [373 / 1449] (25.74%)
2025-08-28 22:32:36,505 - INFO - run_composites.py:64 - [>] Launching single-shot: ../geojsons/compgen\compgen_202106_x11_y10.geojson [374/1449]
2025-08-28 22:43:05,764 - INFO - run_composites.py:74 - ✔ Processed ../geojsons/compgen\compgen_202106_x11_y10.geojson | [374 / 1449] (25.81%)
2025-08-28 22:43:05,764 - INFO - run_composites.py:64 - [>] Launching single-shot: ../geojsons/compgen\compgen_202106_x11_y11.geojson [375/1449]
2025-08-28 22:51:27,764 - INFO - run_composites.py:74 - ✔ Processed ../geojsons/compgen\compgen_202106_x11_y11.geojson | [375 / 1449] (25.88%)
2025-08-28 22:51:27,764 - INFO - run_composites.py:64 - [>] Launching single-shot: ../geojsons/compgen\compgen_202106_x11_y12.geojson [376/1449]
2025-08-28 23:03:40,684 - INFO - run_composites.py:74 - ✔ Processed ../geojsons/compgen\compgen_202106_x11_y12.geojson | [376 / 1449] (25.95%)
2025-08-28 23:03:40,685 - INFO - run_composites.py:64 - [>] Launching single-shot: ../geojsons/compgen\compgen_202106_x12_y11.geojson [377/1449]
2025-08-28 23:11:33,009 - INFO - run_composites.py:74 - ✔ Processed ../geojsons/compgen\compgen_202106_x12_y11.geojson | [377 / 1449] (26.02%)
2025-08-28 23:11:33,009 - INFO - run_composites.py:64 - [>] Launching single-shot: ../geojsons/compgen\compgen_202106_x12_y12.geojson [378/1449]
2025-08-28 23:23:05,248 - INFO - run_composites.py:74 - ✔ Processed ../geojsons/compgen\compgen_202106_x12_y12.geojson | [378 / 1449] (26.09%)
2025-08-28 23:23:05,248 - INFO - run_composites.py:64 - [>] Launching single-shot: ../geojsons/compgen\compgen_202107_x06_y10.geojson [379/1449]
2025-08-28 23:29:02,064 - INFO - run_composites.py:74 - ✔ Processed ../geojsons/compgen\compgen_202107_x06_y10.geojson | [379 / 1449] (26.16%)
2025-08-28 23:29:02,064 - INFO - run_composites.py:64 - [>] Launching single-shot: ../geojsons/compgen\compgen_202107_x08_y10.geojson [380/1449]
2025-08-28 23:34:49,291 - INFO - run_composites.py:74 - ✔ Processed ../geojsons/compgen\compgen_202107_x08_y10.geojson | [380 / 1449] (26.22%)
2025-08-28 23:34:49,291 - INFO - run_composites.py:64 - [>] Launching single-shot: ../geojsons/compgen\compgen_202107_x08_y11.geojson [381/1449]
2025-08-28 23:40:08,043 - INFO - run_composites.py:74 - ✔ Processed ../geojsons/compgen\compgen_202107_x08_y11.geojson | [381 / 1449] (26.29%)
2025-08-28 23:40:08,043 - INFO - run_composites.py:64 - [>] Launching single-shot: ../geojsons/compgen\compgen_202107_x08_y12.geojson [382/1449]
2025-08-28 23:48:06,327 - INFO - run_composites.py:74 - ✔ Processed ../geojsons/compgen\compgen_202107_x08_y12.geojson | [382 / 1449] (26.36%)
2025-08-28 23:48:06,327 - INFO - run_composites.py:64 - [>] Launching single-shot: ../geojsons/compgen\compgen_202107_x09_y07.geojson [383/1449]
2025-08-28 23:58:40,525 - INFO - run_composites.py:74 - ✔ Processed ../geojsons/compgen\compgen_202107_x09_y07.geojson | [383 / 1449] (26.43%)
2025-08-28 23:58:40,525 - INFO - run_composites.py:64 - [>] Launching single-shot: ../geojsons/compgen\compgen_202107_x09_y08.geojson [384/1449]
