2025-08-20 10:53:52,575 - INFO - composites.py:100 - #######################################################################
2025-08-20 10:53:52,575 - INFO - composites.py:102 - Processing started
2025-08-20 10:53:52,575 - INFO - composites.py:103 -         Tile: x10_y07
2025-08-20 10:53:52,575 - INFO - composites.py:104 -         Time: 2021-12
2025-08-20 10:53:52,575 - INFO - composites.py:107 -                           
2025-08-20 10:53:52,575 - INFO - composites.py:108 - Establishing connection to datacube
2025-08-20 10:53:53,462 - INFO - composites.py:111 -                           
2025-08-20 10:53:53,462 - INFO - composites.py:112 - Sanity test: Check if dataset already exists in the datacube
2025-08-20 10:53:53,481 - INFO - composites.py:131 - The composite requested was not found and it will be computed
2025-08-20 10:53:53,481 - INFO - composites.py:134 -                                  
2025-08-20 10:53:53,481 - INFO - composites.py:135 - Initializing Dask cluster for parallelization
2025-08-20 10:53:59,688 - INFO - composites.py:159 - Dask dashboard is available at: http://127.0.0.1:8787/status
2025-08-20 10:53:59,688 - INFO - composites.py:162 - Create directories and naming conversions
2025-08-20 10:53:59,695 - INFO - composites.py:173 - Dataset location: //nas-rs.topo.auth.gr/Latomeia/DROUGHT/COMPOS/2021/12/x10_y07
2025-08-20 10:53:59,695 - INFO - composites.py:176 -                           
2025-08-20 10:53:59,695 - INFO - composites.py:177 - Retrieve tile geometry
2025-08-20 10:53:59,742 - INFO - composites.py:188 - Create the Bounding Box (φ,λ)
2025-08-20 10:53:59,744 - INFO - composites.py:194 - Create the Bounding Box (x,y)
2025-08-20 10:53:59,744 - INFO - composites.py:207 -                           
2025-08-20 10:53:59,744 - INFO - composites.py:208 - Connect to Planetary Computer STAC Catalog
2025-08-20 10:54:00,004 - INFO - composites.py:216 - Search the STAC Catalog
2025-08-20 10:54:00,072 - INFO - composites.py:228 -         Query parameters:
2025-08-20 10:54:00,072 - INFO - composites.py:229 -             url:          https://planetarycomputer.microsoft.com/api/stac/v1/search
2025-08-20 10:54:00,072 - INFO - composites.py:230 -             client:       microsoft-pc
2025-08-20 10:54:00,072 - INFO - composites.py:231 -             collection:   sentinel-2-l2a
2025-08-20 10:54:00,072 - INFO - composites.py:232 -             bbox:         (22.240590945389282, 36.432652229987454, 22.89572626511697, 36.9835162299011)
2025-08-20 10:54:00,072 - INFO - composites.py:233 -             time range:   2021-12-01T00:00:00Z/2021-12-31T23:59:59Z
2025-08-20 10:54:00,072 - INFO - composites.py:234 -             cloud cover:  0% - 70%
2025-08-20 10:54:00,072 - INFO - composites.py:235 -             nodata cover: 0% - 33%
2025-08-20 10:54:00,073 - INFO - composites.py:237 -                           
2025-08-20 10:54:00,073 - INFO - composites.py:238 - Searching...
2025-08-20 10:54:00,807 - INFO - composites.py:241 - Query found 33 items
2025-08-20 10:54:00,807 - INFO - composites.py:243 - Searching for GRI REFINED scenes:
2025-08-20 10:54:08,054 - INFO - sentinel2.py:78 - 1/33 - S2A_MSIL2A_20211231T091401_R050_T34SFG_20230127T130707 -> REFINED
2025-08-20 10:54:14,905 - INFO - sentinel2.py:78 - 2/33 - S2A_MSIL2A_20211231T091401_R050_T34SFG_20220101T094050 -> REFINED
2025-08-20 10:54:22,338 - INFO - sentinel2.py:78 - 3/33 - S2A_MSIL2A_20211231T091401_R050_T34SFF_20230127T132622 -> REFINED
2025-08-20 10:54:29,961 - INFO - sentinel2.py:78 - 4/33 - S2A_MSIL2A_20211231T091401_R050_T34SFF_20220101T082413 -> REFINED
2025-08-20 10:54:35,996 - INFO - sentinel2.py:78 - 5/33 - S2B_MSIL2A_20211226T091309_R050_T34SFG_20230128T114938 -> REFINED
2025-08-20 10:54:44,066 - INFO - sentinel2.py:78 - 6/33 - S2B_MSIL2A_20211226T091309_R050_T34SFG_20211226T215051 -> REFINED
2025-08-20 10:54:51,235 - INFO - sentinel2.py:78 - 7/33 - S2B_MSIL2A_20211226T091309_R050_T34SFF_20230128T035731 -> REFINED
2025-08-20 10:54:58,014 - INFO - sentinel2.py:78 - 8/33 - S2B_MSIL2A_20211226T091309_R050_T34SFF_20211226T215708 -> REFINED
2025-08-20 10:55:05,383 - INFO - sentinel2.py:78 - 9/33 - S2A_MSIL2A_20211224T092411_R093_T34SFG_20211225T005342 -> REFINED
2025-08-20 10:55:13,017 - INFO - sentinel2.py:78 - 10/33 - S2A_MSIL2A_20211224T092411_R093_T34SFF_20211225T020148 -> REFINED
2025-08-20 10:55:19,997 - INFO - sentinel2.py:78 - 11/33 - S2A_MSIL2A_20211221T091411_R050_T34SFG_20211222T075337 -> REFINED
2025-08-20 10:55:27,432 - INFO - sentinel2.py:78 - 12/33 - S2A_MSIL2A_20211221T091411_R050_T34SFF_20211222T091713 -> REFINED
2025-08-20 10:55:35,923 - INFO - sentinel2.py:78 - 13/33 - S2B_MSIL2A_20211219T092309_R093_T34SFG_20230128T220737 -> REFINED
2025-08-20 10:55:42,925 - INFO - sentinel2.py:78 - 14/33 - S2B_MSIL2A_20211219T092309_R093_T34SFG_20211219T174356 -> REFINED
2025-08-20 10:55:50,210 - INFO - sentinel2.py:78 - 15/33 - S2B_MSIL2A_20211219T092309_R093_T34SFF_20230128T203428 -> REFINED
2025-08-20 10:55:57,582 - INFO - sentinel2.py:78 - 16/33 - S2B_MSIL2A_20211219T092309_R093_T34SFF_20211219T184715 -> REFINED
2025-08-20 10:56:04,374 - INFO - sentinel2.py:78 - 17/33 - S2B_MSIL2A_20211216T091259_R050_T34SFG_20211216T230345 -> REFINED
2025-08-20 10:56:11,803 - INFO - sentinel2.py:78 - 18/33 - S2B_MSIL2A_20211216T091259_R050_T34SFF_20211216T214845 -> REFINED
2025-08-20 10:56:20,167 - INFO - sentinel2.py:78 - 19/33 - S2A_MSIL2A_20211214T092401_R093_T34SFG_20230126T063050 -> REFINED
2025-08-20 10:56:28,759 - INFO - sentinel2.py:78 - 20/33 - S2A_MSIL2A_20211214T092401_R093_T34SFG_20211214T233021 -> REFINED
2025-08-20 10:56:36,067 - INFO - sentinel2.py:78 - 21/33 - S2A_MSIL2A_20211214T092401_R093_T34SFF_20230125T184303 -> REFINED
2025-08-20 10:56:43,817 - INFO - sentinel2.py:78 - 22/33 - S2A_MSIL2A_20211214T092401_R093_T34SFF_20211215T001518 -> REFINED
2025-08-20 10:56:51,033 - INFO - sentinel2.py:78 - 23/33 - S2B_MSIL2A_20211209T092259_R093_T34SFG_20230129T155341 -> REFINED
2025-08-20 10:57:00,168 - INFO - sentinel2.py:78 - 24/33 - S2B_MSIL2A_20211209T092259_R093_T34SFG_20211209T210247 -> REFINED
2025-08-20 10:57:06,874 - INFO - sentinel2.py:78 - 25/33 - S2B_MSIL2A_20211209T092259_R093_T34SFF_20230129T085933 -> REFINED
2025-08-20 10:57:15,098 - INFO - sentinel2.py:78 - 26/33 - S2B_MSIL2A_20211209T092259_R093_T34SFF_20211209T230853 -> REFINED
2025-08-20 10:57:21,254 - INFO - sentinel2.py:78 - 27/33 - S2B_MSIL2A_20211206T091249_R050_T34SFG_20230128T195910 -> REFINED
2025-08-20 10:57:28,390 - INFO - sentinel2.py:78 - 28/33 - S2B_MSIL2A_20211206T091249_R050_T34SFG_20211207T003401 -> REFINED
2025-08-20 10:57:38,012 - INFO - sentinel2.py:78 - 29/33 - S2B_MSIL2A_20211206T091249_R050_T34SFF_20230127T175255 -> REFINED
2025-08-20 10:57:45,323 - INFO - sentinel2.py:78 - 30/33 - S2B_MSIL2A_20211206T091249_R050_T34SFF_20211206T224420 -> REFINED
2025-08-20 10:57:51,236 - INFO - sentinel2.py:78 - 31/33 - S2A_MSIL2A_20211204T092351_R093_T34SFF_20211204T220419 -> REFINED
2025-08-20 10:57:59,230 - INFO - sentinel2.py:78 - 32/33 - S2A_MSIL2A_20211201T091331_R050_T34SFG_20211201T174726 -> REFINED
2025-08-20 10:58:06,208 - INFO - sentinel2.py:78 - 33/33 - S2A_MSIL2A_20211201T091331_R050_T34SFF_20211201T181647 -> REFINED
2025-08-20 10:58:06,284 - INFO - composites.py:246 -                                  
2025-08-20 10:58:06,286 - INFO - composites.py:247 - 33/33 were refined by GRI.
2025-08-20 10:58:06,286 - INFO - composites.py:259 - Looking for up to 10 cleanest images within spatiotemporal range of each MGRS tile
2025-08-20 10:58:06,287 - INFO - composites.py:273 - Filtered cleanest scenes: Kept 20 out of 33 items. 
2025-08-20 10:58:06,287 - INFO - composites.py:274 -         Included MGRS Tiles: ['34SFF' '34SFG']
2025-08-20 10:58:06,288 - INFO - composites.py:275 -         Included EPSG codes: [32634]
2025-08-20 10:58:06,288 - INFO - composites.py:277 - Selected scenes:
2025-08-20 10:58:06,288 - INFO - composites.py:279 -         S2A_MSIL2A_20211201T091331_R050_T34SFF_20211201T181647
2025-08-20 10:58:06,289 - INFO - composites.py:279 -         S2A_MSIL2A_20211224T092411_R093_T34SFF_20211225T020148
2025-08-20 10:58:06,289 - INFO - composites.py:279 -         S2B_MSIL2A_20211219T092309_R093_T34SFF_20230128T203428
2025-08-20 10:58:06,289 - INFO - composites.py:279 -         S2B_MSIL2A_20211219T092309_R093_T34SFF_20211219T184715
2025-08-20 10:58:06,290 - INFO - composites.py:279 -         S2A_MSIL2A_20211214T092401_R093_T34SFF_20211215T001518
2025-08-20 10:58:06,291 - INFO - composites.py:279 -         S2A_MSIL2A_20211214T092401_R093_T34SFF_20230125T184303
2025-08-20 10:58:06,291 - INFO - composites.py:279 -         S2A_MSIL2A_20211221T091411_R050_T34SFF_20211222T091713
2025-08-20 10:58:06,291 - INFO - composites.py:279 -         S2B_MSIL2A_20211206T091249_R050_T34SFF_20211206T224420
2025-08-20 10:58:06,291 - INFO - composites.py:279 -         S2B_MSIL2A_20211206T091249_R050_T34SFF_20230127T175255
2025-08-20 10:58:06,291 - INFO - composites.py:279 -         S2B_MSIL2A_20211209T092259_R093_T34SFF_20211209T230853
2025-08-20 10:58:06,291 - INFO - composites.py:279 -         S2A_MSIL2A_20211201T091331_R050_T34SFG_20211201T174726
2025-08-20 10:58:06,291 - INFO - composites.py:279 -         S2A_MSIL2A_20211224T092411_R093_T34SFG_20211225T005342
2025-08-20 10:58:06,291 - INFO - composites.py:279 -         S2B_MSIL2A_20211206T091249_R050_T34SFG_20211207T003401
2025-08-20 10:58:06,291 - INFO - composites.py:279 -         S2B_MSIL2A_20211219T092309_R093_T34SFG_20211219T174356
2025-08-20 10:58:06,291 - INFO - composites.py:279 -         S2B_MSIL2A_20211219T092309_R093_T34SFG_20230128T220737
2025-08-20 10:58:06,291 - INFO - composites.py:279 -         S2A_MSIL2A_20211214T092401_R093_T34SFG_20211214T233021
2025-08-20 10:58:06,291 - INFO - composites.py:279 -         S2B_MSIL2A_20211206T091249_R050_T34SFG_20230128T195910
2025-08-20 10:58:06,291 - INFO - composites.py:279 -         S2A_MSIL2A_20211214T092401_R093_T34SFG_20230126T063050
2025-08-20 10:58:06,291 - INFO - composites.py:279 -         S2B_MSIL2A_20211216T091259_R050_T34SFG_20211216T230345
2025-08-20 10:58:06,291 - INFO - composites.py:279 -         S2A_MSIL2A_20211221T091411_R050_T34SFG_20211222T075337
2025-08-20 10:58:06,950 - INFO - sentinel2.py:154 - Matplotlib backend: Agg
2025-08-20 10:58:07,233 - INFO - sentinel2.py:224 - Write input scenes footprint overlay: //nas-rs.topo.auth.gr/Latomeia/DROUGHT/COMPOS/2021/12/x10_y07/S2L2A_medcomp_x10_y07_202112_InDataFootprint.jpeg
2025-08-20 10:58:07,526 - INFO - composites.py:293 -                                  
2025-08-20 10:58:07,526 - INFO - composites.py:294 - Downstream STAC items from Planetary Computer
2025-08-20 10:58:07,526 - INFO - timeseries_processing.py:114 -                                  
2025-08-20 10:58:07,526 - INFO - timeseries_processing.py:115 - Loading bands of diferent resolutions in EPSG:32634
2025-08-20 10:58:07,526 - INFO - timeseries_processing.py:119 -     Filtering items with native UTM EPSG:32634
2025-08-20 10:58:07,532 - INFO - timeseries_processing.py:121 -     20 Items in EPSG:32634
2025-08-20 10:58:07,533 - INFO - timeseries_processing.py:128 -                        
2025-08-20 10:58:07,533 - INFO - timeseries_processing.py:129 -     Loading parameters:
2025-08-20 10:58:07,533 - INFO - timeseries_processing.py:130 -         Bands: ['B05', 'B07', 'B8A', 'SCL']
2025-08-20 10:58:07,533 - INFO - timeseries_processing.py:131 -         Spatial resolution: 20
2025-08-20 10:58:07,533 - INFO - timeseries_processing.py:133 -         Get Assets from STAC Items
2025-08-20 10:58:07,533 - INFO - timeseries_processing.py:46 -         Initialize the STAC client
2025-08-20 10:58:08,094 - INFO - timeseries_processing.py:136 -         Loading 20 STAC Items....
2025-08-20 10:59:46,831 - INFO - timeseries_processing.py:158 -         Cube has been downloaded
2025-08-20 10:59:46,831 - INFO - timeseries_processing.py:167 -         Fix order of dimensions
2025-08-20 10:59:46,832 - INFO - timeseries_processing.py:172 -         Append bands to the band-list of EPSG:32634
2025-08-20 10:59:46,832 - INFO - timeseries_processing.py:128 -                        
2025-08-20 10:59:46,832 - INFO - timeseries_processing.py:129 -     Loading parameters:
2025-08-20 10:59:46,832 - INFO - timeseries_processing.py:130 -         Bands: ['B02', 'B03', 'B04']
2025-08-20 10:59:46,832 - INFO - timeseries_processing.py:131 -         Spatial resolution: 10
2025-08-20 10:59:46,832 - INFO - timeseries_processing.py:133 -         Get Assets from STAC Items
2025-08-20 10:59:46,833 - INFO - timeseries_processing.py:46 -         Initialize the STAC client
2025-08-20 10:59:47,377 - INFO - timeseries_processing.py:136 -         Loading 20 STAC Items....
2025-08-20 11:02:40,561 - INFO - timeseries_processing.py:158 -         Cube has been downloaded
2025-08-20 11:02:40,576 - INFO - timeseries_processing.py:161 -         Downsample 10m bands to 20m by average 2x2 binning
2025-08-20 11:02:51,588 - INFO - timeseries_processing.py:164 -         Align binned bands to native 20m bands (shape matching): method=bilinear
2025-08-20 11:03:01,251 - INFO - timeseries_processing.py:172 -         Append bands to the band-list of EPSG:32634
2025-08-20 11:03:01,251 - INFO - timeseries_processing.py:176 -                        
2025-08-20 11:03:01,251 - INFO - timeseries_processing.py:177 -     Merging bands in a single dataset
2025-08-20 11:03:01,251 - INFO - timeseries_processing.py:178 -     Ensure all partial datasets are at (x=20, y=-20) resolution
2025-08-20 11:03:01,251 - INFO - timeseries_processing.py:182 -     Clip to the intersection of indexes
2025-08-20 11:03:02,519 - INFO - timeseries_processing.py:191 -     Make a list of bands to merge
2025-08-20 11:03:02,521 - INFO - timeseries_processing.py:195 -     Merge on intersection
2025-08-20 11:03:02,522 - INFO - timeseries_processing.py:203 -     Apply masks on clouds, shadows, thin cirrus, and snow/ice
2025-08-20 11:03:02,522 - INFO - sentinel2.py:122 -                Masking bits: [3, 7, 8, 9, 10, 11]
2025-08-20 11:03:03,671 - INFO - timeseries_processing.py:209 -     Reproject to Tiling Schema projection EPSG:3035
2025-08-20 11:03:15,340 - INFO - composites.py:303 - Clip and align to tile geometry
2025-08-20 11:03:19,032 - INFO - composites.py:336 - Creating preview plot of input scenes
2025-08-20 11:03:57,021 - INFO - timeseries_processing.py:367 - Saved preview for 'B04' to //nas-rs.topo.auth.gr/Latomeia/DROUGHT/COMPOS/2021/12/x10_y07/S2L2A_medcomp_x10_y07_202112_InDataPreview.jpeg
2025-08-20 11:03:57,035 - INFO - composites.py:342 - Clip value range
2025-08-20 11:03:59,087 - INFO - composites.py:347 -                           
2025-08-20 11:03:59,100 - INFO - composites.py:348 - Computing spectral indices:
2025-08-20 11:03:59,107 - INFO - composites.py:351 -     EVI...
2025-08-20 11:04:00,337 - INFO - composites.py:353 -     NDVI...
2025-08-20 11:04:00,612 - INFO - composites.py:355 -     PSRI2...
2025-08-20 11:04:01,114 - INFO - composites.py:358 - Clip to typical value range
2025-08-20 11:04:01,584 - INFO - composites.py:365 - Reducing to median value temporal composite
2025-08-20 11:04:36,741 - INFO - composites.py:384 - Define data types and nodata per band
2025-08-20 11:04:36,899 - INFO - composites.py:405 - Assign time range and tile ID in metadata
2025-08-20 11:04:36,900 - INFO - composites.py:413 - Write bands to raster COG files
2025-08-20 11:04:41,965 - INFO - composites.py:426 - Write B02 -> //nas-rs.topo.auth.gr/Latomeia/DROUGHT/COMPOS/2021/12/x10_y07/S2L2A_medcomp_x10_y07_202112_B02.tif
2025-08-20 11:04:47,373 - INFO - composites.py:426 - Write B03 -> //nas-rs.topo.auth.gr/Latomeia/DROUGHT/COMPOS/2021/12/x10_y07/S2L2A_medcomp_x10_y07_202112_B03.tif
2025-08-20 11:04:52,381 - INFO - composites.py:426 - Write B04 -> //nas-rs.topo.auth.gr/Latomeia/DROUGHT/COMPOS/2021/12/x10_y07/S2L2A_medcomp_x10_y07_202112_B04.tif
2025-08-20 11:04:57,643 - INFO - composites.py:426 - Write B05 -> //nas-rs.topo.auth.gr/Latomeia/DROUGHT/COMPOS/2021/12/x10_y07/S2L2A_medcomp_x10_y07_202112_B05.tif
2025-08-20 11:05:03,043 - INFO - composites.py:426 - Write B07 -> //nas-rs.topo.auth.gr/Latomeia/DROUGHT/COMPOS/2021/12/x10_y07/S2L2A_medcomp_x10_y07_202112_B07.tif
2025-08-20 11:05:08,554 - INFO - composites.py:426 - Write B8A -> //nas-rs.topo.auth.gr/Latomeia/DROUGHT/COMPOS/2021/12/x10_y07/S2L2A_medcomp_x10_y07_202112_B8A.tif
2025-08-20 11:05:13,563 - INFO - composites.py:426 - Write EVI -> //nas-rs.topo.auth.gr/Latomeia/DROUGHT/COMPOS/2021/12/x10_y07/S2L2A_medcomp_x10_y07_202112_evi.tif
2025-08-20 11:05:18,496 - INFO - composites.py:426 - Write NDVI -> //nas-rs.topo.auth.gr/Latomeia/DROUGHT/COMPOS/2021/12/x10_y07/S2L2A_medcomp_x10_y07_202112_ndvi.tif
2025-08-20 11:05:23,823 - INFO - composites.py:426 - Write PSRI2 -> //nas-rs.topo.auth.gr/Latomeia/DROUGHT/COMPOS/2021/12/x10_y07/S2L2A_medcomp_x10_y07_202112_psri2.tif
2025-08-20 11:05:23,843 - INFO - composites.py:430 - Prepare metadata YAML document
2025-08-20 11:05:24,612 - INFO - composites.py:451 - Write metadata YAML document to disk
2025-08-20 11:05:24,680 - INFO - composites.py:456 - Create datacube.model.Dataset from eo3 metadata
2025-08-20 11:05:24,692 - INFO - composites.py:467 - Index to datacube
2025-08-20 11:05:24,692 - INFO - _datasets.py:191 - Indexing 8b4497d8-94f5-41d3-85ef-8f7f4085e1b3
2025-08-20 11:05:24,716 - INFO - composites.py:470 - 
2025-08-20 11:05:24,717 - INFO - composites.py:471 -              ✔✔✔ COMPLETED: Tile x10_y07 | Time: 2021-12 | In 11.54 minutes
2025-08-20 11:05:24,717 - INFO - composites.py:472 - 
2025-08-20 11:05:24,717 - INFO - composites.py:480 - Closing Dask client
2025-08-20 11:05:24,719 - INFO - composites.py:484 - Closing Dask cluster
2025-08-20 11:05:24,719 - INFO - composites.py:485 - #######################################################################
