2025-08-26 09:14:55,536 - INFO - composites.py:102 - #######################################################################
2025-08-26 09:14:55,536 - INFO - composites.py:104 - Processing started
2025-08-26 09:14:55,536 - INFO - composites.py:105 -         Tile: x10_y08
2025-08-26 09:14:55,537 - INFO - composites.py:106 -         Time: 2020-06
2025-08-26 09:14:55,537 - INFO - composites.py:109 -                           
2025-08-26 09:14:55,537 - INFO - composites.py:110 - Establishing connection to datacube
2025-08-26 09:14:56,206 - INFO - composites.py:113 -                           
2025-08-26 09:14:56,207 - INFO - composites.py:114 - Sanity test: Check if dataset already exists in the datacube
2025-08-26 09:14:56,225 - INFO - composites.py:133 - The composite requested was not found and it will be computed
2025-08-26 09:14:56,225 - INFO - composites.py:136 -                                  
2025-08-26 09:14:56,225 - INFO - composites.py:137 - Initializing Dask cluster for parallelization
2025-08-26 09:15:01,525 - INFO - composites.py:161 - Dask dashboard is available at: http://127.0.0.1:8787/status
2025-08-26 09:15:01,525 - INFO - composites.py:164 - Create directories and naming conversions
2025-08-26 09:15:01,538 - INFO - composites.py:177 - Dataset location: //nas-rs.topo.auth.gr/Latomeia/DROUGHT/composites/x10/y08/2020/06/01
2025-08-26 09:15:01,538 - INFO - composites.py:180 -                           
2025-08-26 09:15:01,538 - INFO - composites.py:181 - Retrieve tile geometry
2025-08-26 09:15:01,577 - INFO - composites.py:192 - Create the Bounding Box (φ,λ)
2025-08-26 09:15:01,578 - INFO - composites.py:198 - Create the Bounding Box (x,y)
2025-08-26 09:15:01,578 - INFO - composites.py:211 -                           
2025-08-26 09:15:01,578 - INFO - composites.py:212 - Connect to Planetary Computer STAC Catalog
2025-08-26 09:15:01,809 - INFO - composites.py:220 - Search the STAC Catalog
2025-08-26 09:15:01,881 - INFO - composites.py:232 -         Query parameters:
2025-08-26 09:15:01,881 - INFO - composites.py:233 -             url:          https://planetarycomputer.microsoft.com/api/stac/v1/search
2025-08-26 09:15:01,881 - INFO - composites.py:234 -             client:       microsoft-pc
2025-08-26 09:15:01,881 - INFO - composites.py:235 -             collection:   sentinel-2-l2a
2025-08-26 09:15:01,881 - INFO - composites.py:236 -             bbox:         (22.316206507160903, 36.86212166478193, 22.975825813790852, 37.413146481379215)
2025-08-26 09:15:01,881 - INFO - composites.py:237 -             time range:   2020-06-01T00:00:00Z/2020-06-30T23:59:59Z
2025-08-26 09:15:01,881 - INFO - composites.py:238 -             cloud cover:  0% - 70%
2025-08-26 09:15:01,881 - INFO - composites.py:239 -             nodata cover: 0% - 33%
2025-08-26 09:15:01,881 - INFO - composites.py:241 -                           
2025-08-26 09:15:01,881 - INFO - composites.py:242 - Searching...
2025-08-26 09:15:02,537 - INFO - composites.py:245 - Query found 24 items
2025-08-26 09:15:02,537 - INFO - composites.py:247 - Searching for GRI REFINED scenes:
2025-08-26 09:15:08,552 - INFO - sentinel2.py:78 - 1/24 - S2A_MSIL2A_20200629T090601_R050_T34SFG_20200824T131302 -> Not Found
2025-08-26 09:15:14,540 - INFO - sentinel2.py:78 - 2/24 - S2A_MSIL2A_20200629T090601_R050_T34SFF_20200824T131300 -> Not Found
2025-08-26 09:15:20,846 - INFO - sentinel2.py:78 - 3/24 - S2B_MSIL2A_20200627T092029_R093_T34SFG_20200824T084051 -> Not Found
2025-08-26 09:15:26,749 - INFO - sentinel2.py:78 - 4/24 - S2B_MSIL2A_20200627T092029_R093_T34SFF_20200824T084049 -> Not Found
2025-08-26 09:15:32,696 - INFO - sentinel2.py:78 - 5/24 - S2B_MSIL2A_20200624T090559_R050_T34SFG_20200823T233508 -> Not Found
2025-08-26 09:15:38,841 - INFO - sentinel2.py:78 - 6/24 - S2B_MSIL2A_20200624T090559_R050_T34SFF_20200823T233509 -> Not Found
2025-08-26 09:15:44,134 - INFO - sentinel2.py:78 - 7/24 - S2A_MSIL2A_20200622T092031_R093_T34SFG_20200823T155855 -> Not Found
2025-08-26 09:15:49,397 - INFO - sentinel2.py:78 - 8/24 - S2A_MSIL2A_20200622T092031_R093_T34SFF_20200908T172943 -> Not Found
2025-08-26 09:15:55,336 - INFO - sentinel2.py:78 - 9/24 - S2A_MSIL2A_20200619T090601_R050_T34SFG_20200823T070618 -> Not Found
2025-08-26 09:16:00,753 - INFO - sentinel2.py:78 - 10/24 - S2A_MSIL2A_20200619T090601_R050_T34SFF_20200823T070619 -> Not Found
2025-08-26 09:16:06,274 - INFO - sentinel2.py:78 - 11/24 - S2B_MSIL2A_20200617T092029_R093_T34SFG_20200908T172959 -> Not Found
2025-08-26 09:16:12,213 - INFO - sentinel2.py:78 - 12/24 - S2B_MSIL2A_20200617T092029_R093_T34SFF_20200908T172943 -> Not Found
2025-08-26 09:16:17,699 - INFO - sentinel2.py:78 - 13/24 - S2B_MSIL2A_20200614T090559_R050_T34SFG_20200827T093538 -> Not Found
2025-08-26 09:16:23,561 - INFO - sentinel2.py:78 - 14/24 - S2B_MSIL2A_20200614T090559_R050_T34SFF_20200827T093541 -> Not Found
2025-08-26 09:16:29,034 - INFO - sentinel2.py:78 - 15/24 - S2A_MSIL2A_20200612T092041_R093_T34SFG_20201027T073339 -> Not Found
2025-08-26 09:16:35,018 - INFO - sentinel2.py:78 - 16/24 - S2A_MSIL2A_20200612T092041_R093_T34SFF_20200919T033151 -> Not Found
2025-08-26 09:16:42,769 - INFO - sentinel2.py:78 - 17/24 - S2A_MSIL2A_20200609T090601_R050_T34SFG_20201027T073014 -> Not Found
2025-08-26 09:16:48,098 - INFO - sentinel2.py:78 - 18/24 - S2A_MSIL2A_20200609T090601_R050_T34SFF_20200826T171252 -> Not Found
2025-08-26 09:16:53,610 - INFO - sentinel2.py:78 - 19/24 - S2B_MSIL2A_20200607T092029_R093_T34SFG_20200909T152327 -> Not Found
2025-08-26 09:16:59,316 - INFO - sentinel2.py:78 - 20/24 - S2B_MSIL2A_20200607T092029_R093_T34SFF_20200909T152324 -> Not Found
2025-08-26 09:17:04,513 - INFO - sentinel2.py:78 - 21/24 - S2B_MSIL2A_20200604T090559_R050_T34SFG_20200908T172954 -> Not Found
2025-08-26 09:17:10,046 - INFO - sentinel2.py:78 - 22/24 - S2B_MSIL2A_20200604T090559_R050_T34SFF_20200908T172942 -> Not Found
2025-08-26 09:17:16,193 - INFO - sentinel2.py:78 - 23/24 - S2A_MSIL2A_20200602T092041_R093_T34SFG_20200825T202003 -> Not Found
2025-08-26 09:17:22,215 - INFO - sentinel2.py:78 - 24/24 - S2A_MSIL2A_20200602T092041_R093_T34SFF_20200908T172941 -> Not Found
2025-08-26 09:17:22,257 - INFO - composites.py:250 -                                  
2025-08-26 09:17:22,257 - INFO - composites.py:251 - 0/24 were refined by GRI.
2025-08-26 09:17:22,257 - WARNING - composites.py:255 - Tile x10_y08 | Time: 2020-06: All scenes are flagged NOT REFINED.
2025-08-26 09:17:22,258 - WARNING - composites.py:256 - Tile x10_y08 | Time: 2020-06: The composite will be flagged with _NOREFINED.
2025-08-26 09:17:22,258 - INFO - composites.py:263 - Looking for up to 10 cleanest images within spatiotemporal range of each MGRS tile
2025-08-26 09:17:22,258 - INFO - composites.py:277 - Filtered cleanest scenes: Kept 20 out of 24 items. 
2025-08-26 09:17:22,259 - INFO - composites.py:278 -         Included MGRS Tiles: ['34SFF' '34SFG']
2025-08-26 09:17:22,259 - INFO - composites.py:279 -         Included EPSG codes: [32634]
2025-08-26 09:17:22,260 - INFO - composites.py:281 - Selected scenes:
2025-08-26 09:17:22,265 - INFO - composites.py:283 -         S2B_MSIL2A_20200614T090559_R050_T34SFF_20200827T093541
2025-08-26 09:17:22,265 - INFO - composites.py:283 -         S2A_MSIL2A_20200619T090601_R050_T34SFF_20200823T070619
2025-08-26 09:17:22,265 - INFO - composites.py:283 -         S2A_MSIL2A_20200629T090601_R050_T34SFF_20200824T131300
2025-08-26 09:17:22,266 - INFO - composites.py:283 -         S2B_MSIL2A_20200604T090559_R050_T34SFF_20200908T172942
2025-08-26 09:17:22,266 - INFO - composites.py:283 -         S2A_MSIL2A_20200609T090601_R050_T34SFF_20200826T171252
2025-08-26 09:17:22,266 - INFO - composites.py:283 -         S2B_MSIL2A_20200624T090559_R050_T34SFF_20200823T233509
2025-08-26 09:17:22,266 - INFO - composites.py:283 -         S2B_MSIL2A_20200617T092029_R093_T34SFF_20200908T172943
2025-08-26 09:17:22,266 - INFO - composites.py:283 -         S2A_MSIL2A_20200612T092041_R093_T34SFF_20200919T033151
2025-08-26 09:17:22,266 - INFO - composites.py:283 -         S2B_MSIL2A_20200607T092029_R093_T34SFF_20200909T152324
2025-08-26 09:17:22,266 - INFO - composites.py:283 -         S2B_MSIL2A_20200627T092029_R093_T34SFF_20200824T084049
2025-08-26 09:17:22,266 - INFO - composites.py:283 -         S2B_MSIL2A_20200614T090559_R050_T34SFG_20200827T093538
2025-08-26 09:17:22,266 - INFO - composites.py:283 -         S2A_MSIL2A_20200629T090601_R050_T34SFG_20200824T131302
2025-08-26 09:17:22,266 - INFO - composites.py:283 -         S2A_MSIL2A_20200609T090601_R050_T34SFG_20201027T073014
2025-08-26 09:17:22,266 - INFO - composites.py:283 -         S2A_MSIL2A_20200619T090601_R050_T34SFG_20200823T070618
2025-08-26 09:17:22,266 - INFO - composites.py:283 -         S2B_MSIL2A_20200604T090559_R050_T34SFG_20200908T172954
2025-08-26 09:17:22,266 - INFO - composites.py:283 -         S2B_MSIL2A_20200627T092029_R093_T34SFG_20200824T084051
2025-08-26 09:17:22,266 - INFO - composites.py:283 -         S2A_MSIL2A_20200612T092041_R093_T34SFG_20201027T073339
2025-08-26 09:17:22,266 - INFO - composites.py:283 -         S2B_MSIL2A_20200617T092029_R093_T34SFG_20200908T172959
2025-08-26 09:17:22,266 - INFO - composites.py:283 -         S2B_MSIL2A_20200624T090559_R050_T34SFG_20200823T233508
2025-08-26 09:17:22,266 - INFO - composites.py:283 -         S2B_MSIL2A_20200607T092029_R093_T34SFG_20200909T152327
2025-08-26 09:17:22,624 - INFO - sentinel2.py:154 - Matplotlib backend: Agg
2025-08-26 09:17:22,899 - INFO - sentinel2.py:224 - Write input scenes footprint overlay: //nas-rs.topo.auth.gr/Latomeia/DROUGHT/composites/x10/y08/2020/06/01/S2L2A_medcomp_x10y08_202006_InDataFootprint.jpeg
2025-08-26 09:17:23,164 - INFO - composites.py:297 -                                  
2025-08-26 09:17:23,164 - INFO - composites.py:298 - Downstream STAC items from Planetary Computer
2025-08-26 09:17:23,164 - INFO - timeseries_processing.py:115 -                                  
2025-08-26 09:17:23,164 - INFO - timeseries_processing.py:116 - Loading bands of diferent resolutions in EPSG:32634
2025-08-26 09:17:23,164 - INFO - timeseries_processing.py:120 -     Filtering items with native UTM EPSG:32634
2025-08-26 09:17:23,164 - INFO - timeseries_processing.py:122 -     20 Items in EPSG:32634
2025-08-26 09:17:23,164 - INFO - timeseries_processing.py:129 -                        
2025-08-26 09:17:23,164 - INFO - timeseries_processing.py:130 -     Loading parameters:
2025-08-26 09:17:23,164 - INFO - timeseries_processing.py:131 -         Bands: ['B05', 'B07', 'B8A', 'SCL']
2025-08-26 09:17:23,164 - INFO - timeseries_processing.py:132 -         Spatial resolution: 20
2025-08-26 09:17:23,164 - INFO - timeseries_processing.py:134 -         Get Assets from STAC Items
2025-08-26 09:17:23,164 - INFO - timeseries_processing.py:47 -         Initialize the STAC client
2025-08-26 09:17:23,721 - INFO - timeseries_processing.py:137 -         Loading 20 STAC Items....
2025-08-26 09:18:53,387 - INFO - timeseries_processing.py:146 -         Cube has been downloaded
2025-08-26 09:18:53,387 - INFO - timeseries_processing.py:156 -         Fix order of dimensions
2025-08-26 09:18:53,388 - INFO - timeseries_processing.py:161 -         Append bands to the band-list of EPSG:32634
2025-08-26 09:18:53,388 - INFO - timeseries_processing.py:129 -                        
2025-08-26 09:18:53,391 - INFO - timeseries_processing.py:130 -     Loading parameters:
2025-08-26 09:18:53,391 - INFO - timeseries_processing.py:131 -         Bands: ['B02', 'B03', 'B04']
2025-08-26 09:18:53,391 - INFO - timeseries_processing.py:132 -         Spatial resolution: 10
2025-08-26 09:18:53,391 - INFO - timeseries_processing.py:134 -         Get Assets from STAC Items
2025-08-26 09:18:53,392 - INFO - timeseries_processing.py:47 -         Initialize the STAC client
2025-08-26 09:18:53,984 - INFO - timeseries_processing.py:137 -         Loading 20 STAC Items....
2025-08-26 09:23:09,582 - INFO - timeseries_processing.py:146 -         Cube has been downloaded
2025-08-26 09:23:09,582 - INFO - timeseries_processing.py:149 -         Reproject to downsample 10m bands to 20m by Resampling.average 2x2 binning and shape matching with odc.geo.GeoBox
2025-08-26 09:23:25,245 - INFO - timeseries_processing.py:161 -         Append bands to the band-list of EPSG:32634
2025-08-26 09:23:25,245 - INFO - timeseries_processing.py:165 -                        
2025-08-26 09:23:25,245 - INFO - timeseries_processing.py:166 -     Merging bands in a single dataset
2025-08-26 09:23:25,245 - INFO - timeseries_processing.py:167 -     Ensure all partial datasets are at (x=20, y=-20) resolution
2025-08-26 09:23:25,247 - INFO - timeseries_processing.py:171 -     Clip to the intersection of indexes
2025-08-26 09:23:26,270 - INFO - timeseries_processing.py:180 -     Make a list of bands to merge
2025-08-26 09:23:26,271 - INFO - timeseries_processing.py:184 -     Merge on intersection
2025-08-26 09:23:26,272 - INFO - timeseries_processing.py:192 -     Apply masks on clouds, shadows, thin cirrus, and snow/ice
2025-08-26 09:23:26,272 - INFO - sentinel2.py:122 -                Masking bits: [3, 7, 8, 9, 10, 11]
2025-08-26 09:23:27,601 - INFO - composites.py:307 - Reproject from UTM Zone to Tile geometry -> CRS(EPSG:32634), Resampling.bilinear
2025-08-26 09:23:34,594 - INFO - composites.py:310 -     New shape of datasets: Shape2d(x=2400, y=2400)
2025-08-26 09:23:35,653 - INFO - composites.py:342 - Creating preview plot of input scenes
2025-08-26 09:24:09,193 - INFO - timeseries_processing.py:349 - Saved preview for 'B04' to //nas-rs.topo.auth.gr/Latomeia/DROUGHT/composites/x10/y08/2020/06/01/S2L2A_medcomp_x10y08_202006_InDataPreview.jpeg
2025-08-26 09:24:09,201 - INFO - composites.py:348 - Clip value range
2025-08-26 09:24:11,269 - INFO - composites.py:353 -                           
2025-08-26 09:24:11,269 - INFO - composites.py:354 - Computing spectral indices:
2025-08-26 09:24:11,269 - INFO - composites.py:357 -     EVI...
2025-08-26 09:24:12,503 - INFO - composites.py:359 -     NDVI...
2025-08-26 09:24:12,938 - INFO - composites.py:361 -     PSRI2...
2025-08-26 09:24:13,214 - INFO - composites.py:364 - Clip to typical value range
2025-08-26 09:24:13,599 - INFO - composites.py:371 - Reducing to median value temporal composite
2025-08-26 09:24:48,160 - INFO - composites.py:390 - Scale and Define data types & nodata per band
2025-08-26 09:24:48,313 - INFO - composites.py:411 - Assign time range and tile ID in metadata
2025-08-26 09:24:48,313 - INFO - composites.py:419 - Write bands to raster COG files
2025-08-26 09:24:52,361 - INFO - composites.py:432 - Write B02 -> //nas-rs.topo.auth.gr/Latomeia/DROUGHT/composites/x10/y08/2020/06/01/S2L2A_medcomp_x10y08_202006_B02.tif
2025-08-26 09:24:56,347 - INFO - composites.py:432 - Write B03 -> //nas-rs.topo.auth.gr/Latomeia/DROUGHT/composites/x10/y08/2020/06/01/S2L2A_medcomp_x10y08_202006_B03.tif
2025-08-26 09:25:00,303 - INFO - composites.py:432 - Write B04 -> //nas-rs.topo.auth.gr/Latomeia/DROUGHT/composites/x10/y08/2020/06/01/S2L2A_medcomp_x10y08_202006_B04.tif
2025-08-26 09:25:04,256 - INFO - composites.py:432 - Write B05 -> //nas-rs.topo.auth.gr/Latomeia/DROUGHT/composites/x10/y08/2020/06/01/S2L2A_medcomp_x10y08_202006_B05.tif
2025-08-26 09:25:08,412 - INFO - composites.py:432 - Write B07 -> //nas-rs.topo.auth.gr/Latomeia/DROUGHT/composites/x10/y08/2020/06/01/S2L2A_medcomp_x10y08_202006_B07.tif
2025-08-26 09:25:12,644 - INFO - composites.py:432 - Write B8A -> //nas-rs.topo.auth.gr/Latomeia/DROUGHT/composites/x10/y08/2020/06/01/S2L2A_medcomp_x10y08_202006_B8A.tif
2025-08-26 09:25:16,539 - INFO - composites.py:432 - Write EVI -> //nas-rs.topo.auth.gr/Latomeia/DROUGHT/composites/x10/y08/2020/06/01/S2L2A_medcomp_x10y08_202006_EVI.tif
2025-08-26 09:25:20,709 - INFO - composites.py:432 - Write NDVI -> //nas-rs.topo.auth.gr/Latomeia/DROUGHT/composites/x10/y08/2020/06/01/S2L2A_medcomp_x10y08_202006_NDVI.tif
2025-08-26 09:25:24,572 - INFO - composites.py:432 - Write PSRI2 -> //nas-rs.topo.auth.gr/Latomeia/DROUGHT/composites/x10/y08/2020/06/01/S2L2A_medcomp_x10y08_202006_PSRI2.tif
2025-08-26 09:25:24,590 - INFO - composites.py:436 - Prepare metadata YAML document
2025-08-26 09:25:25,115 - INFO - composites.py:458 - Write metadata YAML document to disk
2025-08-26 09:25:25,144 - INFO - composites.py:463 - Create datacube.model.Dataset from eo3 metadata
2025-08-26 09:25:25,156 - INFO - composites.py:474 - Index to datacube
2025-08-26 09:25:25,157 - INFO - _datasets.py:191 - Indexing 6315cbe6-53e7-4fa3-be96-8a250ac5206f
2025-08-26 09:25:25,165 - INFO - composites.py:477 - 
2025-08-26 09:25:25,165 - INFO - composites.py:478 -              ✔✔✔ COMPLETED: Tile x10_y08 | Time: 2020-06 | In 10.49 minutes
2025-08-26 09:25:25,165 - INFO - composites.py:479 - 
2025-08-26 09:25:25,165 - INFO - composites.py:487 - Closing Dask client
2025-08-26 09:25:25,166 - INFO - composites.py:491 - Closing Dask cluster
2025-08-26 09:25:25,166 - INFO - composites.py:492 - #######################################################################
