2025-08-20 09:26:19,923 - INFO - composites.py:100 - #######################################################################
2025-08-20 09:26:19,923 - INFO - composites.py:102 - Processing started
2025-08-20 09:26:19,923 - INFO - composites.py:103 -         Tile: x09_y07
2025-08-20 09:26:19,923 - INFO - composites.py:104 -         Time: 2021-12
2025-08-20 09:26:19,923 - INFO - composites.py:107 -                           
2025-08-20 09:26:19,923 - INFO - composites.py:108 - Establishing connection to datacube
2025-08-20 09:26:20,627 - INFO - composites.py:111 -                           
2025-08-20 09:26:20,627 - INFO - composites.py:112 - Sanity test: Check if dataset already exists in the datacube
2025-08-20 09:26:20,648 - INFO - composites.py:131 - The composite requested was not found and it will be computed
2025-08-20 09:26:20,648 - INFO - composites.py:134 -                                  
2025-08-20 09:26:20,648 - INFO - composites.py:135 - Initializing Dask cluster for parallelization
2025-08-20 09:26:26,352 - INFO - composites.py:159 - Dask dashboard is available at: http://127.0.0.1:8787/status
2025-08-20 09:26:26,352 - INFO - composites.py:162 - Create directories and naming conversions
2025-08-20 09:26:26,359 - INFO - composites.py:173 - Dataset location: //nas-rs.topo.auth.gr/Latomeia/DROUGHT/COMPOS/2021/12/x09_y07
2025-08-20 09:26:26,359 - INFO - composites.py:176 -                           
2025-08-20 09:26:26,359 - INFO - composites.py:177 - Retrieve tile geometry
2025-08-20 09:26:26,395 - INFO - composites.py:188 - Create the Bounding Box (φ,λ)
2025-08-20 09:26:26,395 - INFO - composites.py:194 - Create the Bounding Box (x,y)
2025-08-20 09:26:26,395 - INFO - composites.py:207 -                           
2025-08-20 09:26:26,395 - INFO - composites.py:208 - Connect to Planetary Computer STAC Catalog
2025-08-20 09:26:26,662 - INFO - composites.py:216 - Search the STAC Catalog
2025-08-20 09:26:26,738 - INFO - composites.py:228 -         Query parameters:
2025-08-20 09:26:26,738 - INFO - composites.py:229 -             url:          https://planetarycomputer.microsoft.com/api/stac/v1/search
2025-08-20 09:26:26,738 - INFO - composites.py:230 -             client:       microsoft-pc
2025-08-20 09:26:26,738 - INFO - composites.py:231 -             collection:   sentinel-2-l2a
2025-08-20 09:26:26,738 - INFO - composites.py:232 -             bbox:         (21.71333520153107, 36.50350503998516, 22.366269659639244, 37.05189725494875)
2025-08-20 09:26:26,738 - INFO - composites.py:233 -             time range:   2021-12-01T00:00:00Z/2021-12-31T23:59:59Z
2025-08-20 09:26:26,738 - INFO - composites.py:234 -             cloud cover:  0% - 70%
2025-08-20 09:26:26,738 - INFO - composites.py:235 -             nodata cover: 0% - 33%
2025-08-20 09:26:26,738 - INFO - composites.py:237 -                           
2025-08-20 09:26:26,738 - INFO - composites.py:238 - Searching...
2025-08-20 09:26:27,383 - INFO - composites.py:241 - Query found 48 items
2025-08-20 09:26:27,383 - INFO - composites.py:243 - Searching for GRI REFINED scenes:
2025-08-20 09:26:36,194 - INFO - sentinel2.py:78 - 1/48 - S2A_MSIL2A_20211231T091401_R050_T34SFG_20230127T130707 -> REFINED
2025-08-20 09:26:43,632 - INFO - sentinel2.py:78 - 2/48 - S2A_MSIL2A_20211231T091401_R050_T34SFG_20220101T094050 -> REFINED
2025-08-20 09:26:49,467 - INFO - sentinel2.py:78 - 3/48 - S2A_MSIL2A_20211231T091401_R050_T34SFF_20230127T132622 -> REFINED
2025-08-20 09:26:56,358 - INFO - sentinel2.py:78 - 4/48 - S2A_MSIL2A_20211231T091401_R050_T34SFF_20220101T082413 -> REFINED
2025-08-20 09:27:03,362 - INFO - sentinel2.py:78 - 5/48 - S2B_MSIL2A_20211226T091309_R050_T34SFG_20230128T114938 -> REFINED
2025-08-20 09:27:10,711 - INFO - sentinel2.py:78 - 6/48 - S2B_MSIL2A_20211226T091309_R050_T34SFG_20211226T215051 -> REFINED
2025-08-20 09:27:17,378 - INFO - sentinel2.py:78 - 7/48 - S2B_MSIL2A_20211226T091309_R050_T34SFF_20230128T035731 -> REFINED
2025-08-20 09:27:24,263 - INFO - sentinel2.py:78 - 8/48 - S2B_MSIL2A_20211226T091309_R050_T34SFF_20211226T215708 -> REFINED
2025-08-20 09:27:31,704 - INFO - sentinel2.py:78 - 9/48 - S2A_MSIL2A_20211224T092411_R093_T34SFG_20211225T005342 -> REFINED
2025-08-20 09:27:37,950 - INFO - sentinel2.py:78 - 10/48 - S2A_MSIL2A_20211224T092411_R093_T34SFF_20211225T020148 -> REFINED
2025-08-20 09:27:45,391 - INFO - sentinel2.py:78 - 11/48 - S2A_MSIL2A_20211224T092411_R093_T34SEG_20211225T015113 -> REFINED
2025-08-20 09:27:52,651 - INFO - sentinel2.py:78 - 12/48 - S2A_MSIL2A_20211224T092411_R093_T34SEF_20211225T015831 -> REFINED
2025-08-20 09:27:59,250 - INFO - sentinel2.py:78 - 13/48 - S2A_MSIL2A_20211221T091411_R050_T34SFG_20211222T075337 -> REFINED
2025-08-20 09:28:05,549 - INFO - sentinel2.py:78 - 14/48 - S2A_MSIL2A_20211221T091411_R050_T34SFF_20211222T091713 -> REFINED
2025-08-20 09:28:12,167 - INFO - sentinel2.py:78 - 15/48 - S2B_MSIL2A_20211219T092309_R093_T34SFG_20230128T220737 -> REFINED
2025-08-20 09:28:20,184 - INFO - sentinel2.py:78 - 16/48 - S2B_MSIL2A_20211219T092309_R093_T34SFG_20211219T174356 -> REFINED
2025-08-20 09:28:26,008 - INFO - sentinel2.py:78 - 17/48 - S2B_MSIL2A_20211219T092309_R093_T34SFF_20230128T203428 -> REFINED
2025-08-20 09:28:31,959 - INFO - sentinel2.py:78 - 18/48 - S2B_MSIL2A_20211219T092309_R093_T34SFF_20211219T184715 -> REFINED
2025-08-20 09:28:38,748 - INFO - sentinel2.py:78 - 19/48 - S2B_MSIL2A_20211219T092309_R093_T34SEG_20230128T220055 -> REFINED
2025-08-20 09:28:44,832 - INFO - sentinel2.py:78 - 20/48 - S2B_MSIL2A_20211219T092309_R093_T34SEG_20211219T184130 -> REFINED
2025-08-20 09:28:51,470 - INFO - sentinel2.py:78 - 21/48 - S2B_MSIL2A_20211219T092309_R093_T34SEF_20230128T225628 -> REFINED
2025-08-20 09:28:57,834 - INFO - sentinel2.py:78 - 22/48 - S2B_MSIL2A_20211219T092309_R093_T34SEF_20211219T193056 -> REFINED
2025-08-20 09:29:04,037 - INFO - sentinel2.py:78 - 23/48 - S2B_MSIL2A_20211216T091259_R050_T34SFG_20211216T230345 -> REFINED
2025-08-20 09:29:11,094 - INFO - sentinel2.py:78 - 24/48 - S2B_MSIL2A_20211216T091259_R050_T34SFF_20211216T214845 -> REFINED
2025-08-20 09:29:17,980 - INFO - sentinel2.py:78 - 25/48 - S2A_MSIL2A_20211214T092401_R093_T34SFG_20230126T063050 -> REFINED
2025-08-20 09:29:25,103 - INFO - sentinel2.py:78 - 26/48 - S2A_MSIL2A_20211214T092401_R093_T34SFG_20211214T233021 -> REFINED
2025-08-20 09:29:32,292 - INFO - sentinel2.py:78 - 27/48 - S2A_MSIL2A_20211214T092401_R093_T34SFF_20230125T184303 -> REFINED
2025-08-20 09:29:39,854 - INFO - sentinel2.py:78 - 28/48 - S2A_MSIL2A_20211214T092401_R093_T34SFF_20211215T001518 -> REFINED
2025-08-20 09:29:46,400 - INFO - sentinel2.py:78 - 29/48 - S2A_MSIL2A_20211214T092401_R093_T34SEG_20230125T160650 -> REFINED
2025-08-20 09:29:53,339 - INFO - sentinel2.py:78 - 30/48 - S2A_MSIL2A_20211214T092401_R093_T34SEG_20211214T224924 -> REFINED
2025-08-20 09:30:00,739 - INFO - sentinel2.py:78 - 31/48 - S2A_MSIL2A_20211214T092401_R093_T34SEF_20230125T181721 -> REFINED
2025-08-20 09:30:07,520 - INFO - sentinel2.py:78 - 32/48 - S2A_MSIL2A_20211214T092401_R093_T34SEF_20211214T231313 -> REFINED
2025-08-20 09:30:14,130 - INFO - sentinel2.py:78 - 33/48 - S2B_MSIL2A_20211209T092259_R093_T34SFG_20230129T155341 -> REFINED
2025-08-20 09:30:21,267 - INFO - sentinel2.py:78 - 34/48 - S2B_MSIL2A_20211209T092259_R093_T34SFG_20211209T210247 -> REFINED
2025-08-20 09:30:28,091 - INFO - sentinel2.py:78 - 35/48 - S2B_MSIL2A_20211209T092259_R093_T34SFF_20230129T085933 -> REFINED
2025-08-20 09:30:34,844 - INFO - sentinel2.py:78 - 36/48 - S2B_MSIL2A_20211209T092259_R093_T34SFF_20211209T230853 -> REFINED
2025-08-20 09:30:41,587 - INFO - sentinel2.py:78 - 37/48 - S2B_MSIL2A_20211209T092259_R093_T34SEG_20230127T165328 -> REFINED
2025-08-20 09:30:48,597 - INFO - sentinel2.py:78 - 38/48 - S2B_MSIL2A_20211209T092259_R093_T34SEG_20211209T230815 -> REFINED
2025-08-20 09:30:54,954 - INFO - sentinel2.py:78 - 39/48 - S2B_MSIL2A_20211209T092259_R093_T34SEF_20230128T172509 -> REFINED
2025-08-20 09:31:02,190 - INFO - sentinel2.py:78 - 40/48 - S2B_MSIL2A_20211209T092259_R093_T34SEF_20211209T214821 -> REFINED
2025-08-20 09:31:09,383 - INFO - sentinel2.py:78 - 41/48 - S2B_MSIL2A_20211206T091249_R050_T34SFG_20230128T195910 -> REFINED
2025-08-20 09:31:15,992 - INFO - sentinel2.py:78 - 42/48 - S2B_MSIL2A_20211206T091249_R050_T34SFG_20211207T003401 -> REFINED
2025-08-20 09:31:22,685 - INFO - sentinel2.py:78 - 43/48 - S2B_MSIL2A_20211206T091249_R050_T34SFF_20230127T175255 -> REFINED
2025-08-20 09:31:28,767 - INFO - sentinel2.py:78 - 44/48 - S2B_MSIL2A_20211206T091249_R050_T34SFF_20211206T224420 -> REFINED
2025-08-20 09:31:34,557 - INFO - sentinel2.py:78 - 45/48 - S2A_MSIL2A_20211204T092351_R093_T34SFF_20211204T220419 -> REFINED
2025-08-20 09:31:42,230 - INFO - sentinel2.py:78 - 46/48 - S2A_MSIL2A_20211204T092351_R093_T34SEF_20211204T220711 -> REFINED
2025-08-20 09:31:48,981 - INFO - sentinel2.py:78 - 47/48 - S2A_MSIL2A_20211201T091331_R050_T34SFG_20211201T174726 -> REFINED
2025-08-20 09:31:56,145 - INFO - sentinel2.py:78 - 48/48 - S2A_MSIL2A_20211201T091331_R050_T34SFF_20211201T181647 -> REFINED
2025-08-20 09:31:56,196 - INFO - composites.py:246 -                                  
2025-08-20 09:31:56,196 - INFO - composites.py:247 - 48/48 were refined by GRI.
2025-08-20 09:31:56,196 - INFO - composites.py:259 - Looking for up to 10 cleanest images within spatiotemporal range of each MGRS tile
2025-08-20 09:31:56,197 - INFO - composites.py:273 - Filtered cleanest scenes: Kept 35 out of 48 items. 
2025-08-20 09:31:56,197 - INFO - composites.py:274 -         Included MGRS Tiles: ['34SEF' '34SEG' '34SFF' '34SFG']
2025-08-20 09:31:56,197 - INFO - composites.py:275 -         Included EPSG codes: [32634]
2025-08-20 09:31:56,198 - INFO - composites.py:277 - Selected scenes:
2025-08-20 09:31:56,198 - INFO - composites.py:279 -         S2A_MSIL2A_20211224T092411_R093_T34SEF_20211225T015831
2025-08-20 09:31:56,198 - INFO - composites.py:279 -         S2B_MSIL2A_20211219T092309_R093_T34SEF_20230128T225628
2025-08-20 09:31:56,199 - INFO - composites.py:279 -         S2B_MSIL2A_20211219T092309_R093_T34SEF_20211219T193056
2025-08-20 09:31:56,199 - INFO - composites.py:279 -         S2A_MSIL2A_20211214T092401_R093_T34SEF_20211214T231313
2025-08-20 09:31:56,199 - INFO - composites.py:279 -         S2A_MSIL2A_20211214T092401_R093_T34SEF_20230125T181721
2025-08-20 09:31:56,200 - INFO - composites.py:279 -         S2B_MSIL2A_20211209T092259_R093_T34SEF_20211209T214821
2025-08-20 09:31:56,200 - INFO - composites.py:279 -         S2A_MSIL2A_20211204T092351_R093_T34SEF_20211204T220711
2025-08-20 09:31:56,200 - INFO - composites.py:279 -         S2B_MSIL2A_20211209T092259_R093_T34SEF_20230128T172509
2025-08-20 09:31:56,200 - INFO - composites.py:279 -         S2B_MSIL2A_20211219T092309_R093_T34SEG_20230128T220055
2025-08-20 09:31:56,200 - INFO - composites.py:279 -         S2B_MSIL2A_20211219T092309_R093_T34SEG_20211219T184130
2025-08-20 09:31:56,200 - INFO - composites.py:279 -         S2A_MSIL2A_20211224T092411_R093_T34SEG_20211225T015113
2025-08-20 09:31:56,200 - INFO - composites.py:279 -         S2A_MSIL2A_20211214T092401_R093_T34SEG_20211214T224924
2025-08-20 09:31:56,200 - INFO - composites.py:279 -         S2A_MSIL2A_20211214T092401_R093_T34SEG_20230125T160650
2025-08-20 09:31:56,200 - INFO - composites.py:279 -         S2B_MSIL2A_20211209T092259_R093_T34SEG_20211209T230815
2025-08-20 09:31:56,200 - INFO - composites.py:279 -         S2B_MSIL2A_20211209T092259_R093_T34SEG_20230127T165328
2025-08-20 09:31:56,200 - INFO - composites.py:279 -         S2A_MSIL2A_20211201T091331_R050_T34SFF_20211201T181647
2025-08-20 09:31:56,200 - INFO - composites.py:279 -         S2A_MSIL2A_20211224T092411_R093_T34SFF_20211225T020148
2025-08-20 09:31:56,200 - INFO - composites.py:279 -         S2B_MSIL2A_20211219T092309_R093_T34SFF_20230128T203428
2025-08-20 09:31:56,200 - INFO - composites.py:279 -         S2B_MSIL2A_20211219T092309_R093_T34SFF_20211219T184715
2025-08-20 09:31:56,200 - INFO - composites.py:279 -         S2A_MSIL2A_20211214T092401_R093_T34SFF_20211215T001518
2025-08-20 09:31:56,200 - INFO - composites.py:279 -         S2A_MSIL2A_20211214T092401_R093_T34SFF_20230125T184303
2025-08-20 09:31:56,201 - INFO - composites.py:279 -         S2A_MSIL2A_20211221T091411_R050_T34SFF_20211222T091713
2025-08-20 09:31:56,201 - INFO - composites.py:279 -         S2B_MSIL2A_20211206T091249_R050_T34SFF_20211206T224420
2025-08-20 09:31:56,201 - INFO - composites.py:279 -         S2B_MSIL2A_20211206T091249_R050_T34SFF_20230127T175255
2025-08-20 09:31:56,201 - INFO - composites.py:279 -         S2B_MSIL2A_20211209T092259_R093_T34SFF_20211209T230853
2025-08-20 09:31:56,201 - INFO - composites.py:279 -         S2A_MSIL2A_20211201T091331_R050_T34SFG_20211201T174726
2025-08-20 09:31:56,201 - INFO - composites.py:279 -         S2A_MSIL2A_20211224T092411_R093_T34SFG_20211225T005342
2025-08-20 09:31:56,201 - INFO - composites.py:279 -         S2B_MSIL2A_20211206T091249_R050_T34SFG_20211207T003401
2025-08-20 09:31:56,201 - INFO - composites.py:279 -         S2B_MSIL2A_20211219T092309_R093_T34SFG_20211219T174356
2025-08-20 09:31:56,201 - INFO - composites.py:279 -         S2B_MSIL2A_20211219T092309_R093_T34SFG_20230128T220737
2025-08-20 09:31:56,201 - INFO - composites.py:279 -         S2A_MSIL2A_20211214T092401_R093_T34SFG_20211214T233021
2025-08-20 09:31:56,201 - INFO - composites.py:279 -         S2B_MSIL2A_20211206T091249_R050_T34SFG_20230128T195910
2025-08-20 09:31:56,201 - INFO - composites.py:279 -         S2A_MSIL2A_20211214T092401_R093_T34SFG_20230126T063050
2025-08-20 09:31:56,201 - INFO - composites.py:279 -         S2B_MSIL2A_20211216T091259_R050_T34SFG_20211216T230345
2025-08-20 09:31:56,201 - INFO - composites.py:279 -         S2A_MSIL2A_20211221T091411_R050_T34SFG_20211222T075337
2025-08-20 09:31:56,845 - INFO - sentinel2.py:154 - Matplotlib backend: Agg
2025-08-20 09:31:57,147 - INFO - sentinel2.py:224 - Write input scenes footprint overlay: //nas-rs.topo.auth.gr/Latomeia/DROUGHT/COMPOS/2021/12/x09_y07/S2L2A_medcomp_x09_y07_202112_InDataFootprint.jpeg
2025-08-20 09:31:57,502 - INFO - composites.py:293 -                                  
2025-08-20 09:31:57,502 - INFO - composites.py:294 - Downstream STAC items from Planetary Computer
2025-08-20 09:31:57,502 - INFO - timeseries_processing.py:114 -                                  
2025-08-20 09:31:57,502 - INFO - timeseries_processing.py:115 - Loading bands of diferent resolutions in EPSG:32634
2025-08-20 09:31:57,502 - INFO - timeseries_processing.py:119 -     Filtering items with native UTM EPSG:32634
2025-08-20 09:31:57,502 - INFO - timeseries_processing.py:121 -     35 Items in EPSG:32634
2025-08-20 09:31:57,502 - INFO - timeseries_processing.py:128 -                        
2025-08-20 09:31:57,502 - INFO - timeseries_processing.py:129 -     Loading parameters:
2025-08-20 09:31:57,502 - INFO - timeseries_processing.py:130 -         Bands: ['B05', 'B07', 'B8A', 'SCL']
2025-08-20 09:31:57,502 - INFO - timeseries_processing.py:131 -         Spatial resolution: 20
2025-08-20 09:31:57,502 - INFO - timeseries_processing.py:133 -         Get Assets from STAC Items
2025-08-20 09:31:57,502 - INFO - timeseries_processing.py:46 -         Initialize the STAC client
2025-08-20 09:31:58,190 - INFO - timeseries_processing.py:136 -         Loading 35 STAC Items....
2025-08-20 09:33:16,731 - INFO - timeseries_processing.py:158 -         Cube has been downloaded
2025-08-20 09:33:16,731 - INFO - timeseries_processing.py:167 -         Fix order of dimensions
2025-08-20 09:33:16,733 - INFO - timeseries_processing.py:172 -         Append bands to the band-list of EPSG:32634
2025-08-20 09:33:16,733 - INFO - timeseries_processing.py:128 -                        
2025-08-20 09:33:16,735 - INFO - timeseries_processing.py:129 -     Loading parameters:
2025-08-20 09:33:16,735 - INFO - timeseries_processing.py:130 -         Bands: ['B02', 'B03', 'B04']
2025-08-20 09:33:16,735 - INFO - timeseries_processing.py:131 -         Spatial resolution: 10
2025-08-20 09:33:16,742 - INFO - timeseries_processing.py:133 -         Get Assets from STAC Items
2025-08-20 09:33:16,742 - INFO - timeseries_processing.py:46 -         Initialize the STAC client
2025-08-20 09:33:17,474 - INFO - timeseries_processing.py:136 -         Loading 35 STAC Items....
2025-08-20 09:36:59,759 - INFO - timeseries_processing.py:158 -         Cube has been downloaded
2025-08-20 09:36:59,759 - INFO - timeseries_processing.py:161 -         Downsample 10m bands to 20m by average 2x2 binning
2025-08-20 09:37:12,224 - INFO - timeseries_processing.py:164 -         Align binned bands to native 20m bands (shape matching): method=bilinear
2025-08-20 09:37:20,755 - INFO - timeseries_processing.py:172 -         Append bands to the band-list of EPSG:32634
2025-08-20 09:37:20,755 - INFO - timeseries_processing.py:176 -                        
2025-08-20 09:37:20,755 - INFO - timeseries_processing.py:177 -     Merging bands in a single dataset
2025-08-20 09:37:20,755 - INFO - timeseries_processing.py:178 -     Ensure all partial datasets are at (x=20, y=-20) resolution
2025-08-20 09:37:20,757 - INFO - timeseries_processing.py:182 -     Clip to the intersection of indexes
2025-08-20 09:37:22,153 - INFO - timeseries_processing.py:191 -     Make a list of bands to merge
2025-08-20 09:37:22,155 - INFO - timeseries_processing.py:195 -     Merge on intersection
2025-08-20 09:37:22,156 - INFO - timeseries_processing.py:203 -     Apply masks on clouds, shadows, thin cirrus, and snow/ice
2025-08-20 09:37:22,156 - INFO - sentinel2.py:122 -                Masking bits: [3, 7, 8, 9, 10, 11]
2025-08-20 09:37:23,360 - INFO - timeseries_processing.py:209 -     Reproject to Tiling Schema projection EPSG:3035
2025-08-20 09:37:35,589 - INFO - composites.py:303 - Clip and align to tile geometry
2025-08-20 09:37:39,598 - INFO - composites.py:336 - Creating preview plot of input scenes
2025-08-20 09:38:17,110 - INFO - timeseries_processing.py:367 - Saved preview for 'B04' to //nas-rs.topo.auth.gr/Latomeia/DROUGHT/COMPOS/2021/12/x09_y07/S2L2A_medcomp_x09_y07_202112_InDataPreview.jpeg
2025-08-20 09:38:17,117 - INFO - composites.py:342 - Clip value range
2025-08-20 09:38:19,076 - INFO - composites.py:347 -                           
2025-08-20 09:38:19,076 - INFO - composites.py:348 - Computing spectral indices:
2025-08-20 09:38:19,076 - INFO - composites.py:351 -     EVI...
2025-08-20 09:38:20,268 - INFO - composites.py:353 -     NDVI...
2025-08-20 09:38:20,612 - INFO - composites.py:355 -     PSRI2...
2025-08-20 09:38:21,004 - INFO - composites.py:358 - Clip to typical value range
2025-08-20 09:38:21,469 - INFO - composites.py:365 - Reducing to median value temporal composite
2025-08-20 09:38:47,912 - INFO - composites.py:384 - Define data types and nodata per band
2025-08-20 09:38:48,059 - INFO - composites.py:405 - Assign time range and tile ID in metadata
2025-08-20 09:38:48,059 - INFO - composites.py:413 - Write bands to raster COG files
2025-08-20 09:38:52,539 - INFO - composites.py:426 - Write B02 -> //nas-rs.topo.auth.gr/Latomeia/DROUGHT/COMPOS/2021/12/x09_y07/S2L2A_medcomp_x09_y07_202112_B02.tif
2025-08-20 09:38:57,154 - INFO - composites.py:426 - Write B03 -> //nas-rs.topo.auth.gr/Latomeia/DROUGHT/COMPOS/2021/12/x09_y07/S2L2A_medcomp_x09_y07_202112_B03.tif
2025-08-20 09:39:01,797 - INFO - composites.py:426 - Write B04 -> //nas-rs.topo.auth.gr/Latomeia/DROUGHT/COMPOS/2021/12/x09_y07/S2L2A_medcomp_x09_y07_202112_B04.tif
2025-08-20 09:39:06,714 - INFO - composites.py:426 - Write B05 -> //nas-rs.topo.auth.gr/Latomeia/DROUGHT/COMPOS/2021/12/x09_y07/S2L2A_medcomp_x09_y07_202112_B05.tif
2025-08-20 09:39:11,293 - INFO - composites.py:426 - Write B07 -> //nas-rs.topo.auth.gr/Latomeia/DROUGHT/COMPOS/2021/12/x09_y07/S2L2A_medcomp_x09_y07_202112_B07.tif
2025-08-20 09:39:15,941 - INFO - composites.py:426 - Write B8A -> //nas-rs.topo.auth.gr/Latomeia/DROUGHT/COMPOS/2021/12/x09_y07/S2L2A_medcomp_x09_y07_202112_B8A.tif
2025-08-20 09:39:20,527 - INFO - composites.py:426 - Write EVI -> //nas-rs.topo.auth.gr/Latomeia/DROUGHT/COMPOS/2021/12/x09_y07/S2L2A_medcomp_x09_y07_202112_evi.tif
2025-08-20 09:39:25,124 - INFO - composites.py:426 - Write NDVI -> //nas-rs.topo.auth.gr/Latomeia/DROUGHT/COMPOS/2021/12/x09_y07/S2L2A_medcomp_x09_y07_202112_ndvi.tif
2025-08-20 09:39:29,768 - INFO - composites.py:426 - Write PSRI2 -> //nas-rs.topo.auth.gr/Latomeia/DROUGHT/COMPOS/2021/12/x09_y07/S2L2A_medcomp_x09_y07_202112_psri2.tif
2025-08-20 09:39:29,785 - INFO - composites.py:430 - Prepare metadata YAML document
2025-08-20 09:39:30,563 - INFO - composites.py:451 - Write metadata YAML document to disk
2025-08-20 09:39:30,619 - INFO - composites.py:456 - Create datacube.model.Dataset from eo3 metadata
2025-08-20 09:39:30,631 - INFO - composites.py:467 - Index to datacube
2025-08-20 09:39:30,631 - INFO - _datasets.py:191 - Indexing 41c1934c-f1f9-4644-82d8-6463cbb7e6ed
2025-08-20 09:39:30,639 - INFO - composites.py:470 - 
2025-08-20 09:39:30,639 - INFO - composites.py:471 -              ✔✔✔ COMPLETED: Tile x09_y07 | Time: 2021-12 | In 13.18 minutes
2025-08-20 09:39:30,639 - INFO - composites.py:472 - 
2025-08-20 09:39:30,641 - INFO - composites.py:480 - Closing Dask client
2025-08-20 09:39:30,643 - INFO - composites.py:484 - Closing Dask cluster
2025-08-20 09:39:30,643 - INFO - composites.py:485 - #######################################################################
