2025-08-20 20:07:43,324 - INFO - composites.py:100 - #######################################################################
2025-08-20 20:07:43,325 - INFO - composites.py:102 - Processing started
2025-08-20 20:07:43,325 - INFO - composites.py:103 -         Tile: x11_y10
2025-08-20 20:07:43,325 - INFO - composites.py:104 -         Time: 2022-03
2025-08-20 20:07:43,325 - INFO - composites.py:107 -                           
2025-08-20 20:07:43,325 - INFO - composites.py:108 - Establishing connection to datacube
2025-08-20 20:07:44,026 - INFO - composites.py:111 -                           
2025-08-20 20:07:44,026 - INFO - composites.py:112 - Sanity test: Check if dataset already exists in the datacube
2025-08-20 20:07:44,045 - INFO - composites.py:131 - The composite requested was not found and it will be computed
2025-08-20 20:07:44,045 - INFO - composites.py:134 -                                  
2025-08-20 20:07:44,045 - INFO - composites.py:135 - Initializing Dask cluster for parallelization
2025-08-20 20:07:50,414 - INFO - composites.py:159 - Dask dashboard is available at: http://127.0.0.1:8787/status
2025-08-20 20:07:50,415 - INFO - composites.py:162 - Create directories and naming conversions
2025-08-20 20:07:50,421 - INFO - composites.py:173 - Dataset location: //nas-rs.topo.auth.gr/Latomeia/DROUGHT/COMPOS/2022/03/x11_y10
2025-08-20 20:07:50,421 - INFO - composites.py:176 -                           
2025-08-20 20:07:50,421 - INFO - composites.py:177 - Retrieve tile geometry
2025-08-20 20:07:50,464 - INFO - composites.py:188 - Create the Bounding Box (φ,λ)
2025-08-20 20:07:50,464 - INFO - composites.py:194 - Create the Bounding Box (x,y)
2025-08-20 20:07:50,464 - INFO - composites.py:207 -                           
2025-08-20 20:07:50,464 - INFO - composites.py:208 - Connect to Planetary Computer STAC Catalog
2025-08-20 20:07:50,723 - INFO - composites.py:216 - Search the STAC Catalog
2025-08-20 20:07:50,796 - INFO - composites.py:228 -         Query parameters:
2025-08-20 20:07:50,796 - INFO - composites.py:229 -             url:          https://planetarycomputer.microsoft.com/api/stac/v1/search
2025-08-20 20:07:50,796 - INFO - composites.py:230 -             client:       microsoft-pc
2025-08-20 20:07:50,796 - INFO - composites.py:231 -             collection:   sentinel-2-l2a
2025-08-20 20:07:50,796 - INFO - composites.py:232 -             bbox:         (23.007483815042043, 37.64471476293694, 23.678548648210302, 38.19857654764488)
2025-08-20 20:07:50,796 - INFO - composites.py:233 -             time range:   2022-03-01T00:00:00Z/2022-03-31T23:59:59Z
2025-08-20 20:07:50,796 - INFO - composites.py:234 -             cloud cover:  0% - 70%
2025-08-20 20:07:50,796 - INFO - composites.py:235 -             nodata cover: 0% - 33%
2025-08-20 20:07:50,796 - INFO - composites.py:237 -                           
2025-08-20 20:07:50,796 - INFO - composites.py:238 - Searching...
2025-08-20 20:07:51,365 - INFO - composites.py:241 - Query found 28 items
2025-08-20 20:07:51,365 - INFO - composites.py:243 - Searching for GRI REFINED scenes:
2025-08-20 20:07:56,856 - INFO - sentinel2.py:78 - 1/28 - S2B_MSIL2A_20220329T092029_R093_T34SFH_20240530T212441 -> REFINED
2025-08-20 20:08:02,362 - INFO - sentinel2.py:78 - 2/28 - S2B_MSIL2A_20220329T092029_R093_T34SFH_20220329T214509 -> REFINED
2025-08-20 20:08:08,006 - INFO - sentinel2.py:78 - 3/28 - S2B_MSIL2A_20220329T092029_R093_T34SFG_20240530T212441 -> REFINED
2025-08-20 20:08:12,772 - INFO - sentinel2.py:78 - 4/28 - S2B_MSIL2A_20220329T092029_R093_T34SFG_20220330T002138 -> REFINED
2025-08-20 20:08:18,797 - INFO - sentinel2.py:78 - 5/28 - S2B_MSIL2A_20220326T090609_R050_T35SKC_20220329T235013 -> REFINED
2025-08-20 20:08:23,211 - INFO - sentinel2.py:78 - 6/28 - S2B_MSIL2A_20220326T090609_R050_T35SKB_20220329T232452 -> REFINED
2025-08-20 20:08:28,430 - INFO - sentinel2.py:78 - 7/28 - S2B_MSIL2A_20220326T090609_R050_T34SGH_20220329T195225 -> REFINED
2025-08-20 20:08:34,117 - INFO - sentinel2.py:78 - 8/28 - S2B_MSIL2A_20220326T090609_R050_T34SGG_20220329T225558 -> REFINED
2025-08-20 20:08:39,067 - INFO - sentinel2.py:78 - 9/28 - S2B_MSIL2A_20220326T090609_R050_T34SFG_20220329T220406 -> REFINED
2025-08-20 20:08:44,235 - INFO - sentinel2.py:78 - 10/28 - S2A_MSIL2A_20220324T092031_R093_T34SFH_20240522T111837 -> REFINED
2025-08-20 20:08:48,936 - INFO - sentinel2.py:78 - 11/28 - S2A_MSIL2A_20220324T092031_R093_T34SFH_20220325T013420 -> REFINED
2025-08-20 20:08:53,525 - INFO - sentinel2.py:78 - 12/28 - S2A_MSIL2A_20220324T092031_R093_T34SFG_20240522T111837 -> REFINED
2025-08-20 20:08:58,433 - INFO - sentinel2.py:78 - 13/28 - S2A_MSIL2A_20220324T092031_R093_T34SFG_20220324T233109 -> REFINED
2025-08-20 20:09:03,667 - INFO - sentinel2.py:78 - 14/28 - S2A_MSIL2A_20220321T090651_R050_T34SFG_20240526T023651 -> REFINED
2025-08-20 20:09:08,628 - INFO - sentinel2.py:78 - 15/28 - S2A_MSIL2A_20220321T090651_R050_T34SFG_20220321T201754 -> REFINED
2025-08-20 20:09:14,408 - INFO - sentinel2.py:78 - 16/28 - S2B_MSIL2A_20220316T090659_R050_T35SKC_20220316T212159 -> REFINED
2025-08-20 20:09:19,151 - INFO - sentinel2.py:78 - 17/28 - S2B_MSIL2A_20220316T090659_R050_T35SKB_20220316T215500 -> REFINED
2025-08-20 20:09:24,958 - INFO - sentinel2.py:78 - 18/28 - S2B_MSIL2A_20220316T090659_R050_T34SGH_20220316T201308 -> REFINED
2025-08-20 20:09:29,733 - INFO - sentinel2.py:78 - 19/28 - S2B_MSIL2A_20220316T090659_R050_T34SGG_20220316T212050 -> REFINED
2025-08-20 20:09:34,387 - INFO - sentinel2.py:78 - 20/28 - S2B_MSIL2A_20220316T090659_R050_T34SFG_20220316T204225 -> REFINED
2025-08-20 20:09:40,631 - INFO - sentinel2.py:78 - 21/28 - S2A_MSIL2A_20220314T092031_R093_T34SFH_20240524T021050 -> REFINED
2025-08-20 20:09:45,932 - INFO - sentinel2.py:78 - 22/28 - S2A_MSIL2A_20220314T092031_R093_T34SFH_20220314T211815 -> REFINED
2025-08-20 20:09:51,415 - INFO - sentinel2.py:78 - 23/28 - S2A_MSIL2A_20220314T092031_R093_T34SFG_20240524T021050 -> REFINED
2025-08-20 20:09:56,871 - INFO - sentinel2.py:78 - 24/28 - S2A_MSIL2A_20220314T092031_R093_T34SFG_20220314T232941 -> REFINED
2025-08-20 20:10:02,322 - INFO - sentinel2.py:78 - 25/28 - S2A_MSIL2A_20220311T090801_R050_T35SKB_20220312T064757 -> REFINED
2025-08-20 20:10:08,255 - INFO - sentinel2.py:78 - 26/28 - S2A_MSIL2A_20220311T090801_R050_T34SGG_20220312T063453 -> REFINED
2025-08-20 20:10:13,047 - INFO - sentinel2.py:78 - 27/28 - S2A_MSIL2A_20220311T090801_R050_T34SFG_20220312T061222 -> REFINED
2025-08-20 20:10:18,782 - INFO - sentinel2.py:78 - 28/28 - S2A_MSIL2A_20220304T092031_R093_T34SFH_20220305T045557 -> REFINED
2025-08-20 20:10:18,851 - INFO - composites.py:246 -                                  
2025-08-20 20:10:18,852 - INFO - composites.py:247 - 28/28 were refined by GRI.
2025-08-20 20:10:18,852 - INFO - composites.py:259 - Looking for up to 10 cleanest images within spatiotemporal range of each MGRS tile
2025-08-20 20:10:18,853 - INFO - composites.py:273 - Filtered cleanest scenes: Kept 27 out of 28 items. 
2025-08-20 20:10:18,854 - INFO - composites.py:274 -         Included MGRS Tiles: ['34SFG' '34SFH' '34SGG' '34SGH' '35SKB' '35SKC']
2025-08-20 20:10:18,854 - INFO - composites.py:275 -         Included EPSG codes: [32634 32635]
2025-08-20 20:10:18,855 - INFO - composites.py:277 - Selected scenes:
2025-08-20 20:10:18,855 - INFO - composites.py:279 -         S2A_MSIL2A_20220324T092031_R093_T34SFG_20220324T233109
2025-08-20 20:10:18,855 - INFO - composites.py:279 -         S2A_MSIL2A_20220324T092031_R093_T34SFG_20240522T111837
2025-08-20 20:10:18,855 - INFO - composites.py:279 -         S2B_MSIL2A_20220326T090609_R050_T34SFG_20220329T220406
2025-08-20 20:10:18,855 - INFO - composites.py:279 -         S2B_MSIL2A_20220316T090659_R050_T34SFG_20220316T204225
2025-08-20 20:10:18,855 - INFO - composites.py:279 -         S2B_MSIL2A_20220329T092029_R093_T34SFG_20220330T002138
2025-08-20 20:10:18,856 - INFO - composites.py:279 -         S2B_MSIL2A_20220329T092029_R093_T34SFG_20240530T212441
2025-08-20 20:10:18,856 - INFO - composites.py:279 -         S2A_MSIL2A_20220314T092031_R093_T34SFG_20240524T021050
2025-08-20 20:10:18,856 - INFO - composites.py:279 -         S2A_MSIL2A_20220314T092031_R093_T34SFG_20220314T232941
2025-08-20 20:10:18,856 - INFO - composites.py:279 -         S2A_MSIL2A_20220321T090651_R050_T34SFG_20240526T023651
2025-08-20 20:10:18,856 - INFO - composites.py:279 -         S2A_MSIL2A_20220321T090651_R050_T34SFG_20220321T201754
2025-08-20 20:10:18,857 - INFO - composites.py:279 -         S2A_MSIL2A_20220324T092031_R093_T34SFH_20220325T013420
2025-08-20 20:10:18,857 - INFO - composites.py:279 -         S2A_MSIL2A_20220324T092031_R093_T34SFH_20240522T111837
2025-08-20 20:10:18,857 - INFO - composites.py:279 -         S2B_MSIL2A_20220329T092029_R093_T34SFH_20220329T214509
2025-08-20 20:10:18,857 - INFO - composites.py:279 -         S2B_MSIL2A_20220329T092029_R093_T34SFH_20240530T212441
2025-08-20 20:10:18,858 - INFO - composites.py:279 -         S2A_MSIL2A_20220304T092031_R093_T34SFH_20220305T045557
2025-08-20 20:10:18,858 - INFO - composites.py:279 -         S2A_MSIL2A_20220314T092031_R093_T34SFH_20240524T021050
2025-08-20 20:10:18,858 - INFO - composites.py:279 -         S2A_MSIL2A_20220314T092031_R093_T34SFH_20220314T211815
2025-08-20 20:10:18,858 - INFO - composites.py:279 -         S2B_MSIL2A_20220326T090609_R050_T34SGG_20220329T225558
2025-08-20 20:10:18,859 - INFO - composites.py:279 -         S2B_MSIL2A_20220316T090659_R050_T34SGG_20220316T212050
2025-08-20 20:10:18,859 - INFO - composites.py:279 -         S2A_MSIL2A_20220311T090801_R050_T34SGG_20220312T063453
2025-08-20 20:10:18,859 - INFO - composites.py:279 -         S2B_MSIL2A_20220326T090609_R050_T34SGH_20220329T195225
2025-08-20 20:10:18,859 - INFO - composites.py:279 -         S2B_MSIL2A_20220316T090659_R050_T34SGH_20220316T201308
2025-08-20 20:10:18,859 - INFO - composites.py:279 -         S2B_MSIL2A_20220326T090609_R050_T35SKB_20220329T232452
2025-08-20 20:10:18,859 - INFO - composites.py:279 -         S2B_MSIL2A_20220316T090659_R050_T35SKB_20220316T215500
2025-08-20 20:10:18,859 - INFO - composites.py:279 -         S2A_MSIL2A_20220311T090801_R050_T35SKB_20220312T064757
2025-08-20 20:10:18,859 - INFO - composites.py:279 -         S2B_MSIL2A_20220326T090609_R050_T35SKC_20220329T235013
2025-08-20 20:10:18,859 - INFO - composites.py:279 -         S2B_MSIL2A_20220316T090659_R050_T35SKC_20220316T212159
2025-08-20 20:10:19,352 - INFO - sentinel2.py:154 - Matplotlib backend: Agg
2025-08-20 20:10:19,862 - INFO - sentinel2.py:224 - Write input scenes footprint overlay: //nas-rs.topo.auth.gr/Latomeia/DROUGHT/COMPOS/2022/03/x11_y10/S2L2A_medcomp_x11_y10_202203_InDataFootprint.jpeg
2025-08-20 20:10:20,176 - INFO - composites.py:293 -                                  
2025-08-20 20:10:20,176 - INFO - composites.py:294 - Downstream STAC items from Planetary Computer
2025-08-20 20:10:20,176 - INFO - timeseries_processing.py:114 -                                  
2025-08-20 20:10:20,176 - INFO - timeseries_processing.py:115 - Loading bands of diferent resolutions in EPSG:32634
2025-08-20 20:10:20,176 - INFO - timeseries_processing.py:119 -     Filtering items with native UTM EPSG:32634
2025-08-20 20:10:20,176 - INFO - timeseries_processing.py:121 -     22 Items in EPSG:32634
2025-08-20 20:10:20,176 - INFO - timeseries_processing.py:128 -                        
2025-08-20 20:10:20,176 - INFO - timeseries_processing.py:129 -     Loading parameters:
2025-08-20 20:10:20,176 - INFO - timeseries_processing.py:130 -         Bands: ['B05', 'B07', 'B8A', 'SCL']
2025-08-20 20:10:20,176 - INFO - timeseries_processing.py:131 -         Spatial resolution: 20
2025-08-20 20:10:20,176 - INFO - timeseries_processing.py:133 -         Get Assets from STAC Items
2025-08-20 20:10:20,178 - INFO - timeseries_processing.py:46 -         Initialize the STAC client
2025-08-20 20:10:20,738 - INFO - timeseries_processing.py:136 -         Loading 22 STAC Items....
2025-08-20 20:11:39,468 - INFO - timeseries_processing.py:158 -         Cube has been downloaded
2025-08-20 20:11:39,468 - INFO - timeseries_processing.py:167 -         Fix order of dimensions
2025-08-20 20:11:39,470 - INFO - timeseries_processing.py:172 -         Append bands to the band-list of EPSG:32634
2025-08-20 20:11:39,470 - INFO - timeseries_processing.py:128 -                        
2025-08-20 20:11:39,471 - INFO - timeseries_processing.py:129 -     Loading parameters:
2025-08-20 20:11:39,472 - INFO - timeseries_processing.py:130 -         Bands: ['B02', 'B03', 'B04']
2025-08-20 20:11:39,472 - INFO - timeseries_processing.py:131 -         Spatial resolution: 10
2025-08-20 20:11:39,472 - INFO - timeseries_processing.py:133 -         Get Assets from STAC Items
2025-08-20 20:11:39,472 - INFO - timeseries_processing.py:46 -         Initialize the STAC client
2025-08-20 20:11:40,155 - INFO - timeseries_processing.py:136 -         Loading 22 STAC Items....
2025-08-20 20:13:32,531 - INFO - timeseries_processing.py:158 -         Cube has been downloaded
2025-08-20 20:13:32,532 - INFO - timeseries_processing.py:161 -         Downsample 10m bands to 20m by average 2x2 binning
2025-08-20 20:13:44,949 - INFO - timeseries_processing.py:164 -         Align binned bands to native 20m bands (shape matching): method=bilinear
2025-08-20 20:13:48,643 - INFO - timeseries_processing.py:172 -         Append bands to the band-list of EPSG:32634
2025-08-20 20:13:48,643 - INFO - timeseries_processing.py:176 -                        
2025-08-20 20:13:48,643 - INFO - timeseries_processing.py:177 -     Merging bands in a single dataset
2025-08-20 20:13:48,643 - INFO - timeseries_processing.py:178 -     Ensure all partial datasets are at (x=20, y=-20) resolution
2025-08-20 20:13:48,645 - INFO - timeseries_processing.py:182 -     Clip to the intersection of indexes
2025-08-20 20:13:49,966 - INFO - timeseries_processing.py:191 -     Make a list of bands to merge
2025-08-20 20:13:49,967 - INFO - timeseries_processing.py:195 -     Merge on intersection
2025-08-20 20:13:49,969 - INFO - timeseries_processing.py:203 -     Apply masks on clouds, shadows, thin cirrus, and snow/ice
2025-08-20 20:13:49,971 - INFO - sentinel2.py:122 -                Masking bits: [3, 7, 8, 9, 10, 11]
2025-08-20 20:13:51,229 - INFO - timeseries_processing.py:209 -     Reproject to Tiling Schema projection EPSG:3035
2025-08-20 20:14:03,397 - INFO - timeseries_processing.py:114 -                                  
2025-08-20 20:14:03,397 - INFO - timeseries_processing.py:115 - Loading bands of diferent resolutions in EPSG:32635
2025-08-20 20:14:03,397 - INFO - timeseries_processing.py:119 -     Filtering items with native UTM EPSG:32635
2025-08-20 20:14:03,397 - INFO - timeseries_processing.py:121 -     5 Items in EPSG:32635
2025-08-20 20:14:03,397 - INFO - timeseries_processing.py:128 -                        
2025-08-20 20:14:03,397 - INFO - timeseries_processing.py:129 -     Loading parameters:
2025-08-20 20:14:03,397 - INFO - timeseries_processing.py:130 -         Bands: ['B05', 'B07', 'B8A', 'SCL']
2025-08-20 20:14:03,397 - INFO - timeseries_processing.py:131 -         Spatial resolution: 20
2025-08-20 20:14:03,397 - INFO - timeseries_processing.py:133 -         Get Assets from STAC Items
2025-08-20 20:14:03,397 - INFO - timeseries_processing.py:46 -         Initialize the STAC client
2025-08-20 20:14:03,916 - INFO - timeseries_processing.py:136 -         Loading 5 STAC Items....
2025-08-20 20:14:12,121 - INFO - timeseries_processing.py:158 -         Cube has been downloaded
2025-08-20 20:14:12,121 - INFO - timeseries_processing.py:167 -         Fix order of dimensions
2025-08-20 20:14:12,123 - INFO - timeseries_processing.py:172 -         Append bands to the band-list of EPSG:32635
2025-08-20 20:14:12,123 - INFO - timeseries_processing.py:128 -                        
2025-08-20 20:14:12,123 - INFO - timeseries_processing.py:129 -     Loading parameters:
2025-08-20 20:14:12,123 - INFO - timeseries_processing.py:130 -         Bands: ['B02', 'B03', 'B04']
2025-08-20 20:14:12,129 - INFO - timeseries_processing.py:131 -         Spatial resolution: 10
2025-08-20 20:14:12,129 - INFO - timeseries_processing.py:133 -         Get Assets from STAC Items
2025-08-20 20:14:12,130 - INFO - timeseries_processing.py:46 -         Initialize the STAC client
2025-08-20 20:14:12,664 - INFO - timeseries_processing.py:136 -         Loading 5 STAC Items....
2025-08-20 20:14:24,332 - INFO - timeseries_processing.py:158 -         Cube has been downloaded
2025-08-20 20:14:24,332 - INFO - timeseries_processing.py:161 -         Downsample 10m bands to 20m by average 2x2 binning
2025-08-20 20:14:29,148 - INFO - timeseries_processing.py:164 -         Align binned bands to native 20m bands (shape matching): method=bilinear
2025-08-20 20:14:30,976 - INFO - timeseries_processing.py:172 -         Append bands to the band-list of EPSG:32635
2025-08-20 20:14:30,976 - INFO - timeseries_processing.py:176 -                        
2025-08-20 20:14:30,976 - INFO - timeseries_processing.py:177 -     Merging bands in a single dataset
2025-08-20 20:14:30,976 - INFO - timeseries_processing.py:178 -     Ensure all partial datasets are at (x=20, y=-20) resolution
2025-08-20 20:14:30,976 - INFO - timeseries_processing.py:182 -     Clip to the intersection of indexes
2025-08-20 20:14:30,977 - INFO - timeseries_processing.py:191 -     Make a list of bands to merge
2025-08-20 20:14:30,979 - INFO - timeseries_processing.py:195 -     Merge on intersection
2025-08-20 20:14:30,979 - INFO - timeseries_processing.py:203 -     Apply masks on clouds, shadows, thin cirrus, and snow/ice
2025-08-20 20:14:30,979 - INFO - sentinel2.py:122 -                Masking bits: [3, 7, 8, 9, 10, 11]
2025-08-20 20:14:31,503 - INFO - timeseries_processing.py:209 -     Reproject to Tiling Schema projection EPSG:3035
2025-08-20 20:14:36,647 - INFO - composites.py:303 - Clip and align to tile geometry
2025-08-20 20:14:41,376 - INFO - composites.py:309 -                           
2025-08-20 20:14:41,376 - INFO - composites.py:310 - Mosaic datasets of different native UTM zones to a single dataset
2025-08-20 20:14:48,944 - INFO - composites.py:323 - Scale SR to Sen2Cor Baseline 4.00 - Subtract 1000 in dates post 2022-01-25
2025-08-20 20:14:50,397 - INFO - composites.py:336 - Creating preview plot of input scenes
2025-08-20 20:15:27,447 - INFO - timeseries_processing.py:367 - Saved preview for 'B04' to //nas-rs.topo.auth.gr/Latomeia/DROUGHT/COMPOS/2022/03/x11_y10/S2L2A_medcomp_x11_y10_202203_InDataPreview.jpeg
2025-08-20 20:15:27,453 - INFO - composites.py:342 - Clip value range
2025-08-20 20:15:29,303 - INFO - composites.py:347 -                           
2025-08-20 20:15:29,304 - INFO - composites.py:348 - Computing spectral indices:
2025-08-20 20:15:29,322 - INFO - composites.py:351 -     EVI...
2025-08-20 20:15:30,594 - INFO - composites.py:353 -     NDVI...
2025-08-20 20:15:30,854 - INFO - composites.py:355 -     PSRI2...
2025-08-20 20:15:31,236 - INFO - composites.py:358 - Clip to typical value range
2025-08-20 20:15:31,642 - INFO - composites.py:365 - Reducing to median value temporal composite
2025-08-20 20:16:00,488 - INFO - composites.py:384 - Define data types and nodata per band
2025-08-20 20:16:00,619 - INFO - composites.py:405 - Assign time range and tile ID in metadata
2025-08-20 20:16:00,619 - INFO - composites.py:413 - Write bands to raster COG files
2025-08-20 20:16:05,351 - INFO - composites.py:426 - Write B02 -> //nas-rs.topo.auth.gr/Latomeia/DROUGHT/COMPOS/2022/03/x11_y10/S2L2A_medcomp_x11_y10_202203_B02.tif
2025-08-20 20:16:10,347 - INFO - composites.py:426 - Write B03 -> //nas-rs.topo.auth.gr/Latomeia/DROUGHT/COMPOS/2022/03/x11_y10/S2L2A_medcomp_x11_y10_202203_B03.tif
2025-08-20 20:16:15,169 - INFO - composites.py:426 - Write B04 -> //nas-rs.topo.auth.gr/Latomeia/DROUGHT/COMPOS/2022/03/x11_y10/S2L2A_medcomp_x11_y10_202203_B04.tif
2025-08-20 20:16:20,229 - INFO - composites.py:426 - Write B05 -> //nas-rs.topo.auth.gr/Latomeia/DROUGHT/COMPOS/2022/03/x11_y10/S2L2A_medcomp_x11_y10_202203_B05.tif
2025-08-20 20:16:24,981 - INFO - composites.py:426 - Write B07 -> //nas-rs.topo.auth.gr/Latomeia/DROUGHT/COMPOS/2022/03/x11_y10/S2L2A_medcomp_x11_y10_202203_B07.tif
2025-08-20 20:16:29,889 - INFO - composites.py:426 - Write B8A -> //nas-rs.topo.auth.gr/Latomeia/DROUGHT/COMPOS/2022/03/x11_y10/S2L2A_medcomp_x11_y10_202203_B8A.tif
2025-08-20 20:16:34,718 - INFO - composites.py:426 - Write EVI -> //nas-rs.topo.auth.gr/Latomeia/DROUGHT/COMPOS/2022/03/x11_y10/S2L2A_medcomp_x11_y10_202203_evi.tif
2025-08-20 20:16:39,991 - INFO - composites.py:426 - Write NDVI -> //nas-rs.topo.auth.gr/Latomeia/DROUGHT/COMPOS/2022/03/x11_y10/S2L2A_medcomp_x11_y10_202203_ndvi.tif
2025-08-20 20:16:44,924 - INFO - composites.py:426 - Write PSRI2 -> //nas-rs.topo.auth.gr/Latomeia/DROUGHT/COMPOS/2022/03/x11_y10/S2L2A_medcomp_x11_y10_202203_psri2.tif
2025-08-20 20:16:44,942 - INFO - composites.py:430 - Prepare metadata YAML document
2025-08-20 20:16:45,760 - INFO - composites.py:451 - Write metadata YAML document to disk
2025-08-20 20:16:45,827 - INFO - composites.py:456 - Create datacube.model.Dataset from eo3 metadata
2025-08-20 20:16:45,836 - INFO - composites.py:467 - Index to datacube
2025-08-20 20:16:45,837 - INFO - _datasets.py:191 - Indexing dd7a4097-5f52-499d-9b3f-97c207baadba
2025-08-20 20:16:45,847 - INFO - composites.py:470 - 
2025-08-20 20:16:45,847 - INFO - composites.py:471 -              ✔✔✔ COMPLETED: Tile x11_y10 | Time: 2022-03 | In 9.04 minutes
2025-08-20 20:16:45,847 - INFO - composites.py:472 - 
2025-08-20 20:16:45,847 - INFO - composites.py:480 - Closing Dask client
2025-08-20 20:16:45,848 - INFO - composites.py:484 - Closing Dask cluster
2025-08-20 20:16:45,848 - INFO - composites.py:485 - #######################################################################
