2025-08-30 00:36:41,303 - INFO - composites.py:102 - #######################################################################
2025-08-30 00:36:41,303 - INFO - composites.py:104 - Processing started
2025-08-30 00:36:41,303 - INFO - composites.py:105 -         Tile: x09_y08
2025-08-30 00:36:41,303 - INFO - composites.py:106 -         Time: 2022-08
2025-08-30 00:36:41,303 - INFO - composites.py:109 -                           
2025-08-30 00:36:41,303 - INFO - composites.py:110 - Establishing connection to datacube
2025-08-30 00:36:41,822 - INFO - composites.py:113 -                           
2025-08-30 00:36:41,822 - INFO - composites.py:114 - Sanity test: Check if dataset already exists in the datacube
2025-08-30 00:36:41,842 - INFO - composites.py:133 - The composite requested was not found and it will be computed
2025-08-30 00:36:41,842 - INFO - composites.py:136 -                                  
2025-08-30 00:36:41,842 - INFO - composites.py:137 - Initializing Dask cluster for parallelization
2025-08-30 00:36:47,087 - INFO - composites.py:161 - Dask dashboard is available at: http://127.0.0.1:8787/status
2025-08-30 00:36:47,087 - INFO - composites.py:164 - Create directories and naming conversions
2025-08-30 00:36:47,099 - INFO - composites.py:177 - Dataset location: //nas-rs.topo.auth.gr/Latomeia/DROUGHT/composites/x09/y08/2022/08/01
2025-08-30 00:36:47,099 - INFO - composites.py:180 -                           
2025-08-30 00:36:47,099 - INFO - composites.py:181 - Retrieve tile geometry
2025-08-30 00:36:47,127 - INFO - composites.py:192 - Create the Bounding Box (φ,λ)
2025-08-30 00:36:47,127 - INFO - composites.py:198 - Create the Bounding Box (x,y)
2025-08-30 00:36:47,127 - INFO - composites.py:211 -                           
2025-08-30 00:36:47,127 - INFO - composites.py:212 - Connect to Planetary Computer STAC Catalog
2025-08-30 00:36:47,394 - INFO - composites.py:220 - Search the STAC Catalog
2025-08-30 00:36:47,464 - INFO - composites.py:232 -         Query parameters:
2025-08-30 00:36:47,464 - INFO - composites.py:233 -             url:          https://planetarycomputer.microsoft.com/api/stac/v1/search
2025-08-30 00:36:47,464 - INFO - composites.py:234 -             client:       microsoft-pc
2025-08-30 00:36:47,464 - INFO - composites.py:235 -             collection:   sentinel-2-l2a
2025-08-30 00:36:47,464 - INFO - composites.py:236 -             bbox:         (21.78584004803282, 36.93347873319104, 22.44323109883715, 37.48202094723898)
2025-08-30 00:36:47,464 - INFO - composites.py:237 -             time range:   2022-08-01T00:00:00Z/2022-08-31T23:59:59Z
2025-08-30 00:36:47,464 - INFO - composites.py:238 -             cloud cover:  0% - 70%
2025-08-30 00:36:47,464 - INFO - composites.py:239 -             nodata cover: 0% - 33%
2025-08-30 00:36:47,464 - INFO - composites.py:241 -                           
2025-08-30 00:36:47,464 - INFO - composites.py:242 - Searching...
2025-08-30 00:36:48,103 - INFO - composites.py:245 - Query found 74 items
2025-08-30 00:36:48,108 - INFO - composites.py:247 - Searching for GRI REFINED scenes:
2025-08-30 00:36:53,663 - INFO - sentinel2.py:78 - 1/74 - S2A_MSIL2A_20220831T091611_R093_T34SFG_20240703T111010 -> REFINED
2025-08-30 00:36:58,680 - INFO - sentinel2.py:78 - 2/74 - S2A_MSIL2A_20220831T091611_R093_T34SFG_20220901T121716 -> REFINED
2025-08-30 00:37:04,048 - INFO - sentinel2.py:78 - 3/74 - S2A_MSIL2A_20220831T091611_R093_T34SFF_20240703T111010 -> REFINED
2025-08-30 00:37:09,643 - INFO - sentinel2.py:78 - 4/74 - S2A_MSIL2A_20220831T091611_R093_T34SFF_20220901T100341 -> REFINED
2025-08-30 00:37:15,925 - INFO - sentinel2.py:78 - 5/74 - S2A_MSIL2A_20220831T091611_R093_T34SEG_20240703T111010 -> REFINED
2025-08-30 00:37:22,006 - INFO - sentinel2.py:78 - 6/74 - S2A_MSIL2A_20220831T091611_R093_T34SEG_20220901T114701 -> REFINED
2025-08-30 00:37:26,837 - INFO - sentinel2.py:78 - 7/74 - S2A_MSIL2A_20220831T091611_R093_T34SEF_20240703T111010 -> REFINED
2025-08-30 00:37:31,854 - INFO - sentinel2.py:78 - 8/74 - S2A_MSIL2A_20220831T091611_R093_T34SEF_20220901T110852 -> REFINED
2025-08-30 00:37:37,403 - INFO - sentinel2.py:78 - 9/74 - S2A_MSIL2A_20220828T090611_R050_T34SFG_20240703T101023 -> REFINED
2025-08-30 00:37:42,440 - INFO - sentinel2.py:78 - 10/74 - S2A_MSIL2A_20220828T090611_R050_T34SFF_20240703T101023 -> REFINED
2025-08-30 00:37:47,958 - INFO - sentinel2.py:78 - 11/74 - S2B_MSIL2A_20220826T091549_R093_T34SFG_20240709T095216 -> REFINED
2025-08-30 00:37:53,959 - INFO - sentinel2.py:78 - 12/74 - S2B_MSIL2A_20220826T091549_R093_T34SFG_20220826T222958 -> REFINED
2025-08-30 00:38:00,236 - INFO - sentinel2.py:78 - 13/74 - S2B_MSIL2A_20220826T091549_R093_T34SFF_20240709T095216 -> REFINED
2025-08-30 00:38:05,683 - INFO - sentinel2.py:78 - 14/74 - S2B_MSIL2A_20220826T091549_R093_T34SEG_20240709T095216 -> REFINED
2025-08-30 00:38:11,697 - INFO - sentinel2.py:78 - 15/74 - S2B_MSIL2A_20220826T091549_R093_T34SEG_20220826T225428 -> REFINED
2025-08-30 00:38:17,681 - INFO - sentinel2.py:78 - 16/74 - S2B_MSIL2A_20220826T091549_R093_T34SEF_20240709T095216 -> REFINED
2025-08-30 00:38:23,804 - INFO - sentinel2.py:78 - 17/74 - S2B_MSIL2A_20220823T090559_R050_T34SFG_20240716T180214 -> REFINED
2025-08-30 00:38:29,267 - INFO - sentinel2.py:78 - 18/74 - S2B_MSIL2A_20220823T090559_R050_T34SFG_20220824T110402 -> REFINED
2025-08-30 00:38:35,486 - INFO - sentinel2.py:78 - 19/74 - S2B_MSIL2A_20220823T090559_R050_T34SFF_20240716T180214 -> REFINED
2025-08-30 00:38:41,645 - INFO - sentinel2.py:78 - 20/74 - S2B_MSIL2A_20220823T090559_R050_T34SFF_20220824T100909 -> REFINED
2025-08-30 00:38:46,688 - INFO - sentinel2.py:78 - 21/74 - S2A_MSIL2A_20220821T091611_R093_T34SFG_20240716T063019 -> REFINED
2025-08-30 00:38:52,344 - INFO - sentinel2.py:78 - 22/74 - S2A_MSIL2A_20220821T091611_R093_T34SFG_20220821T213409 -> REFINED
2025-08-30 00:39:00,367 - INFO - sentinel2.py:78 - 23/74 - S2A_MSIL2A_20220821T091611_R093_T34SFF_20240716T063019 -> REFINED
2025-08-30 00:39:07,454 - INFO - sentinel2.py:78 - 24/74 - S2A_MSIL2A_20220821T091611_R093_T34SFF_20220821T220523 -> REFINED
2025-08-30 00:39:13,057 - INFO - sentinel2.py:78 - 25/74 - S2A_MSIL2A_20220821T091611_R093_T34SEG_20240716T063019 -> REFINED
2025-08-30 00:39:18,996 - INFO - sentinel2.py:78 - 26/74 - S2A_MSIL2A_20220821T091611_R093_T34SEG_20220821T233234 -> REFINED
2025-08-30 00:39:24,549 - INFO - sentinel2.py:78 - 27/74 - S2A_MSIL2A_20220821T091611_R093_T34SEF_20240716T063019 -> REFINED
2025-08-30 00:39:30,829 - INFO - sentinel2.py:78 - 28/74 - S2A_MSIL2A_20220821T091611_R093_T34SEF_20220821T230215 -> REFINED
2025-08-30 00:39:37,095 - INFO - sentinel2.py:78 - 29/74 - S2A_MSIL2A_20220818T090611_R050_T34SFG_20220819T023327 -> REFINED
2025-08-30 00:39:43,166 - INFO - sentinel2.py:78 - 30/74 - S2A_MSIL2A_20220818T090611_R050_T34SFF_20220819T031147 -> REFINED
2025-08-30 00:39:48,561 - INFO - sentinel2.py:78 - 31/74 - S2B_MSIL2A_20220816T091559_R093_T34SFG_20240703T141936 -> REFINED
2025-08-30 00:39:55,331 - INFO - sentinel2.py:78 - 32/74 - S2B_MSIL2A_20220816T091559_R093_T34SFG_20220816T190018 -> REFINED
2025-08-30 00:40:01,945 - INFO - sentinel2.py:78 - 33/74 - S2B_MSIL2A_20220816T091559_R093_T34SFF_20240703T141936 -> REFINED
2025-08-30 00:40:08,357 - INFO - sentinel2.py:78 - 34/74 - S2B_MSIL2A_20220816T091559_R093_T34SFF_20220816T213550 -> REFINED
2025-08-30 00:40:14,601 - INFO - sentinel2.py:78 - 35/74 - S2B_MSIL2A_20220816T091559_R093_T34SEG_20240703T141936 -> REFINED
2025-08-30 00:40:21,198 - INFO - sentinel2.py:78 - 36/74 - S2B_MSIL2A_20220816T091559_R093_T34SEG_20220816T210046 -> REFINED
2025-08-30 00:40:26,848 - INFO - sentinel2.py:78 - 37/74 - S2B_MSIL2A_20220816T091559_R093_T34SEF_20240703T141936 -> REFINED
2025-08-30 00:40:32,998 - INFO - sentinel2.py:78 - 38/74 - S2B_MSIL2A_20220816T091559_R093_T34SEF_20220816T185406 -> REFINED
2025-08-30 00:40:39,230 - INFO - sentinel2.py:78 - 39/74 - S2B_MSIL2A_20220813T090559_R050_T34SFG_20240708T193541 -> REFINED
2025-08-30 00:40:44,202 - INFO - sentinel2.py:78 - 40/74 - S2B_MSIL2A_20220813T090559_R050_T34SFG_20220813T193301 -> REFINED
2025-08-30 00:40:50,255 - INFO - sentinel2.py:78 - 41/74 - S2B_MSIL2A_20220813T090559_R050_T34SFF_20240708T193541 -> REFINED
2025-08-30 00:40:56,432 - INFO - sentinel2.py:78 - 42/74 - S2B_MSIL2A_20220813T090559_R050_T34SFF_20220813T191202 -> REFINED
2025-08-30 00:41:02,480 - INFO - sentinel2.py:78 - 43/74 - S2A_MSIL2A_20220811T091611_R093_T34SFG_20240713T182800 -> REFINED
2025-08-30 00:41:07,735 - INFO - sentinel2.py:78 - 44/74 - S2A_MSIL2A_20220811T091611_R093_T34SFG_20220812T074413 -> REFINED
2025-08-30 00:41:13,590 - INFO - sentinel2.py:78 - 45/74 - S2A_MSIL2A_20220811T091611_R093_T34SFF_20240713T182800 -> REFINED
2025-08-30 00:41:19,573 - INFO - sentinel2.py:78 - 46/74 - S2A_MSIL2A_20220811T091611_R093_T34SFF_20220812T072220 -> REFINED
2025-08-30 00:41:25,809 - INFO - sentinel2.py:78 - 47/74 - S2A_MSIL2A_20220811T091611_R093_T34SEG_20240713T182800 -> REFINED
2025-08-30 00:41:31,195 - INFO - sentinel2.py:78 - 48/74 - S2A_MSIL2A_20220811T091611_R093_T34SEG_20220812T072118 -> REFINED
2025-08-30 00:41:36,831 - INFO - sentinel2.py:78 - 49/74 - S2A_MSIL2A_20220811T091611_R093_T34SEF_20240713T182800 -> REFINED
2025-08-30 00:41:42,731 - INFO - sentinel2.py:78 - 50/74 - S2A_MSIL2A_20220811T091611_R093_T34SEF_20220812T074737 -> REFINED
2025-08-30 00:41:49,606 - INFO - sentinel2.py:78 - 51/74 - S2A_MSIL2A_20220808T090611_R050_T34SFG_20240712T124705 -> REFINED
2025-08-30 00:41:55,352 - INFO - sentinel2.py:78 - 52/74 - S2A_MSIL2A_20220808T090611_R050_T34SFG_20220810T070111 -> REFINED
2025-08-30 00:42:00,588 - INFO - sentinel2.py:78 - 53/74 - S2A_MSIL2A_20220808T090611_R050_T34SFF_20240712T124705 -> REFINED
2025-08-30 00:42:07,041 - INFO - sentinel2.py:78 - 54/74 - S2A_MSIL2A_20220808T090611_R050_T34SFF_20220810T065334 -> REFINED
2025-08-30 00:42:12,688 - INFO - sentinel2.py:78 - 55/74 - S2B_MSIL2A_20220806T091559_R093_T34SFG_20240715T201207 -> REFINED
2025-08-30 00:42:18,208 - INFO - sentinel2.py:78 - 56/74 - S2B_MSIL2A_20220806T091559_R093_T34SFG_20220807T102011 -> REFINED
2025-08-30 00:42:24,766 - INFO - sentinel2.py:78 - 57/74 - S2B_MSIL2A_20220806T091559_R093_T34SFF_20240715T201207 -> REFINED
2025-08-30 00:42:30,234 - INFO - sentinel2.py:78 - 58/74 - S2B_MSIL2A_20220806T091559_R093_T34SFF_20220807T110749 -> REFINED
2025-08-30 00:42:36,286 - INFO - sentinel2.py:78 - 59/74 - S2B_MSIL2A_20220806T091559_R093_T34SEG_20240715T201207 -> REFINED
2025-08-30 00:42:42,472 - INFO - sentinel2.py:78 - 60/74 - S2B_MSIL2A_20220806T091559_R093_T34SEG_20220807T094316 -> REFINED
2025-08-30 00:42:47,843 - INFO - sentinel2.py:78 - 61/74 - S2B_MSIL2A_20220806T091559_R093_T34SEF_20240715T201207 -> REFINED
2025-08-30 00:42:53,244 - INFO - sentinel2.py:78 - 62/74 - S2B_MSIL2A_20220806T091559_R093_T34SEF_20220807T101636 -> REFINED
2025-08-30 00:42:58,253 - INFO - sentinel2.py:78 - 63/74 - S2B_MSIL2A_20220803T090559_R050_T34SFG_20240711T144737 -> REFINED
2025-08-30 00:43:03,952 - INFO - sentinel2.py:78 - 64/74 - S2B_MSIL2A_20220803T090559_R050_T34SFG_20220803T230102 -> REFINED
2025-08-30 00:43:09,829 - INFO - sentinel2.py:78 - 65/74 - S2B_MSIL2A_20220803T090559_R050_T34SFF_20240711T144737 -> REFINED
2025-08-30 00:43:16,072 - INFO - sentinel2.py:78 - 66/74 - S2B_MSIL2A_20220803T090559_R050_T34SFF_20220803T231506 -> REFINED
2025-08-30 00:43:22,402 - INFO - sentinel2.py:78 - 67/74 - S2A_MSIL2A_20220801T092041_R093_T34SFG_20240718T073955 -> REFINED
2025-08-30 00:43:28,475 - INFO - sentinel2.py:78 - 68/74 - S2A_MSIL2A_20220801T092041_R093_T34SFG_20220802T055820 -> REFINED
2025-08-30 00:43:34,628 - INFO - sentinel2.py:78 - 69/74 - S2A_MSIL2A_20220801T092041_R093_T34SFF_20240718T073955 -> REFINED
2025-08-30 00:43:40,207 - INFO - sentinel2.py:78 - 70/74 - S2A_MSIL2A_20220801T092041_R093_T34SFF_20220802T065736 -> REFINED
2025-08-30 00:43:45,818 - INFO - sentinel2.py:78 - 71/74 - S2A_MSIL2A_20220801T092041_R093_T34SEG_20240718T073955 -> REFINED
2025-08-30 00:43:51,835 - INFO - sentinel2.py:78 - 72/74 - S2A_MSIL2A_20220801T092041_R093_T34SEG_20220802T061029 -> REFINED
2025-08-30 00:43:57,631 - INFO - sentinel2.py:78 - 73/74 - S2A_MSIL2A_20220801T092041_R093_T34SEF_20240718T073955 -> REFINED
2025-08-30 00:44:03,292 - INFO - sentinel2.py:78 - 74/74 - S2A_MSIL2A_20220801T092041_R093_T34SEF_20220802T064859 -> REFINED
2025-08-30 00:44:03,331 - INFO - composites.py:250 -                                  
2025-08-30 00:44:03,332 - INFO - composites.py:251 - 74/74 were refined by GRI.
2025-08-30 00:44:03,332 - INFO - composites.py:263 - Looking for up to 10 cleanest images within spatiotemporal range of each MGRS tile
2025-08-30 00:44:03,333 - INFO - composites.py:277 - Filtered cleanest scenes: Kept 40 out of 74 items. 
2025-08-30 00:44:03,333 - INFO - composites.py:278 -         Included MGRS Tiles: ['34SEF' '34SEG' '34SFF' '34SFG']
2025-08-30 00:44:03,333 - INFO - composites.py:279 -         Included EPSG codes: [32634]
2025-08-30 00:44:03,334 - INFO - composites.py:281 - Selected scenes:
2025-08-30 00:44:03,334 - INFO - composites.py:283 -         S2B_MSIL2A_20220816T091559_R093_T34SEF_20220816T185406
2025-08-30 00:44:03,335 - INFO - composites.py:283 -         S2B_MSIL2A_20220816T091559_R093_T34SEF_20240703T141936
2025-08-30 00:44:03,354 - INFO - composites.py:283 -         S2B_MSIL2A_20220806T091559_R093_T34SEF_20240715T201207
2025-08-30 00:44:03,358 - INFO - composites.py:283 -         S2B_MSIL2A_20220806T091559_R093_T34SEF_20220807T101636
2025-08-30 00:44:03,359 - INFO - composites.py:283 -         S2A_MSIL2A_20220821T091611_R093_T34SEF_20220821T230215
2025-08-30 00:44:03,359 - INFO - composites.py:283 -         S2A_MSIL2A_20220821T091611_R093_T34SEF_20240716T063019
2025-08-30 00:44:03,359 - INFO - composites.py:283 -         S2A_MSIL2A_20220801T092041_R093_T34SEF_20220802T064859
2025-08-30 00:44:03,359 - INFO - composites.py:283 -         S2A_MSIL2A_20220801T092041_R093_T34SEF_20240718T073955
2025-08-30 00:44:03,359 - INFO - composites.py:283 -         S2A_MSIL2A_20220831T091611_R093_T34SEF_20240703T111010
2025-08-30 00:44:03,359 - INFO - composites.py:283 -         S2A_MSIL2A_20220831T091611_R093_T34SEF_20220901T110852
2025-08-30 00:44:03,359 - INFO - composites.py:283 -         S2B_MSIL2A_20220816T091559_R093_T34SEG_20220816T210046
2025-08-30 00:44:03,359 - INFO - composites.py:283 -         S2B_MSIL2A_20220816T091559_R093_T34SEG_20240703T141936
2025-08-30 00:44:03,359 - INFO - composites.py:283 -         S2A_MSIL2A_20220801T092041_R093_T34SEG_20220802T061029
2025-08-30 00:44:03,359 - INFO - composites.py:283 -         S2A_MSIL2A_20220801T092041_R093_T34SEG_20240718T073955
2025-08-30 00:44:03,359 - INFO - composites.py:283 -         S2A_MSIL2A_20220831T091611_R093_T34SEG_20240703T111010
2025-08-30 00:44:03,359 - INFO - composites.py:283 -         S2A_MSIL2A_20220831T091611_R093_T34SEG_20220901T114701
2025-08-30 00:44:03,359 - INFO - composites.py:283 -         S2A_MSIL2A_20220821T091611_R093_T34SEG_20240716T063019
2025-08-30 00:44:03,359 - INFO - composites.py:283 -         S2A_MSIL2A_20220821T091611_R093_T34SEG_20220821T233234
2025-08-30 00:44:03,359 - INFO - composites.py:283 -         S2B_MSIL2A_20220826T091549_R093_T34SEG_20220826T225428
2025-08-30 00:44:03,359 - INFO - composites.py:283 -         S2B_MSIL2A_20220826T091549_R093_T34SEG_20240709T095216
2025-08-30 00:44:03,359 - INFO - composites.py:283 -         S2B_MSIL2A_20220816T091559_R093_T34SFF_20220816T213550
2025-08-30 00:44:03,359 - INFO - composites.py:283 -         S2B_MSIL2A_20220816T091559_R093_T34SFF_20240703T141936
2025-08-30 00:44:03,359 - INFO - composites.py:283 -         S2A_MSIL2A_20220818T090611_R050_T34SFF_20220819T031147
2025-08-30 00:44:03,359 - INFO - composites.py:283 -         S2B_MSIL2A_20220803T090559_R050_T34SFF_20220803T231506
2025-08-30 00:44:03,359 - INFO - composites.py:283 -         S2B_MSIL2A_20220803T090559_R050_T34SFF_20240711T144737
2025-08-30 00:44:03,359 - INFO - composites.py:283 -         S2A_MSIL2A_20220828T090611_R050_T34SFF_20240703T101023
2025-08-30 00:44:03,359 - INFO - composites.py:283 -         S2A_MSIL2A_20220808T090611_R050_T34SFF_20240712T124705
2025-08-30 00:44:03,360 - INFO - composites.py:283 -         S2A_MSIL2A_20220808T090611_R050_T34SFF_20220810T065334
2025-08-30 00:44:03,360 - INFO - composites.py:283 -         S2A_MSIL2A_20220801T092041_R093_T34SFF_20220802T065736
2025-08-30 00:44:03,360 - INFO - composites.py:283 -         S2A_MSIL2A_20220801T092041_R093_T34SFF_20240718T073955
2025-08-30 00:44:03,360 - INFO - composites.py:283 -         S2B_MSIL2A_20220816T091559_R093_T34SFG_20220816T190018
2025-08-30 00:44:03,360 - INFO - composites.py:283 -         S2B_MSIL2A_20220816T091559_R093_T34SFG_20240703T141936
2025-08-30 00:44:03,360 - INFO - composites.py:283 -         S2A_MSIL2A_20220818T090611_R050_T34SFG_20220819T023327
2025-08-30 00:44:03,360 - INFO - composites.py:283 -         S2A_MSIL2A_20220828T090611_R050_T34SFG_20240703T101023
2025-08-30 00:44:03,360 - INFO - composites.py:283 -         S2B_MSIL2A_20220803T090559_R050_T34SFG_20240711T144737
2025-08-30 00:44:03,360 - INFO - composites.py:283 -         S2B_MSIL2A_20220803T090559_R050_T34SFG_20220803T230102
2025-08-30 00:44:03,360 - INFO - composites.py:283 -         S2A_MSIL2A_20220808T090611_R050_T34SFG_20240712T124705
2025-08-30 00:44:03,360 - INFO - composites.py:283 -         S2A_MSIL2A_20220808T090611_R050_T34SFG_20220810T070111
2025-08-30 00:44:03,360 - INFO - composites.py:283 -         S2B_MSIL2A_20220806T091559_R093_T34SFG_20220807T102011
2025-08-30 00:44:03,360 - INFO - composites.py:283 -         S2B_MSIL2A_20220806T091559_R093_T34SFG_20240715T201207
2025-08-30 00:44:03,804 - INFO - sentinel2.py:154 - Matplotlib backend: Agg
2025-08-30 00:44:04,067 - INFO - sentinel2.py:224 - Write input scenes footprint overlay: //nas-rs.topo.auth.gr/Latomeia/DROUGHT/composites/x09/y08/2022/08/01/S2L2A_medcomp_x09y08_202208_InDataFootprint.jpeg
2025-08-30 00:44:04,390 - INFO - composites.py:297 -                                  
2025-08-30 00:44:04,390 - INFO - composites.py:298 - Downstream STAC items from Planetary Computer
2025-08-30 00:44:04,390 - INFO - timeseries_processing.py:115 -                                  
2025-08-30 00:44:04,390 - INFO - timeseries_processing.py:116 - Loading bands of diferent resolutions in EPSG:32634
2025-08-30 00:44:04,391 - INFO - timeseries_processing.py:120 -     Filtering items with native UTM EPSG:32634
2025-08-30 00:44:04,391 - INFO - timeseries_processing.py:122 -     40 Items in EPSG:32634
2025-08-30 00:44:04,391 - INFO - timeseries_processing.py:129 -                        
2025-08-30 00:44:04,391 - INFO - timeseries_processing.py:130 -     Loading parameters:
2025-08-30 00:44:04,391 - INFO - timeseries_processing.py:131 -         Bands: ['B05', 'B07', 'B8A', 'SCL']
2025-08-30 00:44:04,391 - INFO - timeseries_processing.py:132 -         Spatial resolution: 20
2025-08-30 00:44:04,391 - INFO - timeseries_processing.py:134 -         Get Assets from STAC Items
2025-08-30 00:44:04,391 - INFO - timeseries_processing.py:47 -         Initialize the STAC client
2025-08-30 00:44:05,198 - INFO - timeseries_processing.py:137 -         Loading 40 STAC Items....
2025-08-30 00:45:48,377 - INFO - timeseries_processing.py:146 -         Cube has been downloaded
2025-08-30 00:45:48,377 - INFO - timeseries_processing.py:156 -         Fix order of dimensions
2025-08-30 00:45:48,378 - INFO - timeseries_processing.py:161 -         Append bands to the band-list of EPSG:32634
2025-08-30 00:45:48,378 - INFO - timeseries_processing.py:129 -                        
2025-08-30 00:45:48,379 - INFO - timeseries_processing.py:130 -     Loading parameters:
2025-08-30 00:45:48,379 - INFO - timeseries_processing.py:131 -         Bands: ['B02', 'B03', 'B04']
2025-08-30 00:45:48,379 - INFO - timeseries_processing.py:132 -         Spatial resolution: 10
2025-08-30 00:45:48,379 - INFO - timeseries_processing.py:134 -         Get Assets from STAC Items
2025-08-30 00:45:48,380 - INFO - timeseries_processing.py:47 -         Initialize the STAC client
2025-08-30 00:45:49,139 - INFO - timeseries_processing.py:137 -         Loading 40 STAC Items....
2025-08-30 00:51:41,150 - INFO - timeseries_processing.py:146 -         Cube has been downloaded
2025-08-30 00:51:41,152 - INFO - timeseries_processing.py:149 -         Reproject to downsample 10m bands to 20m by Resampling.average 2x2 binning and shape matching with odc.geo.GeoBox
2025-08-30 00:51:53,978 - INFO - timeseries_processing.py:161 -         Append bands to the band-list of EPSG:32634
2025-08-30 00:51:53,978 - INFO - timeseries_processing.py:165 -                        
2025-08-30 00:51:53,978 - INFO - timeseries_processing.py:166 -     Merging bands in a single dataset
2025-08-30 00:51:53,978 - INFO - timeseries_processing.py:167 -     Ensure all partial datasets are at (x=20, y=-20) resolution
2025-08-30 00:51:53,980 - INFO - timeseries_processing.py:171 -     Clip to the intersection of indexes
2025-08-30 00:51:55,327 - INFO - timeseries_processing.py:180 -     Make a list of bands to merge
2025-08-30 00:51:55,327 - INFO - timeseries_processing.py:184 -     Merge on intersection
2025-08-30 00:51:55,328 - INFO - timeseries_processing.py:192 -     Apply masks on clouds, shadows, thin cirrus, and snow/ice
2025-08-30 00:51:55,328 - INFO - sentinel2.py:122 -                Masking bits: [3, 7, 8, 9, 10, 11]
2025-08-30 00:51:56,491 - INFO - composites.py:307 - Reproject from UTM Zone to Tile geometry -> CRS(EPSG:32634), Resampling.bilinear
2025-08-30 00:52:03,529 - INFO - composites.py:310 -     New shape of datasets: Shape2d(x=2400, y=2400)
2025-08-30 00:52:04,366 - INFO - composites.py:329 - Scale SR to Sen2Cor Baseline 4.00 - Subtract 1000 in dates post 2022-01-25
2025-08-30 00:52:05,907 - INFO - composites.py:342 - Creating preview plot of input scenes
2025-08-30 00:52:39,370 - INFO - timeseries_processing.py:349 - Saved preview for 'B04' to //nas-rs.topo.auth.gr/Latomeia/DROUGHT/composites/x09/y08/2022/08/01/S2L2A_medcomp_x09y08_202208_InDataPreview.jpeg
2025-08-30 00:52:39,377 - INFO - composites.py:348 - Clip value range
2025-08-30 00:52:41,371 - INFO - composites.py:353 -                           
2025-08-30 00:52:41,371 - INFO - composites.py:354 - Computing spectral indices:
2025-08-30 00:52:41,372 - INFO - composites.py:357 -     EVI...
2025-08-30 00:52:42,632 - INFO - composites.py:359 -     NDVI...
2025-08-30 00:52:43,060 - INFO - composites.py:361 -     PSRI2...
2025-08-30 00:52:43,365 - INFO - composites.py:364 - Clip to typical value range
2025-08-30 00:52:43,694 - INFO - composites.py:371 - Reducing to median value temporal composite
2025-08-30 00:53:12,444 - INFO - composites.py:390 - Scale and Define data types & nodata per band
2025-08-30 00:53:12,594 - INFO - composites.py:411 - Assign time range and tile ID in metadata
2025-08-30 00:53:12,594 - INFO - composites.py:419 - Write bands to raster COG files
2025-08-30 00:53:16,439 - INFO - composites.py:432 - Write B02 -> //nas-rs.topo.auth.gr/Latomeia/DROUGHT/composites/x09/y08/2022/08/01/S2L2A_medcomp_x09y08_202208_B02.tif
2025-08-30 00:53:20,395 - INFO - composites.py:432 - Write B03 -> //nas-rs.topo.auth.gr/Latomeia/DROUGHT/composites/x09/y08/2022/08/01/S2L2A_medcomp_x09y08_202208_B03.tif
2025-08-30 00:53:24,366 - INFO - composites.py:432 - Write B04 -> //nas-rs.topo.auth.gr/Latomeia/DROUGHT/composites/x09/y08/2022/08/01/S2L2A_medcomp_x09y08_202208_B04.tif
2025-08-30 00:53:28,233 - INFO - composites.py:432 - Write B05 -> //nas-rs.topo.auth.gr/Latomeia/DROUGHT/composites/x09/y08/2022/08/01/S2L2A_medcomp_x09y08_202208_B05.tif
2025-08-30 00:53:32,172 - INFO - composites.py:432 - Write B07 -> //nas-rs.topo.auth.gr/Latomeia/DROUGHT/composites/x09/y08/2022/08/01/S2L2A_medcomp_x09y08_202208_B07.tif
2025-08-30 00:53:36,057 - INFO - composites.py:432 - Write B8A -> //nas-rs.topo.auth.gr/Latomeia/DROUGHT/composites/x09/y08/2022/08/01/S2L2A_medcomp_x09y08_202208_B8A.tif
2025-08-30 00:53:39,975 - INFO - composites.py:432 - Write EVI -> //nas-rs.topo.auth.gr/Latomeia/DROUGHT/composites/x09/y08/2022/08/01/S2L2A_medcomp_x09y08_202208_EVI.tif
2025-08-30 00:53:43,940 - INFO - composites.py:432 - Write NDVI -> //nas-rs.topo.auth.gr/Latomeia/DROUGHT/composites/x09/y08/2022/08/01/S2L2A_medcomp_x09y08_202208_NDVI.tif
2025-08-30 00:53:47,718 - INFO - composites.py:432 - Write PSRI2 -> //nas-rs.topo.auth.gr/Latomeia/DROUGHT/composites/x09/y08/2022/08/01/S2L2A_medcomp_x09y08_202208_PSRI2.tif
2025-08-30 00:53:47,734 - INFO - composites.py:436 - Prepare metadata YAML document
2025-08-30 00:53:48,276 - INFO - composites.py:458 - Write metadata YAML document to disk
2025-08-30 00:53:48,331 - INFO - composites.py:463 - Create datacube.model.Dataset from eo3 metadata
2025-08-30 00:53:48,342 - INFO - composites.py:476 - Index to datacube
2025-08-30 00:53:48,342 - INFO - _datasets.py:191 - Indexing 72d93108-9d1c-4db6-b511-f825b81443ba
2025-08-30 00:53:48,352 - INFO - composites.py:479 - 
2025-08-30 00:53:48,352 - INFO - composites.py:480 -              ✔✔✔ COMPLETED: Tile x09_y08 | Time: 2022-08 | In 17.12 minutes
2025-08-30 00:53:48,352 - INFO - composites.py:481 - 
2025-08-30 00:53:48,352 - INFO - composites.py:489 - Closing Dask client
2025-08-30 00:53:48,360 - INFO - composites.py:493 - Closing Dask cluster
2025-08-30 00:53:48,360 - INFO - composites.py:494 - #######################################################################
