2025-08-29 12:28:49,506 - INFO - composites.py:102 - #######################################################################
2025-08-29 12:28:49,506 - INFO - composites.py:104 - Processing started
2025-08-29 12:28:49,506 - INFO - composites.py:105 -         Tile: x10_y08
2025-08-29 12:28:49,506 - INFO - composites.py:106 -         Time: 2021-11
2025-08-29 12:28:49,506 - INFO - composites.py:109 -                           
2025-08-29 12:28:49,506 - INFO - composites.py:110 - Establishing connection to datacube
2025-08-29 12:28:50,163 - INFO - composites.py:113 -                           
2025-08-29 12:28:50,164 - INFO - composites.py:114 - Sanity test: Check if dataset already exists in the datacube
2025-08-29 12:28:50,181 - INFO - composites.py:133 - The composite requested was not found and it will be computed
2025-08-29 12:28:50,181 - INFO - composites.py:136 -                                  
2025-08-29 12:28:50,181 - INFO - composites.py:137 - Initializing Dask cluster for parallelization
2025-08-29 12:28:55,385 - INFO - composites.py:161 - Dask dashboard is available at: http://127.0.0.1:8787/status
2025-08-29 12:28:55,385 - INFO - composites.py:164 - Create directories and naming conversions
2025-08-29 12:28:55,395 - INFO - composites.py:177 - Dataset location: //nas-rs.topo.auth.gr/Latomeia/DROUGHT/composites/x10/y08/2021/11/01
2025-08-29 12:28:55,395 - INFO - composites.py:180 -                           
2025-08-29 12:28:55,395 - INFO - composites.py:181 - Retrieve tile geometry
2025-08-29 12:28:55,425 - INFO - composites.py:192 - Create the Bounding Box (φ,λ)
2025-08-29 12:28:55,425 - INFO - composites.py:198 - Create the Bounding Box (x,y)
2025-08-29 12:28:55,425 - INFO - composites.py:211 -                           
2025-08-29 12:28:55,425 - INFO - composites.py:212 - Connect to Planetary Computer STAC Catalog
2025-08-29 12:28:55,640 - INFO - composites.py:220 - Search the STAC Catalog
2025-08-29 12:28:55,722 - INFO - composites.py:232 -         Query parameters:
2025-08-29 12:28:55,722 - INFO - composites.py:233 -             url:          https://planetarycomputer.microsoft.com/api/stac/v1/search
2025-08-29 12:28:55,722 - INFO - composites.py:234 -             client:       microsoft-pc
2025-08-29 12:28:55,722 - INFO - composites.py:235 -             collection:   sentinel-2-l2a
2025-08-29 12:28:55,722 - INFO - composites.py:236 -             bbox:         (22.316206507160903, 36.86212166478193, 22.975825813790852, 37.413146481379215)
2025-08-29 12:28:55,722 - INFO - composites.py:237 -             time range:   2021-11-01T00:00:00Z/2021-11-30T23:59:59Z
2025-08-29 12:28:55,722 - INFO - composites.py:238 -             cloud cover:  0% - 70%
2025-08-29 12:28:55,722 - INFO - composites.py:239 -             nodata cover: 0% - 33%
2025-08-29 12:28:55,722 - INFO - composites.py:241 -                           
2025-08-29 12:28:55,722 - INFO - composites.py:242 - Searching...
2025-08-29 12:28:56,252 - INFO - composites.py:245 - Query found 10 items
2025-08-29 12:28:56,252 - INFO - composites.py:247 - Searching for GRI REFINED scenes:
2025-08-29 12:29:01,105 - INFO - sentinel2.py:78 - 1/10 - S2B_MSIL2A_20211126T091219_R050_T34SFF_20211126T212544 -> REFINED
2025-08-29 12:29:06,811 - INFO - sentinel2.py:78 - 2/10 - S2A_MSIL2A_20211124T092321_R093_T34SFF_20211124T224957 -> REFINED
2025-08-29 12:29:11,988 - INFO - sentinel2.py:78 - 3/10 - S2A_MSIL2A_20211121T091301_R050_T34SFG_20211121T191524 -> REFINED
2025-08-29 12:29:17,582 - INFO - sentinel2.py:78 - 4/10 - S2A_MSIL2A_20211121T091301_R050_T34SFF_20211121T181113 -> REFINED
2025-08-29 12:29:22,677 - INFO - sentinel2.py:78 - 5/10 - S2A_MSIL2A_20211114T092241_R093_T34SFG_20211114T173130 -> REFINED
2025-08-29 12:29:27,706 - INFO - sentinel2.py:78 - 6/10 - S2A_MSIL2A_20211114T092241_R093_T34SFF_20211114T180114 -> REFINED
2025-08-29 12:29:32,064 - INFO - sentinel2.py:78 - 7/10 - S2B_MSIL2A_20211106T091059_R050_T34SFF_20211107T022312 -> REFINED
2025-08-29 12:29:37,322 - INFO - sentinel2.py:78 - 8/10 - S2A_MSIL2A_20211104T092151_R093_T34SFG_20211110T014549 -> REFINED
2025-08-29 12:29:42,723 - INFO - sentinel2.py:78 - 9/10 - S2A_MSIL2A_20211104T092151_R093_T34SFF_20211110T023904 -> REFINED
2025-08-29 12:29:47,511 - INFO - sentinel2.py:78 - 10/10 - S2A_MSIL2A_20211101T091131_R050_T34SFG_20211103T005031 -> REFINED
2025-08-29 12:29:47,553 - INFO - composites.py:250 -                                  
2025-08-29 12:29:47,553 - INFO - composites.py:251 - 10/10 were refined by GRI.
2025-08-29 12:29:47,553 - INFO - composites.py:263 - Looking for up to 10 cleanest images within spatiotemporal range of each MGRS tile
2025-08-29 12:29:47,553 - INFO - composites.py:277 - Filtered cleanest scenes: Kept 10 out of 10 items. 
2025-08-29 12:29:47,553 - INFO - composites.py:278 -         Included MGRS Tiles: ['34SFF' '34SFG']
2025-08-29 12:29:47,555 - INFO - composites.py:279 -         Included EPSG codes: [32634]
2025-08-29 12:29:47,555 - INFO - composites.py:281 - Selected scenes:
2025-08-29 12:29:47,555 - INFO - composites.py:283 -         S2A_MSIL2A_20211104T092151_R093_T34SFF_20211110T023904
2025-08-29 12:29:47,555 - INFO - composites.py:283 -         S2A_MSIL2A_20211121T091301_R050_T34SFF_20211121T181113
2025-08-29 12:29:47,561 - INFO - composites.py:283 -         S2A_MSIL2A_20211124T092321_R093_T34SFF_20211124T224957
2025-08-29 12:29:47,561 - INFO - composites.py:283 -         S2B_MSIL2A_20211106T091059_R050_T34SFF_20211107T022312
2025-08-29 12:29:47,561 - INFO - composites.py:283 -         S2A_MSIL2A_20211114T092241_R093_T34SFF_20211114T180114
2025-08-29 12:29:47,561 - INFO - composites.py:283 -         S2B_MSIL2A_20211126T091219_R050_T34SFF_20211126T212544
2025-08-29 12:29:47,562 - INFO - composites.py:283 -         S2A_MSIL2A_20211104T092151_R093_T34SFG_20211110T014549
2025-08-29 12:29:47,562 - INFO - composites.py:283 -         S2A_MSIL2A_20211121T091301_R050_T34SFG_20211121T191524
2025-08-29 12:29:47,562 - INFO - composites.py:283 -         S2A_MSIL2A_20211101T091131_R050_T34SFG_20211103T005031
2025-08-29 12:29:47,562 - INFO - composites.py:283 -         S2A_MSIL2A_20211114T092241_R093_T34SFG_20211114T173130
2025-08-29 12:29:47,965 - INFO - sentinel2.py:154 - Matplotlib backend: Agg
2025-08-29 12:29:48,128 - INFO - sentinel2.py:224 - Write input scenes footprint overlay: //nas-rs.topo.auth.gr/Latomeia/DROUGHT/composites/x10/y08/2021/11/01/S2L2A_medcomp_x10y08_202111_InDataFootprint.jpeg
2025-08-29 12:29:48,417 - INFO - composites.py:297 -                                  
2025-08-29 12:29:48,417 - INFO - composites.py:298 - Downstream STAC items from Planetary Computer
2025-08-29 12:29:48,417 - INFO - timeseries_processing.py:115 -                                  
2025-08-29 12:29:48,417 - INFO - timeseries_processing.py:116 - Loading bands of diferent resolutions in EPSG:32634
2025-08-29 12:29:48,417 - INFO - timeseries_processing.py:120 -     Filtering items with native UTM EPSG:32634
2025-08-29 12:29:48,417 - INFO - timeseries_processing.py:122 -     10 Items in EPSG:32634
2025-08-29 12:29:48,417 - INFO - timeseries_processing.py:129 -                        
2025-08-29 12:29:48,417 - INFO - timeseries_processing.py:130 -     Loading parameters:
2025-08-29 12:29:48,417 - INFO - timeseries_processing.py:131 -         Bands: ['B05', 'B07', 'B8A', 'SCL']
2025-08-29 12:29:48,417 - INFO - timeseries_processing.py:132 -         Spatial resolution: 20
2025-08-29 12:29:48,417 - INFO - timeseries_processing.py:134 -         Get Assets from STAC Items
2025-08-29 12:29:48,417 - INFO - timeseries_processing.py:47 -         Initialize the STAC client
2025-08-29 12:29:48,917 - INFO - timeseries_processing.py:137 -         Loading 10 STAC Items....
2025-08-29 12:30:39,058 - INFO - timeseries_processing.py:146 -         Cube has been downloaded
2025-08-29 12:30:39,058 - INFO - timeseries_processing.py:156 -         Fix order of dimensions
2025-08-29 12:30:39,059 - INFO - timeseries_processing.py:161 -         Append bands to the band-list of EPSG:32634
2025-08-29 12:30:39,059 - INFO - timeseries_processing.py:129 -                        
2025-08-29 12:30:39,060 - INFO - timeseries_processing.py:130 -     Loading parameters:
2025-08-29 12:30:39,060 - INFO - timeseries_processing.py:131 -         Bands: ['B02', 'B03', 'B04']
2025-08-29 12:30:39,060 - INFO - timeseries_processing.py:132 -         Spatial resolution: 10
2025-08-29 12:30:39,060 - INFO - timeseries_processing.py:134 -         Get Assets from STAC Items
2025-08-29 12:30:39,060 - INFO - timeseries_processing.py:47 -         Initialize the STAC client
2025-08-29 12:30:39,658 - INFO - timeseries_processing.py:137 -         Loading 10 STAC Items....
2025-08-29 12:32:31,016 - INFO - timeseries_processing.py:146 -         Cube has been downloaded
2025-08-29 12:32:31,016 - INFO - timeseries_processing.py:149 -         Reproject to downsample 10m bands to 20m by Resampling.average 2x2 binning and shape matching with odc.geo.GeoBox
2025-08-29 12:32:40,903 - INFO - timeseries_processing.py:161 -         Append bands to the band-list of EPSG:32634
2025-08-29 12:32:40,903 - INFO - timeseries_processing.py:165 -                        
2025-08-29 12:32:40,903 - INFO - timeseries_processing.py:166 -     Merging bands in a single dataset
2025-08-29 12:32:40,904 - INFO - timeseries_processing.py:167 -     Ensure all partial datasets are at (x=20, y=-20) resolution
2025-08-29 12:32:40,904 - INFO - timeseries_processing.py:171 -     Clip to the intersection of indexes
2025-08-29 12:32:42,182 - INFO - timeseries_processing.py:180 -     Make a list of bands to merge
2025-08-29 12:32:42,182 - INFO - timeseries_processing.py:184 -     Merge on intersection
2025-08-29 12:32:42,183 - INFO - timeseries_processing.py:192 -     Apply masks on clouds, shadows, thin cirrus, and snow/ice
2025-08-29 12:32:42,183 - INFO - sentinel2.py:122 -                Masking bits: [3, 7, 8, 9, 10, 11]
2025-08-29 12:32:43,102 - INFO - composites.py:307 - Reproject from UTM Zone to Tile geometry -> CRS(EPSG:32634), Resampling.bilinear
2025-08-29 12:32:48,108 - INFO - composites.py:310 -     New shape of datasets: Shape2d(x=2400, y=2400)
2025-08-29 12:32:48,749 - INFO - composites.py:342 - Creating preview plot of input scenes
2025-08-29 12:33:17,783 - INFO - timeseries_processing.py:349 - Saved preview for 'B04' to //nas-rs.topo.auth.gr/Latomeia/DROUGHT/composites/x10/y08/2021/11/01/S2L2A_medcomp_x10y08_202111_InDataPreview.jpeg
2025-08-29 12:33:17,788 - INFO - composites.py:348 - Clip value range
2025-08-29 12:33:19,256 - INFO - composites.py:353 -                           
2025-08-29 12:33:19,256 - INFO - composites.py:354 - Computing spectral indices:
2025-08-29 12:33:19,256 - INFO - composites.py:357 -     EVI...
2025-08-29 12:33:20,127 - INFO - composites.py:359 -     NDVI...
2025-08-29 12:33:20,432 - INFO - composites.py:361 -     PSRI2...
2025-08-29 12:33:20,641 - INFO - composites.py:364 - Clip to typical value range
2025-08-29 12:33:20,910 - INFO - composites.py:371 - Reducing to median value temporal composite
2025-08-29 12:33:50,040 - INFO - composites.py:390 - Scale and Define data types & nodata per band
2025-08-29 12:33:50,156 - INFO - composites.py:411 - Assign time range and tile ID in metadata
2025-08-29 12:33:50,156 - INFO - composites.py:419 - Write bands to raster COG files
2025-08-29 12:33:54,181 - INFO - composites.py:432 - Write B02 -> //nas-rs.topo.auth.gr/Latomeia/DROUGHT/composites/x10/y08/2021/11/01/S2L2A_medcomp_x10y08_202111_B02.tif
2025-08-29 12:33:58,308 - INFO - composites.py:432 - Write B03 -> //nas-rs.topo.auth.gr/Latomeia/DROUGHT/composites/x10/y08/2021/11/01/S2L2A_medcomp_x10y08_202111_B03.tif
2025-08-29 12:34:02,386 - INFO - composites.py:432 - Write B04 -> //nas-rs.topo.auth.gr/Latomeia/DROUGHT/composites/x10/y08/2021/11/01/S2L2A_medcomp_x10y08_202111_B04.tif
2025-08-29 12:34:06,425 - INFO - composites.py:432 - Write B05 -> //nas-rs.topo.auth.gr/Latomeia/DROUGHT/composites/x10/y08/2021/11/01/S2L2A_medcomp_x10y08_202111_B05.tif
2025-08-29 12:34:10,954 - INFO - composites.py:432 - Write B07 -> //nas-rs.topo.auth.gr/Latomeia/DROUGHT/composites/x10/y08/2021/11/01/S2L2A_medcomp_x10y08_202111_B07.tif
2025-08-29 12:34:15,282 - INFO - composites.py:432 - Write B8A -> //nas-rs.topo.auth.gr/Latomeia/DROUGHT/composites/x10/y08/2021/11/01/S2L2A_medcomp_x10y08_202111_B8A.tif
2025-08-29 12:34:19,300 - INFO - composites.py:432 - Write EVI -> //nas-rs.topo.auth.gr/Latomeia/DROUGHT/composites/x10/y08/2021/11/01/S2L2A_medcomp_x10y08_202111_EVI.tif
2025-08-29 12:34:23,336 - INFO - composites.py:432 - Write NDVI -> //nas-rs.topo.auth.gr/Latomeia/DROUGHT/composites/x10/y08/2021/11/01/S2L2A_medcomp_x10y08_202111_NDVI.tif
2025-08-29 12:34:27,484 - INFO - composites.py:432 - Write PSRI2 -> //nas-rs.topo.auth.gr/Latomeia/DROUGHT/composites/x10/y08/2021/11/01/S2L2A_medcomp_x10y08_202111_PSRI2.tif
2025-08-29 12:34:27,489 - INFO - composites.py:436 - Prepare metadata YAML document
2025-08-29 12:34:28,001 - INFO - composites.py:458 - Write metadata YAML document to disk
2025-08-29 12:34:28,031 - INFO - composites.py:463 - Create datacube.model.Dataset from eo3 metadata
2025-08-29 12:34:28,042 - INFO - composites.py:476 - Index to datacube
2025-08-29 12:34:28,043 - INFO - _datasets.py:191 - Indexing 6e968f09-6790-481c-af46-23f50d1043c9
2025-08-29 12:34:28,050 - INFO - composites.py:479 - 
2025-08-29 12:34:28,051 - INFO - composites.py:480 -              ✔✔✔ COMPLETED: Tile x10_y08 | Time: 2021-11 | In 5.64 minutes
2025-08-29 12:34:28,051 - INFO - composites.py:481 - 
2025-08-29 12:34:28,051 - INFO - composites.py:489 - Closing Dask client
2025-08-29 12:34:28,053 - INFO - composites.py:493 - Closing Dask cluster
2025-08-29 12:34:28,053 - INFO - composites.py:494 - #######################################################################
