2025-08-22 11:58:50,450 - INFO - composites.py:101 - #######################################################################
2025-08-22 11:58:50,450 - INFO - composites.py:103 - Processing started
2025-08-22 11:58:50,450 - INFO - composites.py:104 -         Tile: x08_y10
2025-08-22 11:58:50,451 - INFO - composites.py:105 -         Time: 2020-08
2025-08-22 11:58:50,451 - INFO - composites.py:108 -                           
2025-08-22 11:58:50,451 - INFO - composites.py:109 - Establishing connection to datacube
2025-08-22 11:58:50,985 - INFO - composites.py:112 -                           
2025-08-22 11:58:50,987 - INFO - composites.py:113 - Sanity test: Check if dataset already exists in the datacube
2025-08-22 11:58:51,004 - INFO - composites.py:132 - The composite requested was not found and it will be computed
2025-08-22 11:58:51,004 - INFO - composites.py:135 -                                  
2025-08-22 11:58:51,004 - INFO - composites.py:136 - Initializing Dask cluster for parallelization
2025-08-22 11:58:56,079 - INFO - composites.py:160 - Dask dashboard is available at: http://127.0.0.1:8787/status
2025-08-22 11:58:56,079 - INFO - composites.py:163 - Create directories and naming conversions
2025-08-22 11:58:56,085 - INFO - composites.py:174 - Dataset location: //nas-rs.topo.auth.gr/Latomeia/DROUGHT/COMPOS/2020/08/x08_y10
2025-08-22 11:58:56,085 - INFO - composites.py:177 -                           
2025-08-22 11:58:56,085 - INFO - composites.py:178 - Retrieve tile geometry
2025-08-22 11:58:56,114 - INFO - composites.py:189 - Create the Bounding Box (φ,λ)
2025-08-22 11:58:56,114 - INFO - composites.py:195 - Create the Bounding Box (x,y)
2025-08-22 11:58:56,114 - INFO - composites.py:208 -                           
2025-08-22 11:58:56,114 - INFO - composites.py:209 - Connect to Planetary Computer STAC Catalog
2025-08-22 11:58:56,489 - INFO - composites.py:217 - Search the STAC Catalog
2025-08-22 11:58:56,560 - INFO - composites.py:229 -         Query parameters:
2025-08-22 11:58:56,560 - INFO - composites.py:230 -             url:          https://planetarycomputer.microsoft.com/api/stac/v1/search
2025-08-22 11:58:56,560 - INFO - composites.py:231 -             client:       microsoft-pc
2025-08-22 11:58:56,560 - INFO - composites.py:232 -             collection:   sentinel-2-l2a
2025-08-22 11:58:56,560 - INFO - composites.py:233 -             bbox:         (21.39721400014901, 37.8618519319046, 22.06142649589928, 38.40819969704171)
2025-08-22 11:58:56,560 - INFO - composites.py:234 -             time range:   2020-08-01T00:00:00Z/2020-08-31T23:59:59Z
2025-08-22 11:58:56,560 - INFO - composites.py:235 -             cloud cover:  0% - 70%
2025-08-22 11:58:56,560 - INFO - composites.py:236 -             nodata cover: 0% - 33%
2025-08-22 11:58:56,560 - INFO - composites.py:238 -                           
2025-08-22 11:58:56,560 - INFO - composites.py:239 - Searching...
2025-08-22 11:58:57,052 - INFO - composites.py:242 - Query found 14 items
2025-08-22 11:58:57,052 - INFO - composites.py:244 - Searching for GRI REFINED scenes:
2025-08-22 11:59:04,060 - INFO - sentinel2.py:78 - 1/14 - S2A_MSIL2A_20200831T092031_R093_T34SEH_20200907T201642 -> Not Found
2025-08-22 11:59:11,598 - INFO - sentinel2.py:78 - 2/14 - S2A_MSIL2A_20200831T092031_R093_T34SEG_20200907T201645 -> Not Found
2025-08-22 11:59:19,149 - INFO - sentinel2.py:78 - 3/14 - S2B_MSIL2A_20200826T092029_R093_T34SEH_20200827T215852 -> Not Found
2025-08-22 11:59:26,816 - INFO - sentinel2.py:78 - 4/14 - S2B_MSIL2A_20200826T092029_R093_T34SEG_20200919T033142 -> Not Found
2025-08-22 11:59:34,326 - INFO - sentinel2.py:78 - 5/14 - S2A_MSIL2A_20200821T092031_R093_T34SEH_20200822T221735 -> Not Found
2025-08-22 11:59:41,651 - INFO - sentinel2.py:78 - 6/14 - S2A_MSIL2A_20200821T092031_R093_T34SEG_20200908T172924 -> Not Found
2025-08-22 11:59:48,738 - INFO - sentinel2.py:78 - 7/14 - S2B_MSIL2A_20200816T092029_R093_T34SEH_20200818T141212 -> Not Found
2025-08-22 11:59:56,524 - INFO - sentinel2.py:78 - 8/14 - S2B_MSIL2A_20200816T092029_R093_T34SEG_20200818T141206 -> Not Found
2025-08-22 12:00:04,034 - INFO - sentinel2.py:78 - 9/14 - S2A_MSIL2A_20200811T092031_R093_T34SEH_20200814T182623 -> Not Found
2025-08-22 12:00:10,851 - INFO - sentinel2.py:78 - 10/14 - S2A_MSIL2A_20200811T092031_R093_T34SEG_20200814T182640 -> Not Found
2025-08-22 12:00:18,541 - INFO - sentinel2.py:78 - 11/14 - S2B_MSIL2A_20200806T092029_R093_T34SEH_20200815T062513 -> Not Found
2025-08-22 12:00:25,378 - INFO - sentinel2.py:78 - 12/14 - S2B_MSIL2A_20200806T092029_R093_T34SEG_20200815T062509 -> Not Found
2025-08-22 12:00:32,137 - INFO - sentinel2.py:78 - 13/14 - S2A_MSIL2A_20200801T092031_R093_T34SEH_20200815T172459 -> Not Found
2025-08-22 12:00:38,923 - INFO - sentinel2.py:78 - 14/14 - S2A_MSIL2A_20200801T092031_R093_T34SEG_20200815T172458 -> Not Found
2025-08-22 12:00:38,975 - INFO - composites.py:247 -                                  
2025-08-22 12:00:38,975 - INFO - composites.py:248 - 0/14 were refined by GRI.
2025-08-22 12:00:38,976 - WARNING - composites.py:252 - Tile x08_y10 | Time: 2020-08: All scenes are flagged NOT REFINED.
2025-08-22 12:00:38,976 - WARNING - composites.py:253 - Tile x08_y10 | Time: 2020-08: The composite will be flagged with _NOREFINED.
2025-08-22 12:00:38,976 - INFO - composites.py:260 - Looking for up to 10 cleanest images within spatiotemporal range of each MGRS tile
2025-08-22 12:00:38,976 - INFO - composites.py:274 - Filtered cleanest scenes: Kept 14 out of 14 items. 
2025-08-22 12:00:38,976 - INFO - composites.py:275 -         Included MGRS Tiles: ['34SEG' '34SEH']
2025-08-22 12:00:38,978 - INFO - composites.py:276 -         Included EPSG codes: [32634]
2025-08-22 12:00:38,978 - INFO - composites.py:278 - Selected scenes:
2025-08-22 12:00:38,978 - INFO - composites.py:280 -         S2A_MSIL2A_20200831T092031_R093_T34SEG_20200907T201645
2025-08-22 12:00:38,982 - INFO - composites.py:280 -         S2B_MSIL2A_20200816T092029_R093_T34SEG_20200818T141206
2025-08-22 12:00:38,983 - INFO - composites.py:280 -         S2A_MSIL2A_20200811T092031_R093_T34SEG_20200814T182640
2025-08-22 12:00:38,987 - INFO - composites.py:280 -         S2A_MSIL2A_20200801T092031_R093_T34SEG_20200815T172458
2025-08-22 12:00:38,987 - INFO - composites.py:280 -         S2A_MSIL2A_20200821T092031_R093_T34SEG_20200908T172924
2025-08-22 12:00:38,987 - INFO - composites.py:280 -         S2B_MSIL2A_20200806T092029_R093_T34SEG_20200815T062509
2025-08-22 12:00:38,987 - INFO - composites.py:280 -         S2B_MSIL2A_20200826T092029_R093_T34SEG_20200919T033142
2025-08-22 12:00:38,987 - INFO - composites.py:280 -         S2A_MSIL2A_20200831T092031_R093_T34SEH_20200907T201642
2025-08-22 12:00:38,987 - INFO - composites.py:280 -         S2A_MSIL2A_20200821T092031_R093_T34SEH_20200822T221735
2025-08-22 12:00:38,987 - INFO - composites.py:280 -         S2B_MSIL2A_20200816T092029_R093_T34SEH_20200818T141212
2025-08-22 12:00:38,987 - INFO - composites.py:280 -         S2A_MSIL2A_20200801T092031_R093_T34SEH_20200815T172459
2025-08-22 12:00:38,987 - INFO - composites.py:280 -         S2B_MSIL2A_20200826T092029_R093_T34SEH_20200827T215852
2025-08-22 12:00:38,987 - INFO - composites.py:280 -         S2A_MSIL2A_20200811T092031_R093_T34SEH_20200814T182623
2025-08-22 12:00:38,988 - INFO - composites.py:280 -         S2B_MSIL2A_20200806T092029_R093_T34SEH_20200815T062513
2025-08-22 12:00:39,344 - INFO - sentinel2.py:154 - Matplotlib backend: Agg
2025-08-22 12:00:39,652 - INFO - sentinel2.py:224 - Write input scenes footprint overlay: //nas-rs.topo.auth.gr/Latomeia/DROUGHT/COMPOS/2020/08/x08_y10/S2L2A_medcomp_x08_y10_202008_InDataFootprint.jpeg
2025-08-22 12:00:39,869 - INFO - composites.py:294 -                                  
2025-08-22 12:00:39,870 - INFO - composites.py:295 - Downstream STAC items from Planetary Computer
2025-08-22 12:00:39,870 - INFO - timeseries_processing.py:115 -                                  
2025-08-22 12:00:39,870 - INFO - timeseries_processing.py:116 - Loading bands of diferent resolutions in EPSG:32634
2025-08-22 12:00:39,870 - INFO - timeseries_processing.py:120 -     Filtering items with native UTM EPSG:32634
2025-08-22 12:00:39,870 - INFO - timeseries_processing.py:122 -     14 Items in EPSG:32634
2025-08-22 12:00:39,871 - INFO - timeseries_processing.py:129 -                        
2025-08-22 12:00:39,871 - INFO - timeseries_processing.py:130 -     Loading parameters:
2025-08-22 12:00:39,871 - INFO - timeseries_processing.py:131 -         Bands: ['B05', 'B07', 'B8A', 'SCL']
2025-08-22 12:00:39,871 - INFO - timeseries_processing.py:132 -         Spatial resolution: 20
2025-08-22 12:00:39,871 - INFO - timeseries_processing.py:134 -         Get Assets from STAC Items
2025-08-22 12:00:39,871 - INFO - timeseries_processing.py:47 -         Initialize the STAC client
2025-08-22 12:00:40,422 - INFO - timeseries_processing.py:137 -         Loading 14 STAC Items....
2025-08-22 12:01:42,651 - INFO - timeseries_processing.py:146 -         Cube has been downloaded
2025-08-22 12:01:42,651 - INFO - timeseries_processing.py:156 -         Fix order of dimensions
2025-08-22 12:01:42,652 - INFO - timeseries_processing.py:161 -         Append bands to the band-list of EPSG:32634
2025-08-22 12:01:42,653 - INFO - timeseries_processing.py:129 -                        
2025-08-22 12:01:42,653 - INFO - timeseries_processing.py:130 -     Loading parameters:
2025-08-22 12:01:42,653 - INFO - timeseries_processing.py:131 -         Bands: ['B02', 'B03', 'B04']
2025-08-22 12:01:42,653 - INFO - timeseries_processing.py:132 -         Spatial resolution: 10
2025-08-22 12:01:42,653 - INFO - timeseries_processing.py:134 -         Get Assets from STAC Items
2025-08-22 12:01:42,653 - INFO - timeseries_processing.py:47 -         Initialize the STAC client
2025-08-22 12:01:43,145 - INFO - timeseries_processing.py:137 -         Loading 14 STAC Items....
2025-08-22 12:03:07,144 - INFO - timeseries_processing.py:146 -         Cube has been downloaded
2025-08-22 12:03:07,144 - INFO - timeseries_processing.py:149 -         Reproject to downsample 10m bands to 20m by Resampling.average 2x2 binning and shape matching with odc.geo.GeoBox
2025-08-22 12:03:18,088 - INFO - timeseries_processing.py:161 -         Append bands to the band-list of EPSG:32634
2025-08-22 12:03:18,088 - INFO - timeseries_processing.py:165 -                        
2025-08-22 12:03:18,088 - INFO - timeseries_processing.py:166 -     Merging bands in a single dataset
2025-08-22 12:03:18,088 - INFO - timeseries_processing.py:167 -     Ensure all partial datasets are at (x=20, y=-20) resolution
2025-08-22 12:03:18,088 - INFO - timeseries_processing.py:171 -     Clip to the intersection of indexes
2025-08-22 12:03:19,582 - INFO - timeseries_processing.py:180 -     Make a list of bands to merge
2025-08-22 12:03:19,583 - INFO - timeseries_processing.py:184 -     Merge on intersection
2025-08-22 12:03:19,584 - INFO - timeseries_processing.py:192 -     Apply masks on clouds, shadows, thin cirrus, and snow/ice
2025-08-22 12:03:19,584 - INFO - sentinel2.py:122 -                Masking bits: [3, 7, 8, 9, 10, 11]
2025-08-22 12:03:20,536 - INFO - composites.py:304 - Reproject from UTM Zone to Tile geometry -> CRS(EPSG:32634), Resampling.bilinear
2025-08-22 12:03:25,766 - INFO - composites.py:307 -     New shape of datasets: Shape2d(x=2400, y=2400)
2025-08-22 12:03:26,337 - INFO - composites.py:339 - Creating preview plot of input scenes
2025-08-22 12:03:58,801 - INFO - timeseries_processing.py:349 - Saved preview for 'B04' to //nas-rs.topo.auth.gr/Latomeia/DROUGHT/COMPOS/2020/08/x08_y10/S2L2A_medcomp_x08_y10_202008_InDataPreview.jpeg
2025-08-22 12:03:58,807 - INFO - composites.py:345 - Clip value range
2025-08-22 12:04:00,361 - INFO - composites.py:350 -                           
2025-08-22 12:04:00,361 - INFO - composites.py:351 - Computing spectral indices:
2025-08-22 12:04:00,362 - INFO - composites.py:354 -     EVI...
2025-08-22 12:04:01,323 - INFO - composites.py:356 -     NDVI...
2025-08-22 12:04:01,602 - INFO - composites.py:358 -     PSRI2...
2025-08-22 12:04:01,873 - INFO - composites.py:361 - Clip to typical value range
2025-08-22 12:04:02,163 - INFO - composites.py:368 - Reducing to median value temporal composite
2025-08-22 12:04:26,875 - INFO - composites.py:387 - Define data types and nodata per band
2025-08-22 12:04:26,980 - INFO - composites.py:408 - Assign time range and tile ID in metadata
2025-08-22 12:04:26,980 - INFO - composites.py:416 - Write bands to raster COG files
2025-08-22 12:04:31,111 - INFO - composites.py:429 - Write B02 -> //nas-rs.topo.auth.gr/Latomeia/DROUGHT/COMPOS/2020/08/x08_y10/S2L2A_medcomp_x08_y10_202008_B02.tif
2025-08-22 12:04:35,109 - INFO - composites.py:429 - Write B03 -> //nas-rs.topo.auth.gr/Latomeia/DROUGHT/COMPOS/2020/08/x08_y10/S2L2A_medcomp_x08_y10_202008_B03.tif
2025-08-22 12:04:39,398 - INFO - composites.py:429 - Write B04 -> //nas-rs.topo.auth.gr/Latomeia/DROUGHT/COMPOS/2020/08/x08_y10/S2L2A_medcomp_x08_y10_202008_B04.tif
2025-08-22 12:04:43,296 - INFO - composites.py:429 - Write B05 -> //nas-rs.topo.auth.gr/Latomeia/DROUGHT/COMPOS/2020/08/x08_y10/S2L2A_medcomp_x08_y10_202008_B05.tif
2025-08-22 12:04:47,150 - INFO - composites.py:429 - Write B07 -> //nas-rs.topo.auth.gr/Latomeia/DROUGHT/COMPOS/2020/08/x08_y10/S2L2A_medcomp_x08_y10_202008_B07.tif
2025-08-22 12:04:51,006 - INFO - composites.py:429 - Write B8A -> //nas-rs.topo.auth.gr/Latomeia/DROUGHT/COMPOS/2020/08/x08_y10/S2L2A_medcomp_x08_y10_202008_B8A.tif
2025-08-22 12:04:54,818 - INFO - composites.py:429 - Write EVI -> //nas-rs.topo.auth.gr/Latomeia/DROUGHT/COMPOS/2020/08/x08_y10/S2L2A_medcomp_x08_y10_202008_evi.tif
2025-08-22 12:04:58,599 - INFO - composites.py:429 - Write NDVI -> //nas-rs.topo.auth.gr/Latomeia/DROUGHT/COMPOS/2020/08/x08_y10/S2L2A_medcomp_x08_y10_202008_ndvi.tif
2025-08-22 12:05:02,658 - INFO - composites.py:429 - Write PSRI2 -> //nas-rs.topo.auth.gr/Latomeia/DROUGHT/COMPOS/2020/08/x08_y10/S2L2A_medcomp_x08_y10_202008_psri2.tif
2025-08-22 12:05:02,658 - INFO - composites.py:433 - Prepare metadata YAML document
2025-08-22 12:05:03,328 - INFO - composites.py:454 - Write metadata YAML document to disk
2025-08-22 12:05:03,351 - INFO - composites.py:459 - Create datacube.model.Dataset from eo3 metadata
2025-08-22 12:05:03,362 - INFO - composites.py:470 - Index to datacube
2025-08-22 12:05:03,362 - INFO - _datasets.py:191 - Indexing 5305a7ed-62a5-4a7f-af4d-567c908ba2d8
2025-08-22 12:05:03,370 - INFO - composites.py:473 - 
2025-08-22 12:05:03,370 - INFO - composites.py:474 -              ✔✔✔ COMPLETED: Tile x08_y10 | Time: 2020-08 | In 6.22 minutes
2025-08-22 12:05:03,370 - INFO - composites.py:475 - 
2025-08-22 12:05:03,370 - INFO - composites.py:483 - Closing Dask client
2025-08-22 12:05:03,373 - INFO - composites.py:487 - Closing Dask cluster
2025-08-22 12:05:03,373 - INFO - composites.py:488 - #######################################################################
