2025-08-19 09:20:45,548 - INFO - composites.py:104 - #######################################################################
2025-08-19 09:20:45,548 - INFO - composites.py:106 - Processing started
2025-08-19 09:20:45,548 - INFO - composites.py:107 -         Tile: x12_y11
2025-08-19 09:20:45,548 - INFO - composites.py:108 -         Time: 2021-03
2025-08-19 09:20:45,548 - INFO - composites.py:111 -                           
2025-08-19 09:20:45,549 - INFO - composites.py:112 - Establishing connection to datacube
2025-08-19 09:20:46,334 - INFO - composites.py:115 -                           
2025-08-19 09:20:46,334 - INFO - composites.py:116 - Sanity test: Check if dataset already exists in the datacube
2025-08-19 09:20:46,357 - INFO - composites.py:135 - The composite requested was not found and it will be computed
2025-08-19 09:20:46,357 - INFO - composites.py:138 -                                  
2025-08-19 09:20:46,357 - INFO - composites.py:139 - Initializing Dask cluster for parallelization
2025-08-19 09:20:53,192 - INFO - composites.py:163 - Dask dashboard is available at: http://127.0.0.1:8787/status
2025-08-19 09:20:53,193 - INFO - composites.py:166 - Create directories and naming conversions
2025-08-19 09:20:53,199 - INFO - composites.py:177 - Dataset location: //nas-rs.topo.auth.gr/Latomeia/DROUGHT/COMPOS/2021/03/x12_y11
2025-08-19 09:20:53,199 - INFO - composites.py:180 -                           
2025-08-19 09:20:53,199 - INFO - composites.py:181 - Retrieve tile geometry
2025-08-19 09:20:53,244 - INFO - composites.py:192 - Create the Bounding Box (φ,λ)
2025-08-19 09:20:53,244 - INFO - composites.py:198 - Create the Bounding Box (x,y)
2025-08-19 09:20:53,244 - INFO - composites.py:211 -                           
2025-08-19 09:20:53,245 - INFO - composites.py:212 - Connect to Planetary Computer STAC Catalog
2025-08-19 09:20:53,412 - INFO - composites.py:220 - Search the STAC Catalog
2025-08-19 09:20:53,487 - INFO - composites.py:232 -         Query parameters:
2025-08-19 09:20:53,487 - INFO - composites.py:233 -             url:          https://planetarycomputer.microsoft.com/api/stac/v1/search
2025-08-19 09:20:53,487 - INFO - composites.py:234 -             client:       microsoft-pc
2025-08-19 09:20:53,487 - INFO - composites.py:235 -             collection:   sentinel-2-l2a
2025-08-19 09:20:53,487 - INFO - composites.py:236 -             bbox:         (23.628548648210305, 37.993645379626564, 24.306565062510593, 38.55017402535158)
2025-08-19 09:20:53,487 - INFO - composites.py:237 -             time range:   2021-03-01T00:00:00Z/2021-03-31T23:59:59Z
2025-08-19 09:20:53,487 - INFO - composites.py:238 -             cloud cover:  0% - 70%
2025-08-19 09:20:53,487 - INFO - composites.py:239 -             nodata cover: 0% - 33%
2025-08-19 09:20:53,487 - INFO - composites.py:241 -                           
2025-08-19 09:20:53,487 - INFO - composites.py:242 - Searching...
2025-08-19 09:20:53,893 - INFO - composites.py:245 - Query found 8 items
2025-08-19 09:20:53,893 - INFO - composites.py:247 - Searching for GRI REFINED scenes:
2025-08-19 09:21:05,728 - INFO - sentinel2.py:78 - 1/8 - S2A_MSIL2A_20210326T090611_R050_T35SKC_20210326T231844 -> Not Found
2025-08-19 09:21:12,196 - INFO - sentinel2.py:78 - 2/8 - S2A_MSIL2A_20210326T090611_R050_T34SGH_20210327T001110 -> Not Found
2025-08-19 09:21:18,330 - INFO - sentinel2.py:78 - 3/8 - S2A_MSIL2A_20210316T090721_R050_T35SKC_20210317T055541 -> Not Found
2025-08-19 09:21:25,563 - INFO - sentinel2.py:78 - 4/8 - S2A_MSIL2A_20210316T090721_R050_T34SGH_20210317T050244 -> Not Found
2025-08-19 09:21:31,388 - INFO - sentinel2.py:78 - 5/8 - S2A_MSIL2A_20210306T090831_R050_T35SKC_20210307T054436 -> Not Found
2025-08-19 09:21:37,324 - INFO - sentinel2.py:78 - 6/8 - S2A_MSIL2A_20210306T090831_R050_T34SGH_20210307T050720 -> Not Found
2025-08-19 09:21:44,452 - INFO - sentinel2.py:78 - 7/8 - S2B_MSIL2A_20210301T090819_R050_T35SKC_20210301T204058 -> Not Found
2025-08-19 09:21:51,732 - INFO - sentinel2.py:78 - 8/8 - S2B_MSIL2A_20210301T090819_R050_T34SGH_20210301T192012 -> Not Found
2025-08-19 09:21:51,791 - INFO - composites.py:250 -                                  
2025-08-19 09:21:51,791 - INFO - composites.py:251 - 0/8 were refined by GRI.
2025-08-19 09:21:51,792 - WARNING - composites.py:255 - Tile x12_y11 | Time: 2021-03: All scenes are flagged NOT REFINED.
2025-08-19 09:21:51,792 - WARNING - composites.py:256 - Tile x12_y11 | Time: 2021-03: The composite will be flagged with _NOREFINED.
2025-08-19 09:21:51,792 - INFO - composites.py:263 - Looking for up to 10 cleanest images within spatiotemporal range of each MGRS tile
2025-08-19 09:21:51,793 - INFO - composites.py:277 - Filtered cleanest scenes: Kept 8 out of 8 items. 
2025-08-19 09:21:51,793 - INFO - composites.py:278 -         Included MGRS Tiles: ['34SGH' '35SKC']
2025-08-19 09:21:51,793 - INFO - composites.py:279 -         Included EPSG codes: [32634 32635]
2025-08-19 09:21:51,793 - INFO - composites.py:281 - Selected scenes:
2025-08-19 09:21:51,794 - INFO - composites.py:283 -         S2A_MSIL2A_20210316T090721_R050_T34SGH_20210317T050244
2025-08-19 09:21:51,794 - INFO - composites.py:283 -         S2A_MSIL2A_20210326T090611_R050_T34SGH_20210327T001110
2025-08-19 09:21:51,794 - INFO - composites.py:283 -         S2A_MSIL2A_20210306T090831_R050_T34SGH_20210307T050720
2025-08-19 09:21:51,794 - INFO - composites.py:283 -         S2B_MSIL2A_20210301T090819_R050_T34SGH_20210301T192012
2025-08-19 09:21:51,794 - INFO - composites.py:283 -         S2A_MSIL2A_20210316T090721_R050_T35SKC_20210317T055541
2025-08-19 09:21:51,794 - INFO - composites.py:283 -         S2A_MSIL2A_20210326T090611_R050_T35SKC_20210326T231844
2025-08-19 09:21:51,794 - INFO - composites.py:283 -         S2B_MSIL2A_20210301T090819_R050_T35SKC_20210301T204058
2025-08-19 09:21:51,794 - INFO - composites.py:283 -         S2A_MSIL2A_20210306T090831_R050_T35SKC_20210307T054436
2025-08-19 09:21:52,411 - INFO - sentinel2.py:154 - Matplotlib backend: Agg
2025-08-19 09:21:52,683 - INFO - sentinel2.py:224 - Write input scenes footprint overlay: //nas-rs.topo.auth.gr/Latomeia/DROUGHT/COMPOS/2021/03/x12_y11/S2L2A_medcomp_x12_y11_202103_InDataFootprint.jpeg
2025-08-19 09:21:52,957 - INFO - composites.py:297 -                                  
2025-08-19 09:21:52,957 - INFO - composites.py:298 - Downstream STAC items from Planetary Computer
2025-08-19 09:21:52,957 - INFO - timeseries_processing.py:114 -                                  
2025-08-19 09:21:52,957 - INFO - timeseries_processing.py:115 - Loading bands of diferent resolutions in EPSG:32634
2025-08-19 09:21:52,957 - INFO - timeseries_processing.py:119 -     Filtering items with native UTM EPSG:32634
2025-08-19 09:21:52,957 - INFO - timeseries_processing.py:121 -     4 Items in EPSG:32634
2025-08-19 09:21:52,957 - INFO - timeseries_processing.py:128 -                        
2025-08-19 09:21:52,957 - INFO - timeseries_processing.py:129 -     Loading parameters:
2025-08-19 09:21:52,957 - INFO - timeseries_processing.py:130 -         Bands: ['B05', 'B07', 'B8A', 'SCL']
2025-08-19 09:21:52,957 - INFO - timeseries_processing.py:131 -         Spatial resolution: 20
2025-08-19 09:21:52,957 - INFO - timeseries_processing.py:133 -         Get Assets from STAC Items
2025-08-19 09:21:52,957 - INFO - timeseries_processing.py:46 -         Initialize the STAC client
2025-08-19 09:21:53,434 - INFO - timeseries_processing.py:136 -         Loading 4 STAC Items....
2025-08-19 09:22:29,137 - INFO - timeseries_processing.py:158 -         Cube has been downloaded
2025-08-19 09:22:29,138 - INFO - timeseries_processing.py:167 -         Fix order of dimensions
2025-08-19 09:22:29,139 - INFO - timeseries_processing.py:172 -         Append bands to the band-list of EPSG:32634
2025-08-19 09:22:29,140 - INFO - timeseries_processing.py:128 -                        
2025-08-19 09:22:29,140 - INFO - timeseries_processing.py:129 -     Loading parameters:
2025-08-19 09:22:29,141 - INFO - timeseries_processing.py:130 -         Bands: ['B02', 'B03', 'B04']
2025-08-19 09:22:29,141 - INFO - timeseries_processing.py:131 -         Spatial resolution: 10
2025-08-19 09:22:29,142 - INFO - timeseries_processing.py:133 -         Get Assets from STAC Items
2025-08-19 09:22:29,142 - INFO - timeseries_processing.py:46 -         Initialize the STAC client
2025-08-19 09:22:29,618 - INFO - timeseries_processing.py:136 -         Loading 4 STAC Items....
2025-08-19 09:23:46,192 - INFO - timeseries_processing.py:158 -         Cube has been downloaded
2025-08-19 09:23:46,192 - INFO - timeseries_processing.py:161 -         Downsample 10m bands to 20m by average 2x2 binning
2025-08-19 09:23:52,050 - INFO - timeseries_processing.py:164 -         Warp (reproject) 2x2 binned bands to match shape of native 20m bands: method=bilinear
2025-08-19 09:23:57,388 - INFO - timeseries_processing.py:172 -         Append bands to the band-list of EPSG:32634
2025-08-19 09:23:57,388 - INFO - timeseries_processing.py:176 -                        
2025-08-19 09:23:57,388 - INFO - timeseries_processing.py:177 -     Merging bands in a single dataset
2025-08-19 09:23:57,388 - INFO - timeseries_processing.py:178 -     Ensure all partial datasets are at (x=20, y=-20) resolution
2025-08-19 09:23:57,389 - INFO - timeseries_processing.py:182 -     Clip to the intersection of indexes
2025-08-19 09:23:58,753 - INFO - timeseries_processing.py:191 -     Make a list of bands to merge
2025-08-19 09:23:58,753 - INFO - timeseries_processing.py:195 -     Merge on intersection
2025-08-19 09:23:58,755 - INFO - timeseries_processing.py:203 -     Apply masks on clouds, shadows, thin cirrus, and snow/ice
2025-08-19 09:23:58,755 - INFO - sentinel2.py:122 -                Masking bits: [3, 7, 8, 9, 10, 11]
2025-08-19 09:23:59,319 - INFO - timeseries_processing.py:209 -     Reproject to Tiling Schema projection EPSG:3035
2025-08-19 09:24:05,250 - INFO - timeseries_processing.py:114 -                                  
2025-08-19 09:24:05,250 - INFO - timeseries_processing.py:115 - Loading bands of diferent resolutions in EPSG:32635
2025-08-19 09:24:05,251 - INFO - timeseries_processing.py:119 -     Filtering items with native UTM EPSG:32635
2025-08-19 09:24:05,251 - INFO - timeseries_processing.py:121 -     4 Items in EPSG:32635
2025-08-19 09:24:05,251 - INFO - timeseries_processing.py:128 -                        
2025-08-19 09:24:05,251 - INFO - timeseries_processing.py:129 -     Loading parameters:
2025-08-19 09:24:05,251 - INFO - timeseries_processing.py:130 -         Bands: ['B05', 'B07', 'B8A', 'SCL']
2025-08-19 09:24:05,251 - INFO - timeseries_processing.py:131 -         Spatial resolution: 20
2025-08-19 09:24:05,251 - INFO - timeseries_processing.py:133 -         Get Assets from STAC Items
2025-08-19 09:24:05,251 - INFO - timeseries_processing.py:46 -         Initialize the STAC client
2025-08-19 09:24:05,732 - INFO - timeseries_processing.py:136 -         Loading 4 STAC Items....
2025-08-19 09:24:42,720 - INFO - timeseries_processing.py:158 -         Cube has been downloaded
2025-08-19 09:24:42,721 - INFO - timeseries_processing.py:167 -         Fix order of dimensions
2025-08-19 09:24:42,722 - INFO - timeseries_processing.py:172 -         Append bands to the band-list of EPSG:32635
2025-08-19 09:24:42,722 - INFO - timeseries_processing.py:128 -                        
2025-08-19 09:24:42,722 - INFO - timeseries_processing.py:129 -     Loading parameters:
2025-08-19 09:24:42,723 - INFO - timeseries_processing.py:130 -         Bands: ['B02', 'B03', 'B04']
2025-08-19 09:24:42,723 - INFO - timeseries_processing.py:131 -         Spatial resolution: 10
2025-08-19 09:24:42,724 - INFO - timeseries_processing.py:133 -         Get Assets from STAC Items
2025-08-19 09:24:42,724 - INFO - timeseries_processing.py:46 -         Initialize the STAC client
2025-08-19 09:24:43,190 - INFO - timeseries_processing.py:136 -         Loading 4 STAC Items....
2025-08-19 09:26:04,842 - INFO - timeseries_processing.py:158 -         Cube has been downloaded
2025-08-19 09:26:04,843 - INFO - timeseries_processing.py:161 -         Downsample 10m bands to 20m by average 2x2 binning
2025-08-19 09:26:10,818 - INFO - timeseries_processing.py:164 -         Warp (reproject) 2x2 binned bands to match shape of native 20m bands: method=bilinear
2025-08-19 09:26:12,788 - INFO - timeseries_processing.py:172 -         Append bands to the band-list of EPSG:32635
2025-08-19 09:26:12,788 - INFO - timeseries_processing.py:176 -                        
2025-08-19 09:26:12,788 - INFO - timeseries_processing.py:177 -     Merging bands in a single dataset
2025-08-19 09:26:12,788 - INFO - timeseries_processing.py:178 -     Ensure all partial datasets are at (x=20, y=-20) resolution
2025-08-19 09:26:12,789 - INFO - timeseries_processing.py:182 -     Clip to the intersection of indexes
2025-08-19 09:26:12,791 - INFO - timeseries_processing.py:191 -     Make a list of bands to merge
2025-08-19 09:26:12,792 - INFO - timeseries_processing.py:195 -     Merge on intersection
2025-08-19 09:26:12,792 - INFO - timeseries_processing.py:203 -     Apply masks on clouds, shadows, thin cirrus, and snow/ice
2025-08-19 09:26:12,792 - INFO - sentinel2.py:122 -                Masking bits: [3, 7, 8, 9, 10, 11]
2025-08-19 09:26:13,392 - INFO - timeseries_processing.py:209 -     Reproject to Tiling Schema projection EPSG:3035
2025-08-19 09:26:19,391 - INFO - composites.py:307 - Clip and align to tile geometry
2025-08-19 09:26:22,541 - INFO - composites.py:313 -                           
2025-08-19 09:26:22,542 - INFO - composites.py:314 - Mosaic datasets of different native UTM zones to a single dataset
2025-08-19 09:26:26,342 - INFO - composites.py:340 - Creating preview plot of input scenes
2025-08-19 09:26:51,419 - INFO - timeseries_processing.py:367 - Saved preview for 'B04' to //nas-rs.topo.auth.gr/Latomeia/DROUGHT/COMPOS/2021/03/x12_y11/S2L2A_medcomp_x12_y11_202103_InDataPreview.jpeg
2025-08-19 09:26:51,422 - INFO - composites.py:346 - Clip value range
2025-08-19 09:26:52,299 - INFO - composites.py:351 -                           
2025-08-19 09:26:52,299 - INFO - composites.py:352 - Computing spectral indices:
2025-08-19 09:26:52,301 - INFO - composites.py:355 -     EVI...
2025-08-19 09:26:52,802 - INFO - composites.py:357 -     NDVI...
2025-08-19 09:26:52,996 - INFO - composites.py:359 -     PSRI2...
2025-08-19 09:26:53,173 - INFO - composites.py:362 - Clip to typical value range
2025-08-19 09:26:53,350 - INFO - composites.py:369 - Reducing to median value temporal composite
2025-08-19 09:27:25,605 - INFO - composites.py:388 - Define data types and nodata per band
2025-08-19 09:27:25,759 - INFO - composites.py:409 - Assign time range and tile ID in metadata
2025-08-19 09:27:25,759 - INFO - composites.py:417 - Write bands to raster COG files
2025-08-19 09:27:30,427 - INFO - composites.py:430 - Write B02 -> //nas-rs.topo.auth.gr/Latomeia/DROUGHT/COMPOS/2021/03/x12_y11/S2L2A_medcomp_x12_y11_202103_B02.tif
2025-08-19 09:27:35,075 - INFO - composites.py:430 - Write B03 -> //nas-rs.topo.auth.gr/Latomeia/DROUGHT/COMPOS/2021/03/x12_y11/S2L2A_medcomp_x12_y11_202103_B03.tif
2025-08-19 09:27:39,794 - INFO - composites.py:430 - Write B04 -> //nas-rs.topo.auth.gr/Latomeia/DROUGHT/COMPOS/2021/03/x12_y11/S2L2A_medcomp_x12_y11_202103_B04.tif
2025-08-19 09:27:44,539 - INFO - composites.py:430 - Write B05 -> //nas-rs.topo.auth.gr/Latomeia/DROUGHT/COMPOS/2021/03/x12_y11/S2L2A_medcomp_x12_y11_202103_B05.tif
2025-08-19 09:27:49,335 - INFO - composites.py:430 - Write B07 -> //nas-rs.topo.auth.gr/Latomeia/DROUGHT/COMPOS/2021/03/x12_y11/S2L2A_medcomp_x12_y11_202103_B07.tif
2025-08-19 09:27:54,077 - INFO - composites.py:430 - Write B8A -> //nas-rs.topo.auth.gr/Latomeia/DROUGHT/COMPOS/2021/03/x12_y11/S2L2A_medcomp_x12_y11_202103_B8A.tif
2025-08-19 09:27:58,672 - INFO - composites.py:430 - Write EVI -> //nas-rs.topo.auth.gr/Latomeia/DROUGHT/COMPOS/2021/03/x12_y11/S2L2A_medcomp_x12_y11_202103_evi.tif
2025-08-19 09:28:03,253 - INFO - composites.py:430 - Write NDVI -> //nas-rs.topo.auth.gr/Latomeia/DROUGHT/COMPOS/2021/03/x12_y11/S2L2A_medcomp_x12_y11_202103_ndvi.tif
2025-08-19 09:28:08,033 - INFO - composites.py:430 - Write PSRI2 -> //nas-rs.topo.auth.gr/Latomeia/DROUGHT/COMPOS/2021/03/x12_y11/S2L2A_medcomp_x12_y11_202103_psri2.tif
2025-08-19 09:28:08,048 - INFO - composites.py:434 - Prepare metadata YAML document
2025-08-19 09:28:08,884 - INFO - composites.py:455 - Write metadata YAML document to disk
2025-08-19 09:28:08,913 - INFO - composites.py:460 - Create datacube.model.Dataset from eo3 metadata
2025-08-19 09:28:08,924 - INFO - composites.py:471 - Index to datacube
2025-08-19 09:28:08,924 - INFO - _datasets.py:191 - Indexing 1c11897d-d487-4b91-8bfc-cdd044b60612
2025-08-19 09:28:08,933 - INFO - composites.py:474 - 
2025-08-19 09:28:08,933 - INFO - composites.py:475 -              ✔✔✔ COMPLETED: Tile x12_y11 | Time: 2021-03 | In 7.39 minutes
2025-08-19 09:28:08,933 - INFO - composites.py:476 - 
2025-08-19 09:28:08,933 - INFO - composites.py:484 - Closing Dask client
2025-08-19 09:28:08,934 - INFO - composites.py:488 - Closing Dask cluster
2025-08-19 09:28:08,934 - INFO - composites.py:489 - #######################################################################
