2025-08-29 03:34:38,963 - INFO - composites.py:102 - #######################################################################
2025-08-29 03:34:38,963 - INFO - composites.py:104 - Processing started
2025-08-29 03:34:38,963 - INFO - composites.py:105 -         Tile: x09_y08
2025-08-29 03:34:38,963 - INFO - composites.py:106 -         Time: 2021-08
2025-08-29 03:34:38,964 - INFO - composites.py:109 -                           
2025-08-29 03:34:38,964 - INFO - composites.py:110 - Establishing connection to datacube
2025-08-29 03:34:39,502 - INFO - composites.py:113 -                           
2025-08-29 03:34:39,502 - INFO - composites.py:114 - Sanity test: Check if dataset already exists in the datacube
2025-08-29 03:34:39,520 - INFO - composites.py:133 - The composite requested was not found and it will be computed
2025-08-29 03:34:39,520 - INFO - composites.py:136 -                                  
2025-08-29 03:34:39,520 - INFO - composites.py:137 - Initializing Dask cluster for parallelization
2025-08-29 03:34:44,597 - INFO - composites.py:161 - Dask dashboard is available at: http://127.0.0.1:8787/status
2025-08-29 03:34:44,598 - INFO - composites.py:164 - Create directories and naming conversions
2025-08-29 03:34:44,607 - INFO - composites.py:177 - Dataset location: //nas-rs.topo.auth.gr/Latomeia/DROUGHT/composites/x09/y08/2021/08/01
2025-08-29 03:34:44,607 - INFO - composites.py:180 -                           
2025-08-29 03:34:44,607 - INFO - composites.py:181 - Retrieve tile geometry
2025-08-29 03:34:44,650 - INFO - composites.py:192 - Create the Bounding Box (φ,λ)
2025-08-29 03:34:44,650 - INFO - composites.py:198 - Create the Bounding Box (x,y)
2025-08-29 03:34:44,650 - INFO - composites.py:211 -                           
2025-08-29 03:34:44,650 - INFO - composites.py:212 - Connect to Planetary Computer STAC Catalog
2025-08-29 03:34:44,872 - INFO - composites.py:220 - Search the STAC Catalog
2025-08-29 03:34:44,946 - INFO - composites.py:232 -         Query parameters:
2025-08-29 03:34:44,946 - INFO - composites.py:233 -             url:          https://planetarycomputer.microsoft.com/api/stac/v1/search
2025-08-29 03:34:44,946 - INFO - composites.py:234 -             client:       microsoft-pc
2025-08-29 03:34:44,946 - INFO - composites.py:235 -             collection:   sentinel-2-l2a
2025-08-29 03:34:44,946 - INFO - composites.py:236 -             bbox:         (21.78584004803282, 36.93347873319104, 22.44323109883715, 37.48202094723898)
2025-08-29 03:34:44,946 - INFO - composites.py:237 -             time range:   2021-08-01T00:00:00Z/2021-08-31T23:59:59Z
2025-08-29 03:34:44,946 - INFO - composites.py:238 -             cloud cover:  0% - 70%
2025-08-29 03:34:44,946 - INFO - composites.py:239 -             nodata cover: 0% - 33%
2025-08-29 03:34:44,946 - INFO - composites.py:241 -                           
2025-08-29 03:34:44,946 - INFO - composites.py:242 - Searching...
2025-08-29 03:34:45,463 - INFO - composites.py:245 - Query found 40 items
2025-08-29 03:34:45,465 - INFO - composites.py:247 - Searching for GRI REFINED scenes:
2025-08-29 03:34:50,264 - INFO - sentinel2.py:78 - 1/40 - S2B_MSIL2A_20210831T092029_R093_T34SFG_20210831T220407 -> REFINED
2025-08-29 03:34:55,985 - INFO - sentinel2.py:78 - 2/40 - S2B_MSIL2A_20210831T092029_R093_T34SFF_20210831T220934 -> REFINED
2025-08-29 03:35:00,581 - INFO - sentinel2.py:78 - 3/40 - S2B_MSIL2A_20210831T092029_R093_T34SEG_20210831T215731 -> REFINED
2025-08-29 03:35:05,983 - INFO - sentinel2.py:78 - 4/40 - S2B_MSIL2A_20210831T092029_R093_T34SEF_20210831T212844 -> REFINED
2025-08-29 03:35:10,598 - INFO - sentinel2.py:78 - 5/40 - S2B_MSIL2A_20210828T090549_R050_T34SFG_20210828T183745 -> REFINED
2025-08-29 03:35:15,872 - INFO - sentinel2.py:78 - 6/40 - S2B_MSIL2A_20210828T090549_R050_T34SFF_20210828T194631 -> REFINED
2025-08-29 03:35:21,829 - INFO - sentinel2.py:78 - 7/40 - S2A_MSIL2A_20210826T092031_R093_T34SFG_20210826T232153 -> REFINED
2025-08-29 03:35:26,824 - INFO - sentinel2.py:78 - 8/40 - S2A_MSIL2A_20210826T092031_R093_T34SFF_20210826T233315 -> REFINED
2025-08-29 03:35:33,811 - INFO - sentinel2.py:78 - 9/40 - S2A_MSIL2A_20210826T092031_R093_T34SEG_20210826T214403 -> REFINED
2025-08-29 03:35:38,856 - INFO - sentinel2.py:78 - 10/40 - S2A_MSIL2A_20210826T092031_R093_T34SEF_20210826T222943 -> REFINED
2025-08-29 03:35:45,312 - INFO - sentinel2.py:78 - 11/40 - S2A_MSIL2A_20210823T090601_R050_T34SFG_20210823T161502 -> REFINED
2025-08-29 03:35:50,864 - INFO - sentinel2.py:78 - 12/40 - S2A_MSIL2A_20210823T090601_R050_T34SFF_20210823T175617 -> REFINED
2025-08-29 03:35:56,411 - INFO - sentinel2.py:78 - 13/40 - S2B_MSIL2A_20210821T092029_R093_T34SFG_20210822T000940 -> REFINED
2025-08-29 03:36:02,531 - INFO - sentinel2.py:78 - 14/40 - S2B_MSIL2A_20210821T092029_R093_T34SFF_20210821T234201 -> REFINED
2025-08-29 03:36:07,123 - INFO - sentinel2.py:78 - 15/40 - S2B_MSIL2A_20210821T092029_R093_T34SEG_20210822T012210 -> REFINED
2025-08-29 03:36:13,220 - INFO - sentinel2.py:78 - 16/40 - S2B_MSIL2A_20210821T092029_R093_T34SEF_20210822T004630 -> REFINED
2025-08-29 03:36:19,039 - INFO - sentinel2.py:78 - 17/40 - S2B_MSIL2A_20210818T090559_R050_T34SFG_20210818T225321 -> REFINED
2025-08-29 03:36:23,681 - INFO - sentinel2.py:78 - 18/40 - S2B_MSIL2A_20210818T090559_R050_T34SFF_20210818T221405 -> REFINED
2025-08-29 03:36:30,163 - INFO - sentinel2.py:78 - 19/40 - S2A_MSIL2A_20210816T092031_R093_T34SFG_20210816T193628 -> REFINED
2025-08-29 03:36:35,916 - INFO - sentinel2.py:78 - 20/40 - S2A_MSIL2A_20210816T092031_R093_T34SFF_20210816T172551 -> REFINED
2025-08-29 03:36:40,500 - INFO - sentinel2.py:78 - 21/40 - S2A_MSIL2A_20210816T092031_R093_T34SEG_20210816T172439 -> REFINED
2025-08-29 03:36:45,800 - INFO - sentinel2.py:78 - 22/40 - S2A_MSIL2A_20210816T092031_R093_T34SEF_20210816T182650 -> REFINED
2025-08-29 03:36:51,386 - INFO - sentinel2.py:78 - 23/40 - S2A_MSIL2A_20210813T090601_R050_T34SFG_20210814T000550 -> REFINED
2025-08-29 03:36:56,746 - INFO - sentinel2.py:78 - 24/40 - S2A_MSIL2A_20210813T090601_R050_T34SFF_20210813T223110 -> REFINED
2025-08-29 03:37:02,547 - INFO - sentinel2.py:78 - 25/40 - S2B_MSIL2A_20210811T092029_R093_T34SFG_20210811T231924 -> REFINED
2025-08-29 03:37:08,440 - INFO - sentinel2.py:78 - 26/40 - S2B_MSIL2A_20210811T092029_R093_T34SFF_20210811T230743 -> REFINED
2025-08-29 03:37:13,648 - INFO - sentinel2.py:78 - 27/40 - S2B_MSIL2A_20210811T092029_R093_T34SEG_20210811T220804 -> REFINED
2025-08-29 03:37:17,999 - INFO - sentinel2.py:78 - 28/40 - S2B_MSIL2A_20210811T092029_R093_T34SEF_20210811T223938 -> REFINED
2025-08-29 03:37:22,536 - INFO - sentinel2.py:78 - 29/40 - S2B_MSIL2A_20210808T090559_R050_T34SFG_20210808T230119 -> REFINED
2025-08-29 03:37:27,808 - INFO - sentinel2.py:78 - 30/40 - S2B_MSIL2A_20210808T090559_R050_T34SFF_20210808T232030 -> REFINED
2025-08-29 03:37:33,123 - INFO - sentinel2.py:78 - 31/40 - S2A_MSIL2A_20210806T092031_R093_T34SFG_20210806T211712 -> REFINED
2025-08-29 03:37:37,773 - INFO - sentinel2.py:78 - 32/40 - S2A_MSIL2A_20210806T092031_R093_T34SFF_20210806T200420 -> REFINED
2025-08-29 03:37:43,083 - INFO - sentinel2.py:78 - 33/40 - S2A_MSIL2A_20210806T092031_R093_T34SEG_20210806T202010 -> REFINED
2025-08-29 03:37:48,395 - INFO - sentinel2.py:78 - 34/40 - S2A_MSIL2A_20210806T092031_R093_T34SEF_20210806T203701 -> REFINED
2025-08-29 03:37:53,789 - INFO - sentinel2.py:78 - 35/40 - S2A_MSIL2A_20210803T090601_R050_T34SFG_20210803T223726 -> REFINED
2025-08-29 03:37:59,708 - INFO - sentinel2.py:78 - 36/40 - S2A_MSIL2A_20210803T090601_R050_T34SFF_20210803T212951 -> REFINED
2025-08-29 03:38:06,029 - INFO - sentinel2.py:78 - 37/40 - S2B_MSIL2A_20210801T092029_R093_T34SFG_20210801T223015 -> REFINED
2025-08-29 03:38:11,856 - INFO - sentinel2.py:78 - 38/40 - S2B_MSIL2A_20210801T092029_R093_T34SFF_20210801T224625 -> REFINED
2025-08-29 03:38:17,035 - INFO - sentinel2.py:78 - 39/40 - S2B_MSIL2A_20210801T092029_R093_T34SEG_20210801T225333 -> REFINED
2025-08-29 03:38:21,977 - INFO - sentinel2.py:78 - 40/40 - S2B_MSIL2A_20210801T092029_R093_T34SEF_20210801T230646 -> REFINED
2025-08-29 03:38:22,018 - INFO - composites.py:250 -                                  
2025-08-29 03:38:22,018 - INFO - composites.py:251 - 40/40 were refined by GRI.
2025-08-29 03:38:22,019 - INFO - composites.py:263 - Looking for up to 10 cleanest images within spatiotemporal range of each MGRS tile
2025-08-29 03:38:22,019 - INFO - composites.py:277 - Filtered cleanest scenes: Kept 34 out of 40 items. 
2025-08-29 03:38:22,019 - INFO - composites.py:278 -         Included MGRS Tiles: ['34SEF' '34SEG' '34SFF' '34SFG']
2025-08-29 03:38:22,019 - INFO - composites.py:279 -         Included EPSG codes: [32634]
2025-08-29 03:38:22,020 - INFO - composites.py:281 - Selected scenes:
2025-08-29 03:38:22,020 - INFO - composites.py:283 -         S2B_MSIL2A_20210801T092029_R093_T34SEF_20210801T230646
2025-08-29 03:38:22,020 - INFO - composites.py:283 -         S2B_MSIL2A_20210831T092029_R093_T34SEF_20210831T212844
2025-08-29 03:38:22,034 - INFO - composites.py:283 -         S2A_MSIL2A_20210826T092031_R093_T34SEF_20210826T222943
2025-08-29 03:38:22,048 - INFO - composites.py:283 -         S2A_MSIL2A_20210816T092031_R093_T34SEF_20210816T182650
2025-08-29 03:38:22,054 - INFO - composites.py:283 -         S2B_MSIL2A_20210811T092029_R093_T34SEF_20210811T223938
2025-08-29 03:38:22,063 - INFO - composites.py:283 -         S2A_MSIL2A_20210806T092031_R093_T34SEF_20210806T203701
2025-08-29 03:38:22,063 - INFO - composites.py:283 -         S2B_MSIL2A_20210821T092029_R093_T34SEF_20210822T004630
2025-08-29 03:38:22,063 - INFO - composites.py:283 -         S2B_MSIL2A_20210831T092029_R093_T34SEG_20210831T215731
2025-08-29 03:38:22,063 - INFO - composites.py:283 -         S2B_MSIL2A_20210801T092029_R093_T34SEG_20210801T225333
2025-08-29 03:38:22,064 - INFO - composites.py:283 -         S2A_MSIL2A_20210826T092031_R093_T34SEG_20210826T214403
2025-08-29 03:38:22,064 - INFO - composites.py:283 -         S2A_MSIL2A_20210816T092031_R093_T34SEG_20210816T172439
2025-08-29 03:38:22,064 - INFO - composites.py:283 -         S2A_MSIL2A_20210806T092031_R093_T34SEG_20210806T202010
2025-08-29 03:38:22,065 - INFO - composites.py:283 -         S2B_MSIL2A_20210811T092029_R093_T34SEG_20210811T220804
2025-08-29 03:38:22,065 - INFO - composites.py:283 -         S2B_MSIL2A_20210821T092029_R093_T34SEG_20210822T012210
2025-08-29 03:38:22,065 - INFO - composites.py:283 -         S2B_MSIL2A_20210818T090559_R050_T34SFF_20210818T221405
2025-08-29 03:38:22,065 - INFO - composites.py:283 -         S2B_MSIL2A_20210808T090559_R050_T34SFF_20210808T232030
2025-08-29 03:38:22,065 - INFO - composites.py:283 -         S2A_MSIL2A_20210826T092031_R093_T34SFF_20210826T233315
2025-08-29 03:38:22,065 - INFO - composites.py:283 -         S2B_MSIL2A_20210828T090549_R050_T34SFF_20210828T194631
2025-08-29 03:38:22,065 - INFO - composites.py:283 -         S2A_MSIL2A_20210823T090601_R050_T34SFF_20210823T175617
2025-08-29 03:38:22,065 - INFO - composites.py:283 -         S2A_MSIL2A_20210816T092031_R093_T34SFF_20210816T172551
2025-08-29 03:38:22,065 - INFO - composites.py:283 -         S2B_MSIL2A_20210801T092029_R093_T34SFF_20210801T224625
2025-08-29 03:38:22,065 - INFO - composites.py:283 -         S2A_MSIL2A_20210813T090601_R050_T34SFF_20210813T223110
2025-08-29 03:38:22,065 - INFO - composites.py:283 -         S2B_MSIL2A_20210811T092029_R093_T34SFF_20210811T230743
2025-08-29 03:38:22,065 - INFO - composites.py:283 -         S2B_MSIL2A_20210831T092029_R093_T34SFF_20210831T220934
2025-08-29 03:38:22,065 - INFO - composites.py:283 -         S2A_MSIL2A_20210823T090601_R050_T34SFG_20210823T161502
2025-08-29 03:38:22,065 - INFO - composites.py:283 -         S2B_MSIL2A_20210828T090549_R050_T34SFG_20210828T183745
2025-08-29 03:38:22,065 - INFO - composites.py:283 -         S2B_MSIL2A_20210818T090559_R050_T34SFG_20210818T225321
2025-08-29 03:38:22,065 - INFO - composites.py:283 -         S2A_MSIL2A_20210826T092031_R093_T34SFG_20210826T232153
2025-08-29 03:38:22,065 - INFO - composites.py:283 -         S2A_MSIL2A_20210816T092031_R093_T34SFG_20210816T193628
2025-08-29 03:38:22,065 - INFO - composites.py:283 -         S2B_MSIL2A_20210801T092029_R093_T34SFG_20210801T223015
2025-08-29 03:38:22,066 - INFO - composites.py:283 -         S2A_MSIL2A_20210813T090601_R050_T34SFG_20210814T000550
2025-08-29 03:38:22,066 - INFO - composites.py:283 -         S2A_MSIL2A_20210803T090601_R050_T34SFG_20210803T223726
2025-08-29 03:38:22,066 - INFO - composites.py:283 -         S2B_MSIL2A_20210831T092029_R093_T34SFG_20210831T220407
2025-08-29 03:38:22,066 - INFO - composites.py:283 -         S2B_MSIL2A_20210811T092029_R093_T34SFG_20210811T231924
2025-08-29 03:38:22,492 - INFO - sentinel2.py:154 - Matplotlib backend: Agg
2025-08-29 03:38:22,785 - INFO - sentinel2.py:224 - Write input scenes footprint overlay: //nas-rs.topo.auth.gr/Latomeia/DROUGHT/composites/x09/y08/2021/08/01/S2L2A_medcomp_x09y08_202108_InDataFootprint.jpeg
2025-08-29 03:38:23,089 - INFO - composites.py:297 -                                  
2025-08-29 03:38:23,089 - INFO - composites.py:298 - Downstream STAC items from Planetary Computer
2025-08-29 03:38:23,089 - INFO - timeseries_processing.py:115 -                                  
2025-08-29 03:38:23,089 - INFO - timeseries_processing.py:116 - Loading bands of diferent resolutions in EPSG:32634
2025-08-29 03:38:23,089 - INFO - timeseries_processing.py:120 -     Filtering items with native UTM EPSG:32634
2025-08-29 03:38:23,089 - INFO - timeseries_processing.py:122 -     34 Items in EPSG:32634
2025-08-29 03:38:23,089 - INFO - timeseries_processing.py:129 -                        
2025-08-29 03:38:23,089 - INFO - timeseries_processing.py:130 -     Loading parameters:
2025-08-29 03:38:23,089 - INFO - timeseries_processing.py:131 -         Bands: ['B05', 'B07', 'B8A', 'SCL']
2025-08-29 03:38:23,089 - INFO - timeseries_processing.py:132 -         Spatial resolution: 20
2025-08-29 03:38:23,089 - INFO - timeseries_processing.py:134 -         Get Assets from STAC Items
2025-08-29 03:38:23,089 - INFO - timeseries_processing.py:47 -         Initialize the STAC client
2025-08-29 03:38:23,832 - INFO - timeseries_processing.py:137 -         Loading 34 STAC Items....
2025-08-29 03:39:41,739 - INFO - timeseries_processing.py:146 -         Cube has been downloaded
2025-08-29 03:39:41,739 - INFO - timeseries_processing.py:156 -         Fix order of dimensions
2025-08-29 03:39:41,741 - INFO - timeseries_processing.py:161 -         Append bands to the band-list of EPSG:32634
2025-08-29 03:39:41,742 - INFO - timeseries_processing.py:129 -                        
2025-08-29 03:39:41,742 - INFO - timeseries_processing.py:130 -     Loading parameters:
2025-08-29 03:39:41,743 - INFO - timeseries_processing.py:131 -         Bands: ['B02', 'B03', 'B04']
2025-08-29 03:39:41,743 - INFO - timeseries_processing.py:132 -         Spatial resolution: 10
2025-08-29 03:39:41,743 - INFO - timeseries_processing.py:134 -         Get Assets from STAC Items
2025-08-29 03:39:41,743 - INFO - timeseries_processing.py:47 -         Initialize the STAC client
2025-08-29 03:39:42,430 - INFO - timeseries_processing.py:137 -         Loading 34 STAC Items....
2025-08-29 03:44:06,918 - INFO - timeseries_processing.py:146 -         Cube has been downloaded
2025-08-29 03:44:06,918 - INFO - timeseries_processing.py:149 -         Reproject to downsample 10m bands to 20m by Resampling.average 2x2 binning and shape matching with odc.geo.GeoBox
2025-08-29 03:44:24,513 - INFO - timeseries_processing.py:161 -         Append bands to the band-list of EPSG:32634
2025-08-29 03:44:24,513 - INFO - timeseries_processing.py:165 -                        
2025-08-29 03:44:24,513 - INFO - timeseries_processing.py:166 -     Merging bands in a single dataset
2025-08-29 03:44:24,513 - INFO - timeseries_processing.py:167 -     Ensure all partial datasets are at (x=20, y=-20) resolution
2025-08-29 03:44:24,519 - INFO - timeseries_processing.py:171 -     Clip to the intersection of indexes
2025-08-29 03:44:25,877 - INFO - timeseries_processing.py:180 -     Make a list of bands to merge
2025-08-29 03:44:25,878 - INFO - timeseries_processing.py:184 -     Merge on intersection
2025-08-29 03:44:25,879 - INFO - timeseries_processing.py:192 -     Apply masks on clouds, shadows, thin cirrus, and snow/ice
2025-08-29 03:44:25,879 - INFO - sentinel2.py:122 -                Masking bits: [3, 7, 8, 9, 10, 11]
2025-08-29 03:44:27,402 - INFO - composites.py:307 - Reproject from UTM Zone to Tile geometry -> CRS(EPSG:32634), Resampling.bilinear
2025-08-29 03:44:36,203 - INFO - composites.py:310 -     New shape of datasets: Shape2d(x=2400, y=2400)
2025-08-29 03:44:36,956 - INFO - composites.py:342 - Creating preview plot of input scenes
2025-08-29 03:45:16,922 - INFO - timeseries_processing.py:349 - Saved preview for 'B04' to //nas-rs.topo.auth.gr/Latomeia/DROUGHT/composites/x09/y08/2021/08/01/S2L2A_medcomp_x09y08_202108_InDataPreview.jpeg
2025-08-29 03:45:16,934 - INFO - composites.py:348 - Clip value range
2025-08-29 03:45:19,584 - INFO - composites.py:353 -                           
2025-08-29 03:45:19,596 - INFO - composites.py:354 - Computing spectral indices:
2025-08-29 03:45:19,607 - INFO - composites.py:357 -     EVI...
2025-08-29 03:45:21,187 - INFO - composites.py:359 -     NDVI...
2025-08-29 03:45:21,694 - INFO - composites.py:361 -     PSRI2...
2025-08-29 03:45:22,111 - INFO - composites.py:364 - Clip to typical value range
2025-08-29 03:45:22,571 - INFO - composites.py:371 - Reducing to median value temporal composite
2025-08-29 03:45:50,008 - INFO - composites.py:390 - Scale and Define data types & nodata per band
2025-08-29 03:45:50,168 - INFO - composites.py:411 - Assign time range and tile ID in metadata
2025-08-29 03:45:50,168 - INFO - composites.py:419 - Write bands to raster COG files
2025-08-29 03:45:54,127 - INFO - composites.py:432 - Write B02 -> //nas-rs.topo.auth.gr/Latomeia/DROUGHT/composites/x09/y08/2021/08/01/S2L2A_medcomp_x09y08_202108_B02.tif
2025-08-29 03:45:58,038 - INFO - composites.py:432 - Write B03 -> //nas-rs.topo.auth.gr/Latomeia/DROUGHT/composites/x09/y08/2021/08/01/S2L2A_medcomp_x09y08_202108_B03.tif
2025-08-29 03:46:03,502 - INFO - composites.py:432 - Write B04 -> //nas-rs.topo.auth.gr/Latomeia/DROUGHT/composites/x09/y08/2021/08/01/S2L2A_medcomp_x09y08_202108_B04.tif
2025-08-29 03:46:08,688 - INFO - composites.py:432 - Write B05 -> //nas-rs.topo.auth.gr/Latomeia/DROUGHT/composites/x09/y08/2021/08/01/S2L2A_medcomp_x09y08_202108_B05.tif
2025-08-29 03:46:12,775 - INFO - composites.py:432 - Write B07 -> //nas-rs.topo.auth.gr/Latomeia/DROUGHT/composites/x09/y08/2021/08/01/S2L2A_medcomp_x09y08_202108_B07.tif
2025-08-29 03:46:16,732 - INFO - composites.py:432 - Write B8A -> //nas-rs.topo.auth.gr/Latomeia/DROUGHT/composites/x09/y08/2021/08/01/S2L2A_medcomp_x09y08_202108_B8A.tif
2025-08-29 03:46:21,382 - INFO - composites.py:432 - Write EVI -> //nas-rs.topo.auth.gr/Latomeia/DROUGHT/composites/x09/y08/2021/08/01/S2L2A_medcomp_x09y08_202108_EVI.tif
2025-08-29 03:46:25,416 - INFO - composites.py:432 - Write NDVI -> //nas-rs.topo.auth.gr/Latomeia/DROUGHT/composites/x09/y08/2021/08/01/S2L2A_medcomp_x09y08_202108_NDVI.tif
2025-08-29 03:46:29,243 - INFO - composites.py:432 - Write PSRI2 -> //nas-rs.topo.auth.gr/Latomeia/DROUGHT/composites/x09/y08/2021/08/01/S2L2A_medcomp_x09y08_202108_PSRI2.tif
2025-08-29 03:46:29,262 - INFO - composites.py:436 - Prepare metadata YAML document
2025-08-29 03:46:29,815 - INFO - composites.py:458 - Write metadata YAML document to disk
2025-08-29 03:46:29,846 - INFO - composites.py:463 - Create datacube.model.Dataset from eo3 metadata
2025-08-29 03:46:29,856 - INFO - composites.py:476 - Index to datacube
2025-08-29 03:46:29,856 - INFO - _datasets.py:191 - Indexing cebce3bf-d3f4-4ac4-9d0d-df449e6ded72
2025-08-29 03:46:29,865 - INFO - composites.py:479 - 
2025-08-29 03:46:29,865 - INFO - composites.py:480 -              ✔✔✔ COMPLETED: Tile x09_y08 | Time: 2021-08 | In 11.85 minutes
2025-08-29 03:46:29,865 - INFO - composites.py:481 - 
2025-08-29 03:46:29,865 - INFO - composites.py:489 - Closing Dask client
2025-08-29 03:46:29,868 - INFO - composites.py:493 - Closing Dask cluster
2025-08-29 03:46:29,868 - INFO - composites.py:494 - #######################################################################
