2025-08-30 05:29:12,709 - INFO - composites.py:102 - #######################################################################
2025-08-30 05:29:12,709 - INFO - composites.py:104 - Processing started
2025-08-30 05:29:12,709 - INFO - composites.py:105 -         Tile: x09_y10
2025-08-30 05:29:12,709 - INFO - composites.py:106 -         Time: 2022-09
2025-08-30 05:29:12,709 - INFO - composites.py:109 -                           
2025-08-30 05:29:12,709 - INFO - composites.py:110 - Establishing connection to datacube
2025-08-30 05:29:13,231 - INFO - composites.py:113 -                           
2025-08-30 05:29:13,231 - INFO - composites.py:114 - Sanity test: Check if dataset already exists in the datacube
2025-08-30 05:29:13,250 - INFO - composites.py:133 - The composite requested was not found and it will be computed
2025-08-30 05:29:13,250 - INFO - composites.py:136 -                                  
2025-08-30 05:29:13,250 - INFO - composites.py:137 - Initializing Dask cluster for parallelization
2025-08-30 05:29:18,567 - INFO - composites.py:161 - Dask dashboard is available at: http://127.0.0.1:8787/status
2025-08-30 05:29:18,567 - INFO - composites.py:164 - Create directories and naming conversions
2025-08-30 05:29:18,579 - INFO - composites.py:177 - Dataset location: //nas-rs.topo.auth.gr/Latomeia/DROUGHT/composites/x09/y10/2022/09/01
2025-08-30 05:29:18,579 - INFO - composites.py:180 -                           
2025-08-30 05:29:18,579 - INFO - composites.py:181 - Retrieve tile geometry
2025-08-30 05:29:18,611 - INFO - composites.py:192 - Create the Bounding Box (φ,λ)
2025-08-30 05:29:18,611 - INFO - composites.py:198 - Create the Bounding Box (x,y)
2025-08-30 05:29:18,612 - INFO - composites.py:211 -                           
2025-08-30 05:29:18,612 - INFO - composites.py:212 - Connect to Planetary Computer STAC Catalog
2025-08-30 05:29:18,866 - INFO - composites.py:220 - Search the STAC Catalog
2025-08-30 05:29:18,936 - INFO - composites.py:232 -         Query parameters:
2025-08-30 05:29:18,936 - INFO - composites.py:233 -             url:          https://planetarycomputer.microsoft.com/api/stac/v1/search
2025-08-30 05:29:18,936 - INFO - composites.py:234 -             client:       microsoft-pc
2025-08-30 05:29:18,936 - INFO - composites.py:235 -             collection:   sentinel-2-l2a
2025-08-30 05:29:18,936 - INFO - composites.py:236 -             bbox:         (21.934886085480986, 37.792474572166405, 22.60144615074973, 38.34135632905737)
2025-08-30 05:29:18,936 - INFO - composites.py:237 -             time range:   2022-09-01T00:00:00Z/2022-09-30T23:59:59Z
2025-08-30 05:29:18,936 - INFO - composites.py:238 -             cloud cover:  0% - 70%
2025-08-30 05:29:18,936 - INFO - composites.py:239 -             nodata cover: 0% - 33%
2025-08-30 05:29:18,936 - INFO - composites.py:241 -                           
2025-08-30 05:29:18,936 - INFO - composites.py:242 - Searching...
2025-08-30 05:29:19,490 - INFO - composites.py:245 - Query found 52 items
2025-08-30 05:29:19,491 - INFO - composites.py:247 - Searching for GRI REFINED scenes:
2025-08-30 05:29:24,154 - INFO - sentinel2.py:78 - 1/52 - S2A_MSIL2A_20220930T092041_R093_T34SFH_20240726T033343 -> REFINED
2025-08-30 05:29:28,693 - INFO - sentinel2.py:78 - 2/52 - S2A_MSIL2A_20220930T092041_R093_T34SFH_20221001T014805 -> REFINED
2025-08-30 05:29:33,147 - INFO - sentinel2.py:78 - 3/52 - S2A_MSIL2A_20220930T092041_R093_T34SFG_20240726T033343 -> REFINED
2025-08-30 05:29:37,614 - INFO - sentinel2.py:78 - 4/52 - S2A_MSIL2A_20220930T092041_R093_T34SFG_20221001T012358 -> REFINED
2025-08-30 05:29:41,394 - INFO - sentinel2.py:78 - 5/52 - S2A_MSIL2A_20220930T092041_R093_T34SEH_20240726T033343 -> REFINED
2025-08-30 05:29:44,843 - INFO - sentinel2.py:78 - 6/52 - S2A_MSIL2A_20220930T092041_R093_T34SEH_20221001T013349 -> REFINED
2025-08-30 05:29:49,306 - INFO - sentinel2.py:78 - 7/52 - S2A_MSIL2A_20220930T092041_R093_T34SEG_20240726T033343 -> REFINED
2025-08-30 05:29:52,668 - INFO - sentinel2.py:78 - 8/52 - S2A_MSIL2A_20220930T092041_R093_T34SEG_20221001T012801 -> REFINED
2025-08-30 05:29:57,086 - INFO - sentinel2.py:78 - 9/52 - S2B_MSIL2A_20220925T092029_R093_T34SFH_20240731T082639 -> REFINED
2025-08-30 05:30:01,037 - INFO - sentinel2.py:78 - 10/52 - S2B_MSIL2A_20220925T092029_R093_T34SFH_20220926T032308 -> REFINED
2025-08-30 05:30:04,966 - INFO - sentinel2.py:78 - 11/52 - S2B_MSIL2A_20220925T092029_R093_T34SFG_20240731T082639 -> REFINED
2025-08-30 05:30:08,890 - INFO - sentinel2.py:78 - 12/52 - S2B_MSIL2A_20220925T092029_R093_T34SFG_20220926T044230 -> REFINED
2025-08-30 05:30:12,115 - INFO - sentinel2.py:78 - 13/52 - S2B_MSIL2A_20220925T092029_R093_T34SEH_20240731T082639 -> REFINED
2025-08-30 05:30:16,565 - INFO - sentinel2.py:78 - 14/52 - S2B_MSIL2A_20220925T092029_R093_T34SEH_20220926T040213 -> REFINED
2025-08-30 05:30:20,281 - INFO - sentinel2.py:78 - 15/52 - S2B_MSIL2A_20220925T092029_R093_T34SEG_20240731T082639 -> REFINED
2025-08-30 05:30:24,274 - INFO - sentinel2.py:78 - 16/52 - S2B_MSIL2A_20220925T092029_R093_T34SEG_20220926T032553 -> REFINED
2025-08-30 05:30:28,719 - INFO - sentinel2.py:78 - 17/52 - S2A_MSIL2A_20220920T092041_R093_T34SFH_20240727T021934 -> REFINED
2025-08-30 05:30:33,665 - INFO - sentinel2.py:78 - 18/52 - S2A_MSIL2A_20220920T092041_R093_T34SFH_20220920T221551 -> REFINED
2025-08-30 05:30:38,126 - INFO - sentinel2.py:78 - 19/52 - S2A_MSIL2A_20220920T092041_R093_T34SFG_20240727T021934 -> REFINED
2025-08-30 05:30:43,496 - INFO - sentinel2.py:78 - 20/52 - S2A_MSIL2A_20220920T092041_R093_T34SFG_20220920T214829 -> REFINED
2025-08-30 05:30:47,978 - INFO - sentinel2.py:78 - 21/52 - S2A_MSIL2A_20220920T092041_R093_T34SEH_20240727T021934 -> REFINED
2025-08-30 05:30:51,997 - INFO - sentinel2.py:78 - 22/52 - S2A_MSIL2A_20220920T092041_R093_T34SEH_20220920T205152 -> REFINED
2025-08-30 05:30:55,894 - INFO - sentinel2.py:78 - 23/52 - S2A_MSIL2A_20220920T092041_R093_T34SEG_20240727T021934 -> REFINED
2025-08-30 05:30:59,580 - INFO - sentinel2.py:78 - 24/52 - S2A_MSIL2A_20220920T092041_R093_T34SEG_20220920T211156 -> REFINED
2025-08-30 05:31:03,948 - INFO - sentinel2.py:78 - 25/52 - S2A_MSIL2A_20220917T090631_R050_T34SFG_20240728T103537 -> REFINED
2025-08-30 05:31:08,036 - INFO - sentinel2.py:78 - 26/52 - S2A_MSIL2A_20220917T090631_R050_T34SFG_20220918T043144 -> REFINED
2025-08-30 05:31:12,488 - INFO - sentinel2.py:78 - 27/52 - S2B_MSIL2A_20220915T092029_R093_T34SFH_20240730T075027 -> REFINED
2025-08-30 05:31:16,340 - INFO - sentinel2.py:78 - 28/52 - S2B_MSIL2A_20220915T092029_R093_T34SFG_20240730T075027 -> REFINED
2025-08-30 05:31:20,813 - INFO - sentinel2.py:78 - 29/52 - S2B_MSIL2A_20220915T092029_R093_T34SFG_20220916T001230 -> REFINED
2025-08-30 05:31:24,655 - INFO - sentinel2.py:78 - 30/52 - S2B_MSIL2A_20220915T092029_R093_T34SEH_20240730T075027 -> REFINED
2025-08-30 05:31:29,138 - INFO - sentinel2.py:78 - 31/52 - S2B_MSIL2A_20220915T092029_R093_T34SEH_20220916T002011 -> REFINED
2025-08-30 05:31:33,653 - INFO - sentinel2.py:78 - 32/52 - S2B_MSIL2A_20220915T092029_R093_T34SEG_20240730T075027 -> REFINED
2025-08-30 05:31:37,470 - INFO - sentinel2.py:78 - 33/52 - S2B_MSIL2A_20220915T092029_R093_T34SEG_20220916T003455 -> REFINED
2025-08-30 05:31:41,390 - INFO - sentinel2.py:78 - 34/52 - S2B_MSIL2A_20220912T090559_R050_T34SFG_20240731T170535 -> REFINED
2025-08-30 05:31:45,204 - INFO - sentinel2.py:78 - 35/52 - S2B_MSIL2A_20220912T090559_R050_T34SFG_20220913T055755 -> REFINED
2025-08-30 05:31:49,341 - INFO - sentinel2.py:78 - 36/52 - S2A_MSIL2A_20220910T091601_R093_T34SFH_20240727T020443 -> REFINED
2025-08-30 05:31:53,143 - INFO - sentinel2.py:78 - 37/52 - S2A_MSIL2A_20220910T091601_R093_T34SFH_20220912T001310 -> REFINED
2025-08-30 05:31:57,144 - INFO - sentinel2.py:78 - 38/52 - S2A_MSIL2A_20220910T091601_R093_T34SFG_20240727T020443 -> REFINED
2025-08-30 05:32:01,948 - INFO - sentinel2.py:78 - 39/52 - S2A_MSIL2A_20220910T091601_R093_T34SFG_20220912T000331 -> REFINED
2025-08-30 05:32:05,225 - INFO - sentinel2.py:78 - 40/52 - S2A_MSIL2A_20220910T091601_R093_T34SEH_20240727T020443 -> REFINED
2025-08-30 05:32:09,043 - INFO - sentinel2.py:78 - 41/52 - S2A_MSIL2A_20220910T091601_R093_T34SEH_20220911T233500 -> REFINED
2025-08-30 05:32:12,808 - INFO - sentinel2.py:78 - 42/52 - S2A_MSIL2A_20220910T091601_R093_T34SEG_20240727T020443 -> REFINED
2025-08-30 05:32:15,917 - INFO - sentinel2.py:78 - 43/52 - S2A_MSIL2A_20220910T091601_R093_T34SEG_20220911T235339 -> REFINED
2025-08-30 05:32:19,896 - INFO - sentinel2.py:78 - 44/52 - S2A_MSIL2A_20220907T090611_R050_T34SFG_20240729T220004 -> REFINED
2025-08-30 05:32:24,212 - INFO - sentinel2.py:78 - 45/52 - S2A_MSIL2A_20220907T090611_R050_T34SFG_20220908T030213 -> REFINED
2025-08-30 05:32:27,563 - INFO - sentinel2.py:78 - 46/52 - S2B_MSIL2A_20220905T091559_R093_T34SFG_20220905T180907 -> REFINED
2025-08-30 05:32:31,791 - INFO - sentinel2.py:78 - 47/52 - S2B_MSIL2A_20220905T091559_R093_T34SEH_20240729T193027 -> REFINED
2025-08-30 05:32:35,967 - INFO - sentinel2.py:78 - 48/52 - S2B_MSIL2A_20220905T091559_R093_T34SEH_20220905T181111 -> REFINED
2025-08-30 05:32:39,701 - INFO - sentinel2.py:78 - 49/52 - S2B_MSIL2A_20220905T091559_R093_T34SEG_20240729T193027 -> REFINED
2025-08-30 05:32:43,725 - INFO - sentinel2.py:78 - 50/52 - S2B_MSIL2A_20220905T091559_R093_T34SEG_20220905T181458 -> REFINED
2025-08-30 05:32:48,100 - INFO - sentinel2.py:78 - 51/52 - S2B_MSIL2A_20220902T090559_R050_T34SFG_20240731T173232 -> REFINED
2025-08-30 05:32:52,617 - INFO - sentinel2.py:78 - 52/52 - S2B_MSIL2A_20220902T090559_R050_T34SFG_20220902T190804 -> REFINED
2025-08-30 05:32:52,669 - INFO - composites.py:250 -                                  
2025-08-30 05:32:52,669 - INFO - composites.py:251 - 52/52 were refined by GRI.
2025-08-30 05:32:52,689 - INFO - composites.py:263 - Looking for up to 10 cleanest images within spatiotemporal range of each MGRS tile
2025-08-30 05:32:52,689 - INFO - composites.py:277 - Filtered cleanest scenes: Kept 39 out of 52 items. 
2025-08-30 05:32:52,690 - INFO - composites.py:278 -         Included MGRS Tiles: ['34SEG' '34SEH' '34SFG' '34SFH']
2025-08-30 05:32:52,690 - INFO - composites.py:279 -         Included EPSG codes: [32634]
2025-08-30 05:32:52,690 - INFO - composites.py:281 - Selected scenes:
2025-08-30 05:32:52,690 - INFO - composites.py:283 -         S2B_MSIL2A_20220915T092029_R093_T34SEG_20220916T003455
2025-08-30 05:32:52,691 - INFO - composites.py:283 -         S2B_MSIL2A_20220915T092029_R093_T34SEG_20240730T075027
2025-08-30 05:32:52,691 - INFO - composites.py:283 -         S2A_MSIL2A_20220930T092041_R093_T34SEG_20240726T033343
2025-08-30 05:32:52,691 - INFO - composites.py:283 -         S2A_MSIL2A_20220930T092041_R093_T34SEG_20221001T012801
2025-08-30 05:32:52,691 - INFO - composites.py:283 -         S2A_MSIL2A_20220910T091601_R093_T34SEG_20240727T020443
2025-08-30 05:32:52,692 - INFO - composites.py:283 -         S2A_MSIL2A_20220910T091601_R093_T34SEG_20220911T235339
2025-08-30 05:32:52,692 - INFO - composites.py:283 -         S2B_MSIL2A_20220925T092029_R093_T34SEG_20240731T082639
2025-08-30 05:32:52,692 - INFO - composites.py:283 -         S2B_MSIL2A_20220925T092029_R093_T34SEG_20220926T032553
2025-08-30 05:32:52,692 - INFO - composites.py:283 -         S2A_MSIL2A_20220920T092041_R093_T34SEG_20240727T021934
2025-08-30 05:32:52,692 - INFO - composites.py:283 -         S2A_MSIL2A_20220920T092041_R093_T34SEG_20220920T211156
2025-08-30 05:32:52,692 - INFO - composites.py:283 -         S2A_MSIL2A_20220930T092041_R093_T34SEH_20240726T033343
2025-08-30 05:32:52,692 - INFO - composites.py:283 -         S2A_MSIL2A_20220930T092041_R093_T34SEH_20221001T013349
2025-08-30 05:32:52,692 - INFO - composites.py:283 -         S2B_MSIL2A_20220925T092029_R093_T34SEH_20220926T040213
2025-08-30 05:32:52,693 - INFO - composites.py:283 -         S2B_MSIL2A_20220925T092029_R093_T34SEH_20240731T082639
2025-08-30 05:32:52,693 - INFO - composites.py:283 -         S2A_MSIL2A_20220920T092041_R093_T34SEH_20240727T021934
2025-08-30 05:32:52,693 - INFO - composites.py:283 -         S2A_MSIL2A_20220920T092041_R093_T34SEH_20220920T205152
2025-08-30 05:32:52,693 - INFO - composites.py:283 -         S2A_MSIL2A_20220910T091601_R093_T34SEH_20240727T020443
2025-08-30 05:32:52,693 - INFO - composites.py:283 -         S2A_MSIL2A_20220910T091601_R093_T34SEH_20220911T233500
2025-08-30 05:32:52,693 - INFO - composites.py:283 -         S2B_MSIL2A_20220915T092029_R093_T34SEH_20220916T002011
2025-08-30 05:32:52,693 - INFO - composites.py:283 -         S2B_MSIL2A_20220915T092029_R093_T34SEH_20240730T075027
2025-08-30 05:32:52,693 - INFO - composites.py:283 -         S2A_MSIL2A_20220910T091601_R093_T34SFG_20240727T020443
2025-08-30 05:32:52,693 - INFO - composites.py:283 -         S2A_MSIL2A_20220930T092041_R093_T34SFG_20240726T033343
2025-08-30 05:32:52,693 - INFO - composites.py:283 -         S2A_MSIL2A_20220910T091601_R093_T34SFG_20220912T000331
2025-08-30 05:32:52,693 - INFO - composites.py:283 -         S2A_MSIL2A_20220930T092041_R093_T34SFG_20221001T012358
2025-08-30 05:32:52,693 - INFO - composites.py:283 -         S2A_MSIL2A_20220917T090631_R050_T34SFG_20240728T103537
2025-08-30 05:32:52,693 - INFO - composites.py:283 -         S2A_MSIL2A_20220917T090631_R050_T34SFG_20220918T043144
2025-08-30 05:32:52,693 - INFO - composites.py:283 -         S2B_MSIL2A_20220915T092029_R093_T34SFG_20240730T075027
2025-08-30 05:32:52,693 - INFO - composites.py:283 -         S2B_MSIL2A_20220915T092029_R093_T34SFG_20220916T001230
2025-08-30 05:32:52,693 - INFO - composites.py:283 -         S2B_MSIL2A_20220925T092029_R093_T34SFG_20220926T044230
2025-08-30 05:32:52,693 - INFO - composites.py:283 -         S2B_MSIL2A_20220925T092029_R093_T34SFG_20240731T082639
2025-08-30 05:32:52,694 - INFO - composites.py:283 -         S2A_MSIL2A_20220930T092041_R093_T34SFH_20240726T033343
2025-08-30 05:32:52,694 - INFO - composites.py:283 -         S2A_MSIL2A_20220930T092041_R093_T34SFH_20221001T014805
2025-08-30 05:32:52,694 - INFO - composites.py:283 -         S2A_MSIL2A_20220910T091601_R093_T34SFH_20220912T001310
2025-08-30 05:32:52,694 - INFO - composites.py:283 -         S2A_MSIL2A_20220910T091601_R093_T34SFH_20240727T020443
2025-08-30 05:32:52,694 - INFO - composites.py:283 -         S2B_MSIL2A_20220925T092029_R093_T34SFH_20220926T032308
2025-08-30 05:32:52,694 - INFO - composites.py:283 -         S2B_MSIL2A_20220925T092029_R093_T34SFH_20240731T082639
2025-08-30 05:32:52,694 - INFO - composites.py:283 -         S2B_MSIL2A_20220915T092029_R093_T34SFH_20240730T075027
2025-08-30 05:32:52,694 - INFO - composites.py:283 -         S2A_MSIL2A_20220920T092041_R093_T34SFH_20240727T021934
2025-08-30 05:32:52,694 - INFO - composites.py:283 -         S2A_MSIL2A_20220920T092041_R093_T34SFH_20220920T221551
2025-08-30 05:32:53,153 - INFO - sentinel2.py:154 - Matplotlib backend: Agg
2025-08-30 05:32:53,447 - INFO - sentinel2.py:224 - Write input scenes footprint overlay: //nas-rs.topo.auth.gr/Latomeia/DROUGHT/composites/x09/y10/2022/09/01/S2L2A_medcomp_x09y10_202209_InDataFootprint.jpeg
2025-08-30 05:32:53,720 - INFO - composites.py:297 -                                  
2025-08-30 05:32:53,720 - INFO - composites.py:298 - Downstream STAC items from Planetary Computer
2025-08-30 05:32:53,720 - INFO - timeseries_processing.py:115 -                                  
2025-08-30 05:32:53,720 - INFO - timeseries_processing.py:116 - Loading bands of diferent resolutions in EPSG:32634
2025-08-30 05:32:53,720 - INFO - timeseries_processing.py:120 -     Filtering items with native UTM EPSG:32634
2025-08-30 05:32:53,720 - INFO - timeseries_processing.py:122 -     39 Items in EPSG:32634
2025-08-30 05:32:53,720 - INFO - timeseries_processing.py:129 -                        
2025-08-30 05:32:53,720 - INFO - timeseries_processing.py:130 -     Loading parameters:
2025-08-30 05:32:53,720 - INFO - timeseries_processing.py:131 -         Bands: ['B05', 'B07', 'B8A', 'SCL']
2025-08-30 05:32:53,720 - INFO - timeseries_processing.py:132 -         Spatial resolution: 20
2025-08-30 05:32:53,720 - INFO - timeseries_processing.py:134 -         Get Assets from STAC Items
2025-08-30 05:32:53,720 - INFO - timeseries_processing.py:47 -         Initialize the STAC client
2025-08-30 05:32:54,464 - INFO - timeseries_processing.py:137 -         Loading 39 STAC Items....
2025-08-30 05:35:02,736 - INFO - timeseries_processing.py:146 -         Cube has been downloaded
2025-08-30 05:35:02,736 - INFO - timeseries_processing.py:156 -         Fix order of dimensions
2025-08-30 05:35:02,739 - INFO - timeseries_processing.py:161 -         Append bands to the band-list of EPSG:32634
2025-08-30 05:35:02,739 - INFO - timeseries_processing.py:129 -                        
2025-08-30 05:35:02,739 - INFO - timeseries_processing.py:130 -     Loading parameters:
2025-08-30 05:35:02,739 - INFO - timeseries_processing.py:131 -         Bands: ['B02', 'B03', 'B04']
2025-08-30 05:35:02,739 - INFO - timeseries_processing.py:132 -         Spatial resolution: 10
2025-08-30 05:35:02,739 - INFO - timeseries_processing.py:134 -         Get Assets from STAC Items
2025-08-30 05:35:02,739 - INFO - timeseries_processing.py:47 -         Initialize the STAC client
2025-08-30 05:35:03,442 - INFO - timeseries_processing.py:137 -         Loading 39 STAC Items....
2025-08-30 05:39:39,985 - INFO - timeseries_processing.py:146 -         Cube has been downloaded
2025-08-30 05:39:39,985 - INFO - timeseries_processing.py:149 -         Reproject to downsample 10m bands to 20m by Resampling.average 2x2 binning and shape matching with odc.geo.GeoBox
2025-08-30 05:39:48,612 - INFO - timeseries_processing.py:161 -         Append bands to the band-list of EPSG:32634
2025-08-30 05:39:48,612 - INFO - timeseries_processing.py:165 -                        
2025-08-30 05:39:48,612 - INFO - timeseries_processing.py:166 -     Merging bands in a single dataset
2025-08-30 05:39:48,612 - INFO - timeseries_processing.py:167 -     Ensure all partial datasets are at (x=20, y=-20) resolution
2025-08-30 05:39:48,613 - INFO - timeseries_processing.py:171 -     Clip to the intersection of indexes
2025-08-30 05:39:49,842 - INFO - timeseries_processing.py:180 -     Make a list of bands to merge
2025-08-30 05:39:49,843 - INFO - timeseries_processing.py:184 -     Merge on intersection
2025-08-30 05:39:49,843 - INFO - timeseries_processing.py:192 -     Apply masks on clouds, shadows, thin cirrus, and snow/ice
2025-08-30 05:39:49,843 - INFO - sentinel2.py:122 -                Masking bits: [3, 7, 8, 9, 10, 11]
2025-08-30 05:39:50,610 - INFO - composites.py:307 - Reproject from UTM Zone to Tile geometry -> CRS(EPSG:32634), Resampling.bilinear
2025-08-30 05:39:54,597 - INFO - composites.py:310 -     New shape of datasets: Shape2d(x=2400, y=2400)
2025-08-30 05:39:55,203 - INFO - composites.py:329 - Scale SR to Sen2Cor Baseline 4.00 - Subtract 1000 in dates post 2022-01-25
2025-08-30 05:39:56,119 - INFO - composites.py:342 - Creating preview plot of input scenes
2025-08-30 05:40:21,575 - INFO - timeseries_processing.py:349 - Saved preview for 'B04' to //nas-rs.topo.auth.gr/Latomeia/DROUGHT/composites/x09/y10/2022/09/01/S2L2A_medcomp_x09y10_202209_InDataPreview.jpeg
2025-08-30 05:40:21,579 - INFO - composites.py:348 - Clip value range
2025-08-30 05:40:22,779 - INFO - composites.py:353 -                           
2025-08-30 05:40:22,779 - INFO - composites.py:354 - Computing spectral indices:
2025-08-30 05:40:22,779 - INFO - composites.py:357 -     EVI...
2025-08-30 05:40:23,549 - INFO - composites.py:359 -     NDVI...
2025-08-30 05:40:23,782 - INFO - composites.py:361 -     PSRI2...
2025-08-30 05:40:23,955 - INFO - composites.py:364 - Clip to typical value range
2025-08-30 05:40:24,264 - INFO - composites.py:371 - Reducing to median value temporal composite
2025-08-30 05:40:50,320 - INFO - composites.py:390 - Scale and Define data types & nodata per band
2025-08-30 05:40:50,462 - INFO - composites.py:411 - Assign time range and tile ID in metadata
2025-08-30 05:40:50,462 - INFO - composites.py:419 - Write bands to raster COG files
2025-08-30 05:40:54,387 - INFO - composites.py:432 - Write B02 -> //nas-rs.topo.auth.gr/Latomeia/DROUGHT/composites/x09/y10/2022/09/01/S2L2A_medcomp_x09y10_202209_B02.tif
2025-08-30 05:40:58,292 - INFO - composites.py:432 - Write B03 -> //nas-rs.topo.auth.gr/Latomeia/DROUGHT/composites/x09/y10/2022/09/01/S2L2A_medcomp_x09y10_202209_B03.tif
2025-08-30 05:41:02,336 - INFO - composites.py:432 - Write B04 -> //nas-rs.topo.auth.gr/Latomeia/DROUGHT/composites/x09/y10/2022/09/01/S2L2A_medcomp_x09y10_202209_B04.tif
2025-08-30 05:41:06,265 - INFO - composites.py:432 - Write B05 -> //nas-rs.topo.auth.gr/Latomeia/DROUGHT/composites/x09/y10/2022/09/01/S2L2A_medcomp_x09y10_202209_B05.tif
2025-08-30 05:41:10,165 - INFO - composites.py:432 - Write B07 -> //nas-rs.topo.auth.gr/Latomeia/DROUGHT/composites/x09/y10/2022/09/01/S2L2A_medcomp_x09y10_202209_B07.tif
2025-08-30 05:41:14,127 - INFO - composites.py:432 - Write B8A -> //nas-rs.topo.auth.gr/Latomeia/DROUGHT/composites/x09/y10/2022/09/01/S2L2A_medcomp_x09y10_202209_B8A.tif
2025-08-30 05:41:18,350 - INFO - composites.py:432 - Write EVI -> //nas-rs.topo.auth.gr/Latomeia/DROUGHT/composites/x09/y10/2022/09/01/S2L2A_medcomp_x09y10_202209_EVI.tif
2025-08-30 05:41:22,887 - INFO - composites.py:432 - Write NDVI -> //nas-rs.topo.auth.gr/Latomeia/DROUGHT/composites/x09/y10/2022/09/01/S2L2A_medcomp_x09y10_202209_NDVI.tif
2025-08-30 05:41:26,774 - INFO - composites.py:432 - Write PSRI2 -> //nas-rs.topo.auth.gr/Latomeia/DROUGHT/composites/x09/y10/2022/09/01/S2L2A_medcomp_x09y10_202209_PSRI2.tif
2025-08-30 05:41:26,779 - INFO - composites.py:436 - Prepare metadata YAML document
2025-08-30 05:41:27,287 - INFO - composites.py:458 - Write metadata YAML document to disk
2025-08-30 05:41:27,340 - INFO - composites.py:463 - Create datacube.model.Dataset from eo3 metadata
2025-08-30 05:41:27,350 - INFO - composites.py:476 - Index to datacube
2025-08-30 05:41:27,350 - INFO - _datasets.py:191 - Indexing ba4f099e-1374-47d8-99db-e04a757a9b79
2025-08-30 05:41:27,360 - INFO - composites.py:479 - 
2025-08-30 05:41:27,360 - INFO - composites.py:480 -              ✔✔✔ COMPLETED: Tile x09_y10 | Time: 2022-09 | In 12.24 minutes
2025-08-30 05:41:27,360 - INFO - composites.py:481 - 
2025-08-30 05:41:27,360 - INFO - composites.py:489 - Closing Dask client
2025-08-30 05:41:27,367 - INFO - composites.py:493 - Closing Dask cluster
2025-08-30 05:41:27,367 - INFO - composites.py:494 - #######################################################################
