2025-08-26 04:10:07,919 - INFO - composites.py:102 - #######################################################################
2025-08-26 04:10:07,919 - INFO - composites.py:104 - Processing started
2025-08-26 04:10:07,919 - INFO - composites.py:105 -         Tile: x11_y11
2025-08-26 04:10:07,919 - INFO - composites.py:106 -         Time: 2020-04
2025-08-26 04:10:07,919 - INFO - composites.py:109 -                           
2025-08-26 04:10:07,919 - INFO - composites.py:110 - Establishing connection to datacube
2025-08-26 04:10:08,581 - INFO - composites.py:113 -                           
2025-08-26 04:10:08,582 - INFO - composites.py:114 - Sanity test: Check if dataset already exists in the datacube
2025-08-26 04:10:08,602 - INFO - composites.py:133 - The composite requested was not found and it will be computed
2025-08-26 04:10:08,602 - INFO - composites.py:136 -                                  
2025-08-26 04:10:08,602 - INFO - composites.py:137 - Initializing Dask cluster for parallelization
2025-08-26 04:10:13,915 - INFO - composites.py:161 - Dask dashboard is available at: http://127.0.0.1:8787/status
2025-08-26 04:10:13,915 - INFO - composites.py:164 - Create directories and naming conversions
2025-08-26 04:10:13,927 - INFO - composites.py:177 - Dataset location: //nas-rs.topo.auth.gr/Latomeia/DROUGHT/composites/x11/y11/2020/04/01
2025-08-26 04:10:13,927 - INFO - composites.py:180 -                           
2025-08-26 04:10:13,927 - INFO - composites.py:181 - Retrieve tile geometry
2025-08-26 04:10:13,958 - INFO - composites.py:192 - Create the Bounding Box (φ,λ)
2025-08-26 04:10:13,958 - INFO - composites.py:198 - Create the Bounding Box (x,y)
2025-08-26 04:10:13,958 - INFO - composites.py:211 -                           
2025-08-26 04:10:13,958 - INFO - composites.py:212 - Connect to Planetary Computer STAC Catalog
2025-08-26 04:10:14,211 - INFO - composites.py:220 - Search the STAC Catalog
2025-08-26 04:10:14,276 - INFO - composites.py:232 -         Query parameters:
2025-08-26 04:10:14,276 - INFO - composites.py:233 -             url:          https://planetarycomputer.microsoft.com/api/stac/v1/search
2025-08-26 04:10:14,276 - INFO - composites.py:234 -             client:       microsoft-pc
2025-08-26 04:10:14,276 - INFO - composites.py:235 -             collection:   sentinel-2-l2a
2025-08-26 04:10:14,278 - INFO - composites.py:236 -             bbox:         (23.090477503527136, 38.072584087612974, 23.76631254171489, 38.62665683856133)
2025-08-26 04:10:14,278 - INFO - composites.py:237 -             time range:   2020-04-01T00:00:00Z/2020-04-30T23:59:59Z
2025-08-26 04:10:14,278 - INFO - composites.py:238 -             cloud cover:  0% - 70%
2025-08-26 04:10:14,278 - INFO - composites.py:239 -             nodata cover: 0% - 33%
2025-08-26 04:10:14,278 - INFO - composites.py:241 -                           
2025-08-26 04:10:14,278 - INFO - composites.py:242 - Searching...
2025-08-26 04:10:14,690 - INFO - composites.py:245 - Query found 14 items
2025-08-26 04:10:14,690 - INFO - composites.py:247 - Searching for GRI REFINED scenes:
2025-08-26 04:10:22,943 - INFO - sentinel2.py:78 - 1/14 - S2A_MSIL2A_20200430T090601_R050_T35SKC_20200922T165058 -> Not Found
2025-08-26 04:10:29,214 - INFO - sentinel2.py:78 - 2/14 - S2A_MSIL2A_20200430T090601_R050_T34SGH_20200922T165043 -> Not Found
2025-08-26 04:10:35,532 - INFO - sentinel2.py:78 - 3/14 - S2B_MSIL2A_20200428T092029_R093_T34SFH_20200922T115948 -> Not Found
2025-08-26 04:10:41,835 - INFO - sentinel2.py:78 - 4/14 - S2B_MSIL2A_20200425T090549_R050_T35SKC_20200922T021735 -> Not Found
2025-08-26 04:10:47,001 - INFO - sentinel2.py:78 - 5/14 - S2B_MSIL2A_20200425T090549_R050_T34SGH_20200922T021714 -> Not Found
2025-08-26 04:10:53,176 - INFO - sentinel2.py:78 - 6/14 - S2A_MSIL2A_20200423T092031_R093_T34SFH_20200921T181609 -> Not Found
2025-08-26 04:10:58,336 - INFO - sentinel2.py:78 - 7/14 - S2A_MSIL2A_20200420T090601_R050_T35SKC_20200924T065128 -> Not Found
2025-08-26 04:11:03,610 - INFO - sentinel2.py:78 - 8/14 - S2A_MSIL2A_20200420T090601_R050_T34SGH_20200924T065113 -> Not Found
2025-08-26 04:11:10,000 - INFO - sentinel2.py:78 - 9/14 - S2B_MSIL2A_20200418T092029_R093_T34SFH_20201027T070303 -> Not Found
2025-08-26 04:11:16,740 - INFO - sentinel2.py:78 - 10/14 - S2B_MSIL2A_20200415T090549_R050_T34SGH_20200923T160357 -> Not Found
2025-08-26 04:11:22,640 - INFO - sentinel2.py:78 - 11/14 - S2A_MSIL2A_20200413T092031_R093_T34SFH_20200923T074738 -> Not Found
2025-08-26 04:11:28,910 - INFO - sentinel2.py:78 - 12/14 - S2A_MSIL2A_20200410T090551_R050_T35SKC_20200925T182850 -> Not Found
2025-08-26 04:11:34,717 - INFO - sentinel2.py:78 - 13/14 - S2A_MSIL2A_20200410T090551_R050_T34SGH_20200925T182835 -> Not Found
2025-08-26 04:11:41,138 - INFO - sentinel2.py:78 - 14/14 - S2B_MSIL2A_20200408T092029_R093_T34SFH_20200925T133434 -> Not Found
2025-08-26 04:11:41,177 - INFO - composites.py:250 -                                  
2025-08-26 04:11:41,177 - INFO - composites.py:251 - 0/14 were refined by GRI.
2025-08-26 04:11:41,177 - WARNING - composites.py:255 - Tile x11_y11 | Time: 2020-04: All scenes are flagged NOT REFINED.
2025-08-26 04:11:41,177 - WARNING - composites.py:256 - Tile x11_y11 | Time: 2020-04: The composite will be flagged with _NOREFINED.
2025-08-26 04:11:41,177 - INFO - composites.py:263 - Looking for up to 10 cleanest images within spatiotemporal range of each MGRS tile
2025-08-26 04:11:41,177 - INFO - composites.py:277 - Filtered cleanest scenes: Kept 14 out of 14 items. 
2025-08-26 04:11:41,177 - INFO - composites.py:278 -         Included MGRS Tiles: ['34SFH' '34SGH' '35SKC']
2025-08-26 04:11:41,178 - INFO - composites.py:279 -         Included EPSG codes: [32634 32635]
2025-08-26 04:11:41,178 - INFO - composites.py:281 - Selected scenes:
2025-08-26 04:11:41,178 - INFO - composites.py:283 -         S2B_MSIL2A_20200418T092029_R093_T34SFH_20201027T070303
2025-08-26 04:11:41,178 - INFO - composites.py:283 -         S2B_MSIL2A_20200428T092029_R093_T34SFH_20200922T115948
2025-08-26 04:11:41,178 - INFO - composites.py:283 -         S2A_MSIL2A_20200413T092031_R093_T34SFH_20200923T074738
2025-08-26 04:11:41,180 - INFO - composites.py:283 -         S2B_MSIL2A_20200408T092029_R093_T34SFH_20200925T133434
2025-08-26 04:11:41,180 - INFO - composites.py:283 -         S2A_MSIL2A_20200423T092031_R093_T34SFH_20200921T181609
2025-08-26 04:11:41,180 - INFO - composites.py:283 -         S2A_MSIL2A_20200410T090551_R050_T34SGH_20200925T182835
2025-08-26 04:11:41,180 - INFO - composites.py:283 -         S2B_MSIL2A_20200425T090549_R050_T34SGH_20200922T021714
2025-08-26 04:11:41,190 - INFO - composites.py:283 -         S2A_MSIL2A_20200430T090601_R050_T34SGH_20200922T165043
2025-08-26 04:11:41,199 - INFO - composites.py:283 -         S2A_MSIL2A_20200420T090601_R050_T34SGH_20200924T065113
2025-08-26 04:11:41,199 - INFO - composites.py:283 -         S2B_MSIL2A_20200415T090549_R050_T34SGH_20200923T160357
2025-08-26 04:11:41,200 - INFO - composites.py:283 -         S2A_MSIL2A_20200410T090551_R050_T35SKC_20200925T182850
2025-08-26 04:11:41,201 - INFO - composites.py:283 -         S2B_MSIL2A_20200425T090549_R050_T35SKC_20200922T021735
2025-08-26 04:11:41,201 - INFO - composites.py:283 -         S2A_MSIL2A_20200430T090601_R050_T35SKC_20200922T165058
2025-08-26 04:11:41,201 - INFO - composites.py:283 -         S2A_MSIL2A_20200420T090601_R050_T35SKC_20200924T065128
2025-08-26 04:11:41,541 - INFO - sentinel2.py:154 - Matplotlib backend: Agg
2025-08-26 04:11:41,756 - INFO - sentinel2.py:224 - Write input scenes footprint overlay: //nas-rs.topo.auth.gr/Latomeia/DROUGHT/composites/x11/y11/2020/04/01/S2L2A_medcomp_x11y11_202004_InDataFootprint.jpeg
2025-08-26 04:11:41,913 - INFO - composites.py:297 -                                  
2025-08-26 04:11:41,913 - INFO - composites.py:298 - Downstream STAC items from Planetary Computer
2025-08-26 04:11:41,913 - INFO - timeseries_processing.py:115 -                                  
2025-08-26 04:11:41,913 - INFO - timeseries_processing.py:116 - Loading bands of diferent resolutions in EPSG:32634
2025-08-26 04:11:41,913 - INFO - timeseries_processing.py:120 -     Filtering items with native UTM EPSG:32634
2025-08-26 04:11:41,913 - INFO - timeseries_processing.py:122 -     10 Items in EPSG:32634
2025-08-26 04:11:41,913 - INFO - timeseries_processing.py:129 -                        
2025-08-26 04:11:41,913 - INFO - timeseries_processing.py:130 -     Loading parameters:
2025-08-26 04:11:41,914 - INFO - timeseries_processing.py:131 -         Bands: ['B05', 'B07', 'B8A', 'SCL']
2025-08-26 04:11:41,914 - INFO - timeseries_processing.py:132 -         Spatial resolution: 20
2025-08-26 04:11:41,914 - INFO - timeseries_processing.py:134 -         Get Assets from STAC Items
2025-08-26 04:11:41,914 - INFO - timeseries_processing.py:47 -         Initialize the STAC client
2025-08-26 04:11:42,531 - INFO - timeseries_processing.py:137 -         Loading 10 STAC Items....
2025-08-26 04:12:35,441 - INFO - timeseries_processing.py:146 -         Cube has been downloaded
2025-08-26 04:12:35,441 - INFO - timeseries_processing.py:156 -         Fix order of dimensions
2025-08-26 04:12:35,444 - INFO - timeseries_processing.py:161 -         Append bands to the band-list of EPSG:32634
2025-08-26 04:12:35,444 - INFO - timeseries_processing.py:129 -                        
2025-08-26 04:12:35,444 - INFO - timeseries_processing.py:130 -     Loading parameters:
2025-08-26 04:12:35,444 - INFO - timeseries_processing.py:131 -         Bands: ['B02', 'B03', 'B04']
2025-08-26 04:12:35,444 - INFO - timeseries_processing.py:132 -         Spatial resolution: 10
2025-08-26 04:12:35,444 - INFO - timeseries_processing.py:134 -         Get Assets from STAC Items
2025-08-26 04:12:35,447 - INFO - timeseries_processing.py:47 -         Initialize the STAC client
2025-08-26 04:12:36,044 - INFO - timeseries_processing.py:137 -         Loading 10 STAC Items....
2025-08-26 04:14:35,647 - INFO - timeseries_processing.py:146 -         Cube has been downloaded
2025-08-26 04:14:35,647 - INFO - timeseries_processing.py:149 -         Reproject to downsample 10m bands to 20m by Resampling.average 2x2 binning and shape matching with odc.geo.GeoBox
2025-08-26 04:14:49,170 - INFO - timeseries_processing.py:161 -         Append bands to the band-list of EPSG:32634
2025-08-26 04:14:49,176 - INFO - timeseries_processing.py:165 -                        
2025-08-26 04:14:49,185 - INFO - timeseries_processing.py:166 -     Merging bands in a single dataset
2025-08-26 04:14:49,185 - INFO - timeseries_processing.py:167 -     Ensure all partial datasets are at (x=20, y=-20) resolution
2025-08-26 04:14:49,187 - INFO - timeseries_processing.py:171 -     Clip to the intersection of indexes
2025-08-26 04:14:50,187 - INFO - timeseries_processing.py:180 -     Make a list of bands to merge
2025-08-26 04:14:50,188 - INFO - timeseries_processing.py:184 -     Merge on intersection
2025-08-26 04:14:50,189 - INFO - timeseries_processing.py:192 -     Apply masks on clouds, shadows, thin cirrus, and snow/ice
2025-08-26 04:14:50,189 - INFO - sentinel2.py:122 -                Masking bits: [3, 7, 8, 9, 10, 11]
2025-08-26 04:14:51,471 - INFO - timeseries_processing.py:115 -                                  
2025-08-26 04:14:51,471 - INFO - timeseries_processing.py:116 - Loading bands of diferent resolutions in EPSG:32635
2025-08-26 04:14:51,471 - INFO - timeseries_processing.py:120 -     Filtering items with native UTM EPSG:32635
2025-08-26 04:14:51,472 - INFO - timeseries_processing.py:122 -     4 Items in EPSG:32635
2025-08-26 04:14:51,472 - INFO - timeseries_processing.py:129 -                        
2025-08-26 04:14:51,472 - INFO - timeseries_processing.py:130 -     Loading parameters:
2025-08-26 04:14:51,472 - INFO - timeseries_processing.py:131 -         Bands: ['B05', 'B07', 'B8A', 'SCL']
2025-08-26 04:14:51,472 - INFO - timeseries_processing.py:132 -         Spatial resolution: 20
2025-08-26 04:14:51,472 - INFO - timeseries_processing.py:134 -         Get Assets from STAC Items
2025-08-26 04:14:51,472 - INFO - timeseries_processing.py:47 -         Initialize the STAC client
2025-08-26 04:14:52,005 - INFO - timeseries_processing.py:137 -         Loading 4 STAC Items....
2025-08-26 04:15:07,434 - INFO - timeseries_processing.py:146 -         Cube has been downloaded
2025-08-26 04:15:07,434 - INFO - timeseries_processing.py:156 -         Fix order of dimensions
2025-08-26 04:15:07,436 - INFO - timeseries_processing.py:161 -         Append bands to the band-list of EPSG:32635
2025-08-26 04:15:07,436 - INFO - timeseries_processing.py:129 -                        
2025-08-26 04:15:07,438 - INFO - timeseries_processing.py:130 -     Loading parameters:
2025-08-26 04:15:07,438 - INFO - timeseries_processing.py:131 -         Bands: ['B02', 'B03', 'B04']
2025-08-26 04:15:07,438 - INFO - timeseries_processing.py:132 -         Spatial resolution: 10
2025-08-26 04:15:07,438 - INFO - timeseries_processing.py:134 -         Get Assets from STAC Items
2025-08-26 04:15:07,438 - INFO - timeseries_processing.py:47 -         Initialize the STAC client
2025-08-26 04:15:07,945 - INFO - timeseries_processing.py:137 -         Loading 4 STAC Items....
2025-08-26 04:15:40,939 - INFO - timeseries_processing.py:146 -         Cube has been downloaded
2025-08-26 04:15:40,940 - INFO - timeseries_processing.py:149 -         Reproject to downsample 10m bands to 20m by Resampling.average 2x2 binning and shape matching with odc.geo.GeoBox
2025-08-26 04:15:45,980 - INFO - timeseries_processing.py:161 -         Append bands to the band-list of EPSG:32635
2025-08-26 04:15:45,980 - INFO - timeseries_processing.py:165 -                        
2025-08-26 04:15:45,980 - INFO - timeseries_processing.py:166 -     Merging bands in a single dataset
2025-08-26 04:15:45,980 - INFO - timeseries_processing.py:167 -     Ensure all partial datasets are at (x=20, y=-20) resolution
2025-08-26 04:15:45,980 - INFO - timeseries_processing.py:171 -     Clip to the intersection of indexes
2025-08-26 04:15:45,982 - INFO - timeseries_processing.py:180 -     Make a list of bands to merge
2025-08-26 04:15:45,983 - INFO - timeseries_processing.py:184 -     Merge on intersection
2025-08-26 04:15:45,983 - INFO - timeseries_processing.py:192 -     Apply masks on clouds, shadows, thin cirrus, and snow/ice
2025-08-26 04:15:45,983 - INFO - sentinel2.py:122 -                Masking bits: [3, 7, 8, 9, 10, 11]
2025-08-26 04:15:46,521 - INFO - composites.py:307 - Reproject from UTM Zone to Tile geometry -> CRS(EPSG:32635), Resampling.bilinear
2025-08-26 04:15:56,013 - INFO - composites.py:310 -     New shape of datasets: Shape2d(x=2400, y=2400)
2025-08-26 04:15:56,257 - INFO - composites.py:315 -                           
2025-08-26 04:15:56,271 - INFO - composites.py:316 - Mosaic datasets to a single dataset
2025-08-26 04:16:04,301 - INFO - composites.py:342 - Creating preview plot of input scenes
2025-08-26 04:16:37,430 - INFO - timeseries_processing.py:349 - Saved preview for 'B04' to //nas-rs.topo.auth.gr/Latomeia/DROUGHT/composites/x11/y11/2020/04/01/S2L2A_medcomp_x11y11_202004_InDataPreview.jpeg
2025-08-26 04:16:37,438 - INFO - composites.py:348 - Clip value range
2025-08-26 04:16:39,418 - INFO - composites.py:353 -                           
2025-08-26 04:16:39,418 - INFO - composites.py:354 - Computing spectral indices:
2025-08-26 04:16:39,419 - INFO - composites.py:357 -     EVI...
2025-08-26 04:16:40,603 - INFO - composites.py:359 -     NDVI...
2025-08-26 04:16:40,984 - INFO - composites.py:361 -     PSRI2...
2025-08-26 04:16:41,352 - INFO - composites.py:364 - Clip to typical value range
2025-08-26 04:16:41,686 - INFO - composites.py:371 - Reducing to median value temporal composite
2025-08-26 04:17:07,429 - INFO - composites.py:390 - Scale and Define data types & nodata per band
2025-08-26 04:17:07,594 - INFO - composites.py:411 - Assign time range and tile ID in metadata
2025-08-26 04:17:07,594 - INFO - composites.py:419 - Write bands to raster COG files
2025-08-26 04:17:11,646 - INFO - composites.py:432 - Write B02 -> //nas-rs.topo.auth.gr/Latomeia/DROUGHT/composites/x11/y11/2020/04/01/S2L2A_medcomp_x11y11_202004_B02.tif
2025-08-26 04:17:15,684 - INFO - composites.py:432 - Write B03 -> //nas-rs.topo.auth.gr/Latomeia/DROUGHT/composites/x11/y11/2020/04/01/S2L2A_medcomp_x11y11_202004_B03.tif
2025-08-26 04:17:19,601 - INFO - composites.py:432 - Write B04 -> //nas-rs.topo.auth.gr/Latomeia/DROUGHT/composites/x11/y11/2020/04/01/S2L2A_medcomp_x11y11_202004_B04.tif
2025-08-26 04:17:23,464 - INFO - composites.py:432 - Write B05 -> //nas-rs.topo.auth.gr/Latomeia/DROUGHT/composites/x11/y11/2020/04/01/S2L2A_medcomp_x11y11_202004_B05.tif
2025-08-26 04:17:27,377 - INFO - composites.py:432 - Write B07 -> //nas-rs.topo.auth.gr/Latomeia/DROUGHT/composites/x11/y11/2020/04/01/S2L2A_medcomp_x11y11_202004_B07.tif
2025-08-26 04:17:31,719 - INFO - composites.py:432 - Write B8A -> //nas-rs.topo.auth.gr/Latomeia/DROUGHT/composites/x11/y11/2020/04/01/S2L2A_medcomp_x11y11_202004_B8A.tif
2025-08-26 04:17:35,619 - INFO - composites.py:432 - Write EVI -> //nas-rs.topo.auth.gr/Latomeia/DROUGHT/composites/x11/y11/2020/04/01/S2L2A_medcomp_x11y11_202004_EVI.tif
2025-08-26 04:17:39,484 - INFO - composites.py:432 - Write NDVI -> //nas-rs.topo.auth.gr/Latomeia/DROUGHT/composites/x11/y11/2020/04/01/S2L2A_medcomp_x11y11_202004_NDVI.tif
2025-08-26 04:17:43,278 - INFO - composites.py:432 - Write PSRI2 -> //nas-rs.topo.auth.gr/Latomeia/DROUGHT/composites/x11/y11/2020/04/01/S2L2A_medcomp_x11y11_202004_PSRI2.tif
2025-08-26 04:17:43,278 - INFO - composites.py:436 - Prepare metadata YAML document
2025-08-26 04:17:43,787 - INFO - composites.py:458 - Write metadata YAML document to disk
2025-08-26 04:17:43,840 - INFO - composites.py:463 - Create datacube.model.Dataset from eo3 metadata
2025-08-26 04:17:43,850 - INFO - composites.py:474 - Index to datacube
2025-08-26 04:17:43,850 - INFO - _datasets.py:191 - Indexing 0b746860-03e2-4a26-8681-57ba5eae9933
2025-08-26 04:17:43,859 - INFO - composites.py:477 - 
2025-08-26 04:17:43,859 - INFO - composites.py:478 -              ✔✔✔ COMPLETED: Tile x11_y11 | Time: 2020-04 | In 7.6 minutes
2025-08-26 04:17:43,859 - INFO - composites.py:479 - 
2025-08-26 04:17:43,859 - INFO - composites.py:487 - Closing Dask client
2025-08-26 04:17:43,860 - INFO - composites.py:491 - Closing Dask cluster
2025-08-26 04:17:43,860 - INFO - composites.py:492 - #######################################################################
