2025-08-18 16:31:07,848 - INFO - composites.py:104 - #######################################################################
2025-08-18 16:31:07,848 - INFO - composites.py:106 - Processing started
2025-08-18 16:31:07,848 - INFO - composites.py:107 -         Tile: x08_y11
2025-08-18 16:31:07,848 - INFO - composites.py:108 -         Time: 2020-10
2025-08-18 16:31:07,848 - INFO - composites.py:111 -                           
2025-08-18 16:31:07,848 - INFO - composites.py:112 - Establishing connection to datacube
2025-08-18 16:31:08,594 - INFO - composites.py:115 -                           
2025-08-18 16:31:08,594 - INFO - composites.py:116 - Sanity test: Check if dataset already exists in the datacube
2025-08-18 16:31:08,612 - INFO - composites.py:135 - The composite requested was not found and it will be computed
2025-08-18 16:31:08,612 - INFO - composites.py:138 -                                  
2025-08-18 16:31:08,612 - INFO - composites.py:139 - Initializing Dask cluster for parallelization
2025-08-18 16:31:17,281 - INFO - composites.py:163 - Dask dashboard is available at: http://127.0.0.1:8787/status
2025-08-18 16:31:17,282 - INFO - composites.py:166 - Create directories and naming conversions
2025-08-18 16:31:17,288 - INFO - composites.py:177 - Dataset location: //nas-rs.topo.auth.gr/Latomeia/DROUGHT/COMPOS/2020/10/x08_y11
2025-08-18 16:31:17,289 - INFO - composites.py:180 -                           
2025-08-18 16:31:17,289 - INFO - composites.py:181 - Retrieve tile geometry
2025-08-18 16:31:17,325 - INFO - composites.py:192 - Create the Bounding Box (φ,λ)
2025-08-18 16:31:17,325 - INFO - composites.py:198 - Create the Bounding Box (x,y)
2025-08-18 16:31:17,325 - INFO - composites.py:211 -                           
2025-08-18 16:31:17,325 - INFO - composites.py:212 - Connect to Planetary Computer STAC Catalog
2025-08-18 16:31:17,571 - INFO - composites.py:220 - Search the STAC Catalog
2025-08-18 16:31:17,639 - INFO - composites.py:232 -         Query parameters:
2025-08-18 16:31:17,640 - INFO - composites.py:233 -             url:          https://planetarycomputer.microsoft.com/api/stac/v1/search
2025-08-18 16:31:17,640 - INFO - composites.py:234 -             client:       microsoft-pc
2025-08-18 16:31:17,640 - INFO - composites.py:235 -             collection:   sentinel-2-l2a
2025-08-18 16:31:17,640 - INFO - composites.py:236 -             bbox:         (21.470520298300848, 38.29139393054603, 22.13941953033095, 38.83791967762717)
2025-08-18 16:31:17,640 - INFO - composites.py:237 -             time range:   2020-10-01T00:00:00Z/2020-10-31T23:59:59Z
2025-08-18 16:31:17,640 - INFO - composites.py:238 -             cloud cover:  0% - 70%
2025-08-18 16:31:17,640 - INFO - composites.py:239 -             nodata cover: 0% - 33%
2025-08-18 16:31:17,640 - INFO - composites.py:241 -                           
2025-08-18 16:31:17,640 - INFO - composites.py:242 - Searching...
2025-08-18 16:31:18,125 - INFO - composites.py:245 - Query found 10 items
2025-08-18 16:31:18,125 - INFO - composites.py:247 - Searching for GRI REFINED scenes:
2025-08-18 16:31:25,962 - INFO - sentinel2.py:78 - 1/10 - S2A_MSIL2A_20201030T092121_R093_T34SEH_20201101T231357 -> Not Found
2025-08-18 16:31:33,957 - INFO - sentinel2.py:78 - 2/10 - S2B_MSIL2A_20201025T092029_R093_T34SEJ_20201030T072638 -> Not Found
2025-08-18 16:31:42,017 - INFO - sentinel2.py:78 - 3/10 - S2B_MSIL2A_20201025T092029_R093_T34SEH_20201030T072325 -> Not Found
2025-08-18 16:31:51,184 - INFO - sentinel2.py:78 - 4/10 - S2A_MSIL2A_20201020T092031_R093_T34SEJ_20201021T194215 -> Not Found
2025-08-18 16:31:59,842 - INFO - sentinel2.py:78 - 5/10 - S2A_MSIL2A_20201020T092031_R093_T34SEH_20201027T143214 -> Not Found
2025-08-18 16:32:08,512 - INFO - sentinel2.py:78 - 6/10 - S2B_MSIL2A_20201015T092029_R093_T34SEJ_20201019T081043 -> Not Found
2025-08-18 16:32:17,113 - INFO - sentinel2.py:78 - 7/10 - S2B_MSIL2A_20201015T092029_R093_T34SEH_20201019T081055 -> Not Found
2025-08-18 16:32:26,219 - INFO - sentinel2.py:78 - 8/10 - S2A_MSIL2A_20201010T092031_R093_T34SEJ_20201027T125115 -> Not Found
2025-08-18 16:32:34,590 - INFO - sentinel2.py:78 - 9/10 - S2A_MSIL2A_20201010T092031_R093_T34SEH_20201027T125115 -> Not Found
2025-08-18 16:32:43,491 - INFO - sentinel2.py:78 - 10/10 - S2B_MSIL2A_20201005T092029_R093_T34SEH_20201007T111610 -> Not Found
2025-08-18 16:32:43,547 - INFO - composites.py:250 -                                  
2025-08-18 16:32:43,547 - INFO - composites.py:251 - 0/10 were refined by GRI.
2025-08-18 16:32:43,547 - WARNING - composites.py:255 - Tile x08_y11 | Time: 2020-10: All scenes are flagged NOT REFINED.
2025-08-18 16:32:43,547 - WARNING - composites.py:256 - Tile x08_y11 | Time: 2020-10: The composite will be flagged with _NOREFINED.
2025-08-18 16:32:43,547 - INFO - composites.py:263 - Looking for up to 10 cleanest images within spatiotemporal range of each MGRS tile
2025-08-18 16:32:43,549 - INFO - composites.py:277 - Filtered cleanest scenes: Kept 10 out of 10 items. 
2025-08-18 16:32:43,549 - INFO - composites.py:278 -         Included MGRS Tiles: ['34SEH' '34SEJ']
2025-08-18 16:32:43,549 - INFO - composites.py:279 -         Included EPSG codes: [32634]
2025-08-18 16:32:43,556 - INFO - composites.py:281 - Selected scenes:
2025-08-18 16:32:43,569 - INFO - composites.py:283 -         S2A_MSIL2A_20201010T092031_R093_T34SEH_20201027T125115
2025-08-18 16:32:43,569 - INFO - composites.py:283 -         S2A_MSIL2A_20201020T092031_R093_T34SEH_20201027T143214
2025-08-18 16:32:43,569 - INFO - composites.py:283 -         S2B_MSIL2A_20201015T092029_R093_T34SEH_20201019T081055
2025-08-18 16:32:43,569 - INFO - composites.py:283 -         S2B_MSIL2A_20201005T092029_R093_T34SEH_20201007T111610
2025-08-18 16:32:43,586 - INFO - composites.py:283 -         S2B_MSIL2A_20201025T092029_R093_T34SEH_20201030T072325
2025-08-18 16:32:43,586 - INFO - composites.py:283 -         S2A_MSIL2A_20201030T092121_R093_T34SEH_20201101T231357
2025-08-18 16:32:43,593 - INFO - composites.py:283 -         S2A_MSIL2A_20201010T092031_R093_T34SEJ_20201027T125115
2025-08-18 16:32:43,593 - INFO - composites.py:283 -         S2A_MSIL2A_20201020T092031_R093_T34SEJ_20201021T194215
2025-08-18 16:32:43,594 - INFO - composites.py:283 -         S2B_MSIL2A_20201015T092029_R093_T34SEJ_20201019T081043
2025-08-18 16:32:43,594 - INFO - composites.py:283 -         S2B_MSIL2A_20201025T092029_R093_T34SEJ_20201030T072638
2025-08-18 16:32:44,202 - INFO - sentinel2.py:154 - Matplotlib backend: Agg
2025-08-18 16:32:44,425 - INFO - sentinel2.py:224 - Write input scenes footprint overlay: //nas-rs.topo.auth.gr/Latomeia/DROUGHT/COMPOS/2020/10/x08_y11/S2L2A_medcomp_x08_y11_202010_InDataFootprint.jpeg
2025-08-18 16:32:44,718 - INFO - composites.py:297 -                                  
2025-08-18 16:32:44,719 - INFO - composites.py:298 - Downstream STAC items from Planetary Computer
2025-08-18 16:32:44,719 - INFO - timeseries_processing.py:114 -                                  
2025-08-18 16:32:44,719 - INFO - timeseries_processing.py:115 - Loading bands of diferent resolutions in EPSG:32634
2025-08-18 16:32:44,719 - INFO - timeseries_processing.py:119 -     Filtering items with native UTM EPSG:32634
2025-08-18 16:32:44,719 - INFO - timeseries_processing.py:121 -     10 Items in EPSG:32634
2025-08-18 16:32:44,719 - INFO - timeseries_processing.py:128 -                        
2025-08-18 16:32:44,719 - INFO - timeseries_processing.py:129 -     Loading parameters:
2025-08-18 16:32:44,719 - INFO - timeseries_processing.py:130 -         Bands: ['B05', 'B07', 'B8A', 'SCL']
2025-08-18 16:32:44,719 - INFO - timeseries_processing.py:131 -         Spatial resolution: 20
2025-08-18 16:32:44,719 - INFO - timeseries_processing.py:133 -         Get Assets from STAC Items
2025-08-18 16:32:44,719 - INFO - timeseries_processing.py:46 -         Initialize the STAC client
2025-08-18 16:32:45,329 - INFO - timeseries_processing.py:136 -         Loading 10 STAC Items....
2025-08-18 16:33:10,394 - INFO - timeseries_processing.py:158 -         Cube has been downloaded
2025-08-18 16:33:10,394 - INFO - timeseries_processing.py:167 -         Fix order of dimensions
2025-08-18 16:33:10,396 - INFO - timeseries_processing.py:172 -         Append bands to the band-list of EPSG:32634
2025-08-18 16:33:10,396 - INFO - timeseries_processing.py:128 -                        
2025-08-18 16:33:10,396 - INFO - timeseries_processing.py:129 -     Loading parameters:
2025-08-18 16:33:10,396 - INFO - timeseries_processing.py:130 -         Bands: ['B02', 'B03', 'B04']
2025-08-18 16:33:10,397 - INFO - timeseries_processing.py:131 -         Spatial resolution: 10
2025-08-18 16:33:10,397 - INFO - timeseries_processing.py:133 -         Get Assets from STAC Items
2025-08-18 16:33:10,397 - INFO - timeseries_processing.py:46 -         Initialize the STAC client
2025-08-18 16:33:11,160 - INFO - timeseries_processing.py:136 -         Loading 10 STAC Items....
2025-08-18 16:34:24,299 - INFO - timeseries_processing.py:158 -         Cube has been downloaded
2025-08-18 16:34:24,301 - INFO - timeseries_processing.py:161 -         Downsample 10m bands to 20m by average 2x2 binning
2025-08-18 16:34:32,457 - INFO - timeseries_processing.py:164 -         Warp (reproject) 2x2 binned bands to match shape of native 20m bands: method=bilinear
2025-08-18 16:34:40,160 - INFO - timeseries_processing.py:172 -         Append bands to the band-list of EPSG:32634
2025-08-18 16:34:40,160 - INFO - timeseries_processing.py:176 -                        
2025-08-18 16:34:40,160 - INFO - timeseries_processing.py:177 -     Merging bands in a single dataset
2025-08-18 16:34:40,160 - INFO - timeseries_processing.py:178 -     Ensure all partial datasets are at (x=20, y=-20) resolution
2025-08-18 16:34:40,161 - INFO - timeseries_processing.py:182 -     Clip to the intersection of indexes
2025-08-18 16:34:41,521 - INFO - timeseries_processing.py:191 -     Make a list of bands to merge
2025-08-18 16:34:41,523 - INFO - timeseries_processing.py:195 -     Merge on intersection
2025-08-18 16:34:41,524 - INFO - timeseries_processing.py:203 -     Apply masks on clouds, shadows, thin cirrus, and snow/ice
2025-08-18 16:34:41,524 - INFO - sentinel2.py:122 -                Masking bits: [3, 7, 8, 9, 10, 11]
2025-08-18 16:34:42,331 - INFO - timeseries_processing.py:209 -     Reproject to Tiling Schema projection EPSG:3035
2025-08-18 16:34:50,447 - INFO - composites.py:307 - Clip and align to tile geometry
2025-08-18 16:34:53,293 - INFO - composites.py:340 - Creating preview plot of input scenes
2025-08-18 16:35:23,826 - INFO - timeseries_processing.py:367 - Saved preview for 'B04' to //nas-rs.topo.auth.gr/Latomeia/DROUGHT/COMPOS/2020/10/x08_y11/S2L2A_medcomp_x08_y11_202010_InDataPreview.jpeg
2025-08-18 16:35:23,831 - INFO - composites.py:346 - Clip value range
2025-08-18 16:35:25,147 - INFO - composites.py:351 -                           
2025-08-18 16:35:25,155 - INFO - composites.py:352 - Computing spectral indices:
2025-08-18 16:35:25,155 - INFO - composites.py:355 -     EVI...
2025-08-18 16:35:25,986 - INFO - composites.py:357 -     NDVI...
2025-08-18 16:35:26,179 - INFO - composites.py:359 -     PSRI2...
2025-08-18 16:35:26,490 - INFO - composites.py:362 - Clip to typical value range
2025-08-18 16:35:26,780 - INFO - composites.py:369 - Reducing to median value temporal composite
2025-08-18 16:35:53,857 - INFO - composites.py:388 - Define data types and nodata per band
2025-08-18 16:35:54,007 - INFO - composites.py:409 - Assign time range and tile ID in metadata
2025-08-18 16:35:54,007 - INFO - composites.py:417 - Write bands to raster COG files
2025-08-18 16:35:59,066 - INFO - composites.py:430 - Write B02 -> //nas-rs.topo.auth.gr/Latomeia/DROUGHT/COMPOS/2020/10/x08_y11/S2L2A_medcomp_x08_y11_202010_B02.tif
2025-08-18 16:36:04,117 - INFO - composites.py:430 - Write B03 -> //nas-rs.topo.auth.gr/Latomeia/DROUGHT/COMPOS/2020/10/x08_y11/S2L2A_medcomp_x08_y11_202010_B03.tif
2025-08-18 16:36:08,780 - INFO - composites.py:430 - Write B04 -> //nas-rs.topo.auth.gr/Latomeia/DROUGHT/COMPOS/2020/10/x08_y11/S2L2A_medcomp_x08_y11_202010_B04.tif
2025-08-18 16:36:13,413 - INFO - composites.py:430 - Write B05 -> //nas-rs.topo.auth.gr/Latomeia/DROUGHT/COMPOS/2020/10/x08_y11/S2L2A_medcomp_x08_y11_202010_B05.tif
2025-08-18 16:36:18,064 - INFO - composites.py:430 - Write B07 -> //nas-rs.topo.auth.gr/Latomeia/DROUGHT/COMPOS/2020/10/x08_y11/S2L2A_medcomp_x08_y11_202010_B07.tif
2025-08-18 16:36:22,635 - INFO - composites.py:430 - Write B8A -> //nas-rs.topo.auth.gr/Latomeia/DROUGHT/COMPOS/2020/10/x08_y11/S2L2A_medcomp_x08_y11_202010_B8A.tif
2025-08-18 16:36:27,103 - INFO - composites.py:430 - Write EVI -> //nas-rs.topo.auth.gr/Latomeia/DROUGHT/COMPOS/2020/10/x08_y11/S2L2A_medcomp_x08_y11_202010_evi.tif
2025-08-18 16:36:31,539 - INFO - composites.py:430 - Write NDVI -> //nas-rs.topo.auth.gr/Latomeia/DROUGHT/COMPOS/2020/10/x08_y11/S2L2A_medcomp_x08_y11_202010_ndvi.tif
2025-08-18 16:36:36,117 - INFO - composites.py:430 - Write PSRI2 -> //nas-rs.topo.auth.gr/Latomeia/DROUGHT/COMPOS/2020/10/x08_y11/S2L2A_medcomp_x08_y11_202010_psri2.tif
2025-08-18 16:36:36,117 - INFO - composites.py:434 - Prepare metadata YAML document
2025-08-18 16:36:36,925 - INFO - composites.py:455 - Write metadata YAML document to disk
2025-08-18 16:36:36,961 - INFO - composites.py:460 - Create datacube.model.Dataset from eo3 metadata
2025-08-18 16:36:36,974 - INFO - composites.py:471 - Index to datacube
2025-08-18 16:36:36,974 - INFO - _datasets.py:191 - Indexing a141cae8-a2ac-4d50-abb6-e061b313bfeb
2025-08-18 16:36:36,985 - INFO - composites.py:474 - 
2025-08-18 16:36:36,986 - INFO - composites.py:475 -              ✔✔✔ COMPLETED: Tile x08_y11 | Time: 2020-10 | In 5.49 minutes
2025-08-18 16:36:36,986 - INFO - composites.py:476 - 
2025-08-18 16:36:36,986 - INFO - composites.py:484 - Closing Dask client
2025-08-18 16:36:36,988 - INFO - composites.py:488 - Closing Dask cluster
2025-08-18 16:36:36,988 - INFO - composites.py:489 - #######################################################################
