2025-08-27 00:51:27,013 - INFO - composites.py:102 - #######################################################################
2025-08-27 00:51:27,013 - INFO - composites.py:104 - Processing started
2025-08-27 00:51:27,013 - INFO - composites.py:105 -         Tile: x09_y07
2025-08-27 00:51:27,013 - INFO - composites.py:106 -         Time: 2021-01
2025-08-27 00:51:27,013 - INFO - composites.py:109 -                           
2025-08-27 00:51:27,013 - INFO - composites.py:110 - Establishing connection to datacube
2025-08-27 00:51:27,513 - INFO - composites.py:113 -                           
2025-08-27 00:51:27,513 - INFO - composites.py:114 - Sanity test: Check if dataset already exists in the datacube
2025-08-27 00:51:27,529 - INFO - composites.py:133 - The composite requested was not found and it will be computed
2025-08-27 00:51:27,530 - INFO - composites.py:136 -                                  
2025-08-27 00:51:27,530 - INFO - composites.py:137 - Initializing Dask cluster for parallelization
2025-08-27 00:51:32,524 - INFO - composites.py:161 - Dask dashboard is available at: http://127.0.0.1:8787/status
2025-08-27 00:51:32,524 - INFO - composites.py:164 - Create directories and naming conversions
2025-08-27 00:51:32,540 - INFO - composites.py:177 - Dataset location: //nas-rs.topo.auth.gr/Latomeia/DROUGHT/composites/x09/y07/2021/01/01
2025-08-27 00:51:32,540 - INFO - composites.py:180 -                           
2025-08-27 00:51:32,540 - INFO - composites.py:181 - Retrieve tile geometry
2025-08-27 00:51:32,568 - INFO - composites.py:192 - Create the Bounding Box (φ,λ)
2025-08-27 00:51:32,568 - INFO - composites.py:198 - Create the Bounding Box (x,y)
2025-08-27 00:51:32,568 - INFO - composites.py:211 -                           
2025-08-27 00:51:32,568 - INFO - composites.py:212 - Connect to Planetary Computer STAC Catalog
2025-08-27 00:51:32,829 - INFO - composites.py:220 - Search the STAC Catalog
2025-08-27 00:51:32,898 - INFO - composites.py:232 -         Query parameters:
2025-08-27 00:51:32,898 - INFO - composites.py:233 -             url:          https://planetarycomputer.microsoft.com/api/stac/v1/search
2025-08-27 00:51:32,898 - INFO - composites.py:234 -             client:       microsoft-pc
2025-08-27 00:51:32,898 - INFO - composites.py:235 -             collection:   sentinel-2-l2a
2025-08-27 00:51:32,898 - INFO - composites.py:236 -             bbox:         (21.713272741353347, 36.503467455742786, 22.3662065071609, 37.05185939680514)
2025-08-27 00:51:32,898 - INFO - composites.py:237 -             time range:   2021-01-01T00:00:00Z/2021-01-31T23:59:59Z
2025-08-27 00:51:32,898 - INFO - composites.py:238 -             cloud cover:  0% - 70%
2025-08-27 00:51:32,898 - INFO - composites.py:239 -             nodata cover: 0% - 33%
2025-08-27 00:51:32,898 - INFO - composites.py:241 -                           
2025-08-27 00:51:32,898 - INFO - composites.py:242 - Searching...
2025-08-27 00:51:33,687 - INFO - composites.py:245 - Query found 29 items
2025-08-27 00:51:33,687 - INFO - composites.py:247 - Searching for GRI REFINED scenes:
2025-08-27 00:51:39,639 - INFO - sentinel2.py:78 - 1/29 - S2B_MSIL2A_20210130T091129_R050_T34SFG_20210130T232755 -> Not Found
2025-08-27 00:51:44,234 - INFO - sentinel2.py:78 - 2/29 - S2B_MSIL2A_20210130T091129_R050_T34SFF_20210130T233025 -> Not Found
2025-08-27 00:51:48,854 - INFO - sentinel2.py:78 - 3/29 - S2A_MSIL2A_20210128T092241_R093_T34SFG_20210128T215646 -> Not Found
2025-08-27 00:51:53,177 - INFO - sentinel2.py:78 - 4/29 - S2A_MSIL2A_20210128T092241_R093_T34SFF_20210128T214907 -> Not Found
2025-08-27 00:51:58,655 - INFO - sentinel2.py:78 - 5/29 - S2A_MSIL2A_20210128T092241_R093_T34SEG_20210201T114508 -> Not Found
2025-08-27 00:52:03,514 - INFO - sentinel2.py:78 - 6/29 - S2A_MSIL2A_20210128T092241_R093_T34SEF_20210201T114529 -> Not Found
2025-08-27 00:52:08,996 - INFO - sentinel2.py:78 - 7/29 - S2A_MSIL2A_20210125T091251_R050_T34SFG_20210126T120912 -> Not Found
2025-08-27 00:52:13,338 - INFO - sentinel2.py:78 - 8/29 - S2A_MSIL2A_20210125T091251_R050_T34SFF_20210522T181359 -> Not Found
2025-08-27 00:52:18,864 - INFO - sentinel2.py:78 - 9/29 - S2B_MSIL2A_20210123T092159_R093_T34SFF_20210124T035121 -> Not Found
2025-08-27 00:52:23,893 - INFO - sentinel2.py:78 - 10/29 - S2B_MSIL2A_20210123T092159_R093_T34SEF_20210131T215114 -> Not Found
2025-08-27 00:52:28,876 - INFO - sentinel2.py:78 - 11/29 - S2B_MSIL2A_20210120T091209_R050_T34SFG_20210120T221222 -> Not Found
2025-08-27 00:52:33,394 - INFO - sentinel2.py:78 - 12/29 - S2B_MSIL2A_20210120T091209_R050_T34SFF_20210120T222529 -> Not Found
2025-08-27 00:52:38,388 - INFO - sentinel2.py:78 - 13/29 - S2A_MSIL2A_20210115T091331_R050_T34SFF_20210115T221057 -> Not Found
2025-08-27 00:52:44,044 - INFO - sentinel2.py:78 - 14/29 - S2B_MSIL2A_20210113T092239_R093_T34SFG_20210114T230844 -> Not Found
2025-08-27 00:52:49,571 - INFO - sentinel2.py:78 - 15/29 - S2B_MSIL2A_20210113T092239_R093_T34SFF_20210114T223916 -> Not Found
2025-08-27 00:52:55,132 - INFO - sentinel2.py:78 - 16/29 - S2B_MSIL2A_20210113T092239_R093_T34SEG_20210114T232048 -> Not Found
2025-08-27 00:52:59,556 - INFO - sentinel2.py:78 - 17/29 - S2B_MSIL2A_20210113T092239_R093_T34SEF_20210114T224629 -> Not Found
2025-08-27 00:53:05,020 - INFO - sentinel2.py:78 - 18/29 - S2B_MSIL2A_20210110T091249_R050_T34SFG_20210111T013943 -> Not Found
2025-08-27 00:53:10,058 - INFO - sentinel2.py:78 - 19/29 - S2B_MSIL2A_20210110T091249_R050_T34SFF_20210111T010955 -> Not Found
2025-08-27 00:53:15,272 - INFO - sentinel2.py:78 - 20/29 - S2A_MSIL2A_20210108T092351_R093_T34SFG_20210109T004813 -> Not Found
2025-08-27 00:53:19,466 - INFO - sentinel2.py:78 - 21/29 - S2A_MSIL2A_20210108T092351_R093_T34SFF_20210109T004219 -> Not Found
2025-08-27 00:53:24,884 - INFO - sentinel2.py:78 - 22/29 - S2A_MSIL2A_20210108T092351_R093_T34SEG_20210109T003734 -> Not Found
2025-08-27 00:53:29,933 - INFO - sentinel2.py:78 - 23/29 - S2A_MSIL2A_20210108T092351_R093_T34SEF_20210109T004507 -> Not Found
2025-08-27 00:53:35,191 - INFO - sentinel2.py:78 - 24/29 - S2A_MSIL2A_20210105T091351_R050_T34SFG_20210112T130201 -> Not Found
2025-08-27 00:53:40,813 - INFO - sentinel2.py:78 - 25/29 - S2A_MSIL2A_20210105T091351_R050_T34SFF_20210112T130248 -> Not Found
2025-08-27 00:53:45,853 - INFO - sentinel2.py:78 - 26/29 - S2B_MSIL2A_20210103T092309_R093_T34SFG_20210103T234259 -> Not Found
2025-08-27 00:53:51,143 - INFO - sentinel2.py:78 - 27/29 - S2B_MSIL2A_20210103T092309_R093_T34SFF_20210121T133614 -> Not Found
2025-08-27 00:53:55,549 - INFO - sentinel2.py:78 - 28/29 - S2B_MSIL2A_20210103T092309_R093_T34SEG_20210103T234934 -> Not Found
2025-08-27 00:54:00,079 - INFO - sentinel2.py:78 - 29/29 - S2B_MSIL2A_20210103T092309_R093_T34SEF_20210103T232529 -> Not Found
2025-08-27 00:54:00,120 - INFO - composites.py:250 -                                  
2025-08-27 00:54:00,120 - INFO - composites.py:251 - 0/29 were refined by GRI.
2025-08-27 00:54:00,120 - WARNING - composites.py:255 - Tile x09_y07 | Time: 2021-01: All scenes are flagged NOT REFINED.
2025-08-27 00:54:00,121 - WARNING - composites.py:256 - Tile x09_y07 | Time: 2021-01: The composite will be flagged with _NOREFINED.
2025-08-27 00:54:00,121 - INFO - composites.py:263 - Looking for up to 10 cleanest images within spatiotemporal range of each MGRS tile
2025-08-27 00:54:00,122 - INFO - composites.py:277 - Filtered cleanest scenes: Kept 28 out of 29 items. 
2025-08-27 00:54:00,122 - INFO - composites.py:278 -         Included MGRS Tiles: ['34SEF' '34SEG' '34SFF' '34SFG']
2025-08-27 00:54:00,122 - INFO - composites.py:279 -         Included EPSG codes: [32634]
2025-08-27 00:54:00,123 - INFO - composites.py:281 - Selected scenes:
2025-08-27 00:54:00,123 - INFO - composites.py:283 -         S2B_MSIL2A_20210103T092309_R093_T34SEF_20210103T232529
2025-08-27 00:54:00,124 - INFO - composites.py:283 -         S2A_MSIL2A_20210128T092241_R093_T34SEF_20210201T114529
2025-08-27 00:54:00,138 - INFO - composites.py:283 -         S2A_MSIL2A_20210108T092351_R093_T34SEF_20210109T004507
2025-08-27 00:54:00,158 - INFO - composites.py:283 -         S2B_MSIL2A_20210113T092239_R093_T34SEF_20210114T224629
2025-08-27 00:54:00,158 - INFO - composites.py:283 -         S2B_MSIL2A_20210123T092159_R093_T34SEF_20210131T215114
2025-08-27 00:54:00,158 - INFO - composites.py:283 -         S2A_MSIL2A_20210128T092241_R093_T34SEG_20210201T114508
2025-08-27 00:54:00,158 - INFO - composites.py:283 -         S2A_MSIL2A_20210108T092351_R093_T34SEG_20210109T003734
2025-08-27 00:54:00,158 - INFO - composites.py:283 -         S2B_MSIL2A_20210103T092309_R093_T34SEG_20210103T234934
2025-08-27 00:54:00,158 - INFO - composites.py:283 -         S2B_MSIL2A_20210113T092239_R093_T34SEG_20210114T232048
2025-08-27 00:54:00,158 - INFO - composites.py:283 -         S2B_MSIL2A_20210120T091209_R050_T34SFF_20210120T222529
2025-08-27 00:54:00,158 - INFO - composites.py:283 -         S2B_MSIL2A_20210113T092239_R093_T34SFF_20210114T223916
2025-08-27 00:54:00,160 - INFO - composites.py:283 -         S2A_MSIL2A_20210128T092241_R093_T34SFF_20210128T214907
2025-08-27 00:54:00,160 - INFO - composites.py:283 -         S2A_MSIL2A_20210125T091251_R050_T34SFF_20210522T181359
2025-08-27 00:54:00,160 - INFO - composites.py:283 -         S2B_MSIL2A_20210103T092309_R093_T34SFF_20210121T133614
2025-08-27 00:54:00,160 - INFO - composites.py:283 -         S2B_MSIL2A_20210130T091129_R050_T34SFF_20210130T233025
2025-08-27 00:54:00,160 - INFO - composites.py:283 -         S2A_MSIL2A_20210105T091351_R050_T34SFF_20210112T130248
2025-08-27 00:54:00,160 - INFO - composites.py:283 -         S2A_MSIL2A_20210115T091331_R050_T34SFF_20210115T221057
2025-08-27 00:54:00,160 - INFO - composites.py:283 -         S2A_MSIL2A_20210108T092351_R093_T34SFF_20210109T004219
2025-08-27 00:54:00,160 - INFO - composites.py:283 -         S2B_MSIL2A_20210110T091249_R050_T34SFF_20210111T010955
2025-08-27 00:54:00,160 - INFO - composites.py:283 -         S2B_MSIL2A_20210120T091209_R050_T34SFG_20210120T221222
2025-08-27 00:54:00,160 - INFO - composites.py:283 -         S2A_MSIL2A_20210128T092241_R093_T34SFG_20210128T215646
2025-08-27 00:54:00,160 - INFO - composites.py:283 -         S2A_MSIL2A_20210125T091251_R050_T34SFG_20210126T120912
2025-08-27 00:54:00,160 - INFO - composites.py:283 -         S2A_MSIL2A_20210105T091351_R050_T34SFG_20210112T130201
2025-08-27 00:54:00,160 - INFO - composites.py:283 -         S2B_MSIL2A_20210130T091129_R050_T34SFG_20210130T232755
2025-08-27 00:54:00,160 - INFO - composites.py:283 -         S2B_MSIL2A_20210113T092239_R093_T34SFG_20210114T230844
2025-08-27 00:54:00,160 - INFO - composites.py:283 -         S2A_MSIL2A_20210108T092351_R093_T34SFG_20210109T004813
2025-08-27 00:54:00,160 - INFO - composites.py:283 -         S2B_MSIL2A_20210103T092309_R093_T34SFG_20210103T234259
2025-08-27 00:54:00,160 - INFO - composites.py:283 -         S2B_MSIL2A_20210110T091249_R050_T34SFG_20210111T013943
2025-08-27 00:54:00,620 - INFO - sentinel2.py:154 - Matplotlib backend: Agg
2025-08-27 00:54:00,863 - INFO - sentinel2.py:224 - Write input scenes footprint overlay: //nas-rs.topo.auth.gr/Latomeia/DROUGHT/composites/x09/y07/2021/01/01/S2L2A_medcomp_x09y07_202101_InDataFootprint.jpeg
2025-08-27 00:54:01,154 - INFO - composites.py:297 -                                  
2025-08-27 00:54:01,154 - INFO - composites.py:298 - Downstream STAC items from Planetary Computer
2025-08-27 00:54:01,154 - INFO - timeseries_processing.py:115 -                                  
2025-08-27 00:54:01,154 - INFO - timeseries_processing.py:116 - Loading bands of diferent resolutions in EPSG:32634
2025-08-27 00:54:01,154 - INFO - timeseries_processing.py:120 -     Filtering items with native UTM EPSG:32634
2025-08-27 00:54:01,154 - INFO - timeseries_processing.py:122 -     28 Items in EPSG:32634
2025-08-27 00:54:01,154 - INFO - timeseries_processing.py:129 -                        
2025-08-27 00:54:01,154 - INFO - timeseries_processing.py:130 -     Loading parameters:
2025-08-27 00:54:01,154 - INFO - timeseries_processing.py:131 -         Bands: ['B05', 'B07', 'B8A', 'SCL']
2025-08-27 00:54:01,154 - INFO - timeseries_processing.py:132 -         Spatial resolution: 20
2025-08-27 00:54:01,154 - INFO - timeseries_processing.py:134 -         Get Assets from STAC Items
2025-08-27 00:54:01,154 - INFO - timeseries_processing.py:47 -         Initialize the STAC client
2025-08-27 00:54:01,870 - INFO - timeseries_processing.py:137 -         Loading 28 STAC Items....
2025-08-27 00:55:18,216 - INFO - timeseries_processing.py:146 -         Cube has been downloaded
2025-08-27 00:55:18,216 - INFO - timeseries_processing.py:156 -         Fix order of dimensions
2025-08-27 00:55:18,217 - INFO - timeseries_processing.py:161 -         Append bands to the band-list of EPSG:32634
2025-08-27 00:55:18,224 - INFO - timeseries_processing.py:129 -                        
2025-08-27 00:55:18,225 - INFO - timeseries_processing.py:130 -     Loading parameters:
2025-08-27 00:55:18,225 - INFO - timeseries_processing.py:131 -         Bands: ['B02', 'B03', 'B04']
2025-08-27 00:55:18,225 - INFO - timeseries_processing.py:132 -         Spatial resolution: 10
2025-08-27 00:55:18,225 - INFO - timeseries_processing.py:134 -         Get Assets from STAC Items
2025-08-27 00:55:18,225 - INFO - timeseries_processing.py:47 -         Initialize the STAC client
2025-08-27 00:55:18,854 - INFO - timeseries_processing.py:137 -         Loading 28 STAC Items....
2025-08-27 00:58:22,261 - INFO - timeseries_processing.py:146 -         Cube has been downloaded
2025-08-27 00:58:22,261 - INFO - timeseries_processing.py:149 -         Reproject to downsample 10m bands to 20m by Resampling.average 2x2 binning and shape matching with odc.geo.GeoBox
2025-08-27 00:58:37,060 - INFO - timeseries_processing.py:161 -         Append bands to the band-list of EPSG:32634
2025-08-27 00:58:37,060 - INFO - timeseries_processing.py:165 -                        
2025-08-27 00:58:37,060 - INFO - timeseries_processing.py:166 -     Merging bands in a single dataset
2025-08-27 00:58:37,060 - INFO - timeseries_processing.py:167 -     Ensure all partial datasets are at (x=20, y=-20) resolution
2025-08-27 00:58:37,061 - INFO - timeseries_processing.py:171 -     Clip to the intersection of indexes
2025-08-27 00:58:38,411 - INFO - timeseries_processing.py:180 -     Make a list of bands to merge
2025-08-27 00:58:38,411 - INFO - timeseries_processing.py:184 -     Merge on intersection
2025-08-27 00:58:38,413 - INFO - timeseries_processing.py:192 -     Apply masks on clouds, shadows, thin cirrus, and snow/ice
2025-08-27 00:58:38,413 - INFO - sentinel2.py:122 -                Masking bits: [3, 7, 8, 9, 10, 11]
2025-08-27 00:58:39,744 - INFO - composites.py:307 - Reproject from UTM Zone to Tile geometry -> CRS(EPSG:32634), Resampling.bilinear
2025-08-27 00:58:47,132 - INFO - composites.py:310 -     New shape of datasets: Shape2d(x=2400, y=2400)
2025-08-27 00:58:47,725 - INFO - composites.py:342 - Creating preview plot of input scenes
2025-08-27 00:59:22,469 - INFO - timeseries_processing.py:349 - Saved preview for 'B04' to //nas-rs.topo.auth.gr/Latomeia/DROUGHT/composites/x09/y07/2021/01/01/S2L2A_medcomp_x09y07_202101_InDataPreview.jpeg
2025-08-27 00:59:22,477 - INFO - composites.py:348 - Clip value range
2025-08-27 00:59:24,619 - INFO - composites.py:353 -                           
2025-08-27 00:59:24,626 - INFO - composites.py:354 - Computing spectral indices:
2025-08-27 00:59:24,627 - INFO - composites.py:357 -     EVI...
2025-08-27 00:59:26,022 - INFO - composites.py:359 -     NDVI...
2025-08-27 00:59:26,514 - INFO - composites.py:361 -     PSRI2...
2025-08-27 00:59:26,865 - INFO - composites.py:364 - Clip to typical value range
2025-08-27 00:59:27,320 - INFO - composites.py:371 - Reducing to median value temporal composite
2025-08-27 00:59:54,566 - INFO - composites.py:390 - Scale and Define data types & nodata per band
2025-08-27 00:59:54,689 - INFO - composites.py:411 - Assign time range and tile ID in metadata
2025-08-27 00:59:54,689 - INFO - composites.py:419 - Write bands to raster COG files
2025-08-27 00:59:58,566 - INFO - composites.py:432 - Write B02 -> //nas-rs.topo.auth.gr/Latomeia/DROUGHT/composites/x09/y07/2021/01/01/S2L2A_medcomp_x09y07_202101_B02.tif
2025-08-27 01:00:02,911 - INFO - composites.py:432 - Write B03 -> //nas-rs.topo.auth.gr/Latomeia/DROUGHT/composites/x09/y07/2021/01/01/S2L2A_medcomp_x09y07_202101_B03.tif
2025-08-27 01:00:07,063 - INFO - composites.py:432 - Write B04 -> //nas-rs.topo.auth.gr/Latomeia/DROUGHT/composites/x09/y07/2021/01/01/S2L2A_medcomp_x09y07_202101_B04.tif
2025-08-27 01:00:11,423 - INFO - composites.py:432 - Write B05 -> //nas-rs.topo.auth.gr/Latomeia/DROUGHT/composites/x09/y07/2021/01/01/S2L2A_medcomp_x09y07_202101_B05.tif
2025-08-27 01:00:15,843 - INFO - composites.py:432 - Write B07 -> //nas-rs.topo.auth.gr/Latomeia/DROUGHT/composites/x09/y07/2021/01/01/S2L2A_medcomp_x09y07_202101_B07.tif
2025-08-27 01:00:20,465 - INFO - composites.py:432 - Write B8A -> //nas-rs.topo.auth.gr/Latomeia/DROUGHT/composites/x09/y07/2021/01/01/S2L2A_medcomp_x09y07_202101_B8A.tif
2025-08-27 01:00:25,042 - INFO - composites.py:432 - Write EVI -> //nas-rs.topo.auth.gr/Latomeia/DROUGHT/composites/x09/y07/2021/01/01/S2L2A_medcomp_x09y07_202101_EVI.tif
2025-08-27 01:00:28,899 - INFO - composites.py:432 - Write NDVI -> //nas-rs.topo.auth.gr/Latomeia/DROUGHT/composites/x09/y07/2021/01/01/S2L2A_medcomp_x09y07_202101_NDVI.tif
2025-08-27 01:00:32,744 - INFO - composites.py:432 - Write PSRI2 -> //nas-rs.topo.auth.gr/Latomeia/DROUGHT/composites/x09/y07/2021/01/01/S2L2A_medcomp_x09y07_202101_PSRI2.tif
2025-08-27 01:00:32,744 - INFO - composites.py:436 - Prepare metadata YAML document
2025-08-27 01:00:33,257 - INFO - composites.py:458 - Write metadata YAML document to disk
2025-08-27 01:00:33,280 - INFO - composites.py:463 - Create datacube.model.Dataset from eo3 metadata
2025-08-27 01:00:33,292 - INFO - composites.py:474 - Index to datacube
2025-08-27 01:00:33,292 - INFO - _datasets.py:191 - Indexing 851f83a8-8983-420f-b36d-7e2e50b47f05
2025-08-27 01:00:33,301 - INFO - composites.py:477 - 
2025-08-27 01:00:33,301 - INFO - composites.py:478 -              ✔✔✔ COMPLETED: Tile x09_y07 | Time: 2021-01 | In 9.1 minutes
2025-08-27 01:00:33,301 - INFO - composites.py:479 - 
2025-08-27 01:00:33,301 - INFO - composites.py:487 - Closing Dask client
2025-08-27 01:00:33,303 - INFO - composites.py:491 - Closing Dask cluster
2025-08-27 01:00:33,303 - INFO - composites.py:492 - #######################################################################
