2025-08-22 00:26:07,890 - INFO - composites.py:101 - #######################################################################
2025-08-22 00:26:07,890 - INFO - composites.py:103 - Processing started
2025-08-22 00:26:07,890 - INFO - composites.py:104 -         Tile: x09_y10
2025-08-22 00:26:07,890 - INFO - composites.py:105 -         Time: 2020-04
2025-08-22 00:26:07,890 - INFO - composites.py:108 -                           
2025-08-22 00:26:07,890 - INFO - composites.py:109 - Establishing connection to datacube
2025-08-22 00:26:08,406 - INFO - composites.py:112 -                           
2025-08-22 00:26:08,408 - INFO - composites.py:113 - Sanity test: Check if dataset already exists in the datacube
2025-08-22 00:26:08,425 - INFO - composites.py:132 - The composite requested was not found and it will be computed
2025-08-22 00:26:08,425 - INFO - composites.py:135 -                                  
2025-08-22 00:26:08,425 - INFO - composites.py:136 - Initializing Dask cluster for parallelization
2025-08-22 00:26:13,410 - INFO - composites.py:160 - Dask dashboard is available at: http://127.0.0.1:8787/status
2025-08-22 00:26:13,410 - INFO - composites.py:163 - Create directories and naming conversions
2025-08-22 00:26:13,417 - INFO - composites.py:174 - Dataset location: //nas-rs.topo.auth.gr/Latomeia/DROUGHT/COMPOS/2020/04/x09_y10
2025-08-22 00:26:13,417 - INFO - composites.py:177 -                           
2025-08-22 00:26:13,417 - INFO - composites.py:178 - Retrieve tile geometry
2025-08-22 00:26:13,445 - INFO - composites.py:189 - Create the Bounding Box (φ,λ)
2025-08-22 00:26:13,445 - INFO - composites.py:195 - Create the Bounding Box (x,y)
2025-08-22 00:26:13,445 - INFO - composites.py:208 -                           
2025-08-22 00:26:13,445 - INFO - composites.py:209 - Connect to Planetary Computer STAC Catalog
2025-08-22 00:26:13,702 - INFO - composites.py:217 - Search the STAC Catalog
2025-08-22 00:26:13,773 - INFO - composites.py:229 -         Query parameters:
2025-08-22 00:26:13,773 - INFO - composites.py:230 -             url:          https://planetarycomputer.microsoft.com/api/stac/v1/search
2025-08-22 00:26:13,773 - INFO - composites.py:231 -             client:       microsoft-pc
2025-08-22 00:26:13,773 - INFO - composites.py:232 -             collection:   sentinel-2-l2a
2025-08-22 00:26:13,773 - INFO - composites.py:233 -             bbox:         (21.934886085480986, 37.792474572166405, 22.60144615074973, 38.34135632905737)
2025-08-22 00:26:13,773 - INFO - composites.py:234 -             time range:   2020-04-01T00:00:00Z/2020-04-30T23:59:59Z
2025-08-22 00:26:13,773 - INFO - composites.py:235 -             cloud cover:  0% - 70%
2025-08-22 00:26:13,773 - INFO - composites.py:236 -             nodata cover: 0% - 33%
2025-08-22 00:26:13,773 - INFO - composites.py:238 -                           
2025-08-22 00:26:13,773 - INFO - composites.py:239 - Searching...
2025-08-22 00:26:14,214 - INFO - composites.py:242 - Query found 22 items
2025-08-22 00:26:14,214 - INFO - composites.py:244 - Searching for GRI REFINED scenes:
2025-08-22 00:26:20,322 - INFO - sentinel2.py:78 - 1/22 - S2A_MSIL2A_20200430T090601_R050_T34SFG_20200922T165017 -> Not Found
2025-08-22 00:26:27,050 - INFO - sentinel2.py:78 - 2/22 - S2B_MSIL2A_20200428T092029_R093_T34SFH_20200922T115948 -> Not Found
2025-08-22 00:26:33,008 - INFO - sentinel2.py:78 - 3/22 - S2B_MSIL2A_20200428T092029_R093_T34SFG_20200922T115943 -> Not Found
2025-08-22 00:26:39,085 - INFO - sentinel2.py:78 - 4/22 - S2B_MSIL2A_20200428T092029_R093_T34SEH_20200922T115937 -> Not Found
2025-08-22 00:26:44,216 - INFO - sentinel2.py:78 - 5/22 - S2B_MSIL2A_20200428T092029_R093_T34SEG_20200922T115938 -> Not Found
2025-08-22 00:26:49,699 - INFO - sentinel2.py:78 - 6/22 - S2B_MSIL2A_20200425T090549_R050_T34SFG_20200922T021647 -> Not Found
2025-08-22 00:26:54,685 - INFO - sentinel2.py:78 - 7/22 - S2A_MSIL2A_20200423T092031_R093_T34SFH_20200921T181609 -> Not Found
2025-08-22 00:27:01,406 - INFO - sentinel2.py:78 - 8/22 - S2A_MSIL2A_20200423T092031_R093_T34SEH_20200921T181605 -> Not Found
2025-08-22 00:27:06,519 - INFO - sentinel2.py:78 - 9/22 - S2B_MSIL2A_20200418T092029_R093_T34SFH_20201027T070303 -> Not Found
2025-08-22 00:27:11,405 - INFO - sentinel2.py:78 - 10/22 - S2B_MSIL2A_20200418T092029_R093_T34SFG_20200924T015508 -> Not Found
2025-08-22 00:27:17,507 - INFO - sentinel2.py:78 - 11/22 - S2B_MSIL2A_20200418T092029_R093_T34SEH_20200924T015511 -> Not Found
2025-08-22 00:27:23,596 - INFO - sentinel2.py:78 - 12/22 - S2B_MSIL2A_20200418T092029_R093_T34SEG_20200924T015508 -> Not Found
2025-08-22 00:27:29,514 - INFO - sentinel2.py:78 - 13/22 - S2B_MSIL2A_20200415T090549_R050_T34SFG_20200923T160337 -> Not Found
2025-08-22 00:27:35,691 - INFO - sentinel2.py:78 - 14/22 - S2A_MSIL2A_20200413T092031_R093_T34SFH_20200923T074738 -> Not Found
2025-08-22 00:27:41,162 - INFO - sentinel2.py:78 - 15/22 - S2A_MSIL2A_20200413T092031_R093_T34SFG_20200923T074739 -> Not Found
2025-08-22 00:27:47,046 - INFO - sentinel2.py:78 - 16/22 - S2A_MSIL2A_20200413T092031_R093_T34SEH_20200923T074730 -> Not Found
2025-08-22 00:27:53,061 - INFO - sentinel2.py:78 - 17/22 - S2A_MSIL2A_20200413T092031_R093_T34SEG_20200923T074727 -> Not Found
2025-08-22 00:27:58,163 - INFO - sentinel2.py:78 - 18/22 - S2A_MSIL2A_20200410T090551_R050_T34SFG_20200925T182828 -> Not Found
2025-08-22 00:28:03,481 - INFO - sentinel2.py:78 - 19/22 - S2B_MSIL2A_20200408T092029_R093_T34SFH_20200925T133434 -> Not Found
2025-08-22 00:28:09,574 - INFO - sentinel2.py:78 - 20/22 - S2B_MSIL2A_20200408T092029_R093_T34SFG_20200925T133431 -> Not Found
2025-08-22 00:28:15,525 - INFO - sentinel2.py:78 - 21/22 - S2B_MSIL2A_20200408T092029_R093_T34SEH_20200925T133427 -> Not Found
2025-08-22 00:28:21,728 - INFO - sentinel2.py:78 - 22/22 - S2B_MSIL2A_20200408T092029_R093_T34SEG_20200925T133423 -> Not Found
2025-08-22 00:28:21,776 - INFO - composites.py:247 -                                  
2025-08-22 00:28:21,776 - INFO - composites.py:248 - 0/22 were refined by GRI.
2025-08-22 00:28:21,776 - WARNING - composites.py:252 - Tile x09_y10 | Time: 2020-04: All scenes are flagged NOT REFINED.
2025-08-22 00:28:21,776 - WARNING - composites.py:253 - Tile x09_y10 | Time: 2020-04: The composite will be flagged with _NOREFINED.
2025-08-22 00:28:21,776 - INFO - composites.py:260 - Looking for up to 10 cleanest images within spatiotemporal range of each MGRS tile
2025-08-22 00:28:21,778 - INFO - composites.py:274 - Filtered cleanest scenes: Kept 22 out of 22 items. 
2025-08-22 00:28:21,778 - INFO - composites.py:275 -         Included MGRS Tiles: ['34SEG' '34SEH' '34SFG' '34SFH']
2025-08-22 00:28:21,793 - INFO - composites.py:276 -         Included EPSG codes: [32634]
2025-08-22 00:28:21,799 - INFO - composites.py:278 - Selected scenes:
2025-08-22 00:28:21,808 - INFO - composites.py:280 -         S2B_MSIL2A_20200418T092029_R093_T34SEG_20200924T015508
2025-08-22 00:28:21,808 - INFO - composites.py:280 -         S2B_MSIL2A_20200428T092029_R093_T34SEG_20200922T115938
2025-08-22 00:28:21,808 - INFO - composites.py:280 -         S2A_MSIL2A_20200413T092031_R093_T34SEG_20200923T074727
2025-08-22 00:28:21,808 - INFO - composites.py:280 -         S2B_MSIL2A_20200408T092029_R093_T34SEG_20200925T133423
2025-08-22 00:28:21,809 - INFO - composites.py:280 -         S2B_MSIL2A_20200418T092029_R093_T34SEH_20200924T015511
2025-08-22 00:28:21,813 - INFO - composites.py:280 -         S2B_MSIL2A_20200428T092029_R093_T34SEH_20200922T115937
2025-08-22 00:28:21,813 - INFO - composites.py:280 -         S2A_MSIL2A_20200413T092031_R093_T34SEH_20200923T074730
2025-08-22 00:28:21,813 - INFO - composites.py:280 -         S2B_MSIL2A_20200408T092029_R093_T34SEH_20200925T133427
2025-08-22 00:28:21,813 - INFO - composites.py:280 -         S2A_MSIL2A_20200423T092031_R093_T34SEH_20200921T181605
2025-08-22 00:28:21,813 - INFO - composites.py:280 -         S2B_MSIL2A_20200418T092029_R093_T34SFG_20200924T015508
2025-08-22 00:28:21,813 - INFO - composites.py:280 -         S2A_MSIL2A_20200410T090551_R050_T34SFG_20200925T182828
2025-08-22 00:28:21,813 - INFO - composites.py:280 -         S2B_MSIL2A_20200425T090549_R050_T34SFG_20200922T021647
2025-08-22 00:28:21,813 - INFO - composites.py:280 -         S2B_MSIL2A_20200428T092029_R093_T34SFG_20200922T115943
2025-08-22 00:28:21,813 - INFO - composites.py:280 -         S2B_MSIL2A_20200408T092029_R093_T34SFG_20200925T133431
2025-08-22 00:28:21,813 - INFO - composites.py:280 -         S2A_MSIL2A_20200430T090601_R050_T34SFG_20200922T165017
2025-08-22 00:28:21,813 - INFO - composites.py:280 -         S2A_MSIL2A_20200413T092031_R093_T34SFG_20200923T074739
2025-08-22 00:28:21,813 - INFO - composites.py:280 -         S2B_MSIL2A_20200415T090549_R050_T34SFG_20200923T160337
2025-08-22 00:28:21,813 - INFO - composites.py:280 -         S2B_MSIL2A_20200418T092029_R093_T34SFH_20201027T070303
2025-08-22 00:28:21,813 - INFO - composites.py:280 -         S2B_MSIL2A_20200428T092029_R093_T34SFH_20200922T115948
2025-08-22 00:28:21,813 - INFO - composites.py:280 -         S2A_MSIL2A_20200413T092031_R093_T34SFH_20200923T074738
2025-08-22 00:28:21,814 - INFO - composites.py:280 -         S2B_MSIL2A_20200408T092029_R093_T34SFH_20200925T133434
2025-08-22 00:28:21,814 - INFO - composites.py:280 -         S2A_MSIL2A_20200423T092031_R093_T34SFH_20200921T181609
2025-08-22 00:28:22,239 - INFO - sentinel2.py:154 - Matplotlib backend: Agg
2025-08-22 00:28:22,597 - INFO - sentinel2.py:224 - Write input scenes footprint overlay: //nas-rs.topo.auth.gr/Latomeia/DROUGHT/COMPOS/2020/04/x09_y10/S2L2A_medcomp_x09_y10_202004_InDataFootprint.jpeg
2025-08-22 00:28:22,885 - INFO - composites.py:294 -                                  
2025-08-22 00:28:22,885 - INFO - composites.py:295 - Downstream STAC items from Planetary Computer
2025-08-22 00:28:22,885 - INFO - timeseries_processing.py:115 -                                  
2025-08-22 00:28:22,885 - INFO - timeseries_processing.py:116 - Loading bands of diferent resolutions in EPSG:32634
2025-08-22 00:28:22,885 - INFO - timeseries_processing.py:120 -     Filtering items with native UTM EPSG:32634
2025-08-22 00:28:22,885 - INFO - timeseries_processing.py:122 -     22 Items in EPSG:32634
2025-08-22 00:28:22,886 - INFO - timeseries_processing.py:129 -                        
2025-08-22 00:28:22,886 - INFO - timeseries_processing.py:130 -     Loading parameters:
2025-08-22 00:28:22,886 - INFO - timeseries_processing.py:131 -         Bands: ['B05', 'B07', 'B8A', 'SCL']
2025-08-22 00:28:22,886 - INFO - timeseries_processing.py:132 -         Spatial resolution: 20
2025-08-22 00:28:22,886 - INFO - timeseries_processing.py:134 -         Get Assets from STAC Items
2025-08-22 00:28:22,886 - INFO - timeseries_processing.py:47 -         Initialize the STAC client
2025-08-22 00:28:23,451 - INFO - timeseries_processing.py:137 -         Loading 22 STAC Items....
2025-08-22 00:29:26,396 - INFO - timeseries_processing.py:146 -         Cube has been downloaded
2025-08-22 00:29:26,396 - INFO - timeseries_processing.py:156 -         Fix order of dimensions
2025-08-22 00:29:26,397 - INFO - timeseries_processing.py:161 -         Append bands to the band-list of EPSG:32634
2025-08-22 00:29:26,397 - INFO - timeseries_processing.py:129 -                        
2025-08-22 00:29:26,397 - INFO - timeseries_processing.py:130 -     Loading parameters:
2025-08-22 00:29:26,397 - INFO - timeseries_processing.py:131 -         Bands: ['B02', 'B03', 'B04']
2025-08-22 00:29:26,398 - INFO - timeseries_processing.py:132 -         Spatial resolution: 10
2025-08-22 00:29:26,402 - INFO - timeseries_processing.py:134 -         Get Assets from STAC Items
2025-08-22 00:29:26,402 - INFO - timeseries_processing.py:47 -         Initialize the STAC client
2025-08-22 00:29:27,003 - INFO - timeseries_processing.py:137 -         Loading 22 STAC Items....
2025-08-22 00:31:42,989 - INFO - timeseries_processing.py:146 -         Cube has been downloaded
2025-08-22 00:31:42,989 - INFO - timeseries_processing.py:149 -         Reproject to downsample 10m bands to 20m by Resampling.average 2x2 binning and shape matching with odc.geo.GeoBox
2025-08-22 00:31:55,240 - INFO - timeseries_processing.py:161 -         Append bands to the band-list of EPSG:32634
2025-08-22 00:31:55,240 - INFO - timeseries_processing.py:165 -                        
2025-08-22 00:31:55,240 - INFO - timeseries_processing.py:166 -     Merging bands in a single dataset
2025-08-22 00:31:55,248 - INFO - timeseries_processing.py:167 -     Ensure all partial datasets are at (x=20, y=-20) resolution
2025-08-22 00:31:55,249 - INFO - timeseries_processing.py:171 -     Clip to the intersection of indexes
2025-08-22 00:31:56,299 - INFO - timeseries_processing.py:180 -     Make a list of bands to merge
2025-08-22 00:31:56,300 - INFO - timeseries_processing.py:184 -     Merge on intersection
2025-08-22 00:31:56,301 - INFO - timeseries_processing.py:192 -     Apply masks on clouds, shadows, thin cirrus, and snow/ice
2025-08-22 00:31:56,301 - INFO - sentinel2.py:122 -                Masking bits: [3, 7, 8, 9, 10, 11]
2025-08-22 00:31:57,339 - INFO - composites.py:304 - Reproject from UTM Zone to Tile geometry -> CRS(EPSG:32634), Resampling.bilinear
2025-08-22 00:32:03,221 - INFO - composites.py:307 -     New shape of datasets: Shape2d(x=2400, y=2400)
2025-08-22 00:32:04,102 - INFO - composites.py:339 - Creating preview plot of input scenes
2025-08-22 00:32:34,686 - INFO - timeseries_processing.py:349 - Saved preview for 'B04' to //nas-rs.topo.auth.gr/Latomeia/DROUGHT/COMPOS/2020/04/x09_y10/S2L2A_medcomp_x09_y10_202004_InDataPreview.jpeg
2025-08-22 00:32:34,692 - INFO - composites.py:345 - Clip value range
2025-08-22 00:32:36,421 - INFO - composites.py:350 -                           
2025-08-22 00:32:36,421 - INFO - composites.py:351 - Computing spectral indices:
2025-08-22 00:32:36,423 - INFO - composites.py:354 -     EVI...
2025-08-22 00:32:37,593 - INFO - composites.py:356 -     NDVI...
2025-08-22 00:32:37,843 - INFO - composites.py:358 -     PSRI2...
2025-08-22 00:32:38,176 - INFO - composites.py:361 - Clip to typical value range
2025-08-22 00:32:38,594 - INFO - composites.py:368 - Reducing to median value temporal composite
2025-08-22 00:33:04,570 - INFO - composites.py:387 - Define data types and nodata per band
2025-08-22 00:33:04,677 - INFO - composites.py:408 - Assign time range and tile ID in metadata
2025-08-22 00:33:04,679 - INFO - composites.py:416 - Write bands to raster COG files
2025-08-22 00:33:08,522 - INFO - composites.py:429 - Write B02 -> //nas-rs.topo.auth.gr/Latomeia/DROUGHT/COMPOS/2020/04/x09_y10/S2L2A_medcomp_x09_y10_202004_B02.tif
2025-08-22 00:33:12,296 - INFO - composites.py:429 - Write B03 -> //nas-rs.topo.auth.gr/Latomeia/DROUGHT/COMPOS/2020/04/x09_y10/S2L2A_medcomp_x09_y10_202004_B03.tif
2025-08-22 00:33:16,074 - INFO - composites.py:429 - Write B04 -> //nas-rs.topo.auth.gr/Latomeia/DROUGHT/COMPOS/2020/04/x09_y10/S2L2A_medcomp_x09_y10_202004_B04.tif
2025-08-22 00:33:20,025 - INFO - composites.py:429 - Write B05 -> //nas-rs.topo.auth.gr/Latomeia/DROUGHT/COMPOS/2020/04/x09_y10/S2L2A_medcomp_x09_y10_202004_B05.tif
2025-08-22 00:33:24,319 - INFO - composites.py:429 - Write B07 -> //nas-rs.topo.auth.gr/Latomeia/DROUGHT/COMPOS/2020/04/x09_y10/S2L2A_medcomp_x09_y10_202004_B07.tif
2025-08-22 00:33:28,196 - INFO - composites.py:429 - Write B8A -> //nas-rs.topo.auth.gr/Latomeia/DROUGHT/COMPOS/2020/04/x09_y10/S2L2A_medcomp_x09_y10_202004_B8A.tif
2025-08-22 00:33:31,952 - INFO - composites.py:429 - Write EVI -> //nas-rs.topo.auth.gr/Latomeia/DROUGHT/COMPOS/2020/04/x09_y10/S2L2A_medcomp_x09_y10_202004_evi.tif
2025-08-22 00:33:35,708 - INFO - composites.py:429 - Write NDVI -> //nas-rs.topo.auth.gr/Latomeia/DROUGHT/COMPOS/2020/04/x09_y10/S2L2A_medcomp_x09_y10_202004_ndvi.tif
2025-08-22 00:33:39,527 - INFO - composites.py:429 - Write PSRI2 -> //nas-rs.topo.auth.gr/Latomeia/DROUGHT/COMPOS/2020/04/x09_y10/S2L2A_medcomp_x09_y10_202004_psri2.tif
2025-08-22 00:33:39,547 - INFO - composites.py:433 - Prepare metadata YAML document
2025-08-22 00:33:40,202 - INFO - composites.py:454 - Write metadata YAML document to disk
2025-08-22 00:33:40,227 - INFO - composites.py:459 - Create datacube.model.Dataset from eo3 metadata
2025-08-22 00:33:40,244 - INFO - composites.py:470 - Index to datacube
2025-08-22 00:33:40,244 - INFO - _datasets.py:191 - Indexing 737a114f-503f-4879-bff9-dbd80450ff5e
2025-08-22 00:33:40,256 - INFO - composites.py:473 - 
2025-08-22 00:33:40,256 - INFO - composites.py:474 -              ✔✔✔ COMPLETED: Tile x09_y10 | Time: 2020-04 | In 7.54 minutes
2025-08-22 00:33:40,256 - INFO - composites.py:475 - 
2025-08-22 00:33:40,256 - INFO - composites.py:483 - Closing Dask client
2025-08-22 00:33:40,258 - INFO - composites.py:487 - Closing Dask cluster
2025-08-22 00:33:40,258 - INFO - composites.py:488 - #######################################################################
