2025-08-18 00:45:39,310 - INFO - composites.py:104 - #######################################################################
2025-08-18 00:45:39,310 - INFO - composites.py:106 - Processing started
2025-08-18 00:45:39,310 - INFO - composites.py:107 -         Tile: x09_y10
2025-08-18 00:45:39,310 - INFO - composites.py:108 -         Time: 2020-05
2025-08-18 00:45:39,310 - INFO - composites.py:111 -                           
2025-08-18 00:45:39,310 - INFO - composites.py:112 - Establishing connection to datacube
2025-08-18 00:45:40,014 - INFO - composites.py:115 -                           
2025-08-18 00:45:40,015 - INFO - composites.py:116 - Sanity test: Check if dataset already exists in the datacube
2025-08-18 00:45:40,033 - INFO - composites.py:134 - The composite requested will be computed
2025-08-18 00:45:40,033 - INFO - composites.py:137 -                                  
2025-08-18 00:45:40,033 - INFO - composites.py:138 - Initializing Dask cluster for parallelization
2025-08-18 00:45:46,191 - INFO - composites.py:170 - Dask dashboard is available at: http://127.0.0.1:8787/status
2025-08-18 00:45:46,191 - INFO - composites.py:173 - Create directories and naming conversions
2025-08-18 00:45:46,199 - INFO - composites.py:184 - Dataset location: //nas-rs.topo.auth.gr/Latomeia/DROUGHT/COMPOS/2020/05/x09_y10
2025-08-18 00:45:46,199 - INFO - composites.py:187 -                           
2025-08-18 00:45:46,199 - INFO - composites.py:188 - Retrieve tile geometry
2025-08-18 00:45:46,246 - INFO - composites.py:199 - Create the Bounding Box (φ,λ)
2025-08-18 00:45:46,246 - INFO - composites.py:205 - Create the Bounding Box (x,y)
2025-08-18 00:45:46,246 - INFO - composites.py:218 -                           
2025-08-18 00:45:46,246 - INFO - composites.py:219 - Connect to Planetary Computer STAC Catalog
2025-08-18 00:45:46,488 - INFO - composites.py:227 - Search the STAC Catalog
2025-08-18 00:45:46,557 - INFO - composites.py:239 -         Query parameters:
2025-08-18 00:45:46,557 - INFO - composites.py:240 -             url:          https://planetarycomputer.microsoft.com/api/stac/v1/search
2025-08-18 00:45:46,557 - INFO - composites.py:241 -             client:       microsoft-pc
2025-08-18 00:45:46,557 - INFO - composites.py:242 -             collection:   sentinel-2-l2a
2025-08-18 00:45:46,557 - INFO - composites.py:243 -             bbox:         (21.934949947323116, 37.79251189217731, 22.601510740438165, 38.341393930546026)
2025-08-18 00:45:46,557 - INFO - composites.py:244 -             time range:   2020-05-01T00:00:00Z/2020-05-31T23:59:59Z
2025-08-18 00:45:46,557 - INFO - composites.py:245 -             cloud cover:  0% - 70%
2025-08-18 00:45:46,557 - INFO - composites.py:246 -             nodata cover: 0% - 33%
2025-08-18 00:45:46,557 - INFO - composites.py:248 -                           
2025-08-18 00:45:46,557 - INFO - composites.py:249 - Searching...
2025-08-18 00:45:47,012 - INFO - composites.py:252 - Query found 28 items
2025-08-18 00:45:47,013 - INFO - composites.py:254 - Searching for GRI REFINED scenes:
2025-08-18 00:45:51,605 - INFO - sentinel2.py:63 - 1/28 - S2A_MSIL2A_20200530T090601_R050_T34SFG_20200911T120336 -> Not Found
2025-08-18 00:45:56,184 - INFO - sentinel2.py:63 - 2/28 - S2B_MSIL2A_20200528T092029_R093_T34SFH_20200911T074409 -> Not Found
2025-08-18 00:46:00,623 - INFO - sentinel2.py:63 - 3/28 - S2B_MSIL2A_20200528T092029_R093_T34SFG_20200911T074408 -> Not Found
2025-08-18 00:46:05,690 - INFO - sentinel2.py:63 - 4/28 - S2B_MSIL2A_20200528T092029_R093_T34SEH_20200911T074408 -> Not Found
2025-08-18 00:46:10,178 - INFO - sentinel2.py:63 - 5/28 - S2B_MSIL2A_20200528T092029_R093_T34SEG_20200911T074411 -> Not Found
2025-08-18 00:46:15,042 - INFO - sentinel2.py:63 - 6/28 - S2B_MSIL2A_20200525T090559_R050_T34SFG_20200910T231842 -> Not Found
2025-08-18 00:46:19,409 - INFO - sentinel2.py:63 - 7/28 - S2A_MSIL2A_20200523T092031_R093_T34SFH_20200910T161147 -> Not Found
2025-08-18 00:46:23,791 - INFO - sentinel2.py:63 - 8/28 - S2A_MSIL2A_20200523T092031_R093_T34SFG_20200910T161220 -> Not Found
2025-08-18 00:46:28,403 - INFO - sentinel2.py:63 - 9/28 - S2A_MSIL2A_20200523T092031_R093_T34SEH_20200910T161147 -> Not Found
2025-08-18 00:46:32,579 - INFO - sentinel2.py:63 - 10/28 - S2A_MSIL2A_20200523T092031_R093_T34SEG_20200910T161139 -> Not Found
2025-08-18 00:46:37,052 - INFO - sentinel2.py:63 - 11/28 - S2A_MSIL2A_20200520T090601_R050_T34SFG_20200910T074202 -> Not Found
2025-08-18 00:46:42,044 - INFO - sentinel2.py:63 - 12/28 - S2B_MSIL2A_20200518T092029_R093_T34SFH_20201027T071128 -> Not Found
2025-08-18 00:46:46,304 - INFO - sentinel2.py:63 - 13/28 - S2B_MSIL2A_20200518T092029_R093_T34SFG_20200910T033457 -> Not Found
2025-08-18 00:46:50,646 - INFO - sentinel2.py:63 - 14/28 - S2B_MSIL2A_20200518T092029_R093_T34SEH_20200910T033454 -> Not Found
2025-08-18 00:46:55,276 - INFO - sentinel2.py:63 - 15/28 - S2B_MSIL2A_20200518T092029_R093_T34SEG_20200910T033457 -> Not Found
2025-08-18 00:46:59,668 - INFO - sentinel2.py:63 - 16/28 - S2B_MSIL2A_20200515T090559_R050_T34SFG_20200918T082413 -> Not Found
2025-08-18 00:47:05,115 - INFO - sentinel2.py:63 - 17/28 - S2A_MSIL2A_20200513T092031_R093_T34SFH_20200918T002822 -> Not Found
2025-08-18 00:47:09,523 - INFO - sentinel2.py:63 - 18/28 - S2A_MSIL2A_20200513T092031_R093_T34SFG_20200918T002820 -> Not Found
2025-08-18 00:47:14,335 - INFO - sentinel2.py:63 - 19/28 - S2A_MSIL2A_20200513T092031_R093_T34SEH_20200918T002812 -> Not Found
2025-08-18 00:47:19,006 - INFO - sentinel2.py:63 - 20/28 - S2A_MSIL2A_20200513T092031_R093_T34SEG_20200918T002814 -> Not Found
2025-08-18 00:47:23,469 - INFO - sentinel2.py:63 - 21/28 - S2B_MSIL2A_20200508T092029_R093_T34SFH_20200921T013436 -> Not Found
2025-08-18 00:47:27,768 - INFO - sentinel2.py:63 - 22/28 - S2B_MSIL2A_20200508T092029_R093_T34SFG_20200921T013442 -> Not Found
2025-08-18 00:47:32,184 - INFO - sentinel2.py:63 - 23/28 - S2B_MSIL2A_20200508T092029_R093_T34SEH_20200921T013438 -> Not Found
2025-08-18 00:47:37,847 - INFO - sentinel2.py:63 - 24/28 - S2B_MSIL2A_20200508T092029_R093_T34SEG_20200921T013431 -> Not Found
2025-08-18 00:47:43,104 - INFO - sentinel2.py:63 - 25/28 - S2B_MSIL2A_20200505T090549_R050_T34SFG_20200920T154652 -> Not Found
2025-08-18 00:47:47,646 - INFO - sentinel2.py:63 - 26/28 - S2A_MSIL2A_20200503T092031_R093_T34SFH_20200920T073242 -> Not Found
2025-08-18 00:47:52,638 - INFO - sentinel2.py:63 - 27/28 - S2A_MSIL2A_20200503T092031_R093_T34SFG_20200920T073233 -> Not Found
2025-08-18 00:47:57,236 - INFO - sentinel2.py:63 - 28/28 - S2A_MSIL2A_20200503T092031_R093_T34SEH_20200920T073223 -> Not Found
2025-08-18 00:47:57,304 - INFO - composites.py:257 -                                  
2025-08-18 00:47:57,305 - INFO - composites.py:258 - 0/28 were refined by GRI.
2025-08-18 00:47:57,305 - WARNING - composites.py:262 - Tile x09_y10 | Time: 2020-05: All scenes are flagged NOT REFINED.
2025-08-18 00:47:57,305 - WARNING - composites.py:263 - Tile x09_y10 | Time: 2020-05: The composite will be flagged with _NOREFINED.
2025-08-18 00:47:57,306 - INFO - composites.py:270 - Looking for up to 10 cleanest images within spatiotemporal range of each MGRS tile
2025-08-18 00:47:57,306 - INFO - composites.py:284 - Filtered cleanest scenes: Kept 27 out of 28 items. 
2025-08-18 00:47:57,307 - INFO - composites.py:285 -         Included MGRS Tiles: ['34SEG' '34SEH' '34SFG' '34SFH']
2025-08-18 00:47:57,307 - INFO - composites.py:286 -         Included EPSG codes: [32634]
2025-08-18 00:47:57,307 - INFO - composites.py:288 - Selected scenes:
2025-08-18 00:47:57,307 - INFO - composites.py:290 -         S2B_MSIL2A_20200508T092029_R093_T34SEG_20200921T013431
2025-08-18 00:47:57,307 - INFO - composites.py:290 -         S2A_MSIL2A_20200513T092031_R093_T34SEG_20200918T002814
2025-08-18 00:47:57,318 - INFO - composites.py:290 -         S2B_MSIL2A_20200518T092029_R093_T34SEG_20200910T033457
2025-08-18 00:47:57,318 - INFO - composites.py:290 -         S2A_MSIL2A_20200523T092031_R093_T34SEG_20200910T161139
2025-08-18 00:47:57,331 - INFO - composites.py:290 -         S2B_MSIL2A_20200528T092029_R093_T34SEG_20200911T074411
2025-08-18 00:47:57,331 - INFO - composites.py:290 -         S2A_MSIL2A_20200513T092031_R093_T34SEH_20200918T002812
2025-08-18 00:47:57,331 - INFO - composites.py:290 -         S2B_MSIL2A_20200508T092029_R093_T34SEH_20200921T013438
2025-08-18 00:47:57,331 - INFO - composites.py:290 -         S2A_MSIL2A_20200523T092031_R093_T34SEH_20200910T161147
2025-08-18 00:47:57,332 - INFO - composites.py:290 -         S2B_MSIL2A_20200518T092029_R093_T34SEH_20200910T033454
2025-08-18 00:47:57,332 - INFO - composites.py:290 -         S2B_MSIL2A_20200528T092029_R093_T34SEH_20200911T074408
2025-08-18 00:47:57,332 - INFO - composites.py:290 -         S2A_MSIL2A_20200503T092031_R093_T34SEH_20200920T073223
2025-08-18 00:47:57,332 - INFO - composites.py:290 -         S2B_MSIL2A_20200508T092029_R093_T34SFG_20200921T013442
2025-08-18 00:47:57,332 - INFO - composites.py:290 -         S2B_MSIL2A_20200505T090549_R050_T34SFG_20200920T154652
2025-08-18 00:47:57,332 - INFO - composites.py:290 -         S2B_MSIL2A_20200515T090559_R050_T34SFG_20200918T082413
2025-08-18 00:47:57,332 - INFO - composites.py:290 -         S2A_MSIL2A_20200513T092031_R093_T34SFG_20200918T002820
2025-08-18 00:47:57,332 - INFO - composites.py:290 -         S2B_MSIL2A_20200518T092029_R093_T34SFG_20200910T033457
2025-08-18 00:47:57,332 - INFO - composites.py:290 -         S2A_MSIL2A_20200520T090601_R050_T34SFG_20200910T074202
2025-08-18 00:47:57,332 - INFO - composites.py:290 -         S2A_MSIL2A_20200530T090601_R050_T34SFG_20200911T120336
2025-08-18 00:47:57,332 - INFO - composites.py:290 -         S2A_MSIL2A_20200523T092031_R093_T34SFG_20200910T161220
2025-08-18 00:47:57,332 - INFO - composites.py:290 -         S2B_MSIL2A_20200525T090559_R050_T34SFG_20200910T231842
2025-08-18 00:47:57,332 - INFO - composites.py:290 -         S2B_MSIL2A_20200528T092029_R093_T34SFG_20200911T074408
2025-08-18 00:47:57,332 - INFO - composites.py:290 -         S2A_MSIL2A_20200513T092031_R093_T34SFH_20200918T002822
2025-08-18 00:47:57,332 - INFO - composites.py:290 -         S2B_MSIL2A_20200508T092029_R093_T34SFH_20200921T013436
2025-08-18 00:47:57,332 - INFO - composites.py:290 -         S2A_MSIL2A_20200523T092031_R093_T34SFH_20200910T161147
2025-08-18 00:47:57,332 - INFO - composites.py:290 -         S2A_MSIL2A_20200503T092031_R093_T34SFH_20200920T073242
2025-08-18 00:47:57,333 - INFO - composites.py:290 -         S2B_MSIL2A_20200518T092029_R093_T34SFH_20201027T071128
2025-08-18 00:47:57,333 - INFO - composites.py:290 -         S2B_MSIL2A_20200528T092029_R093_T34SFH_20200911T074409
2025-08-18 00:47:57,923 - INFO - sentinel2.py:139 - Matplotlib backend: Agg
2025-08-18 00:47:58,251 - INFO - sentinel2.py:209 - Write input scenes footprint overlay: //nas-rs.topo.auth.gr/Latomeia/DROUGHT/COMPOS/2020/05/x09_y10/S2L2A_medcomp_x09_y10_202005_InDataFootprint.jpeg
2025-08-18 00:47:58,518 - INFO - composites.py:304 -                                  
2025-08-18 00:47:58,518 - INFO - composites.py:305 - Downstream STAC items from Planetary Computer
2025-08-18 00:47:58,518 - INFO - timeseries_processing.py:99 -                                  
2025-08-18 00:47:58,518 - INFO - timeseries_processing.py:100 - Loading bands of diferent resolutions in EPSG:32634
2025-08-18 00:47:58,518 - INFO - timeseries_processing.py:104 -     Filtering items with native UTM EPSG:32634
2025-08-18 00:47:58,518 - INFO - timeseries_processing.py:106 -     27 Items in EPSG:32634
2025-08-18 00:47:58,518 - INFO - timeseries_processing.py:113 -                        
2025-08-18 00:47:58,518 - INFO - timeseries_processing.py:114 -     Loading parameters:
2025-08-18 00:47:58,518 - INFO - timeseries_processing.py:115 -         Bands: ['B05', 'B07', 'B8A', 'SCL']
2025-08-18 00:47:58,518 - INFO - timeseries_processing.py:116 -         Spatial resolution: 20
2025-08-18 00:47:58,518 - INFO - timeseries_processing.py:118 -         Get Assets from STAC Items
2025-08-18 00:47:58,518 - INFO - timeseries_processing.py:31 -         Initialize the STAC client
2025-08-18 00:47:59,223 - INFO - timeseries_processing.py:121 -         Loading 27 STAC Items....
2025-08-18 00:49:12,651 - INFO - timeseries_processing.py:143 -         Cube has been downloaded
2025-08-18 00:49:12,653 - INFO - timeseries_processing.py:152 -         Fix order of dimensions
2025-08-18 00:49:12,655 - INFO - timeseries_processing.py:157 -         Append bands to the band-list of EPSG:32634
2025-08-18 00:49:12,655 - INFO - timeseries_processing.py:113 -                        
2025-08-18 00:49:12,655 - INFO - timeseries_processing.py:114 -     Loading parameters:
2025-08-18 00:49:12,656 - INFO - timeseries_processing.py:115 -         Bands: ['B02', 'B03', 'B04']
2025-08-18 00:49:12,656 - INFO - timeseries_processing.py:116 -         Spatial resolution: 10
2025-08-18 00:49:12,656 - INFO - timeseries_processing.py:118 -         Get Assets from STAC Items
2025-08-18 00:49:12,656 - INFO - timeseries_processing.py:31 -         Initialize the STAC client
2025-08-18 00:49:13,171 - INFO - timeseries_processing.py:121 -         Loading 27 STAC Items....
2025-08-18 00:52:06,243 - INFO - timeseries_processing.py:143 -         Cube has been downloaded
2025-08-18 00:52:06,243 - INFO - timeseries_processing.py:146 -         Downsample 10m bands to 20m by average 2x2 binning
2025-08-18 00:52:22,309 - INFO - timeseries_processing.py:149 -         Warp (reproject) 2x2 binned bands like native 20m bands: method=bilinear
2025-08-18 00:52:32,908 - INFO - timeseries_processing.py:157 -         Append bands to the band-list of EPSG:32634
2025-08-18 00:52:32,908 - INFO - timeseries_processing.py:161 -                        
2025-08-18 00:52:32,908 - INFO - timeseries_processing.py:162 -     Merging bands in a single dataset
2025-08-18 00:52:32,908 - INFO - timeseries_processing.py:163 -     Ensure all partial datasets are at (x=20, y=-20) resolution
2025-08-18 00:52:32,909 - INFO - timeseries_processing.py:167 -     Clip to the intersection of indexes
2025-08-18 00:52:34,354 - INFO - timeseries_processing.py:176 -     Make a list of bands to merge
2025-08-18 00:52:34,355 - INFO - timeseries_processing.py:180 -     Merge on intersection
2025-08-18 00:52:34,356 - INFO - timeseries_processing.py:188 -     Apply masks on clouds, shadows, thin cirrus, and snow/ice
2025-08-18 00:52:34,356 - INFO - sentinel2.py:107 -                Masking bits: [3, 7, 8, 9, 10, 11]
2025-08-18 00:52:35,929 - INFO - timeseries_processing.py:194 -     Reproject to Tiling Schema projection EPSG:3035
2025-08-18 00:52:51,738 - INFO - composites.py:314 - Clip and align to tile geometry
2025-08-18 00:52:56,874 - INFO - composites.py:347 - Creating preview plot of input scenes
2025-08-18 00:53:40,824 - INFO - timeseries_processing.py:352 - Saved preview for 'B04' to //nas-rs.topo.auth.gr/Latomeia/DROUGHT/COMPOS/2020/05/x09_y10/S2L2A_medcomp_x09_y10_202005_InDataPreview.jpeg
2025-08-18 00:53:40,848 - INFO - composites.py:353 - Clip value range
2025-08-18 00:53:43,260 - INFO - composites.py:358 -                           
2025-08-18 00:53:43,266 - INFO - composites.py:359 - Computing spectral indices:
2025-08-18 00:53:43,266 - INFO - composites.py:362 -     EVI...
2025-08-18 00:53:44,796 - INFO - composites.py:364 -     NDVI...
2025-08-18 00:53:45,128 - INFO - composites.py:366 -     PSRI2...
2025-08-18 00:53:45,660 - INFO - composites.py:369 - Clip to typical value range
2025-08-18 00:53:46,162 - INFO - composites.py:376 - Reducing to median value temporal composite
2025-08-18 00:54:12,913 - INFO - composites.py:395 - Define data types and nodata per band
2025-08-18 00:54:13,051 - INFO - composites.py:416 - Assign time range and tile ID in metadata
2025-08-18 00:54:13,051 - INFO - composites.py:424 - Write bands to raster COG files
2025-08-18 00:54:17,763 - INFO - composites.py:437 - Write B02 -> //nas-rs.topo.auth.gr/Latomeia/DROUGHT/COMPOS/2020/05/x09_y10/S2L2A_medcomp_x09_y10_202005_B02.tif
2025-08-18 00:54:22,376 - INFO - composites.py:437 - Write B03 -> //nas-rs.topo.auth.gr/Latomeia/DROUGHT/COMPOS/2020/05/x09_y10/S2L2A_medcomp_x09_y10_202005_B03.tif
2025-08-18 00:54:27,129 - INFO - composites.py:437 - Write B04 -> //nas-rs.topo.auth.gr/Latomeia/DROUGHT/COMPOS/2020/05/x09_y10/S2L2A_medcomp_x09_y10_202005_B04.tif
2025-08-18 00:54:31,897 - INFO - composites.py:437 - Write B05 -> //nas-rs.topo.auth.gr/Latomeia/DROUGHT/COMPOS/2020/05/x09_y10/S2L2A_medcomp_x09_y10_202005_B05.tif
2025-08-18 00:54:36,617 - INFO - composites.py:437 - Write B07 -> //nas-rs.topo.auth.gr/Latomeia/DROUGHT/COMPOS/2020/05/x09_y10/S2L2A_medcomp_x09_y10_202005_B07.tif
2025-08-18 00:54:41,331 - INFO - composites.py:437 - Write B8A -> //nas-rs.topo.auth.gr/Latomeia/DROUGHT/COMPOS/2020/05/x09_y10/S2L2A_medcomp_x09_y10_202005_B8A.tif
2025-08-18 00:54:45,969 - INFO - composites.py:437 - Write EVI -> //nas-rs.topo.auth.gr/Latomeia/DROUGHT/COMPOS/2020/05/x09_y10/S2L2A_medcomp_x09_y10_202005_evi.tif
2025-08-18 00:54:50,617 - INFO - composites.py:437 - Write NDVI -> //nas-rs.topo.auth.gr/Latomeia/DROUGHT/COMPOS/2020/05/x09_y10/S2L2A_medcomp_x09_y10_202005_ndvi.tif
2025-08-18 00:54:55,403 - INFO - composites.py:437 - Write PSRI2 -> //nas-rs.topo.auth.gr/Latomeia/DROUGHT/COMPOS/2020/05/x09_y10/S2L2A_medcomp_x09_y10_202005_psri2.tif
2025-08-18 00:54:55,417 - INFO - composites.py:441 - Prepare metadata YAML document
2025-08-18 00:54:56,278 - INFO - composites.py:462 - Write metadata YAML document to disk
2025-08-18 00:54:56,340 - INFO - composites.py:467 - Create datacube.model.Dataset from eo3 metadata
2025-08-18 00:54:56,350 - INFO - composites.py:477 - Index to datacube
2025-08-18 00:54:56,352 - INFO - _datasets.py:191 - Indexing 5f35342e-edec-425b-a761-3a80dad8d5c2
2025-08-18 00:54:56,363 - INFO - composites.py:480 - 
2025-08-18 00:54:56,363 - INFO - composites.py:481 -              ✔✔✔ COMPLETED: Tile x09_y10 | Time: 2020-05 | In 9.28 minutes
2025-08-18 00:54:56,363 - INFO - composites.py:482 - 
2025-08-18 00:54:56,363 - INFO - composites.py:490 - Closing Dask client
2025-08-18 00:54:56,364 - INFO - composites.py:494 - Closing Dask cluster
