2025-08-18 05:59:14,468 - INFO - composites.py:104 - #######################################################################
2025-08-18 05:59:14,468 - INFO - composites.py:106 - Processing started
2025-08-18 05:59:14,468 - INFO - composites.py:107 -         Tile: x08_y11
2025-08-18 05:59:14,468 - INFO - composites.py:108 -         Time: 2020-07
2025-08-18 05:59:14,468 - INFO - composites.py:111 -                           
2025-08-18 05:59:14,468 - INFO - composites.py:112 - Establishing connection to datacube
2025-08-18 05:59:15,183 - INFO - composites.py:115 -                           
2025-08-18 05:59:15,183 - INFO - composites.py:116 - Sanity test: Check if dataset already exists in the datacube
2025-08-18 05:59:15,201 - INFO - composites.py:134 - The composite requested will be computed
2025-08-18 05:59:15,201 - INFO - composites.py:137 -                                  
2025-08-18 05:59:15,201 - INFO - composites.py:138 - Initializing Dask cluster for parallelization
2025-08-18 05:59:21,491 - INFO - composites.py:170 - Dask dashboard is available at: http://127.0.0.1:8787/status
2025-08-18 05:59:21,492 - INFO - composites.py:173 - Create directories and naming conversions
2025-08-18 05:59:21,498 - INFO - composites.py:184 - Dataset location: //nas-rs.topo.auth.gr/Latomeia/DROUGHT/COMPOS/2020/07/x08_y11
2025-08-18 05:59:21,498 - INFO - composites.py:187 -                           
2025-08-18 05:59:21,498 - INFO - composites.py:188 - Retrieve tile geometry
2025-08-18 05:59:21,534 - INFO - composites.py:199 - Create the Bounding Box (φ,λ)
2025-08-18 05:59:21,534 - INFO - composites.py:205 - Create the Bounding Box (x,y)
2025-08-18 05:59:21,534 - INFO - composites.py:218 -                           
2025-08-18 05:59:21,534 - INFO - composites.py:219 - Connect to Planetary Computer STAC Catalog
2025-08-18 05:59:21,777 - INFO - composites.py:227 - Search the STAC Catalog
2025-08-18 05:59:21,849 - INFO - composites.py:239 -         Query parameters:
2025-08-18 05:59:21,849 - INFO - composites.py:240 -             url:          https://planetarycomputer.microsoft.com/api/stac/v1/search
2025-08-18 05:59:21,849 - INFO - composites.py:241 -             client:       microsoft-pc
2025-08-18 05:59:21,849 - INFO - composites.py:242 -             collection:   sentinel-2-l2a
2025-08-18 05:59:21,849 - INFO - composites.py:243 -             bbox:         (21.470520298300848, 38.29139393054603, 22.13941953033095, 38.83791967762717)
2025-08-18 05:59:21,849 - INFO - composites.py:244 -             time range:   2020-07-01T00:00:00Z/2020-07-31T23:59:59Z
2025-08-18 05:59:21,849 - INFO - composites.py:245 -             cloud cover:  0% - 70%
2025-08-18 05:59:21,849 - INFO - composites.py:246 -             nodata cover: 0% - 33%
2025-08-18 05:59:21,849 - INFO - composites.py:248 -                           
2025-08-18 05:59:21,849 - INFO - composites.py:249 - Searching...
2025-08-18 05:59:22,329 - INFO - composites.py:252 - Query found 12 items
2025-08-18 05:59:22,331 - INFO - composites.py:254 - Searching for GRI REFINED scenes:
2025-08-18 05:59:25,785 - INFO - sentinel2.py:63 - 1/12 - S2B_MSIL2A_20200727T092029_R093_T34SEJ_20200817T190502 -> Not Found
2025-08-18 05:59:29,686 - INFO - sentinel2.py:63 - 2/12 - S2B_MSIL2A_20200727T092029_R093_T34SEH_20200817T190500 -> Not Found
2025-08-18 05:59:33,988 - INFO - sentinel2.py:63 - 3/12 - S2A_MSIL2A_20200722T092031_R093_T34SEJ_20200817T022438 -> Not Found
2025-08-18 05:59:38,129 - INFO - sentinel2.py:63 - 4/12 - S2A_MSIL2A_20200722T092031_R093_T34SEH_20200817T022438 -> Not Found
2025-08-18 05:59:41,889 - INFO - sentinel2.py:63 - 5/12 - S2B_MSIL2A_20200717T092029_R093_T34SEJ_20200816T124326 -> Not Found
2025-08-18 05:59:45,934 - INFO - sentinel2.py:63 - 6/12 - S2B_MSIL2A_20200717T092029_R093_T34SEH_20200816T124329 -> Not Found
2025-08-18 05:59:50,568 - INFO - sentinel2.py:63 - 7/12 - S2A_MSIL2A_20200712T092031_R093_T34SEJ_20200912T221247 -> Not Found
2025-08-18 05:59:54,576 - INFO - sentinel2.py:63 - 8/12 - S2A_MSIL2A_20200712T092031_R093_T34SEH_20200912T221245 -> Not Found
2025-08-18 05:59:58,526 - INFO - sentinel2.py:63 - 9/12 - S2B_MSIL2A_20200707T092029_R093_T34SEJ_20200912T092021 -> Not Found
2025-08-18 06:00:01,671 - INFO - sentinel2.py:63 - 10/12 - S2B_MSIL2A_20200707T092029_R093_T34SEH_20200912T092019 -> Not Found
2025-08-18 06:00:04,964 - INFO - sentinel2.py:63 - 11/12 - S2A_MSIL2A_20200702T092031_R093_T34SEJ_20200824T221355 -> Not Found
2025-08-18 06:00:08,943 - INFO - sentinel2.py:63 - 12/12 - S2A_MSIL2A_20200702T092031_R093_T34SEH_20200824T221354 -> Not Found
2025-08-18 06:00:08,981 - INFO - composites.py:257 -                                  
2025-08-18 06:00:08,981 - INFO - composites.py:258 - 0/12 were refined by GRI.
2025-08-18 06:00:08,981 - WARNING - composites.py:262 - Tile x08_y11 | Time: 2020-07: All scenes are flagged NOT REFINED.
2025-08-18 06:00:08,996 - WARNING - composites.py:263 - Tile x08_y11 | Time: 2020-07: The composite will be flagged with _NOREFINED.
2025-08-18 06:00:09,006 - INFO - composites.py:270 - Looking for up to 10 cleanest images within spatiotemporal range of each MGRS tile
2025-08-18 06:00:09,008 - INFO - composites.py:284 - Filtered cleanest scenes: Kept 12 out of 12 items. 
2025-08-18 06:00:09,008 - INFO - composites.py:285 -         Included MGRS Tiles: ['34SEH' '34SEJ']
2025-08-18 06:00:09,008 - INFO - composites.py:286 -         Included EPSG codes: [32634]
2025-08-18 06:00:09,008 - INFO - composites.py:288 - Selected scenes:
2025-08-18 06:00:09,016 - INFO - composites.py:290 -         S2A_MSIL2A_20200702T092031_R093_T34SEH_20200824T221354
2025-08-18 06:00:09,016 - INFO - composites.py:290 -         S2A_MSIL2A_20200712T092031_R093_T34SEH_20200912T221245
2025-08-18 06:00:09,016 - INFO - composites.py:290 -         S2B_MSIL2A_20200727T092029_R093_T34SEH_20200817T190500
2025-08-18 06:00:09,021 - INFO - composites.py:290 -         S2A_MSIL2A_20200722T092031_R093_T34SEH_20200817T022438
2025-08-18 06:00:09,021 - INFO - composites.py:290 -         S2B_MSIL2A_20200717T092029_R093_T34SEH_20200816T124329
2025-08-18 06:00:09,021 - INFO - composites.py:290 -         S2B_MSIL2A_20200707T092029_R093_T34SEH_20200912T092019
2025-08-18 06:00:09,022 - INFO - composites.py:290 -         S2A_MSIL2A_20200702T092031_R093_T34SEJ_20200824T221355
2025-08-18 06:00:09,022 - INFO - composites.py:290 -         S2A_MSIL2A_20200712T092031_R093_T34SEJ_20200912T221247
2025-08-18 06:00:09,023 - INFO - composites.py:290 -         S2B_MSIL2A_20200727T092029_R093_T34SEJ_20200817T190502
2025-08-18 06:00:09,023 - INFO - composites.py:290 -         S2A_MSIL2A_20200722T092031_R093_T34SEJ_20200817T022438
2025-08-18 06:00:09,023 - INFO - composites.py:290 -         S2B_MSIL2A_20200717T092029_R093_T34SEJ_20200816T124326
2025-08-18 06:00:09,023 - INFO - composites.py:290 -         S2B_MSIL2A_20200707T092029_R093_T34SEJ_20200912T092021
2025-08-18 06:00:09,623 - INFO - sentinel2.py:139 - Matplotlib backend: Agg
2025-08-18 06:00:09,835 - INFO - sentinel2.py:209 - Write input scenes footprint overlay: //nas-rs.topo.auth.gr/Latomeia/DROUGHT/COMPOS/2020/07/x08_y11/S2L2A_medcomp_x08_y11_202007_InDataFootprint.jpeg
2025-08-18 06:00:10,139 - INFO - composites.py:304 -                                  
2025-08-18 06:00:10,139 - INFO - composites.py:305 - Downstream STAC items from Planetary Computer
2025-08-18 06:00:10,140 - INFO - timeseries_processing.py:99 -                                  
2025-08-18 06:00:10,140 - INFO - timeseries_processing.py:100 - Loading bands of diferent resolutions in EPSG:32634
2025-08-18 06:00:10,140 - INFO - timeseries_processing.py:104 -     Filtering items with native UTM EPSG:32634
2025-08-18 06:00:10,140 - INFO - timeseries_processing.py:106 -     12 Items in EPSG:32634
2025-08-18 06:00:10,140 - INFO - timeseries_processing.py:113 -                        
2025-08-18 06:00:10,140 - INFO - timeseries_processing.py:114 -     Loading parameters:
2025-08-18 06:00:10,140 - INFO - timeseries_processing.py:115 -         Bands: ['B05', 'B07', 'B8A', 'SCL']
2025-08-18 06:00:10,140 - INFO - timeseries_processing.py:116 -         Spatial resolution: 20
2025-08-18 06:00:10,140 - INFO - timeseries_processing.py:118 -         Get Assets from STAC Items
2025-08-18 06:00:10,140 - INFO - timeseries_processing.py:31 -         Initialize the STAC client
2025-08-18 06:00:10,678 - INFO - timeseries_processing.py:121 -         Loading 12 STAC Items....
2025-08-18 06:00:36,240 - INFO - timeseries_processing.py:143 -         Cube has been downloaded
2025-08-18 06:00:36,241 - INFO - timeseries_processing.py:152 -         Fix order of dimensions
2025-08-18 06:00:36,243 - INFO - timeseries_processing.py:157 -         Append bands to the band-list of EPSG:32634
2025-08-18 06:00:36,243 - INFO - timeseries_processing.py:113 -                        
2025-08-18 06:00:36,243 - INFO - timeseries_processing.py:114 -     Loading parameters:
2025-08-18 06:00:36,243 - INFO - timeseries_processing.py:115 -         Bands: ['B02', 'B03', 'B04']
2025-08-18 06:00:36,243 - INFO - timeseries_processing.py:116 -         Spatial resolution: 10
2025-08-18 06:00:36,243 - INFO - timeseries_processing.py:118 -         Get Assets from STAC Items
2025-08-18 06:00:36,243 - INFO - timeseries_processing.py:31 -         Initialize the STAC client
2025-08-18 06:00:36,797 - INFO - timeseries_processing.py:121 -         Loading 12 STAC Items....
2025-08-18 06:01:49,068 - INFO - timeseries_processing.py:143 -         Cube has been downloaded
2025-08-18 06:01:49,068 - INFO - timeseries_processing.py:146 -         Downsample 10m bands to 20m by average 2x2 binning
2025-08-18 06:01:57,490 - INFO - timeseries_processing.py:149 -         Warp (reproject) 2x2 binned bands like native 20m bands: method=bilinear
2025-08-18 06:02:05,451 - INFO - timeseries_processing.py:157 -         Append bands to the band-list of EPSG:32634
2025-08-18 06:02:05,451 - INFO - timeseries_processing.py:161 -                        
2025-08-18 06:02:05,451 - INFO - timeseries_processing.py:162 -     Merging bands in a single dataset
2025-08-18 06:02:05,451 - INFO - timeseries_processing.py:163 -     Ensure all partial datasets are at (x=20, y=-20) resolution
2025-08-18 06:02:05,453 - INFO - timeseries_processing.py:167 -     Clip to the intersection of indexes
2025-08-18 06:02:06,807 - INFO - timeseries_processing.py:176 -     Make a list of bands to merge
2025-08-18 06:02:06,808 - INFO - timeseries_processing.py:180 -     Merge on intersection
2025-08-18 06:02:06,809 - INFO - timeseries_processing.py:188 -     Apply masks on clouds, shadows, thin cirrus, and snow/ice
2025-08-18 06:02:06,809 - INFO - sentinel2.py:107 -                Masking bits: [3, 7, 8, 9, 10, 11]
2025-08-18 06:02:07,647 - INFO - timeseries_processing.py:194 -     Reproject to Tiling Schema projection EPSG:3035
2025-08-18 06:02:16,047 - INFO - composites.py:314 - Clip and align to tile geometry
2025-08-18 06:02:18,927 - INFO - composites.py:347 - Creating preview plot of input scenes
2025-08-18 06:02:50,063 - INFO - timeseries_processing.py:352 - Saved preview for 'B04' to //nas-rs.topo.auth.gr/Latomeia/DROUGHT/COMPOS/2020/07/x08_y11/S2L2A_medcomp_x08_y11_202007_InDataPreview.jpeg
2025-08-18 06:02:50,069 - INFO - composites.py:353 - Clip value range
2025-08-18 06:02:51,478 - INFO - composites.py:358 -                           
2025-08-18 06:02:51,479 - INFO - composites.py:359 - Computing spectral indices:
2025-08-18 06:02:51,479 - INFO - composites.py:362 -     EVI...
2025-08-18 06:02:52,253 - INFO - composites.py:364 -     NDVI...
2025-08-18 06:02:52,507 - INFO - composites.py:366 -     PSRI2...
2025-08-18 06:02:52,754 - INFO - composites.py:369 - Clip to typical value range
2025-08-18 06:02:53,032 - INFO - composites.py:376 - Reducing to median value temporal composite
2025-08-18 06:03:19,359 - INFO - composites.py:395 - Define data types and nodata per band
2025-08-18 06:03:19,546 - INFO - composites.py:416 - Assign time range and tile ID in metadata
2025-08-18 06:03:19,546 - INFO - composites.py:424 - Write bands to raster COG files
2025-08-18 06:03:24,278 - INFO - composites.py:437 - Write B02 -> //nas-rs.topo.auth.gr/Latomeia/DROUGHT/COMPOS/2020/07/x08_y11/S2L2A_medcomp_x08_y11_202007_B02.tif
2025-08-18 06:03:28,970 - INFO - composites.py:437 - Write B03 -> //nas-rs.topo.auth.gr/Latomeia/DROUGHT/COMPOS/2020/07/x08_y11/S2L2A_medcomp_x08_y11_202007_B03.tif
2025-08-18 06:03:33,687 - INFO - composites.py:437 - Write B04 -> //nas-rs.topo.auth.gr/Latomeia/DROUGHT/COMPOS/2020/07/x08_y11/S2L2A_medcomp_x08_y11_202007_B04.tif
2025-08-18 06:03:38,384 - INFO - composites.py:437 - Write B05 -> //nas-rs.topo.auth.gr/Latomeia/DROUGHT/COMPOS/2020/07/x08_y11/S2L2A_medcomp_x08_y11_202007_B05.tif
2025-08-18 06:03:43,149 - INFO - composites.py:437 - Write B07 -> //nas-rs.topo.auth.gr/Latomeia/DROUGHT/COMPOS/2020/07/x08_y11/S2L2A_medcomp_x08_y11_202007_B07.tif
2025-08-18 06:03:47,836 - INFO - composites.py:437 - Write B8A -> //nas-rs.topo.auth.gr/Latomeia/DROUGHT/COMPOS/2020/07/x08_y11/S2L2A_medcomp_x08_y11_202007_B8A.tif
2025-08-18 06:03:52,548 - INFO - composites.py:437 - Write EVI -> //nas-rs.topo.auth.gr/Latomeia/DROUGHT/COMPOS/2020/07/x08_y11/S2L2A_medcomp_x08_y11_202007_evi.tif
2025-08-18 06:03:57,213 - INFO - composites.py:437 - Write NDVI -> //nas-rs.topo.auth.gr/Latomeia/DROUGHT/COMPOS/2020/07/x08_y11/S2L2A_medcomp_x08_y11_202007_ndvi.tif
2025-08-18 06:04:01,965 - INFO - composites.py:437 - Write PSRI2 -> //nas-rs.topo.auth.gr/Latomeia/DROUGHT/COMPOS/2020/07/x08_y11/S2L2A_medcomp_x08_y11_202007_psri2.tif
2025-08-18 06:04:01,981 - INFO - composites.py:441 - Prepare metadata YAML document
2025-08-18 06:04:02,763 - INFO - composites.py:462 - Write metadata YAML document to disk
2025-08-18 06:04:02,797 - INFO - composites.py:467 - Create datacube.model.Dataset from eo3 metadata
2025-08-18 06:04:02,809 - INFO - composites.py:477 - Index to datacube
2025-08-18 06:04:02,809 - INFO - _datasets.py:191 - Indexing 090ed35e-375d-4c4c-96e0-794a94db8594
2025-08-18 06:04:02,820 - INFO - composites.py:480 - 
2025-08-18 06:04:02,820 - INFO - composites.py:481 -              ✔✔✔ COMPLETED: Tile x08_y11 | Time: 2020-07 | In 4.81 minutes
2025-08-18 06:04:02,820 - INFO - composites.py:482 - 
2025-08-18 06:04:02,820 - INFO - composites.py:490 - Closing Dask client
2025-08-18 06:04:02,821 - INFO - composites.py:494 - Closing Dask cluster
