2025-08-28 22:12:06,135 - INFO - composites.py:102 - #######################################################################
2025-08-28 22:12:06,135 - INFO - composites.py:104 - Processing started
2025-08-28 22:12:06,135 - INFO - composites.py:105 -         Tile: x11_y08
2025-08-28 22:12:06,135 - INFO - composites.py:106 -         Time: 2021-06
2025-08-28 22:12:06,135 - INFO - composites.py:109 -                           
2025-08-28 22:12:06,136 - INFO - composites.py:110 - Establishing connection to datacube
2025-08-28 22:12:06,765 - INFO - composites.py:113 -                           
2025-08-28 22:12:06,766 - INFO - composites.py:114 - Sanity test: Check if dataset already exists in the datacube
2025-08-28 22:12:06,785 - INFO - composites.py:133 - The composite requested was not found and it will be computed
2025-08-28 22:12:06,785 - INFO - composites.py:136 -                                  
2025-08-28 22:12:06,785 - INFO - composites.py:137 - Initializing Dask cluster for parallelization
2025-08-28 22:12:11,858 - INFO - composites.py:161 - Dask dashboard is available at: http://127.0.0.1:8787/status
2025-08-28 22:12:11,858 - INFO - composites.py:164 - Create directories and naming conversions
2025-08-28 22:12:11,867 - INFO - composites.py:177 - Dataset location: //nas-rs.topo.auth.gr/Latomeia/DROUGHT/composites/x11/y08/2021/06/01
2025-08-28 22:12:11,867 - INFO - composites.py:180 -                           
2025-08-28 22:12:11,867 - INFO - composites.py:181 - Retrieve tile geometry
2025-08-28 22:12:11,901 - INFO - composites.py:192 - Create the Bounding Box (φ,λ)
2025-08-28 22:12:11,901 - INFO - composites.py:198 - Create the Bounding Box (x,y)
2025-08-28 22:12:11,901 - INFO - composites.py:211 -                           
2025-08-28 22:12:11,901 - INFO - composites.py:212 - Connect to Planetary Computer STAC Catalog
2025-08-28 22:12:12,112 - INFO - composites.py:220 - Search the STAC Catalog
2025-08-28 22:12:12,182 - INFO - composites.py:232 -         Query parameters:
2025-08-28 22:12:12,182 - INFO - composites.py:233 -             url:          https://planetarycomputer.microsoft.com/api/stac/v1/search
2025-08-28 22:12:12,182 - INFO - composites.py:234 -             client:       microsoft-pc
2025-08-28 22:12:12,182 - INFO - composites.py:235 -             collection:   sentinel-2-l2a
2025-08-28 22:12:12,182 - INFO - composites.py:236 -             bbox:         (22.845662885042927, 36.78779644280391, 23.507450073915326, 37.34127558081356)
2025-08-28 22:12:12,182 - INFO - composites.py:237 -             time range:   2021-06-01T00:00:00Z/2021-06-30T23:59:59Z
2025-08-28 22:12:12,182 - INFO - composites.py:238 -             cloud cover:  0% - 70%
2025-08-28 22:12:12,183 - INFO - composites.py:239 -             nodata cover: 0% - 33%
2025-08-28 22:12:12,183 - INFO - composites.py:241 -                           
2025-08-28 22:12:12,183 - INFO - composites.py:242 - Searching...
2025-08-28 22:12:12,748 - INFO - composites.py:245 - Query found 34 items
2025-08-28 22:12:12,748 - INFO - composites.py:247 - Searching for GRI REFINED scenes:
2025-08-28 22:12:18,471 - INFO - sentinel2.py:78 - 1/34 - S2B_MSIL2A_20210629T090559_R050_T34SGG_20210630T144509 -> REFINED
2025-08-28 22:12:24,164 - INFO - sentinel2.py:78 - 2/34 - S2B_MSIL2A_20210629T090559_R050_T34SGF_20210630T140358 -> REFINED
2025-08-28 22:12:29,664 - INFO - sentinel2.py:78 - 3/34 - S2B_MSIL2A_20210629T090559_R050_T34SFG_20210630T135409 -> REFINED
2025-08-28 22:12:36,061 - INFO - sentinel2.py:78 - 4/34 - S2B_MSIL2A_20210629T090559_R050_T34SFF_20210630T145907 -> REFINED
2025-08-28 22:12:42,901 - INFO - sentinel2.py:78 - 5/34 - S2A_MSIL2A_20210627T092031_R093_T34SFG_20210628T023438 -> REFINED
2025-08-28 22:12:48,579 - INFO - sentinel2.py:78 - 6/34 - S2A_MSIL2A_20210627T092031_R093_T34SFF_20210628T003032 -> REFINED
2025-08-28 22:12:54,415 - INFO - sentinel2.py:78 - 7/34 - S2A_MSIL2A_20210624T090601_R050_T34SGG_20210625T175913 -> REFINED
2025-08-28 22:13:00,616 - INFO - sentinel2.py:78 - 8/34 - S2A_MSIL2A_20210624T090601_R050_T34SGF_20210625T182918 -> REFINED
2025-08-28 22:13:06,547 - INFO - sentinel2.py:78 - 9/34 - S2A_MSIL2A_20210624T090601_R050_T34SFG_20210625T181720 -> REFINED
2025-08-28 22:13:12,063 - INFO - sentinel2.py:78 - 10/34 - S2A_MSIL2A_20210624T090601_R050_T34SFF_20210625T182021 -> REFINED
2025-08-28 22:13:16,858 - INFO - sentinel2.py:78 - 11/34 - S2B_MSIL2A_20210622T092029_R093_T34SFG_20210625T033231 -> REFINED
2025-08-28 22:13:24,222 - INFO - sentinel2.py:78 - 12/34 - S2B_MSIL2A_20210622T092029_R093_T34SFF_20210625T022808 -> REFINED
2025-08-28 22:13:29,307 - INFO - sentinel2.py:78 - 13/34 - S2B_MSIL2A_20210619T090559_R050_T34SGG_20210624T082304 -> REFINED
2025-08-28 22:13:34,584 - INFO - sentinel2.py:78 - 14/34 - S2B_MSIL2A_20210619T090559_R050_T34SGF_20210624T073925 -> REFINED
2025-08-28 22:13:40,708 - INFO - sentinel2.py:78 - 15/34 - S2B_MSIL2A_20210619T090559_R050_T34SFG_20210623T192333 -> REFINED
2025-08-28 22:13:46,169 - INFO - sentinel2.py:78 - 16/34 - S2B_MSIL2A_20210619T090559_R050_T34SFF_20210623T143339 -> REFINED
2025-08-28 22:13:51,247 - INFO - sentinel2.py:78 - 17/34 - S2A_MSIL2A_20210617T092031_R093_T34SFG_20210623T165421 -> REFINED
2025-08-28 22:13:56,987 - INFO - sentinel2.py:78 - 18/34 - S2A_MSIL2A_20210617T092031_R093_T34SFF_20210624T081415 -> REFINED
2025-08-28 22:14:05,096 - INFO - sentinel2.py:78 - 19/34 - S2A_MSIL2A_20210614T090551_R050_T34SGF_20210623T110114 -> REFINED
2025-08-28 22:14:10,794 - INFO - sentinel2.py:78 - 20/34 - S2A_MSIL2A_20210614T090551_R050_T34SFF_20210623T124113 -> REFINED
2025-08-28 22:14:17,658 - INFO - sentinel2.py:78 - 21/34 - S2B_MSIL2A_20210612T092029_R093_T34SFG_20210624T074525 -> REFINED
2025-08-28 22:14:24,342 - INFO - sentinel2.py:78 - 22/34 - S2B_MSIL2A_20210612T092029_R093_T34SFF_20210624T000223 -> REFINED
2025-08-28 22:14:29,337 - INFO - sentinel2.py:78 - 23/34 - S2B_MSIL2A_20210609T090559_R050_T34SGG_20210610T211707 -> REFINED
2025-08-28 22:14:35,244 - INFO - sentinel2.py:78 - 24/34 - S2B_MSIL2A_20210609T090559_R050_T34SGF_20210610T212350 -> REFINED
2025-08-28 22:14:40,253 - INFO - sentinel2.py:78 - 25/34 - S2B_MSIL2A_20210609T090559_R050_T34SFG_20210610T211650 -> REFINED
2025-08-28 22:14:45,349 - INFO - sentinel2.py:78 - 26/34 - S2B_MSIL2A_20210609T090559_R050_T34SFF_20210610T211639 -> REFINED
2025-08-28 22:14:51,109 - INFO - sentinel2.py:78 - 27/34 - S2A_MSIL2A_20210607T092031_R093_T34SFG_20210612T145830 -> REFINED
2025-08-28 22:14:57,300 - INFO - sentinel2.py:78 - 28/34 - S2A_MSIL2A_20210607T092031_R093_T34SFF_20210612T135030 -> REFINED
2025-08-28 22:15:02,263 - INFO - sentinel2.py:78 - 29/34 - S2A_MSIL2A_20210604T090601_R050_T34SGG_20210606T140053 -> REFINED
2025-08-28 22:15:07,352 - INFO - sentinel2.py:78 - 30/34 - S2A_MSIL2A_20210604T090601_R050_T34SGF_20210606T135523 -> REFINED
2025-08-28 22:15:13,180 - INFO - sentinel2.py:78 - 31/34 - S2A_MSIL2A_20210604T090601_R050_T34SFG_20210606T140046 -> REFINED
2025-08-28 22:15:19,461 - INFO - sentinel2.py:78 - 32/34 - S2A_MSIL2A_20210604T090601_R050_T34SFF_20210606T140931 -> REFINED
2025-08-28 22:15:25,662 - INFO - sentinel2.py:78 - 33/34 - S2B_MSIL2A_20210602T092029_R093_T34SFG_20210606T124325 -> REFINED
2025-08-28 22:15:30,575 - INFO - sentinel2.py:78 - 34/34 - S2B_MSIL2A_20210602T092029_R093_T34SFF_20210606T123600 -> REFINED
2025-08-28 22:15:30,617 - INFO - composites.py:250 -                                  
2025-08-28 22:15:30,617 - INFO - composites.py:251 - 34/34 were refined by GRI.
2025-08-28 22:15:30,617 - INFO - composites.py:263 - Looking for up to 10 cleanest images within spatiotemporal range of each MGRS tile
2025-08-28 22:15:30,617 - INFO - composites.py:277 - Filtered cleanest scenes: Kept 31 out of 34 items. 
2025-08-28 22:15:30,618 - INFO - composites.py:278 -         Included MGRS Tiles: ['34SFF' '34SFG' '34SGF' '34SGG']
2025-08-28 22:15:30,618 - INFO - composites.py:279 -         Included EPSG codes: [32634]
2025-08-28 22:15:30,618 - INFO - composites.py:281 - Selected scenes:
2025-08-28 22:15:30,619 - INFO - composites.py:283 -         S2B_MSIL2A_20210629T090559_R050_T34SFF_20210630T145907
2025-08-28 22:15:30,619 - INFO - composites.py:283 -         S2A_MSIL2A_20210624T090601_R050_T34SFF_20210625T182021
2025-08-28 22:15:30,620 - INFO - composites.py:283 -         S2A_MSIL2A_20210604T090601_R050_T34SFF_20210606T140931
2025-08-28 22:15:30,620 - INFO - composites.py:283 -         S2B_MSIL2A_20210619T090559_R050_T34SFF_20210623T143339
2025-08-28 22:15:30,620 - INFO - composites.py:283 -         S2A_MSIL2A_20210607T092031_R093_T34SFF_20210612T135030
2025-08-28 22:15:30,620 - INFO - composites.py:283 -         S2B_MSIL2A_20210609T090559_R050_T34SFF_20210610T211639
2025-08-28 22:15:30,620 - INFO - composites.py:283 -         S2B_MSIL2A_20210622T092029_R093_T34SFF_20210625T022808
2025-08-28 22:15:30,620 - INFO - composites.py:283 -         S2A_MSIL2A_20210627T092031_R093_T34SFF_20210628T003032
2025-08-28 22:15:30,620 - INFO - composites.py:283 -         S2B_MSIL2A_20210612T092029_R093_T34SFF_20210624T000223
2025-08-28 22:15:30,620 - INFO - composites.py:283 -         S2B_MSIL2A_20210602T092029_R093_T34SFF_20210606T123600
2025-08-28 22:15:30,620 - INFO - composites.py:283 -         S2A_MSIL2A_20210624T090601_R050_T34SFG_20210625T181720
2025-08-28 22:15:30,620 - INFO - composites.py:283 -         S2B_MSIL2A_20210629T090559_R050_T34SFG_20210630T135409
2025-08-28 22:15:30,620 - INFO - composites.py:283 -         S2B_MSIL2A_20210622T092029_R093_T34SFG_20210625T033231
2025-08-28 22:15:30,620 - INFO - composites.py:283 -         S2A_MSIL2A_20210627T092031_R093_T34SFG_20210628T023438
2025-08-28 22:15:30,620 - INFO - composites.py:283 -         S2A_MSIL2A_20210607T092031_R093_T34SFG_20210612T145830
2025-08-28 22:15:30,620 - INFO - composites.py:283 -         S2A_MSIL2A_20210604T090601_R050_T34SFG_20210606T140046
2025-08-28 22:15:30,620 - INFO - composites.py:283 -         S2B_MSIL2A_20210619T090559_R050_T34SFG_20210623T192333
2025-08-28 22:15:30,620 - INFO - composites.py:283 -         S2A_MSIL2A_20210617T092031_R093_T34SFG_20210623T165421
2025-08-28 22:15:30,620 - INFO - composites.py:283 -         S2B_MSIL2A_20210602T092029_R093_T34SFG_20210606T124325
2025-08-28 22:15:30,620 - INFO - composites.py:283 -         S2B_MSIL2A_20210612T092029_R093_T34SFG_20210624T074525
2025-08-28 22:15:30,620 - INFO - composites.py:283 -         S2B_MSIL2A_20210629T090559_R050_T34SGF_20210630T140358
2025-08-28 22:15:30,620 - INFO - composites.py:283 -         S2A_MSIL2A_20210624T090601_R050_T34SGF_20210625T182918
2025-08-28 22:15:30,620 - INFO - composites.py:283 -         S2A_MSIL2A_20210604T090601_R050_T34SGF_20210606T135523
2025-08-28 22:15:30,620 - INFO - composites.py:283 -         S2B_MSIL2A_20210619T090559_R050_T34SGF_20210624T073925
2025-08-28 22:15:30,620 - INFO - composites.py:283 -         S2B_MSIL2A_20210609T090559_R050_T34SGF_20210610T212350
2025-08-28 22:15:30,620 - INFO - composites.py:283 -         S2A_MSIL2A_20210614T090551_R050_T34SGF_20210623T110114
2025-08-28 22:15:30,620 - INFO - composites.py:283 -         S2B_MSIL2A_20210629T090559_R050_T34SGG_20210630T144509
2025-08-28 22:15:30,620 - INFO - composites.py:283 -         S2A_MSIL2A_20210624T090601_R050_T34SGG_20210625T175913
2025-08-28 22:15:30,620 - INFO - composites.py:283 -         S2A_MSIL2A_20210604T090601_R050_T34SGG_20210606T140053
2025-08-28 22:15:30,620 - INFO - composites.py:283 -         S2B_MSIL2A_20210619T090559_R050_T34SGG_20210624T082304
2025-08-28 22:15:30,620 - INFO - composites.py:283 -         S2B_MSIL2A_20210609T090559_R050_T34SGG_20210610T211707
2025-08-28 22:15:31,102 - INFO - sentinel2.py:154 - Matplotlib backend: Agg
2025-08-28 22:15:31,415 - INFO - sentinel2.py:224 - Write input scenes footprint overlay: //nas-rs.topo.auth.gr/Latomeia/DROUGHT/composites/x11/y08/2021/06/01/S2L2A_medcomp_x11y08_202106_InDataFootprint.jpeg
2025-08-28 22:15:31,654 - INFO - composites.py:297 -                                  
2025-08-28 22:15:31,654 - INFO - composites.py:298 - Downstream STAC items from Planetary Computer
2025-08-28 22:15:31,654 - INFO - timeseries_processing.py:115 -                                  
2025-08-28 22:15:31,654 - INFO - timeseries_processing.py:116 - Loading bands of diferent resolutions in EPSG:32634
2025-08-28 22:15:31,654 - INFO - timeseries_processing.py:120 -     Filtering items with native UTM EPSG:32634
2025-08-28 22:15:31,654 - INFO - timeseries_processing.py:122 -     31 Items in EPSG:32634
2025-08-28 22:15:31,654 - INFO - timeseries_processing.py:129 -                        
2025-08-28 22:15:31,654 - INFO - timeseries_processing.py:130 -     Loading parameters:
2025-08-28 22:15:31,654 - INFO - timeseries_processing.py:131 -         Bands: ['B05', 'B07', 'B8A', 'SCL']
2025-08-28 22:15:31,654 - INFO - timeseries_processing.py:132 -         Spatial resolution: 20
2025-08-28 22:15:31,654 - INFO - timeseries_processing.py:134 -         Get Assets from STAC Items
2025-08-28 22:15:31,654 - INFO - timeseries_processing.py:47 -         Initialize the STAC client
2025-08-28 22:15:32,341 - INFO - timeseries_processing.py:137 -         Loading 31 STAC Items....
2025-08-28 22:17:43,680 - INFO - timeseries_processing.py:146 -         Cube has been downloaded
2025-08-28 22:17:43,680 - INFO - timeseries_processing.py:156 -         Fix order of dimensions
2025-08-28 22:17:43,682 - INFO - timeseries_processing.py:161 -         Append bands to the band-list of EPSG:32634
2025-08-28 22:17:43,685 - INFO - timeseries_processing.py:129 -                        
2025-08-28 22:17:43,686 - INFO - timeseries_processing.py:130 -     Loading parameters:
2025-08-28 22:17:43,686 - INFO - timeseries_processing.py:131 -         Bands: ['B02', 'B03', 'B04']
2025-08-28 22:17:43,687 - INFO - timeseries_processing.py:132 -         Spatial resolution: 10
2025-08-28 22:17:43,687 - INFO - timeseries_processing.py:134 -         Get Assets from STAC Items
2025-08-28 22:17:43,687 - INFO - timeseries_processing.py:47 -         Initialize the STAC client
2025-08-28 22:17:44,357 - INFO - timeseries_processing.py:137 -         Loading 31 STAC Items....
2025-08-28 22:30:20,922 - INFO - timeseries_processing.py:146 -         Cube has been downloaded
2025-08-28 22:30:20,936 - INFO - timeseries_processing.py:149 -         Reproject to downsample 10m bands to 20m by Resampling.average 2x2 binning and shape matching with odc.geo.GeoBox
2025-08-28 22:30:37,446 - INFO - timeseries_processing.py:161 -         Append bands to the band-list of EPSG:32634
2025-08-28 22:30:37,446 - INFO - timeseries_processing.py:165 -                        
2025-08-28 22:30:37,446 - INFO - timeseries_processing.py:166 -     Merging bands in a single dataset
2025-08-28 22:30:37,446 - INFO - timeseries_processing.py:167 -     Ensure all partial datasets are at (x=20, y=-20) resolution
2025-08-28 22:30:37,447 - INFO - timeseries_processing.py:171 -     Clip to the intersection of indexes
2025-08-28 22:30:38,850 - INFO - timeseries_processing.py:180 -     Make a list of bands to merge
2025-08-28 22:30:38,851 - INFO - timeseries_processing.py:184 -     Merge on intersection
2025-08-28 22:30:38,851 - INFO - timeseries_processing.py:192 -     Apply masks on clouds, shadows, thin cirrus, and snow/ice
2025-08-28 22:30:38,851 - INFO - sentinel2.py:122 -                Masking bits: [3, 7, 8, 9, 10, 11]
2025-08-28 22:30:40,319 - INFO - composites.py:307 - Reproject from UTM Zone to Tile geometry -> CRS(EPSG:32634), Resampling.bilinear
2025-08-28 22:30:49,224 - INFO - composites.py:310 -     New shape of datasets: Shape2d(x=2400, y=2400)
2025-08-28 22:30:49,997 - INFO - composites.py:342 - Creating preview plot of input scenes
2025-08-28 22:31:26,804 - INFO - timeseries_processing.py:349 - Saved preview for 'B04' to //nas-rs.topo.auth.gr/Latomeia/DROUGHT/composites/x11/y08/2021/06/01/S2L2A_medcomp_x11y08_202106_InDataPreview.jpeg
2025-08-28 22:31:26,832 - INFO - composites.py:348 - Clip value range
2025-08-28 22:31:29,180 - INFO - composites.py:353 -                           
2025-08-28 22:31:29,180 - INFO - composites.py:354 - Computing spectral indices:
2025-08-28 22:31:29,180 - INFO - composites.py:357 -     EVI...
2025-08-28 22:31:30,625 - INFO - composites.py:359 -     NDVI...
2025-08-28 22:31:31,085 - INFO - composites.py:361 -     PSRI2...
2025-08-28 22:31:31,445 - INFO - composites.py:364 - Clip to typical value range
2025-08-28 22:31:31,857 - INFO - composites.py:371 - Reducing to median value temporal composite
2025-08-28 22:31:59,213 - INFO - composites.py:390 - Scale and Define data types & nodata per band
2025-08-28 22:31:59,349 - INFO - composites.py:411 - Assign time range and tile ID in metadata
2025-08-28 22:31:59,350 - INFO - composites.py:419 - Write bands to raster COG files
2025-08-28 22:32:03,174 - INFO - composites.py:432 - Write B02 -> //nas-rs.topo.auth.gr/Latomeia/DROUGHT/composites/x11/y08/2021/06/01/S2L2A_medcomp_x11y08_202106_B02.tif
2025-08-28 22:32:07,011 - INFO - composites.py:432 - Write B03 -> //nas-rs.topo.auth.gr/Latomeia/DROUGHT/composites/x11/y08/2021/06/01/S2L2A_medcomp_x11y08_202106_B03.tif
2025-08-28 22:32:10,813 - INFO - composites.py:432 - Write B04 -> //nas-rs.topo.auth.gr/Latomeia/DROUGHT/composites/x11/y08/2021/06/01/S2L2A_medcomp_x11y08_202106_B04.tif
2025-08-28 22:32:14,971 - INFO - composites.py:432 - Write B05 -> //nas-rs.topo.auth.gr/Latomeia/DROUGHT/composites/x11/y08/2021/06/01/S2L2A_medcomp_x11y08_202106_B05.tif
2025-08-28 22:32:18,839 - INFO - composites.py:432 - Write B07 -> //nas-rs.topo.auth.gr/Latomeia/DROUGHT/composites/x11/y08/2021/06/01/S2L2A_medcomp_x11y08_202106_B07.tif
2025-08-28 22:32:22,702 - INFO - composites.py:432 - Write B8A -> //nas-rs.topo.auth.gr/Latomeia/DROUGHT/composites/x11/y08/2021/06/01/S2L2A_medcomp_x11y08_202106_B8A.tif
2025-08-28 22:32:26,496 - INFO - composites.py:432 - Write EVI -> //nas-rs.topo.auth.gr/Latomeia/DROUGHT/composites/x11/y08/2021/06/01/S2L2A_medcomp_x11y08_202106_EVI.tif
2025-08-28 22:32:30,271 - INFO - composites.py:432 - Write NDVI -> //nas-rs.topo.auth.gr/Latomeia/DROUGHT/composites/x11/y08/2021/06/01/S2L2A_medcomp_x11y08_202106_NDVI.tif
2025-08-28 22:32:34,135 - INFO - composites.py:432 - Write PSRI2 -> //nas-rs.topo.auth.gr/Latomeia/DROUGHT/composites/x11/y08/2021/06/01/S2L2A_medcomp_x11y08_202106_PSRI2.tif
2025-08-28 22:32:34,135 - INFO - composites.py:436 - Prepare metadata YAML document
2025-08-28 22:32:34,669 - INFO - composites.py:458 - Write metadata YAML document to disk
2025-08-28 22:32:34,695 - INFO - composites.py:463 - Create datacube.model.Dataset from eo3 metadata
2025-08-28 22:32:34,706 - INFO - composites.py:476 - Index to datacube
2025-08-28 22:32:34,707 - INFO - _datasets.py:191 - Indexing 20084ee2-c982-4786-86a8-acccb98b1a39
2025-08-28 22:32:34,715 - INFO - composites.py:479 - 
2025-08-28 22:32:34,715 - INFO - composites.py:480 -              ✔✔✔ COMPLETED: Tile x11_y08 | Time: 2021-06 | In 20.48 minutes
2025-08-28 22:32:34,715 - INFO - composites.py:481 - 
2025-08-28 22:32:34,715 - INFO - composites.py:489 - Closing Dask client
2025-08-28 22:32:34,717 - INFO - composites.py:493 - Closing Dask cluster
2025-08-28 22:32:34,717 - INFO - composites.py:494 - #######################################################################
