2025-08-22 20:35:12,749 - INFO - composites.py:101 - #######################################################################
2025-08-22 20:35:12,749 - INFO - composites.py:103 - Processing started
2025-08-22 20:35:12,749 - INFO - composites.py:104 -         Tile: x09_y12
2025-08-22 20:35:12,749 - INFO - composites.py:105 -         Time: 2020-10
2025-08-22 20:35:12,749 - INFO - composites.py:108 -                           
2025-08-22 20:35:12,749 - INFO - composites.py:109 - Establishing connection to datacube
2025-08-22 20:35:13,279 - INFO - composites.py:112 -                           
2025-08-22 20:35:13,279 - INFO - composites.py:113 - Sanity test: Check if dataset already exists in the datacube
2025-08-22 20:35:13,298 - INFO - composites.py:132 - The composite requested was not found and it will be computed
2025-08-22 20:35:13,299 - INFO - composites.py:135 -                                  
2025-08-22 20:35:13,299 - INFO - composites.py:136 - Initializing Dask cluster for parallelization
2025-08-22 20:35:18,476 - INFO - composites.py:160 - Dask dashboard is available at: http://127.0.0.1:8787/status
2025-08-22 20:35:18,476 - INFO - composites.py:163 - Create directories and naming conversions
2025-08-22 20:35:18,482 - INFO - composites.py:174 - Dataset location: //nas-rs.topo.auth.gr/Latomeia/DROUGHT/COMPOS/2020/10/x09_y12
2025-08-22 20:35:18,482 - INFO - composites.py:177 -                           
2025-08-22 20:35:18,482 - INFO - composites.py:178 - Retrieve tile geometry
2025-08-22 20:35:18,510 - INFO - composites.py:189 - Create the Bounding Box (φ,λ)
2025-08-22 20:35:18,510 - INFO - composites.py:195 - Create the Bounding Box (x,y)
2025-08-22 20:35:18,510 - INFO - composites.py:208 -                           
2025-08-22 20:35:18,510 - INFO - composites.py:209 - Connect to Planetary Computer STAC Catalog
2025-08-22 20:35:18,719 - INFO - composites.py:217 - Search the STAC Catalog
2025-08-22 20:35:18,789 - INFO - composites.py:229 -         Query parameters:
2025-08-22 20:35:18,789 - INFO - composites.py:230 -             url:          https://planetarycomputer.microsoft.com/api/stac/v1/search
2025-08-22 20:35:18,789 - INFO - composites.py:231 -             client:       microsoft-pc
2025-08-22 20:35:18,789 - INFO - composites.py:232 -             collection:   sentinel-2-l2a
2025-08-22 20:35:18,789 - INFO - composites.py:233 -             bbox:         (22.08935468900074, 38.65012671670289, 22.765437865885517, 39.19940074346311)
2025-08-22 20:35:18,790 - INFO - composites.py:234 -             time range:   2020-10-01T00:00:00Z/2020-10-31T23:59:59Z
2025-08-22 20:35:18,790 - INFO - composites.py:235 -             cloud cover:  0% - 70%
2025-08-22 20:35:18,790 - INFO - composites.py:236 -             nodata cover: 0% - 33%
2025-08-22 20:35:18,790 - INFO - composites.py:238 -                           
2025-08-22 20:35:18,790 - INFO - composites.py:239 - Searching...
2025-08-22 20:35:19,223 - INFO - composites.py:242 - Query found 16 items
2025-08-22 20:35:19,234 - INFO - composites.py:244 - Searching for GRI REFINED scenes:
2025-08-22 20:35:27,745 - INFO - sentinel2.py:78 - 1/16 - S2A_MSIL2A_20201030T092121_R093_T34SEH_20201101T231357 -> Not Found
2025-08-22 20:35:36,774 - INFO - sentinel2.py:78 - 2/16 - S2B_MSIL2A_20201025T092029_R093_T34SFJ_20201030T072550 -> Not Found
2025-08-22 20:35:44,142 - INFO - sentinel2.py:78 - 3/16 - S2B_MSIL2A_20201025T092029_R093_T34SFH_20201030T072936 -> Not Found
2025-08-22 20:35:51,593 - INFO - sentinel2.py:78 - 4/16 - S2B_MSIL2A_20201025T092029_R093_T34SEJ_20201030T072638 -> Not Found
2025-08-22 20:36:00,135 - INFO - sentinel2.py:78 - 5/16 - S2B_MSIL2A_20201025T092029_R093_T34SEH_20201030T072325 -> Not Found
2025-08-22 20:36:08,628 - INFO - sentinel2.py:78 - 6/16 - S2A_MSIL2A_20201020T092031_R093_T34SEJ_20201021T194215 -> Not Found
2025-08-22 20:36:16,120 - INFO - sentinel2.py:78 - 7/16 - S2A_MSIL2A_20201020T092031_R093_T34SEH_20201027T143214 -> Not Found
2025-08-22 20:36:24,546 - INFO - sentinel2.py:78 - 8/16 - S2B_MSIL2A_20201015T092029_R093_T34SFJ_20201027T130221 -> Not Found
2025-08-22 20:36:34,120 - INFO - sentinel2.py:78 - 9/16 - S2B_MSIL2A_20201015T092029_R093_T34SFH_20201019T081054 -> Not Found
2025-08-22 20:36:42,927 - INFO - sentinel2.py:78 - 10/16 - S2B_MSIL2A_20201015T092029_R093_T34SEJ_20201019T081043 -> Not Found
2025-08-22 20:36:51,392 - INFO - sentinel2.py:78 - 11/16 - S2B_MSIL2A_20201015T092029_R093_T34SEH_20201019T081055 -> Not Found
2025-08-22 20:37:00,373 - INFO - sentinel2.py:78 - 12/16 - S2A_MSIL2A_20201010T092031_R093_T34SFJ_20201011T224418 -> Not Found
2025-08-22 20:37:09,091 - INFO - sentinel2.py:78 - 13/16 - S2A_MSIL2A_20201010T092031_R093_T34SFH_20201011T224244 -> Not Found
2025-08-22 20:37:16,958 - INFO - sentinel2.py:78 - 14/16 - S2A_MSIL2A_20201010T092031_R093_T34SEJ_20201027T125115 -> Not Found
2025-08-22 20:37:24,699 - INFO - sentinel2.py:78 - 15/16 - S2A_MSIL2A_20201010T092031_R093_T34SEH_20201027T125115 -> Not Found
2025-08-22 20:37:33,440 - INFO - sentinel2.py:78 - 16/16 - S2B_MSIL2A_20201005T092029_R093_T34SEH_20201007T111610 -> Not Found
2025-08-22 20:37:33,491 - INFO - composites.py:247 -                                  
2025-08-22 20:37:33,492 - INFO - composites.py:248 - 0/16 were refined by GRI.
2025-08-22 20:37:33,493 - WARNING - composites.py:252 - Tile x09_y12 | Time: 2020-10: All scenes are flagged NOT REFINED.
2025-08-22 20:37:33,493 - WARNING - composites.py:253 - Tile x09_y12 | Time: 2020-10: The composite will be flagged with _NOREFINED.
2025-08-22 20:37:33,493 - INFO - composites.py:260 - Looking for up to 10 cleanest images within spatiotemporal range of each MGRS tile
2025-08-22 20:37:33,493 - INFO - composites.py:274 - Filtered cleanest scenes: Kept 16 out of 16 items. 
2025-08-22 20:37:33,493 - INFO - composites.py:275 -         Included MGRS Tiles: ['34SEH' '34SEJ' '34SFH' '34SFJ']
2025-08-22 20:37:33,494 - INFO - composites.py:276 -         Included EPSG codes: [32634]
2025-08-22 20:37:33,494 - INFO - composites.py:278 - Selected scenes:
2025-08-22 20:37:33,494 - INFO - composites.py:280 -         S2A_MSIL2A_20201010T092031_R093_T34SEH_20201027T125115
2025-08-22 20:37:33,494 - INFO - composites.py:280 -         S2A_MSIL2A_20201020T092031_R093_T34SEH_20201027T143214
2025-08-22 20:37:33,499 - INFO - composites.py:280 -         S2B_MSIL2A_20201015T092029_R093_T34SEH_20201019T081055
2025-08-22 20:37:33,499 - INFO - composites.py:280 -         S2B_MSIL2A_20201005T092029_R093_T34SEH_20201007T111610
2025-08-22 20:37:33,499 - INFO - composites.py:280 -         S2B_MSIL2A_20201025T092029_R093_T34SEH_20201030T072325
2025-08-22 20:37:33,501 - INFO - composites.py:280 -         S2A_MSIL2A_20201030T092121_R093_T34SEH_20201101T231357
2025-08-22 20:37:33,501 - INFO - composites.py:280 -         S2A_MSIL2A_20201010T092031_R093_T34SEJ_20201027T125115
2025-08-22 20:37:33,501 - INFO - composites.py:280 -         S2A_MSIL2A_20201020T092031_R093_T34SEJ_20201021T194215
2025-08-22 20:37:33,501 - INFO - composites.py:280 -         S2B_MSIL2A_20201015T092029_R093_T34SEJ_20201019T081043
2025-08-22 20:37:33,501 - INFO - composites.py:280 -         S2B_MSIL2A_20201025T092029_R093_T34SEJ_20201030T072638
2025-08-22 20:37:33,501 - INFO - composites.py:280 -         S2A_MSIL2A_20201010T092031_R093_T34SFH_20201011T224244
2025-08-22 20:37:33,502 - INFO - composites.py:280 -         S2B_MSIL2A_20201015T092029_R093_T34SFH_20201019T081054
2025-08-22 20:37:33,502 - INFO - composites.py:280 -         S2B_MSIL2A_20201025T092029_R093_T34SFH_20201030T072936
2025-08-22 20:37:33,502 - INFO - composites.py:280 -         S2A_MSIL2A_20201010T092031_R093_T34SFJ_20201011T224418
2025-08-22 20:37:33,502 - INFO - composites.py:280 -         S2B_MSIL2A_20201015T092029_R093_T34SFJ_20201027T130221
2025-08-22 20:37:33,502 - INFO - composites.py:280 -         S2B_MSIL2A_20201025T092029_R093_T34SFJ_20201030T072550
2025-08-22 20:37:33,854 - INFO - sentinel2.py:154 - Matplotlib backend: Agg
2025-08-22 20:37:34,146 - INFO - sentinel2.py:224 - Write input scenes footprint overlay: //nas-rs.topo.auth.gr/Latomeia/DROUGHT/COMPOS/2020/10/x09_y12/S2L2A_medcomp_x09_y12_202010_InDataFootprint.jpeg
2025-08-22 20:37:34,389 - INFO - composites.py:294 -                                  
2025-08-22 20:37:34,389 - INFO - composites.py:295 - Downstream STAC items from Planetary Computer
2025-08-22 20:37:34,389 - INFO - timeseries_processing.py:115 -                                  
2025-08-22 20:37:34,389 - INFO - timeseries_processing.py:116 - Loading bands of diferent resolutions in EPSG:32634
2025-08-22 20:37:34,389 - INFO - timeseries_processing.py:120 -     Filtering items with native UTM EPSG:32634
2025-08-22 20:37:34,389 - INFO - timeseries_processing.py:122 -     16 Items in EPSG:32634
2025-08-22 20:37:34,389 - INFO - timeseries_processing.py:129 -                        
2025-08-22 20:37:34,389 - INFO - timeseries_processing.py:130 -     Loading parameters:
2025-08-22 20:37:34,389 - INFO - timeseries_processing.py:131 -         Bands: ['B05', 'B07', 'B8A', 'SCL']
2025-08-22 20:37:34,389 - INFO - timeseries_processing.py:132 -         Spatial resolution: 20
2025-08-22 20:37:34,389 - INFO - timeseries_processing.py:134 -         Get Assets from STAC Items
2025-08-22 20:37:34,389 - INFO - timeseries_processing.py:47 -         Initialize the STAC client
2025-08-22 20:37:34,938 - INFO - timeseries_processing.py:137 -         Loading 16 STAC Items....
2025-08-22 20:38:48,316 - INFO - timeseries_processing.py:146 -         Cube has been downloaded
2025-08-22 20:38:48,316 - INFO - timeseries_processing.py:156 -         Fix order of dimensions
2025-08-22 20:38:48,317 - INFO - timeseries_processing.py:161 -         Append bands to the band-list of EPSG:32634
2025-08-22 20:38:48,317 - INFO - timeseries_processing.py:129 -                        
2025-08-22 20:38:48,317 - INFO - timeseries_processing.py:130 -     Loading parameters:
2025-08-22 20:38:48,317 - INFO - timeseries_processing.py:131 -         Bands: ['B02', 'B03', 'B04']
2025-08-22 20:38:48,320 - INFO - timeseries_processing.py:132 -         Spatial resolution: 10
2025-08-22 20:38:48,320 - INFO - timeseries_processing.py:134 -         Get Assets from STAC Items
2025-08-22 20:38:48,320 - INFO - timeseries_processing.py:47 -         Initialize the STAC client
2025-08-22 20:38:48,923 - INFO - timeseries_processing.py:137 -         Loading 16 STAC Items....
2025-08-22 20:40:54,972 - INFO - timeseries_processing.py:146 -         Cube has been downloaded
2025-08-22 20:40:54,972 - INFO - timeseries_processing.py:149 -         Reproject to downsample 10m bands to 20m by Resampling.average 2x2 binning and shape matching with odc.geo.GeoBox
2025-08-22 20:41:02,689 - INFO - timeseries_processing.py:161 -         Append bands to the band-list of EPSG:32634
2025-08-22 20:41:02,689 - INFO - timeseries_processing.py:165 -                        
2025-08-22 20:41:02,689 - INFO - timeseries_processing.py:166 -     Merging bands in a single dataset
2025-08-22 20:41:02,689 - INFO - timeseries_processing.py:167 -     Ensure all partial datasets are at (x=20, y=-20) resolution
2025-08-22 20:41:02,690 - INFO - timeseries_processing.py:171 -     Clip to the intersection of indexes
2025-08-22 20:41:03,909 - INFO - timeseries_processing.py:180 -     Make a list of bands to merge
2025-08-22 20:41:03,910 - INFO - timeseries_processing.py:184 -     Merge on intersection
2025-08-22 20:41:03,911 - INFO - timeseries_processing.py:192 -     Apply masks on clouds, shadows, thin cirrus, and snow/ice
2025-08-22 20:41:03,911 - INFO - sentinel2.py:122 -                Masking bits: [3, 7, 8, 9, 10, 11]
2025-08-22 20:41:04,614 - INFO - composites.py:304 - Reproject from UTM Zone to Tile geometry -> CRS(EPSG:32634), Resampling.bilinear
2025-08-22 20:41:08,547 - INFO - composites.py:307 -     New shape of datasets: Shape2d(x=2400, y=2400)
2025-08-22 20:41:09,143 - INFO - composites.py:339 - Creating preview plot of input scenes
2025-08-22 20:41:33,827 - INFO - timeseries_processing.py:349 - Saved preview for 'B04' to //nas-rs.topo.auth.gr/Latomeia/DROUGHT/COMPOS/2020/10/x09_y12/S2L2A_medcomp_x09_y12_202010_InDataPreview.jpeg
2025-08-22 20:41:33,853 - INFO - composites.py:345 - Clip value range
2025-08-22 20:41:34,946 - INFO - composites.py:350 -                           
2025-08-22 20:41:34,946 - INFO - composites.py:351 - Computing spectral indices:
2025-08-22 20:41:34,946 - INFO - composites.py:354 -     EVI...
2025-08-22 20:41:35,712 - INFO - composites.py:356 -     NDVI...
2025-08-22 20:41:35,875 - INFO - composites.py:358 -     PSRI2...
2025-08-22 20:41:36,098 - INFO - composites.py:361 - Clip to typical value range
2025-08-22 20:41:36,413 - INFO - composites.py:368 - Reducing to median value temporal composite
2025-08-22 20:42:06,351 - INFO - composites.py:387 - Define data types and nodata per band
2025-08-22 20:42:06,469 - INFO - composites.py:408 - Assign time range and tile ID in metadata
2025-08-22 20:42:06,469 - INFO - composites.py:416 - Write bands to raster COG files
2025-08-22 20:42:10,225 - INFO - composites.py:429 - Write B02 -> //nas-rs.topo.auth.gr/Latomeia/DROUGHT/COMPOS/2020/10/x09_y12/S2L2A_medcomp_x09_y12_202010_B02.tif
2025-08-22 20:42:14,263 - INFO - composites.py:429 - Write B03 -> //nas-rs.topo.auth.gr/Latomeia/DROUGHT/COMPOS/2020/10/x09_y12/S2L2A_medcomp_x09_y12_202010_B03.tif
2025-08-22 20:42:18,109 - INFO - composites.py:429 - Write B04 -> //nas-rs.topo.auth.gr/Latomeia/DROUGHT/COMPOS/2020/10/x09_y12/S2L2A_medcomp_x09_y12_202010_B04.tif
2025-08-22 20:42:21,979 - INFO - composites.py:429 - Write B05 -> //nas-rs.topo.auth.gr/Latomeia/DROUGHT/COMPOS/2020/10/x09_y12/S2L2A_medcomp_x09_y12_202010_B05.tif
2025-08-22 20:42:25,792 - INFO - composites.py:429 - Write B07 -> //nas-rs.topo.auth.gr/Latomeia/DROUGHT/COMPOS/2020/10/x09_y12/S2L2A_medcomp_x09_y12_202010_B07.tif
2025-08-22 20:42:29,569 - INFO - composites.py:429 - Write B8A -> //nas-rs.topo.auth.gr/Latomeia/DROUGHT/COMPOS/2020/10/x09_y12/S2L2A_medcomp_x09_y12_202010_B8A.tif
2025-08-22 20:42:33,269 - INFO - composites.py:429 - Write EVI -> //nas-rs.topo.auth.gr/Latomeia/DROUGHT/COMPOS/2020/10/x09_y12/S2L2A_medcomp_x09_y12_202010_evi.tif
2025-08-22 20:42:36,978 - INFO - composites.py:429 - Write NDVI -> //nas-rs.topo.auth.gr/Latomeia/DROUGHT/COMPOS/2020/10/x09_y12/S2L2A_medcomp_x09_y12_202010_ndvi.tif
2025-08-22 20:42:40,845 - INFO - composites.py:429 - Write PSRI2 -> //nas-rs.topo.auth.gr/Latomeia/DROUGHT/COMPOS/2020/10/x09_y12/S2L2A_medcomp_x09_y12_202010_psri2.tif
2025-08-22 20:42:40,859 - INFO - composites.py:433 - Prepare metadata YAML document
2025-08-22 20:42:41,556 - INFO - composites.py:454 - Write metadata YAML document to disk
2025-08-22 20:42:41,586 - INFO - composites.py:459 - Create datacube.model.Dataset from eo3 metadata
2025-08-22 20:42:41,597 - INFO - composites.py:470 - Index to datacube
2025-08-22 20:42:41,597 - INFO - _datasets.py:191 - Indexing 6fc352dc-050c-49d4-bc17-15acf5010c34
2025-08-22 20:42:41,606 - INFO - composites.py:473 - 
2025-08-22 20:42:41,606 - INFO - composites.py:474 -              ✔✔✔ COMPLETED: Tile x09_y12 | Time: 2020-10 | In 7.48 minutes
2025-08-22 20:42:41,606 - INFO - composites.py:475 - 
2025-08-22 20:42:41,606 - INFO - composites.py:483 - Closing Dask client
2025-08-22 20:42:41,608 - INFO - composites.py:487 - Closing Dask cluster
2025-08-22 20:42:41,608 - INFO - composites.py:488 - #######################################################################
