2025-08-27 07:23:14,778 - INFO - composites.py:102 - #######################################################################
2025-08-27 07:23:14,778 - INFO - composites.py:104 - Processing started
2025-08-27 07:23:14,778 - INFO - composites.py:105 -         Tile: x10_y07
2025-08-27 07:23:14,778 - INFO - composites.py:106 -         Time: 2021-03
2025-08-27 07:23:14,778 - INFO - composites.py:109 -                           
2025-08-27 07:23:14,778 - INFO - composites.py:110 - Establishing connection to datacube
2025-08-27 07:23:15,394 - INFO - composites.py:113 -                           
2025-08-27 07:23:15,395 - INFO - composites.py:114 - Sanity test: Check if dataset already exists in the datacube
2025-08-27 07:23:15,412 - INFO - composites.py:133 - The composite requested was not found and it will be computed
2025-08-27 07:23:15,413 - INFO - composites.py:136 -                                  
2025-08-27 07:23:15,413 - INFO - composites.py:137 - Initializing Dask cluster for parallelization
2025-08-27 07:23:20,589 - INFO - composites.py:161 - Dask dashboard is available at: http://127.0.0.1:8787/status
2025-08-27 07:23:20,589 - INFO - composites.py:164 - Create directories and naming conversions
2025-08-27 07:23:20,602 - INFO - composites.py:177 - Dataset location: //nas-rs.topo.auth.gr/Latomeia/DROUGHT/composites/x10/y07/2021/03/01
2025-08-27 07:23:20,602 - INFO - composites.py:180 -                           
2025-08-27 07:23:20,602 - INFO - composites.py:181 - Retrieve tile geometry
2025-08-27 07:23:20,631 - INFO - composites.py:192 - Create the Bounding Box (φ,λ)
2025-08-27 07:23:20,631 - INFO - composites.py:198 - Create the Bounding Box (x,y)
2025-08-27 07:23:20,631 - INFO - composites.py:211 -                           
2025-08-27 07:23:20,631 - INFO - composites.py:212 - Connect to Planetary Computer STAC Catalog
2025-08-27 07:23:20,894 - INFO - composites.py:220 - Search the STAC Catalog
2025-08-27 07:23:20,967 - INFO - composites.py:232 -         Query parameters:
2025-08-27 07:23:20,967 - INFO - composites.py:233 -             url:          https://planetarycomputer.microsoft.com/api/stac/v1/search
2025-08-27 07:23:20,967 - INFO - composites.py:234 -             client:       microsoft-pc
2025-08-27 07:23:20,967 - INFO - composites.py:235 -             collection:   sentinel-2-l2a
2025-08-27 07:23:20,967 - INFO - composites.py:236 -             bbox:         (22.240528254350007, 36.43261500541467, 22.895662885042924, 36.983478733191035)
2025-08-27 07:23:20,967 - INFO - composites.py:237 -             time range:   2021-03-01T00:00:00Z/2021-03-31T23:59:59Z
2025-08-27 07:23:20,967 - INFO - composites.py:238 -             cloud cover:  0% - 70%
2025-08-27 07:23:20,967 - INFO - composites.py:239 -             nodata cover: 0% - 33%
2025-08-27 07:23:20,967 - INFO - composites.py:241 -                           
2025-08-27 07:23:20,967 - INFO - composites.py:242 - Searching...
2025-08-27 07:23:21,388 - INFO - composites.py:245 - Query found 21 items
2025-08-27 07:23:21,388 - INFO - composites.py:247 - Searching for GRI REFINED scenes:
2025-08-27 07:23:27,906 - INFO - sentinel2.py:78 - 1/21 - S2B_MSIL2A_20210331T090549_R050_T34SFG_20210524T145041 -> REFINED
2025-08-27 07:23:34,095 - INFO - sentinel2.py:78 - 2/21 - S2A_MSIL2A_20210329T092031_R093_T34SFG_20210330T051117 -> REFINED
2025-08-27 07:23:39,474 - INFO - sentinel2.py:78 - 3/21 - S2A_MSIL2A_20210329T092031_R093_T34SFF_20210330T055734 -> REFINED
2025-08-27 07:23:44,945 - INFO - sentinel2.py:78 - 4/21 - S2A_MSIL2A_20210326T090611_R050_T34SFG_20210326T232725 -> REFINED
2025-08-27 07:23:50,377 - INFO - sentinel2.py:78 - 5/21 - S2A_MSIL2A_20210326T090611_R050_T34SFF_20210326T230455 -> REFINED
2025-08-27 07:23:56,058 - INFO - sentinel2.py:78 - 6/21 - S2B_MSIL2A_20210324T092029_R093_T34SFG_20210324T213316 -> REFINED
2025-08-27 07:24:01,351 - INFO - sentinel2.py:78 - 7/21 - S2B_MSIL2A_20210324T092029_R093_T34SFF_20210324T202906 -> REFINED
2025-08-27 07:24:06,989 - INFO - sentinel2.py:78 - 8/21 - S2B_MSIL2A_20210321T090649_R050_T34SFF_20210322T111024 -> REFINED
2025-08-27 07:24:12,902 - INFO - sentinel2.py:78 - 9/21 - S2A_MSIL2A_20210319T092031_R093_T34SFF_20210319T210821 -> REFINED
2025-08-27 07:24:18,023 - INFO - sentinel2.py:78 - 10/21 - S2A_MSIL2A_20210316T090721_R050_T34SFG_20210317T112110 -> REFINED
2025-08-27 07:24:23,058 - INFO - sentinel2.py:78 - 11/21 - S2A_MSIL2A_20210316T090721_R050_T34SFF_20210317T113233 -> REFINED
2025-08-27 07:24:33,131 - INFO - sentinel2.py:78 - 12/21 - S2B_MSIL2A_20210311T090659_R050_T34SFG_20210312T024806 -> REFINED
2025-08-27 07:24:39,058 - INFO - sentinel2.py:78 - 13/21 - S2B_MSIL2A_20210311T090659_R050_T34SFF_20210312T032504 -> REFINED
2025-08-27 07:24:44,226 - INFO - sentinel2.py:78 - 14/21 - S2A_MSIL2A_20210309T092031_R093_T34SFG_20210309T214821 -> REFINED
2025-08-27 07:24:50,231 - INFO - sentinel2.py:78 - 15/21 - S2A_MSIL2A_20210309T092031_R093_T34SFF_20210309T194222 -> REFINED
2025-08-27 07:24:56,354 - INFO - sentinel2.py:78 - 16/21 - S2A_MSIL2A_20210306T090831_R050_T34SFG_20210307T040713 -> REFINED
2025-08-27 07:25:01,945 - INFO - sentinel2.py:78 - 17/21 - S2A_MSIL2A_20210306T090831_R050_T34SFF_20210307T052158 -> REFINED
2025-08-27 07:25:07,191 - INFO - sentinel2.py:78 - 18/21 - S2B_MSIL2A_20210304T092029_R093_T34SFG_20210304T230844 -> REFINED
2025-08-27 07:25:13,439 - INFO - sentinel2.py:78 - 19/21 - S2B_MSIL2A_20210304T092029_R093_T34SFF_20210304T221515 -> REFINED
2025-08-27 07:25:19,039 - INFO - sentinel2.py:78 - 20/21 - S2B_MSIL2A_20210301T090819_R050_T34SFG_20210301T191849 -> REFINED
2025-08-27 07:25:24,544 - INFO - sentinel2.py:78 - 21/21 - S2B_MSIL2A_20210301T090819_R050_T34SFF_20210301T215636 -> REFINED
2025-08-27 07:25:24,584 - INFO - composites.py:250 -                                  
2025-08-27 07:25:24,584 - INFO - composites.py:251 - 21/21 were refined by GRI.
2025-08-27 07:25:24,584 - INFO - composites.py:263 - Looking for up to 10 cleanest images within spatiotemporal range of each MGRS tile
2025-08-27 07:25:24,585 - INFO - composites.py:277 - Filtered cleanest scenes: Kept 20 out of 21 items. 
2025-08-27 07:25:24,585 - INFO - composites.py:278 -         Included MGRS Tiles: ['34SFF' '34SFG']
2025-08-27 07:25:24,585 - INFO - composites.py:279 -         Included EPSG codes: [32634]
2025-08-27 07:25:24,586 - INFO - composites.py:281 - Selected scenes:
2025-08-27 07:25:24,605 - INFO - composites.py:283 -         S2B_MSIL2A_20210304T092029_R093_T34SFF_20210304T221515
2025-08-27 07:25:24,605 - INFO - composites.py:283 -         S2A_MSIL2A_20210329T092031_R093_T34SFF_20210330T055734
2025-08-27 07:25:24,605 - INFO - composites.py:283 -         S2A_MSIL2A_20210306T090831_R050_T34SFF_20210307T052158
2025-08-27 07:25:24,605 - INFO - composites.py:283 -         S2A_MSIL2A_20210326T090611_R050_T34SFF_20210326T230455
2025-08-27 07:25:24,614 - INFO - composites.py:283 -         S2A_MSIL2A_20210309T092031_R093_T34SFF_20210309T194222
2025-08-27 07:25:24,624 - INFO - composites.py:283 -         S2B_MSIL2A_20210311T090659_R050_T34SFF_20210312T032504
2025-08-27 07:25:24,628 - INFO - composites.py:283 -         S2A_MSIL2A_20210316T090721_R050_T34SFF_20210317T113233
2025-08-27 07:25:24,629 - INFO - composites.py:283 -         S2B_MSIL2A_20210321T090649_R050_T34SFF_20210322T111024
2025-08-27 07:25:24,629 - INFO - composites.py:283 -         S2A_MSIL2A_20210319T092031_R093_T34SFF_20210319T210821
2025-08-27 07:25:24,629 - INFO - composites.py:283 -         S2B_MSIL2A_20210324T092029_R093_T34SFF_20210324T202906
2025-08-27 07:25:24,629 - INFO - composites.py:283 -         S2B_MSIL2A_20210304T092029_R093_T34SFG_20210304T230844
2025-08-27 07:25:24,629 - INFO - composites.py:283 -         S2A_MSIL2A_20210326T090611_R050_T34SFG_20210326T232725
2025-08-27 07:25:24,629 - INFO - composites.py:283 -         S2A_MSIL2A_20210306T090831_R050_T34SFG_20210307T040713
2025-08-27 07:25:24,629 - INFO - composites.py:283 -         S2A_MSIL2A_20210329T092031_R093_T34SFG_20210330T051117
2025-08-27 07:25:24,630 - INFO - composites.py:283 -         S2B_MSIL2A_20210301T090819_R050_T34SFG_20210301T191849
2025-08-27 07:25:24,630 - INFO - composites.py:283 -         S2A_MSIL2A_20210316T090721_R050_T34SFG_20210317T112110
2025-08-27 07:25:24,630 - INFO - composites.py:283 -         S2B_MSIL2A_20210324T092029_R093_T34SFG_20210324T213316
2025-08-27 07:25:24,630 - INFO - composites.py:283 -         S2A_MSIL2A_20210309T092031_R093_T34SFG_20210309T214821
2025-08-27 07:25:24,630 - INFO - composites.py:283 -         S2B_MSIL2A_20210311T090659_R050_T34SFG_20210312T024806
2025-08-27 07:25:24,630 - INFO - composites.py:283 -         S2B_MSIL2A_20210331T090549_R050_T34SFG_20210524T145041
2025-08-27 07:25:24,949 - INFO - sentinel2.py:154 - Matplotlib backend: Agg
2025-08-27 07:25:25,252 - INFO - sentinel2.py:224 - Write input scenes footprint overlay: //nas-rs.topo.auth.gr/Latomeia/DROUGHT/composites/x10/y07/2021/03/01/S2L2A_medcomp_x10y07_202103_InDataFootprint.jpeg
2025-08-27 07:25:25,488 - INFO - composites.py:297 -                                  
2025-08-27 07:25:25,488 - INFO - composites.py:298 - Downstream STAC items from Planetary Computer
2025-08-27 07:25:25,488 - INFO - timeseries_processing.py:115 -                                  
2025-08-27 07:25:25,488 - INFO - timeseries_processing.py:116 - Loading bands of diferent resolutions in EPSG:32634
2025-08-27 07:25:25,488 - INFO - timeseries_processing.py:120 -     Filtering items with native UTM EPSG:32634
2025-08-27 07:25:25,488 - INFO - timeseries_processing.py:122 -     20 Items in EPSG:32634
2025-08-27 07:25:25,488 - INFO - timeseries_processing.py:129 -                        
2025-08-27 07:25:25,488 - INFO - timeseries_processing.py:130 -     Loading parameters:
2025-08-27 07:25:25,489 - INFO - timeseries_processing.py:131 -         Bands: ['B05', 'B07', 'B8A', 'SCL']
2025-08-27 07:25:25,489 - INFO - timeseries_processing.py:132 -         Spatial resolution: 20
2025-08-27 07:25:25,489 - INFO - timeseries_processing.py:134 -         Get Assets from STAC Items
2025-08-27 07:25:25,489 - INFO - timeseries_processing.py:47 -         Initialize the STAC client
2025-08-27 07:25:26,043 - INFO - timeseries_processing.py:137 -         Loading 20 STAC Items....
2025-08-27 07:27:10,240 - INFO - timeseries_processing.py:146 -         Cube has been downloaded
2025-08-27 07:27:10,241 - INFO - timeseries_processing.py:156 -         Fix order of dimensions
2025-08-27 07:27:10,242 - INFO - timeseries_processing.py:161 -         Append bands to the band-list of EPSG:32634
2025-08-27 07:27:10,244 - INFO - timeseries_processing.py:129 -                        
2025-08-27 07:27:10,245 - INFO - timeseries_processing.py:130 -     Loading parameters:
2025-08-27 07:27:10,245 - INFO - timeseries_processing.py:131 -         Bands: ['B02', 'B03', 'B04']
2025-08-27 07:27:10,246 - INFO - timeseries_processing.py:132 -         Spatial resolution: 10
2025-08-27 07:27:10,246 - INFO - timeseries_processing.py:134 -         Get Assets from STAC Items
2025-08-27 07:27:10,246 - INFO - timeseries_processing.py:47 -         Initialize the STAC client
2025-08-27 07:27:10,806 - INFO - timeseries_processing.py:137 -         Loading 20 STAC Items....
2025-08-27 07:29:59,145 - INFO - timeseries_processing.py:146 -         Cube has been downloaded
2025-08-27 07:29:59,146 - INFO - timeseries_processing.py:149 -         Reproject to downsample 10m bands to 20m by Resampling.average 2x2 binning and shape matching with odc.geo.GeoBox
2025-08-27 07:30:16,545 - INFO - timeseries_processing.py:161 -         Append bands to the band-list of EPSG:32634
2025-08-27 07:30:16,546 - INFO - timeseries_processing.py:165 -                        
2025-08-27 07:30:16,546 - INFO - timeseries_processing.py:166 -     Merging bands in a single dataset
2025-08-27 07:30:16,546 - INFO - timeseries_processing.py:167 -     Ensure all partial datasets are at (x=20, y=-20) resolution
2025-08-27 07:30:16,546 - INFO - timeseries_processing.py:171 -     Clip to the intersection of indexes
2025-08-27 07:30:17,887 - INFO - timeseries_processing.py:180 -     Make a list of bands to merge
2025-08-27 07:30:17,889 - INFO - timeseries_processing.py:184 -     Merge on intersection
2025-08-27 07:30:17,890 - INFO - timeseries_processing.py:192 -     Apply masks on clouds, shadows, thin cirrus, and snow/ice
2025-08-27 07:30:17,890 - INFO - sentinel2.py:122 -                Masking bits: [3, 7, 8, 9, 10, 11]
2025-08-27 07:30:19,504 - INFO - composites.py:307 - Reproject from UTM Zone to Tile geometry -> CRS(EPSG:32634), Resampling.bilinear
2025-08-27 07:30:27,994 - INFO - composites.py:310 -     New shape of datasets: Shape2d(x=2400, y=2400)
2025-08-27 07:30:28,645 - INFO - composites.py:342 - Creating preview plot of input scenes
2025-08-27 07:31:05,311 - INFO - timeseries_processing.py:349 - Saved preview for 'B04' to //nas-rs.topo.auth.gr/Latomeia/DROUGHT/composites/x10/y07/2021/03/01/S2L2A_medcomp_x10y07_202103_InDataPreview.jpeg
2025-08-27 07:31:05,319 - INFO - composites.py:348 - Clip value range
2025-08-27 07:31:07,680 - INFO - composites.py:353 -                           
2025-08-27 07:31:07,680 - INFO - composites.py:354 - Computing spectral indices:
2025-08-27 07:31:07,680 - INFO - composites.py:357 -     EVI...
2025-08-27 07:31:09,073 - INFO - composites.py:359 -     NDVI...
2025-08-27 07:31:09,577 - INFO - composites.py:361 -     PSRI2...
2025-08-27 07:31:09,936 - INFO - composites.py:364 - Clip to typical value range
2025-08-27 07:31:10,391 - INFO - composites.py:371 - Reducing to median value temporal composite
2025-08-27 07:31:40,234 - INFO - composites.py:390 - Scale and Define data types & nodata per band
2025-08-27 07:31:40,356 - INFO - composites.py:411 - Assign time range and tile ID in metadata
2025-08-27 07:31:40,356 - INFO - composites.py:419 - Write bands to raster COG files
2025-08-27 07:31:44,185 - INFO - composites.py:432 - Write B02 -> //nas-rs.topo.auth.gr/Latomeia/DROUGHT/composites/x10/y07/2021/03/01/S2L2A_medcomp_x10y07_202103_B02.tif
2025-08-27 07:31:47,970 - INFO - composites.py:432 - Write B03 -> //nas-rs.topo.auth.gr/Latomeia/DROUGHT/composites/x10/y07/2021/03/01/S2L2A_medcomp_x10y07_202103_B03.tif
2025-08-27 07:31:51,808 - INFO - composites.py:432 - Write B04 -> //nas-rs.topo.auth.gr/Latomeia/DROUGHT/composites/x10/y07/2021/03/01/S2L2A_medcomp_x10y07_202103_B04.tif
2025-08-27 07:31:55,594 - INFO - composites.py:432 - Write B05 -> //nas-rs.topo.auth.gr/Latomeia/DROUGHT/composites/x10/y07/2021/03/01/S2L2A_medcomp_x10y07_202103_B05.tif
2025-08-27 07:31:59,412 - INFO - composites.py:432 - Write B07 -> //nas-rs.topo.auth.gr/Latomeia/DROUGHT/composites/x10/y07/2021/03/01/S2L2A_medcomp_x10y07_202103_B07.tif
2025-08-27 07:32:03,271 - INFO - composites.py:432 - Write B8A -> //nas-rs.topo.auth.gr/Latomeia/DROUGHT/composites/x10/y07/2021/03/01/S2L2A_medcomp_x10y07_202103_B8A.tif
2025-08-27 07:32:06,972 - INFO - composites.py:432 - Write EVI -> //nas-rs.topo.auth.gr/Latomeia/DROUGHT/composites/x10/y07/2021/03/01/S2L2A_medcomp_x10y07_202103_EVI.tif
2025-08-27 07:32:10,759 - INFO - composites.py:432 - Write NDVI -> //nas-rs.topo.auth.gr/Latomeia/DROUGHT/composites/x10/y07/2021/03/01/S2L2A_medcomp_x10y07_202103_NDVI.tif
2025-08-27 07:32:14,786 - INFO - composites.py:432 - Write PSRI2 -> //nas-rs.topo.auth.gr/Latomeia/DROUGHT/composites/x10/y07/2021/03/01/S2L2A_medcomp_x10y07_202103_PSRI2.tif
2025-08-27 07:32:14,786 - INFO - composites.py:436 - Prepare metadata YAML document
2025-08-27 07:32:15,356 - INFO - composites.py:458 - Write metadata YAML document to disk
2025-08-27 07:32:15,382 - INFO - composites.py:463 - Create datacube.model.Dataset from eo3 metadata
2025-08-27 07:32:15,393 - INFO - composites.py:474 - Index to datacube
2025-08-27 07:32:15,393 - INFO - _datasets.py:191 - Indexing 544e9b9d-f628-43dd-9e54-6ec50fec1c33
2025-08-27 07:32:15,402 - INFO - composites.py:477 - 
2025-08-27 07:32:15,402 - INFO - composites.py:478 -              ✔✔✔ COMPLETED: Tile x10_y07 | Time: 2021-03 | In 9.01 minutes
2025-08-27 07:32:15,402 - INFO - composites.py:479 - 
2025-08-27 07:32:15,402 - INFO - composites.py:487 - Closing Dask client
2025-08-27 07:32:15,404 - INFO - composites.py:491 - Closing Dask cluster
2025-08-27 07:32:15,404 - INFO - composites.py:492 - #######################################################################
