2025-08-25 07:27:52,078 - INFO - composites.py:102 - #######################################################################
2025-08-25 07:27:52,078 - INFO - composites.py:104 - Processing started
2025-08-25 07:27:52,078 - INFO - composites.py:105 -         Tile: x10_y07
2025-08-25 07:27:52,078 - INFO - composites.py:106 -         Time: 2020-05
2025-08-25 07:27:52,078 - INFO - composites.py:109 -                           
2025-08-25 07:27:52,078 - INFO - composites.py:110 - Establishing connection to datacube
2025-08-25 07:27:52,578 - INFO - composites.py:113 -                           
2025-08-25 07:27:52,581 - INFO - composites.py:114 - Sanity test: Check if dataset already exists in the datacube
2025-08-25 07:27:52,597 - INFO - composites.py:133 - The composite requested was not found and it will be computed
2025-08-25 07:27:52,597 - INFO - composites.py:136 -                                  
2025-08-25 07:27:52,597 - INFO - composites.py:137 - Initializing Dask cluster for parallelization
2025-08-25 07:27:57,600 - INFO - composites.py:161 - Dask dashboard is available at: http://127.0.0.1:8787/status
2025-08-25 07:27:57,600 - INFO - composites.py:164 - Create directories and naming conversions
2025-08-25 07:27:57,610 - INFO - composites.py:175 - Dataset location: //nas-rs.topo.auth.gr/Latomeia/DROUGHT/COMPOS/2020/05/x10_y07
2025-08-25 07:27:57,610 - INFO - composites.py:178 -                           
2025-08-25 07:27:57,610 - INFO - composites.py:179 - Retrieve tile geometry
2025-08-25 07:27:57,638 - INFO - composites.py:190 - Create the Bounding Box (φ,λ)
2025-08-25 07:27:57,638 - INFO - composites.py:196 - Create the Bounding Box (x,y)
2025-08-25 07:27:57,638 - INFO - composites.py:209 -                           
2025-08-25 07:27:57,638 - INFO - composites.py:210 - Connect to Planetary Computer STAC Catalog
2025-08-25 07:27:57,850 - INFO - composites.py:218 - Search the STAC Catalog
2025-08-25 07:27:57,921 - INFO - composites.py:230 -         Query parameters:
2025-08-25 07:27:57,921 - INFO - composites.py:231 -             url:          https://planetarycomputer.microsoft.com/api/stac/v1/search
2025-08-25 07:27:57,921 - INFO - composites.py:232 -             client:       microsoft-pc
2025-08-25 07:27:57,921 - INFO - composites.py:233 -             collection:   sentinel-2-l2a
2025-08-25 07:27:57,921 - INFO - composites.py:234 -             bbox:         (22.240528254350007, 36.43261500541467, 22.895662885042924, 36.983478733191035)
2025-08-25 07:27:57,921 - INFO - composites.py:235 -             time range:   2020-05-01T00:00:00Z/2020-05-31T23:59:59Z
2025-08-25 07:27:57,921 - INFO - composites.py:236 -             cloud cover:  0% - 70%
2025-08-25 07:27:57,921 - INFO - composites.py:237 -             nodata cover: 0% - 33%
2025-08-25 07:27:57,921 - INFO - composites.py:239 -                           
2025-08-25 07:27:57,921 - INFO - composites.py:240 - Searching...
2025-08-25 07:27:58,366 - INFO - composites.py:243 - Query found 21 items
2025-08-25 07:27:58,366 - INFO - composites.py:245 - Searching for GRI REFINED scenes:
2025-08-25 07:28:04,482 - INFO - sentinel2.py:78 - 1/21 - S2A_MSIL2A_20200530T090601_R050_T34SFG_20200911T120336 -> Not Found
2025-08-25 07:28:10,500 - INFO - sentinel2.py:78 - 2/21 - S2A_MSIL2A_20200530T090601_R050_T34SFF_20200911T120341 -> Not Found
2025-08-25 07:28:15,870 - INFO - sentinel2.py:78 - 3/21 - S2B_MSIL2A_20200528T092029_R093_T34SFG_20200911T074408 -> Not Found
2025-08-25 07:28:21,801 - INFO - sentinel2.py:78 - 4/21 - S2B_MSIL2A_20200528T092029_R093_T34SFF_20200911T074407 -> Not Found
2025-08-25 07:28:27,805 - INFO - sentinel2.py:78 - 5/21 - S2B_MSIL2A_20200525T090559_R050_T34SFG_20200910T231842 -> Not Found
2025-08-25 07:28:33,791 - INFO - sentinel2.py:78 - 6/21 - S2B_MSIL2A_20200525T090559_R050_T34SFF_20200910T231836 -> Not Found
2025-08-25 07:28:39,793 - INFO - sentinel2.py:78 - 7/21 - S2A_MSIL2A_20200523T092031_R093_T34SFG_20200910T161220 -> Not Found
2025-08-25 07:28:45,373 - INFO - sentinel2.py:78 - 8/21 - S2A_MSIL2A_20200523T092031_R093_T34SFF_20200910T161142 -> Not Found
2025-08-25 07:28:51,399 - INFO - sentinel2.py:78 - 9/21 - S2A_MSIL2A_20200520T090601_R050_T34SFG_20200910T074202 -> Not Found
2025-08-25 07:28:57,708 - INFO - sentinel2.py:78 - 10/21 - S2A_MSIL2A_20200520T090601_R050_T34SFF_20200910T074202 -> Not Found
2025-08-25 07:29:03,319 - INFO - sentinel2.py:78 - 11/21 - S2B_MSIL2A_20200518T092029_R093_T34SFG_20200910T033457 -> Not Found
2025-08-25 07:29:09,175 - INFO - sentinel2.py:78 - 12/21 - S2B_MSIL2A_20200518T092029_R093_T34SFF_20200910T033452 -> Not Found
2025-08-25 07:29:14,731 - INFO - sentinel2.py:78 - 13/21 - S2B_MSIL2A_20200515T090559_R050_T34SFG_20200918T082413 -> Not Found
2025-08-25 07:29:21,312 - INFO - sentinel2.py:78 - 14/21 - S2B_MSIL2A_20200515T090559_R050_T34SFF_20200918T082413 -> Not Found
2025-08-25 07:29:26,684 - INFO - sentinel2.py:78 - 15/21 - S2A_MSIL2A_20200513T092031_R093_T34SFG_20200918T002820 -> Not Found
2025-08-25 07:29:32,965 - INFO - sentinel2.py:78 - 16/21 - S2A_MSIL2A_20200513T092031_R093_T34SFF_20200918T002812 -> Not Found
2025-08-25 07:29:39,108 - INFO - sentinel2.py:78 - 17/21 - S2B_MSIL2A_20200508T092029_R093_T34SFG_20200921T013442 -> Not Found
2025-08-25 07:29:44,585 - INFO - sentinel2.py:78 - 18/21 - S2B_MSIL2A_20200508T092029_R093_T34SFF_20200921T013437 -> Not Found
2025-08-25 07:29:49,741 - INFO - sentinel2.py:78 - 19/21 - S2B_MSIL2A_20200505T090549_R050_T34SFG_20200920T154652 -> Not Found
2025-08-25 07:29:55,805 - INFO - sentinel2.py:78 - 20/21 - S2B_MSIL2A_20200505T090549_R050_T34SFF_20200920T154647 -> Not Found
2025-08-25 07:30:01,395 - INFO - sentinel2.py:78 - 21/21 - S2A_MSIL2A_20200503T092031_R093_T34SFG_20200920T073233 -> Not Found
2025-08-25 07:30:01,432 - INFO - composites.py:248 -                                  
2025-08-25 07:30:01,432 - INFO - composites.py:249 - 0/21 were refined by GRI.
2025-08-25 07:30:01,432 - WARNING - composites.py:253 - Tile x10_y07 | Time: 2020-05: All scenes are flagged NOT REFINED.
2025-08-25 07:30:01,432 - WARNING - composites.py:254 - Tile x10_y07 | Time: 2020-05: The composite will be flagged with _NOREFINED.
2025-08-25 07:30:01,433 - INFO - composites.py:261 - Looking for up to 10 cleanest images within spatiotemporal range of each MGRS tile
2025-08-25 07:30:01,434 - INFO - composites.py:275 - Filtered cleanest scenes: Kept 20 out of 21 items. 
2025-08-25 07:30:01,434 - INFO - composites.py:276 -         Included MGRS Tiles: ['34SFF' '34SFG']
2025-08-25 07:30:01,439 - INFO - composites.py:277 -         Included EPSG codes: [32634]
2025-08-25 07:30:01,440 - INFO - composites.py:279 - Selected scenes:
2025-08-25 07:30:01,440 - INFO - composites.py:281 -         S2B_MSIL2A_20200508T092029_R093_T34SFF_20200921T013437
2025-08-25 07:30:01,450 - INFO - composites.py:281 -         S2B_MSIL2A_20200505T090549_R050_T34SFF_20200920T154647
2025-08-25 07:30:01,450 - INFO - composites.py:281 -         S2B_MSIL2A_20200515T090559_R050_T34SFF_20200918T082413
2025-08-25 07:30:01,450 - INFO - composites.py:281 -         S2B_MSIL2A_20200525T090559_R050_T34SFF_20200910T231836
2025-08-25 07:30:01,450 - INFO - composites.py:281 -         S2A_MSIL2A_20200520T090601_R050_T34SFF_20200910T074202
2025-08-25 07:30:01,450 - INFO - composites.py:281 -         S2B_MSIL2A_20200518T092029_R093_T34SFF_20200910T033452
2025-08-25 07:30:01,450 - INFO - composites.py:281 -         S2A_MSIL2A_20200513T092031_R093_T34SFF_20200918T002812
2025-08-25 07:30:01,450 - INFO - composites.py:281 -         S2A_MSIL2A_20200530T090601_R050_T34SFF_20200911T120341
2025-08-25 07:30:01,450 - INFO - composites.py:281 -         S2A_MSIL2A_20200523T092031_R093_T34SFF_20200910T161142
2025-08-25 07:30:01,450 - INFO - composites.py:281 -         S2B_MSIL2A_20200528T092029_R093_T34SFF_20200911T074407
2025-08-25 07:30:01,450 - INFO - composites.py:281 -         S2B_MSIL2A_20200508T092029_R093_T34SFG_20200921T013442
2025-08-25 07:30:01,450 - INFO - composites.py:281 -         S2B_MSIL2A_20200505T090549_R050_T34SFG_20200920T154652
2025-08-25 07:30:01,450 - INFO - composites.py:281 -         S2B_MSIL2A_20200515T090559_R050_T34SFG_20200918T082413
2025-08-25 07:30:01,450 - INFO - composites.py:281 -         S2A_MSIL2A_20200513T092031_R093_T34SFG_20200918T002820
2025-08-25 07:30:01,450 - INFO - composites.py:281 -         S2B_MSIL2A_20200518T092029_R093_T34SFG_20200910T033457
2025-08-25 07:30:01,450 - INFO - composites.py:281 -         S2A_MSIL2A_20200520T090601_R050_T34SFG_20200910T074202
2025-08-25 07:30:01,450 - INFO - composites.py:281 -         S2A_MSIL2A_20200530T090601_R050_T34SFG_20200911T120336
2025-08-25 07:30:01,450 - INFO - composites.py:281 -         S2A_MSIL2A_20200523T092031_R093_T34SFG_20200910T161220
2025-08-25 07:30:01,450 - INFO - composites.py:281 -         S2B_MSIL2A_20200525T090559_R050_T34SFG_20200910T231842
2025-08-25 07:30:01,450 - INFO - composites.py:281 -         S2B_MSIL2A_20200528T092029_R093_T34SFG_20200911T074408
2025-08-25 07:30:01,798 - INFO - sentinel2.py:154 - Matplotlib backend: Agg
2025-08-25 07:30:02,088 - INFO - sentinel2.py:224 - Write input scenes footprint overlay: //nas-rs.topo.auth.gr/Latomeia/DROUGHT/COMPOS/2020/05/x10_y07/S2L2A_medcomp_x10_y07_202005_InDataFootprint.jpeg
2025-08-25 07:30:02,346 - INFO - composites.py:295 -                                  
2025-08-25 07:30:02,346 - INFO - composites.py:296 - Downstream STAC items from Planetary Computer
2025-08-25 07:30:02,346 - INFO - timeseries_processing.py:115 -                                  
2025-08-25 07:30:02,346 - INFO - timeseries_processing.py:116 - Loading bands of diferent resolutions in EPSG:32634
2025-08-25 07:30:02,346 - INFO - timeseries_processing.py:120 -     Filtering items with native UTM EPSG:32634
2025-08-25 07:30:02,346 - INFO - timeseries_processing.py:122 -     20 Items in EPSG:32634
2025-08-25 07:30:02,346 - INFO - timeseries_processing.py:129 -                        
2025-08-25 07:30:02,346 - INFO - timeseries_processing.py:130 -     Loading parameters:
2025-08-25 07:30:02,346 - INFO - timeseries_processing.py:131 -         Bands: ['B05', 'B07', 'B8A', 'SCL']
2025-08-25 07:30:02,346 - INFO - timeseries_processing.py:132 -         Spatial resolution: 20
2025-08-25 07:30:02,346 - INFO - timeseries_processing.py:134 -         Get Assets from STAC Items
2025-08-25 07:30:02,346 - INFO - timeseries_processing.py:47 -         Initialize the STAC client
2025-08-25 07:30:02,940 - INFO - timeseries_processing.py:137 -         Loading 20 STAC Items....
2025-08-25 07:31:45,155 - INFO - timeseries_processing.py:146 -         Cube has been downloaded
2025-08-25 07:31:45,155 - INFO - timeseries_processing.py:156 -         Fix order of dimensions
2025-08-25 07:31:45,157 - INFO - timeseries_processing.py:161 -         Append bands to the band-list of EPSG:32634
2025-08-25 07:31:45,157 - INFO - timeseries_processing.py:129 -                        
2025-08-25 07:31:45,158 - INFO - timeseries_processing.py:130 -     Loading parameters:
2025-08-25 07:31:45,158 - INFO - timeseries_processing.py:131 -         Bands: ['B02', 'B03', 'B04']
2025-08-25 07:31:45,158 - INFO - timeseries_processing.py:132 -         Spatial resolution: 10
2025-08-25 07:31:45,158 - INFO - timeseries_processing.py:134 -         Get Assets from STAC Items
2025-08-25 07:31:45,158 - INFO - timeseries_processing.py:47 -         Initialize the STAC client
2025-08-25 07:31:45,719 - INFO - timeseries_processing.py:137 -         Loading 20 STAC Items....
2025-08-25 07:34:46,436 - INFO - timeseries_processing.py:146 -         Cube has been downloaded
2025-08-25 07:34:46,436 - INFO - timeseries_processing.py:149 -         Reproject to downsample 10m bands to 20m by Resampling.average 2x2 binning and shape matching with odc.geo.GeoBox
2025-08-25 07:35:01,232 - INFO - timeseries_processing.py:161 -         Append bands to the band-list of EPSG:32634
2025-08-25 07:35:01,232 - INFO - timeseries_processing.py:165 -                        
2025-08-25 07:35:01,232 - INFO - timeseries_processing.py:166 -     Merging bands in a single dataset
2025-08-25 07:35:01,232 - INFO - timeseries_processing.py:167 -     Ensure all partial datasets are at (x=20, y=-20) resolution
2025-08-25 07:35:01,232 - INFO - timeseries_processing.py:171 -     Clip to the intersection of indexes
2025-08-25 07:35:02,229 - INFO - timeseries_processing.py:180 -     Make a list of bands to merge
2025-08-25 07:35:02,230 - INFO - timeseries_processing.py:184 -     Merge on intersection
2025-08-25 07:35:02,231 - INFO - timeseries_processing.py:192 -     Apply masks on clouds, shadows, thin cirrus, and snow/ice
2025-08-25 07:35:02,231 - INFO - sentinel2.py:122 -                Masking bits: [3, 7, 8, 9, 10, 11]
2025-08-25 07:35:03,432 - INFO - composites.py:305 - Reproject from UTM Zone to Tile geometry -> CRS(EPSG:32634), Resampling.bilinear
2025-08-25 07:35:10,109 - INFO - composites.py:308 -     New shape of datasets: Shape2d(x=2400, y=2400)
2025-08-25 07:35:10,810 - INFO - composites.py:340 - Creating preview plot of input scenes
2025-08-25 07:35:42,933 - INFO - timeseries_processing.py:349 - Saved preview for 'B04' to //nas-rs.topo.auth.gr/Latomeia/DROUGHT/COMPOS/2020/05/x10_y07/S2L2A_medcomp_x10_y07_202005_InDataPreview.jpeg
2025-08-25 07:35:42,945 - INFO - composites.py:346 - Clip value range
2025-08-25 07:35:44,930 - INFO - composites.py:351 -                           
2025-08-25 07:35:44,943 - INFO - composites.py:352 - Computing spectral indices:
2025-08-25 07:35:44,943 - INFO - composites.py:355 -     EVI...
2025-08-25 07:35:46,135 - INFO - composites.py:357 -     NDVI...
2025-08-25 07:35:46,568 - INFO - composites.py:359 -     PSRI2...
2025-08-25 07:35:46,873 - INFO - composites.py:362 - Clip to typical value range
2025-08-25 07:35:47,204 - INFO - composites.py:369 - Reducing to median value temporal composite
2025-08-25 07:36:13,094 - INFO - composites.py:388 - Scale and Define data types & nodata per band
2025-08-25 07:36:13,229 - INFO - composites.py:409 - Assign time range and tile ID in metadata
2025-08-25 07:36:13,229 - INFO - composites.py:417 - Write bands to raster COG files
2025-08-25 07:36:17,318 - INFO - composites.py:430 - Write B02 -> //nas-rs.topo.auth.gr/Latomeia/DROUGHT/COMPOS/2020/05/x10_y07/S2L2A_medcomp_x10_y07_202005_B02.tif
2025-08-25 07:36:21,171 - INFO - composites.py:430 - Write B03 -> //nas-rs.topo.auth.gr/Latomeia/DROUGHT/COMPOS/2020/05/x10_y07/S2L2A_medcomp_x10_y07_202005_B03.tif
2025-08-25 07:36:24,929 - INFO - composites.py:430 - Write B04 -> //nas-rs.topo.auth.gr/Latomeia/DROUGHT/COMPOS/2020/05/x10_y07/S2L2A_medcomp_x10_y07_202005_B04.tif
2025-08-25 07:36:28,738 - INFO - composites.py:430 - Write B05 -> //nas-rs.topo.auth.gr/Latomeia/DROUGHT/COMPOS/2020/05/x10_y07/S2L2A_medcomp_x10_y07_202005_B05.tif
2025-08-25 07:36:32,481 - INFO - composites.py:430 - Write B07 -> //nas-rs.topo.auth.gr/Latomeia/DROUGHT/COMPOS/2020/05/x10_y07/S2L2A_medcomp_x10_y07_202005_B07.tif
2025-08-25 07:36:36,262 - INFO - composites.py:430 - Write B8A -> //nas-rs.topo.auth.gr/Latomeia/DROUGHT/COMPOS/2020/05/x10_y07/S2L2A_medcomp_x10_y07_202005_B8A.tif
2025-08-25 07:36:39,927 - INFO - composites.py:430 - Write EVI -> //nas-rs.topo.auth.gr/Latomeia/DROUGHT/COMPOS/2020/05/x10_y07/S2L2A_medcomp_x10_y07_202005_EVI.tif
2025-08-25 07:36:43,767 - INFO - composites.py:430 - Write NDVI -> //nas-rs.topo.auth.gr/Latomeia/DROUGHT/COMPOS/2020/05/x10_y07/S2L2A_medcomp_x10_y07_202005_NDVI.tif
2025-08-25 07:36:47,498 - INFO - composites.py:430 - Write PSRI2 -> //nas-rs.topo.auth.gr/Latomeia/DROUGHT/COMPOS/2020/05/x10_y07/S2L2A_medcomp_x10_y07_202005_PSRI2.tif
2025-08-25 07:36:47,510 - INFO - composites.py:434 - Prepare metadata YAML document
2025-08-25 07:36:48,203 - INFO - composites.py:455 - Write metadata YAML document to disk
2025-08-25 07:36:48,231 - INFO - composites.py:460 - Create datacube.model.Dataset from eo3 metadata
2025-08-25 07:36:48,241 - INFO - composites.py:471 - Index to datacube
2025-08-25 07:36:48,241 - INFO - _datasets.py:191 - Indexing 79b483da-4bc1-4f8f-94cf-958b44676856
2025-08-25 07:36:48,250 - INFO - composites.py:474 - 
2025-08-25 07:36:48,250 - INFO - composites.py:475 -              ✔✔✔ COMPLETED: Tile x10_y07 | Time: 2020-05 | In 8.94 minutes
2025-08-25 07:36:48,250 - INFO - composites.py:476 - 
2025-08-25 07:36:48,250 - INFO - composites.py:484 - Closing Dask client
2025-08-25 07:36:48,252 - INFO - composites.py:488 - Closing Dask cluster
2025-08-25 07:36:48,252 - INFO - composites.py:489 - #######################################################################
