2025-08-18 19:37:00,939 - INFO - composites.py:104 - #######################################################################
2025-08-18 19:37:00,940 - INFO - composites.py:106 - Processing started
2025-08-18 19:37:00,940 - INFO - composites.py:107 -         Tile: x06_y10
2025-08-18 19:37:00,940 - INFO - composites.py:108 -         Time: 2020-11
2025-08-18 19:37:00,940 - INFO - composites.py:111 -                           
2025-08-18 19:37:00,940 - INFO - composites.py:112 - Establishing connection to datacube
2025-08-18 19:37:01,655 - INFO - composites.py:115 -                           
2025-08-18 19:37:01,657 - INFO - composites.py:116 - Sanity test: Check if dataset already exists in the datacube
2025-08-18 19:37:01,676 - INFO - composites.py:135 - The composite requested was not found and it will be computed
2025-08-18 19:37:01,676 - INFO - composites.py:138 -                                  
2025-08-18 19:37:01,676 - INFO - composites.py:139 - Initializing Dask cluster for parallelization
2025-08-18 19:37:07,894 - INFO - composites.py:163 - Dask dashboard is available at: http://127.0.0.1:8787/status
2025-08-18 19:37:07,894 - INFO - composites.py:166 - Create directories and naming conversions
2025-08-18 19:37:07,906 - INFO - composites.py:177 - Dataset location: //nas-rs.topo.auth.gr/Latomeia/DROUGHT/COMPOS/2020/11/x06_y10
2025-08-18 19:37:07,906 - INFO - composites.py:180 -                           
2025-08-18 19:37:07,906 - INFO - composites.py:181 - Retrieve tile geometry
2025-08-18 19:37:07,943 - INFO - composites.py:192 - Create the Bounding Box (φ,λ)
2025-08-18 19:37:07,944 - INFO - composites.py:198 - Create the Bounding Box (x,y)
2025-08-18 19:37:07,944 - INFO - composites.py:211 -                           
2025-08-18 19:37:07,944 - INFO - composites.py:212 - Connect to Planetary Computer STAC Catalog
2025-08-18 19:37:08,209 - INFO - composites.py:220 - Search the STAC Catalog
2025-08-18 19:37:08,283 - INFO - composites.py:232 -         Query parameters:
2025-08-18 19:37:08,283 - INFO - composites.py:233 -             url:          https://planetarycomputer.microsoft.com/api/stac/v1/search
2025-08-18 19:37:08,283 - INFO - composites.py:234 -             client:       microsoft-pc
2025-08-18 19:37:08,283 - INFO - composites.py:235 -             collection:   sentinel-2-l2a
2025-08-18 19:37:08,283 - INFO - composites.py:236 -             bbox:         (20.319308912777615, 37.9915612627663, 20.978637447423655, 38.53275349002355)
2025-08-18 19:37:08,283 - INFO - composites.py:237 -             time range:   2020-11-01T00:00:00Z/2020-11-30T23:59:59Z
2025-08-18 19:37:08,283 - INFO - composites.py:238 -             cloud cover:  0% - 70%
2025-08-18 19:37:08,283 - INFO - composites.py:239 -             nodata cover: 0% - 33%
2025-08-18 19:37:08,283 - INFO - composites.py:241 -                           
2025-08-18 19:37:08,283 - INFO - composites.py:242 - Searching...
2025-08-18 19:37:08,702 - INFO - composites.py:245 - Query found 7 items
2025-08-18 19:37:08,703 - INFO - composites.py:247 - Searching for GRI REFINED scenes:
2025-08-18 19:37:13,873 - INFO - sentinel2.py:78 - 1/7 - S2B_MSIL2A_20201127T093339_R136_T34SDH_20201128T052237 -> Not Found
2025-08-18 19:37:17,869 - INFO - sentinel2.py:78 - 2/7 - S2A_MSIL2A_20201119T092301_R093_T34SDH_20201121T083908 -> Not Found
2025-08-18 19:37:22,376 - INFO - sentinel2.py:78 - 3/7 - S2B_MSIL2A_20201114T092239_R093_T34SDH_20201116T044308 -> Not Found
2025-08-18 19:37:26,777 - INFO - sentinel2.py:78 - 4/7 - S2A_MSIL2A_20201112T093241_R136_T34SDH_20201114T012937 -> Not Found
2025-08-18 19:37:31,908 - INFO - sentinel2.py:78 - 5/7 - S2A_MSIL2A_20201109T092221_R093_T34SDH_20201110T181920 -> Not Found
2025-08-18 19:37:36,007 - INFO - sentinel2.py:78 - 6/7 - S2B_MSIL2A_20201107T093209_R136_T34SDH_20201108T234431 -> Not Found
2025-08-18 19:37:41,144 - INFO - sentinel2.py:78 - 7/7 - S2B_MSIL2A_20201104T092149_R093_T34SDH_20201106T135430 -> Not Found
2025-08-18 19:37:41,194 - INFO - composites.py:250 -                                  
2025-08-18 19:37:41,195 - INFO - composites.py:251 - 0/7 were refined by GRI.
2025-08-18 19:37:41,195 - WARNING - composites.py:255 - Tile x06_y10 | Time: 2020-11: All scenes are flagged NOT REFINED.
2025-08-18 19:37:41,195 - WARNING - composites.py:256 - Tile x06_y10 | Time: 2020-11: The composite will be flagged with _NOREFINED.
2025-08-18 19:37:41,196 - INFO - composites.py:263 - Looking for up to 10 cleanest images within spatiotemporal range of each MGRS tile
2025-08-18 19:37:41,196 - INFO - composites.py:277 - Filtered cleanest scenes: Kept 7 out of 7 items. 
2025-08-18 19:37:41,197 - INFO - composites.py:278 -         Included MGRS Tiles: ['34SDH']
2025-08-18 19:37:41,197 - INFO - composites.py:279 -         Included EPSG codes: [32634]
2025-08-18 19:37:41,197 - INFO - composites.py:281 - Selected scenes:
2025-08-18 19:37:41,197 - INFO - composites.py:283 -         S2B_MSIL2A_20201127T093339_R136_T34SDH_20201128T052237
2025-08-18 19:37:41,197 - INFO - composites.py:283 -         S2A_MSIL2A_20201109T092221_R093_T34SDH_20201110T181920
2025-08-18 19:37:41,197 - INFO - composites.py:283 -         S2A_MSIL2A_20201119T092301_R093_T34SDH_20201121T083908
2025-08-18 19:37:41,197 - INFO - composites.py:283 -         S2B_MSIL2A_20201107T093209_R136_T34SDH_20201108T234431
2025-08-18 19:37:41,210 - INFO - composites.py:283 -         S2B_MSIL2A_20201114T092239_R093_T34SDH_20201116T044308
2025-08-18 19:37:41,227 - INFO - composites.py:283 -         S2A_MSIL2A_20201112T093241_R136_T34SDH_20201114T012937
2025-08-18 19:37:41,227 - INFO - composites.py:283 -         S2B_MSIL2A_20201104T092149_R093_T34SDH_20201106T135430
2025-08-18 19:37:41,812 - INFO - sentinel2.py:154 - Matplotlib backend: Agg
2025-08-18 19:37:41,980 - INFO - sentinel2.py:224 - Write input scenes footprint overlay: //nas-rs.topo.auth.gr/Latomeia/DROUGHT/COMPOS/2020/11/x06_y10/S2L2A_medcomp_x06_y10_202011_InDataFootprint.jpeg
2025-08-18 19:37:42,261 - INFO - composites.py:297 -                                  
2025-08-18 19:37:42,261 - INFO - composites.py:298 - Downstream STAC items from Planetary Computer
2025-08-18 19:37:42,261 - INFO - timeseries_processing.py:114 -                                  
2025-08-18 19:37:42,262 - INFO - timeseries_processing.py:115 - Loading bands of diferent resolutions in EPSG:32634
2025-08-18 19:37:42,262 - INFO - timeseries_processing.py:119 -     Filtering items with native UTM EPSG:32634
2025-08-18 19:37:42,262 - INFO - timeseries_processing.py:121 -     7 Items in EPSG:32634
2025-08-18 19:37:42,262 - INFO - timeseries_processing.py:128 -                        
2025-08-18 19:37:42,262 - INFO - timeseries_processing.py:129 -     Loading parameters:
2025-08-18 19:37:42,263 - INFO - timeseries_processing.py:130 -         Bands: ['B05', 'B07', 'B8A', 'SCL']
2025-08-18 19:37:42,263 - INFO - timeseries_processing.py:131 -         Spatial resolution: 20
2025-08-18 19:37:42,263 - INFO - timeseries_processing.py:133 -         Get Assets from STAC Items
2025-08-18 19:37:42,263 - INFO - timeseries_processing.py:46 -         Initialize the STAC client
2025-08-18 19:37:42,951 - INFO - timeseries_processing.py:136 -         Loading 7 STAC Items....
2025-08-18 19:38:01,416 - INFO - timeseries_processing.py:158 -         Cube has been downloaded
2025-08-18 19:38:01,416 - INFO - timeseries_processing.py:167 -         Fix order of dimensions
2025-08-18 19:38:01,418 - INFO - timeseries_processing.py:172 -         Append bands to the band-list of EPSG:32634
2025-08-18 19:38:01,418 - INFO - timeseries_processing.py:128 -                        
2025-08-18 19:38:01,418 - INFO - timeseries_processing.py:129 -     Loading parameters:
2025-08-18 19:38:01,418 - INFO - timeseries_processing.py:130 -         Bands: ['B02', 'B03', 'B04']
2025-08-18 19:38:01,418 - INFO - timeseries_processing.py:131 -         Spatial resolution: 10
2025-08-18 19:38:01,418 - INFO - timeseries_processing.py:133 -         Get Assets from STAC Items
2025-08-18 19:38:01,419 - INFO - timeseries_processing.py:46 -         Initialize the STAC client
2025-08-18 19:38:01,901 - INFO - timeseries_processing.py:136 -         Loading 7 STAC Items....
2025-08-18 19:39:08,014 - INFO - timeseries_processing.py:158 -         Cube has been downloaded
2025-08-18 19:39:08,014 - INFO - timeseries_processing.py:161 -         Downsample 10m bands to 20m by average 2x2 binning
2025-08-18 19:39:17,711 - INFO - timeseries_processing.py:164 -         Warp (reproject) 2x2 binned bands to match shape of native 20m bands: method=bilinear
2025-08-18 19:39:26,773 - INFO - timeseries_processing.py:172 -         Append bands to the band-list of EPSG:32634
2025-08-18 19:39:26,773 - INFO - timeseries_processing.py:176 -                        
2025-08-18 19:39:26,773 - INFO - timeseries_processing.py:177 -     Merging bands in a single dataset
2025-08-18 19:39:26,773 - INFO - timeseries_processing.py:178 -     Ensure all partial datasets are at (x=20, y=-20) resolution
2025-08-18 19:39:26,773 - INFO - timeseries_processing.py:182 -     Clip to the intersection of indexes
2025-08-18 19:39:28,157 - INFO - timeseries_processing.py:191 -     Make a list of bands to merge
2025-08-18 19:39:28,159 - INFO - timeseries_processing.py:195 -     Merge on intersection
2025-08-18 19:39:28,160 - INFO - timeseries_processing.py:203 -     Apply masks on clouds, shadows, thin cirrus, and snow/ice
2025-08-18 19:39:28,160 - INFO - sentinel2.py:122 -                Masking bits: [3, 7, 8, 9, 10, 11]
2025-08-18 19:39:29,117 - INFO - timeseries_processing.py:209 -     Reproject to Tiling Schema projection EPSG:3035
2025-08-18 19:39:38,794 - INFO - composites.py:307 - Clip and align to tile geometry
2025-08-18 19:39:42,020 - INFO - composites.py:340 - Creating preview plot of input scenes
2025-08-18 19:40:16,152 - INFO - timeseries_processing.py:367 - Saved preview for 'B04' to //nas-rs.topo.auth.gr/Latomeia/DROUGHT/COMPOS/2020/11/x06_y10/S2L2A_medcomp_x06_y10_202011_InDataPreview.jpeg
2025-08-18 19:40:16,159 - INFO - composites.py:346 - Clip value range
2025-08-18 19:40:17,784 - INFO - composites.py:351 -                           
2025-08-18 19:40:17,784 - INFO - composites.py:352 - Computing spectral indices:
2025-08-18 19:40:17,784 - INFO - composites.py:355 -     EVI...
2025-08-18 19:40:18,752 - INFO - composites.py:357 -     NDVI...
2025-08-18 19:40:18,962 - INFO - composites.py:359 -     PSRI2...
2025-08-18 19:40:19,342 - INFO - composites.py:362 - Clip to typical value range
2025-08-18 19:40:19,668 - INFO - composites.py:369 - Reducing to median value temporal composite
2025-08-18 19:40:44,980 - INFO - composites.py:388 - Define data types and nodata per band
2025-08-18 19:40:45,174 - INFO - composites.py:409 - Assign time range and tile ID in metadata
2025-08-18 19:40:45,174 - INFO - composites.py:417 - Write bands to raster COG files
2025-08-18 19:40:49,897 - INFO - composites.py:430 - Write B02 -> //nas-rs.topo.auth.gr/Latomeia/DROUGHT/COMPOS/2020/11/x06_y10/S2L2A_medcomp_x06_y10_202011_B02.tif
2025-08-18 19:40:54,517 - INFO - composites.py:430 - Write B03 -> //nas-rs.topo.auth.gr/Latomeia/DROUGHT/COMPOS/2020/11/x06_y10/S2L2A_medcomp_x06_y10_202011_B03.tif
2025-08-18 19:40:59,437 - INFO - composites.py:430 - Write B04 -> //nas-rs.topo.auth.gr/Latomeia/DROUGHT/COMPOS/2020/11/x06_y10/S2L2A_medcomp_x06_y10_202011_B04.tif
2025-08-18 19:41:04,321 - INFO - composites.py:430 - Write B05 -> //nas-rs.topo.auth.gr/Latomeia/DROUGHT/COMPOS/2020/11/x06_y10/S2L2A_medcomp_x06_y10_202011_B05.tif
2025-08-18 19:41:08,984 - INFO - composites.py:430 - Write B07 -> //nas-rs.topo.auth.gr/Latomeia/DROUGHT/COMPOS/2020/11/x06_y10/S2L2A_medcomp_x06_y10_202011_B07.tif
2025-08-18 19:41:13,682 - INFO - composites.py:430 - Write B8A -> //nas-rs.topo.auth.gr/Latomeia/DROUGHT/COMPOS/2020/11/x06_y10/S2L2A_medcomp_x06_y10_202011_B8A.tif
2025-08-18 19:41:18,568 - INFO - composites.py:430 - Write EVI -> //nas-rs.topo.auth.gr/Latomeia/DROUGHT/COMPOS/2020/11/x06_y10/S2L2A_medcomp_x06_y10_202011_evi.tif
2025-08-18 19:41:23,025 - INFO - composites.py:430 - Write NDVI -> //nas-rs.topo.auth.gr/Latomeia/DROUGHT/COMPOS/2020/11/x06_y10/S2L2A_medcomp_x06_y10_202011_ndvi.tif
2025-08-18 19:41:27,790 - INFO - composites.py:430 - Write PSRI2 -> //nas-rs.topo.auth.gr/Latomeia/DROUGHT/COMPOS/2020/11/x06_y10/S2L2A_medcomp_x06_y10_202011_psri2.tif
2025-08-18 19:41:27,795 - INFO - composites.py:434 - Prepare metadata YAML document
2025-08-18 19:41:28,546 - INFO - composites.py:455 - Write metadata YAML document to disk
2025-08-18 19:41:28,598 - INFO - composites.py:460 - Create datacube.model.Dataset from eo3 metadata
2025-08-18 19:41:28,609 - INFO - composites.py:471 - Index to datacube
2025-08-18 19:41:28,609 - INFO - _datasets.py:191 - Indexing fa08960b-3a65-48d2-9d1d-30b297e8e269
2025-08-18 19:41:28,620 - INFO - composites.py:474 - 
2025-08-18 19:41:28,620 - INFO - composites.py:475 -              ✔✔✔ COMPLETED: Tile x06_y10 | Time: 2020-11 | In 4.46 minutes
2025-08-18 19:41:28,620 - INFO - composites.py:476 - 
2025-08-18 19:41:28,620 - INFO - composites.py:484 - Closing Dask client
2025-08-18 19:41:28,621 - INFO - composites.py:488 - Closing Dask cluster
2025-08-18 19:41:28,621 - INFO - composites.py:489 - #######################################################################
