2025-08-29 07:32:52,754 - INFO - composites.py:102 - #######################################################################
2025-08-29 07:32:52,754 - INFO - composites.py:104 - Processing started
2025-08-29 07:32:52,754 - INFO - composites.py:105 -         Tile: x10_y07
2025-08-29 07:32:52,754 - INFO - composites.py:106 -         Time: 2021-09
2025-08-29 07:32:52,754 - INFO - composites.py:109 -                           
2025-08-29 07:32:52,754 - INFO - composites.py:110 - Establishing connection to datacube
2025-08-29 07:32:53,262 - INFO - composites.py:113 -                           
2025-08-29 07:32:53,262 - INFO - composites.py:114 - Sanity test: Check if dataset already exists in the datacube
2025-08-29 07:32:53,280 - INFO - composites.py:133 - The composite requested was not found and it will be computed
2025-08-29 07:32:53,280 - INFO - composites.py:136 -                                  
2025-08-29 07:32:53,280 - INFO - composites.py:137 - Initializing Dask cluster for parallelization
2025-08-29 07:32:58,364 - INFO - composites.py:161 - Dask dashboard is available at: http://127.0.0.1:8787/status
2025-08-29 07:32:58,364 - INFO - composites.py:164 - Create directories and naming conversions
2025-08-29 07:32:58,376 - INFO - composites.py:177 - Dataset location: //nas-rs.topo.auth.gr/Latomeia/DROUGHT/composites/x10/y07/2021/09/01
2025-08-29 07:32:58,376 - INFO - composites.py:180 -                           
2025-08-29 07:32:58,376 - INFO - composites.py:181 - Retrieve tile geometry
2025-08-29 07:32:58,403 - INFO - composites.py:192 - Create the Bounding Box (φ,λ)
2025-08-29 07:32:58,404 - INFO - composites.py:198 - Create the Bounding Box (x,y)
2025-08-29 07:32:58,404 - INFO - composites.py:211 -                           
2025-08-29 07:32:58,404 - INFO - composites.py:212 - Connect to Planetary Computer STAC Catalog
2025-08-29 07:32:58,646 - INFO - composites.py:220 - Search the STAC Catalog
2025-08-29 07:32:58,715 - INFO - composites.py:232 -         Query parameters:
2025-08-29 07:32:58,715 - INFO - composites.py:233 -             url:          https://planetarycomputer.microsoft.com/api/stac/v1/search
2025-08-29 07:32:58,731 - INFO - composites.py:234 -             client:       microsoft-pc
2025-08-29 07:32:58,731 - INFO - composites.py:235 -             collection:   sentinel-2-l2a
2025-08-29 07:32:58,731 - INFO - composites.py:236 -             bbox:         (22.240528254350007, 36.43261500541467, 22.895662885042924, 36.983478733191035)
2025-08-29 07:32:58,731 - INFO - composites.py:237 -             time range:   2021-09-01T00:00:00Z/2021-09-30T23:59:59Z
2025-08-29 07:32:58,731 - INFO - composites.py:238 -             cloud cover:  0% - 70%
2025-08-29 07:32:58,731 - INFO - composites.py:239 -             nodata cover: 0% - 33%
2025-08-29 07:32:58,731 - INFO - composites.py:241 -                           
2025-08-29 07:32:58,731 - INFO - composites.py:242 - Searching...
2025-08-29 07:32:59,222 - INFO - composites.py:245 - Query found 23 items
2025-08-29 07:32:59,222 - INFO - composites.py:247 - Searching for GRI REFINED scenes:
2025-08-29 07:33:05,155 - INFO - sentinel2.py:78 - 1/23 - S2B_MSIL2A_20210930T092029_R093_T34SFG_20211001T213712 -> REFINED
2025-08-29 07:33:10,231 - INFO - sentinel2.py:78 - 2/23 - S2B_MSIL2A_20210930T092029_R093_T34SFF_20211001T222303 -> REFINED
2025-08-29 07:33:15,177 - INFO - sentinel2.py:78 - 3/23 - S2B_MSIL2A_20210927T090659_R050_T34SFG_20210929T040927 -> REFINED
2025-08-29 07:33:20,624 - INFO - sentinel2.py:78 - 4/23 - S2B_MSIL2A_20210927T090659_R050_T34SFF_20210929T044700 -> REFINED
2025-08-29 07:33:26,378 - INFO - sentinel2.py:78 - 5/23 - S2A_MSIL2A_20210925T092031_R093_T34SFG_20210926T115536 -> REFINED
2025-08-29 07:33:32,400 - INFO - sentinel2.py:78 - 6/23 - S2A_MSIL2A_20210925T092031_R093_T34SFF_20210926T104215 -> REFINED
2025-08-29 07:33:38,350 - INFO - sentinel2.py:78 - 7/23 - S2A_MSIL2A_20210922T090701_R050_T34SFG_20210923T003718 -> REFINED
2025-08-29 07:33:44,460 - INFO - sentinel2.py:78 - 8/23 - S2A_MSIL2A_20210922T090701_R050_T34SFF_20210922T231257 -> REFINED
2025-08-29 07:33:49,881 - INFO - sentinel2.py:78 - 9/23 - S2B_MSIL2A_20210920T092029_R093_T34SFG_20210920T213714 -> REFINED
2025-08-29 07:33:55,263 - INFO - sentinel2.py:78 - 10/23 - S2B_MSIL2A_20210920T092029_R093_T34SFF_20210920T230530 -> REFINED
2025-08-29 07:34:01,171 - INFO - sentinel2.py:78 - 11/23 - S2B_MSIL2A_20210917T090619_R050_T34SFG_20210917T212337 -> REFINED
2025-08-29 07:34:07,085 - INFO - sentinel2.py:78 - 12/23 - S2B_MSIL2A_20210917T090619_R050_T34SFF_20210917T212214 -> REFINED
2025-08-29 07:34:13,253 - INFO - sentinel2.py:78 - 13/23 - S2A_MSIL2A_20210915T092031_R093_T34SFG_20210915T220055 -> REFINED
2025-08-29 07:34:18,418 - INFO - sentinel2.py:78 - 14/23 - S2A_MSIL2A_20210915T092031_R093_T34SFF_20210915T212942 -> REFINED
2025-08-29 07:34:24,185 - INFO - sentinel2.py:78 - 15/23 - S2A_MSIL2A_20210912T090601_R050_T34SFF_20210912T164613 -> REFINED
2025-08-29 07:34:30,024 - INFO - sentinel2.py:78 - 16/23 - S2B_MSIL2A_20210910T092029_R093_T34SFG_20210910T204031 -> REFINED
2025-08-29 07:34:35,750 - INFO - sentinel2.py:78 - 17/23 - S2B_MSIL2A_20210910T092029_R093_T34SFF_20210910T205327 -> REFINED
2025-08-29 07:34:41,382 - INFO - sentinel2.py:78 - 18/23 - S2B_MSIL2A_20210907T090549_R050_T34SFG_20210907T220318 -> REFINED
2025-08-29 07:34:46,603 - INFO - sentinel2.py:78 - 19/23 - S2B_MSIL2A_20210907T090549_R050_T34SFF_20210907T211906 -> REFINED
2025-08-29 07:34:51,774 - INFO - sentinel2.py:78 - 20/23 - S2A_MSIL2A_20210905T092031_R093_T34SFG_20210905T171203 -> REFINED
2025-08-29 07:34:57,544 - INFO - sentinel2.py:78 - 21/23 - S2A_MSIL2A_20210905T092031_R093_T34SFF_20210905T180240 -> REFINED
2025-08-29 07:35:03,269 - INFO - sentinel2.py:78 - 22/23 - S2A_MSIL2A_20210902T090601_R050_T34SFG_20210902T205024 -> REFINED
2025-08-29 07:35:09,071 - INFO - sentinel2.py:78 - 23/23 - S2A_MSIL2A_20210902T090601_R050_T34SFF_20210902T214114 -> REFINED
2025-08-29 07:35:09,109 - INFO - composites.py:250 -                                  
2025-08-29 07:35:09,109 - INFO - composites.py:251 - 23/23 were refined by GRI.
2025-08-29 07:35:09,109 - INFO - composites.py:263 - Looking for up to 10 cleanest images within spatiotemporal range of each MGRS tile
2025-08-29 07:35:09,110 - INFO - composites.py:277 - Filtered cleanest scenes: Kept 20 out of 23 items. 
2025-08-29 07:35:09,110 - INFO - composites.py:278 -         Included MGRS Tiles: ['34SFF' '34SFG']
2025-08-29 07:35:09,110 - INFO - composites.py:279 -         Included EPSG codes: [32634]
2025-08-29 07:35:09,110 - INFO - composites.py:281 - Selected scenes:
2025-08-29 07:35:09,111 - INFO - composites.py:283 -         S2B_MSIL2A_20210917T090619_R050_T34SFF_20210917T212214
2025-08-29 07:35:09,111 - INFO - composites.py:283 -         S2B_MSIL2A_20210927T090659_R050_T34SFF_20210929T044700
2025-08-29 07:35:09,111 - INFO - composites.py:283 -         S2A_MSIL2A_20210925T092031_R093_T34SFF_20210926T104215
2025-08-29 07:35:09,111 - INFO - composites.py:283 -         S2B_MSIL2A_20210907T090549_R050_T34SFF_20210907T211906
2025-08-29 07:35:09,111 - INFO - composites.py:283 -         S2A_MSIL2A_20210915T092031_R093_T34SFF_20210915T212942
2025-08-29 07:35:09,111 - INFO - composites.py:283 -         S2B_MSIL2A_20210920T092029_R093_T34SFF_20210920T230530
2025-08-29 07:35:09,111 - INFO - composites.py:283 -         S2A_MSIL2A_20210922T090701_R050_T34SFF_20210922T231257
2025-08-29 07:35:09,111 - INFO - composites.py:283 -         S2A_MSIL2A_20210902T090601_R050_T34SFF_20210902T214114
2025-08-29 07:35:09,111 - INFO - composites.py:283 -         S2B_MSIL2A_20210910T092029_R093_T34SFF_20210910T205327
2025-08-29 07:35:09,111 - INFO - composites.py:283 -         S2A_MSIL2A_20210912T090601_R050_T34SFF_20210912T164613
2025-08-29 07:35:09,111 - INFO - composites.py:283 -         S2B_MSIL2A_20210920T092029_R093_T34SFG_20210920T213714
2025-08-29 07:35:09,111 - INFO - composites.py:283 -         S2A_MSIL2A_20210925T092031_R093_T34SFG_20210926T115536
2025-08-29 07:35:09,111 - INFO - composites.py:283 -         S2B_MSIL2A_20210917T090619_R050_T34SFG_20210917T212337
2025-08-29 07:35:09,111 - INFO - composites.py:283 -         S2B_MSIL2A_20210927T090659_R050_T34SFG_20210929T040927
2025-08-29 07:35:09,112 - INFO - composites.py:283 -         S2A_MSIL2A_20210915T092031_R093_T34SFG_20210915T220055
2025-08-29 07:35:09,112 - INFO - composites.py:283 -         S2B_MSIL2A_20210907T090549_R050_T34SFG_20210907T220318
2025-08-29 07:35:09,112 - INFO - composites.py:283 -         S2A_MSIL2A_20210922T090701_R050_T34SFG_20210923T003718
2025-08-29 07:35:09,112 - INFO - composites.py:283 -         S2A_MSIL2A_20210902T090601_R050_T34SFG_20210902T205024
2025-08-29 07:35:09,112 - INFO - composites.py:283 -         S2B_MSIL2A_20210910T092029_R093_T34SFG_20210910T204031
2025-08-29 07:35:09,112 - INFO - composites.py:283 -         S2B_MSIL2A_20210930T092029_R093_T34SFG_20211001T213712
2025-08-29 07:35:09,491 - INFO - sentinel2.py:154 - Matplotlib backend: Agg
2025-08-29 07:35:09,800 - INFO - sentinel2.py:224 - Write input scenes footprint overlay: //nas-rs.topo.auth.gr/Latomeia/DROUGHT/composites/x10/y07/2021/09/01/S2L2A_medcomp_x10y07_202109_InDataFootprint.jpeg
2025-08-29 07:35:10,081 - INFO - composites.py:297 -                                  
2025-08-29 07:35:10,081 - INFO - composites.py:298 - Downstream STAC items from Planetary Computer
2025-08-29 07:35:10,082 - INFO - timeseries_processing.py:115 -                                  
2025-08-29 07:35:10,082 - INFO - timeseries_processing.py:116 - Loading bands of diferent resolutions in EPSG:32634
2025-08-29 07:35:10,082 - INFO - timeseries_processing.py:120 -     Filtering items with native UTM EPSG:32634
2025-08-29 07:35:10,082 - INFO - timeseries_processing.py:122 -     20 Items in EPSG:32634
2025-08-29 07:35:10,082 - INFO - timeseries_processing.py:129 -                        
2025-08-29 07:35:10,082 - INFO - timeseries_processing.py:130 -     Loading parameters:
2025-08-29 07:35:10,082 - INFO - timeseries_processing.py:131 -         Bands: ['B05', 'B07', 'B8A', 'SCL']
2025-08-29 07:35:10,082 - INFO - timeseries_processing.py:132 -         Spatial resolution: 20
2025-08-29 07:35:10,082 - INFO - timeseries_processing.py:134 -         Get Assets from STAC Items
2025-08-29 07:35:10,082 - INFO - timeseries_processing.py:47 -         Initialize the STAC client
2025-08-29 07:35:10,617 - INFO - timeseries_processing.py:137 -         Loading 20 STAC Items....
2025-08-29 07:36:36,073 - INFO - timeseries_processing.py:146 -         Cube has been downloaded
2025-08-29 07:36:36,073 - INFO - timeseries_processing.py:156 -         Fix order of dimensions
2025-08-29 07:36:36,074 - INFO - timeseries_processing.py:161 -         Append bands to the band-list of EPSG:32634
2025-08-29 07:36:36,074 - INFO - timeseries_processing.py:129 -                        
2025-08-29 07:36:36,076 - INFO - timeseries_processing.py:130 -     Loading parameters:
2025-08-29 07:36:36,076 - INFO - timeseries_processing.py:131 -         Bands: ['B02', 'B03', 'B04']
2025-08-29 07:36:36,076 - INFO - timeseries_processing.py:132 -         Spatial resolution: 10
2025-08-29 07:36:36,076 - INFO - timeseries_processing.py:134 -         Get Assets from STAC Items
2025-08-29 07:36:36,076 - INFO - timeseries_processing.py:47 -         Initialize the STAC client
2025-08-29 07:36:36,629 - INFO - timeseries_processing.py:137 -         Loading 20 STAC Items....
2025-08-29 07:39:12,205 - INFO - timeseries_processing.py:146 -         Cube has been downloaded
2025-08-29 07:39:12,205 - INFO - timeseries_processing.py:149 -         Reproject to downsample 10m bands to 20m by Resampling.average 2x2 binning and shape matching with odc.geo.GeoBox
2025-08-29 07:39:28,624 - INFO - timeseries_processing.py:161 -         Append bands to the band-list of EPSG:32634
2025-08-29 07:39:28,624 - INFO - timeseries_processing.py:165 -                        
2025-08-29 07:39:28,624 - INFO - timeseries_processing.py:166 -     Merging bands in a single dataset
2025-08-29 07:39:28,624 - INFO - timeseries_processing.py:167 -     Ensure all partial datasets are at (x=20, y=-20) resolution
2025-08-29 07:39:28,626 - INFO - timeseries_processing.py:171 -     Clip to the intersection of indexes
2025-08-29 07:39:29,635 - INFO - timeseries_processing.py:180 -     Make a list of bands to merge
2025-08-29 07:39:29,636 - INFO - timeseries_processing.py:184 -     Merge on intersection
2025-08-29 07:39:29,637 - INFO - timeseries_processing.py:192 -     Apply masks on clouds, shadows, thin cirrus, and snow/ice
2025-08-29 07:39:29,637 - INFO - sentinel2.py:122 -                Masking bits: [3, 7, 8, 9, 10, 11]
2025-08-29 07:39:31,014 - INFO - composites.py:307 - Reproject from UTM Zone to Tile geometry -> CRS(EPSG:32634), Resampling.bilinear
2025-08-29 07:39:39,574 - INFO - composites.py:310 -     New shape of datasets: Shape2d(x=2400, y=2400)
2025-08-29 07:39:40,390 - INFO - composites.py:342 - Creating preview plot of input scenes
2025-08-29 07:40:15,570 - INFO - timeseries_processing.py:349 - Saved preview for 'B04' to //nas-rs.topo.auth.gr/Latomeia/DROUGHT/composites/x10/y07/2021/09/01/S2L2A_medcomp_x10y07_202109_InDataPreview.jpeg
2025-08-29 07:40:15,580 - INFO - composites.py:348 - Clip value range
2025-08-29 07:40:17,864 - INFO - composites.py:353 -                           
2025-08-29 07:40:17,864 - INFO - composites.py:354 - Computing spectral indices:
2025-08-29 07:40:17,864 - INFO - composites.py:357 -     EVI...
2025-08-29 07:40:19,261 - INFO - composites.py:359 -     NDVI...
2025-08-29 07:40:19,760 - INFO - composites.py:361 -     PSRI2...
2025-08-29 07:40:20,060 - INFO - composites.py:364 - Clip to typical value range
2025-08-29 07:40:20,461 - INFO - composites.py:371 - Reducing to median value temporal composite
2025-08-29 07:40:50,132 - INFO - composites.py:390 - Scale and Define data types & nodata per band
2025-08-29 07:40:50,291 - INFO - composites.py:411 - Assign time range and tile ID in metadata
2025-08-29 07:40:50,292 - INFO - composites.py:419 - Write bands to raster COG files
2025-08-29 07:40:54,159 - INFO - composites.py:432 - Write B02 -> //nas-rs.topo.auth.gr/Latomeia/DROUGHT/composites/x10/y07/2021/09/01/S2L2A_medcomp_x10y07_202109_B02.tif
2025-08-29 07:40:58,004 - INFO - composites.py:432 - Write B03 -> //nas-rs.topo.auth.gr/Latomeia/DROUGHT/composites/x10/y07/2021/09/01/S2L2A_medcomp_x10y07_202109_B03.tif
2025-08-29 07:41:02,027 - INFO - composites.py:432 - Write B04 -> //nas-rs.topo.auth.gr/Latomeia/DROUGHT/composites/x10/y07/2021/09/01/S2L2A_medcomp_x10y07_202109_B04.tif
2025-08-29 07:41:05,972 - INFO - composites.py:432 - Write B05 -> //nas-rs.topo.auth.gr/Latomeia/DROUGHT/composites/x10/y07/2021/09/01/S2L2A_medcomp_x10y07_202109_B05.tif
2025-08-29 07:41:09,857 - INFO - composites.py:432 - Write B07 -> //nas-rs.topo.auth.gr/Latomeia/DROUGHT/composites/x10/y07/2021/09/01/S2L2A_medcomp_x10y07_202109_B07.tif
2025-08-29 07:41:13,866 - INFO - composites.py:432 - Write B8A -> //nas-rs.topo.auth.gr/Latomeia/DROUGHT/composites/x10/y07/2021/09/01/S2L2A_medcomp_x10y07_202109_B8A.tif
2025-08-29 07:41:17,697 - INFO - composites.py:432 - Write EVI -> //nas-rs.topo.auth.gr/Latomeia/DROUGHT/composites/x10/y07/2021/09/01/S2L2A_medcomp_x10y07_202109_EVI.tif
2025-08-29 07:41:21,617 - INFO - composites.py:432 - Write NDVI -> //nas-rs.topo.auth.gr/Latomeia/DROUGHT/composites/x10/y07/2021/09/01/S2L2A_medcomp_x10y07_202109_NDVI.tif
2025-08-29 07:41:25,495 - INFO - composites.py:432 - Write PSRI2 -> //nas-rs.topo.auth.gr/Latomeia/DROUGHT/composites/x10/y07/2021/09/01/S2L2A_medcomp_x10y07_202109_PSRI2.tif
2025-08-29 07:41:25,510 - INFO - composites.py:436 - Prepare metadata YAML document
2025-08-29 07:41:26,027 - INFO - composites.py:458 - Write metadata YAML document to disk
2025-08-29 07:41:26,053 - INFO - composites.py:463 - Create datacube.model.Dataset from eo3 metadata
2025-08-29 07:41:26,063 - INFO - composites.py:476 - Index to datacube
2025-08-29 07:41:26,064 - INFO - _datasets.py:191 - Indexing 88c479c4-fa7e-4ac7-b5e3-039d6287c008
2025-08-29 07:41:26,074 - INFO - composites.py:479 - 
2025-08-29 07:41:26,074 - INFO - composites.py:480 -              ✔✔✔ COMPLETED: Tile x10_y07 | Time: 2021-09 | In 8.56 minutes
2025-08-29 07:41:26,074 - INFO - composites.py:481 - 
2025-08-29 07:41:26,074 - INFO - composites.py:489 - Closing Dask client
2025-08-29 07:41:26,075 - INFO - composites.py:493 - Closing Dask cluster
2025-08-29 07:41:26,076 - INFO - composites.py:494 - #######################################################################
