2025-08-18 01:20:38,950 - INFO - composites.py:104 - #######################################################################
2025-08-18 01:20:38,950 - INFO - composites.py:106 - Processing started
2025-08-18 01:20:38,950 - INFO - composites.py:107 -         Tile: x10_y08
2025-08-18 01:20:38,950 - INFO - composites.py:108 -         Time: 2020-05
2025-08-18 01:20:38,950 - INFO - composites.py:111 -                           
2025-08-18 01:20:38,950 - INFO - composites.py:112 - Establishing connection to datacube
2025-08-18 01:20:39,651 - INFO - composites.py:115 -                           
2025-08-18 01:20:39,652 - INFO - composites.py:116 - Sanity test: Check if dataset already exists in the datacube
2025-08-18 01:20:39,669 - INFO - composites.py:134 - The composite requested will be computed
2025-08-18 01:20:39,669 - INFO - composites.py:137 -                                  
2025-08-18 01:20:39,669 - INFO - composites.py:138 - Initializing Dask cluster for parallelization
2025-08-18 01:20:45,764 - INFO - composites.py:170 - Dask dashboard is available at: http://127.0.0.1:8787/status
2025-08-18 01:20:45,764 - INFO - composites.py:173 - Create directories and naming conversions
2025-08-18 01:20:45,771 - INFO - composites.py:184 - Dataset location: //nas-rs.topo.auth.gr/Latomeia/DROUGHT/COMPOS/2020/05/x10_y08
2025-08-18 01:20:45,771 - INFO - composites.py:187 -                           
2025-08-18 01:20:45,771 - INFO - composites.py:188 - Retrieve tile geometry
2025-08-18 01:20:45,817 - INFO - composites.py:199 - Create the Bounding Box (φ,λ)
2025-08-18 01:20:45,817 - INFO - composites.py:205 - Create the Bounding Box (x,y)
2025-08-18 01:20:45,817 - INFO - composites.py:218 -                           
2025-08-18 01:20:45,817 - INFO - composites.py:219 - Connect to Planetary Computer STAC Catalog
2025-08-18 01:20:46,024 - INFO - composites.py:227 - Search the STAC Catalog
2025-08-18 01:20:46,092 - INFO - composites.py:239 -         Query parameters:
2025-08-18 01:20:46,092 - INFO - composites.py:240 -             url:          https://planetarycomputer.microsoft.com/api/stac/v1/search
2025-08-18 01:20:46,093 - INFO - composites.py:241 -             client:       microsoft-pc
2025-08-18 01:20:46,093 - INFO - composites.py:242 -             collection:   sentinel-2-l2a
2025-08-18 01:20:46,093 - INFO - composites.py:243 -             bbox:         (22.316269659639246, 36.86215879883374, 22.97588966675175, 37.41318389002327)
2025-08-18 01:20:46,093 - INFO - composites.py:244 -             time range:   2020-05-01T00:00:00Z/2020-05-31T23:59:59Z
2025-08-18 01:20:46,093 - INFO - composites.py:245 -             cloud cover:  0% - 70%
2025-08-18 01:20:46,093 - INFO - composites.py:246 -             nodata cover: 0% - 33%
2025-08-18 01:20:46,093 - INFO - composites.py:248 -                           
2025-08-18 01:20:46,093 - INFO - composites.py:249 - Searching...
2025-08-18 01:20:46,532 - INFO - composites.py:252 - Query found 21 items
2025-08-18 01:20:46,532 - INFO - composites.py:254 - Searching for GRI REFINED scenes:
2025-08-18 01:20:50,927 - INFO - sentinel2.py:63 - 1/21 - S2A_MSIL2A_20200530T090601_R050_T34SFG_20200911T120336 -> Not Found
2025-08-18 01:20:55,241 - INFO - sentinel2.py:63 - 2/21 - S2A_MSIL2A_20200530T090601_R050_T34SFF_20200911T120341 -> Not Found
2025-08-18 01:20:59,624 - INFO - sentinel2.py:63 - 3/21 - S2B_MSIL2A_20200528T092029_R093_T34SFG_20200911T074408 -> Not Found
2025-08-18 01:21:04,975 - INFO - sentinel2.py:63 - 4/21 - S2B_MSIL2A_20200528T092029_R093_T34SFF_20200911T074407 -> Not Found
2025-08-18 01:21:10,182 - INFO - sentinel2.py:63 - 5/21 - S2B_MSIL2A_20200525T090559_R050_T34SFG_20200910T231842 -> Not Found
2025-08-18 01:21:16,074 - INFO - sentinel2.py:63 - 6/21 - S2B_MSIL2A_20200525T090559_R050_T34SFF_20200910T231836 -> Not Found
2025-08-18 01:21:20,450 - INFO - sentinel2.py:63 - 7/21 - S2A_MSIL2A_20200523T092031_R093_T34SFG_20200910T161220 -> Not Found
2025-08-18 01:21:24,982 - INFO - sentinel2.py:63 - 8/21 - S2A_MSIL2A_20200523T092031_R093_T34SFF_20200910T161142 -> Not Found
2025-08-18 01:21:30,698 - INFO - sentinel2.py:63 - 9/21 - S2A_MSIL2A_20200520T090601_R050_T34SFG_20200910T074202 -> Not Found
2025-08-18 01:21:35,777 - INFO - sentinel2.py:63 - 10/21 - S2A_MSIL2A_20200520T090601_R050_T34SFF_20200910T074202 -> Not Found
2025-08-18 01:21:40,460 - INFO - sentinel2.py:63 - 11/21 - S2B_MSIL2A_20200518T092029_R093_T34SFG_20200910T033457 -> Not Found
2025-08-18 01:21:44,769 - INFO - sentinel2.py:63 - 12/21 - S2B_MSIL2A_20200518T092029_R093_T34SFF_20200910T033452 -> Not Found
2025-08-18 01:21:49,228 - INFO - sentinel2.py:63 - 13/21 - S2B_MSIL2A_20200515T090559_R050_T34SFG_20200918T082413 -> Not Found
2025-08-18 01:21:53,762 - INFO - sentinel2.py:63 - 14/21 - S2B_MSIL2A_20200515T090559_R050_T34SFF_20200918T082413 -> Not Found
2025-08-18 01:21:58,073 - INFO - sentinel2.py:63 - 15/21 - S2A_MSIL2A_20200513T092031_R093_T34SFG_20200918T002820 -> Not Found
2025-08-18 01:22:03,179 - INFO - sentinel2.py:63 - 16/21 - S2A_MSIL2A_20200513T092031_R093_T34SFF_20200918T002812 -> Not Found
2025-08-18 01:22:08,605 - INFO - sentinel2.py:63 - 17/21 - S2B_MSIL2A_20200508T092029_R093_T34SFG_20200921T013442 -> Not Found
2025-08-18 01:22:13,629 - INFO - sentinel2.py:63 - 18/21 - S2B_MSIL2A_20200508T092029_R093_T34SFF_20200921T013437 -> Not Found
2025-08-18 01:22:18,212 - INFO - sentinel2.py:63 - 19/21 - S2B_MSIL2A_20200505T090549_R050_T34SFG_20200920T154652 -> Not Found
2025-08-18 01:22:23,243 - INFO - sentinel2.py:63 - 20/21 - S2B_MSIL2A_20200505T090549_R050_T34SFF_20200920T154647 -> Not Found
2025-08-18 01:22:28,219 - INFO - sentinel2.py:63 - 21/21 - S2A_MSIL2A_20200503T092031_R093_T34SFG_20200920T073233 -> Not Found
2025-08-18 01:22:28,282 - INFO - composites.py:257 -                                  
2025-08-18 01:22:28,283 - INFO - composites.py:258 - 0/21 were refined by GRI.
2025-08-18 01:22:28,283 - WARNING - composites.py:262 - Tile x10_y08 | Time: 2020-05: All scenes are flagged NOT REFINED.
2025-08-18 01:22:28,283 - WARNING - composites.py:263 - Tile x10_y08 | Time: 2020-05: The composite will be flagged with _NOREFINED.
2025-08-18 01:22:28,283 - INFO - composites.py:270 - Looking for up to 10 cleanest images within spatiotemporal range of each MGRS tile
2025-08-18 01:22:28,285 - INFO - composites.py:284 - Filtered cleanest scenes: Kept 20 out of 21 items. 
2025-08-18 01:22:28,285 - INFO - composites.py:285 -         Included MGRS Tiles: ['34SFF' '34SFG']
2025-08-18 01:22:28,285 - INFO - composites.py:286 -         Included EPSG codes: [32634]
2025-08-18 01:22:28,285 - INFO - composites.py:288 - Selected scenes:
2025-08-18 01:22:28,302 - INFO - composites.py:290 -         S2B_MSIL2A_20200508T092029_R093_T34SFF_20200921T013437
2025-08-18 01:22:28,318 - INFO - composites.py:290 -         S2B_MSIL2A_20200505T090549_R050_T34SFF_20200920T154647
2025-08-18 01:22:28,329 - INFO - composites.py:290 -         S2B_MSIL2A_20200515T090559_R050_T34SFF_20200918T082413
2025-08-18 01:22:28,329 - INFO - composites.py:290 -         S2B_MSIL2A_20200525T090559_R050_T34SFF_20200910T231836
2025-08-18 01:22:28,329 - INFO - composites.py:290 -         S2A_MSIL2A_20200520T090601_R050_T34SFF_20200910T074202
2025-08-18 01:22:28,329 - INFO - composites.py:290 -         S2B_MSIL2A_20200518T092029_R093_T34SFF_20200910T033452
2025-08-18 01:22:28,335 - INFO - composites.py:290 -         S2A_MSIL2A_20200513T092031_R093_T34SFF_20200918T002812
2025-08-18 01:22:28,335 - INFO - composites.py:290 -         S2A_MSIL2A_20200530T090601_R050_T34SFF_20200911T120341
2025-08-18 01:22:28,336 - INFO - composites.py:290 -         S2A_MSIL2A_20200523T092031_R093_T34SFF_20200910T161142
2025-08-18 01:22:28,336 - INFO - composites.py:290 -         S2B_MSIL2A_20200528T092029_R093_T34SFF_20200911T074407
2025-08-18 01:22:28,336 - INFO - composites.py:290 -         S2B_MSIL2A_20200508T092029_R093_T34SFG_20200921T013442
2025-08-18 01:22:28,336 - INFO - composites.py:290 -         S2B_MSIL2A_20200505T090549_R050_T34SFG_20200920T154652
2025-08-18 01:22:28,336 - INFO - composites.py:290 -         S2B_MSIL2A_20200515T090559_R050_T34SFG_20200918T082413
2025-08-18 01:22:28,336 - INFO - composites.py:290 -         S2A_MSIL2A_20200513T092031_R093_T34SFG_20200918T002820
2025-08-18 01:22:28,336 - INFO - composites.py:290 -         S2B_MSIL2A_20200518T092029_R093_T34SFG_20200910T033457
2025-08-18 01:22:28,336 - INFO - composites.py:290 -         S2A_MSIL2A_20200520T090601_R050_T34SFG_20200910T074202
2025-08-18 01:22:28,336 - INFO - composites.py:290 -         S2A_MSIL2A_20200530T090601_R050_T34SFG_20200911T120336
2025-08-18 01:22:28,336 - INFO - composites.py:290 -         S2A_MSIL2A_20200523T092031_R093_T34SFG_20200910T161220
2025-08-18 01:22:28,336 - INFO - composites.py:290 -         S2B_MSIL2A_20200525T090559_R050_T34SFG_20200910T231842
2025-08-18 01:22:28,336 - INFO - composites.py:290 -         S2B_MSIL2A_20200528T092029_R093_T34SFG_20200911T074408
2025-08-18 01:22:28,925 - INFO - sentinel2.py:139 - Matplotlib backend: Agg
2025-08-18 01:22:29,130 - INFO - sentinel2.py:209 - Write input scenes footprint overlay: //nas-rs.topo.auth.gr/Latomeia/DROUGHT/COMPOS/2020/05/x10_y08/S2L2A_medcomp_x10_y08_202005_InDataFootprint.jpeg
2025-08-18 01:22:29,465 - INFO - composites.py:304 -                                  
2025-08-18 01:22:29,465 - INFO - composites.py:305 - Downstream STAC items from Planetary Computer
2025-08-18 01:22:29,466 - INFO - timeseries_processing.py:99 -                                  
2025-08-18 01:22:29,466 - INFO - timeseries_processing.py:100 - Loading bands of diferent resolutions in EPSG:32634
2025-08-18 01:22:29,466 - INFO - timeseries_processing.py:104 -     Filtering items with native UTM EPSG:32634
2025-08-18 01:22:29,466 - INFO - timeseries_processing.py:106 -     20 Items in EPSG:32634
2025-08-18 01:22:29,466 - INFO - timeseries_processing.py:113 -                        
2025-08-18 01:22:29,466 - INFO - timeseries_processing.py:114 -     Loading parameters:
2025-08-18 01:22:29,466 - INFO - timeseries_processing.py:115 -         Bands: ['B05', 'B07', 'B8A', 'SCL']
2025-08-18 01:22:29,466 - INFO - timeseries_processing.py:116 -         Spatial resolution: 20
2025-08-18 01:22:29,466 - INFO - timeseries_processing.py:118 -         Get Assets from STAC Items
2025-08-18 01:22:29,466 - INFO - timeseries_processing.py:31 -         Initialize the STAC client
2025-08-18 01:22:30,039 - INFO - timeseries_processing.py:121 -         Loading 20 STAC Items....
2025-08-18 01:23:51,885 - INFO - timeseries_processing.py:143 -         Cube has been downloaded
2025-08-18 01:23:51,885 - INFO - timeseries_processing.py:152 -         Fix order of dimensions
2025-08-18 01:23:51,887 - INFO - timeseries_processing.py:157 -         Append bands to the band-list of EPSG:32634
2025-08-18 01:23:51,887 - INFO - timeseries_processing.py:113 -                        
2025-08-18 01:23:51,887 - INFO - timeseries_processing.py:114 -     Loading parameters:
2025-08-18 01:23:51,887 - INFO - timeseries_processing.py:115 -         Bands: ['B02', 'B03', 'B04']
2025-08-18 01:23:51,888 - INFO - timeseries_processing.py:116 -         Spatial resolution: 10
2025-08-18 01:23:51,888 - INFO - timeseries_processing.py:118 -         Get Assets from STAC Items
2025-08-18 01:23:51,888 - INFO - timeseries_processing.py:31 -         Initialize the STAC client
2025-08-18 01:23:52,471 - INFO - timeseries_processing.py:121 -         Loading 20 STAC Items....
2025-08-18 01:27:40,660 - INFO - timeseries_processing.py:143 -         Cube has been downloaded
2025-08-18 01:27:40,661 - INFO - timeseries_processing.py:146 -         Downsample 10m bands to 20m by average 2x2 binning
2025-08-18 01:27:55,020 - INFO - timeseries_processing.py:149 -         Warp (reproject) 2x2 binned bands like native 20m bands: method=bilinear
2025-08-18 01:28:07,762 - INFO - timeseries_processing.py:157 -         Append bands to the band-list of EPSG:32634
2025-08-18 01:28:07,762 - INFO - timeseries_processing.py:161 -                        
2025-08-18 01:28:07,762 - INFO - timeseries_processing.py:162 -     Merging bands in a single dataset
2025-08-18 01:28:07,762 - INFO - timeseries_processing.py:163 -     Ensure all partial datasets are at (x=20, y=-20) resolution
2025-08-18 01:28:07,763 - INFO - timeseries_processing.py:167 -     Clip to the intersection of indexes
2025-08-18 01:28:09,162 - INFO - timeseries_processing.py:176 -     Make a list of bands to merge
2025-08-18 01:28:09,164 - INFO - timeseries_processing.py:180 -     Merge on intersection
2025-08-18 01:28:09,165 - INFO - timeseries_processing.py:188 -     Apply masks on clouds, shadows, thin cirrus, and snow/ice
2025-08-18 01:28:09,165 - INFO - sentinel2.py:107 -                Masking bits: [3, 7, 8, 9, 10, 11]
2025-08-18 01:28:10,560 - INFO - timeseries_processing.py:194 -     Reproject to Tiling Schema projection EPSG:3035
2025-08-18 01:28:25,244 - INFO - composites.py:314 - Clip and align to tile geometry
2025-08-18 01:28:29,822 - INFO - composites.py:347 - Creating preview plot of input scenes
2025-08-18 01:29:12,826 - INFO - timeseries_processing.py:352 - Saved preview for 'B04' to //nas-rs.topo.auth.gr/Latomeia/DROUGHT/COMPOS/2020/05/x10_y08/S2L2A_medcomp_x10_y08_202005_InDataPreview.jpeg
2025-08-18 01:29:12,856 - INFO - composites.py:353 - Clip value range
2025-08-18 01:29:15,126 - INFO - composites.py:358 -                           
2025-08-18 01:29:15,126 - INFO - composites.py:359 - Computing spectral indices:
2025-08-18 01:29:15,126 - INFO - composites.py:362 -     EVI...
2025-08-18 01:29:16,503 - INFO - composites.py:364 -     NDVI...
2025-08-18 01:29:16,892 - INFO - composites.py:366 -     PSRI2...
2025-08-18 01:29:17,327 - INFO - composites.py:369 - Clip to typical value range
2025-08-18 01:29:17,901 - INFO - composites.py:376 - Reducing to median value temporal composite
2025-08-18 01:29:47,021 - INFO - composites.py:395 - Define data types and nodata per band
2025-08-18 01:29:47,192 - INFO - composites.py:416 - Assign time range and tile ID in metadata
2025-08-18 01:29:47,192 - INFO - composites.py:424 - Write bands to raster COG files
2025-08-18 01:29:51,933 - INFO - composites.py:437 - Write B02 -> //nas-rs.topo.auth.gr/Latomeia/DROUGHT/COMPOS/2020/05/x10_y08/S2L2A_medcomp_x10_y08_202005_B02.tif
2025-08-18 01:29:56,591 - INFO - composites.py:437 - Write B03 -> //nas-rs.topo.auth.gr/Latomeia/DROUGHT/COMPOS/2020/05/x10_y08/S2L2A_medcomp_x10_y08_202005_B03.tif
2025-08-18 01:30:01,371 - INFO - composites.py:437 - Write B04 -> //nas-rs.topo.auth.gr/Latomeia/DROUGHT/COMPOS/2020/05/x10_y08/S2L2A_medcomp_x10_y08_202005_B04.tif
2025-08-18 01:30:06,096 - INFO - composites.py:437 - Write B05 -> //nas-rs.topo.auth.gr/Latomeia/DROUGHT/COMPOS/2020/05/x10_y08/S2L2A_medcomp_x10_y08_202005_B05.tif
2025-08-18 01:30:10,835 - INFO - composites.py:437 - Write B07 -> //nas-rs.topo.auth.gr/Latomeia/DROUGHT/COMPOS/2020/05/x10_y08/S2L2A_medcomp_x10_y08_202005_B07.tif
2025-08-18 01:30:15,505 - INFO - composites.py:437 - Write B8A -> //nas-rs.topo.auth.gr/Latomeia/DROUGHT/COMPOS/2020/05/x10_y08/S2L2A_medcomp_x10_y08_202005_B8A.tif
2025-08-18 01:30:20,145 - INFO - composites.py:437 - Write EVI -> //nas-rs.topo.auth.gr/Latomeia/DROUGHT/COMPOS/2020/05/x10_y08/S2L2A_medcomp_x10_y08_202005_evi.tif
2025-08-18 01:30:24,980 - INFO - composites.py:437 - Write NDVI -> //nas-rs.topo.auth.gr/Latomeia/DROUGHT/COMPOS/2020/05/x10_y08/S2L2A_medcomp_x10_y08_202005_ndvi.tif
2025-08-18 01:30:29,993 - INFO - composites.py:437 - Write PSRI2 -> //nas-rs.topo.auth.gr/Latomeia/DROUGHT/COMPOS/2020/05/x10_y08/S2L2A_medcomp_x10_y08_202005_psri2.tif
2025-08-18 01:30:30,003 - INFO - composites.py:441 - Prepare metadata YAML document
2025-08-18 01:30:30,839 - INFO - composites.py:462 - Write metadata YAML document to disk
2025-08-18 01:30:30,908 - INFO - composites.py:467 - Create datacube.model.Dataset from eo3 metadata
2025-08-18 01:30:30,919 - INFO - composites.py:477 - Index to datacube
2025-08-18 01:30:30,919 - INFO - _datasets.py:191 - Indexing b49daf54-afa1-4a55-95f2-1dfd681bf179
2025-08-18 01:30:30,927 - INFO - composites.py:480 - 
2025-08-18 01:30:30,927 - INFO - composites.py:481 -              ✔✔✔ COMPLETED: Tile x10_y08 | Time: 2020-05 | In 9.87 minutes
2025-08-18 01:30:30,927 - INFO - composites.py:482 - 
2025-08-18 01:30:30,927 - INFO - composites.py:490 - Closing Dask client
2025-08-18 01:30:30,928 - INFO - composites.py:494 - Closing Dask cluster
