2025-08-18 12:05:44,211 - INFO - composites.py:104 - #######################################################################
2025-08-18 12:05:44,211 - INFO - composites.py:106 - Processing started
2025-08-18 12:05:44,212 - INFO - composites.py:107 -         Tile: x11_y12
2025-08-18 12:05:44,212 - INFO - composites.py:108 -         Time: 2020-08
2025-08-18 12:05:44,212 - INFO - composites.py:111 -                           
2025-08-18 12:05:44,212 - INFO - composites.py:112 - Establishing connection to datacube
2025-08-18 12:05:44,993 - INFO - composites.py:115 -                           
2025-08-18 12:05:44,993 - INFO - composites.py:116 - Sanity test: Check if dataset already exists in the datacube
2025-08-18 12:05:45,013 - INFO - composites.py:134 - The composite requested will be computed
2025-08-18 12:05:45,013 - INFO - composites.py:137 -                                  
2025-08-18 12:05:45,013 - INFO - composites.py:138 - Initializing Dask cluster for parallelization
2025-08-18 12:05:51,799 - INFO - composites.py:170 - Dask dashboard is available at: http://127.0.0.1:8787/status
2025-08-18 12:05:51,800 - INFO - composites.py:173 - Create directories and naming conversions
2025-08-18 12:05:51,805 - INFO - composites.py:184 - Dataset location: //nas-rs.topo.auth.gr/Latomeia/DROUGHT/COMPOS/2020/08/x11_y12
2025-08-18 12:05:51,805 - INFO - composites.py:187 -                           
2025-08-18 12:05:51,805 - INFO - composites.py:188 - Retrieve tile geometry
2025-08-18 12:05:51,851 - INFO - composites.py:199 - Create the Bounding Box (φ,λ)
2025-08-18 12:05:51,851 - INFO - composites.py:205 - Create the Bounding Box (x,y)
2025-08-18 12:05:51,852 - INFO - composites.py:218 -                           
2025-08-18 12:05:51,852 - INFO - composites.py:219 - Connect to Planetary Computer STAC Catalog
2025-08-18 12:05:52,075 - INFO - composites.py:227 - Search the STAC Catalog
2025-08-18 12:05:52,147 - INFO - composites.py:239 -         Query parameters:
2025-08-18 12:05:52,147 - INFO - composites.py:240 -             url:          https://planetarycomputer.microsoft.com/api/stac/v1/search
2025-08-18 12:05:52,147 - INFO - composites.py:241 -             client:       microsoft-pc
2025-08-18 12:05:52,147 - INFO - composites.py:242 -             collection:   sentinel-2-l2a
2025-08-18 12:05:52,147 - INFO - composites.py:243 -             bbox:         (23.175099953185697, 38.50017402535158, 23.855798034177884, 39.054471826094584)
2025-08-18 12:05:52,147 - INFO - composites.py:244 -             time range:   2020-08-01T00:00:00Z/2020-08-31T23:59:59Z
2025-08-18 12:05:52,147 - INFO - composites.py:245 -             cloud cover:  0% - 70%
2025-08-18 12:05:52,147 - INFO - composites.py:246 -             nodata cover: 0% - 33%
2025-08-18 12:05:52,147 - INFO - composites.py:248 -                           
2025-08-18 12:05:52,147 - INFO - composites.py:249 - Searching...
2025-08-18 12:05:52,749 - INFO - composites.py:252 - Query found 38 items
2025-08-18 12:05:52,749 - INFO - composites.py:254 - Searching for GRI REFINED scenes:
2025-08-18 12:06:01,410 - INFO - sentinel2.py:63 - 1/38 - S2A_MSIL2A_20200831T092031_R093_T34SFJ_20200919T033200 -> Not Found
2025-08-18 12:06:09,578 - INFO - sentinel2.py:63 - 2/38 - S2A_MSIL2A_20200831T092031_R093_T34SFH_20200907T201708 -> Not Found
2025-08-18 12:06:18,386 - INFO - sentinel2.py:63 - 3/38 - S2A_MSIL2A_20200828T090601_R050_T35SKD_20200907T123536 -> Not Found
2025-08-18 12:06:25,963 - INFO - sentinel2.py:63 - 4/38 - S2A_MSIL2A_20200828T090601_R050_T35SKC_20200907T123658 -> Not Found
2025-08-18 12:06:34,020 - INFO - sentinel2.py:63 - 5/38 - S2A_MSIL2A_20200828T090601_R050_T34SGJ_20200907T123614 -> Not Found
2025-08-18 12:06:41,295 - INFO - sentinel2.py:63 - 6/38 - S2A_MSIL2A_20200828T090601_R050_T34SGH_20200907T123656 -> Not Found
2025-08-18 12:06:48,508 - INFO - sentinel2.py:63 - 7/38 - S2B_MSIL2A_20200826T092029_R093_T34SFJ_20200827T215854 -> Not Found
2025-08-18 12:06:55,709 - INFO - sentinel2.py:63 - 8/38 - S2B_MSIL2A_20200826T092029_R093_T34SFH_20200919T033155 -> Not Found
2025-08-18 12:07:04,089 - INFO - sentinel2.py:63 - 9/38 - S2B_MSIL2A_20200823T090559_R050_T35SKD_20200826T121020 -> Not Found
2025-08-18 12:07:12,497 - INFO - sentinel2.py:63 - 10/38 - S2B_MSIL2A_20200823T090559_R050_T35SKC_20200909T153100 -> Not Found
2025-08-18 12:07:19,652 - INFO - sentinel2.py:63 - 11/38 - S2B_MSIL2A_20200823T090559_R050_T34SGJ_20200919T033156 -> Not Found
2025-08-18 12:07:26,945 - INFO - sentinel2.py:63 - 12/38 - S2B_MSIL2A_20200823T090559_R050_T34SGH_20200826T125333 -> Not Found
2025-08-18 12:07:35,109 - INFO - sentinel2.py:63 - 13/38 - S2A_MSIL2A_20200821T092031_R093_T34SFJ_20200822T221723 -> Not Found
2025-08-18 12:07:43,420 - INFO - sentinel2.py:63 - 14/38 - S2A_MSIL2A_20200821T092031_R093_T34SFH_20200908T173006 -> Not Found
2025-08-18 12:07:51,901 - INFO - sentinel2.py:63 - 15/38 - S2A_MSIL2A_20200818T090601_R050_T35SKD_20200822T133302 -> Not Found
2025-08-18 12:07:59,507 - INFO - sentinel2.py:63 - 16/38 - S2A_MSIL2A_20200818T090601_R050_T35SKC_20200822T133213 -> Not Found
2025-08-18 12:08:07,258 - INFO - sentinel2.py:63 - 17/38 - S2A_MSIL2A_20200818T090601_R050_T34SGJ_20200822T133049 -> Not Found
2025-08-18 12:08:15,190 - INFO - sentinel2.py:63 - 18/38 - S2A_MSIL2A_20200818T090601_R050_T34SGH_20200822T133323 -> Not Found
2025-08-18 12:08:23,652 - INFO - sentinel2.py:63 - 19/38 - S2B_MSIL2A_20200816T092029_R093_T34SFJ_20200818T141216 -> Not Found
2025-08-18 12:08:31,575 - INFO - sentinel2.py:63 - 20/38 - S2B_MSIL2A_20200816T092029_R093_T34SFH_20200908T173007 -> Not Found
2025-08-18 12:08:38,601 - INFO - sentinel2.py:63 - 21/38 - S2B_MSIL2A_20200813T090559_R050_T35SKD_20200815T001939 -> Not Found
2025-08-18 12:08:45,845 - INFO - sentinel2.py:63 - 22/38 - S2B_MSIL2A_20200813T090559_R050_T35SKC_20200815T001405 -> Not Found
2025-08-18 12:08:53,140 - INFO - sentinel2.py:63 - 23/38 - S2B_MSIL2A_20200813T090559_R050_T34SGJ_20200815T001501 -> Not Found
2025-08-18 12:09:00,461 - INFO - sentinel2.py:63 - 24/38 - S2B_MSIL2A_20200813T090559_R050_T34SGH_20200815T001352 -> Not Found
2025-08-18 12:09:07,899 - INFO - sentinel2.py:63 - 25/38 - S2A_MSIL2A_20200811T092031_R093_T34SFJ_20200814T182708 -> Not Found
2025-08-18 12:09:14,997 - INFO - sentinel2.py:63 - 26/38 - S2A_MSIL2A_20200811T092031_R093_T34SFH_20200814T182702 -> Not Found
2025-08-18 12:09:22,226 - INFO - sentinel2.py:63 - 27/38 - S2A_MSIL2A_20200808T090601_R050_T35SKD_20200815T104959 -> Not Found
2025-08-18 12:09:29,565 - INFO - sentinel2.py:63 - 28/38 - S2A_MSIL2A_20200808T090601_R050_T35SKC_20200815T104955 -> Not Found
2025-08-18 12:09:38,073 - INFO - sentinel2.py:63 - 29/38 - S2A_MSIL2A_20200808T090601_R050_T34SGJ_20200815T104944 -> Not Found
2025-08-18 12:09:45,449 - INFO - sentinel2.py:63 - 30/38 - S2A_MSIL2A_20200808T090601_R050_T34SGH_20200815T104940 -> Not Found
2025-08-18 12:09:53,477 - INFO - sentinel2.py:63 - 31/38 - S2B_MSIL2A_20200806T092029_R093_T34SFJ_20200815T062515 -> Not Found
2025-08-18 12:10:01,747 - INFO - sentinel2.py:63 - 32/38 - S2B_MSIL2A_20200806T092029_R093_T34SFH_20200815T062515 -> Not Found
2025-08-18 12:10:10,184 - INFO - sentinel2.py:63 - 33/38 - S2B_MSIL2A_20200803T090559_R050_T35SKD_20200816T010536 -> Not Found
2025-08-18 12:10:18,324 - INFO - sentinel2.py:63 - 34/38 - S2B_MSIL2A_20200803T090559_R050_T35SKC_20200816T010536 -> Not Found
2025-08-18 12:10:25,782 - INFO - sentinel2.py:63 - 35/38 - S2B_MSIL2A_20200803T090559_R050_T34SGJ_20200816T010511 -> Not Found
2025-08-18 12:10:33,137 - INFO - sentinel2.py:63 - 36/38 - S2B_MSIL2A_20200803T090559_R050_T34SGH_20200816T010512 -> Not Found
2025-08-18 12:10:40,700 - INFO - sentinel2.py:63 - 37/38 - S2A_MSIL2A_20200801T092031_R093_T34SFJ_20200815T172459 -> Not Found
2025-08-18 12:10:47,841 - INFO - sentinel2.py:63 - 38/38 - S2A_MSIL2A_20200801T092031_R093_T34SFH_20200815T172501 -> Not Found
2025-08-18 12:10:47,933 - INFO - composites.py:257 -                                  
2025-08-18 12:10:47,933 - INFO - composites.py:258 - 0/38 were refined by GRI.
2025-08-18 12:10:47,934 - WARNING - composites.py:262 - Tile x11_y12 | Time: 2020-08: All scenes are flagged NOT REFINED.
2025-08-18 12:10:47,935 - WARNING - composites.py:263 - Tile x11_y12 | Time: 2020-08: The composite will be flagged with _NOREFINED.
2025-08-18 12:10:47,935 - INFO - composites.py:270 - Looking for up to 10 cleanest images within spatiotemporal range of each MGRS tile
2025-08-18 12:10:47,936 - INFO - composites.py:284 - Filtered cleanest scenes: Kept 38 out of 38 items. 
2025-08-18 12:10:47,937 - INFO - composites.py:285 -         Included MGRS Tiles: ['34SFH' '34SFJ' '34SGH' '34SGJ' '35SKC' '35SKD']
2025-08-18 12:10:47,937 - INFO - composites.py:286 -         Included EPSG codes: [32634 32635]
2025-08-18 12:10:47,937 - INFO - composites.py:288 - Selected scenes:
2025-08-18 12:10:47,938 - INFO - composites.py:290 -         S2A_MSIL2A_20200831T092031_R093_T34SFH_20200907T201708
2025-08-18 12:10:47,938 - INFO - composites.py:290 -         S2B_MSIL2A_20200816T092029_R093_T34SFH_20200908T173007
2025-08-18 12:10:47,939 - INFO - composites.py:290 -         S2A_MSIL2A_20200821T092031_R093_T34SFH_20200908T173006
2025-08-18 12:10:47,939 - INFO - composites.py:290 -         S2A_MSIL2A_20200811T092031_R093_T34SFH_20200814T182702
2025-08-18 12:10:47,939 - INFO - composites.py:290 -         S2B_MSIL2A_20200826T092029_R093_T34SFH_20200919T033155
2025-08-18 12:10:47,939 - INFO - composites.py:290 -         S2B_MSIL2A_20200806T092029_R093_T34SFH_20200815T062515
2025-08-18 12:10:47,939 - INFO - composites.py:290 -         S2A_MSIL2A_20200801T092031_R093_T34SFH_20200815T172501
2025-08-18 12:10:47,939 - INFO - composites.py:290 -         S2A_MSIL2A_20200831T092031_R093_T34SFJ_20200919T033200
2025-08-18 12:10:47,940 - INFO - composites.py:290 -         S2B_MSIL2A_20200826T092029_R093_T34SFJ_20200827T215854
2025-08-18 12:10:47,940 - INFO - composites.py:290 -         S2A_MSIL2A_20200811T092031_R093_T34SFJ_20200814T182708
2025-08-18 12:10:47,940 - INFO - composites.py:290 -         S2A_MSIL2A_20200821T092031_R093_T34SFJ_20200822T221723
2025-08-18 12:10:47,940 - INFO - composites.py:290 -         S2B_MSIL2A_20200816T092029_R093_T34SFJ_20200818T141216
2025-08-18 12:10:47,940 - INFO - composites.py:290 -         S2A_MSIL2A_20200801T092031_R093_T34SFJ_20200815T172459
2025-08-18 12:10:47,940 - INFO - composites.py:290 -         S2B_MSIL2A_20200806T092029_R093_T34SFJ_20200815T062515
2025-08-18 12:10:47,940 - INFO - composites.py:290 -         S2B_MSIL2A_20200823T090559_R050_T34SGH_20200826T125333
2025-08-18 12:10:47,940 - INFO - composites.py:290 -         S2A_MSIL2A_20200828T090601_R050_T34SGH_20200907T123656
2025-08-18 12:10:47,940 - INFO - composites.py:290 -         S2A_MSIL2A_20200818T090601_R050_T34SGH_20200822T133323
2025-08-18 12:10:47,940 - INFO - composites.py:290 -         S2B_MSIL2A_20200803T090559_R050_T34SGH_20200816T010512
2025-08-18 12:10:47,940 - INFO - composites.py:290 -         S2B_MSIL2A_20200813T090559_R050_T34SGH_20200815T001352
2025-08-18 12:10:47,940 - INFO - composites.py:290 -         S2A_MSIL2A_20200808T090601_R050_T34SGH_20200815T104940
2025-08-18 12:10:47,940 - INFO - composites.py:290 -         S2B_MSIL2A_20200823T090559_R050_T34SGJ_20200919T033156
2025-08-18 12:10:47,940 - INFO - composites.py:290 -         S2A_MSIL2A_20200828T090601_R050_T34SGJ_20200907T123614
2025-08-18 12:10:47,940 - INFO - composites.py:290 -         S2A_MSIL2A_20200818T090601_R050_T34SGJ_20200822T133049
2025-08-18 12:10:47,940 - INFO - composites.py:290 -         S2B_MSIL2A_20200813T090559_R050_T34SGJ_20200815T001501
2025-08-18 12:10:47,940 - INFO - composites.py:290 -         S2B_MSIL2A_20200803T090559_R050_T34SGJ_20200816T010511
2025-08-18 12:10:47,940 - INFO - composites.py:290 -         S2A_MSIL2A_20200808T090601_R050_T34SGJ_20200815T104944
2025-08-18 12:10:47,940 - INFO - composites.py:290 -         S2B_MSIL2A_20200823T090559_R050_T35SKC_20200909T153100
2025-08-18 12:10:47,940 - INFO - composites.py:290 -         S2B_MSIL2A_20200813T090559_R050_T35SKC_20200815T001405
2025-08-18 12:10:47,940 - INFO - composites.py:290 -         S2A_MSIL2A_20200828T090601_R050_T35SKC_20200907T123658
2025-08-18 12:10:47,940 - INFO - composites.py:290 -         S2A_MSIL2A_20200818T090601_R050_T35SKC_20200822T133213
2025-08-18 12:10:47,940 - INFO - composites.py:290 -         S2B_MSIL2A_20200803T090559_R050_T35SKC_20200816T010536
2025-08-18 12:10:47,941 - INFO - composites.py:290 -         S2A_MSIL2A_20200808T090601_R050_T35SKC_20200815T104955
2025-08-18 12:10:47,941 - INFO - composites.py:290 -         S2B_MSIL2A_20200823T090559_R050_T35SKD_20200826T121020
2025-08-18 12:10:47,941 - INFO - composites.py:290 -         S2A_MSIL2A_20200828T090601_R050_T35SKD_20200907T123536
2025-08-18 12:10:47,941 - INFO - composites.py:290 -         S2B_MSIL2A_20200803T090559_R050_T35SKD_20200816T010536
2025-08-18 12:10:47,941 - INFO - composites.py:290 -         S2A_MSIL2A_20200818T090601_R050_T35SKD_20200822T133302
2025-08-18 12:10:47,941 - INFO - composites.py:290 -         S2B_MSIL2A_20200813T090559_R050_T35SKD_20200815T001939
2025-08-18 12:10:47,941 - INFO - composites.py:290 -         S2A_MSIL2A_20200808T090601_R050_T35SKD_20200815T104959
2025-08-18 12:10:48,587 - INFO - sentinel2.py:139 - Matplotlib backend: Agg
2025-08-18 12:10:49,056 - INFO - sentinel2.py:209 - Write input scenes footprint overlay: //nas-rs.topo.auth.gr/Latomeia/DROUGHT/COMPOS/2020/08/x11_y12/S2L2A_medcomp_x11_y12_202008_InDataFootprint.jpeg
2025-08-18 12:10:49,429 - INFO - composites.py:304 -                                  
2025-08-18 12:10:49,429 - INFO - composites.py:305 - Downstream STAC items from Planetary Computer
2025-08-18 12:10:49,429 - INFO - timeseries_processing.py:99 -                                  
2025-08-18 12:10:49,429 - INFO - timeseries_processing.py:100 - Loading bands of diferent resolutions in EPSG:32634
2025-08-18 12:10:49,429 - INFO - timeseries_processing.py:104 -     Filtering items with native UTM EPSG:32634
2025-08-18 12:10:49,429 - INFO - timeseries_processing.py:106 -     26 Items in EPSG:32634
2025-08-18 12:10:49,429 - INFO - timeseries_processing.py:113 -                        
2025-08-18 12:10:49,429 - INFO - timeseries_processing.py:114 -     Loading parameters:
2025-08-18 12:10:49,429 - INFO - timeseries_processing.py:115 -         Bands: ['B05', 'B07', 'B8A', 'SCL']
2025-08-18 12:10:49,429 - INFO - timeseries_processing.py:116 -         Spatial resolution: 20
2025-08-18 12:10:49,429 - INFO - timeseries_processing.py:118 -         Get Assets from STAC Items
2025-08-18 12:10:49,429 - INFO - timeseries_processing.py:31 -         Initialize the STAC client
2025-08-18 12:10:50,215 - INFO - timeseries_processing.py:121 -         Loading 26 STAC Items....
2025-08-18 12:11:59,719 - INFO - timeseries_processing.py:143 -         Cube has been downloaded
2025-08-18 12:11:59,721 - INFO - timeseries_processing.py:152 -         Fix order of dimensions
2025-08-18 12:11:59,742 - INFO - timeseries_processing.py:157 -         Append bands to the band-list of EPSG:32634
2025-08-18 12:11:59,742 - INFO - timeseries_processing.py:113 -                        
2025-08-18 12:11:59,756 - INFO - timeseries_processing.py:114 -     Loading parameters:
2025-08-18 12:11:59,762 - INFO - timeseries_processing.py:115 -         Bands: ['B02', 'B03', 'B04']
2025-08-18 12:11:59,762 - INFO - timeseries_processing.py:116 -         Spatial resolution: 10
2025-08-18 12:11:59,764 - INFO - timeseries_processing.py:118 -         Get Assets from STAC Items
2025-08-18 12:11:59,764 - INFO - timeseries_processing.py:31 -         Initialize the STAC client
2025-08-18 12:12:00,495 - INFO - timeseries_processing.py:121 -         Loading 26 STAC Items....
2025-08-18 12:14:48,971 - INFO - timeseries_processing.py:143 -         Cube has been downloaded
2025-08-18 12:14:48,971 - INFO - timeseries_processing.py:146 -         Downsample 10m bands to 20m by average 2x2 binning
2025-08-18 12:15:09,506 - INFO - timeseries_processing.py:149 -         Warp (reproject) 2x2 binned bands to match shape of native 20m bands: method=bilinear
2025-08-18 12:15:24,448 - INFO - timeseries_processing.py:157 -         Append bands to the band-list of EPSG:32634
2025-08-18 12:15:24,448 - INFO - timeseries_processing.py:161 -                        
2025-08-18 12:15:24,448 - INFO - timeseries_processing.py:162 -     Merging bands in a single dataset
2025-08-18 12:15:24,448 - INFO - timeseries_processing.py:163 -     Ensure all partial datasets are at (x=20, y=-20) resolution
2025-08-18 12:15:24,449 - INFO - timeseries_processing.py:167 -     Clip to the intersection of indexes
2025-08-18 12:15:26,066 - INFO - timeseries_processing.py:176 -     Make a list of bands to merge
2025-08-18 12:15:26,066 - INFO - timeseries_processing.py:180 -     Merge on intersection
2025-08-18 12:15:26,068 - INFO - timeseries_processing.py:188 -     Apply masks on clouds, shadows, thin cirrus, and snow/ice
2025-08-18 12:15:26,068 - INFO - sentinel2.py:107 -                Masking bits: [3, 7, 8, 9, 10, 11]
2025-08-18 12:15:28,085 - INFO - timeseries_processing.py:194 -     Reproject to Tiling Schema projection EPSG:3035
2025-08-18 12:15:49,050 - INFO - timeseries_processing.py:99 -                                  
2025-08-18 12:15:49,050 - INFO - timeseries_processing.py:100 - Loading bands of diferent resolutions in EPSG:32635
2025-08-18 12:15:49,050 - INFO - timeseries_processing.py:104 -     Filtering items with native UTM EPSG:32635
2025-08-18 12:15:49,050 - INFO - timeseries_processing.py:106 -     12 Items in EPSG:32635
2025-08-18 12:15:49,050 - INFO - timeseries_processing.py:113 -                        
2025-08-18 12:15:49,050 - INFO - timeseries_processing.py:114 -     Loading parameters:
2025-08-18 12:15:49,050 - INFO - timeseries_processing.py:115 -         Bands: ['B05', 'B07', 'B8A', 'SCL']
2025-08-18 12:15:49,050 - INFO - timeseries_processing.py:116 -         Spatial resolution: 20
2025-08-18 12:15:49,050 - INFO - timeseries_processing.py:118 -         Get Assets from STAC Items
2025-08-18 12:15:49,050 - INFO - timeseries_processing.py:31 -         Initialize the STAC client
2025-08-18 12:15:49,647 - INFO - timeseries_processing.py:121 -         Loading 12 STAC Items....
2025-08-18 12:16:25,657 - INFO - timeseries_processing.py:143 -         Cube has been downloaded
2025-08-18 12:16:25,657 - INFO - timeseries_processing.py:152 -         Fix order of dimensions
2025-08-18 12:16:25,659 - INFO - timeseries_processing.py:157 -         Append bands to the band-list of EPSG:32635
2025-08-18 12:16:25,659 - INFO - timeseries_processing.py:113 -                        
2025-08-18 12:16:25,659 - INFO - timeseries_processing.py:114 -     Loading parameters:
2025-08-18 12:16:25,659 - INFO - timeseries_processing.py:115 -         Bands: ['B02', 'B03', 'B04']
2025-08-18 12:16:25,662 - INFO - timeseries_processing.py:116 -         Spatial resolution: 10
2025-08-18 12:16:25,662 - INFO - timeseries_processing.py:118 -         Get Assets from STAC Items
2025-08-18 12:16:25,663 - INFO - timeseries_processing.py:31 -         Initialize the STAC client
2025-08-18 12:16:26,222 - INFO - timeseries_processing.py:121 -         Loading 12 STAC Items....
2025-08-18 12:18:00,803 - INFO - timeseries_processing.py:143 -         Cube has been downloaded
2025-08-18 12:18:00,814 - INFO - timeseries_processing.py:146 -         Downsample 10m bands to 20m by average 2x2 binning
2025-08-18 12:18:10,566 - INFO - timeseries_processing.py:149 -         Warp (reproject) 2x2 binned bands to match shape of native 20m bands: method=bilinear
2025-08-18 12:18:16,493 - INFO - timeseries_processing.py:157 -         Append bands to the band-list of EPSG:32635
2025-08-18 12:18:16,493 - INFO - timeseries_processing.py:161 -                        
2025-08-18 12:18:16,493 - INFO - timeseries_processing.py:162 -     Merging bands in a single dataset
2025-08-18 12:18:16,493 - INFO - timeseries_processing.py:163 -     Ensure all partial datasets are at (x=20, y=-20) resolution
2025-08-18 12:18:16,494 - INFO - timeseries_processing.py:167 -     Clip to the intersection of indexes
2025-08-18 12:18:16,496 - INFO - timeseries_processing.py:176 -     Make a list of bands to merge
2025-08-18 12:18:16,497 - INFO - timeseries_processing.py:180 -     Merge on intersection
2025-08-18 12:18:16,498 - INFO - timeseries_processing.py:188 -     Apply masks on clouds, shadows, thin cirrus, and snow/ice
2025-08-18 12:18:16,498 - INFO - sentinel2.py:107 -                Masking bits: [3, 7, 8, 9, 10, 11]
2025-08-18 12:18:17,412 - INFO - timeseries_processing.py:194 -     Reproject to Tiling Schema projection EPSG:3035
2025-08-18 12:18:27,220 - INFO - composites.py:314 - Clip and align to tile geometry
2025-08-18 12:18:34,964 - INFO - composites.py:320 -                           
2025-08-18 12:18:34,964 - INFO - composites.py:321 - Mosaic datasets of different native UTM zones to a single dataset
2025-08-18 12:18:47,093 - INFO - composites.py:347 - Creating preview plot of input scenes
2025-08-18 12:19:40,932 - INFO - timeseries_processing.py:352 - Saved preview for 'B04' to //nas-rs.topo.auth.gr/Latomeia/DROUGHT/COMPOS/2020/08/x11_y12/S2L2A_medcomp_x11_y12_202008_InDataPreview.jpeg
2025-08-18 12:19:40,948 - INFO - composites.py:353 - Clip value range
2025-08-18 12:19:43,924 - INFO - composites.py:358 -                           
2025-08-18 12:19:43,932 - INFO - composites.py:359 - Computing spectral indices:
2025-08-18 12:19:43,933 - INFO - composites.py:362 -     EVI...
2025-08-18 12:19:45,655 - INFO - composites.py:364 -     NDVI...
2025-08-18 12:19:46,103 - INFO - composites.py:366 -     PSRI2...
2025-08-18 12:19:46,656 - INFO - composites.py:369 - Clip to typical value range
2025-08-18 12:19:47,256 - INFO - composites.py:376 - Reducing to median value temporal composite
2025-08-18 12:20:17,776 - INFO - composites.py:395 - Define data types and nodata per band
2025-08-18 12:20:17,949 - INFO - composites.py:416 - Assign time range and tile ID in metadata
2025-08-18 12:20:17,949 - INFO - composites.py:424 - Write bands to raster COG files
2025-08-18 12:20:22,671 - INFO - composites.py:437 - Write B02 -> //nas-rs.topo.auth.gr/Latomeia/DROUGHT/COMPOS/2020/08/x11_y12/S2L2A_medcomp_x11_y12_202008_B02.tif
2025-08-18 12:20:27,849 - INFO - composites.py:437 - Write B03 -> //nas-rs.topo.auth.gr/Latomeia/DROUGHT/COMPOS/2020/08/x11_y12/S2L2A_medcomp_x11_y12_202008_B03.tif
2025-08-18 12:20:33,179 - INFO - composites.py:437 - Write B04 -> //nas-rs.topo.auth.gr/Latomeia/DROUGHT/COMPOS/2020/08/x11_y12/S2L2A_medcomp_x11_y12_202008_B04.tif
2025-08-18 12:20:38,026 - INFO - composites.py:437 - Write B05 -> //nas-rs.topo.auth.gr/Latomeia/DROUGHT/COMPOS/2020/08/x11_y12/S2L2A_medcomp_x11_y12_202008_B05.tif
2025-08-18 12:20:42,867 - INFO - composites.py:437 - Write B07 -> //nas-rs.topo.auth.gr/Latomeia/DROUGHT/COMPOS/2020/08/x11_y12/S2L2A_medcomp_x11_y12_202008_B07.tif
2025-08-18 12:20:47,810 - INFO - composites.py:437 - Write B8A -> //nas-rs.topo.auth.gr/Latomeia/DROUGHT/COMPOS/2020/08/x11_y12/S2L2A_medcomp_x11_y12_202008_B8A.tif
2025-08-18 12:20:52,518 - INFO - composites.py:437 - Write EVI -> //nas-rs.topo.auth.gr/Latomeia/DROUGHT/COMPOS/2020/08/x11_y12/S2L2A_medcomp_x11_y12_202008_evi.tif
2025-08-18 12:20:57,512 - INFO - composites.py:437 - Write NDVI -> //nas-rs.topo.auth.gr/Latomeia/DROUGHT/COMPOS/2020/08/x11_y12/S2L2A_medcomp_x11_y12_202008_ndvi.tif
2025-08-18 12:21:02,724 - INFO - composites.py:437 - Write PSRI2 -> //nas-rs.topo.auth.gr/Latomeia/DROUGHT/COMPOS/2020/08/x11_y12/S2L2A_medcomp_x11_y12_202008_psri2.tif
2025-08-18 12:21:02,741 - INFO - composites.py:441 - Prepare metadata YAML document
2025-08-18 12:21:03,582 - INFO - composites.py:462 - Write metadata YAML document to disk
2025-08-18 12:21:03,656 - INFO - composites.py:467 - Create datacube.model.Dataset from eo3 metadata
2025-08-18 12:21:03,674 - INFO - composites.py:477 - Index to datacube
2025-08-18 12:21:03,675 - INFO - _datasets.py:191 - Indexing e6028dda-4742-4384-9794-eaca972bb1bd
2025-08-18 12:21:03,685 - INFO - composites.py:480 - 
2025-08-18 12:21:03,685 - INFO - composites.py:481 -              ✔✔✔ COMPLETED: Tile x11_y12 | Time: 2020-08 | In 15.32 minutes
2025-08-18 12:21:03,685 - INFO - composites.py:482 - 
2025-08-18 12:21:03,685 - INFO - composites.py:490 - Closing Dask client
2025-08-18 12:21:03,724 - INFO - composites.py:494 - Closing Dask cluster
