2025-08-22 21:45:43,860 - INFO - composites.py:101 - #######################################################################
2025-08-22 21:45:43,860 - INFO - composites.py:103 - Processing started
2025-08-22 21:45:43,860 - INFO - composites.py:104 -         Tile: x11_y11
2025-08-22 21:45:43,860 - INFO - composites.py:105 -         Time: 2020-10
2025-08-22 21:45:43,860 - INFO - composites.py:108 -                           
2025-08-22 21:45:43,860 - INFO - composites.py:109 - Establishing connection to datacube
2025-08-22 21:45:44,396 - INFO - composites.py:112 -                           
2025-08-22 21:45:44,396 - INFO - composites.py:113 - Sanity test: Check if dataset already exists in the datacube
2025-08-22 21:45:44,413 - INFO - composites.py:132 - The composite requested was not found and it will be computed
2025-08-22 21:45:44,413 - INFO - composites.py:135 -                                  
2025-08-22 21:45:44,413 - INFO - composites.py:136 - Initializing Dask cluster for parallelization
2025-08-22 21:45:49,380 - INFO - composites.py:160 - Dask dashboard is available at: http://127.0.0.1:8787/status
2025-08-22 21:45:49,380 - INFO - composites.py:163 - Create directories and naming conversions
2025-08-22 21:45:49,386 - INFO - composites.py:174 - Dataset location: //nas-rs.topo.auth.gr/Latomeia/DROUGHT/COMPOS/2020/10/x11_y11
2025-08-22 21:45:49,386 - INFO - composites.py:177 -                           
2025-08-22 21:45:49,386 - INFO - composites.py:178 - Retrieve tile geometry
2025-08-22 21:45:49,414 - INFO - composites.py:189 - Create the Bounding Box (φ,λ)
2025-08-22 21:45:49,414 - INFO - composites.py:195 - Create the Bounding Box (x,y)
2025-08-22 21:45:49,414 - INFO - composites.py:208 -                           
2025-08-22 21:45:49,414 - INFO - composites.py:209 - Connect to Planetary Computer STAC Catalog
2025-08-22 21:45:49,625 - INFO - composites.py:217 - Search the STAC Catalog
2025-08-22 21:45:49,693 - INFO - composites.py:229 -         Query parameters:
2025-08-22 21:45:49,693 - INFO - composites.py:230 -             url:          https://planetarycomputer.microsoft.com/api/stac/v1/search
2025-08-22 21:45:49,694 - INFO - composites.py:231 -             client:       microsoft-pc
2025-08-22 21:45:49,694 - INFO - composites.py:232 -             collection:   sentinel-2-l2a
2025-08-22 21:45:49,694 - INFO - composites.py:233 -             bbox:         (23.090477503527136, 38.072584087612974, 23.76631254171489, 38.62665683856133)
2025-08-22 21:45:49,694 - INFO - composites.py:234 -             time range:   2020-10-01T00:00:00Z/2020-10-31T23:59:59Z
2025-08-22 21:45:49,694 - INFO - composites.py:235 -             cloud cover:  0% - 70%
2025-08-22 21:45:49,694 - INFO - composites.py:236 -             nodata cover: 0% - 33%
2025-08-22 21:45:49,694 - INFO - composites.py:238 -                           
2025-08-22 21:45:49,694 - INFO - composites.py:239 - Searching...
2025-08-22 21:45:50,113 - INFO - composites.py:242 - Query found 13 items
2025-08-22 21:45:50,113 - INFO - composites.py:244 - Searching for GRI REFINED scenes:
2025-08-22 21:45:57,011 - INFO - sentinel2.py:78 - 1/13 - S2A_MSIL2A_20201027T091101_R050_T35SKC_20201031T185302 -> Not Found
2025-08-22 21:46:03,881 - INFO - sentinel2.py:78 - 2/13 - S2A_MSIL2A_20201027T091101_R050_T34SGH_20201031T185205 -> Not Found
2025-08-22 21:46:09,555 - INFO - sentinel2.py:78 - 3/13 - S2B_MSIL2A_20201025T092029_R093_T34SFH_20201030T072936 -> Not Found
2025-08-22 21:46:16,338 - INFO - sentinel2.py:78 - 4/13 - S2B_MSIL2A_20201022T091029_R050_T35SKC_20201023T193210 -> Not Found
2025-08-22 21:46:22,764 - INFO - sentinel2.py:78 - 5/13 - S2B_MSIL2A_20201022T091029_R050_T34SGH_20201023T193535 -> Not Found
2025-08-22 21:46:28,985 - INFO - sentinel2.py:78 - 6/13 - S2B_MSIL2A_20201015T092029_R093_T34SFH_20201019T081054 -> Not Found
2025-08-22 21:46:36,000 - INFO - sentinel2.py:78 - 7/13 - S2B_MSIL2A_20201012T090829_R050_T35SKC_20201014T110505 -> Not Found
2025-08-22 21:46:42,380 - INFO - sentinel2.py:78 - 8/13 - S2B_MSIL2A_20201012T090829_R050_T34SGH_20201014T110507 -> Not Found
2025-08-22 21:46:48,157 - INFO - sentinel2.py:78 - 9/13 - S2A_MSIL2A_20201010T092031_R093_T34SFH_20201011T224244 -> Not Found
2025-08-22 21:46:53,939 - INFO - sentinel2.py:78 - 10/13 - S2A_MSIL2A_20201007T090851_R050_T35SKC_20201010T082235 -> Not Found
2025-08-22 21:47:01,040 - INFO - sentinel2.py:78 - 11/13 - S2A_MSIL2A_20201007T090851_R050_T34SGH_20201010T082242 -> Not Found
2025-08-22 21:47:07,443 - INFO - sentinel2.py:78 - 12/13 - S2B_MSIL2A_20201002T090719_R050_T35SKC_20201004T231326 -> Not Found
2025-08-22 21:47:14,408 - INFO - sentinel2.py:78 - 13/13 - S2B_MSIL2A_20201002T090719_R050_T34SGH_20201004T231242 -> Not Found
2025-08-22 21:47:14,448 - INFO - composites.py:247 -                                  
2025-08-22 21:47:14,448 - INFO - composites.py:248 - 0/13 were refined by GRI.
2025-08-22 21:47:14,448 - WARNING - composites.py:252 - Tile x11_y11 | Time: 2020-10: All scenes are flagged NOT REFINED.
2025-08-22 21:47:14,448 - WARNING - composites.py:253 - Tile x11_y11 | Time: 2020-10: The composite will be flagged with _NOREFINED.
2025-08-22 21:47:14,450 - INFO - composites.py:260 - Looking for up to 10 cleanest images within spatiotemporal range of each MGRS tile
2025-08-22 21:47:14,451 - INFO - composites.py:274 - Filtered cleanest scenes: Kept 13 out of 13 items. 
2025-08-22 21:47:14,451 - INFO - composites.py:275 -         Included MGRS Tiles: ['34SFH' '34SGH' '35SKC']
2025-08-22 21:47:14,452 - INFO - composites.py:276 -         Included EPSG codes: [32634 32635]
2025-08-22 21:47:14,452 - INFO - composites.py:278 - Selected scenes:
2025-08-22 21:47:14,452 - INFO - composites.py:280 -         S2A_MSIL2A_20201010T092031_R093_T34SFH_20201011T224244
2025-08-22 21:47:14,468 - INFO - composites.py:280 -         S2B_MSIL2A_20201015T092029_R093_T34SFH_20201019T081054
2025-08-22 21:47:14,468 - INFO - composites.py:280 -         S2B_MSIL2A_20201025T092029_R093_T34SFH_20201030T072936
2025-08-22 21:47:14,477 - INFO - composites.py:280 -         S2B_MSIL2A_20201012T090829_R050_T34SGH_20201014T110507
2025-08-22 21:47:14,477 - INFO - composites.py:280 -         S2B_MSIL2A_20201002T090719_R050_T34SGH_20201004T231242
2025-08-22 21:47:14,477 - INFO - composites.py:280 -         S2A_MSIL2A_20201027T091101_R050_T34SGH_20201031T185205
2025-08-22 21:47:14,477 - INFO - composites.py:280 -         S2B_MSIL2A_20201022T091029_R050_T34SGH_20201023T193535
2025-08-22 21:47:14,478 - INFO - composites.py:280 -         S2A_MSIL2A_20201007T090851_R050_T34SGH_20201010T082242
2025-08-22 21:47:14,478 - INFO - composites.py:280 -         S2B_MSIL2A_20201012T090829_R050_T35SKC_20201014T110505
2025-08-22 21:47:14,478 - INFO - composites.py:280 -         S2B_MSIL2A_20201002T090719_R050_T35SKC_20201004T231326
2025-08-22 21:47:14,478 - INFO - composites.py:280 -         S2A_MSIL2A_20201027T091101_R050_T35SKC_20201031T185302
2025-08-22 21:47:14,478 - INFO - composites.py:280 -         S2B_MSIL2A_20201022T091029_R050_T35SKC_20201023T193210
2025-08-22 21:47:14,478 - INFO - composites.py:280 -         S2A_MSIL2A_20201007T090851_R050_T35SKC_20201010T082235
2025-08-22 21:47:14,788 - INFO - sentinel2.py:154 - Matplotlib backend: Agg
2025-08-22 21:47:14,986 - INFO - sentinel2.py:224 - Write input scenes footprint overlay: //nas-rs.topo.auth.gr/Latomeia/DROUGHT/COMPOS/2020/10/x11_y11/S2L2A_medcomp_x11_y11_202010_InDataFootprint.jpeg
2025-08-22 21:47:15,139 - INFO - composites.py:294 -                                  
2025-08-22 21:47:15,139 - INFO - composites.py:295 - Downstream STAC items from Planetary Computer
2025-08-22 21:47:15,139 - INFO - timeseries_processing.py:115 -                                  
2025-08-22 21:47:15,140 - INFO - timeseries_processing.py:116 - Loading bands of diferent resolutions in EPSG:32634
2025-08-22 21:47:15,140 - INFO - timeseries_processing.py:120 -     Filtering items with native UTM EPSG:32634
2025-08-22 21:47:15,140 - INFO - timeseries_processing.py:122 -     8 Items in EPSG:32634
2025-08-22 21:47:15,140 - INFO - timeseries_processing.py:129 -                        
2025-08-22 21:47:15,140 - INFO - timeseries_processing.py:130 -     Loading parameters:
2025-08-22 21:47:15,140 - INFO - timeseries_processing.py:131 -         Bands: ['B05', 'B07', 'B8A', 'SCL']
2025-08-22 21:47:15,140 - INFO - timeseries_processing.py:132 -         Spatial resolution: 20
2025-08-22 21:47:15,140 - INFO - timeseries_processing.py:134 -         Get Assets from STAC Items
2025-08-22 21:47:15,140 - INFO - timeseries_processing.py:47 -         Initialize the STAC client
2025-08-22 21:47:15,756 - INFO - timeseries_processing.py:137 -         Loading 8 STAC Items....
2025-08-22 21:48:06,393 - INFO - timeseries_processing.py:146 -         Cube has been downloaded
2025-08-22 21:48:06,393 - INFO - timeseries_processing.py:156 -         Fix order of dimensions
2025-08-22 21:48:06,395 - INFO - timeseries_processing.py:161 -         Append bands to the band-list of EPSG:32634
2025-08-22 21:48:06,395 - INFO - timeseries_processing.py:129 -                        
2025-08-22 21:48:06,395 - INFO - timeseries_processing.py:130 -     Loading parameters:
2025-08-22 21:48:06,395 - INFO - timeseries_processing.py:131 -         Bands: ['B02', 'B03', 'B04']
2025-08-22 21:48:06,395 - INFO - timeseries_processing.py:132 -         Spatial resolution: 10
2025-08-22 21:48:06,398 - INFO - timeseries_processing.py:134 -         Get Assets from STAC Items
2025-08-22 21:48:06,398 - INFO - timeseries_processing.py:47 -         Initialize the STAC client
2025-08-22 21:48:06,890 - INFO - timeseries_processing.py:137 -         Loading 8 STAC Items....
2025-08-22 21:49:51,033 - INFO - timeseries_processing.py:146 -         Cube has been downloaded
2025-08-22 21:49:51,033 - INFO - timeseries_processing.py:149 -         Reproject to downsample 10m bands to 20m by Resampling.average 2x2 binning and shape matching with odc.geo.GeoBox
2025-08-22 21:50:01,883 - INFO - timeseries_processing.py:161 -         Append bands to the band-list of EPSG:32634
2025-08-22 21:50:01,883 - INFO - timeseries_processing.py:165 -                        
2025-08-22 21:50:01,883 - INFO - timeseries_processing.py:166 -     Merging bands in a single dataset
2025-08-22 21:50:01,883 - INFO - timeseries_processing.py:167 -     Ensure all partial datasets are at (x=20, y=-20) resolution
2025-08-22 21:50:01,883 - INFO - timeseries_processing.py:171 -     Clip to the intersection of indexes
2025-08-22 21:50:03,134 - INFO - timeseries_processing.py:180 -     Make a list of bands to merge
2025-08-22 21:50:03,135 - INFO - timeseries_processing.py:184 -     Merge on intersection
2025-08-22 21:50:03,135 - INFO - timeseries_processing.py:192 -     Apply masks on clouds, shadows, thin cirrus, and snow/ice
2025-08-22 21:50:03,135 - INFO - sentinel2.py:122 -                Masking bits: [3, 7, 8, 9, 10, 11]
2025-08-22 21:50:04,083 - INFO - timeseries_processing.py:115 -                                  
2025-08-22 21:50:04,083 - INFO - timeseries_processing.py:116 - Loading bands of diferent resolutions in EPSG:32635
2025-08-22 21:50:04,083 - INFO - timeseries_processing.py:120 -     Filtering items with native UTM EPSG:32635
2025-08-22 21:50:04,083 - INFO - timeseries_processing.py:122 -     5 Items in EPSG:32635
2025-08-22 21:50:04,083 - INFO - timeseries_processing.py:129 -                        
2025-08-22 21:50:04,083 - INFO - timeseries_processing.py:130 -     Loading parameters:
2025-08-22 21:50:04,083 - INFO - timeseries_processing.py:131 -         Bands: ['B05', 'B07', 'B8A', 'SCL']
2025-08-22 21:50:04,083 - INFO - timeseries_processing.py:132 -         Spatial resolution: 20
2025-08-22 21:50:04,083 - INFO - timeseries_processing.py:134 -         Get Assets from STAC Items
2025-08-22 21:50:04,083 - INFO - timeseries_processing.py:47 -         Initialize the STAC client
2025-08-22 21:50:04,613 - INFO - timeseries_processing.py:137 -         Loading 5 STAC Items....
2025-08-22 21:50:24,280 - INFO - timeseries_processing.py:146 -         Cube has been downloaded
2025-08-22 21:50:24,280 - INFO - timeseries_processing.py:156 -         Fix order of dimensions
2025-08-22 21:50:24,282 - INFO - timeseries_processing.py:161 -         Append bands to the band-list of EPSG:32635
2025-08-22 21:50:24,282 - INFO - timeseries_processing.py:129 -                        
2025-08-22 21:50:24,282 - INFO - timeseries_processing.py:130 -     Loading parameters:
2025-08-22 21:50:24,283 - INFO - timeseries_processing.py:131 -         Bands: ['B02', 'B03', 'B04']
2025-08-22 21:50:24,283 - INFO - timeseries_processing.py:132 -         Spatial resolution: 10
2025-08-22 21:50:24,283 - INFO - timeseries_processing.py:134 -         Get Assets from STAC Items
2025-08-22 21:50:24,283 - INFO - timeseries_processing.py:47 -         Initialize the STAC client
2025-08-22 21:50:24,761 - INFO - timeseries_processing.py:137 -         Loading 5 STAC Items....
2025-08-22 21:51:04,711 - INFO - timeseries_processing.py:146 -         Cube has been downloaded
2025-08-22 21:51:04,711 - INFO - timeseries_processing.py:149 -         Reproject to downsample 10m bands to 20m by Resampling.average 2x2 binning and shape matching with odc.geo.GeoBox
2025-08-22 21:51:10,942 - INFO - timeseries_processing.py:161 -         Append bands to the band-list of EPSG:32635
2025-08-22 21:51:10,942 - INFO - timeseries_processing.py:165 -                        
2025-08-22 21:51:10,942 - INFO - timeseries_processing.py:166 -     Merging bands in a single dataset
2025-08-22 21:51:10,942 - INFO - timeseries_processing.py:167 -     Ensure all partial datasets are at (x=20, y=-20) resolution
2025-08-22 21:51:10,942 - INFO - timeseries_processing.py:171 -     Clip to the intersection of indexes
2025-08-22 21:51:10,943 - INFO - timeseries_processing.py:180 -     Make a list of bands to merge
2025-08-22 21:51:10,943 - INFO - timeseries_processing.py:184 -     Merge on intersection
2025-08-22 21:51:10,945 - INFO - timeseries_processing.py:192 -     Apply masks on clouds, shadows, thin cirrus, and snow/ice
2025-08-22 21:51:10,945 - INFO - sentinel2.py:122 -                Masking bits: [3, 7, 8, 9, 10, 11]
2025-08-22 21:51:11,762 - INFO - composites.py:304 - Reproject from UTM Zone to Tile geometry -> CRS(EPSG:32635), Resampling.bilinear
2025-08-22 21:51:21,288 - INFO - composites.py:307 -     New shape of datasets: Shape2d(x=2400, y=2400)
2025-08-22 21:51:21,490 - INFO - composites.py:312 -                           
2025-08-22 21:51:21,502 - INFO - composites.py:313 - Mosaic datasets to a single dataset
2025-08-22 21:51:28,054 - INFO - composites.py:339 - Creating preview plot of input scenes
2025-08-22 21:51:56,822 - INFO - timeseries_processing.py:349 - Saved preview for 'B04' to //nas-rs.topo.auth.gr/Latomeia/DROUGHT/COMPOS/2020/10/x11_y11/S2L2A_medcomp_x11_y11_202010_InDataPreview.jpeg
2025-08-22 21:51:56,828 - INFO - composites.py:345 - Clip value range
2025-08-22 21:51:58,449 - INFO - composites.py:350 -                           
2025-08-22 21:51:58,452 - INFO - composites.py:351 - Computing spectral indices:
2025-08-22 21:51:58,452 - INFO - composites.py:354 -     EVI...
2025-08-22 21:51:59,479 - INFO - composites.py:356 -     NDVI...
2025-08-22 21:51:59,693 - INFO - composites.py:358 -     PSRI2...
2025-08-22 21:51:59,994 - INFO - composites.py:361 - Clip to typical value range
2025-08-22 21:52:00,396 - INFO - composites.py:368 - Reducing to median value temporal composite
2025-08-22 21:52:24,807 - INFO - composites.py:387 - Define data types and nodata per band
2025-08-22 21:52:24,946 - INFO - composites.py:408 - Assign time range and tile ID in metadata
2025-08-22 21:52:24,947 - INFO - composites.py:416 - Write bands to raster COG files
2025-08-22 21:52:28,825 - INFO - composites.py:429 - Write B02 -> //nas-rs.topo.auth.gr/Latomeia/DROUGHT/COMPOS/2020/10/x11_y11/S2L2A_medcomp_x11_y11_202010_B02.tif
2025-08-22 21:52:32,589 - INFO - composites.py:429 - Write B03 -> //nas-rs.topo.auth.gr/Latomeia/DROUGHT/COMPOS/2020/10/x11_y11/S2L2A_medcomp_x11_y11_202010_B03.tif
2025-08-22 21:52:36,428 - INFO - composites.py:429 - Write B04 -> //nas-rs.topo.auth.gr/Latomeia/DROUGHT/COMPOS/2020/10/x11_y11/S2L2A_medcomp_x11_y11_202010_B04.tif
2025-08-22 21:52:40,262 - INFO - composites.py:429 - Write B05 -> //nas-rs.topo.auth.gr/Latomeia/DROUGHT/COMPOS/2020/10/x11_y11/S2L2A_medcomp_x11_y11_202010_B05.tif
2025-08-22 21:52:44,122 - INFO - composites.py:429 - Write B07 -> //nas-rs.topo.auth.gr/Latomeia/DROUGHT/COMPOS/2020/10/x11_y11/S2L2A_medcomp_x11_y11_202010_B07.tif
2025-08-22 21:52:48,317 - INFO - composites.py:429 - Write B8A -> //nas-rs.topo.auth.gr/Latomeia/DROUGHT/COMPOS/2020/10/x11_y11/S2L2A_medcomp_x11_y11_202010_B8A.tif
2025-08-22 21:52:52,118 - INFO - composites.py:429 - Write EVI -> //nas-rs.topo.auth.gr/Latomeia/DROUGHT/COMPOS/2020/10/x11_y11/S2L2A_medcomp_x11_y11_202010_evi.tif
2025-08-22 21:52:55,802 - INFO - composites.py:429 - Write NDVI -> //nas-rs.topo.auth.gr/Latomeia/DROUGHT/COMPOS/2020/10/x11_y11/S2L2A_medcomp_x11_y11_202010_ndvi.tif
2025-08-22 21:52:59,589 - INFO - composites.py:429 - Write PSRI2 -> //nas-rs.topo.auth.gr/Latomeia/DROUGHT/COMPOS/2020/10/x11_y11/S2L2A_medcomp_x11_y11_202010_psri2.tif
2025-08-22 21:52:59,589 - INFO - composites.py:433 - Prepare metadata YAML document
2025-08-22 21:53:00,292 - INFO - composites.py:454 - Write metadata YAML document to disk
2025-08-22 21:53:00,335 - INFO - composites.py:459 - Create datacube.model.Dataset from eo3 metadata
2025-08-22 21:53:00,346 - INFO - composites.py:470 - Index to datacube
2025-08-22 21:53:00,346 - INFO - _datasets.py:191 - Indexing 8d52927a-a150-401f-823b-3ebb58e58001
2025-08-22 21:53:00,356 - INFO - composites.py:473 - 
2025-08-22 21:53:00,356 - INFO - composites.py:474 -              ✔✔✔ COMPLETED: Tile x11_y11 | Time: 2020-10 | In 7.27 minutes
2025-08-22 21:53:00,356 - INFO - composites.py:475 - 
2025-08-22 21:53:00,356 - INFO - composites.py:483 - Closing Dask client
2025-08-22 21:53:00,375 - INFO - composites.py:487 - Closing Dask cluster
2025-08-22 21:53:00,376 - INFO - composites.py:488 - #######################################################################
