2025-08-26 01:46:59,125 - INFO - composites.py:102 - #######################################################################
2025-08-26 01:46:59,125 - INFO - composites.py:104 - Processing started
2025-08-26 01:46:59,125 - INFO - composites.py:105 -         Tile: x11_y12
2025-08-26 01:46:59,125 - INFO - composites.py:106 -         Time: 2020-03
2025-08-26 01:46:59,125 - INFO - composites.py:109 -                           
2025-08-26 01:46:59,125 - INFO - composites.py:110 - Establishing connection to datacube
2025-08-26 01:46:59,622 - INFO - composites.py:113 -                           
2025-08-26 01:46:59,625 - INFO - composites.py:114 - Sanity test: Check if dataset already exists in the datacube
2025-08-26 01:46:59,642 - INFO - composites.py:133 - The composite requested was not found and it will be computed
2025-08-26 01:46:59,642 - INFO - composites.py:136 -                                  
2025-08-26 01:46:59,642 - INFO - composites.py:137 - Initializing Dask cluster for parallelization
2025-08-26 01:47:04,557 - INFO - composites.py:161 - Dask dashboard is available at: http://127.0.0.1:8787/status
2025-08-26 01:47:04,557 - INFO - composites.py:164 - Create directories and naming conversions
2025-08-26 01:47:04,569 - INFO - composites.py:177 - Dataset location: //nas-rs.topo.auth.gr/Latomeia/DROUGHT/composites/x11/y12/2020/03/01
2025-08-26 01:47:04,569 - INFO - composites.py:180 -                           
2025-08-26 01:47:04,569 - INFO - composites.py:181 - Retrieve tile geometry
2025-08-26 01:47:04,599 - INFO - composites.py:192 - Create the Bounding Box (φ,λ)
2025-08-26 01:47:04,599 - INFO - composites.py:198 - Create the Bounding Box (x,y)
2025-08-26 01:47:04,599 - INFO - composites.py:211 -                           
2025-08-26 01:47:04,599 - INFO - composites.py:212 - Connect to Planetary Computer STAC Catalog
2025-08-26 01:47:04,864 - INFO - composites.py:220 - Search the STAC Catalog
2025-08-26 01:47:04,931 - INFO - composites.py:232 -         Query parameters:
2025-08-26 01:47:04,931 - INFO - composites.py:233 -             url:          https://planetarycomputer.microsoft.com/api/stac/v1/search
2025-08-26 01:47:04,931 - INFO - composites.py:234 -             client:       microsoft-pc
2025-08-26 01:47:04,931 - INFO - composites.py:235 -             collection:   sentinel-2-l2a
2025-08-26 01:47:04,931 - INFO - composites.py:236 -             bbox:         (23.175034627134398, 38.50013763603257, 23.85573196352452, 39.05443515421176)
2025-08-26 01:47:04,931 - INFO - composites.py:237 -             time range:   2020-03-01T00:00:00Z/2020-03-31T23:59:59Z
2025-08-26 01:47:04,931 - INFO - composites.py:238 -             cloud cover:  0% - 70%
2025-08-26 01:47:04,931 - INFO - composites.py:239 -             nodata cover: 0% - 33%
2025-08-26 01:47:04,931 - INFO - composites.py:241 -                           
2025-08-26 01:47:04,931 - INFO - composites.py:242 - Searching...
2025-08-26 01:47:05,447 - INFO - composites.py:245 - Query found 29 items
2025-08-26 01:47:05,447 - INFO - composites.py:247 - Searching for GRI REFINED scenes:
2025-08-26 01:47:11,614 - INFO - sentinel2.py:78 - 1/29 - S2A_MSIL2A_20200331T090551_R050_T35SKD_20201022T121505 -> Not Found
2025-08-26 01:47:17,266 - INFO - sentinel2.py:78 - 2/29 - S2A_MSIL2A_20200331T090551_R050_T35SKC_20201022T121519 -> Not Found
2025-08-26 01:47:23,421 - INFO - sentinel2.py:78 - 3/29 - S2A_MSIL2A_20200331T090551_R050_T34SGJ_20201022T121515 -> Not Found
2025-08-26 01:47:28,181 - INFO - sentinel2.py:78 - 4/29 - S2A_MSIL2A_20200331T090551_R050_T34SGH_20201022T121523 -> Not Found
2025-08-26 01:47:33,738 - INFO - sentinel2.py:78 - 5/29 - S2B_MSIL2A_20200329T092029_R093_T34SFJ_20201020T204039 -> Not Found
2025-08-26 01:47:39,907 - INFO - sentinel2.py:78 - 6/29 - S2B_MSIL2A_20200329T092029_R093_T34SFH_20201020T204226 -> Not Found
2025-08-26 01:47:45,587 - INFO - sentinel2.py:78 - 7/29 - S2A_MSIL2A_20200324T092031_R093_T34SFH_20201018T204946 -> Not Found
2025-08-26 01:47:50,563 - INFO - sentinel2.py:78 - 8/29 - S2A_MSIL2A_20200321T090641_R050_T35SKD_20201014T104434 -> Not Found
2025-08-26 01:47:56,159 - INFO - sentinel2.py:78 - 9/29 - S2A_MSIL2A_20200321T090641_R050_T35SKC_20201014T104208 -> Not Found
2025-08-26 01:48:01,959 - INFO - sentinel2.py:78 - 10/29 - S2A_MSIL2A_20200321T090641_R050_T34SGJ_20201014T104214 -> Not Found
2025-08-26 01:48:06,612 - INFO - sentinel2.py:78 - 11/29 - S2A_MSIL2A_20200321T090641_R050_T34SGH_20201014T104211 -> Not Found
2025-08-26 01:48:12,742 - INFO - sentinel2.py:78 - 12/29 - S2B_MSIL2A_20200319T092029_R093_T34SFJ_20201012T164418 -> Not Found
2025-08-26 01:48:18,351 - INFO - sentinel2.py:78 - 13/29 - S2B_MSIL2A_20200319T092029_R093_T34SFH_20201012T164422 -> Not Found
2025-08-26 01:48:24,014 - INFO - sentinel2.py:78 - 14/29 - S2B_MSIL2A_20200316T090659_R050_T35SKD_20201010T094839 -> Not Found
2025-08-26 01:48:29,712 - INFO - sentinel2.py:78 - 15/29 - S2B_MSIL2A_20200316T090659_R050_T34SGJ_20201010T094700 -> Not Found
2025-08-26 01:48:35,635 - INFO - sentinel2.py:78 - 16/29 - S2A_MSIL2A_20200314T092031_R093_T34SFJ_20201009T235323 -> Not Found
2025-08-26 01:48:41,066 - INFO - sentinel2.py:78 - 17/29 - S2A_MSIL2A_20200314T092031_R093_T34SFH_20201009T235357 -> Not Found
2025-08-26 01:48:46,197 - INFO - sentinel2.py:78 - 18/29 - S2A_MSIL2A_20200311T090751_R050_T35SKD_20201005T153251 -> Not Found
2025-08-26 01:48:52,254 - INFO - sentinel2.py:78 - 19/29 - S2A_MSIL2A_20200311T090751_R050_T35SKC_20201005T153230 -> Not Found
2025-08-26 01:48:58,142 - INFO - sentinel2.py:78 - 20/29 - S2A_MSIL2A_20200311T090751_R050_T34SGJ_20201005T153239 -> Not Found
2025-08-26 01:49:04,103 - INFO - sentinel2.py:78 - 21/29 - S2A_MSIL2A_20200311T090751_R050_T34SGH_20201005T153231 -> Not Found
2025-08-26 01:49:09,541 - INFO - sentinel2.py:78 - 22/29 - S2B_MSIL2A_20200306T090729_R050_T35SKD_20200929T105826 -> Not Found
2025-08-26 01:49:15,369 - INFO - sentinel2.py:78 - 23/29 - S2B_MSIL2A_20200306T090729_R050_T35SKC_20200929T110157 -> Not Found
2025-08-26 01:49:19,653 - INFO - sentinel2.py:78 - 24/29 - S2B_MSIL2A_20200306T090729_R050_T34SGJ_20200929T110414 -> Not Found
2025-08-26 01:49:25,647 - INFO - sentinel2.py:78 - 25/29 - S2B_MSIL2A_20200306T090729_R050_T34SGH_20200929T105954 -> Not Found
2025-08-26 01:49:31,260 - INFO - sentinel2.py:78 - 26/29 - S2A_MSIL2A_20200301T090901_R050_T35SKD_20200925T223939 -> Not Found
2025-08-26 01:49:36,745 - INFO - sentinel2.py:78 - 27/29 - S2A_MSIL2A_20200301T090901_R050_T35SKC_20200925T223912 -> Not Found
2025-08-26 01:49:42,645 - INFO - sentinel2.py:78 - 28/29 - S2A_MSIL2A_20200301T090901_R050_T34SGJ_20200925T223933 -> Not Found
2025-08-26 01:49:48,742 - INFO - sentinel2.py:78 - 29/29 - S2A_MSIL2A_20200301T090901_R050_T34SGH_20200925T224050 -> Not Found
2025-08-26 01:49:48,780 - INFO - composites.py:250 -                                  
2025-08-26 01:49:48,780 - INFO - composites.py:251 - 0/29 were refined by GRI.
2025-08-26 01:49:48,781 - WARNING - composites.py:255 - Tile x11_y12 | Time: 2020-03: All scenes are flagged NOT REFINED.
2025-08-26 01:49:48,781 - WARNING - composites.py:256 - Tile x11_y12 | Time: 2020-03: The composite will be flagged with _NOREFINED.
2025-08-26 01:49:48,782 - INFO - composites.py:263 - Looking for up to 10 cleanest images within spatiotemporal range of each MGRS tile
2025-08-26 01:49:48,782 - INFO - composites.py:277 - Filtered cleanest scenes: Kept 29 out of 29 items. 
2025-08-26 01:49:48,783 - INFO - composites.py:278 -         Included MGRS Tiles: ['34SFH' '34SFJ' '34SGH' '34SGJ' '35SKC' '35SKD']
2025-08-26 01:49:48,783 - INFO - composites.py:279 -         Included EPSG codes: [32634 32635]
2025-08-26 01:49:48,783 - INFO - composites.py:281 - Selected scenes:
2025-08-26 01:49:48,784 - INFO - composites.py:283 -         S2B_MSIL2A_20200319T092029_R093_T34SFH_20201012T164422
2025-08-26 01:49:48,784 - INFO - composites.py:283 -         S2A_MSIL2A_20200314T092031_R093_T34SFH_20201009T235357
2025-08-26 01:49:48,784 - INFO - composites.py:283 -         S2B_MSIL2A_20200329T092029_R093_T34SFH_20201020T204226
2025-08-26 01:49:48,784 - INFO - composites.py:283 -         S2A_MSIL2A_20200324T092031_R093_T34SFH_20201018T204946
2025-08-26 01:49:48,784 - INFO - composites.py:283 -         S2B_MSIL2A_20200319T092029_R093_T34SFJ_20201012T164418
2025-08-26 01:49:48,784 - INFO - composites.py:283 -         S2A_MSIL2A_20200314T092031_R093_T34SFJ_20201009T235323
2025-08-26 01:49:48,784 - INFO - composites.py:283 -         S2B_MSIL2A_20200329T092029_R093_T34SFJ_20201020T204039
2025-08-26 01:49:48,785 - INFO - composites.py:283 -         S2A_MSIL2A_20200321T090641_R050_T34SGH_20201014T104211
2025-08-26 01:49:48,785 - INFO - composites.py:283 -         S2A_MSIL2A_20200301T090901_R050_T34SGH_20200925T224050
2025-08-26 01:49:48,785 - INFO - composites.py:283 -         S2A_MSIL2A_20200331T090551_R050_T34SGH_20201022T121523
2025-08-26 01:49:48,785 - INFO - composites.py:283 -         S2A_MSIL2A_20200311T090751_R050_T34SGH_20201005T153231
2025-08-26 01:49:48,785 - INFO - composites.py:283 -         S2B_MSIL2A_20200306T090729_R050_T34SGH_20200929T105954
2025-08-26 01:49:48,785 - INFO - composites.py:283 -         S2A_MSIL2A_20200321T090641_R050_T34SGJ_20201014T104214
2025-08-26 01:49:48,785 - INFO - composites.py:283 -         S2A_MSIL2A_20200301T090901_R050_T34SGJ_20200925T223933
2025-08-26 01:49:48,785 - INFO - composites.py:283 -         S2A_MSIL2A_20200311T090751_R050_T34SGJ_20201005T153239
2025-08-26 01:49:48,785 - INFO - composites.py:283 -         S2A_MSIL2A_20200331T090551_R050_T34SGJ_20201022T121515
2025-08-26 01:49:48,785 - INFO - composites.py:283 -         S2B_MSIL2A_20200306T090729_R050_T34SGJ_20200929T110414
2025-08-26 01:49:48,785 - INFO - composites.py:283 -         S2B_MSIL2A_20200316T090659_R050_T34SGJ_20201010T094700
2025-08-26 01:49:48,785 - INFO - composites.py:283 -         S2A_MSIL2A_20200321T090641_R050_T35SKC_20201014T104208
2025-08-26 01:49:48,785 - INFO - composites.py:283 -         S2A_MSIL2A_20200301T090901_R050_T35SKC_20200925T223912
2025-08-26 01:49:48,785 - INFO - composites.py:283 -         S2A_MSIL2A_20200311T090751_R050_T35SKC_20201005T153230
2025-08-26 01:49:48,785 - INFO - composites.py:283 -         S2A_MSIL2A_20200331T090551_R050_T35SKC_20201022T121519
2025-08-26 01:49:48,785 - INFO - composites.py:283 -         S2B_MSIL2A_20200306T090729_R050_T35SKC_20200929T110157
2025-08-26 01:49:48,785 - INFO - composites.py:283 -         S2A_MSIL2A_20200321T090641_R050_T35SKD_20201014T104434
2025-08-26 01:49:48,785 - INFO - composites.py:283 -         S2A_MSIL2A_20200301T090901_R050_T35SKD_20200925T223939
2025-08-26 01:49:48,785 - INFO - composites.py:283 -         S2A_MSIL2A_20200311T090751_R050_T35SKD_20201005T153251
2025-08-26 01:49:48,785 - INFO - composites.py:283 -         S2A_MSIL2A_20200331T090551_R050_T35SKD_20201022T121505
2025-08-26 01:49:48,785 - INFO - composites.py:283 -         S2B_MSIL2A_20200316T090659_R050_T35SKD_20201010T094839
2025-08-26 01:49:48,785 - INFO - composites.py:283 -         S2B_MSIL2A_20200306T090729_R050_T35SKD_20200929T105826
2025-08-26 01:49:49,231 - INFO - sentinel2.py:154 - Matplotlib backend: Agg
2025-08-26 01:49:49,531 - INFO - sentinel2.py:224 - Write input scenes footprint overlay: //nas-rs.topo.auth.gr/Latomeia/DROUGHT/composites/x11/y12/2020/03/01/S2L2A_medcomp_x11y12_202003_InDataFootprint.jpeg
2025-08-26 01:49:49,781 - INFO - composites.py:297 -                                  
2025-08-26 01:49:49,781 - INFO - composites.py:298 - Downstream STAC items from Planetary Computer
2025-08-26 01:49:49,781 - INFO - timeseries_processing.py:115 -                                  
2025-08-26 01:49:49,781 - INFO - timeseries_processing.py:116 - Loading bands of diferent resolutions in EPSG:32634
2025-08-26 01:49:49,781 - INFO - timeseries_processing.py:120 -     Filtering items with native UTM EPSG:32634
2025-08-26 01:49:49,781 - INFO - timeseries_processing.py:122 -     18 Items in EPSG:32634
2025-08-26 01:49:49,781 - INFO - timeseries_processing.py:129 -                        
2025-08-26 01:49:49,781 - INFO - timeseries_processing.py:130 -     Loading parameters:
2025-08-26 01:49:49,781 - INFO - timeseries_processing.py:131 -         Bands: ['B05', 'B07', 'B8A', 'SCL']
2025-08-26 01:49:49,781 - INFO - timeseries_processing.py:132 -         Spatial resolution: 20
2025-08-26 01:49:49,781 - INFO - timeseries_processing.py:134 -         Get Assets from STAC Items
2025-08-26 01:49:49,781 - INFO - timeseries_processing.py:47 -         Initialize the STAC client
2025-08-26 01:49:50,380 - INFO - timeseries_processing.py:137 -         Loading 18 STAC Items....
2025-08-26 01:50:49,687 - INFO - timeseries_processing.py:146 -         Cube has been downloaded
2025-08-26 01:50:49,687 - INFO - timeseries_processing.py:156 -         Fix order of dimensions
2025-08-26 01:50:49,689 - INFO - timeseries_processing.py:161 -         Append bands to the band-list of EPSG:32634
2025-08-26 01:50:49,689 - INFO - timeseries_processing.py:129 -                        
2025-08-26 01:50:49,690 - INFO - timeseries_processing.py:130 -     Loading parameters:
2025-08-26 01:50:49,690 - INFO - timeseries_processing.py:131 -         Bands: ['B02', 'B03', 'B04']
2025-08-26 01:50:49,690 - INFO - timeseries_processing.py:132 -         Spatial resolution: 10
2025-08-26 01:50:49,690 - INFO - timeseries_processing.py:134 -         Get Assets from STAC Items
2025-08-26 01:50:49,690 - INFO - timeseries_processing.py:47 -         Initialize the STAC client
2025-08-26 01:50:50,275 - INFO - timeseries_processing.py:137 -         Loading 18 STAC Items....
2025-08-26 01:52:45,032 - INFO - timeseries_processing.py:146 -         Cube has been downloaded
2025-08-26 01:52:45,032 - INFO - timeseries_processing.py:149 -         Reproject to downsample 10m bands to 20m by Resampling.average 2x2 binning and shape matching with odc.geo.GeoBox
2025-08-26 01:52:58,566 - INFO - timeseries_processing.py:161 -         Append bands to the band-list of EPSG:32634
2025-08-26 01:52:58,566 - INFO - timeseries_processing.py:165 -                        
2025-08-26 01:52:58,566 - INFO - timeseries_processing.py:166 -     Merging bands in a single dataset
2025-08-26 01:52:58,566 - INFO - timeseries_processing.py:167 -     Ensure all partial datasets are at (x=20, y=-20) resolution
2025-08-26 01:52:58,567 - INFO - timeseries_processing.py:171 -     Clip to the intersection of indexes
2025-08-26 01:52:59,532 - INFO - timeseries_processing.py:180 -     Make a list of bands to merge
2025-08-26 01:52:59,533 - INFO - timeseries_processing.py:184 -     Merge on intersection
2025-08-26 01:52:59,534 - INFO - timeseries_processing.py:192 -     Apply masks on clouds, shadows, thin cirrus, and snow/ice
2025-08-26 01:52:59,534 - INFO - sentinel2.py:122 -                Masking bits: [3, 7, 8, 9, 10, 11]
2025-08-26 01:53:00,796 - INFO - timeseries_processing.py:115 -                                  
2025-08-26 01:53:00,796 - INFO - timeseries_processing.py:116 - Loading bands of diferent resolutions in EPSG:32635
2025-08-26 01:53:00,796 - INFO - timeseries_processing.py:120 -     Filtering items with native UTM EPSG:32635
2025-08-26 01:53:00,796 - INFO - timeseries_processing.py:122 -     11 Items in EPSG:32635
2025-08-26 01:53:00,796 - INFO - timeseries_processing.py:129 -                        
2025-08-26 01:53:00,796 - INFO - timeseries_processing.py:130 -     Loading parameters:
2025-08-26 01:53:00,796 - INFO - timeseries_processing.py:131 -         Bands: ['B05', 'B07', 'B8A', 'SCL']
2025-08-26 01:53:00,796 - INFO - timeseries_processing.py:132 -         Spatial resolution: 20
2025-08-26 01:53:00,796 - INFO - timeseries_processing.py:134 -         Get Assets from STAC Items
2025-08-26 01:53:00,798 - INFO - timeseries_processing.py:47 -         Initialize the STAC client
2025-08-26 01:53:01,332 - INFO - timeseries_processing.py:137 -         Loading 11 STAC Items....
2025-08-26 01:53:35,132 - INFO - timeseries_processing.py:146 -         Cube has been downloaded
2025-08-26 01:53:35,132 - INFO - timeseries_processing.py:156 -         Fix order of dimensions
2025-08-26 01:53:35,133 - INFO - timeseries_processing.py:161 -         Append bands to the band-list of EPSG:32635
2025-08-26 01:53:35,133 - INFO - timeseries_processing.py:129 -                        
2025-08-26 01:53:35,135 - INFO - timeseries_processing.py:130 -     Loading parameters:
2025-08-26 01:53:35,135 - INFO - timeseries_processing.py:131 -         Bands: ['B02', 'B03', 'B04']
2025-08-26 01:53:35,135 - INFO - timeseries_processing.py:132 -         Spatial resolution: 10
2025-08-26 01:53:35,135 - INFO - timeseries_processing.py:134 -         Get Assets from STAC Items
2025-08-26 01:53:35,135 - INFO - timeseries_processing.py:47 -         Initialize the STAC client
2025-08-26 01:53:35,625 - INFO - timeseries_processing.py:137 -         Loading 11 STAC Items....
2025-08-26 01:54:54,079 - INFO - timeseries_processing.py:146 -         Cube has been downloaded
2025-08-26 01:54:54,088 - INFO - timeseries_processing.py:149 -         Reproject to downsample 10m bands to 20m by Resampling.average 2x2 binning and shape matching with odc.geo.GeoBox
2025-08-26 01:55:02,007 - INFO - timeseries_processing.py:161 -         Append bands to the band-list of EPSG:32635
2025-08-26 01:55:02,007 - INFO - timeseries_processing.py:165 -                        
2025-08-26 01:55:02,007 - INFO - timeseries_processing.py:166 -     Merging bands in a single dataset
2025-08-26 01:55:02,007 - INFO - timeseries_processing.py:167 -     Ensure all partial datasets are at (x=20, y=-20) resolution
2025-08-26 01:55:02,008 - INFO - timeseries_processing.py:171 -     Clip to the intersection of indexes
2025-08-26 01:55:02,009 - INFO - timeseries_processing.py:180 -     Make a list of bands to merge
2025-08-26 01:55:02,009 - INFO - timeseries_processing.py:184 -     Merge on intersection
2025-08-26 01:55:02,011 - INFO - timeseries_processing.py:192 -     Apply masks on clouds, shadows, thin cirrus, and snow/ice
2025-08-26 01:55:02,011 - INFO - sentinel2.py:122 -                Masking bits: [3, 7, 8, 9, 10, 11]
2025-08-26 01:55:02,780 - INFO - composites.py:307 - Reproject from UTM Zone to Tile geometry -> CRS(EPSG:32635), Resampling.bilinear
2025-08-26 01:55:13,915 - INFO - composites.py:310 -     New shape of datasets: Shape2d(x=2400, y=2400)
2025-08-26 01:55:14,230 - INFO - composites.py:315 -                           
2025-08-26 01:55:14,230 - INFO - composites.py:316 - Mosaic datasets to a single dataset
2025-08-26 01:55:22,774 - INFO - composites.py:342 - Creating preview plot of input scenes
2025-08-26 01:55:56,201 - INFO - timeseries_processing.py:349 - Saved preview for 'B04' to //nas-rs.topo.auth.gr/Latomeia/DROUGHT/composites/x11/y12/2020/03/01/S2L2A_medcomp_x11y12_202003_InDataPreview.jpeg
2025-08-26 01:55:56,208 - INFO - composites.py:348 - Clip value range
2025-08-26 01:55:58,157 - INFO - composites.py:353 -                           
2025-08-26 01:55:58,164 - INFO - composites.py:354 - Computing spectral indices:
2025-08-26 01:55:58,164 - INFO - composites.py:357 -     EVI...
2025-08-26 01:55:59,432 - INFO - composites.py:359 -     NDVI...
2025-08-26 01:55:59,817 - INFO - composites.py:361 -     PSRI2...
2025-08-26 01:56:00,091 - INFO - composites.py:364 - Clip to typical value range
2025-08-26 01:56:00,490 - INFO - composites.py:371 - Reducing to median value temporal composite
2025-08-26 01:56:25,594 - INFO - composites.py:390 - Scale and Define data types & nodata per band
2025-08-26 01:56:25,716 - INFO - composites.py:411 - Assign time range and tile ID in metadata
2025-08-26 01:56:25,716 - INFO - composites.py:419 - Write bands to raster COG files
2025-08-26 01:56:29,450 - INFO - composites.py:432 - Write B02 -> //nas-rs.topo.auth.gr/Latomeia/DROUGHT/composites/x11/y12/2020/03/01/S2L2A_medcomp_x11y12_202003_B02.tif
2025-08-26 01:56:33,274 - INFO - composites.py:432 - Write B03 -> //nas-rs.topo.auth.gr/Latomeia/DROUGHT/composites/x11/y12/2020/03/01/S2L2A_medcomp_x11y12_202003_B03.tif
2025-08-26 01:56:37,016 - INFO - composites.py:432 - Write B04 -> //nas-rs.topo.auth.gr/Latomeia/DROUGHT/composites/x11/y12/2020/03/01/S2L2A_medcomp_x11y12_202003_B04.tif
2025-08-26 01:56:40,860 - INFO - composites.py:432 - Write B05 -> //nas-rs.topo.auth.gr/Latomeia/DROUGHT/composites/x11/y12/2020/03/01/S2L2A_medcomp_x11y12_202003_B05.tif
2025-08-26 01:56:44,678 - INFO - composites.py:432 - Write B07 -> //nas-rs.topo.auth.gr/Latomeia/DROUGHT/composites/x11/y12/2020/03/01/S2L2A_medcomp_x11y12_202003_B07.tif
2025-08-26 01:56:48,519 - INFO - composites.py:432 - Write B8A -> //nas-rs.topo.auth.gr/Latomeia/DROUGHT/composites/x11/y12/2020/03/01/S2L2A_medcomp_x11y12_202003_B8A.tif
2025-08-26 01:56:52,229 - INFO - composites.py:432 - Write EVI -> //nas-rs.topo.auth.gr/Latomeia/DROUGHT/composites/x11/y12/2020/03/01/S2L2A_medcomp_x11y12_202003_EVI.tif
2025-08-26 01:56:55,973 - INFO - composites.py:432 - Write NDVI -> //nas-rs.topo.auth.gr/Latomeia/DROUGHT/composites/x11/y12/2020/03/01/S2L2A_medcomp_x11y12_202003_NDVI.tif
2025-08-26 01:56:59,770 - INFO - composites.py:432 - Write PSRI2 -> //nas-rs.topo.auth.gr/Latomeia/DROUGHT/composites/x11/y12/2020/03/01/S2L2A_medcomp_x11y12_202003_PSRI2.tif
2025-08-26 01:56:59,770 - INFO - composites.py:436 - Prepare metadata YAML document
2025-08-26 01:57:00,386 - INFO - composites.py:458 - Write metadata YAML document to disk
2025-08-26 01:57:00,414 - INFO - composites.py:463 - Create datacube.model.Dataset from eo3 metadata
2025-08-26 01:57:00,425 - INFO - composites.py:474 - Index to datacube
2025-08-26 01:57:00,425 - INFO - _datasets.py:191 - Indexing 91dafdc0-107c-480e-827b-4590b2ef6b73
2025-08-26 01:57:00,436 - INFO - composites.py:477 - 
2025-08-26 01:57:00,436 - INFO - composites.py:478 -              ✔✔✔ COMPLETED: Tile x11_y12 | Time: 2020-03 | In 10.02 minutes
2025-08-26 01:57:00,436 - INFO - composites.py:479 - 
2025-08-26 01:57:00,436 - INFO - composites.py:487 - Closing Dask client
2025-08-26 01:57:00,437 - INFO - composites.py:491 - Closing Dask cluster
2025-08-26 01:57:00,437 - INFO - composites.py:492 - #######################################################################
