2025-08-18 17:47:17,343 - INFO - composites.py:104 - #######################################################################
2025-08-18 17:47:17,343 - INFO - composites.py:106 - Processing started
2025-08-18 17:47:17,343 - INFO - composites.py:107 -         Tile: x10_y07
2025-08-18 17:47:17,343 - INFO - composites.py:108 -         Time: 2020-10
2025-08-18 17:47:17,343 - INFO - composites.py:111 -                           
2025-08-18 17:47:17,343 - INFO - composites.py:112 - Establishing connection to datacube
2025-08-18 17:47:18,035 - INFO - composites.py:115 -                           
2025-08-18 17:47:18,037 - INFO - composites.py:116 - Sanity test: Check if dataset already exists in the datacube
2025-08-18 17:47:18,055 - INFO - composites.py:135 - The composite requested was not found and it will be computed
2025-08-18 17:47:18,055 - INFO - composites.py:138 -                                  
2025-08-18 17:47:18,055 - INFO - composites.py:139 - Initializing Dask cluster for parallelization
2025-08-18 17:47:24,336 - INFO - composites.py:163 - Dask dashboard is available at: http://127.0.0.1:8787/status
2025-08-18 17:47:24,336 - INFO - composites.py:166 - Create directories and naming conversions
2025-08-18 17:47:24,341 - INFO - composites.py:177 - Dataset location: //nas-rs.topo.auth.gr/Latomeia/DROUGHT/COMPOS/2020/10/x10_y07
2025-08-18 17:47:24,342 - INFO - composites.py:180 -                           
2025-08-18 17:47:24,342 - INFO - composites.py:181 - Retrieve tile geometry
2025-08-18 17:47:24,383 - INFO - composites.py:192 - Create the Bounding Box (φ,λ)
2025-08-18 17:47:24,383 - INFO - composites.py:198 - Create the Bounding Box (x,y)
2025-08-18 17:47:24,383 - INFO - composites.py:211 -                           
2025-08-18 17:47:24,383 - INFO - composites.py:212 - Connect to Planetary Computer STAC Catalog
2025-08-18 17:47:24,645 - INFO - composites.py:220 - Search the STAC Catalog
2025-08-18 17:47:24,716 - INFO - composites.py:232 -         Query parameters:
2025-08-18 17:47:24,716 - INFO - composites.py:233 -             url:          https://planetarycomputer.microsoft.com/api/stac/v1/search
2025-08-18 17:47:24,716 - INFO - composites.py:234 -             client:       microsoft-pc
2025-08-18 17:47:24,716 - INFO - composites.py:235 -             collection:   sentinel-2-l2a
2025-08-18 17:47:24,716 - INFO - composites.py:236 -             bbox:         (22.240590945389282, 36.432652229987454, 22.89572626511697, 36.9835162299011)
2025-08-18 17:47:24,716 - INFO - composites.py:237 -             time range:   2020-10-01T00:00:00Z/2020-10-31T23:59:59Z
2025-08-18 17:47:24,716 - INFO - composites.py:238 -             cloud cover:  0% - 70%
2025-08-18 17:47:24,717 - INFO - composites.py:239 -             nodata cover: 0% - 33%
2025-08-18 17:47:24,717 - INFO - composites.py:241 -                           
2025-08-18 17:47:24,717 - INFO - composites.py:242 - Searching...
2025-08-18 17:47:25,159 - INFO - composites.py:245 - Query found 20 items
2025-08-18 17:47:25,159 - INFO - composites.py:247 - Searching for GRI REFINED scenes:
2025-08-18 17:47:33,018 - INFO - sentinel2.py:78 - 1/20 - S2A_MSIL2A_20201030T092121_R093_T34SFG_20201101T231254 -> Not Found
2025-08-18 17:47:41,650 - INFO - sentinel2.py:78 - 2/20 - S2A_MSIL2A_20201030T092121_R093_T34SFF_20201101T231342 -> Not Found
2025-08-18 17:47:49,457 - INFO - sentinel2.py:78 - 3/20 - S2A_MSIL2A_20201027T091101_R050_T34SFF_20201031T185400 -> Not Found
2025-08-18 17:47:58,668 - INFO - sentinel2.py:78 - 4/20 - S2B_MSIL2A_20201025T092029_R093_T34SFG_20201030T072728 -> Not Found
2025-08-18 17:48:07,441 - INFO - sentinel2.py:78 - 5/20 - S2B_MSIL2A_20201022T091029_R050_T34SFG_20201023T193606 -> Not Found
2025-08-18 17:48:16,195 - INFO - sentinel2.py:78 - 6/20 - S2B_MSIL2A_20201022T091029_R050_T34SFF_20201109T231020 -> Not Found
2025-08-18 17:48:25,223 - INFO - sentinel2.py:78 - 7/20 - S2A_MSIL2A_20201020T092031_R093_T34SFG_20201101T202904 -> Not Found
2025-08-18 17:48:34,307 - INFO - sentinel2.py:78 - 8/20 - S2A_MSIL2A_20201020T092031_R093_T34SFF_20201021T193824 -> Not Found
2025-08-18 17:48:42,237 - INFO - sentinel2.py:78 - 9/20 - S2B_MSIL2A_20201015T092029_R093_T34SFG_20201019T081050 -> Not Found
2025-08-18 17:48:53,031 - INFO - sentinel2.py:78 - 10/20 - S2B_MSIL2A_20201015T092029_R093_T34SFF_20201019T081051 -> Not Found
2025-08-18 17:49:01,660 - INFO - sentinel2.py:78 - 11/20 - S2B_MSIL2A_20201012T090829_R050_T34SFG_20201014T110353 -> Not Found
2025-08-18 17:49:09,315 - INFO - sentinel2.py:78 - 12/20 - S2B_MSIL2A_20201012T090829_R050_T34SFF_20201014T110359 -> Not Found
2025-08-18 17:49:17,921 - INFO - sentinel2.py:78 - 13/20 - S2A_MSIL2A_20201010T092031_R093_T34SFG_20201027T125111 -> Not Found
2025-08-18 17:49:26,545 - INFO - sentinel2.py:78 - 14/20 - S2A_MSIL2A_20201010T092031_R093_T34SFF_20201011T224250 -> Not Found
2025-08-18 17:49:35,601 - INFO - sentinel2.py:78 - 15/20 - S2A_MSIL2A_20201007T090851_R050_T34SFG_20201010T082248 -> Not Found
2025-08-18 17:49:44,131 - INFO - sentinel2.py:78 - 16/20 - S2A_MSIL2A_20201007T090851_R050_T34SFF_20201010T082347 -> Not Found
2025-08-18 17:49:52,070 - INFO - sentinel2.py:78 - 17/20 - S2B_MSIL2A_20201005T092029_R093_T34SFG_20201007T104222 -> Not Found
2025-08-18 17:50:00,036 - INFO - sentinel2.py:78 - 18/20 - S2B_MSIL2A_20201005T092029_R093_T34SFF_20201007T103543 -> Not Found
2025-08-18 17:50:08,785 - INFO - sentinel2.py:78 - 19/20 - S2B_MSIL2A_20201002T090719_R050_T34SFG_20201004T231354 -> Not Found
2025-08-18 17:50:17,209 - INFO - sentinel2.py:78 - 20/20 - S2B_MSIL2A_20201002T090719_R050_T34SFF_20201004T231319 -> Not Found
2025-08-18 17:50:17,272 - INFO - composites.py:250 -                                  
2025-08-18 17:50:17,272 - INFO - composites.py:251 - 0/20 were refined by GRI.
2025-08-18 17:50:17,272 - WARNING - composites.py:255 - Tile x10_y07 | Time: 2020-10: All scenes are flagged NOT REFINED.
2025-08-18 17:50:17,272 - WARNING - composites.py:256 - Tile x10_y07 | Time: 2020-10: The composite will be flagged with _NOREFINED.
2025-08-18 17:50:17,272 - INFO - composites.py:263 - Looking for up to 10 cleanest images within spatiotemporal range of each MGRS tile
2025-08-18 17:50:17,273 - INFO - composites.py:277 - Filtered cleanest scenes: Kept 20 out of 20 items. 
2025-08-18 17:50:17,273 - INFO - composites.py:278 -         Included MGRS Tiles: ['34SFF' '34SFG']
2025-08-18 17:50:17,274 - INFO - composites.py:279 -         Included EPSG codes: [32634]
2025-08-18 17:50:17,274 - INFO - composites.py:281 - Selected scenes:
2025-08-18 17:50:17,274 - INFO - composites.py:283 -         S2B_MSIL2A_20201015T092029_R093_T34SFF_20201019T081051
2025-08-18 17:50:17,274 - INFO - composites.py:283 -         S2B_MSIL2A_20201002T090719_R050_T34SFF_20201004T231319
2025-08-18 17:50:17,274 - INFO - composites.py:283 -         S2A_MSIL2A_20201010T092031_R093_T34SFF_20201011T224250
2025-08-18 17:50:17,274 - INFO - composites.py:283 -         S2B_MSIL2A_20201022T091029_R050_T34SFF_20201109T231020
2025-08-18 17:50:17,274 - INFO - composites.py:283 -         S2B_MSIL2A_20201012T090829_R050_T34SFF_20201014T110359
2025-08-18 17:50:17,274 - INFO - composites.py:283 -         S2B_MSIL2A_20201005T092029_R093_T34SFF_20201007T103543
2025-08-18 17:50:17,280 - INFO - composites.py:283 -         S2A_MSIL2A_20201030T092121_R093_T34SFF_20201101T231342
2025-08-18 17:50:17,280 - INFO - composites.py:283 -         S2A_MSIL2A_20201007T090851_R050_T34SFF_20201010T082347
2025-08-18 17:50:17,280 - INFO - composites.py:283 -         S2A_MSIL2A_20201027T091101_R050_T34SFF_20201031T185400
2025-08-18 17:50:17,280 - INFO - composites.py:283 -         S2A_MSIL2A_20201020T092031_R093_T34SFF_20201021T193824
2025-08-18 17:50:17,281 - INFO - composites.py:283 -         S2B_MSIL2A_20201015T092029_R093_T34SFG_20201019T081050
2025-08-18 17:50:17,281 - INFO - composites.py:283 -         S2A_MSIL2A_20201010T092031_R093_T34SFG_20201027T125111
2025-08-18 17:50:17,281 - INFO - composites.py:283 -         S2B_MSIL2A_20201022T091029_R050_T34SFG_20201023T193606
2025-08-18 17:50:17,281 - INFO - composites.py:283 -         S2B_MSIL2A_20201012T090829_R050_T34SFG_20201014T110353
2025-08-18 17:50:17,281 - INFO - composites.py:283 -         S2B_MSIL2A_20201002T090719_R050_T34SFG_20201004T231354
2025-08-18 17:50:17,281 - INFO - composites.py:283 -         S2A_MSIL2A_20201007T090851_R050_T34SFG_20201010T082248
2025-08-18 17:50:17,282 - INFO - composites.py:283 -         S2A_MSIL2A_20201030T092121_R093_T34SFG_20201101T231254
2025-08-18 17:50:17,282 - INFO - composites.py:283 -         S2B_MSIL2A_20201025T092029_R093_T34SFG_20201030T072728
2025-08-18 17:50:17,282 - INFO - composites.py:283 -         S2A_MSIL2A_20201020T092031_R093_T34SFG_20201101T202904
2025-08-18 17:50:17,282 - INFO - composites.py:283 -         S2B_MSIL2A_20201005T092029_R093_T34SFG_20201007T104222
2025-08-18 17:50:17,834 - INFO - sentinel2.py:154 - Matplotlib backend: Agg
2025-08-18 17:50:18,034 - INFO - sentinel2.py:224 - Write input scenes footprint overlay: //nas-rs.topo.auth.gr/Latomeia/DROUGHT/COMPOS/2020/10/x10_y07/S2L2A_medcomp_x10_y07_202010_InDataFootprint.jpeg
2025-08-18 17:50:18,367 - INFO - composites.py:297 -                                  
2025-08-18 17:50:18,367 - INFO - composites.py:298 - Downstream STAC items from Planetary Computer
2025-08-18 17:50:18,367 - INFO - timeseries_processing.py:114 -                                  
2025-08-18 17:50:18,367 - INFO - timeseries_processing.py:115 - Loading bands of diferent resolutions in EPSG:32634
2025-08-18 17:50:18,367 - INFO - timeseries_processing.py:119 -     Filtering items with native UTM EPSG:32634
2025-08-18 17:50:18,367 - INFO - timeseries_processing.py:121 -     20 Items in EPSG:32634
2025-08-18 17:50:18,367 - INFO - timeseries_processing.py:128 -                        
2025-08-18 17:50:18,367 - INFO - timeseries_processing.py:129 -     Loading parameters:
2025-08-18 17:50:18,367 - INFO - timeseries_processing.py:130 -         Bands: ['B05', 'B07', 'B8A', 'SCL']
2025-08-18 17:50:18,367 - INFO - timeseries_processing.py:131 -         Spatial resolution: 20
2025-08-18 17:50:18,367 - INFO - timeseries_processing.py:133 -         Get Assets from STAC Items
2025-08-18 17:50:18,367 - INFO - timeseries_processing.py:46 -         Initialize the STAC client
2025-08-18 17:50:18,927 - INFO - timeseries_processing.py:136 -         Loading 20 STAC Items....
2025-08-18 17:52:01,118 - INFO - timeseries_processing.py:158 -         Cube has been downloaded
2025-08-18 17:52:01,118 - INFO - timeseries_processing.py:167 -         Fix order of dimensions
2025-08-18 17:52:01,120 - INFO - timeseries_processing.py:172 -         Append bands to the band-list of EPSG:32634
2025-08-18 17:52:01,120 - INFO - timeseries_processing.py:128 -                        
2025-08-18 17:52:01,120 - INFO - timeseries_processing.py:129 -     Loading parameters:
2025-08-18 17:52:01,120 - INFO - timeseries_processing.py:130 -         Bands: ['B02', 'B03', 'B04']
2025-08-18 17:52:01,129 - INFO - timeseries_processing.py:131 -         Spatial resolution: 10
2025-08-18 17:52:01,130 - INFO - timeseries_processing.py:133 -         Get Assets from STAC Items
2025-08-18 17:52:01,130 - INFO - timeseries_processing.py:46 -         Initialize the STAC client
2025-08-18 17:52:01,799 - INFO - timeseries_processing.py:136 -         Loading 20 STAC Items....
2025-08-18 17:54:46,454 - INFO - timeseries_processing.py:158 -         Cube has been downloaded
2025-08-18 17:54:46,455 - INFO - timeseries_processing.py:161 -         Downsample 10m bands to 20m by average 2x2 binning
2025-08-18 17:55:02,738 - INFO - timeseries_processing.py:164 -         Warp (reproject) 2x2 binned bands to match shape of native 20m bands: method=bilinear
2025-08-18 17:55:16,575 - INFO - timeseries_processing.py:172 -         Append bands to the band-list of EPSG:32634
2025-08-18 17:55:16,575 - INFO - timeseries_processing.py:176 -                        
2025-08-18 17:55:16,575 - INFO - timeseries_processing.py:177 -     Merging bands in a single dataset
2025-08-18 17:55:16,575 - INFO - timeseries_processing.py:178 -     Ensure all partial datasets are at (x=20, y=-20) resolution
2025-08-18 17:55:16,576 - INFO - timeseries_processing.py:182 -     Clip to the intersection of indexes
2025-08-18 17:55:17,965 - INFO - timeseries_processing.py:191 -     Make a list of bands to merge
2025-08-18 17:55:17,966 - INFO - timeseries_processing.py:195 -     Merge on intersection
2025-08-18 17:55:17,968 - INFO - timeseries_processing.py:203 -     Apply masks on clouds, shadows, thin cirrus, and snow/ice
2025-08-18 17:55:17,968 - INFO - sentinel2.py:122 -                Masking bits: [3, 7, 8, 9, 10, 11]
2025-08-18 17:55:19,531 - INFO - timeseries_processing.py:209 -     Reproject to Tiling Schema projection EPSG:3035
2025-08-18 17:55:35,332 - INFO - composites.py:307 - Clip and align to tile geometry
2025-08-18 17:55:40,092 - INFO - composites.py:340 - Creating preview plot of input scenes
2025-08-18 17:56:24,712 - INFO - timeseries_processing.py:367 - Saved preview for 'B04' to //nas-rs.topo.auth.gr/Latomeia/DROUGHT/COMPOS/2020/10/x10_y07/S2L2A_medcomp_x10_y07_202010_InDataPreview.jpeg
2025-08-18 17:56:24,733 - INFO - composites.py:346 - Clip value range
2025-08-18 17:56:27,154 - INFO - composites.py:351 -                           
2025-08-18 17:56:27,155 - INFO - composites.py:352 - Computing spectral indices:
2025-08-18 17:56:27,155 - INFO - composites.py:355 -     EVI...
2025-08-18 17:56:28,638 - INFO - composites.py:357 -     NDVI...
2025-08-18 17:56:28,975 - INFO - composites.py:359 -     PSRI2...
2025-08-18 17:56:29,529 - INFO - composites.py:362 - Clip to typical value range
2025-08-18 17:56:30,033 - INFO - composites.py:369 - Reducing to median value temporal composite
2025-08-18 17:56:55,589 - INFO - composites.py:388 - Define data types and nodata per band
2025-08-18 17:56:55,742 - INFO - composites.py:409 - Assign time range and tile ID in metadata
2025-08-18 17:56:55,742 - INFO - composites.py:417 - Write bands to raster COG files
2025-08-18 17:57:00,445 - INFO - composites.py:430 - Write B02 -> //nas-rs.topo.auth.gr/Latomeia/DROUGHT/COMPOS/2020/10/x10_y07/S2L2A_medcomp_x10_y07_202010_B02.tif
2025-08-18 17:57:05,040 - INFO - composites.py:430 - Write B03 -> //nas-rs.topo.auth.gr/Latomeia/DROUGHT/COMPOS/2020/10/x10_y07/S2L2A_medcomp_x10_y07_202010_B03.tif
2025-08-18 17:57:09,700 - INFO - composites.py:430 - Write B04 -> //nas-rs.topo.auth.gr/Latomeia/DROUGHT/COMPOS/2020/10/x10_y07/S2L2A_medcomp_x10_y07_202010_B04.tif
2025-08-18 17:57:14,505 - INFO - composites.py:430 - Write B05 -> //nas-rs.topo.auth.gr/Latomeia/DROUGHT/COMPOS/2020/10/x10_y07/S2L2A_medcomp_x10_y07_202010_B05.tif
2025-08-18 17:57:19,303 - INFO - composites.py:430 - Write B07 -> //nas-rs.topo.auth.gr/Latomeia/DROUGHT/COMPOS/2020/10/x10_y07/S2L2A_medcomp_x10_y07_202010_B07.tif
2025-08-18 17:57:24,032 - INFO - composites.py:430 - Write B8A -> //nas-rs.topo.auth.gr/Latomeia/DROUGHT/COMPOS/2020/10/x10_y07/S2L2A_medcomp_x10_y07_202010_B8A.tif
2025-08-18 17:57:28,634 - INFO - composites.py:430 - Write EVI -> //nas-rs.topo.auth.gr/Latomeia/DROUGHT/COMPOS/2020/10/x10_y07/S2L2A_medcomp_x10_y07_202010_evi.tif
2025-08-18 17:57:33,365 - INFO - composites.py:430 - Write NDVI -> //nas-rs.topo.auth.gr/Latomeia/DROUGHT/COMPOS/2020/10/x10_y07/S2L2A_medcomp_x10_y07_202010_ndvi.tif
2025-08-18 17:57:38,082 - INFO - composites.py:430 - Write PSRI2 -> //nas-rs.topo.auth.gr/Latomeia/DROUGHT/COMPOS/2020/10/x10_y07/S2L2A_medcomp_x10_y07_202010_psri2.tif
2025-08-18 17:57:38,093 - INFO - composites.py:434 - Prepare metadata YAML document
2025-08-18 17:57:38,913 - INFO - composites.py:455 - Write metadata YAML document to disk
2025-08-18 17:57:38,959 - INFO - composites.py:460 - Create datacube.model.Dataset from eo3 metadata
2025-08-18 17:57:38,969 - INFO - composites.py:471 - Index to datacube
2025-08-18 17:57:38,969 - INFO - _datasets.py:191 - Indexing 1a71c696-725e-4715-9eb9-a0fce28f0455
2025-08-18 17:57:38,980 - INFO - composites.py:474 - 
2025-08-18 17:57:38,980 - INFO - composites.py:475 -              ✔✔✔ COMPLETED: Tile x10_y07 | Time: 2020-10 | In 10.36 minutes
2025-08-18 17:57:38,980 - INFO - composites.py:476 - 
2025-08-18 17:57:38,980 - INFO - composites.py:484 - Closing Dask client
2025-08-18 17:57:38,983 - INFO - composites.py:488 - Closing Dask cluster
2025-08-18 17:57:38,983 - INFO - composites.py:489 - #######################################################################
