2025-08-22 12:46:17,221 - INFO - composites.py:101 - #######################################################################
2025-08-22 12:46:17,222 - INFO - composites.py:103 - Processing started
2025-08-22 12:46:17,222 - INFO - composites.py:104 -         Tile: x09_y09
2025-08-22 12:46:17,222 - INFO - composites.py:105 -         Time: 2020-08
2025-08-22 12:46:17,222 - INFO - composites.py:108 -                           
2025-08-22 12:46:17,222 - INFO - composites.py:109 - Establishing connection to datacube
2025-08-22 12:46:17,800 - INFO - composites.py:112 -                           
2025-08-22 12:46:17,801 - INFO - composites.py:113 - Sanity test: Check if dataset already exists in the datacube
2025-08-22 12:46:17,818 - INFO - composites.py:132 - The composite requested was not found and it will be computed
2025-08-22 12:46:17,818 - INFO - composites.py:135 -                                  
2025-08-22 12:46:17,818 - INFO - composites.py:136 - Initializing Dask cluster for parallelization
2025-08-22 12:46:22,865 - INFO - composites.py:160 - Dask dashboard is available at: http://127.0.0.1:8787/status
2025-08-22 12:46:22,865 - INFO - composites.py:163 - Create directories and naming conversions
2025-08-22 12:46:22,869 - INFO - composites.py:174 - Dataset location: //nas-rs.topo.auth.gr/Latomeia/DROUGHT/COMPOS/2020/08/x09_y09
2025-08-22 12:46:22,869 - INFO - composites.py:177 -                           
2025-08-22 12:46:22,870 - INFO - composites.py:178 - Retrieve tile geometry
2025-08-22 12:46:22,901 - INFO - composites.py:189 - Create the Bounding Box (φ,λ)
2025-08-22 12:46:22,901 - INFO - composites.py:195 - Create the Bounding Box (x,y)
2025-08-22 12:46:22,901 - INFO - composites.py:208 -                           
2025-08-22 12:46:22,901 - INFO - composites.py:209 - Connect to Planetary Computer STAC Catalog
2025-08-22 12:46:23,117 - INFO - composites.py:217 - Search the STAC Catalog
2025-08-22 12:46:23,186 - INFO - composites.py:229 -         Query parameters:
2025-08-22 12:46:23,186 - INFO - composites.py:230 -             url:          https://planetarycomputer.microsoft.com/api/stac/v1/search
2025-08-22 12:46:23,186 - INFO - composites.py:231 -             client:       microsoft-pc
2025-08-22 12:46:23,186 - INFO - composites.py:232 -             collection:   sentinel-2-l2a
2025-08-22 12:46:23,188 - INFO - composites.py:233 -             bbox:         (21.85970105220835, 37.36314648137922, 22.52163347994685, 37.9118519319046)
2025-08-22 12:46:23,188 - INFO - composites.py:234 -             time range:   2020-08-01T00:00:00Z/2020-08-31T23:59:59Z
2025-08-22 12:46:23,188 - INFO - composites.py:235 -             cloud cover:  0% - 70%
2025-08-22 12:46:23,188 - INFO - composites.py:236 -             nodata cover: 0% - 33%
2025-08-22 12:46:23,188 - INFO - composites.py:238 -                           
2025-08-22 12:46:23,188 - INFO - composites.py:239 - Searching...
2025-08-22 12:46:23,702 - INFO - composites.py:242 - Query found 34 items
2025-08-22 12:46:23,702 - INFO - composites.py:244 - Searching for GRI REFINED scenes:
2025-08-22 12:46:31,226 - INFO - sentinel2.py:78 - 1/34 - S2A_MSIL2A_20200831T092031_R093_T34SFH_20200907T201708 -> Not Found
2025-08-22 12:46:38,903 - INFO - sentinel2.py:78 - 2/34 - S2A_MSIL2A_20200831T092031_R093_T34SFG_20200907T201645 -> Not Found
2025-08-22 12:46:47,136 - INFO - sentinel2.py:78 - 3/34 - S2A_MSIL2A_20200831T092031_R093_T34SEH_20200907T201642 -> Not Found
2025-08-22 12:46:55,092 - INFO - sentinel2.py:78 - 4/34 - S2A_MSIL2A_20200831T092031_R093_T34SEG_20200907T201645 -> Not Found
2025-08-22 12:47:02,690 - INFO - sentinel2.py:78 - 5/34 - S2A_MSIL2A_20200828T090601_R050_T34SFG_20200907T123740 -> Not Found
2025-08-22 12:47:09,682 - INFO - sentinel2.py:78 - 6/34 - S2B_MSIL2A_20200826T092029_R093_T34SFH_20200919T033155 -> Not Found
2025-08-22 12:47:16,316 - INFO - sentinel2.py:78 - 7/34 - S2B_MSIL2A_20200826T092029_R093_T34SFG_20200827T215841 -> Not Found
2025-08-22 12:47:22,996 - INFO - sentinel2.py:78 - 8/34 - S2B_MSIL2A_20200826T092029_R093_T34SEH_20200827T215852 -> Not Found
2025-08-22 12:47:30,470 - INFO - sentinel2.py:78 - 9/34 - S2B_MSIL2A_20200826T092029_R093_T34SEG_20200919T033142 -> Not Found
2025-08-22 12:47:37,013 - INFO - sentinel2.py:78 - 10/34 - S2B_MSIL2A_20200823T090559_R050_T34SFG_20200826T125634 -> Not Found
2025-08-22 12:47:43,718 - INFO - sentinel2.py:78 - 11/34 - S2A_MSIL2A_20200821T092031_R093_T34SFH_20200908T173006 -> Not Found
2025-08-22 12:47:51,010 - INFO - sentinel2.py:78 - 12/34 - S2A_MSIL2A_20200821T092031_R093_T34SFG_20200908T172959 -> Not Found
2025-08-22 12:48:00,859 - INFO - sentinel2.py:78 - 13/34 - S2A_MSIL2A_20200821T092031_R093_T34SEH_20200822T221735 -> Not Found
2025-08-22 12:48:07,553 - INFO - sentinel2.py:78 - 14/34 - S2A_MSIL2A_20200821T092031_R093_T34SEG_20200908T172924 -> Not Found
2025-08-22 12:48:15,070 - INFO - sentinel2.py:78 - 15/34 - S2A_MSIL2A_20200818T090601_R050_T34SFG_20200822T133345 -> Not Found
2025-08-22 12:48:22,370 - INFO - sentinel2.py:78 - 16/34 - S2B_MSIL2A_20200816T092029_R093_T34SFH_20200908T173007 -> Not Found
2025-08-22 12:48:29,904 - INFO - sentinel2.py:78 - 17/34 - S2B_MSIL2A_20200816T092029_R093_T34SFG_20200818T141152 -> Not Found
2025-08-22 12:48:37,745 - INFO - sentinel2.py:78 - 18/34 - S2B_MSIL2A_20200816T092029_R093_T34SEH_20200818T141212 -> Not Found
2025-08-22 12:48:45,256 - INFO - sentinel2.py:78 - 19/34 - S2B_MSIL2A_20200816T092029_R093_T34SEG_20200818T141206 -> Not Found
2025-08-22 12:48:53,772 - INFO - sentinel2.py:78 - 20/34 - S2B_MSIL2A_20200813T090559_R050_T34SFG_20200815T001507 -> Not Found
2025-08-22 12:49:01,014 - INFO - sentinel2.py:78 - 21/34 - S2A_MSIL2A_20200811T092031_R093_T34SFH_20200814T182702 -> Not Found
2025-08-22 12:49:08,696 - INFO - sentinel2.py:78 - 22/34 - S2A_MSIL2A_20200811T092031_R093_T34SFG_20200814T182702 -> Not Found
2025-08-22 12:49:16,146 - INFO - sentinel2.py:78 - 23/34 - S2A_MSIL2A_20200811T092031_R093_T34SEH_20200814T182623 -> Not Found
2025-08-22 12:49:24,213 - INFO - sentinel2.py:78 - 24/34 - S2A_MSIL2A_20200811T092031_R093_T34SEG_20200814T182640 -> Not Found
2025-08-22 12:49:32,300 - INFO - sentinel2.py:78 - 25/34 - S2A_MSIL2A_20200808T090601_R050_T34SFG_20200815T104931 -> Not Found
2025-08-22 12:49:39,827 - INFO - sentinel2.py:78 - 26/34 - S2B_MSIL2A_20200806T092029_R093_T34SFH_20200815T062515 -> Not Found
2025-08-22 12:49:46,645 - INFO - sentinel2.py:78 - 27/34 - S2B_MSIL2A_20200806T092029_R093_T34SFG_20200815T062510 -> Not Found
2025-08-22 12:49:53,510 - INFO - sentinel2.py:78 - 28/34 - S2B_MSIL2A_20200806T092029_R093_T34SEH_20200815T062513 -> Not Found
2025-08-22 12:50:01,618 - INFO - sentinel2.py:78 - 29/34 - S2B_MSIL2A_20200806T092029_R093_T34SEG_20200815T062509 -> Not Found
2025-08-22 12:50:09,181 - INFO - sentinel2.py:78 - 30/34 - S2B_MSIL2A_20200803T090559_R050_T34SFG_20200816T010454 -> Not Found
2025-08-22 12:50:17,193 - INFO - sentinel2.py:78 - 31/34 - S2A_MSIL2A_20200801T092031_R093_T34SFH_20200815T172501 -> Not Found
2025-08-22 12:50:25,710 - INFO - sentinel2.py:78 - 32/34 - S2A_MSIL2A_20200801T092031_R093_T34SFG_20200815T172500 -> Not Found
2025-08-22 12:50:33,012 - INFO - sentinel2.py:78 - 33/34 - S2A_MSIL2A_20200801T092031_R093_T34SEH_20200815T172459 -> Not Found
2025-08-22 12:50:41,138 - INFO - sentinel2.py:78 - 34/34 - S2A_MSIL2A_20200801T092031_R093_T34SEG_20200815T172458 -> Not Found
2025-08-22 12:50:41,192 - INFO - composites.py:247 -                                  
2025-08-22 12:50:41,192 - INFO - composites.py:248 - 0/34 were refined by GRI.
2025-08-22 12:50:41,192 - WARNING - composites.py:252 - Tile x09_y09 | Time: 2020-08: All scenes are flagged NOT REFINED.
2025-08-22 12:50:41,192 - WARNING - composites.py:253 - Tile x09_y09 | Time: 2020-08: The composite will be flagged with _NOREFINED.
2025-08-22 12:50:41,192 - INFO - composites.py:260 - Looking for up to 10 cleanest images within spatiotemporal range of each MGRS tile
2025-08-22 12:50:41,193 - INFO - composites.py:274 - Filtered cleanest scenes: Kept 31 out of 34 items. 
2025-08-22 12:50:41,193 - INFO - composites.py:275 -         Included MGRS Tiles: ['34SEG' '34SEH' '34SFG' '34SFH']
2025-08-22 12:50:41,193 - INFO - composites.py:276 -         Included EPSG codes: [32634]
2025-08-22 12:50:41,194 - INFO - composites.py:278 - Selected scenes:
2025-08-22 12:50:41,194 - INFO - composites.py:280 -         S2A_MSIL2A_20200831T092031_R093_T34SEG_20200907T201645
2025-08-22 12:50:41,194 - INFO - composites.py:280 -         S2B_MSIL2A_20200816T092029_R093_T34SEG_20200818T141206
2025-08-22 12:50:41,195 - INFO - composites.py:280 -         S2A_MSIL2A_20200811T092031_R093_T34SEG_20200814T182640
2025-08-22 12:50:41,195 - INFO - composites.py:280 -         S2A_MSIL2A_20200801T092031_R093_T34SEG_20200815T172458
2025-08-22 12:50:41,195 - INFO - composites.py:280 -         S2A_MSIL2A_20200821T092031_R093_T34SEG_20200908T172924
2025-08-22 12:50:41,195 - INFO - composites.py:280 -         S2B_MSIL2A_20200806T092029_R093_T34SEG_20200815T062509
2025-08-22 12:50:41,196 - INFO - composites.py:280 -         S2B_MSIL2A_20200826T092029_R093_T34SEG_20200919T033142
2025-08-22 12:50:41,196 - INFO - composites.py:280 -         S2A_MSIL2A_20200831T092031_R093_T34SEH_20200907T201642
2025-08-22 12:50:41,196 - INFO - composites.py:280 -         S2A_MSIL2A_20200821T092031_R093_T34SEH_20200822T221735
2025-08-22 12:50:41,196 - INFO - composites.py:280 -         S2B_MSIL2A_20200816T092029_R093_T34SEH_20200818T141212
2025-08-22 12:50:41,196 - INFO - composites.py:280 -         S2A_MSIL2A_20200801T092031_R093_T34SEH_20200815T172459
2025-08-22 12:50:41,196 - INFO - composites.py:280 -         S2B_MSIL2A_20200826T092029_R093_T34SEH_20200827T215852
2025-08-22 12:50:41,196 - INFO - composites.py:280 -         S2A_MSIL2A_20200811T092031_R093_T34SEH_20200814T182623
2025-08-22 12:50:41,196 - INFO - composites.py:280 -         S2B_MSIL2A_20200806T092029_R093_T34SEH_20200815T062513
2025-08-22 12:50:41,196 - INFO - composites.py:280 -         S2A_MSIL2A_20200831T092031_R093_T34SFG_20200907T201645
2025-08-22 12:50:41,196 - INFO - composites.py:280 -         S2A_MSIL2A_20200828T090601_R050_T34SFG_20200907T123740
2025-08-22 12:50:41,196 - INFO - composites.py:280 -         S2B_MSIL2A_20200803T090559_R050_T34SFG_20200816T010454
2025-08-22 12:50:41,196 - INFO - composites.py:280 -         S2B_MSIL2A_20200823T090559_R050_T34SFG_20200826T125634
2025-08-22 12:50:41,196 - INFO - composites.py:280 -         S2B_MSIL2A_20200813T090559_R050_T34SFG_20200815T001507
2025-08-22 12:50:41,196 - INFO - composites.py:280 -         S2B_MSIL2A_20200816T092029_R093_T34SFG_20200818T141152
2025-08-22 12:50:41,196 - INFO - composites.py:280 -         S2B_MSIL2A_20200806T092029_R093_T34SFG_20200815T062510
2025-08-22 12:50:41,196 - INFO - composites.py:280 -         S2A_MSIL2A_20200821T092031_R093_T34SFG_20200908T172959
2025-08-22 12:50:41,196 - INFO - composites.py:280 -         S2A_MSIL2A_20200818T090601_R050_T34SFG_20200822T133345
2025-08-22 12:50:41,196 - INFO - composites.py:280 -         S2A_MSIL2A_20200811T092031_R093_T34SFG_20200814T182702
2025-08-22 12:50:41,196 - INFO - composites.py:280 -         S2A_MSIL2A_20200831T092031_R093_T34SFH_20200907T201708
2025-08-22 12:50:41,196 - INFO - composites.py:280 -         S2B_MSIL2A_20200816T092029_R093_T34SFH_20200908T173007
2025-08-22 12:50:41,196 - INFO - composites.py:280 -         S2A_MSIL2A_20200821T092031_R093_T34SFH_20200908T173006
2025-08-22 12:50:41,196 - INFO - composites.py:280 -         S2A_MSIL2A_20200811T092031_R093_T34SFH_20200814T182702
2025-08-22 12:50:41,196 - INFO - composites.py:280 -         S2B_MSIL2A_20200826T092029_R093_T34SFH_20200919T033155
2025-08-22 12:50:41,196 - INFO - composites.py:280 -         S2B_MSIL2A_20200806T092029_R093_T34SFH_20200815T062515
2025-08-22 12:50:41,196 - INFO - composites.py:280 -         S2A_MSIL2A_20200801T092031_R093_T34SFH_20200815T172501
2025-08-22 12:50:41,676 - INFO - sentinel2.py:154 - Matplotlib backend: Agg
2025-08-22 12:50:41,956 - INFO - sentinel2.py:224 - Write input scenes footprint overlay: //nas-rs.topo.auth.gr/Latomeia/DROUGHT/COMPOS/2020/08/x09_y09/S2L2A_medcomp_x09_y09_202008_InDataFootprint.jpeg
2025-08-22 12:50:42,194 - INFO - composites.py:294 -                                  
2025-08-22 12:50:42,194 - INFO - composites.py:295 - Downstream STAC items from Planetary Computer
2025-08-22 12:50:42,195 - INFO - timeseries_processing.py:115 -                                  
2025-08-22 12:50:42,195 - INFO - timeseries_processing.py:116 - Loading bands of diferent resolutions in EPSG:32634
2025-08-22 12:50:42,195 - INFO - timeseries_processing.py:120 -     Filtering items with native UTM EPSG:32634
2025-08-22 12:50:42,195 - INFO - timeseries_processing.py:122 -     31 Items in EPSG:32634
2025-08-22 12:50:42,195 - INFO - timeseries_processing.py:129 -                        
2025-08-22 12:50:42,195 - INFO - timeseries_processing.py:130 -     Loading parameters:
2025-08-22 12:50:42,195 - INFO - timeseries_processing.py:131 -         Bands: ['B05', 'B07', 'B8A', 'SCL']
2025-08-22 12:50:42,195 - INFO - timeseries_processing.py:132 -         Spatial resolution: 20
2025-08-22 12:50:42,195 - INFO - timeseries_processing.py:134 -         Get Assets from STAC Items
2025-08-22 12:50:42,195 - INFO - timeseries_processing.py:47 -         Initialize the STAC client
2025-08-22 12:50:42,826 - INFO - timeseries_processing.py:137 -         Loading 31 STAC Items....
2025-08-22 12:52:28,010 - INFO - timeseries_processing.py:146 -         Cube has been downloaded
2025-08-22 12:52:28,010 - INFO - timeseries_processing.py:156 -         Fix order of dimensions
2025-08-22 12:52:28,012 - INFO - timeseries_processing.py:161 -         Append bands to the band-list of EPSG:32634
2025-08-22 12:52:28,012 - INFO - timeseries_processing.py:129 -                        
2025-08-22 12:52:28,012 - INFO - timeseries_processing.py:130 -     Loading parameters:
2025-08-22 12:52:28,012 - INFO - timeseries_processing.py:131 -         Bands: ['B02', 'B03', 'B04']
2025-08-22 12:52:28,012 - INFO - timeseries_processing.py:132 -         Spatial resolution: 10
2025-08-22 12:52:28,012 - INFO - timeseries_processing.py:134 -         Get Assets from STAC Items
2025-08-22 12:52:28,013 - INFO - timeseries_processing.py:47 -         Initialize the STAC client
2025-08-22 12:52:28,657 - INFO - timeseries_processing.py:137 -         Loading 31 STAC Items....
2025-08-22 12:55:33,153 - INFO - timeseries_processing.py:146 -         Cube has been downloaded
2025-08-22 12:55:33,153 - INFO - timeseries_processing.py:149 -         Reproject to downsample 10m bands to 20m by Resampling.average 2x2 binning and shape matching with odc.geo.GeoBox
2025-08-22 12:55:49,991 - INFO - timeseries_processing.py:161 -         Append bands to the band-list of EPSG:32634
2025-08-22 12:55:49,991 - INFO - timeseries_processing.py:165 -                        
2025-08-22 12:55:49,991 - INFO - timeseries_processing.py:166 -     Merging bands in a single dataset
2025-08-22 12:55:49,991 - INFO - timeseries_processing.py:167 -     Ensure all partial datasets are at (x=20, y=-20) resolution
2025-08-22 12:55:49,991 - INFO - timeseries_processing.py:171 -     Clip to the intersection of indexes
2025-08-22 12:55:51,321 - INFO - timeseries_processing.py:180 -     Make a list of bands to merge
2025-08-22 12:55:51,322 - INFO - timeseries_processing.py:184 -     Merge on intersection
2025-08-22 12:55:51,323 - INFO - timeseries_processing.py:192 -     Apply masks on clouds, shadows, thin cirrus, and snow/ice
2025-08-22 12:55:51,323 - INFO - sentinel2.py:122 -                Masking bits: [3, 7, 8, 9, 10, 11]
2025-08-22 12:55:52,859 - INFO - composites.py:304 - Reproject from UTM Zone to Tile geometry -> CRS(EPSG:32634), Resampling.bilinear
2025-08-22 12:56:00,765 - INFO - composites.py:307 -     New shape of datasets: Shape2d(x=2400, y=2400)
2025-08-22 12:56:01,428 - INFO - composites.py:339 - Creating preview plot of input scenes
2025-08-22 12:56:39,220 - INFO - timeseries_processing.py:349 - Saved preview for 'B04' to //nas-rs.topo.auth.gr/Latomeia/DROUGHT/COMPOS/2020/08/x09_y09/S2L2A_medcomp_x09_y09_202008_InDataPreview.jpeg
2025-08-22 12:56:39,228 - INFO - composites.py:345 - Clip value range
2025-08-22 12:56:41,542 - INFO - composites.py:350 -                           
2025-08-22 12:56:41,542 - INFO - composites.py:351 - Computing spectral indices:
2025-08-22 12:56:41,542 - INFO - composites.py:354 -     EVI...
2025-08-22 12:56:43,066 - INFO - composites.py:356 -     NDVI...
2025-08-22 12:56:43,416 - INFO - composites.py:358 -     PSRI2...
2025-08-22 12:56:43,932 - INFO - composites.py:361 - Clip to typical value range
2025-08-22 12:56:44,415 - INFO - composites.py:368 - Reducing to median value temporal composite
2025-08-22 12:57:13,233 - INFO - composites.py:387 - Define data types and nodata per band
2025-08-22 12:57:13,376 - INFO - composites.py:408 - Assign time range and tile ID in metadata
2025-08-22 12:57:13,376 - INFO - composites.py:416 - Write bands to raster COG files
2025-08-22 12:57:17,424 - INFO - composites.py:429 - Write B02 -> //nas-rs.topo.auth.gr/Latomeia/DROUGHT/COMPOS/2020/08/x09_y09/S2L2A_medcomp_x09_y09_202008_B02.tif
2025-08-22 12:57:21,382 - INFO - composites.py:429 - Write B03 -> //nas-rs.topo.auth.gr/Latomeia/DROUGHT/COMPOS/2020/08/x09_y09/S2L2A_medcomp_x09_y09_202008_B03.tif
2025-08-22 12:57:25,199 - INFO - composites.py:429 - Write B04 -> //nas-rs.topo.auth.gr/Latomeia/DROUGHT/COMPOS/2020/08/x09_y09/S2L2A_medcomp_x09_y09_202008_B04.tif
2025-08-22 12:57:28,968 - INFO - composites.py:429 - Write B05 -> //nas-rs.topo.auth.gr/Latomeia/DROUGHT/COMPOS/2020/08/x09_y09/S2L2A_medcomp_x09_y09_202008_B05.tif
2025-08-22 12:57:32,798 - INFO - composites.py:429 - Write B07 -> //nas-rs.topo.auth.gr/Latomeia/DROUGHT/COMPOS/2020/08/x09_y09/S2L2A_medcomp_x09_y09_202008_B07.tif
2025-08-22 12:57:36,906 - INFO - composites.py:429 - Write B8A -> //nas-rs.topo.auth.gr/Latomeia/DROUGHT/COMPOS/2020/08/x09_y09/S2L2A_medcomp_x09_y09_202008_B8A.tif
2025-08-22 12:57:40,645 - INFO - composites.py:429 - Write EVI -> //nas-rs.topo.auth.gr/Latomeia/DROUGHT/COMPOS/2020/08/x09_y09/S2L2A_medcomp_x09_y09_202008_evi.tif
2025-08-22 12:57:44,390 - INFO - composites.py:429 - Write NDVI -> //nas-rs.topo.auth.gr/Latomeia/DROUGHT/COMPOS/2020/08/x09_y09/S2L2A_medcomp_x09_y09_202008_ndvi.tif
2025-08-22 12:57:48,148 - INFO - composites.py:429 - Write PSRI2 -> //nas-rs.topo.auth.gr/Latomeia/DROUGHT/COMPOS/2020/08/x09_y09/S2L2A_medcomp_x09_y09_202008_psri2.tif
2025-08-22 12:57:48,164 - INFO - composites.py:433 - Prepare metadata YAML document
2025-08-22 12:57:48,868 - INFO - composites.py:454 - Write metadata YAML document to disk
2025-08-22 12:57:48,924 - INFO - composites.py:459 - Create datacube.model.Dataset from eo3 metadata
2025-08-22 12:57:48,935 - INFO - composites.py:470 - Index to datacube
2025-08-22 12:57:48,935 - INFO - _datasets.py:191 - Indexing 6636c1b4-e564-4098-b071-c4817aac41b6
2025-08-22 12:57:48,944 - INFO - composites.py:473 - 
2025-08-22 12:57:48,944 - INFO - composites.py:474 -              ✔✔✔ COMPLETED: Tile x09_y09 | Time: 2020-08 | In 11.53 minutes
2025-08-22 12:57:48,944 - INFO - composites.py:475 - 
2025-08-22 12:57:48,944 - INFO - composites.py:483 - Closing Dask client
2025-08-22 12:57:48,946 - INFO - composites.py:487 - Closing Dask cluster
2025-08-22 12:57:48,946 - INFO - composites.py:488 - #######################################################################
