2025-08-21 21:20:49,712 - INFO - composites.py:101 - #######################################################################
2025-08-21 21:20:49,712 - INFO - composites.py:103 - Processing started
2025-08-21 21:20:49,712 - INFO - composites.py:104 -         Tile: x08_y12
2025-08-21 21:20:49,712 - INFO - composites.py:105 -         Time: 2020-03
2025-08-21 21:20:49,712 - INFO - composites.py:108 -                           
2025-08-21 21:20:49,712 - INFO - composites.py:109 - Establishing connection to datacube
2025-08-21 21:20:50,316 - INFO - composites.py:112 -                           
2025-08-21 21:20:50,319 - INFO - composites.py:113 - Sanity test: Check if dataset already exists in the datacube
2025-08-21 21:20:50,336 - INFO - composites.py:132 - The composite requested was not found and it will be computed
2025-08-21 21:20:50,336 - INFO - composites.py:135 -                                  
2025-08-21 21:20:50,336 - INFO - composites.py:136 - Initializing Dask cluster for parallelization
2025-08-21 21:20:55,144 - INFO - composites.py:160 - Dask dashboard is available at: http://127.0.0.1:8787/status
2025-08-21 21:20:55,144 - INFO - composites.py:163 - Create directories and naming conversions
2025-08-21 21:20:55,153 - INFO - composites.py:174 - Dataset location: //nas-rs.topo.auth.gr/Latomeia/DROUGHT/COMPOS/2020/03/x08_y12
2025-08-21 21:20:55,153 - INFO - composites.py:177 -                           
2025-08-21 21:20:55,153 - INFO - composites.py:178 - Retrieve tile geometry
2025-08-21 21:20:55,181 - INFO - composites.py:189 - Create the Bounding Box (φ,λ)
2025-08-21 21:20:55,181 - INFO - composites.py:195 - Create the Bounding Box (x,y)
2025-08-21 21:20:55,181 - INFO - composites.py:208 -                           
2025-08-21 21:20:55,181 - INFO - composites.py:209 - Connect to Planetary Computer STAC Catalog
2025-08-21 21:20:55,397 - INFO - composites.py:217 - Search the STAC Catalog
2025-08-21 21:20:55,466 - INFO - composites.py:229 -         Query parameters:
2025-08-21 21:20:55,466 - INFO - composites.py:230 -             url:          https://planetarycomputer.microsoft.com/api/stac/v1/search
2025-08-21 21:20:55,466 - INFO - composites.py:231 -             client:       microsoft-pc
2025-08-21 21:20:55,466 - INFO - composites.py:232 -             collection:   sentinel-2-l2a
2025-08-21 21:20:55,466 - INFO - composites.py:233 -             bbox:         (21.54502923200265, 38.72053801140399, 22.218704170873913, 39.26725432685642)
2025-08-21 21:20:55,467 - INFO - composites.py:234 -             time range:   2020-03-01T00:00:00Z/2020-03-31T23:59:59Z
2025-08-21 21:20:55,467 - INFO - composites.py:235 -             cloud cover:  0% - 70%
2025-08-21 21:20:55,467 - INFO - composites.py:236 -             nodata cover: 0% - 33%
2025-08-21 21:20:55,467 - INFO - composites.py:238 -                           
2025-08-21 21:20:55,467 - INFO - composites.py:239 - Searching...
2025-08-21 21:20:55,915 - INFO - composites.py:242 - Query found 14 items
2025-08-21 21:20:55,915 - INFO - composites.py:244 - Searching for GRI REFINED scenes:
2025-08-21 21:21:02,119 - INFO - sentinel2.py:78 - 1/14 - S2B_MSIL2A_20200329T092029_R093_T34SFJ_20201020T204039 -> Not Found
2025-08-21 21:21:08,231 - INFO - sentinel2.py:78 - 2/14 - S2B_MSIL2A_20200329T092029_R093_T34SFH_20201020T204226 -> Not Found
2025-08-21 21:21:14,329 - INFO - sentinel2.py:78 - 3/14 - S2B_MSIL2A_20200329T092029_R093_T34SEJ_20201020T204301 -> Not Found
2025-08-21 21:21:20,209 - INFO - sentinel2.py:78 - 4/14 - S2B_MSIL2A_20200329T092029_R093_T34SEH_20201020T204238 -> Not Found
2025-08-21 21:21:25,547 - INFO - sentinel2.py:78 - 5/14 - S2A_MSIL2A_20200324T092031_R093_T34SFH_20201018T204946 -> Not Found
2025-08-21 21:21:31,540 - INFO - sentinel2.py:78 - 6/14 - S2A_MSIL2A_20200324T092031_R093_T34SEJ_20201018T204835 -> Not Found
2025-08-21 21:21:36,578 - INFO - sentinel2.py:78 - 7/14 - S2A_MSIL2A_20200324T092031_R093_T34SEH_20201018T204819 -> Not Found
2025-08-21 21:21:42,251 - INFO - sentinel2.py:78 - 8/14 - S2B_MSIL2A_20200319T092029_R093_T34SFJ_20201012T164418 -> Not Found
2025-08-21 21:21:48,276 - INFO - sentinel2.py:78 - 9/14 - S2B_MSIL2A_20200319T092029_R093_T34SFH_20201012T164422 -> Not Found
2025-08-21 21:21:54,357 - INFO - sentinel2.py:78 - 10/14 - S2B_MSIL2A_20200319T092029_R093_T34SEJ_20201012T164420 -> Not Found
2025-08-21 21:21:59,254 - INFO - sentinel2.py:78 - 11/14 - S2B_MSIL2A_20200319T092029_R093_T34SEH_20201012T164421 -> Not Found
2025-08-21 21:22:05,453 - INFO - sentinel2.py:78 - 12/14 - S2A_MSIL2A_20200314T092031_R093_T34SFJ_20201009T235323 -> Not Found
2025-08-21 21:22:11,580 - INFO - sentinel2.py:78 - 13/14 - S2A_MSIL2A_20200314T092031_R093_T34SFH_20201009T235357 -> Not Found
2025-08-21 21:22:16,531 - INFO - sentinel2.py:78 - 14/14 - S2A_MSIL2A_20200314T092031_R093_T34SEH_20201009T235407 -> Not Found
2025-08-21 21:22:16,583 - INFO - composites.py:247 -                                  
2025-08-21 21:22:16,583 - INFO - composites.py:248 - 0/14 were refined by GRI.
2025-08-21 21:22:16,583 - WARNING - composites.py:252 - Tile x08_y12 | Time: 2020-03: All scenes are flagged NOT REFINED.
2025-08-21 21:22:16,583 - WARNING - composites.py:253 - Tile x08_y12 | Time: 2020-03: The composite will be flagged with _NOREFINED.
2025-08-21 21:22:16,584 - INFO - composites.py:260 - Looking for up to 10 cleanest images within spatiotemporal range of each MGRS tile
2025-08-21 21:22:16,584 - INFO - composites.py:274 - Filtered cleanest scenes: Kept 14 out of 14 items. 
2025-08-21 21:22:16,584 - INFO - composites.py:275 -         Included MGRS Tiles: ['34SEH' '34SEJ' '34SFH' '34SFJ']
2025-08-21 21:22:16,584 - INFO - composites.py:276 -         Included EPSG codes: [32634]
2025-08-21 21:22:16,584 - INFO - composites.py:278 - Selected scenes:
2025-08-21 21:22:16,585 - INFO - composites.py:280 -         S2B_MSIL2A_20200319T092029_R093_T34SEH_20201012T164421
2025-08-21 21:22:16,585 - INFO - composites.py:280 -         S2A_MSIL2A_20200324T092031_R093_T34SEH_20201018T204819
2025-08-21 21:22:16,586 - INFO - composites.py:280 -         S2A_MSIL2A_20200314T092031_R093_T34SEH_20201009T235407
2025-08-21 21:22:16,586 - INFO - composites.py:280 -         S2B_MSIL2A_20200329T092029_R093_T34SEH_20201020T204238
2025-08-21 21:22:16,586 - INFO - composites.py:280 -         S2B_MSIL2A_20200319T092029_R093_T34SEJ_20201012T164420
2025-08-21 21:22:16,603 - INFO - composites.py:280 -         S2A_MSIL2A_20200324T092031_R093_T34SEJ_20201018T204835
2025-08-21 21:22:16,612 - INFO - composites.py:280 -         S2B_MSIL2A_20200329T092029_R093_T34SEJ_20201020T204301
2025-08-21 21:22:16,612 - INFO - composites.py:280 -         S2B_MSIL2A_20200319T092029_R093_T34SFH_20201012T164422
2025-08-21 21:22:16,612 - INFO - composites.py:280 -         S2A_MSIL2A_20200314T092031_R093_T34SFH_20201009T235357
2025-08-21 21:22:16,612 - INFO - composites.py:280 -         S2B_MSIL2A_20200329T092029_R093_T34SFH_20201020T204226
2025-08-21 21:22:16,612 - INFO - composites.py:280 -         S2A_MSIL2A_20200324T092031_R093_T34SFH_20201018T204946
2025-08-21 21:22:16,612 - INFO - composites.py:280 -         S2B_MSIL2A_20200319T092029_R093_T34SFJ_20201012T164418
2025-08-21 21:22:16,612 - INFO - composites.py:280 -         S2A_MSIL2A_20200314T092031_R093_T34SFJ_20201009T235323
2025-08-21 21:22:16,612 - INFO - composites.py:280 -         S2B_MSIL2A_20200329T092029_R093_T34SFJ_20201020T204039
2025-08-21 21:22:16,952 - INFO - sentinel2.py:154 - Matplotlib backend: Agg
2025-08-21 21:22:17,261 - INFO - sentinel2.py:224 - Write input scenes footprint overlay: //nas-rs.topo.auth.gr/Latomeia/DROUGHT/COMPOS/2020/03/x08_y12/S2L2A_medcomp_x08_y12_202003_InDataFootprint.jpeg
2025-08-21 21:22:17,464 - INFO - composites.py:294 -                                  
2025-08-21 21:22:17,464 - INFO - composites.py:295 - Downstream STAC items from Planetary Computer
2025-08-21 21:22:17,464 - INFO - timeseries_processing.py:115 -                                  
2025-08-21 21:22:17,464 - INFO - timeseries_processing.py:116 - Loading bands of diferent resolutions in EPSG:32634
2025-08-21 21:22:17,464 - INFO - timeseries_processing.py:120 -     Filtering items with native UTM EPSG:32634
2025-08-21 21:22:17,464 - INFO - timeseries_processing.py:122 -     14 Items in EPSG:32634
2025-08-21 21:22:17,464 - INFO - timeseries_processing.py:129 -                        
2025-08-21 21:22:17,464 - INFO - timeseries_processing.py:130 -     Loading parameters:
2025-08-21 21:22:17,464 - INFO - timeseries_processing.py:131 -         Bands: ['B05', 'B07', 'B8A', 'SCL']
2025-08-21 21:22:17,464 - INFO - timeseries_processing.py:132 -         Spatial resolution: 20
2025-08-21 21:22:17,464 - INFO - timeseries_processing.py:134 -         Get Assets from STAC Items
2025-08-21 21:22:17,464 - INFO - timeseries_processing.py:47 -         Initialize the STAC client
2025-08-21 21:22:18,045 - INFO - timeseries_processing.py:137 -         Loading 14 STAC Items....
2025-08-21 21:22:35,834 - INFO - timeseries_processing.py:146 -         Cube has been downloaded
2025-08-21 21:22:35,834 - INFO - timeseries_processing.py:156 -         Fix order of dimensions
2025-08-21 21:22:35,836 - INFO - timeseries_processing.py:161 -         Append bands to the band-list of EPSG:32634
2025-08-21 21:22:35,836 - INFO - timeseries_processing.py:129 -                        
2025-08-21 21:22:35,836 - INFO - timeseries_processing.py:130 -     Loading parameters:
2025-08-21 21:22:35,836 - INFO - timeseries_processing.py:131 -         Bands: ['B02', 'B03', 'B04']
2025-08-21 21:22:35,836 - INFO - timeseries_processing.py:132 -         Spatial resolution: 10
2025-08-21 21:22:35,836 - INFO - timeseries_processing.py:134 -         Get Assets from STAC Items
2025-08-21 21:22:35,836 - INFO - timeseries_processing.py:47 -         Initialize the STAC client
2025-08-21 21:22:37,493 - INFO - timeseries_processing.py:137 -         Loading 14 STAC Items....
2025-08-21 21:24:03,568 - INFO - timeseries_processing.py:146 -         Cube has been downloaded
2025-08-21 21:24:03,577 - INFO - timeseries_processing.py:149 -         Reproject to downsample 10m bands to 20m by Resampling.average 2x2 binning and shape matching with odc.geo.GeoBox
2025-08-21 21:24:09,720 - INFO - timeseries_processing.py:161 -         Append bands to the band-list of EPSG:32634
2025-08-21 21:24:09,720 - INFO - timeseries_processing.py:165 -                        
2025-08-21 21:24:09,720 - INFO - timeseries_processing.py:166 -     Merging bands in a single dataset
2025-08-21 21:24:09,720 - INFO - timeseries_processing.py:167 -     Ensure all partial datasets are at (x=20, y=-20) resolution
2025-08-21 21:24:09,720 - INFO - timeseries_processing.py:171 -     Clip to the intersection of indexes
2025-08-21 21:24:11,132 - INFO - timeseries_processing.py:180 -     Make a list of bands to merge
2025-08-21 21:24:11,138 - INFO - timeseries_processing.py:184 -     Merge on intersection
2025-08-21 21:24:11,139 - INFO - timeseries_processing.py:192 -     Apply masks on clouds, shadows, thin cirrus, and snow/ice
2025-08-21 21:24:11,139 - INFO - sentinel2.py:122 -                Masking bits: [3, 7, 8, 9, 10, 11]
2025-08-21 21:24:11,624 - INFO - composites.py:304 - Reproject from UTM Zone to Tile geometry -> CRS(EPSG:32634), Resampling.bilinear
2025-08-21 21:24:14,524 - INFO - composites.py:307 -     New shape of datasets: Shape2d(x=2400, y=2400)
2025-08-21 21:24:15,066 - INFO - composites.py:339 - Creating preview plot of input scenes
2025-08-21 21:24:35,494 - INFO - timeseries_processing.py:349 - Saved preview for 'B04' to //nas-rs.topo.auth.gr/Latomeia/DROUGHT/COMPOS/2020/03/x08_y12/S2L2A_medcomp_x08_y12_202003_InDataPreview.jpeg
2025-08-21 21:24:35,497 - INFO - composites.py:345 - Clip value range
2025-08-21 21:24:36,253 - INFO - composites.py:350 -                           
2025-08-21 21:24:36,253 - INFO - composites.py:351 - Computing spectral indices:
2025-08-21 21:24:36,253 - INFO - composites.py:354 -     EVI...
2025-08-21 21:24:36,725 - INFO - composites.py:356 -     NDVI...
2025-08-21 21:24:36,934 - INFO - composites.py:358 -     PSRI2...
2025-08-21 21:24:37,123 - INFO - composites.py:361 - Clip to typical value range
2025-08-21 21:24:37,294 - INFO - composites.py:368 - Reducing to median value temporal composite
2025-08-21 21:25:03,656 - INFO - composites.py:387 - Define data types and nodata per band
2025-08-21 21:25:03,810 - INFO - composites.py:408 - Assign time range and tile ID in metadata
2025-08-21 21:25:03,810 - INFO - composites.py:416 - Write bands to raster COG files
2025-08-21 21:25:07,619 - INFO - composites.py:429 - Write B02 -> //nas-rs.topo.auth.gr/Latomeia/DROUGHT/COMPOS/2020/03/x08_y12/S2L2A_medcomp_x08_y12_202003_B02.tif
2025-08-21 21:25:11,590 - INFO - composites.py:429 - Write B03 -> //nas-rs.topo.auth.gr/Latomeia/DROUGHT/COMPOS/2020/03/x08_y12/S2L2A_medcomp_x08_y12_202003_B03.tif
2025-08-21 21:25:15,656 - INFO - composites.py:429 - Write B04 -> //nas-rs.topo.auth.gr/Latomeia/DROUGHT/COMPOS/2020/03/x08_y12/S2L2A_medcomp_x08_y12_202003_B04.tif
2025-08-21 21:25:19,699 - INFO - composites.py:429 - Write B05 -> //nas-rs.topo.auth.gr/Latomeia/DROUGHT/COMPOS/2020/03/x08_y12/S2L2A_medcomp_x08_y12_202003_B05.tif
2025-08-21 21:25:23,801 - INFO - composites.py:429 - Write B07 -> //nas-rs.topo.auth.gr/Latomeia/DROUGHT/COMPOS/2020/03/x08_y12/S2L2A_medcomp_x08_y12_202003_B07.tif
2025-08-21 21:25:27,632 - INFO - composites.py:429 - Write B8A -> //nas-rs.topo.auth.gr/Latomeia/DROUGHT/COMPOS/2020/03/x08_y12/S2L2A_medcomp_x08_y12_202003_B8A.tif
2025-08-21 21:25:31,416 - INFO - composites.py:429 - Write EVI -> //nas-rs.topo.auth.gr/Latomeia/DROUGHT/COMPOS/2020/03/x08_y12/S2L2A_medcomp_x08_y12_202003_evi.tif
2025-08-21 21:25:35,154 - INFO - composites.py:429 - Write NDVI -> //nas-rs.topo.auth.gr/Latomeia/DROUGHT/COMPOS/2020/03/x08_y12/S2L2A_medcomp_x08_y12_202003_ndvi.tif
2025-08-21 21:25:38,935 - INFO - composites.py:429 - Write PSRI2 -> //nas-rs.topo.auth.gr/Latomeia/DROUGHT/COMPOS/2020/03/x08_y12/S2L2A_medcomp_x08_y12_202003_psri2.tif
2025-08-21 21:25:38,951 - INFO - composites.py:433 - Prepare metadata YAML document
2025-08-21 21:25:39,668 - INFO - composites.py:454 - Write metadata YAML document to disk
2025-08-21 21:25:39,716 - INFO - composites.py:459 - Create datacube.model.Dataset from eo3 metadata
2025-08-21 21:25:39,728 - INFO - composites.py:470 - Index to datacube
2025-08-21 21:25:39,728 - INFO - _datasets.py:191 - Indexing bcf3f8fb-fb65-412a-a65e-2cb82df9797b
2025-08-21 21:25:39,738 - INFO - composites.py:473 - 
2025-08-21 21:25:39,738 - INFO - composites.py:474 -              ✔✔✔ COMPLETED: Tile x08_y12 | Time: 2020-03 | In 4.83 minutes
2025-08-21 21:25:39,738 - INFO - composites.py:475 - 
2025-08-21 21:25:39,738 - INFO - composites.py:483 - Closing Dask client
2025-08-21 21:25:39,739 - INFO - composites.py:487 - Closing Dask cluster
2025-08-21 21:25:39,740 - INFO - composites.py:488 - #######################################################################
