2025-08-25 07:18:34,444 - INFO - composites.py:102 - #######################################################################
2025-08-25 07:18:34,445 - INFO - composites.py:104 - Processing started
2025-08-25 07:18:34,445 - INFO - composites.py:105 -         Tile: x09_y12
2025-08-25 07:18:34,445 - INFO - composites.py:106 -         Time: 2020-05
2025-08-25 07:18:34,445 - INFO - composites.py:109 -                           
2025-08-25 07:18:34,445 - INFO - composites.py:110 - Establishing connection to datacube
2025-08-25 07:18:34,990 - INFO - composites.py:113 -                           
2025-08-25 07:18:34,990 - INFO - composites.py:114 - Sanity test: Check if dataset already exists in the datacube
2025-08-25 07:18:35,014 - INFO - composites.py:133 - The composite requested was not found and it will be computed
2025-08-25 07:18:35,014 - INFO - composites.py:136 -                                  
2025-08-25 07:18:35,014 - INFO - composites.py:137 - Initializing Dask cluster for parallelization
2025-08-25 07:18:39,967 - INFO - composites.py:161 - Dask dashboard is available at: http://127.0.0.1:8787/status
2025-08-25 07:18:39,967 - INFO - composites.py:164 - Create directories and naming conversions
2025-08-25 07:18:39,976 - INFO - composites.py:175 - Dataset location: //nas-rs.topo.auth.gr/Latomeia/DROUGHT/COMPOS/2020/05/x09_y12
2025-08-25 07:18:39,976 - INFO - composites.py:178 -                           
2025-08-25 07:18:39,976 - INFO - composites.py:179 - Retrieve tile geometry
2025-08-25 07:18:40,006 - INFO - composites.py:190 - Create the Bounding Box (φ,λ)
2025-08-25 07:18:40,006 - INFO - composites.py:196 - Create the Bounding Box (x,y)
2025-08-25 07:18:40,006 - INFO - composites.py:209 -                           
2025-08-25 07:18:40,006 - INFO - composites.py:210 - Connect to Planetary Computer STAC Catalog
2025-08-25 07:18:40,295 - INFO - composites.py:218 - Search the STAC Catalog
2025-08-25 07:18:40,364 - INFO - composites.py:230 -         Query parameters:
2025-08-25 07:18:40,364 - INFO - composites.py:231 -             url:          https://planetarycomputer.microsoft.com/api/stac/v1/search
2025-08-25 07:18:40,364 - INFO - composites.py:232 -             client:       microsoft-pc
2025-08-25 07:18:40,364 - INFO - composites.py:233 -             collection:   sentinel-2-l2a
2025-08-25 07:18:40,364 - INFO - composites.py:234 -             bbox:         (22.08935468900074, 38.65012671670289, 22.765437865885517, 39.19940074346311)
2025-08-25 07:18:40,364 - INFO - composites.py:235 -             time range:   2020-05-01T00:00:00Z/2020-05-31T23:59:59Z
2025-08-25 07:18:40,364 - INFO - composites.py:236 -             cloud cover:  0% - 70%
2025-08-25 07:18:40,364 - INFO - composites.py:237 -             nodata cover: 0% - 33%
2025-08-25 07:18:40,364 - INFO - composites.py:239 -                           
2025-08-25 07:18:40,364 - INFO - composites.py:240 - Searching...
2025-08-25 07:18:40,847 - INFO - composites.py:243 - Query found 24 items
2025-08-25 07:18:40,847 - INFO - composites.py:245 - Searching for GRI REFINED scenes:
2025-08-25 07:18:45,913 - INFO - sentinel2.py:78 - 1/24 - S2B_MSIL2A_20200528T092029_R093_T34SFJ_20200911T074413 -> Not Found
2025-08-25 07:18:50,098 - INFO - sentinel2.py:78 - 2/24 - S2B_MSIL2A_20200528T092029_R093_T34SFH_20200911T074409 -> Not Found
2025-08-25 07:18:55,222 - INFO - sentinel2.py:78 - 3/24 - S2B_MSIL2A_20200528T092029_R093_T34SEJ_20200911T074413 -> Not Found
2025-08-25 07:18:59,329 - INFO - sentinel2.py:78 - 4/24 - S2B_MSIL2A_20200528T092029_R093_T34SEH_20200911T074408 -> Not Found
2025-08-25 07:19:04,455 - INFO - sentinel2.py:78 - 5/24 - S2A_MSIL2A_20200523T092031_R093_T34SFJ_20200910T161146 -> Not Found
2025-08-25 07:19:08,838 - INFO - sentinel2.py:78 - 6/24 - S2A_MSIL2A_20200523T092031_R093_T34SFH_20200910T161147 -> Not Found
2025-08-25 07:19:13,258 - INFO - sentinel2.py:78 - 7/24 - S2A_MSIL2A_20200523T092031_R093_T34SEJ_20200910T161147 -> Not Found
2025-08-25 07:19:18,563 - INFO - sentinel2.py:78 - 8/24 - S2A_MSIL2A_20200523T092031_R093_T34SEH_20200910T161147 -> Not Found
2025-08-25 07:19:22,552 - INFO - sentinel2.py:78 - 9/24 - S2B_MSIL2A_20200518T092029_R093_T34SFJ_20200910T033459 -> Not Found
2025-08-25 07:19:26,825 - INFO - sentinel2.py:78 - 10/24 - S2B_MSIL2A_20200518T092029_R093_T34SFH_20201027T071128 -> Not Found
2025-08-25 07:19:31,878 - INFO - sentinel2.py:78 - 11/24 - S2B_MSIL2A_20200518T092029_R093_T34SEJ_20200919T033149 -> Not Found
2025-08-25 07:19:35,891 - INFO - sentinel2.py:78 - 12/24 - S2B_MSIL2A_20200518T092029_R093_T34SEH_20200910T033454 -> Not Found
2025-08-25 07:19:40,924 - INFO - sentinel2.py:78 - 13/24 - S2A_MSIL2A_20200513T092031_R093_T34SFJ_20200918T002820 -> Not Found
2025-08-25 07:19:46,192 - INFO - sentinel2.py:78 - 14/24 - S2A_MSIL2A_20200513T092031_R093_T34SFH_20200918T002822 -> Not Found
2025-08-25 07:19:50,581 - INFO - sentinel2.py:78 - 15/24 - S2A_MSIL2A_20200513T092031_R093_T34SEJ_20200918T002820 -> Not Found
2025-08-25 07:19:56,043 - INFO - sentinel2.py:78 - 16/24 - S2A_MSIL2A_20200513T092031_R093_T34SEH_20200918T002812 -> Not Found
2025-08-25 07:19:59,913 - INFO - sentinel2.py:78 - 17/24 - S2B_MSIL2A_20200508T092029_R093_T34SFJ_20200921T013438 -> Not Found
2025-08-25 07:20:04,047 - INFO - sentinel2.py:78 - 18/24 - S2B_MSIL2A_20200508T092029_R093_T34SFH_20200921T013436 -> Not Found
2025-08-25 07:20:09,232 - INFO - sentinel2.py:78 - 19/24 - S2B_MSIL2A_20200508T092029_R093_T34SEJ_20200921T013434 -> Not Found
2025-08-25 07:20:14,623 - INFO - sentinel2.py:78 - 20/24 - S2B_MSIL2A_20200508T092029_R093_T34SEH_20200921T013438 -> Not Found
2025-08-25 07:20:18,517 - INFO - sentinel2.py:78 - 21/24 - S2A_MSIL2A_20200503T092031_R093_T34SFJ_20200920T073240 -> Not Found
2025-08-25 07:20:25,501 - INFO - sentinel2.py:78 - 22/24 - S2A_MSIL2A_20200503T092031_R093_T34SFH_20200920T073242 -> Not Found
2025-08-25 07:20:30,737 - INFO - sentinel2.py:78 - 23/24 - S2A_MSIL2A_20200503T092031_R093_T34SEJ_20200920T073227 -> Not Found
2025-08-25 07:20:36,637 - INFO - sentinel2.py:78 - 24/24 - S2A_MSIL2A_20200503T092031_R093_T34SEH_20200920T073223 -> Not Found
2025-08-25 07:20:36,682 - INFO - composites.py:248 -                                  
2025-08-25 07:20:36,682 - INFO - composites.py:249 - 0/24 were refined by GRI.
2025-08-25 07:20:36,683 - WARNING - composites.py:253 - Tile x09_y12 | Time: 2020-05: All scenes are flagged NOT REFINED.
2025-08-25 07:20:36,683 - WARNING - composites.py:254 - Tile x09_y12 | Time: 2020-05: The composite will be flagged with _NOREFINED.
2025-08-25 07:20:36,683 - INFO - composites.py:261 - Looking for up to 10 cleanest images within spatiotemporal range of each MGRS tile
2025-08-25 07:20:36,683 - INFO - composites.py:275 - Filtered cleanest scenes: Kept 24 out of 24 items. 
2025-08-25 07:20:36,685 - INFO - composites.py:276 -         Included MGRS Tiles: ['34SEH' '34SEJ' '34SFH' '34SFJ']
2025-08-25 07:20:36,685 - INFO - composites.py:277 -         Included EPSG codes: [32634]
2025-08-25 07:20:36,685 - INFO - composites.py:279 - Selected scenes:
2025-08-25 07:20:36,685 - INFO - composites.py:281 -         S2A_MSIL2A_20200513T092031_R093_T34SEH_20200918T002812
2025-08-25 07:20:36,686 - INFO - composites.py:281 -         S2B_MSIL2A_20200508T092029_R093_T34SEH_20200921T013438
2025-08-25 07:20:36,686 - INFO - composites.py:281 -         S2A_MSIL2A_20200523T092031_R093_T34SEH_20200910T161147
2025-08-25 07:20:36,686 - INFO - composites.py:281 -         S2B_MSIL2A_20200518T092029_R093_T34SEH_20200910T033454
2025-08-25 07:20:36,686 - INFO - composites.py:281 -         S2B_MSIL2A_20200528T092029_R093_T34SEH_20200911T074408
2025-08-25 07:20:36,686 - INFO - composites.py:281 -         S2A_MSIL2A_20200503T092031_R093_T34SEH_20200920T073223
2025-08-25 07:20:36,686 - INFO - composites.py:281 -         S2A_MSIL2A_20200513T092031_R093_T34SEJ_20200918T002820
2025-08-25 07:20:36,686 - INFO - composites.py:281 -         S2B_MSIL2A_20200508T092029_R093_T34SEJ_20200921T013434
2025-08-25 07:20:36,686 - INFO - composites.py:281 -         S2A_MSIL2A_20200523T092031_R093_T34SEJ_20200910T161147
2025-08-25 07:20:36,686 - INFO - composites.py:281 -         S2A_MSIL2A_20200503T092031_R093_T34SEJ_20200920T073227
2025-08-25 07:20:36,686 - INFO - composites.py:281 -         S2B_MSIL2A_20200528T092029_R093_T34SEJ_20200911T074413
2025-08-25 07:20:36,686 - INFO - composites.py:281 -         S2B_MSIL2A_20200518T092029_R093_T34SEJ_20200919T033149
2025-08-25 07:20:36,686 - INFO - composites.py:281 -         S2A_MSIL2A_20200513T092031_R093_T34SFH_20200918T002822
2025-08-25 07:20:36,686 - INFO - composites.py:281 -         S2B_MSIL2A_20200508T092029_R093_T34SFH_20200921T013436
2025-08-25 07:20:36,686 - INFO - composites.py:281 -         S2A_MSIL2A_20200523T092031_R093_T34SFH_20200910T161147
2025-08-25 07:20:36,686 - INFO - composites.py:281 -         S2A_MSIL2A_20200503T092031_R093_T34SFH_20200920T073242
2025-08-25 07:20:36,686 - INFO - composites.py:281 -         S2B_MSIL2A_20200518T092029_R093_T34SFH_20201027T071128
2025-08-25 07:20:36,686 - INFO - composites.py:281 -         S2B_MSIL2A_20200528T092029_R093_T34SFH_20200911T074409
2025-08-25 07:20:36,686 - INFO - composites.py:281 -         S2A_MSIL2A_20200513T092031_R093_T34SFJ_20200918T002820
2025-08-25 07:20:36,686 - INFO - composites.py:281 -         S2B_MSIL2A_20200508T092029_R093_T34SFJ_20200921T013438
2025-08-25 07:20:36,686 - INFO - composites.py:281 -         S2A_MSIL2A_20200503T092031_R093_T34SFJ_20200920T073240
2025-08-25 07:20:36,686 - INFO - composites.py:281 -         S2A_MSIL2A_20200523T092031_R093_T34SFJ_20200910T161146
2025-08-25 07:20:36,686 - INFO - composites.py:281 -         S2B_MSIL2A_20200528T092029_R093_T34SFJ_20200911T074413
2025-08-25 07:20:36,686 - INFO - composites.py:281 -         S2B_MSIL2A_20200518T092029_R093_T34SFJ_20200910T033459
2025-08-25 07:20:37,070 - INFO - sentinel2.py:154 - Matplotlib backend: Agg
2025-08-25 07:20:37,404 - INFO - sentinel2.py:224 - Write input scenes footprint overlay: //nas-rs.topo.auth.gr/Latomeia/DROUGHT/COMPOS/2020/05/x09_y12/S2L2A_medcomp_x09_y12_202005_InDataFootprint.jpeg
2025-08-25 07:20:37,650 - INFO - composites.py:295 -                                  
2025-08-25 07:20:37,650 - INFO - composites.py:296 - Downstream STAC items from Planetary Computer
2025-08-25 07:20:37,650 - INFO - timeseries_processing.py:115 -                                  
2025-08-25 07:20:37,650 - INFO - timeseries_processing.py:116 - Loading bands of diferent resolutions in EPSG:32634
2025-08-25 07:20:37,650 - INFO - timeseries_processing.py:120 -     Filtering items with native UTM EPSG:32634
2025-08-25 07:20:37,650 - INFO - timeseries_processing.py:122 -     24 Items in EPSG:32634
2025-08-25 07:20:37,650 - INFO - timeseries_processing.py:129 -                        
2025-08-25 07:20:37,650 - INFO - timeseries_processing.py:130 -     Loading parameters:
2025-08-25 07:20:37,650 - INFO - timeseries_processing.py:131 -         Bands: ['B05', 'B07', 'B8A', 'SCL']
2025-08-25 07:20:37,650 - INFO - timeseries_processing.py:132 -         Spatial resolution: 20
2025-08-25 07:20:37,650 - INFO - timeseries_processing.py:134 -         Get Assets from STAC Items
2025-08-25 07:20:37,650 - INFO - timeseries_processing.py:47 -         Initialize the STAC client
2025-08-25 07:20:38,407 - INFO - timeseries_processing.py:137 -         Loading 24 STAC Items....
2025-08-25 07:22:22,784 - INFO - timeseries_processing.py:146 -         Cube has been downloaded
2025-08-25 07:22:22,786 - INFO - timeseries_processing.py:156 -         Fix order of dimensions
2025-08-25 07:22:22,787 - INFO - timeseries_processing.py:161 -         Append bands to the band-list of EPSG:32634
2025-08-25 07:22:22,787 - INFO - timeseries_processing.py:129 -                        
2025-08-25 07:22:22,787 - INFO - timeseries_processing.py:130 -     Loading parameters:
2025-08-25 07:22:22,788 - INFO - timeseries_processing.py:131 -         Bands: ['B02', 'B03', 'B04']
2025-08-25 07:22:22,789 - INFO - timeseries_processing.py:132 -         Spatial resolution: 10
2025-08-25 07:22:22,789 - INFO - timeseries_processing.py:134 -         Get Assets from STAC Items
2025-08-25 07:22:22,790 - INFO - timeseries_processing.py:47 -         Initialize the STAC client
2025-08-25 07:22:23,392 - INFO - timeseries_processing.py:137 -         Loading 24 STAC Items....
2025-08-25 07:26:07,111 - INFO - timeseries_processing.py:146 -         Cube has been downloaded
2025-08-25 07:26:07,111 - INFO - timeseries_processing.py:149 -         Reproject to downsample 10m bands to 20m by Resampling.average 2x2 binning and shape matching with odc.geo.GeoBox
2025-08-25 07:26:16,123 - INFO - timeseries_processing.py:161 -         Append bands to the band-list of EPSG:32634
2025-08-25 07:26:16,123 - INFO - timeseries_processing.py:165 -                        
2025-08-25 07:26:16,123 - INFO - timeseries_processing.py:166 -     Merging bands in a single dataset
2025-08-25 07:26:16,123 - INFO - timeseries_processing.py:167 -     Ensure all partial datasets are at (x=20, y=-20) resolution
2025-08-25 07:26:16,123 - INFO - timeseries_processing.py:171 -     Clip to the intersection of indexes
2025-08-25 07:26:17,212 - INFO - timeseries_processing.py:180 -     Make a list of bands to merge
2025-08-25 07:26:17,213 - INFO - timeseries_processing.py:184 -     Merge on intersection
2025-08-25 07:26:17,214 - INFO - timeseries_processing.py:192 -     Apply masks on clouds, shadows, thin cirrus, and snow/ice
2025-08-25 07:26:17,214 - INFO - sentinel2.py:122 -                Masking bits: [3, 7, 8, 9, 10, 11]
2025-08-25 07:26:17,928 - INFO - composites.py:305 - Reproject from UTM Zone to Tile geometry -> CRS(EPSG:32634), Resampling.bilinear
2025-08-25 07:26:21,807 - INFO - composites.py:308 -     New shape of datasets: Shape2d(x=2400, y=2400)
2025-08-25 07:26:22,458 - INFO - composites.py:340 - Creating preview plot of input scenes
2025-08-25 07:26:46,409 - INFO - timeseries_processing.py:349 - Saved preview for 'B04' to //nas-rs.topo.auth.gr/Latomeia/DROUGHT/COMPOS/2020/05/x09_y12/S2L2A_medcomp_x09_y12_202005_InDataPreview.jpeg
2025-08-25 07:26:46,414 - INFO - composites.py:346 - Clip value range
2025-08-25 07:26:47,587 - INFO - composites.py:351 -                           
2025-08-25 07:26:47,587 - INFO - composites.py:352 - Computing spectral indices:
2025-08-25 07:26:47,587 - INFO - composites.py:355 -     EVI...
2025-08-25 07:26:48,339 - INFO - composites.py:357 -     NDVI...
2025-08-25 07:26:48,562 - INFO - composites.py:359 -     PSRI2...
2025-08-25 07:26:48,717 - INFO - composites.py:362 - Clip to typical value range
2025-08-25 07:26:48,993 - INFO - composites.py:369 - Reducing to median value temporal composite
2025-08-25 07:27:13,060 - INFO - composites.py:388 - Scale and Define data types & nodata per band
2025-08-25 07:27:13,175 - INFO - composites.py:409 - Assign time range and tile ID in metadata
2025-08-25 07:27:13,175 - INFO - composites.py:417 - Write bands to raster COG files
2025-08-25 07:27:16,928 - INFO - composites.py:430 - Write B02 -> //nas-rs.topo.auth.gr/Latomeia/DROUGHT/COMPOS/2020/05/x09_y12/S2L2A_medcomp_x09_y12_202005_B02.tif
2025-08-25 07:27:20,661 - INFO - composites.py:430 - Write B03 -> //nas-rs.topo.auth.gr/Latomeia/DROUGHT/COMPOS/2020/05/x09_y12/S2L2A_medcomp_x09_y12_202005_B03.tif
2025-08-25 07:27:24,408 - INFO - composites.py:430 - Write B04 -> //nas-rs.topo.auth.gr/Latomeia/DROUGHT/COMPOS/2020/05/x09_y12/S2L2A_medcomp_x09_y12_202005_B04.tif
2025-08-25 07:27:28,198 - INFO - composites.py:430 - Write B05 -> //nas-rs.topo.auth.gr/Latomeia/DROUGHT/COMPOS/2020/05/x09_y12/S2L2A_medcomp_x09_y12_202005_B05.tif
2025-08-25 07:27:31,990 - INFO - composites.py:430 - Write B07 -> //nas-rs.topo.auth.gr/Latomeia/DROUGHT/COMPOS/2020/05/x09_y12/S2L2A_medcomp_x09_y12_202005_B07.tif
2025-08-25 07:27:35,754 - INFO - composites.py:430 - Write B8A -> //nas-rs.topo.auth.gr/Latomeia/DROUGHT/COMPOS/2020/05/x09_y12/S2L2A_medcomp_x09_y12_202005_B8A.tif
2025-08-25 07:27:39,497 - INFO - composites.py:430 - Write EVI -> //nas-rs.topo.auth.gr/Latomeia/DROUGHT/COMPOS/2020/05/x09_y12/S2L2A_medcomp_x09_y12_202005_EVI.tif
2025-08-25 07:27:43,226 - INFO - composites.py:430 - Write NDVI -> //nas-rs.topo.auth.gr/Latomeia/DROUGHT/COMPOS/2020/05/x09_y12/S2L2A_medcomp_x09_y12_202005_NDVI.tif
2025-08-25 07:27:46,909 - INFO - composites.py:430 - Write PSRI2 -> //nas-rs.topo.auth.gr/Latomeia/DROUGHT/COMPOS/2020/05/x09_y12/S2L2A_medcomp_x09_y12_202005_PSRI2.tif
2025-08-25 07:27:46,909 - INFO - composites.py:434 - Prepare metadata YAML document
2025-08-25 07:27:47,572 - INFO - composites.py:455 - Write metadata YAML document to disk
2025-08-25 07:27:47,612 - INFO - composites.py:460 - Create datacube.model.Dataset from eo3 metadata
2025-08-25 07:27:47,624 - INFO - composites.py:471 - Index to datacube
2025-08-25 07:27:47,624 - INFO - _datasets.py:191 - Indexing 948f7252-f59e-4031-87d9-ccb218dfb7e5
2025-08-25 07:27:47,633 - INFO - composites.py:474 - 
2025-08-25 07:27:47,633 - INFO - composites.py:475 -              ✔✔✔ COMPLETED: Tile x09_y12 | Time: 2020-05 | In 9.22 minutes
2025-08-25 07:27:47,633 - INFO - composites.py:476 - 
2025-08-25 07:27:47,633 - INFO - composites.py:484 - Closing Dask client
2025-08-25 07:27:47,635 - INFO - composites.py:488 - Closing Dask cluster
2025-08-25 07:27:47,636 - INFO - composites.py:489 - #######################################################################
