2025-08-19 21:18:29,897 - INFO - composites.py:100 - #######################################################################
2025-08-19 21:18:29,897 - INFO - composites.py:102 - Processing started
2025-08-19 21:18:29,897 - INFO - composites.py:103 -         Tile: x11_y08
2025-08-19 21:18:29,897 - INFO - composites.py:104 -         Time: 2021-07
2025-08-19 21:18:29,898 - INFO - composites.py:107 -                           
2025-08-19 21:18:29,898 - INFO - composites.py:108 - Establishing connection to datacube
2025-08-19 21:18:30,615 - INFO - composites.py:111 -                           
2025-08-19 21:18:30,617 - INFO - composites.py:112 - Sanity test: Check if dataset already exists in the datacube
2025-08-19 21:18:30,637 - INFO - composites.py:131 - The composite requested was not found and it will be computed
2025-08-19 21:18:30,637 - INFO - composites.py:134 -                                  
2025-08-19 21:18:30,637 - INFO - composites.py:135 - Initializing Dask cluster for parallelization
2025-08-19 21:18:36,490 - INFO - composites.py:159 - Dask dashboard is available at: http://127.0.0.1:8787/status
2025-08-19 21:18:36,490 - INFO - composites.py:162 - Create directories and naming conversions
2025-08-19 21:18:36,496 - INFO - composites.py:173 - Dataset location: //nas-rs.topo.auth.gr/Latomeia/DROUGHT/COMPOS/2021/07/x11_y08
2025-08-19 21:18:36,496 - INFO - composites.py:176 -                           
2025-08-19 21:18:36,496 - INFO - composites.py:177 - Retrieve tile geometry
2025-08-19 21:18:36,539 - INFO - composites.py:188 - Create the Bounding Box (φ,λ)
2025-08-19 21:18:36,539 - INFO - composites.py:194 - Create the Bounding Box (x,y)
2025-08-19 21:18:36,539 - INFO - composites.py:207 -                           
2025-08-19 21:18:36,539 - INFO - composites.py:208 - Connect to Planetary Computer STAC Catalog
2025-08-19 21:18:36,836 - INFO - composites.py:216 - Search the STAC Catalog
2025-08-19 21:18:36,989 - INFO - composites.py:228 -         Query parameters:
2025-08-19 21:18:36,990 - INFO - composites.py:229 -             url:          https://planetarycomputer.microsoft.com/api/stac/v1/search
2025-08-19 21:18:36,990 - INFO - composites.py:230 -             client:       microsoft-pc
2025-08-19 21:18:36,990 - INFO - composites.py:231 -             collection:   sentinel-2-l2a
2025-08-19 21:18:36,990 - INFO - composites.py:232 -             bbox:         (22.845726265116973, 36.78783321302753, 23.507514150864267, 37.341312623754334)
2025-08-19 21:18:36,990 - INFO - composites.py:233 -             time range:   2021-07-01T00:00:00Z/2021-07-31T23:59:59Z
2025-08-19 21:18:36,990 - INFO - composites.py:234 -             cloud cover:  0% - 70%
2025-08-19 21:18:36,990 - INFO - composites.py:235 -             nodata cover: 0% - 33%
2025-08-19 21:18:36,990 - INFO - composites.py:237 -                           
2025-08-19 21:18:36,990 - INFO - composites.py:238 - Searching...
2025-08-19 21:18:37,554 - INFO - composites.py:241 - Query found 36 items
2025-08-19 21:18:37,554 - INFO - composites.py:243 - Searching for GRI REFINED scenes:
2025-08-19 21:18:43,028 - INFO - sentinel2.py:78 - 1/36 - S2B_MSIL2A_20210729T090559_R050_T34SGG_20210802T040909 -> REFINED
2025-08-19 21:18:49,389 - INFO - sentinel2.py:78 - 2/36 - S2B_MSIL2A_20210729T090559_R050_T34SGF_20210802T050659 -> REFINED
2025-08-19 21:18:54,528 - INFO - sentinel2.py:78 - 3/36 - S2B_MSIL2A_20210729T090559_R050_T34SFG_20210802T044220 -> REFINED
2025-08-19 21:19:00,436 - INFO - sentinel2.py:78 - 4/36 - S2B_MSIL2A_20210729T090559_R050_T34SFF_20210802T044324 -> REFINED
2025-08-19 21:19:06,582 - INFO - sentinel2.py:78 - 5/36 - S2A_MSIL2A_20210727T092031_R093_T34SFG_20210727T195913 -> REFINED
2025-08-19 21:19:12,748 - INFO - sentinel2.py:78 - 6/36 - S2A_MSIL2A_20210727T092031_R093_T34SFF_20210727T203939 -> REFINED
2025-08-19 21:19:19,064 - INFO - sentinel2.py:78 - 7/36 - S2A_MSIL2A_20210724T090601_R050_T34SGG_20210724T184018 -> REFINED
2025-08-19 21:19:25,387 - INFO - sentinel2.py:78 - 8/36 - S2A_MSIL2A_20210724T090601_R050_T34SGF_20210724T184230 -> REFINED
2025-08-19 21:19:31,640 - INFO - sentinel2.py:78 - 9/36 - S2A_MSIL2A_20210724T090601_R050_T34SFG_20210724T195113 -> REFINED
2025-08-19 21:19:38,001 - INFO - sentinel2.py:78 - 10/36 - S2A_MSIL2A_20210724T090601_R050_T34SFF_20210724T184743 -> REFINED
2025-08-19 21:19:45,014 - INFO - sentinel2.py:78 - 11/36 - S2B_MSIL2A_20210722T092029_R093_T34SFG_20210722T200538 -> REFINED
2025-08-19 21:19:50,150 - INFO - sentinel2.py:78 - 12/36 - S2B_MSIL2A_20210722T092029_R093_T34SFF_20210722T205528 -> REFINED
2025-08-19 21:20:00,344 - INFO - sentinel2.py:78 - 13/36 - S2B_MSIL2A_20210719T090559_R050_T34SGG_20210719T193638 -> REFINED
2025-08-19 21:20:06,602 - INFO - sentinel2.py:78 - 14/36 - S2B_MSIL2A_20210719T090559_R050_T34SGF_20210719T171219 -> REFINED
2025-08-19 21:20:12,468 - INFO - sentinel2.py:78 - 15/36 - S2B_MSIL2A_20210719T090559_R050_T34SFG_20210719T183441 -> REFINED
2025-08-19 21:20:19,192 - INFO - sentinel2.py:78 - 16/36 - S2B_MSIL2A_20210719T090559_R050_T34SFF_20210719T183357 -> REFINED
2025-08-19 21:20:25,817 - INFO - sentinel2.py:78 - 17/36 - S2A_MSIL2A_20210717T092031_R093_T34SFG_20210717T220738 -> REFINED
2025-08-19 21:20:32,150 - INFO - sentinel2.py:78 - 18/36 - S2A_MSIL2A_20210717T092031_R093_T34SFF_20210717T215647 -> REFINED
2025-08-19 21:20:38,906 - INFO - sentinel2.py:78 - 19/36 - S2A_MSIL2A_20210714T090601_R050_T34SGG_20210714T233220 -> REFINED
2025-08-19 21:20:43,963 - INFO - sentinel2.py:78 - 20/36 - S2A_MSIL2A_20210714T090601_R050_T34SGF_20210714T215704 -> REFINED
2025-08-19 21:20:50,195 - INFO - sentinel2.py:78 - 21/36 - S2A_MSIL2A_20210714T090601_R050_T34SFG_20210714T223955 -> REFINED
2025-08-19 21:20:56,515 - INFO - sentinel2.py:78 - 22/36 - S2A_MSIL2A_20210714T090601_R050_T34SFF_20210714T214605 -> REFINED
2025-08-19 21:21:02,437 - INFO - sentinel2.py:78 - 23/36 - S2B_MSIL2A_20210712T092029_R093_T34SFG_20210712T192945 -> REFINED
2025-08-19 21:21:12,680 - INFO - sentinel2.py:78 - 24/36 - S2B_MSIL2A_20210712T092029_R093_T34SFF_20210712T192232 -> REFINED
2025-08-19 21:21:18,684 - INFO - sentinel2.py:78 - 25/36 - S2B_MSIL2A_20210709T090559_R050_T34SGG_20210710T010825 -> REFINED
2025-08-19 21:21:25,010 - INFO - sentinel2.py:78 - 26/36 - S2B_MSIL2A_20210709T090559_R050_T34SGF_20210710T034302 -> REFINED
2025-08-19 21:21:30,159 - INFO - sentinel2.py:78 - 27/36 - S2B_MSIL2A_20210709T090559_R050_T34SFG_20210710T011445 -> REFINED
2025-08-19 21:21:36,409 - INFO - sentinel2.py:78 - 28/36 - S2B_MSIL2A_20210709T090559_R050_T34SFF_20210710T025738 -> REFINED
2025-08-19 21:21:43,085 - INFO - sentinel2.py:78 - 29/36 - S2A_MSIL2A_20210707T092031_R093_T34SFG_20210708T021009 -> REFINED
2025-08-19 21:21:48,470 - INFO - sentinel2.py:78 - 30/36 - S2A_MSIL2A_20210707T092031_R093_T34SFF_20210708T015601 -> REFINED
2025-08-19 21:21:54,019 - INFO - sentinel2.py:78 - 31/36 - S2A_MSIL2A_20210704T090601_R050_T34SGG_20210704T223537 -> REFINED
2025-08-19 21:21:59,587 - INFO - sentinel2.py:78 - 32/36 - S2A_MSIL2A_20210704T090601_R050_T34SGF_20210704T232230 -> REFINED
2025-08-19 21:22:05,363 - INFO - sentinel2.py:78 - 33/36 - S2A_MSIL2A_20210704T090601_R050_T34SFG_20210704T230605 -> REFINED
2025-08-19 21:22:11,382 - INFO - sentinel2.py:78 - 34/36 - S2A_MSIL2A_20210704T090601_R050_T34SFF_20210704T223245 -> REFINED
2025-08-19 21:22:17,752 - INFO - sentinel2.py:78 - 35/36 - S2B_MSIL2A_20210702T092029_R093_T34SFG_20210702T234801 -> REFINED
2025-08-19 21:22:24,259 - INFO - sentinel2.py:78 - 36/36 - S2B_MSIL2A_20210702T092029_R093_T34SFF_20210702T224949 -> REFINED
2025-08-19 21:22:24,316 - INFO - composites.py:246 -                                  
2025-08-19 21:22:24,317 - INFO - composites.py:247 - 36/36 were refined by GRI.
2025-08-19 21:22:24,317 - INFO - composites.py:259 - Looking for up to 10 cleanest images within spatiotemporal range of each MGRS tile
2025-08-19 21:22:24,318 - INFO - composites.py:273 - Filtered cleanest scenes: Kept 32 out of 36 items. 
2025-08-19 21:22:24,319 - INFO - composites.py:274 -         Included MGRS Tiles: ['34SFF' '34SFG' '34SGF' '34SGG']
2025-08-19 21:22:24,319 - INFO - composites.py:275 -         Included EPSG codes: [32634]
2025-08-19 21:22:24,319 - INFO - composites.py:277 - Selected scenes:
2025-08-19 21:22:24,319 - INFO - composites.py:279 -         S2B_MSIL2A_20210729T090559_R050_T34SFF_20210802T044324
2025-08-19 21:22:24,319 - INFO - composites.py:279 -         S2A_MSIL2A_20210727T092031_R093_T34SFF_20210727T203939
2025-08-19 21:22:24,319 - INFO - composites.py:279 -         S2A_MSIL2A_20210714T090601_R050_T34SFF_20210714T214605
2025-08-19 21:22:24,320 - INFO - composites.py:279 -         S2B_MSIL2A_20210709T090559_R050_T34SFF_20210710T025738
2025-08-19 21:22:24,325 - INFO - composites.py:279 -         S2A_MSIL2A_20210704T090601_R050_T34SFF_20210704T223245
2025-08-19 21:22:24,326 - INFO - composites.py:279 -         S2B_MSIL2A_20210719T090559_R050_T34SFF_20210719T183357
2025-08-19 21:22:24,326 - INFO - composites.py:279 -         S2A_MSIL2A_20210724T090601_R050_T34SFF_20210724T184743
2025-08-19 21:22:24,326 - INFO - composites.py:279 -         S2A_MSIL2A_20210717T092031_R093_T34SFF_20210717T215647
2025-08-19 21:22:24,326 - INFO - composites.py:279 -         S2B_MSIL2A_20210722T092029_R093_T34SFF_20210722T205528
2025-08-19 21:22:24,326 - INFO - composites.py:279 -         S2B_MSIL2A_20210702T092029_R093_T34SFF_20210702T224949
2025-08-19 21:22:24,326 - INFO - composites.py:279 -         S2B_MSIL2A_20210729T090559_R050_T34SFG_20210802T044220
2025-08-19 21:22:24,326 - INFO - composites.py:279 -         S2A_MSIL2A_20210727T092031_R093_T34SFG_20210727T195913
2025-08-19 21:22:24,326 - INFO - composites.py:279 -         S2A_MSIL2A_20210714T090601_R050_T34SFG_20210714T223955
2025-08-19 21:22:24,326 - INFO - composites.py:279 -         S2B_MSIL2A_20210709T090559_R050_T34SFG_20210710T011445
2025-08-19 21:22:24,326 - INFO - composites.py:279 -         S2A_MSIL2A_20210724T090601_R050_T34SFG_20210724T195113
2025-08-19 21:22:24,326 - INFO - composites.py:279 -         S2B_MSIL2A_20210719T090559_R050_T34SFG_20210719T183441
2025-08-19 21:22:24,326 - INFO - composites.py:279 -         S2A_MSIL2A_20210704T090601_R050_T34SFG_20210704T230605
2025-08-19 21:22:24,326 - INFO - composites.py:279 -         S2A_MSIL2A_20210717T092031_R093_T34SFG_20210717T220738
2025-08-19 21:22:24,326 - INFO - composites.py:279 -         S2B_MSIL2A_20210712T092029_R093_T34SFG_20210712T192945
2025-08-19 21:22:24,326 - INFO - composites.py:279 -         S2B_MSIL2A_20210702T092029_R093_T34SFG_20210702T234801
2025-08-19 21:22:24,326 - INFO - composites.py:279 -         S2B_MSIL2A_20210729T090559_R050_T34SGF_20210802T050659
2025-08-19 21:22:24,326 - INFO - composites.py:279 -         S2A_MSIL2A_20210714T090601_R050_T34SGF_20210714T215704
2025-08-19 21:22:24,326 - INFO - composites.py:279 -         S2A_MSIL2A_20210724T090601_R050_T34SGF_20210724T184230
2025-08-19 21:22:24,326 - INFO - composites.py:279 -         S2B_MSIL2A_20210709T090559_R050_T34SGF_20210710T034302
2025-08-19 21:22:24,326 - INFO - composites.py:279 -         S2A_MSIL2A_20210704T090601_R050_T34SGF_20210704T232230
2025-08-19 21:22:24,326 - INFO - composites.py:279 -         S2B_MSIL2A_20210719T090559_R050_T34SGF_20210719T171219
2025-08-19 21:22:24,326 - INFO - composites.py:279 -         S2B_MSIL2A_20210729T090559_R050_T34SGG_20210802T040909
2025-08-19 21:22:24,326 - INFO - composites.py:279 -         S2A_MSIL2A_20210714T090601_R050_T34SGG_20210714T233220
2025-08-19 21:22:24,326 - INFO - composites.py:279 -         S2B_MSIL2A_20210709T090559_R050_T34SGG_20210710T010825
2025-08-19 21:22:24,326 - INFO - composites.py:279 -         S2A_MSIL2A_20210704T090601_R050_T34SGG_20210704T223537
2025-08-19 21:22:24,326 - INFO - composites.py:279 -         S2A_MSIL2A_20210724T090601_R050_T34SGG_20210724T184018
2025-08-19 21:22:24,326 - INFO - composites.py:279 -         S2B_MSIL2A_20210719T090559_R050_T34SGG_20210719T193638
2025-08-19 21:22:24,912 - INFO - sentinel2.py:154 - Matplotlib backend: Agg
2025-08-19 21:22:25,243 - INFO - sentinel2.py:224 - Write input scenes footprint overlay: //nas-rs.topo.auth.gr/Latomeia/DROUGHT/COMPOS/2021/07/x11_y08/S2L2A_medcomp_x11_y08_202107_InDataFootprint.jpeg
2025-08-19 21:22:25,542 - INFO - composites.py:293 -                                  
2025-08-19 21:22:25,542 - INFO - composites.py:294 - Downstream STAC items from Planetary Computer
2025-08-19 21:22:25,542 - INFO - timeseries_processing.py:114 -                                  
2025-08-19 21:22:25,542 - INFO - timeseries_processing.py:115 - Loading bands of diferent resolutions in EPSG:32634
2025-08-19 21:22:25,542 - INFO - timeseries_processing.py:119 -     Filtering items with native UTM EPSG:32634
2025-08-19 21:22:25,542 - INFO - timeseries_processing.py:121 -     32 Items in EPSG:32634
2025-08-19 21:22:25,543 - INFO - timeseries_processing.py:128 -                        
2025-08-19 21:22:25,543 - INFO - timeseries_processing.py:129 -     Loading parameters:
2025-08-19 21:22:25,543 - INFO - timeseries_processing.py:130 -         Bands: ['B05', 'B07', 'B8A', 'SCL']
2025-08-19 21:22:25,543 - INFO - timeseries_processing.py:131 -         Spatial resolution: 20
2025-08-19 21:22:25,543 - INFO - timeseries_processing.py:133 -         Get Assets from STAC Items
2025-08-19 21:22:25,543 - INFO - timeseries_processing.py:46 -         Initialize the STAC client
2025-08-19 21:22:26,305 - INFO - timeseries_processing.py:136 -         Loading 32 STAC Items....
2025-08-19 21:24:42,586 - INFO - timeseries_processing.py:158 -         Cube has been downloaded
2025-08-19 21:24:42,586 - INFO - timeseries_processing.py:167 -         Fix order of dimensions
2025-08-19 21:24:42,588 - INFO - timeseries_processing.py:172 -         Append bands to the band-list of EPSG:32634
2025-08-19 21:24:42,589 - INFO - timeseries_processing.py:128 -                        
2025-08-19 21:24:42,589 - INFO - timeseries_processing.py:129 -     Loading parameters:
2025-08-19 21:24:42,589 - INFO - timeseries_processing.py:130 -         Bands: ['B02', 'B03', 'B04']
2025-08-19 21:24:42,590 - INFO - timeseries_processing.py:131 -         Spatial resolution: 10
2025-08-19 21:24:42,590 - INFO - timeseries_processing.py:133 -         Get Assets from STAC Items
2025-08-19 21:24:42,590 - INFO - timeseries_processing.py:46 -         Initialize the STAC client
2025-08-19 21:24:43,464 - INFO - timeseries_processing.py:136 -         Loading 32 STAC Items....
2025-08-19 21:27:47,195 - INFO - timeseries_processing.py:158 -         Cube has been downloaded
2025-08-19 21:27:47,200 - INFO - timeseries_processing.py:161 -         Downsample 10m bands to 20m by average 2x2 binning
2025-08-19 21:28:03,600 - INFO - timeseries_processing.py:164 -         Align binned bands to native 20m bands (shape matching): method=bilinear
2025-08-19 21:28:16,182 - INFO - timeseries_processing.py:172 -         Append bands to the band-list of EPSG:32634
2025-08-19 21:28:16,182 - INFO - timeseries_processing.py:176 -                        
2025-08-19 21:28:16,183 - INFO - timeseries_processing.py:177 -     Merging bands in a single dataset
2025-08-19 21:28:16,183 - INFO - timeseries_processing.py:178 -     Ensure all partial datasets are at (x=20, y=-20) resolution
2025-08-19 21:28:16,183 - INFO - timeseries_processing.py:182 -     Clip to the intersection of indexes
2025-08-19 21:28:17,601 - INFO - timeseries_processing.py:191 -     Make a list of bands to merge
2025-08-19 21:28:17,608 - INFO - timeseries_processing.py:195 -     Merge on intersection
2025-08-19 21:28:17,610 - INFO - timeseries_processing.py:203 -     Apply masks on clouds, shadows, thin cirrus, and snow/ice
2025-08-19 21:28:17,610 - INFO - sentinel2.py:122 -                Masking bits: [3, 7, 8, 9, 10, 11]
2025-08-19 21:28:19,146 - INFO - timeseries_processing.py:209 -     Reproject to Tiling Schema projection EPSG:3035
2025-08-19 21:28:35,454 - INFO - composites.py:303 - Clip and align to tile geometry
2025-08-19 21:28:40,330 - INFO - composites.py:336 - Creating preview plot of input scenes
2025-08-19 21:29:24,812 - INFO - timeseries_processing.py:367 - Saved preview for 'B04' to //nas-rs.topo.auth.gr/Latomeia/DROUGHT/COMPOS/2021/07/x11_y08/S2L2A_medcomp_x11_y08_202107_InDataPreview.jpeg
2025-08-19 21:29:24,843 - INFO - composites.py:342 - Clip value range
2025-08-19 21:29:27,296 - INFO - composites.py:347 -                           
2025-08-19 21:29:27,296 - INFO - composites.py:348 - Computing spectral indices:
2025-08-19 21:29:27,296 - INFO - composites.py:351 -     EVI...
2025-08-19 21:29:28,837 - INFO - composites.py:353 -     NDVI...
2025-08-19 21:29:29,163 - INFO - composites.py:355 -     PSRI2...
2025-08-19 21:29:29,656 - INFO - composites.py:358 - Clip to typical value range
2025-08-19 21:29:30,161 - INFO - composites.py:365 - Reducing to median value temporal composite
2025-08-19 21:29:57,531 - INFO - composites.py:384 - Define data types and nodata per band
2025-08-19 21:29:57,672 - INFO - composites.py:405 - Assign time range and tile ID in metadata
2025-08-19 21:29:57,672 - INFO - composites.py:413 - Write bands to raster COG files
2025-08-19 21:30:02,171 - INFO - composites.py:426 - Write B02 -> //nas-rs.topo.auth.gr/Latomeia/DROUGHT/COMPOS/2021/07/x11_y08/S2L2A_medcomp_x11_y08_202107_B02.tif
2025-08-19 21:30:06,781 - INFO - composites.py:426 - Write B03 -> //nas-rs.topo.auth.gr/Latomeia/DROUGHT/COMPOS/2021/07/x11_y08/S2L2A_medcomp_x11_y08_202107_B03.tif
2025-08-19 21:30:11,687 - INFO - composites.py:426 - Write B04 -> //nas-rs.topo.auth.gr/Latomeia/DROUGHT/COMPOS/2021/07/x11_y08/S2L2A_medcomp_x11_y08_202107_B04.tif
2025-08-19 21:30:16,284 - INFO - composites.py:426 - Write B05 -> //nas-rs.topo.auth.gr/Latomeia/DROUGHT/COMPOS/2021/07/x11_y08/S2L2A_medcomp_x11_y08_202107_B05.tif
2025-08-19 21:30:20,843 - INFO - composites.py:426 - Write B07 -> //nas-rs.topo.auth.gr/Latomeia/DROUGHT/COMPOS/2021/07/x11_y08/S2L2A_medcomp_x11_y08_202107_B07.tif
2025-08-19 21:30:25,481 - INFO - composites.py:426 - Write B8A -> //nas-rs.topo.auth.gr/Latomeia/DROUGHT/COMPOS/2021/07/x11_y08/S2L2A_medcomp_x11_y08_202107_B8A.tif
2025-08-19 21:30:29,991 - INFO - composites.py:426 - Write EVI -> //nas-rs.topo.auth.gr/Latomeia/DROUGHT/COMPOS/2021/07/x11_y08/S2L2A_medcomp_x11_y08_202107_evi.tif
2025-08-19 21:30:34,748 - INFO - composites.py:426 - Write NDVI -> //nas-rs.topo.auth.gr/Latomeia/DROUGHT/COMPOS/2021/07/x11_y08/S2L2A_medcomp_x11_y08_202107_ndvi.tif
2025-08-19 21:30:39,563 - INFO - composites.py:426 - Write PSRI2 -> //nas-rs.topo.auth.gr/Latomeia/DROUGHT/COMPOS/2021/07/x11_y08/S2L2A_medcomp_x11_y08_202107_psri2.tif
2025-08-19 21:30:39,563 - INFO - composites.py:430 - Prepare metadata YAML document
2025-08-19 21:30:40,487 - INFO - composites.py:451 - Write metadata YAML document to disk
2025-08-19 21:30:40,569 - INFO - composites.py:456 - Create datacube.model.Dataset from eo3 metadata
2025-08-19 21:30:40,584 - INFO - composites.py:467 - Index to datacube
2025-08-19 21:30:40,585 - INFO - _datasets.py:191 - Indexing d5a94594-f7b0-4c97-b35d-df613399b3bd
2025-08-19 21:30:40,595 - INFO - composites.py:470 - 
2025-08-19 21:30:40,595 - INFO - composites.py:471 -              ✔✔✔ COMPLETED: Tile x11_y08 | Time: 2021-07 | In 12.18 minutes
2025-08-19 21:30:40,595 - INFO - composites.py:472 - 
2025-08-19 21:30:40,595 - INFO - composites.py:480 - Closing Dask client
2025-08-19 21:30:40,604 - INFO - composites.py:484 - Closing Dask cluster
2025-08-19 21:30:40,604 - INFO - composites.py:485 - #######################################################################
