2025-08-19 00:37:58,283 - INFO - composites.py:104 - #######################################################################
2025-08-19 00:37:58,283 - INFO - composites.py:106 - Processing started
2025-08-19 00:37:58,283 - INFO - composites.py:107 -         Tile: x12_y11
2025-08-19 00:37:58,283 - INFO - composites.py:108 -         Time: 2020-12
2025-08-19 00:37:58,283 - INFO - composites.py:111 -                           
2025-08-19 00:37:58,283 - INFO - composites.py:112 - Establishing connection to datacube
2025-08-19 00:37:58,960 - INFO - composites.py:115 -                           
2025-08-19 00:37:58,961 - INFO - composites.py:116 - Sanity test: Check if dataset already exists in the datacube
2025-08-19 00:37:58,980 - INFO - composites.py:135 - The composite requested was not found and it will be computed
2025-08-19 00:37:58,980 - INFO - composites.py:138 -                                  
2025-08-19 00:37:58,980 - INFO - composites.py:139 - Initializing Dask cluster for parallelization
2025-08-19 00:38:05,176 - INFO - composites.py:163 - Dask dashboard is available at: http://127.0.0.1:8787/status
2025-08-19 00:38:05,176 - INFO - composites.py:166 - Create directories and naming conversions
2025-08-19 00:38:05,182 - INFO - composites.py:177 - Dataset location: //nas-rs.topo.auth.gr/Latomeia/DROUGHT/COMPOS/2020/12/x12_y11
2025-08-19 00:38:05,182 - INFO - composites.py:180 -                           
2025-08-19 00:38:05,182 - INFO - composites.py:181 - Retrieve tile geometry
2025-08-19 00:38:05,221 - INFO - composites.py:192 - Create the Bounding Box (φ,λ)
2025-08-19 00:38:05,221 - INFO - composites.py:198 - Create the Bounding Box (x,y)
2025-08-19 00:38:05,221 - INFO - composites.py:211 -                           
2025-08-19 00:38:05,221 - INFO - composites.py:212 - Connect to Planetary Computer STAC Catalog
2025-08-19 00:38:05,524 - INFO - composites.py:220 - Search the STAC Catalog
2025-08-19 00:38:05,594 - INFO - composites.py:232 -         Query parameters:
2025-08-19 00:38:05,594 - INFO - composites.py:233 -             url:          https://planetarycomputer.microsoft.com/api/stac/v1/search
2025-08-19 00:38:05,594 - INFO - composites.py:234 -             client:       microsoft-pc
2025-08-19 00:38:05,594 - INFO - composites.py:235 -             collection:   sentinel-2-l2a
2025-08-19 00:38:05,594 - INFO - composites.py:236 -             bbox:         (23.628548648210305, 37.993645379626564, 24.306565062510593, 38.55017402535158)
2025-08-19 00:38:05,594 - INFO - composites.py:237 -             time range:   2020-12-01T00:00:00Z/2020-12-31T23:59:59Z
2025-08-19 00:38:05,594 - INFO - composites.py:238 -             cloud cover:  0% - 70%
2025-08-19 00:38:05,594 - INFO - composites.py:239 -             nodata cover: 0% - 33%
2025-08-19 00:38:05,594 - INFO - composites.py:241 -                           
2025-08-19 00:38:05,594 - INFO - composites.py:242 - Searching...
2025-08-19 00:38:05,984 - INFO - composites.py:245 - Query found 6 items
2025-08-19 00:38:05,985 - INFO - composites.py:247 - Searching for GRI REFINED scenes:
2025-08-19 00:38:12,035 - INFO - sentinel2.py:78 - 1/6 - S2B_MSIL2A_20201231T091309_R050_T35SKC_20210101T055710 -> Not Found
2025-08-19 00:38:18,023 - INFO - sentinel2.py:78 - 2/6 - S2B_MSIL2A_20201231T091309_R050_T34SGH_20201231T231223 -> Not Found
2025-08-19 00:38:23,005 - INFO - sentinel2.py:78 - 3/6 - S2A_MSIL2A_20201216T091401_R050_T35SKC_20201217T035052 -> Not Found
2025-08-19 00:38:28,207 - INFO - sentinel2.py:78 - 4/6 - S2A_MSIL2A_20201216T091401_R050_T34SGH_20201217T034544 -> Not Found
2025-08-19 00:38:33,652 - INFO - sentinel2.py:78 - 5/6 - S2A_MSIL2A_20201206T091351_R050_T35SKC_20201220T043022 -> Not Found
2025-08-19 00:38:40,526 - INFO - sentinel2.py:78 - 6/6 - S2A_MSIL2A_20201206T091351_R050_T34SGH_20201207T083313 -> Not Found
2025-08-19 00:38:40,602 - INFO - composites.py:250 -                                  
2025-08-19 00:38:40,602 - INFO - composites.py:251 - 0/6 were refined by GRI.
2025-08-19 00:38:40,603 - WARNING - composites.py:255 - Tile x12_y11 | Time: 2020-12: All scenes are flagged NOT REFINED.
2025-08-19 00:38:40,603 - WARNING - composites.py:256 - Tile x12_y11 | Time: 2020-12: The composite will be flagged with _NOREFINED.
2025-08-19 00:38:40,603 - INFO - composites.py:263 - Looking for up to 10 cleanest images within spatiotemporal range of each MGRS tile
2025-08-19 00:38:40,604 - INFO - composites.py:277 - Filtered cleanest scenes: Kept 6 out of 6 items. 
2025-08-19 00:38:40,604 - INFO - composites.py:278 -         Included MGRS Tiles: ['34SGH' '35SKC']
2025-08-19 00:38:40,604 - INFO - composites.py:279 -         Included EPSG codes: [32634 32635]
2025-08-19 00:38:40,604 - INFO - composites.py:281 - Selected scenes:
2025-08-19 00:38:40,604 - INFO - composites.py:283 -         S2A_MSIL2A_20201206T091351_R050_T34SGH_20201207T083313
2025-08-19 00:38:40,606 - INFO - composites.py:283 -         S2A_MSIL2A_20201216T091401_R050_T34SGH_20201217T034544
2025-08-19 00:38:40,606 - INFO - composites.py:283 -         S2B_MSIL2A_20201231T091309_R050_T34SGH_20201231T231223
2025-08-19 00:38:40,606 - INFO - composites.py:283 -         S2A_MSIL2A_20201206T091351_R050_T35SKC_20201220T043022
2025-08-19 00:38:40,606 - INFO - composites.py:283 -         S2A_MSIL2A_20201216T091401_R050_T35SKC_20201217T035052
2025-08-19 00:38:40,606 - INFO - composites.py:283 -         S2B_MSIL2A_20201231T091309_R050_T35SKC_20210101T055710
2025-08-19 00:38:41,174 - INFO - sentinel2.py:154 - Matplotlib backend: Agg
2025-08-19 00:38:41,375 - INFO - sentinel2.py:224 - Write input scenes footprint overlay: //nas-rs.topo.auth.gr/Latomeia/DROUGHT/COMPOS/2020/12/x12_y11/S2L2A_medcomp_x12_y11_202012_InDataFootprint.jpeg
2025-08-19 00:38:41,637 - INFO - composites.py:297 -                                  
2025-08-19 00:38:41,637 - INFO - composites.py:298 - Downstream STAC items from Planetary Computer
2025-08-19 00:38:41,637 - INFO - timeseries_processing.py:114 -                                  
2025-08-19 00:38:41,638 - INFO - timeseries_processing.py:115 - Loading bands of diferent resolutions in EPSG:32634
2025-08-19 00:38:41,638 - INFO - timeseries_processing.py:119 -     Filtering items with native UTM EPSG:32634
2025-08-19 00:38:41,638 - INFO - timeseries_processing.py:121 -     3 Items in EPSG:32634
2025-08-19 00:38:41,638 - INFO - timeseries_processing.py:128 -                        
2025-08-19 00:38:41,638 - INFO - timeseries_processing.py:129 -     Loading parameters:
2025-08-19 00:38:41,638 - INFO - timeseries_processing.py:130 -         Bands: ['B05', 'B07', 'B8A', 'SCL']
2025-08-19 00:38:41,638 - INFO - timeseries_processing.py:131 -         Spatial resolution: 20
2025-08-19 00:38:41,638 - INFO - timeseries_processing.py:133 -         Get Assets from STAC Items
2025-08-19 00:38:41,638 - INFO - timeseries_processing.py:46 -         Initialize the STAC client
2025-08-19 00:38:42,127 - INFO - timeseries_processing.py:136 -         Loading 3 STAC Items....
2025-08-19 00:39:09,094 - INFO - timeseries_processing.py:158 -         Cube has been downloaded
2025-08-19 00:39:09,095 - INFO - timeseries_processing.py:167 -         Fix order of dimensions
2025-08-19 00:39:09,097 - INFO - timeseries_processing.py:172 -         Append bands to the band-list of EPSG:32634
2025-08-19 00:39:09,097 - INFO - timeseries_processing.py:128 -                        
2025-08-19 00:39:09,097 - INFO - timeseries_processing.py:129 -     Loading parameters:
2025-08-19 00:39:09,098 - INFO - timeseries_processing.py:130 -         Bands: ['B02', 'B03', 'B04']
2025-08-19 00:39:09,098 - INFO - timeseries_processing.py:131 -         Spatial resolution: 10
2025-08-19 00:39:09,098 - INFO - timeseries_processing.py:133 -         Get Assets from STAC Items
2025-08-19 00:39:09,098 - INFO - timeseries_processing.py:46 -         Initialize the STAC client
2025-08-19 00:39:09,553 - INFO - timeseries_processing.py:136 -         Loading 3 STAC Items....
2025-08-19 00:40:10,191 - INFO - timeseries_processing.py:158 -         Cube has been downloaded
2025-08-19 00:40:10,191 - INFO - timeseries_processing.py:161 -         Downsample 10m bands to 20m by average 2x2 binning
2025-08-19 00:40:14,674 - INFO - timeseries_processing.py:164 -         Warp (reproject) 2x2 binned bands to match shape of native 20m bands: method=bilinear
2025-08-19 00:40:18,942 - INFO - timeseries_processing.py:172 -         Append bands to the band-list of EPSG:32634
2025-08-19 00:40:18,942 - INFO - timeseries_processing.py:176 -                        
2025-08-19 00:40:18,942 - INFO - timeseries_processing.py:177 -     Merging bands in a single dataset
2025-08-19 00:40:18,942 - INFO - timeseries_processing.py:178 -     Ensure all partial datasets are at (x=20, y=-20) resolution
2025-08-19 00:40:18,943 - INFO - timeseries_processing.py:182 -     Clip to the intersection of indexes
2025-08-19 00:40:20,336 - INFO - timeseries_processing.py:191 -     Make a list of bands to merge
2025-08-19 00:40:20,338 - INFO - timeseries_processing.py:195 -     Merge on intersection
2025-08-19 00:40:20,339 - INFO - timeseries_processing.py:203 -     Apply masks on clouds, shadows, thin cirrus, and snow/ice
2025-08-19 00:40:20,339 - INFO - sentinel2.py:122 -                Masking bits: [3, 7, 8, 9, 10, 11]
2025-08-19 00:40:20,779 - INFO - timeseries_processing.py:209 -     Reproject to Tiling Schema projection EPSG:3035
2025-08-19 00:40:25,377 - INFO - timeseries_processing.py:114 -                                  
2025-08-19 00:40:25,377 - INFO - timeseries_processing.py:115 - Loading bands of diferent resolutions in EPSG:32635
2025-08-19 00:40:25,377 - INFO - timeseries_processing.py:119 -     Filtering items with native UTM EPSG:32635
2025-08-19 00:40:25,377 - INFO - timeseries_processing.py:121 -     3 Items in EPSG:32635
2025-08-19 00:40:25,377 - INFO - timeseries_processing.py:128 -                        
2025-08-19 00:40:25,377 - INFO - timeseries_processing.py:129 -     Loading parameters:
2025-08-19 00:40:25,377 - INFO - timeseries_processing.py:130 -         Bands: ['B05', 'B07', 'B8A', 'SCL']
2025-08-19 00:40:25,377 - INFO - timeseries_processing.py:131 -         Spatial resolution: 20
2025-08-19 00:40:25,377 - INFO - timeseries_processing.py:133 -         Get Assets from STAC Items
2025-08-19 00:40:25,377 - INFO - timeseries_processing.py:46 -         Initialize the STAC client
2025-08-19 00:40:25,838 - INFO - timeseries_processing.py:136 -         Loading 3 STAC Items....
2025-08-19 00:40:54,511 - INFO - timeseries_processing.py:158 -         Cube has been downloaded
2025-08-19 00:40:54,511 - INFO - timeseries_processing.py:167 -         Fix order of dimensions
2025-08-19 00:40:54,513 - INFO - timeseries_processing.py:172 -         Append bands to the band-list of EPSG:32635
2025-08-19 00:40:54,513 - INFO - timeseries_processing.py:128 -                        
2025-08-19 00:40:54,513 - INFO - timeseries_processing.py:129 -     Loading parameters:
2025-08-19 00:40:54,513 - INFO - timeseries_processing.py:130 -         Bands: ['B02', 'B03', 'B04']
2025-08-19 00:40:54,513 - INFO - timeseries_processing.py:131 -         Spatial resolution: 10
2025-08-19 00:40:54,513 - INFO - timeseries_processing.py:133 -         Get Assets from STAC Items
2025-08-19 00:40:54,513 - INFO - timeseries_processing.py:46 -         Initialize the STAC client
2025-08-19 00:40:54,980 - INFO - timeseries_processing.py:136 -         Loading 3 STAC Items....
2025-08-19 00:41:56,582 - INFO - timeseries_processing.py:158 -         Cube has been downloaded
2025-08-19 00:41:56,582 - INFO - timeseries_processing.py:161 -         Downsample 10m bands to 20m by average 2x2 binning
2025-08-19 00:42:01,062 - INFO - timeseries_processing.py:164 -         Warp (reproject) 2x2 binned bands to match shape of native 20m bands: method=bilinear
2025-08-19 00:42:02,540 - INFO - timeseries_processing.py:172 -         Append bands to the band-list of EPSG:32635
2025-08-19 00:42:02,541 - INFO - timeseries_processing.py:176 -                        
2025-08-19 00:42:02,541 - INFO - timeseries_processing.py:177 -     Merging bands in a single dataset
2025-08-19 00:42:02,541 - INFO - timeseries_processing.py:178 -     Ensure all partial datasets are at (x=20, y=-20) resolution
2025-08-19 00:42:02,541 - INFO - timeseries_processing.py:182 -     Clip to the intersection of indexes
2025-08-19 00:42:02,543 - INFO - timeseries_processing.py:191 -     Make a list of bands to merge
2025-08-19 00:42:02,544 - INFO - timeseries_processing.py:195 -     Merge on intersection
2025-08-19 00:42:02,545 - INFO - timeseries_processing.py:203 -     Apply masks on clouds, shadows, thin cirrus, and snow/ice
2025-08-19 00:42:02,545 - INFO - sentinel2.py:122 -                Masking bits: [3, 7, 8, 9, 10, 11]
2025-08-19 00:42:03,030 - INFO - timeseries_processing.py:209 -     Reproject to Tiling Schema projection EPSG:3035
2025-08-19 00:42:07,752 - INFO - composites.py:307 - Clip and align to tile geometry
2025-08-19 00:42:10,308 - INFO - composites.py:313 -                           
2025-08-19 00:42:10,308 - INFO - composites.py:314 - Mosaic datasets of different native UTM zones to a single dataset
2025-08-19 00:42:13,403 - INFO - composites.py:340 - Creating preview plot of input scenes
2025-08-19 00:42:36,247 - INFO - timeseries_processing.py:367 - Saved preview for 'B04' to //nas-rs.topo.auth.gr/Latomeia/DROUGHT/COMPOS/2020/12/x12_y11/S2L2A_medcomp_x12_y11_202012_InDataPreview.jpeg
2025-08-19 00:42:36,251 - INFO - composites.py:346 - Clip value range
2025-08-19 00:42:36,961 - INFO - composites.py:351 -                           
2025-08-19 00:42:36,968 - INFO - composites.py:352 - Computing spectral indices:
2025-08-19 00:42:36,969 - INFO - composites.py:355 -     EVI...
2025-08-19 00:42:37,392 - INFO - composites.py:357 -     NDVI...
2025-08-19 00:42:37,483 - INFO - composites.py:359 -     PSRI2...
2025-08-19 00:42:37,608 - INFO - composites.py:362 - Clip to typical value range
2025-08-19 00:42:37,759 - INFO - composites.py:369 - Reducing to median value temporal composite
2025-08-19 00:43:00,450 - INFO - composites.py:388 - Define data types and nodata per band
2025-08-19 00:43:00,596 - INFO - composites.py:409 - Assign time range and tile ID in metadata
2025-08-19 00:43:00,596 - INFO - composites.py:417 - Write bands to raster COG files
2025-08-19 00:43:05,227 - INFO - composites.py:430 - Write B02 -> //nas-rs.topo.auth.gr/Latomeia/DROUGHT/COMPOS/2020/12/x12_y11/S2L2A_medcomp_x12_y11_202012_B02.tif
2025-08-19 00:43:09,914 - INFO - composites.py:430 - Write B03 -> //nas-rs.topo.auth.gr/Latomeia/DROUGHT/COMPOS/2020/12/x12_y11/S2L2A_medcomp_x12_y11_202012_B03.tif
2025-08-19 00:43:14,609 - INFO - composites.py:430 - Write B04 -> //nas-rs.topo.auth.gr/Latomeia/DROUGHT/COMPOS/2020/12/x12_y11/S2L2A_medcomp_x12_y11_202012_B04.tif
2025-08-19 00:43:19,276 - INFO - composites.py:430 - Write B05 -> //nas-rs.topo.auth.gr/Latomeia/DROUGHT/COMPOS/2020/12/x12_y11/S2L2A_medcomp_x12_y11_202012_B05.tif
2025-08-19 00:43:23,979 - INFO - composites.py:430 - Write B07 -> //nas-rs.topo.auth.gr/Latomeia/DROUGHT/COMPOS/2020/12/x12_y11/S2L2A_medcomp_x12_y11_202012_B07.tif
2025-08-19 00:43:28,665 - INFO - composites.py:430 - Write B8A -> //nas-rs.topo.auth.gr/Latomeia/DROUGHT/COMPOS/2020/12/x12_y11/S2L2A_medcomp_x12_y11_202012_B8A.tif
2025-08-19 00:43:33,321 - INFO - composites.py:430 - Write EVI -> //nas-rs.topo.auth.gr/Latomeia/DROUGHT/COMPOS/2020/12/x12_y11/S2L2A_medcomp_x12_y11_202012_evi.tif
2025-08-19 00:43:37,924 - INFO - composites.py:430 - Write NDVI -> //nas-rs.topo.auth.gr/Latomeia/DROUGHT/COMPOS/2020/12/x12_y11/S2L2A_medcomp_x12_y11_202012_ndvi.tif
2025-08-19 00:43:42,737 - INFO - composites.py:430 - Write PSRI2 -> //nas-rs.topo.auth.gr/Latomeia/DROUGHT/COMPOS/2020/12/x12_y11/S2L2A_medcomp_x12_y11_202012_psri2.tif
2025-08-19 00:43:42,757 - INFO - composites.py:434 - Prepare metadata YAML document
2025-08-19 00:43:43,507 - INFO - composites.py:455 - Write metadata YAML document to disk
2025-08-19 00:43:43,564 - INFO - composites.py:460 - Create datacube.model.Dataset from eo3 metadata
2025-08-19 00:43:43,578 - INFO - composites.py:471 - Index to datacube
2025-08-19 00:43:43,579 - INFO - _datasets.py:191 - Indexing 0d4c8179-17d8-4e3f-bfe3-1cbf2d906ad2
2025-08-19 00:43:43,588 - INFO - composites.py:474 - 
2025-08-19 00:43:43,588 - INFO - composites.py:475 -              ✔✔✔ COMPLETED: Tile x12_y11 | Time: 2020-12 | In 5.76 minutes
2025-08-19 00:43:43,588 - INFO - composites.py:476 - 
2025-08-19 00:43:43,588 - INFO - composites.py:484 - Closing Dask client
2025-08-19 00:43:43,590 - INFO - composites.py:488 - Closing Dask cluster
2025-08-19 00:43:43,590 - INFO - composites.py:489 - #######################################################################
