2025-08-27 15:07:14,360 - INFO - composites.py:102 - #######################################################################
2025-08-27 15:07:14,360 - INFO - composites.py:104 - Processing started
2025-08-27 15:07:14,360 - INFO - composites.py:105 -         Tile: x12_y12
2025-08-27 15:07:14,360 - INFO - composites.py:106 -         Time: 2021-05
2025-08-27 15:07:14,360 - INFO - composites.py:109 -                           
2025-08-27 15:07:14,360 - INFO - composites.py:110 - Establishing connection to datacube
2025-08-27 15:07:14,905 - INFO - composites.py:113 -                           
2025-08-27 15:07:14,905 - INFO - composites.py:114 - Sanity test: Check if dataset already exists in the datacube
2025-08-27 15:07:14,922 - INFO - composites.py:133 - The composite requested was not found and it will be computed
2025-08-27 15:07:14,922 - INFO - composites.py:136 -                                  
2025-08-27 15:07:14,922 - INFO - composites.py:137 - Initializing Dask cluster for parallelization
2025-08-27 15:07:19,980 - INFO - composites.py:161 - Dask dashboard is available at: http://127.0.0.1:8787/status
2025-08-27 15:07:19,980 - INFO - composites.py:164 - Create directories and naming conversions
2025-08-27 15:07:19,991 - INFO - composites.py:177 - Dataset location: //nas-rs.topo.auth.gr/Latomeia/DROUGHT/composites/x12/y12/2021/05/01
2025-08-27 15:07:19,991 - INFO - composites.py:180 -                           
2025-08-27 15:07:19,991 - INFO - composites.py:181 - Retrieve tile geometry
2025-08-27 15:07:20,023 - INFO - composites.py:192 - Create the Bounding Box (φ,λ)
2025-08-27 15:07:20,023 - INFO - composites.py:198 - Create the Bounding Box (x,y)
2025-08-27 15:07:20,023 - INFO - composites.py:211 -                           
2025-08-27 15:07:20,023 - INFO - composites.py:212 - Connect to Planetary Computer STAC Catalog
2025-08-27 15:07:20,328 - INFO - composites.py:220 - Search the STAC Catalog
2025-08-27 15:07:20,400 - INFO - composites.py:232 -         Query parameters:
2025-08-27 15:07:20,402 - INFO - composites.py:233 -             url:          https://planetarycomputer.microsoft.com/api/stac/v1/search
2025-08-27 15:07:20,402 - INFO - composites.py:234 -             client:       microsoft-pc
2025-08-27 15:07:20,402 - INFO - composites.py:235 -             collection:   sentinel-2-l2a
2025-08-27 15:07:20,402 - INFO - composites.py:236 -             bbox:         (23.716312541714892, 38.42057868621947, 24.399215341225577, 38.9773418780241)
2025-08-27 15:07:20,402 - INFO - composites.py:237 -             time range:   2021-05-01T00:00:00Z/2021-05-31T23:59:59Z
2025-08-27 15:07:20,402 - INFO - composites.py:238 -             cloud cover:  0% - 70%
2025-08-27 15:07:20,402 - INFO - composites.py:239 -             nodata cover: 0% - 33%
2025-08-27 15:07:20,402 - INFO - composites.py:241 -                           
2025-08-27 15:07:20,402 - INFO - composites.py:242 - Searching...
2025-08-27 15:07:20,811 - INFO - composites.py:245 - Query found 13 items
2025-08-27 15:07:20,811 - INFO - composites.py:247 - Searching for GRI REFINED scenes:
2025-08-27 15:07:27,178 - INFO - sentinel2.py:78 - 1/13 - S2A_MSIL2A_20210525T090601_R050_T35SKD_20210605T211220 -> REFINED
2025-08-27 15:07:33,429 - INFO - sentinel2.py:78 - 2/13 - S2A_MSIL2A_20210525T090601_R050_T35SKC_20210605T174937 -> REFINED
2025-08-27 15:07:39,334 - INFO - sentinel2.py:78 - 3/13 - S2A_MSIL2A_20210525T090601_R050_T34SGJ_20210605T201714 -> REFINED
2025-08-27 15:07:46,410 - INFO - sentinel2.py:78 - 4/13 - S2A_MSIL2A_20210525T090601_R050_T34SGH_20210606T073231 -> REFINED
2025-08-27 15:07:52,947 - INFO - sentinel2.py:78 - 5/13 - S2A_MSIL2A_20210515T090551_R050_T35SKD_20210606T034627 -> REFINED
2025-08-27 15:07:58,838 - INFO - sentinel2.py:78 - 6/13 - S2B_MSIL2A_20210510T090549_R050_T35SKD_20210511T093132 -> REFINED
2025-08-27 15:08:05,052 - INFO - sentinel2.py:78 - 7/13 - S2B_MSIL2A_20210510T090549_R050_T35SKC_20210511T082849 -> REFINED
2025-08-27 15:08:11,489 - INFO - sentinel2.py:78 - 8/13 - S2B_MSIL2A_20210510T090549_R050_T34SGJ_20210511T082841 -> REFINED
2025-08-27 15:08:17,556 - INFO - sentinel2.py:78 - 9/13 - S2B_MSIL2A_20210510T090549_R050_T34SGH_20210511T085158 -> REFINED
2025-08-27 15:08:24,194 - INFO - sentinel2.py:78 - 10/13 - S2A_MSIL2A_20210505T090551_R050_T35SKD_20210523T231841 -> REFINED
2025-08-27 15:08:29,945 - INFO - sentinel2.py:78 - 11/13 - S2A_MSIL2A_20210505T090551_R050_T35SKC_20210523T231845 -> REFINED
2025-08-27 15:08:35,703 - INFO - sentinel2.py:78 - 12/13 - S2A_MSIL2A_20210505T090551_R050_T34SGJ_20210523T231821 -> REFINED
2025-08-27 15:08:42,699 - INFO - sentinel2.py:78 - 13/13 - S2A_MSIL2A_20210505T090551_R050_T34SGH_20210523T231818 -> REFINED
2025-08-27 15:08:42,745 - INFO - composites.py:250 -                                  
2025-08-27 15:08:42,745 - INFO - composites.py:251 - 13/13 were refined by GRI.
2025-08-27 15:08:42,745 - INFO - composites.py:263 - Looking for up to 10 cleanest images within spatiotemporal range of each MGRS tile
2025-08-27 15:08:42,746 - INFO - composites.py:277 - Filtered cleanest scenes: Kept 13 out of 13 items. 
2025-08-27 15:08:42,747 - INFO - composites.py:278 -         Included MGRS Tiles: ['34SGH' '34SGJ' '35SKC' '35SKD']
2025-08-27 15:08:42,747 - INFO - composites.py:279 -         Included EPSG codes: [32634 32635]
2025-08-27 15:08:42,747 - INFO - composites.py:281 - Selected scenes:
2025-08-27 15:08:42,747 - INFO - composites.py:283 -         S2A_MSIL2A_20210525T090601_R050_T34SGH_20210606T073231
2025-08-27 15:08:42,747 - INFO - composites.py:283 -         S2B_MSIL2A_20210510T090549_R050_T34SGH_20210511T085158
2025-08-27 15:08:42,748 - INFO - composites.py:283 -         S2A_MSIL2A_20210505T090551_R050_T34SGH_20210523T231818
2025-08-27 15:08:42,748 - INFO - composites.py:283 -         S2A_MSIL2A_20210525T090601_R050_T34SGJ_20210605T201714
2025-08-27 15:08:42,748 - INFO - composites.py:283 -         S2B_MSIL2A_20210510T090549_R050_T34SGJ_20210511T082841
2025-08-27 15:08:42,748 - INFO - composites.py:283 -         S2A_MSIL2A_20210505T090551_R050_T34SGJ_20210523T231821
2025-08-27 15:08:42,749 - INFO - composites.py:283 -         S2B_MSIL2A_20210510T090549_R050_T35SKC_20210511T082849
2025-08-27 15:08:42,749 - INFO - composites.py:283 -         S2A_MSIL2A_20210525T090601_R050_T35SKC_20210605T174937
2025-08-27 15:08:42,749 - INFO - composites.py:283 -         S2A_MSIL2A_20210505T090551_R050_T35SKC_20210523T231845
2025-08-27 15:08:42,749 - INFO - composites.py:283 -         S2A_MSIL2A_20210525T090601_R050_T35SKD_20210605T211220
2025-08-27 15:08:42,749 - INFO - composites.py:283 -         S2B_MSIL2A_20210510T090549_R050_T35SKD_20210511T093132
2025-08-27 15:08:42,749 - INFO - composites.py:283 -         S2A_MSIL2A_20210505T090551_R050_T35SKD_20210523T231841
2025-08-27 15:08:42,749 - INFO - composites.py:283 -         S2A_MSIL2A_20210515T090551_R050_T35SKD_20210606T034627
2025-08-27 15:08:43,141 - INFO - sentinel2.py:154 - Matplotlib backend: Agg
2025-08-27 15:08:43,487 - INFO - sentinel2.py:224 - Write input scenes footprint overlay: //nas-rs.topo.auth.gr/Latomeia/DROUGHT/composites/x12/y12/2021/05/01/S2L2A_medcomp_x12y12_202105_InDataFootprint.jpeg
2025-08-27 15:08:43,738 - INFO - composites.py:297 -                                  
2025-08-27 15:08:43,738 - INFO - composites.py:298 - Downstream STAC items from Planetary Computer
2025-08-27 15:08:43,738 - INFO - timeseries_processing.py:115 -                                  
2025-08-27 15:08:43,738 - INFO - timeseries_processing.py:116 - Loading bands of diferent resolutions in EPSG:32634
2025-08-27 15:08:43,738 - INFO - timeseries_processing.py:120 -     Filtering items with native UTM EPSG:32634
2025-08-27 15:08:43,738 - INFO - timeseries_processing.py:122 -     6 Items in EPSG:32634
2025-08-27 15:08:43,738 - INFO - timeseries_processing.py:129 -                        
2025-08-27 15:08:43,738 - INFO - timeseries_processing.py:130 -     Loading parameters:
2025-08-27 15:08:43,738 - INFO - timeseries_processing.py:131 -         Bands: ['B05', 'B07', 'B8A', 'SCL']
2025-08-27 15:08:43,738 - INFO - timeseries_processing.py:132 -         Spatial resolution: 20
2025-08-27 15:08:43,738 - INFO - timeseries_processing.py:134 -         Get Assets from STAC Items
2025-08-27 15:08:43,738 - INFO - timeseries_processing.py:47 -         Initialize the STAC client
2025-08-27 15:08:44,210 - INFO - timeseries_processing.py:137 -         Loading 6 STAC Items....
2025-08-27 15:09:24,688 - INFO - timeseries_processing.py:146 -         Cube has been downloaded
2025-08-27 15:09:24,690 - INFO - timeseries_processing.py:156 -         Fix order of dimensions
2025-08-27 15:09:24,692 - INFO - timeseries_processing.py:161 -         Append bands to the band-list of EPSG:32634
2025-08-27 15:09:24,692 - INFO - timeseries_processing.py:129 -                        
2025-08-27 15:09:24,693 - INFO - timeseries_processing.py:130 -     Loading parameters:
2025-08-27 15:09:24,693 - INFO - timeseries_processing.py:131 -         Bands: ['B02', 'B03', 'B04']
2025-08-27 15:09:24,693 - INFO - timeseries_processing.py:132 -         Spatial resolution: 10
2025-08-27 15:09:24,693 - INFO - timeseries_processing.py:134 -         Get Assets from STAC Items
2025-08-27 15:09:24,693 - INFO - timeseries_processing.py:47 -         Initialize the STAC client
2025-08-27 15:09:25,238 - INFO - timeseries_processing.py:137 -         Loading 6 STAC Items....
2025-08-27 15:10:56,311 - INFO - timeseries_processing.py:146 -         Cube has been downloaded
2025-08-27 15:10:56,311 - INFO - timeseries_processing.py:149 -         Reproject to downsample 10m bands to 20m by Resampling.average 2x2 binning and shape matching with odc.geo.GeoBox
2025-08-27 15:11:01,266 - INFO - timeseries_processing.py:161 -         Append bands to the band-list of EPSG:32634
2025-08-27 15:11:01,267 - INFO - timeseries_processing.py:165 -                        
2025-08-27 15:11:01,267 - INFO - timeseries_processing.py:166 -     Merging bands in a single dataset
2025-08-27 15:11:01,267 - INFO - timeseries_processing.py:167 -     Ensure all partial datasets are at (x=20, y=-20) resolution
2025-08-27 15:11:01,267 - INFO - timeseries_processing.py:171 -     Clip to the intersection of indexes
2025-08-27 15:11:02,522 - INFO - timeseries_processing.py:180 -     Make a list of bands to merge
2025-08-27 15:11:02,524 - INFO - timeseries_processing.py:184 -     Merge on intersection
2025-08-27 15:11:02,524 - INFO - timeseries_processing.py:192 -     Apply masks on clouds, shadows, thin cirrus, and snow/ice
2025-08-27 15:11:02,524 - INFO - sentinel2.py:122 -                Masking bits: [3, 7, 8, 9, 10, 11]
2025-08-27 15:11:02,972 - INFO - timeseries_processing.py:115 -                                  
2025-08-27 15:11:02,973 - INFO - timeseries_processing.py:116 - Loading bands of diferent resolutions in EPSG:32635
2025-08-27 15:11:02,973 - INFO - timeseries_processing.py:120 -     Filtering items with native UTM EPSG:32635
2025-08-27 15:11:02,973 - INFO - timeseries_processing.py:122 -     7 Items in EPSG:32635
2025-08-27 15:11:02,973 - INFO - timeseries_processing.py:129 -                        
2025-08-27 15:11:02,974 - INFO - timeseries_processing.py:130 -     Loading parameters:
2025-08-27 15:11:02,974 - INFO - timeseries_processing.py:131 -         Bands: ['B05', 'B07', 'B8A', 'SCL']
2025-08-27 15:11:02,974 - INFO - timeseries_processing.py:132 -         Spatial resolution: 20
2025-08-27 15:11:02,979 - INFO - timeseries_processing.py:134 -         Get Assets from STAC Items
2025-08-27 15:11:02,979 - INFO - timeseries_processing.py:47 -         Initialize the STAC client
2025-08-27 15:11:03,451 - INFO - timeseries_processing.py:137 -         Loading 7 STAC Items....
2025-08-27 15:11:43,336 - INFO - timeseries_processing.py:146 -         Cube has been downloaded
2025-08-27 15:11:43,336 - INFO - timeseries_processing.py:156 -         Fix order of dimensions
2025-08-27 15:11:43,338 - INFO - timeseries_processing.py:161 -         Append bands to the band-list of EPSG:32635
2025-08-27 15:11:43,338 - INFO - timeseries_processing.py:129 -                        
2025-08-27 15:11:43,338 - INFO - timeseries_processing.py:130 -     Loading parameters:
2025-08-27 15:11:43,338 - INFO - timeseries_processing.py:131 -         Bands: ['B02', 'B03', 'B04']
2025-08-27 15:11:43,338 - INFO - timeseries_processing.py:132 -         Spatial resolution: 10
2025-08-27 15:11:43,338 - INFO - timeseries_processing.py:134 -         Get Assets from STAC Items
2025-08-27 15:11:43,338 - INFO - timeseries_processing.py:47 -         Initialize the STAC client
2025-08-27 15:11:43,819 - INFO - timeseries_processing.py:137 -         Loading 7 STAC Items....
2025-08-27 15:13:12,334 - INFO - timeseries_processing.py:146 -         Cube has been downloaded
2025-08-27 15:13:12,334 - INFO - timeseries_processing.py:149 -         Reproject to downsample 10m bands to 20m by Resampling.average 2x2 binning and shape matching with odc.geo.GeoBox
2025-08-27 15:13:19,185 - INFO - timeseries_processing.py:161 -         Append bands to the band-list of EPSG:32635
2025-08-27 15:13:19,185 - INFO - timeseries_processing.py:165 -                        
2025-08-27 15:13:19,185 - INFO - timeseries_processing.py:166 -     Merging bands in a single dataset
2025-08-27 15:13:19,185 - INFO - timeseries_processing.py:167 -     Ensure all partial datasets are at (x=20, y=-20) resolution
2025-08-27 15:13:19,185 - INFO - timeseries_processing.py:171 -     Clip to the intersection of indexes
2025-08-27 15:13:19,187 - INFO - timeseries_processing.py:180 -     Make a list of bands to merge
2025-08-27 15:13:19,188 - INFO - timeseries_processing.py:184 -     Merge on intersection
2025-08-27 15:13:19,189 - INFO - timeseries_processing.py:192 -     Apply masks on clouds, shadows, thin cirrus, and snow/ice
2025-08-27 15:13:19,189 - INFO - sentinel2.py:122 -                Masking bits: [3, 7, 8, 9, 10, 11]
2025-08-27 15:13:20,024 - INFO - composites.py:307 - Reproject from UTM Zone to Tile geometry -> CRS(EPSG:32635), Resampling.bilinear
2025-08-27 15:13:27,560 - INFO - composites.py:310 -     New shape of datasets: Shape2d(x=2400, y=2400)
2025-08-27 15:13:27,803 - INFO - composites.py:315 -                           
2025-08-27 15:13:27,804 - INFO - composites.py:316 - Mosaic datasets to a single dataset
2025-08-27 15:13:31,646 - INFO - composites.py:342 - Creating preview plot of input scenes
2025-08-27 15:13:54,055 - INFO - timeseries_processing.py:349 - Saved preview for 'B04' to //nas-rs.topo.auth.gr/Latomeia/DROUGHT/composites/x12/y12/2021/05/01/S2L2A_medcomp_x12y12_202105_InDataPreview.jpeg
2025-08-27 15:13:54,064 - INFO - composites.py:348 - Clip value range
2025-08-27 15:13:54,495 - INFO - composites.py:353 -                           
2025-08-27 15:13:54,495 - INFO - composites.py:354 - Computing spectral indices:
2025-08-27 15:13:54,495 - INFO - composites.py:357 -     EVI...
2025-08-27 15:13:54,774 - INFO - composites.py:359 -     NDVI...
2025-08-27 15:13:54,855 - INFO - composites.py:361 -     PSRI2...
2025-08-27 15:13:54,932 - INFO - composites.py:364 - Clip to typical value range
2025-08-27 15:13:55,096 - INFO - composites.py:371 - Reducing to median value temporal composite
2025-08-27 15:14:23,089 - INFO - composites.py:390 - Scale and Define data types & nodata per band
2025-08-27 15:14:23,229 - INFO - composites.py:411 - Assign time range and tile ID in metadata
2025-08-27 15:14:23,229 - INFO - composites.py:419 - Write bands to raster COG files
2025-08-27 15:14:27,178 - INFO - composites.py:432 - Write B02 -> //nas-rs.topo.auth.gr/Latomeia/DROUGHT/composites/x12/y12/2021/05/01/S2L2A_medcomp_x12y12_202105_B02.tif
2025-08-27 15:14:31,142 - INFO - composites.py:432 - Write B03 -> //nas-rs.topo.auth.gr/Latomeia/DROUGHT/composites/x12/y12/2021/05/01/S2L2A_medcomp_x12y12_202105_B03.tif
2025-08-27 15:14:35,091 - INFO - composites.py:432 - Write B04 -> //nas-rs.topo.auth.gr/Latomeia/DROUGHT/composites/x12/y12/2021/05/01/S2L2A_medcomp_x12y12_202105_B04.tif
2025-08-27 15:14:38,971 - INFO - composites.py:432 - Write B05 -> //nas-rs.topo.auth.gr/Latomeia/DROUGHT/composites/x12/y12/2021/05/01/S2L2A_medcomp_x12y12_202105_B05.tif
2025-08-27 15:14:42,893 - INFO - composites.py:432 - Write B07 -> //nas-rs.topo.auth.gr/Latomeia/DROUGHT/composites/x12/y12/2021/05/01/S2L2A_medcomp_x12y12_202105_B07.tif
2025-08-27 15:14:46,956 - INFO - composites.py:432 - Write B8A -> //nas-rs.topo.auth.gr/Latomeia/DROUGHT/composites/x12/y12/2021/05/01/S2L2A_medcomp_x12y12_202105_B8A.tif
2025-08-27 15:14:50,900 - INFO - composites.py:432 - Write EVI -> //nas-rs.topo.auth.gr/Latomeia/DROUGHT/composites/x12/y12/2021/05/01/S2L2A_medcomp_x12y12_202105_EVI.tif
2025-08-27 15:14:55,418 - INFO - composites.py:432 - Write NDVI -> //nas-rs.topo.auth.gr/Latomeia/DROUGHT/composites/x12/y12/2021/05/01/S2L2A_medcomp_x12y12_202105_NDVI.tif
2025-08-27 15:14:59,500 - INFO - composites.py:432 - Write PSRI2 -> //nas-rs.topo.auth.gr/Latomeia/DROUGHT/composites/x12/y12/2021/05/01/S2L2A_medcomp_x12y12_202105_PSRI2.tif
2025-08-27 15:14:59,501 - INFO - composites.py:436 - Prepare metadata YAML document
2025-08-27 15:15:00,003 - INFO - composites.py:458 - Write metadata YAML document to disk
2025-08-27 15:15:00,076 - INFO - composites.py:463 - Create datacube.model.Dataset from eo3 metadata
2025-08-27 15:15:00,086 - INFO - composites.py:474 - Index to datacube
2025-08-27 15:15:00,086 - INFO - _datasets.py:191 - Indexing 8ac7ac34-7f36-4802-a004-2c03e8d5db13
2025-08-27 15:15:00,095 - INFO - composites.py:477 - 
2025-08-27 15:15:00,095 - INFO - composites.py:478 -              ✔✔✔ COMPLETED: Tile x12_y12 | Time: 2021-05 | In 7.76 minutes
2025-08-27 15:15:00,095 - INFO - composites.py:479 - 
2025-08-27 15:15:00,095 - INFO - composites.py:487 - Closing Dask client
2025-08-27 15:15:00,097 - INFO - composites.py:491 - Closing Dask cluster
2025-08-27 15:15:00,097 - INFO - composites.py:492 - #######################################################################
