2025-08-26 12:58:35,896 - INFO - composites.py:102 - #######################################################################
2025-08-26 12:58:35,896 - INFO - composites.py:104 - Processing started
2025-08-26 12:58:35,896 - INFO - composites.py:105 -         Tile: x10_y09
2025-08-26 12:58:35,896 - INFO - composites.py:106 -         Time: 2020-07
2025-08-26 12:58:35,896 - INFO - composites.py:109 -                           
2025-08-26 12:58:35,896 - INFO - composites.py:110 - Establishing connection to datacube
2025-08-26 12:58:36,403 - INFO - composites.py:113 -                           
2025-08-26 12:58:36,403 - INFO - composites.py:114 - Sanity test: Check if dataset already exists in the datacube
2025-08-26 12:58:36,420 - INFO - composites.py:133 - The composite requested was not found and it will be computed
2025-08-26 12:58:36,420 - INFO - composites.py:136 -                                  
2025-08-26 12:58:36,420 - INFO - composites.py:137 - Initializing Dask cluster for parallelization
2025-08-26 12:58:41,313 - INFO - composites.py:161 - Dask dashboard is available at: http://127.0.0.1:8787/status
2025-08-26 12:58:41,313 - INFO - composites.py:164 - Create directories and naming conversions
2025-08-26 12:58:41,333 - INFO - composites.py:177 - Dataset location: //nas-rs.topo.auth.gr/Latomeia/DROUGHT/composites/x10/y09/2020/07/01
2025-08-26 12:58:41,333 - INFO - composites.py:180 -                           
2025-08-26 12:58:41,333 - INFO - composites.py:181 - Retrieve tile geometry
2025-08-26 12:58:41,361 - INFO - composites.py:192 - Create the Bounding Box (φ,λ)
2025-08-26 12:58:41,361 - INFO - composites.py:198 - Create the Bounding Box (x,y)
2025-08-26 12:58:41,361 - INFO - composites.py:211 -                           
2025-08-26 12:58:41,361 - INFO - composites.py:212 - Connect to Planetary Computer STAC Catalog
2025-08-26 12:58:41,613 - INFO - composites.py:220 - Search the STAC Catalog
2025-08-26 12:58:41,697 - INFO - composites.py:232 -         Query parameters:
2025-08-26 12:58:41,697 - INFO - composites.py:233 -             url:          https://planetarycomputer.microsoft.com/api/stac/v1/search
2025-08-26 12:58:41,697 - INFO - composites.py:234 -             client:       microsoft-pc
2025-08-26 12:58:41,697 - INFO - composites.py:235 -             collection:   sentinel-2-l2a
2025-08-26 12:58:41,697 - INFO - composites.py:236 -             bbox:         (22.393231098837152, 37.29127558081356, 23.05741948027706, 37.8424745721664)
2025-08-26 12:58:41,697 - INFO - composites.py:237 -             time range:   2020-07-01T00:00:00Z/2020-07-31T23:59:59Z
2025-08-26 12:58:41,697 - INFO - composites.py:238 -             cloud cover:  0% - 70%
2025-08-26 12:58:41,697 - INFO - composites.py:239 -             nodata cover: 0% - 33%
2025-08-26 12:58:41,697 - INFO - composites.py:241 -                           
2025-08-26 12:58:41,697 - INFO - composites.py:242 - Searching...
2025-08-26 12:58:42,189 - INFO - composites.py:245 - Query found 18 items
2025-08-26 12:58:42,191 - INFO - composites.py:247 - Searching for GRI REFINED scenes:
2025-08-26 12:58:49,539 - INFO - sentinel2.py:78 - 1/18 - S2A_MSIL2A_20200729T090601_R050_T34SFG_20200908T172959 -> Not Found
2025-08-26 12:58:56,615 - INFO - sentinel2.py:78 - 2/18 - S2B_MSIL2A_20200727T092029_R093_T34SFH_20200817T190504 -> Not Found
2025-08-26 12:59:03,119 - INFO - sentinel2.py:78 - 3/18 - S2B_MSIL2A_20200727T092029_R093_T34SFG_20200817T190503 -> Not Found
2025-08-26 12:59:08,845 - INFO - sentinel2.py:78 - 4/18 - S2B_MSIL2A_20200724T090559_R050_T34SFG_20200817T095607 -> Not Found
2025-08-26 12:59:15,702 - INFO - sentinel2.py:78 - 5/18 - S2A_MSIL2A_20200722T092031_R093_T34SFH_20200817T022443 -> Not Found
2025-08-26 12:59:22,719 - INFO - sentinel2.py:78 - 6/18 - S2A_MSIL2A_20200722T092031_R093_T34SFG_20200817T022438 -> Not Found
2025-08-26 12:59:30,606 - INFO - sentinel2.py:78 - 7/18 - S2A_MSIL2A_20200719T090601_R050_T34SFG_20200816T171203 -> Not Found
2025-08-26 12:59:36,305 - INFO - sentinel2.py:78 - 8/18 - S2B_MSIL2A_20200717T092029_R093_T34SFH_20200816T124331 -> Not Found
2025-08-26 12:59:42,926 - INFO - sentinel2.py:78 - 9/18 - S2B_MSIL2A_20200717T092029_R093_T34SFG_20200816T124331 -> Not Found
2025-08-26 12:59:50,194 - INFO - sentinel2.py:78 - 10/18 - S2B_MSIL2A_20200714T090559_R050_T34SFG_20200913T045722 -> Not Found
2025-08-26 12:59:56,033 - INFO - sentinel2.py:78 - 11/18 - S2A_MSIL2A_20200712T092031_R093_T34SFH_20200912T221249 -> Not Found
2025-08-26 13:00:03,310 - INFO - sentinel2.py:78 - 12/18 - S2A_MSIL2A_20200712T092031_R093_T34SFG_20200912T221247 -> Not Found
2025-08-26 13:00:09,282 - INFO - sentinel2.py:78 - 13/18 - S2A_MSIL2A_20200709T090601_R050_T34SFG_20200912T134953 -> Not Found
2025-08-26 13:00:16,047 - INFO - sentinel2.py:78 - 14/18 - S2B_MSIL2A_20200707T092029_R093_T34SFH_20200912T092025 -> Not Found
2025-08-26 13:00:21,739 - INFO - sentinel2.py:78 - 15/18 - S2B_MSIL2A_20200707T092029_R093_T34SFG_20201027T081741 -> Not Found
2025-08-26 13:00:29,139 - INFO - sentinel2.py:78 - 16/18 - S2B_MSIL2A_20200704T090559_R050_T34SFG_20200825T052319 -> Not Found
2025-08-26 13:00:34,930 - INFO - sentinel2.py:78 - 17/18 - S2A_MSIL2A_20200702T092031_R093_T34SFH_20200824T221407 -> Not Found
2025-08-26 13:00:41,821 - INFO - sentinel2.py:78 - 18/18 - S2A_MSIL2A_20200702T092031_R093_T34SFG_20200824T221404 -> Not Found
2025-08-26 13:00:41,860 - INFO - composites.py:250 -                                  
2025-08-26 13:00:41,860 - INFO - composites.py:251 - 0/18 were refined by GRI.
2025-08-26 13:00:41,860 - WARNING - composites.py:255 - Tile x10_y09 | Time: 2020-07: All scenes are flagged NOT REFINED.
2025-08-26 13:00:41,861 - WARNING - composites.py:256 - Tile x10_y09 | Time: 2020-07: The composite will be flagged with _NOREFINED.
2025-08-26 13:00:41,861 - INFO - composites.py:263 - Looking for up to 10 cleanest images within spatiotemporal range of each MGRS tile
2025-08-26 13:00:41,862 - INFO - composites.py:277 - Filtered cleanest scenes: Kept 16 out of 18 items. 
2025-08-26 13:00:41,862 - INFO - composites.py:278 -         Included MGRS Tiles: ['34SFG' '34SFH']
2025-08-26 13:00:41,862 - INFO - composites.py:279 -         Included EPSG codes: [32634]
2025-08-26 13:00:41,862 - INFO - composites.py:281 - Selected scenes:
2025-08-26 13:00:41,872 - INFO - composites.py:283 -         S2B_MSIL2A_20200724T090559_R050_T34SFG_20200817T095607
2025-08-26 13:00:41,886 - INFO - composites.py:283 -         S2A_MSIL2A_20200729T090601_R050_T34SFG_20200908T172959
2025-08-26 13:00:41,886 - INFO - composites.py:283 -         S2A_MSIL2A_20200722T092031_R093_T34SFG_20200817T022438
2025-08-26 13:00:41,896 - INFO - composites.py:283 -         S2A_MSIL2A_20200719T090601_R050_T34SFG_20200816T171203
2025-08-26 13:00:41,897 - INFO - composites.py:283 -         S2B_MSIL2A_20200727T092029_R093_T34SFG_20200817T190503
2025-08-26 13:00:41,901 - INFO - composites.py:283 -         S2B_MSIL2A_20200704T090559_R050_T34SFG_20200825T052319
2025-08-26 13:00:41,901 - INFO - composites.py:283 -         S2A_MSIL2A_20200712T092031_R093_T34SFG_20200912T221247
2025-08-26 13:00:41,901 - INFO - composites.py:283 -         S2A_MSIL2A_20200702T092031_R093_T34SFG_20200824T221404
2025-08-26 13:00:41,903 - INFO - composites.py:283 -         S2B_MSIL2A_20200714T090559_R050_T34SFG_20200913T045722
2025-08-26 13:00:41,903 - INFO - composites.py:283 -         S2B_MSIL2A_20200717T092029_R093_T34SFG_20200816T124331
2025-08-26 13:00:41,903 - INFO - composites.py:283 -         S2A_MSIL2A_20200712T092031_R093_T34SFH_20200912T221249
2025-08-26 13:00:41,903 - INFO - composites.py:283 -         S2A_MSIL2A_20200702T092031_R093_T34SFH_20200824T221407
2025-08-26 13:00:41,903 - INFO - composites.py:283 -         S2B_MSIL2A_20200727T092029_R093_T34SFH_20200817T190504
2025-08-26 13:00:41,903 - INFO - composites.py:283 -         S2A_MSIL2A_20200722T092031_R093_T34SFH_20200817T022443
2025-08-26 13:00:41,903 - INFO - composites.py:283 -         S2B_MSIL2A_20200717T092029_R093_T34SFH_20200816T124331
2025-08-26 13:00:41,903 - INFO - composites.py:283 -         S2B_MSIL2A_20200707T092029_R093_T34SFH_20200912T092025
2025-08-26 13:00:42,252 - INFO - sentinel2.py:154 - Matplotlib backend: Agg
2025-08-26 13:00:42,529 - INFO - sentinel2.py:224 - Write input scenes footprint overlay: //nas-rs.topo.auth.gr/Latomeia/DROUGHT/composites/x10/y09/2020/07/01/S2L2A_medcomp_x10y09_202007_InDataFootprint.jpeg
2025-08-26 13:00:42,792 - INFO - composites.py:297 -                                  
2025-08-26 13:00:42,792 - INFO - composites.py:298 - Downstream STAC items from Planetary Computer
2025-08-26 13:00:42,792 - INFO - timeseries_processing.py:115 -                                  
2025-08-26 13:00:42,792 - INFO - timeseries_processing.py:116 - Loading bands of diferent resolutions in EPSG:32634
2025-08-26 13:00:42,793 - INFO - timeseries_processing.py:120 -     Filtering items with native UTM EPSG:32634
2025-08-26 13:00:42,793 - INFO - timeseries_processing.py:122 -     16 Items in EPSG:32634
2025-08-26 13:00:42,793 - INFO - timeseries_processing.py:129 -                        
2025-08-26 13:00:42,793 - INFO - timeseries_processing.py:130 -     Loading parameters:
2025-08-26 13:00:42,793 - INFO - timeseries_processing.py:131 -         Bands: ['B05', 'B07', 'B8A', 'SCL']
2025-08-26 13:00:42,793 - INFO - timeseries_processing.py:132 -         Spatial resolution: 20
2025-08-26 13:00:42,793 - INFO - timeseries_processing.py:134 -         Get Assets from STAC Items
2025-08-26 13:00:42,793 - INFO - timeseries_processing.py:47 -         Initialize the STAC client
2025-08-26 13:00:43,378 - INFO - timeseries_processing.py:137 -         Loading 16 STAC Items....
2025-08-26 13:01:52,749 - INFO - timeseries_processing.py:146 -         Cube has been downloaded
2025-08-26 13:01:52,749 - INFO - timeseries_processing.py:156 -         Fix order of dimensions
2025-08-26 13:01:52,751 - INFO - timeseries_processing.py:161 -         Append bands to the band-list of EPSG:32634
2025-08-26 13:01:52,751 - INFO - timeseries_processing.py:129 -                        
2025-08-26 13:01:52,761 - INFO - timeseries_processing.py:130 -     Loading parameters:
2025-08-26 13:01:52,761 - INFO - timeseries_processing.py:131 -         Bands: ['B02', 'B03', 'B04']
2025-08-26 13:01:52,761 - INFO - timeseries_processing.py:132 -         Spatial resolution: 10
2025-08-26 13:01:52,761 - INFO - timeseries_processing.py:134 -         Get Assets from STAC Items
2025-08-26 13:01:52,762 - INFO - timeseries_processing.py:47 -         Initialize the STAC client
2025-08-26 13:01:53,435 - INFO - timeseries_processing.py:137 -         Loading 16 STAC Items....
2025-08-26 13:04:33,632 - INFO - timeseries_processing.py:146 -         Cube has been downloaded
2025-08-26 13:04:33,632 - INFO - timeseries_processing.py:149 -         Reproject to downsample 10m bands to 20m by Resampling.average 2x2 binning and shape matching with odc.geo.GeoBox
2025-08-26 13:04:50,724 - INFO - timeseries_processing.py:161 -         Append bands to the band-list of EPSG:32634
2025-08-26 13:04:50,725 - INFO - timeseries_processing.py:165 -                        
2025-08-26 13:04:50,725 - INFO - timeseries_processing.py:166 -     Merging bands in a single dataset
2025-08-26 13:04:50,725 - INFO - timeseries_processing.py:167 -     Ensure all partial datasets are at (x=20, y=-20) resolution
2025-08-26 13:04:50,725 - INFO - timeseries_processing.py:171 -     Clip to the intersection of indexes
2025-08-26 13:04:51,861 - INFO - timeseries_processing.py:180 -     Make a list of bands to merge
2025-08-26 13:04:51,861 - INFO - timeseries_processing.py:184 -     Merge on intersection
2025-08-26 13:04:51,863 - INFO - timeseries_processing.py:192 -     Apply masks on clouds, shadows, thin cirrus, and snow/ice
2025-08-26 13:04:51,863 - INFO - sentinel2.py:122 -                Masking bits: [3, 7, 8, 9, 10, 11]
2025-08-26 13:04:53,300 - INFO - composites.py:307 - Reproject from UTM Zone to Tile geometry -> CRS(EPSG:32634), Resampling.bilinear
2025-08-26 13:05:00,725 - INFO - composites.py:310 -     New shape of datasets: Shape2d(x=2400, y=2400)
2025-08-26 13:05:01,699 - INFO - composites.py:342 - Creating preview plot of input scenes
2025-08-26 13:05:37,715 - INFO - timeseries_processing.py:349 - Saved preview for 'B04' to //nas-rs.topo.auth.gr/Latomeia/DROUGHT/composites/x10/y09/2020/07/01/S2L2A_medcomp_x10y09_202007_InDataPreview.jpeg
2025-08-26 13:05:37,722 - INFO - composites.py:348 - Clip value range
2025-08-26 13:05:39,980 - INFO - composites.py:353 -                           
2025-08-26 13:05:39,980 - INFO - composites.py:354 - Computing spectral indices:
2025-08-26 13:05:39,980 - INFO - composites.py:357 -     EVI...
2025-08-26 13:05:41,275 - INFO - composites.py:359 -     NDVI...
2025-08-26 13:05:41,728 - INFO - composites.py:361 -     PSRI2...
2025-08-26 13:05:42,064 - INFO - composites.py:364 - Clip to typical value range
2025-08-26 13:05:42,474 - INFO - composites.py:371 - Reducing to median value temporal composite
2025-08-26 13:06:10,032 - INFO - composites.py:390 - Scale and Define data types & nodata per band
2025-08-26 13:06:10,166 - INFO - composites.py:411 - Assign time range and tile ID in metadata
2025-08-26 13:06:10,167 - INFO - composites.py:419 - Write bands to raster COG files
2025-08-26 13:06:14,337 - INFO - composites.py:432 - Write B02 -> //nas-rs.topo.auth.gr/Latomeia/DROUGHT/composites/x10/y09/2020/07/01/S2L2A_medcomp_x10y09_202007_B02.tif
2025-08-26 13:06:19,053 - INFO - composites.py:432 - Write B03 -> //nas-rs.topo.auth.gr/Latomeia/DROUGHT/composites/x10/y09/2020/07/01/S2L2A_medcomp_x10y09_202007_B03.tif
2025-08-26 13:06:23,180 - INFO - composites.py:432 - Write B04 -> //nas-rs.topo.auth.gr/Latomeia/DROUGHT/composites/x10/y09/2020/07/01/S2L2A_medcomp_x10y09_202007_B04.tif
2025-08-26 13:06:27,196 - INFO - composites.py:432 - Write B05 -> //nas-rs.topo.auth.gr/Latomeia/DROUGHT/composites/x10/y09/2020/07/01/S2L2A_medcomp_x10y09_202007_B05.tif
2025-08-26 13:06:31,172 - INFO - composites.py:432 - Write B07 -> //nas-rs.topo.auth.gr/Latomeia/DROUGHT/composites/x10/y09/2020/07/01/S2L2A_medcomp_x10y09_202007_B07.tif
2025-08-26 13:06:35,201 - INFO - composites.py:432 - Write B8A -> //nas-rs.topo.auth.gr/Latomeia/DROUGHT/composites/x10/y09/2020/07/01/S2L2A_medcomp_x10y09_202007_B8A.tif
2025-08-26 13:06:39,156 - INFO - composites.py:432 - Write EVI -> //nas-rs.topo.auth.gr/Latomeia/DROUGHT/composites/x10/y09/2020/07/01/S2L2A_medcomp_x10y09_202007_EVI.tif
2025-08-26 13:06:43,127 - INFO - composites.py:432 - Write NDVI -> //nas-rs.topo.auth.gr/Latomeia/DROUGHT/composites/x10/y09/2020/07/01/S2L2A_medcomp_x10y09_202007_NDVI.tif
2025-08-26 13:06:46,984 - INFO - composites.py:432 - Write PSRI2 -> //nas-rs.topo.auth.gr/Latomeia/DROUGHT/composites/x10/y09/2020/07/01/S2L2A_medcomp_x10y09_202007_PSRI2.tif
2025-08-26 13:06:46,985 - INFO - composites.py:436 - Prepare metadata YAML document
2025-08-26 13:06:47,534 - INFO - composites.py:458 - Write metadata YAML document to disk
2025-08-26 13:06:47,566 - INFO - composites.py:463 - Create datacube.model.Dataset from eo3 metadata
2025-08-26 13:06:47,576 - INFO - composites.py:474 - Index to datacube
2025-08-26 13:06:47,577 - INFO - _datasets.py:191 - Indexing 63ad1024-5169-4366-9ecc-d6b855d719e0
2025-08-26 13:06:47,586 - INFO - composites.py:477 - 
2025-08-26 13:06:47,586 - INFO - composites.py:478 -              ✔✔✔ COMPLETED: Tile x10_y09 | Time: 2020-07 | In 8.19 minutes
2025-08-26 13:06:47,586 - INFO - composites.py:479 - 
2025-08-26 13:06:47,586 - INFO - composites.py:487 - Closing Dask client
2025-08-26 13:06:47,589 - INFO - composites.py:491 - Closing Dask cluster
2025-08-26 13:06:47,589 - INFO - composites.py:492 - #######################################################################
