2025-08-29 14:53:19,446 - INFO - composites.py:102 - #######################################################################
2025-08-29 14:53:19,446 - INFO - composites.py:104 - Processing started
2025-08-29 14:53:19,446 - INFO - composites.py:105 -         Tile: x08_y12
2025-08-29 14:53:19,447 - INFO - composites.py:106 -         Time: 2022-06
2025-08-29 14:53:19,447 - INFO - composites.py:109 -                           
2025-08-29 14:53:19,447 - INFO - composites.py:110 - Establishing connection to datacube
2025-08-29 14:53:20,138 - INFO - composites.py:113 -                           
2025-08-29 14:53:20,138 - INFO - composites.py:114 - Sanity test: Check if dataset already exists in the datacube
2025-08-29 14:53:20,158 - INFO - composites.py:133 - The composite requested was not found and it will be computed
2025-08-29 14:53:20,158 - INFO - composites.py:136 -                                  
2025-08-29 14:53:20,158 - INFO - composites.py:137 - Initializing Dask cluster for parallelization
2025-08-29 14:53:30,509 - INFO - composites.py:161 - Dask dashboard is available at: http://127.0.0.1:8787/status
2025-08-29 14:53:30,509 - INFO - composites.py:164 - Create directories and naming conversions
2025-08-29 14:53:30,520 - INFO - composites.py:177 - Dataset location: //nas-rs.topo.auth.gr/Latomeia/DROUGHT/composites/x08/y12/2022/06/01
2025-08-29 14:53:30,520 - INFO - composites.py:180 -                           
2025-08-29 14:53:30,520 - INFO - composites.py:181 - Retrieve tile geometry
2025-08-29 14:53:30,554 - INFO - composites.py:192 - Create the Bounding Box (φ,λ)
2025-08-29 14:53:30,554 - INFO - composites.py:198 - Create the Bounding Box (x,y)
2025-08-29 14:53:30,554 - INFO - composites.py:211 -                           
2025-08-29 14:53:30,554 - INFO - composites.py:212 - Connect to Planetary Computer STAC Catalog
2025-08-29 14:53:30,762 - INFO - composites.py:220 - Search the STAC Catalog
2025-08-29 14:53:30,831 - INFO - composites.py:232 -         Query parameters:
2025-08-29 14:53:30,832 - INFO - composites.py:233 -             url:          https://planetarycomputer.microsoft.com/api/stac/v1/search
2025-08-29 14:53:30,832 - INFO - composites.py:234 -             client:       microsoft-pc
2025-08-29 14:53:30,832 - INFO - composites.py:235 -             collection:   sentinel-2-l2a
2025-08-29 14:53:30,832 - INFO - composites.py:236 -             bbox:         (21.54502923200265, 38.72053801140399, 22.218704170873913, 39.26725432685642)
2025-08-29 14:53:30,832 - INFO - composites.py:237 -             time range:   2022-06-01T00:00:00Z/2022-06-30T23:59:59Z
2025-08-29 14:53:30,832 - INFO - composites.py:238 -             cloud cover:  0% - 70%
2025-08-29 14:53:30,832 - INFO - composites.py:239 -             nodata cover: 0% - 33%
2025-08-29 14:53:30,832 - INFO - composites.py:241 -                           
2025-08-29 14:53:30,832 - INFO - composites.py:242 - Searching...
2025-08-29 14:53:31,487 - INFO - composites.py:245 - Query found 44 items
2025-08-29 14:53:31,487 - INFO - composites.py:247 - Searching for GRI REFINED scenes:
2025-08-29 14:53:37,332 - INFO - sentinel2.py:78 - 1/44 - S2B_MSIL2A_20220627T092039_R093_T34SFJ_20240628T014257 -> REFINED
2025-08-29 14:53:41,973 - INFO - sentinel2.py:78 - 2/44 - S2B_MSIL2A_20220627T092039_R093_T34SFJ_20220627T234939 -> REFINED
2025-08-29 14:53:47,595 - INFO - sentinel2.py:78 - 3/44 - S2B_MSIL2A_20220627T092039_R093_T34SFH_20240628T014257 -> REFINED
2025-08-29 14:53:55,165 - INFO - sentinel2.py:78 - 4/44 - S2B_MSIL2A_20220627T092039_R093_T34SFH_20220627T214645 -> REFINED
2025-08-29 14:54:01,143 - INFO - sentinel2.py:78 - 5/44 - S2B_MSIL2A_20220627T092039_R093_T34SEJ_20240628T014257 -> REFINED
2025-08-29 14:54:06,936 - INFO - sentinel2.py:78 - 6/44 - S2B_MSIL2A_20220627T092039_R093_T34SEJ_20220628T015746 -> REFINED
2025-08-29 14:54:12,958 - INFO - sentinel2.py:78 - 7/44 - S2B_MSIL2A_20220627T092039_R093_T34SEH_20240628T014257 -> REFINED
2025-08-29 14:54:17,732 - INFO - sentinel2.py:78 - 8/44 - S2B_MSIL2A_20220627T092039_R093_T34SEH_20220627T220443 -> REFINED
2025-08-29 14:54:23,888 - INFO - sentinel2.py:78 - 9/44 - S2A_MSIL2A_20220622T092041_R093_T34SFJ_20240630T212132 -> REFINED
2025-08-29 14:54:29,623 - INFO - sentinel2.py:78 - 10/44 - S2A_MSIL2A_20220622T092041_R093_T34SFJ_20220622T194550 -> REFINED
2025-08-29 14:54:34,818 - INFO - sentinel2.py:78 - 11/44 - S2A_MSIL2A_20220622T092041_R093_T34SFH_20240630T212132 -> REFINED
2025-08-29 14:54:40,009 - INFO - sentinel2.py:78 - 12/44 - S2A_MSIL2A_20220622T092041_R093_T34SFH_20220622T194250 -> REFINED
2025-08-29 14:54:45,871 - INFO - sentinel2.py:78 - 13/44 - S2A_MSIL2A_20220622T092041_R093_T34SEJ_20240630T212132 -> REFINED
2025-08-29 14:54:51,559 - INFO - sentinel2.py:78 - 14/44 - S2A_MSIL2A_20220622T092041_R093_T34SEJ_20220622T191104 -> REFINED
2025-08-29 14:54:56,900 - INFO - sentinel2.py:78 - 15/44 - S2A_MSIL2A_20220622T092041_R093_T34SEH_20240630T212132 -> REFINED
2025-08-29 14:55:01,629 - INFO - sentinel2.py:78 - 16/44 - S2A_MSIL2A_20220622T092041_R093_T34SEH_20220622T185849 -> REFINED
2025-08-29 14:55:07,329 - INFO - sentinel2.py:78 - 17/44 - S2B_MSIL2A_20220617T092029_R093_T34SFJ_20240619T164553 -> REFINED
2025-08-29 14:55:12,040 - INFO - sentinel2.py:78 - 18/44 - S2B_MSIL2A_20220617T092029_R093_T34SFJ_20220619T090316 -> REFINED
2025-08-29 14:55:17,797 - INFO - sentinel2.py:78 - 19/44 - S2B_MSIL2A_20220617T092029_R093_T34SFH_20240619T164553 -> REFINED
2025-08-29 14:55:22,519 - INFO - sentinel2.py:78 - 20/44 - S2B_MSIL2A_20220617T092029_R093_T34SFH_20220619T095157 -> REFINED
2025-08-29 14:55:27,834 - INFO - sentinel2.py:78 - 21/44 - S2B_MSIL2A_20220617T092029_R093_T34SEJ_20240619T164553 -> REFINED
2025-08-29 14:55:32,317 - INFO - sentinel2.py:78 - 22/44 - S2B_MSIL2A_20220617T092029_R093_T34SEJ_20220619T101202 -> REFINED
2025-08-29 14:55:36,644 - INFO - sentinel2.py:78 - 23/44 - S2B_MSIL2A_20220617T092029_R093_T34SEH_20240619T164553 -> REFINED
2025-08-29 14:55:42,584 - INFO - sentinel2.py:78 - 24/44 - S2B_MSIL2A_20220617T092029_R093_T34SEH_20220619T101819 -> REFINED
2025-08-29 14:55:48,775 - INFO - sentinel2.py:78 - 25/44 - S2A_MSIL2A_20220612T092041_R093_T34SFJ_20240630T071240 -> REFINED
2025-08-29 14:55:54,243 - INFO - sentinel2.py:78 - 26/44 - S2A_MSIL2A_20220612T092041_R093_T34SFJ_20220613T080918 -> REFINED
2025-08-29 14:55:59,518 - INFO - sentinel2.py:78 - 27/44 - S2A_MSIL2A_20220612T092041_R093_T34SFH_20240630T071240 -> REFINED
2025-08-29 14:56:05,118 - INFO - sentinel2.py:78 - 28/44 - S2A_MSIL2A_20220612T092041_R093_T34SFH_20220613T062052 -> REFINED
2025-08-29 14:56:10,948 - INFO - sentinel2.py:78 - 29/44 - S2A_MSIL2A_20220612T092041_R093_T34SEJ_20240630T071240 -> REFINED
2025-08-29 14:56:16,078 - INFO - sentinel2.py:78 - 30/44 - S2A_MSIL2A_20220612T092041_R093_T34SEJ_20220613T073948 -> REFINED
2025-08-29 14:56:21,120 - INFO - sentinel2.py:78 - 31/44 - S2A_MSIL2A_20220612T092041_R093_T34SEH_20240630T071240 -> REFINED
2025-08-29 14:56:26,585 - INFO - sentinel2.py:78 - 32/44 - S2A_MSIL2A_20220612T092041_R093_T34SEH_20220613T085140 -> REFINED
2025-08-29 14:56:32,422 - INFO - sentinel2.py:78 - 33/44 - S2B_MSIL2A_20220607T092029_R093_T34SFJ_20240630T105743 -> REFINED
2025-08-29 14:56:38,160 - INFO - sentinel2.py:78 - 34/44 - S2B_MSIL2A_20220607T092029_R093_T34SFJ_20220607T175719 -> REFINED
2025-08-29 14:56:43,590 - INFO - sentinel2.py:78 - 35/44 - S2B_MSIL2A_20220607T092029_R093_T34SFH_20240630T105743 -> REFINED
2025-08-29 14:56:49,243 - INFO - sentinel2.py:78 - 36/44 - S2B_MSIL2A_20220607T092029_R093_T34SFH_20220607T180552 -> REFINED
2025-08-29 14:56:54,942 - INFO - sentinel2.py:78 - 37/44 - S2B_MSIL2A_20220607T092029_R093_T34SEJ_20240630T105743 -> REFINED
2025-08-29 14:57:00,644 - INFO - sentinel2.py:78 - 38/44 - S2B_MSIL2A_20220607T092029_R093_T34SEJ_20220607T174629 -> REFINED
2025-08-29 14:57:05,230 - INFO - sentinel2.py:78 - 39/44 - S2B_MSIL2A_20220607T092029_R093_T34SEH_20240630T105743 -> REFINED
2025-08-29 14:57:10,897 - INFO - sentinel2.py:78 - 40/44 - S2B_MSIL2A_20220607T092029_R093_T34SEH_20220607T173150 -> REFINED
2025-08-29 14:57:16,742 - INFO - sentinel2.py:78 - 41/44 - S2A_MSIL2A_20220602T092041_R093_T34SFJ_20220603T065506 -> REFINED
2025-08-29 14:57:21,430 - INFO - sentinel2.py:78 - 42/44 - S2A_MSIL2A_20220602T092041_R093_T34SFH_20220603T063908 -> REFINED
2025-08-29 14:57:26,186 - INFO - sentinel2.py:78 - 43/44 - S2A_MSIL2A_20220602T092041_R093_T34SEJ_20220603T070015 -> REFINED
2025-08-29 14:57:31,884 - INFO - sentinel2.py:78 - 44/44 - S2A_MSIL2A_20220602T092041_R093_T34SEH_20220603T061324 -> REFINED
2025-08-29 14:57:31,927 - INFO - composites.py:250 -                                  
2025-08-29 14:57:31,927 - INFO - composites.py:251 - 44/44 were refined by GRI.
2025-08-29 14:57:31,928 - INFO - composites.py:263 - Looking for up to 10 cleanest images within spatiotemporal range of each MGRS tile
2025-08-29 14:57:31,928 - INFO - composites.py:277 - Filtered cleanest scenes: Kept 40 out of 44 items. 
2025-08-29 14:57:31,928 - INFO - composites.py:278 -         Included MGRS Tiles: ['34SEH' '34SEJ' '34SFH' '34SFJ']
2025-08-29 14:57:31,929 - INFO - composites.py:279 -         Included EPSG codes: [32634]
2025-08-29 14:57:31,929 - INFO - composites.py:281 - Selected scenes:
2025-08-29 14:57:31,929 - INFO - composites.py:283 -         S2A_MSIL2A_20220622T092041_R093_T34SEH_20220622T185849
2025-08-29 14:57:31,930 - INFO - composites.py:283 -         S2A_MSIL2A_20220622T092041_R093_T34SEH_20240630T212132
2025-08-29 14:57:31,930 - INFO - composites.py:283 -         S2A_MSIL2A_20220602T092041_R093_T34SEH_20220603T061324
2025-08-29 14:57:31,931 - INFO - composites.py:283 -         S2B_MSIL2A_20220617T092029_R093_T34SEH_20240619T164553
2025-08-29 14:57:31,931 - INFO - composites.py:283 -         S2B_MSIL2A_20220617T092029_R093_T34SEH_20220619T101819
2025-08-29 14:57:31,949 - INFO - composites.py:283 -         S2B_MSIL2A_20220627T092039_R093_T34SEH_20240628T014257
2025-08-29 14:57:31,949 - INFO - composites.py:283 -         S2B_MSIL2A_20220627T092039_R093_T34SEH_20220627T220443
2025-08-29 14:57:31,964 - INFO - composites.py:283 -         S2A_MSIL2A_20220612T092041_R093_T34SEH_20240630T071240
2025-08-29 14:57:31,965 - INFO - composites.py:283 -         S2A_MSIL2A_20220612T092041_R093_T34SEH_20220613T085140
2025-08-29 14:57:31,965 - INFO - composites.py:283 -         S2B_MSIL2A_20220607T092029_R093_T34SEH_20240630T105743
2025-08-29 14:57:31,965 - INFO - composites.py:283 -         S2A_MSIL2A_20220622T092041_R093_T34SEJ_20220622T191104
2025-08-29 14:57:31,965 - INFO - composites.py:283 -         S2A_MSIL2A_20220622T092041_R093_T34SEJ_20240630T212132
2025-08-29 14:57:31,965 - INFO - composites.py:283 -         S2B_MSIL2A_20220627T092039_R093_T34SEJ_20240628T014257
2025-08-29 14:57:31,970 - INFO - composites.py:283 -         S2B_MSIL2A_20220627T092039_R093_T34SEJ_20220628T015746
2025-08-29 14:57:31,970 - INFO - composites.py:283 -         S2A_MSIL2A_20220602T092041_R093_T34SEJ_20220603T070015
2025-08-29 14:57:31,970 - INFO - composites.py:283 -         S2B_MSIL2A_20220617T092029_R093_T34SEJ_20240619T164553
2025-08-29 14:57:31,970 - INFO - composites.py:283 -         S2B_MSIL2A_20220617T092029_R093_T34SEJ_20220619T101202
2025-08-29 14:57:31,970 - INFO - composites.py:283 -         S2A_MSIL2A_20220612T092041_R093_T34SEJ_20240630T071240
2025-08-29 14:57:31,970 - INFO - composites.py:283 -         S2A_MSIL2A_20220612T092041_R093_T34SEJ_20220613T073948
2025-08-29 14:57:31,970 - INFO - composites.py:283 -         S2B_MSIL2A_20220607T092029_R093_T34SEJ_20240630T105743
2025-08-29 14:57:31,970 - INFO - composites.py:283 -         S2A_MSIL2A_20220622T092041_R093_T34SFH_20220622T194250
2025-08-29 14:57:31,970 - INFO - composites.py:283 -         S2A_MSIL2A_20220622T092041_R093_T34SFH_20240630T212132
2025-08-29 14:57:31,970 - INFO - composites.py:283 -         S2A_MSIL2A_20220602T092041_R093_T34SFH_20220603T063908
2025-08-29 14:57:31,970 - INFO - composites.py:283 -         S2B_MSIL2A_20220617T092029_R093_T34SFH_20240619T164553
2025-08-29 14:57:31,970 - INFO - composites.py:283 -         S2B_MSIL2A_20220617T092029_R093_T34SFH_20220619T095157
2025-08-29 14:57:31,970 - INFO - composites.py:283 -         S2B_MSIL2A_20220627T092039_R093_T34SFH_20240628T014257
2025-08-29 14:57:31,970 - INFO - composites.py:283 -         S2B_MSIL2A_20220627T092039_R093_T34SFH_20220627T214645
2025-08-29 14:57:31,970 - INFO - composites.py:283 -         S2A_MSIL2A_20220612T092041_R093_T34SFH_20240630T071240
2025-08-29 14:57:31,970 - INFO - composites.py:283 -         S2A_MSIL2A_20220612T092041_R093_T34SFH_20220613T062052
2025-08-29 14:57:31,970 - INFO - composites.py:283 -         S2B_MSIL2A_20220607T092029_R093_T34SFH_20220607T180552
2025-08-29 14:57:31,970 - INFO - composites.py:283 -         S2A_MSIL2A_20220622T092041_R093_T34SFJ_20220622T194550
2025-08-29 14:57:31,970 - INFO - composites.py:283 -         S2A_MSIL2A_20220622T092041_R093_T34SFJ_20240630T212132
2025-08-29 14:57:31,972 - INFO - composites.py:283 -         S2A_MSIL2A_20220602T092041_R093_T34SFJ_20220603T065506
2025-08-29 14:57:31,972 - INFO - composites.py:283 -         S2B_MSIL2A_20220617T092029_R093_T34SFJ_20220619T090316
2025-08-29 14:57:31,972 - INFO - composites.py:283 -         S2B_MSIL2A_20220617T092029_R093_T34SFJ_20240619T164553
2025-08-29 14:57:31,972 - INFO - composites.py:283 -         S2B_MSIL2A_20220627T092039_R093_T34SFJ_20240628T014257
2025-08-29 14:57:31,972 - INFO - composites.py:283 -         S2B_MSIL2A_20220627T092039_R093_T34SFJ_20220627T234939
2025-08-29 14:57:31,972 - INFO - composites.py:283 -         S2A_MSIL2A_20220612T092041_R093_T34SFJ_20220613T080918
2025-08-29 14:57:31,972 - INFO - composites.py:283 -         S2A_MSIL2A_20220612T092041_R093_T34SFJ_20240630T071240
2025-08-29 14:57:31,972 - INFO - composites.py:283 -         S2B_MSIL2A_20220607T092029_R093_T34SFJ_20220607T175719
2025-08-29 14:57:32,456 - INFO - sentinel2.py:154 - Matplotlib backend: Agg
2025-08-29 14:57:32,716 - INFO - sentinel2.py:224 - Write input scenes footprint overlay: //nas-rs.topo.auth.gr/Latomeia/DROUGHT/composites/x08/y12/2022/06/01/S2L2A_medcomp_x08y12_202206_InDataFootprint.jpeg
2025-08-29 14:57:33,034 - INFO - composites.py:297 -                                  
2025-08-29 14:57:33,034 - INFO - composites.py:298 - Downstream STAC items from Planetary Computer
2025-08-29 14:57:33,034 - INFO - timeseries_processing.py:115 -                                  
2025-08-29 14:57:33,034 - INFO - timeseries_processing.py:116 - Loading bands of diferent resolutions in EPSG:32634
2025-08-29 14:57:33,034 - INFO - timeseries_processing.py:120 -     Filtering items with native UTM EPSG:32634
2025-08-29 14:57:33,034 - INFO - timeseries_processing.py:122 -     40 Items in EPSG:32634
2025-08-29 14:57:33,034 - INFO - timeseries_processing.py:129 -                        
2025-08-29 14:57:33,034 - INFO - timeseries_processing.py:130 -     Loading parameters:
2025-08-29 14:57:33,034 - INFO - timeseries_processing.py:131 -         Bands: ['B05', 'B07', 'B8A', 'SCL']
2025-08-29 14:57:33,034 - INFO - timeseries_processing.py:132 -         Spatial resolution: 20
2025-08-29 14:57:33,034 - INFO - timeseries_processing.py:134 -         Get Assets from STAC Items
2025-08-29 14:57:33,034 - INFO - timeseries_processing.py:47 -         Initialize the STAC client
2025-08-29 14:57:33,733 - INFO - timeseries_processing.py:137 -         Loading 40 STAC Items....
2025-08-29 14:58:22,416 - INFO - timeseries_processing.py:146 -         Cube has been downloaded
2025-08-29 14:58:22,416 - INFO - timeseries_processing.py:156 -         Fix order of dimensions
2025-08-29 14:58:22,419 - INFO - timeseries_processing.py:161 -         Append bands to the band-list of EPSG:32634
2025-08-29 14:58:22,419 - INFO - timeseries_processing.py:129 -                        
2025-08-29 14:58:22,419 - INFO - timeseries_processing.py:130 -     Loading parameters:
2025-08-29 14:58:22,420 - INFO - timeseries_processing.py:131 -         Bands: ['B02', 'B03', 'B04']
2025-08-29 14:58:22,420 - INFO - timeseries_processing.py:132 -         Spatial resolution: 10
2025-08-29 14:58:22,421 - INFO - timeseries_processing.py:134 -         Get Assets from STAC Items
2025-08-29 14:58:22,424 - INFO - timeseries_processing.py:47 -         Initialize the STAC client
2025-08-29 14:58:23,127 - INFO - timeseries_processing.py:137 -         Loading 40 STAC Items....
2025-08-29 15:02:27,452 - INFO - timeseries_processing.py:146 -         Cube has been downloaded
2025-08-29 15:02:27,452 - INFO - timeseries_processing.py:149 -         Reproject to downsample 10m bands to 20m by Resampling.average 2x2 binning and shape matching with odc.geo.GeoBox
2025-08-29 15:02:36,490 - INFO - timeseries_processing.py:161 -         Append bands to the band-list of EPSG:32634
2025-08-29 15:02:36,491 - INFO - timeseries_processing.py:165 -                        
2025-08-29 15:02:36,491 - INFO - timeseries_processing.py:166 -     Merging bands in a single dataset
2025-08-29 15:02:36,496 - INFO - timeseries_processing.py:167 -     Ensure all partial datasets are at (x=20, y=-20) resolution
2025-08-29 15:02:36,496 - INFO - timeseries_processing.py:171 -     Clip to the intersection of indexes
2025-08-29 15:02:37,496 - INFO - timeseries_processing.py:180 -     Make a list of bands to merge
2025-08-29 15:02:37,497 - INFO - timeseries_processing.py:184 -     Merge on intersection
2025-08-29 15:02:37,498 - INFO - timeseries_processing.py:192 -     Apply masks on clouds, shadows, thin cirrus, and snow/ice
2025-08-29 15:02:37,498 - INFO - sentinel2.py:122 -                Masking bits: [3, 7, 8, 9, 10, 11]
2025-08-29 15:02:38,264 - INFO - composites.py:307 - Reproject from UTM Zone to Tile geometry -> CRS(EPSG:32634), Resampling.bilinear
2025-08-29 15:02:42,381 - INFO - composites.py:310 -     New shape of datasets: Shape2d(x=2400, y=2400)
2025-08-29 15:02:43,035 - INFO - composites.py:329 - Scale SR to Sen2Cor Baseline 4.00 - Subtract 1000 in dates post 2022-01-25
2025-08-29 15:02:44,057 - INFO - composites.py:342 - Creating preview plot of input scenes
2025-08-29 15:03:10,877 - INFO - timeseries_processing.py:349 - Saved preview for 'B04' to //nas-rs.topo.auth.gr/Latomeia/DROUGHT/composites/x08/y12/2022/06/01/S2L2A_medcomp_x08y12_202206_InDataPreview.jpeg
2025-08-29 15:03:10,881 - INFO - composites.py:348 - Clip value range
2025-08-29 15:03:12,112 - INFO - composites.py:353 -                           
2025-08-29 15:03:12,112 - INFO - composites.py:354 - Computing spectral indices:
2025-08-29 15:03:12,113 - INFO - composites.py:357 -     EVI...
2025-08-29 15:03:12,898 - INFO - composites.py:359 -     NDVI...
2025-08-29 15:03:13,138 - INFO - composites.py:361 -     PSRI2...
2025-08-29 15:03:13,375 - INFO - composites.py:364 - Clip to typical value range
2025-08-29 15:03:13,592 - INFO - composites.py:371 - Reducing to median value temporal composite
2025-08-29 15:03:38,934 - INFO - composites.py:390 - Scale and Define data types & nodata per band
2025-08-29 15:03:39,082 - INFO - composites.py:411 - Assign time range and tile ID in metadata
2025-08-29 15:03:39,082 - INFO - composites.py:419 - Write bands to raster COG files
2025-08-29 15:03:43,082 - INFO - composites.py:432 - Write B02 -> //nas-rs.topo.auth.gr/Latomeia/DROUGHT/composites/x08/y12/2022/06/01/S2L2A_medcomp_x08y12_202206_B02.tif
2025-08-29 15:03:47,264 - INFO - composites.py:432 - Write B03 -> //nas-rs.topo.auth.gr/Latomeia/DROUGHT/composites/x08/y12/2022/06/01/S2L2A_medcomp_x08y12_202206_B03.tif
2025-08-29 15:03:51,378 - INFO - composites.py:432 - Write B04 -> //nas-rs.topo.auth.gr/Latomeia/DROUGHT/composites/x08/y12/2022/06/01/S2L2A_medcomp_x08y12_202206_B04.tif
2025-08-29 15:03:55,434 - INFO - composites.py:432 - Write B05 -> //nas-rs.topo.auth.gr/Latomeia/DROUGHT/composites/x08/y12/2022/06/01/S2L2A_medcomp_x08y12_202206_B05.tif
2025-08-29 15:03:59,441 - INFO - composites.py:432 - Write B07 -> //nas-rs.topo.auth.gr/Latomeia/DROUGHT/composites/x08/y12/2022/06/01/S2L2A_medcomp_x08y12_202206_B07.tif
2025-08-29 15:04:03,632 - INFO - composites.py:432 - Write B8A -> //nas-rs.topo.auth.gr/Latomeia/DROUGHT/composites/x08/y12/2022/06/01/S2L2A_medcomp_x08y12_202206_B8A.tif
2025-08-29 15:04:07,752 - INFO - composites.py:432 - Write EVI -> //nas-rs.topo.auth.gr/Latomeia/DROUGHT/composites/x08/y12/2022/06/01/S2L2A_medcomp_x08y12_202206_EVI.tif
2025-08-29 15:04:12,323 - INFO - composites.py:432 - Write NDVI -> //nas-rs.topo.auth.gr/Latomeia/DROUGHT/composites/x08/y12/2022/06/01/S2L2A_medcomp_x08y12_202206_NDVI.tif
2025-08-29 15:04:16,922 - INFO - composites.py:432 - Write PSRI2 -> //nas-rs.topo.auth.gr/Latomeia/DROUGHT/composites/x08/y12/2022/06/01/S2L2A_medcomp_x08y12_202206_PSRI2.tif
2025-08-29 15:04:16,922 - INFO - composites.py:436 - Prepare metadata YAML document
2025-08-29 15:04:17,519 - INFO - composites.py:458 - Write metadata YAML document to disk
2025-08-29 15:04:17,591 - INFO - composites.py:463 - Create datacube.model.Dataset from eo3 metadata
2025-08-29 15:04:17,603 - INFO - composites.py:476 - Index to datacube
2025-08-29 15:04:17,604 - INFO - _datasets.py:191 - Indexing c83a88a3-2ac2-4b87-aa69-6489edad50b4
2025-08-29 15:04:17,613 - INFO - composites.py:479 - 
2025-08-29 15:04:17,613 - INFO - composites.py:480 -              ✔✔✔ COMPLETED: Tile x08_y12 | Time: 2022-06 | In 10.97 minutes
2025-08-29 15:04:17,613 - INFO - composites.py:481 - 
2025-08-29 15:04:17,613 - INFO - composites.py:489 - Closing Dask client
2025-08-29 15:04:17,616 - INFO - composites.py:493 - Closing Dask cluster
2025-08-29 15:04:17,616 - INFO - composites.py:494 - #######################################################################
