2025-08-21 21:25:44,647 - INFO - composites.py:101 - #######################################################################
2025-08-21 21:25:44,647 - INFO - composites.py:103 - Processing started
2025-08-21 21:25:44,647 - INFO - composites.py:104 -         Tile: x09_y07
2025-08-21 21:25:44,648 - INFO - composites.py:105 -         Time: 2020-03
2025-08-21 21:25:44,648 - INFO - composites.py:108 -                           
2025-08-21 21:25:44,648 - INFO - composites.py:109 - Establishing connection to datacube
2025-08-21 21:25:45,465 - INFO - composites.py:112 -                           
2025-08-21 21:25:45,467 - INFO - composites.py:113 - Sanity test: Check if dataset already exists in the datacube
2025-08-21 21:25:45,482 - INFO - composites.py:132 - The composite requested was not found and it will be computed
2025-08-21 21:25:45,482 - INFO - composites.py:135 -                                  
2025-08-21 21:25:45,482 - INFO - composites.py:136 - Initializing Dask cluster for parallelization
2025-08-21 21:25:50,308 - INFO - composites.py:160 - Dask dashboard is available at: http://127.0.0.1:8787/status
2025-08-21 21:25:50,308 - INFO - composites.py:163 - Create directories and naming conversions
2025-08-21 21:25:50,315 - INFO - composites.py:174 - Dataset location: //nas-rs.topo.auth.gr/Latomeia/DROUGHT/COMPOS/2020/03/x09_y07
2025-08-21 21:25:50,315 - INFO - composites.py:177 -                           
2025-08-21 21:25:50,315 - INFO - composites.py:178 - Retrieve tile geometry
2025-08-21 21:25:50,342 - INFO - composites.py:189 - Create the Bounding Box (φ,λ)
2025-08-21 21:25:50,342 - INFO - composites.py:195 - Create the Bounding Box (x,y)
2025-08-21 21:25:50,343 - INFO - composites.py:208 -                           
2025-08-21 21:25:50,343 - INFO - composites.py:209 - Connect to Planetary Computer STAC Catalog
2025-08-21 21:25:50,555 - INFO - composites.py:217 - Search the STAC Catalog
2025-08-21 21:25:50,623 - INFO - composites.py:229 -         Query parameters:
2025-08-21 21:25:50,624 - INFO - composites.py:230 -             url:          https://planetarycomputer.microsoft.com/api/stac/v1/search
2025-08-21 21:25:50,624 - INFO - composites.py:231 -             client:       microsoft-pc
2025-08-21 21:25:50,624 - INFO - composites.py:232 -             collection:   sentinel-2-l2a
2025-08-21 21:25:50,624 - INFO - composites.py:233 -             bbox:         (21.713272741353347, 36.503467455742786, 22.3662065071609, 37.05185939680514)
2025-08-21 21:25:50,624 - INFO - composites.py:234 -             time range:   2020-03-01T00:00:00Z/2020-03-31T23:59:59Z
2025-08-21 21:25:50,624 - INFO - composites.py:235 -             cloud cover:  0% - 70%
2025-08-21 21:25:50,624 - INFO - composites.py:236 -             nodata cover: 0% - 33%
2025-08-21 21:25:50,624 - INFO - composites.py:238 -                           
2025-08-21 21:25:50,624 - INFO - composites.py:239 - Searching...
2025-08-21 21:25:51,203 - INFO - composites.py:242 - Query found 30 items
2025-08-21 21:25:51,203 - INFO - composites.py:244 - Searching for GRI REFINED scenes:
2025-08-21 21:25:56,996 - INFO - sentinel2.py:78 - 1/30 - S2A_MSIL2A_20200331T090551_R050_T34SFG_20201022T121545 -> Not Found
2025-08-21 21:26:02,795 - INFO - sentinel2.py:78 - 2/30 - S2A_MSIL2A_20200331T090551_R050_T34SFF_20201022T121527 -> Not Found
2025-08-21 21:26:08,914 - INFO - sentinel2.py:78 - 3/30 - S2B_MSIL2A_20200329T092029_R093_T34SFG_20201020T203952 -> Not Found
2025-08-21 21:26:14,946 - INFO - sentinel2.py:78 - 4/30 - S2B_MSIL2A_20200329T092029_R093_T34SFF_20201020T204025 -> Not Found
2025-08-21 21:26:20,434 - INFO - sentinel2.py:78 - 5/30 - S2B_MSIL2A_20200329T092029_R093_T34SEG_20201020T204132 -> Not Found
2025-08-21 21:26:25,850 - INFO - sentinel2.py:78 - 6/30 - S2B_MSIL2A_20200329T092029_R093_T34SEF_20201020T204101 -> Not Found
2025-08-21 21:26:30,863 - INFO - sentinel2.py:78 - 7/30 - S2A_MSIL2A_20200324T092031_R093_T34SFG_20201018T204922 -> Not Found
2025-08-21 21:26:36,925 - INFO - sentinel2.py:78 - 8/30 - S2A_MSIL2A_20200324T092031_R093_T34SFF_20201018T205026 -> Not Found
2025-08-21 21:26:42,117 - INFO - sentinel2.py:78 - 9/30 - S2A_MSIL2A_20200324T092031_R093_T34SEG_20201018T205354 -> Not Found
2025-08-21 21:26:46,941 - INFO - sentinel2.py:78 - 10/30 - S2A_MSIL2A_20200324T092031_R093_T34SEF_20201018T205035 -> Not Found
2025-08-21 21:26:52,377 - INFO - sentinel2.py:78 - 11/30 - S2A_MSIL2A_20200321T090641_R050_T34SFG_20201014T104214 -> Not Found
2025-08-21 21:26:58,582 - INFO - sentinel2.py:78 - 12/30 - S2A_MSIL2A_20200321T090641_R050_T34SFF_20201014T104216 -> Not Found
2025-08-21 21:27:04,672 - INFO - sentinel2.py:78 - 13/30 - S2B_MSIL2A_20200319T092029_R093_T34SFG_20201012T164411 -> Not Found
2025-08-21 21:27:09,700 - INFO - sentinel2.py:78 - 14/30 - S2B_MSIL2A_20200319T092029_R093_T34SFF_20201012T164433 -> Not Found
2025-08-21 21:27:14,499 - INFO - sentinel2.py:78 - 15/30 - S2B_MSIL2A_20200319T092029_R093_T34SEG_20201012T164418 -> Not Found
2025-08-21 21:27:19,942 - INFO - sentinel2.py:78 - 16/30 - S2B_MSIL2A_20200319T092029_R093_T34SEF_20201012T164424 -> Not Found
2025-08-21 21:27:25,530 - INFO - sentinel2.py:78 - 17/30 - S2A_MSIL2A_20200314T092031_R093_T34SFG_20201009T235339 -> Not Found
2025-08-21 21:27:30,513 - INFO - sentinel2.py:78 - 18/30 - S2A_MSIL2A_20200314T092031_R093_T34SFF_20201009T235401 -> Not Found
2025-08-21 21:27:35,898 - INFO - sentinel2.py:78 - 19/30 - S2A_MSIL2A_20200314T092031_R093_T34SEG_20201009T235332 -> Not Found
2025-08-21 21:27:42,046 - INFO - sentinel2.py:78 - 20/30 - S2A_MSIL2A_20200314T092031_R093_T34SEF_20201009T235543 -> Not Found
2025-08-21 21:27:48,274 - INFO - sentinel2.py:78 - 21/30 - S2A_MSIL2A_20200311T090751_R050_T34SFG_20201005T153241 -> Not Found
2025-08-21 21:27:53,828 - INFO - sentinel2.py:78 - 22/30 - S2A_MSIL2A_20200311T090751_R050_T34SFF_20201005T153252 -> Not Found
2025-08-21 21:27:58,666 - INFO - sentinel2.py:78 - 23/30 - S2B_MSIL2A_20200309T092029_R093_T34SEG_20201002T210330 -> Not Found
2025-08-21 21:28:04,627 - INFO - sentinel2.py:78 - 24/30 - S2B_MSIL2A_20200309T092029_R093_T34SEF_20201002T210355 -> Not Found
2025-08-21 21:28:10,772 - INFO - sentinel2.py:78 - 25/30 - S2B_MSIL2A_20200306T090729_R050_T34SFG_20200929T110334 -> Not Found
2025-08-21 21:28:15,809 - INFO - sentinel2.py:78 - 26/30 - S2B_MSIL2A_20200306T090729_R050_T34SFF_20200929T110422 -> Not Found
2025-08-21 21:28:21,426 - INFO - sentinel2.py:78 - 27/30 - S2A_MSIL2A_20200304T092021_R093_T34SFF_20200928T112539 -> Not Found
2025-08-21 21:28:26,931 - INFO - sentinel2.py:78 - 28/30 - S2A_MSIL2A_20200304T092021_R093_T34SEF_20200928T112741 -> Not Found
2025-08-21 21:28:32,748 - INFO - sentinel2.py:78 - 29/30 - S2A_MSIL2A_20200301T090901_R050_T34SFG_20200925T223830 -> Not Found
2025-08-21 21:28:38,361 - INFO - sentinel2.py:78 - 30/30 - S2A_MSIL2A_20200301T090901_R050_T34SFF_20200925T223800 -> Not Found
2025-08-21 21:28:38,408 - INFO - composites.py:247 -                                  
2025-08-21 21:28:38,408 - INFO - composites.py:248 - 0/30 were refined by GRI.
2025-08-21 21:28:38,408 - WARNING - composites.py:252 - Tile x09_y07 | Time: 2020-03: All scenes are flagged NOT REFINED.
2025-08-21 21:28:38,408 - WARNING - composites.py:253 - Tile x09_y07 | Time: 2020-03: The composite will be flagged with _NOREFINED.
2025-08-21 21:28:38,408 - INFO - composites.py:260 - Looking for up to 10 cleanest images within spatiotemporal range of each MGRS tile
2025-08-21 21:28:38,408 - INFO - composites.py:274 - Filtered cleanest scenes: Kept 30 out of 30 items. 
2025-08-21 21:28:38,408 - INFO - composites.py:275 -         Included MGRS Tiles: ['34SEF' '34SEG' '34SFF' '34SFG']
2025-08-21 21:28:38,409 - INFO - composites.py:276 -         Included EPSG codes: [32634]
2025-08-21 21:28:38,409 - INFO - composites.py:278 - Selected scenes:
2025-08-21 21:28:38,410 - INFO - composites.py:280 -         S2A_MSIL2A_20200324T092031_R093_T34SEF_20201018T205035
2025-08-21 21:28:38,410 - INFO - composites.py:280 -         S2B_MSIL2A_20200319T092029_R093_T34SEF_20201012T164424
2025-08-21 21:28:38,410 - INFO - composites.py:280 -         S2A_MSIL2A_20200304T092021_R093_T34SEF_20200928T112741
2025-08-21 21:28:38,411 - INFO - composites.py:280 -         S2B_MSIL2A_20200309T092029_R093_T34SEF_20201002T210355
2025-08-21 21:28:38,411 - INFO - composites.py:280 -         S2A_MSIL2A_20200314T092031_R093_T34SEF_20201009T235543
2025-08-21 21:28:38,411 - INFO - composites.py:280 -         S2B_MSIL2A_20200329T092029_R093_T34SEF_20201020T204101
2025-08-21 21:28:38,412 - INFO - composites.py:280 -         S2B_MSIL2A_20200319T092029_R093_T34SEG_20201012T164418
2025-08-21 21:28:38,412 - INFO - composites.py:280 -         S2A_MSIL2A_20200324T092031_R093_T34SEG_20201018T205354
2025-08-21 21:28:38,413 - INFO - composites.py:280 -         S2A_MSIL2A_20200314T092031_R093_T34SEG_20201009T235332
2025-08-21 21:28:38,413 - INFO - composites.py:280 -         S2B_MSIL2A_20200329T092029_R093_T34SEG_20201020T204132
2025-08-21 21:28:38,413 - INFO - composites.py:280 -         S2B_MSIL2A_20200309T092029_R093_T34SEG_20201002T210330
2025-08-21 21:28:38,413 - INFO - composites.py:280 -         S2A_MSIL2A_20200321T090641_R050_T34SFF_20201014T104216
2025-08-21 21:28:38,413 - INFO - composites.py:280 -         S2A_MSIL2A_20200311T090751_R050_T34SFF_20201005T153252
2025-08-21 21:28:38,413 - INFO - composites.py:280 -         S2B_MSIL2A_20200306T090729_R050_T34SFF_20200929T110422
2025-08-21 21:28:38,413 - INFO - composites.py:280 -         S2A_MSIL2A_20200301T090901_R050_T34SFF_20200925T223800
2025-08-21 21:28:38,413 - INFO - composites.py:280 -         S2B_MSIL2A_20200319T092029_R093_T34SFF_20201012T164433
2025-08-21 21:28:38,413 - INFO - composites.py:280 -         S2A_MSIL2A_20200324T092031_R093_T34SFF_20201018T205026
2025-08-21 21:28:38,413 - INFO - composites.py:280 -         S2A_MSIL2A_20200314T092031_R093_T34SFF_20201009T235401
2025-08-21 21:28:38,413 - INFO - composites.py:280 -         S2A_MSIL2A_20200331T090551_R050_T34SFF_20201022T121527
2025-08-21 21:28:38,413 - INFO - composites.py:280 -         S2B_MSIL2A_20200329T092029_R093_T34SFF_20201020T204025
2025-08-21 21:28:38,413 - INFO - composites.py:280 -         S2A_MSIL2A_20200304T092021_R093_T34SFF_20200928T112539
2025-08-21 21:28:38,413 - INFO - composites.py:280 -         S2A_MSIL2A_20200321T090641_R050_T34SFG_20201014T104214
2025-08-21 21:28:38,413 - INFO - composites.py:280 -         S2A_MSIL2A_20200301T090901_R050_T34SFG_20200925T223830
2025-08-21 21:28:38,413 - INFO - composites.py:280 -         S2B_MSIL2A_20200306T090729_R050_T34SFG_20200929T110334
2025-08-21 21:28:38,413 - INFO - composites.py:280 -         S2A_MSIL2A_20200311T090751_R050_T34SFG_20201005T153241
2025-08-21 21:28:38,413 - INFO - composites.py:280 -         S2A_MSIL2A_20200331T090551_R050_T34SFG_20201022T121545
2025-08-21 21:28:38,413 - INFO - composites.py:280 -         S2B_MSIL2A_20200319T092029_R093_T34SFG_20201012T164411
2025-08-21 21:28:38,413 - INFO - composites.py:280 -         S2A_MSIL2A_20200324T092031_R093_T34SFG_20201018T204922
2025-08-21 21:28:38,413 - INFO - composites.py:280 -         S2A_MSIL2A_20200314T092031_R093_T34SFG_20201009T235339
2025-08-21 21:28:38,413 - INFO - composites.py:280 -         S2B_MSIL2A_20200329T092029_R093_T34SFG_20201020T203952
2025-08-21 21:28:38,989 - INFO - sentinel2.py:154 - Matplotlib backend: Agg
2025-08-21 21:28:39,282 - INFO - sentinel2.py:224 - Write input scenes footprint overlay: //nas-rs.topo.auth.gr/Latomeia/DROUGHT/COMPOS/2020/03/x09_y07/S2L2A_medcomp_x09_y07_202003_InDataFootprint.jpeg
2025-08-21 21:28:39,604 - INFO - composites.py:294 -                                  
2025-08-21 21:28:39,604 - INFO - composites.py:295 - Downstream STAC items from Planetary Computer
2025-08-21 21:28:39,604 - INFO - timeseries_processing.py:115 -                                  
2025-08-21 21:28:39,604 - INFO - timeseries_processing.py:116 - Loading bands of diferent resolutions in EPSG:32634
2025-08-21 21:28:39,604 - INFO - timeseries_processing.py:120 -     Filtering items with native UTM EPSG:32634
2025-08-21 21:28:39,604 - INFO - timeseries_processing.py:122 -     30 Items in EPSG:32634
2025-08-21 21:28:39,604 - INFO - timeseries_processing.py:129 -                        
2025-08-21 21:28:39,604 - INFO - timeseries_processing.py:130 -     Loading parameters:
2025-08-21 21:28:39,604 - INFO - timeseries_processing.py:131 -         Bands: ['B05', 'B07', 'B8A', 'SCL']
2025-08-21 21:28:39,604 - INFO - timeseries_processing.py:132 -         Spatial resolution: 20
2025-08-21 21:28:39,604 - INFO - timeseries_processing.py:134 -         Get Assets from STAC Items
2025-08-21 21:28:39,604 - INFO - timeseries_processing.py:47 -         Initialize the STAC client
2025-08-21 21:28:40,267 - INFO - timeseries_processing.py:137 -         Loading 30 STAC Items....
2025-08-21 21:29:49,447 - INFO - timeseries_processing.py:146 -         Cube has been downloaded
2025-08-21 21:29:49,447 - INFO - timeseries_processing.py:156 -         Fix order of dimensions
2025-08-21 21:29:49,448 - INFO - timeseries_processing.py:161 -         Append bands to the band-list of EPSG:32634
2025-08-21 21:29:49,450 - INFO - timeseries_processing.py:129 -                        
2025-08-21 21:29:49,450 - INFO - timeseries_processing.py:130 -     Loading parameters:
2025-08-21 21:29:49,450 - INFO - timeseries_processing.py:131 -         Bands: ['B02', 'B03', 'B04']
2025-08-21 21:29:49,450 - INFO - timeseries_processing.py:132 -         Spatial resolution: 10
2025-08-21 21:29:49,450 - INFO - timeseries_processing.py:134 -         Get Assets from STAC Items
2025-08-21 21:29:49,450 - INFO - timeseries_processing.py:47 -         Initialize the STAC client
2025-08-21 21:29:50,097 - INFO - timeseries_processing.py:137 -         Loading 30 STAC Items....
2025-08-21 21:32:52,661 - INFO - timeseries_processing.py:146 -         Cube has been downloaded
2025-08-21 21:32:52,661 - INFO - timeseries_processing.py:149 -         Reproject to downsample 10m bands to 20m by Resampling.average 2x2 binning and shape matching with odc.geo.GeoBox
2025-08-21 21:33:07,360 - INFO - timeseries_processing.py:161 -         Append bands to the band-list of EPSG:32634
2025-08-21 21:33:07,361 - INFO - timeseries_processing.py:165 -                        
2025-08-21 21:33:07,361 - INFO - timeseries_processing.py:166 -     Merging bands in a single dataset
2025-08-21 21:33:07,361 - INFO - timeseries_processing.py:167 -     Ensure all partial datasets are at (x=20, y=-20) resolution
2025-08-21 21:33:07,361 - INFO - timeseries_processing.py:171 -     Clip to the intersection of indexes
2025-08-21 21:33:08,986 - INFO - timeseries_processing.py:180 -     Make a list of bands to merge
2025-08-21 21:33:08,987 - INFO - timeseries_processing.py:184 -     Merge on intersection
2025-08-21 21:33:08,988 - INFO - timeseries_processing.py:192 -     Apply masks on clouds, shadows, thin cirrus, and snow/ice
2025-08-21 21:33:08,988 - INFO - sentinel2.py:122 -                Masking bits: [3, 7, 8, 9, 10, 11]
2025-08-21 21:33:10,564 - INFO - composites.py:304 - Reproject from UTM Zone to Tile geometry -> CRS(EPSG:32634), Resampling.bilinear
2025-08-21 21:33:18,272 - INFO - composites.py:307 -     New shape of datasets: Shape2d(x=2400, y=2400)
2025-08-21 21:33:19,001 - INFO - composites.py:339 - Creating preview plot of input scenes
2025-08-21 21:33:54,169 - INFO - timeseries_processing.py:349 - Saved preview for 'B04' to //nas-rs.topo.auth.gr/Latomeia/DROUGHT/COMPOS/2020/03/x09_y07/S2L2A_medcomp_x09_y07_202003_InDataPreview.jpeg
2025-08-21 21:33:54,176 - INFO - composites.py:345 - Clip value range
2025-08-21 21:33:56,338 - INFO - composites.py:350 -                           
2025-08-21 21:33:56,338 - INFO - composites.py:351 - Computing spectral indices:
2025-08-21 21:33:56,339 - INFO - composites.py:354 -     EVI...
2025-08-21 21:33:57,653 - INFO - composites.py:356 -     NDVI...
2025-08-21 21:33:57,964 - INFO - composites.py:358 -     PSRI2...
2025-08-21 21:33:58,386 - INFO - composites.py:361 - Clip to typical value range
2025-08-21 21:33:58,824 - INFO - composites.py:368 - Reducing to median value temporal composite
2025-08-21 21:34:26,695 - INFO - composites.py:387 - Define data types and nodata per band
2025-08-21 21:34:26,877 - INFO - composites.py:408 - Assign time range and tile ID in metadata
2025-08-21 21:34:26,877 - INFO - composites.py:416 - Write bands to raster COG files
2025-08-21 21:34:30,669 - INFO - composites.py:429 - Write B02 -> //nas-rs.topo.auth.gr/Latomeia/DROUGHT/COMPOS/2020/03/x09_y07/S2L2A_medcomp_x09_y07_202003_B02.tif
2025-08-21 21:34:34,384 - INFO - composites.py:429 - Write B03 -> //nas-rs.topo.auth.gr/Latomeia/DROUGHT/COMPOS/2020/03/x09_y07/S2L2A_medcomp_x09_y07_202003_B03.tif
2025-08-21 21:34:38,121 - INFO - composites.py:429 - Write B04 -> //nas-rs.topo.auth.gr/Latomeia/DROUGHT/COMPOS/2020/03/x09_y07/S2L2A_medcomp_x09_y07_202003_B04.tif
2025-08-21 21:34:42,014 - INFO - composites.py:429 - Write B05 -> //nas-rs.topo.auth.gr/Latomeia/DROUGHT/COMPOS/2020/03/x09_y07/S2L2A_medcomp_x09_y07_202003_B05.tif
2025-08-21 21:34:46,473 - INFO - composites.py:429 - Write B07 -> //nas-rs.topo.auth.gr/Latomeia/DROUGHT/COMPOS/2020/03/x09_y07/S2L2A_medcomp_x09_y07_202003_B07.tif
2025-08-21 21:34:50,230 - INFO - composites.py:429 - Write B8A -> //nas-rs.topo.auth.gr/Latomeia/DROUGHT/COMPOS/2020/03/x09_y07/S2L2A_medcomp_x09_y07_202003_B8A.tif
2025-08-21 21:34:53,887 - INFO - composites.py:429 - Write EVI -> //nas-rs.topo.auth.gr/Latomeia/DROUGHT/COMPOS/2020/03/x09_y07/S2L2A_medcomp_x09_y07_202003_evi.tif
2025-08-21 21:34:57,654 - INFO - composites.py:429 - Write NDVI -> //nas-rs.topo.auth.gr/Latomeia/DROUGHT/COMPOS/2020/03/x09_y07/S2L2A_medcomp_x09_y07_202003_ndvi.tif
2025-08-21 21:35:01,485 - INFO - composites.py:429 - Write PSRI2 -> //nas-rs.topo.auth.gr/Latomeia/DROUGHT/COMPOS/2020/03/x09_y07/S2L2A_medcomp_x09_y07_202003_psri2.tif
2025-08-21 21:35:01,485 - INFO - composites.py:433 - Prepare metadata YAML document
2025-08-21 21:35:02,172 - INFO - composites.py:454 - Write metadata YAML document to disk
2025-08-21 21:35:02,209 - INFO - composites.py:459 - Create datacube.model.Dataset from eo3 metadata
2025-08-21 21:35:02,218 - INFO - composites.py:470 - Index to datacube
2025-08-21 21:35:02,218 - INFO - _datasets.py:191 - Indexing bd501284-b758-43a0-852a-e1ef539ab41f
2025-08-21 21:35:02,228 - INFO - composites.py:473 - 
2025-08-21 21:35:02,228 - INFO - composites.py:474 -              ✔✔✔ COMPLETED: Tile x09_y07 | Time: 2020-03 | In 9.29 minutes
2025-08-21 21:35:02,228 - INFO - composites.py:475 - 
2025-08-21 21:35:02,228 - INFO - composites.py:483 - Closing Dask client
2025-08-21 21:35:02,234 - INFO - composites.py:487 - Closing Dask cluster
2025-08-21 21:35:02,234 - INFO - composites.py:488 - #######################################################################
