2025-08-22 10:29:24,250 - INFO - composites.py:101 - #######################################################################
2025-08-22 10:29:24,250 - INFO - composites.py:103 - Processing started
2025-08-22 10:29:24,250 - INFO - composites.py:104 -         Tile: x10_y10
2025-08-22 10:29:24,251 - INFO - composites.py:105 -         Time: 2020-07
2025-08-22 10:29:24,251 - INFO - composites.py:108 -                           
2025-08-22 10:29:24,251 - INFO - composites.py:109 - Establishing connection to datacube
2025-08-22 10:29:24,860 - INFO - composites.py:112 -                           
2025-08-22 10:29:24,861 - INFO - composites.py:113 - Sanity test: Check if dataset already exists in the datacube
2025-08-22 10:29:24,881 - INFO - composites.py:132 - The composite requested was not found and it will be computed
2025-08-22 10:29:24,881 - INFO - composites.py:135 -                                  
2025-08-22 10:29:24,881 - INFO - composites.py:136 - Initializing Dask cluster for parallelization
2025-08-22 10:29:30,025 - INFO - composites.py:160 - Dask dashboard is available at: http://127.0.0.1:8787/status
2025-08-22 10:29:30,025 - INFO - composites.py:163 - Create directories and naming conversions
2025-08-22 10:29:30,031 - INFO - composites.py:174 - Dataset location: //nas-rs.topo.auth.gr/Latomeia/DROUGHT/COMPOS/2020/07/x10_y10
2025-08-22 10:29:30,031 - INFO - composites.py:177 -                           
2025-08-22 10:29:30,031 - INFO - composites.py:178 - Retrieve tile geometry
2025-08-22 10:29:30,070 - INFO - composites.py:189 - Create the Bounding Box (φ,λ)
2025-08-22 10:29:30,070 - INFO - composites.py:195 - Create the Bounding Box (x,y)
2025-08-22 10:29:30,071 - INFO - composites.py:208 -                           
2025-08-22 10:29:30,071 - INFO - composites.py:209 - Connect to Planetary Computer STAC Catalog
2025-08-22 10:29:30,316 - INFO - composites.py:217 - Search the STAC Catalog
2025-08-22 10:29:30,385 - INFO - composites.py:229 -         Query parameters:
2025-08-22 10:29:30,385 - INFO - composites.py:230 -             url:          https://planetarycomputer.microsoft.com/api/stac/v1/search
2025-08-22 10:29:30,385 - INFO - composites.py:231 -             client:       microsoft-pc
2025-08-22 10:29:30,385 - INFO - composites.py:232 -             collection:   sentinel-2-l2a
2025-08-22 10:29:30,385 - INFO - composites.py:233 -             bbox:         (22.471633479946853, 37.72008040922633, 23.140477503527134, 38.27146676750315)
2025-08-22 10:29:30,385 - INFO - composites.py:234 -             time range:   2020-07-01T00:00:00Z/2020-07-31T23:59:59Z
2025-08-22 10:29:30,385 - INFO - composites.py:235 -             cloud cover:  0% - 70%
2025-08-22 10:29:30,385 - INFO - composites.py:236 -             nodata cover: 0% - 33%
2025-08-22 10:29:30,385 - INFO - composites.py:238 -                           
2025-08-22 10:29:30,385 - INFO - composites.py:239 - Searching...
2025-08-22 10:29:30,810 - INFO - composites.py:242 - Query found 18 items
2025-08-22 10:29:30,810 - INFO - composites.py:244 - Searching for GRI REFINED scenes:
2025-08-22 10:29:37,521 - INFO - sentinel2.py:78 - 1/18 - S2A_MSIL2A_20200729T090601_R050_T34SFG_20200908T172959 -> Not Found
2025-08-22 10:29:42,739 - INFO - sentinel2.py:78 - 2/18 - S2B_MSIL2A_20200727T092029_R093_T34SFH_20200817T190504 -> Not Found
2025-08-22 10:29:48,056 - INFO - sentinel2.py:78 - 3/18 - S2B_MSIL2A_20200727T092029_R093_T34SFG_20200817T190503 -> Not Found
2025-08-22 10:29:53,615 - INFO - sentinel2.py:78 - 4/18 - S2B_MSIL2A_20200724T090559_R050_T34SFG_20200817T095607 -> Not Found
2025-08-22 10:29:58,829 - INFO - sentinel2.py:78 - 5/18 - S2A_MSIL2A_20200722T092031_R093_T34SFH_20200817T022443 -> Not Found
2025-08-22 10:30:04,442 - INFO - sentinel2.py:78 - 6/18 - S2A_MSIL2A_20200722T092031_R093_T34SFG_20200817T022438 -> Not Found
2025-08-22 10:30:09,106 - INFO - sentinel2.py:78 - 7/18 - S2A_MSIL2A_20200719T090601_R050_T34SFG_20200816T171203 -> Not Found
2025-08-22 10:30:14,998 - INFO - sentinel2.py:78 - 8/18 - S2B_MSIL2A_20200717T092029_R093_T34SFH_20200816T124331 -> Not Found
2025-08-22 10:30:19,971 - INFO - sentinel2.py:78 - 9/18 - S2B_MSIL2A_20200717T092029_R093_T34SFG_20200816T124331 -> Not Found
2025-08-22 10:30:25,700 - INFO - sentinel2.py:78 - 10/18 - S2B_MSIL2A_20200714T090559_R050_T34SFG_20200913T045722 -> Not Found
2025-08-22 10:30:31,343 - INFO - sentinel2.py:78 - 11/18 - S2A_MSIL2A_20200712T092031_R093_T34SFH_20200912T221249 -> Not Found
2025-08-22 10:30:36,725 - INFO - sentinel2.py:78 - 12/18 - S2A_MSIL2A_20200712T092031_R093_T34SFG_20200912T221247 -> Not Found
2025-08-22 10:30:42,551 - INFO - sentinel2.py:78 - 13/18 - S2A_MSIL2A_20200709T090601_R050_T34SFG_20200912T134953 -> Not Found
2025-08-22 10:30:48,363 - INFO - sentinel2.py:78 - 14/18 - S2B_MSIL2A_20200707T092029_R093_T34SFH_20200912T092025 -> Not Found
2025-08-22 10:30:55,431 - INFO - sentinel2.py:78 - 15/18 - S2B_MSIL2A_20200707T092029_R093_T34SFG_20201027T081741 -> Not Found
2025-08-22 10:31:01,180 - INFO - sentinel2.py:78 - 16/18 - S2B_MSIL2A_20200704T090559_R050_T34SFG_20200825T052319 -> Not Found
2025-08-22 10:31:07,010 - INFO - sentinel2.py:78 - 17/18 - S2A_MSIL2A_20200702T092031_R093_T34SFH_20200824T221407 -> Not Found
2025-08-22 10:31:12,498 - INFO - sentinel2.py:78 - 18/18 - S2A_MSIL2A_20200702T092031_R093_T34SFG_20200824T221404 -> Not Found
2025-08-22 10:31:12,537 - INFO - composites.py:247 -                                  
2025-08-22 10:31:12,546 - INFO - composites.py:248 - 0/18 were refined by GRI.
2025-08-22 10:31:12,557 - WARNING - composites.py:252 - Tile x10_y10 | Time: 2020-07: All scenes are flagged NOT REFINED.
2025-08-22 10:31:12,557 - WARNING - composites.py:253 - Tile x10_y10 | Time: 2020-07: The composite will be flagged with _NOREFINED.
2025-08-22 10:31:12,558 - INFO - composites.py:260 - Looking for up to 10 cleanest images within spatiotemporal range of each MGRS tile
2025-08-22 10:31:12,559 - INFO - composites.py:274 - Filtered cleanest scenes: Kept 16 out of 18 items. 
2025-08-22 10:31:12,559 - INFO - composites.py:275 -         Included MGRS Tiles: ['34SFG' '34SFH']
2025-08-22 10:31:12,559 - INFO - composites.py:276 -         Included EPSG codes: [32634]
2025-08-22 10:31:12,559 - INFO - composites.py:278 - Selected scenes:
2025-08-22 10:31:12,559 - INFO - composites.py:280 -         S2B_MSIL2A_20200724T090559_R050_T34SFG_20200817T095607
2025-08-22 10:31:12,576 - INFO - composites.py:280 -         S2A_MSIL2A_20200729T090601_R050_T34SFG_20200908T172959
2025-08-22 10:31:12,576 - INFO - composites.py:280 -         S2A_MSIL2A_20200722T092031_R093_T34SFG_20200817T022438
2025-08-22 10:31:12,576 - INFO - composites.py:280 -         S2A_MSIL2A_20200719T090601_R050_T34SFG_20200816T171203
2025-08-22 10:31:12,576 - INFO - composites.py:280 -         S2B_MSIL2A_20200727T092029_R093_T34SFG_20200817T190503
2025-08-22 10:31:12,576 - INFO - composites.py:280 -         S2B_MSIL2A_20200704T090559_R050_T34SFG_20200825T052319
2025-08-22 10:31:12,577 - INFO - composites.py:280 -         S2A_MSIL2A_20200712T092031_R093_T34SFG_20200912T221247
2025-08-22 10:31:12,577 - INFO - composites.py:280 -         S2A_MSIL2A_20200702T092031_R093_T34SFG_20200824T221404
2025-08-22 10:31:12,577 - INFO - composites.py:280 -         S2B_MSIL2A_20200714T090559_R050_T34SFG_20200913T045722
2025-08-22 10:31:12,577 - INFO - composites.py:280 -         S2B_MSIL2A_20200717T092029_R093_T34SFG_20200816T124331
2025-08-22 10:31:12,577 - INFO - composites.py:280 -         S2A_MSIL2A_20200712T092031_R093_T34SFH_20200912T221249
2025-08-22 10:31:12,577 - INFO - composites.py:280 -         S2A_MSIL2A_20200702T092031_R093_T34SFH_20200824T221407
2025-08-22 10:31:12,577 - INFO - composites.py:280 -         S2B_MSIL2A_20200727T092029_R093_T34SFH_20200817T190504
2025-08-22 10:31:12,577 - INFO - composites.py:280 -         S2A_MSIL2A_20200722T092031_R093_T34SFH_20200817T022443
2025-08-22 10:31:12,577 - INFO - composites.py:280 -         S2B_MSIL2A_20200717T092029_R093_T34SFH_20200816T124331
2025-08-22 10:31:12,577 - INFO - composites.py:280 -         S2B_MSIL2A_20200707T092029_R093_T34SFH_20200912T092025
2025-08-22 10:31:12,894 - INFO - sentinel2.py:154 - Matplotlib backend: Agg
2025-08-22 10:31:13,168 - INFO - sentinel2.py:224 - Write input scenes footprint overlay: //nas-rs.topo.auth.gr/Latomeia/DROUGHT/COMPOS/2020/07/x10_y10/S2L2A_medcomp_x10_y10_202007_InDataFootprint.jpeg
2025-08-22 10:31:13,407 - INFO - composites.py:294 -                                  
2025-08-22 10:31:13,407 - INFO - composites.py:295 - Downstream STAC items from Planetary Computer
2025-08-22 10:31:13,407 - INFO - timeseries_processing.py:115 -                                  
2025-08-22 10:31:13,407 - INFO - timeseries_processing.py:116 - Loading bands of diferent resolutions in EPSG:32634
2025-08-22 10:31:13,407 - INFO - timeseries_processing.py:120 -     Filtering items with native UTM EPSG:32634
2025-08-22 10:31:13,407 - INFO - timeseries_processing.py:122 -     16 Items in EPSG:32634
2025-08-22 10:31:13,407 - INFO - timeseries_processing.py:129 -                        
2025-08-22 10:31:13,407 - INFO - timeseries_processing.py:130 -     Loading parameters:
2025-08-22 10:31:13,407 - INFO - timeseries_processing.py:131 -         Bands: ['B05', 'B07', 'B8A', 'SCL']
2025-08-22 10:31:13,407 - INFO - timeseries_processing.py:132 -         Spatial resolution: 20
2025-08-22 10:31:13,407 - INFO - timeseries_processing.py:134 -         Get Assets from STAC Items
2025-08-22 10:31:13,407 - INFO - timeseries_processing.py:47 -         Initialize the STAC client
2025-08-22 10:31:13,928 - INFO - timeseries_processing.py:137 -         Loading 16 STAC Items....
2025-08-22 10:33:42,063 - INFO - timeseries_processing.py:146 -         Cube has been downloaded
2025-08-22 10:33:42,064 - INFO - timeseries_processing.py:156 -         Fix order of dimensions
2025-08-22 10:33:42,065 - INFO - timeseries_processing.py:161 -         Append bands to the band-list of EPSG:32634
2025-08-22 10:33:42,065 - INFO - timeseries_processing.py:129 -                        
2025-08-22 10:33:42,066 - INFO - timeseries_processing.py:130 -     Loading parameters:
2025-08-22 10:33:42,066 - INFO - timeseries_processing.py:131 -         Bands: ['B02', 'B03', 'B04']
2025-08-22 10:33:42,072 - INFO - timeseries_processing.py:132 -         Spatial resolution: 10
2025-08-22 10:33:42,072 - INFO - timeseries_processing.py:134 -         Get Assets from STAC Items
2025-08-22 10:33:42,072 - INFO - timeseries_processing.py:47 -         Initialize the STAC client
2025-08-22 10:33:42,626 - INFO - timeseries_processing.py:137 -         Loading 16 STAC Items....
2025-08-22 10:38:13,264 - INFO - timeseries_processing.py:146 -         Cube has been downloaded
2025-08-22 10:38:13,264 - INFO - timeseries_processing.py:149 -         Reproject to downsample 10m bands to 20m by Resampling.average 2x2 binning and shape matching with odc.geo.GeoBox
2025-08-22 10:38:28,682 - INFO - timeseries_processing.py:161 -         Append bands to the band-list of EPSG:32634
2025-08-22 10:38:28,682 - INFO - timeseries_processing.py:165 -                        
2025-08-22 10:38:28,682 - INFO - timeseries_processing.py:166 -     Merging bands in a single dataset
2025-08-22 10:38:28,682 - INFO - timeseries_processing.py:167 -     Ensure all partial datasets are at (x=20, y=-20) resolution
2025-08-22 10:38:28,682 - INFO - timeseries_processing.py:171 -     Clip to the intersection of indexes
2025-08-22 10:38:29,678 - INFO - timeseries_processing.py:180 -     Make a list of bands to merge
2025-08-22 10:38:29,678 - INFO - timeseries_processing.py:184 -     Merge on intersection
2025-08-22 10:38:29,679 - INFO - timeseries_processing.py:192 -     Apply masks on clouds, shadows, thin cirrus, and snow/ice
2025-08-22 10:38:29,679 - INFO - sentinel2.py:122 -                Masking bits: [3, 7, 8, 9, 10, 11]
2025-08-22 10:38:31,077 - INFO - composites.py:304 - Reproject from UTM Zone to Tile geometry -> CRS(EPSG:32634), Resampling.bilinear
2025-08-22 10:38:38,926 - INFO - composites.py:307 -     New shape of datasets: Shape2d(x=2400, y=2400)
2025-08-22 10:38:39,819 - INFO - composites.py:339 - Creating preview plot of input scenes
2025-08-22 10:39:16,055 - INFO - timeseries_processing.py:349 - Saved preview for 'B04' to //nas-rs.topo.auth.gr/Latomeia/DROUGHT/COMPOS/2020/07/x10_y10/S2L2A_medcomp_x10_y10_202007_InDataPreview.jpeg
2025-08-22 10:39:16,095 - INFO - composites.py:345 - Clip value range
2025-08-22 10:39:18,490 - INFO - composites.py:350 -                           
2025-08-22 10:39:18,491 - INFO - composites.py:351 - Computing spectral indices:
2025-08-22 10:39:18,491 - INFO - composites.py:354 -     EVI...
2025-08-22 10:39:19,846 - INFO - composites.py:356 -     NDVI...
2025-08-22 10:39:20,161 - INFO - composites.py:358 -     PSRI2...
2025-08-22 10:39:20,619 - INFO - composites.py:361 - Clip to typical value range
2025-08-22 10:39:21,085 - INFO - composites.py:368 - Reducing to median value temporal composite
2025-08-22 10:39:51,146 - INFO - composites.py:387 - Define data types and nodata per band
2025-08-22 10:39:51,278 - INFO - composites.py:408 - Assign time range and tile ID in metadata
2025-08-22 10:39:51,278 - INFO - composites.py:416 - Write bands to raster COG files
2025-08-22 10:39:55,182 - INFO - composites.py:429 - Write B02 -> //nas-rs.topo.auth.gr/Latomeia/DROUGHT/COMPOS/2020/07/x10_y10/S2L2A_medcomp_x10_y10_202007_B02.tif
2025-08-22 10:39:59,153 - INFO - composites.py:429 - Write B03 -> //nas-rs.topo.auth.gr/Latomeia/DROUGHT/COMPOS/2020/07/x10_y10/S2L2A_medcomp_x10_y10_202007_B03.tif
2025-08-22 10:40:03,152 - INFO - composites.py:429 - Write B04 -> //nas-rs.topo.auth.gr/Latomeia/DROUGHT/COMPOS/2020/07/x10_y10/S2L2A_medcomp_x10_y10_202007_B04.tif
2025-08-22 10:40:07,374 - INFO - composites.py:429 - Write B05 -> //nas-rs.topo.auth.gr/Latomeia/DROUGHT/COMPOS/2020/07/x10_y10/S2L2A_medcomp_x10_y10_202007_B05.tif
2025-08-22 10:40:11,451 - INFO - composites.py:429 - Write B07 -> //nas-rs.topo.auth.gr/Latomeia/DROUGHT/COMPOS/2020/07/x10_y10/S2L2A_medcomp_x10_y10_202007_B07.tif
2025-08-22 10:40:15,514 - INFO - composites.py:429 - Write B8A -> //nas-rs.topo.auth.gr/Latomeia/DROUGHT/COMPOS/2020/07/x10_y10/S2L2A_medcomp_x10_y10_202007_B8A.tif
2025-08-22 10:40:20,215 - INFO - composites.py:429 - Write EVI -> //nas-rs.topo.auth.gr/Latomeia/DROUGHT/COMPOS/2020/07/x10_y10/S2L2A_medcomp_x10_y10_202007_evi.tif
2025-08-22 10:40:24,137 - INFO - composites.py:429 - Write NDVI -> //nas-rs.topo.auth.gr/Latomeia/DROUGHT/COMPOS/2020/07/x10_y10/S2L2A_medcomp_x10_y10_202007_ndvi.tif
2025-08-22 10:40:28,037 - INFO - composites.py:429 - Write PSRI2 -> //nas-rs.topo.auth.gr/Latomeia/DROUGHT/COMPOS/2020/07/x10_y10/S2L2A_medcomp_x10_y10_202007_psri2.tif
2025-08-22 10:40:28,049 - INFO - composites.py:433 - Prepare metadata YAML document
2025-08-22 10:40:28,771 - INFO - composites.py:454 - Write metadata YAML document to disk
2025-08-22 10:40:28,796 - INFO - composites.py:459 - Create datacube.model.Dataset from eo3 metadata
2025-08-22 10:40:28,807 - INFO - composites.py:470 - Index to datacube
2025-08-22 10:40:28,808 - INFO - _datasets.py:191 - Indexing 3ab58fdf-00fc-41f9-8462-724c07dc9255
2025-08-22 10:40:28,817 - INFO - composites.py:473 - 
2025-08-22 10:40:28,817 - INFO - composites.py:474 -              ✔✔✔ COMPLETED: Tile x10_y10 | Time: 2020-07 | In 11.08 minutes
2025-08-22 10:40:28,817 - INFO - composites.py:475 - 
2025-08-22 10:40:28,817 - INFO - composites.py:483 - Closing Dask client
2025-08-22 10:40:28,820 - INFO - composites.py:487 - Closing Dask cluster
2025-08-22 10:40:28,820 - INFO - composites.py:488 - #######################################################################
