2025-08-27 10:50:32,543 - INFO - composites.py:102 - #######################################################################
2025-08-27 10:50:32,543 - INFO - composites.py:104 - Processing started
2025-08-27 10:50:32,543 - INFO - composites.py:105 -         Tile: x10_y08
2025-08-27 10:50:32,544 - INFO - composites.py:106 -         Time: 2021-04
2025-08-27 10:50:32,544 - INFO - composites.py:109 -                           
2025-08-27 10:50:32,544 - INFO - composites.py:110 - Establishing connection to datacube
2025-08-27 10:50:33,068 - INFO - composites.py:113 -                           
2025-08-27 10:50:33,069 - INFO - composites.py:114 - Sanity test: Check if dataset already exists in the datacube
2025-08-27 10:50:33,087 - INFO - composites.py:133 - The composite requested was not found and it will be computed
2025-08-27 10:50:33,087 - INFO - composites.py:136 -                                  
2025-08-27 10:50:33,087 - INFO - composites.py:137 - Initializing Dask cluster for parallelization
2025-08-27 10:50:38,015 - INFO - composites.py:161 - Dask dashboard is available at: http://127.0.0.1:8787/status
2025-08-27 10:50:38,015 - INFO - composites.py:164 - Create directories and naming conversions
2025-08-27 10:50:38,028 - INFO - composites.py:177 - Dataset location: //nas-rs.topo.auth.gr/Latomeia/DROUGHT/composites/x10/y08/2021/04/01
2025-08-27 10:50:38,028 - INFO - composites.py:180 -                           
2025-08-27 10:50:38,028 - INFO - composites.py:181 - Retrieve tile geometry
2025-08-27 10:50:38,057 - INFO - composites.py:192 - Create the Bounding Box (φ,λ)
2025-08-27 10:50:38,057 - INFO - composites.py:198 - Create the Bounding Box (x,y)
2025-08-27 10:50:38,057 - INFO - composites.py:211 -                           
2025-08-27 10:50:38,057 - INFO - composites.py:212 - Connect to Planetary Computer STAC Catalog
2025-08-27 10:50:38,289 - INFO - composites.py:220 - Search the STAC Catalog
2025-08-27 10:50:38,362 - INFO - composites.py:232 -         Query parameters:
2025-08-27 10:50:38,362 - INFO - composites.py:233 -             url:          https://planetarycomputer.microsoft.com/api/stac/v1/search
2025-08-27 10:50:38,362 - INFO - composites.py:234 -             client:       microsoft-pc
2025-08-27 10:50:38,362 - INFO - composites.py:235 -             collection:   sentinel-2-l2a
2025-08-27 10:50:38,362 - INFO - composites.py:236 -             bbox:         (22.316206507160903, 36.86212166478193, 22.975825813790852, 37.413146481379215)
2025-08-27 10:50:38,362 - INFO - composites.py:237 -             time range:   2021-04-01T00:00:00Z/2021-04-30T23:59:59Z
2025-08-27 10:50:38,362 - INFO - composites.py:238 -             cloud cover:  0% - 70%
2025-08-27 10:50:38,362 - INFO - composites.py:239 -             nodata cover: 0% - 33%
2025-08-27 10:50:38,362 - INFO - composites.py:241 -                           
2025-08-27 10:50:38,362 - INFO - composites.py:242 - Searching...
2025-08-27 10:50:38,800 - INFO - composites.py:245 - Query found 16 items
2025-08-27 10:50:38,800 - INFO - composites.py:247 - Searching for GRI REFINED scenes:
2025-08-27 10:50:45,771 - INFO - sentinel2.py:78 - 1/16 - S2B_MSIL2A_20210430T090549_R050_T34SFG_20210525T033521 -> REFINED
2025-08-27 10:50:51,409 - INFO - sentinel2.py:78 - 2/16 - S2B_MSIL2A_20210430T090549_R050_T34SFF_20210525T033519 -> REFINED
2025-08-27 10:50:56,967 - INFO - sentinel2.py:78 - 3/16 - S2A_MSIL2A_20210425T090551_R050_T34SFF_20210523T173351 -> REFINED
2025-08-27 10:51:02,063 - INFO - sentinel2.py:78 - 4/16 - S2B_MSIL2A_20210423T092019_R093_T34SFG_20210525T004313 -> REFINED
2025-08-27 10:51:08,316 - INFO - sentinel2.py:78 - 5/16 - S2B_MSIL2A_20210423T092019_R093_T34SFF_20210525T004307 -> REFINED
2025-08-27 10:51:14,162 - INFO - sentinel2.py:78 - 6/16 - S2B_MSIL2A_20210420T090549_R050_T34SFG_20210524T233723 -> REFINED
2025-08-27 10:51:18,934 - INFO - sentinel2.py:78 - 7/16 - S2B_MSIL2A_20210420T090549_R050_T34SFF_20210524T233720 -> REFINED
2025-08-27 10:51:23,666 - INFO - sentinel2.py:78 - 8/16 - S2A_MSIL2A_20210415T090551_R050_T34SFG_20210523T133711 -> REFINED
2025-08-27 10:51:28,874 - INFO - sentinel2.py:78 - 9/16 - S2A_MSIL2A_20210415T090551_R050_T34SFF_20210523T133711 -> REFINED
2025-08-27 10:51:33,054 - INFO - sentinel2.py:78 - 10/16 - S2B_MSIL2A_20210413T092029_R093_T34SFF_20210524T204628 -> REFINED
2025-08-27 10:51:38,518 - INFO - sentinel2.py:78 - 11/16 - S2B_MSIL2A_20210410T090549_R050_T34SFG_20210524T192814 -> REFINED
2025-08-27 10:51:44,302 - INFO - sentinel2.py:78 - 12/16 - S2B_MSIL2A_20210410T090549_R050_T34SFF_20210524T192808 -> REFINED
2025-08-27 10:51:49,970 - INFO - sentinel2.py:78 - 13/16 - S2A_MSIL2A_20210408T092021_R093_T34SFG_20210523T100703 -> REFINED
2025-08-27 10:51:55,594 - INFO - sentinel2.py:78 - 14/16 - S2A_MSIL2A_20210408T092021_R093_T34SFF_20210523T100654 -> REFINED
2025-08-27 10:52:01,740 - INFO - sentinel2.py:78 - 15/16 - S2B_MSIL2A_20210403T092029_R093_T34SFG_20210524T162151 -> REFINED
2025-08-27 10:52:07,962 - INFO - sentinel2.py:78 - 16/16 - S2B_MSIL2A_20210403T092029_R093_T34SFF_20210524T162146 -> REFINED
2025-08-27 10:52:08,000 - INFO - composites.py:250 -                                  
2025-08-27 10:52:08,000 - INFO - composites.py:251 - 16/16 were refined by GRI.
2025-08-27 10:52:08,000 - INFO - composites.py:263 - Looking for up to 10 cleanest images within spatiotemporal range of each MGRS tile
2025-08-27 10:52:08,001 - INFO - composites.py:277 - Filtered cleanest scenes: Kept 16 out of 16 items. 
2025-08-27 10:52:08,001 - INFO - composites.py:278 -         Included MGRS Tiles: ['34SFF' '34SFG']
2025-08-27 10:52:08,002 - INFO - composites.py:279 -         Included EPSG codes: [32634]
2025-08-27 10:52:08,019 - INFO - composites.py:281 - Selected scenes:
2025-08-27 10:52:08,019 - INFO - composites.py:283 -         S2B_MSIL2A_20210430T090549_R050_T34SFF_20210525T033519
2025-08-27 10:52:08,032 - INFO - composites.py:283 -         S2B_MSIL2A_20210410T090549_R050_T34SFF_20210524T192808
2025-08-27 10:52:08,033 - INFO - composites.py:283 -         S2B_MSIL2A_20210403T092029_R093_T34SFF_20210524T162146
2025-08-27 10:52:08,042 - INFO - composites.py:283 -         S2A_MSIL2A_20210415T090551_R050_T34SFF_20210523T133711
2025-08-27 10:52:08,043 - INFO - composites.py:283 -         S2B_MSIL2A_20210420T090549_R050_T34SFF_20210524T233720
2025-08-27 10:52:08,043 - INFO - composites.py:283 -         S2A_MSIL2A_20210408T092021_R093_T34SFF_20210523T100654
2025-08-27 10:52:08,049 - INFO - composites.py:283 -         S2A_MSIL2A_20210425T090551_R050_T34SFF_20210523T173351
2025-08-27 10:52:08,049 - INFO - composites.py:283 -         S2B_MSIL2A_20210423T092019_R093_T34SFF_20210525T004307
2025-08-27 10:52:08,049 - INFO - composites.py:283 -         S2B_MSIL2A_20210413T092029_R093_T34SFF_20210524T204628
2025-08-27 10:52:08,049 - INFO - composites.py:283 -         S2B_MSIL2A_20210410T090549_R050_T34SFG_20210524T192814
2025-08-27 10:52:08,049 - INFO - composites.py:283 -         S2A_MSIL2A_20210415T090551_R050_T34SFG_20210523T133711
2025-08-27 10:52:08,049 - INFO - composites.py:283 -         S2B_MSIL2A_20210403T092029_R093_T34SFG_20210524T162151
2025-08-27 10:52:08,050 - INFO - composites.py:283 -         S2B_MSIL2A_20210430T090549_R050_T34SFG_20210525T033521
2025-08-27 10:52:08,050 - INFO - composites.py:283 -         S2B_MSIL2A_20210423T092019_R093_T34SFG_20210525T004313
2025-08-27 10:52:08,050 - INFO - composites.py:283 -         S2B_MSIL2A_20210420T090549_R050_T34SFG_20210524T233723
2025-08-27 10:52:08,050 - INFO - composites.py:283 -         S2A_MSIL2A_20210408T092021_R093_T34SFG_20210523T100703
2025-08-27 10:52:08,360 - INFO - sentinel2.py:154 - Matplotlib backend: Agg
2025-08-27 10:52:08,658 - INFO - sentinel2.py:224 - Write input scenes footprint overlay: //nas-rs.topo.auth.gr/Latomeia/DROUGHT/composites/x10/y08/2021/04/01/S2L2A_medcomp_x10y08_202104_InDataFootprint.jpeg
2025-08-27 10:52:08,873 - INFO - composites.py:297 -                                  
2025-08-27 10:52:08,873 - INFO - composites.py:298 - Downstream STAC items from Planetary Computer
2025-08-27 10:52:08,873 - INFO - timeseries_processing.py:115 -                                  
2025-08-27 10:52:08,873 - INFO - timeseries_processing.py:116 - Loading bands of diferent resolutions in EPSG:32634
2025-08-27 10:52:08,873 - INFO - timeseries_processing.py:120 -     Filtering items with native UTM EPSG:32634
2025-08-27 10:52:08,875 - INFO - timeseries_processing.py:122 -     16 Items in EPSG:32634
2025-08-27 10:52:08,875 - INFO - timeseries_processing.py:129 -                        
2025-08-27 10:52:08,875 - INFO - timeseries_processing.py:130 -     Loading parameters:
2025-08-27 10:52:08,875 - INFO - timeseries_processing.py:131 -         Bands: ['B05', 'B07', 'B8A', 'SCL']
2025-08-27 10:52:08,875 - INFO - timeseries_processing.py:132 -         Spatial resolution: 20
2025-08-27 10:52:08,875 - INFO - timeseries_processing.py:134 -         Get Assets from STAC Items
2025-08-27 10:52:08,875 - INFO - timeseries_processing.py:47 -         Initialize the STAC client
2025-08-27 10:52:09,401 - INFO - timeseries_processing.py:137 -         Loading 16 STAC Items....
2025-08-27 10:53:28,712 - INFO - timeseries_processing.py:146 -         Cube has been downloaded
2025-08-27 10:53:28,713 - INFO - timeseries_processing.py:156 -         Fix order of dimensions
2025-08-27 10:53:28,715 - INFO - timeseries_processing.py:161 -         Append bands to the band-list of EPSG:32634
2025-08-27 10:53:28,715 - INFO - timeseries_processing.py:129 -                        
2025-08-27 10:53:28,715 - INFO - timeseries_processing.py:130 -     Loading parameters:
2025-08-27 10:53:28,715 - INFO - timeseries_processing.py:131 -         Bands: ['B02', 'B03', 'B04']
2025-08-27 10:53:28,716 - INFO - timeseries_processing.py:132 -         Spatial resolution: 10
2025-08-27 10:53:28,716 - INFO - timeseries_processing.py:134 -         Get Assets from STAC Items
2025-08-27 10:53:28,716 - INFO - timeseries_processing.py:47 -         Initialize the STAC client
2025-08-27 10:53:29,233 - INFO - timeseries_processing.py:137 -         Loading 16 STAC Items....
2025-08-27 10:56:50,917 - INFO - timeseries_processing.py:146 -         Cube has been downloaded
2025-08-27 10:56:50,917 - INFO - timeseries_processing.py:149 -         Reproject to downsample 10m bands to 20m by Resampling.average 2x2 binning and shape matching with odc.geo.GeoBox
2025-08-27 10:57:03,801 - INFO - timeseries_processing.py:161 -         Append bands to the band-list of EPSG:32634
2025-08-27 10:57:03,801 - INFO - timeseries_processing.py:165 -                        
2025-08-27 10:57:03,801 - INFO - timeseries_processing.py:166 -     Merging bands in a single dataset
2025-08-27 10:57:03,801 - INFO - timeseries_processing.py:167 -     Ensure all partial datasets are at (x=20, y=-20) resolution
2025-08-27 10:57:03,802 - INFO - timeseries_processing.py:171 -     Clip to the intersection of indexes
2025-08-27 10:57:04,798 - INFO - timeseries_processing.py:180 -     Make a list of bands to merge
2025-08-27 10:57:04,798 - INFO - timeseries_processing.py:184 -     Merge on intersection
2025-08-27 10:57:04,800 - INFO - timeseries_processing.py:192 -     Apply masks on clouds, shadows, thin cirrus, and snow/ice
2025-08-27 10:57:04,800 - INFO - sentinel2.py:122 -                Masking bits: [3, 7, 8, 9, 10, 11]
2025-08-27 10:57:05,899 - INFO - composites.py:307 - Reproject from UTM Zone to Tile geometry -> CRS(EPSG:32634), Resampling.bilinear
2025-08-27 10:57:12,027 - INFO - composites.py:310 -     New shape of datasets: Shape2d(x=2400, y=2400)
2025-08-27 10:57:12,801 - INFO - composites.py:342 - Creating preview plot of input scenes
2025-08-27 10:57:43,561 - INFO - timeseries_processing.py:349 - Saved preview for 'B04' to //nas-rs.topo.auth.gr/Latomeia/DROUGHT/composites/x10/y08/2021/04/01/S2L2A_medcomp_x10y08_202104_InDataPreview.jpeg
2025-08-27 10:57:43,582 - INFO - composites.py:348 - Clip value range
2025-08-27 10:57:45,408 - INFO - composites.py:353 -                           
2025-08-27 10:57:45,413 - INFO - composites.py:354 - Computing spectral indices:
2025-08-27 10:57:45,415 - INFO - composites.py:357 -     EVI...
2025-08-27 10:57:46,711 - INFO - composites.py:359 -     NDVI...
2025-08-27 10:57:47,104 - INFO - composites.py:361 -     PSRI2...
2025-08-27 10:57:47,369 - INFO - composites.py:364 - Clip to typical value range
2025-08-27 10:57:47,789 - INFO - composites.py:371 - Reducing to median value temporal composite
2025-08-27 10:58:13,205 - INFO - composites.py:390 - Scale and Define data types & nodata per band
2025-08-27 10:58:13,324 - INFO - composites.py:411 - Assign time range and tile ID in metadata
2025-08-27 10:58:13,324 - INFO - composites.py:419 - Write bands to raster COG files
2025-08-27 10:58:17,453 - INFO - composites.py:432 - Write B02 -> //nas-rs.topo.auth.gr/Latomeia/DROUGHT/composites/x10/y08/2021/04/01/S2L2A_medcomp_x10y08_202104_B02.tif
2025-08-27 10:58:21,427 - INFO - composites.py:432 - Write B03 -> //nas-rs.topo.auth.gr/Latomeia/DROUGHT/composites/x10/y08/2021/04/01/S2L2A_medcomp_x10y08_202104_B03.tif
2025-08-27 10:58:25,322 - INFO - composites.py:432 - Write B04 -> //nas-rs.topo.auth.gr/Latomeia/DROUGHT/composites/x10/y08/2021/04/01/S2L2A_medcomp_x10y08_202104_B04.tif
2025-08-27 10:58:29,221 - INFO - composites.py:432 - Write B05 -> //nas-rs.topo.auth.gr/Latomeia/DROUGHT/composites/x10/y08/2021/04/01/S2L2A_medcomp_x10y08_202104_B05.tif
2025-08-27 10:58:33,106 - INFO - composites.py:432 - Write B07 -> //nas-rs.topo.auth.gr/Latomeia/DROUGHT/composites/x10/y08/2021/04/01/S2L2A_medcomp_x10y08_202104_B07.tif
2025-08-27 10:58:36,965 - INFO - composites.py:432 - Write B8A -> //nas-rs.topo.auth.gr/Latomeia/DROUGHT/composites/x10/y08/2021/04/01/S2L2A_medcomp_x10y08_202104_B8A.tif
2025-08-27 10:58:40,837 - INFO - composites.py:432 - Write EVI -> //nas-rs.topo.auth.gr/Latomeia/DROUGHT/composites/x10/y08/2021/04/01/S2L2A_medcomp_x10y08_202104_EVI.tif
2025-08-27 10:58:44,786 - INFO - composites.py:432 - Write NDVI -> //nas-rs.topo.auth.gr/Latomeia/DROUGHT/composites/x10/y08/2021/04/01/S2L2A_medcomp_x10y08_202104_NDVI.tif
2025-08-27 10:58:48,638 - INFO - composites.py:432 - Write PSRI2 -> //nas-rs.topo.auth.gr/Latomeia/DROUGHT/composites/x10/y08/2021/04/01/S2L2A_medcomp_x10y08_202104_PSRI2.tif
2025-08-27 10:58:48,648 - INFO - composites.py:436 - Prepare metadata YAML document
2025-08-27 10:58:49,259 - INFO - composites.py:458 - Write metadata YAML document to disk
2025-08-27 10:58:49,314 - INFO - composites.py:463 - Create datacube.model.Dataset from eo3 metadata
2025-08-27 10:58:49,323 - INFO - composites.py:474 - Index to datacube
2025-08-27 10:58:49,323 - INFO - _datasets.py:191 - Indexing 59bac94e-cf2d-48bf-8a63-e32e78cf4a76
2025-08-27 10:58:49,331 - INFO - composites.py:477 - 
2025-08-27 10:58:49,331 - INFO - composites.py:478 -              ✔✔✔ COMPLETED: Tile x10_y08 | Time: 2021-04 | In 8.28 minutes
2025-08-27 10:58:49,331 - INFO - composites.py:479 - 
2025-08-27 10:58:49,331 - INFO - composites.py:487 - Closing Dask client
2025-08-27 10:58:49,332 - INFO - composites.py:491 - Closing Dask cluster
2025-08-27 10:58:49,332 - INFO - composites.py:492 - #######################################################################
