2025-08-21 21:12:48,923 - INFO - composites.py:101 - #######################################################################
2025-08-21 21:12:48,924 - INFO - composites.py:103 - Processing started
2025-08-21 21:12:48,924 - INFO - composites.py:104 -         Tile: x08_y10
2025-08-21 21:12:48,924 - INFO - composites.py:105 -         Time: 2020-03
2025-08-21 21:12:48,924 - INFO - composites.py:108 -                           
2025-08-21 21:12:48,924 - INFO - composites.py:109 - Establishing connection to datacube
2025-08-21 21:12:49,429 - INFO - composites.py:112 -                           
2025-08-21 21:12:49,431 - INFO - composites.py:113 - Sanity test: Check if dataset already exists in the datacube
2025-08-21 21:12:49,447 - INFO - composites.py:132 - The composite requested was not found and it will be computed
2025-08-21 21:12:49,447 - INFO - composites.py:135 -                                  
2025-08-21 21:12:49,447 - INFO - composites.py:136 - Initializing Dask cluster for parallelization
2025-08-21 21:12:54,395 - INFO - composites.py:160 - Dask dashboard is available at: http://127.0.0.1:8787/status
2025-08-21 21:12:54,395 - INFO - composites.py:163 - Create directories and naming conversions
2025-08-21 21:12:54,403 - INFO - composites.py:174 - Dataset location: //nas-rs.topo.auth.gr/Latomeia/DROUGHT/COMPOS/2020/03/x08_y10
2025-08-21 21:12:54,403 - INFO - composites.py:177 -                           
2025-08-21 21:12:54,403 - INFO - composites.py:178 - Retrieve tile geometry
2025-08-21 21:12:54,431 - INFO - composites.py:189 - Create the Bounding Box (φ,λ)
2025-08-21 21:12:54,431 - INFO - composites.py:195 - Create the Bounding Box (x,y)
2025-08-21 21:12:54,431 - INFO - composites.py:208 -                           
2025-08-21 21:12:54,431 - INFO - composites.py:209 - Connect to Planetary Computer STAC Catalog
2025-08-21 21:12:54,644 - INFO - composites.py:217 - Search the STAC Catalog
2025-08-21 21:12:54,713 - INFO - composites.py:229 -         Query parameters:
2025-08-21 21:12:54,713 - INFO - composites.py:230 -             url:          https://planetarycomputer.microsoft.com/api/stac/v1/search
2025-08-21 21:12:54,713 - INFO - composites.py:231 -             client:       microsoft-pc
2025-08-21 21:12:54,713 - INFO - composites.py:232 -             collection:   sentinel-2-l2a
2025-08-21 21:12:54,713 - INFO - composites.py:233 -             bbox:         (21.39721400014901, 37.8618519319046, 22.06142649589928, 38.40819969704171)
2025-08-21 21:12:54,713 - INFO - composites.py:234 -             time range:   2020-03-01T00:00:00Z/2020-03-31T23:59:59Z
2025-08-21 21:12:54,713 - INFO - composites.py:235 -             cloud cover:  0% - 70%
2025-08-21 21:12:54,713 - INFO - composites.py:236 -             nodata cover: 0% - 33%
2025-08-21 21:12:54,713 - INFO - composites.py:238 -                           
2025-08-21 21:12:54,713 - INFO - composites.py:239 - Searching...
2025-08-21 21:12:55,123 - INFO - composites.py:242 - Query found 9 items
2025-08-21 21:12:55,123 - INFO - composites.py:244 - Searching for GRI REFINED scenes:
2025-08-21 21:13:01,330 - INFO - sentinel2.py:78 - 1/9 - S2B_MSIL2A_20200329T092029_R093_T34SEH_20201020T204238 -> Not Found
2025-08-21 21:13:07,574 - INFO - sentinel2.py:78 - 2/9 - S2B_MSIL2A_20200329T092029_R093_T34SEG_20201020T204132 -> Not Found
2025-08-21 21:13:15,522 - INFO - sentinel2.py:78 - 3/9 - S2A_MSIL2A_20200324T092031_R093_T34SEH_20201018T204819 -> Not Found
2025-08-21 21:13:21,256 - INFO - sentinel2.py:78 - 4/9 - S2A_MSIL2A_20200324T092031_R093_T34SEG_20201018T205354 -> Not Found
2025-08-21 21:13:27,108 - INFO - sentinel2.py:78 - 5/9 - S2B_MSIL2A_20200319T092029_R093_T34SEH_20201012T164421 -> Not Found
2025-08-21 21:13:32,696 - INFO - sentinel2.py:78 - 6/9 - S2B_MSIL2A_20200319T092029_R093_T34SEG_20201012T164418 -> Not Found
2025-08-21 21:13:37,752 - INFO - sentinel2.py:78 - 7/9 - S2A_MSIL2A_20200314T092031_R093_T34SEH_20201009T235407 -> Not Found
2025-08-21 21:13:42,811 - INFO - sentinel2.py:78 - 8/9 - S2A_MSIL2A_20200314T092031_R093_T34SEG_20201009T235332 -> Not Found
2025-08-21 21:13:48,956 - INFO - sentinel2.py:78 - 9/9 - S2B_MSIL2A_20200309T092029_R093_T34SEG_20201002T210330 -> Not Found
2025-08-21 21:13:49,004 - INFO - composites.py:247 -                                  
2025-08-21 21:13:49,004 - INFO - composites.py:248 - 0/9 were refined by GRI.
2025-08-21 21:13:49,009 - WARNING - composites.py:252 - Tile x08_y10 | Time: 2020-03: All scenes are flagged NOT REFINED.
2025-08-21 21:13:49,009 - WARNING - composites.py:253 - Tile x08_y10 | Time: 2020-03: The composite will be flagged with _NOREFINED.
2025-08-21 21:13:49,009 - INFO - composites.py:260 - Looking for up to 10 cleanest images within spatiotemporal range of each MGRS tile
2025-08-21 21:13:49,010 - INFO - composites.py:274 - Filtered cleanest scenes: Kept 9 out of 9 items. 
2025-08-21 21:13:49,010 - INFO - composites.py:275 -         Included MGRS Tiles: ['34SEG' '34SEH']
2025-08-21 21:13:49,010 - INFO - composites.py:276 -         Included EPSG codes: [32634]
2025-08-21 21:13:49,010 - INFO - composites.py:278 - Selected scenes:
2025-08-21 21:13:49,010 - INFO - composites.py:280 -         S2B_MSIL2A_20200319T092029_R093_T34SEG_20201012T164418
2025-08-21 21:13:49,010 - INFO - composites.py:280 -         S2A_MSIL2A_20200324T092031_R093_T34SEG_20201018T205354
2025-08-21 21:13:49,010 - INFO - composites.py:280 -         S2A_MSIL2A_20200314T092031_R093_T34SEG_20201009T235332
2025-08-21 21:13:49,010 - INFO - composites.py:280 -         S2B_MSIL2A_20200329T092029_R093_T34SEG_20201020T204132
2025-08-21 21:13:49,010 - INFO - composites.py:280 -         S2B_MSIL2A_20200309T092029_R093_T34SEG_20201002T210330
2025-08-21 21:13:49,010 - INFO - composites.py:280 -         S2B_MSIL2A_20200319T092029_R093_T34SEH_20201012T164421
2025-08-21 21:13:49,010 - INFO - composites.py:280 -         S2A_MSIL2A_20200324T092031_R093_T34SEH_20201018T204819
2025-08-21 21:13:49,011 - INFO - composites.py:280 -         S2A_MSIL2A_20200314T092031_R093_T34SEH_20201009T235407
2025-08-21 21:13:49,011 - INFO - composites.py:280 -         S2B_MSIL2A_20200329T092029_R093_T34SEH_20201020T204238
2025-08-21 21:13:49,371 - INFO - sentinel2.py:154 - Matplotlib backend: Agg
2025-08-21 21:13:49,522 - INFO - sentinel2.py:224 - Write input scenes footprint overlay: //nas-rs.topo.auth.gr/Latomeia/DROUGHT/COMPOS/2020/03/x08_y10/S2L2A_medcomp_x08_y10_202003_InDataFootprint.jpeg
2025-08-21 21:13:49,718 - INFO - composites.py:294 -                                  
2025-08-21 21:13:49,718 - INFO - composites.py:295 - Downstream STAC items from Planetary Computer
2025-08-21 21:13:49,718 - INFO - timeseries_processing.py:115 -                                  
2025-08-21 21:13:49,718 - INFO - timeseries_processing.py:116 - Loading bands of diferent resolutions in EPSG:32634
2025-08-21 21:13:49,718 - INFO - timeseries_processing.py:120 -     Filtering items with native UTM EPSG:32634
2025-08-21 21:13:49,718 - INFO - timeseries_processing.py:122 -     9 Items in EPSG:32634
2025-08-21 21:13:49,718 - INFO - timeseries_processing.py:129 -                        
2025-08-21 21:13:49,718 - INFO - timeseries_processing.py:130 -     Loading parameters:
2025-08-21 21:13:49,718 - INFO - timeseries_processing.py:131 -         Bands: ['B05', 'B07', 'B8A', 'SCL']
2025-08-21 21:13:49,718 - INFO - timeseries_processing.py:132 -         Spatial resolution: 20
2025-08-21 21:13:49,718 - INFO - timeseries_processing.py:134 -         Get Assets from STAC Items
2025-08-21 21:13:49,718 - INFO - timeseries_processing.py:47 -         Initialize the STAC client
2025-08-21 21:13:50,123 - INFO - timeseries_processing.py:137 -         Loading 9 STAC Items....
2025-08-21 21:14:35,828 - INFO - timeseries_processing.py:146 -         Cube has been downloaded
2025-08-21 21:14:35,828 - INFO - timeseries_processing.py:156 -         Fix order of dimensions
2025-08-21 21:14:35,830 - INFO - timeseries_processing.py:161 -         Append bands to the band-list of EPSG:32634
2025-08-21 21:14:35,830 - INFO - timeseries_processing.py:129 -                        
2025-08-21 21:14:35,830 - INFO - timeseries_processing.py:130 -     Loading parameters:
2025-08-21 21:14:35,830 - INFO - timeseries_processing.py:131 -         Bands: ['B02', 'B03', 'B04']
2025-08-21 21:14:35,830 - INFO - timeseries_processing.py:132 -         Spatial resolution: 10
2025-08-21 21:14:35,830 - INFO - timeseries_processing.py:134 -         Get Assets from STAC Items
2025-08-21 21:14:35,831 - INFO - timeseries_processing.py:47 -         Initialize the STAC client
2025-08-21 21:14:36,340 - INFO - timeseries_processing.py:137 -         Loading 9 STAC Items....
2025-08-21 21:15:27,708 - INFO - timeseries_processing.py:146 -         Cube has been downloaded
2025-08-21 21:15:27,709 - INFO - timeseries_processing.py:149 -         Reproject to downsample 10m bands to 20m by Resampling.average 2x2 binning and shape matching with odc.geo.GeoBox
2025-08-21 21:15:34,688 - INFO - timeseries_processing.py:161 -         Append bands to the band-list of EPSG:32634
2025-08-21 21:15:34,688 - INFO - timeseries_processing.py:165 -                        
2025-08-21 21:15:34,688 - INFO - timeseries_processing.py:166 -     Merging bands in a single dataset
2025-08-21 21:15:34,688 - INFO - timeseries_processing.py:167 -     Ensure all partial datasets are at (x=20, y=-20) resolution
2025-08-21 21:15:34,689 - INFO - timeseries_processing.py:171 -     Clip to the intersection of indexes
2025-08-21 21:15:35,687 - INFO - timeseries_processing.py:180 -     Make a list of bands to merge
2025-08-21 21:15:35,688 - INFO - timeseries_processing.py:184 -     Merge on intersection
2025-08-21 21:15:35,689 - INFO - timeseries_processing.py:192 -     Apply masks on clouds, shadows, thin cirrus, and snow/ice
2025-08-21 21:15:35,689 - INFO - sentinel2.py:122 -                Masking bits: [3, 7, 8, 9, 10, 11]
2025-08-21 21:15:36,268 - INFO - composites.py:304 - Reproject from UTM Zone to Tile geometry -> CRS(EPSG:32634), Resampling.bilinear
2025-08-21 21:15:39,984 - INFO - composites.py:307 -     New shape of datasets: Shape2d(x=2400, y=2400)
2025-08-21 21:15:40,558 - INFO - composites.py:339 - Creating preview plot of input scenes
2025-08-21 21:16:03,478 - INFO - timeseries_processing.py:349 - Saved preview for 'B04' to //nas-rs.topo.auth.gr/Latomeia/DROUGHT/COMPOS/2020/03/x08_y10/S2L2A_medcomp_x08_y10_202003_InDataPreview.jpeg
2025-08-21 21:16:03,484 - INFO - composites.py:345 - Clip value range
2025-08-21 21:16:04,457 - INFO - composites.py:350 -                           
2025-08-21 21:16:04,459 - INFO - composites.py:351 - Computing spectral indices:
2025-08-21 21:16:04,459 - INFO - composites.py:354 -     EVI...
2025-08-21 21:16:05,109 - INFO - composites.py:356 -     NDVI...
2025-08-21 21:16:05,240 - INFO - composites.py:358 -     PSRI2...
2025-08-21 21:16:05,428 - INFO - composites.py:361 - Clip to typical value range
2025-08-21 21:16:05,618 - INFO - composites.py:368 - Reducing to median value temporal composite
2025-08-21 21:16:32,351 - INFO - composites.py:387 - Define data types and nodata per band
2025-08-21 21:16:32,483 - INFO - composites.py:408 - Assign time range and tile ID in metadata
2025-08-21 21:16:32,483 - INFO - composites.py:416 - Write bands to raster COG files
2025-08-21 21:16:36,273 - INFO - composites.py:429 - Write B02 -> //nas-rs.topo.auth.gr/Latomeia/DROUGHT/COMPOS/2020/03/x08_y10/S2L2A_medcomp_x08_y10_202003_B02.tif
2025-08-21 21:16:40,117 - INFO - composites.py:429 - Write B03 -> //nas-rs.topo.auth.gr/Latomeia/DROUGHT/COMPOS/2020/03/x08_y10/S2L2A_medcomp_x08_y10_202003_B03.tif
2025-08-21 21:16:44,302 - INFO - composites.py:429 - Write B04 -> //nas-rs.topo.auth.gr/Latomeia/DROUGHT/COMPOS/2020/03/x08_y10/S2L2A_medcomp_x08_y10_202003_B04.tif
2025-08-21 21:16:48,136 - INFO - composites.py:429 - Write B05 -> //nas-rs.topo.auth.gr/Latomeia/DROUGHT/COMPOS/2020/03/x08_y10/S2L2A_medcomp_x08_y10_202003_B05.tif
2025-08-21 21:16:51,942 - INFO - composites.py:429 - Write B07 -> //nas-rs.topo.auth.gr/Latomeia/DROUGHT/COMPOS/2020/03/x08_y10/S2L2A_medcomp_x08_y10_202003_B07.tif
2025-08-21 21:16:55,785 - INFO - composites.py:429 - Write B8A -> //nas-rs.topo.auth.gr/Latomeia/DROUGHT/COMPOS/2020/03/x08_y10/S2L2A_medcomp_x08_y10_202003_B8A.tif
2025-08-21 21:16:59,541 - INFO - composites.py:429 - Write EVI -> //nas-rs.topo.auth.gr/Latomeia/DROUGHT/COMPOS/2020/03/x08_y10/S2L2A_medcomp_x08_y10_202003_evi.tif
2025-08-21 21:17:03,284 - INFO - composites.py:429 - Write NDVI -> //nas-rs.topo.auth.gr/Latomeia/DROUGHT/COMPOS/2020/03/x08_y10/S2L2A_medcomp_x08_y10_202003_ndvi.tif
2025-08-21 21:17:07,114 - INFO - composites.py:429 - Write PSRI2 -> //nas-rs.topo.auth.gr/Latomeia/DROUGHT/COMPOS/2020/03/x08_y10/S2L2A_medcomp_x08_y10_202003_psri2.tif
2025-08-21 21:17:07,130 - INFO - composites.py:433 - Prepare metadata YAML document
2025-08-21 21:17:07,777 - INFO - composites.py:454 - Write metadata YAML document to disk
2025-08-21 21:17:07,825 - INFO - composites.py:459 - Create datacube.model.Dataset from eo3 metadata
2025-08-21 21:17:07,835 - INFO - composites.py:470 - Index to datacube
2025-08-21 21:17:07,835 - INFO - _datasets.py:191 - Indexing c1859175-e9a0-45c1-8248-0bfc55c2f426
2025-08-21 21:17:07,843 - INFO - composites.py:473 - 
2025-08-21 21:17:07,843 - INFO - composites.py:474 -              ✔✔✔ COMPLETED: Tile x08_y10 | Time: 2020-03 | In 4.32 minutes
2025-08-21 21:17:07,843 - INFO - composites.py:475 - 
2025-08-21 21:17:07,843 - INFO - composites.py:483 - Closing Dask client
2025-08-21 21:17:07,851 - INFO - composites.py:487 - Closing Dask cluster
2025-08-21 21:17:07,851 - INFO - composites.py:488 - #######################################################################
