2025-08-29 00:48:45,512 - INFO - composites.py:102 - #######################################################################
2025-08-29 00:48:45,512 - INFO - composites.py:104 - Processing started
2025-08-29 00:48:45,512 - INFO - composites.py:105 -         Tile: x10_y07
2025-08-29 00:48:45,512 - INFO - composites.py:106 -         Time: 2021-07
2025-08-29 00:48:45,512 - INFO - composites.py:109 -                           
2025-08-29 00:48:45,512 - INFO - composites.py:110 - Establishing connection to datacube
2025-08-29 00:48:46,047 - INFO - composites.py:113 -                           
2025-08-29 00:48:46,048 - INFO - composites.py:114 - Sanity test: Check if dataset already exists in the datacube
2025-08-29 00:48:46,066 - INFO - composites.py:133 - The composite requested was not found and it will be computed
2025-08-29 00:48:46,066 - INFO - composites.py:136 -                                  
2025-08-29 00:48:46,066 - INFO - composites.py:137 - Initializing Dask cluster for parallelization
2025-08-29 00:48:51,299 - INFO - composites.py:161 - Dask dashboard is available at: http://127.0.0.1:8787/status
2025-08-29 00:48:51,299 - INFO - composites.py:164 - Create directories and naming conversions
2025-08-29 00:48:51,310 - INFO - composites.py:177 - Dataset location: //nas-rs.topo.auth.gr/Latomeia/DROUGHT/composites/x10/y07/2021/07/01
2025-08-29 00:48:51,310 - INFO - composites.py:180 -                           
2025-08-29 00:48:51,310 - INFO - composites.py:181 - Retrieve tile geometry
2025-08-29 00:48:51,338 - INFO - composites.py:192 - Create the Bounding Box (φ,λ)
2025-08-29 00:48:51,338 - INFO - composites.py:198 - Create the Bounding Box (x,y)
2025-08-29 00:48:51,338 - INFO - composites.py:211 -                           
2025-08-29 00:48:51,338 - INFO - composites.py:212 - Connect to Planetary Computer STAC Catalog
2025-08-29 00:48:51,559 - INFO - composites.py:220 - Search the STAC Catalog
2025-08-29 00:48:51,626 - INFO - composites.py:232 -         Query parameters:
2025-08-29 00:48:51,626 - INFO - composites.py:233 -             url:          https://planetarycomputer.microsoft.com/api/stac/v1/search
2025-08-29 00:48:51,626 - INFO - composites.py:234 -             client:       microsoft-pc
2025-08-29 00:48:51,626 - INFO - composites.py:235 -             collection:   sentinel-2-l2a
2025-08-29 00:48:51,626 - INFO - composites.py:236 -             bbox:         (22.240528254350007, 36.43261500541467, 22.895662885042924, 36.983478733191035)
2025-08-29 00:48:51,626 - INFO - composites.py:237 -             time range:   2021-07-01T00:00:00Z/2021-07-31T23:59:59Z
2025-08-29 00:48:51,626 - INFO - composites.py:238 -             cloud cover:  0% - 70%
2025-08-29 00:48:51,626 - INFO - composites.py:239 -             nodata cover: 0% - 33%
2025-08-29 00:48:51,627 - INFO - composites.py:241 -                           
2025-08-29 00:48:51,627 - INFO - composites.py:242 - Searching...
2025-08-29 00:48:52,124 - INFO - composites.py:245 - Query found 24 items
2025-08-29 00:48:52,124 - INFO - composites.py:247 - Searching for GRI REFINED scenes:
2025-08-29 00:48:57,806 - INFO - sentinel2.py:78 - 1/24 - S2B_MSIL2A_20210729T090559_R050_T34SFG_20210802T044220 -> REFINED
2025-08-29 00:49:04,053 - INFO - sentinel2.py:78 - 2/24 - S2B_MSIL2A_20210729T090559_R050_T34SFF_20210802T044324 -> REFINED
2025-08-29 00:49:10,187 - INFO - sentinel2.py:78 - 3/24 - S2A_MSIL2A_20210727T092031_R093_T34SFG_20210727T195913 -> REFINED
2025-08-29 00:49:16,239 - INFO - sentinel2.py:78 - 4/24 - S2A_MSIL2A_20210727T092031_R093_T34SFF_20210727T203939 -> REFINED
2025-08-29 00:49:21,745 - INFO - sentinel2.py:78 - 5/24 - S2A_MSIL2A_20210724T090601_R050_T34SFG_20210724T195113 -> REFINED
2025-08-29 00:49:27,288 - INFO - sentinel2.py:78 - 6/24 - S2A_MSIL2A_20210724T090601_R050_T34SFF_20210724T184743 -> REFINED
2025-08-29 00:49:33,030 - INFO - sentinel2.py:78 - 7/24 - S2B_MSIL2A_20210722T092029_R093_T34SFG_20210722T200538 -> REFINED
2025-08-29 00:49:39,079 - INFO - sentinel2.py:78 - 8/24 - S2B_MSIL2A_20210722T092029_R093_T34SFF_20210722T205528 -> REFINED
2025-08-29 00:49:44,601 - INFO - sentinel2.py:78 - 9/24 - S2B_MSIL2A_20210719T090559_R050_T34SFG_20210719T183441 -> REFINED
2025-08-29 00:49:49,862 - INFO - sentinel2.py:78 - 10/24 - S2B_MSIL2A_20210719T090559_R050_T34SFF_20210719T183357 -> REFINED
2025-08-29 00:49:55,549 - INFO - sentinel2.py:78 - 11/24 - S2A_MSIL2A_20210717T092031_R093_T34SFG_20210717T220738 -> REFINED
2025-08-29 00:50:01,197 - INFO - sentinel2.py:78 - 12/24 - S2A_MSIL2A_20210717T092031_R093_T34SFF_20210717T215647 -> REFINED
2025-08-29 00:50:06,715 - INFO - sentinel2.py:78 - 13/24 - S2A_MSIL2A_20210714T090601_R050_T34SFG_20210714T223955 -> REFINED
2025-08-29 00:50:12,773 - INFO - sentinel2.py:78 - 14/24 - S2A_MSIL2A_20210714T090601_R050_T34SFF_20210714T214605 -> REFINED
2025-08-29 00:50:17,876 - INFO - sentinel2.py:78 - 15/24 - S2B_MSIL2A_20210712T092029_R093_T34SFG_20210712T192945 -> REFINED
2025-08-29 00:50:24,819 - INFO - sentinel2.py:78 - 16/24 - S2B_MSIL2A_20210712T092029_R093_T34SFF_20210712T192232 -> REFINED
2025-08-29 00:50:30,632 - INFO - sentinel2.py:78 - 17/24 - S2B_MSIL2A_20210709T090559_R050_T34SFG_20210710T011445 -> REFINED
2025-08-29 00:50:36,723 - INFO - sentinel2.py:78 - 18/24 - S2B_MSIL2A_20210709T090559_R050_T34SFF_20210710T025738 -> REFINED
2025-08-29 00:50:42,472 - INFO - sentinel2.py:78 - 19/24 - S2A_MSIL2A_20210707T092031_R093_T34SFG_20210708T021009 -> REFINED
2025-08-29 00:50:48,527 - INFO - sentinel2.py:78 - 20/24 - S2A_MSIL2A_20210707T092031_R093_T34SFF_20210708T015601 -> REFINED
2025-08-29 00:50:54,324 - INFO - sentinel2.py:78 - 21/24 - S2A_MSIL2A_20210704T090601_R050_T34SFG_20210704T230605 -> REFINED
2025-08-29 00:51:00,452 - INFO - sentinel2.py:78 - 22/24 - S2A_MSIL2A_20210704T090601_R050_T34SFF_20210704T223245 -> REFINED
2025-08-29 00:51:05,750 - INFO - sentinel2.py:78 - 23/24 - S2B_MSIL2A_20210702T092029_R093_T34SFG_20210702T234801 -> REFINED
2025-08-29 00:51:11,371 - INFO - sentinel2.py:78 - 24/24 - S2B_MSIL2A_20210702T092029_R093_T34SFF_20210702T224949 -> REFINED
2025-08-29 00:51:11,410 - INFO - composites.py:250 -                                  
2025-08-29 00:51:11,410 - INFO - composites.py:251 - 24/24 were refined by GRI.
2025-08-29 00:51:11,410 - INFO - composites.py:263 - Looking for up to 10 cleanest images within spatiotemporal range of each MGRS tile
2025-08-29 00:51:11,412 - INFO - composites.py:277 - Filtered cleanest scenes: Kept 20 out of 24 items. 
2025-08-29 00:51:11,412 - INFO - composites.py:278 -         Included MGRS Tiles: ['34SFF' '34SFG']
2025-08-29 00:51:11,413 - INFO - composites.py:279 -         Included EPSG codes: [32634]
2025-08-29 00:51:11,413 - INFO - composites.py:281 - Selected scenes:
2025-08-29 00:51:11,420 - INFO - composites.py:283 -         S2B_MSIL2A_20210729T090559_R050_T34SFF_20210802T044324
2025-08-29 00:51:11,441 - INFO - composites.py:283 -         S2A_MSIL2A_20210727T092031_R093_T34SFF_20210727T203939
2025-08-29 00:51:11,441 - INFO - composites.py:283 -         S2A_MSIL2A_20210714T090601_R050_T34SFF_20210714T214605
2025-08-29 00:51:11,453 - INFO - composites.py:283 -         S2B_MSIL2A_20210709T090559_R050_T34SFF_20210710T025738
2025-08-29 00:51:11,467 - INFO - composites.py:283 -         S2A_MSIL2A_20210704T090601_R050_T34SFF_20210704T223245
2025-08-29 00:51:11,467 - INFO - composites.py:283 -         S2B_MSIL2A_20210719T090559_R050_T34SFF_20210719T183357
2025-08-29 00:51:11,467 - INFO - composites.py:283 -         S2A_MSIL2A_20210724T090601_R050_T34SFF_20210724T184743
2025-08-29 00:51:11,467 - INFO - composites.py:283 -         S2A_MSIL2A_20210717T092031_R093_T34SFF_20210717T215647
2025-08-29 00:51:11,467 - INFO - composites.py:283 -         S2B_MSIL2A_20210722T092029_R093_T34SFF_20210722T205528
2025-08-29 00:51:11,468 - INFO - composites.py:283 -         S2B_MSIL2A_20210702T092029_R093_T34SFF_20210702T224949
2025-08-29 00:51:11,468 - INFO - composites.py:283 -         S2B_MSIL2A_20210729T090559_R050_T34SFG_20210802T044220
2025-08-29 00:51:11,468 - INFO - composites.py:283 -         S2A_MSIL2A_20210727T092031_R093_T34SFG_20210727T195913
2025-08-29 00:51:11,468 - INFO - composites.py:283 -         S2A_MSIL2A_20210714T090601_R050_T34SFG_20210714T223955
2025-08-29 00:51:11,468 - INFO - composites.py:283 -         S2B_MSIL2A_20210709T090559_R050_T34SFG_20210710T011445
2025-08-29 00:51:11,468 - INFO - composites.py:283 -         S2A_MSIL2A_20210724T090601_R050_T34SFG_20210724T195113
2025-08-29 00:51:11,469 - INFO - composites.py:283 -         S2B_MSIL2A_20210719T090559_R050_T34SFG_20210719T183441
2025-08-29 00:51:11,469 - INFO - composites.py:283 -         S2A_MSIL2A_20210704T090601_R050_T34SFG_20210704T230605
2025-08-29 00:51:11,469 - INFO - composites.py:283 -         S2A_MSIL2A_20210717T092031_R093_T34SFG_20210717T220738
2025-08-29 00:51:11,484 - INFO - composites.py:283 -         S2B_MSIL2A_20210712T092029_R093_T34SFG_20210712T192945
2025-08-29 00:51:11,491 - INFO - composites.py:283 -         S2B_MSIL2A_20210702T092029_R093_T34SFG_20210702T234801
2025-08-29 00:51:11,860 - INFO - sentinel2.py:154 - Matplotlib backend: Agg
2025-08-29 00:51:12,157 - INFO - sentinel2.py:224 - Write input scenes footprint overlay: //nas-rs.topo.auth.gr/Latomeia/DROUGHT/composites/x10/y07/2021/07/01/S2L2A_medcomp_x10y07_202107_InDataFootprint.jpeg
2025-08-29 00:51:12,414 - INFO - composites.py:297 -                                  
2025-08-29 00:51:12,414 - INFO - composites.py:298 - Downstream STAC items from Planetary Computer
2025-08-29 00:51:12,414 - INFO - timeseries_processing.py:115 -                                  
2025-08-29 00:51:12,414 - INFO - timeseries_processing.py:116 - Loading bands of diferent resolutions in EPSG:32634
2025-08-29 00:51:12,414 - INFO - timeseries_processing.py:120 -     Filtering items with native UTM EPSG:32634
2025-08-29 00:51:12,414 - INFO - timeseries_processing.py:122 -     20 Items in EPSG:32634
2025-08-29 00:51:12,414 - INFO - timeseries_processing.py:129 -                        
2025-08-29 00:51:12,414 - INFO - timeseries_processing.py:130 -     Loading parameters:
2025-08-29 00:51:12,414 - INFO - timeseries_processing.py:131 -         Bands: ['B05', 'B07', 'B8A', 'SCL']
2025-08-29 00:51:12,414 - INFO - timeseries_processing.py:132 -         Spatial resolution: 20
2025-08-29 00:51:12,414 - INFO - timeseries_processing.py:134 -         Get Assets from STAC Items
2025-08-29 00:51:12,414 - INFO - timeseries_processing.py:47 -         Initialize the STAC client
2025-08-29 00:51:13,016 - INFO - timeseries_processing.py:137 -         Loading 20 STAC Items....
2025-08-29 00:52:50,403 - INFO - timeseries_processing.py:146 -         Cube has been downloaded
2025-08-29 00:52:50,403 - INFO - timeseries_processing.py:156 -         Fix order of dimensions
2025-08-29 00:52:50,405 - INFO - timeseries_processing.py:161 -         Append bands to the band-list of EPSG:32634
2025-08-29 00:52:50,405 - INFO - timeseries_processing.py:129 -                        
2025-08-29 00:52:50,405 - INFO - timeseries_processing.py:130 -     Loading parameters:
2025-08-29 00:52:50,405 - INFO - timeseries_processing.py:131 -         Bands: ['B02', 'B03', 'B04']
2025-08-29 00:52:50,405 - INFO - timeseries_processing.py:132 -         Spatial resolution: 10
2025-08-29 00:52:50,406 - INFO - timeseries_processing.py:134 -         Get Assets from STAC Items
2025-08-29 00:52:50,406 - INFO - timeseries_processing.py:47 -         Initialize the STAC client
2025-08-29 00:52:50,988 - INFO - timeseries_processing.py:137 -         Loading 20 STAC Items....
2025-08-29 00:55:45,595 - INFO - timeseries_processing.py:146 -         Cube has been downloaded
2025-08-29 00:55:45,601 - INFO - timeseries_processing.py:149 -         Reproject to downsample 10m bands to 20m by Resampling.average 2x2 binning and shape matching with odc.geo.GeoBox
2025-08-29 00:56:02,476 - INFO - timeseries_processing.py:161 -         Append bands to the band-list of EPSG:32634
2025-08-29 00:56:02,476 - INFO - timeseries_processing.py:165 -                        
2025-08-29 00:56:02,476 - INFO - timeseries_processing.py:166 -     Merging bands in a single dataset
2025-08-29 00:56:02,476 - INFO - timeseries_processing.py:167 -     Ensure all partial datasets are at (x=20, y=-20) resolution
2025-08-29 00:56:02,477 - INFO - timeseries_processing.py:171 -     Clip to the intersection of indexes
2025-08-29 00:56:03,471 - INFO - timeseries_processing.py:180 -     Make a list of bands to merge
2025-08-29 00:56:03,473 - INFO - timeseries_processing.py:184 -     Merge on intersection
2025-08-29 00:56:03,474 - INFO - timeseries_processing.py:192 -     Apply masks on clouds, shadows, thin cirrus, and snow/ice
2025-08-29 00:56:03,474 - INFO - sentinel2.py:122 -                Masking bits: [3, 7, 8, 9, 10, 11]
2025-08-29 00:56:05,136 - INFO - composites.py:307 - Reproject from UTM Zone to Tile geometry -> CRS(EPSG:32634), Resampling.bilinear
2025-08-29 00:56:13,374 - INFO - composites.py:310 -     New shape of datasets: Shape2d(x=2400, y=2400)
2025-08-29 00:56:14,392 - INFO - composites.py:342 - Creating preview plot of input scenes
2025-08-29 00:56:51,352 - INFO - timeseries_processing.py:349 - Saved preview for 'B04' to //nas-rs.topo.auth.gr/Latomeia/DROUGHT/composites/x10/y07/2021/07/01/S2L2A_medcomp_x10y07_202107_InDataPreview.jpeg
2025-08-29 00:56:51,360 - INFO - composites.py:348 - Clip value range
2025-08-29 00:56:53,709 - INFO - composites.py:353 -                           
2025-08-29 00:56:53,711 - INFO - composites.py:354 - Computing spectral indices:
2025-08-29 00:56:53,711 - INFO - composites.py:357 -     EVI...
2025-08-29 00:56:55,079 - INFO - composites.py:359 -     NDVI...
2025-08-29 00:56:55,554 - INFO - composites.py:361 -     PSRI2...
2025-08-29 00:56:55,883 - INFO - composites.py:364 - Clip to typical value range
2025-08-29 00:56:56,292 - INFO - composites.py:371 - Reducing to median value temporal composite
2025-08-29 00:57:27,508 - INFO - composites.py:390 - Scale and Define data types & nodata per band
2025-08-29 00:57:27,646 - INFO - composites.py:411 - Assign time range and tile ID in metadata
2025-08-29 00:57:27,646 - INFO - composites.py:419 - Write bands to raster COG files
2025-08-29 00:57:31,588 - INFO - composites.py:432 - Write B02 -> //nas-rs.topo.auth.gr/Latomeia/DROUGHT/composites/x10/y07/2021/07/01/S2L2A_medcomp_x10y07_202107_B02.tif
2025-08-29 00:57:35,543 - INFO - composites.py:432 - Write B03 -> //nas-rs.topo.auth.gr/Latomeia/DROUGHT/composites/x10/y07/2021/07/01/S2L2A_medcomp_x10y07_202107_B03.tif
2025-08-29 00:57:39,427 - INFO - composites.py:432 - Write B04 -> //nas-rs.topo.auth.gr/Latomeia/DROUGHT/composites/x10/y07/2021/07/01/S2L2A_medcomp_x10y07_202107_B04.tif
2025-08-29 00:57:43,339 - INFO - composites.py:432 - Write B05 -> //nas-rs.topo.auth.gr/Latomeia/DROUGHT/composites/x10/y07/2021/07/01/S2L2A_medcomp_x10y07_202107_B05.tif
2025-08-29 00:57:47,280 - INFO - composites.py:432 - Write B07 -> //nas-rs.topo.auth.gr/Latomeia/DROUGHT/composites/x10/y07/2021/07/01/S2L2A_medcomp_x10y07_202107_B07.tif
2025-08-29 00:57:51,433 - INFO - composites.py:432 - Write B8A -> //nas-rs.topo.auth.gr/Latomeia/DROUGHT/composites/x10/y07/2021/07/01/S2L2A_medcomp_x10y07_202107_B8A.tif
2025-08-29 00:57:55,411 - INFO - composites.py:432 - Write EVI -> //nas-rs.topo.auth.gr/Latomeia/DROUGHT/composites/x10/y07/2021/07/01/S2L2A_medcomp_x10y07_202107_EVI.tif
2025-08-29 00:57:59,572 - INFO - composites.py:432 - Write NDVI -> //nas-rs.topo.auth.gr/Latomeia/DROUGHT/composites/x10/y07/2021/07/01/S2L2A_medcomp_x10y07_202107_NDVI.tif
2025-08-29 00:58:03,626 - INFO - composites.py:432 - Write PSRI2 -> //nas-rs.topo.auth.gr/Latomeia/DROUGHT/composites/x10/y07/2021/07/01/S2L2A_medcomp_x10y07_202107_PSRI2.tif
2025-08-29 00:58:03,645 - INFO - composites.py:436 - Prepare metadata YAML document
2025-08-29 00:58:04,153 - INFO - composites.py:458 - Write metadata YAML document to disk
2025-08-29 00:58:04,215 - INFO - composites.py:463 - Create datacube.model.Dataset from eo3 metadata
2025-08-29 00:58:04,225 - INFO - composites.py:476 - Index to datacube
2025-08-29 00:58:04,226 - INFO - _datasets.py:191 - Indexing d280904b-bef7-4a81-89b6-1c789624383f
2025-08-29 00:58:04,234 - INFO - composites.py:479 - 
2025-08-29 00:58:04,234 - INFO - composites.py:480 -              ✔✔✔ COMPLETED: Tile x10_y07 | Time: 2021-07 | In 9.31 minutes
2025-08-29 00:58:04,234 - INFO - composites.py:481 - 
2025-08-29 00:58:04,234 - INFO - composites.py:489 - Closing Dask client
2025-08-29 00:58:04,237 - INFO - composites.py:493 - Closing Dask cluster
2025-08-29 00:58:04,237 - INFO - composites.py:494 - #######################################################################
