2025-08-23 01:13:21,288 - INFO - composites.py:101 - #######################################################################
2025-08-23 01:13:21,288 - INFO - composites.py:103 - Processing started
2025-08-23 01:13:21,289 - INFO - composites.py:104 -         Tile: x08_y10
2025-08-23 01:13:21,289 - INFO - composites.py:105 -         Time: 2020-12
2025-08-23 01:13:21,289 - INFO - composites.py:108 -                           
2025-08-23 01:13:21,289 - INFO - composites.py:109 - Establishing connection to datacube
2025-08-23 01:13:21,790 - INFO - composites.py:112 -                           
2025-08-23 01:13:21,792 - INFO - composites.py:113 - Sanity test: Check if dataset already exists in the datacube
2025-08-23 01:13:21,809 - INFO - composites.py:132 - The composite requested was not found and it will be computed
2025-08-23 01:13:21,809 - INFO - composites.py:135 -                                  
2025-08-23 01:13:21,809 - INFO - composites.py:136 - Initializing Dask cluster for parallelization
2025-08-23 01:13:26,674 - INFO - composites.py:160 - Dask dashboard is available at: http://127.0.0.1:8787/status
2025-08-23 01:13:26,674 - INFO - composites.py:163 - Create directories and naming conversions
2025-08-23 01:13:26,680 - INFO - composites.py:174 - Dataset location: //nas-rs.topo.auth.gr/Latomeia/DROUGHT/COMPOS/2020/12/x08_y10
2025-08-23 01:13:26,680 - INFO - composites.py:177 -                           
2025-08-23 01:13:26,680 - INFO - composites.py:178 - Retrieve tile geometry
2025-08-23 01:13:26,708 - INFO - composites.py:189 - Create the Bounding Box (φ,λ)
2025-08-23 01:13:26,708 - INFO - composites.py:195 - Create the Bounding Box (x,y)
2025-08-23 01:13:26,709 - INFO - composites.py:208 -                           
2025-08-23 01:13:26,709 - INFO - composites.py:209 - Connect to Planetary Computer STAC Catalog
2025-08-23 01:13:26,951 - INFO - composites.py:217 - Search the STAC Catalog
2025-08-23 01:13:27,018 - INFO - composites.py:229 -         Query parameters:
2025-08-23 01:13:27,018 - INFO - composites.py:230 -             url:          https://planetarycomputer.microsoft.com/api/stac/v1/search
2025-08-23 01:13:27,018 - INFO - composites.py:231 -             client:       microsoft-pc
2025-08-23 01:13:27,018 - INFO - composites.py:232 -             collection:   sentinel-2-l2a
2025-08-23 01:13:27,018 - INFO - composites.py:233 -             bbox:         (21.39721400014901, 37.8618519319046, 22.06142649589928, 38.40819969704171)
2025-08-23 01:13:27,018 - INFO - composites.py:234 -             time range:   2020-12-01T00:00:00Z/2020-12-31T23:59:59Z
2025-08-23 01:13:27,018 - INFO - composites.py:235 -             cloud cover:  0% - 70%
2025-08-23 01:13:27,018 - INFO - composites.py:236 -             nodata cover: 0% - 33%
2025-08-23 01:13:27,018 - INFO - composites.py:238 -                           
2025-08-23 01:13:27,018 - INFO - composites.py:239 - Searching...
2025-08-23 01:13:27,453 - INFO - composites.py:242 - Query found 8 items
2025-08-23 01:13:27,454 - INFO - composites.py:244 - Searching for GRI REFINED scenes:
2025-08-23 01:13:32,605 - INFO - sentinel2.py:78 - 1/8 - S2B_MSIL2A_20201224T092319_R093_T34SEH_20201225T042842 -> Not Found
2025-08-23 01:13:38,179 - INFO - sentinel2.py:78 - 2/8 - S2B_MSIL2A_20201224T092319_R093_T34SEG_20201225T041702 -> Not Found
2025-08-23 01:13:43,243 - INFO - sentinel2.py:78 - 3/8 - S2A_MSIL2A_20201219T092411_R093_T34SEH_20210105T014842 -> Not Found
2025-08-23 01:13:49,304 - INFO - sentinel2.py:78 - 4/8 - S2A_MSIL2A_20201219T092411_R093_T34SEG_20210513T181936 -> Not Found
2025-08-23 01:13:54,704 - INFO - sentinel2.py:78 - 5/8 - S2B_MSIL2A_20201214T092309_R093_T34SEH_20201214T220124 -> Not Found
2025-08-23 01:14:00,366 - INFO - sentinel2.py:78 - 6/8 - S2A_MSIL2A_20201209T092401_R093_T34SEH_20201210T142902 -> Not Found
2025-08-23 01:14:05,723 - INFO - sentinel2.py:78 - 7/8 - S2A_MSIL2A_20201209T092401_R093_T34SEG_20201210T142856 -> Not Found
2025-08-23 01:14:11,401 - INFO - sentinel2.py:78 - 8/8 - S2B_MSIL2A_20201204T092349_R093_T34SEG_20201213T185243 -> Not Found
2025-08-23 01:14:11,448 - INFO - composites.py:247 -                                  
2025-08-23 01:14:11,449 - INFO - composites.py:248 - 0/8 were refined by GRI.
2025-08-23 01:14:11,449 - WARNING - composites.py:252 - Tile x08_y10 | Time: 2020-12: All scenes are flagged NOT REFINED.
2025-08-23 01:14:11,450 - WARNING - composites.py:253 - Tile x08_y10 | Time: 2020-12: The composite will be flagged with _NOREFINED.
2025-08-23 01:14:11,450 - INFO - composites.py:260 - Looking for up to 10 cleanest images within spatiotemporal range of each MGRS tile
2025-08-23 01:14:11,450 - INFO - composites.py:274 - Filtered cleanest scenes: Kept 8 out of 8 items. 
2025-08-23 01:14:11,450 - INFO - composites.py:275 -         Included MGRS Tiles: ['34SEG' '34SEH']
2025-08-23 01:14:11,451 - INFO - composites.py:276 -         Included EPSG codes: [32634]
2025-08-23 01:14:11,451 - INFO - composites.py:278 - Selected scenes:
2025-08-23 01:14:11,451 - INFO - composites.py:280 -         S2A_MSIL2A_20201219T092411_R093_T34SEG_20210513T181936
2025-08-23 01:14:11,451 - INFO - composites.py:280 -         S2B_MSIL2A_20201224T092319_R093_T34SEG_20201225T041702
2025-08-23 01:14:11,451 - INFO - composites.py:280 -         S2A_MSIL2A_20201209T092401_R093_T34SEG_20201210T142856
2025-08-23 01:14:11,451 - INFO - composites.py:280 -         S2B_MSIL2A_20201204T092349_R093_T34SEG_20201213T185243
2025-08-23 01:14:11,451 - INFO - composites.py:280 -         S2A_MSIL2A_20201219T092411_R093_T34SEH_20210105T014842
2025-08-23 01:14:11,451 - INFO - composites.py:280 -         S2B_MSIL2A_20201224T092319_R093_T34SEH_20201225T042842
2025-08-23 01:14:11,451 - INFO - composites.py:280 -         S2B_MSIL2A_20201214T092309_R093_T34SEH_20201214T220124
2025-08-23 01:14:11,451 - INFO - composites.py:280 -         S2A_MSIL2A_20201209T092401_R093_T34SEH_20201210T142902
2025-08-23 01:14:11,815 - INFO - sentinel2.py:154 - Matplotlib backend: Agg
2025-08-23 01:14:11,954 - INFO - sentinel2.py:224 - Write input scenes footprint overlay: //nas-rs.topo.auth.gr/Latomeia/DROUGHT/COMPOS/2020/12/x08_y10/S2L2A_medcomp_x08_y10_202012_InDataFootprint.jpeg
2025-08-23 01:14:12,184 - INFO - composites.py:294 -                                  
2025-08-23 01:14:12,184 - INFO - composites.py:295 - Downstream STAC items from Planetary Computer
2025-08-23 01:14:12,184 - INFO - timeseries_processing.py:115 -                                  
2025-08-23 01:14:12,184 - INFO - timeseries_processing.py:116 - Loading bands of diferent resolutions in EPSG:32634
2025-08-23 01:14:12,184 - INFO - timeseries_processing.py:120 -     Filtering items with native UTM EPSG:32634
2025-08-23 01:14:12,184 - INFO - timeseries_processing.py:122 -     8 Items in EPSG:32634
2025-08-23 01:14:12,184 - INFO - timeseries_processing.py:129 -                        
2025-08-23 01:14:12,184 - INFO - timeseries_processing.py:130 -     Loading parameters:
2025-08-23 01:14:12,184 - INFO - timeseries_processing.py:131 -         Bands: ['B05', 'B07', 'B8A', 'SCL']
2025-08-23 01:14:12,184 - INFO - timeseries_processing.py:132 -         Spatial resolution: 20
2025-08-23 01:14:12,184 - INFO - timeseries_processing.py:134 -         Get Assets from STAC Items
2025-08-23 01:14:12,184 - INFO - timeseries_processing.py:47 -         Initialize the STAC client
2025-08-23 01:14:12,682 - INFO - timeseries_processing.py:137 -         Loading 8 STAC Items....
2025-08-23 01:14:53,348 - INFO - timeseries_processing.py:146 -         Cube has been downloaded
2025-08-23 01:14:53,348 - INFO - timeseries_processing.py:156 -         Fix order of dimensions
2025-08-23 01:14:53,349 - INFO - timeseries_processing.py:161 -         Append bands to the band-list of EPSG:32634
2025-08-23 01:14:53,349 - INFO - timeseries_processing.py:129 -                        
2025-08-23 01:14:53,349 - INFO - timeseries_processing.py:130 -     Loading parameters:
2025-08-23 01:14:53,349 - INFO - timeseries_processing.py:131 -         Bands: ['B02', 'B03', 'B04']
2025-08-23 01:14:53,351 - INFO - timeseries_processing.py:132 -         Spatial resolution: 10
2025-08-23 01:14:53,351 - INFO - timeseries_processing.py:134 -         Get Assets from STAC Items
2025-08-23 01:14:53,351 - INFO - timeseries_processing.py:47 -         Initialize the STAC client
2025-08-23 01:14:54,047 - INFO - timeseries_processing.py:137 -         Loading 8 STAC Items....
2025-08-23 01:15:47,108 - INFO - timeseries_processing.py:146 -         Cube has been downloaded
2025-08-23 01:15:47,108 - INFO - timeseries_processing.py:149 -         Reproject to downsample 10m bands to 20m by Resampling.average 2x2 binning and shape matching with odc.geo.GeoBox
2025-08-23 01:15:53,914 - INFO - timeseries_processing.py:161 -         Append bands to the band-list of EPSG:32634
2025-08-23 01:15:53,914 - INFO - timeseries_processing.py:165 -                        
2025-08-23 01:15:53,914 - INFO - timeseries_processing.py:166 -     Merging bands in a single dataset
2025-08-23 01:15:53,914 - INFO - timeseries_processing.py:167 -     Ensure all partial datasets are at (x=20, y=-20) resolution
2025-08-23 01:15:53,915 - INFO - timeseries_processing.py:171 -     Clip to the intersection of indexes
2025-08-23 01:15:55,064 - INFO - timeseries_processing.py:180 -     Make a list of bands to merge
2025-08-23 01:15:55,065 - INFO - timeseries_processing.py:184 -     Merge on intersection
2025-08-23 01:15:55,065 - INFO - timeseries_processing.py:192 -     Apply masks on clouds, shadows, thin cirrus, and snow/ice
2025-08-23 01:15:55,065 - INFO - sentinel2.py:122 -                Masking bits: [3, 7, 8, 9, 10, 11]
2025-08-23 01:15:55,703 - INFO - composites.py:304 - Reproject from UTM Zone to Tile geometry -> CRS(EPSG:32634), Resampling.bilinear
2025-08-23 01:15:58,945 - INFO - composites.py:307 -     New shape of datasets: Shape2d(x=2400, y=2400)
2025-08-23 01:15:59,458 - INFO - composites.py:339 - Creating preview plot of input scenes
2025-08-23 01:16:21,810 - INFO - timeseries_processing.py:349 - Saved preview for 'B04' to //nas-rs.topo.auth.gr/Latomeia/DROUGHT/COMPOS/2020/12/x08_y10/S2L2A_medcomp_x08_y10_202012_InDataPreview.jpeg
2025-08-23 01:16:21,814 - INFO - composites.py:345 - Clip value range
2025-08-23 01:16:22,773 - INFO - composites.py:350 -                           
2025-08-23 01:16:22,778 - INFO - composites.py:351 - Computing spectral indices:
2025-08-23 01:16:22,778 - INFO - composites.py:354 -     EVI...
2025-08-23 01:16:23,429 - INFO - composites.py:356 -     NDVI...
2025-08-23 01:16:23,561 - INFO - composites.py:358 -     PSRI2...
2025-08-23 01:16:23,751 - INFO - composites.py:361 - Clip to typical value range
2025-08-23 01:16:23,946 - INFO - composites.py:368 - Reducing to median value temporal composite
2025-08-23 01:16:48,007 - INFO - composites.py:387 - Define data types and nodata per band
2025-08-23 01:16:48,163 - INFO - composites.py:408 - Assign time range and tile ID in metadata
2025-08-23 01:16:48,164 - INFO - composites.py:416 - Write bands to raster COG files
2025-08-23 01:16:52,008 - INFO - composites.py:429 - Write B02 -> //nas-rs.topo.auth.gr/Latomeia/DROUGHT/COMPOS/2020/12/x08_y10/S2L2A_medcomp_x08_y10_202012_B02.tif
2025-08-23 01:16:55,827 - INFO - composites.py:429 - Write B03 -> //nas-rs.topo.auth.gr/Latomeia/DROUGHT/COMPOS/2020/12/x08_y10/S2L2A_medcomp_x08_y10_202012_B03.tif
2025-08-23 01:16:59,678 - INFO - composites.py:429 - Write B04 -> //nas-rs.topo.auth.gr/Latomeia/DROUGHT/COMPOS/2020/12/x08_y10/S2L2A_medcomp_x08_y10_202012_B04.tif
2025-08-23 01:17:03,466 - INFO - composites.py:429 - Write B05 -> //nas-rs.topo.auth.gr/Latomeia/DROUGHT/COMPOS/2020/12/x08_y10/S2L2A_medcomp_x08_y10_202012_B05.tif
2025-08-23 01:17:07,348 - INFO - composites.py:429 - Write B07 -> //nas-rs.topo.auth.gr/Latomeia/DROUGHT/COMPOS/2020/12/x08_y10/S2L2A_medcomp_x08_y10_202012_B07.tif
2025-08-23 01:17:11,184 - INFO - composites.py:429 - Write B8A -> //nas-rs.topo.auth.gr/Latomeia/DROUGHT/COMPOS/2020/12/x08_y10/S2L2A_medcomp_x08_y10_202012_B8A.tif
2025-08-23 01:17:14,969 - INFO - composites.py:429 - Write EVI -> //nas-rs.topo.auth.gr/Latomeia/DROUGHT/COMPOS/2020/12/x08_y10/S2L2A_medcomp_x08_y10_202012_evi.tif
2025-08-23 01:17:18,668 - INFO - composites.py:429 - Write NDVI -> //nas-rs.topo.auth.gr/Latomeia/DROUGHT/COMPOS/2020/12/x08_y10/S2L2A_medcomp_x08_y10_202012_ndvi.tif
2025-08-23 01:17:22,506 - INFO - composites.py:429 - Write PSRI2 -> //nas-rs.topo.auth.gr/Latomeia/DROUGHT/COMPOS/2020/12/x08_y10/S2L2A_medcomp_x08_y10_202012_psri2.tif
2025-08-23 01:17:22,506 - INFO - composites.py:433 - Prepare metadata YAML document
2025-08-23 01:17:23,145 - INFO - composites.py:454 - Write metadata YAML document to disk
2025-08-23 01:17:23,199 - INFO - composites.py:459 - Create datacube.model.Dataset from eo3 metadata
2025-08-23 01:17:23,210 - INFO - composites.py:470 - Index to datacube
2025-08-23 01:17:23,210 - INFO - _datasets.py:191 - Indexing dbce9657-af5a-4bad-a54e-2608eccad992
2025-08-23 01:17:23,219 - INFO - composites.py:473 - 
2025-08-23 01:17:23,219 - INFO - composites.py:474 -              ✔✔✔ COMPLETED: Tile x08_y10 | Time: 2020-12 | In 4.03 minutes
2025-08-23 01:17:23,219 - INFO - composites.py:475 - 
2025-08-23 01:17:23,219 - INFO - composites.py:483 - Closing Dask client
2025-08-23 01:17:23,222 - INFO - composites.py:487 - Closing Dask cluster
2025-08-23 01:17:23,222 - INFO - composites.py:488 - #######################################################################
