2025-08-29 14:11:23,259 - INFO - composites.py:102 - #######################################################################
2025-08-29 14:11:23,259 - INFO - composites.py:104 - Processing started
2025-08-29 14:11:23,259 - INFO - composites.py:105 -         Tile: x12_y12
2025-08-29 14:11:23,259 - INFO - composites.py:106 -         Time: 2022-05
2025-08-29 14:11:23,259 - INFO - composites.py:109 -                           
2025-08-29 14:11:23,259 - INFO - composites.py:110 - Establishing connection to datacube
2025-08-29 14:11:23,804 - INFO - composites.py:113 -                           
2025-08-29 14:11:23,804 - INFO - composites.py:114 - Sanity test: Check if dataset already exists in the datacube
2025-08-29 14:11:23,824 - INFO - composites.py:133 - The composite requested was not found and it will be computed
2025-08-29 14:11:23,824 - INFO - composites.py:136 -                                  
2025-08-29 14:11:23,824 - INFO - composites.py:137 - Initializing Dask cluster for parallelization
2025-08-29 14:11:28,963 - INFO - composites.py:161 - Dask dashboard is available at: http://127.0.0.1:8787/status
2025-08-29 14:11:28,963 - INFO - composites.py:164 - Create directories and naming conversions
2025-08-29 14:11:28,975 - INFO - composites.py:177 - Dataset location: //nas-rs.topo.auth.gr/Latomeia/DROUGHT/composites/x12/y12/2022/05/01
2025-08-29 14:11:28,975 - INFO - composites.py:180 -                           
2025-08-29 14:11:28,975 - INFO - composites.py:181 - Retrieve tile geometry
2025-08-29 14:11:29,007 - INFO - composites.py:192 - Create the Bounding Box (φ,λ)
2025-08-29 14:11:29,007 - INFO - composites.py:198 - Create the Bounding Box (x,y)
2025-08-29 14:11:29,007 - INFO - composites.py:211 -                           
2025-08-29 14:11:29,007 - INFO - composites.py:212 - Connect to Planetary Computer STAC Catalog
2025-08-29 14:11:29,215 - INFO - composites.py:220 - Search the STAC Catalog
2025-08-29 14:11:29,299 - INFO - composites.py:232 -         Query parameters:
2025-08-29 14:11:29,300 - INFO - composites.py:233 -             url:          https://planetarycomputer.microsoft.com/api/stac/v1/search
2025-08-29 14:11:29,300 - INFO - composites.py:234 -             client:       microsoft-pc
2025-08-29 14:11:29,300 - INFO - composites.py:235 -             collection:   sentinel-2-l2a
2025-08-29 14:11:29,300 - INFO - composites.py:236 -             bbox:         (23.716312541714892, 38.42057868621947, 24.399215341225577, 38.9773418780241)
2025-08-29 14:11:29,300 - INFO - composites.py:237 -             time range:   2022-05-01T00:00:00Z/2022-05-31T23:59:59Z
2025-08-29 14:11:29,300 - INFO - composites.py:238 -             cloud cover:  0% - 70%
2025-08-29 14:11:29,300 - INFO - composites.py:239 -             nodata cover: 0% - 33%
2025-08-29 14:11:29,300 - INFO - composites.py:241 -                           
2025-08-29 14:11:29,300 - INFO - composites.py:242 - Searching...
2025-08-29 14:11:29,831 - INFO - composites.py:245 - Query found 44 items
2025-08-29 14:11:29,831 - INFO - composites.py:247 - Searching for GRI REFINED scenes:
2025-08-29 14:11:35,069 - INFO - sentinel2.py:78 - 1/44 - S2A_MSIL2A_20220530T090601_R050_T35SKD_20240614T194644 -> REFINED
2025-08-29 14:11:40,535 - INFO - sentinel2.py:78 - 2/44 - S2A_MSIL2A_20220530T090601_R050_T35SKD_20220531T094719 -> REFINED
2025-08-29 14:11:46,452 - INFO - sentinel2.py:78 - 3/44 - S2A_MSIL2A_20220530T090601_R050_T35SKC_20240614T194644 -> REFINED
2025-08-29 14:11:52,177 - INFO - sentinel2.py:78 - 4/44 - S2A_MSIL2A_20220530T090601_R050_T35SKC_20220531T084311 -> REFINED
2025-08-29 14:11:57,901 - INFO - sentinel2.py:78 - 5/44 - S2A_MSIL2A_20220530T090601_R050_T34SGJ_20240614T194644 -> REFINED
2025-08-29 14:12:02,858 - INFO - sentinel2.py:78 - 6/44 - S2A_MSIL2A_20220530T090601_R050_T34SGJ_20220531T115459 -> REFINED
2025-08-29 14:12:07,906 - INFO - sentinel2.py:78 - 7/44 - S2A_MSIL2A_20220530T090601_R050_T34SGH_20240614T194644 -> REFINED
2025-08-29 14:12:13,852 - INFO - sentinel2.py:78 - 8/44 - S2A_MSIL2A_20220530T090601_R050_T34SGH_20220531T090138 -> REFINED
2025-08-29 14:12:19,659 - INFO - sentinel2.py:78 - 9/44 - S2B_MSIL2A_20220525T090559_R050_T35SKD_20240617T235222 -> REFINED
2025-08-29 14:12:25,661 - INFO - sentinel2.py:78 - 10/44 - S2B_MSIL2A_20220525T090559_R050_T35SKD_20220525T204526 -> REFINED
2025-08-29 14:12:31,592 - INFO - sentinel2.py:78 - 11/44 - S2B_MSIL2A_20220525T090559_R050_T35SKC_20240617T235222 -> REFINED
2025-08-29 14:12:38,365 - INFO - sentinel2.py:78 - 12/44 - S2B_MSIL2A_20220525T090559_R050_T35SKC_20220525T200028 -> REFINED
2025-08-29 14:12:43,757 - INFO - sentinel2.py:78 - 13/44 - S2B_MSIL2A_20220525T090559_R050_T34SGJ_20240617T235222 -> REFINED
2025-08-29 14:12:49,782 - INFO - sentinel2.py:78 - 14/44 - S2B_MSIL2A_20220525T090559_R050_T34SGJ_20220525T193510 -> REFINED
2025-08-29 14:12:55,559 - INFO - sentinel2.py:78 - 15/44 - S2B_MSIL2A_20220525T090559_R050_T34SGH_20240617T235222 -> REFINED
2025-08-29 14:13:01,518 - INFO - sentinel2.py:78 - 16/44 - S2B_MSIL2A_20220525T090559_R050_T34SGH_20220525T205722 -> REFINED
2025-08-29 14:13:07,527 - INFO - sentinel2.py:78 - 17/44 - S2A_MSIL2A_20220520T090601_R050_T35SKD_20240629T041534 -> REFINED
2025-08-29 14:13:12,900 - INFO - sentinel2.py:78 - 18/44 - S2A_MSIL2A_20220520T090601_R050_T35SKD_20220521T195346 -> REFINED
2025-08-29 14:13:18,324 - INFO - sentinel2.py:78 - 19/44 - S2A_MSIL2A_20220520T090601_R050_T35SKC_20240629T041534 -> REFINED
2025-08-29 14:13:25,297 - INFO - sentinel2.py:78 - 20/44 - S2A_MSIL2A_20220520T090601_R050_T35SKC_20220521T213242 -> REFINED
2025-08-29 14:13:30,413 - INFO - sentinel2.py:78 - 21/44 - S2A_MSIL2A_20220520T090601_R050_T34SGJ_20240629T041534 -> REFINED
2025-08-29 14:13:38,261 - INFO - sentinel2.py:78 - 22/44 - S2A_MSIL2A_20220520T090601_R050_T34SGJ_20220521T200324 -> REFINED
2025-08-29 14:13:42,964 - INFO - sentinel2.py:78 - 23/44 - S2A_MSIL2A_20220520T090601_R050_T34SGH_20240629T041534 -> REFINED
2025-08-29 14:13:48,965 - INFO - sentinel2.py:78 - 24/44 - S2A_MSIL2A_20220520T090601_R050_T34SGH_20220521T210317 -> REFINED
2025-08-29 14:13:54,023 - INFO - sentinel2.py:78 - 25/44 - S2B_MSIL2A_20220515T090559_R050_T35SKD_20240619T065522 -> REFINED
2025-08-29 14:13:59,417 - INFO - sentinel2.py:78 - 26/44 - S2B_MSIL2A_20220515T090559_R050_T35SKD_20220517T191737 -> REFINED
2025-08-29 14:14:04,901 - INFO - sentinel2.py:78 - 27/44 - S2B_MSIL2A_20220515T090559_R050_T35SKC_20240619T065522 -> REFINED
2025-08-29 14:14:10,920 - INFO - sentinel2.py:78 - 28/44 - S2B_MSIL2A_20220515T090559_R050_T35SKC_20220517T202538 -> REFINED
2025-08-29 14:14:16,368 - INFO - sentinel2.py:78 - 29/44 - S2B_MSIL2A_20220515T090559_R050_T34SGJ_20240619T065522 -> REFINED
2025-08-29 14:14:21,338 - INFO - sentinel2.py:78 - 30/44 - S2B_MSIL2A_20220515T090559_R050_T34SGJ_20220519T044123 -> REFINED
2025-08-29 14:14:26,463 - INFO - sentinel2.py:78 - 31/44 - S2B_MSIL2A_20220515T090559_R050_T34SGH_20240619T065522 -> REFINED
2025-08-29 14:14:31,479 - INFO - sentinel2.py:78 - 32/44 - S2B_MSIL2A_20220515T090559_R050_T34SGH_20220517T220156 -> REFINED
2025-08-29 14:14:37,532 - INFO - sentinel2.py:78 - 33/44 - S2A_MSIL2A_20220510T090601_R050_T35SKD_20240619T023957 -> REFINED
2025-08-29 14:14:42,991 - INFO - sentinel2.py:78 - 34/44 - S2A_MSIL2A_20220510T090601_R050_T35SKD_20220511T103858 -> REFINED
2025-08-29 14:14:49,371 - INFO - sentinel2.py:78 - 35/44 - S2A_MSIL2A_20220510T090601_R050_T35SKC_20240619T023957 -> REFINED
2025-08-29 14:14:55,364 - INFO - sentinel2.py:78 - 36/44 - S2A_MSIL2A_20220510T090601_R050_T35SKC_20220511T103507 -> REFINED
2025-08-29 14:15:00,407 - INFO - sentinel2.py:78 - 37/44 - S2A_MSIL2A_20220510T090601_R050_T34SGJ_20240619T023957 -> REFINED
2025-08-29 14:15:05,343 - INFO - sentinel2.py:78 - 38/44 - S2A_MSIL2A_20220510T090601_R050_T34SGJ_20220511T111631 -> REFINED
2025-08-29 14:15:10,366 - INFO - sentinel2.py:78 - 39/44 - S2A_MSIL2A_20220510T090601_R050_T34SGH_20240619T023957 -> REFINED
2025-08-29 14:15:15,305 - INFO - sentinel2.py:78 - 40/44 - S2A_MSIL2A_20220510T090601_R050_T34SGH_20220511T104221 -> REFINED
2025-08-29 14:15:20,105 - INFO - sentinel2.py:78 - 41/44 - S2B_MSIL2A_20220505T090549_R050_T35SKD_20220505T204801 -> REFINED
2025-08-29 14:15:25,784 - INFO - sentinel2.py:78 - 42/44 - S2B_MSIL2A_20220505T090549_R050_T35SKC_20220505T203721 -> REFINED
2025-08-29 14:15:31,570 - INFO - sentinel2.py:78 - 43/44 - S2B_MSIL2A_20220505T090549_R050_T34SGJ_20220505T203236 -> REFINED
2025-08-29 14:15:37,668 - INFO - sentinel2.py:78 - 44/44 - S2B_MSIL2A_20220505T090549_R050_T34SGH_20220505T202740 -> REFINED
2025-08-29 14:15:37,706 - INFO - composites.py:250 -                                  
2025-08-29 14:15:37,706 - INFO - composites.py:251 - 44/44 were refined by GRI.
2025-08-29 14:15:37,706 - INFO - composites.py:263 - Looking for up to 10 cleanest images within spatiotemporal range of each MGRS tile
2025-08-29 14:15:37,708 - INFO - composites.py:277 - Filtered cleanest scenes: Kept 40 out of 44 items. 
2025-08-29 14:15:37,708 - INFO - composites.py:278 -         Included MGRS Tiles: ['34SGH' '34SGJ' '35SKC' '35SKD']
2025-08-29 14:15:37,709 - INFO - composites.py:279 -         Included EPSG codes: [32634 32635]
2025-08-29 14:15:37,709 - INFO - composites.py:281 - Selected scenes:
2025-08-29 14:15:37,709 - INFO - composites.py:283 -         S2B_MSIL2A_20220525T090559_R050_T34SGH_20220525T205722
2025-08-29 14:15:37,709 - INFO - composites.py:283 -         S2B_MSIL2A_20220525T090559_R050_T34SGH_20240617T235222
2025-08-29 14:15:37,710 - INFO - composites.py:283 -         S2B_MSIL2A_20220515T090559_R050_T34SGH_20220517T220156
2025-08-29 14:15:37,710 - INFO - composites.py:283 -         S2B_MSIL2A_20220515T090559_R050_T34SGH_20240619T065522
2025-08-29 14:15:37,710 - INFO - composites.py:283 -         S2A_MSIL2A_20220530T090601_R050_T34SGH_20240614T194644
2025-08-29 14:15:37,710 - INFO - composites.py:283 -         S2A_MSIL2A_20220530T090601_R050_T34SGH_20220531T090138
2025-08-29 14:15:37,710 - INFO - composites.py:283 -         S2B_MSIL2A_20220505T090549_R050_T34SGH_20220505T202740
2025-08-29 14:15:37,710 - INFO - composites.py:283 -         S2A_MSIL2A_20220510T090601_R050_T34SGH_20220511T104221
2025-08-29 14:15:37,710 - INFO - composites.py:283 -         S2A_MSIL2A_20220510T090601_R050_T34SGH_20240619T023957
2025-08-29 14:15:37,710 - INFO - composites.py:283 -         S2A_MSIL2A_20220520T090601_R050_T34SGH_20220521T210317
2025-08-29 14:15:37,710 - INFO - composites.py:283 -         S2B_MSIL2A_20220525T090559_R050_T34SGJ_20220525T193510
2025-08-29 14:15:37,710 - INFO - composites.py:283 -         S2B_MSIL2A_20220525T090559_R050_T34SGJ_20240617T235222
2025-08-29 14:15:37,710 - INFO - composites.py:283 -         S2B_MSIL2A_20220515T090559_R050_T34SGJ_20240619T065522
2025-08-29 14:15:37,710 - INFO - composites.py:283 -         S2B_MSIL2A_20220515T090559_R050_T34SGJ_20220519T044123
2025-08-29 14:15:37,710 - INFO - composites.py:283 -         S2A_MSIL2A_20220530T090601_R050_T34SGJ_20240614T194644
2025-08-29 14:15:37,710 - INFO - composites.py:283 -         S2A_MSIL2A_20220530T090601_R050_T34SGJ_20220531T115459
2025-08-29 14:15:37,710 - INFO - composites.py:283 -         S2A_MSIL2A_20220520T090601_R050_T34SGJ_20240629T041534
2025-08-29 14:15:37,710 - INFO - composites.py:283 -         S2A_MSIL2A_20220520T090601_R050_T34SGJ_20220521T200324
2025-08-29 14:15:37,711 - INFO - composites.py:283 -         S2B_MSIL2A_20220505T090549_R050_T34SGJ_20220505T203236
2025-08-29 14:15:37,711 - INFO - composites.py:283 -         S2A_MSIL2A_20220510T090601_R050_T34SGJ_20220511T111631
2025-08-29 14:15:37,711 - INFO - composites.py:283 -         S2B_MSIL2A_20220515T090559_R050_T35SKC_20220517T202538
2025-08-29 14:15:37,711 - INFO - composites.py:283 -         S2B_MSIL2A_20220515T090559_R050_T35SKC_20240619T065522
2025-08-29 14:15:37,711 - INFO - composites.py:283 -         S2B_MSIL2A_20220525T090559_R050_T35SKC_20220525T200028
2025-08-29 14:15:37,711 - INFO - composites.py:283 -         S2B_MSIL2A_20220525T090559_R050_T35SKC_20240617T235222
2025-08-29 14:15:37,711 - INFO - composites.py:283 -         S2A_MSIL2A_20220530T090601_R050_T35SKC_20240614T194644
2025-08-29 14:15:37,711 - INFO - composites.py:283 -         S2A_MSIL2A_20220530T090601_R050_T35SKC_20220531T084311
2025-08-29 14:15:37,711 - INFO - composites.py:283 -         S2B_MSIL2A_20220505T090549_R050_T35SKC_20220505T203721
2025-08-29 14:15:37,711 - INFO - composites.py:283 -         S2A_MSIL2A_20220520T090601_R050_T35SKC_20240629T041534
2025-08-29 14:15:37,711 - INFO - composites.py:283 -         S2A_MSIL2A_20220520T090601_R050_T35SKC_20220521T213242
2025-08-29 14:15:37,711 - INFO - composites.py:283 -         S2A_MSIL2A_20220510T090601_R050_T35SKC_20220511T103507
2025-08-29 14:15:37,711 - INFO - composites.py:283 -         S2B_MSIL2A_20220525T090559_R050_T35SKD_20240617T235222
2025-08-29 14:15:37,711 - INFO - composites.py:283 -         S2B_MSIL2A_20220525T090559_R050_T35SKD_20220525T204526
2025-08-29 14:15:37,711 - INFO - composites.py:283 -         S2B_MSIL2A_20220515T090559_R050_T35SKD_20240619T065522
2025-08-29 14:15:37,711 - INFO - composites.py:283 -         S2B_MSIL2A_20220515T090559_R050_T35SKD_20220517T191737
2025-08-29 14:15:37,711 - INFO - composites.py:283 -         S2B_MSIL2A_20220505T090549_R050_T35SKD_20220505T204801
2025-08-29 14:15:37,711 - INFO - composites.py:283 -         S2A_MSIL2A_20220530T090601_R050_T35SKD_20240614T194644
2025-08-29 14:15:37,711 - INFO - composites.py:283 -         S2A_MSIL2A_20220530T090601_R050_T35SKD_20220531T094719
2025-08-29 14:15:37,711 - INFO - composites.py:283 -         S2A_MSIL2A_20220520T090601_R050_T35SKD_20240629T041534
2025-08-29 14:15:37,711 - INFO - composites.py:283 -         S2A_MSIL2A_20220520T090601_R050_T35SKD_20220521T195346
2025-08-29 14:15:37,711 - INFO - composites.py:283 -         S2A_MSIL2A_20220510T090601_R050_T35SKD_20220511T103858
2025-08-29 14:15:38,199 - INFO - sentinel2.py:154 - Matplotlib backend: Agg
2025-08-29 14:15:38,529 - INFO - sentinel2.py:224 - Write input scenes footprint overlay: //nas-rs.topo.auth.gr/Latomeia/DROUGHT/composites/x12/y12/2022/05/01/S2L2A_medcomp_x12y12_202205_InDataFootprint.jpeg
2025-08-29 14:15:38,938 - INFO - composites.py:297 -                                  
2025-08-29 14:15:38,938 - INFO - composites.py:298 - Downstream STAC items from Planetary Computer
2025-08-29 14:15:38,939 - INFO - timeseries_processing.py:115 -                                  
2025-08-29 14:15:38,939 - INFO - timeseries_processing.py:116 - Loading bands of diferent resolutions in EPSG:32634
2025-08-29 14:15:38,939 - INFO - timeseries_processing.py:120 -     Filtering items with native UTM EPSG:32634
2025-08-29 14:15:38,939 - INFO - timeseries_processing.py:122 -     20 Items in EPSG:32634
2025-08-29 14:15:38,939 - INFO - timeseries_processing.py:129 -                        
2025-08-29 14:15:38,939 - INFO - timeseries_processing.py:130 -     Loading parameters:
2025-08-29 14:15:38,939 - INFO - timeseries_processing.py:131 -         Bands: ['B05', 'B07', 'B8A', 'SCL']
2025-08-29 14:15:38,939 - INFO - timeseries_processing.py:132 -         Spatial resolution: 20
2025-08-29 14:15:38,939 - INFO - timeseries_processing.py:134 -         Get Assets from STAC Items
2025-08-29 14:15:38,939 - INFO - timeseries_processing.py:47 -         Initialize the STAC client
2025-08-29 14:15:39,510 - INFO - timeseries_processing.py:137 -         Loading 20 STAC Items....
2025-08-29 14:18:02,513 - INFO - timeseries_processing.py:146 -         Cube has been downloaded
2025-08-29 14:18:02,513 - INFO - timeseries_processing.py:156 -         Fix order of dimensions
2025-08-29 14:18:02,514 - INFO - timeseries_processing.py:161 -         Append bands to the band-list of EPSG:32634
2025-08-29 14:18:02,515 - INFO - timeseries_processing.py:129 -                        
2025-08-29 14:18:02,515 - INFO - timeseries_processing.py:130 -     Loading parameters:
2025-08-29 14:18:02,515 - INFO - timeseries_processing.py:131 -         Bands: ['B02', 'B03', 'B04']
2025-08-29 14:18:02,515 - INFO - timeseries_processing.py:132 -         Spatial resolution: 10
2025-08-29 14:18:02,517 - INFO - timeseries_processing.py:134 -         Get Assets from STAC Items
2025-08-29 14:18:02,517 - INFO - timeseries_processing.py:47 -         Initialize the STAC client
2025-08-29 14:18:03,320 - INFO - timeseries_processing.py:137 -         Loading 20 STAC Items....
2025-08-29 14:23:16,824 - INFO - timeseries_processing.py:146 -         Cube has been downloaded
2025-08-29 14:23:16,824 - INFO - timeseries_processing.py:149 -         Reproject to downsample 10m bands to 20m by Resampling.average 2x2 binning and shape matching with odc.geo.GeoBox
2025-08-29 14:23:27,174 - INFO - timeseries_processing.py:161 -         Append bands to the band-list of EPSG:32634
2025-08-29 14:23:27,174 - INFO - timeseries_processing.py:165 -                        
2025-08-29 14:23:27,174 - INFO - timeseries_processing.py:166 -     Merging bands in a single dataset
2025-08-29 14:23:27,174 - INFO - timeseries_processing.py:167 -     Ensure all partial datasets are at (x=20, y=-20) resolution
2025-08-29 14:23:27,175 - INFO - timeseries_processing.py:171 -     Clip to the intersection of indexes
2025-08-29 14:23:28,191 - INFO - timeseries_processing.py:180 -     Make a list of bands to merge
2025-08-29 14:23:28,191 - INFO - timeseries_processing.py:184 -     Merge on intersection
2025-08-29 14:23:28,193 - INFO - timeseries_processing.py:192 -     Apply masks on clouds, shadows, thin cirrus, and snow/ice
2025-08-29 14:23:28,193 - INFO - sentinel2.py:122 -                Masking bits: [3, 7, 8, 9, 10, 11]
2025-08-29 14:23:29,017 - INFO - timeseries_processing.py:115 -                                  
2025-08-29 14:23:29,018 - INFO - timeseries_processing.py:116 - Loading bands of diferent resolutions in EPSG:32635
2025-08-29 14:23:29,018 - INFO - timeseries_processing.py:120 -     Filtering items with native UTM EPSG:32635
2025-08-29 14:23:29,018 - INFO - timeseries_processing.py:122 -     20 Items in EPSG:32635
2025-08-29 14:23:29,018 - INFO - timeseries_processing.py:129 -                        
2025-08-29 14:23:29,018 - INFO - timeseries_processing.py:130 -     Loading parameters:
2025-08-29 14:23:29,018 - INFO - timeseries_processing.py:131 -         Bands: ['B05', 'B07', 'B8A', 'SCL']
2025-08-29 14:23:29,019 - INFO - timeseries_processing.py:132 -         Spatial resolution: 20
2025-08-29 14:23:29,019 - INFO - timeseries_processing.py:134 -         Get Assets from STAC Items
2025-08-29 14:23:29,019 - INFO - timeseries_processing.py:47 -         Initialize the STAC client
2025-08-29 14:23:29,645 - INFO - timeseries_processing.py:137 -         Loading 20 STAC Items....
2025-08-29 14:25:35,724 - INFO - timeseries_processing.py:146 -         Cube has been downloaded
2025-08-29 14:25:35,724 - INFO - timeseries_processing.py:156 -         Fix order of dimensions
2025-08-29 14:25:35,727 - INFO - timeseries_processing.py:161 -         Append bands to the band-list of EPSG:32635
2025-08-29 14:25:35,727 - INFO - timeseries_processing.py:129 -                        
2025-08-29 14:25:35,729 - INFO - timeseries_processing.py:130 -     Loading parameters:
2025-08-29 14:25:35,729 - INFO - timeseries_processing.py:131 -         Bands: ['B02', 'B03', 'B04']
2025-08-29 14:25:35,729 - INFO - timeseries_processing.py:132 -         Spatial resolution: 10
2025-08-29 14:25:35,729 - INFO - timeseries_processing.py:134 -         Get Assets from STAC Items
2025-08-29 14:25:35,729 - INFO - timeseries_processing.py:47 -         Initialize the STAC client
2025-08-29 14:25:37,136 - INFO - timeseries_processing.py:137 -         Loading 20 STAC Items....
2025-08-29 14:30:28,755 - INFO - timeseries_processing.py:146 -         Cube has been downloaded
2025-08-29 14:30:28,755 - INFO - timeseries_processing.py:149 -         Reproject to downsample 10m bands to 20m by Resampling.average 2x2 binning and shape matching with odc.geo.GeoBox
2025-08-29 14:30:38,626 - INFO - timeseries_processing.py:161 -         Append bands to the band-list of EPSG:32635
2025-08-29 14:30:38,626 - INFO - timeseries_processing.py:165 -                        
2025-08-29 14:30:38,626 - INFO - timeseries_processing.py:166 -     Merging bands in a single dataset
2025-08-29 14:30:38,626 - INFO - timeseries_processing.py:167 -     Ensure all partial datasets are at (x=20, y=-20) resolution
2025-08-29 14:30:38,626 - INFO - timeseries_processing.py:171 -     Clip to the intersection of indexes
2025-08-29 14:30:38,628 - INFO - timeseries_processing.py:180 -     Make a list of bands to merge
2025-08-29 14:30:38,629 - INFO - timeseries_processing.py:184 -     Merge on intersection
2025-08-29 14:30:38,629 - INFO - timeseries_processing.py:192 -     Apply masks on clouds, shadows, thin cirrus, and snow/ice
2025-08-29 14:30:38,629 - INFO - sentinel2.py:122 -                Masking bits: [3, 7, 8, 9, 10, 11]
2025-08-29 14:30:39,455 - INFO - composites.py:307 - Reproject from UTM Zone to Tile geometry -> CRS(EPSG:32635), Resampling.bilinear
2025-08-29 14:30:48,271 - INFO - composites.py:310 -     New shape of datasets: Shape2d(x=2400, y=2400)
2025-08-29 14:30:48,721 - INFO - composites.py:315 -                           
2025-08-29 14:30:48,735 - INFO - composites.py:316 - Mosaic datasets to a single dataset
2025-08-29 14:30:54,411 - INFO - composites.py:329 - Scale SR to Sen2Cor Baseline 4.00 - Subtract 1000 in dates post 2022-01-25
2025-08-29 14:30:55,546 - INFO - composites.py:342 - Creating preview plot of input scenes
2025-08-29 14:31:22,345 - INFO - timeseries_processing.py:349 - Saved preview for 'B04' to //nas-rs.topo.auth.gr/Latomeia/DROUGHT/composites/x12/y12/2022/05/01/S2L2A_medcomp_x12y12_202205_InDataPreview.jpeg
2025-08-29 14:31:22,354 - INFO - composites.py:348 - Clip value range
2025-08-29 14:31:23,634 - INFO - composites.py:353 -                           
2025-08-29 14:31:23,635 - INFO - composites.py:354 - Computing spectral indices:
2025-08-29 14:31:23,635 - INFO - composites.py:357 -     EVI...
2025-08-29 14:31:24,431 - INFO - composites.py:359 -     NDVI...
2025-08-29 14:31:24,666 - INFO - composites.py:361 -     PSRI2...
2025-08-29 14:31:24,834 - INFO - composites.py:364 - Clip to typical value range
2025-08-29 14:31:25,105 - INFO - composites.py:371 - Reducing to median value temporal composite
2025-08-29 14:31:51,665 - INFO - composites.py:390 - Scale and Define data types & nodata per band
2025-08-29 14:31:51,789 - INFO - composites.py:411 - Assign time range and tile ID in metadata
2025-08-29 14:31:51,790 - INFO - composites.py:419 - Write bands to raster COG files
2025-08-29 14:31:56,756 - INFO - composites.py:432 - Write B02 -> //nas-rs.topo.auth.gr/Latomeia/DROUGHT/composites/x12/y12/2022/05/01/S2L2A_medcomp_x12y12_202205_B02.tif
2025-08-29 14:32:00,690 - INFO - composites.py:432 - Write B03 -> //nas-rs.topo.auth.gr/Latomeia/DROUGHT/composites/x12/y12/2022/05/01/S2L2A_medcomp_x12y12_202205_B03.tif
2025-08-29 14:32:04,684 - INFO - composites.py:432 - Write B04 -> //nas-rs.topo.auth.gr/Latomeia/DROUGHT/composites/x12/y12/2022/05/01/S2L2A_medcomp_x12y12_202205_B04.tif
2025-08-29 14:32:08,785 - INFO - composites.py:432 - Write B05 -> //nas-rs.topo.auth.gr/Latomeia/DROUGHT/composites/x12/y12/2022/05/01/S2L2A_medcomp_x12y12_202205_B05.tif
2025-08-29 14:32:12,942 - INFO - composites.py:432 - Write B07 -> //nas-rs.topo.auth.gr/Latomeia/DROUGHT/composites/x12/y12/2022/05/01/S2L2A_medcomp_x12y12_202205_B07.tif
2025-08-29 14:32:16,961 - INFO - composites.py:432 - Write B8A -> //nas-rs.topo.auth.gr/Latomeia/DROUGHT/composites/x12/y12/2022/05/01/S2L2A_medcomp_x12y12_202205_B8A.tif
2025-08-29 14:32:21,104 - INFO - composites.py:432 - Write EVI -> //nas-rs.topo.auth.gr/Latomeia/DROUGHT/composites/x12/y12/2022/05/01/S2L2A_medcomp_x12y12_202205_EVI.tif
2025-08-29 14:32:25,252 - INFO - composites.py:432 - Write NDVI -> //nas-rs.topo.auth.gr/Latomeia/DROUGHT/composites/x12/y12/2022/05/01/S2L2A_medcomp_x12y12_202205_NDVI.tif
2025-08-29 14:32:29,336 - INFO - composites.py:432 - Write PSRI2 -> //nas-rs.topo.auth.gr/Latomeia/DROUGHT/composites/x12/y12/2022/05/01/S2L2A_medcomp_x12y12_202205_PSRI2.tif
2025-08-29 14:32:29,336 - INFO - composites.py:436 - Prepare metadata YAML document
2025-08-29 14:32:29,922 - INFO - composites.py:458 - Write metadata YAML document to disk
2025-08-29 14:32:29,995 - INFO - composites.py:463 - Create datacube.model.Dataset from eo3 metadata
2025-08-29 14:32:30,003 - INFO - composites.py:476 - Index to datacube
2025-08-29 14:32:30,004 - INFO - _datasets.py:191 - Indexing 37e34a59-d09c-4b2a-99c6-02b9b590fd6a
2025-08-29 14:32:30,015 - INFO - composites.py:479 - 
2025-08-29 14:32:30,015 - INFO - composites.py:480 -              ✔✔✔ COMPLETED: Tile x12_y12 | Time: 2022-05 | In 21.11 minutes
2025-08-29 14:32:30,015 - INFO - composites.py:481 - 
2025-08-29 14:32:30,015 - INFO - composites.py:489 - Closing Dask client
2025-08-29 14:32:30,017 - INFO - composites.py:493 - Closing Dask cluster
2025-08-29 14:32:30,017 - INFO - composites.py:494 - #######################################################################
