2025-08-27 17:03:55,382 - INFO - composites.py:102 - #######################################################################
2025-08-27 17:03:55,382 - INFO - composites.py:104 - Processing started
2025-08-27 17:03:55,382 - INFO - composites.py:105 -         Tile: x08_y11
2025-08-27 17:03:55,382 - INFO - composites.py:106 -         Time: 2021-12
2025-08-27 17:03:55,382 - INFO - composites.py:109 -                           
2025-08-27 17:03:55,382 - INFO - composites.py:110 - Establishing connection to datacube
2025-08-27 17:03:55,899 - INFO - composites.py:113 -                           
2025-08-27 17:03:55,899 - INFO - composites.py:114 - Sanity test: Check if dataset already exists in the datacube
2025-08-27 17:03:55,918 - INFO - composites.py:133 - The composite requested was not found and it will be computed
2025-08-27 17:03:55,918 - INFO - composites.py:136 -                                  
2025-08-27 17:03:55,918 - INFO - composites.py:137 - Initializing Dask cluster for parallelization
2025-08-27 17:04:01,042 - INFO - composites.py:161 - Dask dashboard is available at: http://127.0.0.1:8787/status
2025-08-27 17:04:01,042 - INFO - composites.py:164 - Create directories and naming conversions
2025-08-27 17:04:01,055 - INFO - composites.py:177 - Dataset location: //nas-rs.topo.auth.gr/Latomeia/DROUGHT/composites/x08/y11/2021/12/01
2025-08-27 17:04:01,055 - INFO - composites.py:180 -                           
2025-08-27 17:04:01,055 - INFO - composites.py:181 - Retrieve tile geometry
2025-08-27 17:04:01,082 - INFO - composites.py:192 - Create the Bounding Box (φ,λ)
2025-08-27 17:04:01,082 - INFO - composites.py:198 - Create the Bounding Box (x,y)
2025-08-27 17:04:01,082 - INFO - composites.py:211 -                           
2025-08-27 17:04:01,082 - INFO - composites.py:212 - Connect to Planetary Computer STAC Catalog
2025-08-27 17:04:01,336 - INFO - composites.py:220 - Search the STAC Catalog
2025-08-27 17:04:01,407 - INFO - composites.py:232 -         Query parameters:
2025-08-27 17:04:01,407 - INFO - composites.py:233 -             url:          https://planetarycomputer.microsoft.com/api/stac/v1/search
2025-08-27 17:04:01,407 - INFO - composites.py:234 -             client:       microsoft-pc
2025-08-27 17:04:01,407 - INFO - composites.py:235 -             collection:   sentinel-2-l2a
2025-08-27 17:04:01,407 - INFO - composites.py:236 -             bbox:         (21.470456200843422, 38.29135632905737, 22.139354689000736, 38.83788179019963)
2025-08-27 17:04:01,407 - INFO - composites.py:237 -             time range:   2021-12-01T00:00:00Z/2021-12-31T23:59:59Z
2025-08-27 17:04:01,407 - INFO - composites.py:238 -             cloud cover:  0% - 70%
2025-08-27 17:04:01,407 - INFO - composites.py:239 -             nodata cover: 0% - 33%
2025-08-27 17:04:01,407 - INFO - composites.py:241 -                           
2025-08-27 17:04:01,407 - INFO - composites.py:242 - Searching...
2025-08-27 17:04:01,894 - INFO - composites.py:245 - Query found 13 items
2025-08-27 17:04:01,894 - INFO - composites.py:247 - Searching for GRI REFINED scenes:
2025-08-27 17:04:10,204 - INFO - sentinel2.py:78 - 1/13 - S2A_MSIL2A_20211224T092411_R093_T34SEJ_20211225T004238 -> REFINED
2025-08-27 17:04:17,277 - INFO - sentinel2.py:78 - 2/13 - S2B_MSIL2A_20211219T092309_R093_T34SEJ_20230128T233205 -> REFINED
2025-08-27 17:04:25,532 - INFO - sentinel2.py:78 - 3/13 - S2B_MSIL2A_20211219T092309_R093_T34SEJ_20211219T192720 -> REFINED
2025-08-27 17:04:32,726 - INFO - sentinel2.py:78 - 4/13 - S2B_MSIL2A_20211219T092309_R093_T34SEH_20230128T224737 -> REFINED
2025-08-27 17:04:41,618 - INFO - sentinel2.py:78 - 5/13 - S2B_MSIL2A_20211219T092309_R093_T34SEH_20211219T183952 -> REFINED
2025-08-27 17:04:49,397 - INFO - sentinel2.py:78 - 6/13 - S2A_MSIL2A_20211214T092401_R093_T34SEJ_20230126T062257 -> REFINED
2025-08-27 17:04:57,692 - INFO - sentinel2.py:78 - 7/13 - S2A_MSIL2A_20211214T092401_R093_T34SEJ_20211214T231526 -> REFINED
2025-08-27 17:05:05,013 - INFO - sentinel2.py:78 - 8/13 - S2A_MSIL2A_20211214T092401_R093_T34SEH_20230125T164636 -> REFINED
2025-08-27 17:05:13,253 - INFO - sentinel2.py:78 - 9/13 - S2A_MSIL2A_20211214T092401_R093_T34SEH_20211215T000614 -> REFINED
2025-08-27 17:05:20,558 - INFO - sentinel2.py:78 - 10/13 - S2B_MSIL2A_20211209T092259_R093_T34SEJ_20211209T230820 -> REFINED
2025-08-27 17:05:27,693 - INFO - sentinel2.py:78 - 11/13 - S2B_MSIL2A_20211209T092259_R093_T34SEH_20230128T183102 -> REFINED
2025-08-27 17:05:35,480 - INFO - sentinel2.py:78 - 12/13 - S2B_MSIL2A_20211209T092259_R093_T34SEH_20211209T232842 -> REFINED
2025-08-27 17:05:43,505 - INFO - sentinel2.py:78 - 13/13 - S2A_MSIL2A_20211204T092351_R093_T34SEH_20211204T222239 -> REFINED
2025-08-27 17:05:43,559 - INFO - composites.py:250 -                                  
2025-08-27 17:05:43,559 - INFO - composites.py:251 - 13/13 were refined by GRI.
2025-08-27 17:05:43,559 - INFO - composites.py:263 - Looking for up to 10 cleanest images within spatiotemporal range of each MGRS tile
2025-08-27 17:05:43,560 - INFO - composites.py:277 - Filtered cleanest scenes: Kept 13 out of 13 items. 
2025-08-27 17:05:43,560 - INFO - composites.py:278 -         Included MGRS Tiles: ['34SEH' '34SEJ']
2025-08-27 17:05:43,579 - INFO - composites.py:279 -         Included EPSG codes: [32634]
2025-08-27 17:05:43,593 - INFO - composites.py:281 - Selected scenes:
2025-08-27 17:05:43,599 - INFO - composites.py:283 -         S2B_MSIL2A_20211219T092309_R093_T34SEH_20230128T224737
2025-08-27 17:05:43,599 - INFO - composites.py:283 -         S2B_MSIL2A_20211219T092309_R093_T34SEH_20211219T183952
2025-08-27 17:05:43,599 - INFO - composites.py:283 -         S2A_MSIL2A_20211214T092401_R093_T34SEH_20211215T000614
2025-08-27 17:05:43,600 - INFO - composites.py:283 -         S2A_MSIL2A_20211214T092401_R093_T34SEH_20230125T164636
2025-08-27 17:05:43,600 - INFO - composites.py:283 -         S2B_MSIL2A_20211209T092259_R093_T34SEH_20211209T232842
2025-08-27 17:05:43,600 - INFO - composites.py:283 -         S2A_MSIL2A_20211204T092351_R093_T34SEH_20211204T222239
2025-08-27 17:05:43,600 - INFO - composites.py:283 -         S2B_MSIL2A_20211209T092259_R093_T34SEH_20230128T183102
2025-08-27 17:05:43,600 - INFO - composites.py:283 -         S2B_MSIL2A_20211219T092309_R093_T34SEJ_20230128T233205
2025-08-27 17:05:43,600 - INFO - composites.py:283 -         S2B_MSIL2A_20211219T092309_R093_T34SEJ_20211219T192720
2025-08-27 17:05:43,600 - INFO - composites.py:283 -         S2A_MSIL2A_20211224T092411_R093_T34SEJ_20211225T004238
2025-08-27 17:05:43,600 - INFO - composites.py:283 -         S2A_MSIL2A_20211214T092401_R093_T34SEJ_20211214T231526
2025-08-27 17:05:43,600 - INFO - composites.py:283 -         S2A_MSIL2A_20211214T092401_R093_T34SEJ_20230126T062257
2025-08-27 17:05:43,600 - INFO - composites.py:283 -         S2B_MSIL2A_20211209T092259_R093_T34SEJ_20211209T230820
2025-08-27 17:05:43,982 - INFO - sentinel2.py:154 - Matplotlib backend: Agg
2025-08-27 17:05:44,224 - INFO - sentinel2.py:224 - Write input scenes footprint overlay: //nas-rs.topo.auth.gr/Latomeia/DROUGHT/composites/x08/y11/2021/12/01/S2L2A_medcomp_x08y11_202112_InDataFootprint.jpeg
2025-08-27 17:05:44,501 - INFO - composites.py:297 -                                  
2025-08-27 17:05:44,501 - INFO - composites.py:298 - Downstream STAC items from Planetary Computer
2025-08-27 17:05:44,501 - INFO - timeseries_processing.py:115 -                                  
2025-08-27 17:05:44,501 - INFO - timeseries_processing.py:116 - Loading bands of diferent resolutions in EPSG:32634
2025-08-27 17:05:44,501 - INFO - timeseries_processing.py:120 -     Filtering items with native UTM EPSG:32634
2025-08-27 17:05:44,501 - INFO - timeseries_processing.py:122 -     13 Items in EPSG:32634
2025-08-27 17:05:44,501 - INFO - timeseries_processing.py:129 -                        
2025-08-27 17:05:44,501 - INFO - timeseries_processing.py:130 -     Loading parameters:
2025-08-27 17:05:44,501 - INFO - timeseries_processing.py:131 -         Bands: ['B05', 'B07', 'B8A', 'SCL']
2025-08-27 17:05:44,501 - INFO - timeseries_processing.py:132 -         Spatial resolution: 20
2025-08-27 17:05:44,502 - INFO - timeseries_processing.py:134 -         Get Assets from STAC Items
2025-08-27 17:05:44,502 - INFO - timeseries_processing.py:47 -         Initialize the STAC client
2025-08-27 17:05:45,017 - INFO - timeseries_processing.py:137 -         Loading 13 STAC Items....
2025-08-27 17:06:15,950 - INFO - timeseries_processing.py:146 -         Cube has been downloaded
2025-08-27 17:06:15,950 - INFO - timeseries_processing.py:156 -         Fix order of dimensions
2025-08-27 17:06:15,952 - INFO - timeseries_processing.py:161 -         Append bands to the band-list of EPSG:32634
2025-08-27 17:06:15,952 - INFO - timeseries_processing.py:129 -                        
2025-08-27 17:06:15,953 - INFO - timeseries_processing.py:130 -     Loading parameters:
2025-08-27 17:06:15,953 - INFO - timeseries_processing.py:131 -         Bands: ['B02', 'B03', 'B04']
2025-08-27 17:06:15,954 - INFO - timeseries_processing.py:132 -         Spatial resolution: 10
2025-08-27 17:06:15,954 - INFO - timeseries_processing.py:134 -         Get Assets from STAC Items
2025-08-27 17:06:15,954 - INFO - timeseries_processing.py:47 -         Initialize the STAC client
2025-08-27 17:06:16,564 - INFO - timeseries_processing.py:137 -         Loading 13 STAC Items....
2025-08-27 17:07:32,040 - INFO - timeseries_processing.py:146 -         Cube has been downloaded
2025-08-27 17:07:32,040 - INFO - timeseries_processing.py:149 -         Reproject to downsample 10m bands to 20m by Resampling.average 2x2 binning and shape matching with odc.geo.GeoBox
2025-08-27 17:07:38,964 - INFO - timeseries_processing.py:161 -         Append bands to the band-list of EPSG:32634
2025-08-27 17:07:38,964 - INFO - timeseries_processing.py:165 -                        
2025-08-27 17:07:38,964 - INFO - timeseries_processing.py:166 -     Merging bands in a single dataset
2025-08-27 17:07:38,964 - INFO - timeseries_processing.py:167 -     Ensure all partial datasets are at (x=20, y=-20) resolution
2025-08-27 17:07:38,964 - INFO - timeseries_processing.py:171 -     Clip to the intersection of indexes
2025-08-27 17:07:40,178 - INFO - timeseries_processing.py:180 -     Make a list of bands to merge
2025-08-27 17:07:40,180 - INFO - timeseries_processing.py:184 -     Merge on intersection
2025-08-27 17:07:40,181 - INFO - timeseries_processing.py:192 -     Apply masks on clouds, shadows, thin cirrus, and snow/ice
2025-08-27 17:07:40,181 - INFO - sentinel2.py:122 -                Masking bits: [3, 7, 8, 9, 10, 11]
2025-08-27 17:07:40,779 - INFO - composites.py:307 - Reproject from UTM Zone to Tile geometry -> CRS(EPSG:32634), Resampling.bilinear
2025-08-27 17:07:44,137 - INFO - composites.py:310 -     New shape of datasets: Shape2d(x=2400, y=2400)
2025-08-27 17:07:44,670 - INFO - composites.py:342 - Creating preview plot of input scenes
2025-08-27 17:08:07,899 - INFO - timeseries_processing.py:349 - Saved preview for 'B04' to //nas-rs.topo.auth.gr/Latomeia/DROUGHT/composites/x08/y11/2021/12/01/S2L2A_medcomp_x08y11_202112_InDataPreview.jpeg
2025-08-27 17:08:07,932 - INFO - composites.py:348 - Clip value range
2025-08-27 17:08:08,966 - INFO - composites.py:353 -                           
2025-08-27 17:08:08,966 - INFO - composites.py:354 - Computing spectral indices:
2025-08-27 17:08:08,966 - INFO - composites.py:357 -     EVI...
2025-08-27 17:08:09,574 - INFO - composites.py:359 -     NDVI...
2025-08-27 17:08:09,820 - INFO - composites.py:361 -     PSRI2...
2025-08-27 17:08:09,966 - INFO - composites.py:364 - Clip to typical value range
2025-08-27 17:08:10,140 - INFO - composites.py:371 - Reducing to median value temporal composite
2025-08-27 17:08:34,701 - INFO - composites.py:390 - Scale and Define data types & nodata per band
2025-08-27 17:08:34,827 - INFO - composites.py:411 - Assign time range and tile ID in metadata
2025-08-27 17:08:34,827 - INFO - composites.py:419 - Write bands to raster COG files
2025-08-27 17:08:38,747 - INFO - composites.py:432 - Write B02 -> //nas-rs.topo.auth.gr/Latomeia/DROUGHT/composites/x08/y11/2021/12/01/S2L2A_medcomp_x08y11_202112_B02.tif
2025-08-27 17:08:42,724 - INFO - composites.py:432 - Write B03 -> //nas-rs.topo.auth.gr/Latomeia/DROUGHT/composites/x08/y11/2021/12/01/S2L2A_medcomp_x08y11_202112_B03.tif
2025-08-27 17:08:46,706 - INFO - composites.py:432 - Write B04 -> //nas-rs.topo.auth.gr/Latomeia/DROUGHT/composites/x08/y11/2021/12/01/S2L2A_medcomp_x08y11_202112_B04.tif
2025-08-27 17:08:50,686 - INFO - composites.py:432 - Write B05 -> //nas-rs.topo.auth.gr/Latomeia/DROUGHT/composites/x08/y11/2021/12/01/S2L2A_medcomp_x08y11_202112_B05.tif
2025-08-27 17:08:54,671 - INFO - composites.py:432 - Write B07 -> //nas-rs.topo.auth.gr/Latomeia/DROUGHT/composites/x08/y11/2021/12/01/S2L2A_medcomp_x08y11_202112_B07.tif
2025-08-27 17:08:58,975 - INFO - composites.py:432 - Write B8A -> //nas-rs.topo.auth.gr/Latomeia/DROUGHT/composites/x08/y11/2021/12/01/S2L2A_medcomp_x08y11_202112_B8A.tif
2025-08-27 17:09:02,897 - INFO - composites.py:432 - Write EVI -> //nas-rs.topo.auth.gr/Latomeia/DROUGHT/composites/x08/y11/2021/12/01/S2L2A_medcomp_x08y11_202112_EVI.tif
2025-08-27 17:09:06,824 - INFO - composites.py:432 - Write NDVI -> //nas-rs.topo.auth.gr/Latomeia/DROUGHT/composites/x08/y11/2021/12/01/S2L2A_medcomp_x08y11_202112_NDVI.tif
2025-08-27 17:09:10,702 - INFO - composites.py:432 - Write PSRI2 -> //nas-rs.topo.auth.gr/Latomeia/DROUGHT/composites/x08/y11/2021/12/01/S2L2A_medcomp_x08y11_202112_PSRI2.tif
2025-08-27 17:09:10,713 - INFO - composites.py:436 - Prepare metadata YAML document
2025-08-27 17:09:11,177 - INFO - composites.py:458 - Write metadata YAML document to disk
2025-08-27 17:09:11,200 - INFO - composites.py:463 - Create datacube.model.Dataset from eo3 metadata
2025-08-27 17:09:11,212 - INFO - composites.py:474 - Index to datacube
2025-08-27 17:09:11,212 - INFO - _datasets.py:191 - Indexing ea0a954c-ee12-4631-9ec8-095749f8d7c2
2025-08-27 17:09:11,221 - INFO - composites.py:477 - 
2025-08-27 17:09:11,221 - INFO - composites.py:478 -              ✔✔✔ COMPLETED: Tile x08_y11 | Time: 2021-12 | In 5.26 minutes
2025-08-27 17:09:11,221 - INFO - composites.py:479 - 
2025-08-27 17:09:11,221 - INFO - composites.py:487 - Closing Dask client
2025-08-27 17:09:11,223 - INFO - composites.py:491 - Closing Dask cluster
2025-08-27 17:09:11,223 - INFO - composites.py:492 - #######################################################################
