2025-08-26 16:20:26,766 - INFO - composites.py:102 - #######################################################################
2025-08-26 16:20:26,766 - INFO - composites.py:104 - Processing started
2025-08-26 16:20:26,766 - INFO - composites.py:105 -         Tile: x09_y11
2025-08-26 16:20:26,766 - INFO - composites.py:106 -         Time: 2020-08
2025-08-26 16:20:26,766 - INFO - composites.py:109 -                           
2025-08-26 16:20:26,766 - INFO - composites.py:110 - Establishing connection to datacube
2025-08-26 16:20:27,292 - INFO - composites.py:113 -                           
2025-08-26 16:20:27,292 - INFO - composites.py:114 - Sanity test: Check if dataset already exists in the datacube
2025-08-26 16:20:27,308 - INFO - composites.py:133 - The composite requested was not found and it will be computed
2025-08-26 16:20:27,308 - INFO - composites.py:136 -                                  
2025-08-26 16:20:27,308 - INFO - composites.py:137 - Initializing Dask cluster for parallelization
2025-08-26 16:20:32,336 - INFO - composites.py:161 - Dask dashboard is available at: http://127.0.0.1:8787/status
2025-08-26 16:20:32,336 - INFO - composites.py:164 - Create directories and naming conversions
2025-08-26 16:20:32,349 - INFO - composites.py:177 - Dataset location: //nas-rs.topo.auth.gr/Latomeia/DROUGHT/composites/x09/y11/2020/08/01
2025-08-26 16:20:32,349 - INFO - composites.py:180 -                           
2025-08-26 16:20:32,349 - INFO - composites.py:181 - Retrieve tile geometry
2025-08-26 16:20:32,379 - INFO - composites.py:192 - Create the Bounding Box (φ,λ)
2025-08-26 16:20:32,379 - INFO - composites.py:198 - Create the Bounding Box (x,y)
2025-08-26 16:20:32,380 - INFO - composites.py:211 -                           
2025-08-26 16:20:32,380 - INFO - composites.py:212 - Connect to Planetary Computer STAC Catalog
2025-08-26 16:20:32,656 - INFO - composites.py:220 - Search the STAC Catalog
2025-08-26 16:20:32,743 - INFO - composites.py:232 -         Query parameters:
2025-08-26 16:20:32,743 - INFO - composites.py:233 -             url:          https://planetarycomputer.microsoft.com/api/stac/v1/search
2025-08-26 16:20:32,745 - INFO - composites.py:234 -             client:       microsoft-pc
2025-08-26 16:20:32,745 - INFO - composites.py:235 -             collection:   sentinel-2-l2a
2025-08-26 16:20:32,745 - INFO - composites.py:236 -             bbox:         (22.011426495899283, 38.22146676750315, 22.68270270334575, 38.770538011403985)
2025-08-26 16:20:32,745 - INFO - composites.py:237 -             time range:   2020-08-01T00:00:00Z/2020-08-31T23:59:59Z
2025-08-26 16:20:32,745 - INFO - composites.py:238 -             cloud cover:  0% - 70%
2025-08-26 16:20:32,745 - INFO - composites.py:239 -             nodata cover: 0% - 33%
2025-08-26 16:20:32,745 - INFO - composites.py:241 -                           
2025-08-26 16:20:32,745 - INFO - composites.py:242 - Searching...
2025-08-26 16:20:33,251 - INFO - composites.py:245 - Query found 28 items
2025-08-26 16:20:33,257 - INFO - composites.py:247 - Searching for GRI REFINED scenes:
2025-08-26 16:20:41,125 - INFO - sentinel2.py:78 - 1/28 - S2A_MSIL2A_20200831T092031_R093_T34SFJ_20200919T033200 -> Not Found
2025-08-26 16:20:48,896 - INFO - sentinel2.py:78 - 2/28 - S2A_MSIL2A_20200831T092031_R093_T34SFH_20200907T201708 -> Not Found
2025-08-26 16:20:56,474 - INFO - sentinel2.py:78 - 3/28 - S2A_MSIL2A_20200831T092031_R093_T34SEJ_20200907T201726 -> Not Found
2025-08-26 16:21:04,267 - INFO - sentinel2.py:78 - 4/28 - S2A_MSIL2A_20200831T092031_R093_T34SEH_20200907T201642 -> Not Found
2025-08-26 16:21:11,998 - INFO - sentinel2.py:78 - 5/28 - S2B_MSIL2A_20200826T092029_R093_T34SFJ_20200827T215854 -> Not Found
2025-08-26 16:21:19,320 - INFO - sentinel2.py:78 - 6/28 - S2B_MSIL2A_20200826T092029_R093_T34SFH_20200919T033155 -> Not Found
2025-08-26 16:21:26,974 - INFO - sentinel2.py:78 - 7/28 - S2B_MSIL2A_20200826T092029_R093_T34SEJ_20200827T215838 -> Not Found
2025-08-26 16:21:34,850 - INFO - sentinel2.py:78 - 8/28 - S2B_MSIL2A_20200826T092029_R093_T34SEH_20200827T215852 -> Not Found
2025-08-26 16:21:43,825 - INFO - sentinel2.py:78 - 9/28 - S2A_MSIL2A_20200821T092031_R093_T34SFJ_20200822T221723 -> Not Found
2025-08-26 16:21:51,969 - INFO - sentinel2.py:78 - 10/28 - S2A_MSIL2A_20200821T092031_R093_T34SFH_20200908T173006 -> Not Found
2025-08-26 16:21:59,911 - INFO - sentinel2.py:78 - 11/28 - S2A_MSIL2A_20200821T092031_R093_T34SEJ_20200908T172930 -> Not Found
2025-08-26 16:22:06,968 - INFO - sentinel2.py:78 - 12/28 - S2A_MSIL2A_20200821T092031_R093_T34SEH_20200822T221735 -> Not Found
2025-08-26 16:22:15,311 - INFO - sentinel2.py:78 - 13/28 - S2B_MSIL2A_20200816T092029_R093_T34SFJ_20200818T141216 -> Not Found
2025-08-26 16:22:23,618 - INFO - sentinel2.py:78 - 14/28 - S2B_MSIL2A_20200816T092029_R093_T34SFH_20200908T173007 -> Not Found
2025-08-26 16:22:30,721 - INFO - sentinel2.py:78 - 15/28 - S2B_MSIL2A_20200816T092029_R093_T34SEJ_20200818T141201 -> Not Found
2025-08-26 16:22:39,170 - INFO - sentinel2.py:78 - 16/28 - S2B_MSIL2A_20200816T092029_R093_T34SEH_20200818T141212 -> Not Found
2025-08-26 16:22:46,962 - INFO - sentinel2.py:78 - 17/28 - S2A_MSIL2A_20200811T092031_R093_T34SFJ_20200814T182708 -> Not Found
2025-08-26 16:22:53,679 - INFO - sentinel2.py:78 - 18/28 - S2A_MSIL2A_20200811T092031_R093_T34SFH_20200814T182702 -> Not Found
2025-08-26 16:23:00,517 - INFO - sentinel2.py:78 - 19/28 - S2A_MSIL2A_20200811T092031_R093_T34SEJ_20200814T182724 -> Not Found
2025-08-26 16:23:08,063 - INFO - sentinel2.py:78 - 20/28 - S2A_MSIL2A_20200811T092031_R093_T34SEH_20200814T182623 -> Not Found
2025-08-26 16:23:15,549 - INFO - sentinel2.py:78 - 21/28 - S2B_MSIL2A_20200806T092029_R093_T34SFJ_20200815T062515 -> Not Found
2025-08-26 16:23:22,547 - INFO - sentinel2.py:78 - 22/28 - S2B_MSIL2A_20200806T092029_R093_T34SFH_20200815T062515 -> Not Found
2025-08-26 16:23:30,510 - INFO - sentinel2.py:78 - 23/28 - S2B_MSIL2A_20200806T092029_R093_T34SEJ_20200815T062507 -> Not Found
2025-08-26 16:23:37,389 - INFO - sentinel2.py:78 - 24/28 - S2B_MSIL2A_20200806T092029_R093_T34SEH_20200815T062513 -> Not Found
2025-08-26 16:23:46,369 - INFO - sentinel2.py:78 - 25/28 - S2A_MSIL2A_20200801T092031_R093_T34SFJ_20200815T172459 -> Not Found
2025-08-26 16:23:54,002 - INFO - sentinel2.py:78 - 26/28 - S2A_MSIL2A_20200801T092031_R093_T34SFH_20200815T172501 -> Not Found
2025-08-26 16:24:01,607 - INFO - sentinel2.py:78 - 27/28 - S2A_MSIL2A_20200801T092031_R093_T34SEJ_20200815T172459 -> Not Found
2025-08-26 16:24:09,270 - INFO - sentinel2.py:78 - 28/28 - S2A_MSIL2A_20200801T092031_R093_T34SEH_20200815T172459 -> Not Found
2025-08-26 16:24:09,335 - INFO - composites.py:250 -                                  
2025-08-26 16:24:09,335 - INFO - composites.py:251 - 0/28 were refined by GRI.
2025-08-26 16:24:09,335 - WARNING - composites.py:255 - Tile x09_y11 | Time: 2020-08: All scenes are flagged NOT REFINED.
2025-08-26 16:24:09,335 - WARNING - composites.py:256 - Tile x09_y11 | Time: 2020-08: The composite will be flagged with _NOREFINED.
2025-08-26 16:24:09,335 - INFO - composites.py:263 - Looking for up to 10 cleanest images within spatiotemporal range of each MGRS tile
2025-08-26 16:24:09,335 - INFO - composites.py:277 - Filtered cleanest scenes: Kept 28 out of 28 items. 
2025-08-26 16:24:09,335 - INFO - composites.py:278 -         Included MGRS Tiles: ['34SEH' '34SEJ' '34SFH' '34SFJ']
2025-08-26 16:24:09,337 - INFO - composites.py:279 -         Included EPSG codes: [32634]
2025-08-26 16:24:09,337 - INFO - composites.py:281 - Selected scenes:
2025-08-26 16:24:09,347 - INFO - composites.py:283 -         S2A_MSIL2A_20200831T092031_R093_T34SEH_20200907T201642
2025-08-26 16:24:09,352 - INFO - composites.py:283 -         S2A_MSIL2A_20200821T092031_R093_T34SEH_20200822T221735
2025-08-26 16:24:09,356 - INFO - composites.py:283 -         S2B_MSIL2A_20200816T092029_R093_T34SEH_20200818T141212
2025-08-26 16:24:09,357 - INFO - composites.py:283 -         S2A_MSIL2A_20200801T092031_R093_T34SEH_20200815T172459
2025-08-26 16:24:09,358 - INFO - composites.py:283 -         S2B_MSIL2A_20200826T092029_R093_T34SEH_20200827T215852
2025-08-26 16:24:09,358 - INFO - composites.py:283 -         S2A_MSIL2A_20200811T092031_R093_T34SEH_20200814T182623
2025-08-26 16:24:09,358 - INFO - composites.py:283 -         S2B_MSIL2A_20200806T092029_R093_T34SEH_20200815T062513
2025-08-26 16:24:09,358 - INFO - composites.py:283 -         S2A_MSIL2A_20200831T092031_R093_T34SEJ_20200907T201726
2025-08-26 16:24:09,358 - INFO - composites.py:283 -         S2A_MSIL2A_20200821T092031_R093_T34SEJ_20200908T172930
2025-08-26 16:24:09,358 - INFO - composites.py:283 -         S2B_MSIL2A_20200816T092029_R093_T34SEJ_20200818T141201
2025-08-26 16:24:09,358 - INFO - composites.py:283 -         S2B_MSIL2A_20200826T092029_R093_T34SEJ_20200827T215838
2025-08-26 16:24:09,358 - INFO - composites.py:283 -         S2A_MSIL2A_20200801T092031_R093_T34SEJ_20200815T172459
2025-08-26 16:24:09,358 - INFO - composites.py:283 -         S2A_MSIL2A_20200811T092031_R093_T34SEJ_20200814T182724
2025-08-26 16:24:09,358 - INFO - composites.py:283 -         S2B_MSIL2A_20200806T092029_R093_T34SEJ_20200815T062507
2025-08-26 16:24:09,358 - INFO - composites.py:283 -         S2A_MSIL2A_20200831T092031_R093_T34SFH_20200907T201708
2025-08-26 16:24:09,358 - INFO - composites.py:283 -         S2B_MSIL2A_20200816T092029_R093_T34SFH_20200908T173007
2025-08-26 16:24:09,358 - INFO - composites.py:283 -         S2A_MSIL2A_20200821T092031_R093_T34SFH_20200908T173006
2025-08-26 16:24:09,358 - INFO - composites.py:283 -         S2A_MSIL2A_20200811T092031_R093_T34SFH_20200814T182702
2025-08-26 16:24:09,358 - INFO - composites.py:283 -         S2B_MSIL2A_20200826T092029_R093_T34SFH_20200919T033155
2025-08-26 16:24:09,358 - INFO - composites.py:283 -         S2B_MSIL2A_20200806T092029_R093_T34SFH_20200815T062515
2025-08-26 16:24:09,358 - INFO - composites.py:283 -         S2A_MSIL2A_20200801T092031_R093_T34SFH_20200815T172501
2025-08-26 16:24:09,358 - INFO - composites.py:283 -         S2A_MSIL2A_20200831T092031_R093_T34SFJ_20200919T033200
2025-08-26 16:24:09,358 - INFO - composites.py:283 -         S2B_MSIL2A_20200826T092029_R093_T34SFJ_20200827T215854
2025-08-26 16:24:09,358 - INFO - composites.py:283 -         S2A_MSIL2A_20200811T092031_R093_T34SFJ_20200814T182708
2025-08-26 16:24:09,358 - INFO - composites.py:283 -         S2A_MSIL2A_20200821T092031_R093_T34SFJ_20200822T221723
2025-08-26 16:24:09,358 - INFO - composites.py:283 -         S2B_MSIL2A_20200816T092029_R093_T34SFJ_20200818T141216
2025-08-26 16:24:09,358 - INFO - composites.py:283 -         S2A_MSIL2A_20200801T092031_R093_T34SFJ_20200815T172459
2025-08-26 16:24:09,358 - INFO - composites.py:283 -         S2B_MSIL2A_20200806T092029_R093_T34SFJ_20200815T062515
2025-08-26 16:24:09,800 - INFO - sentinel2.py:154 - Matplotlib backend: Agg
2025-08-26 16:24:10,040 - INFO - sentinel2.py:224 - Write input scenes footprint overlay: //nas-rs.topo.auth.gr/Latomeia/DROUGHT/composites/x09/y11/2020/08/01/S2L2A_medcomp_x09y11_202008_InDataFootprint.jpeg
2025-08-26 16:24:10,347 - INFO - composites.py:297 -                                  
2025-08-26 16:24:10,347 - INFO - composites.py:298 - Downstream STAC items from Planetary Computer
2025-08-26 16:24:10,349 - INFO - timeseries_processing.py:115 -                                  
2025-08-26 16:24:10,349 - INFO - timeseries_processing.py:116 - Loading bands of diferent resolutions in EPSG:32634
2025-08-26 16:24:10,349 - INFO - timeseries_processing.py:120 -     Filtering items with native UTM EPSG:32634
2025-08-26 16:24:10,349 - INFO - timeseries_processing.py:122 -     28 Items in EPSG:32634
2025-08-26 16:24:10,349 - INFO - timeseries_processing.py:129 -                        
2025-08-26 16:24:10,349 - INFO - timeseries_processing.py:130 -     Loading parameters:
2025-08-26 16:24:10,349 - INFO - timeseries_processing.py:131 -         Bands: ['B05', 'B07', 'B8A', 'SCL']
2025-08-26 16:24:10,349 - INFO - timeseries_processing.py:132 -         Spatial resolution: 20
2025-08-26 16:24:10,349 - INFO - timeseries_processing.py:134 -         Get Assets from STAC Items
2025-08-26 16:24:10,349 - INFO - timeseries_processing.py:47 -         Initialize the STAC client
2025-08-26 16:24:10,998 - INFO - timeseries_processing.py:137 -         Loading 28 STAC Items....
2025-08-26 16:25:48,955 - INFO - timeseries_processing.py:146 -         Cube has been downloaded
2025-08-26 16:25:48,956 - INFO - timeseries_processing.py:156 -         Fix order of dimensions
2025-08-26 16:25:48,957 - INFO - timeseries_processing.py:161 -         Append bands to the band-list of EPSG:32634
2025-08-26 16:25:48,957 - INFO - timeseries_processing.py:129 -                        
2025-08-26 16:25:48,959 - INFO - timeseries_processing.py:130 -     Loading parameters:
2025-08-26 16:25:48,959 - INFO - timeseries_processing.py:131 -         Bands: ['B02', 'B03', 'B04']
2025-08-26 16:25:48,959 - INFO - timeseries_processing.py:132 -         Spatial resolution: 10
2025-08-26 16:25:48,959 - INFO - timeseries_processing.py:134 -         Get Assets from STAC Items
2025-08-26 16:25:48,959 - INFO - timeseries_processing.py:47 -         Initialize the STAC client
2025-08-26 16:25:51,856 - INFO - timeseries_processing.py:137 -         Loading 28 STAC Items....
2025-08-26 16:28:26,853 - INFO - timeseries_processing.py:146 -         Cube has been downloaded
2025-08-26 16:28:26,853 - INFO - timeseries_processing.py:149 -         Reproject to downsample 10m bands to 20m by Resampling.average 2x2 binning and shape matching with odc.geo.GeoBox
2025-08-26 16:28:37,650 - INFO - timeseries_processing.py:161 -         Append bands to the band-list of EPSG:32634
2025-08-26 16:28:37,650 - INFO - timeseries_processing.py:165 -                        
2025-08-26 16:28:37,650 - INFO - timeseries_processing.py:166 -     Merging bands in a single dataset
2025-08-26 16:28:37,650 - INFO - timeseries_processing.py:167 -     Ensure all partial datasets are at (x=20, y=-20) resolution
2025-08-26 16:28:37,662 - INFO - timeseries_processing.py:171 -     Clip to the intersection of indexes
2025-08-26 16:28:38,666 - INFO - timeseries_processing.py:180 -     Make a list of bands to merge
2025-08-26 16:28:38,667 - INFO - timeseries_processing.py:184 -     Merge on intersection
2025-08-26 16:28:38,668 - INFO - timeseries_processing.py:192 -     Apply masks on clouds, shadows, thin cirrus, and snow/ice
2025-08-26 16:28:38,668 - INFO - sentinel2.py:122 -                Masking bits: [3, 7, 8, 9, 10, 11]
2025-08-26 16:28:39,502 - INFO - composites.py:307 - Reproject from UTM Zone to Tile geometry -> CRS(EPSG:32634), Resampling.bilinear
2025-08-26 16:28:44,330 - INFO - composites.py:310 -     New shape of datasets: Shape2d(x=2400, y=2400)
2025-08-26 16:28:44,962 - INFO - composites.py:342 - Creating preview plot of input scenes
2025-08-26 16:29:11,724 - INFO - timeseries_processing.py:349 - Saved preview for 'B04' to //nas-rs.topo.auth.gr/Latomeia/DROUGHT/composites/x09/y11/2020/08/01/S2L2A_medcomp_x09y11_202008_InDataPreview.jpeg
2025-08-26 16:29:11,748 - INFO - composites.py:348 - Clip value range
2025-08-26 16:29:13,143 - INFO - composites.py:353 -                           
2025-08-26 16:29:13,143 - INFO - composites.py:354 - Computing spectral indices:
2025-08-26 16:29:13,143 - INFO - composites.py:357 -     EVI...
2025-08-26 16:29:13,983 - INFO - composites.py:359 -     NDVI...
2025-08-26 16:29:14,345 - INFO - composites.py:361 -     PSRI2...
2025-08-26 16:29:14,529 - INFO - composites.py:364 - Clip to typical value range
2025-08-26 16:29:14,781 - INFO - composites.py:371 - Reducing to median value temporal composite
2025-08-26 16:29:39,762 - INFO - composites.py:390 - Scale and Define data types & nodata per band
2025-08-26 16:29:39,919 - INFO - composites.py:411 - Assign time range and tile ID in metadata
2025-08-26 16:29:39,919 - INFO - composites.py:419 - Write bands to raster COG files
2025-08-26 16:29:44,047 - INFO - composites.py:432 - Write B02 -> //nas-rs.topo.auth.gr/Latomeia/DROUGHT/composites/x09/y11/2020/08/01/S2L2A_medcomp_x09y11_202008_B02.tif
2025-08-26 16:29:47,952 - INFO - composites.py:432 - Write B03 -> //nas-rs.topo.auth.gr/Latomeia/DROUGHT/composites/x09/y11/2020/08/01/S2L2A_medcomp_x09y11_202008_B03.tif
2025-08-26 16:29:51,902 - INFO - composites.py:432 - Write B04 -> //nas-rs.topo.auth.gr/Latomeia/DROUGHT/composites/x09/y11/2020/08/01/S2L2A_medcomp_x09y11_202008_B04.tif
2025-08-26 16:29:55,837 - INFO - composites.py:432 - Write B05 -> //nas-rs.topo.auth.gr/Latomeia/DROUGHT/composites/x09/y11/2020/08/01/S2L2A_medcomp_x09y11_202008_B05.tif
2025-08-26 16:29:59,728 - INFO - composites.py:432 - Write B07 -> //nas-rs.topo.auth.gr/Latomeia/DROUGHT/composites/x09/y11/2020/08/01/S2L2A_medcomp_x09y11_202008_B07.tif
2025-08-26 16:30:03,608 - INFO - composites.py:432 - Write B8A -> //nas-rs.topo.auth.gr/Latomeia/DROUGHT/composites/x09/y11/2020/08/01/S2L2A_medcomp_x09y11_202008_B8A.tif
2025-08-26 16:30:07,453 - INFO - composites.py:432 - Write EVI -> //nas-rs.topo.auth.gr/Latomeia/DROUGHT/composites/x09/y11/2020/08/01/S2L2A_medcomp_x09y11_202008_EVI.tif
2025-08-26 16:30:11,359 - INFO - composites.py:432 - Write NDVI -> //nas-rs.topo.auth.gr/Latomeia/DROUGHT/composites/x09/y11/2020/08/01/S2L2A_medcomp_x09y11_202008_NDVI.tif
2025-08-26 16:30:15,151 - INFO - composites.py:432 - Write PSRI2 -> //nas-rs.topo.auth.gr/Latomeia/DROUGHT/composites/x09/y11/2020/08/01/S2L2A_medcomp_x09y11_202008_PSRI2.tif
2025-08-26 16:30:15,151 - INFO - composites.py:436 - Prepare metadata YAML document
2025-08-26 16:30:15,639 - INFO - composites.py:458 - Write metadata YAML document to disk
2025-08-26 16:30:15,680 - INFO - composites.py:463 - Create datacube.model.Dataset from eo3 metadata
2025-08-26 16:30:15,691 - INFO - composites.py:474 - Index to datacube
2025-08-26 16:30:15,691 - INFO - _datasets.py:191 - Indexing 5f755c2f-4266-45db-b3bb-f7231f649c55
2025-08-26 16:30:15,698 - INFO - composites.py:477 - 
2025-08-26 16:30:15,698 - INFO - composites.py:478 -              ✔✔✔ COMPLETED: Tile x09_y11 | Time: 2020-08 | In 9.82 minutes
2025-08-26 16:30:15,698 - INFO - composites.py:479 - 
2025-08-26 16:30:15,698 - INFO - composites.py:487 - Closing Dask client
2025-08-26 16:30:15,723 - INFO - composites.py:491 - Closing Dask cluster
2025-08-26 16:30:15,723 - INFO - composites.py:492 - #######################################################################
