2025-08-27 00:21:05,066 - INFO - composites.py:102 - #######################################################################
2025-08-27 00:21:05,066 - INFO - composites.py:104 - Processing started
2025-08-27 00:21:05,066 - INFO - composites.py:105 -         Tile: x12_y11
2025-08-27 00:21:05,066 - INFO - composites.py:106 -         Time: 2020-12
2025-08-27 00:21:05,066 - INFO - composites.py:109 -                           
2025-08-27 00:21:05,066 - INFO - composites.py:110 - Establishing connection to datacube
2025-08-27 00:21:05,631 - INFO - composites.py:113 -                           
2025-08-27 00:21:05,631 - INFO - composites.py:114 - Sanity test: Check if dataset already exists in the datacube
2025-08-27 00:21:05,650 - INFO - composites.py:133 - The composite requested was not found and it will be computed
2025-08-27 00:21:05,650 - INFO - composites.py:136 -                                  
2025-08-27 00:21:05,650 - INFO - composites.py:137 - Initializing Dask cluster for parallelization
2025-08-27 00:21:10,503 - INFO - composites.py:161 - Dask dashboard is available at: http://127.0.0.1:8787/status
2025-08-27 00:21:10,503 - INFO - composites.py:164 - Create directories and naming conversions
2025-08-27 00:21:10,513 - INFO - composites.py:177 - Dataset location: //nas-rs.topo.auth.gr/Latomeia/DROUGHT/composites/x12/y11/2020/12/01
2025-08-27 00:21:10,515 - INFO - composites.py:180 -                           
2025-08-27 00:21:10,515 - INFO - composites.py:181 - Retrieve tile geometry
2025-08-27 00:21:10,543 - INFO - composites.py:192 - Create the Bounding Box (φ,λ)
2025-08-27 00:21:10,543 - INFO - composites.py:198 - Create the Bounding Box (x,y)
2025-08-27 00:21:10,543 - INFO - composites.py:211 -                           
2025-08-27 00:21:10,543 - INFO - composites.py:212 - Connect to Planetary Computer STAC Catalog
2025-08-27 00:21:10,787 - INFO - composites.py:220 - Search the STAC Catalog
2025-08-27 00:21:10,857 - INFO - composites.py:232 -         Query parameters:
2025-08-27 00:21:10,857 - INFO - composites.py:233 -             url:          https://planetarycomputer.microsoft.com/api/stac/v1/search
2025-08-27 00:21:10,857 - INFO - composites.py:234 -             client:       microsoft-pc
2025-08-27 00:21:10,857 - INFO - composites.py:235 -             collection:   sentinel-2-l2a
2025-08-27 00:21:10,857 - INFO - composites.py:236 -             bbox:         (23.62848359322628, 37.99360926828161, 24.306499279548976, 38.55013763603257)
2025-08-27 00:21:10,857 - INFO - composites.py:237 -             time range:   2020-12-01T00:00:00Z/2020-12-31T23:59:59Z
2025-08-27 00:21:10,857 - INFO - composites.py:238 -             cloud cover:  0% - 70%
2025-08-27 00:21:10,857 - INFO - composites.py:239 -             nodata cover: 0% - 33%
2025-08-27 00:21:10,857 - INFO - composites.py:241 -                           
2025-08-27 00:21:10,857 - INFO - composites.py:242 - Searching...
2025-08-27 00:21:11,277 - INFO - composites.py:245 - Query found 6 items
2025-08-27 00:21:11,278 - INFO - composites.py:247 - Searching for GRI REFINED scenes:
2025-08-27 00:21:16,036 - INFO - sentinel2.py:78 - 1/6 - S2B_MSIL2A_20201231T091309_R050_T35SKC_20210101T055710 -> Not Found
2025-08-27 00:21:21,959 - INFO - sentinel2.py:78 - 2/6 - S2B_MSIL2A_20201231T091309_R050_T34SGH_20201231T231223 -> Not Found
2025-08-27 00:21:28,173 - INFO - sentinel2.py:78 - 3/6 - S2A_MSIL2A_20201216T091401_R050_T35SKC_20201217T035052 -> Not Found
2025-08-27 00:21:35,137 - INFO - sentinel2.py:78 - 4/6 - S2A_MSIL2A_20201216T091401_R050_T34SGH_20201217T034544 -> Not Found
2025-08-27 00:21:40,362 - INFO - sentinel2.py:78 - 5/6 - S2A_MSIL2A_20201206T091351_R050_T35SKC_20201220T043022 -> Not Found
2025-08-27 00:21:46,031 - INFO - sentinel2.py:78 - 6/6 - S2A_MSIL2A_20201206T091351_R050_T34SGH_20201207T083313 -> Not Found
2025-08-27 00:21:46,075 - INFO - composites.py:250 -                                  
2025-08-27 00:21:46,076 - INFO - composites.py:251 - 0/6 were refined by GRI.
2025-08-27 00:21:46,076 - WARNING - composites.py:255 - Tile x12_y11 | Time: 2020-12: All scenes are flagged NOT REFINED.
2025-08-27 00:21:46,076 - WARNING - composites.py:256 - Tile x12_y11 | Time: 2020-12: The composite will be flagged with _NOREFINED.
2025-08-27 00:21:46,077 - INFO - composites.py:263 - Looking for up to 10 cleanest images within spatiotemporal range of each MGRS tile
2025-08-27 00:21:46,077 - INFO - composites.py:277 - Filtered cleanest scenes: Kept 6 out of 6 items. 
2025-08-27 00:21:46,083 - INFO - composites.py:278 -         Included MGRS Tiles: ['34SGH' '35SKC']
2025-08-27 00:21:46,097 - INFO - composites.py:279 -         Included EPSG codes: [32634 32635]
2025-08-27 00:21:46,097 - INFO - composites.py:281 - Selected scenes:
2025-08-27 00:21:46,102 - INFO - composites.py:283 -         S2A_MSIL2A_20201206T091351_R050_T34SGH_20201207T083313
2025-08-27 00:21:46,107 - INFO - composites.py:283 -         S2A_MSIL2A_20201216T091401_R050_T34SGH_20201217T034544
2025-08-27 00:21:46,108 - INFO - composites.py:283 -         S2B_MSIL2A_20201231T091309_R050_T34SGH_20201231T231223
2025-08-27 00:21:46,108 - INFO - composites.py:283 -         S2A_MSIL2A_20201206T091351_R050_T35SKC_20201220T043022
2025-08-27 00:21:46,108 - INFO - composites.py:283 -         S2A_MSIL2A_20201216T091401_R050_T35SKC_20201217T035052
2025-08-27 00:21:46,108 - INFO - composites.py:283 -         S2B_MSIL2A_20201231T091309_R050_T35SKC_20210101T055710
2025-08-27 00:21:46,445 - INFO - sentinel2.py:154 - Matplotlib backend: Agg
2025-08-27 00:21:46,637 - INFO - sentinel2.py:224 - Write input scenes footprint overlay: //nas-rs.topo.auth.gr/Latomeia/DROUGHT/composites/x12/y11/2020/12/01/S2L2A_medcomp_x12y11_202012_InDataFootprint.jpeg
2025-08-27 00:21:46,846 - INFO - composites.py:297 -                                  
2025-08-27 00:21:46,846 - INFO - composites.py:298 - Downstream STAC items from Planetary Computer
2025-08-27 00:21:46,846 - INFO - timeseries_processing.py:115 -                                  
2025-08-27 00:21:46,846 - INFO - timeseries_processing.py:116 - Loading bands of diferent resolutions in EPSG:32634
2025-08-27 00:21:46,846 - INFO - timeseries_processing.py:120 -     Filtering items with native UTM EPSG:32634
2025-08-27 00:21:46,846 - INFO - timeseries_processing.py:122 -     3 Items in EPSG:32634
2025-08-27 00:21:46,846 - INFO - timeseries_processing.py:129 -                        
2025-08-27 00:21:46,846 - INFO - timeseries_processing.py:130 -     Loading parameters:
2025-08-27 00:21:46,847 - INFO - timeseries_processing.py:131 -         Bands: ['B05', 'B07', 'B8A', 'SCL']
2025-08-27 00:21:46,847 - INFO - timeseries_processing.py:132 -         Spatial resolution: 20
2025-08-27 00:21:46,847 - INFO - timeseries_processing.py:134 -         Get Assets from STAC Items
2025-08-27 00:21:46,847 - INFO - timeseries_processing.py:47 -         Initialize the STAC client
2025-08-27 00:21:47,299 - INFO - timeseries_processing.py:137 -         Loading 3 STAC Items....
2025-08-27 00:22:13,406 - INFO - timeseries_processing.py:146 -         Cube has been downloaded
2025-08-27 00:22:13,407 - INFO - timeseries_processing.py:156 -         Fix order of dimensions
2025-08-27 00:22:13,408 - INFO - timeseries_processing.py:161 -         Append bands to the band-list of EPSG:32634
2025-08-27 00:22:13,408 - INFO - timeseries_processing.py:129 -                        
2025-08-27 00:22:13,408 - INFO - timeseries_processing.py:130 -     Loading parameters:
2025-08-27 00:22:13,408 - INFO - timeseries_processing.py:131 -         Bands: ['B02', 'B03', 'B04']
2025-08-27 00:22:13,408 - INFO - timeseries_processing.py:132 -         Spatial resolution: 10
2025-08-27 00:22:13,408 - INFO - timeseries_processing.py:134 -         Get Assets from STAC Items
2025-08-27 00:22:13,409 - INFO - timeseries_processing.py:47 -         Initialize the STAC client
2025-08-27 00:22:13,948 - INFO - timeseries_processing.py:137 -         Loading 3 STAC Items....
2025-08-27 00:23:13,399 - INFO - timeseries_processing.py:146 -         Cube has been downloaded
2025-08-27 00:23:13,399 - INFO - timeseries_processing.py:149 -         Reproject to downsample 10m bands to 20m by Resampling.average 2x2 binning and shape matching with odc.geo.GeoBox
2025-08-27 00:23:18,422 - INFO - timeseries_processing.py:161 -         Append bands to the band-list of EPSG:32634
2025-08-27 00:23:18,422 - INFO - timeseries_processing.py:165 -                        
2025-08-27 00:23:18,422 - INFO - timeseries_processing.py:166 -     Merging bands in a single dataset
2025-08-27 00:23:18,422 - INFO - timeseries_processing.py:167 -     Ensure all partial datasets are at (x=20, y=-20) resolution
2025-08-27 00:23:18,422 - INFO - timeseries_processing.py:171 -     Clip to the intersection of indexes
2025-08-27 00:23:19,411 - INFO - timeseries_processing.py:180 -     Make a list of bands to merge
2025-08-27 00:23:19,413 - INFO - timeseries_processing.py:184 -     Merge on intersection
2025-08-27 00:23:19,414 - INFO - timeseries_processing.py:192 -     Apply masks on clouds, shadows, thin cirrus, and snow/ice
2025-08-27 00:23:19,414 - INFO - sentinel2.py:122 -                Masking bits: [3, 7, 8, 9, 10, 11]
2025-08-27 00:23:19,803 - INFO - timeseries_processing.py:115 -                                  
2025-08-27 00:23:19,804 - INFO - timeseries_processing.py:116 - Loading bands of diferent resolutions in EPSG:32635
2025-08-27 00:23:19,804 - INFO - timeseries_processing.py:120 -     Filtering items with native UTM EPSG:32635
2025-08-27 00:23:19,804 - INFO - timeseries_processing.py:122 -     3 Items in EPSG:32635
2025-08-27 00:23:19,804 - INFO - timeseries_processing.py:129 -                        
2025-08-27 00:23:19,804 - INFO - timeseries_processing.py:130 -     Loading parameters:
2025-08-27 00:23:19,804 - INFO - timeseries_processing.py:131 -         Bands: ['B05', 'B07', 'B8A', 'SCL']
2025-08-27 00:23:19,804 - INFO - timeseries_processing.py:132 -         Spatial resolution: 20
2025-08-27 00:23:19,804 - INFO - timeseries_processing.py:134 -         Get Assets from STAC Items
2025-08-27 00:23:19,804 - INFO - timeseries_processing.py:47 -         Initialize the STAC client
2025-08-27 00:23:22,248 - INFO - timeseries_processing.py:137 -         Loading 3 STAC Items....
2025-08-27 00:23:49,210 - INFO - timeseries_processing.py:146 -         Cube has been downloaded
2025-08-27 00:23:49,211 - INFO - timeseries_processing.py:156 -         Fix order of dimensions
2025-08-27 00:23:49,212 - INFO - timeseries_processing.py:161 -         Append bands to the band-list of EPSG:32635
2025-08-27 00:23:49,212 - INFO - timeseries_processing.py:129 -                        
2025-08-27 00:23:49,212 - INFO - timeseries_processing.py:130 -     Loading parameters:
2025-08-27 00:23:49,213 - INFO - timeseries_processing.py:131 -         Bands: ['B02', 'B03', 'B04']
2025-08-27 00:23:49,213 - INFO - timeseries_processing.py:132 -         Spatial resolution: 10
2025-08-27 00:23:49,213 - INFO - timeseries_processing.py:134 -         Get Assets from STAC Items
2025-08-27 00:23:49,213 - INFO - timeseries_processing.py:47 -         Initialize the STAC client
2025-08-27 00:23:49,700 - INFO - timeseries_processing.py:137 -         Loading 3 STAC Items....
2025-08-27 00:24:51,169 - INFO - timeseries_processing.py:146 -         Cube has been downloaded
2025-08-27 00:24:51,169 - INFO - timeseries_processing.py:149 -         Reproject to downsample 10m bands to 20m by Resampling.average 2x2 binning and shape matching with odc.geo.GeoBox
2025-08-27 00:24:55,919 - INFO - timeseries_processing.py:161 -         Append bands to the band-list of EPSG:32635
2025-08-27 00:24:55,919 - INFO - timeseries_processing.py:165 -                        
2025-08-27 00:24:55,919 - INFO - timeseries_processing.py:166 -     Merging bands in a single dataset
2025-08-27 00:24:55,919 - INFO - timeseries_processing.py:167 -     Ensure all partial datasets are at (x=20, y=-20) resolution
2025-08-27 00:24:55,919 - INFO - timeseries_processing.py:171 -     Clip to the intersection of indexes
2025-08-27 00:24:55,920 - INFO - timeseries_processing.py:180 -     Make a list of bands to merge
2025-08-27 00:24:55,922 - INFO - timeseries_processing.py:184 -     Merge on intersection
2025-08-27 00:24:55,922 - INFO - timeseries_processing.py:192 -     Apply masks on clouds, shadows, thin cirrus, and snow/ice
2025-08-27 00:24:55,922 - INFO - sentinel2.py:122 -                Masking bits: [3, 7, 8, 9, 10, 11]
2025-08-27 00:24:56,346 - INFO - composites.py:307 - Reproject from UTM Zone to Tile geometry -> CRS(EPSG:32635), Resampling.bilinear
2025-08-27 00:25:00,524 - INFO - composites.py:310 -     New shape of datasets: Shape2d(x=2400, y=2400)
2025-08-27 00:25:00,695 - INFO - composites.py:315 -                           
2025-08-27 00:25:00,696 - INFO - composites.py:316 - Mosaic datasets to a single dataset
2025-08-27 00:25:03,427 - INFO - composites.py:342 - Creating preview plot of input scenes
2025-08-27 00:25:22,007 - INFO - timeseries_processing.py:349 - Saved preview for 'B04' to //nas-rs.topo.auth.gr/Latomeia/DROUGHT/composites/x12/y11/2020/12/01/S2L2A_medcomp_x12y11_202012_InDataPreview.jpeg
2025-08-27 00:25:22,015 - INFO - composites.py:348 - Clip value range
2025-08-27 00:25:22,649 - INFO - composites.py:353 -                           
2025-08-27 00:25:22,650 - INFO - composites.py:354 - Computing spectral indices:
2025-08-27 00:25:22,650 - INFO - composites.py:357 -     EVI...
2025-08-27 00:25:23,079 - INFO - composites.py:359 -     NDVI...
2025-08-27 00:25:23,203 - INFO - composites.py:361 -     PSRI2...
2025-08-27 00:25:23,295 - INFO - composites.py:364 - Clip to typical value range
2025-08-27 00:25:23,427 - INFO - composites.py:371 - Reducing to median value temporal composite
2025-08-27 00:25:43,685 - INFO - composites.py:390 - Scale and Define data types & nodata per band
2025-08-27 00:25:43,793 - INFO - composites.py:411 - Assign time range and tile ID in metadata
2025-08-27 00:25:43,793 - INFO - composites.py:419 - Write bands to raster COG files
2025-08-27 00:25:48,463 - INFO - composites.py:432 - Write B02 -> //nas-rs.topo.auth.gr/Latomeia/DROUGHT/composites/x12/y11/2020/12/01/S2L2A_medcomp_x12y11_202012_B02.tif
2025-08-27 00:25:52,368 - INFO - composites.py:432 - Write B03 -> //nas-rs.topo.auth.gr/Latomeia/DROUGHT/composites/x12/y11/2020/12/01/S2L2A_medcomp_x12y11_202012_B03.tif
2025-08-27 00:25:56,214 - INFO - composites.py:432 - Write B04 -> //nas-rs.topo.auth.gr/Latomeia/DROUGHT/composites/x12/y11/2020/12/01/S2L2A_medcomp_x12y11_202012_B04.tif
2025-08-27 00:26:00,069 - INFO - composites.py:432 - Write B05 -> //nas-rs.topo.auth.gr/Latomeia/DROUGHT/composites/x12/y11/2020/12/01/S2L2A_medcomp_x12y11_202012_B05.tif
2025-08-27 00:26:04,322 - INFO - composites.py:432 - Write B07 -> //nas-rs.topo.auth.gr/Latomeia/DROUGHT/composites/x12/y11/2020/12/01/S2L2A_medcomp_x12y11_202012_B07.tif
2025-08-27 00:26:08,180 - INFO - composites.py:432 - Write B8A -> //nas-rs.topo.auth.gr/Latomeia/DROUGHT/composites/x12/y11/2020/12/01/S2L2A_medcomp_x12y11_202012_B8A.tif
2025-08-27 00:26:11,970 - INFO - composites.py:432 - Write EVI -> //nas-rs.topo.auth.gr/Latomeia/DROUGHT/composites/x12/y11/2020/12/01/S2L2A_medcomp_x12y11_202012_EVI.tif
2025-08-27 00:26:15,809 - INFO - composites.py:432 - Write NDVI -> //nas-rs.topo.auth.gr/Latomeia/DROUGHT/composites/x12/y11/2020/12/01/S2L2A_medcomp_x12y11_202012_NDVI.tif
2025-08-27 00:26:19,705 - INFO - composites.py:432 - Write PSRI2 -> //nas-rs.topo.auth.gr/Latomeia/DROUGHT/composites/x12/y11/2020/12/01/S2L2A_medcomp_x12y11_202012_PSRI2.tif
2025-08-27 00:26:19,705 - INFO - composites.py:436 - Prepare metadata YAML document
2025-08-27 00:26:20,179 - INFO - composites.py:458 - Write metadata YAML document to disk
2025-08-27 00:26:20,217 - INFO - composites.py:463 - Create datacube.model.Dataset from eo3 metadata
2025-08-27 00:26:20,228 - INFO - composites.py:474 - Index to datacube
2025-08-27 00:26:20,228 - INFO - _datasets.py:191 - Indexing fe3c700b-a1e1-40fd-a7de-719b6e5ac884
2025-08-27 00:26:20,236 - INFO - composites.py:477 - 
2025-08-27 00:26:20,236 - INFO - composites.py:478 -              ✔✔✔ COMPLETED: Tile x12_y11 | Time: 2020-12 | In 5.25 minutes
2025-08-27 00:26:20,236 - INFO - composites.py:479 - 
2025-08-27 00:26:20,236 - INFO - composites.py:487 - Closing Dask client
2025-08-27 00:26:20,239 - INFO - composites.py:491 - Closing Dask cluster
2025-08-27 00:26:20,239 - INFO - composites.py:492 - #######################################################################
