2025-08-17 18:16:14,770 - INFO - composites.py:104 - #######################################################################
2025-08-17 18:16:14,770 - INFO - composites.py:106 - Processing started
2025-08-17 18:16:14,770 - INFO - composites.py:107 -         Tile: x10_y11
2025-08-17 18:16:14,770 - INFO - composites.py:108 -         Time: 2020-02
2025-08-17 18:16:14,770 - INFO - composites.py:111 -                           
2025-08-17 18:16:14,770 - INFO - composites.py:112 - Establishing connection to datacube
2025-08-17 18:16:15,457 - INFO - composites.py:115 -                           
2025-08-17 18:16:15,458 - INFO - composites.py:116 - Sanity test: Check if dataset already exists in the datacube
2025-08-17 18:16:15,478 - INFO - composites.py:134 - The composite requested will be computed
2025-08-17 18:16:15,478 - INFO - composites.py:137 -                                  
2025-08-17 18:16:15,478 - INFO - composites.py:138 - Initializing Dask cluster for parallelization
2025-08-17 18:16:21,627 - INFO - composites.py:170 - Dask dashboard is available at: http://127.0.0.1:8787/status
2025-08-17 18:16:21,627 - INFO - composites.py:173 - Create directories and naming conversions
2025-08-17 18:16:21,632 - INFO - composites.py:184 - Dataset location: //nas-rs.topo.auth.gr/Latomeia/DROUGHT/COMPOS/2020/02/x10_y11
2025-08-17 18:16:21,633 - INFO - composites.py:187 -                           
2025-08-17 18:16:21,633 - INFO - composites.py:188 - Retrieve tile geometry
2025-08-17 18:16:21,678 - INFO - composites.py:199 - Create the Bounding Box (φ,λ)
2025-08-17 18:16:21,678 - INFO - composites.py:205 - Create the Bounding Box (x,y)
2025-08-17 18:16:21,679 - INFO - composites.py:218 -                           
2025-08-17 18:16:21,679 - INFO - composites.py:219 - Connect to Planetary Computer STAC Catalog
2025-08-17 18:16:22,493 - INFO - composites.py:227 - Search the STAC Catalog
2025-08-17 18:16:22,577 - INFO - composites.py:239 -         Query parameters:
2025-08-17 18:16:22,577 - INFO - composites.py:240 -             url:          https://planetarycomputer.microsoft.com/api/stac/v1/search
2025-08-17 18:16:22,577 - INFO - composites.py:241 -             client:       microsoft-pc
2025-08-17 18:16:22,577 - INFO - composites.py:242 -             collection:   sentinel-2-l2a
2025-08-17 18:16:22,577 - INFO - composites.py:243 -             bbox:         (22.551510740438168, 38.148576547644886, 23.225099953185694, 38.70016385760693)
2025-08-17 18:16:22,577 - INFO - composites.py:244 -             time range:   2020-02-01T00:00:00Z/2020-02-29T23:59:59Z
2025-08-17 18:16:22,577 - INFO - composites.py:245 -             cloud cover:  0% - 70%
2025-08-17 18:16:22,577 - INFO - composites.py:246 -             nodata cover: 0% - 33%
2025-08-17 18:16:22,577 - INFO - composites.py:248 -                           
2025-08-17 18:16:22,577 - INFO - composites.py:249 - Searching...
2025-08-17 18:16:23,004 - INFO - composites.py:252 - Query found 6 items
2025-08-17 18:16:23,004 - INFO - composites.py:254 - Searching for GRI REFINED scenes:
2025-08-17 18:16:26,594 - INFO - sentinel2.py:63 - 1/6 - S2B_MSIL2A_20200228T092029_R093_T34SFH_20200929T011219 -> Not Found
2025-08-17 18:16:29,323 - INFO - sentinel2.py:63 - 2/6 - S2A_MSIL2A_20200223T092021_R093_T34SFH_20200927T221902 -> Not Found
2025-08-17 18:16:32,214 - INFO - sentinel2.py:63 - 3/6 - S2B_MSIL2A_20200218T092029_R093_T34SFH_20200929T210041 -> Not Found
2025-08-17 18:16:35,641 - INFO - sentinel2.py:63 - 4/6 - S2A_MSIL2A_20200213T092101_R093_T34SFH_20201001T210838 -> Not Found
2025-08-17 18:16:38,419 - INFO - sentinel2.py:63 - 5/6 - S2B_MSIL2A_20200208T092039_R093_T34SFH_20201001T095506 -> Not Found
2025-08-17 18:16:41,146 - INFO - sentinel2.py:63 - 6/6 - S2A_MSIL2A_20200203T092201_R093_T34SFH_20200930T150116 -> Not Found
2025-08-17 18:16:41,177 - INFO - composites.py:257 -                                  
2025-08-17 18:16:41,177 - INFO - composites.py:258 - 0/6 were refined by GRI.
2025-08-17 18:16:41,177 - WARNING - composites.py:262 - Tile x10_y11 | Time: 2020-02: All scenes are flagged NOT REFINED.
2025-08-17 18:16:41,177 - WARNING - composites.py:263 - Tile x10_y11 | Time: 2020-02: The composite will be flagged with _NOREFINED.
2025-08-17 18:16:41,178 - INFO - composites.py:270 - Looking for up to 10 cleanest images within spatiotemporal range of each MGRS tile
2025-08-17 18:16:41,179 - INFO - composites.py:284 - Filtered cleanest scenes: Kept 6 out of 6 items. 
2025-08-17 18:16:41,191 - INFO - composites.py:285 -         Included MGRS Tiles: ['34SFH']
2025-08-17 18:16:41,191 - INFO - composites.py:286 -         Included EPSG codes: [32634]
2025-08-17 18:16:41,191 - INFO - composites.py:288 - Selected scenes:
2025-08-17 18:16:41,191 - INFO - composites.py:290 -         S2B_MSIL2A_20200218T092029_R093_T34SFH_20200929T210041
2025-08-17 18:16:41,191 - INFO - composites.py:290 -         S2A_MSIL2A_20200203T092201_R093_T34SFH_20200930T150116
2025-08-17 18:16:41,191 - INFO - composites.py:290 -         S2A_MSIL2A_20200213T092101_R093_T34SFH_20201001T210838
2025-08-17 18:16:41,191 - INFO - composites.py:290 -         S2A_MSIL2A_20200223T092021_R093_T34SFH_20200927T221902
2025-08-17 18:16:41,191 - INFO - composites.py:290 -         S2B_MSIL2A_20200208T092039_R093_T34SFH_20201001T095506
2025-08-17 18:16:41,191 - INFO - composites.py:290 -         S2B_MSIL2A_20200228T092029_R093_T34SFH_20200929T011219
2025-08-17 18:16:41,761 - INFO - sentinel2.py:139 - Matplotlib backend: Agg
2025-08-17 18:16:41,946 - INFO - sentinel2.py:209 - Write input scenes footprint overlay: //nas-rs.topo.auth.gr/Latomeia/DROUGHT/COMPOS/2020/02/x10_y11/S2L2A_medcomp_x10_y11_202002_InDataFootprint.jpeg
2025-08-17 18:16:42,200 - INFO - composites.py:304 -                                  
2025-08-17 18:16:42,201 - INFO - composites.py:305 - Downstream STAC items from Planetary Computer
2025-08-17 18:16:42,201 - INFO - timeseries_processing.py:99 -                                  
2025-08-17 18:16:42,201 - INFO - timeseries_processing.py:100 - Loading bands of diferent resolutions in EPSG:32634
2025-08-17 18:16:42,201 - INFO - timeseries_processing.py:104 -     Filtering items with native UTM EPSG:32634
2025-08-17 18:16:42,201 - INFO - timeseries_processing.py:106 -     6 Items in EPSG:32634
2025-08-17 18:16:42,201 - INFO - timeseries_processing.py:113 -                        
2025-08-17 18:16:42,201 - INFO - timeseries_processing.py:114 -     Loading parameters:
2025-08-17 18:16:42,201 - INFO - timeseries_processing.py:115 -         Bands: ['B05', 'B07', 'B8A', 'SCL']
2025-08-17 18:16:42,201 - INFO - timeseries_processing.py:116 -         Spatial resolution: 20
2025-08-17 18:16:42,201 - INFO - timeseries_processing.py:118 -         Get Assets from STAC Items
2025-08-17 18:16:42,201 - INFO - timeseries_processing.py:31 -         Initialize the STAC client
2025-08-17 18:16:42,703 - INFO - timeseries_processing.py:121 -         Loading 6 STAC Items....
2025-08-17 18:17:21,184 - INFO - timeseries_processing.py:143 -         Cube has been downloaded
2025-08-17 18:17:21,185 - INFO - timeseries_processing.py:152 -         Fix order of dimensions
2025-08-17 18:17:21,186 - INFO - timeseries_processing.py:157 -         Append bands to the band-list of EPSG:32634
2025-08-17 18:17:21,186 - INFO - timeseries_processing.py:113 -                        
2025-08-17 18:17:21,187 - INFO - timeseries_processing.py:114 -     Loading parameters:
2025-08-17 18:17:21,187 - INFO - timeseries_processing.py:115 -         Bands: ['B02', 'B03', 'B04']
2025-08-17 18:17:21,187 - INFO - timeseries_processing.py:116 -         Spatial resolution: 10
2025-08-17 18:17:21,187 - INFO - timeseries_processing.py:118 -         Get Assets from STAC Items
2025-08-17 18:17:21,187 - INFO - timeseries_processing.py:31 -         Initialize the STAC client
2025-08-17 18:17:21,709 - INFO - timeseries_processing.py:121 -         Loading 6 STAC Items....
2025-08-17 18:18:53,578 - INFO - timeseries_processing.py:143 -         Cube has been downloaded
2025-08-17 18:18:53,579 - INFO - timeseries_processing.py:146 -         Downsample 10m bands to 20m by average 2x2 binning
2025-08-17 18:19:02,366 - INFO - timeseries_processing.py:149 -         Warp (reproject) 2x2 binned bands like native 20m bands: method=bilinear
2025-08-17 18:19:10,789 - INFO - timeseries_processing.py:157 -         Append bands to the band-list of EPSG:32634
2025-08-17 18:19:10,789 - INFO - timeseries_processing.py:161 -                        
2025-08-17 18:19:10,789 - INFO - timeseries_processing.py:162 -     Merging bands in a single dataset
2025-08-17 18:19:10,789 - INFO - timeseries_processing.py:163 -     Ensure all partial datasets are at (x=20, y=-20) resolution
2025-08-17 18:19:10,790 - INFO - timeseries_processing.py:167 -     Clip to the intersection of indexes
2025-08-17 18:19:12,163 - INFO - timeseries_processing.py:176 -     Make a list of bands to merge
2025-08-17 18:19:12,164 - INFO - timeseries_processing.py:180 -     Merge on intersection
2025-08-17 18:19:12,165 - INFO - timeseries_processing.py:188 -     Apply masks on clouds, shadows, thin cirrus, and snow/ice
2025-08-17 18:19:12,165 - INFO - sentinel2.py:107 -                Masking bits: [3, 7, 8, 9, 10, 11]
2025-08-17 18:19:13,045 - INFO - timeseries_processing.py:194 -     Reproject to Tiling Schema projection EPSG:3035
2025-08-17 18:19:21,624 - INFO - composites.py:314 - Clip and align to tile geometry
2025-08-17 18:19:24,397 - INFO - composites.py:347 - Creating preview plot of input scenes
2025-08-17 18:19:55,884 - INFO - timeseries_processing.py:352 - Saved preview for 'B04' to //nas-rs.topo.auth.gr/Latomeia/DROUGHT/COMPOS/2020/02/x10_y11/S2L2A_medcomp_x10_y11_202002_InDataPreview.jpeg
2025-08-17 18:19:55,888 - INFO - composites.py:353 - Clip value range
2025-08-17 18:19:57,264 - INFO - composites.py:358 -                           
2025-08-17 18:19:57,265 - INFO - composites.py:359 - Computing spectral indices:
2025-08-17 18:19:57,265 - INFO - composites.py:362 -     EVI...
2025-08-17 18:19:58,121 - INFO - composites.py:364 -     NDVI...
2025-08-17 18:19:58,312 - INFO - composites.py:366 -     PSRI2...
2025-08-17 18:19:58,564 - INFO - composites.py:369 - Clip to typical value range
2025-08-17 18:19:58,889 - INFO - composites.py:376 - Reducing to median value temporal composite
2025-08-17 18:20:27,164 - INFO - composites.py:395 - Define data types and nodata per band
2025-08-17 18:20:27,351 - INFO - composites.py:416 - Assign time range and tile ID in metadata
2025-08-17 18:20:27,352 - INFO - composites.py:424 - Write bands to raster COG files
2025-08-17 18:20:32,025 - INFO - composites.py:437 - Write B02 -> //nas-rs.topo.auth.gr/Latomeia/DROUGHT/COMPOS/2020/02/x10_y11/S2L2A_medcomp_x10_y11_202002_B02.tif
2025-08-17 18:20:36,728 - INFO - composites.py:437 - Write B03 -> //nas-rs.topo.auth.gr/Latomeia/DROUGHT/COMPOS/2020/02/x10_y11/S2L2A_medcomp_x10_y11_202002_B03.tif
2025-08-17 18:20:41,389 - INFO - composites.py:437 - Write B04 -> //nas-rs.topo.auth.gr/Latomeia/DROUGHT/COMPOS/2020/02/x10_y11/S2L2A_medcomp_x10_y11_202002_B04.tif
2025-08-17 18:20:46,153 - INFO - composites.py:437 - Write B05 -> //nas-rs.topo.auth.gr/Latomeia/DROUGHT/COMPOS/2020/02/x10_y11/S2L2A_medcomp_x10_y11_202002_B05.tif
2025-08-17 18:20:50,934 - INFO - composites.py:437 - Write B07 -> //nas-rs.topo.auth.gr/Latomeia/DROUGHT/COMPOS/2020/02/x10_y11/S2L2A_medcomp_x10_y11_202002_B07.tif
2025-08-17 18:20:55,698 - INFO - composites.py:437 - Write B8A -> //nas-rs.topo.auth.gr/Latomeia/DROUGHT/COMPOS/2020/02/x10_y11/S2L2A_medcomp_x10_y11_202002_B8A.tif
2025-08-17 18:21:00,389 - INFO - composites.py:437 - Write EVI -> //nas-rs.topo.auth.gr/Latomeia/DROUGHT/COMPOS/2020/02/x10_y11/S2L2A_medcomp_x10_y11_202002_evi.tif
2025-08-17 18:21:04,978 - INFO - composites.py:437 - Write NDVI -> //nas-rs.topo.auth.gr/Latomeia/DROUGHT/COMPOS/2020/02/x10_y11/S2L2A_medcomp_x10_y11_202002_ndvi.tif
2025-08-17 18:21:09,737 - INFO - composites.py:437 - Write PSRI2 -> //nas-rs.topo.auth.gr/Latomeia/DROUGHT/COMPOS/2020/02/x10_y11/S2L2A_medcomp_x10_y11_202002_psri2.tif
2025-08-17 18:21:09,753 - INFO - composites.py:441 - Prepare metadata YAML document
2025-08-17 18:21:10,505 - INFO - composites.py:462 - Write metadata YAML document to disk
2025-08-17 18:21:10,564 - INFO - composites.py:467 - Create datacube.model.Dataset from eo3 metadata
2025-08-17 18:21:10,577 - INFO - composites.py:477 - Index to datacube
2025-08-17 18:21:10,577 - INFO - _datasets.py:191 - Indexing 4a018a53-50f3-464b-b765-d651cd7a9c7b
2025-08-17 18:21:10,587 - INFO - composites.py:480 - 
2025-08-17 18:21:10,587 - INFO - composites.py:481 -              ✔✔✔ COMPLETED: Tile x10_y11 | Time: 2020-02 | In 4.93 minutes
2025-08-17 18:21:10,587 - INFO - composites.py:482 - 
2025-08-17 18:21:10,587 - INFO - composites.py:490 - Closing Dask client
2025-08-17 18:21:10,590 - INFO - composites.py:494 - Closing Dask cluster
