2025-08-24 21:51:21,466 - INFO - composites.py:102 - #######################################################################
2025-08-24 21:51:21,466 - INFO - composites.py:104 - Processing started
2025-08-24 21:51:21,466 - INFO - composites.py:105 -         Tile: x11_y08
2025-08-24 21:51:21,466 - INFO - composites.py:106 -         Time: 2020-01
2025-08-24 21:51:21,466 - INFO - composites.py:109 -                           
2025-08-24 21:51:21,466 - INFO - composites.py:110 - Establishing connection to datacube
2025-08-24 21:51:21,986 - INFO - composites.py:113 -                           
2025-08-24 21:51:21,989 - INFO - composites.py:114 - Sanity test: Check if dataset already exists in the datacube
2025-08-24 21:51:22,006 - INFO - composites.py:133 - The composite requested was not found and it will be computed
2025-08-24 21:51:22,006 - INFO - composites.py:136 -                                  
2025-08-24 21:51:22,006 - INFO - composites.py:137 - Initializing Dask cluster for parallelization
2025-08-24 21:51:26,907 - INFO - composites.py:161 - Dask dashboard is available at: http://127.0.0.1:8787/status
2025-08-24 21:51:26,907 - INFO - composites.py:164 - Create directories and naming conversions
2025-08-24 21:51:26,917 - INFO - composites.py:175 - Dataset location: //nas-rs.topo.auth.gr/Latomeia/DROUGHT/COMPOS/2020/01/x11_y08
2025-08-24 21:51:26,918 - INFO - composites.py:178 -                           
2025-08-24 21:51:26,918 - INFO - composites.py:179 - Retrieve tile geometry
2025-08-24 21:51:26,946 - INFO - composites.py:190 - Create the Bounding Box (φ,λ)
2025-08-24 21:51:26,946 - INFO - composites.py:196 - Create the Bounding Box (x,y)
2025-08-24 21:51:26,946 - INFO - composites.py:209 -                           
2025-08-24 21:51:26,946 - INFO - composites.py:210 - Connect to Planetary Computer STAC Catalog
2025-08-24 21:51:27,297 - INFO - composites.py:218 - Search the STAC Catalog
2025-08-24 21:51:27,366 - INFO - composites.py:230 -         Query parameters:
2025-08-24 21:51:27,366 - INFO - composites.py:231 -             url:          https://planetarycomputer.microsoft.com/api/stac/v1/search
2025-08-24 21:51:27,366 - INFO - composites.py:232 -             client:       microsoft-pc
2025-08-24 21:51:27,366 - INFO - composites.py:233 -             collection:   sentinel-2-l2a
2025-08-24 21:51:27,366 - INFO - composites.py:234 -             bbox:         (22.845662885042927, 36.78779644280391, 23.507450073915326, 37.34127558081356)
2025-08-24 21:51:27,366 - INFO - composites.py:235 -             time range:   2020-01-01T00:00:00Z/2020-01-31T23:59:59Z
2025-08-24 21:51:27,366 - INFO - composites.py:236 -             cloud cover:  0% - 70%
2025-08-24 21:51:27,366 - INFO - composites.py:237 -             nodata cover: 0% - 33%
2025-08-24 21:51:27,366 - INFO - composites.py:239 -                           
2025-08-24 21:51:27,366 - INFO - composites.py:240 - Searching...
2025-08-24 21:51:27,866 - INFO - composites.py:243 - Query found 24 items
2025-08-24 21:51:27,866 - INFO - composites.py:245 - Searching for GRI REFINED scenes:
2025-08-24 21:51:33,323 - INFO - sentinel2.py:78 - 1/24 - S2A_MSIL2A_20200131T091231_R050_T34SGG_20201002T161005 -> Not Found
2025-08-24 21:51:37,477 - INFO - sentinel2.py:78 - 2/24 - S2A_MSIL2A_20200131T091231_R050_T34SGF_20201002T161006 -> Not Found
2025-08-24 21:51:42,899 - INFO - sentinel2.py:78 - 3/24 - S2A_MSIL2A_20200131T091231_R050_T34SFG_20201002T161004 -> Not Found
2025-08-24 21:51:47,908 - INFO - sentinel2.py:78 - 4/24 - S2A_MSIL2A_20200131T091231_R050_T34SFF_20201002T161004 -> Not Found
2025-08-24 21:51:53,292 - INFO - sentinel2.py:78 - 5/24 - S2B_MSIL2A_20200129T092129_R093_T34SFG_20201002T144807 -> Not Found
2025-08-24 21:51:58,223 - INFO - sentinel2.py:78 - 6/24 - S2B_MSIL2A_20200129T092129_R093_T34SFF_20201002T144803 -> Not Found
2025-08-24 21:52:03,099 - INFO - sentinel2.py:78 - 7/24 - S2A_MSIL2A_20200124T092251_R093_T34SFG_20201002T083602 -> Not Found
2025-08-24 21:52:08,071 - INFO - sentinel2.py:78 - 8/24 - S2A_MSIL2A_20200124T092251_R093_T34SFF_20201002T083558 -> Not Found
2025-08-24 21:52:12,859 - INFO - sentinel2.py:78 - 9/24 - S2A_MSIL2A_20200121T091301_R050_T34SGG_20201002T031706 -> Not Found
2025-08-24 21:52:18,201 - INFO - sentinel2.py:78 - 10/24 - S2A_MSIL2A_20200121T091301_R050_T34SFG_20201002T031655 -> Not Found
2025-08-24 21:52:23,052 - INFO - sentinel2.py:78 - 11/24 - S2A_MSIL2A_20200121T091301_R050_T34SFF_20201002T031656 -> Not Found
2025-08-24 21:52:28,067 - INFO - sentinel2.py:78 - 12/24 - S2B_MSIL2A_20200116T091229_R050_T34SGG_20201002T193230 -> Not Found
2025-08-24 21:52:33,033 - INFO - sentinel2.py:78 - 13/24 - S2B_MSIL2A_20200116T091229_R050_T34SGF_20201002T193229 -> Not Found
2025-08-24 21:52:38,457 - INFO - sentinel2.py:78 - 14/24 - S2B_MSIL2A_20200116T091229_R050_T34SFG_20201002T193226 -> Not Found
2025-08-24 21:52:44,779 - INFO - sentinel2.py:78 - 15/24 - S2B_MSIL2A_20200116T091229_R050_T34SFF_20201002T193223 -> Not Found
2025-08-24 21:52:49,529 - INFO - sentinel2.py:78 - 16/24 - S2A_MSIL2A_20200114T092331_R093_T34SFG_20201002T182427 -> Not Found
2025-08-24 21:52:54,930 - INFO - sentinel2.py:78 - 17/24 - S2A_MSIL2A_20200111T091341_R050_T34SGG_20201002T165602 -> Not Found
2025-08-24 21:52:59,204 - INFO - sentinel2.py:78 - 18/24 - S2A_MSIL2A_20200111T091341_R050_T34SGF_20201002T165600 -> Not Found
2025-08-24 21:53:04,267 - INFO - sentinel2.py:78 - 19/24 - S2A_MSIL2A_20200111T091341_R050_T34SFG_20201002T165603 -> Not Found
2025-08-24 21:53:09,086 - INFO - sentinel2.py:78 - 20/24 - S2A_MSIL2A_20200111T091341_R050_T34SFF_20201002T165601 -> Not Found
2025-08-24 21:53:13,963 - INFO - sentinel2.py:78 - 21/24 - S2B_MSIL2A_20200109T092249_R093_T34SFG_20201029T174525 -> Not Found
2025-08-24 21:53:19,483 - INFO - sentinel2.py:78 - 22/24 - S2B_MSIL2A_20200109T092249_R093_T34SFF_20201029T174521 -> Not Found
2025-08-24 21:53:24,857 - INFO - sentinel2.py:78 - 23/24 - S2A_MSIL2A_20200104T092401_R093_T34SFG_20201002T224247 -> Not Found
2025-08-24 21:53:29,198 - INFO - sentinel2.py:78 - 24/24 - S2A_MSIL2A_20200104T092401_R093_T34SFF_20201002T224240 -> Not Found
2025-08-24 21:53:29,251 - INFO - composites.py:248 -                                  
2025-08-24 21:53:29,252 - INFO - composites.py:249 - 0/24 were refined by GRI.
2025-08-24 21:53:29,252 - WARNING - composites.py:253 - Tile x11_y08 | Time: 2020-01: All scenes are flagged NOT REFINED.
2025-08-24 21:53:29,252 - WARNING - composites.py:254 - Tile x11_y08 | Time: 2020-01: The composite will be flagged with _NOREFINED.
2025-08-24 21:53:29,253 - INFO - composites.py:261 - Looking for up to 10 cleanest images within spatiotemporal range of each MGRS tile
2025-08-24 21:53:29,253 - INFO - composites.py:275 - Filtered cleanest scenes: Kept 24 out of 24 items. 
2025-08-24 21:53:29,253 - INFO - composites.py:276 -         Included MGRS Tiles: ['34SFF' '34SFG' '34SGF' '34SGG']
2025-08-24 21:53:29,254 - INFO - composites.py:277 -         Included EPSG codes: [32634]
2025-08-24 21:53:29,254 - INFO - composites.py:279 - Selected scenes:
2025-08-24 21:53:29,258 - INFO - composites.py:281 -         S2A_MSIL2A_20200104T092401_R093_T34SFF_20201002T224240
2025-08-24 21:53:29,258 - INFO - composites.py:281 -         S2B_MSIL2A_20200109T092249_R093_T34SFF_20201029T174521
2025-08-24 21:53:29,260 - INFO - composites.py:281 -         S2A_MSIL2A_20200124T092251_R093_T34SFF_20201002T083558
2025-08-24 21:53:29,260 - INFO - composites.py:281 -         S2A_MSIL2A_20200131T091231_R050_T34SFF_20201002T161004
2025-08-24 21:53:29,260 - INFO - composites.py:281 -         S2B_MSIL2A_20200116T091229_R050_T34SFF_20201002T193223
2025-08-24 21:53:29,260 - INFO - composites.py:281 -         S2A_MSIL2A_20200111T091341_R050_T34SFF_20201002T165601
2025-08-24 21:53:29,260 - INFO - composites.py:281 -         S2A_MSIL2A_20200121T091301_R050_T34SFF_20201002T031656
2025-08-24 21:53:29,260 - INFO - composites.py:281 -         S2B_MSIL2A_20200129T092129_R093_T34SFF_20201002T144803
2025-08-24 21:53:29,260 - INFO - composites.py:281 -         S2A_MSIL2A_20200111T091341_R050_T34SFG_20201002T165603
2025-08-24 21:53:29,260 - INFO - composites.py:281 -         S2A_MSIL2A_20200104T092401_R093_T34SFG_20201002T224247
2025-08-24 21:53:29,260 - INFO - composites.py:281 -         S2A_MSIL2A_20200124T092251_R093_T34SFG_20201002T083602
2025-08-24 21:53:29,260 - INFO - composites.py:281 -         S2B_MSIL2A_20200109T092249_R093_T34SFG_20201029T174525
2025-08-24 21:53:29,260 - INFO - composites.py:281 -         S2B_MSIL2A_20200116T091229_R050_T34SFG_20201002T193226
2025-08-24 21:53:29,260 - INFO - composites.py:281 -         S2A_MSIL2A_20200131T091231_R050_T34SFG_20201002T161004
2025-08-24 21:53:29,260 - INFO - composites.py:281 -         S2A_MSIL2A_20200121T091301_R050_T34SFG_20201002T031655
2025-08-24 21:53:29,260 - INFO - composites.py:281 -         S2A_MSIL2A_20200114T092331_R093_T34SFG_20201002T182427
2025-08-24 21:53:29,260 - INFO - composites.py:281 -         S2B_MSIL2A_20200129T092129_R093_T34SFG_20201002T144807
2025-08-24 21:53:29,260 - INFO - composites.py:281 -         S2A_MSIL2A_20200131T091231_R050_T34SGF_20201002T161006
2025-08-24 21:53:29,260 - INFO - composites.py:281 -         S2A_MSIL2A_20200111T091341_R050_T34SGF_20201002T165600
2025-08-24 21:53:29,260 - INFO - composites.py:281 -         S2B_MSIL2A_20200116T091229_R050_T34SGF_20201002T193229
2025-08-24 21:53:29,260 - INFO - composites.py:281 -         S2A_MSIL2A_20200111T091341_R050_T34SGG_20201002T165602
2025-08-24 21:53:29,260 - INFO - composites.py:281 -         S2A_MSIL2A_20200131T091231_R050_T34SGG_20201002T161005
2025-08-24 21:53:29,260 - INFO - composites.py:281 -         S2B_MSIL2A_20200116T091229_R050_T34SGG_20201002T193230
2025-08-24 21:53:29,260 - INFO - composites.py:281 -         S2A_MSIL2A_20200121T091301_R050_T34SGG_20201002T031706
2025-08-24 21:53:29,629 - INFO - sentinel2.py:154 - Matplotlib backend: Agg
2025-08-24 21:53:29,964 - INFO - sentinel2.py:224 - Write input scenes footprint overlay: //nas-rs.topo.auth.gr/Latomeia/DROUGHT/COMPOS/2020/01/x11_y08/S2L2A_medcomp_x11_y08_202001_InDataFootprint.jpeg
2025-08-24 21:53:30,211 - INFO - composites.py:295 -                                  
2025-08-24 21:53:30,211 - INFO - composites.py:296 - Downstream STAC items from Planetary Computer
2025-08-24 21:53:30,211 - INFO - timeseries_processing.py:115 -                                  
2025-08-24 21:53:30,211 - INFO - timeseries_processing.py:116 - Loading bands of diferent resolutions in EPSG:32634
2025-08-24 21:53:30,211 - INFO - timeseries_processing.py:120 -     Filtering items with native UTM EPSG:32634
2025-08-24 21:53:30,211 - INFO - timeseries_processing.py:122 -     24 Items in EPSG:32634
2025-08-24 21:53:30,211 - INFO - timeseries_processing.py:129 -                        
2025-08-24 21:53:30,211 - INFO - timeseries_processing.py:130 -     Loading parameters:
2025-08-24 21:53:30,211 - INFO - timeseries_processing.py:131 -         Bands: ['B05', 'B07', 'B8A', 'SCL']
2025-08-24 21:53:30,211 - INFO - timeseries_processing.py:132 -         Spatial resolution: 20
2025-08-24 21:53:30,211 - INFO - timeseries_processing.py:134 -         Get Assets from STAC Items
2025-08-24 21:53:30,211 - INFO - timeseries_processing.py:47 -         Initialize the STAC client
2025-08-24 21:53:30,873 - INFO - timeseries_processing.py:137 -         Loading 24 STAC Items....
2025-08-24 21:55:07,474 - INFO - timeseries_processing.py:146 -         Cube has been downloaded
2025-08-24 21:55:07,474 - INFO - timeseries_processing.py:156 -         Fix order of dimensions
2025-08-24 21:55:07,476 - INFO - timeseries_processing.py:161 -         Append bands to the band-list of EPSG:32634
2025-08-24 21:55:07,477 - INFO - timeseries_processing.py:129 -                        
2025-08-24 21:55:07,478 - INFO - timeseries_processing.py:130 -     Loading parameters:
2025-08-24 21:55:07,478 - INFO - timeseries_processing.py:131 -         Bands: ['B02', 'B03', 'B04']
2025-08-24 21:55:07,478 - INFO - timeseries_processing.py:132 -         Spatial resolution: 10
2025-08-24 21:55:07,478 - INFO - timeseries_processing.py:134 -         Get Assets from STAC Items
2025-08-24 21:55:07,478 - INFO - timeseries_processing.py:47 -         Initialize the STAC client
2025-08-24 21:55:08,151 - INFO - timeseries_processing.py:137 -         Loading 24 STAC Items....
2025-08-24 21:57:18,024 - INFO - timeseries_processing.py:146 -         Cube has been downloaded
2025-08-24 21:57:18,030 - INFO - timeseries_processing.py:149 -         Reproject to downsample 10m bands to 20m by Resampling.average 2x2 binning and shape matching with odc.geo.GeoBox
2025-08-24 21:57:31,629 - INFO - timeseries_processing.py:161 -         Append bands to the band-list of EPSG:32634
2025-08-24 21:57:31,629 - INFO - timeseries_processing.py:165 -                        
2025-08-24 21:57:31,629 - INFO - timeseries_processing.py:166 -     Merging bands in a single dataset
2025-08-24 21:57:31,629 - INFO - timeseries_processing.py:167 -     Ensure all partial datasets are at (x=20, y=-20) resolution
2025-08-24 21:57:31,630 - INFO - timeseries_processing.py:171 -     Clip to the intersection of indexes
2025-08-24 21:57:32,634 - INFO - timeseries_processing.py:180 -     Make a list of bands to merge
2025-08-24 21:57:32,634 - INFO - timeseries_processing.py:184 -     Merge on intersection
2025-08-24 21:57:32,636 - INFO - timeseries_processing.py:192 -     Apply masks on clouds, shadows, thin cirrus, and snow/ice
2025-08-24 21:57:32,636 - INFO - sentinel2.py:122 -                Masking bits: [3, 7, 8, 9, 10, 11]
2025-08-24 21:57:33,754 - INFO - composites.py:305 - Reproject from UTM Zone to Tile geometry -> CRS(EPSG:32634), Resampling.bilinear
2025-08-24 21:57:39,940 - INFO - composites.py:308 -     New shape of datasets: Shape2d(x=2400, y=2400)
2025-08-24 21:57:40,738 - INFO - composites.py:340 - Creating preview plot of input scenes
2025-08-24 21:58:11,629 - INFO - timeseries_processing.py:349 - Saved preview for 'B04' to //nas-rs.topo.auth.gr/Latomeia/DROUGHT/COMPOS/2020/01/x11_y08/S2L2A_medcomp_x11_y08_202001_InDataPreview.jpeg
2025-08-24 21:58:11,635 - INFO - composites.py:346 - Clip value range
2025-08-24 21:58:13,428 - INFO - composites.py:351 -                           
2025-08-24 21:58:13,428 - INFO - composites.py:352 - Computing spectral indices:
2025-08-24 21:58:13,430 - INFO - composites.py:355 -     EVI...
2025-08-24 21:58:14,568 - INFO - composites.py:357 -     NDVI...
2025-08-24 21:58:14,950 - INFO - composites.py:359 -     PSRI2...
2025-08-24 21:58:15,250 - INFO - composites.py:362 - Clip to typical value range
2025-08-24 21:58:15,608 - INFO - composites.py:369 - Reducing to median value temporal composite
2025-08-24 21:58:44,600 - INFO - composites.py:388 - Scale and Define data types & nodata per band
2025-08-24 21:58:44,708 - INFO - composites.py:409 - Assign time range and tile ID in metadata
2025-08-24 21:58:44,708 - INFO - composites.py:417 - Write bands to raster COG files
2025-08-24 21:58:48,631 - INFO - composites.py:430 - Write B02 -> //nas-rs.topo.auth.gr/Latomeia/DROUGHT/COMPOS/2020/01/x11_y08/S2L2A_medcomp_x11_y08_202001_B02.tif
2025-08-24 21:58:52,376 - INFO - composites.py:430 - Write B03 -> //nas-rs.topo.auth.gr/Latomeia/DROUGHT/COMPOS/2020/01/x11_y08/S2L2A_medcomp_x11_y08_202001_B03.tif
2025-08-24 21:58:56,379 - INFO - composites.py:430 - Write B04 -> //nas-rs.topo.auth.gr/Latomeia/DROUGHT/COMPOS/2020/01/x11_y08/S2L2A_medcomp_x11_y08_202001_B04.tif
2025-08-24 21:59:00,164 - INFO - composites.py:430 - Write B05 -> //nas-rs.topo.auth.gr/Latomeia/DROUGHT/COMPOS/2020/01/x11_y08/S2L2A_medcomp_x11_y08_202001_B05.tif
2025-08-24 21:59:04,064 - INFO - composites.py:430 - Write B07 -> //nas-rs.topo.auth.gr/Latomeia/DROUGHT/COMPOS/2020/01/x11_y08/S2L2A_medcomp_x11_y08_202001_B07.tif
2025-08-24 21:59:07,830 - INFO - composites.py:430 - Write B8A -> //nas-rs.topo.auth.gr/Latomeia/DROUGHT/COMPOS/2020/01/x11_y08/S2L2A_medcomp_x11_y08_202001_B8A.tif
2025-08-24 21:59:12,096 - INFO - composites.py:430 - Write EVI -> //nas-rs.topo.auth.gr/Latomeia/DROUGHT/COMPOS/2020/01/x11_y08/S2L2A_medcomp_x11_y08_202001_EVI.tif
2025-08-24 21:59:15,874 - INFO - composites.py:430 - Write NDVI -> //nas-rs.topo.auth.gr/Latomeia/DROUGHT/COMPOS/2020/01/x11_y08/S2L2A_medcomp_x11_y08_202001_NDVI.tif
2025-08-24 21:59:19,744 - INFO - composites.py:430 - Write PSRI2 -> //nas-rs.topo.auth.gr/Latomeia/DROUGHT/COMPOS/2020/01/x11_y08/S2L2A_medcomp_x11_y08_202001_PSRI2.tif
2025-08-24 21:59:19,745 - INFO - composites.py:434 - Prepare metadata YAML document
2025-08-24 21:59:20,449 - INFO - composites.py:455 - Write metadata YAML document to disk
2025-08-24 21:59:20,506 - INFO - composites.py:460 - Create datacube.model.Dataset from eo3 metadata
2025-08-24 21:59:20,516 - INFO - composites.py:471 - Index to datacube
2025-08-24 21:59:20,516 - INFO - _datasets.py:191 - Indexing 51e57adc-9bf2-4810-82f7-d9de540b730b
2025-08-24 21:59:20,525 - INFO - composites.py:474 - 
2025-08-24 21:59:20,525 - INFO - composites.py:475 -              ✔✔✔ COMPLETED: Tile x11_y08 | Time: 2020-01 | In 7.98 minutes
2025-08-24 21:59:20,525 - INFO - composites.py:476 - 
2025-08-24 21:59:20,525 - INFO - composites.py:484 - Closing Dask client
2025-08-24 21:59:20,528 - INFO - composites.py:488 - Closing Dask cluster
2025-08-24 21:59:20,528 - INFO - composites.py:489 - #######################################################################
