2025-08-18 19:57:32,521 - INFO - composites.py:104 - #######################################################################
2025-08-18 19:57:32,521 - INFO - composites.py:106 - Processing started
2025-08-18 19:57:32,521 - INFO - composites.py:107 -         Tile: x09_y07
2025-08-18 19:57:32,521 - INFO - composites.py:108 -         Time: 2020-11
2025-08-18 19:57:32,523 - INFO - composites.py:111 -                           
2025-08-18 19:57:32,523 - INFO - composites.py:112 - Establishing connection to datacube
2025-08-18 19:57:33,210 - INFO - composites.py:115 -                           
2025-08-18 19:57:33,212 - INFO - composites.py:116 - Sanity test: Check if dataset already exists in the datacube
2025-08-18 19:57:33,231 - INFO - composites.py:135 - The composite requested was not found and it will be computed
2025-08-18 19:57:33,231 - INFO - composites.py:138 -                                  
2025-08-18 19:57:33,232 - INFO - composites.py:139 - Initializing Dask cluster for parallelization
2025-08-18 19:57:39,621 - INFO - composites.py:163 - Dask dashboard is available at: http://127.0.0.1:8787/status
2025-08-18 19:57:39,621 - INFO - composites.py:166 - Create directories and naming conversions
2025-08-18 19:57:39,628 - INFO - composites.py:177 - Dataset location: //nas-rs.topo.auth.gr/Latomeia/DROUGHT/COMPOS/2020/11/x09_y07
2025-08-18 19:57:39,629 - INFO - composites.py:180 -                           
2025-08-18 19:57:39,629 - INFO - composites.py:181 - Retrieve tile geometry
2025-08-18 19:57:39,670 - INFO - composites.py:192 - Create the Bounding Box (φ,λ)
2025-08-18 19:57:39,670 - INFO - composites.py:198 - Create the Bounding Box (x,y)
2025-08-18 19:57:39,671 - INFO - composites.py:211 -                           
2025-08-18 19:57:39,671 - INFO - composites.py:212 - Connect to Planetary Computer STAC Catalog
2025-08-18 19:57:39,937 - INFO - composites.py:220 - Search the STAC Catalog
2025-08-18 19:57:40,016 - INFO - composites.py:232 -         Query parameters:
2025-08-18 19:57:40,016 - INFO - composites.py:233 -             url:          https://planetarycomputer.microsoft.com/api/stac/v1/search
2025-08-18 19:57:40,016 - INFO - composites.py:234 -             client:       microsoft-pc
2025-08-18 19:57:40,016 - INFO - composites.py:235 -             collection:   sentinel-2-l2a
2025-08-18 19:57:40,016 - INFO - composites.py:236 -             bbox:         (21.71333520153107, 36.50350503998516, 22.366269659639244, 37.05189725494875)
2025-08-18 19:57:40,016 - INFO - composites.py:237 -             time range:   2020-11-01T00:00:00Z/2020-11-30T23:59:59Z
2025-08-18 19:57:40,016 - INFO - composites.py:238 -             cloud cover:  0% - 70%
2025-08-18 19:57:40,016 - INFO - composites.py:239 -             nodata cover: 0% - 33%
2025-08-18 19:57:40,016 - INFO - composites.py:241 -                           
2025-08-18 19:57:40,016 - INFO - composites.py:242 - Searching...
2025-08-18 19:57:40,684 - INFO - composites.py:245 - Query found 31 items
2025-08-18 19:57:40,685 - INFO - composites.py:247 - Searching for GRI REFINED scenes:
2025-08-18 19:57:46,507 - INFO - sentinel2.py:78 - 1/31 - S2A_MSIL2A_20201126T091321_R050_T34SFG_20201219T195813 -> Not Found
2025-08-18 19:57:53,303 - INFO - sentinel2.py:78 - 2/31 - S2A_MSIL2A_20201126T091321_R050_T34SFF_20201219T200211 -> Not Found
2025-08-18 19:57:59,193 - INFO - sentinel2.py:78 - 3/31 - S2B_MSIL2A_20201124T092319_R093_T34SFG_20201125T052914 -> Not Found
2025-08-18 19:58:04,822 - INFO - sentinel2.py:78 - 4/31 - S2B_MSIL2A_20201124T092319_R093_T34SFF_20201125T052334 -> Not Found
2025-08-18 19:58:11,201 - INFO - sentinel2.py:78 - 5/31 - S2B_MSIL2A_20201124T092319_R093_T34SEG_20210104T164807 -> Not Found
2025-08-18 19:58:16,777 - INFO - sentinel2.py:78 - 6/31 - S2B_MSIL2A_20201124T092319_R093_T34SEF_20201125T052703 -> Not Found
2025-08-18 19:58:23,724 - INFO - sentinel2.py:78 - 7/31 - S2B_MSIL2A_20201121T091259_R050_T34SFG_20201123T100944 -> Not Found
2025-08-18 19:58:29,336 - INFO - sentinel2.py:78 - 8/31 - S2B_MSIL2A_20201121T091259_R050_T34SFF_20201123T101014 -> Not Found
2025-08-18 19:58:35,251 - INFO - sentinel2.py:78 - 9/31 - S2A_MSIL2A_20201119T092301_R093_T34SFG_20201121T084124 -> Not Found
2025-08-18 19:58:42,220 - INFO - sentinel2.py:78 - 10/31 - S2A_MSIL2A_20201119T092301_R093_T34SFF_20201121T084109 -> Not Found
2025-08-18 19:58:48,845 - INFO - sentinel2.py:78 - 11/31 - S2A_MSIL2A_20201119T092301_R093_T34SEG_20201121T084305 -> Not Found
2025-08-18 19:58:55,786 - INFO - sentinel2.py:78 - 12/31 - S2A_MSIL2A_20201119T092301_R093_T34SEF_20201121T090232 -> Not Found
2025-08-18 19:59:02,658 - INFO - sentinel2.py:78 - 13/31 - S2A_MSIL2A_20201116T091241_R050_T34SFG_20201117T171547 -> Not Found
2025-08-18 19:59:09,949 - INFO - sentinel2.py:78 - 14/31 - S2A_MSIL2A_20201116T091241_R050_T34SFF_20201117T172131 -> Not Found
2025-08-18 19:59:15,516 - INFO - sentinel2.py:78 - 15/31 - S2B_MSIL2A_20201114T092239_R093_T34SFG_20201116T043400 -> Not Found
2025-08-18 19:59:22,313 - INFO - sentinel2.py:78 - 16/31 - S2B_MSIL2A_20201114T092239_R093_T34SFF_20201116T044200 -> Not Found
2025-08-18 19:59:29,248 - INFO - sentinel2.py:78 - 17/31 - S2B_MSIL2A_20201114T092239_R093_T34SEG_20201116T043622 -> Not Found
2025-08-18 19:59:35,760 - INFO - sentinel2.py:78 - 18/31 - S2B_MSIL2A_20201114T092239_R093_T34SEF_20201116T051646 -> Not Found
2025-08-18 19:59:41,311 - INFO - sentinel2.py:78 - 19/31 - S2B_MSIL2A_20201111T091219_R050_T34SFG_20201113T102904 -> Not Found
2025-08-18 19:59:48,393 - INFO - sentinel2.py:78 - 20/31 - S2B_MSIL2A_20201111T091219_R050_T34SFF_20201113T102955 -> Not Found
2025-08-18 19:59:55,124 - INFO - sentinel2.py:78 - 21/31 - S2A_MSIL2A_20201109T092221_R093_T34SFG_20201110T181945 -> Not Found
2025-08-18 20:00:00,843 - INFO - sentinel2.py:78 - 22/31 - S2A_MSIL2A_20201109T092221_R093_T34SFF_20201110T182431 -> Not Found
2025-08-18 20:00:07,320 - INFO - sentinel2.py:78 - 23/31 - S2A_MSIL2A_20201109T092221_R093_T34SEG_20201110T182306 -> Not Found
2025-08-18 20:00:13,498 - INFO - sentinel2.py:78 - 24/31 - S2A_MSIL2A_20201109T092221_R093_T34SEF_20201110T181733 -> Not Found
2025-08-18 20:00:19,436 - INFO - sentinel2.py:78 - 25/31 - S2A_MSIL2A_20201106T091201_R050_T34SFF_20201107T152736 -> Not Found
2025-08-18 20:00:25,083 - INFO - sentinel2.py:78 - 26/31 - S2B_MSIL2A_20201104T092149_R093_T34SFG_20201106T134710 -> Not Found
2025-08-18 20:00:32,387 - INFO - sentinel2.py:78 - 27/31 - S2B_MSIL2A_20201104T092149_R093_T34SFF_20201106T135537 -> Not Found
2025-08-18 20:00:38,419 - INFO - sentinel2.py:78 - 28/31 - S2B_MSIL2A_20201104T092149_R093_T34SEG_20201106T135439 -> Not Found
2025-08-18 20:00:46,945 - INFO - sentinel2.py:78 - 29/31 - S2B_MSIL2A_20201104T092149_R093_T34SEF_20201106T135457 -> Not Found
2025-08-18 20:00:53,225 - INFO - sentinel2.py:78 - 30/31 - S2B_MSIL2A_20201101T091129_R050_T34SFG_20201103T220028 -> Not Found
2025-08-18 20:00:59,511 - INFO - sentinel2.py:78 - 31/31 - S2B_MSIL2A_20201101T091129_R050_T34SFF_20201109T220013 -> Not Found
2025-08-18 20:00:59,566 - INFO - composites.py:250 -                                  
2025-08-18 20:00:59,566 - INFO - composites.py:251 - 0/31 were refined by GRI.
2025-08-18 20:00:59,566 - WARNING - composites.py:255 - Tile x09_y07 | Time: 2020-11: All scenes are flagged NOT REFINED.
2025-08-18 20:00:59,567 - WARNING - composites.py:256 - Tile x09_y07 | Time: 2020-11: The composite will be flagged with _NOREFINED.
2025-08-18 20:00:59,567 - INFO - composites.py:263 - Looking for up to 10 cleanest images within spatiotemporal range of each MGRS tile
2025-08-18 20:00:59,568 - INFO - composites.py:277 - Filtered cleanest scenes: Kept 30 out of 31 items. 
2025-08-18 20:00:59,568 - INFO - composites.py:278 -         Included MGRS Tiles: ['34SEF' '34SEG' '34SFF' '34SFG']
2025-08-18 20:00:59,568 - INFO - composites.py:279 -         Included EPSG codes: [32634]
2025-08-18 20:00:59,569 - INFO - composites.py:281 - Selected scenes:
2025-08-18 20:00:59,569 - INFO - composites.py:283 -         S2A_MSIL2A_20201119T092301_R093_T34SEF_20201121T090232
2025-08-18 20:00:59,570 - INFO - composites.py:283 -         S2B_MSIL2A_20201114T092239_R093_T34SEF_20201116T051646
2025-08-18 20:00:59,570 - INFO - composites.py:283 -         S2B_MSIL2A_20201104T092149_R093_T34SEF_20201106T135457
2025-08-18 20:00:59,571 - INFO - composites.py:283 -         S2A_MSIL2A_20201109T092221_R093_T34SEF_20201110T181733
2025-08-18 20:00:59,571 - INFO - composites.py:283 -         S2B_MSIL2A_20201124T092319_R093_T34SEF_20201125T052703
2025-08-18 20:00:59,571 - INFO - composites.py:283 -         S2B_MSIL2A_20201114T092239_R093_T34SEG_20201116T043622
2025-08-18 20:00:59,571 - INFO - composites.py:283 -         S2A_MSIL2A_20201109T092221_R093_T34SEG_20201110T182306
2025-08-18 20:00:59,571 - INFO - composites.py:283 -         S2B_MSIL2A_20201104T092149_R093_T34SEG_20201106T135439
2025-08-18 20:00:59,571 - INFO - composites.py:283 -         S2A_MSIL2A_20201119T092301_R093_T34SEG_20201121T084305
2025-08-18 20:00:59,571 - INFO - composites.py:283 -         S2B_MSIL2A_20201124T092319_R093_T34SEG_20210104T164807
2025-08-18 20:00:59,571 - INFO - composites.py:283 -         S2B_MSIL2A_20201101T091129_R050_T34SFF_20201109T220013
2025-08-18 20:00:59,571 - INFO - composites.py:283 -         S2A_MSIL2A_20201116T091241_R050_T34SFF_20201117T172131
2025-08-18 20:00:59,571 - INFO - composites.py:283 -         S2B_MSIL2A_20201104T092149_R093_T34SFF_20201106T135537
2025-08-18 20:00:59,571 - INFO - composites.py:283 -         S2B_MSIL2A_20201114T092239_R093_T34SFF_20201116T044200
2025-08-18 20:00:59,571 - INFO - composites.py:283 -         S2B_MSIL2A_20201111T091219_R050_T34SFF_20201113T102955
2025-08-18 20:00:59,571 - INFO - composites.py:283 -         S2B_MSIL2A_20201121T091259_R050_T34SFF_20201123T101014
2025-08-18 20:00:59,571 - INFO - composites.py:283 -         S2A_MSIL2A_20201119T092301_R093_T34SFF_20201121T084109
2025-08-18 20:00:59,571 - INFO - composites.py:283 -         S2A_MSIL2A_20201109T092221_R093_T34SFF_20201110T182431
2025-08-18 20:00:59,571 - INFO - composites.py:283 -         S2A_MSIL2A_20201126T091321_R050_T34SFF_20201219T200211
2025-08-18 20:00:59,571 - INFO - composites.py:283 -         S2A_MSIL2A_20201106T091201_R050_T34SFF_20201107T152736
2025-08-18 20:00:59,571 - INFO - composites.py:283 -         S2A_MSIL2A_20201126T091321_R050_T34SFG_20201219T195813
2025-08-18 20:00:59,571 - INFO - composites.py:283 -         S2B_MSIL2A_20201101T091129_R050_T34SFG_20201103T220028
2025-08-18 20:00:59,571 - INFO - composites.py:283 -         S2A_MSIL2A_20201116T091241_R050_T34SFG_20201117T171547
2025-08-18 20:00:59,572 - INFO - composites.py:283 -         S2B_MSIL2A_20201114T092239_R093_T34SFG_20201116T043400
2025-08-18 20:00:59,572 - INFO - composites.py:283 -         S2B_MSIL2A_20201104T092149_R093_T34SFG_20201106T134710
2025-08-18 20:00:59,572 - INFO - composites.py:283 -         S2A_MSIL2A_20201109T092221_R093_T34SFG_20201110T181945
2025-08-18 20:00:59,572 - INFO - composites.py:283 -         S2B_MSIL2A_20201124T092319_R093_T34SFG_20201125T052914
2025-08-18 20:00:59,572 - INFO - composites.py:283 -         S2B_MSIL2A_20201111T091219_R050_T34SFG_20201113T102904
2025-08-18 20:00:59,572 - INFO - composites.py:283 -         S2B_MSIL2A_20201121T091259_R050_T34SFG_20201123T100944
2025-08-18 20:00:59,572 - INFO - composites.py:283 -         S2A_MSIL2A_20201119T092301_R093_T34SFG_20201121T084124
2025-08-18 20:01:00,198 - INFO - sentinel2.py:154 - Matplotlib backend: Agg
2025-08-18 20:01:00,544 - INFO - sentinel2.py:224 - Write input scenes footprint overlay: //nas-rs.topo.auth.gr/Latomeia/DROUGHT/COMPOS/2020/11/x09_y07/S2L2A_medcomp_x09_y07_202011_InDataFootprint.jpeg
2025-08-18 20:01:00,866 - INFO - composites.py:297 -                                  
2025-08-18 20:01:00,866 - INFO - composites.py:298 - Downstream STAC items from Planetary Computer
2025-08-18 20:01:00,866 - INFO - timeseries_processing.py:114 -                                  
2025-08-18 20:01:00,866 - INFO - timeseries_processing.py:115 - Loading bands of diferent resolutions in EPSG:32634
2025-08-18 20:01:00,866 - INFO - timeseries_processing.py:119 -     Filtering items with native UTM EPSG:32634
2025-08-18 20:01:00,867 - INFO - timeseries_processing.py:121 -     30 Items in EPSG:32634
2025-08-18 20:01:00,867 - INFO - timeseries_processing.py:128 -                        
2025-08-18 20:01:00,867 - INFO - timeseries_processing.py:129 -     Loading parameters:
2025-08-18 20:01:00,867 - INFO - timeseries_processing.py:130 -         Bands: ['B05', 'B07', 'B8A', 'SCL']
2025-08-18 20:01:00,867 - INFO - timeseries_processing.py:131 -         Spatial resolution: 20
2025-08-18 20:01:00,867 - INFO - timeseries_processing.py:133 -         Get Assets from STAC Items
2025-08-18 20:01:00,867 - INFO - timeseries_processing.py:46 -         Initialize the STAC client
2025-08-18 20:01:01,942 - INFO - timeseries_processing.py:136 -         Loading 30 STAC Items....
2025-08-18 20:02:02,624 - INFO - timeseries_processing.py:158 -         Cube has been downloaded
2025-08-18 20:02:02,625 - INFO - timeseries_processing.py:167 -         Fix order of dimensions
2025-08-18 20:02:02,626 - INFO - timeseries_processing.py:172 -         Append bands to the band-list of EPSG:32634
2025-08-18 20:02:02,626 - INFO - timeseries_processing.py:128 -                        
2025-08-18 20:02:02,626 - INFO - timeseries_processing.py:129 -     Loading parameters:
2025-08-18 20:02:02,626 - INFO - timeseries_processing.py:130 -         Bands: ['B02', 'B03', 'B04']
2025-08-18 20:02:02,627 - INFO - timeseries_processing.py:131 -         Spatial resolution: 10
2025-08-18 20:02:02,630 - INFO - timeseries_processing.py:133 -         Get Assets from STAC Items
2025-08-18 20:02:02,630 - INFO - timeseries_processing.py:46 -         Initialize the STAC client
2025-08-18 20:02:03,466 - INFO - timeseries_processing.py:136 -         Loading 30 STAC Items....
2025-08-18 20:04:49,605 - INFO - timeseries_processing.py:158 -         Cube has been downloaded
2025-08-18 20:04:49,605 - INFO - timeseries_processing.py:161 -         Downsample 10m bands to 20m by average 2x2 binning
2025-08-18 20:05:05,627 - INFO - timeseries_processing.py:164 -         Warp (reproject) 2x2 binned bands to match shape of native 20m bands: method=bilinear
2025-08-18 20:05:17,117 - INFO - timeseries_processing.py:172 -         Append bands to the band-list of EPSG:32634
2025-08-18 20:05:17,118 - INFO - timeseries_processing.py:176 -                        
2025-08-18 20:05:17,118 - INFO - timeseries_processing.py:177 -     Merging bands in a single dataset
2025-08-18 20:05:17,118 - INFO - timeseries_processing.py:178 -     Ensure all partial datasets are at (x=20, y=-20) resolution
2025-08-18 20:05:17,118 - INFO - timeseries_processing.py:182 -     Clip to the intersection of indexes
2025-08-18 20:05:18,574 - INFO - timeseries_processing.py:191 -     Make a list of bands to merge
2025-08-18 20:05:18,576 - INFO - timeseries_processing.py:195 -     Merge on intersection
2025-08-18 20:05:18,577 - INFO - timeseries_processing.py:203 -     Apply masks on clouds, shadows, thin cirrus, and snow/ice
2025-08-18 20:05:18,577 - INFO - sentinel2.py:122 -                Masking bits: [3, 7, 8, 9, 10, 11]
2025-08-18 20:05:20,169 - INFO - timeseries_processing.py:209 -     Reproject to Tiling Schema projection EPSG:3035
2025-08-18 20:05:35,712 - INFO - composites.py:307 - Clip and align to tile geometry
2025-08-18 20:05:40,713 - INFO - composites.py:340 - Creating preview plot of input scenes
2025-08-18 20:06:25,801 - INFO - timeseries_processing.py:367 - Saved preview for 'B04' to //nas-rs.topo.auth.gr/Latomeia/DROUGHT/COMPOS/2020/11/x09_y07/S2L2A_medcomp_x09_y07_202011_InDataPreview.jpeg
2025-08-18 20:06:25,811 - INFO - composites.py:346 - Clip value range
2025-08-18 20:06:28,307 - INFO - composites.py:351 -                           
2025-08-18 20:06:28,307 - INFO - composites.py:352 - Computing spectral indices:
2025-08-18 20:06:28,307 - INFO - composites.py:355 -     EVI...
2025-08-18 20:06:29,892 - INFO - composites.py:357 -     NDVI...
2025-08-18 20:06:30,239 - INFO - composites.py:359 -     PSRI2...
2025-08-18 20:06:30,694 - INFO - composites.py:362 - Clip to typical value range
2025-08-18 20:06:31,255 - INFO - composites.py:369 - Reducing to median value temporal composite
2025-08-18 20:06:59,049 - INFO - composites.py:388 - Define data types and nodata per band
2025-08-18 20:06:59,276 - INFO - composites.py:409 - Assign time range and tile ID in metadata
2025-08-18 20:06:59,276 - INFO - composites.py:417 - Write bands to raster COG files
2025-08-18 20:07:03,858 - INFO - composites.py:430 - Write B02 -> //nas-rs.topo.auth.gr/Latomeia/DROUGHT/COMPOS/2020/11/x09_y07/S2L2A_medcomp_x09_y07_202011_B02.tif
2025-08-18 20:07:08,483 - INFO - composites.py:430 - Write B03 -> //nas-rs.topo.auth.gr/Latomeia/DROUGHT/COMPOS/2020/11/x09_y07/S2L2A_medcomp_x09_y07_202011_B03.tif
2025-08-18 20:07:13,100 - INFO - composites.py:430 - Write B04 -> //nas-rs.topo.auth.gr/Latomeia/DROUGHT/COMPOS/2020/11/x09_y07/S2L2A_medcomp_x09_y07_202011_B04.tif
2025-08-18 20:07:17,780 - INFO - composites.py:430 - Write B05 -> //nas-rs.topo.auth.gr/Latomeia/DROUGHT/COMPOS/2020/11/x09_y07/S2L2A_medcomp_x09_y07_202011_B05.tif
2025-08-18 20:07:22,497 - INFO - composites.py:430 - Write B07 -> //nas-rs.topo.auth.gr/Latomeia/DROUGHT/COMPOS/2020/11/x09_y07/S2L2A_medcomp_x09_y07_202011_B07.tif
2025-08-18 20:07:27,225 - INFO - composites.py:430 - Write B8A -> //nas-rs.topo.auth.gr/Latomeia/DROUGHT/COMPOS/2020/11/x09_y07/S2L2A_medcomp_x09_y07_202011_B8A.tif
2025-08-18 20:07:31,850 - INFO - composites.py:430 - Write EVI -> //nas-rs.topo.auth.gr/Latomeia/DROUGHT/COMPOS/2020/11/x09_y07/S2L2A_medcomp_x09_y07_202011_evi.tif
2025-08-18 20:07:36,417 - INFO - composites.py:430 - Write NDVI -> //nas-rs.topo.auth.gr/Latomeia/DROUGHT/COMPOS/2020/11/x09_y07/S2L2A_medcomp_x09_y07_202011_ndvi.tif
2025-08-18 20:07:41,051 - INFO - composites.py:430 - Write PSRI2 -> //nas-rs.topo.auth.gr/Latomeia/DROUGHT/COMPOS/2020/11/x09_y07/S2L2A_medcomp_x09_y07_202011_psri2.tif
2025-08-18 20:07:41,057 - INFO - composites.py:434 - Prepare metadata YAML document
2025-08-18 20:07:42,064 - INFO - composites.py:455 - Write metadata YAML document to disk
2025-08-18 20:07:42,104 - INFO - composites.py:460 - Create datacube.model.Dataset from eo3 metadata
2025-08-18 20:07:42,120 - INFO - composites.py:471 - Index to datacube
2025-08-18 20:07:42,120 - INFO - _datasets.py:191 - Indexing 09300004-559f-4d2c-a1e8-1de91b45c21d
2025-08-18 20:07:42,131 - INFO - composites.py:474 - 
2025-08-18 20:07:42,131 - INFO - composites.py:475 -              ✔✔✔ COMPLETED: Tile x09_y07 | Time: 2020-11 | In 10.16 minutes
2025-08-18 20:07:42,131 - INFO - composites.py:476 - 
2025-08-18 20:07:42,131 - INFO - composites.py:484 - Closing Dask client
2025-08-18 20:07:42,133 - INFO - composites.py:488 - Closing Dask cluster
2025-08-18 20:07:42,133 - INFO - composites.py:489 - #######################################################################
