2025-08-30 04:41:03,160 - INFO - composites.py:102 - #######################################################################
2025-08-30 04:41:03,160 - INFO - composites.py:104 - Processing started
2025-08-30 04:41:03,160 - INFO - composites.py:105 -         Tile: x08_y12
2025-08-30 04:41:03,160 - INFO - composites.py:106 -         Time: 2022-09
2025-08-30 04:41:03,160 - INFO - composites.py:109 -                           
2025-08-30 04:41:03,160 - INFO - composites.py:110 - Establishing connection to datacube
2025-08-30 04:41:03,706 - INFO - composites.py:113 -                           
2025-08-30 04:41:03,707 - INFO - composites.py:114 - Sanity test: Check if dataset already exists in the datacube
2025-08-30 04:41:03,726 - INFO - composites.py:133 - The composite requested was not found and it will be computed
2025-08-30 04:41:03,726 - INFO - composites.py:136 -                                  
2025-08-30 04:41:03,726 - INFO - composites.py:137 - Initializing Dask cluster for parallelization
2025-08-30 04:41:08,835 - INFO - composites.py:161 - Dask dashboard is available at: http://127.0.0.1:8787/status
2025-08-30 04:41:08,835 - INFO - composites.py:164 - Create directories and naming conversions
2025-08-30 04:41:08,848 - INFO - composites.py:177 - Dataset location: //nas-rs.topo.auth.gr/Latomeia/DROUGHT/composites/x08/y12/2022/09/01
2025-08-30 04:41:08,848 - INFO - composites.py:180 -                           
2025-08-30 04:41:08,848 - INFO - composites.py:181 - Retrieve tile geometry
2025-08-30 04:41:08,878 - INFO - composites.py:192 - Create the Bounding Box (φ,λ)
2025-08-30 04:41:08,878 - INFO - composites.py:198 - Create the Bounding Box (x,y)
2025-08-30 04:41:08,879 - INFO - composites.py:211 -                           
2025-08-30 04:41:08,879 - INFO - composites.py:212 - Connect to Planetary Computer STAC Catalog
2025-08-30 04:41:09,139 - INFO - composites.py:220 - Search the STAC Catalog
2025-08-30 04:41:09,213 - INFO - composites.py:232 -         Query parameters:
2025-08-30 04:41:09,213 - INFO - composites.py:233 -             url:          https://planetarycomputer.microsoft.com/api/stac/v1/search
2025-08-30 04:41:09,213 - INFO - composites.py:234 -             client:       microsoft-pc
2025-08-30 04:41:09,213 - INFO - composites.py:235 -             collection:   sentinel-2-l2a
2025-08-30 04:41:09,213 - INFO - composites.py:236 -             bbox:         (21.54502923200265, 38.72053801140399, 22.218704170873913, 39.26725432685642)
2025-08-30 04:41:09,213 - INFO - composites.py:237 -             time range:   2022-09-01T00:00:00Z/2022-09-30T23:59:59Z
2025-08-30 04:41:09,213 - INFO - composites.py:238 -             cloud cover:  0% - 70%
2025-08-30 04:41:09,213 - INFO - composites.py:239 -             nodata cover: 0% - 33%
2025-08-30 04:41:09,213 - INFO - composites.py:241 -                           
2025-08-30 04:41:09,213 - INFO - composites.py:242 - Searching...
2025-08-30 04:41:09,765 - INFO - composites.py:245 - Query found 39 items
2025-08-30 04:41:09,781 - INFO - composites.py:247 - Searching for GRI REFINED scenes:
2025-08-30 04:41:14,358 - INFO - sentinel2.py:78 - 1/39 - S2A_MSIL2A_20220930T092041_R093_T34SFJ_20240726T033343 -> REFINED
2025-08-30 04:41:18,681 - INFO - sentinel2.py:78 - 2/39 - S2A_MSIL2A_20220930T092041_R093_T34SFJ_20221001T020954 -> REFINED
2025-08-30 04:41:21,950 - INFO - sentinel2.py:78 - 3/39 - S2A_MSIL2A_20220930T092041_R093_T34SFH_20240726T033343 -> REFINED
2025-08-30 04:41:26,592 - INFO - sentinel2.py:78 - 4/39 - S2A_MSIL2A_20220930T092041_R093_T34SFH_20221001T014805 -> REFINED
2025-08-30 04:41:30,013 - INFO - sentinel2.py:78 - 5/39 - S2A_MSIL2A_20220930T092041_R093_T34SEJ_20240726T033343 -> REFINED
2025-08-30 04:41:33,259 - INFO - sentinel2.py:78 - 6/39 - S2A_MSIL2A_20220930T092041_R093_T34SEJ_20221001T015527 -> REFINED
2025-08-30 04:41:36,632 - INFO - sentinel2.py:78 - 7/39 - S2A_MSIL2A_20220930T092041_R093_T34SEH_20240726T033343 -> REFINED
2025-08-30 04:41:40,849 - INFO - sentinel2.py:78 - 8/39 - S2A_MSIL2A_20220930T092041_R093_T34SEH_20221001T013349 -> REFINED
2025-08-30 04:41:44,689 - INFO - sentinel2.py:78 - 9/39 - S2B_MSIL2A_20220925T092029_R093_T34SFJ_20240730T205212 -> REFINED
2025-08-30 04:41:49,241 - INFO - sentinel2.py:78 - 10/39 - S2B_MSIL2A_20220925T092029_R093_T34SFJ_20220926T012424 -> REFINED
2025-08-30 04:41:53,290 - INFO - sentinel2.py:78 - 11/39 - S2B_MSIL2A_20220925T092029_R093_T34SFH_20240731T082639 -> REFINED
2025-08-30 04:41:57,731 - INFO - sentinel2.py:78 - 12/39 - S2B_MSIL2A_20220925T092029_R093_T34SFH_20220926T032308 -> REFINED
2025-08-30 04:42:01,020 - INFO - sentinel2.py:78 - 13/39 - S2B_MSIL2A_20220925T092029_R093_T34SEJ_20220926T015100 -> REFINED
2025-08-30 04:42:05,105 - INFO - sentinel2.py:78 - 14/39 - S2B_MSIL2A_20220925T092029_R093_T34SEH_20240731T082639 -> REFINED
2025-08-30 04:42:08,497 - INFO - sentinel2.py:78 - 15/39 - S2B_MSIL2A_20220925T092029_R093_T34SEH_20220926T040213 -> REFINED
2025-08-30 04:42:11,832 - INFO - sentinel2.py:78 - 16/39 - S2A_MSIL2A_20220920T092041_R093_T34SFJ_20240727T021934 -> REFINED
2025-08-30 04:42:16,408 - INFO - sentinel2.py:78 - 17/39 - S2A_MSIL2A_20220920T092041_R093_T34SFJ_20220920T210515 -> REFINED
2025-08-30 04:42:20,795 - INFO - sentinel2.py:78 - 18/39 - S2A_MSIL2A_20220920T092041_R093_T34SFH_20240727T021934 -> REFINED
2025-08-30 04:42:24,089 - INFO - sentinel2.py:78 - 19/39 - S2A_MSIL2A_20220920T092041_R093_T34SFH_20220920T221551 -> REFINED
2025-08-30 04:42:27,954 - INFO - sentinel2.py:78 - 20/39 - S2A_MSIL2A_20220920T092041_R093_T34SEJ_20240727T021934 -> REFINED
2025-08-30 04:42:32,569 - INFO - sentinel2.py:78 - 21/39 - S2A_MSIL2A_20220920T092041_R093_T34SEJ_20220920T214156 -> REFINED
2025-08-30 04:42:36,322 - INFO - sentinel2.py:78 - 22/39 - S2A_MSIL2A_20220920T092041_R093_T34SEH_20240727T021934 -> REFINED
2025-08-30 04:42:40,723 - INFO - sentinel2.py:78 - 23/39 - S2A_MSIL2A_20220920T092041_R093_T34SEH_20220920T205152 -> REFINED
2025-08-30 04:42:43,907 - INFO - sentinel2.py:78 - 24/39 - S2B_MSIL2A_20220915T092029_R093_T34SFJ_20240730T075027 -> REFINED
2025-08-30 04:42:47,706 - INFO - sentinel2.py:78 - 25/39 - S2B_MSIL2A_20220915T092029_R093_T34SFH_20240730T075027 -> REFINED
2025-08-30 04:42:52,050 - INFO - sentinel2.py:78 - 26/39 - S2B_MSIL2A_20220915T092029_R093_T34SEJ_20240730T075027 -> REFINED
2025-08-30 04:42:56,506 - INFO - sentinel2.py:78 - 27/39 - S2B_MSIL2A_20220915T092029_R093_T34SEH_20240730T075027 -> REFINED
2025-08-30 04:43:00,487 - INFO - sentinel2.py:78 - 28/39 - S2B_MSIL2A_20220915T092029_R093_T34SEH_20220916T002011 -> REFINED
2025-08-30 04:43:04,549 - INFO - sentinel2.py:78 - 29/39 - S2A_MSIL2A_20220910T091601_R093_T34SFJ_20240727T020443 -> REFINED
2025-08-30 04:43:09,075 - INFO - sentinel2.py:78 - 30/39 - S2A_MSIL2A_20220910T091601_R093_T34SFJ_20220911T234225 -> REFINED
2025-08-30 04:43:12,608 - INFO - sentinel2.py:78 - 31/39 - S2A_MSIL2A_20220910T091601_R093_T34SFH_20240727T020443 -> REFINED
2025-08-30 04:43:16,935 - INFO - sentinel2.py:78 - 32/39 - S2A_MSIL2A_20220910T091601_R093_T34SFH_20220912T001310 -> REFINED
2025-08-30 04:43:21,383 - INFO - sentinel2.py:78 - 33/39 - S2A_MSIL2A_20220910T091601_R093_T34SEJ_20240727T020443 -> REFINED
2025-08-30 04:43:26,276 - INFO - sentinel2.py:78 - 34/39 - S2A_MSIL2A_20220910T091601_R093_T34SEJ_20220911T235737 -> REFINED
2025-08-30 04:43:29,552 - INFO - sentinel2.py:78 - 35/39 - S2A_MSIL2A_20220910T091601_R093_T34SEH_20240727T020443 -> REFINED
2025-08-30 04:43:33,533 - INFO - sentinel2.py:78 - 36/39 - S2A_MSIL2A_20220910T091601_R093_T34SEH_20220911T233500 -> REFINED
2025-08-30 04:43:37,819 - INFO - sentinel2.py:78 - 37/39 - S2B_MSIL2A_20220905T091559_R093_T34SEJ_20220905T184017 -> REFINED
2025-08-30 04:43:41,771 - INFO - sentinel2.py:78 - 38/39 - S2B_MSIL2A_20220905T091559_R093_T34SEH_20240729T193027 -> REFINED
2025-08-30 04:43:45,027 - INFO - sentinel2.py:78 - 39/39 - S2B_MSIL2A_20220905T091559_R093_T34SEH_20220905T181111 -> REFINED
2025-08-30 04:43:45,066 - INFO - composites.py:250 -                                  
2025-08-30 04:43:45,066 - INFO - composites.py:251 - 39/39 were refined by GRI.
2025-08-30 04:43:45,066 - INFO - composites.py:263 - Looking for up to 10 cleanest images within spatiotemporal range of each MGRS tile
2025-08-30 04:43:45,066 - INFO - composites.py:277 - Filtered cleanest scenes: Kept 37 out of 39 items. 
2025-08-30 04:43:45,067 - INFO - composites.py:278 -         Included MGRS Tiles: ['34SEH' '34SEJ' '34SFH' '34SFJ']
2025-08-30 04:43:45,067 - INFO - composites.py:279 -         Included EPSG codes: [32634]
2025-08-30 04:43:45,068 - INFO - composites.py:281 - Selected scenes:
2025-08-30 04:43:45,068 - INFO - composites.py:283 -         S2A_MSIL2A_20220930T092041_R093_T34SEH_20240726T033343
2025-08-30 04:43:45,068 - INFO - composites.py:283 -         S2A_MSIL2A_20220930T092041_R093_T34SEH_20221001T013349
2025-08-30 04:43:45,068 - INFO - composites.py:283 -         S2B_MSIL2A_20220925T092029_R093_T34SEH_20220926T040213
2025-08-30 04:43:45,069 - INFO - composites.py:283 -         S2B_MSIL2A_20220925T092029_R093_T34SEH_20240731T082639
2025-08-30 04:43:45,069 - INFO - composites.py:283 -         S2A_MSIL2A_20220920T092041_R093_T34SEH_20240727T021934
2025-08-30 04:43:45,069 - INFO - composites.py:283 -         S2A_MSIL2A_20220920T092041_R093_T34SEH_20220920T205152
2025-08-30 04:43:45,069 - INFO - composites.py:283 -         S2A_MSIL2A_20220910T091601_R093_T34SEH_20240727T020443
2025-08-30 04:43:45,069 - INFO - composites.py:283 -         S2A_MSIL2A_20220910T091601_R093_T34SEH_20220911T233500
2025-08-30 04:43:45,069 - INFO - composites.py:283 -         S2B_MSIL2A_20220915T092029_R093_T34SEH_20220916T002011
2025-08-30 04:43:45,069 - INFO - composites.py:283 -         S2B_MSIL2A_20220915T092029_R093_T34SEH_20240730T075027
2025-08-30 04:43:45,069 - INFO - composites.py:283 -         S2A_MSIL2A_20220920T092041_R093_T34SEJ_20220920T214156
2025-08-30 04:43:45,069 - INFO - composites.py:283 -         S2A_MSIL2A_20220920T092041_R093_T34SEJ_20240727T021934
2025-08-30 04:43:45,069 - INFO - composites.py:283 -         S2B_MSIL2A_20220925T092029_R093_T34SEJ_20220926T015100
2025-08-30 04:43:45,070 - INFO - composites.py:283 -         S2A_MSIL2A_20220910T091601_R093_T34SEJ_20220911T235737
2025-08-30 04:43:45,070 - INFO - composites.py:283 -         S2A_MSIL2A_20220910T091601_R093_T34SEJ_20240727T020443
2025-08-30 04:43:45,070 - INFO - composites.py:283 -         S2B_MSIL2A_20220915T092029_R093_T34SEJ_20240730T075027
2025-08-30 04:43:45,070 - INFO - composites.py:283 -         S2A_MSIL2A_20220930T092041_R093_T34SEJ_20240726T033343
2025-08-30 04:43:45,070 - INFO - composites.py:283 -         S2A_MSIL2A_20220930T092041_R093_T34SEJ_20221001T015527
2025-08-30 04:43:45,070 - INFO - composites.py:283 -         S2B_MSIL2A_20220905T091559_R093_T34SEJ_20220905T184017
2025-08-30 04:43:45,070 - INFO - composites.py:283 -         S2A_MSIL2A_20220930T092041_R093_T34SFH_20240726T033343
2025-08-30 04:43:45,070 - INFO - composites.py:283 -         S2A_MSIL2A_20220930T092041_R093_T34SFH_20221001T014805
2025-08-30 04:43:45,070 - INFO - composites.py:283 -         S2A_MSIL2A_20220910T091601_R093_T34SFH_20220912T001310
2025-08-30 04:43:45,070 - INFO - composites.py:283 -         S2A_MSIL2A_20220910T091601_R093_T34SFH_20240727T020443
2025-08-30 04:43:45,070 - INFO - composites.py:283 -         S2B_MSIL2A_20220925T092029_R093_T34SFH_20220926T032308
2025-08-30 04:43:45,071 - INFO - composites.py:283 -         S2B_MSIL2A_20220925T092029_R093_T34SFH_20240731T082639
2025-08-30 04:43:45,071 - INFO - composites.py:283 -         S2B_MSIL2A_20220915T092029_R093_T34SFH_20240730T075027
2025-08-30 04:43:45,071 - INFO - composites.py:283 -         S2A_MSIL2A_20220920T092041_R093_T34SFH_20240727T021934
2025-08-30 04:43:45,071 - INFO - composites.py:283 -         S2A_MSIL2A_20220920T092041_R093_T34SFH_20220920T221551
2025-08-30 04:43:45,071 - INFO - composites.py:283 -         S2A_MSIL2A_20220910T091601_R093_T34SFJ_20220911T234225
2025-08-30 04:43:45,071 - INFO - composites.py:283 -         S2A_MSIL2A_20220910T091601_R093_T34SFJ_20240727T020443
2025-08-30 04:43:45,071 - INFO - composites.py:283 -         S2B_MSIL2A_20220925T092029_R093_T34SFJ_20240730T205212
2025-08-30 04:43:45,071 - INFO - composites.py:283 -         S2B_MSIL2A_20220925T092029_R093_T34SFJ_20220926T012424
2025-08-30 04:43:45,071 - INFO - composites.py:283 -         S2A_MSIL2A_20220930T092041_R093_T34SFJ_20221001T020954
2025-08-30 04:43:45,071 - INFO - composites.py:283 -         S2A_MSIL2A_20220930T092041_R093_T34SFJ_20240726T033343
2025-08-30 04:43:45,071 - INFO - composites.py:283 -         S2A_MSIL2A_20220920T092041_R093_T34SFJ_20220920T210515
2025-08-30 04:43:45,071 - INFO - composites.py:283 -         S2A_MSIL2A_20220920T092041_R093_T34SFJ_20240727T021934
2025-08-30 04:43:45,071 - INFO - composites.py:283 -         S2B_MSIL2A_20220915T092029_R093_T34SFJ_20240730T075027
2025-08-30 04:43:45,540 - INFO - sentinel2.py:154 - Matplotlib backend: Agg
2025-08-30 04:43:45,858 - INFO - sentinel2.py:224 - Write input scenes footprint overlay: //nas-rs.topo.auth.gr/Latomeia/DROUGHT/composites/x08/y12/2022/09/01/S2L2A_medcomp_x08y12_202209_InDataFootprint.jpeg
2025-08-30 04:43:46,128 - INFO - composites.py:297 -                                  
2025-08-30 04:43:46,129 - INFO - composites.py:298 - Downstream STAC items from Planetary Computer
2025-08-30 04:43:46,129 - INFO - timeseries_processing.py:115 -                                  
2025-08-30 04:43:46,129 - INFO - timeseries_processing.py:116 - Loading bands of diferent resolutions in EPSG:32634
2025-08-30 04:43:46,129 - INFO - timeseries_processing.py:120 -     Filtering items with native UTM EPSG:32634
2025-08-30 04:43:46,129 - INFO - timeseries_processing.py:122 -     37 Items in EPSG:32634
2025-08-30 04:43:46,129 - INFO - timeseries_processing.py:129 -                        
2025-08-30 04:43:46,129 - INFO - timeseries_processing.py:130 -     Loading parameters:
2025-08-30 04:43:46,129 - INFO - timeseries_processing.py:131 -         Bands: ['B05', 'B07', 'B8A', 'SCL']
2025-08-30 04:43:46,129 - INFO - timeseries_processing.py:132 -         Spatial resolution: 20
2025-08-30 04:43:46,129 - INFO - timeseries_processing.py:134 -         Get Assets from STAC Items
2025-08-30 04:43:46,129 - INFO - timeseries_processing.py:47 -         Initialize the STAC client
2025-08-30 04:43:46,809 - INFO - timeseries_processing.py:137 -         Loading 37 STAC Items....
2025-08-30 04:44:29,489 - INFO - timeseries_processing.py:146 -         Cube has been downloaded
2025-08-30 04:44:29,489 - INFO - timeseries_processing.py:156 -         Fix order of dimensions
2025-08-30 04:44:29,490 - INFO - timeseries_processing.py:161 -         Append bands to the band-list of EPSG:32634
2025-08-30 04:44:29,490 - INFO - timeseries_processing.py:129 -                        
2025-08-30 04:44:29,490 - INFO - timeseries_processing.py:130 -     Loading parameters:
2025-08-30 04:44:29,491 - INFO - timeseries_processing.py:131 -         Bands: ['B02', 'B03', 'B04']
2025-08-30 04:44:29,491 - INFO - timeseries_processing.py:132 -         Spatial resolution: 10
2025-08-30 04:44:29,491 - INFO - timeseries_processing.py:134 -         Get Assets from STAC Items
2025-08-30 04:44:29,491 - INFO - timeseries_processing.py:47 -         Initialize the STAC client
2025-08-30 04:44:30,247 - INFO - timeseries_processing.py:137 -         Loading 37 STAC Items....
2025-08-30 04:48:14,597 - INFO - timeseries_processing.py:146 -         Cube has been downloaded
2025-08-30 04:48:14,597 - INFO - timeseries_processing.py:149 -         Reproject to downsample 10m bands to 20m by Resampling.average 2x2 binning and shape matching with odc.geo.GeoBox
2025-08-30 04:48:23,511 - INFO - timeseries_processing.py:161 -         Append bands to the band-list of EPSG:32634
2025-08-30 04:48:23,511 - INFO - timeseries_processing.py:165 -                        
2025-08-30 04:48:23,511 - INFO - timeseries_processing.py:166 -     Merging bands in a single dataset
2025-08-30 04:48:23,511 - INFO - timeseries_processing.py:167 -     Ensure all partial datasets are at (x=20, y=-20) resolution
2025-08-30 04:48:23,512 - INFO - timeseries_processing.py:171 -     Clip to the intersection of indexes
2025-08-30 04:48:24,510 - INFO - timeseries_processing.py:180 -     Make a list of bands to merge
2025-08-30 04:48:24,511 - INFO - timeseries_processing.py:184 -     Merge on intersection
2025-08-30 04:48:24,512 - INFO - timeseries_processing.py:192 -     Apply masks on clouds, shadows, thin cirrus, and snow/ice
2025-08-30 04:48:24,512 - INFO - sentinel2.py:122 -                Masking bits: [3, 7, 8, 9, 10, 11]
2025-08-30 04:48:25,222 - INFO - composites.py:307 - Reproject from UTM Zone to Tile geometry -> CRS(EPSG:32634), Resampling.bilinear
2025-08-30 04:48:29,202 - INFO - composites.py:310 -     New shape of datasets: Shape2d(x=2400, y=2400)
2025-08-30 04:48:29,876 - INFO - composites.py:329 - Scale SR to Sen2Cor Baseline 4.00 - Subtract 1000 in dates post 2022-01-25
2025-08-30 04:48:30,897 - INFO - composites.py:342 - Creating preview plot of input scenes
2025-08-30 04:48:55,837 - INFO - timeseries_processing.py:349 - Saved preview for 'B04' to //nas-rs.topo.auth.gr/Latomeia/DROUGHT/composites/x08/y12/2022/09/01/S2L2A_medcomp_x08y12_202209_InDataPreview.jpeg
2025-08-30 04:48:55,855 - INFO - composites.py:348 - Clip value range
2025-08-30 04:48:57,024 - INFO - composites.py:353 -                           
2025-08-30 04:48:57,024 - INFO - composites.py:354 - Computing spectral indices:
2025-08-30 04:48:57,024 - INFO - composites.py:357 -     EVI...
2025-08-30 04:48:57,799 - INFO - composites.py:359 -     NDVI...
2025-08-30 04:48:58,025 - INFO - composites.py:361 -     PSRI2...
2025-08-30 04:48:58,287 - INFO - composites.py:364 - Clip to typical value range
2025-08-30 04:48:58,493 - INFO - composites.py:371 - Reducing to median value temporal composite
2025-08-30 04:49:23,910 - INFO - composites.py:390 - Scale and Define data types & nodata per band
2025-08-30 04:49:24,051 - INFO - composites.py:411 - Assign time range and tile ID in metadata
2025-08-30 04:49:24,051 - INFO - composites.py:419 - Write bands to raster COG files
2025-08-30 04:49:27,991 - INFO - composites.py:432 - Write B02 -> //nas-rs.topo.auth.gr/Latomeia/DROUGHT/composites/x08/y12/2022/09/01/S2L2A_medcomp_x08y12_202209_B02.tif
2025-08-30 04:49:31,948 - INFO - composites.py:432 - Write B03 -> //nas-rs.topo.auth.gr/Latomeia/DROUGHT/composites/x08/y12/2022/09/01/S2L2A_medcomp_x08y12_202209_B03.tif
2025-08-30 04:49:35,868 - INFO - composites.py:432 - Write B04 -> //nas-rs.topo.auth.gr/Latomeia/DROUGHT/composites/x08/y12/2022/09/01/S2L2A_medcomp_x08y12_202209_B04.tif
2025-08-30 04:49:39,803 - INFO - composites.py:432 - Write B05 -> //nas-rs.topo.auth.gr/Latomeia/DROUGHT/composites/x08/y12/2022/09/01/S2L2A_medcomp_x08y12_202209_B05.tif
2025-08-30 04:49:43,705 - INFO - composites.py:432 - Write B07 -> //nas-rs.topo.auth.gr/Latomeia/DROUGHT/composites/x08/y12/2022/09/01/S2L2A_medcomp_x08y12_202209_B07.tif
2025-08-30 04:49:47,653 - INFO - composites.py:432 - Write B8A -> //nas-rs.topo.auth.gr/Latomeia/DROUGHT/composites/x08/y12/2022/09/01/S2L2A_medcomp_x08y12_202209_B8A.tif
2025-08-30 04:49:51,629 - INFO - composites.py:432 - Write EVI -> //nas-rs.topo.auth.gr/Latomeia/DROUGHT/composites/x08/y12/2022/09/01/S2L2A_medcomp_x08y12_202209_EVI.tif
2025-08-30 04:49:55,618 - INFO - composites.py:432 - Write NDVI -> //nas-rs.topo.auth.gr/Latomeia/DROUGHT/composites/x08/y12/2022/09/01/S2L2A_medcomp_x08y12_202209_NDVI.tif
2025-08-30 04:49:59,453 - INFO - composites.py:432 - Write PSRI2 -> //nas-rs.topo.auth.gr/Latomeia/DROUGHT/composites/x08/y12/2022/09/01/S2L2A_medcomp_x08y12_202209_PSRI2.tif
2025-08-30 04:49:59,466 - INFO - composites.py:436 - Prepare metadata YAML document
2025-08-30 04:49:59,972 - INFO - composites.py:458 - Write metadata YAML document to disk
2025-08-30 04:50:00,005 - INFO - composites.py:463 - Create datacube.model.Dataset from eo3 metadata
2025-08-30 04:50:00,018 - INFO - composites.py:476 - Index to datacube
2025-08-30 04:50:00,019 - INFO - _datasets.py:191 - Indexing 969faa6d-0d32-434e-914c-33319f98fb12
2025-08-30 04:50:00,028 - INFO - composites.py:479 - 
2025-08-30 04:50:00,028 - INFO - composites.py:480 -              ✔✔✔ COMPLETED: Tile x08_y12 | Time: 2022-09 | In 8.95 minutes
2025-08-30 04:50:00,028 - INFO - composites.py:481 - 
2025-08-30 04:50:00,028 - INFO - composites.py:489 - Closing Dask client
2025-08-30 04:50:00,030 - INFO - composites.py:493 - Closing Dask cluster
2025-08-30 04:50:00,030 - INFO - composites.py:494 - #######################################################################
