2025-08-18 12:57:44,769 - INFO - composites.py:104 - #######################################################################
2025-08-18 12:57:44,769 - INFO - composites.py:106 - Processing started
2025-08-18 12:57:44,769 - INFO - composites.py:107 -         Tile: x08_y11
2025-08-18 12:57:44,769 - INFO - composites.py:108 -         Time: 2020-09
2025-08-18 12:57:44,769 - INFO - composites.py:111 -                           
2025-08-18 12:57:44,769 - INFO - composites.py:112 - Establishing connection to datacube
2025-08-18 12:57:45,483 - INFO - composites.py:115 -                           
2025-08-18 12:57:45,483 - INFO - composites.py:116 - Sanity test: Check if dataset already exists in the datacube
2025-08-18 12:57:45,501 - INFO - composites.py:134 - The composite requested will be computed
2025-08-18 12:57:45,501 - INFO - composites.py:137 -                                  
2025-08-18 12:57:45,501 - INFO - composites.py:138 - Initializing Dask cluster for parallelization
2025-08-18 12:57:52,039 - INFO - composites.py:170 - Dask dashboard is available at: http://127.0.0.1:8787/status
2025-08-18 12:57:52,040 - INFO - composites.py:173 - Create directories and naming conversions
2025-08-18 12:57:52,044 - INFO - composites.py:184 - Dataset location: //nas-rs.topo.auth.gr/Latomeia/DROUGHT/COMPOS/2020/09/x08_y11
2025-08-18 12:57:52,044 - INFO - composites.py:187 -                           
2025-08-18 12:57:52,044 - INFO - composites.py:188 - Retrieve tile geometry
2025-08-18 12:57:52,091 - INFO - composites.py:199 - Create the Bounding Box (φ,λ)
2025-08-18 12:57:52,091 - INFO - composites.py:205 - Create the Bounding Box (x,y)
2025-08-18 12:57:52,091 - INFO - composites.py:218 -                           
2025-08-18 12:57:52,091 - INFO - composites.py:219 - Connect to Planetary Computer STAC Catalog
2025-08-18 12:57:52,314 - INFO - composites.py:227 - Search the STAC Catalog
2025-08-18 12:57:52,391 - INFO - composites.py:239 -         Query parameters:
2025-08-18 12:57:52,391 - INFO - composites.py:240 -             url:          https://planetarycomputer.microsoft.com/api/stac/v1/search
2025-08-18 12:57:52,391 - INFO - composites.py:241 -             client:       microsoft-pc
2025-08-18 12:57:52,391 - INFO - composites.py:242 -             collection:   sentinel-2-l2a
2025-08-18 12:57:52,391 - INFO - composites.py:243 -             bbox:         (21.470520298300848, 38.29139393054603, 22.13941953033095, 38.83791967762717)
2025-08-18 12:57:52,391 - INFO - composites.py:244 -             time range:   2020-09-01T00:00:00Z/2020-09-30T23:59:59Z
2025-08-18 12:57:52,391 - INFO - composites.py:245 -             cloud cover:  0% - 70%
2025-08-18 12:57:52,391 - INFO - composites.py:246 -             nodata cover: 0% - 33%
2025-08-18 12:57:52,391 - INFO - composites.py:248 -                           
2025-08-18 12:57:52,391 - INFO - composites.py:249 - Searching...
2025-08-18 12:57:52,862 - INFO - composites.py:252 - Query found 12 items
2025-08-18 12:57:52,862 - INFO - composites.py:254 - Searching for GRI REFINED scenes:
2025-08-18 12:58:00,385 - INFO - sentinel2.py:63 - 1/12 - S2A_MSIL2A_20200930T092031_R093_T34SEJ_20201002T062819 -> Not Found
2025-08-18 12:58:08,489 - INFO - sentinel2.py:63 - 2/12 - S2A_MSIL2A_20200930T092031_R093_T34SEH_20201002T062414 -> Not Found
2025-08-18 12:58:15,716 - INFO - sentinel2.py:63 - 3/12 - S2B_MSIL2A_20200925T092029_R093_T34SEJ_20200926T230419 -> Not Found
2025-08-18 12:58:22,571 - INFO - sentinel2.py:63 - 4/12 - S2B_MSIL2A_20200925T092029_R093_T34SEH_20200926T230409 -> Not Found
2025-08-18 12:58:30,953 - INFO - sentinel2.py:63 - 5/12 - S2A_MSIL2A_20200920T092031_R093_T34SEJ_20200923T000440 -> Not Found
2025-08-18 12:58:38,511 - INFO - sentinel2.py:63 - 6/12 - S2A_MSIL2A_20200920T092031_R093_T34SEH_20200923T000440 -> Not Found
2025-08-18 12:58:45,586 - INFO - sentinel2.py:63 - 7/12 - S2B_MSIL2A_20200915T092029_R093_T34SEJ_20200918T102701 -> Not Found
2025-08-18 12:58:53,064 - INFO - sentinel2.py:63 - 8/12 - S2B_MSIL2A_20200915T092029_R093_T34SEH_20200918T102637 -> Not Found
2025-08-18 12:59:02,207 - INFO - sentinel2.py:63 - 9/12 - S2A_MSIL2A_20200910T092031_R093_T34SEJ_20200912T025626 -> Not Found
2025-08-18 12:59:10,524 - INFO - sentinel2.py:63 - 10/12 - S2A_MSIL2A_20200910T092031_R093_T34SEH_20200912T025329 -> Not Found
2025-08-18 12:59:18,641 - INFO - sentinel2.py:63 - 11/12 - S2B_MSIL2A_20200905T092029_R093_T34SEJ_20200908T034946 -> Not Found
2025-08-18 12:59:25,560 - INFO - sentinel2.py:63 - 12/12 - S2B_MSIL2A_20200905T092029_R093_T34SEH_20200908T034907 -> Not Found
2025-08-18 12:59:25,622 - INFO - composites.py:257 -                                  
2025-08-18 12:59:25,622 - INFO - composites.py:258 - 0/12 were refined by GRI.
2025-08-18 12:59:25,622 - WARNING - composites.py:262 - Tile x08_y11 | Time: 2020-09: All scenes are flagged NOT REFINED.
2025-08-18 12:59:25,622 - WARNING - composites.py:263 - Tile x08_y11 | Time: 2020-09: The composite will be flagged with _NOREFINED.
2025-08-18 12:59:25,623 - INFO - composites.py:270 - Looking for up to 10 cleanest images within spatiotemporal range of each MGRS tile
2025-08-18 12:59:25,623 - INFO - composites.py:284 - Filtered cleanest scenes: Kept 12 out of 12 items. 
2025-08-18 12:59:25,623 - INFO - composites.py:285 -         Included MGRS Tiles: ['34SEH' '34SEJ']
2025-08-18 12:59:25,624 - INFO - composites.py:286 -         Included EPSG codes: [32634]
2025-08-18 12:59:25,624 - INFO - composites.py:288 - Selected scenes:
2025-08-18 12:59:25,624 - INFO - composites.py:290 -         S2B_MSIL2A_20200905T092029_R093_T34SEH_20200908T034907
2025-08-18 12:59:25,624 - INFO - composites.py:290 -         S2A_MSIL2A_20200930T092031_R093_T34SEH_20201002T062414
2025-08-18 12:59:25,625 - INFO - composites.py:290 -         S2A_MSIL2A_20200910T092031_R093_T34SEH_20200912T025329
2025-08-18 12:59:25,625 - INFO - composites.py:290 -         S2B_MSIL2A_20200925T092029_R093_T34SEH_20200926T230409
2025-08-18 12:59:25,625 - INFO - composites.py:290 -         S2B_MSIL2A_20200915T092029_R093_T34SEH_20200918T102637
2025-08-18 12:59:25,625 - INFO - composites.py:290 -         S2A_MSIL2A_20200920T092031_R093_T34SEH_20200923T000440
2025-08-18 12:59:25,625 - INFO - composites.py:290 -         S2B_MSIL2A_20200905T092029_R093_T34SEJ_20200908T034946
2025-08-18 12:59:25,625 - INFO - composites.py:290 -         S2A_MSIL2A_20200910T092031_R093_T34SEJ_20200912T025626
2025-08-18 12:59:25,625 - INFO - composites.py:290 -         S2B_MSIL2A_20200915T092029_R093_T34SEJ_20200918T102701
2025-08-18 12:59:25,625 - INFO - composites.py:290 -         S2A_MSIL2A_20200930T092031_R093_T34SEJ_20201002T062819
2025-08-18 12:59:25,625 - INFO - composites.py:290 -         S2B_MSIL2A_20200925T092029_R093_T34SEJ_20200926T230419
2025-08-18 12:59:25,625 - INFO - composites.py:290 -         S2A_MSIL2A_20200920T092031_R093_T34SEJ_20200923T000440
2025-08-18 12:59:26,249 - INFO - sentinel2.py:139 - Matplotlib backend: Agg
2025-08-18 12:59:26,469 - INFO - sentinel2.py:209 - Write input scenes footprint overlay: //nas-rs.topo.auth.gr/Latomeia/DROUGHT/COMPOS/2020/09/x08_y11/S2L2A_medcomp_x08_y11_202009_InDataFootprint.jpeg
2025-08-18 12:59:26,734 - INFO - composites.py:304 -                                  
2025-08-18 12:59:26,734 - INFO - composites.py:305 - Downstream STAC items from Planetary Computer
2025-08-18 12:59:26,734 - INFO - timeseries_processing.py:99 -                                  
2025-08-18 12:59:26,734 - INFO - timeseries_processing.py:100 - Loading bands of diferent resolutions in EPSG:32634
2025-08-18 12:59:26,734 - INFO - timeseries_processing.py:104 -     Filtering items with native UTM EPSG:32634
2025-08-18 12:59:26,734 - INFO - timeseries_processing.py:106 -     12 Items in EPSG:32634
2025-08-18 12:59:26,734 - INFO - timeseries_processing.py:113 -                        
2025-08-18 12:59:26,734 - INFO - timeseries_processing.py:114 -     Loading parameters:
2025-08-18 12:59:26,734 - INFO - timeseries_processing.py:115 -         Bands: ['B05', 'B07', 'B8A', 'SCL']
2025-08-18 12:59:26,734 - INFO - timeseries_processing.py:116 -         Spatial resolution: 20
2025-08-18 12:59:26,734 - INFO - timeseries_processing.py:118 -         Get Assets from STAC Items
2025-08-18 12:59:26,735 - INFO - timeseries_processing.py:31 -         Initialize the STAC client
2025-08-18 12:59:27,284 - INFO - timeseries_processing.py:121 -         Loading 12 STAC Items....
2025-08-18 12:59:51,898 - INFO - timeseries_processing.py:143 -         Cube has been downloaded
2025-08-18 12:59:51,898 - INFO - timeseries_processing.py:152 -         Fix order of dimensions
2025-08-18 12:59:51,900 - INFO - timeseries_processing.py:157 -         Append bands to the band-list of EPSG:32634
2025-08-18 12:59:51,900 - INFO - timeseries_processing.py:113 -                        
2025-08-18 12:59:51,901 - INFO - timeseries_processing.py:114 -     Loading parameters:
2025-08-18 12:59:51,901 - INFO - timeseries_processing.py:115 -         Bands: ['B02', 'B03', 'B04']
2025-08-18 12:59:51,901 - INFO - timeseries_processing.py:116 -         Spatial resolution: 10
2025-08-18 12:59:51,901 - INFO - timeseries_processing.py:118 -         Get Assets from STAC Items
2025-08-18 12:59:51,901 - INFO - timeseries_processing.py:31 -         Initialize the STAC client
2025-08-18 12:59:52,437 - INFO - timeseries_processing.py:121 -         Loading 12 STAC Items....
2025-08-18 13:01:05,528 - INFO - timeseries_processing.py:143 -         Cube has been downloaded
2025-08-18 13:01:05,534 - INFO - timeseries_processing.py:146 -         Downsample 10m bands to 20m by average 2x2 binning
2025-08-18 13:01:13,841 - INFO - timeseries_processing.py:149 -         Warp (reproject) 2x2 binned bands to match shape of native 20m bands: method=bilinear
2025-08-18 13:01:21,596 - INFO - timeseries_processing.py:157 -         Append bands to the band-list of EPSG:32634
2025-08-18 13:01:21,597 - INFO - timeseries_processing.py:161 -                        
2025-08-18 13:01:21,597 - INFO - timeseries_processing.py:162 -     Merging bands in a single dataset
2025-08-18 13:01:21,597 - INFO - timeseries_processing.py:163 -     Ensure all partial datasets are at (x=20, y=-20) resolution
2025-08-18 13:01:21,597 - INFO - timeseries_processing.py:167 -     Clip to the intersection of indexes
2025-08-18 13:01:23,090 - INFO - timeseries_processing.py:176 -     Make a list of bands to merge
2025-08-18 13:01:23,091 - INFO - timeseries_processing.py:180 -     Merge on intersection
2025-08-18 13:01:23,093 - INFO - timeseries_processing.py:188 -     Apply masks on clouds, shadows, thin cirrus, and snow/ice
2025-08-18 13:01:23,093 - INFO - sentinel2.py:107 -                Masking bits: [3, 7, 8, 9, 10, 11]
2025-08-18 13:01:23,930 - INFO - timeseries_processing.py:194 -     Reproject to Tiling Schema projection EPSG:3035
2025-08-18 13:01:32,427 - INFO - composites.py:314 - Clip and align to tile geometry
2025-08-18 13:01:35,370 - INFO - composites.py:347 - Creating preview plot of input scenes
2025-08-18 13:02:07,051 - INFO - timeseries_processing.py:352 - Saved preview for 'B04' to //nas-rs.topo.auth.gr/Latomeia/DROUGHT/COMPOS/2020/09/x08_y11/S2L2A_medcomp_x08_y11_202009_InDataPreview.jpeg
2025-08-18 13:02:07,058 - INFO - composites.py:353 - Clip value range
2025-08-18 13:02:08,466 - INFO - composites.py:358 -                           
2025-08-18 13:02:08,467 - INFO - composites.py:359 - Computing spectral indices:
2025-08-18 13:02:08,467 - INFO - composites.py:362 -     EVI...
2025-08-18 13:02:09,246 - INFO - composites.py:364 -     NDVI...
2025-08-18 13:02:09,515 - INFO - composites.py:366 -     PSRI2...
2025-08-18 13:02:09,767 - INFO - composites.py:369 - Clip to typical value range
2025-08-18 13:02:10,054 - INFO - composites.py:376 - Reducing to median value temporal composite
2025-08-18 13:02:39,402 - INFO - composites.py:395 - Define data types and nodata per band
2025-08-18 13:02:39,562 - INFO - composites.py:416 - Assign time range and tile ID in metadata
2025-08-18 13:02:39,562 - INFO - composites.py:424 - Write bands to raster COG files
2025-08-18 13:02:44,219 - INFO - composites.py:437 - Write B02 -> //nas-rs.topo.auth.gr/Latomeia/DROUGHT/COMPOS/2020/09/x08_y11/S2L2A_medcomp_x08_y11_202009_B02.tif
2025-08-18 13:02:49,037 - INFO - composites.py:437 - Write B03 -> //nas-rs.topo.auth.gr/Latomeia/DROUGHT/COMPOS/2020/09/x08_y11/S2L2A_medcomp_x08_y11_202009_B03.tif
2025-08-18 13:02:53,802 - INFO - composites.py:437 - Write B04 -> //nas-rs.topo.auth.gr/Latomeia/DROUGHT/COMPOS/2020/09/x08_y11/S2L2A_medcomp_x08_y11_202009_B04.tif
2025-08-18 13:02:58,978 - INFO - composites.py:437 - Write B05 -> //nas-rs.topo.auth.gr/Latomeia/DROUGHT/COMPOS/2020/09/x08_y11/S2L2A_medcomp_x08_y11_202009_B05.tif
2025-08-18 13:03:03,963 - INFO - composites.py:437 - Write B07 -> //nas-rs.topo.auth.gr/Latomeia/DROUGHT/COMPOS/2020/09/x08_y11/S2L2A_medcomp_x08_y11_202009_B07.tif
2025-08-18 13:03:08,907 - INFO - composites.py:437 - Write B8A -> //nas-rs.topo.auth.gr/Latomeia/DROUGHT/COMPOS/2020/09/x08_y11/S2L2A_medcomp_x08_y11_202009_B8A.tif
2025-08-18 13:03:13,677 - INFO - composites.py:437 - Write EVI -> //nas-rs.topo.auth.gr/Latomeia/DROUGHT/COMPOS/2020/09/x08_y11/S2L2A_medcomp_x08_y11_202009_evi.tif
2025-08-18 13:03:18,430 - INFO - composites.py:437 - Write NDVI -> //nas-rs.topo.auth.gr/Latomeia/DROUGHT/COMPOS/2020/09/x08_y11/S2L2A_medcomp_x08_y11_202009_ndvi.tif
2025-08-18 13:03:23,120 - INFO - composites.py:437 - Write PSRI2 -> //nas-rs.topo.auth.gr/Latomeia/DROUGHT/COMPOS/2020/09/x08_y11/S2L2A_medcomp_x08_y11_202009_psri2.tif
2025-08-18 13:03:23,121 - INFO - composites.py:441 - Prepare metadata YAML document
2025-08-18 13:03:23,905 - INFO - composites.py:462 - Write metadata YAML document to disk
2025-08-18 13:03:23,959 - INFO - composites.py:467 - Create datacube.model.Dataset from eo3 metadata
2025-08-18 13:03:23,970 - INFO - composites.py:477 - Index to datacube
2025-08-18 13:03:23,970 - INFO - _datasets.py:191 - Indexing 622d6dfe-a4a2-4791-9c00-cd08f582e3ce
2025-08-18 13:03:23,978 - INFO - composites.py:480 - 
2025-08-18 13:03:23,978 - INFO - composites.py:481 -              ✔✔✔ COMPLETED: Tile x08_y11 | Time: 2020-09 | In 5.65 minutes
2025-08-18 13:03:23,978 - INFO - composites.py:482 - 
2025-08-18 13:03:23,978 - INFO - composites.py:490 - Closing Dask client
2025-08-18 13:03:23,986 - INFO - composites.py:494 - Closing Dask cluster
