2025-08-26 10:47:43,414 - INFO - composites.py:102 - #######################################################################
2025-08-26 10:47:43,415 - INFO - composites.py:104 - Processing started
2025-08-26 10:47:43,415 - INFO - composites.py:105 -         Tile: x12_y12
2025-08-26 10:47:43,415 - INFO - composites.py:106 -         Time: 2020-06
2025-08-26 10:47:43,415 - INFO - composites.py:109 -                           
2025-08-26 10:47:43,415 - INFO - composites.py:110 - Establishing connection to datacube
2025-08-26 10:47:43,916 - INFO - composites.py:113 -                           
2025-08-26 10:47:43,916 - INFO - composites.py:114 - Sanity test: Check if dataset already exists in the datacube
2025-08-26 10:47:43,933 - INFO - composites.py:133 - The composite requested was not found and it will be computed
2025-08-26 10:47:43,933 - INFO - composites.py:136 -                                  
2025-08-26 10:47:43,934 - INFO - composites.py:137 - Initializing Dask cluster for parallelization
2025-08-26 10:47:48,947 - INFO - composites.py:161 - Dask dashboard is available at: http://127.0.0.1:8787/status
2025-08-26 10:47:48,947 - INFO - composites.py:164 - Create directories and naming conversions
2025-08-26 10:47:48,960 - INFO - composites.py:177 - Dataset location: //nas-rs.topo.auth.gr/Latomeia/DROUGHT/composites/x12/y12/2020/06/01
2025-08-26 10:47:48,960 - INFO - composites.py:180 -                           
2025-08-26 10:47:48,960 - INFO - composites.py:181 - Retrieve tile geometry
2025-08-26 10:47:48,988 - INFO - composites.py:192 - Create the Bounding Box (φ,λ)
2025-08-26 10:47:48,988 - INFO - composites.py:198 - Create the Bounding Box (x,y)
2025-08-26 10:47:48,988 - INFO - composites.py:211 -                           
2025-08-26 10:47:48,988 - INFO - composites.py:212 - Connect to Planetary Computer STAC Catalog
2025-08-26 10:47:49,305 - INFO - composites.py:220 - Search the STAC Catalog
2025-08-26 10:47:49,416 - INFO - composites.py:232 -         Query parameters:
2025-08-26 10:47:49,416 - INFO - composites.py:233 -             url:          https://planetarycomputer.microsoft.com/api/stac/v1/search
2025-08-26 10:47:49,416 - INFO - composites.py:234 -             client:       microsoft-pc
2025-08-26 10:47:49,416 - INFO - composites.py:235 -             collection:   sentinel-2-l2a
2025-08-26 10:47:49,416 - INFO - composites.py:236 -             bbox:         (23.716312541714892, 38.42057868621947, 24.399215341225577, 38.9773418780241)
2025-08-26 10:47:49,418 - INFO - composites.py:237 -             time range:   2020-06-01T00:00:00Z/2020-06-30T23:59:59Z
2025-08-26 10:47:49,418 - INFO - composites.py:238 -             cloud cover:  0% - 70%
2025-08-26 10:47:49,418 - INFO - composites.py:239 -             nodata cover: 0% - 33%
2025-08-26 10:47:49,418 - INFO - composites.py:241 -                           
2025-08-26 10:47:49,418 - INFO - composites.py:242 - Searching...
2025-08-26 10:47:49,944 - INFO - composites.py:245 - Query found 24 items
2025-08-26 10:47:49,944 - INFO - composites.py:247 - Searching for GRI REFINED scenes:
2025-08-26 10:47:55,659 - INFO - sentinel2.py:78 - 1/24 - S2A_MSIL2A_20200629T090601_R050_T35SKD_20200919T044503 -> Not Found
2025-08-26 10:48:02,255 - INFO - sentinel2.py:78 - 2/24 - S2A_MSIL2A_20200629T090601_R050_T35SKC_20200824T131338 -> Not Found
2025-08-26 10:48:09,254 - INFO - sentinel2.py:78 - 3/24 - S2A_MSIL2A_20200629T090601_R050_T34SGJ_20200908T173026 -> Not Found
2025-08-26 10:48:15,557 - INFO - sentinel2.py:78 - 4/24 - S2A_MSIL2A_20200629T090601_R050_T34SGH_20200824T131328 -> Not Found
2025-08-26 10:48:22,377 - INFO - sentinel2.py:78 - 5/24 - S2B_MSIL2A_20200624T090559_R050_T35SKD_20200823T233528 -> Not Found
2025-08-26 10:48:30,134 - INFO - sentinel2.py:78 - 6/24 - S2B_MSIL2A_20200624T090559_R050_T35SKC_20200823T233528 -> Not Found
2025-08-26 10:48:37,586 - INFO - sentinel2.py:78 - 7/24 - S2B_MSIL2A_20200624T090559_R050_T34SGJ_20200823T233515 -> Not Found
2025-08-26 10:48:44,573 - INFO - sentinel2.py:78 - 8/24 - S2B_MSIL2A_20200624T090559_R050_T34SGH_20200823T233514 -> Not Found
2025-08-26 10:48:50,317 - INFO - sentinel2.py:78 - 9/24 - S2A_MSIL2A_20200619T090601_R050_T35SKD_20200823T070640 -> Not Found
2025-08-26 10:48:57,558 - INFO - sentinel2.py:78 - 10/24 - S2A_MSIL2A_20200619T090601_R050_T35SKC_20200823T070640 -> Not Found
2025-08-26 10:49:04,125 - INFO - sentinel2.py:78 - 11/24 - S2A_MSIL2A_20200619T090601_R050_T34SGJ_20200823T070634 -> Not Found
2025-08-26 10:49:11,036 - INFO - sentinel2.py:78 - 12/24 - S2A_MSIL2A_20200619T090601_R050_T34SGH_20200823T070631 -> Not Found
2025-08-26 10:49:17,945 - INFO - sentinel2.py:78 - 13/24 - S2B_MSIL2A_20200614T090559_R050_T35SKD_20200919T044501 -> Not Found
2025-08-26 10:49:24,621 - INFO - sentinel2.py:78 - 14/24 - S2B_MSIL2A_20200614T090559_R050_T35SKC_20200827T093602 -> Not Found
2025-08-26 10:49:31,202 - INFO - sentinel2.py:78 - 15/24 - S2B_MSIL2A_20200614T090559_R050_T34SGJ_20200827T093553 -> Not Found
2025-08-26 10:49:37,735 - INFO - sentinel2.py:78 - 16/24 - S2B_MSIL2A_20200614T090559_R050_T34SGH_20200827T093553 -> Not Found
2025-08-26 10:49:43,473 - INFO - sentinel2.py:78 - 17/24 - S2A_MSIL2A_20200609T090601_R050_T35SKD_20200826T171338 -> Not Found
2025-08-26 10:49:49,799 - INFO - sentinel2.py:78 - 18/24 - S2A_MSIL2A_20200609T090601_R050_T35SKC_20200826T171338 -> Not Found
2025-08-26 10:49:57,252 - INFO - sentinel2.py:78 - 19/24 - S2A_MSIL2A_20200609T090601_R050_T34SGJ_20200826T171311 -> Not Found
2025-08-26 10:50:03,979 - INFO - sentinel2.py:78 - 20/24 - S2A_MSIL2A_20200609T090601_R050_T34SGH_20200826T171312 -> Not Found
2025-08-26 10:50:10,894 - INFO - sentinel2.py:78 - 21/24 - S2B_MSIL2A_20200604T090559_R050_T35SKD_20200919T044502 -> Not Found
2025-08-26 10:50:18,224 - INFO - sentinel2.py:78 - 22/24 - S2B_MSIL2A_20200604T090559_R050_T35SKC_20200826T035526 -> Not Found
2025-08-26 10:50:24,110 - INFO - sentinel2.py:78 - 23/24 - S2B_MSIL2A_20200604T090559_R050_T34SGJ_20200826T035503 -> Not Found
2025-08-26 10:50:30,317 - INFO - sentinel2.py:78 - 24/24 - S2B_MSIL2A_20200604T090559_R050_T34SGH_20200826T035504 -> Not Found
2025-08-26 10:50:30,369 - INFO - composites.py:250 -                                  
2025-08-26 10:50:30,370 - INFO - composites.py:251 - 0/24 were refined by GRI.
2025-08-26 10:50:30,370 - WARNING - composites.py:255 - Tile x12_y12 | Time: 2020-06: All scenes are flagged NOT REFINED.
2025-08-26 10:50:30,370 - WARNING - composites.py:256 - Tile x12_y12 | Time: 2020-06: The composite will be flagged with _NOREFINED.
2025-08-26 10:50:30,370 - INFO - composites.py:263 - Looking for up to 10 cleanest images within spatiotemporal range of each MGRS tile
2025-08-26 10:50:30,371 - INFO - composites.py:277 - Filtered cleanest scenes: Kept 24 out of 24 items. 
2025-08-26 10:50:30,371 - INFO - composites.py:278 -         Included MGRS Tiles: ['34SGH' '34SGJ' '35SKC' '35SKD']
2025-08-26 10:50:30,371 - INFO - composites.py:279 -         Included EPSG codes: [32634 32635]
2025-08-26 10:50:30,371 - INFO - composites.py:281 - Selected scenes:
2025-08-26 10:50:30,372 - INFO - composites.py:283 -         S2A_MSIL2A_20200629T090601_R050_T34SGH_20200824T131328
2025-08-26 10:50:30,372 - INFO - composites.py:283 -         S2A_MSIL2A_20200619T090601_R050_T34SGH_20200823T070631
2025-08-26 10:50:30,393 - INFO - composites.py:283 -         S2B_MSIL2A_20200604T090559_R050_T34SGH_20200826T035504
2025-08-26 10:50:30,393 - INFO - composites.py:283 -         S2B_MSIL2A_20200614T090559_R050_T34SGH_20200827T093553
2025-08-26 10:50:30,393 - INFO - composites.py:283 -         S2A_MSIL2A_20200609T090601_R050_T34SGH_20200826T171312
2025-08-26 10:50:30,393 - INFO - composites.py:283 -         S2B_MSIL2A_20200624T090559_R050_T34SGH_20200823T233514
2025-08-26 10:50:30,394 - INFO - composites.py:283 -         S2A_MSIL2A_20200629T090601_R050_T34SGJ_20200908T173026
2025-08-26 10:50:30,394 - INFO - composites.py:283 -         S2A_MSIL2A_20200619T090601_R050_T34SGJ_20200823T070634
2025-08-26 10:50:30,404 - INFO - composites.py:283 -         S2B_MSIL2A_20200604T090559_R050_T34SGJ_20200826T035503
2025-08-26 10:50:30,404 - INFO - composites.py:283 -         S2B_MSIL2A_20200614T090559_R050_T34SGJ_20200827T093553
2025-08-26 10:50:30,405 - INFO - composites.py:283 -         S2B_MSIL2A_20200624T090559_R050_T34SGJ_20200823T233515
2025-08-26 10:50:30,405 - INFO - composites.py:283 -         S2A_MSIL2A_20200609T090601_R050_T34SGJ_20200826T171311
2025-08-26 10:50:30,405 - INFO - composites.py:283 -         S2A_MSIL2A_20200629T090601_R050_T35SKC_20200824T131338
2025-08-26 10:50:30,405 - INFO - composites.py:283 -         S2A_MSIL2A_20200619T090601_R050_T35SKC_20200823T070640
2025-08-26 10:50:30,405 - INFO - composites.py:283 -         S2B_MSIL2A_20200604T090559_R050_T35SKC_20200826T035526
2025-08-26 10:50:30,405 - INFO - composites.py:283 -         S2B_MSIL2A_20200614T090559_R050_T35SKC_20200827T093602
2025-08-26 10:50:30,405 - INFO - composites.py:283 -         S2A_MSIL2A_20200609T090601_R050_T35SKC_20200826T171338
2025-08-26 10:50:30,405 - INFO - composites.py:283 -         S2B_MSIL2A_20200624T090559_R050_T35SKC_20200823T233528
2025-08-26 10:50:30,405 - INFO - composites.py:283 -         S2A_MSIL2A_20200629T090601_R050_T35SKD_20200919T044503
2025-08-26 10:50:30,405 - INFO - composites.py:283 -         S2A_MSIL2A_20200619T090601_R050_T35SKD_20200823T070640
2025-08-26 10:50:30,405 - INFO - composites.py:283 -         S2B_MSIL2A_20200604T090559_R050_T35SKD_20200919T044502
2025-08-26 10:50:30,405 - INFO - composites.py:283 -         S2B_MSIL2A_20200614T090559_R050_T35SKD_20200919T044501
2025-08-26 10:50:30,405 - INFO - composites.py:283 -         S2B_MSIL2A_20200624T090559_R050_T35SKD_20200823T233528
2025-08-26 10:50:30,405 - INFO - composites.py:283 -         S2A_MSIL2A_20200609T090601_R050_T35SKD_20200826T171338
2025-08-26 10:50:30,852 - INFO - sentinel2.py:154 - Matplotlib backend: Agg
2025-08-26 10:50:31,192 - INFO - sentinel2.py:224 - Write input scenes footprint overlay: //nas-rs.topo.auth.gr/Latomeia/DROUGHT/composites/x12/y12/2020/06/01/S2L2A_medcomp_x12y12_202006_InDataFootprint.jpeg
2025-08-26 10:50:31,519 - INFO - composites.py:297 -                                  
2025-08-26 10:50:31,519 - INFO - composites.py:298 - Downstream STAC items from Planetary Computer
2025-08-26 10:50:31,519 - INFO - timeseries_processing.py:115 -                                  
2025-08-26 10:50:31,519 - INFO - timeseries_processing.py:116 - Loading bands of diferent resolutions in EPSG:32634
2025-08-26 10:50:31,519 - INFO - timeseries_processing.py:120 -     Filtering items with native UTM EPSG:32634
2025-08-26 10:50:31,519 - INFO - timeseries_processing.py:122 -     12 Items in EPSG:32634
2025-08-26 10:50:31,519 - INFO - timeseries_processing.py:129 -                        
2025-08-26 10:50:31,519 - INFO - timeseries_processing.py:130 -     Loading parameters:
2025-08-26 10:50:31,519 - INFO - timeseries_processing.py:131 -         Bands: ['B05', 'B07', 'B8A', 'SCL']
2025-08-26 10:50:31,519 - INFO - timeseries_processing.py:132 -         Spatial resolution: 20
2025-08-26 10:50:31,519 - INFO - timeseries_processing.py:134 -         Get Assets from STAC Items
2025-08-26 10:50:31,519 - INFO - timeseries_processing.py:47 -         Initialize the STAC client
2025-08-26 10:50:32,230 - INFO - timeseries_processing.py:137 -         Loading 12 STAC Items....
2025-08-26 10:52:14,405 - INFO - timeseries_processing.py:146 -         Cube has been downloaded
2025-08-26 10:52:14,405 - INFO - timeseries_processing.py:156 -         Fix order of dimensions
2025-08-26 10:52:14,406 - INFO - timeseries_processing.py:161 -         Append bands to the band-list of EPSG:32634
2025-08-26 10:52:14,409 - INFO - timeseries_processing.py:129 -                        
2025-08-26 10:52:14,409 - INFO - timeseries_processing.py:130 -     Loading parameters:
2025-08-26 10:52:14,409 - INFO - timeseries_processing.py:131 -         Bands: ['B02', 'B03', 'B04']
2025-08-26 10:52:14,409 - INFO - timeseries_processing.py:132 -         Spatial resolution: 10
2025-08-26 10:52:14,409 - INFO - timeseries_processing.py:134 -         Get Assets from STAC Items
2025-08-26 10:52:14,410 - INFO - timeseries_processing.py:47 -         Initialize the STAC client
2025-08-26 10:52:14,952 - INFO - timeseries_processing.py:137 -         Loading 12 STAC Items....
2025-08-26 10:55:57,241 - INFO - timeseries_processing.py:146 -         Cube has been downloaded
2025-08-26 10:55:57,242 - INFO - timeseries_processing.py:149 -         Reproject to downsample 10m bands to 20m by Resampling.average 2x2 binning and shape matching with odc.geo.GeoBox
2025-08-26 10:56:07,296 - INFO - timeseries_processing.py:161 -         Append bands to the band-list of EPSG:32634
2025-08-26 10:56:07,296 - INFO - timeseries_processing.py:165 -                        
2025-08-26 10:56:07,296 - INFO - timeseries_processing.py:166 -     Merging bands in a single dataset
2025-08-26 10:56:07,296 - INFO - timeseries_processing.py:167 -     Ensure all partial datasets are at (x=20, y=-20) resolution
2025-08-26 10:56:07,296 - INFO - timeseries_processing.py:171 -     Clip to the intersection of indexes
2025-08-26 10:56:08,405 - INFO - timeseries_processing.py:180 -     Make a list of bands to merge
2025-08-26 10:56:08,405 - INFO - timeseries_processing.py:184 -     Merge on intersection
2025-08-26 10:56:08,406 - INFO - timeseries_processing.py:192 -     Apply masks on clouds, shadows, thin cirrus, and snow/ice
2025-08-26 10:56:08,406 - INFO - sentinel2.py:122 -                Masking bits: [3, 7, 8, 9, 10, 11]
2025-08-26 10:56:09,148 - INFO - timeseries_processing.py:115 -                                  
2025-08-26 10:56:09,149 - INFO - timeseries_processing.py:116 - Loading bands of diferent resolutions in EPSG:32635
2025-08-26 10:56:09,149 - INFO - timeseries_processing.py:120 -     Filtering items with native UTM EPSG:32635
2025-08-26 10:56:09,149 - INFO - timeseries_processing.py:122 -     12 Items in EPSG:32635
2025-08-26 10:56:09,149 - INFO - timeseries_processing.py:129 -                        
2025-08-26 10:56:09,154 - INFO - timeseries_processing.py:130 -     Loading parameters:
2025-08-26 10:56:09,154 - INFO - timeseries_processing.py:131 -         Bands: ['B05', 'B07', 'B8A', 'SCL']
2025-08-26 10:56:09,154 - INFO - timeseries_processing.py:132 -         Spatial resolution: 20
2025-08-26 10:56:09,154 - INFO - timeseries_processing.py:134 -         Get Assets from STAC Items
2025-08-26 10:56:09,155 - INFO - timeseries_processing.py:47 -         Initialize the STAC client
2025-08-26 10:56:09,801 - INFO - timeseries_processing.py:137 -         Loading 12 STAC Items....
2025-08-26 10:57:38,350 - INFO - timeseries_processing.py:146 -         Cube has been downloaded
2025-08-26 10:57:38,350 - INFO - timeseries_processing.py:156 -         Fix order of dimensions
2025-08-26 10:57:38,351 - INFO - timeseries_processing.py:161 -         Append bands to the band-list of EPSG:32635
2025-08-26 10:57:38,351 - INFO - timeseries_processing.py:129 -                        
2025-08-26 10:57:38,352 - INFO - timeseries_processing.py:130 -     Loading parameters:
2025-08-26 10:57:38,352 - INFO - timeseries_processing.py:131 -         Bands: ['B02', 'B03', 'B04']
2025-08-26 10:57:38,352 - INFO - timeseries_processing.py:132 -         Spatial resolution: 10
2025-08-26 10:57:38,352 - INFO - timeseries_processing.py:134 -         Get Assets from STAC Items
2025-08-26 10:57:38,352 - INFO - timeseries_processing.py:47 -         Initialize the STAC client
2025-08-26 10:57:38,924 - INFO - timeseries_processing.py:137 -         Loading 12 STAC Items....
2025-08-26 11:01:04,151 - INFO - timeseries_processing.py:146 -         Cube has been downloaded
2025-08-26 11:01:04,151 - INFO - timeseries_processing.py:149 -         Reproject to downsample 10m bands to 20m by Resampling.average 2x2 binning and shape matching with odc.geo.GeoBox
2025-08-26 11:01:13,708 - INFO - timeseries_processing.py:161 -         Append bands to the band-list of EPSG:32635
2025-08-26 11:01:13,708 - INFO - timeseries_processing.py:165 -                        
2025-08-26 11:01:13,708 - INFO - timeseries_processing.py:166 -     Merging bands in a single dataset
2025-08-26 11:01:13,708 - INFO - timeseries_processing.py:167 -     Ensure all partial datasets are at (x=20, y=-20) resolution
2025-08-26 11:01:13,709 - INFO - timeseries_processing.py:171 -     Clip to the intersection of indexes
2025-08-26 11:01:13,711 - INFO - timeseries_processing.py:180 -     Make a list of bands to merge
2025-08-26 11:01:13,712 - INFO - timeseries_processing.py:184 -     Merge on intersection
2025-08-26 11:01:13,713 - INFO - timeseries_processing.py:192 -     Apply masks on clouds, shadows, thin cirrus, and snow/ice
2025-08-26 11:01:13,713 - INFO - sentinel2.py:122 -                Masking bits: [3, 7, 8, 9, 10, 11]
2025-08-26 11:01:14,474 - INFO - composites.py:307 - Reproject from UTM Zone to Tile geometry -> CRS(EPSG:32635), Resampling.bilinear
2025-08-26 11:01:22,948 - INFO - composites.py:310 -     New shape of datasets: Shape2d(x=2400, y=2400)
2025-08-26 11:01:23,294 - INFO - composites.py:315 -                           
2025-08-26 11:01:23,308 - INFO - composites.py:316 - Mosaic datasets to a single dataset
2025-08-26 11:01:28,235 - INFO - composites.py:342 - Creating preview plot of input scenes
2025-08-26 11:01:53,352 - INFO - timeseries_processing.py:349 - Saved preview for 'B04' to //nas-rs.topo.auth.gr/Latomeia/DROUGHT/composites/x12/y12/2020/06/01/S2L2A_medcomp_x12y12_202006_InDataPreview.jpeg
2025-08-26 11:01:53,357 - INFO - composites.py:348 - Clip value range
2025-08-26 11:01:54,606 - INFO - composites.py:353 -                           
2025-08-26 11:01:54,606 - INFO - composites.py:354 - Computing spectral indices:
2025-08-26 11:01:54,606 - INFO - composites.py:357 -     EVI...
2025-08-26 11:01:55,389 - INFO - composites.py:359 -     NDVI...
2025-08-26 11:01:55,619 - INFO - composites.py:361 -     PSRI2...
2025-08-26 11:01:55,777 - INFO - composites.py:364 - Clip to typical value range
2025-08-26 11:01:55,987 - INFO - composites.py:371 - Reducing to median value temporal composite
2025-08-26 11:02:21,147 - INFO - composites.py:390 - Scale and Define data types & nodata per band
2025-08-26 11:02:21,348 - INFO - composites.py:411 - Assign time range and tile ID in metadata
2025-08-26 11:02:21,348 - INFO - composites.py:419 - Write bands to raster COG files
2025-08-26 11:02:25,216 - INFO - composites.py:432 - Write B02 -> //nas-rs.topo.auth.gr/Latomeia/DROUGHT/composites/x12/y12/2020/06/01/S2L2A_medcomp_x12y12_202006_B02.tif
2025-08-26 11:02:29,703 - INFO - composites.py:432 - Write B03 -> //nas-rs.topo.auth.gr/Latomeia/DROUGHT/composites/x12/y12/2020/06/01/S2L2A_medcomp_x12y12_202006_B03.tif
2025-08-26 11:02:33,471 - INFO - composites.py:432 - Write B04 -> //nas-rs.topo.auth.gr/Latomeia/DROUGHT/composites/x12/y12/2020/06/01/S2L2A_medcomp_x12y12_202006_B04.tif
2025-08-26 11:02:37,318 - INFO - composites.py:432 - Write B05 -> //nas-rs.topo.auth.gr/Latomeia/DROUGHT/composites/x12/y12/2020/06/01/S2L2A_medcomp_x12y12_202006_B05.tif
2025-08-26 11:02:41,261 - INFO - composites.py:432 - Write B07 -> //nas-rs.topo.auth.gr/Latomeia/DROUGHT/composites/x12/y12/2020/06/01/S2L2A_medcomp_x12y12_202006_B07.tif
2025-08-26 11:02:45,062 - INFO - composites.py:432 - Write B8A -> //nas-rs.topo.auth.gr/Latomeia/DROUGHT/composites/x12/y12/2020/06/01/S2L2A_medcomp_x12y12_202006_B8A.tif
2025-08-26 11:02:48,980 - INFO - composites.py:432 - Write EVI -> //nas-rs.topo.auth.gr/Latomeia/DROUGHT/composites/x12/y12/2020/06/01/S2L2A_medcomp_x12y12_202006_EVI.tif
2025-08-26 11:02:52,798 - INFO - composites.py:432 - Write NDVI -> //nas-rs.topo.auth.gr/Latomeia/DROUGHT/composites/x12/y12/2020/06/01/S2L2A_medcomp_x12y12_202006_NDVI.tif
2025-08-26 11:02:56,613 - INFO - composites.py:432 - Write PSRI2 -> //nas-rs.topo.auth.gr/Latomeia/DROUGHT/composites/x12/y12/2020/06/01/S2L2A_medcomp_x12y12_202006_PSRI2.tif
2025-08-26 11:02:56,613 - INFO - composites.py:436 - Prepare metadata YAML document
2025-08-26 11:02:57,145 - INFO - composites.py:458 - Write metadata YAML document to disk
2025-08-26 11:02:57,194 - INFO - composites.py:463 - Create datacube.model.Dataset from eo3 metadata
2025-08-26 11:02:57,207 - INFO - composites.py:474 - Index to datacube
2025-08-26 11:02:57,207 - INFO - _datasets.py:191 - Indexing 2fc09ae0-81a2-4ef2-82e5-371a44ad9236
2025-08-26 11:02:57,216 - INFO - composites.py:477 - 
2025-08-26 11:02:57,216 - INFO - composites.py:478 -              ✔✔✔ COMPLETED: Tile x12_y12 | Time: 2020-06 | In 15.23 minutes
2025-08-26 11:02:57,216 - INFO - composites.py:479 - 
2025-08-26 11:02:57,216 - INFO - composites.py:487 - Closing Dask client
2025-08-26 11:02:57,219 - INFO - composites.py:491 - Closing Dask cluster
2025-08-26 11:02:57,219 - INFO - composites.py:492 - #######################################################################
