2025-08-17 19:58:50,271 - INFO - composites.py:104 - #######################################################################
2025-08-17 19:58:50,272 - INFO - composites.py:106 - Processing started
2025-08-17 19:58:50,272 - INFO - composites.py:107 -         Tile: x09_y12
2025-08-17 19:58:50,272 - INFO - composites.py:108 -         Time: 2020-03
2025-08-17 19:58:50,272 - INFO - composites.py:111 -                           
2025-08-17 19:58:50,272 - INFO - composites.py:112 - Establishing connection to datacube
2025-08-17 19:58:50,960 - INFO - composites.py:115 -                           
2025-08-17 19:58:50,962 - INFO - composites.py:116 - Sanity test: Check if dataset already exists in the datacube
2025-08-17 19:58:50,980 - INFO - composites.py:134 - The composite requested will be computed
2025-08-17 19:58:50,980 - INFO - composites.py:137 -                                  
2025-08-17 19:58:50,980 - INFO - composites.py:138 - Initializing Dask cluster for parallelization
2025-08-17 19:58:57,178 - INFO - composites.py:170 - Dask dashboard is available at: http://127.0.0.1:8787/status
2025-08-17 19:58:57,178 - INFO - composites.py:173 - Create directories and naming conversions
2025-08-17 19:58:57,184 - INFO - composites.py:184 - Dataset location: //nas-rs.topo.auth.gr/Latomeia/DROUGHT/COMPOS/2020/03/x09_y12
2025-08-17 19:58:57,184 - INFO - composites.py:187 -                           
2025-08-17 19:58:57,184 - INFO - composites.py:188 - Retrieve tile geometry
2025-08-17 19:58:57,222 - INFO - composites.py:199 - Create the Bounding Box (φ,λ)
2025-08-17 19:58:57,222 - INFO - composites.py:205 - Create the Bounding Box (x,y)
2025-08-17 19:58:57,222 - INFO - composites.py:218 -                           
2025-08-17 19:58:57,222 - INFO - composites.py:219 - Connect to Planetary Computer STAC Catalog
2025-08-17 19:58:57,475 - INFO - composites.py:227 - Search the STAC Catalog
2025-08-17 19:58:57,544 - INFO - composites.py:239 -         Query parameters:
2025-08-17 19:58:57,544 - INFO - composites.py:240 -             url:          https://planetarycomputer.microsoft.com/api/stac/v1/search
2025-08-17 19:58:57,544 - INFO - composites.py:241 -             client:       microsoft-pc
2025-08-17 19:58:57,544 - INFO - composites.py:242 -             collection:   sentinel-2-l2a
2025-08-17 19:58:57,544 - INFO - composites.py:243 -             bbox:         (22.089419530330954, 38.650163857606934, 22.765503460110533, 39.19943817102155)
2025-08-17 19:58:57,544 - INFO - composites.py:244 -             time range:   2020-03-01T00:00:00Z/2020-03-31T23:59:59Z
2025-08-17 19:58:57,544 - INFO - composites.py:245 -             cloud cover:  0% - 70%
2025-08-17 19:58:57,544 - INFO - composites.py:246 -             nodata cover: 0% - 33%
2025-08-17 19:58:57,544 - INFO - composites.py:248 -                           
2025-08-17 19:58:57,544 - INFO - composites.py:249 - Searching...
2025-08-17 19:58:57,973 - INFO - composites.py:252 - Query found 14 items
2025-08-17 19:58:57,973 - INFO - composites.py:254 - Searching for GRI REFINED scenes:
2025-08-17 19:59:02,588 - INFO - sentinel2.py:63 - 1/14 - S2B_MSIL2A_20200329T092029_R093_T34SFJ_20201020T204039 -> Not Found
2025-08-17 19:59:07,245 - INFO - sentinel2.py:63 - 2/14 - S2B_MSIL2A_20200329T092029_R093_T34SFH_20201020T204226 -> Not Found
2025-08-17 19:59:12,711 - INFO - sentinel2.py:63 - 3/14 - S2B_MSIL2A_20200329T092029_R093_T34SEJ_20201020T204301 -> Not Found
2025-08-17 19:59:17,623 - INFO - sentinel2.py:63 - 4/14 - S2B_MSIL2A_20200329T092029_R093_T34SEH_20201020T204238 -> Not Found
2025-08-17 19:59:22,055 - INFO - sentinel2.py:63 - 5/14 - S2A_MSIL2A_20200324T092031_R093_T34SFH_20201018T204946 -> Not Found
2025-08-17 19:59:26,395 - INFO - sentinel2.py:63 - 6/14 - S2A_MSIL2A_20200324T092031_R093_T34SEJ_20201018T204835 -> Not Found
2025-08-17 19:59:31,389 - INFO - sentinel2.py:63 - 7/14 - S2A_MSIL2A_20200324T092031_R093_T34SEH_20201018T204819 -> Not Found
2025-08-17 19:59:37,100 - INFO - sentinel2.py:63 - 8/14 - S2B_MSIL2A_20200319T092029_R093_T34SFJ_20201012T164418 -> Not Found
2025-08-17 19:59:42,056 - INFO - sentinel2.py:63 - 9/14 - S2B_MSIL2A_20200319T092029_R093_T34SFH_20201012T164422 -> Not Found
2025-08-17 19:59:46,778 - INFO - sentinel2.py:63 - 10/14 - S2B_MSIL2A_20200319T092029_R093_T34SEJ_20201012T164420 -> Not Found
2025-08-17 19:59:51,953 - INFO - sentinel2.py:63 - 11/14 - S2B_MSIL2A_20200319T092029_R093_T34SEH_20201012T164421 -> Not Found
2025-08-17 19:59:57,972 - INFO - sentinel2.py:63 - 12/14 - S2A_MSIL2A_20200314T092031_R093_T34SFJ_20201009T235323 -> Not Found
2025-08-17 20:00:04,284 - INFO - sentinel2.py:63 - 13/14 - S2A_MSIL2A_20200314T092031_R093_T34SFH_20201009T235357 -> Not Found
2025-08-17 20:00:09,381 - INFO - sentinel2.py:63 - 14/14 - S2A_MSIL2A_20200314T092031_R093_T34SEH_20201009T235407 -> Not Found
2025-08-17 20:00:09,428 - INFO - composites.py:257 -                                  
2025-08-17 20:00:09,428 - INFO - composites.py:258 - 0/14 were refined by GRI.
2025-08-17 20:00:09,430 - WARNING - composites.py:262 - Tile x09_y12 | Time: 2020-03: All scenes are flagged NOT REFINED.
2025-08-17 20:00:09,430 - WARNING - composites.py:263 - Tile x09_y12 | Time: 2020-03: The composite will be flagged with _NOREFINED.
2025-08-17 20:00:09,430 - INFO - composites.py:270 - Looking for up to 10 cleanest images within spatiotemporal range of each MGRS tile
2025-08-17 20:00:09,431 - INFO - composites.py:284 - Filtered cleanest scenes: Kept 14 out of 14 items. 
2025-08-17 20:00:09,431 - INFO - composites.py:285 -         Included MGRS Tiles: ['34SEH' '34SEJ' '34SFH' '34SFJ']
2025-08-17 20:00:09,432 - INFO - composites.py:286 -         Included EPSG codes: [32634]
2025-08-17 20:00:09,432 - INFO - composites.py:288 - Selected scenes:
2025-08-17 20:00:09,432 - INFO - composites.py:290 -         S2B_MSIL2A_20200319T092029_R093_T34SEH_20201012T164421
2025-08-17 20:00:09,432 - INFO - composites.py:290 -         S2A_MSIL2A_20200324T092031_R093_T34SEH_20201018T204819
2025-08-17 20:00:09,432 - INFO - composites.py:290 -         S2A_MSIL2A_20200314T092031_R093_T34SEH_20201009T235407
2025-08-17 20:00:09,440 - INFO - composites.py:290 -         S2B_MSIL2A_20200329T092029_R093_T34SEH_20201020T204238
2025-08-17 20:00:09,453 - INFO - composites.py:290 -         S2B_MSIL2A_20200319T092029_R093_T34SEJ_20201012T164420
2025-08-17 20:00:09,454 - INFO - composites.py:290 -         S2A_MSIL2A_20200324T092031_R093_T34SEJ_20201018T204835
2025-08-17 20:00:09,461 - INFO - composites.py:290 -         S2B_MSIL2A_20200329T092029_R093_T34SEJ_20201020T204301
2025-08-17 20:00:09,461 - INFO - composites.py:290 -         S2B_MSIL2A_20200319T092029_R093_T34SFH_20201012T164422
2025-08-17 20:00:09,461 - INFO - composites.py:290 -         S2A_MSIL2A_20200314T092031_R093_T34SFH_20201009T235357
2025-08-17 20:00:09,461 - INFO - composites.py:290 -         S2B_MSIL2A_20200329T092029_R093_T34SFH_20201020T204226
2025-08-17 20:00:09,462 - INFO - composites.py:290 -         S2A_MSIL2A_20200324T092031_R093_T34SFH_20201018T204946
2025-08-17 20:00:09,462 - INFO - composites.py:290 -         S2B_MSIL2A_20200319T092029_R093_T34SFJ_20201012T164418
2025-08-17 20:00:09,462 - INFO - composites.py:290 -         S2A_MSIL2A_20200314T092031_R093_T34SFJ_20201009T235323
2025-08-17 20:00:09,462 - INFO - composites.py:290 -         S2B_MSIL2A_20200329T092029_R093_T34SFJ_20201020T204039
2025-08-17 20:00:10,061 - INFO - sentinel2.py:139 - Matplotlib backend: Agg
2025-08-17 20:00:10,328 - INFO - sentinel2.py:209 - Write input scenes footprint overlay: //nas-rs.topo.auth.gr/Latomeia/DROUGHT/COMPOS/2020/03/x09_y12/S2L2A_medcomp_x09_y12_202003_InDataFootprint.jpeg
2025-08-17 20:00:10,601 - INFO - composites.py:304 -                                  
2025-08-17 20:00:10,601 - INFO - composites.py:305 - Downstream STAC items from Planetary Computer
2025-08-17 20:00:10,601 - INFO - timeseries_processing.py:99 -                                  
2025-08-17 20:00:10,601 - INFO - timeseries_processing.py:100 - Loading bands of diferent resolutions in EPSG:32634
2025-08-17 20:00:10,601 - INFO - timeseries_processing.py:104 -     Filtering items with native UTM EPSG:32634
2025-08-17 20:00:10,601 - INFO - timeseries_processing.py:106 -     14 Items in EPSG:32634
2025-08-17 20:00:10,601 - INFO - timeseries_processing.py:113 -                        
2025-08-17 20:00:10,601 - INFO - timeseries_processing.py:114 -     Loading parameters:
2025-08-17 20:00:10,601 - INFO - timeseries_processing.py:115 -         Bands: ['B05', 'B07', 'B8A', 'SCL']
2025-08-17 20:00:10,601 - INFO - timeseries_processing.py:116 -         Spatial resolution: 20
2025-08-17 20:00:10,601 - INFO - timeseries_processing.py:118 -         Get Assets from STAC Items
2025-08-17 20:00:10,601 - INFO - timeseries_processing.py:31 -         Initialize the STAC client
2025-08-17 20:00:11,391 - INFO - timeseries_processing.py:121 -         Loading 14 STAC Items....
2025-08-17 20:01:13,529 - INFO - timeseries_processing.py:143 -         Cube has been downloaded
2025-08-17 20:01:13,529 - INFO - timeseries_processing.py:152 -         Fix order of dimensions
2025-08-17 20:01:13,531 - INFO - timeseries_processing.py:157 -         Append bands to the band-list of EPSG:32634
2025-08-17 20:01:13,531 - INFO - timeseries_processing.py:113 -                        
2025-08-17 20:01:13,531 - INFO - timeseries_processing.py:114 -     Loading parameters:
2025-08-17 20:01:13,531 - INFO - timeseries_processing.py:115 -         Bands: ['B02', 'B03', 'B04']
2025-08-17 20:01:13,531 - INFO - timeseries_processing.py:116 -         Spatial resolution: 10
2025-08-17 20:01:13,531 - INFO - timeseries_processing.py:118 -         Get Assets from STAC Items
2025-08-17 20:01:13,531 - INFO - timeseries_processing.py:31 -         Initialize the STAC client
2025-08-17 20:01:14,134 - INFO - timeseries_processing.py:121 -         Loading 14 STAC Items....
2025-08-17 20:03:18,604 - INFO - timeseries_processing.py:143 -         Cube has been downloaded
2025-08-17 20:03:18,605 - INFO - timeseries_processing.py:146 -         Downsample 10m bands to 20m by average 2x2 binning
2025-08-17 20:03:24,331 - INFO - timeseries_processing.py:149 -         Warp (reproject) 2x2 binned bands like native 20m bands: method=bilinear
2025-08-17 20:03:29,467 - INFO - timeseries_processing.py:157 -         Append bands to the band-list of EPSG:32634
2025-08-17 20:03:29,467 - INFO - timeseries_processing.py:161 -                        
2025-08-17 20:03:29,467 - INFO - timeseries_processing.py:162 -     Merging bands in a single dataset
2025-08-17 20:03:29,467 - INFO - timeseries_processing.py:163 -     Ensure all partial datasets are at (x=20, y=-20) resolution
2025-08-17 20:03:29,467 - INFO - timeseries_processing.py:167 -     Clip to the intersection of indexes
2025-08-17 20:03:30,819 - INFO - timeseries_processing.py:176 -     Make a list of bands to merge
2025-08-17 20:03:30,819 - INFO - timeseries_processing.py:180 -     Merge on intersection
2025-08-17 20:03:30,820 - INFO - timeseries_processing.py:188 -     Apply masks on clouds, shadows, thin cirrus, and snow/ice
2025-08-17 20:03:30,820 - INFO - sentinel2.py:107 -                Masking bits: [3, 7, 8, 9, 10, 11]
2025-08-17 20:03:31,384 - INFO - timeseries_processing.py:194 -     Reproject to Tiling Schema projection EPSG:3035
2025-08-17 20:03:37,308 - INFO - composites.py:314 - Clip and align to tile geometry
2025-08-17 20:03:39,456 - INFO - composites.py:347 - Creating preview plot of input scenes
2025-08-17 20:04:05,705 - INFO - timeseries_processing.py:352 - Saved preview for 'B04' to //nas-rs.topo.auth.gr/Latomeia/DROUGHT/COMPOS/2020/03/x09_y12/S2L2A_medcomp_x09_y12_202003_InDataPreview.jpeg
2025-08-17 20:04:05,709 - INFO - composites.py:353 - Clip value range
2025-08-17 20:04:06,577 - INFO - composites.py:358 -                           
2025-08-17 20:04:06,583 - INFO - composites.py:359 - Computing spectral indices:
2025-08-17 20:04:06,583 - INFO - composites.py:362 -     EVI...
2025-08-17 20:04:07,147 - INFO - composites.py:364 -     NDVI...
2025-08-17 20:04:07,272 - INFO - composites.py:366 -     PSRI2...
2025-08-17 20:04:07,439 - INFO - composites.py:369 - Clip to typical value range
2025-08-17 20:04:07,660 - INFO - composites.py:376 - Reducing to median value temporal composite
2025-08-17 20:04:33,154 - INFO - composites.py:395 - Define data types and nodata per band
2025-08-17 20:04:33,293 - INFO - composites.py:416 - Assign time range and tile ID in metadata
2025-08-17 20:04:33,293 - INFO - composites.py:424 - Write bands to raster COG files
2025-08-17 20:04:37,943 - INFO - composites.py:437 - Write B02 -> //nas-rs.topo.auth.gr/Latomeia/DROUGHT/COMPOS/2020/03/x09_y12/S2L2A_medcomp_x09_y12_202003_B02.tif
2025-08-17 20:04:42,587 - INFO - composites.py:437 - Write B03 -> //nas-rs.topo.auth.gr/Latomeia/DROUGHT/COMPOS/2020/03/x09_y12/S2L2A_medcomp_x09_y12_202003_B03.tif
2025-08-17 20:04:47,372 - INFO - composites.py:437 - Write B04 -> //nas-rs.topo.auth.gr/Latomeia/DROUGHT/COMPOS/2020/03/x09_y12/S2L2A_medcomp_x09_y12_202003_B04.tif
2025-08-17 20:04:52,175 - INFO - composites.py:437 - Write B05 -> //nas-rs.topo.auth.gr/Latomeia/DROUGHT/COMPOS/2020/03/x09_y12/S2L2A_medcomp_x09_y12_202003_B05.tif
2025-08-17 20:04:56,888 - INFO - composites.py:437 - Write B07 -> //nas-rs.topo.auth.gr/Latomeia/DROUGHT/COMPOS/2020/03/x09_y12/S2L2A_medcomp_x09_y12_202003_B07.tif
2025-08-17 20:05:01,625 - INFO - composites.py:437 - Write B8A -> //nas-rs.topo.auth.gr/Latomeia/DROUGHT/COMPOS/2020/03/x09_y12/S2L2A_medcomp_x09_y12_202003_B8A.tif
2025-08-17 20:05:06,281 - INFO - composites.py:437 - Write EVI -> //nas-rs.topo.auth.gr/Latomeia/DROUGHT/COMPOS/2020/03/x09_y12/S2L2A_medcomp_x09_y12_202003_evi.tif
2025-08-17 20:05:10,916 - INFO - composites.py:437 - Write NDVI -> //nas-rs.topo.auth.gr/Latomeia/DROUGHT/COMPOS/2020/03/x09_y12/S2L2A_medcomp_x09_y12_202003_ndvi.tif
2025-08-17 20:05:15,538 - INFO - composites.py:437 - Write PSRI2 -> //nas-rs.topo.auth.gr/Latomeia/DROUGHT/COMPOS/2020/03/x09_y12/S2L2A_medcomp_x09_y12_202003_psri2.tif
2025-08-17 20:05:15,554 - INFO - composites.py:441 - Prepare metadata YAML document
2025-08-17 20:05:16,315 - INFO - composites.py:462 - Write metadata YAML document to disk
2025-08-17 20:05:16,355 - INFO - composites.py:467 - Create datacube.model.Dataset from eo3 metadata
2025-08-17 20:05:16,365 - INFO - composites.py:477 - Index to datacube
2025-08-17 20:05:16,366 - INFO - _datasets.py:191 - Indexing cd7ddf48-4b49-41d7-b336-89c458be30cf
2025-08-17 20:05:16,375 - INFO - composites.py:480 - 
2025-08-17 20:05:16,375 - INFO - composites.py:481 -              ✔✔✔ COMPLETED: Tile x09_y12 | Time: 2020-03 | In 6.44 minutes
2025-08-17 20:05:16,375 - INFO - composites.py:482 - 
2025-08-17 20:05:16,375 - INFO - composites.py:490 - Closing Dask client
2025-08-17 20:05:16,377 - INFO - composites.py:494 - Closing Dask cluster
