2025-08-23 08:55:58,248 - INFO - composites.py:101 - #######################################################################
2025-08-23 08:55:58,248 - INFO - composites.py:103 - Processing started
2025-08-23 08:55:58,248 - INFO - composites.py:104 -         Tile: x08_y11
2025-08-23 08:55:58,248 - INFO - composites.py:105 -         Time: 2021-03
2025-08-23 08:55:58,248 - INFO - composites.py:108 -                           
2025-08-23 08:55:58,248 - INFO - composites.py:109 - Establishing connection to datacube
2025-08-23 08:55:58,854 - INFO - composites.py:112 -                           
2025-08-23 08:55:58,856 - INFO - composites.py:113 - Sanity test: Check if dataset already exists in the datacube
2025-08-23 08:55:58,874 - INFO - composites.py:132 - The composite requested was not found and it will be computed
2025-08-23 08:55:58,874 - INFO - composites.py:135 -                                  
2025-08-23 08:55:58,875 - INFO - composites.py:136 - Initializing Dask cluster for parallelization
2025-08-23 08:56:03,658 - INFO - composites.py:160 - Dask dashboard is available at: http://127.0.0.1:8787/status
2025-08-23 08:56:03,658 - INFO - composites.py:163 - Create directories and naming conversions
2025-08-23 08:56:03,665 - INFO - composites.py:174 - Dataset location: //nas-rs.topo.auth.gr/Latomeia/DROUGHT/COMPOS/2021/03/x08_y11
2025-08-23 08:56:03,665 - INFO - composites.py:177 -                           
2025-08-23 08:56:03,665 - INFO - composites.py:178 - Retrieve tile geometry
2025-08-23 08:56:03,692 - INFO - composites.py:189 - Create the Bounding Box (φ,λ)
2025-08-23 08:56:03,693 - INFO - composites.py:195 - Create the Bounding Box (x,y)
2025-08-23 08:56:03,693 - INFO - composites.py:208 -                           
2025-08-23 08:56:03,693 - INFO - composites.py:209 - Connect to Planetary Computer STAC Catalog
2025-08-23 08:56:03,902 - INFO - composites.py:217 - Search the STAC Catalog
2025-08-23 08:56:03,972 - INFO - composites.py:229 -         Query parameters:
2025-08-23 08:56:03,972 - INFO - composites.py:230 -             url:          https://planetarycomputer.microsoft.com/api/stac/v1/search
2025-08-23 08:56:03,972 - INFO - composites.py:231 -             client:       microsoft-pc
2025-08-23 08:56:03,972 - INFO - composites.py:232 -             collection:   sentinel-2-l2a
2025-08-23 08:56:03,972 - INFO - composites.py:233 -             bbox:         (21.470456200843422, 38.29135632905737, 22.139354689000736, 38.83788179019963)
2025-08-23 08:56:03,972 - INFO - composites.py:234 -             time range:   2021-03-01T00:00:00Z/2021-03-31T23:59:59Z
2025-08-23 08:56:03,972 - INFO - composites.py:235 -             cloud cover:  0% - 70%
2025-08-23 08:56:03,972 - INFO - composites.py:236 -             nodata cover: 0% - 33%
2025-08-23 08:56:03,972 - INFO - composites.py:238 -                           
2025-08-23 08:56:03,972 - INFO - composites.py:239 - Searching...
2025-08-23 08:56:04,415 - INFO - composites.py:242 - Query found 11 items
2025-08-23 08:56:04,415 - INFO - composites.py:244 - Searching for GRI REFINED scenes:
2025-08-23 08:56:12,064 - INFO - sentinel2.py:78 - 1/11 - S2A_MSIL2A_20210329T092031_R093_T34SEJ_20210330T051747 -> Not Found
2025-08-23 08:56:19,979 - INFO - sentinel2.py:78 - 2/11 - S2A_MSIL2A_20210329T092031_R093_T34SEH_20210330T050908 -> Not Found
2025-08-23 08:56:29,659 - INFO - sentinel2.py:78 - 3/11 - S2B_MSIL2A_20210324T092029_R093_T34SEJ_20210324T204622 -> Not Found
2025-08-23 08:56:38,055 - INFO - sentinel2.py:78 - 4/11 - S2B_MSIL2A_20210324T092029_R093_T34SEH_20210324T213556 -> Not Found
2025-08-23 08:56:46,374 - INFO - sentinel2.py:78 - 5/11 - S2A_MSIL2A_20210319T092031_R093_T34SEH_20210319T221008 -> Not Found
2025-08-23 08:56:54,882 - INFO - sentinel2.py:78 - 6/11 - S2B_MSIL2A_20210314T092029_R093_T34SEJ_20210315T053042 -> Not Found
2025-08-23 08:57:03,722 - INFO - sentinel2.py:78 - 7/11 - S2B_MSIL2A_20210314T092029_R093_T34SEH_20210315T064201 -> Not Found
2025-08-23 08:57:12,331 - INFO - sentinel2.py:78 - 8/11 - S2A_MSIL2A_20210309T092031_R093_T34SEJ_20210309T220948 -> Not Found
2025-08-23 08:57:21,170 - INFO - sentinel2.py:78 - 9/11 - S2A_MSIL2A_20210309T092031_R093_T34SEH_20210309T211048 -> Not Found
2025-08-23 08:57:29,526 - INFO - sentinel2.py:78 - 10/11 - S2B_MSIL2A_20210304T092029_R093_T34SEJ_20210304T224450 -> Not Found
2025-08-23 08:57:37,789 - INFO - sentinel2.py:78 - 11/11 - S2B_MSIL2A_20210304T092029_R093_T34SEH_20210304T231655 -> Not Found
2025-08-23 08:57:37,837 - INFO - composites.py:247 -                                  
2025-08-23 08:57:37,837 - INFO - composites.py:248 - 0/11 were refined by GRI.
2025-08-23 08:57:37,838 - WARNING - composites.py:252 - Tile x08_y11 | Time: 2021-03: All scenes are flagged NOT REFINED.
2025-08-23 08:57:37,838 - WARNING - composites.py:253 - Tile x08_y11 | Time: 2021-03: The composite will be flagged with _NOREFINED.
2025-08-23 08:57:37,838 - INFO - composites.py:260 - Looking for up to 10 cleanest images within spatiotemporal range of each MGRS tile
2025-08-23 08:57:37,838 - INFO - composites.py:274 - Filtered cleanest scenes: Kept 11 out of 11 items. 
2025-08-23 08:57:37,838 - INFO - composites.py:275 -         Included MGRS Tiles: ['34SEH' '34SEJ']
2025-08-23 08:57:37,838 - INFO - composites.py:276 -         Included EPSG codes: [32634]
2025-08-23 08:57:37,839 - INFO - composites.py:278 - Selected scenes:
2025-08-23 08:57:37,839 - INFO - composites.py:280 -         S2B_MSIL2A_20210304T092029_R093_T34SEH_20210304T231655
2025-08-23 08:57:37,839 - INFO - composites.py:280 -         S2B_MSIL2A_20210324T092029_R093_T34SEH_20210324T213556
2025-08-23 08:57:37,839 - INFO - composites.py:280 -         S2A_MSIL2A_20210309T092031_R093_T34SEH_20210309T211048
2025-08-23 08:57:37,844 - INFO - composites.py:280 -         S2A_MSIL2A_20210329T092031_R093_T34SEH_20210330T050908
2025-08-23 08:57:37,844 - INFO - composites.py:280 -         S2A_MSIL2A_20210319T092031_R093_T34SEH_20210319T221008
2025-08-23 08:57:37,844 - INFO - composites.py:280 -         S2B_MSIL2A_20210314T092029_R093_T34SEH_20210315T064201
2025-08-23 08:57:37,844 - INFO - composites.py:280 -         S2B_MSIL2A_20210304T092029_R093_T34SEJ_20210304T224450
2025-08-23 08:57:37,844 - INFO - composites.py:280 -         S2A_MSIL2A_20210329T092031_R093_T34SEJ_20210330T051747
2025-08-23 08:57:37,844 - INFO - composites.py:280 -         S2B_MSIL2A_20210314T092029_R093_T34SEJ_20210315T053042
2025-08-23 08:57:37,844 - INFO - composites.py:280 -         S2B_MSIL2A_20210324T092029_R093_T34SEJ_20210324T204622
2025-08-23 08:57:37,844 - INFO - composites.py:280 -         S2A_MSIL2A_20210309T092031_R093_T34SEJ_20210309T220948
2025-08-23 08:57:38,252 - INFO - sentinel2.py:154 - Matplotlib backend: Agg
2025-08-23 08:57:38,420 - INFO - sentinel2.py:224 - Write input scenes footprint overlay: //nas-rs.topo.auth.gr/Latomeia/DROUGHT/COMPOS/2021/03/x08_y11/S2L2A_medcomp_x08_y11_202103_InDataFootprint.jpeg
2025-08-23 08:57:38,661 - INFO - composites.py:294 -                                  
2025-08-23 08:57:38,661 - INFO - composites.py:295 - Downstream STAC items from Planetary Computer
2025-08-23 08:57:38,662 - INFO - timeseries_processing.py:115 -                                  
2025-08-23 08:57:38,662 - INFO - timeseries_processing.py:116 - Loading bands of diferent resolutions in EPSG:32634
2025-08-23 08:57:38,662 - INFO - timeseries_processing.py:120 -     Filtering items with native UTM EPSG:32634
2025-08-23 08:57:38,662 - INFO - timeseries_processing.py:122 -     11 Items in EPSG:32634
2025-08-23 08:57:38,662 - INFO - timeseries_processing.py:129 -                        
2025-08-23 08:57:38,662 - INFO - timeseries_processing.py:130 -     Loading parameters:
2025-08-23 08:57:38,662 - INFO - timeseries_processing.py:131 -         Bands: ['B05', 'B07', 'B8A', 'SCL']
2025-08-23 08:57:38,662 - INFO - timeseries_processing.py:132 -         Spatial resolution: 20
2025-08-23 08:57:38,662 - INFO - timeseries_processing.py:134 -         Get Assets from STAC Items
2025-08-23 08:57:38,662 - INFO - timeseries_processing.py:47 -         Initialize the STAC client
2025-08-23 08:57:39,308 - INFO - timeseries_processing.py:137 -         Loading 11 STAC Items....
2025-08-23 08:58:05,410 - INFO - timeseries_processing.py:146 -         Cube has been downloaded
2025-08-23 08:58:05,411 - INFO - timeseries_processing.py:156 -         Fix order of dimensions
2025-08-23 08:58:05,412 - INFO - timeseries_processing.py:161 -         Append bands to the band-list of EPSG:32634
2025-08-23 08:58:05,412 - INFO - timeseries_processing.py:129 -                        
2025-08-23 08:58:05,412 - INFO - timeseries_processing.py:130 -     Loading parameters:
2025-08-23 08:58:05,413 - INFO - timeseries_processing.py:131 -         Bands: ['B02', 'B03', 'B04']
2025-08-23 08:58:05,413 - INFO - timeseries_processing.py:132 -         Spatial resolution: 10
2025-08-23 08:58:05,413 - INFO - timeseries_processing.py:134 -         Get Assets from STAC Items
2025-08-23 08:58:05,414 - INFO - timeseries_processing.py:47 -         Initialize the STAC client
2025-08-23 08:58:06,482 - INFO - timeseries_processing.py:137 -         Loading 11 STAC Items....
2025-08-23 08:59:21,702 - INFO - timeseries_processing.py:146 -         Cube has been downloaded
2025-08-23 08:59:21,702 - INFO - timeseries_processing.py:149 -         Reproject to downsample 10m bands to 20m by Resampling.average 2x2 binning and shape matching with odc.geo.GeoBox
2025-08-23 08:59:30,269 - INFO - timeseries_processing.py:161 -         Append bands to the band-list of EPSG:32634
2025-08-23 08:59:30,269 - INFO - timeseries_processing.py:165 -                        
2025-08-23 08:59:30,269 - INFO - timeseries_processing.py:166 -     Merging bands in a single dataset
2025-08-23 08:59:30,269 - INFO - timeseries_processing.py:167 -     Ensure all partial datasets are at (x=20, y=-20) resolution
2025-08-23 08:59:30,269 - INFO - timeseries_processing.py:171 -     Clip to the intersection of indexes
2025-08-23 08:59:31,474 - INFO - timeseries_processing.py:180 -     Make a list of bands to merge
2025-08-23 08:59:31,475 - INFO - timeseries_processing.py:184 -     Merge on intersection
2025-08-23 08:59:31,476 - INFO - timeseries_processing.py:192 -     Apply masks on clouds, shadows, thin cirrus, and snow/ice
2025-08-23 08:59:31,476 - INFO - sentinel2.py:122 -                Masking bits: [3, 7, 8, 9, 10, 11]
2025-08-23 08:59:32,195 - INFO - composites.py:304 - Reproject from UTM Zone to Tile geometry -> CRS(EPSG:32634), Resampling.bilinear
2025-08-23 08:59:36,121 - INFO - composites.py:307 -     New shape of datasets: Shape2d(x=2400, y=2400)
2025-08-23 08:59:36,614 - INFO - composites.py:339 - Creating preview plot of input scenes
2025-08-23 09:00:00,916 - INFO - timeseries_processing.py:349 - Saved preview for 'B04' to //nas-rs.topo.auth.gr/Latomeia/DROUGHT/COMPOS/2021/03/x08_y11/S2L2A_medcomp_x08_y11_202103_InDataPreview.jpeg
2025-08-23 09:00:00,921 - INFO - composites.py:345 - Clip value range
2025-08-23 09:00:02,265 - INFO - composites.py:350 -                           
2025-08-23 09:00:02,265 - INFO - composites.py:351 - Computing spectral indices:
2025-08-23 09:00:02,265 - INFO - composites.py:354 -     EVI...
2025-08-23 09:00:03,114 - INFO - composites.py:356 -     NDVI...
2025-08-23 09:00:03,309 - INFO - composites.py:358 -     PSRI2...
2025-08-23 09:00:03,579 - INFO - composites.py:361 - Clip to typical value range
2025-08-23 09:00:03,933 - INFO - composites.py:368 - Reducing to median value temporal composite
2025-08-23 09:00:30,528 - INFO - composites.py:387 - Define data types and nodata per band
2025-08-23 09:00:30,654 - INFO - composites.py:408 - Assign time range and tile ID in metadata
2025-08-23 09:00:30,654 - INFO - composites.py:416 - Write bands to raster COG files
2025-08-23 09:00:35,304 - INFO - composites.py:429 - Write B02 -> //nas-rs.topo.auth.gr/Latomeia/DROUGHT/COMPOS/2021/03/x08_y11/S2L2A_medcomp_x08_y11_202103_B02.tif
2025-08-23 09:00:39,913 - INFO - composites.py:429 - Write B03 -> //nas-rs.topo.auth.gr/Latomeia/DROUGHT/COMPOS/2021/03/x08_y11/S2L2A_medcomp_x08_y11_202103_B03.tif
2025-08-23 09:00:44,766 - INFO - composites.py:429 - Write B04 -> //nas-rs.topo.auth.gr/Latomeia/DROUGHT/COMPOS/2021/03/x08_y11/S2L2A_medcomp_x08_y11_202103_B04.tif
2025-08-23 09:00:48,744 - INFO - composites.py:429 - Write B05 -> //nas-rs.topo.auth.gr/Latomeia/DROUGHT/COMPOS/2021/03/x08_y11/S2L2A_medcomp_x08_y11_202103_B05.tif
2025-08-23 09:00:52,580 - INFO - composites.py:429 - Write B07 -> //nas-rs.topo.auth.gr/Latomeia/DROUGHT/COMPOS/2021/03/x08_y11/S2L2A_medcomp_x08_y11_202103_B07.tif
2025-08-23 09:00:56,455 - INFO - composites.py:429 - Write B8A -> //nas-rs.topo.auth.gr/Latomeia/DROUGHT/COMPOS/2021/03/x08_y11/S2L2A_medcomp_x08_y11_202103_B8A.tif
2025-08-23 09:01:00,211 - INFO - composites.py:429 - Write EVI -> //nas-rs.topo.auth.gr/Latomeia/DROUGHT/COMPOS/2021/03/x08_y11/S2L2A_medcomp_x08_y11_202103_evi.tif
2025-08-23 09:01:03,956 - INFO - composites.py:429 - Write NDVI -> //nas-rs.topo.auth.gr/Latomeia/DROUGHT/COMPOS/2021/03/x08_y11/S2L2A_medcomp_x08_y11_202103_ndvi.tif
2025-08-23 09:01:07,725 - INFO - composites.py:429 - Write PSRI2 -> //nas-rs.topo.auth.gr/Latomeia/DROUGHT/COMPOS/2021/03/x08_y11/S2L2A_medcomp_x08_y11_202103_psri2.tif
2025-08-23 09:01:07,726 - INFO - composites.py:433 - Prepare metadata YAML document
2025-08-23 09:01:08,495 - INFO - composites.py:454 - Write metadata YAML document to disk
2025-08-23 09:01:08,527 - INFO - composites.py:459 - Create datacube.model.Dataset from eo3 metadata
2025-08-23 09:01:08,537 - INFO - composites.py:470 - Index to datacube
2025-08-23 09:01:08,537 - INFO - _datasets.py:191 - Indexing 667553e3-a7eb-48b6-87a3-7a3af3eae0ae
2025-08-23 09:01:08,546 - INFO - composites.py:473 - 
2025-08-23 09:01:08,546 - INFO - composites.py:474 -              ✔✔✔ COMPLETED: Tile x08_y11 | Time: 2021-03 | In 5.17 minutes
2025-08-23 09:01:08,546 - INFO - composites.py:475 - 
2025-08-23 09:01:08,546 - INFO - composites.py:483 - Closing Dask client
2025-08-23 09:01:08,548 - INFO - composites.py:487 - Closing Dask cluster
2025-08-23 09:01:08,548 - INFO - composites.py:488 - #######################################################################
