2025-08-19 14:32:50,116 - INFO - composites.py:100 - #######################################################################
2025-08-19 14:32:50,116 - INFO - composites.py:102 - Processing started
2025-08-19 14:32:50,116 - INFO - composites.py:103 -         Tile: x10_y11
2025-08-19 14:32:50,116 - INFO - composites.py:104 -         Time: 2021-05
2025-08-19 14:32:50,116 - INFO - composites.py:107 -                           
2025-08-19 14:32:50,116 - INFO - composites.py:108 - Establishing connection to datacube
2025-08-19 14:32:50,825 - INFO - composites.py:111 -                           
2025-08-19 14:32:50,826 - INFO - composites.py:112 - Sanity test: Check if dataset already exists in the datacube
2025-08-19 14:32:50,844 - INFO - composites.py:131 - The composite requested was not found and it will be computed
2025-08-19 14:32:50,844 - INFO - composites.py:134 -                                  
2025-08-19 14:32:50,844 - INFO - composites.py:135 - Initializing Dask cluster for parallelization
2025-08-19 14:32:56,706 - INFO - composites.py:159 - Dask dashboard is available at: http://127.0.0.1:8787/status
2025-08-19 14:32:56,706 - INFO - composites.py:162 - Create directories and naming conversions
2025-08-19 14:32:56,711 - INFO - composites.py:173 - Dataset location: //nas-rs.topo.auth.gr/Latomeia/DROUGHT/COMPOS/2021/05/x10_y11
2025-08-19 14:32:56,711 - INFO - composites.py:176 -                           
2025-08-19 14:32:56,711 - INFO - composites.py:177 - Retrieve tile geometry
2025-08-19 14:32:56,758 - INFO - composites.py:188 - Create the Bounding Box (φ,λ)
2025-08-19 14:32:56,758 - INFO - composites.py:194 - Create the Bounding Box (x,y)
2025-08-19 14:32:56,758 - INFO - composites.py:207 -                           
2025-08-19 14:32:56,758 - INFO - composites.py:208 - Connect to Planetary Computer STAC Catalog
2025-08-19 14:32:57,033 - INFO - composites.py:216 - Search the STAC Catalog
2025-08-19 14:32:57,101 - INFO - composites.py:228 -         Query parameters:
2025-08-19 14:32:57,101 - INFO - composites.py:229 -             url:          https://planetarycomputer.microsoft.com/api/stac/v1/search
2025-08-19 14:32:57,102 - INFO - composites.py:230 -             client:       microsoft-pc
2025-08-19 14:32:57,102 - INFO - composites.py:231 -             collection:   sentinel-2-l2a
2025-08-19 14:32:57,102 - INFO - composites.py:232 -             bbox:         (22.551510740438168, 38.148576547644886, 23.225099953185694, 38.70016385760693)
2025-08-19 14:32:57,102 - INFO - composites.py:233 -             time range:   2021-05-01T00:00:00Z/2021-05-31T23:59:59Z
2025-08-19 14:32:57,108 - INFO - composites.py:234 -             cloud cover:  0% - 70%
2025-08-19 14:32:57,108 - INFO - composites.py:235 -             nodata cover: 0% - 33%
2025-08-19 14:32:57,108 - INFO - composites.py:237 -                           
2025-08-19 14:32:57,108 - INFO - composites.py:238 - Searching...
2025-08-19 14:32:57,486 - INFO - composites.py:241 - Query found 6 items
2025-08-19 14:32:57,486 - INFO - composites.py:243 - Searching for GRI REFINED scenes:
2025-08-19 14:33:05,057 - INFO - sentinel2.py:78 - 1/6 - S2A_MSIL2A_20210528T092031_R093_T34SFH_20210605T184143 -> REFINED
2025-08-19 14:33:13,854 - INFO - sentinel2.py:78 - 2/6 - S2B_MSIL2A_20210523T092029_R093_T34SFH_20210605T214301 -> REFINED
2025-08-19 14:33:22,469 - INFO - sentinel2.py:78 - 3/6 - S2A_MSIL2A_20210518T092031_R093_T34SFH_20210606T043219 -> REFINED
2025-08-19 14:33:31,161 - INFO - sentinel2.py:78 - 4/6 - S2B_MSIL2A_20210513T092029_R093_T34SFH_20210514T083647 -> REFINED
2025-08-19 14:33:40,774 - INFO - sentinel2.py:78 - 5/6 - S2A_MSIL2A_20210508T092031_R093_T34SFH_20210524T070541 -> REFINED
2025-08-19 14:33:49,687 - INFO - sentinel2.py:78 - 6/6 - S2B_MSIL2A_20210503T092029_R093_T34SFH_20210525T044100 -> REFINED
2025-08-19 14:33:49,783 - INFO - composites.py:246 -                                  
2025-08-19 14:33:49,783 - INFO - composites.py:247 - 6/6 were refined by GRI.
2025-08-19 14:33:49,784 - INFO - composites.py:259 - Looking for up to 10 cleanest images within spatiotemporal range of each MGRS tile
2025-08-19 14:33:49,784 - INFO - composites.py:273 - Filtered cleanest scenes: Kept 6 out of 6 items. 
2025-08-19 14:33:49,784 - INFO - composites.py:274 -         Included MGRS Tiles: ['34SFH']
2025-08-19 14:33:49,785 - INFO - composites.py:275 -         Included EPSG codes: [32634]
2025-08-19 14:33:49,785 - INFO - composites.py:277 - Selected scenes:
2025-08-19 14:33:49,785 - INFO - composites.py:279 -         S2A_MSIL2A_20210508T092031_R093_T34SFH_20210524T070541
2025-08-19 14:33:49,785 - INFO - composites.py:279 -         S2B_MSIL2A_20210523T092029_R093_T34SFH_20210605T214301
2025-08-19 14:33:49,786 - INFO - composites.py:279 -         S2B_MSIL2A_20210513T092029_R093_T34SFH_20210514T083647
2025-08-19 14:33:49,786 - INFO - composites.py:279 -         S2A_MSIL2A_20210528T092031_R093_T34SFH_20210605T184143
2025-08-19 14:33:49,786 - INFO - composites.py:279 -         S2A_MSIL2A_20210518T092031_R093_T34SFH_20210606T043219
2025-08-19 14:33:49,792 - INFO - composites.py:279 -         S2B_MSIL2A_20210503T092029_R093_T34SFH_20210525T044100
2025-08-19 14:33:50,274 - INFO - sentinel2.py:154 - Matplotlib backend: Agg
2025-08-19 14:33:50,447 - INFO - sentinel2.py:224 - Write input scenes footprint overlay: //nas-rs.topo.auth.gr/Latomeia/DROUGHT/COMPOS/2021/05/x10_y11/S2L2A_medcomp_x10_y11_202105_InDataFootprint.jpeg
2025-08-19 14:33:50,751 - INFO - composites.py:293 -                                  
2025-08-19 14:33:50,751 - INFO - composites.py:294 - Downstream STAC items from Planetary Computer
2025-08-19 14:33:50,751 - INFO - timeseries_processing.py:114 -                                  
2025-08-19 14:33:50,751 - INFO - timeseries_processing.py:115 - Loading bands of diferent resolutions in EPSG:32634
2025-08-19 14:33:50,751 - INFO - timeseries_processing.py:119 -     Filtering items with native UTM EPSG:32634
2025-08-19 14:33:50,751 - INFO - timeseries_processing.py:121 -     6 Items in EPSG:32634
2025-08-19 14:33:50,751 - INFO - timeseries_processing.py:128 -                        
2025-08-19 14:33:50,751 - INFO - timeseries_processing.py:129 -     Loading parameters:
2025-08-19 14:33:50,751 - INFO - timeseries_processing.py:130 -         Bands: ['B05', 'B07', 'B8A', 'SCL']
2025-08-19 14:33:50,751 - INFO - timeseries_processing.py:131 -         Spatial resolution: 20
2025-08-19 14:33:50,751 - INFO - timeseries_processing.py:133 -         Get Assets from STAC Items
2025-08-19 14:33:50,751 - INFO - timeseries_processing.py:46 -         Initialize the STAC client
2025-08-19 14:33:51,240 - INFO - timeseries_processing.py:136 -         Loading 6 STAC Items....
2025-08-19 14:34:37,880 - INFO - timeseries_processing.py:158 -         Cube has been downloaded
2025-08-19 14:34:37,881 - INFO - timeseries_processing.py:167 -         Fix order of dimensions
2025-08-19 14:34:37,883 - INFO - timeseries_processing.py:172 -         Append bands to the band-list of EPSG:32634
2025-08-19 14:34:37,883 - INFO - timeseries_processing.py:128 -                        
2025-08-19 14:34:37,883 - INFO - timeseries_processing.py:129 -     Loading parameters:
2025-08-19 14:34:37,884 - INFO - timeseries_processing.py:130 -         Bands: ['B02', 'B03', 'B04']
2025-08-19 14:34:37,884 - INFO - timeseries_processing.py:131 -         Spatial resolution: 10
2025-08-19 14:34:37,884 - INFO - timeseries_processing.py:133 -         Get Assets from STAC Items
2025-08-19 14:34:37,884 - INFO - timeseries_processing.py:46 -         Initialize the STAC client
2025-08-19 14:34:38,428 - INFO - timeseries_processing.py:136 -         Loading 6 STAC Items....
2025-08-19 14:36:29,438 - INFO - timeseries_processing.py:158 -         Cube has been downloaded
2025-08-19 14:36:29,438 - INFO - timeseries_processing.py:161 -         Downsample 10m bands to 20m by average 2x2 binning
2025-08-19 14:36:38,509 - INFO - timeseries_processing.py:164 -         Align binned bands to native 20m bands (shape matching): method=bilinear
2025-08-19 14:36:47,103 - INFO - timeseries_processing.py:172 -         Append bands to the band-list of EPSG:32634
2025-08-19 14:36:47,103 - INFO - timeseries_processing.py:176 -                        
2025-08-19 14:36:47,103 - INFO - timeseries_processing.py:177 -     Merging bands in a single dataset
2025-08-19 14:36:47,103 - INFO - timeseries_processing.py:178 -     Ensure all partial datasets are at (x=20, y=-20) resolution
2025-08-19 14:36:47,103 - INFO - timeseries_processing.py:182 -     Clip to the intersection of indexes
2025-08-19 14:36:48,535 - INFO - timeseries_processing.py:191 -     Make a list of bands to merge
2025-08-19 14:36:48,536 - INFO - timeseries_processing.py:195 -     Merge on intersection
2025-08-19 14:36:48,538 - INFO - timeseries_processing.py:203 -     Apply masks on clouds, shadows, thin cirrus, and snow/ice
2025-08-19 14:36:48,538 - INFO - sentinel2.py:122 -                Masking bits: [3, 7, 8, 9, 10, 11]
2025-08-19 14:36:49,439 - INFO - timeseries_processing.py:209 -     Reproject to Tiling Schema projection EPSG:3035
2025-08-19 14:36:58,397 - INFO - composites.py:303 - Clip and align to tile geometry
2025-08-19 14:37:01,335 - INFO - composites.py:336 - Creating preview plot of input scenes
2025-08-19 14:37:32,547 - INFO - timeseries_processing.py:367 - Saved preview for 'B04' to //nas-rs.topo.auth.gr/Latomeia/DROUGHT/COMPOS/2021/05/x10_y11/S2L2A_medcomp_x10_y11_202105_InDataPreview.jpeg
2025-08-19 14:37:32,550 - INFO - composites.py:342 - Clip value range
2025-08-19 14:37:33,929 - INFO - composites.py:347 -                           
2025-08-19 14:37:33,929 - INFO - composites.py:348 - Computing spectral indices:
2025-08-19 14:37:33,929 - INFO - composites.py:351 -     EVI...
2025-08-19 14:37:34,704 - INFO - composites.py:353 -     NDVI...
2025-08-19 14:37:34,989 - INFO - composites.py:355 -     PSRI2...
2025-08-19 14:37:35,239 - INFO - composites.py:358 - Clip to typical value range
2025-08-19 14:37:35,518 - INFO - composites.py:365 - Reducing to median value temporal composite
2025-08-19 14:38:04,870 - INFO - composites.py:384 - Define data types and nodata per band
2025-08-19 14:38:05,016 - INFO - composites.py:405 - Assign time range and tile ID in metadata
2025-08-19 14:38:05,016 - INFO - composites.py:413 - Write bands to raster COG files
2025-08-19 14:38:09,762 - INFO - composites.py:426 - Write B02 -> //nas-rs.topo.auth.gr/Latomeia/DROUGHT/COMPOS/2021/05/x10_y11/S2L2A_medcomp_x10_y11_202105_B02.tif
2025-08-19 14:38:14,633 - INFO - composites.py:426 - Write B03 -> //nas-rs.topo.auth.gr/Latomeia/DROUGHT/COMPOS/2021/05/x10_y11/S2L2A_medcomp_x10_y11_202105_B03.tif
2025-08-19 14:38:19,550 - INFO - composites.py:426 - Write B04 -> //nas-rs.topo.auth.gr/Latomeia/DROUGHT/COMPOS/2021/05/x10_y11/S2L2A_medcomp_x10_y11_202105_B04.tif
2025-08-19 14:38:24,406 - INFO - composites.py:426 - Write B05 -> //nas-rs.topo.auth.gr/Latomeia/DROUGHT/COMPOS/2021/05/x10_y11/S2L2A_medcomp_x10_y11_202105_B05.tif
2025-08-19 14:38:29,286 - INFO - composites.py:426 - Write B07 -> //nas-rs.topo.auth.gr/Latomeia/DROUGHT/COMPOS/2021/05/x10_y11/S2L2A_medcomp_x10_y11_202105_B07.tif
2025-08-19 14:38:34,055 - INFO - composites.py:426 - Write B8A -> //nas-rs.topo.auth.gr/Latomeia/DROUGHT/COMPOS/2021/05/x10_y11/S2L2A_medcomp_x10_y11_202105_B8A.tif
2025-08-19 14:38:39,206 - INFO - composites.py:426 - Write EVI -> //nas-rs.topo.auth.gr/Latomeia/DROUGHT/COMPOS/2021/05/x10_y11/S2L2A_medcomp_x10_y11_202105_evi.tif
2025-08-19 14:38:43,941 - INFO - composites.py:426 - Write NDVI -> //nas-rs.topo.auth.gr/Latomeia/DROUGHT/COMPOS/2021/05/x10_y11/S2L2A_medcomp_x10_y11_202105_ndvi.tif
2025-08-19 14:38:48,821 - INFO - composites.py:426 - Write PSRI2 -> //nas-rs.topo.auth.gr/Latomeia/DROUGHT/COMPOS/2021/05/x10_y11/S2L2A_medcomp_x10_y11_202105_psri2.tif
2025-08-19 14:38:48,821 - INFO - composites.py:430 - Prepare metadata YAML document
2025-08-19 14:38:49,597 - INFO - composites.py:451 - Write metadata YAML document to disk
2025-08-19 14:38:49,642 - INFO - composites.py:456 - Create datacube.model.Dataset from eo3 metadata
2025-08-19 14:38:49,654 - INFO - composites.py:467 - Index to datacube
2025-08-19 14:38:49,654 - INFO - _datasets.py:191 - Indexing 47350c77-24b4-438c-94ec-a9434b70fee5
2025-08-19 14:38:49,665 - INFO - composites.py:470 - 
2025-08-19 14:38:49,665 - INFO - composites.py:471 -              ✔✔✔ COMPLETED: Tile x10_y11 | Time: 2021-05 | In 5.99 minutes
2025-08-19 14:38:49,666 - INFO - composites.py:472 - 
2025-08-19 14:38:49,666 - INFO - composites.py:480 - Closing Dask client
2025-08-19 14:38:49,667 - INFO - composites.py:484 - Closing Dask cluster
2025-08-19 14:38:49,667 - INFO - composites.py:485 - #######################################################################
