2025-08-29 19:35:02,789 - INFO - composites.py:102 - #######################################################################
2025-08-29 19:35:02,789 - INFO - composites.py:104 - Processing started
2025-08-29 19:35:02,789 - INFO - composites.py:105 -         Tile: x08_y12
2025-08-29 19:35:02,789 - INFO - composites.py:106 -         Time: 2022-07
2025-08-29 19:35:02,789 - INFO - composites.py:109 -                           
2025-08-29 19:35:02,789 - INFO - composites.py:110 - Establishing connection to datacube
2025-08-29 19:35:03,313 - INFO - composites.py:113 -                           
2025-08-29 19:35:03,314 - INFO - composites.py:114 - Sanity test: Check if dataset already exists in the datacube
2025-08-29 19:35:03,333 - INFO - composites.py:133 - The composite requested was not found and it will be computed
2025-08-29 19:35:03,333 - INFO - composites.py:136 -                                  
2025-08-29 19:35:03,333 - INFO - composites.py:137 - Initializing Dask cluster for parallelization
2025-08-29 19:35:08,447 - INFO - composites.py:161 - Dask dashboard is available at: http://127.0.0.1:8787/status
2025-08-29 19:35:08,447 - INFO - composites.py:164 - Create directories and naming conversions
2025-08-29 19:35:08,461 - INFO - composites.py:177 - Dataset location: //nas-rs.topo.auth.gr/Latomeia/DROUGHT/composites/x08/y12/2022/07/01
2025-08-29 19:35:08,461 - INFO - composites.py:180 -                           
2025-08-29 19:35:08,461 - INFO - composites.py:181 - Retrieve tile geometry
2025-08-29 19:35:08,489 - INFO - composites.py:192 - Create the Bounding Box (φ,λ)
2025-08-29 19:35:08,489 - INFO - composites.py:198 - Create the Bounding Box (x,y)
2025-08-29 19:35:08,489 - INFO - composites.py:211 -                           
2025-08-29 19:35:08,489 - INFO - composites.py:212 - Connect to Planetary Computer STAC Catalog
2025-08-29 19:35:08,690 - INFO - composites.py:220 - Search the STAC Catalog
2025-08-29 19:35:08,757 - INFO - composites.py:232 -         Query parameters:
2025-08-29 19:35:08,757 - INFO - composites.py:233 -             url:          https://planetarycomputer.microsoft.com/api/stac/v1/search
2025-08-29 19:35:08,757 - INFO - composites.py:234 -             client:       microsoft-pc
2025-08-29 19:35:08,757 - INFO - composites.py:235 -             collection:   sentinel-2-l2a
2025-08-29 19:35:08,757 - INFO - composites.py:236 -             bbox:         (21.54502923200265, 38.72053801140399, 22.218704170873913, 39.26725432685642)
2025-08-29 19:35:08,757 - INFO - composites.py:237 -             time range:   2022-07-01T00:00:00Z/2022-07-31T23:59:59Z
2025-08-29 19:35:08,757 - INFO - composites.py:238 -             cloud cover:  0% - 70%
2025-08-29 19:35:08,757 - INFO - composites.py:239 -             nodata cover: 0% - 33%
2025-08-29 19:35:08,757 - INFO - composites.py:241 -                           
2025-08-29 19:35:08,757 - INFO - composites.py:242 - Searching...
2025-08-29 19:35:09,396 - INFO - composites.py:245 - Query found 44 items
2025-08-29 19:35:09,397 - INFO - composites.py:247 - Searching for GRI REFINED scenes:
2025-08-29 19:35:15,701 - INFO - sentinel2.py:78 - 1/44 - S2B_MSIL2A_20220727T091559_R093_T34SFJ_20240714T220116 -> REFINED
2025-08-29 19:35:21,042 - INFO - sentinel2.py:78 - 2/44 - S2B_MSIL2A_20220727T091559_R093_T34SFJ_20220728T184216 -> REFINED
2025-08-29 19:35:26,793 - INFO - sentinel2.py:78 - 3/44 - S2B_MSIL2A_20220727T091559_R093_T34SFH_20240714T220116 -> REFINED
2025-08-29 19:35:32,429 - INFO - sentinel2.py:78 - 4/44 - S2B_MSIL2A_20220727T091559_R093_T34SFH_20220728T174945 -> REFINED
2025-08-29 19:35:38,160 - INFO - sentinel2.py:78 - 5/44 - S2B_MSIL2A_20220727T091559_R093_T34SEJ_20240714T220116 -> REFINED
2025-08-29 19:35:44,259 - INFO - sentinel2.py:78 - 6/44 - S2B_MSIL2A_20220727T091559_R093_T34SEJ_20220728T183658 -> REFINED
2025-08-29 19:35:49,826 - INFO - sentinel2.py:78 - 7/44 - S2B_MSIL2A_20220727T091559_R093_T34SEH_20240714T220116 -> REFINED
2025-08-29 19:35:55,050 - INFO - sentinel2.py:78 - 8/44 - S2B_MSIL2A_20220727T091559_R093_T34SEH_20220728T190451 -> REFINED
2025-08-29 19:36:01,150 - INFO - sentinel2.py:78 - 9/44 - S2A_MSIL2A_20220722T092041_R093_T34SFJ_20240711T113555 -> REFINED
2025-08-29 19:36:07,309 - INFO - sentinel2.py:78 - 10/44 - S2A_MSIL2A_20220722T092041_R093_T34SFJ_20220724T125955 -> REFINED
2025-08-29 19:36:13,236 - INFO - sentinel2.py:78 - 11/44 - S2A_MSIL2A_20220722T092041_R093_T34SFH_20240711T113555 -> REFINED
2025-08-29 19:36:18,221 - INFO - sentinel2.py:78 - 12/44 - S2A_MSIL2A_20220722T092041_R093_T34SFH_20220724T124542 -> REFINED
2025-08-29 19:36:23,319 - INFO - sentinel2.py:78 - 13/44 - S2A_MSIL2A_20220722T092041_R093_T34SEJ_20240711T113555 -> REFINED
2025-08-29 19:36:29,351 - INFO - sentinel2.py:78 - 14/44 - S2A_MSIL2A_20220722T092041_R093_T34SEJ_20220724T134045 -> REFINED
2025-08-29 19:36:34,135 - INFO - sentinel2.py:78 - 15/44 - S2A_MSIL2A_20220722T092041_R093_T34SEH_20240711T113555 -> REFINED
2025-08-29 19:36:40,144 - INFO - sentinel2.py:78 - 16/44 - S2A_MSIL2A_20220722T092041_R093_T34SEH_20220724T125724 -> REFINED
2025-08-29 19:36:46,746 - INFO - sentinel2.py:78 - 17/44 - S2B_MSIL2A_20220717T091559_R093_T34SFJ_20240714T072952 -> REFINED
2025-08-29 19:36:52,316 - INFO - sentinel2.py:78 - 18/44 - S2B_MSIL2A_20220717T091559_R093_T34SFJ_20220717T215646 -> REFINED
2025-08-29 19:36:57,745 - INFO - sentinel2.py:78 - 19/44 - S2B_MSIL2A_20220717T091559_R093_T34SFH_20240714T072952 -> REFINED
2025-08-29 19:37:03,655 - INFO - sentinel2.py:78 - 20/44 - S2B_MSIL2A_20220717T091559_R093_T34SFH_20220717T204623 -> REFINED
2025-08-29 19:37:09,399 - INFO - sentinel2.py:78 - 21/44 - S2B_MSIL2A_20220717T091559_R093_T34SEJ_20240714T072952 -> REFINED
2025-08-29 19:37:14,461 - INFO - sentinel2.py:78 - 22/44 - S2B_MSIL2A_20220717T091559_R093_T34SEJ_20220717T204248 -> REFINED
2025-08-29 19:37:20,661 - INFO - sentinel2.py:78 - 23/44 - S2B_MSIL2A_20220717T091559_R093_T34SEH_20240714T072952 -> REFINED
2025-08-29 19:37:26,782 - INFO - sentinel2.py:78 - 24/44 - S2B_MSIL2A_20220717T091559_R093_T34SEH_20220717T203813 -> REFINED
2025-08-29 19:37:32,995 - INFO - sentinel2.py:78 - 25/44 - S2A_MSIL2A_20220712T092041_R093_T34SFJ_20220713T200525 -> REFINED
2025-08-29 19:37:38,561 - INFO - sentinel2.py:78 - 26/44 - S2A_MSIL2A_20220712T092041_R093_T34SFH_20220713T200948 -> REFINED
2025-08-29 19:37:44,618 - INFO - sentinel2.py:78 - 27/44 - S2A_MSIL2A_20220712T092041_R093_T34SEJ_20220713T185541 -> REFINED
2025-08-29 19:37:49,902 - INFO - sentinel2.py:78 - 28/44 - S2A_MSIL2A_20220712T092041_R093_T34SEH_20220713T200909 -> REFINED
2025-08-29 19:37:55,371 - INFO - sentinel2.py:78 - 29/44 - S2B_MSIL2A_20220707T092039_R093_T34SFJ_20240701T101053 -> REFINED
2025-08-29 19:38:01,313 - INFO - sentinel2.py:78 - 30/44 - S2B_MSIL2A_20220707T092039_R093_T34SFJ_20220708T070809 -> REFINED
2025-08-29 19:38:07,644 - INFO - sentinel2.py:78 - 31/44 - S2B_MSIL2A_20220707T092039_R093_T34SFH_20240701T101053 -> REFINED
2025-08-29 19:38:12,554 - INFO - sentinel2.py:78 - 32/44 - S2B_MSIL2A_20220707T092039_R093_T34SFH_20220708T064757 -> REFINED
2025-08-29 19:38:18,860 - INFO - sentinel2.py:78 - 33/44 - S2B_MSIL2A_20220707T092039_R093_T34SEJ_20240701T101053 -> REFINED
2025-08-29 19:38:24,257 - INFO - sentinel2.py:78 - 34/44 - S2B_MSIL2A_20220707T092039_R093_T34SEJ_20220708T062623 -> REFINED
2025-08-29 19:38:30,170 - INFO - sentinel2.py:78 - 35/44 - S2B_MSIL2A_20220707T092039_R093_T34SEH_20240701T101053 -> REFINED
2025-08-29 19:38:35,641 - INFO - sentinel2.py:78 - 36/44 - S2B_MSIL2A_20220707T092039_R093_T34SEH_20220708T063542 -> REFINED
2025-08-29 19:38:40,822 - INFO - sentinel2.py:78 - 37/44 - S2A_MSIL2A_20220702T092041_R093_T34SFJ_20240701T055146 -> REFINED
2025-08-29 19:38:46,242 - INFO - sentinel2.py:78 - 38/44 - S2A_MSIL2A_20220702T092041_R093_T34SFJ_20220702T230604 -> REFINED
2025-08-29 19:38:51,203 - INFO - sentinel2.py:78 - 39/44 - S2A_MSIL2A_20220702T092041_R093_T34SFH_20240701T055146 -> REFINED
2025-08-29 19:38:57,139 - INFO - sentinel2.py:78 - 40/44 - S2A_MSIL2A_20220702T092041_R093_T34SFH_20220702T225121 -> REFINED
2025-08-29 19:39:02,743 - INFO - sentinel2.py:78 - 41/44 - S2A_MSIL2A_20220702T092041_R093_T34SEJ_20240701T055146 -> REFINED
2025-08-29 19:39:08,315 - INFO - sentinel2.py:78 - 42/44 - S2A_MSIL2A_20220702T092041_R093_T34SEJ_20220702T235649 -> REFINED
2025-08-29 19:39:14,268 - INFO - sentinel2.py:78 - 43/44 - S2A_MSIL2A_20220702T092041_R093_T34SEH_20240701T055146 -> REFINED
2025-08-29 19:39:20,070 - INFO - sentinel2.py:78 - 44/44 - S2A_MSIL2A_20220702T092041_R093_T34SEH_20220702T224247 -> REFINED
2025-08-29 19:39:20,108 - INFO - composites.py:250 -                                  
2025-08-29 19:39:20,108 - INFO - composites.py:251 - 44/44 were refined by GRI.
2025-08-29 19:39:20,109 - INFO - composites.py:263 - Looking for up to 10 cleanest images within spatiotemporal range of each MGRS tile
2025-08-29 19:39:20,109 - INFO - composites.py:277 - Filtered cleanest scenes: Kept 40 out of 44 items. 
2025-08-29 19:39:20,110 - INFO - composites.py:278 -         Included MGRS Tiles: ['34SEH' '34SEJ' '34SFH' '34SFJ']
2025-08-29 19:39:20,110 - INFO - composites.py:279 -         Included EPSG codes: [32634]
2025-08-29 19:39:20,116 - INFO - composites.py:281 - Selected scenes:
2025-08-29 19:39:20,116 - INFO - composites.py:283 -         S2A_MSIL2A_20220722T092041_R093_T34SEH_20240711T113555
2025-08-29 19:39:20,116 - INFO - composites.py:283 -         S2A_MSIL2A_20220722T092041_R093_T34SEH_20220724T125724
2025-08-29 19:39:20,117 - INFO - composites.py:283 -         S2A_MSIL2A_20220702T092041_R093_T34SEH_20220702T224247
2025-08-29 19:39:20,117 - INFO - composites.py:283 -         S2A_MSIL2A_20220702T092041_R093_T34SEH_20240701T055146
2025-08-29 19:39:20,117 - INFO - composites.py:283 -         S2B_MSIL2A_20220717T091559_R093_T34SEH_20220717T203813
2025-08-29 19:39:20,117 - INFO - composites.py:283 -         S2B_MSIL2A_20220717T091559_R093_T34SEH_20240714T072952
2025-08-29 19:39:20,117 - INFO - composites.py:283 -         S2B_MSIL2A_20220727T091559_R093_T34SEH_20220728T190451
2025-08-29 19:39:20,117 - INFO - composites.py:283 -         S2B_MSIL2A_20220727T091559_R093_T34SEH_20240714T220116
2025-08-29 19:39:20,117 - INFO - composites.py:283 -         S2B_MSIL2A_20220707T092039_R093_T34SEH_20240701T101053
2025-08-29 19:39:20,117 - INFO - composites.py:283 -         S2B_MSIL2A_20220707T092039_R093_T34SEH_20220708T063542
2025-08-29 19:39:20,117 - INFO - composites.py:283 -         S2A_MSIL2A_20220722T092041_R093_T34SEJ_20220724T134045
2025-08-29 19:39:20,117 - INFO - composites.py:283 -         S2A_MSIL2A_20220722T092041_R093_T34SEJ_20240711T113555
2025-08-29 19:39:20,117 - INFO - composites.py:283 -         S2A_MSIL2A_20220702T092041_R093_T34SEJ_20220702T235649
2025-08-29 19:39:20,117 - INFO - composites.py:283 -         S2A_MSIL2A_20220702T092041_R093_T34SEJ_20240701T055146
2025-08-29 19:39:20,117 - INFO - composites.py:283 -         S2B_MSIL2A_20220717T091559_R093_T34SEJ_20220717T204248
2025-08-29 19:39:20,117 - INFO - composites.py:283 -         S2B_MSIL2A_20220717T091559_R093_T34SEJ_20240714T072952
2025-08-29 19:39:20,117 - INFO - composites.py:283 -         S2B_MSIL2A_20220707T092039_R093_T34SEJ_20220708T062623
2025-08-29 19:39:20,117 - INFO - composites.py:283 -         S2B_MSIL2A_20220707T092039_R093_T34SEJ_20240701T101053
2025-08-29 19:39:20,117 - INFO - composites.py:283 -         S2B_MSIL2A_20220727T091559_R093_T34SEJ_20240714T220116
2025-08-29 19:39:20,117 - INFO - composites.py:283 -         S2B_MSIL2A_20220727T091559_R093_T34SEJ_20220728T183658
2025-08-29 19:39:20,117 - INFO - composites.py:283 -         S2A_MSIL2A_20220722T092041_R093_T34SFH_20240711T113555
2025-08-29 19:39:20,117 - INFO - composites.py:283 -         S2A_MSIL2A_20220722T092041_R093_T34SFH_20220724T124542
2025-08-29 19:39:20,117 - INFO - composites.py:283 -         S2B_MSIL2A_20220717T091559_R093_T34SFH_20220717T204623
2025-08-29 19:39:20,117 - INFO - composites.py:283 -         S2B_MSIL2A_20220717T091559_R093_T34SFH_20240714T072952
2025-08-29 19:39:20,117 - INFO - composites.py:283 -         S2A_MSIL2A_20220702T092041_R093_T34SFH_20220702T225121
2025-08-29 19:39:20,117 - INFO - composites.py:283 -         S2A_MSIL2A_20220702T092041_R093_T34SFH_20240701T055146
2025-08-29 19:39:20,117 - INFO - composites.py:283 -         S2B_MSIL2A_20220727T091559_R093_T34SFH_20220728T174945
2025-08-29 19:39:20,117 - INFO - composites.py:283 -         S2B_MSIL2A_20220727T091559_R093_T34SFH_20240714T220116
2025-08-29 19:39:20,117 - INFO - composites.py:283 -         S2A_MSIL2A_20220712T092041_R093_T34SFH_20220713T200948
2025-08-29 19:39:20,117 - INFO - composites.py:283 -         S2B_MSIL2A_20220707T092039_R093_T34SFH_20220708T064757
2025-08-29 19:39:20,117 - INFO - composites.py:283 -         S2B_MSIL2A_20220717T091559_R093_T34SFJ_20240714T072952
2025-08-29 19:39:20,117 - INFO - composites.py:283 -         S2B_MSIL2A_20220717T091559_R093_T34SFJ_20220717T215646
2025-08-29 19:39:20,117 - INFO - composites.py:283 -         S2A_MSIL2A_20220722T092041_R093_T34SFJ_20240711T113555
2025-08-29 19:39:20,118 - INFO - composites.py:283 -         S2A_MSIL2A_20220722T092041_R093_T34SFJ_20220724T125955
2025-08-29 19:39:20,118 - INFO - composites.py:283 -         S2A_MSIL2A_20220702T092041_R093_T34SFJ_20240701T055146
2025-08-29 19:39:20,118 - INFO - composites.py:283 -         S2A_MSIL2A_20220702T092041_R093_T34SFJ_20220702T230604
2025-08-29 19:39:20,118 - INFO - composites.py:283 -         S2B_MSIL2A_20220727T091559_R093_T34SFJ_20220728T184216
2025-08-29 19:39:20,118 - INFO - composites.py:283 -         S2B_MSIL2A_20220727T091559_R093_T34SFJ_20240714T220116
2025-08-29 19:39:20,118 - INFO - composites.py:283 -         S2A_MSIL2A_20220712T092041_R093_T34SFJ_20220713T200525
2025-08-29 19:39:20,118 - INFO - composites.py:283 -         S2B_MSIL2A_20220707T092039_R093_T34SFJ_20240701T101053
2025-08-29 19:39:20,576 - INFO - sentinel2.py:154 - Matplotlib backend: Agg
2025-08-29 19:39:20,876 - INFO - sentinel2.py:224 - Write input scenes footprint overlay: //nas-rs.topo.auth.gr/Latomeia/DROUGHT/composites/x08/y12/2022/07/01/S2L2A_medcomp_x08y12_202207_InDataFootprint.jpeg
2025-08-29 19:39:21,159 - INFO - composites.py:297 -                                  
2025-08-29 19:39:21,159 - INFO - composites.py:298 - Downstream STAC items from Planetary Computer
2025-08-29 19:39:21,159 - INFO - timeseries_processing.py:115 -                                  
2025-08-29 19:39:21,159 - INFO - timeseries_processing.py:116 - Loading bands of diferent resolutions in EPSG:32634
2025-08-29 19:39:21,159 - INFO - timeseries_processing.py:120 -     Filtering items with native UTM EPSG:32634
2025-08-29 19:39:21,159 - INFO - timeseries_processing.py:122 -     40 Items in EPSG:32634
2025-08-29 19:39:21,159 - INFO - timeseries_processing.py:129 -                        
2025-08-29 19:39:21,159 - INFO - timeseries_processing.py:130 -     Loading parameters:
2025-08-29 19:39:21,159 - INFO - timeseries_processing.py:131 -         Bands: ['B05', 'B07', 'B8A', 'SCL']
2025-08-29 19:39:21,159 - INFO - timeseries_processing.py:132 -         Spatial resolution: 20
2025-08-29 19:39:21,159 - INFO - timeseries_processing.py:134 -         Get Assets from STAC Items
2025-08-29 19:39:21,159 - INFO - timeseries_processing.py:47 -         Initialize the STAC client
2025-08-29 19:39:22,038 - INFO - timeseries_processing.py:137 -         Loading 40 STAC Items....
2025-08-29 19:40:11,134 - INFO - timeseries_processing.py:146 -         Cube has been downloaded
2025-08-29 19:40:11,134 - INFO - timeseries_processing.py:156 -         Fix order of dimensions
2025-08-29 19:40:11,135 - INFO - timeseries_processing.py:161 -         Append bands to the band-list of EPSG:32634
2025-08-29 19:40:11,135 - INFO - timeseries_processing.py:129 -                        
2025-08-29 19:40:11,136 - INFO - timeseries_processing.py:130 -     Loading parameters:
2025-08-29 19:40:11,136 - INFO - timeseries_processing.py:131 -         Bands: ['B02', 'B03', 'B04']
2025-08-29 19:40:11,136 - INFO - timeseries_processing.py:132 -         Spatial resolution: 10
2025-08-29 19:40:11,136 - INFO - timeseries_processing.py:134 -         Get Assets from STAC Items
2025-08-29 19:40:11,139 - INFO - timeseries_processing.py:47 -         Initialize the STAC client
2025-08-29 19:40:11,942 - INFO - timeseries_processing.py:137 -         Loading 40 STAC Items....
2025-08-29 19:44:10,111 - INFO - timeseries_processing.py:146 -         Cube has been downloaded
2025-08-29 19:44:10,111 - INFO - timeseries_processing.py:149 -         Reproject to downsample 10m bands to 20m by Resampling.average 2x2 binning and shape matching with odc.geo.GeoBox
2025-08-29 19:44:18,935 - INFO - timeseries_processing.py:161 -         Append bands to the band-list of EPSG:32634
2025-08-29 19:44:18,935 - INFO - timeseries_processing.py:165 -                        
2025-08-29 19:44:18,935 - INFO - timeseries_processing.py:166 -     Merging bands in a single dataset
2025-08-29 19:44:18,935 - INFO - timeseries_processing.py:167 -     Ensure all partial datasets are at (x=20, y=-20) resolution
2025-08-29 19:44:18,936 - INFO - timeseries_processing.py:171 -     Clip to the intersection of indexes
2025-08-29 19:44:19,945 - INFO - timeseries_processing.py:180 -     Make a list of bands to merge
2025-08-29 19:44:19,945 - INFO - timeseries_processing.py:184 -     Merge on intersection
2025-08-29 19:44:19,947 - INFO - timeseries_processing.py:192 -     Apply masks on clouds, shadows, thin cirrus, and snow/ice
2025-08-29 19:44:19,947 - INFO - sentinel2.py:122 -                Masking bits: [3, 7, 8, 9, 10, 11]
2025-08-29 19:44:20,650 - INFO - composites.py:307 - Reproject from UTM Zone to Tile geometry -> CRS(EPSG:32634), Resampling.bilinear
2025-08-29 19:44:24,641 - INFO - composites.py:310 -     New shape of datasets: Shape2d(x=2400, y=2400)
2025-08-29 19:44:25,309 - INFO - composites.py:329 - Scale SR to Sen2Cor Baseline 4.00 - Subtract 1000 in dates post 2022-01-25
2025-08-29 19:44:26,284 - INFO - composites.py:342 - Creating preview plot of input scenes
2025-08-29 19:44:53,836 - INFO - timeseries_processing.py:349 - Saved preview for 'B04' to //nas-rs.topo.auth.gr/Latomeia/DROUGHT/composites/x08/y12/2022/07/01/S2L2A_medcomp_x08y12_202207_InDataPreview.jpeg
2025-08-29 19:44:53,853 - INFO - composites.py:348 - Clip value range
2025-08-29 19:44:55,056 - INFO - composites.py:353 -                           
2025-08-29 19:44:55,056 - INFO - composites.py:354 - Computing spectral indices:
2025-08-29 19:44:55,056 - INFO - composites.py:357 -     EVI...
2025-08-29 19:44:55,820 - INFO - composites.py:359 -     NDVI...
2025-08-29 19:44:56,046 - INFO - composites.py:361 -     PSRI2...
2025-08-29 19:44:56,247 - INFO - composites.py:364 - Clip to typical value range
2025-08-29 19:44:56,517 - INFO - composites.py:371 - Reducing to median value temporal composite
2025-08-29 19:45:23,598 - INFO - composites.py:390 - Scale and Define data types & nodata per band
2025-08-29 19:45:23,713 - INFO - composites.py:411 - Assign time range and tile ID in metadata
2025-08-29 19:45:23,713 - INFO - composites.py:419 - Write bands to raster COG files
2025-08-29 19:45:27,667 - INFO - composites.py:432 - Write B02 -> //nas-rs.topo.auth.gr/Latomeia/DROUGHT/composites/x08/y12/2022/07/01/S2L2A_medcomp_x08y12_202207_B02.tif
2025-08-29 19:45:31,618 - INFO - composites.py:432 - Write B03 -> //nas-rs.topo.auth.gr/Latomeia/DROUGHT/composites/x08/y12/2022/07/01/S2L2A_medcomp_x08y12_202207_B03.tif
2025-08-29 19:45:35,534 - INFO - composites.py:432 - Write B04 -> //nas-rs.topo.auth.gr/Latomeia/DROUGHT/composites/x08/y12/2022/07/01/S2L2A_medcomp_x08y12_202207_B04.tif
2025-08-29 19:45:39,537 - INFO - composites.py:432 - Write B05 -> //nas-rs.topo.auth.gr/Latomeia/DROUGHT/composites/x08/y12/2022/07/01/S2L2A_medcomp_x08y12_202207_B05.tif
2025-08-29 19:45:43,540 - INFO - composites.py:432 - Write B07 -> //nas-rs.topo.auth.gr/Latomeia/DROUGHT/composites/x08/y12/2022/07/01/S2L2A_medcomp_x08y12_202207_B07.tif
2025-08-29 19:45:47,529 - INFO - composites.py:432 - Write B8A -> //nas-rs.topo.auth.gr/Latomeia/DROUGHT/composites/x08/y12/2022/07/01/S2L2A_medcomp_x08y12_202207_B8A.tif
2025-08-29 19:45:51,740 - INFO - composites.py:432 - Write EVI -> //nas-rs.topo.auth.gr/Latomeia/DROUGHT/composites/x08/y12/2022/07/01/S2L2A_medcomp_x08y12_202207_EVI.tif
2025-08-29 19:45:55,712 - INFO - composites.py:432 - Write NDVI -> //nas-rs.topo.auth.gr/Latomeia/DROUGHT/composites/x08/y12/2022/07/01/S2L2A_medcomp_x08y12_202207_NDVI.tif
2025-08-29 19:45:59,677 - INFO - composites.py:432 - Write PSRI2 -> //nas-rs.topo.auth.gr/Latomeia/DROUGHT/composites/x08/y12/2022/07/01/S2L2A_medcomp_x08y12_202207_PSRI2.tif
2025-08-29 19:45:59,692 - INFO - composites.py:436 - Prepare metadata YAML document
2025-08-29 19:46:00,211 - INFO - composites.py:458 - Write metadata YAML document to disk
2025-08-29 19:46:00,254 - INFO - composites.py:463 - Create datacube.model.Dataset from eo3 metadata
2025-08-29 19:46:00,266 - INFO - composites.py:476 - Index to datacube
2025-08-29 19:46:00,266 - INFO - _datasets.py:191 - Indexing 1df2e667-43c0-4311-b0ab-433495dc467d
2025-08-29 19:46:00,278 - INFO - composites.py:479 - 
2025-08-29 19:46:00,278 - INFO - composites.py:480 -              ✔✔✔ COMPLETED: Tile x08_y12 | Time: 2022-07 | In 10.96 minutes
2025-08-29 19:46:00,278 - INFO - composites.py:481 - 
2025-08-29 19:46:00,278 - INFO - composites.py:489 - Closing Dask client
2025-08-29 19:46:00,289 - INFO - composites.py:493 - Closing Dask cluster
2025-08-29 19:46:00,290 - INFO - composites.py:494 - #######################################################################
