2025-08-20 15:03:31,288 - INFO - composites.py:100 - #######################################################################
2025-08-20 15:03:31,288 - INFO - composites.py:102 - Processing started
2025-08-20 15:03:31,288 - INFO - composites.py:103 -         Tile: x11_y12
2025-08-20 15:03:31,288 - INFO - composites.py:104 -         Time: 2022-01
2025-08-20 15:03:31,288 - INFO - composites.py:107 -                           
2025-08-20 15:03:31,288 - INFO - composites.py:108 - Establishing connection to datacube
2025-08-20 15:03:32,072 - INFO - composites.py:111 -                           
2025-08-20 15:03:32,073 - INFO - composites.py:112 - Sanity test: Check if dataset already exists in the datacube
2025-08-20 15:03:32,094 - INFO - composites.py:131 - The composite requested was not found and it will be computed
2025-08-20 15:03:32,094 - INFO - composites.py:134 -                                  
2025-08-20 15:03:32,094 - INFO - composites.py:135 - Initializing Dask cluster for parallelization
2025-08-20 15:03:38,730 - INFO - composites.py:159 - Dask dashboard is available at: http://127.0.0.1:8787/status
2025-08-20 15:03:38,730 - INFO - composites.py:162 - Create directories and naming conversions
2025-08-20 15:03:38,736 - INFO - composites.py:173 - Dataset location: //nas-rs.topo.auth.gr/Latomeia/DROUGHT/COMPOS/2022/01/x11_y12
2025-08-20 15:03:38,737 - INFO - composites.py:176 -                           
2025-08-20 15:03:38,737 - INFO - composites.py:177 - Retrieve tile geometry
2025-08-20 15:03:38,785 - INFO - composites.py:188 - Create the Bounding Box (φ,λ)
2025-08-20 15:03:38,785 - INFO - composites.py:194 - Create the Bounding Box (x,y)
2025-08-20 15:03:38,785 - INFO - composites.py:207 -                           
2025-08-20 15:03:38,786 - INFO - composites.py:208 - Connect to Planetary Computer STAC Catalog
2025-08-20 15:03:39,059 - INFO - composites.py:216 - Search the STAC Catalog
2025-08-20 15:03:39,129 - INFO - composites.py:228 -         Query parameters:
2025-08-20 15:03:39,129 - INFO - composites.py:229 -             url:          https://planetarycomputer.microsoft.com/api/stac/v1/search
2025-08-20 15:03:39,129 - INFO - composites.py:230 -             client:       microsoft-pc
2025-08-20 15:03:39,129 - INFO - composites.py:231 -             collection:   sentinel-2-l2a
2025-08-20 15:03:39,129 - INFO - composites.py:232 -             bbox:         (23.175099953185697, 38.50017402535158, 23.855798034177884, 39.054471826094584)
2025-08-20 15:03:39,129 - INFO - composites.py:233 -             time range:   2022-01-01T00:00:00Z/2022-01-31T23:59:59Z
2025-08-20 15:03:39,129 - INFO - composites.py:234 -             cloud cover:  0% - 70%
2025-08-20 15:03:39,129 - INFO - composites.py:235 -             nodata cover: 0% - 33%
2025-08-20 15:03:39,129 - INFO - composites.py:237 -                           
2025-08-20 15:03:39,129 - INFO - composites.py:238 - Searching...
2025-08-20 15:03:39,678 - INFO - composites.py:241 - Query found 25 items
2025-08-20 15:03:39,678 - INFO - composites.py:243 - Searching for GRI REFINED scenes:
2025-08-20 15:03:45,419 - INFO - sentinel2.py:78 - 1/25 - S2A_MSIL2A_20220130T091221_R050_T35SKD_20220214T132951 -> REFINED
2025-08-20 15:03:52,196 - INFO - sentinel2.py:78 - 2/25 - S2A_MSIL2A_20220130T091221_R050_T35SKC_20220214T120524 -> REFINED
2025-08-20 15:03:57,902 - INFO - sentinel2.py:78 - 3/25 - S2A_MSIL2A_20220130T091221_R050_T34SGJ_20220214T132055 -> REFINED
2025-08-20 15:04:05,859 - INFO - sentinel2.py:78 - 4/25 - S2A_MSIL2A_20220130T091221_R050_T34SGH_20220214T135014 -> REFINED
2025-08-20 15:04:13,289 - INFO - sentinel2.py:78 - 5/25 - S2B_MSIL2A_20220128T092139_R093_T34SFJ_20220213T070339 -> REFINED
2025-08-20 15:04:18,883 - INFO - sentinel2.py:78 - 6/25 - S2B_MSIL2A_20220128T092139_R093_T34SFH_20220213T075306 -> REFINED
2025-08-20 15:04:24,357 - INFO - sentinel2.py:78 - 7/25 - S2A_MSIL2A_20220123T092301_R093_T34SFJ_20220124T024815 -> REFINED
2025-08-20 15:04:29,882 - INFO - sentinel2.py:78 - 8/25 - S2A_MSIL2A_20220123T092301_R093_T34SFH_20220124T024654 -> REFINED
2025-08-20 15:04:36,297 - INFO - sentinel2.py:78 - 9/25 - S2A_MSIL2A_20220120T091311_R050_T35SKD_20220121T043612 -> REFINED
2025-08-20 15:04:41,501 - INFO - sentinel2.py:78 - 10/25 - S2A_MSIL2A_20220120T091311_R050_T35SKC_20220121T054713 -> REFINED
2025-08-20 15:04:48,524 - INFO - sentinel2.py:78 - 11/25 - S2A_MSIL2A_20220120T091311_R050_T34SGJ_20220121T073811 -> REFINED
2025-08-20 15:04:54,523 - INFO - sentinel2.py:78 - 12/25 - S2A_MSIL2A_20220120T091311_R050_T34SGH_20220121T075411 -> REFINED
2025-08-20 15:04:59,788 - INFO - sentinel2.py:78 - 13/25 - S2B_MSIL2A_20220118T092219_R093_T34SFJ_20220119T064024 -> REFINED
2025-08-20 15:05:05,883 - INFO - sentinel2.py:78 - 14/25 - S2B_MSIL2A_20220118T092219_R093_T34SFH_20220119T061316 -> REFINED
2025-08-20 15:05:11,968 - INFO - sentinel2.py:78 - 15/25 - S2B_MSIL2A_20220115T091229_R050_T35SKD_20220115T210252 -> REFINED
2025-08-20 15:05:18,128 - INFO - sentinel2.py:78 - 16/25 - S2B_MSIL2A_20220115T091229_R050_T35SKC_20220115T195937 -> REFINED
2025-08-20 15:05:24,279 - INFO - sentinel2.py:78 - 17/25 - S2B_MSIL2A_20220115T091229_R050_T34SGJ_20220115T210722 -> REFINED
2025-08-20 15:05:30,552 - INFO - sentinel2.py:78 - 18/25 - S2B_MSIL2A_20220115T091229_R050_T34SGH_20220115T195808 -> REFINED
2025-08-20 15:05:37,163 - INFO - sentinel2.py:78 - 19/25 - S2A_MSIL2A_20220113T092341_R093_T34SFH_20220113T192717 -> REFINED
2025-08-20 15:05:42,786 - INFO - sentinel2.py:78 - 20/25 - S2B_MSIL2A_20220105T091259_R050_T35SKD_20220106T020800 -> REFINED
2025-08-20 15:05:48,653 - INFO - sentinel2.py:78 - 21/25 - S2B_MSIL2A_20220105T091259_R050_T35SKC_20220106T021821 -> REFINED
2025-08-20 15:05:55,672 - INFO - sentinel2.py:78 - 22/25 - S2B_MSIL2A_20220105T091259_R050_T34SGJ_20220105T235927 -> REFINED
2025-08-20 15:06:01,934 - INFO - sentinel2.py:78 - 23/25 - S2B_MSIL2A_20220105T091259_R050_T34SGH_20220106T014329 -> REFINED
2025-08-20 15:06:07,991 - INFO - sentinel2.py:78 - 24/25 - S2A_MSIL2A_20220103T092401_R093_T34SFJ_20220104T042613 -> REFINED
2025-08-20 15:06:14,261 - INFO - sentinel2.py:78 - 25/25 - S2A_MSIL2A_20220103T092401_R093_T34SFH_20220104T041145 -> REFINED
2025-08-20 15:06:14,323 - INFO - composites.py:246 -                                  
2025-08-20 15:06:14,323 - INFO - composites.py:247 - 25/25 were refined by GRI.
2025-08-20 15:06:14,325 - INFO - composites.py:259 - Looking for up to 10 cleanest images within spatiotemporal range of each MGRS tile
2025-08-20 15:06:14,325 - INFO - composites.py:273 - Filtered cleanest scenes: Kept 25 out of 25 items. 
2025-08-20 15:06:14,325 - INFO - composites.py:274 -         Included MGRS Tiles: ['34SFH' '34SFJ' '34SGH' '34SGJ' '35SKC' '35SKD']
2025-08-20 15:06:14,326 - INFO - composites.py:275 -         Included EPSG codes: [32634 32635]
2025-08-20 15:06:14,326 - INFO - composites.py:277 - Selected scenes:
2025-08-20 15:06:14,326 - INFO - composites.py:279 -         S2A_MSIL2A_20220103T092401_R093_T34SFH_20220104T041145
2025-08-20 15:06:14,326 - INFO - composites.py:279 -         S2B_MSIL2A_20220128T092139_R093_T34SFH_20220213T075306
2025-08-20 15:06:14,326 - INFO - composites.py:279 -         S2A_MSIL2A_20220123T092301_R093_T34SFH_20220124T024654
2025-08-20 15:06:14,326 - INFO - composites.py:279 -         S2B_MSIL2A_20220118T092219_R093_T34SFH_20220119T061316
2025-08-20 15:06:14,326 - INFO - composites.py:279 -         S2A_MSIL2A_20220113T092341_R093_T34SFH_20220113T192717
2025-08-20 15:06:14,327 - INFO - composites.py:279 -         S2A_MSIL2A_20220103T092401_R093_T34SFJ_20220104T042613
2025-08-20 15:06:14,327 - INFO - composites.py:279 -         S2B_MSIL2A_20220128T092139_R093_T34SFJ_20220213T070339
2025-08-20 15:06:14,328 - INFO - composites.py:279 -         S2B_MSIL2A_20220118T092219_R093_T34SFJ_20220119T064024
2025-08-20 15:06:14,339 - INFO - composites.py:279 -         S2A_MSIL2A_20220123T092301_R093_T34SFJ_20220124T024815
2025-08-20 15:06:14,347 - INFO - composites.py:279 -         S2B_MSIL2A_20220105T091259_R050_T34SGH_20220106T014329
2025-08-20 15:06:14,347 - INFO - composites.py:279 -         S2A_MSIL2A_20220120T091311_R050_T34SGH_20220121T075411
2025-08-20 15:06:14,348 - INFO - composites.py:279 -         S2B_MSIL2A_20220115T091229_R050_T34SGH_20220115T195808
2025-08-20 15:06:14,348 - INFO - composites.py:279 -         S2A_MSIL2A_20220130T091221_R050_T34SGH_20220214T135014
2025-08-20 15:06:14,360 - INFO - composites.py:279 -         S2B_MSIL2A_20220105T091259_R050_T34SGJ_20220105T235927
2025-08-20 15:06:14,360 - INFO - composites.py:279 -         S2A_MSIL2A_20220120T091311_R050_T34SGJ_20220121T073811
2025-08-20 15:06:14,361 - INFO - composites.py:279 -         S2B_MSIL2A_20220115T091229_R050_T34SGJ_20220115T210722
2025-08-20 15:06:14,361 - INFO - composites.py:279 -         S2A_MSIL2A_20220130T091221_R050_T34SGJ_20220214T132055
2025-08-20 15:06:14,361 - INFO - composites.py:279 -         S2B_MSIL2A_20220105T091259_R050_T35SKC_20220106T021821
2025-08-20 15:06:14,361 - INFO - composites.py:279 -         S2A_MSIL2A_20220120T091311_R050_T35SKC_20220121T054713
2025-08-20 15:06:14,361 - INFO - composites.py:279 -         S2B_MSIL2A_20220115T091229_R050_T35SKC_20220115T195937
2025-08-20 15:06:14,361 - INFO - composites.py:279 -         S2A_MSIL2A_20220130T091221_R050_T35SKC_20220214T120524
2025-08-20 15:06:14,361 - INFO - composites.py:279 -         S2B_MSIL2A_20220105T091259_R050_T35SKD_20220106T020800
2025-08-20 15:06:14,361 - INFO - composites.py:279 -         S2A_MSIL2A_20220120T091311_R050_T35SKD_20220121T043612
2025-08-20 15:06:14,362 - INFO - composites.py:279 -         S2B_MSIL2A_20220115T091229_R050_T35SKD_20220115T210252
2025-08-20 15:06:14,362 - INFO - composites.py:279 -         S2A_MSIL2A_20220130T091221_R050_T35SKD_20220214T132951
2025-08-20 15:06:14,862 - INFO - sentinel2.py:154 - Matplotlib backend: Agg
2025-08-20 15:06:15,367 - INFO - sentinel2.py:224 - Write input scenes footprint overlay: //nas-rs.topo.auth.gr/Latomeia/DROUGHT/COMPOS/2022/01/x11_y12/S2L2A_medcomp_x11_y12_202201_InDataFootprint.jpeg
2025-08-20 15:06:15,664 - INFO - composites.py:293 -                                  
2025-08-20 15:06:15,664 - INFO - composites.py:294 - Downstream STAC items from Planetary Computer
2025-08-20 15:06:15,664 - INFO - timeseries_processing.py:114 -                                  
2025-08-20 15:06:15,664 - INFO - timeseries_processing.py:115 - Loading bands of diferent resolutions in EPSG:32634
2025-08-20 15:06:15,664 - INFO - timeseries_processing.py:119 -     Filtering items with native UTM EPSG:32634
2025-08-20 15:06:15,664 - INFO - timeseries_processing.py:121 -     17 Items in EPSG:32634
2025-08-20 15:06:15,664 - INFO - timeseries_processing.py:128 -                        
2025-08-20 15:06:15,664 - INFO - timeseries_processing.py:129 -     Loading parameters:
2025-08-20 15:06:15,664 - INFO - timeseries_processing.py:130 -         Bands: ['B05', 'B07', 'B8A', 'SCL']
2025-08-20 15:06:15,664 - INFO - timeseries_processing.py:131 -         Spatial resolution: 20
2025-08-20 15:06:15,664 - INFO - timeseries_processing.py:133 -         Get Assets from STAC Items
2025-08-20 15:06:15,664 - INFO - timeseries_processing.py:46 -         Initialize the STAC client
2025-08-20 15:06:16,185 - INFO - timeseries_processing.py:136 -         Loading 17 STAC Items....
2025-08-20 15:07:04,017 - INFO - timeseries_processing.py:158 -         Cube has been downloaded
2025-08-20 15:07:04,017 - INFO - timeseries_processing.py:167 -         Fix order of dimensions
2025-08-20 15:07:04,019 - INFO - timeseries_processing.py:172 -         Append bands to the band-list of EPSG:32634
2025-08-20 15:07:04,022 - INFO - timeseries_processing.py:128 -                        
2025-08-20 15:07:04,022 - INFO - timeseries_processing.py:129 -     Loading parameters:
2025-08-20 15:07:04,022 - INFO - timeseries_processing.py:130 -         Bands: ['B02', 'B03', 'B04']
2025-08-20 15:07:04,022 - INFO - timeseries_processing.py:131 -         Spatial resolution: 10
2025-08-20 15:07:04,022 - INFO - timeseries_processing.py:133 -         Get Assets from STAC Items
2025-08-20 15:07:04,022 - INFO - timeseries_processing.py:46 -         Initialize the STAC client
2025-08-20 15:07:04,603 - INFO - timeseries_processing.py:136 -         Loading 17 STAC Items....
2025-08-20 15:08:45,445 - INFO - timeseries_processing.py:158 -         Cube has been downloaded
2025-08-20 15:08:45,446 - INFO - timeseries_processing.py:161 -         Downsample 10m bands to 20m by average 2x2 binning
2025-08-20 15:08:59,100 - INFO - timeseries_processing.py:164 -         Align binned bands to native 20m bands (shape matching): method=bilinear
2025-08-20 15:09:08,070 - INFO - timeseries_processing.py:172 -         Append bands to the band-list of EPSG:32634
2025-08-20 15:09:08,070 - INFO - timeseries_processing.py:176 -                        
2025-08-20 15:09:08,070 - INFO - timeseries_processing.py:177 -     Merging bands in a single dataset
2025-08-20 15:09:08,070 - INFO - timeseries_processing.py:178 -     Ensure all partial datasets are at (x=20, y=-20) resolution
2025-08-20 15:09:08,071 - INFO - timeseries_processing.py:182 -     Clip to the intersection of indexes
2025-08-20 15:09:09,347 - INFO - timeseries_processing.py:191 -     Make a list of bands to merge
2025-08-20 15:09:09,349 - INFO - timeseries_processing.py:195 -     Merge on intersection
2025-08-20 15:09:09,350 - INFO - timeseries_processing.py:203 -     Apply masks on clouds, shadows, thin cirrus, and snow/ice
2025-08-20 15:09:09,350 - INFO - sentinel2.py:122 -                Masking bits: [3, 7, 8, 9, 10, 11]
2025-08-20 15:09:10,622 - INFO - timeseries_processing.py:209 -     Reproject to Tiling Schema projection EPSG:3035
2025-08-20 15:09:24,149 - INFO - timeseries_processing.py:114 -                                  
2025-08-20 15:09:24,149 - INFO - timeseries_processing.py:115 - Loading bands of diferent resolutions in EPSG:32635
2025-08-20 15:09:24,149 - INFO - timeseries_processing.py:119 -     Filtering items with native UTM EPSG:32635
2025-08-20 15:09:24,149 - INFO - timeseries_processing.py:121 -     8 Items in EPSG:32635
2025-08-20 15:09:24,149 - INFO - timeseries_processing.py:128 -                        
2025-08-20 15:09:24,149 - INFO - timeseries_processing.py:129 -     Loading parameters:
2025-08-20 15:09:24,149 - INFO - timeseries_processing.py:130 -         Bands: ['B05', 'B07', 'B8A', 'SCL']
2025-08-20 15:09:24,149 - INFO - timeseries_processing.py:131 -         Spatial resolution: 20
2025-08-20 15:09:24,149 - INFO - timeseries_processing.py:133 -         Get Assets from STAC Items
2025-08-20 15:09:24,149 - INFO - timeseries_processing.py:46 -         Initialize the STAC client
2025-08-20 15:09:24,724 - INFO - timeseries_processing.py:136 -         Loading 8 STAC Items....
2025-08-20 15:09:47,568 - INFO - timeseries_processing.py:158 -         Cube has been downloaded
2025-08-20 15:09:47,568 - INFO - timeseries_processing.py:167 -         Fix order of dimensions
2025-08-20 15:09:47,570 - INFO - timeseries_processing.py:172 -         Append bands to the band-list of EPSG:32635
2025-08-20 15:09:47,570 - INFO - timeseries_processing.py:128 -                        
2025-08-20 15:09:47,572 - INFO - timeseries_processing.py:129 -     Loading parameters:
2025-08-20 15:09:47,572 - INFO - timeseries_processing.py:130 -         Bands: ['B02', 'B03', 'B04']
2025-08-20 15:09:47,572 - INFO - timeseries_processing.py:131 -         Spatial resolution: 10
2025-08-20 15:09:47,573 - INFO - timeseries_processing.py:133 -         Get Assets from STAC Items
2025-08-20 15:09:47,573 - INFO - timeseries_processing.py:46 -         Initialize the STAC client
2025-08-20 15:09:48,051 - INFO - timeseries_processing.py:136 -         Loading 8 STAC Items....
2025-08-20 15:10:42,560 - INFO - timeseries_processing.py:158 -         Cube has been downloaded
2025-08-20 15:10:42,560 - INFO - timeseries_processing.py:161 -         Downsample 10m bands to 20m by average 2x2 binning
2025-08-20 15:10:48,656 - INFO - timeseries_processing.py:164 -         Align binned bands to native 20m bands (shape matching): method=bilinear
2025-08-20 15:10:52,538 - INFO - timeseries_processing.py:172 -         Append bands to the band-list of EPSG:32635
2025-08-20 15:10:52,538 - INFO - timeseries_processing.py:176 -                        
2025-08-20 15:10:52,538 - INFO - timeseries_processing.py:177 -     Merging bands in a single dataset
2025-08-20 15:10:52,538 - INFO - timeseries_processing.py:178 -     Ensure all partial datasets are at (x=20, y=-20) resolution
2025-08-20 15:10:52,539 - INFO - timeseries_processing.py:182 -     Clip to the intersection of indexes
2025-08-20 15:10:52,541 - INFO - timeseries_processing.py:191 -     Make a list of bands to merge
2025-08-20 15:10:52,542 - INFO - timeseries_processing.py:195 -     Merge on intersection
2025-08-20 15:10:52,542 - INFO - timeseries_processing.py:203 -     Apply masks on clouds, shadows, thin cirrus, and snow/ice
2025-08-20 15:10:52,543 - INFO - sentinel2.py:122 -                Masking bits: [3, 7, 8, 9, 10, 11]
2025-08-20 15:10:53,180 - INFO - timeseries_processing.py:209 -     Reproject to Tiling Schema projection EPSG:3035
2025-08-20 15:10:59,610 - INFO - composites.py:303 - Clip and align to tile geometry
2025-08-20 15:11:04,771 - INFO - composites.py:309 -                           
2025-08-20 15:11:04,771 - INFO - composites.py:310 - Mosaic datasets of different native UTM zones to a single dataset
2025-08-20 15:11:13,471 - INFO - composites.py:323 - Scale SR to Sen2Cor Baseline 4.00 - Subtract 1000 in dates post 2022-01-25
2025-08-20 15:11:15,063 - INFO - composites.py:336 - Creating preview plot of input scenes
2025-08-20 15:11:54,301 - INFO - timeseries_processing.py:367 - Saved preview for 'B04' to //nas-rs.topo.auth.gr/Latomeia/DROUGHT/COMPOS/2022/01/x11_y12/S2L2A_medcomp_x11_y12_202201_InDataPreview.jpeg
2025-08-20 15:11:54,309 - INFO - composites.py:342 - Clip value range
2025-08-20 15:11:56,362 - INFO - composites.py:347 -                           
2025-08-20 15:11:56,377 - INFO - composites.py:348 - Computing spectral indices:
2025-08-20 15:11:56,391 - INFO - composites.py:351 -     EVI...
2025-08-20 15:11:57,663 - INFO - composites.py:353 -     NDVI...
2025-08-20 15:11:57,966 - INFO - composites.py:355 -     PSRI2...
2025-08-20 15:11:58,378 - INFO - composites.py:358 - Clip to typical value range
2025-08-20 15:11:58,790 - INFO - composites.py:365 - Reducing to median value temporal composite
2025-08-20 15:12:25,097 - INFO - composites.py:384 - Define data types and nodata per band
2025-08-20 15:12:25,274 - INFO - composites.py:405 - Assign time range and tile ID in metadata
2025-08-20 15:12:25,274 - INFO - composites.py:413 - Write bands to raster COG files
2025-08-20 15:12:29,886 - INFO - composites.py:426 - Write B02 -> //nas-rs.topo.auth.gr/Latomeia/DROUGHT/COMPOS/2022/01/x11_y12/S2L2A_medcomp_x11_y12_202201_B02.tif
2025-08-20 15:12:34,527 - INFO - composites.py:426 - Write B03 -> //nas-rs.topo.auth.gr/Latomeia/DROUGHT/COMPOS/2022/01/x11_y12/S2L2A_medcomp_x11_y12_202201_B03.tif
2025-08-20 15:12:39,159 - INFO - composites.py:426 - Write B04 -> //nas-rs.topo.auth.gr/Latomeia/DROUGHT/COMPOS/2022/01/x11_y12/S2L2A_medcomp_x11_y12_202201_B04.tif
2025-08-20 15:12:44,017 - INFO - composites.py:426 - Write B05 -> //nas-rs.topo.auth.gr/Latomeia/DROUGHT/COMPOS/2022/01/x11_y12/S2L2A_medcomp_x11_y12_202201_B05.tif
2025-08-20 15:12:48,948 - INFO - composites.py:426 - Write B07 -> //nas-rs.topo.auth.gr/Latomeia/DROUGHT/COMPOS/2022/01/x11_y12/S2L2A_medcomp_x11_y12_202201_B07.tif
2025-08-20 15:12:53,567 - INFO - composites.py:426 - Write B8A -> //nas-rs.topo.auth.gr/Latomeia/DROUGHT/COMPOS/2022/01/x11_y12/S2L2A_medcomp_x11_y12_202201_B8A.tif
2025-08-20 15:12:58,065 - INFO - composites.py:426 - Write EVI -> //nas-rs.topo.auth.gr/Latomeia/DROUGHT/COMPOS/2022/01/x11_y12/S2L2A_medcomp_x11_y12_202201_evi.tif
2025-08-20 15:13:02,832 - INFO - composites.py:426 - Write NDVI -> //nas-rs.topo.auth.gr/Latomeia/DROUGHT/COMPOS/2022/01/x11_y12/S2L2A_medcomp_x11_y12_202201_ndvi.tif
2025-08-20 15:13:07,516 - INFO - composites.py:426 - Write PSRI2 -> //nas-rs.topo.auth.gr/Latomeia/DROUGHT/COMPOS/2022/01/x11_y12/S2L2A_medcomp_x11_y12_202201_psri2.tif
2025-08-20 15:13:07,517 - INFO - composites.py:430 - Prepare metadata YAML document
2025-08-20 15:13:08,369 - INFO - composites.py:451 - Write metadata YAML document to disk
2025-08-20 15:13:08,428 - INFO - composites.py:456 - Create datacube.model.Dataset from eo3 metadata
2025-08-20 15:13:08,439 - INFO - composites.py:467 - Index to datacube
2025-08-20 15:13:08,439 - INFO - _datasets.py:191 - Indexing 6d894429-9a50-4623-8b93-689ef18daa04
2025-08-20 15:13:08,449 - INFO - composites.py:470 - 
2025-08-20 15:13:08,449 - INFO - composites.py:471 -              ✔✔✔ COMPLETED: Tile x11_y12 | Time: 2022-01 | In 9.62 minutes
2025-08-20 15:13:08,449 - INFO - composites.py:472 - 
2025-08-20 15:13:08,449 - INFO - composites.py:480 - Closing Dask client
2025-08-20 15:13:08,451 - INFO - composites.py:484 - Closing Dask cluster
2025-08-20 15:13:08,451 - INFO - composites.py:485 - #######################################################################
