2025-08-17 18:45:42,166 - INFO - composites.py:104 - #######################################################################
2025-08-17 18:45:42,166 - INFO - composites.py:106 - Processing started
2025-08-17 18:45:42,166 - INFO - composites.py:107 -         Tile: x12_y11
2025-08-17 18:45:42,166 - INFO - composites.py:108 -         Time: 2020-02
2025-08-17 18:45:42,166 - INFO - composites.py:111 -                           
2025-08-17 18:45:42,166 - INFO - composites.py:112 - Establishing connection to datacube
2025-08-17 18:45:42,845 - INFO - composites.py:115 -                           
2025-08-17 18:45:42,847 - INFO - composites.py:116 - Sanity test: Check if dataset already exists in the datacube
2025-08-17 18:45:42,865 - INFO - composites.py:134 - The composite requested will be computed
2025-08-17 18:45:42,865 - INFO - composites.py:137 -                                  
2025-08-17 18:45:42,865 - INFO - composites.py:138 - Initializing Dask cluster for parallelization
2025-08-17 18:45:48,882 - INFO - composites.py:170 - Dask dashboard is available at: http://127.0.0.1:8787/status
2025-08-17 18:45:48,883 - INFO - composites.py:173 - Create directories and naming conversions
2025-08-17 18:45:48,888 - INFO - composites.py:184 - Dataset location: //nas-rs.topo.auth.gr/Latomeia/DROUGHT/COMPOS/2020/02/x12_y11
2025-08-17 18:45:48,888 - INFO - composites.py:187 -                           
2025-08-17 18:45:48,888 - INFO - composites.py:188 - Retrieve tile geometry
2025-08-17 18:45:48,934 - INFO - composites.py:199 - Create the Bounding Box (φ,λ)
2025-08-17 18:45:48,934 - INFO - composites.py:205 - Create the Bounding Box (x,y)
2025-08-17 18:45:48,934 - INFO - composites.py:218 -                           
2025-08-17 18:45:48,934 - INFO - composites.py:219 - Connect to Planetary Computer STAC Catalog
2025-08-17 18:45:49,314 - INFO - composites.py:227 - Search the STAC Catalog
2025-08-17 18:45:49,380 - INFO - composites.py:239 -         Query parameters:
2025-08-17 18:45:49,380 - INFO - composites.py:240 -             url:          https://planetarycomputer.microsoft.com/api/stac/v1/search
2025-08-17 18:45:49,380 - INFO - composites.py:241 -             client:       microsoft-pc
2025-08-17 18:45:49,380 - INFO - composites.py:242 -             collection:   sentinel-2-l2a
2025-08-17 18:45:49,380 - INFO - composites.py:243 -             bbox:         (23.628548648210305, 37.993645379626564, 24.306565062510593, 38.55017402535158)
2025-08-17 18:45:49,380 - INFO - composites.py:244 -             time range:   2020-02-01T00:00:00Z/2020-02-29T23:59:59Z
2025-08-17 18:45:49,380 - INFO - composites.py:245 -             cloud cover:  0% - 70%
2025-08-17 18:45:49,380 - INFO - composites.py:246 -             nodata cover: 0% - 33%
2025-08-17 18:45:49,380 - INFO - composites.py:248 -                           
2025-08-17 18:45:49,380 - INFO - composites.py:249 - Searching...
2025-08-17 18:45:49,794 - INFO - composites.py:252 - Query found 7 items
2025-08-17 18:45:49,794 - INFO - composites.py:254 - Searching for GRI REFINED scenes:
2025-08-17 18:45:52,754 - INFO - sentinel2.py:63 - 1/7 - S2B_MSIL2A_20200225T090849_R050_T35SKC_20200928T090752 -> Not Found
2025-08-17 18:45:56,288 - INFO - sentinel2.py:63 - 2/7 - S2B_MSIL2A_20200225T090849_R050_T34SGH_20200928T090657 -> Not Found
2025-08-17 18:45:59,336 - INFO - sentinel2.py:63 - 3/7 - S2A_MSIL2A_20200220T091011_R050_T35SKC_20200930T033743 -> Not Found
2025-08-17 18:46:02,925 - INFO - sentinel2.py:63 - 4/7 - S2A_MSIL2A_20200210T091121_R050_T35SKC_20201001T141526 -> Not Found
2025-08-17 18:46:06,157 - INFO - sentinel2.py:63 - 5/7 - S2A_MSIL2A_20200210T091121_R050_T34SGH_20201001T141458 -> Not Found
2025-08-17 18:46:09,441 - INFO - sentinel2.py:63 - 6/7 - S2B_MSIL2A_20200205T091049_R050_T35SKC_20200930T234321 -> Not Found
2025-08-17 18:46:12,789 - INFO - sentinel2.py:63 - 7/7 - S2B_MSIL2A_20200205T091049_R050_T34SGH_20200930T234319 -> Not Found
2025-08-17 18:46:12,829 - INFO - composites.py:257 -                                  
2025-08-17 18:46:12,829 - INFO - composites.py:258 - 0/7 were refined by GRI.
2025-08-17 18:46:12,829 - WARNING - composites.py:262 - Tile x12_y11 | Time: 2020-02: All scenes are flagged NOT REFINED.
2025-08-17 18:46:12,830 - WARNING - composites.py:263 - Tile x12_y11 | Time: 2020-02: The composite will be flagged with _NOREFINED.
2025-08-17 18:46:12,830 - INFO - composites.py:270 - Looking for up to 10 cleanest images within spatiotemporal range of each MGRS tile
2025-08-17 18:46:12,830 - INFO - composites.py:284 - Filtered cleanest scenes: Kept 7 out of 7 items. 
2025-08-17 18:46:12,830 - INFO - composites.py:285 -         Included MGRS Tiles: ['34SGH' '35SKC']
2025-08-17 18:46:12,831 - INFO - composites.py:286 -         Included EPSG codes: [32634 32635]
2025-08-17 18:46:12,831 - INFO - composites.py:288 - Selected scenes:
2025-08-17 18:46:12,831 - INFO - composites.py:290 -         S2A_MSIL2A_20200210T091121_R050_T34SGH_20201001T141458
2025-08-17 18:46:12,831 - INFO - composites.py:290 -         S2B_MSIL2A_20200225T090849_R050_T34SGH_20200928T090657
2025-08-17 18:46:12,832 - INFO - composites.py:290 -         S2B_MSIL2A_20200205T091049_R050_T34SGH_20200930T234319
2025-08-17 18:46:12,843 - INFO - composites.py:290 -         S2A_MSIL2A_20200210T091121_R050_T35SKC_20201001T141526
2025-08-17 18:46:12,845 - INFO - composites.py:290 -         S2B_MSIL2A_20200225T090849_R050_T35SKC_20200928T090752
2025-08-17 18:46:12,845 - INFO - composites.py:290 -         S2B_MSIL2A_20200205T091049_R050_T35SKC_20200930T234321
2025-08-17 18:46:12,845 - INFO - composites.py:290 -         S2A_MSIL2A_20200220T091011_R050_T35SKC_20200930T033743
2025-08-17 18:46:13,456 - INFO - sentinel2.py:139 - Matplotlib backend: Agg
2025-08-17 18:46:13,641 - INFO - sentinel2.py:209 - Write input scenes footprint overlay: //nas-rs.topo.auth.gr/Latomeia/DROUGHT/COMPOS/2020/02/x12_y11/S2L2A_medcomp_x12_y11_202002_InDataFootprint.jpeg
2025-08-17 18:46:13,894 - INFO - composites.py:304 -                                  
2025-08-17 18:46:13,894 - INFO - composites.py:305 - Downstream STAC items from Planetary Computer
2025-08-17 18:46:13,894 - INFO - timeseries_processing.py:99 -                                  
2025-08-17 18:46:13,894 - INFO - timeseries_processing.py:100 - Loading bands of diferent resolutions in EPSG:32634
2025-08-17 18:46:13,895 - INFO - timeseries_processing.py:104 -     Filtering items with native UTM EPSG:32634
2025-08-17 18:46:13,895 - INFO - timeseries_processing.py:106 -     3 Items in EPSG:32634
2025-08-17 18:46:13,895 - INFO - timeseries_processing.py:113 -                        
2025-08-17 18:46:13,895 - INFO - timeseries_processing.py:114 -     Loading parameters:
2025-08-17 18:46:13,895 - INFO - timeseries_processing.py:115 -         Bands: ['B05', 'B07', 'B8A', 'SCL']
2025-08-17 18:46:13,895 - INFO - timeseries_processing.py:116 -         Spatial resolution: 20
2025-08-17 18:46:13,895 - INFO - timeseries_processing.py:118 -         Get Assets from STAC Items
2025-08-17 18:46:13,895 - INFO - timeseries_processing.py:31 -         Initialize the STAC client
2025-08-17 18:46:14,404 - INFO - timeseries_processing.py:121 -         Loading 3 STAC Items....
2025-08-17 18:46:39,542 - INFO - timeseries_processing.py:143 -         Cube has been downloaded
2025-08-17 18:46:39,543 - INFO - timeseries_processing.py:152 -         Fix order of dimensions
2025-08-17 18:46:39,544 - INFO - timeseries_processing.py:157 -         Append bands to the band-list of EPSG:32634
2025-08-17 18:46:39,544 - INFO - timeseries_processing.py:113 -                        
2025-08-17 18:46:39,544 - INFO - timeseries_processing.py:114 -     Loading parameters:
2025-08-17 18:46:39,544 - INFO - timeseries_processing.py:115 -         Bands: ['B02', 'B03', 'B04']
2025-08-17 18:46:39,544 - INFO - timeseries_processing.py:116 -         Spatial resolution: 10
2025-08-17 18:46:39,544 - INFO - timeseries_processing.py:118 -         Get Assets from STAC Items
2025-08-17 18:46:39,545 - INFO - timeseries_processing.py:31 -         Initialize the STAC client
2025-08-17 18:46:40,050 - INFO - timeseries_processing.py:121 -         Loading 3 STAC Items....
2025-08-17 18:47:31,361 - INFO - timeseries_processing.py:143 -         Cube has been downloaded
2025-08-17 18:47:31,361 - INFO - timeseries_processing.py:146 -         Downsample 10m bands to 20m by average 2x2 binning
2025-08-17 18:47:36,069 - INFO - timeseries_processing.py:149 -         Warp (reproject) 2x2 binned bands like native 20m bands: method=bilinear
2025-08-17 18:47:40,543 - INFO - timeseries_processing.py:157 -         Append bands to the band-list of EPSG:32634
2025-08-17 18:47:40,543 - INFO - timeseries_processing.py:161 -                        
2025-08-17 18:47:40,543 - INFO - timeseries_processing.py:162 -     Merging bands in a single dataset
2025-08-17 18:47:40,543 - INFO - timeseries_processing.py:163 -     Ensure all partial datasets are at (x=20, y=-20) resolution
2025-08-17 18:47:40,544 - INFO - timeseries_processing.py:167 -     Clip to the intersection of indexes
2025-08-17 18:47:41,916 - INFO - timeseries_processing.py:176 -     Make a list of bands to merge
2025-08-17 18:47:41,918 - INFO - timeseries_processing.py:180 -     Merge on intersection
2025-08-17 18:47:41,919 - INFO - timeseries_processing.py:188 -     Apply masks on clouds, shadows, thin cirrus, and snow/ice
2025-08-17 18:47:41,919 - INFO - sentinel2.py:107 -                Masking bits: [3, 7, 8, 9, 10, 11]
2025-08-17 18:47:42,356 - INFO - timeseries_processing.py:194 -     Reproject to Tiling Schema projection EPSG:3035
2025-08-17 18:47:46,917 - INFO - timeseries_processing.py:99 -                                  
2025-08-17 18:47:46,917 - INFO - timeseries_processing.py:100 - Loading bands of diferent resolutions in EPSG:32635
2025-08-17 18:47:46,918 - INFO - timeseries_processing.py:104 -     Filtering items with native UTM EPSG:32635
2025-08-17 18:47:46,918 - INFO - timeseries_processing.py:106 -     4 Items in EPSG:32635
2025-08-17 18:47:46,918 - INFO - timeseries_processing.py:113 -                        
2025-08-17 18:47:46,918 - INFO - timeseries_processing.py:114 -     Loading parameters:
2025-08-17 18:47:46,918 - INFO - timeseries_processing.py:115 -         Bands: ['B05', 'B07', 'B8A', 'SCL']
2025-08-17 18:47:46,918 - INFO - timeseries_processing.py:116 -         Spatial resolution: 20
2025-08-17 18:47:46,918 - INFO - timeseries_processing.py:118 -         Get Assets from STAC Items
2025-08-17 18:47:46,918 - INFO - timeseries_processing.py:31 -         Initialize the STAC client
2025-08-17 18:47:47,542 - INFO - timeseries_processing.py:121 -         Loading 4 STAC Items....
2025-08-17 18:48:20,344 - INFO - timeseries_processing.py:143 -         Cube has been downloaded
2025-08-17 18:48:20,344 - INFO - timeseries_processing.py:152 -         Fix order of dimensions
2025-08-17 18:48:20,345 - INFO - timeseries_processing.py:157 -         Append bands to the band-list of EPSG:32635
2025-08-17 18:48:20,345 - INFO - timeseries_processing.py:113 -                        
2025-08-17 18:48:20,347 - INFO - timeseries_processing.py:114 -     Loading parameters:
2025-08-17 18:48:20,347 - INFO - timeseries_processing.py:115 -         Bands: ['B02', 'B03', 'B04']
2025-08-17 18:48:20,347 - INFO - timeseries_processing.py:116 -         Spatial resolution: 10
2025-08-17 18:48:20,347 - INFO - timeseries_processing.py:118 -         Get Assets from STAC Items
2025-08-17 18:48:20,347 - INFO - timeseries_processing.py:31 -         Initialize the STAC client
2025-08-17 18:48:20,927 - INFO - timeseries_processing.py:121 -         Loading 4 STAC Items....
2025-08-17 18:49:29,740 - INFO - timeseries_processing.py:143 -         Cube has been downloaded
2025-08-17 18:49:29,741 - INFO - timeseries_processing.py:146 -         Downsample 10m bands to 20m by average 2x2 binning
2025-08-17 18:49:35,813 - INFO - timeseries_processing.py:149 -         Warp (reproject) 2x2 binned bands like native 20m bands: method=bilinear
2025-08-17 18:49:37,789 - INFO - timeseries_processing.py:157 -         Append bands to the band-list of EPSG:32635
2025-08-17 18:49:37,790 - INFO - timeseries_processing.py:161 -                        
2025-08-17 18:49:37,790 - INFO - timeseries_processing.py:162 -     Merging bands in a single dataset
2025-08-17 18:49:37,790 - INFO - timeseries_processing.py:163 -     Ensure all partial datasets are at (x=20, y=-20) resolution
2025-08-17 18:49:37,790 - INFO - timeseries_processing.py:167 -     Clip to the intersection of indexes
2025-08-17 18:49:37,792 - INFO - timeseries_processing.py:176 -     Make a list of bands to merge
2025-08-17 18:49:37,792 - INFO - timeseries_processing.py:180 -     Merge on intersection
2025-08-17 18:49:37,794 - INFO - timeseries_processing.py:188 -     Apply masks on clouds, shadows, thin cirrus, and snow/ice
2025-08-17 18:49:37,794 - INFO - sentinel2.py:107 -                Masking bits: [3, 7, 8, 9, 10, 11]
2025-08-17 18:49:38,411 - INFO - timeseries_processing.py:194 -     Reproject to Tiling Schema projection EPSG:3035
2025-08-17 18:49:44,851 - INFO - composites.py:314 - Clip and align to tile geometry
2025-08-17 18:49:47,830 - INFO - composites.py:320 -                           
2025-08-17 18:49:47,830 - INFO - composites.py:321 - Mosaic datasets of different native UTM zones to a single dataset
2025-08-17 18:49:52,200 - INFO - composites.py:347 - Creating preview plot of input scenes
2025-08-17 18:50:18,362 - INFO - timeseries_processing.py:352 - Saved preview for 'B04' to //nas-rs.topo.auth.gr/Latomeia/DROUGHT/COMPOS/2020/02/x12_y11/S2L2A_medcomp_x12_y11_202002_InDataPreview.jpeg
2025-08-17 18:50:18,366 - INFO - composites.py:353 - Clip value range
2025-08-17 18:50:18,837 - INFO - composites.py:358 -                           
2025-08-17 18:50:18,838 - INFO - composites.py:359 - Computing spectral indices:
2025-08-17 18:50:18,838 - INFO - composites.py:362 -     EVI...
2025-08-17 18:50:19,101 - INFO - composites.py:364 -     NDVI...
2025-08-17 18:50:19,166 - INFO - composites.py:366 -     PSRI2...
2025-08-17 18:50:19,249 - INFO - composites.py:369 - Clip to typical value range
2025-08-17 18:50:19,430 - INFO - composites.py:376 - Reducing to median value temporal composite
2025-08-17 18:50:46,719 - INFO - composites.py:395 - Define data types and nodata per band
2025-08-17 18:50:46,907 - INFO - composites.py:416 - Assign time range and tile ID in metadata
2025-08-17 18:50:46,907 - INFO - composites.py:424 - Write bands to raster COG files
2025-08-17 18:50:51,627 - INFO - composites.py:437 - Write B02 -> //nas-rs.topo.auth.gr/Latomeia/DROUGHT/COMPOS/2020/02/x12_y11/S2L2A_medcomp_x12_y11_202002_B02.tif
2025-08-17 18:50:56,280 - INFO - composites.py:437 - Write B03 -> //nas-rs.topo.auth.gr/Latomeia/DROUGHT/COMPOS/2020/02/x12_y11/S2L2A_medcomp_x12_y11_202002_B03.tif
2025-08-17 18:51:00,976 - INFO - composites.py:437 - Write B04 -> //nas-rs.topo.auth.gr/Latomeia/DROUGHT/COMPOS/2020/02/x12_y11/S2L2A_medcomp_x12_y11_202002_B04.tif
2025-08-17 18:51:05,624 - INFO - composites.py:437 - Write B05 -> //nas-rs.topo.auth.gr/Latomeia/DROUGHT/COMPOS/2020/02/x12_y11/S2L2A_medcomp_x12_y11_202002_B05.tif
2025-08-17 18:51:10,257 - INFO - composites.py:437 - Write B07 -> //nas-rs.topo.auth.gr/Latomeia/DROUGHT/COMPOS/2020/02/x12_y11/S2L2A_medcomp_x12_y11_202002_B07.tif
2025-08-17 18:51:14,921 - INFO - composites.py:437 - Write B8A -> //nas-rs.topo.auth.gr/Latomeia/DROUGHT/COMPOS/2020/02/x12_y11/S2L2A_medcomp_x12_y11_202002_B8A.tif
2025-08-17 18:51:19,438 - INFO - composites.py:437 - Write EVI -> //nas-rs.topo.auth.gr/Latomeia/DROUGHT/COMPOS/2020/02/x12_y11/S2L2A_medcomp_x12_y11_202002_evi.tif
2025-08-17 18:51:23,959 - INFO - composites.py:437 - Write NDVI -> //nas-rs.topo.auth.gr/Latomeia/DROUGHT/COMPOS/2020/02/x12_y11/S2L2A_medcomp_x12_y11_202002_ndvi.tif
2025-08-17 18:51:28,558 - INFO - composites.py:437 - Write PSRI2 -> //nas-rs.topo.auth.gr/Latomeia/DROUGHT/COMPOS/2020/02/x12_y11/S2L2A_medcomp_x12_y11_202002_psri2.tif
2025-08-17 18:51:28,559 - INFO - composites.py:441 - Prepare metadata YAML document
2025-08-17 18:51:29,305 - INFO - composites.py:462 - Write metadata YAML document to disk
2025-08-17 18:51:29,334 - INFO - composites.py:467 - Create datacube.model.Dataset from eo3 metadata
2025-08-17 18:51:29,345 - INFO - composites.py:477 - Index to datacube
2025-08-17 18:51:29,345 - INFO - _datasets.py:191 - Indexing 2e3c883e-6367-4eda-b6fc-d0c13376f2e9
2025-08-17 18:51:29,354 - INFO - composites.py:480 - 
2025-08-17 18:51:29,354 - INFO - composites.py:481 -              ✔✔✔ COMPLETED: Tile x12_y11 | Time: 2020-02 | In 5.79 minutes
2025-08-17 18:51:29,354 - INFO - composites.py:482 - 
2025-08-17 18:51:29,354 - INFO - composites.py:490 - Closing Dask client
2025-08-17 18:51:29,356 - INFO - composites.py:494 - Closing Dask cluster
