2025-08-28 18:16:07,511 - INFO - composites.py:102 - #######################################################################
2025-08-28 18:16:07,512 - INFO - composites.py:104 - Processing started
2025-08-28 18:16:07,512 - INFO - composites.py:105 -         Tile: x08_y10
2025-08-28 18:16:07,512 - INFO - composites.py:106 -         Time: 2020-10
2025-08-28 18:16:07,512 - INFO - composites.py:109 -                           
2025-08-28 18:16:07,512 - INFO - composites.py:110 - Establishing connection to datacube
2025-08-28 18:16:08,045 - INFO - composites.py:113 -                           
2025-08-28 18:16:08,046 - INFO - composites.py:114 - Sanity test: Check if dataset already exists in the datacube
2025-08-28 18:16:08,064 - INFO - composites.py:133 - The composite requested was not found and it will be computed
2025-08-28 18:16:08,064 - INFO - composites.py:136 -                                  
2025-08-28 18:16:08,064 - INFO - composites.py:137 - Initializing Dask cluster for parallelization
2025-08-28 18:16:13,075 - INFO - composites.py:161 - Dask dashboard is available at: http://127.0.0.1:8787/status
2025-08-28 18:16:13,076 - INFO - composites.py:164 - Create directories and naming conversions
2025-08-28 18:16:13,084 - INFO - composites.py:177 - Dataset location: //nas-rs.topo.auth.gr/Latomeia/DROUGHT/composites/x08/y10/2020/10/01
2025-08-28 18:16:13,084 - INFO - composites.py:180 -                           
2025-08-28 18:16:13,084 - INFO - composites.py:181 - Retrieve tile geometry
2025-08-28 18:16:13,113 - INFO - composites.py:192 - Create the Bounding Box (φ,λ)
2025-08-28 18:16:13,113 - INFO - composites.py:198 - Create the Bounding Box (x,y)
2025-08-28 18:16:13,114 - INFO - composites.py:211 -                           
2025-08-28 18:16:13,114 - INFO - composites.py:212 - Connect to Planetary Computer STAC Catalog
2025-08-28 18:16:13,332 - INFO - composites.py:220 - Search the STAC Catalog
2025-08-28 18:16:13,403 - INFO - composites.py:232 -         Query parameters:
2025-08-28 18:16:13,403 - INFO - composites.py:233 -             url:          https://planetarycomputer.microsoft.com/api/stac/v1/search
2025-08-28 18:16:13,403 - INFO - composites.py:234 -             client:       microsoft-pc
2025-08-28 18:16:13,403 - INFO - composites.py:235 -             collection:   sentinel-2-l2a
2025-08-28 18:16:13,403 - INFO - composites.py:236 -             bbox:         (21.39721400014901, 37.8618519319046, 22.06142649589928, 38.40819969704171)
2025-08-28 18:16:13,403 - INFO - composites.py:237 -             time range:   2020-10-01T00:00:00Z/2020-10-31T23:59:59Z
2025-08-28 18:16:13,403 - INFO - composites.py:238 -             cloud cover:  0% - 70%
2025-08-28 18:16:13,403 - INFO - composites.py:239 -             nodata cover: 0% - 33%
2025-08-28 18:16:13,403 - INFO - composites.py:241 -                           
2025-08-28 18:16:13,403 - INFO - composites.py:242 - Searching...
2025-08-28 18:16:33,692 - INFO - composites.py:245 - Query found 12 items
2025-08-28 18:16:33,693 - INFO - composites.py:247 - Searching for GRI REFINED scenes:
2025-08-28 18:16:42,188 - INFO - sentinel2.py:78 - 1/12 - S2A_MSIL2A_20201030T092121_R093_T34SEH_20201101T231357 -> Not Found
2025-08-28 18:16:50,990 - INFO - sentinel2.py:78 - 2/12 - S2A_MSIL2A_20201030T092121_R093_T34SEG_20201101T231434 -> Not Found
2025-08-28 18:16:59,171 - INFO - sentinel2.py:78 - 3/12 - S2B_MSIL2A_20201025T092029_R093_T34SEH_20201030T072325 -> Not Found
2025-08-28 18:17:06,853 - INFO - sentinel2.py:78 - 4/12 - S2B_MSIL2A_20201025T092029_R093_T34SEG_20201030T072605 -> Not Found
2025-08-28 18:17:15,142 - INFO - sentinel2.py:78 - 5/12 - S2A_MSIL2A_20201020T092031_R093_T34SEH_20201027T143214 -> Not Found
2025-08-28 18:17:23,726 - INFO - sentinel2.py:78 - 6/12 - S2A_MSIL2A_20201020T092031_R093_T34SEG_20201021T193738 -> Not Found
2025-08-28 18:17:32,704 - INFO - sentinel2.py:78 - 7/12 - S2B_MSIL2A_20201015T092029_R093_T34SEH_20201019T081055 -> Not Found
2025-08-28 18:17:40,734 - INFO - sentinel2.py:78 - 8/12 - S2B_MSIL2A_20201015T092029_R093_T34SEG_20201019T081059 -> Not Found
2025-08-28 18:17:49,981 - INFO - sentinel2.py:78 - 9/12 - S2A_MSIL2A_20201010T092031_R093_T34SEH_20201027T125115 -> Not Found
2025-08-28 18:17:59,050 - INFO - sentinel2.py:78 - 10/12 - S2A_MSIL2A_20201010T092031_R093_T34SEG_20201027T125115 -> Not Found
2025-08-28 18:18:08,314 - INFO - sentinel2.py:78 - 11/12 - S2B_MSIL2A_20201005T092029_R093_T34SEH_20201007T111610 -> Not Found
2025-08-28 18:18:17,039 - INFO - sentinel2.py:78 - 12/12 - S2B_MSIL2A_20201005T092029_R093_T34SEG_20201007T111015 -> Not Found
2025-08-28 18:18:17,107 - INFO - composites.py:250 -                                  
2025-08-28 18:18:17,114 - INFO - composites.py:251 - 0/12 were refined by GRI.
2025-08-28 18:18:17,114 - WARNING - composites.py:255 - Tile x08_y10 | Time: 2020-10: All scenes are flagged NOT REFINED.
2025-08-28 18:18:17,114 - WARNING - composites.py:256 - Tile x08_y10 | Time: 2020-10: The composite will be flagged with _NOREFINED.
2025-08-28 18:18:17,115 - INFO - composites.py:263 - Looking for up to 10 cleanest images within spatiotemporal range of each MGRS tile
2025-08-28 18:18:17,115 - INFO - composites.py:277 - Filtered cleanest scenes: Kept 12 out of 12 items. 
2025-08-28 18:18:17,115 - INFO - composites.py:278 -         Included MGRS Tiles: ['34SEG' '34SEH']
2025-08-28 18:18:17,115 - INFO - composites.py:279 -         Included EPSG codes: [32634]
2025-08-28 18:18:17,115 - INFO - composites.py:281 - Selected scenes:
2025-08-28 18:18:17,115 - INFO - composites.py:283 -         S2A_MSIL2A_20201010T092031_R093_T34SEG_20201027T125115
2025-08-28 18:18:17,115 - INFO - composites.py:283 -         S2B_MSIL2A_20201015T092029_R093_T34SEG_20201019T081059
2025-08-28 18:18:17,115 - INFO - composites.py:283 -         S2A_MSIL2A_20201020T092031_R093_T34SEG_20201021T193738
2025-08-28 18:18:17,115 - INFO - composites.py:283 -         S2B_MSIL2A_20201025T092029_R093_T34SEG_20201030T072605
2025-08-28 18:18:17,116 - INFO - composites.py:283 -         S2A_MSIL2A_20201030T092121_R093_T34SEG_20201101T231434
2025-08-28 18:18:17,116 - INFO - composites.py:283 -         S2B_MSIL2A_20201005T092029_R093_T34SEG_20201007T111015
2025-08-28 18:18:17,116 - INFO - composites.py:283 -         S2A_MSIL2A_20201010T092031_R093_T34SEH_20201027T125115
2025-08-28 18:18:17,116 - INFO - composites.py:283 -         S2A_MSIL2A_20201020T092031_R093_T34SEH_20201027T143214
2025-08-28 18:18:17,117 - INFO - composites.py:283 -         S2B_MSIL2A_20201015T092029_R093_T34SEH_20201019T081055
2025-08-28 18:18:17,117 - INFO - composites.py:283 -         S2B_MSIL2A_20201005T092029_R093_T34SEH_20201007T111610
2025-08-28 18:18:17,128 - INFO - composites.py:283 -         S2B_MSIL2A_20201025T092029_R093_T34SEH_20201030T072325
2025-08-28 18:18:17,143 - INFO - composites.py:283 -         S2A_MSIL2A_20201030T092121_R093_T34SEH_20201101T231357
2025-08-28 18:18:17,511 - INFO - sentinel2.py:154 - Matplotlib backend: Agg
2025-08-28 18:18:17,788 - INFO - sentinel2.py:224 - Write input scenes footprint overlay: //nas-rs.topo.auth.gr/Latomeia/DROUGHT/composites/x08/y10/2020/10/01/S2L2A_medcomp_x08y10_202010_InDataFootprint.jpeg
2025-08-28 18:18:18,026 - INFO - composites.py:297 -                                  
2025-08-28 18:18:18,026 - INFO - composites.py:298 - Downstream STAC items from Planetary Computer
2025-08-28 18:18:18,026 - INFO - timeseries_processing.py:115 -                                  
2025-08-28 18:18:18,026 - INFO - timeseries_processing.py:116 - Loading bands of diferent resolutions in EPSG:32634
2025-08-28 18:18:18,026 - INFO - timeseries_processing.py:120 -     Filtering items with native UTM EPSG:32634
2025-08-28 18:18:18,026 - INFO - timeseries_processing.py:122 -     12 Items in EPSG:32634
2025-08-28 18:18:18,027 - INFO - timeseries_processing.py:129 -                        
2025-08-28 18:18:18,027 - INFO - timeseries_processing.py:130 -     Loading parameters:
2025-08-28 18:18:18,027 - INFO - timeseries_processing.py:131 -         Bands: ['B05', 'B07', 'B8A', 'SCL']
2025-08-28 18:18:18,027 - INFO - timeseries_processing.py:132 -         Spatial resolution: 20
2025-08-28 18:18:18,027 - INFO - timeseries_processing.py:134 -         Get Assets from STAC Items
2025-08-28 18:18:18,027 - INFO - timeseries_processing.py:47 -         Initialize the STAC client
2025-08-28 18:20:22,880 - INFO - timeseries_processing.py:137 -         Loading 12 STAC Items....
2025-08-28 18:21:20,404 - INFO - timeseries_processing.py:146 -         Cube has been downloaded
2025-08-28 18:21:20,404 - INFO - timeseries_processing.py:156 -         Fix order of dimensions
2025-08-28 18:21:20,405 - INFO - timeseries_processing.py:161 -         Append bands to the band-list of EPSG:32634
2025-08-28 18:21:20,406 - INFO - timeseries_processing.py:129 -                        
2025-08-28 18:21:20,406 - INFO - timeseries_processing.py:130 -     Loading parameters:
2025-08-28 18:21:20,406 - INFO - timeseries_processing.py:131 -         Bands: ['B02', 'B03', 'B04']
2025-08-28 18:21:20,406 - INFO - timeseries_processing.py:132 -         Spatial resolution: 10
2025-08-28 18:21:20,406 - INFO - timeseries_processing.py:134 -         Get Assets from STAC Items
2025-08-28 18:21:20,407 - INFO - timeseries_processing.py:47 -         Initialize the STAC client
2025-08-28 18:23:27,270 - INFO - timeseries_processing.py:137 -         Loading 12 STAC Items....
2025-08-28 18:24:38,152 - INFO - timeseries_processing.py:146 -         Cube has been downloaded
2025-08-28 18:24:38,152 - INFO - timeseries_processing.py:149 -         Reproject to downsample 10m bands to 20m by Resampling.average 2x2 binning and shape matching with odc.geo.GeoBox
2025-08-28 18:24:47,105 - INFO - timeseries_processing.py:161 -         Append bands to the band-list of EPSG:32634
2025-08-28 18:24:47,106 - INFO - timeseries_processing.py:165 -                        
2025-08-28 18:24:47,106 - INFO - timeseries_processing.py:166 -     Merging bands in a single dataset
2025-08-28 18:24:47,106 - INFO - timeseries_processing.py:167 -     Ensure all partial datasets are at (x=20, y=-20) resolution
2025-08-28 18:24:47,107 - INFO - timeseries_processing.py:171 -     Clip to the intersection of indexes
2025-08-28 18:24:48,295 - INFO - timeseries_processing.py:180 -     Make a list of bands to merge
2025-08-28 18:24:48,296 - INFO - timeseries_processing.py:184 -     Merge on intersection
2025-08-28 18:24:48,297 - INFO - timeseries_processing.py:192 -     Apply masks on clouds, shadows, thin cirrus, and snow/ice
2025-08-28 18:24:48,297 - INFO - sentinel2.py:122 -                Masking bits: [3, 7, 8, 9, 10, 11]
2025-08-28 18:24:49,000 - INFO - composites.py:307 - Reproject from UTM Zone to Tile geometry -> CRS(EPSG:32634), Resampling.bilinear
2025-08-28 18:24:53,113 - INFO - composites.py:310 -     New shape of datasets: Shape2d(x=2400, y=2400)
2025-08-28 18:24:53,616 - INFO - composites.py:342 - Creating preview plot of input scenes
2025-08-28 18:25:19,464 - INFO - timeseries_processing.py:349 - Saved preview for 'B04' to //nas-rs.topo.auth.gr/Latomeia/DROUGHT/composites/x08/y10/2020/10/01/S2L2A_medcomp_x08y10_202010_InDataPreview.jpeg
2025-08-28 18:25:19,468 - INFO - composites.py:348 - Clip value range
2025-08-28 18:25:20,685 - INFO - composites.py:353 -                           
2025-08-28 18:25:20,686 - INFO - composites.py:354 - Computing spectral indices:
2025-08-28 18:25:20,686 - INFO - composites.py:357 -     EVI...
2025-08-28 18:25:21,443 - INFO - composites.py:359 -     NDVI...
2025-08-28 18:25:21,674 - INFO - composites.py:361 -     PSRI2...
2025-08-28 18:25:21,836 - INFO - composites.py:364 - Clip to typical value range
2025-08-28 18:25:22,150 - INFO - composites.py:371 - Reducing to median value temporal composite
2025-08-28 18:25:46,153 - INFO - composites.py:390 - Scale and Define data types & nodata per band
2025-08-28 18:25:46,296 - INFO - composites.py:411 - Assign time range and tile ID in metadata
2025-08-28 18:25:46,296 - INFO - composites.py:419 - Write bands to raster COG files
2025-08-28 18:25:50,146 - INFO - composites.py:432 - Write B02 -> //nas-rs.topo.auth.gr/Latomeia/DROUGHT/composites/x08/y10/2020/10/01/S2L2A_medcomp_x08y10_202010_B02.tif
2025-08-28 18:25:54,049 - INFO - composites.py:432 - Write B03 -> //nas-rs.topo.auth.gr/Latomeia/DROUGHT/composites/x08/y10/2020/10/01/S2L2A_medcomp_x08y10_202010_B03.tif
2025-08-28 18:25:57,934 - INFO - composites.py:432 - Write B04 -> //nas-rs.topo.auth.gr/Latomeia/DROUGHT/composites/x08/y10/2020/10/01/S2L2A_medcomp_x08y10_202010_B04.tif
2025-08-28 18:26:01,911 - INFO - composites.py:432 - Write B05 -> //nas-rs.topo.auth.gr/Latomeia/DROUGHT/composites/x08/y10/2020/10/01/S2L2A_medcomp_x08y10_202010_B05.tif
2025-08-28 18:26:06,294 - INFO - composites.py:432 - Write B07 -> //nas-rs.topo.auth.gr/Latomeia/DROUGHT/composites/x08/y10/2020/10/01/S2L2A_medcomp_x08y10_202010_B07.tif
2025-08-28 18:26:10,205 - INFO - composites.py:432 - Write B8A -> //nas-rs.topo.auth.gr/Latomeia/DROUGHT/composites/x08/y10/2020/10/01/S2L2A_medcomp_x08y10_202010_B8A.tif
2025-08-28 18:26:14,404 - INFO - composites.py:432 - Write EVI -> //nas-rs.topo.auth.gr/Latomeia/DROUGHT/composites/x08/y10/2020/10/01/S2L2A_medcomp_x08y10_202010_EVI.tif
2025-08-28 18:26:18,836 - INFO - composites.py:432 - Write NDVI -> //nas-rs.topo.auth.gr/Latomeia/DROUGHT/composites/x08/y10/2020/10/01/S2L2A_medcomp_x08y10_202010_NDVI.tif
2025-08-28 18:26:22,675 - INFO - composites.py:432 - Write PSRI2 -> //nas-rs.topo.auth.gr/Latomeia/DROUGHT/composites/x08/y10/2020/10/01/S2L2A_medcomp_x08y10_202010_PSRI2.tif
2025-08-28 18:26:22,676 - INFO - composites.py:436 - Prepare metadata YAML document
2025-08-28 18:26:23,167 - INFO - composites.py:458 - Write metadata YAML document to disk
2025-08-28 18:26:23,231 - INFO - composites.py:463 - Create datacube.model.Dataset from eo3 metadata
2025-08-28 18:26:23,242 - INFO - composites.py:476 - Index to datacube
2025-08-28 18:26:23,242 - INFO - _datasets.py:191 - Indexing c89ccba6-3f0f-4cf5-b4ba-26495dff7b26
2025-08-28 18:26:23,252 - INFO - composites.py:479 - 
2025-08-28 18:26:23,252 - INFO - composites.py:480 -              ✔✔✔ COMPLETED: Tile x08_y10 | Time: 2020-10 | In 10.26 minutes
2025-08-28 18:26:23,252 - INFO - composites.py:481 - 
2025-08-28 18:26:23,252 - INFO - composites.py:489 - Closing Dask client
2025-08-28 18:26:23,254 - INFO - composites.py:493 - Closing Dask cluster
2025-08-28 18:26:23,254 - INFO - composites.py:494 - #######################################################################
