2025-08-28 20:34:48,790 - INFO - composites.py:102 - #######################################################################
2025-08-28 20:34:48,790 - INFO - composites.py:104 - Processing started
2025-08-28 20:34:48,791 - INFO - composites.py:105 -         Tile: x09_y09
2025-08-28 20:34:48,791 - INFO - composites.py:106 -         Time: 2021-06
2025-08-28 20:34:48,791 - INFO - composites.py:109 -                           
2025-08-28 20:34:48,791 - INFO - composites.py:110 - Establishing connection to datacube
2025-08-28 20:34:49,339 - INFO - composites.py:113 -                           
2025-08-28 20:34:49,339 - INFO - composites.py:114 - Sanity test: Check if dataset already exists in the datacube
2025-08-28 20:34:49,358 - INFO - composites.py:133 - The composite requested was not found and it will be computed
2025-08-28 20:34:49,358 - INFO - composites.py:136 -                                  
2025-08-28 20:34:49,358 - INFO - composites.py:137 - Initializing Dask cluster for parallelization
2025-08-28 20:34:54,391 - INFO - composites.py:161 - Dask dashboard is available at: http://127.0.0.1:8787/status
2025-08-28 20:34:54,392 - INFO - composites.py:164 - Create directories and naming conversions
2025-08-28 20:34:54,400 - INFO - composites.py:177 - Dataset location: //nas-rs.topo.auth.gr/Latomeia/DROUGHT/composites/x09/y09/2021/06/01
2025-08-28 20:34:54,400 - INFO - composites.py:180 -                           
2025-08-28 20:34:54,400 - INFO - composites.py:181 - Retrieve tile geometry
2025-08-28 20:34:54,429 - INFO - composites.py:192 - Create the Bounding Box (φ,λ)
2025-08-28 20:34:54,431 - INFO - composites.py:198 - Create the Bounding Box (x,y)
2025-08-28 20:34:54,431 - INFO - composites.py:211 -                           
2025-08-28 20:34:54,431 - INFO - composites.py:212 - Connect to Planetary Computer STAC Catalog
2025-08-28 20:34:54,644 - INFO - composites.py:220 - Search the STAC Catalog
2025-08-28 20:34:54,716 - INFO - composites.py:232 -         Query parameters:
2025-08-28 20:34:54,716 - INFO - composites.py:233 -             url:          https://planetarycomputer.microsoft.com/api/stac/v1/search
2025-08-28 20:34:54,716 - INFO - composites.py:234 -             client:       microsoft-pc
2025-08-28 20:34:54,716 - INFO - composites.py:235 -             collection:   sentinel-2-l2a
2025-08-28 20:34:54,716 - INFO - composites.py:236 -             bbox:         (21.85970105220835, 37.36314648137922, 22.52163347994685, 37.9118519319046)
2025-08-28 20:34:54,716 - INFO - composites.py:237 -             time range:   2021-06-01T00:00:00Z/2021-06-30T23:59:59Z
2025-08-28 20:34:54,716 - INFO - composites.py:238 -             cloud cover:  0% - 70%
2025-08-28 20:34:54,716 - INFO - composites.py:239 -             nodata cover: 0% - 33%
2025-08-28 20:34:54,716 - INFO - composites.py:241 -                           
2025-08-28 20:34:54,716 - INFO - composites.py:242 - Searching...
2025-08-28 20:34:55,224 - INFO - composites.py:245 - Query found 29 items
2025-08-28 20:34:55,224 - INFO - composites.py:247 - Searching for GRI REFINED scenes:
2025-08-28 20:35:00,354 - INFO - sentinel2.py:78 - 1/29 - S2B_MSIL2A_20210629T090559_R050_T34SFG_20210630T135409 -> REFINED
2025-08-28 20:35:05,544 - INFO - sentinel2.py:78 - 2/29 - S2A_MSIL2A_20210627T092031_R093_T34SFH_20210628T021628 -> REFINED
2025-08-28 20:35:11,660 - INFO - sentinel2.py:78 - 3/29 - S2A_MSIL2A_20210627T092031_R093_T34SFG_20210628T023438 -> REFINED
2025-08-28 20:35:17,752 - INFO - sentinel2.py:78 - 4/29 - S2A_MSIL2A_20210627T092031_R093_T34SEH_20210627T231025 -> REFINED
2025-08-28 20:35:23,838 - INFO - sentinel2.py:78 - 5/29 - S2A_MSIL2A_20210627T092031_R093_T34SEG_20210628T015158 -> REFINED
2025-08-28 20:35:29,133 - INFO - sentinel2.py:78 - 6/29 - S2A_MSIL2A_20210624T090601_R050_T34SFG_20210625T181720 -> REFINED
2025-08-28 20:35:35,239 - INFO - sentinel2.py:78 - 7/29 - S2B_MSIL2A_20210622T092029_R093_T34SFH_20210625T022317 -> REFINED
2025-08-28 20:35:40,186 - INFO - sentinel2.py:78 - 8/29 - S2B_MSIL2A_20210622T092029_R093_T34SFG_20210625T033231 -> REFINED
2025-08-28 20:35:46,188 - INFO - sentinel2.py:78 - 9/29 - S2B_MSIL2A_20210622T092029_R093_T34SEH_20210625T022557 -> REFINED
2025-08-28 20:35:52,175 - INFO - sentinel2.py:78 - 10/29 - S2B_MSIL2A_20210622T092029_R093_T34SEG_20210625T033835 -> REFINED
2025-08-28 20:35:57,805 - INFO - sentinel2.py:78 - 11/29 - S2B_MSIL2A_20210619T090559_R050_T34SFG_20210623T192333 -> REFINED
2025-08-28 20:36:03,103 - INFO - sentinel2.py:78 - 12/29 - S2A_MSIL2A_20210617T092031_R093_T34SFH_20210623T210524 -> REFINED
2025-08-28 20:36:09,060 - INFO - sentinel2.py:78 - 13/29 - S2A_MSIL2A_20210617T092031_R093_T34SFG_20210623T165421 -> REFINED
2025-08-28 20:36:13,976 - INFO - sentinel2.py:78 - 14/29 - S2A_MSIL2A_20210617T092031_R093_T34SEH_20210623T112502 -> REFINED
2025-08-28 20:36:20,177 - INFO - sentinel2.py:78 - 15/29 - S2A_MSIL2A_20210617T092031_R093_T34SEG_20210624T002457 -> REFINED
2025-08-28 20:36:26,370 - INFO - sentinel2.py:78 - 16/29 - S2B_MSIL2A_20210612T092029_R093_T34SFH_20210624T061439 -> REFINED
2025-08-28 20:36:31,423 - INFO - sentinel2.py:78 - 17/29 - S2B_MSIL2A_20210612T092029_R093_T34SFG_20210624T074525 -> REFINED
2025-08-28 20:36:37,669 - INFO - sentinel2.py:78 - 18/29 - S2B_MSIL2A_20210612T092029_R093_T34SEH_20210624T073141 -> REFINED
2025-08-28 20:36:44,233 - INFO - sentinel2.py:78 - 19/29 - S2B_MSIL2A_20210612T092029_R093_T34SEG_20210623T195251 -> REFINED
2025-08-28 20:36:49,555 - INFO - sentinel2.py:78 - 20/29 - S2B_MSIL2A_20210609T090559_R050_T34SFG_20210610T211650 -> REFINED
2025-08-28 20:36:55,445 - INFO - sentinel2.py:78 - 21/29 - S2A_MSIL2A_20210607T092031_R093_T34SFH_20210612T125051 -> REFINED
2025-08-28 20:37:00,389 - INFO - sentinel2.py:78 - 22/29 - S2A_MSIL2A_20210607T092031_R093_T34SFG_20210612T145830 -> REFINED
2025-08-28 20:37:06,254 - INFO - sentinel2.py:78 - 23/29 - S2A_MSIL2A_20210607T092031_R093_T34SEH_20210612T135024 -> REFINED
2025-08-28 20:37:11,784 - INFO - sentinel2.py:78 - 24/29 - S2A_MSIL2A_20210607T092031_R093_T34SEG_20210612T161630 -> REFINED
2025-08-28 20:37:17,237 - INFO - sentinel2.py:78 - 25/29 - S2A_MSIL2A_20210604T090601_R050_T34SFG_20210606T140046 -> REFINED
2025-08-28 20:37:22,935 - INFO - sentinel2.py:78 - 26/29 - S2B_MSIL2A_20210602T092029_R093_T34SFH_20210606T122937 -> REFINED
2025-08-28 20:37:27,820 - INFO - sentinel2.py:78 - 27/29 - S2B_MSIL2A_20210602T092029_R093_T34SFG_20210606T124325 -> REFINED
2025-08-28 20:37:33,329 - INFO - sentinel2.py:78 - 28/29 - S2B_MSIL2A_20210602T092029_R093_T34SEH_20210606T124135 -> REFINED
2025-08-28 20:37:39,058 - INFO - sentinel2.py:78 - 29/29 - S2B_MSIL2A_20210602T092029_R093_T34SEG_20210606T123108 -> REFINED
2025-08-28 20:37:39,115 - INFO - composites.py:250 -                                  
2025-08-28 20:37:39,115 - INFO - composites.py:251 - 29/29 were refined by GRI.
2025-08-28 20:37:39,116 - INFO - composites.py:263 - Looking for up to 10 cleanest images within spatiotemporal range of each MGRS tile
2025-08-28 20:37:39,116 - INFO - composites.py:277 - Filtered cleanest scenes: Kept 28 out of 29 items. 
2025-08-28 20:37:39,116 - INFO - composites.py:278 -         Included MGRS Tiles: ['34SEG' '34SEH' '34SFG' '34SFH']
2025-08-28 20:37:39,116 - INFO - composites.py:279 -         Included EPSG codes: [32634]
2025-08-28 20:37:39,116 - INFO - composites.py:281 - Selected scenes:
2025-08-28 20:37:39,117 - INFO - composites.py:283 -         S2A_MSIL2A_20210627T092031_R093_T34SEG_20210628T015158
2025-08-28 20:37:39,117 - INFO - composites.py:283 -         S2A_MSIL2A_20210607T092031_R093_T34SEG_20210612T161630
2025-08-28 20:37:39,118 - INFO - composites.py:283 -         S2B_MSIL2A_20210622T092029_R093_T34SEG_20210625T033835
2025-08-28 20:37:39,118 - INFO - composites.py:283 -         S2B_MSIL2A_20210602T092029_R093_T34SEG_20210606T123108
2025-08-28 20:37:39,118 - INFO - composites.py:283 -         S2A_MSIL2A_20210617T092031_R093_T34SEG_20210624T002457
2025-08-28 20:37:39,118 - INFO - composites.py:283 -         S2B_MSIL2A_20210612T092029_R093_T34SEG_20210623T195251
2025-08-28 20:37:39,118 - INFO - composites.py:283 -         S2A_MSIL2A_20210627T092031_R093_T34SEH_20210627T231025
2025-08-28 20:37:39,118 - INFO - composites.py:283 -         S2B_MSIL2A_20210622T092029_R093_T34SEH_20210625T022557
2025-08-28 20:37:39,118 - INFO - composites.py:283 -         S2A_MSIL2A_20210617T092031_R093_T34SEH_20210623T112502
2025-08-28 20:37:39,118 - INFO - composites.py:283 -         S2A_MSIL2A_20210607T092031_R093_T34SEH_20210612T135024
2025-08-28 20:37:39,118 - INFO - composites.py:283 -         S2B_MSIL2A_20210612T092029_R093_T34SEH_20210624T073141
2025-08-28 20:37:39,118 - INFO - composites.py:283 -         S2B_MSIL2A_20210602T092029_R093_T34SEH_20210606T124135
2025-08-28 20:37:39,119 - INFO - composites.py:283 -         S2A_MSIL2A_20210624T090601_R050_T34SFG_20210625T181720
2025-08-28 20:37:39,119 - INFO - composites.py:283 -         S2B_MSIL2A_20210629T090559_R050_T34SFG_20210630T135409
2025-08-28 20:37:39,119 - INFO - composites.py:283 -         S2B_MSIL2A_20210622T092029_R093_T34SFG_20210625T033231
2025-08-28 20:37:39,119 - INFO - composites.py:283 -         S2A_MSIL2A_20210627T092031_R093_T34SFG_20210628T023438
2025-08-28 20:37:39,119 - INFO - composites.py:283 -         S2A_MSIL2A_20210607T092031_R093_T34SFG_20210612T145830
2025-08-28 20:37:39,119 - INFO - composites.py:283 -         S2A_MSIL2A_20210604T090601_R050_T34SFG_20210606T140046
2025-08-28 20:37:39,119 - INFO - composites.py:283 -         S2B_MSIL2A_20210619T090559_R050_T34SFG_20210623T192333
2025-08-28 20:37:39,119 - INFO - composites.py:283 -         S2A_MSIL2A_20210617T092031_R093_T34SFG_20210623T165421
2025-08-28 20:37:39,119 - INFO - composites.py:283 -         S2B_MSIL2A_20210602T092029_R093_T34SFG_20210606T124325
2025-08-28 20:37:39,119 - INFO - composites.py:283 -         S2B_MSIL2A_20210612T092029_R093_T34SFG_20210624T074525
2025-08-28 20:37:39,119 - INFO - composites.py:283 -         S2A_MSIL2A_20210627T092031_R093_T34SFH_20210628T021628
2025-08-28 20:37:39,119 - INFO - composites.py:283 -         S2B_MSIL2A_20210622T092029_R093_T34SFH_20210625T022317
2025-08-28 20:37:39,119 - INFO - composites.py:283 -         S2A_MSIL2A_20210607T092031_R093_T34SFH_20210612T125051
2025-08-28 20:37:39,119 - INFO - composites.py:283 -         S2B_MSIL2A_20210602T092029_R093_T34SFH_20210606T122937
2025-08-28 20:37:39,119 - INFO - composites.py:283 -         S2A_MSIL2A_20210617T092031_R093_T34SFH_20210623T210524
2025-08-28 20:37:39,119 - INFO - composites.py:283 -         S2B_MSIL2A_20210612T092029_R093_T34SFH_20210624T061439
2025-08-28 20:37:39,592 - INFO - sentinel2.py:154 - Matplotlib backend: Agg
2025-08-28 20:37:39,817 - INFO - sentinel2.py:224 - Write input scenes footprint overlay: //nas-rs.topo.auth.gr/Latomeia/DROUGHT/composites/x09/y09/2021/06/01/S2L2A_medcomp_x09y09_202106_InDataFootprint.jpeg
2025-08-28 20:37:40,095 - INFO - composites.py:297 -                                  
2025-08-28 20:37:40,095 - INFO - composites.py:298 - Downstream STAC items from Planetary Computer
2025-08-28 20:37:40,095 - INFO - timeseries_processing.py:115 -                                  
2025-08-28 20:37:40,095 - INFO - timeseries_processing.py:116 - Loading bands of diferent resolutions in EPSG:32634
2025-08-28 20:37:40,095 - INFO - timeseries_processing.py:120 -     Filtering items with native UTM EPSG:32634
2025-08-28 20:37:40,095 - INFO - timeseries_processing.py:122 -     28 Items in EPSG:32634
2025-08-28 20:37:40,095 - INFO - timeseries_processing.py:129 -                        
2025-08-28 20:37:40,095 - INFO - timeseries_processing.py:130 -     Loading parameters:
2025-08-28 20:37:40,095 - INFO - timeseries_processing.py:131 -         Bands: ['B05', 'B07', 'B8A', 'SCL']
2025-08-28 20:37:40,095 - INFO - timeseries_processing.py:132 -         Spatial resolution: 20
2025-08-28 20:37:40,095 - INFO - timeseries_processing.py:134 -         Get Assets from STAC Items
2025-08-28 20:37:40,095 - INFO - timeseries_processing.py:47 -         Initialize the STAC client
2025-08-28 20:37:40,818 - INFO - timeseries_processing.py:137 -         Loading 28 STAC Items....
2025-08-28 20:39:15,293 - INFO - timeseries_processing.py:146 -         Cube has been downloaded
2025-08-28 20:39:15,294 - INFO - timeseries_processing.py:156 -         Fix order of dimensions
2025-08-28 20:39:15,296 - INFO - timeseries_processing.py:161 -         Append bands to the band-list of EPSG:32634
2025-08-28 20:39:15,296 - INFO - timeseries_processing.py:129 -                        
2025-08-28 20:39:15,296 - INFO - timeseries_processing.py:130 -     Loading parameters:
2025-08-28 20:39:15,296 - INFO - timeseries_processing.py:131 -         Bands: ['B02', 'B03', 'B04']
2025-08-28 20:39:15,296 - INFO - timeseries_processing.py:132 -         Spatial resolution: 10
2025-08-28 20:39:15,297 - INFO - timeseries_processing.py:134 -         Get Assets from STAC Items
2025-08-28 20:39:15,297 - INFO - timeseries_processing.py:47 -         Initialize the STAC client
2025-08-28 20:39:16,032 - INFO - timeseries_processing.py:137 -         Loading 28 STAC Items....
2025-08-28 20:42:02,690 - INFO - timeseries_processing.py:146 -         Cube has been downloaded
2025-08-28 20:42:02,692 - INFO - timeseries_processing.py:149 -         Reproject to downsample 10m bands to 20m by Resampling.average 2x2 binning and shape matching with odc.geo.GeoBox
2025-08-28 20:42:16,737 - INFO - timeseries_processing.py:161 -         Append bands to the band-list of EPSG:32634
2025-08-28 20:42:16,737 - INFO - timeseries_processing.py:165 -                        
2025-08-28 20:42:16,737 - INFO - timeseries_processing.py:166 -     Merging bands in a single dataset
2025-08-28 20:42:16,737 - INFO - timeseries_processing.py:167 -     Ensure all partial datasets are at (x=20, y=-20) resolution
2025-08-28 20:42:16,738 - INFO - timeseries_processing.py:171 -     Clip to the intersection of indexes
2025-08-28 20:42:18,152 - INFO - timeseries_processing.py:180 -     Make a list of bands to merge
2025-08-28 20:42:18,154 - INFO - timeseries_processing.py:184 -     Merge on intersection
2025-08-28 20:42:18,155 - INFO - timeseries_processing.py:192 -     Apply masks on clouds, shadows, thin cirrus, and snow/ice
2025-08-28 20:42:18,155 - INFO - sentinel2.py:122 -                Masking bits: [3, 7, 8, 9, 10, 11]
2025-08-28 20:42:19,501 - INFO - composites.py:307 - Reproject from UTM Zone to Tile geometry -> CRS(EPSG:32634), Resampling.bilinear
2025-08-28 20:42:26,548 - INFO - composites.py:310 -     New shape of datasets: Shape2d(x=2400, y=2400)
2025-08-28 20:42:27,323 - INFO - composites.py:342 - Creating preview plot of input scenes
2025-08-28 20:43:00,459 - INFO - timeseries_processing.py:349 - Saved preview for 'B04' to //nas-rs.topo.auth.gr/Latomeia/DROUGHT/composites/x09/y09/2021/06/01/S2L2A_medcomp_x09y09_202106_InDataPreview.jpeg
2025-08-28 20:43:00,466 - INFO - composites.py:348 - Clip value range
2025-08-28 20:43:02,456 - INFO - composites.py:353 -                           
2025-08-28 20:43:02,472 - INFO - composites.py:354 - Computing spectral indices:
2025-08-28 20:43:02,485 - INFO - composites.py:357 -     EVI...
2025-08-28 20:43:03,702 - INFO - composites.py:359 -     NDVI...
2025-08-28 20:43:04,126 - INFO - composites.py:361 -     PSRI2...
2025-08-28 20:43:04,437 - INFO - composites.py:364 - Clip to typical value range
2025-08-28 20:43:04,811 - INFO - composites.py:371 - Reducing to median value temporal composite
2025-08-28 20:43:33,480 - INFO - composites.py:390 - Scale and Define data types & nodata per band
2025-08-28 20:43:33,620 - INFO - composites.py:411 - Assign time range and tile ID in metadata
2025-08-28 20:43:33,620 - INFO - composites.py:419 - Write bands to raster COG files
2025-08-28 20:43:37,648 - INFO - composites.py:432 - Write B02 -> //nas-rs.topo.auth.gr/Latomeia/DROUGHT/composites/x09/y09/2021/06/01/S2L2A_medcomp_x09y09_202106_B02.tif
2025-08-28 20:43:41,529 - INFO - composites.py:432 - Write B03 -> //nas-rs.topo.auth.gr/Latomeia/DROUGHT/composites/x09/y09/2021/06/01/S2L2A_medcomp_x09y09_202106_B03.tif
2025-08-28 20:43:45,440 - INFO - composites.py:432 - Write B04 -> //nas-rs.topo.auth.gr/Latomeia/DROUGHT/composites/x09/y09/2021/06/01/S2L2A_medcomp_x09y09_202106_B04.tif
2025-08-28 20:43:49,377 - INFO - composites.py:432 - Write B05 -> //nas-rs.topo.auth.gr/Latomeia/DROUGHT/composites/x09/y09/2021/06/01/S2L2A_medcomp_x09y09_202106_B05.tif
2025-08-28 20:43:53,358 - INFO - composites.py:432 - Write B07 -> //nas-rs.topo.auth.gr/Latomeia/DROUGHT/composites/x09/y09/2021/06/01/S2L2A_medcomp_x09y09_202106_B07.tif
2025-08-28 20:43:57,323 - INFO - composites.py:432 - Write B8A -> //nas-rs.topo.auth.gr/Latomeia/DROUGHT/composites/x09/y09/2021/06/01/S2L2A_medcomp_x09y09_202106_B8A.tif
2025-08-28 20:44:01,263 - INFO - composites.py:432 - Write EVI -> //nas-rs.topo.auth.gr/Latomeia/DROUGHT/composites/x09/y09/2021/06/01/S2L2A_medcomp_x09y09_202106_EVI.tif
2025-08-28 20:44:05,436 - INFO - composites.py:432 - Write NDVI -> //nas-rs.topo.auth.gr/Latomeia/DROUGHT/composites/x09/y09/2021/06/01/S2L2A_medcomp_x09y09_202106_NDVI.tif
2025-08-28 20:44:09,261 - INFO - composites.py:432 - Write PSRI2 -> //nas-rs.topo.auth.gr/Latomeia/DROUGHT/composites/x09/y09/2021/06/01/S2L2A_medcomp_x09y09_202106_PSRI2.tif
2025-08-28 20:44:09,261 - INFO - composites.py:436 - Prepare metadata YAML document
2025-08-28 20:44:09,794 - INFO - composites.py:458 - Write metadata YAML document to disk
2025-08-28 20:44:09,820 - INFO - composites.py:463 - Create datacube.model.Dataset from eo3 metadata
2025-08-28 20:44:09,840 - INFO - composites.py:476 - Index to datacube
2025-08-28 20:44:09,841 - INFO - _datasets.py:191 - Indexing 3b0d52ed-c44c-4e57-9fd2-9a876addcfac
2025-08-28 20:44:09,860 - INFO - composites.py:479 - 
2025-08-28 20:44:09,860 - INFO - composites.py:480 -              ✔✔✔ COMPLETED: Tile x09_y09 | Time: 2021-06 | In 9.35 minutes
2025-08-28 20:44:09,860 - INFO - composites.py:481 - 
2025-08-28 20:44:09,860 - INFO - composites.py:489 - Closing Dask client
2025-08-28 20:44:09,869 - INFO - composites.py:493 - Closing Dask cluster
2025-08-28 20:44:09,869 - INFO - composites.py:494 - #######################################################################
