2025-08-24 23:36:35,283 - INFO - composites.py:102 - #######################################################################
2025-08-24 23:36:35,284 - INFO - composites.py:104 - Processing started
2025-08-24 23:36:35,284 - INFO - composites.py:105 -         Tile: x09_y12
2025-08-24 23:36:35,284 - INFO - composites.py:106 -         Time: 2020-02
2025-08-24 23:36:35,284 - INFO - composites.py:109 -                           
2025-08-24 23:36:35,284 - INFO - composites.py:110 - Establishing connection to datacube
2025-08-24 23:36:35,794 - INFO - composites.py:113 -                           
2025-08-24 23:36:35,796 - INFO - composites.py:114 - Sanity test: Check if dataset already exists in the datacube
2025-08-24 23:36:35,812 - INFO - composites.py:133 - The composite requested was not found and it will be computed
2025-08-24 23:36:35,812 - INFO - composites.py:136 -                                  
2025-08-24 23:36:35,812 - INFO - composites.py:137 - Initializing Dask cluster for parallelization
2025-08-24 23:36:40,763 - INFO - composites.py:161 - Dask dashboard is available at: http://127.0.0.1:8787/status
2025-08-24 23:36:40,763 - INFO - composites.py:164 - Create directories and naming conversions
2025-08-24 23:36:40,771 - INFO - composites.py:175 - Dataset location: //nas-rs.topo.auth.gr/Latomeia/DROUGHT/COMPOS/2020/02/x09_y12
2025-08-24 23:36:40,771 - INFO - composites.py:178 -                           
2025-08-24 23:36:40,772 - INFO - composites.py:179 - Retrieve tile geometry
2025-08-24 23:36:40,800 - INFO - composites.py:190 - Create the Bounding Box (φ,λ)
2025-08-24 23:36:40,800 - INFO - composites.py:196 - Create the Bounding Box (x,y)
2025-08-24 23:36:40,800 - INFO - composites.py:209 -                           
2025-08-24 23:36:40,800 - INFO - composites.py:210 - Connect to Planetary Computer STAC Catalog
2025-08-24 23:36:41,047 - INFO - composites.py:218 - Search the STAC Catalog
2025-08-24 23:36:41,117 - INFO - composites.py:230 -         Query parameters:
2025-08-24 23:36:41,117 - INFO - composites.py:231 -             url:          https://planetarycomputer.microsoft.com/api/stac/v1/search
2025-08-24 23:36:41,117 - INFO - composites.py:232 -             client:       microsoft-pc
2025-08-24 23:36:41,117 - INFO - composites.py:233 -             collection:   sentinel-2-l2a
2025-08-24 23:36:41,117 - INFO - composites.py:234 -             bbox:         (22.08935468900074, 38.65012671670289, 22.765437865885517, 39.19940074346311)
2025-08-24 23:36:41,117 - INFO - composites.py:235 -             time range:   2020-02-01T00:00:00Z/2020-02-29T23:59:59Z
2025-08-24 23:36:41,117 - INFO - composites.py:236 -             cloud cover:  0% - 70%
2025-08-24 23:36:41,117 - INFO - composites.py:237 -             nodata cover: 0% - 33%
2025-08-24 23:36:41,117 - INFO - composites.py:239 -                           
2025-08-24 23:36:41,117 - INFO - composites.py:240 - Searching...
2025-08-24 23:36:41,538 - INFO - composites.py:243 - Query found 22 items
2025-08-24 23:36:41,539 - INFO - composites.py:245 - Searching for GRI REFINED scenes:
2025-08-24 23:36:45,833 - INFO - sentinel2.py:78 - 1/22 - S2B_MSIL2A_20200228T092029_R093_T34SFJ_20200929T011228 -> Not Found
2025-08-24 23:36:49,414 - INFO - sentinel2.py:78 - 2/22 - S2B_MSIL2A_20200228T092029_R093_T34SFH_20200929T011219 -> Not Found
2025-08-24 23:36:53,481 - INFO - sentinel2.py:78 - 3/22 - S2B_MSIL2A_20200228T092029_R093_T34SEJ_20200929T011210 -> Not Found
2025-08-24 23:36:57,688 - INFO - sentinel2.py:78 - 4/22 - S2A_MSIL2A_20200223T092021_R093_T34SFJ_20200927T221904 -> Not Found
2025-08-24 23:37:00,670 - INFO - sentinel2.py:78 - 5/22 - S2A_MSIL2A_20200223T092021_R093_T34SFH_20200927T221902 -> Not Found
2025-08-24 23:37:05,208 - INFO - sentinel2.py:78 - 6/22 - S2A_MSIL2A_20200223T092021_R093_T34SEJ_20200927T221901 -> Not Found
2025-08-24 23:37:08,566 - INFO - sentinel2.py:78 - 7/22 - S2A_MSIL2A_20200223T092021_R093_T34SEH_20200927T221857 -> Not Found
2025-08-24 23:37:12,256 - INFO - sentinel2.py:78 - 8/22 - S2B_MSIL2A_20200218T092029_R093_T34SFJ_20200929T210043 -> Not Found
2025-08-24 23:37:16,353 - INFO - sentinel2.py:78 - 9/22 - S2B_MSIL2A_20200218T092029_R093_T34SFH_20200929T210041 -> Not Found
2025-08-24 23:37:19,904 - INFO - sentinel2.py:78 - 10/22 - S2B_MSIL2A_20200218T092029_R093_T34SEJ_20200929T210022 -> Not Found
2025-08-24 23:37:23,615 - INFO - sentinel2.py:78 - 11/22 - S2B_MSIL2A_20200218T092029_R093_T34SEH_20200929T210019 -> Not Found
2025-08-24 23:37:27,812 - INFO - sentinel2.py:78 - 12/22 - S2A_MSIL2A_20200213T092101_R093_T34SFJ_20201001T210836 -> Not Found
2025-08-24 23:37:31,694 - INFO - sentinel2.py:78 - 13/22 - S2A_MSIL2A_20200213T092101_R093_T34SFH_20201001T210838 -> Not Found
2025-08-24 23:37:35,018 - INFO - sentinel2.py:78 - 14/22 - S2A_MSIL2A_20200213T092101_R093_T34SEJ_20201001T210833 -> Not Found
2025-08-24 23:37:39,294 - INFO - sentinel2.py:78 - 15/22 - S2A_MSIL2A_20200213T092101_R093_T34SEH_20201001T210832 -> Not Found
2025-08-24 23:37:43,417 - INFO - sentinel2.py:78 - 16/22 - S2B_MSIL2A_20200208T092039_R093_T34SFJ_20201001T095507 -> Not Found
2025-08-24 23:37:46,612 - INFO - sentinel2.py:78 - 17/22 - S2B_MSIL2A_20200208T092039_R093_T34SFH_20201001T095506 -> Not Found
2025-08-24 23:37:50,658 - INFO - sentinel2.py:78 - 18/22 - S2B_MSIL2A_20200208T092039_R093_T34SEJ_20201001T095501 -> Not Found
2025-08-24 23:37:54,269 - INFO - sentinel2.py:78 - 19/22 - S2B_MSIL2A_20200208T092039_R093_T34SEH_20201001T095459 -> Not Found
2025-08-24 23:38:00,062 - INFO - sentinel2.py:78 - 20/22 - S2A_MSIL2A_20200203T092201_R093_T34SFH_20200930T150116 -> Not Found
2025-08-24 23:38:04,434 - INFO - sentinel2.py:78 - 21/22 - S2A_MSIL2A_20200203T092201_R093_T34SEJ_20200930T150104 -> Not Found
2025-08-24 23:38:08,103 - INFO - sentinel2.py:78 - 22/22 - S2A_MSIL2A_20200203T092201_R093_T34SEH_20200930T150104 -> Not Found
2025-08-24 23:38:08,130 - INFO - composites.py:248 -                                  
2025-08-24 23:38:08,130 - INFO - composites.py:249 - 0/22 were refined by GRI.
2025-08-24 23:38:08,132 - WARNING - composites.py:253 - Tile x09_y12 | Time: 2020-02: All scenes are flagged NOT REFINED.
2025-08-24 23:38:08,132 - WARNING - composites.py:254 - Tile x09_y12 | Time: 2020-02: The composite will be flagged with _NOREFINED.
2025-08-24 23:38:08,132 - INFO - composites.py:261 - Looking for up to 10 cleanest images within spatiotemporal range of each MGRS tile
2025-08-24 23:38:08,133 - INFO - composites.py:275 - Filtered cleanest scenes: Kept 22 out of 22 items. 
2025-08-24 23:38:08,136 - INFO - composites.py:276 -         Included MGRS Tiles: ['34SEH' '34SEJ' '34SFH' '34SFJ']
2025-08-24 23:38:08,136 - INFO - composites.py:277 -         Included EPSG codes: [32634]
2025-08-24 23:38:08,136 - INFO - composites.py:279 - Selected scenes:
2025-08-24 23:38:08,136 - INFO - composites.py:281 -         S2A_MSIL2A_20200223T092021_R093_T34SEH_20200927T221857
2025-08-24 23:38:08,136 - INFO - composites.py:281 -         S2B_MSIL2A_20200208T092039_R093_T34SEH_20201001T095459
2025-08-24 23:38:08,136 - INFO - composites.py:281 -         S2A_MSIL2A_20200213T092101_R093_T34SEH_20201001T210832
2025-08-24 23:38:08,136 - INFO - composites.py:281 -         S2B_MSIL2A_20200218T092029_R093_T34SEH_20200929T210019
2025-08-24 23:38:08,136 - INFO - composites.py:281 -         S2A_MSIL2A_20200203T092201_R093_T34SEH_20200930T150104
2025-08-24 23:38:08,136 - INFO - composites.py:281 -         S2A_MSIL2A_20200223T092021_R093_T34SEJ_20200927T221901
2025-08-24 23:38:08,136 - INFO - composites.py:281 -         S2B_MSIL2A_20200218T092029_R093_T34SEJ_20200929T210022
2025-08-24 23:38:08,136 - INFO - composites.py:281 -         S2B_MSIL2A_20200208T092039_R093_T34SEJ_20201001T095501
2025-08-24 23:38:08,138 - INFO - composites.py:281 -         S2A_MSIL2A_20200213T092101_R093_T34SEJ_20201001T210833
2025-08-24 23:38:08,138 - INFO - composites.py:281 -         S2A_MSIL2A_20200203T092201_R093_T34SEJ_20200930T150104
2025-08-24 23:38:08,138 - INFO - composites.py:281 -         S2B_MSIL2A_20200228T092029_R093_T34SEJ_20200929T011210
2025-08-24 23:38:08,138 - INFO - composites.py:281 -         S2B_MSIL2A_20200218T092029_R093_T34SFH_20200929T210041
2025-08-24 23:38:08,138 - INFO - composites.py:281 -         S2A_MSIL2A_20200203T092201_R093_T34SFH_20200930T150116
2025-08-24 23:38:08,138 - INFO - composites.py:281 -         S2A_MSIL2A_20200213T092101_R093_T34SFH_20201001T210838
2025-08-24 23:38:08,138 - INFO - composites.py:281 -         S2A_MSIL2A_20200223T092021_R093_T34SFH_20200927T221902
2025-08-24 23:38:08,138 - INFO - composites.py:281 -         S2B_MSIL2A_20200208T092039_R093_T34SFH_20201001T095506
2025-08-24 23:38:08,138 - INFO - composites.py:281 -         S2B_MSIL2A_20200228T092029_R093_T34SFH_20200929T011219
2025-08-24 23:38:08,138 - INFO - composites.py:281 -         S2B_MSIL2A_20200218T092029_R093_T34SFJ_20200929T210043
2025-08-24 23:38:08,138 - INFO - composites.py:281 -         S2A_MSIL2A_20200223T092021_R093_T34SFJ_20200927T221904
2025-08-24 23:38:08,138 - INFO - composites.py:281 -         S2B_MSIL2A_20200228T092029_R093_T34SFJ_20200929T011228
2025-08-24 23:38:08,138 - INFO - composites.py:281 -         S2A_MSIL2A_20200213T092101_R093_T34SFJ_20201001T210836
2025-08-24 23:38:08,138 - INFO - composites.py:281 -         S2B_MSIL2A_20200208T092039_R093_T34SFJ_20201001T095507
2025-08-24 23:38:08,515 - INFO - sentinel2.py:154 - Matplotlib backend: Agg
2025-08-24 23:38:08,850 - INFO - sentinel2.py:224 - Write input scenes footprint overlay: //nas-rs.topo.auth.gr/Latomeia/DROUGHT/COMPOS/2020/02/x09_y12/S2L2A_medcomp_x09_y12_202002_InDataFootprint.jpeg
2025-08-24 23:38:09,076 - INFO - composites.py:295 -                                  
2025-08-24 23:38:09,076 - INFO - composites.py:296 - Downstream STAC items from Planetary Computer
2025-08-24 23:38:09,076 - INFO - timeseries_processing.py:115 -                                  
2025-08-24 23:38:09,076 - INFO - timeseries_processing.py:116 - Loading bands of diferent resolutions in EPSG:32634
2025-08-24 23:38:09,076 - INFO - timeseries_processing.py:120 -     Filtering items with native UTM EPSG:32634
2025-08-24 23:38:09,076 - INFO - timeseries_processing.py:122 -     22 Items in EPSG:32634
2025-08-24 23:38:09,076 - INFO - timeseries_processing.py:129 -                        
2025-08-24 23:38:09,076 - INFO - timeseries_processing.py:130 -     Loading parameters:
2025-08-24 23:38:09,076 - INFO - timeseries_processing.py:131 -         Bands: ['B05', 'B07', 'B8A', 'SCL']
2025-08-24 23:38:09,076 - INFO - timeseries_processing.py:132 -         Spatial resolution: 20
2025-08-24 23:38:09,076 - INFO - timeseries_processing.py:134 -         Get Assets from STAC Items
2025-08-24 23:38:09,076 - INFO - timeseries_processing.py:47 -         Initialize the STAC client
2025-08-24 23:38:09,684 - INFO - timeseries_processing.py:137 -         Loading 22 STAC Items....
2025-08-24 23:39:51,778 - INFO - timeseries_processing.py:146 -         Cube has been downloaded
2025-08-24 23:39:51,778 - INFO - timeseries_processing.py:156 -         Fix order of dimensions
2025-08-24 23:39:51,780 - INFO - timeseries_processing.py:161 -         Append bands to the band-list of EPSG:32634
2025-08-24 23:39:51,780 - INFO - timeseries_processing.py:129 -                        
2025-08-24 23:39:51,780 - INFO - timeseries_processing.py:130 -     Loading parameters:
2025-08-24 23:39:51,780 - INFO - timeseries_processing.py:131 -         Bands: ['B02', 'B03', 'B04']
2025-08-24 23:39:51,780 - INFO - timeseries_processing.py:132 -         Spatial resolution: 10
2025-08-24 23:39:51,782 - INFO - timeseries_processing.py:134 -         Get Assets from STAC Items
2025-08-24 23:39:51,782 - INFO - timeseries_processing.py:47 -         Initialize the STAC client
2025-08-24 23:39:52,369 - INFO - timeseries_processing.py:137 -         Loading 22 STAC Items....
2025-08-24 23:43:20,772 - INFO - timeseries_processing.py:146 -         Cube has been downloaded
2025-08-24 23:43:20,787 - INFO - timeseries_processing.py:149 -         Reproject to downsample 10m bands to 20m by Resampling.average 2x2 binning and shape matching with odc.geo.GeoBox
2025-08-24 23:43:29,539 - INFO - timeseries_processing.py:161 -         Append bands to the band-list of EPSG:32634
2025-08-24 23:43:29,539 - INFO - timeseries_processing.py:165 -                        
2025-08-24 23:43:29,539 - INFO - timeseries_processing.py:166 -     Merging bands in a single dataset
2025-08-24 23:43:29,539 - INFO - timeseries_processing.py:167 -     Ensure all partial datasets are at (x=20, y=-20) resolution
2025-08-24 23:43:29,539 - INFO - timeseries_processing.py:171 -     Clip to the intersection of indexes
2025-08-24 23:43:30,514 - INFO - timeseries_processing.py:180 -     Make a list of bands to merge
2025-08-24 23:43:30,516 - INFO - timeseries_processing.py:184 -     Merge on intersection
2025-08-24 23:43:30,517 - INFO - timeseries_processing.py:192 -     Apply masks on clouds, shadows, thin cirrus, and snow/ice
2025-08-24 23:43:30,517 - INFO - sentinel2.py:122 -                Masking bits: [3, 7, 8, 9, 10, 11]
2025-08-24 23:43:31,256 - INFO - composites.py:305 - Reproject from UTM Zone to Tile geometry -> CRS(EPSG:32634), Resampling.bilinear
2025-08-24 23:43:35,202 - INFO - composites.py:308 -     New shape of datasets: Shape2d(x=2400, y=2400)
2025-08-24 23:43:35,834 - INFO - composites.py:340 - Creating preview plot of input scenes
2025-08-24 23:44:01,065 - INFO - timeseries_processing.py:349 - Saved preview for 'B04' to //nas-rs.topo.auth.gr/Latomeia/DROUGHT/COMPOS/2020/02/x09_y12/S2L2A_medcomp_x09_y12_202002_InDataPreview.jpeg
2025-08-24 23:44:01,068 - INFO - composites.py:346 - Clip value range
2025-08-24 23:44:02,267 - INFO - composites.py:351 -                           
2025-08-24 23:44:02,283 - INFO - composites.py:352 - Computing spectral indices:
2025-08-24 23:44:02,283 - INFO - composites.py:355 -     EVI...
2025-08-24 23:44:03,045 - INFO - composites.py:357 -     NDVI...
2025-08-24 23:44:03,285 - INFO - composites.py:359 -     PSRI2...
2025-08-24 23:44:03,440 - INFO - composites.py:362 - Clip to typical value range
2025-08-24 23:44:03,636 - INFO - composites.py:369 - Reducing to median value temporal composite
2025-08-24 23:44:28,363 - INFO - composites.py:388 - Scale and Define data types & nodata per band
2025-08-24 23:44:28,481 - INFO - composites.py:409 - Assign time range and tile ID in metadata
2025-08-24 23:44:28,481 - INFO - composites.py:417 - Write bands to raster COG files
2025-08-24 23:44:32,171 - INFO - composites.py:430 - Write B02 -> //nas-rs.topo.auth.gr/Latomeia/DROUGHT/COMPOS/2020/02/x09_y12/S2L2A_medcomp_x09_y12_202002_B02.tif
2025-08-24 23:44:35,977 - INFO - composites.py:430 - Write B03 -> //nas-rs.topo.auth.gr/Latomeia/DROUGHT/COMPOS/2020/02/x09_y12/S2L2A_medcomp_x09_y12_202002_B03.tif
2025-08-24 23:44:39,715 - INFO - composites.py:430 - Write B04 -> //nas-rs.topo.auth.gr/Latomeia/DROUGHT/COMPOS/2020/02/x09_y12/S2L2A_medcomp_x09_y12_202002_B04.tif
2025-08-24 23:44:43,514 - INFO - composites.py:430 - Write B05 -> //nas-rs.topo.auth.gr/Latomeia/DROUGHT/COMPOS/2020/02/x09_y12/S2L2A_medcomp_x09_y12_202002_B05.tif
2025-08-24 23:44:47,280 - INFO - composites.py:430 - Write B07 -> //nas-rs.topo.auth.gr/Latomeia/DROUGHT/COMPOS/2020/02/x09_y12/S2L2A_medcomp_x09_y12_202002_B07.tif
2025-08-24 23:44:51,176 - INFO - composites.py:430 - Write B8A -> //nas-rs.topo.auth.gr/Latomeia/DROUGHT/COMPOS/2020/02/x09_y12/S2L2A_medcomp_x09_y12_202002_B8A.tif
2025-08-24 23:44:54,941 - INFO - composites.py:430 - Write EVI -> //nas-rs.topo.auth.gr/Latomeia/DROUGHT/COMPOS/2020/02/x09_y12/S2L2A_medcomp_x09_y12_202002_EVI.tif
2025-08-24 23:44:58,724 - INFO - composites.py:430 - Write NDVI -> //nas-rs.topo.auth.gr/Latomeia/DROUGHT/COMPOS/2020/02/x09_y12/S2L2A_medcomp_x09_y12_202002_NDVI.tif
2025-08-24 23:45:02,403 - INFO - composites.py:430 - Write PSRI2 -> //nas-rs.topo.auth.gr/Latomeia/DROUGHT/COMPOS/2020/02/x09_y12/S2L2A_medcomp_x09_y12_202002_PSRI2.tif
2025-08-24 23:45:02,419 - INFO - composites.py:434 - Prepare metadata YAML document
2025-08-24 23:45:03,071 - INFO - composites.py:455 - Write metadata YAML document to disk
2025-08-24 23:45:03,094 - INFO - composites.py:460 - Create datacube.model.Dataset from eo3 metadata
2025-08-24 23:45:03,104 - INFO - composites.py:471 - Index to datacube
2025-08-24 23:45:03,104 - INFO - _datasets.py:191 - Indexing df590372-c7c1-4dcf-90cd-ec4d0293579d
2025-08-24 23:45:03,116 - INFO - composites.py:474 - 
2025-08-24 23:45:03,116 - INFO - composites.py:475 -              ✔✔✔ COMPLETED: Tile x09_y12 | Time: 2020-02 | In 8.46 minutes
2025-08-24 23:45:03,116 - INFO - composites.py:476 - 
2025-08-24 23:45:03,116 - INFO - composites.py:484 - Closing Dask client
2025-08-24 23:45:03,118 - INFO - composites.py:488 - Closing Dask cluster
2025-08-24 23:45:03,118 - INFO - composites.py:489 - #######################################################################
