2025-08-22 01:02:27,746 - INFO - composites.py:101 - #######################################################################
2025-08-22 01:02:27,746 - INFO - composites.py:103 - Processing started
2025-08-22 01:02:27,746 - INFO - composites.py:104 -         Tile: x10_y09
2025-08-22 01:02:27,746 - INFO - composites.py:105 -         Time: 2020-04
2025-08-22 01:02:27,746 - INFO - composites.py:108 -                           
2025-08-22 01:02:27,746 - INFO - composites.py:109 - Establishing connection to datacube
2025-08-22 01:02:28,363 - INFO - composites.py:112 -                           
2025-08-22 01:02:28,364 - INFO - composites.py:113 - Sanity test: Check if dataset already exists in the datacube
2025-08-22 01:02:28,382 - INFO - composites.py:132 - The composite requested was not found and it will be computed
2025-08-22 01:02:28,382 - INFO - composites.py:135 -                                  
2025-08-22 01:02:28,382 - INFO - composites.py:136 - Initializing Dask cluster for parallelization
2025-08-22 01:02:33,322 - INFO - composites.py:160 - Dask dashboard is available at: http://127.0.0.1:8787/status
2025-08-22 01:02:33,322 - INFO - composites.py:163 - Create directories and naming conversions
2025-08-22 01:02:33,328 - INFO - composites.py:174 - Dataset location: //nas-rs.topo.auth.gr/Latomeia/DROUGHT/COMPOS/2020/04/x10_y09
2025-08-22 01:02:33,328 - INFO - composites.py:177 -                           
2025-08-22 01:02:33,328 - INFO - composites.py:178 - Retrieve tile geometry
2025-08-22 01:02:33,366 - INFO - composites.py:189 - Create the Bounding Box (φ,λ)
2025-08-22 01:02:33,366 - INFO - composites.py:195 - Create the Bounding Box (x,y)
2025-08-22 01:02:33,366 - INFO - composites.py:208 -                           
2025-08-22 01:02:33,366 - INFO - composites.py:209 - Connect to Planetary Computer STAC Catalog
2025-08-22 01:02:33,572 - INFO - composites.py:217 - Search the STAC Catalog
2025-08-22 01:02:33,642 - INFO - composites.py:229 -         Query parameters:
2025-08-22 01:02:33,642 - INFO - composites.py:230 -             url:          https://planetarycomputer.microsoft.com/api/stac/v1/search
2025-08-22 01:02:33,642 - INFO - composites.py:231 -             client:       microsoft-pc
2025-08-22 01:02:33,642 - INFO - composites.py:232 -             collection:   sentinel-2-l2a
2025-08-22 01:02:33,642 - INFO - composites.py:233 -             bbox:         (22.393231098837152, 37.29127558081356, 23.05741948027706, 37.8424745721664)
2025-08-22 01:02:33,642 - INFO - composites.py:234 -             time range:   2020-04-01T00:00:00Z/2020-04-30T23:59:59Z
2025-08-22 01:02:33,642 - INFO - composites.py:235 -             cloud cover:  0% - 70%
2025-08-22 01:02:33,642 - INFO - composites.py:236 -             nodata cover: 0% - 33%
2025-08-22 01:02:33,642 - INFO - composites.py:238 -                           
2025-08-22 01:02:33,642 - INFO - composites.py:239 - Searching...
2025-08-22 01:02:34,042 - INFO - composites.py:242 - Query found 13 items
2025-08-22 01:02:34,042 - INFO - composites.py:244 - Searching for GRI REFINED scenes:
2025-08-22 01:02:40,050 - INFO - sentinel2.py:78 - 1/13 - S2A_MSIL2A_20200430T090601_R050_T34SFG_20200922T165017 -> Not Found
2025-08-22 01:02:46,074 - INFO - sentinel2.py:78 - 2/13 - S2B_MSIL2A_20200428T092029_R093_T34SFH_20200922T115948 -> Not Found
2025-08-22 01:02:51,241 - INFO - sentinel2.py:78 - 3/13 - S2B_MSIL2A_20200428T092029_R093_T34SFG_20200922T115943 -> Not Found
2025-08-22 01:02:56,248 - INFO - sentinel2.py:78 - 4/13 - S2B_MSIL2A_20200425T090549_R050_T34SFG_20200922T021647 -> Not Found
2025-08-22 01:03:00,876 - INFO - sentinel2.py:78 - 5/13 - S2A_MSIL2A_20200423T092031_R093_T34SFH_20200921T181609 -> Not Found
2025-08-22 01:03:05,665 - INFO - sentinel2.py:78 - 6/13 - S2B_MSIL2A_20200418T092029_R093_T34SFH_20201027T070303 -> Not Found
2025-08-22 01:03:10,598 - INFO - sentinel2.py:78 - 7/13 - S2B_MSIL2A_20200418T092029_R093_T34SFG_20200924T015508 -> Not Found
2025-08-22 01:03:16,147 - INFO - sentinel2.py:78 - 8/13 - S2B_MSIL2A_20200415T090549_R050_T34SFG_20200923T160337 -> Not Found
2025-08-22 01:03:21,760 - INFO - sentinel2.py:78 - 9/13 - S2A_MSIL2A_20200413T092031_R093_T34SFH_20200923T074738 -> Not Found
2025-08-22 01:03:26,697 - INFO - sentinel2.py:78 - 10/13 - S2A_MSIL2A_20200413T092031_R093_T34SFG_20200923T074739 -> Not Found
2025-08-22 01:03:33,027 - INFO - sentinel2.py:78 - 11/13 - S2A_MSIL2A_20200410T090551_R050_T34SFG_20200925T182828 -> Not Found
2025-08-22 01:03:39,086 - INFO - sentinel2.py:78 - 12/13 - S2B_MSIL2A_20200408T092029_R093_T34SFH_20200925T133434 -> Not Found
2025-08-22 01:03:44,836 - INFO - sentinel2.py:78 - 13/13 - S2B_MSIL2A_20200408T092029_R093_T34SFG_20200925T133431 -> Not Found
2025-08-22 01:03:44,896 - INFO - composites.py:247 -                                  
2025-08-22 01:03:44,896 - INFO - composites.py:248 - 0/13 were refined by GRI.
2025-08-22 01:03:44,896 - WARNING - composites.py:252 - Tile x10_y09 | Time: 2020-04: All scenes are flagged NOT REFINED.
2025-08-22 01:03:44,896 - WARNING - composites.py:253 - Tile x10_y09 | Time: 2020-04: The composite will be flagged with _NOREFINED.
2025-08-22 01:03:44,897 - INFO - composites.py:260 - Looking for up to 10 cleanest images within spatiotemporal range of each MGRS tile
2025-08-22 01:03:44,897 - INFO - composites.py:274 - Filtered cleanest scenes: Kept 13 out of 13 items. 
2025-08-22 01:03:44,897 - INFO - composites.py:275 -         Included MGRS Tiles: ['34SFG' '34SFH']
2025-08-22 01:03:44,898 - INFO - composites.py:276 -         Included EPSG codes: [32634]
2025-08-22 01:03:44,898 - INFO - composites.py:278 - Selected scenes:
2025-08-22 01:03:44,898 - INFO - composites.py:280 -         S2B_MSIL2A_20200418T092029_R093_T34SFG_20200924T015508
2025-08-22 01:03:44,899 - INFO - composites.py:280 -         S2A_MSIL2A_20200410T090551_R050_T34SFG_20200925T182828
2025-08-22 01:03:44,911 - INFO - composites.py:280 -         S2B_MSIL2A_20200425T090549_R050_T34SFG_20200922T021647
2025-08-22 01:03:44,912 - INFO - composites.py:280 -         S2B_MSIL2A_20200428T092029_R093_T34SFG_20200922T115943
2025-08-22 01:03:44,913 - INFO - composites.py:280 -         S2B_MSIL2A_20200408T092029_R093_T34SFG_20200925T133431
2025-08-22 01:03:44,913 - INFO - composites.py:280 -         S2A_MSIL2A_20200430T090601_R050_T34SFG_20200922T165017
2025-08-22 01:03:44,913 - INFO - composites.py:280 -         S2A_MSIL2A_20200413T092031_R093_T34SFG_20200923T074739
2025-08-22 01:03:44,913 - INFO - composites.py:280 -         S2B_MSIL2A_20200415T090549_R050_T34SFG_20200923T160337
2025-08-22 01:03:44,913 - INFO - composites.py:280 -         S2B_MSIL2A_20200418T092029_R093_T34SFH_20201027T070303
2025-08-22 01:03:44,913 - INFO - composites.py:280 -         S2B_MSIL2A_20200428T092029_R093_T34SFH_20200922T115948
2025-08-22 01:03:44,913 - INFO - composites.py:280 -         S2A_MSIL2A_20200413T092031_R093_T34SFH_20200923T074738
2025-08-22 01:03:44,913 - INFO - composites.py:280 -         S2B_MSIL2A_20200408T092029_R093_T34SFH_20200925T133434
2025-08-22 01:03:44,913 - INFO - composites.py:280 -         S2A_MSIL2A_20200423T092031_R093_T34SFH_20200921T181609
2025-08-22 01:03:45,288 - INFO - sentinel2.py:154 - Matplotlib backend: Agg
2025-08-22 01:03:45,450 - INFO - sentinel2.py:224 - Write input scenes footprint overlay: //nas-rs.topo.auth.gr/Latomeia/DROUGHT/COMPOS/2020/04/x10_y09/S2L2A_medcomp_x10_y09_202004_InDataFootprint.jpeg
2025-08-22 01:03:45,663 - INFO - composites.py:294 -                                  
2025-08-22 01:03:45,663 - INFO - composites.py:295 - Downstream STAC items from Planetary Computer
2025-08-22 01:03:45,663 - INFO - timeseries_processing.py:115 -                                  
2025-08-22 01:03:45,663 - INFO - timeseries_processing.py:116 - Loading bands of diferent resolutions in EPSG:32634
2025-08-22 01:03:45,663 - INFO - timeseries_processing.py:120 -     Filtering items with native UTM EPSG:32634
2025-08-22 01:03:45,663 - INFO - timeseries_processing.py:122 -     13 Items in EPSG:32634
2025-08-22 01:03:45,663 - INFO - timeseries_processing.py:129 -                        
2025-08-22 01:03:45,663 - INFO - timeseries_processing.py:130 -     Loading parameters:
2025-08-22 01:03:45,663 - INFO - timeseries_processing.py:131 -         Bands: ['B05', 'B07', 'B8A', 'SCL']
2025-08-22 01:03:45,663 - INFO - timeseries_processing.py:132 -         Spatial resolution: 20
2025-08-22 01:03:45,663 - INFO - timeseries_processing.py:134 -         Get Assets from STAC Items
2025-08-22 01:03:45,663 - INFO - timeseries_processing.py:47 -         Initialize the STAC client
2025-08-22 01:03:46,265 - INFO - timeseries_processing.py:137 -         Loading 13 STAC Items....
2025-08-22 01:04:39,468 - INFO - timeseries_processing.py:146 -         Cube has been downloaded
2025-08-22 01:04:39,468 - INFO - timeseries_processing.py:156 -         Fix order of dimensions
2025-08-22 01:04:39,470 - INFO - timeseries_processing.py:161 -         Append bands to the band-list of EPSG:32634
2025-08-22 01:04:39,470 - INFO - timeseries_processing.py:129 -                        
2025-08-22 01:04:39,470 - INFO - timeseries_processing.py:130 -     Loading parameters:
2025-08-22 01:04:39,471 - INFO - timeseries_processing.py:131 -         Bands: ['B02', 'B03', 'B04']
2025-08-22 01:04:39,471 - INFO - timeseries_processing.py:132 -         Spatial resolution: 10
2025-08-22 01:04:39,471 - INFO - timeseries_processing.py:134 -         Get Assets from STAC Items
2025-08-22 01:04:39,472 - INFO - timeseries_processing.py:47 -         Initialize the STAC client
2025-08-22 01:04:40,003 - INFO - timeseries_processing.py:137 -         Loading 13 STAC Items....
2025-08-22 01:06:39,823 - INFO - timeseries_processing.py:146 -         Cube has been downloaded
2025-08-22 01:06:39,823 - INFO - timeseries_processing.py:149 -         Reproject to downsample 10m bands to 20m by Resampling.average 2x2 binning and shape matching with odc.geo.GeoBox
2025-08-22 01:06:52,924 - INFO - timeseries_processing.py:161 -         Append bands to the band-list of EPSG:32634
2025-08-22 01:06:52,924 - INFO - timeseries_processing.py:165 -                        
2025-08-22 01:06:52,924 - INFO - timeseries_processing.py:166 -     Merging bands in a single dataset
2025-08-22 01:06:52,925 - INFO - timeseries_processing.py:167 -     Ensure all partial datasets are at (x=20, y=-20) resolution
2025-08-22 01:06:52,925 - INFO - timeseries_processing.py:171 -     Clip to the intersection of indexes
2025-08-22 01:06:54,163 - INFO - timeseries_processing.py:180 -     Make a list of bands to merge
2025-08-22 01:06:54,164 - INFO - timeseries_processing.py:184 -     Merge on intersection
2025-08-22 01:06:54,165 - INFO - timeseries_processing.py:192 -     Apply masks on clouds, shadows, thin cirrus, and snow/ice
2025-08-22 01:06:54,165 - INFO - sentinel2.py:122 -                Masking bits: [3, 7, 8, 9, 10, 11]
2025-08-22 01:06:55,269 - INFO - composites.py:304 - Reproject from UTM Zone to Tile geometry -> CRS(EPSG:32634), Resampling.bilinear
2025-08-22 01:07:01,649 - INFO - composites.py:307 -     New shape of datasets: Shape2d(x=2400, y=2400)
2025-08-22 01:07:02,220 - INFO - composites.py:339 - Creating preview plot of input scenes
2025-08-22 01:07:33,188 - INFO - timeseries_processing.py:349 - Saved preview for 'B04' to //nas-rs.topo.auth.gr/Latomeia/DROUGHT/COMPOS/2020/04/x10_y09/S2L2A_medcomp_x10_y09_202004_InDataPreview.jpeg
2025-08-22 01:07:33,199 - INFO - composites.py:345 - Clip value range
2025-08-22 01:07:34,965 - INFO - composites.py:350 -                           
2025-08-22 01:07:34,965 - INFO - composites.py:351 - Computing spectral indices:
2025-08-22 01:07:34,965 - INFO - composites.py:354 -     EVI...
2025-08-22 01:07:36,112 - INFO - composites.py:356 -     NDVI...
2025-08-22 01:07:36,356 - INFO - composites.py:358 -     PSRI2...
2025-08-22 01:07:36,769 - INFO - composites.py:361 - Clip to typical value range
2025-08-22 01:07:37,116 - INFO - composites.py:368 - Reducing to median value temporal composite
2025-08-22 01:08:01,524 - INFO - composites.py:387 - Define data types and nodata per band
2025-08-22 01:08:01,632 - INFO - composites.py:408 - Assign time range and tile ID in metadata
2025-08-22 01:08:01,632 - INFO - composites.py:416 - Write bands to raster COG files
2025-08-22 01:08:05,564 - INFO - composites.py:429 - Write B02 -> //nas-rs.topo.auth.gr/Latomeia/DROUGHT/COMPOS/2020/04/x10_y09/S2L2A_medcomp_x10_y09_202004_B02.tif
2025-08-22 01:08:09,654 - INFO - composites.py:429 - Write B03 -> //nas-rs.topo.auth.gr/Latomeia/DROUGHT/COMPOS/2020/04/x10_y09/S2L2A_medcomp_x10_y09_202004_B03.tif
2025-08-22 01:08:13,476 - INFO - composites.py:429 - Write B04 -> //nas-rs.topo.auth.gr/Latomeia/DROUGHT/COMPOS/2020/04/x10_y09/S2L2A_medcomp_x10_y09_202004_B04.tif
2025-08-22 01:08:17,336 - INFO - composites.py:429 - Write B05 -> //nas-rs.topo.auth.gr/Latomeia/DROUGHT/COMPOS/2020/04/x10_y09/S2L2A_medcomp_x10_y09_202004_B05.tif
2025-08-22 01:08:21,171 - INFO - composites.py:429 - Write B07 -> //nas-rs.topo.auth.gr/Latomeia/DROUGHT/COMPOS/2020/04/x10_y09/S2L2A_medcomp_x10_y09_202004_B07.tif
2025-08-22 01:08:25,007 - INFO - composites.py:429 - Write B8A -> //nas-rs.topo.auth.gr/Latomeia/DROUGHT/COMPOS/2020/04/x10_y09/S2L2A_medcomp_x10_y09_202004_B8A.tif
2025-08-22 01:08:29,071 - INFO - composites.py:429 - Write EVI -> //nas-rs.topo.auth.gr/Latomeia/DROUGHT/COMPOS/2020/04/x10_y09/S2L2A_medcomp_x10_y09_202004_evi.tif
2025-08-22 01:08:33,005 - INFO - composites.py:429 - Write NDVI -> //nas-rs.topo.auth.gr/Latomeia/DROUGHT/COMPOS/2020/04/x10_y09/S2L2A_medcomp_x10_y09_202004_ndvi.tif
2025-08-22 01:08:36,823 - INFO - composites.py:429 - Write PSRI2 -> //nas-rs.topo.auth.gr/Latomeia/DROUGHT/COMPOS/2020/04/x10_y09/S2L2A_medcomp_x10_y09_202004_psri2.tif
2025-08-22 01:08:36,832 - INFO - composites.py:433 - Prepare metadata YAML document
2025-08-22 01:08:37,481 - INFO - composites.py:454 - Write metadata YAML document to disk
2025-08-22 01:08:37,513 - INFO - composites.py:459 - Create datacube.model.Dataset from eo3 metadata
2025-08-22 01:08:37,523 - INFO - composites.py:470 - Index to datacube
2025-08-22 01:08:37,524 - INFO - _datasets.py:191 - Indexing 746b2d50-fe06-474b-b54d-025c6daf7a85
2025-08-22 01:08:37,533 - INFO - composites.py:473 - 
2025-08-22 01:08:37,533 - INFO - composites.py:474 -              ✔✔✔ COMPLETED: Tile x10_y09 | Time: 2020-04 | In 6.16 minutes
2025-08-22 01:08:37,533 - INFO - composites.py:475 - 
2025-08-22 01:08:37,533 - INFO - composites.py:483 - Closing Dask client
2025-08-22 01:08:37,535 - INFO - composites.py:487 - Closing Dask cluster
2025-08-22 01:08:37,535 - INFO - composites.py:488 - #######################################################################
