2025-08-27 09:55:31,473 - INFO - composites.py:102 - #######################################################################
2025-08-27 09:55:31,473 - INFO - composites.py:104 - Processing started
2025-08-27 09:55:31,473 - INFO - composites.py:105 -         Tile: x08_y12
2025-08-27 09:55:31,473 - INFO - composites.py:106 -         Time: 2021-04
2025-08-27 09:55:31,473 - INFO - composites.py:109 -                           
2025-08-27 09:55:31,473 - INFO - composites.py:110 - Establishing connection to datacube
2025-08-27 09:55:31,999 - INFO - composites.py:113 -                           
2025-08-27 09:55:32,000 - INFO - composites.py:114 - Sanity test: Check if dataset already exists in the datacube
2025-08-27 09:55:32,017 - INFO - composites.py:133 - The composite requested was not found and it will be computed
2025-08-27 09:55:32,017 - INFO - composites.py:136 -                                  
2025-08-27 09:55:32,017 - INFO - composites.py:137 - Initializing Dask cluster for parallelization
2025-08-27 09:55:37,008 - INFO - composites.py:161 - Dask dashboard is available at: http://127.0.0.1:8787/status
2025-08-27 09:55:37,009 - INFO - composites.py:164 - Create directories and naming conversions
2025-08-27 09:55:37,021 - INFO - composites.py:177 - Dataset location: //nas-rs.topo.auth.gr/Latomeia/DROUGHT/composites/x08/y12/2021/04/01
2025-08-27 09:55:37,021 - INFO - composites.py:180 -                           
2025-08-27 09:55:37,021 - INFO - composites.py:181 - Retrieve tile geometry
2025-08-27 09:55:37,049 - INFO - composites.py:192 - Create the Bounding Box (φ,λ)
2025-08-27 09:55:37,049 - INFO - composites.py:198 - Create the Bounding Box (x,y)
2025-08-27 09:55:37,050 - INFO - composites.py:211 -                           
2025-08-27 09:55:37,050 - INFO - composites.py:212 - Connect to Planetary Computer STAC Catalog
2025-08-27 09:55:37,499 - INFO - composites.py:220 - Search the STAC Catalog
2025-08-27 09:55:37,600 - INFO - composites.py:232 -         Query parameters:
2025-08-27 09:55:37,600 - INFO - composites.py:233 -             url:          https://planetarycomputer.microsoft.com/api/stac/v1/search
2025-08-27 09:55:37,600 - INFO - composites.py:234 -             client:       microsoft-pc
2025-08-27 09:55:37,600 - INFO - composites.py:235 -             collection:   sentinel-2-l2a
2025-08-27 09:55:37,600 - INFO - composites.py:236 -             bbox:         (21.54502923200265, 38.72053801140399, 22.218704170873913, 39.26725432685642)
2025-08-27 09:55:37,600 - INFO - composites.py:237 -             time range:   2021-04-01T00:00:00Z/2021-04-30T23:59:59Z
2025-08-27 09:55:37,600 - INFO - composites.py:238 -             cloud cover:  0% - 70%
2025-08-27 09:55:37,600 - INFO - composites.py:239 -             nodata cover: 0% - 33%
2025-08-27 09:55:37,600 - INFO - composites.py:241 -                           
2025-08-27 09:55:37,600 - INFO - composites.py:242 - Searching...
2025-08-27 09:55:38,039 - INFO - composites.py:245 - Query found 11 items
2025-08-27 09:55:38,039 - INFO - composites.py:247 - Searching for GRI REFINED scenes:
2025-08-27 09:55:46,859 - INFO - sentinel2.py:78 - 1/11 - S2A_MSIL2A_20210428T092031_R093_T34SFJ_20210523T184025 -> REFINED
2025-08-27 09:55:55,537 - INFO - sentinel2.py:78 - 2/11 - S2A_MSIL2A_20210428T092031_R093_T34SEJ_20210523T184014 -> REFINED
2025-08-27 09:56:03,614 - INFO - sentinel2.py:78 - 3/11 - S2B_MSIL2A_20210423T092019_R093_T34SFH_20210525T004314 -> REFINED
2025-08-27 09:56:13,259 - INFO - sentinel2.py:78 - 4/11 - S2A_MSIL2A_20210418T092021_R093_T34SEJ_20210523T144452 -> REFINED
2025-08-27 09:56:20,880 - INFO - sentinel2.py:78 - 5/11 - S2B_MSIL2A_20210413T092029_R093_T34SFH_20210524T204638 -> REFINED
2025-08-27 09:56:28,296 - INFO - sentinel2.py:78 - 6/11 - S2B_MSIL2A_20210413T092029_R093_T34SEH_20210524T204622 -> REFINED
2025-08-27 09:56:36,721 - INFO - sentinel2.py:78 - 7/11 - S2A_MSIL2A_20210408T092021_R093_T34SEH_20210523T100649 -> REFINED
2025-08-27 09:56:44,320 - INFO - sentinel2.py:78 - 8/11 - S2B_MSIL2A_20210403T092029_R093_T34SFJ_20210524T162149 -> REFINED
2025-08-27 09:56:52,032 - INFO - sentinel2.py:78 - 9/11 - S2B_MSIL2A_20210403T092029_R093_T34SFH_20210524T162149 -> REFINED
2025-08-27 09:56:59,292 - INFO - sentinel2.py:78 - 10/11 - S2B_MSIL2A_20210403T092029_R093_T34SEJ_20210524T162144 -> REFINED
2025-08-27 09:57:07,897 - INFO - sentinel2.py:78 - 11/11 - S2B_MSIL2A_20210403T092029_R093_T34SEH_20210524T162142 -> REFINED
2025-08-27 09:57:07,980 - INFO - composites.py:250 -                                  
2025-08-27 09:57:07,980 - INFO - composites.py:251 - 11/11 were refined by GRI.
2025-08-27 09:57:07,980 - INFO - composites.py:263 - Looking for up to 10 cleanest images within spatiotemporal range of each MGRS tile
2025-08-27 09:57:07,981 - INFO - composites.py:277 - Filtered cleanest scenes: Kept 11 out of 11 items. 
2025-08-27 09:57:07,981 - INFO - composites.py:278 -         Included MGRS Tiles: ['34SEH' '34SEJ' '34SFH' '34SFJ']
2025-08-27 09:57:07,981 - INFO - composites.py:279 -         Included EPSG codes: [32634]
2025-08-27 09:57:07,981 - INFO - composites.py:281 - Selected scenes:
2025-08-27 09:57:07,982 - INFO - composites.py:283 -         S2B_MSIL2A_20210403T092029_R093_T34SEH_20210524T162142
2025-08-27 09:57:07,982 - INFO - composites.py:283 -         S2A_MSIL2A_20210408T092021_R093_T34SEH_20210523T100649
2025-08-27 09:57:07,982 - INFO - composites.py:283 -         S2B_MSIL2A_20210413T092029_R093_T34SEH_20210524T204622
2025-08-27 09:57:07,982 - INFO - composites.py:283 -         S2B_MSIL2A_20210403T092029_R093_T34SEJ_20210524T162144
2025-08-27 09:57:07,982 - INFO - composites.py:283 -         S2A_MSIL2A_20210428T092031_R093_T34SEJ_20210523T184014
2025-08-27 09:57:07,983 - INFO - composites.py:283 -         S2A_MSIL2A_20210418T092021_R093_T34SEJ_20210523T144452
2025-08-27 09:57:07,993 - INFO - composites.py:283 -         S2B_MSIL2A_20210403T092029_R093_T34SFH_20210524T162149
2025-08-27 09:57:08,009 - INFO - composites.py:283 -         S2B_MSIL2A_20210413T092029_R093_T34SFH_20210524T204638
2025-08-27 09:57:08,024 - INFO - composites.py:283 -         S2B_MSIL2A_20210423T092019_R093_T34SFH_20210525T004314
2025-08-27 09:57:08,024 - INFO - composites.py:283 -         S2B_MSIL2A_20210403T092029_R093_T34SFJ_20210524T162149
2025-08-27 09:57:08,025 - INFO - composites.py:283 -         S2A_MSIL2A_20210428T092031_R093_T34SFJ_20210523T184025
2025-08-27 09:57:08,343 - INFO - sentinel2.py:154 - Matplotlib backend: Agg
2025-08-27 09:57:08,593 - INFO - sentinel2.py:224 - Write input scenes footprint overlay: //nas-rs.topo.auth.gr/Latomeia/DROUGHT/composites/x08/y12/2021/04/01/S2L2A_medcomp_x08y12_202104_InDataFootprint.jpeg
2025-08-27 09:57:08,792 - INFO - composites.py:297 -                                  
2025-08-27 09:57:08,792 - INFO - composites.py:298 - Downstream STAC items from Planetary Computer
2025-08-27 09:57:08,792 - INFO - timeseries_processing.py:115 -                                  
2025-08-27 09:57:08,792 - INFO - timeseries_processing.py:116 - Loading bands of diferent resolutions in EPSG:32634
2025-08-27 09:57:08,792 - INFO - timeseries_processing.py:120 -     Filtering items with native UTM EPSG:32634
2025-08-27 09:57:08,792 - INFO - timeseries_processing.py:122 -     11 Items in EPSG:32634
2025-08-27 09:57:08,792 - INFO - timeseries_processing.py:129 -                        
2025-08-27 09:57:08,792 - INFO - timeseries_processing.py:130 -     Loading parameters:
2025-08-27 09:57:08,792 - INFO - timeseries_processing.py:131 -         Bands: ['B05', 'B07', 'B8A', 'SCL']
2025-08-27 09:57:08,792 - INFO - timeseries_processing.py:132 -         Spatial resolution: 20
2025-08-27 09:57:08,792 - INFO - timeseries_processing.py:134 -         Get Assets from STAC Items
2025-08-27 09:57:08,792 - INFO - timeseries_processing.py:47 -         Initialize the STAC client
2025-08-27 09:57:09,395 - INFO - timeseries_processing.py:137 -         Loading 11 STAC Items....
2025-08-27 09:57:26,054 - INFO - timeseries_processing.py:146 -         Cube has been downloaded
2025-08-27 09:57:26,054 - INFO - timeseries_processing.py:156 -         Fix order of dimensions
2025-08-27 09:57:26,055 - INFO - timeseries_processing.py:161 -         Append bands to the band-list of EPSG:32634
2025-08-27 09:57:26,055 - INFO - timeseries_processing.py:129 -                        
2025-08-27 09:57:26,056 - INFO - timeseries_processing.py:130 -     Loading parameters:
2025-08-27 09:57:26,057 - INFO - timeseries_processing.py:131 -         Bands: ['B02', 'B03', 'B04']
2025-08-27 09:57:26,057 - INFO - timeseries_processing.py:132 -         Spatial resolution: 10
2025-08-27 09:57:26,057 - INFO - timeseries_processing.py:134 -         Get Assets from STAC Items
2025-08-27 09:57:26,057 - INFO - timeseries_processing.py:47 -         Initialize the STAC client
2025-08-27 09:57:26,569 - INFO - timeseries_processing.py:137 -         Loading 11 STAC Items....
2025-08-27 09:58:34,642 - INFO - timeseries_processing.py:146 -         Cube has been downloaded
2025-08-27 09:58:34,643 - INFO - timeseries_processing.py:149 -         Reproject to downsample 10m bands to 20m by Resampling.average 2x2 binning and shape matching with odc.geo.GeoBox
2025-08-27 09:58:42,433 - INFO - timeseries_processing.py:161 -         Append bands to the band-list of EPSG:32634
2025-08-27 09:58:42,434 - INFO - timeseries_processing.py:165 -                        
2025-08-27 09:58:42,434 - INFO - timeseries_processing.py:166 -     Merging bands in a single dataset
2025-08-27 09:58:42,434 - INFO - timeseries_processing.py:167 -     Ensure all partial datasets are at (x=20, y=-20) resolution
2025-08-27 09:58:42,434 - INFO - timeseries_processing.py:171 -     Clip to the intersection of indexes
2025-08-27 09:58:43,663 - INFO - timeseries_processing.py:180 -     Make a list of bands to merge
2025-08-27 09:58:43,665 - INFO - timeseries_processing.py:184 -     Merge on intersection
2025-08-27 09:58:43,666 - INFO - timeseries_processing.py:192 -     Apply masks on clouds, shadows, thin cirrus, and snow/ice
2025-08-27 09:58:43,666 - INFO - sentinel2.py:122 -                Masking bits: [3, 7, 8, 9, 10, 11]
2025-08-27 09:58:44,406 - INFO - composites.py:307 - Reproject from UTM Zone to Tile geometry -> CRS(EPSG:32634), Resampling.bilinear
2025-08-27 09:58:48,467 - INFO - composites.py:310 -     New shape of datasets: Shape2d(x=2400, y=2400)
2025-08-27 09:58:49,085 - INFO - composites.py:342 - Creating preview plot of input scenes
2025-08-27 09:59:14,158 - INFO - timeseries_processing.py:349 - Saved preview for 'B04' to //nas-rs.topo.auth.gr/Latomeia/DROUGHT/composites/x08/y12/2021/04/01/S2L2A_medcomp_x08y12_202104_InDataPreview.jpeg
2025-08-27 09:59:14,162 - INFO - composites.py:348 - Clip value range
2025-08-27 09:59:15,330 - INFO - composites.py:353 -                           
2025-08-27 09:59:15,331 - INFO - composites.py:354 - Computing spectral indices:
2025-08-27 09:59:15,331 - INFO - composites.py:357 -     EVI...
2025-08-27 09:59:16,097 - INFO - composites.py:359 -     NDVI...
2025-08-27 09:59:16,320 - INFO - composites.py:361 -     PSRI2...
2025-08-27 09:59:16,505 - INFO - composites.py:364 - Clip to typical value range
2025-08-27 09:59:16,752 - INFO - composites.py:371 - Reducing to median value temporal composite
2025-08-27 09:59:42,458 - INFO - composites.py:390 - Scale and Define data types & nodata per band
2025-08-27 09:59:42,587 - INFO - composites.py:411 - Assign time range and tile ID in metadata
2025-08-27 09:59:42,587 - INFO - composites.py:419 - Write bands to raster COG files
2025-08-27 09:59:46,527 - INFO - composites.py:432 - Write B02 -> //nas-rs.topo.auth.gr/Latomeia/DROUGHT/composites/x08/y12/2021/04/01/S2L2A_medcomp_x08y12_202104_B02.tif
2025-08-27 09:59:50,486 - INFO - composites.py:432 - Write B03 -> //nas-rs.topo.auth.gr/Latomeia/DROUGHT/composites/x08/y12/2021/04/01/S2L2A_medcomp_x08y12_202104_B03.tif
2025-08-27 09:59:54,401 - INFO - composites.py:432 - Write B04 -> //nas-rs.topo.auth.gr/Latomeia/DROUGHT/composites/x08/y12/2021/04/01/S2L2A_medcomp_x08y12_202104_B04.tif
2025-08-27 09:59:58,386 - INFO - composites.py:432 - Write B05 -> //nas-rs.topo.auth.gr/Latomeia/DROUGHT/composites/x08/y12/2021/04/01/S2L2A_medcomp_x08y12_202104_B05.tif
2025-08-27 10:00:02,679 - INFO - composites.py:432 - Write B07 -> //nas-rs.topo.auth.gr/Latomeia/DROUGHT/composites/x08/y12/2021/04/01/S2L2A_medcomp_x08y12_202104_B07.tif
2025-08-27 10:00:06,860 - INFO - composites.py:432 - Write B8A -> //nas-rs.topo.auth.gr/Latomeia/DROUGHT/composites/x08/y12/2021/04/01/S2L2A_medcomp_x08y12_202104_B8A.tif
2025-08-27 10:00:10,864 - INFO - composites.py:432 - Write EVI -> //nas-rs.topo.auth.gr/Latomeia/DROUGHT/composites/x08/y12/2021/04/01/S2L2A_medcomp_x08y12_202104_EVI.tif
2025-08-27 10:00:15,279 - INFO - composites.py:432 - Write NDVI -> //nas-rs.topo.auth.gr/Latomeia/DROUGHT/composites/x08/y12/2021/04/01/S2L2A_medcomp_x08y12_202104_NDVI.tif
2025-08-27 10:00:20,000 - INFO - composites.py:432 - Write PSRI2 -> //nas-rs.topo.auth.gr/Latomeia/DROUGHT/composites/x08/y12/2021/04/01/S2L2A_medcomp_x08y12_202104_PSRI2.tif
2025-08-27 10:00:20,014 - INFO - composites.py:436 - Prepare metadata YAML document
2025-08-27 10:00:20,628 - INFO - composites.py:458 - Write metadata YAML document to disk
2025-08-27 10:00:20,704 - INFO - composites.py:463 - Create datacube.model.Dataset from eo3 metadata
2025-08-27 10:00:20,715 - INFO - composites.py:474 - Index to datacube
2025-08-27 10:00:20,715 - INFO - _datasets.py:191 - Indexing 0a3dd2ec-1698-4fa2-910e-08f59f0c1128
2025-08-27 10:00:20,724 - INFO - composites.py:477 - 
2025-08-27 10:00:20,724 - INFO - composites.py:478 -              ✔✔✔ COMPLETED: Tile x08_y12 | Time: 2021-04 | In 4.82 minutes
2025-08-27 10:00:20,724 - INFO - composites.py:479 - 
2025-08-27 10:00:20,724 - INFO - composites.py:487 - Closing Dask client
2025-08-27 10:00:20,726 - INFO - composites.py:491 - Closing Dask cluster
2025-08-27 10:00:20,726 - INFO - composites.py:492 - #######################################################################
