2025-08-29 07:51:31,207 - INFO - composites.py:102 - #######################################################################
2025-08-29 07:51:31,207 - INFO - composites.py:104 - Processing started
2025-08-29 07:51:31,207 - INFO - composites.py:105 -         Tile: x10_y09
2025-08-29 07:51:31,207 - INFO - composites.py:106 -         Time: 2021-09
2025-08-29 07:51:31,207 - INFO - composites.py:109 -                           
2025-08-29 07:51:31,208 - INFO - composites.py:110 - Establishing connection to datacube
2025-08-29 07:51:31,736 - INFO - composites.py:113 -                           
2025-08-29 07:51:31,736 - INFO - composites.py:114 - Sanity test: Check if dataset already exists in the datacube
2025-08-29 07:51:31,756 - INFO - composites.py:133 - The composite requested was not found and it will be computed
2025-08-29 07:51:31,756 - INFO - composites.py:136 -                                  
2025-08-29 07:51:31,756 - INFO - composites.py:137 - Initializing Dask cluster for parallelization
2025-08-29 07:51:36,857 - INFO - composites.py:161 - Dask dashboard is available at: http://127.0.0.1:8787/status
2025-08-29 07:51:36,857 - INFO - composites.py:164 - Create directories and naming conversions
2025-08-29 07:51:36,867 - INFO - composites.py:177 - Dataset location: //nas-rs.topo.auth.gr/Latomeia/DROUGHT/composites/x10/y09/2021/09/01
2025-08-29 07:51:36,868 - INFO - composites.py:180 -                           
2025-08-29 07:51:36,868 - INFO - composites.py:181 - Retrieve tile geometry
2025-08-29 07:51:36,896 - INFO - composites.py:192 - Create the Bounding Box (φ,λ)
2025-08-29 07:51:36,896 - INFO - composites.py:198 - Create the Bounding Box (x,y)
2025-08-29 07:51:36,897 - INFO - composites.py:211 -                           
2025-08-29 07:51:36,897 - INFO - composites.py:212 - Connect to Planetary Computer STAC Catalog
2025-08-29 07:51:37,110 - INFO - composites.py:220 - Search the STAC Catalog
2025-08-29 07:51:37,217 - INFO - composites.py:232 -         Query parameters:
2025-08-29 07:51:37,217 - INFO - composites.py:233 -             url:          https://planetarycomputer.microsoft.com/api/stac/v1/search
2025-08-29 07:51:37,217 - INFO - composites.py:234 -             client:       microsoft-pc
2025-08-29 07:51:37,217 - INFO - composites.py:235 -             collection:   sentinel-2-l2a
2025-08-29 07:51:37,217 - INFO - composites.py:236 -             bbox:         (22.393231098837152, 37.29127558081356, 23.05741948027706, 37.8424745721664)
2025-08-29 07:51:37,217 - INFO - composites.py:237 -             time range:   2021-09-01T00:00:00Z/2021-09-30T23:59:59Z
2025-08-29 07:51:37,217 - INFO - composites.py:238 -             cloud cover:  0% - 70%
2025-08-29 07:51:37,217 - INFO - composites.py:239 -             nodata cover: 0% - 33%
2025-08-29 07:51:37,217 - INFO - composites.py:241 -                           
2025-08-29 07:51:37,217 - INFO - composites.py:242 - Searching...
2025-08-29 07:51:37,647 - INFO - composites.py:245 - Query found 17 items
2025-08-29 07:51:37,647 - INFO - composites.py:247 - Searching for GRI REFINED scenes:
2025-08-29 07:51:43,819 - INFO - sentinel2.py:78 - 1/17 - S2B_MSIL2A_20210930T092029_R093_T34SFH_20211001T205440 -> REFINED
2025-08-29 07:51:48,750 - INFO - sentinel2.py:78 - 2/17 - S2B_MSIL2A_20210930T092029_R093_T34SFG_20211001T213712 -> REFINED
2025-08-29 07:51:54,982 - INFO - sentinel2.py:78 - 3/17 - S2B_MSIL2A_20210927T090659_R050_T34SFG_20210929T040927 -> REFINED
2025-08-29 07:52:00,731 - INFO - sentinel2.py:78 - 4/17 - S2A_MSIL2A_20210925T092031_R093_T34SFH_20210926T102935 -> REFINED
2025-08-29 07:52:06,415 - INFO - sentinel2.py:78 - 5/17 - S2A_MSIL2A_20210925T092031_R093_T34SFG_20210926T115536 -> REFINED
2025-08-29 07:52:12,367 - INFO - sentinel2.py:78 - 6/17 - S2A_MSIL2A_20210922T090701_R050_T34SFG_20210923T003718 -> REFINED
2025-08-29 07:52:17,514 - INFO - sentinel2.py:78 - 7/17 - S2B_MSIL2A_20210920T092029_R093_T34SFH_20210921T004734 -> REFINED
2025-08-29 07:52:23,623 - INFO - sentinel2.py:78 - 8/17 - S2B_MSIL2A_20210920T092029_R093_T34SFG_20210920T213714 -> REFINED
2025-08-29 07:52:30,204 - INFO - sentinel2.py:78 - 9/17 - S2B_MSIL2A_20210917T090619_R050_T34SFG_20210917T212337 -> REFINED
2025-08-29 07:52:36,391 - INFO - sentinel2.py:78 - 10/17 - S2A_MSIL2A_20210915T092031_R093_T34SFH_20210915T205730 -> REFINED
2025-08-29 07:52:42,017 - INFO - sentinel2.py:78 - 11/17 - S2A_MSIL2A_20210915T092031_R093_T34SFG_20210915T220055 -> REFINED
2025-08-29 07:52:48,267 - INFO - sentinel2.py:78 - 12/17 - S2B_MSIL2A_20210910T092029_R093_T34SFH_20210910T214512 -> REFINED
2025-08-29 07:52:54,236 - INFO - sentinel2.py:78 - 13/17 - S2B_MSIL2A_20210910T092029_R093_T34SFG_20210910T204031 -> REFINED
2025-08-29 07:53:00,391 - INFO - sentinel2.py:78 - 14/17 - S2B_MSIL2A_20210907T090549_R050_T34SFG_20210907T220318 -> REFINED
2025-08-29 07:53:05,474 - INFO - sentinel2.py:78 - 15/17 - S2A_MSIL2A_20210905T092031_R093_T34SFH_20210905T184932 -> REFINED
2025-08-29 07:53:11,411 - INFO - sentinel2.py:78 - 16/17 - S2A_MSIL2A_20210905T092031_R093_T34SFG_20210905T171203 -> REFINED
2025-08-29 07:53:17,497 - INFO - sentinel2.py:78 - 17/17 - S2A_MSIL2A_20210902T090601_R050_T34SFG_20210902T205024 -> REFINED
2025-08-29 07:53:17,558 - INFO - composites.py:250 -                                  
2025-08-29 07:53:17,559 - INFO - composites.py:251 - 17/17 were refined by GRI.
2025-08-29 07:53:17,559 - INFO - composites.py:263 - Looking for up to 10 cleanest images within spatiotemporal range of each MGRS tile
2025-08-29 07:53:17,559 - INFO - composites.py:277 - Filtered cleanest scenes: Kept 16 out of 17 items. 
2025-08-29 07:53:17,559 - INFO - composites.py:278 -         Included MGRS Tiles: ['34SFG' '34SFH']
2025-08-29 07:53:17,559 - INFO - composites.py:279 -         Included EPSG codes: [32634]
2025-08-29 07:53:17,560 - INFO - composites.py:281 - Selected scenes:
2025-08-29 07:53:17,560 - INFO - composites.py:283 -         S2B_MSIL2A_20210920T092029_R093_T34SFG_20210920T213714
2025-08-29 07:53:17,561 - INFO - composites.py:283 -         S2A_MSIL2A_20210925T092031_R093_T34SFG_20210926T115536
2025-08-29 07:53:17,561 - INFO - composites.py:283 -         S2B_MSIL2A_20210917T090619_R050_T34SFG_20210917T212337
2025-08-29 07:53:17,561 - INFO - composites.py:283 -         S2B_MSIL2A_20210927T090659_R050_T34SFG_20210929T040927
2025-08-29 07:53:17,561 - INFO - composites.py:283 -         S2A_MSIL2A_20210915T092031_R093_T34SFG_20210915T220055
2025-08-29 07:53:17,562 - INFO - composites.py:283 -         S2B_MSIL2A_20210907T090549_R050_T34SFG_20210907T220318
2025-08-29 07:53:17,562 - INFO - composites.py:283 -         S2A_MSIL2A_20210922T090701_R050_T34SFG_20210923T003718
2025-08-29 07:53:17,563 - INFO - composites.py:283 -         S2A_MSIL2A_20210902T090601_R050_T34SFG_20210902T205024
2025-08-29 07:53:17,563 - INFO - composites.py:283 -         S2B_MSIL2A_20210910T092029_R093_T34SFG_20210910T204031
2025-08-29 07:53:17,563 - INFO - composites.py:283 -         S2B_MSIL2A_20210930T092029_R093_T34SFG_20211001T213712
2025-08-29 07:53:17,563 - INFO - composites.py:283 -         S2A_MSIL2A_20210925T092031_R093_T34SFH_20210926T102935
2025-08-29 07:53:17,563 - INFO - composites.py:283 -         S2B_MSIL2A_20210920T092029_R093_T34SFH_20210921T004734
2025-08-29 07:53:17,563 - INFO - composites.py:283 -         S2A_MSIL2A_20210915T092031_R093_T34SFH_20210915T205730
2025-08-29 07:53:17,564 - INFO - composites.py:283 -         S2B_MSIL2A_20210910T092029_R093_T34SFH_20210910T214512
2025-08-29 07:53:17,564 - INFO - composites.py:283 -         S2B_MSIL2A_20210930T092029_R093_T34SFH_20211001T205440
2025-08-29 07:53:17,564 - INFO - composites.py:283 -         S2A_MSIL2A_20210905T092031_R093_T34SFH_20210905T184932
2025-08-29 07:53:17,946 - INFO - sentinel2.py:154 - Matplotlib backend: Agg
2025-08-29 07:53:18,105 - INFO - sentinel2.py:224 - Write input scenes footprint overlay: //nas-rs.topo.auth.gr/Latomeia/DROUGHT/composites/x10/y09/2021/09/01/S2L2A_medcomp_x10y09_202109_InDataFootprint.jpeg
2025-08-29 07:53:18,505 - INFO - composites.py:297 -                                  
2025-08-29 07:53:18,505 - INFO - composites.py:298 - Downstream STAC items from Planetary Computer
2025-08-29 07:53:18,505 - INFO - timeseries_processing.py:115 -                                  
2025-08-29 07:53:18,505 - INFO - timeseries_processing.py:116 - Loading bands of diferent resolutions in EPSG:32634
2025-08-29 07:53:18,505 - INFO - timeseries_processing.py:120 -     Filtering items with native UTM EPSG:32634
2025-08-29 07:53:18,505 - INFO - timeseries_processing.py:122 -     16 Items in EPSG:32634
2025-08-29 07:53:18,505 - INFO - timeseries_processing.py:129 -                        
2025-08-29 07:53:18,506 - INFO - timeseries_processing.py:130 -     Loading parameters:
2025-08-29 07:53:18,506 - INFO - timeseries_processing.py:131 -         Bands: ['B05', 'B07', 'B8A', 'SCL']
2025-08-29 07:53:18,506 - INFO - timeseries_processing.py:132 -         Spatial resolution: 20
2025-08-29 07:53:18,506 - INFO - timeseries_processing.py:134 -         Get Assets from STAC Items
2025-08-29 07:53:18,506 - INFO - timeseries_processing.py:47 -         Initialize the STAC client
2025-08-29 07:53:19,128 - INFO - timeseries_processing.py:137 -         Loading 16 STAC Items....
2025-08-29 07:54:19,122 - INFO - timeseries_processing.py:146 -         Cube has been downloaded
2025-08-29 07:54:19,122 - INFO - timeseries_processing.py:156 -         Fix order of dimensions
2025-08-29 07:54:19,123 - INFO - timeseries_processing.py:161 -         Append bands to the band-list of EPSG:32634
2025-08-29 07:54:19,126 - INFO - timeseries_processing.py:129 -                        
2025-08-29 07:54:19,126 - INFO - timeseries_processing.py:130 -     Loading parameters:
2025-08-29 07:54:19,126 - INFO - timeseries_processing.py:131 -         Bands: ['B02', 'B03', 'B04']
2025-08-29 07:54:19,126 - INFO - timeseries_processing.py:132 -         Spatial resolution: 10
2025-08-29 07:54:19,126 - INFO - timeseries_processing.py:134 -         Get Assets from STAC Items
2025-08-29 07:54:19,126 - INFO - timeseries_processing.py:47 -         Initialize the STAC client
2025-08-29 07:54:19,722 - INFO - timeseries_processing.py:137 -         Loading 16 STAC Items....
2025-08-29 07:56:33,767 - INFO - timeseries_processing.py:146 -         Cube has been downloaded
2025-08-29 07:56:33,767 - INFO - timeseries_processing.py:149 -         Reproject to downsample 10m bands to 20m by Resampling.average 2x2 binning and shape matching with odc.geo.GeoBox
2025-08-29 07:56:50,267 - INFO - timeseries_processing.py:161 -         Append bands to the band-list of EPSG:32634
2025-08-29 07:56:50,267 - INFO - timeseries_processing.py:165 -                        
2025-08-29 07:56:50,267 - INFO - timeseries_processing.py:166 -     Merging bands in a single dataset
2025-08-29 07:56:50,268 - INFO - timeseries_processing.py:167 -     Ensure all partial datasets are at (x=20, y=-20) resolution
2025-08-29 07:56:50,268 - INFO - timeseries_processing.py:171 -     Clip to the intersection of indexes
2025-08-29 07:56:51,482 - INFO - timeseries_processing.py:180 -     Make a list of bands to merge
2025-08-29 07:56:51,483 - INFO - timeseries_processing.py:184 -     Merge on intersection
2025-08-29 07:56:51,484 - INFO - timeseries_processing.py:192 -     Apply masks on clouds, shadows, thin cirrus, and snow/ice
2025-08-29 07:56:51,484 - INFO - sentinel2.py:122 -                Masking bits: [3, 7, 8, 9, 10, 11]
2025-08-29 07:56:52,861 - INFO - composites.py:307 - Reproject from UTM Zone to Tile geometry -> CRS(EPSG:32634), Resampling.bilinear
2025-08-29 07:57:00,367 - INFO - composites.py:310 -     New shape of datasets: Shape2d(x=2400, y=2400)
2025-08-29 07:57:01,296 - INFO - composites.py:342 - Creating preview plot of input scenes
2025-08-29 07:57:36,724 - INFO - timeseries_processing.py:349 - Saved preview for 'B04' to //nas-rs.topo.auth.gr/Latomeia/DROUGHT/composites/x10/y09/2021/09/01/S2L2A_medcomp_x10y09_202109_InDataPreview.jpeg
2025-08-29 07:57:36,741 - INFO - composites.py:348 - Clip value range
2025-08-29 07:57:38,944 - INFO - composites.py:353 -                           
2025-08-29 07:57:38,944 - INFO - composites.py:354 - Computing spectral indices:
2025-08-29 07:57:38,944 - INFO - composites.py:357 -     EVI...
2025-08-29 07:57:40,334 - INFO - composites.py:359 -     NDVI...
2025-08-29 07:57:40,812 - INFO - composites.py:361 -     PSRI2...
2025-08-29 07:57:41,121 - INFO - composites.py:364 - Clip to typical value range
2025-08-29 07:57:41,572 - INFO - composites.py:371 - Reducing to median value temporal composite
2025-08-29 07:58:09,485 - INFO - composites.py:390 - Scale and Define data types & nodata per band
2025-08-29 07:58:09,643 - INFO - composites.py:411 - Assign time range and tile ID in metadata
2025-08-29 07:58:09,643 - INFO - composites.py:419 - Write bands to raster COG files
2025-08-29 07:58:13,643 - INFO - composites.py:432 - Write B02 -> //nas-rs.topo.auth.gr/Latomeia/DROUGHT/composites/x10/y09/2021/09/01/S2L2A_medcomp_x10y09_202109_B02.tif
2025-08-29 07:58:17,939 - INFO - composites.py:432 - Write B03 -> //nas-rs.topo.auth.gr/Latomeia/DROUGHT/composites/x10/y09/2021/09/01/S2L2A_medcomp_x10y09_202109_B03.tif
2025-08-29 07:58:21,887 - INFO - composites.py:432 - Write B04 -> //nas-rs.topo.auth.gr/Latomeia/DROUGHT/composites/x10/y09/2021/09/01/S2L2A_medcomp_x10y09_202109_B04.tif
2025-08-29 07:58:25,881 - INFO - composites.py:432 - Write B05 -> //nas-rs.topo.auth.gr/Latomeia/DROUGHT/composites/x10/y09/2021/09/01/S2L2A_medcomp_x10y09_202109_B05.tif
2025-08-29 07:58:29,767 - INFO - composites.py:432 - Write B07 -> //nas-rs.topo.auth.gr/Latomeia/DROUGHT/composites/x10/y09/2021/09/01/S2L2A_medcomp_x10y09_202109_B07.tif
2025-08-29 07:58:33,643 - INFO - composites.py:432 - Write B8A -> //nas-rs.topo.auth.gr/Latomeia/DROUGHT/composites/x10/y09/2021/09/01/S2L2A_medcomp_x10y09_202109_B8A.tif
2025-08-29 07:58:37,530 - INFO - composites.py:432 - Write EVI -> //nas-rs.topo.auth.gr/Latomeia/DROUGHT/composites/x10/y09/2021/09/01/S2L2A_medcomp_x10y09_202109_EVI.tif
2025-08-29 07:58:41,409 - INFO - composites.py:432 - Write NDVI -> //nas-rs.topo.auth.gr/Latomeia/DROUGHT/composites/x10/y09/2021/09/01/S2L2A_medcomp_x10y09_202109_NDVI.tif
2025-08-29 07:58:45,359 - INFO - composites.py:432 - Write PSRI2 -> //nas-rs.topo.auth.gr/Latomeia/DROUGHT/composites/x10/y09/2021/09/01/S2L2A_medcomp_x10y09_202109_PSRI2.tif
2025-08-29 07:58:45,359 - INFO - composites.py:436 - Prepare metadata YAML document
2025-08-29 07:58:45,889 - INFO - composites.py:458 - Write metadata YAML document to disk
2025-08-29 07:58:45,943 - INFO - composites.py:463 - Create datacube.model.Dataset from eo3 metadata
2025-08-29 07:58:45,954 - INFO - composites.py:476 - Index to datacube
2025-08-29 07:58:45,954 - INFO - _datasets.py:191 - Indexing b2ee7d6c-be7f-48b5-be48-9173138ba14a
2025-08-29 07:58:45,962 - INFO - composites.py:479 - 
2025-08-29 07:58:45,962 - INFO - composites.py:480 -              ✔✔✔ COMPLETED: Tile x10_y09 | Time: 2021-09 | In 7.25 minutes
2025-08-29 07:58:45,962 - INFO - composites.py:481 - 
2025-08-29 07:58:45,962 - INFO - composites.py:489 - Closing Dask client
2025-08-29 07:58:45,964 - INFO - composites.py:493 - Closing Dask cluster
2025-08-29 07:58:45,964 - INFO - composites.py:494 - #######################################################################
