2025-08-17 19:08:48,310 - INFO - composites.py:104 - #######################################################################
2025-08-17 19:08:48,310 - INFO - composites.py:106 - Processing started
2025-08-17 19:08:48,310 - INFO - composites.py:107 -         Tile: x08_y11
2025-08-17 19:08:48,310 - INFO - composites.py:108 -         Time: 2020-03
2025-08-17 19:08:48,310 - INFO - composites.py:111 -                           
2025-08-17 19:08:48,310 - INFO - composites.py:112 - Establishing connection to datacube
2025-08-17 19:08:49,045 - INFO - composites.py:115 -                           
2025-08-17 19:08:49,046 - INFO - composites.py:116 - Sanity test: Check if dataset already exists in the datacube
2025-08-17 19:08:49,063 - INFO - composites.py:134 - The composite requested will be computed
2025-08-17 19:08:49,063 - INFO - composites.py:137 -                                  
2025-08-17 19:08:49,063 - INFO - composites.py:138 - Initializing Dask cluster for parallelization
2025-08-17 19:08:55,349 - INFO - composites.py:170 - Dask dashboard is available at: http://127.0.0.1:8787/status
2025-08-17 19:08:55,349 - INFO - composites.py:173 - Create directories and naming conversions
2025-08-17 19:08:55,354 - INFO - composites.py:184 - Dataset location: //nas-rs.topo.auth.gr/Latomeia/DROUGHT/COMPOS/2020/03/x08_y11
2025-08-17 19:08:55,354 - INFO - composites.py:187 -                           
2025-08-17 19:08:55,354 - INFO - composites.py:188 - Retrieve tile geometry
2025-08-17 19:08:55,400 - INFO - composites.py:199 - Create the Bounding Box (φ,λ)
2025-08-17 19:08:55,400 - INFO - composites.py:205 - Create the Bounding Box (x,y)
2025-08-17 19:08:55,400 - INFO - composites.py:218 -                           
2025-08-17 19:08:55,400 - INFO - composites.py:219 - Connect to Planetary Computer STAC Catalog
2025-08-17 19:08:55,608 - INFO - composites.py:227 - Search the STAC Catalog
2025-08-17 19:08:55,677 - INFO - composites.py:239 -         Query parameters:
2025-08-17 19:08:55,677 - INFO - composites.py:240 -             url:          https://planetarycomputer.microsoft.com/api/stac/v1/search
2025-08-17 19:08:55,677 - INFO - composites.py:241 -             client:       microsoft-pc
2025-08-17 19:08:55,677 - INFO - composites.py:242 -             collection:   sentinel-2-l2a
2025-08-17 19:08:55,678 - INFO - composites.py:243 -             bbox:         (21.470520298300848, 38.29139393054603, 22.13941953033095, 38.83791967762717)
2025-08-17 19:08:55,678 - INFO - composites.py:244 -             time range:   2020-03-01T00:00:00Z/2020-03-31T23:59:59Z
2025-08-17 19:08:55,678 - INFO - composites.py:245 -             cloud cover:  0% - 70%
2025-08-17 19:08:55,678 - INFO - composites.py:246 -             nodata cover: 0% - 33%
2025-08-17 19:08:55,678 - INFO - composites.py:248 -                           
2025-08-17 19:08:55,678 - INFO - composites.py:249 - Searching...
2025-08-17 19:08:56,103 - INFO - composites.py:252 - Query found 7 items
2025-08-17 19:08:56,104 - INFO - composites.py:254 - Searching for GRI REFINED scenes:
2025-08-17 19:09:00,799 - INFO - sentinel2.py:63 - 1/7 - S2B_MSIL2A_20200329T092029_R093_T34SEJ_20201020T204301 -> Not Found
2025-08-17 19:09:05,899 - INFO - sentinel2.py:63 - 2/7 - S2B_MSIL2A_20200329T092029_R093_T34SEH_20201020T204238 -> Not Found
2025-08-17 19:09:11,125 - INFO - sentinel2.py:63 - 3/7 - S2A_MSIL2A_20200324T092031_R093_T34SEJ_20201018T204835 -> Not Found
2025-08-17 19:09:15,652 - INFO - sentinel2.py:63 - 4/7 - S2A_MSIL2A_20200324T092031_R093_T34SEH_20201018T204819 -> Not Found
2025-08-17 19:09:21,493 - INFO - sentinel2.py:63 - 5/7 - S2B_MSIL2A_20200319T092029_R093_T34SEJ_20201012T164420 -> Not Found
2025-08-17 19:09:26,062 - INFO - sentinel2.py:63 - 6/7 - S2B_MSIL2A_20200319T092029_R093_T34SEH_20201012T164421 -> Not Found
2025-08-17 19:09:31,367 - INFO - sentinel2.py:63 - 7/7 - S2A_MSIL2A_20200314T092031_R093_T34SEH_20201009T235407 -> Not Found
2025-08-17 19:09:31,419 - INFO - composites.py:257 -                                  
2025-08-17 19:09:31,419 - INFO - composites.py:258 - 0/7 were refined by GRI.
2025-08-17 19:09:31,420 - WARNING - composites.py:262 - Tile x08_y11 | Time: 2020-03: All scenes are flagged NOT REFINED.
2025-08-17 19:09:31,420 - WARNING - composites.py:263 - Tile x08_y11 | Time: 2020-03: The composite will be flagged with _NOREFINED.
2025-08-17 19:09:31,420 - INFO - composites.py:270 - Looking for up to 10 cleanest images within spatiotemporal range of each MGRS tile
2025-08-17 19:09:31,420 - INFO - composites.py:284 - Filtered cleanest scenes: Kept 7 out of 7 items. 
2025-08-17 19:09:31,420 - INFO - composites.py:285 -         Included MGRS Tiles: ['34SEH' '34SEJ']
2025-08-17 19:09:31,420 - INFO - composites.py:286 -         Included EPSG codes: [32634]
2025-08-17 19:09:31,420 - INFO - composites.py:288 - Selected scenes:
2025-08-17 19:09:31,420 - INFO - composites.py:290 -         S2B_MSIL2A_20200319T092029_R093_T34SEH_20201012T164421
2025-08-17 19:09:31,420 - INFO - composites.py:290 -         S2A_MSIL2A_20200324T092031_R093_T34SEH_20201018T204819
2025-08-17 19:09:31,420 - INFO - composites.py:290 -         S2A_MSIL2A_20200314T092031_R093_T34SEH_20201009T235407
2025-08-17 19:09:31,420 - INFO - composites.py:290 -         S2B_MSIL2A_20200329T092029_R093_T34SEH_20201020T204238
2025-08-17 19:09:31,421 - INFO - composites.py:290 -         S2B_MSIL2A_20200319T092029_R093_T34SEJ_20201012T164420
2025-08-17 19:09:31,421 - INFO - composites.py:290 -         S2A_MSIL2A_20200324T092031_R093_T34SEJ_20201018T204835
2025-08-17 19:09:31,421 - INFO - composites.py:290 -         S2B_MSIL2A_20200329T092029_R093_T34SEJ_20201020T204301
2025-08-17 19:09:31,999 - INFO - sentinel2.py:139 - Matplotlib backend: Agg
2025-08-17 19:09:32,216 - INFO - sentinel2.py:209 - Write input scenes footprint overlay: //nas-rs.topo.auth.gr/Latomeia/DROUGHT/COMPOS/2020/03/x08_y11/S2L2A_medcomp_x08_y11_202003_InDataFootprint.jpeg
2025-08-17 19:09:32,447 - INFO - composites.py:304 -                                  
2025-08-17 19:09:32,447 - INFO - composites.py:305 - Downstream STAC items from Planetary Computer
2025-08-17 19:09:32,447 - INFO - timeseries_processing.py:99 -                                  
2025-08-17 19:09:32,447 - INFO - timeseries_processing.py:100 - Loading bands of diferent resolutions in EPSG:32634
2025-08-17 19:09:32,448 - INFO - timeseries_processing.py:104 -     Filtering items with native UTM EPSG:32634
2025-08-17 19:09:32,448 - INFO - timeseries_processing.py:106 -     7 Items in EPSG:32634
2025-08-17 19:09:32,448 - INFO - timeseries_processing.py:113 -                        
2025-08-17 19:09:32,448 - INFO - timeseries_processing.py:114 -     Loading parameters:
2025-08-17 19:09:32,448 - INFO - timeseries_processing.py:115 -         Bands: ['B05', 'B07', 'B8A', 'SCL']
2025-08-17 19:09:32,448 - INFO - timeseries_processing.py:116 -         Spatial resolution: 20
2025-08-17 19:09:32,448 - INFO - timeseries_processing.py:118 -         Get Assets from STAC Items
2025-08-17 19:09:32,448 - INFO - timeseries_processing.py:31 -         Initialize the STAC client
2025-08-17 19:09:33,051 - INFO - timeseries_processing.py:121 -         Loading 7 STAC Items....
2025-08-17 19:09:48,379 - INFO - timeseries_processing.py:143 -         Cube has been downloaded
2025-08-17 19:09:48,379 - INFO - timeseries_processing.py:152 -         Fix order of dimensions
2025-08-17 19:09:48,379 - INFO - timeseries_processing.py:157 -         Append bands to the band-list of EPSG:32634
2025-08-17 19:09:48,379 - INFO - timeseries_processing.py:113 -                        
2025-08-17 19:09:48,381 - INFO - timeseries_processing.py:114 -     Loading parameters:
2025-08-17 19:09:48,381 - INFO - timeseries_processing.py:115 -         Bands: ['B02', 'B03', 'B04']
2025-08-17 19:09:48,381 - INFO - timeseries_processing.py:116 -         Spatial resolution: 10
2025-08-17 19:09:48,381 - INFO - timeseries_processing.py:118 -         Get Assets from STAC Items
2025-08-17 19:09:48,381 - INFO - timeseries_processing.py:31 -         Initialize the STAC client
2025-08-17 19:09:48,850 - INFO - timeseries_processing.py:121 -         Loading 7 STAC Items....
2025-08-17 19:10:34,805 - INFO - timeseries_processing.py:143 -         Cube has been downloaded
2025-08-17 19:10:34,805 - INFO - timeseries_processing.py:146 -         Downsample 10m bands to 20m by average 2x2 binning
2025-08-17 19:10:40,398 - INFO - timeseries_processing.py:149 -         Warp (reproject) 2x2 binned bands like native 20m bands: method=bilinear
2025-08-17 19:10:45,610 - INFO - timeseries_processing.py:157 -         Append bands to the band-list of EPSG:32634
2025-08-17 19:10:45,610 - INFO - timeseries_processing.py:161 -                        
2025-08-17 19:10:45,610 - INFO - timeseries_processing.py:162 -     Merging bands in a single dataset
2025-08-17 19:10:45,610 - INFO - timeseries_processing.py:163 -     Ensure all partial datasets are at (x=20, y=-20) resolution
2025-08-17 19:10:45,611 - INFO - timeseries_processing.py:167 -     Clip to the intersection of indexes
2025-08-17 19:10:46,994 - INFO - timeseries_processing.py:176 -     Make a list of bands to merge
2025-08-17 19:10:46,996 - INFO - timeseries_processing.py:180 -     Merge on intersection
2025-08-17 19:10:46,997 - INFO - timeseries_processing.py:188 -     Apply masks on clouds, shadows, thin cirrus, and snow/ice
2025-08-17 19:10:46,997 - INFO - sentinel2.py:107 -                Masking bits: [3, 7, 8, 9, 10, 11]
2025-08-17 19:10:47,552 - INFO - timeseries_processing.py:194 -     Reproject to Tiling Schema projection EPSG:3035
2025-08-17 19:10:53,196 - INFO - composites.py:314 - Clip and align to tile geometry
2025-08-17 19:10:55,211 - INFO - composites.py:347 - Creating preview plot of input scenes
2025-08-17 19:11:20,985 - INFO - timeseries_processing.py:352 - Saved preview for 'B04' to //nas-rs.topo.auth.gr/Latomeia/DROUGHT/COMPOS/2020/03/x08_y11/S2L2A_medcomp_x08_y11_202003_InDataPreview.jpeg
2025-08-17 19:11:20,989 - INFO - composites.py:353 - Clip value range
2025-08-17 19:11:21,900 - INFO - composites.py:358 -                           
2025-08-17 19:11:21,900 - INFO - composites.py:359 - Computing spectral indices:
2025-08-17 19:11:21,901 - INFO - composites.py:362 -     EVI...
2025-08-17 19:11:22,408 - INFO - composites.py:364 -     NDVI...
2025-08-17 19:11:22,527 - INFO - composites.py:366 -     PSRI2...
2025-08-17 19:11:22,769 - INFO - composites.py:369 - Clip to typical value range
2025-08-17 19:11:22,964 - INFO - composites.py:376 - Reducing to median value temporal composite
2025-08-17 19:11:47,439 - INFO - composites.py:395 - Define data types and nodata per band
2025-08-17 19:11:47,633 - INFO - composites.py:416 - Assign time range and tile ID in metadata
2025-08-17 19:11:47,633 - INFO - composites.py:424 - Write bands to raster COG files
2025-08-17 19:11:52,341 - INFO - composites.py:437 - Write B02 -> //nas-rs.topo.auth.gr/Latomeia/DROUGHT/COMPOS/2020/03/x08_y11/S2L2A_medcomp_x08_y11_202003_B02.tif
2025-08-17 19:11:56,884 - INFO - composites.py:437 - Write B03 -> //nas-rs.topo.auth.gr/Latomeia/DROUGHT/COMPOS/2020/03/x08_y11/S2L2A_medcomp_x08_y11_202003_B03.tif
2025-08-17 19:12:01,567 - INFO - composites.py:437 - Write B04 -> //nas-rs.topo.auth.gr/Latomeia/DROUGHT/COMPOS/2020/03/x08_y11/S2L2A_medcomp_x08_y11_202003_B04.tif
2025-08-17 19:12:06,254 - INFO - composites.py:437 - Write B05 -> //nas-rs.topo.auth.gr/Latomeia/DROUGHT/COMPOS/2020/03/x08_y11/S2L2A_medcomp_x08_y11_202003_B05.tif
2025-08-17 19:12:10,990 - INFO - composites.py:437 - Write B07 -> //nas-rs.topo.auth.gr/Latomeia/DROUGHT/COMPOS/2020/03/x08_y11/S2L2A_medcomp_x08_y11_202003_B07.tif
2025-08-17 19:12:15,674 - INFO - composites.py:437 - Write B8A -> //nas-rs.topo.auth.gr/Latomeia/DROUGHT/COMPOS/2020/03/x08_y11/S2L2A_medcomp_x08_y11_202003_B8A.tif
2025-08-17 19:12:20,232 - INFO - composites.py:437 - Write EVI -> //nas-rs.topo.auth.gr/Latomeia/DROUGHT/COMPOS/2020/03/x08_y11/S2L2A_medcomp_x08_y11_202003_evi.tif
2025-08-17 19:12:24,816 - INFO - composites.py:437 - Write NDVI -> //nas-rs.topo.auth.gr/Latomeia/DROUGHT/COMPOS/2020/03/x08_y11/S2L2A_medcomp_x08_y11_202003_ndvi.tif
2025-08-17 19:12:29,453 - INFO - composites.py:437 - Write PSRI2 -> //nas-rs.topo.auth.gr/Latomeia/DROUGHT/COMPOS/2020/03/x08_y11/S2L2A_medcomp_x08_y11_202003_psri2.tif
2025-08-17 19:12:29,454 - INFO - composites.py:441 - Prepare metadata YAML document
2025-08-17 19:12:30,232 - INFO - composites.py:462 - Write metadata YAML document to disk
2025-08-17 19:12:30,283 - INFO - composites.py:467 - Create datacube.model.Dataset from eo3 metadata
2025-08-17 19:12:30,294 - INFO - composites.py:477 - Index to datacube
2025-08-17 19:12:30,294 - INFO - _datasets.py:191 - Indexing ce992ebc-dc60-408e-9df9-c1db825d80b3
2025-08-17 19:12:30,302 - INFO - composites.py:480 - 
2025-08-17 19:12:30,302 - INFO - composites.py:481 -              ✔✔✔ COMPLETED: Tile x08_y11 | Time: 2020-03 | In 3.7 minutes
2025-08-17 19:12:30,302 - INFO - composites.py:482 - 
2025-08-17 19:12:30,302 - INFO - composites.py:490 - Closing Dask client
2025-08-17 19:12:30,305 - INFO - composites.py:494 - Closing Dask cluster
