2025-08-29 00:19:40,365 - INFO - composites.py:102 - #######################################################################
2025-08-29 00:19:40,365 - INFO - composites.py:104 - Processing started
2025-08-29 00:19:40,365 - INFO - composites.py:105 -         Tile: x09_y10
2025-08-29 00:19:40,365 - INFO - composites.py:106 -         Time: 2021-07
2025-08-29 00:19:40,365 - INFO - composites.py:109 -                           
2025-08-29 00:19:40,365 - INFO - composites.py:110 - Establishing connection to datacube
2025-08-29 00:19:40,877 - INFO - composites.py:113 -                           
2025-08-29 00:19:40,878 - INFO - composites.py:114 - Sanity test: Check if dataset already exists in the datacube
2025-08-29 00:19:40,896 - INFO - composites.py:133 - The composite requested was not found and it will be computed
2025-08-29 00:19:40,896 - INFO - composites.py:136 -                                  
2025-08-29 00:19:40,896 - INFO - composites.py:137 - Initializing Dask cluster for parallelization
2025-08-29 00:19:46,161 - INFO - composites.py:161 - Dask dashboard is available at: http://127.0.0.1:8787/status
2025-08-29 00:19:46,161 - INFO - composites.py:164 - Create directories and naming conversions
2025-08-29 00:19:46,172 - INFO - composites.py:177 - Dataset location: //nas-rs.topo.auth.gr/Latomeia/DROUGHT/composites/x09/y10/2021/07/01
2025-08-29 00:19:46,172 - INFO - composites.py:180 -                           
2025-08-29 00:19:46,172 - INFO - composites.py:181 - Retrieve tile geometry
2025-08-29 00:19:46,200 - INFO - composites.py:192 - Create the Bounding Box (φ,λ)
2025-08-29 00:19:46,200 - INFO - composites.py:198 - Create the Bounding Box (x,y)
2025-08-29 00:19:46,200 - INFO - composites.py:211 -                           
2025-08-29 00:19:46,200 - INFO - composites.py:212 - Connect to Planetary Computer STAC Catalog
2025-08-29 00:19:46,413 - INFO - composites.py:220 - Search the STAC Catalog
2025-08-29 00:19:46,484 - INFO - composites.py:232 -         Query parameters:
2025-08-29 00:19:46,484 - INFO - composites.py:233 -             url:          https://planetarycomputer.microsoft.com/api/stac/v1/search
2025-08-29 00:19:46,484 - INFO - composites.py:234 -             client:       microsoft-pc
2025-08-29 00:19:46,484 - INFO - composites.py:235 -             collection:   sentinel-2-l2a
2025-08-29 00:19:46,484 - INFO - composites.py:236 -             bbox:         (21.934886085480986, 37.792474572166405, 22.60144615074973, 38.34135632905737)
2025-08-29 00:19:46,485 - INFO - composites.py:237 -             time range:   2021-07-01T00:00:00Z/2021-07-31T23:59:59Z
2025-08-29 00:19:46,485 - INFO - composites.py:238 -             cloud cover:  0% - 70%
2025-08-29 00:19:46,485 - INFO - composites.py:239 -             nodata cover: 0% - 33%
2025-08-29 00:19:46,485 - INFO - composites.py:241 -                           
2025-08-29 00:19:46,485 - INFO - composites.py:242 - Searching...
2025-08-29 00:19:47,002 - INFO - composites.py:245 - Query found 30 items
2025-08-29 00:19:47,002 - INFO - composites.py:247 - Searching for GRI REFINED scenes:
2025-08-29 00:19:52,073 - INFO - sentinel2.py:78 - 1/30 - S2B_MSIL2A_20210729T090559_R050_T34SFG_20210802T044220 -> REFINED
2025-08-29 00:19:58,340 - INFO - sentinel2.py:78 - 2/30 - S2A_MSIL2A_20210727T092031_R093_T34SFH_20210727T204310 -> REFINED
2025-08-29 00:20:04,362 - INFO - sentinel2.py:78 - 3/30 - S2A_MSIL2A_20210727T092031_R093_T34SFG_20210727T195913 -> REFINED
2025-08-29 00:20:10,651 - INFO - sentinel2.py:78 - 4/30 - S2A_MSIL2A_20210727T092031_R093_T34SEH_20210727T211009 -> REFINED
2025-08-29 00:20:17,391 - INFO - sentinel2.py:78 - 5/30 - S2A_MSIL2A_20210727T092031_R093_T34SEG_20210727T193434 -> REFINED
2025-08-29 00:20:23,013 - INFO - sentinel2.py:78 - 6/30 - S2A_MSIL2A_20210724T090601_R050_T34SFG_20210724T195113 -> REFINED
2025-08-29 00:20:28,993 - INFO - sentinel2.py:78 - 7/30 - S2B_MSIL2A_20210722T092029_R093_T34SFH_20210722T205904 -> REFINED
2025-08-29 00:20:34,217 - INFO - sentinel2.py:78 - 8/30 - S2B_MSIL2A_20210722T092029_R093_T34SFG_20210722T200538 -> REFINED
2025-08-29 00:20:40,693 - INFO - sentinel2.py:78 - 9/30 - S2B_MSIL2A_20210722T092029_R093_T34SEH_20210722T191950 -> REFINED
2025-08-29 00:20:46,851 - INFO - sentinel2.py:78 - 10/30 - S2B_MSIL2A_20210722T092029_R093_T34SEG_20210722T195429 -> REFINED
2025-08-29 00:20:52,488 - INFO - sentinel2.py:78 - 11/30 - S2B_MSIL2A_20210719T090559_R050_T34SFG_20210719T183441 -> REFINED
2025-08-29 00:20:59,199 - INFO - sentinel2.py:78 - 12/30 - S2A_MSIL2A_20210717T092031_R093_T34SFH_20210717T211415 -> REFINED
2025-08-29 00:21:04,893 - INFO - sentinel2.py:78 - 13/30 - S2A_MSIL2A_20210717T092031_R093_T34SFG_20210717T220738 -> REFINED
2025-08-29 00:21:10,457 - INFO - sentinel2.py:78 - 14/30 - S2A_MSIL2A_20210717T092031_R093_T34SEH_20210717T224240 -> REFINED
2025-08-29 00:21:16,490 - INFO - sentinel2.py:78 - 15/30 - S2A_MSIL2A_20210717T092031_R093_T34SEG_20210717T223633 -> REFINED
2025-08-29 00:21:21,745 - INFO - sentinel2.py:78 - 16/30 - S2A_MSIL2A_20210714T090601_R050_T34SFG_20210714T223955 -> REFINED
2025-08-29 00:21:27,291 - INFO - sentinel2.py:78 - 17/30 - S2B_MSIL2A_20210712T092029_R093_T34SFH_20210712T192320 -> REFINED
2025-08-29 00:21:32,821 - INFO - sentinel2.py:78 - 18/30 - S2B_MSIL2A_20210712T092029_R093_T34SFG_20210712T192945 -> REFINED
2025-08-29 00:21:38,407 - INFO - sentinel2.py:78 - 19/30 - S2B_MSIL2A_20210712T092029_R093_T34SEH_20210712T192255 -> REFINED
2025-08-29 00:21:43,927 - INFO - sentinel2.py:78 - 20/30 - S2B_MSIL2A_20210712T092029_R093_T34SEG_20210712T193002 -> REFINED
2025-08-29 00:21:49,609 - INFO - sentinel2.py:78 - 21/30 - S2B_MSIL2A_20210709T090559_R050_T34SFG_20210710T011445 -> REFINED
2025-08-29 00:21:55,236 - INFO - sentinel2.py:78 - 22/30 - S2A_MSIL2A_20210707T092031_R093_T34SFH_20210708T002439 -> REFINED
2025-08-29 00:22:00,311 - INFO - sentinel2.py:78 - 23/30 - S2A_MSIL2A_20210707T092031_R093_T34SFG_20210708T021009 -> REFINED
2025-08-29 00:22:05,776 - INFO - sentinel2.py:78 - 24/30 - S2A_MSIL2A_20210707T092031_R093_T34SEH_20210708T024146 -> REFINED
2025-08-29 00:22:11,849 - INFO - sentinel2.py:78 - 25/30 - S2A_MSIL2A_20210707T092031_R093_T34SEG_20210708T002329 -> REFINED
2025-08-29 00:22:17,921 - INFO - sentinel2.py:78 - 26/30 - S2A_MSIL2A_20210704T090601_R050_T34SFG_20210704T230605 -> REFINED
2025-08-29 00:22:24,025 - INFO - sentinel2.py:78 - 27/30 - S2B_MSIL2A_20210702T092029_R093_T34SFH_20210702T230708 -> REFINED
2025-08-29 00:22:29,821 - INFO - sentinel2.py:78 - 28/30 - S2B_MSIL2A_20210702T092029_R093_T34SFG_20210702T234801 -> REFINED
2025-08-29 00:22:35,905 - INFO - sentinel2.py:78 - 29/30 - S2B_MSIL2A_20210702T092029_R093_T34SEH_20210702T214249 -> REFINED
2025-08-29 00:22:41,024 - INFO - sentinel2.py:78 - 30/30 - S2B_MSIL2A_20210702T092029_R093_T34SEG_20210703T000023 -> REFINED
2025-08-29 00:22:41,076 - INFO - composites.py:250 -                                  
2025-08-29 00:22:41,076 - INFO - composites.py:251 - 30/30 were refined by GRI.
2025-08-29 00:22:41,076 - INFO - composites.py:263 - Looking for up to 10 cleanest images within spatiotemporal range of each MGRS tile
2025-08-29 00:22:41,076 - INFO - composites.py:277 - Filtered cleanest scenes: Kept 28 out of 30 items. 
2025-08-29 00:22:41,077 - INFO - composites.py:278 -         Included MGRS Tiles: ['34SEG' '34SEH' '34SFG' '34SFH']
2025-08-29 00:22:41,082 - INFO - composites.py:279 -         Included EPSG codes: [32634]
2025-08-29 00:22:41,083 - INFO - composites.py:281 - Selected scenes:
2025-08-29 00:22:41,083 - INFO - composites.py:283 -         S2A_MSIL2A_20210727T092031_R093_T34SEG_20210727T193434
2025-08-29 00:22:41,101 - INFO - composites.py:283 -         S2A_MSIL2A_20210717T092031_R093_T34SEG_20210717T223633
2025-08-29 00:22:41,114 - INFO - composites.py:283 -         S2B_MSIL2A_20210712T092029_R093_T34SEG_20210712T193002
2025-08-29 00:22:41,114 - INFO - composites.py:283 -         S2A_MSIL2A_20210707T092031_R093_T34SEG_20210708T002329
2025-08-29 00:22:41,114 - INFO - composites.py:283 -         S2B_MSIL2A_20210722T092029_R093_T34SEG_20210722T195429
2025-08-29 00:22:41,115 - INFO - composites.py:283 -         S2B_MSIL2A_20210702T092029_R093_T34SEG_20210703T000023
2025-08-29 00:22:41,115 - INFO - composites.py:283 -         S2A_MSIL2A_20210727T092031_R093_T34SEH_20210727T211009
2025-08-29 00:22:41,122 - INFO - composites.py:283 -         S2A_MSIL2A_20210717T092031_R093_T34SEH_20210717T224240
2025-08-29 00:22:41,123 - INFO - composites.py:283 -         S2B_MSIL2A_20210712T092029_R093_T34SEH_20210712T192255
2025-08-29 00:22:41,123 - INFO - composites.py:283 -         S2A_MSIL2A_20210707T092031_R093_T34SEH_20210708T024146
2025-08-29 00:22:41,123 - INFO - composites.py:283 -         S2B_MSIL2A_20210722T092029_R093_T34SEH_20210722T191950
2025-08-29 00:22:41,124 - INFO - composites.py:283 -         S2B_MSIL2A_20210702T092029_R093_T34SEH_20210702T214249
2025-08-29 00:22:41,124 - INFO - composites.py:283 -         S2B_MSIL2A_20210729T090559_R050_T34SFG_20210802T044220
2025-08-29 00:22:41,124 - INFO - composites.py:283 -         S2A_MSIL2A_20210727T092031_R093_T34SFG_20210727T195913
2025-08-29 00:22:41,124 - INFO - composites.py:283 -         S2A_MSIL2A_20210714T090601_R050_T34SFG_20210714T223955
2025-08-29 00:22:41,124 - INFO - composites.py:283 -         S2B_MSIL2A_20210709T090559_R050_T34SFG_20210710T011445
2025-08-29 00:22:41,124 - INFO - composites.py:283 -         S2A_MSIL2A_20210724T090601_R050_T34SFG_20210724T195113
2025-08-29 00:22:41,124 - INFO - composites.py:283 -         S2B_MSIL2A_20210719T090559_R050_T34SFG_20210719T183441
2025-08-29 00:22:41,124 - INFO - composites.py:283 -         S2A_MSIL2A_20210704T090601_R050_T34SFG_20210704T230605
2025-08-29 00:22:41,124 - INFO - composites.py:283 -         S2A_MSIL2A_20210717T092031_R093_T34SFG_20210717T220738
2025-08-29 00:22:41,124 - INFO - composites.py:283 -         S2B_MSIL2A_20210712T092029_R093_T34SFG_20210712T192945
2025-08-29 00:22:41,124 - INFO - composites.py:283 -         S2B_MSIL2A_20210702T092029_R093_T34SFG_20210702T234801
2025-08-29 00:22:41,124 - INFO - composites.py:283 -         S2A_MSIL2A_20210727T092031_R093_T34SFH_20210727T204310
2025-08-29 00:22:41,124 - INFO - composites.py:283 -         S2A_MSIL2A_20210717T092031_R093_T34SFH_20210717T211415
2025-08-29 00:22:41,124 - INFO - composites.py:283 -         S2B_MSIL2A_20210712T092029_R093_T34SFH_20210712T192320
2025-08-29 00:22:41,124 - INFO - composites.py:283 -         S2A_MSIL2A_20210707T092031_R093_T34SFH_20210708T002439
2025-08-29 00:22:41,124 - INFO - composites.py:283 -         S2B_MSIL2A_20210722T092029_R093_T34SFH_20210722T205904
2025-08-29 00:22:41,124 - INFO - composites.py:283 -         S2B_MSIL2A_20210702T092029_R093_T34SFH_20210702T230708
2025-08-29 00:22:41,700 - INFO - sentinel2.py:154 - Matplotlib backend: Agg
2025-08-29 00:22:41,994 - INFO - sentinel2.py:224 - Write input scenes footprint overlay: //nas-rs.topo.auth.gr/Latomeia/DROUGHT/composites/x09/y10/2021/07/01/S2L2A_medcomp_x09y10_202107_InDataFootprint.jpeg
2025-08-29 00:22:42,281 - INFO - composites.py:297 -                                  
2025-08-29 00:22:42,281 - INFO - composites.py:298 - Downstream STAC items from Planetary Computer
2025-08-29 00:22:42,281 - INFO - timeseries_processing.py:115 -                                  
2025-08-29 00:22:42,281 - INFO - timeseries_processing.py:116 - Loading bands of diferent resolutions in EPSG:32634
2025-08-29 00:22:42,281 - INFO - timeseries_processing.py:120 -     Filtering items with native UTM EPSG:32634
2025-08-29 00:22:42,281 - INFO - timeseries_processing.py:122 -     28 Items in EPSG:32634
2025-08-29 00:22:42,281 - INFO - timeseries_processing.py:129 -                        
2025-08-29 00:22:42,281 - INFO - timeseries_processing.py:130 -     Loading parameters:
2025-08-29 00:22:42,281 - INFO - timeseries_processing.py:131 -         Bands: ['B05', 'B07', 'B8A', 'SCL']
2025-08-29 00:22:42,281 - INFO - timeseries_processing.py:132 -         Spatial resolution: 20
2025-08-29 00:22:42,281 - INFO - timeseries_processing.py:134 -         Get Assets from STAC Items
2025-08-29 00:22:42,282 - INFO - timeseries_processing.py:47 -         Initialize the STAC client
2025-08-29 00:22:42,941 - INFO - timeseries_processing.py:137 -         Loading 28 STAC Items....
2025-08-29 00:24:00,917 - INFO - timeseries_processing.py:146 -         Cube has been downloaded
2025-08-29 00:24:00,918 - INFO - timeseries_processing.py:156 -         Fix order of dimensions
2025-08-29 00:24:00,919 - INFO - timeseries_processing.py:161 -         Append bands to the band-list of EPSG:32634
2025-08-29 00:24:00,919 - INFO - timeseries_processing.py:129 -                        
2025-08-29 00:24:00,919 - INFO - timeseries_processing.py:130 -     Loading parameters:
2025-08-29 00:24:00,919 - INFO - timeseries_processing.py:131 -         Bands: ['B02', 'B03', 'B04']
2025-08-29 00:24:00,924 - INFO - timeseries_processing.py:132 -         Spatial resolution: 10
2025-08-29 00:24:00,924 - INFO - timeseries_processing.py:134 -         Get Assets from STAC Items
2025-08-29 00:24:00,924 - INFO - timeseries_processing.py:47 -         Initialize the STAC client
2025-08-29 00:24:01,581 - INFO - timeseries_processing.py:137 -         Loading 28 STAC Items....
2025-08-29 00:26:49,238 - INFO - timeseries_processing.py:146 -         Cube has been downloaded
2025-08-29 00:26:49,238 - INFO - timeseries_processing.py:149 -         Reproject to downsample 10m bands to 20m by Resampling.average 2x2 binning and shape matching with odc.geo.GeoBox
2025-08-29 00:27:05,172 - INFO - timeseries_processing.py:161 -         Append bands to the band-list of EPSG:32634
2025-08-29 00:27:05,173 - INFO - timeseries_processing.py:165 -                        
2025-08-29 00:27:05,173 - INFO - timeseries_processing.py:166 -     Merging bands in a single dataset
2025-08-29 00:27:05,173 - INFO - timeseries_processing.py:167 -     Ensure all partial datasets are at (x=20, y=-20) resolution
2025-08-29 00:27:05,173 - INFO - timeseries_processing.py:171 -     Clip to the intersection of indexes
2025-08-29 00:27:06,506 - INFO - timeseries_processing.py:180 -     Make a list of bands to merge
2025-08-29 00:27:06,507 - INFO - timeseries_processing.py:184 -     Merge on intersection
2025-08-29 00:27:06,509 - INFO - timeseries_processing.py:192 -     Apply masks on clouds, shadows, thin cirrus, and snow/ice
2025-08-29 00:27:06,509 - INFO - sentinel2.py:122 -                Masking bits: [3, 7, 8, 9, 10, 11]
2025-08-29 00:27:07,949 - INFO - composites.py:307 - Reproject from UTM Zone to Tile geometry -> CRS(EPSG:32634), Resampling.bilinear
2025-08-29 00:27:15,984 - INFO - composites.py:310 -     New shape of datasets: Shape2d(x=2400, y=2400)
2025-08-29 00:27:16,625 - INFO - composites.py:342 - Creating preview plot of input scenes
2025-08-29 00:27:53,804 - INFO - timeseries_processing.py:349 - Saved preview for 'B04' to //nas-rs.topo.auth.gr/Latomeia/DROUGHT/composites/x09/y10/2021/07/01/S2L2A_medcomp_x09y10_202107_InDataPreview.jpeg
2025-08-29 00:27:53,811 - INFO - composites.py:348 - Clip value range
2025-08-29 00:27:56,131 - INFO - composites.py:353 -                           
2025-08-29 00:27:56,132 - INFO - composites.py:354 - Computing spectral indices:
2025-08-29 00:27:56,132 - INFO - composites.py:357 -     EVI...
2025-08-29 00:27:57,550 - INFO - composites.py:359 -     NDVI...
2025-08-29 00:27:58,058 - INFO - composites.py:361 -     PSRI2...
2025-08-29 00:27:58,421 - INFO - composites.py:364 - Clip to typical value range
2025-08-29 00:27:58,861 - INFO - composites.py:371 - Reducing to median value temporal composite
2025-08-29 00:28:29,350 - INFO - composites.py:390 - Scale and Define data types & nodata per band
2025-08-29 00:28:29,496 - INFO - composites.py:411 - Assign time range and tile ID in metadata
2025-08-29 00:28:29,496 - INFO - composites.py:419 - Write bands to raster COG files
2025-08-29 00:28:33,758 - INFO - composites.py:432 - Write B02 -> //nas-rs.topo.auth.gr/Latomeia/DROUGHT/composites/x09/y10/2021/07/01/S2L2A_medcomp_x09y10_202107_B02.tif
2025-08-29 00:28:37,915 - INFO - composites.py:432 - Write B03 -> //nas-rs.topo.auth.gr/Latomeia/DROUGHT/composites/x09/y10/2021/07/01/S2L2A_medcomp_x09y10_202107_B03.tif
2025-08-29 00:28:41,968 - INFO - composites.py:432 - Write B04 -> //nas-rs.topo.auth.gr/Latomeia/DROUGHT/composites/x09/y10/2021/07/01/S2L2A_medcomp_x09y10_202107_B04.tif
2025-08-29 00:28:46,021 - INFO - composites.py:432 - Write B05 -> //nas-rs.topo.auth.gr/Latomeia/DROUGHT/composites/x09/y10/2021/07/01/S2L2A_medcomp_x09y10_202107_B05.tif
2025-08-29 00:28:49,941 - INFO - composites.py:432 - Write B07 -> //nas-rs.topo.auth.gr/Latomeia/DROUGHT/composites/x09/y10/2021/07/01/S2L2A_medcomp_x09y10_202107_B07.tif
2025-08-29 00:28:53,946 - INFO - composites.py:432 - Write B8A -> //nas-rs.topo.auth.gr/Latomeia/DROUGHT/composites/x09/y10/2021/07/01/S2L2A_medcomp_x09y10_202107_B8A.tif
2025-08-29 00:28:57,809 - INFO - composites.py:432 - Write EVI -> //nas-rs.topo.auth.gr/Latomeia/DROUGHT/composites/x09/y10/2021/07/01/S2L2A_medcomp_x09y10_202107_EVI.tif
2025-08-29 00:29:01,825 - INFO - composites.py:432 - Write NDVI -> //nas-rs.topo.auth.gr/Latomeia/DROUGHT/composites/x09/y10/2021/07/01/S2L2A_medcomp_x09y10_202107_NDVI.tif
2025-08-29 00:29:05,750 - INFO - composites.py:432 - Write PSRI2 -> //nas-rs.topo.auth.gr/Latomeia/DROUGHT/composites/x09/y10/2021/07/01/S2L2A_medcomp_x09y10_202107_PSRI2.tif
2025-08-29 00:29:05,760 - INFO - composites.py:436 - Prepare metadata YAML document
2025-08-29 00:29:06,285 - INFO - composites.py:458 - Write metadata YAML document to disk
2025-08-29 00:29:06,310 - INFO - composites.py:463 - Create datacube.model.Dataset from eo3 metadata
2025-08-29 00:29:06,319 - INFO - composites.py:476 - Index to datacube
2025-08-29 00:29:06,320 - INFO - _datasets.py:191 - Indexing 56d34deb-8641-4ddb-9b11-d9b76afb738a
2025-08-29 00:29:06,329 - INFO - composites.py:479 - 
2025-08-29 00:29:06,329 - INFO - composites.py:480 -              ✔✔✔ COMPLETED: Tile x09_y10 | Time: 2021-07 | In 9.43 minutes
2025-08-29 00:29:06,329 - INFO - composites.py:481 - 
2025-08-29 00:29:06,329 - INFO - composites.py:489 - Closing Dask client
2025-08-29 00:29:06,331 - INFO - composites.py:493 - Closing Dask cluster
2025-08-29 00:29:06,331 - INFO - composites.py:494 - #######################################################################
