2025-08-22 05:28:50,638 - INFO - composites.py:101 - #######################################################################
2025-08-22 05:28:50,638 - INFO - composites.py:103 - Processing started
2025-08-22 05:28:50,639 - INFO - composites.py:104 -         Tile: x08_y11
2025-08-22 05:28:50,639 - INFO - composites.py:105 -         Time: 2020-06
2025-08-22 05:28:50,639 - INFO - composites.py:108 -                           
2025-08-22 05:28:50,639 - INFO - composites.py:109 - Establishing connection to datacube
2025-08-22 05:28:51,253 - INFO - composites.py:112 -                           
2025-08-22 05:28:51,253 - INFO - composites.py:113 - Sanity test: Check if dataset already exists in the datacube
2025-08-22 05:28:51,272 - INFO - composites.py:132 - The composite requested was not found and it will be computed
2025-08-22 05:28:51,272 - INFO - composites.py:135 -                                  
2025-08-22 05:28:51,272 - INFO - composites.py:136 - Initializing Dask cluster for parallelization
2025-08-22 05:28:56,208 - INFO - composites.py:160 - Dask dashboard is available at: http://127.0.0.1:8787/status
2025-08-22 05:28:56,208 - INFO - composites.py:163 - Create directories and naming conversions
2025-08-22 05:28:56,216 - INFO - composites.py:174 - Dataset location: //nas-rs.topo.auth.gr/Latomeia/DROUGHT/COMPOS/2020/06/x08_y11
2025-08-22 05:28:56,216 - INFO - composites.py:177 -                           
2025-08-22 05:28:56,216 - INFO - composites.py:178 - Retrieve tile geometry
2025-08-22 05:28:56,243 - INFO - composites.py:189 - Create the Bounding Box (φ,λ)
2025-08-22 05:28:56,243 - INFO - composites.py:195 - Create the Bounding Box (x,y)
2025-08-22 05:28:56,243 - INFO - composites.py:208 -                           
2025-08-22 05:28:56,243 - INFO - composites.py:209 - Connect to Planetary Computer STAC Catalog
2025-08-22 05:28:56,486 - INFO - composites.py:217 - Search the STAC Catalog
2025-08-22 05:28:56,556 - INFO - composites.py:229 -         Query parameters:
2025-08-22 05:28:56,556 - INFO - composites.py:230 -             url:          https://planetarycomputer.microsoft.com/api/stac/v1/search
2025-08-22 05:28:56,556 - INFO - composites.py:231 -             client:       microsoft-pc
2025-08-22 05:28:56,556 - INFO - composites.py:232 -             collection:   sentinel-2-l2a
2025-08-22 05:28:56,556 - INFO - composites.py:233 -             bbox:         (21.470456200843422, 38.29135632905737, 22.139354689000736, 38.83788179019963)
2025-08-22 05:28:56,556 - INFO - composites.py:234 -             time range:   2020-06-01T00:00:00Z/2020-06-30T23:59:59Z
2025-08-22 05:28:56,556 - INFO - composites.py:235 -             cloud cover:  0% - 70%
2025-08-22 05:28:56,556 - INFO - composites.py:236 -             nodata cover: 0% - 33%
2025-08-22 05:28:56,556 - INFO - composites.py:238 -                           
2025-08-22 05:28:56,556 - INFO - composites.py:239 - Searching...
2025-08-22 05:28:56,991 - INFO - composites.py:242 - Query found 12 items
2025-08-22 05:28:56,991 - INFO - composites.py:244 - Searching for GRI REFINED scenes:
2025-08-22 05:28:59,311 - INFO - sentinel2.py:78 - 1/12 - S2B_MSIL2A_20200627T092029_R093_T34SEJ_20200824T084052 -> Not Found
2025-08-22 05:29:01,109 - INFO - sentinel2.py:78 - 2/12 - S2B_MSIL2A_20200627T092029_R093_T34SEH_20200908T172923 -> Not Found
2025-08-22 05:29:03,143 - INFO - sentinel2.py:78 - 3/12 - S2A_MSIL2A_20200622T092031_R093_T34SEJ_20200823T155851 -> Not Found
2025-08-22 05:29:05,158 - INFO - sentinel2.py:78 - 4/12 - S2A_MSIL2A_20200622T092031_R093_T34SEH_20200823T155855 -> Not Found
2025-08-22 05:29:07,215 - INFO - sentinel2.py:78 - 5/12 - S2B_MSIL2A_20200617T092029_R093_T34SEJ_20200908T172926 -> Not Found
2025-08-22 05:29:09,385 - INFO - sentinel2.py:78 - 6/12 - S2B_MSIL2A_20200617T092029_R093_T34SEH_20200908T172928 -> Not Found
2025-08-22 05:29:11,339 - INFO - sentinel2.py:78 - 7/12 - S2A_MSIL2A_20200612T092041_R093_T34SEJ_20200827T020825 -> Not Found
2025-08-22 05:29:13,267 - INFO - sentinel2.py:78 - 8/12 - S2A_MSIL2A_20200612T092041_R093_T34SEH_20200827T020824 -> Not Found
2025-08-22 05:29:15,537 - INFO - sentinel2.py:78 - 9/12 - S2B_MSIL2A_20200607T092029_R093_T34SEJ_20200826T124945 -> Not Found
2025-08-22 05:29:17,408 - INFO - sentinel2.py:78 - 10/12 - S2B_MSIL2A_20200607T092029_R093_T34SEH_20200826T124948 -> Not Found
2025-08-22 05:29:19,542 - INFO - sentinel2.py:78 - 11/12 - S2A_MSIL2A_20200602T092041_R093_T34SEJ_20200825T202002 -> Not Found
2025-08-22 05:29:21,799 - INFO - sentinel2.py:78 - 12/12 - S2A_MSIL2A_20200602T092041_R093_T34SEH_20200825T201959 -> Not Found
2025-08-22 05:29:21,814 - INFO - composites.py:247 -                                  
2025-08-22 05:29:21,815 - INFO - composites.py:248 - 0/12 were refined by GRI.
2025-08-22 05:29:21,815 - WARNING - composites.py:252 - Tile x08_y11 | Time: 2020-06: All scenes are flagged NOT REFINED.
2025-08-22 05:29:21,815 - WARNING - composites.py:253 - Tile x08_y11 | Time: 2020-06: The composite will be flagged with _NOREFINED.
2025-08-22 05:29:21,815 - INFO - composites.py:260 - Looking for up to 10 cleanest images within spatiotemporal range of each MGRS tile
2025-08-22 05:29:21,816 - INFO - composites.py:274 - Filtered cleanest scenes: Kept 12 out of 12 items. 
2025-08-22 05:29:21,816 - INFO - composites.py:275 -         Included MGRS Tiles: ['34SEH' '34SEJ']
2025-08-22 05:29:21,822 - INFO - composites.py:276 -         Included EPSG codes: [32634]
2025-08-22 05:29:21,822 - INFO - composites.py:278 - Selected scenes:
2025-08-22 05:29:21,822 - INFO - composites.py:280 -         S2B_MSIL2A_20200627T092029_R093_T34SEH_20200908T172923
2025-08-22 05:29:21,823 - INFO - composites.py:280 -         S2A_MSIL2A_20200612T092041_R093_T34SEH_20200827T020824
2025-08-22 05:29:21,823 - INFO - composites.py:280 -         S2B_MSIL2A_20200607T092029_R093_T34SEH_20200826T124948
2025-08-22 05:29:21,823 - INFO - composites.py:280 -         S2A_MSIL2A_20200602T092041_R093_T34SEH_20200825T201959
2025-08-22 05:29:21,823 - INFO - composites.py:280 -         S2A_MSIL2A_20200622T092031_R093_T34SEH_20200823T155855
2025-08-22 05:29:21,823 - INFO - composites.py:280 -         S2B_MSIL2A_20200617T092029_R093_T34SEH_20200908T172928
2025-08-22 05:29:21,823 - INFO - composites.py:280 -         S2B_MSIL2A_20200607T092029_R093_T34SEJ_20200826T124945
2025-08-22 05:29:21,823 - INFO - composites.py:280 -         S2B_MSIL2A_20200627T092029_R093_T34SEJ_20200824T084052
2025-08-22 05:29:21,823 - INFO - composites.py:280 -         S2A_MSIL2A_20200612T092041_R093_T34SEJ_20200827T020825
2025-08-22 05:29:21,823 - INFO - composites.py:280 -         S2A_MSIL2A_20200602T092041_R093_T34SEJ_20200825T202002
2025-08-22 05:29:21,823 - INFO - composites.py:280 -         S2B_MSIL2A_20200617T092029_R093_T34SEJ_20200908T172926
2025-08-22 05:29:21,823 - INFO - composites.py:280 -         S2A_MSIL2A_20200622T092031_R093_T34SEJ_20200823T155851
2025-08-22 05:29:22,217 - INFO - sentinel2.py:154 - Matplotlib backend: Agg
2025-08-22 05:29:22,381 - INFO - sentinel2.py:224 - Write input scenes footprint overlay: //nas-rs.topo.auth.gr/Latomeia/DROUGHT/COMPOS/2020/06/x08_y11/S2L2A_medcomp_x08_y11_202006_InDataFootprint.jpeg
2025-08-22 05:29:22,592 - INFO - composites.py:294 -                                  
2025-08-22 05:29:22,593 - INFO - composites.py:295 - Downstream STAC items from Planetary Computer
2025-08-22 05:29:22,593 - INFO - timeseries_processing.py:115 -                                  
2025-08-22 05:29:22,593 - INFO - timeseries_processing.py:116 - Loading bands of diferent resolutions in EPSG:32634
2025-08-22 05:29:22,593 - INFO - timeseries_processing.py:120 -     Filtering items with native UTM EPSG:32634
2025-08-22 05:29:22,593 - INFO - timeseries_processing.py:122 -     12 Items in EPSG:32634
2025-08-22 05:29:22,593 - INFO - timeseries_processing.py:129 -                        
2025-08-22 05:29:22,593 - INFO - timeseries_processing.py:130 -     Loading parameters:
2025-08-22 05:29:22,593 - INFO - timeseries_processing.py:131 -         Bands: ['B05', 'B07', 'B8A', 'SCL']
2025-08-22 05:29:22,593 - INFO - timeseries_processing.py:132 -         Spatial resolution: 20
2025-08-22 05:29:22,593 - INFO - timeseries_processing.py:134 -         Get Assets from STAC Items
2025-08-22 05:29:22,593 - INFO - timeseries_processing.py:47 -         Initialize the STAC client
2025-08-22 05:29:23,237 - INFO - timeseries_processing.py:137 -         Loading 12 STAC Items....
2025-08-22 05:29:49,978 - INFO - timeseries_processing.py:146 -         Cube has been downloaded
2025-08-22 05:29:49,978 - INFO - timeseries_processing.py:156 -         Fix order of dimensions
2025-08-22 05:29:49,980 - INFO - timeseries_processing.py:161 -         Append bands to the band-list of EPSG:32634
2025-08-22 05:29:49,980 - INFO - timeseries_processing.py:129 -                        
2025-08-22 05:29:49,980 - INFO - timeseries_processing.py:130 -     Loading parameters:
2025-08-22 05:29:49,980 - INFO - timeseries_processing.py:131 -         Bands: ['B02', 'B03', 'B04']
2025-08-22 05:29:49,980 - INFO - timeseries_processing.py:132 -         Spatial resolution: 10
2025-08-22 05:29:49,980 - INFO - timeseries_processing.py:134 -         Get Assets from STAC Items
2025-08-22 05:29:49,980 - INFO - timeseries_processing.py:47 -         Initialize the STAC client
2025-08-22 05:29:50,500 - INFO - timeseries_processing.py:137 -         Loading 12 STAC Items....
2025-08-22 05:31:05,728 - INFO - timeseries_processing.py:146 -         Cube has been downloaded
2025-08-22 05:31:05,728 - INFO - timeseries_processing.py:149 -         Reproject to downsample 10m bands to 20m by Resampling.average 2x2 binning and shape matching with odc.geo.GeoBox
2025-08-22 05:31:14,661 - INFO - timeseries_processing.py:161 -         Append bands to the band-list of EPSG:32634
2025-08-22 05:31:14,662 - INFO - timeseries_processing.py:165 -                        
2025-08-22 05:31:14,663 - INFO - timeseries_processing.py:166 -     Merging bands in a single dataset
2025-08-22 05:31:14,663 - INFO - timeseries_processing.py:167 -     Ensure all partial datasets are at (x=20, y=-20) resolution
2025-08-22 05:31:14,663 - INFO - timeseries_processing.py:171 -     Clip to the intersection of indexes
2025-08-22 05:31:15,871 - INFO - timeseries_processing.py:180 -     Make a list of bands to merge
2025-08-22 05:31:15,872 - INFO - timeseries_processing.py:184 -     Merge on intersection
2025-08-22 05:31:15,875 - INFO - timeseries_processing.py:192 -     Apply masks on clouds, shadows, thin cirrus, and snow/ice
2025-08-22 05:31:15,875 - INFO - sentinel2.py:122 -                Masking bits: [3, 7, 8, 9, 10, 11]
2025-08-22 05:31:16,586 - INFO - composites.py:304 - Reproject from UTM Zone to Tile geometry -> CRS(EPSG:32634), Resampling.bilinear
2025-08-22 05:31:20,852 - INFO - composites.py:307 -     New shape of datasets: Shape2d(x=2400, y=2400)
2025-08-22 05:31:21,403 - INFO - composites.py:339 - Creating preview plot of input scenes
2025-08-22 05:31:45,714 - INFO - timeseries_processing.py:349 - Saved preview for 'B04' to //nas-rs.topo.auth.gr/Latomeia/DROUGHT/COMPOS/2020/06/x08_y11/S2L2A_medcomp_x08_y11_202006_InDataPreview.jpeg
2025-08-22 05:31:45,726 - INFO - composites.py:345 - Clip value range
2025-08-22 05:31:46,922 - INFO - composites.py:350 -                           
2025-08-22 05:31:46,922 - INFO - composites.py:351 - Computing spectral indices:
2025-08-22 05:31:46,922 - INFO - composites.py:354 -     EVI...
2025-08-22 05:31:47,693 - INFO - composites.py:356 -     NDVI...
2025-08-22 05:31:47,891 - INFO - composites.py:358 -     PSRI2...
2025-08-22 05:31:48,110 - INFO - composites.py:361 - Clip to typical value range
2025-08-22 05:31:48,362 - INFO - composites.py:368 - Reducing to median value temporal composite
2025-08-22 05:32:14,157 - INFO - composites.py:387 - Define data types and nodata per band
2025-08-22 05:32:14,286 - INFO - composites.py:408 - Assign time range and tile ID in metadata
2025-08-22 05:32:14,286 - INFO - composites.py:416 - Write bands to raster COG files
2025-08-22 05:32:18,244 - INFO - composites.py:429 - Write B02 -> //nas-rs.topo.auth.gr/Latomeia/DROUGHT/COMPOS/2020/06/x08_y11/S2L2A_medcomp_x08_y11_202006_B02.tif
2025-08-22 05:32:22,500 - INFO - composites.py:429 - Write B03 -> //nas-rs.topo.auth.gr/Latomeia/DROUGHT/COMPOS/2020/06/x08_y11/S2L2A_medcomp_x08_y11_202006_B03.tif
2025-08-22 05:32:26,293 - INFO - composites.py:429 - Write B04 -> //nas-rs.topo.auth.gr/Latomeia/DROUGHT/COMPOS/2020/06/x08_y11/S2L2A_medcomp_x08_y11_202006_B04.tif
2025-08-22 05:32:30,145 - INFO - composites.py:429 - Write B05 -> //nas-rs.topo.auth.gr/Latomeia/DROUGHT/COMPOS/2020/06/x08_y11/S2L2A_medcomp_x08_y11_202006_B05.tif
2025-08-22 05:32:34,009 - INFO - composites.py:429 - Write B07 -> //nas-rs.topo.auth.gr/Latomeia/DROUGHT/COMPOS/2020/06/x08_y11/S2L2A_medcomp_x08_y11_202006_B07.tif
2025-08-22 05:32:37,844 - INFO - composites.py:429 - Write B8A -> //nas-rs.topo.auth.gr/Latomeia/DROUGHT/COMPOS/2020/06/x08_y11/S2L2A_medcomp_x08_y11_202006_B8A.tif
2025-08-22 05:32:41,624 - INFO - composites.py:429 - Write EVI -> //nas-rs.topo.auth.gr/Latomeia/DROUGHT/COMPOS/2020/06/x08_y11/S2L2A_medcomp_x08_y11_202006_evi.tif
2025-08-22 05:32:45,345 - INFO - composites.py:429 - Write NDVI -> //nas-rs.topo.auth.gr/Latomeia/DROUGHT/COMPOS/2020/06/x08_y11/S2L2A_medcomp_x08_y11_202006_ndvi.tif
2025-08-22 05:32:49,147 - INFO - composites.py:429 - Write PSRI2 -> //nas-rs.topo.auth.gr/Latomeia/DROUGHT/COMPOS/2020/06/x08_y11/S2L2A_medcomp_x08_y11_202006_psri2.tif
2025-08-22 05:32:49,147 - INFO - composites.py:433 - Prepare metadata YAML document
2025-08-22 05:32:49,871 - INFO - composites.py:454 - Write metadata YAML document to disk
2025-08-22 05:32:49,904 - INFO - composites.py:459 - Create datacube.model.Dataset from eo3 metadata
2025-08-22 05:32:49,914 - INFO - composites.py:470 - Index to datacube
2025-08-22 05:32:49,914 - INFO - _datasets.py:191 - Indexing fa32127e-c821-4375-901c-ca765b391735
2025-08-22 05:32:49,924 - INFO - composites.py:473 - 
2025-08-22 05:32:49,924 - INFO - composites.py:474 -              ✔✔✔ COMPLETED: Tile x08_y11 | Time: 2020-06 | In 3.99 minutes
2025-08-22 05:32:49,924 - INFO - composites.py:475 - 
2025-08-22 05:32:49,924 - INFO - composites.py:483 - Closing Dask client
2025-08-22 05:32:49,925 - INFO - composites.py:487 - Closing Dask cluster
2025-08-22 05:32:49,925 - INFO - composites.py:488 - #######################################################################
