2025-08-18 18:16:39,507 - INFO - composites.py:104 - #######################################################################
2025-08-18 18:16:39,507 - INFO - composites.py:106 - Processing started
2025-08-18 18:16:39,507 - INFO - composites.py:107 -         Tile: x10_y09
2025-08-18 18:16:39,507 - INFO - composites.py:108 -         Time: 2020-10
2025-08-18 18:16:39,508 - INFO - composites.py:111 -                           
2025-08-18 18:16:39,508 - INFO - composites.py:112 - Establishing connection to datacube
2025-08-18 18:16:40,202 - INFO - composites.py:115 -                           
2025-08-18 18:16:40,204 - INFO - composites.py:116 - Sanity test: Check if dataset already exists in the datacube
2025-08-18 18:16:40,222 - INFO - composites.py:135 - The composite requested was not found and it will be computed
2025-08-18 18:16:40,222 - INFO - composites.py:138 -                                  
2025-08-18 18:16:40,222 - INFO - composites.py:139 - Initializing Dask cluster for parallelization
2025-08-18 18:16:46,389 - INFO - composites.py:163 - Dask dashboard is available at: http://127.0.0.1:8787/status
2025-08-18 18:16:46,389 - INFO - composites.py:166 - Create directories and naming conversions
2025-08-18 18:16:46,394 - INFO - composites.py:177 - Dataset location: //nas-rs.topo.auth.gr/Latomeia/DROUGHT/COMPOS/2020/10/x10_y09
2025-08-18 18:16:46,395 - INFO - composites.py:180 -                           
2025-08-18 18:16:46,395 - INFO - composites.py:181 - Retrieve tile geometry
2025-08-18 18:16:46,440 - INFO - composites.py:192 - Create the Bounding Box (φ,λ)
2025-08-18 18:16:46,440 - INFO - composites.py:198 - Create the Bounding Box (x,y)
2025-08-18 18:16:46,441 - INFO - composites.py:211 -                           
2025-08-18 18:16:46,441 - INFO - composites.py:212 - Connect to Planetary Computer STAC Catalog
2025-08-18 18:16:46,775 - INFO - composites.py:220 - Search the STAC Catalog
2025-08-18 18:16:46,843 - INFO - composites.py:232 -         Query parameters:
2025-08-18 18:16:46,843 - INFO - composites.py:233 -             url:          https://planetarycomputer.microsoft.com/api/stac/v1/search
2025-08-18 18:16:46,844 - INFO - composites.py:234 -             client:       microsoft-pc
2025-08-18 18:16:46,844 - INFO - composites.py:235 -             collection:   sentinel-2-l2a
2025-08-18 18:16:46,844 - INFO - composites.py:236 -             bbox:         (22.39329472142068, 37.29131262375434, 23.05748381504204, 37.842511892177306)
2025-08-18 18:16:46,844 - INFO - composites.py:237 -             time range:   2020-10-01T00:00:00Z/2020-10-31T23:59:59Z
2025-08-18 18:16:46,844 - INFO - composites.py:238 -             cloud cover:  0% - 70%
2025-08-18 18:16:46,844 - INFO - composites.py:239 -             nodata cover: 0% - 33%
2025-08-18 18:16:46,844 - INFO - composites.py:241 -                           
2025-08-18 18:16:46,844 - INFO - composites.py:242 - Searching...
2025-08-18 18:16:47,238 - INFO - composites.py:245 - Query found 13 items
2025-08-18 18:16:47,238 - INFO - composites.py:247 - Searching for GRI REFINED scenes:
2025-08-18 18:16:56,473 - INFO - sentinel2.py:78 - 1/13 - S2A_MSIL2A_20201030T092121_R093_T34SFG_20201101T231254 -> Not Found
2025-08-18 18:17:05,467 - INFO - sentinel2.py:78 - 2/13 - S2B_MSIL2A_20201025T092029_R093_T34SFH_20201030T072936 -> Not Found
2025-08-18 18:17:14,005 - INFO - sentinel2.py:78 - 3/13 - S2B_MSIL2A_20201025T092029_R093_T34SFG_20201030T072728 -> Not Found
2025-08-18 18:17:24,280 - INFO - sentinel2.py:78 - 4/13 - S2B_MSIL2A_20201022T091029_R050_T34SFG_20201023T193606 -> Not Found
2025-08-18 18:17:32,607 - INFO - sentinel2.py:78 - 5/13 - S2A_MSIL2A_20201020T092031_R093_T34SFG_20201101T202904 -> Not Found
2025-08-18 18:17:41,192 - INFO - sentinel2.py:78 - 6/13 - S2B_MSIL2A_20201015T092029_R093_T34SFH_20201019T081054 -> Not Found
2025-08-18 18:17:50,263 - INFO - sentinel2.py:78 - 7/13 - S2B_MSIL2A_20201015T092029_R093_T34SFG_20201019T081050 -> Not Found
2025-08-18 18:17:59,600 - INFO - sentinel2.py:78 - 8/13 - S2B_MSIL2A_20201012T090829_R050_T34SFG_20201014T110353 -> Not Found
2025-08-18 18:18:07,988 - INFO - sentinel2.py:78 - 9/13 - S2A_MSIL2A_20201010T092031_R093_T34SFH_20201011T224244 -> Not Found
2025-08-18 18:18:16,782 - INFO - sentinel2.py:78 - 10/13 - S2A_MSIL2A_20201010T092031_R093_T34SFG_20201027T125111 -> Not Found
2025-08-18 18:18:25,178 - INFO - sentinel2.py:78 - 11/13 - S2A_MSIL2A_20201007T090851_R050_T34SFG_20201010T082248 -> Not Found
2025-08-18 18:18:34,760 - INFO - sentinel2.py:78 - 12/13 - S2B_MSIL2A_20201005T092029_R093_T34SFG_20201007T104222 -> Not Found
2025-08-18 18:18:42,360 - INFO - sentinel2.py:78 - 13/13 - S2B_MSIL2A_20201002T090719_R050_T34SFG_20201004T231354 -> Not Found
2025-08-18 18:18:42,427 - INFO - composites.py:250 -                                  
2025-08-18 18:18:42,428 - INFO - composites.py:251 - 0/13 were refined by GRI.
2025-08-18 18:18:42,428 - WARNING - composites.py:255 - Tile x10_y09 | Time: 2020-10: All scenes are flagged NOT REFINED.
2025-08-18 18:18:42,429 - WARNING - composites.py:256 - Tile x10_y09 | Time: 2020-10: The composite will be flagged with _NOREFINED.
2025-08-18 18:18:42,429 - INFO - composites.py:263 - Looking for up to 10 cleanest images within spatiotemporal range of each MGRS tile
2025-08-18 18:18:42,429 - INFO - composites.py:277 - Filtered cleanest scenes: Kept 13 out of 13 items. 
2025-08-18 18:18:42,430 - INFO - composites.py:278 -         Included MGRS Tiles: ['34SFG' '34SFH']
2025-08-18 18:18:42,430 - INFO - composites.py:279 -         Included EPSG codes: [32634]
2025-08-18 18:18:42,436 - INFO - composites.py:281 - Selected scenes:
2025-08-18 18:18:42,442 - INFO - composites.py:283 -         S2B_MSIL2A_20201015T092029_R093_T34SFG_20201019T081050
2025-08-18 18:18:42,442 - INFO - composites.py:283 -         S2A_MSIL2A_20201010T092031_R093_T34SFG_20201027T125111
2025-08-18 18:18:42,443 - INFO - composites.py:283 -         S2B_MSIL2A_20201022T091029_R050_T34SFG_20201023T193606
2025-08-18 18:18:42,443 - INFO - composites.py:283 -         S2B_MSIL2A_20201012T090829_R050_T34SFG_20201014T110353
2025-08-18 18:18:42,443 - INFO - composites.py:283 -         S2B_MSIL2A_20201002T090719_R050_T34SFG_20201004T231354
2025-08-18 18:18:42,443 - INFO - composites.py:283 -         S2A_MSIL2A_20201007T090851_R050_T34SFG_20201010T082248
2025-08-18 18:18:42,444 - INFO - composites.py:283 -         S2A_MSIL2A_20201030T092121_R093_T34SFG_20201101T231254
2025-08-18 18:18:42,444 - INFO - composites.py:283 -         S2B_MSIL2A_20201025T092029_R093_T34SFG_20201030T072728
2025-08-18 18:18:42,444 - INFO - composites.py:283 -         S2A_MSIL2A_20201020T092031_R093_T34SFG_20201101T202904
2025-08-18 18:18:42,444 - INFO - composites.py:283 -         S2B_MSIL2A_20201005T092029_R093_T34SFG_20201007T104222
2025-08-18 18:18:42,444 - INFO - composites.py:283 -         S2A_MSIL2A_20201010T092031_R093_T34SFH_20201011T224244
2025-08-18 18:18:42,444 - INFO - composites.py:283 -         S2B_MSIL2A_20201015T092029_R093_T34SFH_20201019T081054
2025-08-18 18:18:42,444 - INFO - composites.py:283 -         S2B_MSIL2A_20201025T092029_R093_T34SFH_20201030T072936
2025-08-18 18:18:43,011 - INFO - sentinel2.py:154 - Matplotlib backend: Agg
2025-08-18 18:18:43,222 - INFO - sentinel2.py:224 - Write input scenes footprint overlay: //nas-rs.topo.auth.gr/Latomeia/DROUGHT/COMPOS/2020/10/x10_y09/S2L2A_medcomp_x10_y09_202010_InDataFootprint.jpeg
2025-08-18 18:18:43,542 - INFO - composites.py:297 -                                  
2025-08-18 18:18:43,542 - INFO - composites.py:298 - Downstream STAC items from Planetary Computer
2025-08-18 18:18:43,542 - INFO - timeseries_processing.py:114 -                                  
2025-08-18 18:18:43,542 - INFO - timeseries_processing.py:115 - Loading bands of diferent resolutions in EPSG:32634
2025-08-18 18:18:43,542 - INFO - timeseries_processing.py:119 -     Filtering items with native UTM EPSG:32634
2025-08-18 18:18:43,542 - INFO - timeseries_processing.py:121 -     13 Items in EPSG:32634
2025-08-18 18:18:43,542 - INFO - timeseries_processing.py:128 -                        
2025-08-18 18:18:43,542 - INFO - timeseries_processing.py:129 -     Loading parameters:
2025-08-18 18:18:43,542 - INFO - timeseries_processing.py:130 -         Bands: ['B05', 'B07', 'B8A', 'SCL']
2025-08-18 18:18:43,542 - INFO - timeseries_processing.py:131 -         Spatial resolution: 20
2025-08-18 18:18:43,542 - INFO - timeseries_processing.py:133 -         Get Assets from STAC Items
2025-08-18 18:18:43,542 - INFO - timeseries_processing.py:46 -         Initialize the STAC client
2025-08-18 18:18:44,068 - INFO - timeseries_processing.py:136 -         Loading 13 STAC Items....
2025-08-18 18:19:33,140 - INFO - timeseries_processing.py:158 -         Cube has been downloaded
2025-08-18 18:19:33,141 - INFO - timeseries_processing.py:167 -         Fix order of dimensions
2025-08-18 18:19:33,144 - INFO - timeseries_processing.py:172 -         Append bands to the band-list of EPSG:32634
2025-08-18 18:19:33,148 - INFO - timeseries_processing.py:128 -                        
2025-08-18 18:19:33,148 - INFO - timeseries_processing.py:129 -     Loading parameters:
2025-08-18 18:19:33,148 - INFO - timeseries_processing.py:130 -         Bands: ['B02', 'B03', 'B04']
2025-08-18 18:19:33,148 - INFO - timeseries_processing.py:131 -         Spatial resolution: 10
2025-08-18 18:19:33,148 - INFO - timeseries_processing.py:133 -         Get Assets from STAC Items
2025-08-18 18:19:33,149 - INFO - timeseries_processing.py:46 -         Initialize the STAC client
2025-08-18 18:19:33,675 - INFO - timeseries_processing.py:136 -         Loading 13 STAC Items....
2025-08-18 18:21:45,360 - INFO - timeseries_processing.py:158 -         Cube has been downloaded
2025-08-18 18:21:45,378 - INFO - timeseries_processing.py:161 -         Downsample 10m bands to 20m by average 2x2 binning
2025-08-18 18:22:00,084 - INFO - timeseries_processing.py:164 -         Warp (reproject) 2x2 binned bands to match shape of native 20m bands: method=bilinear
2025-08-18 18:22:13,901 - INFO - timeseries_processing.py:172 -         Append bands to the band-list of EPSG:32634
2025-08-18 18:22:13,901 - INFO - timeseries_processing.py:176 -                        
2025-08-18 18:22:13,901 - INFO - timeseries_processing.py:177 -     Merging bands in a single dataset
2025-08-18 18:22:13,901 - INFO - timeseries_processing.py:178 -     Ensure all partial datasets are at (x=20, y=-20) resolution
2025-08-18 18:22:13,901 - INFO - timeseries_processing.py:182 -     Clip to the intersection of indexes
2025-08-18 18:22:15,176 - INFO - timeseries_processing.py:191 -     Make a list of bands to merge
2025-08-18 18:22:15,176 - INFO - timeseries_processing.py:195 -     Merge on intersection
2025-08-18 18:22:15,178 - INFO - timeseries_processing.py:203 -     Apply masks on clouds, shadows, thin cirrus, and snow/ice
2025-08-18 18:22:15,179 - INFO - sentinel2.py:122 -                Masking bits: [3, 7, 8, 9, 10, 11]
2025-08-18 18:22:16,605 - INFO - timeseries_processing.py:209 -     Reproject to Tiling Schema projection EPSG:3035
2025-08-18 18:22:31,152 - INFO - composites.py:307 - Clip and align to tile geometry
2025-08-18 18:22:35,708 - INFO - composites.py:340 - Creating preview plot of input scenes
2025-08-18 18:23:18,068 - INFO - timeseries_processing.py:367 - Saved preview for 'B04' to //nas-rs.topo.auth.gr/Latomeia/DROUGHT/COMPOS/2020/10/x10_y09/S2L2A_medcomp_x10_y09_202010_InDataPreview.jpeg
2025-08-18 18:23:18,075 - INFO - composites.py:346 - Clip value range
2025-08-18 18:23:20,294 - INFO - composites.py:351 -                           
2025-08-18 18:23:20,294 - INFO - composites.py:352 - Computing spectral indices:
2025-08-18 18:23:20,294 - INFO - composites.py:355 -     EVI...
2025-08-18 18:23:21,684 - INFO - composites.py:357 -     NDVI...
2025-08-18 18:23:21,984 - INFO - composites.py:359 -     PSRI2...
2025-08-18 18:23:22,471 - INFO - composites.py:362 - Clip to typical value range
2025-08-18 18:23:22,921 - INFO - composites.py:369 - Reducing to median value temporal composite
2025-08-18 18:23:51,448 - INFO - composites.py:388 - Define data types and nodata per band
2025-08-18 18:23:51,609 - INFO - composites.py:409 - Assign time range and tile ID in metadata
2025-08-18 18:23:51,609 - INFO - composites.py:417 - Write bands to raster COG files
2025-08-18 18:23:56,325 - INFO - composites.py:430 - Write B02 -> //nas-rs.topo.auth.gr/Latomeia/DROUGHT/COMPOS/2020/10/x10_y09/S2L2A_medcomp_x10_y09_202010_B02.tif
2025-08-18 18:24:01,155 - INFO - composites.py:430 - Write B03 -> //nas-rs.topo.auth.gr/Latomeia/DROUGHT/COMPOS/2020/10/x10_y09/S2L2A_medcomp_x10_y09_202010_B03.tif
2025-08-18 18:24:05,847 - INFO - composites.py:430 - Write B04 -> //nas-rs.topo.auth.gr/Latomeia/DROUGHT/COMPOS/2020/10/x10_y09/S2L2A_medcomp_x10_y09_202010_B04.tif
2025-08-18 18:24:10,565 - INFO - composites.py:430 - Write B05 -> //nas-rs.topo.auth.gr/Latomeia/DROUGHT/COMPOS/2020/10/x10_y09/S2L2A_medcomp_x10_y09_202010_B05.tif
2025-08-18 18:24:15,476 - INFO - composites.py:430 - Write B07 -> //nas-rs.topo.auth.gr/Latomeia/DROUGHT/COMPOS/2020/10/x10_y09/S2L2A_medcomp_x10_y09_202010_B07.tif
2025-08-18 18:24:20,141 - INFO - composites.py:430 - Write B8A -> //nas-rs.topo.auth.gr/Latomeia/DROUGHT/COMPOS/2020/10/x10_y09/S2L2A_medcomp_x10_y09_202010_B8A.tif
2025-08-18 18:24:24,769 - INFO - composites.py:430 - Write EVI -> //nas-rs.topo.auth.gr/Latomeia/DROUGHT/COMPOS/2020/10/x10_y09/S2L2A_medcomp_x10_y09_202010_evi.tif
2025-08-18 18:24:29,460 - INFO - composites.py:430 - Write NDVI -> //nas-rs.topo.auth.gr/Latomeia/DROUGHT/COMPOS/2020/10/x10_y09/S2L2A_medcomp_x10_y09_202010_ndvi.tif
2025-08-18 18:24:34,257 - INFO - composites.py:430 - Write PSRI2 -> //nas-rs.topo.auth.gr/Latomeia/DROUGHT/COMPOS/2020/10/x10_y09/S2L2A_medcomp_x10_y09_202010_psri2.tif
2025-08-18 18:24:34,271 - INFO - composites.py:434 - Prepare metadata YAML document
2025-08-18 18:24:35,088 - INFO - composites.py:455 - Write metadata YAML document to disk
2025-08-18 18:24:35,114 - INFO - composites.py:460 - Create datacube.model.Dataset from eo3 metadata
2025-08-18 18:24:35,127 - INFO - composites.py:471 - Index to datacube
2025-08-18 18:24:35,128 - INFO - _datasets.py:191 - Indexing ddc4cf7f-5c87-433e-aa1e-ae58e6518e08
2025-08-18 18:24:35,137 - INFO - composites.py:474 - 
2025-08-18 18:24:35,137 - INFO - composites.py:475 -              ✔✔✔ COMPLETED: Tile x10_y09 | Time: 2020-10 | In 7.93 minutes
2025-08-18 18:24:35,137 - INFO - composites.py:476 - 
2025-08-18 18:24:35,137 - INFO - composites.py:484 - Closing Dask client
2025-08-18 18:24:35,145 - INFO - composites.py:488 - Closing Dask cluster
2025-08-18 18:24:35,145 - INFO - composites.py:489 - #######################################################################
