2025-08-22 23:37:48,591 - INFO - composites.py:101 - #######################################################################
2025-08-22 23:37:48,591 - INFO - composites.py:103 - Processing started
2025-08-22 23:37:48,591 - INFO - composites.py:104 -         Tile: x10_y08
2025-08-22 23:37:48,591 - INFO - composites.py:105 -         Time: 2020-11
2025-08-22 23:37:48,591 - INFO - composites.py:108 -                           
2025-08-22 23:37:48,591 - INFO - composites.py:109 - Establishing connection to datacube
2025-08-22 23:37:49,169 - INFO - composites.py:112 -                           
2025-08-22 23:37:49,170 - INFO - composites.py:113 - Sanity test: Check if dataset already exists in the datacube
2025-08-22 23:37:49,189 - INFO - composites.py:132 - The composite requested was not found and it will be computed
2025-08-22 23:37:49,189 - INFO - composites.py:135 -                                  
2025-08-22 23:37:49,189 - INFO - composites.py:136 - Initializing Dask cluster for parallelization
2025-08-22 23:37:54,149 - INFO - composites.py:160 - Dask dashboard is available at: http://127.0.0.1:8787/status
2025-08-22 23:37:54,149 - INFO - composites.py:163 - Create directories and naming conversions
2025-08-22 23:37:54,155 - INFO - composites.py:174 - Dataset location: //nas-rs.topo.auth.gr/Latomeia/DROUGHT/COMPOS/2020/11/x10_y08
2025-08-22 23:37:54,155 - INFO - composites.py:177 -                           
2025-08-22 23:37:54,155 - INFO - composites.py:178 - Retrieve tile geometry
2025-08-22 23:37:54,184 - INFO - composites.py:189 - Create the Bounding Box (φ,λ)
2025-08-22 23:37:54,184 - INFO - composites.py:195 - Create the Bounding Box (x,y)
2025-08-22 23:37:54,184 - INFO - composites.py:208 -                           
2025-08-22 23:37:54,184 - INFO - composites.py:209 - Connect to Planetary Computer STAC Catalog
2025-08-22 23:37:54,407 - INFO - composites.py:217 - Search the STAC Catalog
2025-08-22 23:37:54,476 - INFO - composites.py:229 -         Query parameters:
2025-08-22 23:37:54,476 - INFO - composites.py:230 -             url:          https://planetarycomputer.microsoft.com/api/stac/v1/search
2025-08-22 23:37:54,476 - INFO - composites.py:231 -             client:       microsoft-pc
2025-08-22 23:37:54,476 - INFO - composites.py:232 -             collection:   sentinel-2-l2a
2025-08-22 23:37:54,476 - INFO - composites.py:233 -             bbox:         (22.316206507160903, 36.86212166478193, 22.975825813790852, 37.413146481379215)
2025-08-22 23:37:54,476 - INFO - composites.py:234 -             time range:   2020-11-01T00:00:00Z/2020-11-30T23:59:59Z
2025-08-22 23:37:54,476 - INFO - composites.py:235 -             cloud cover:  0% - 70%
2025-08-22 23:37:54,476 - INFO - composites.py:236 -             nodata cover: 0% - 33%
2025-08-22 23:37:54,476 - INFO - composites.py:238 -                           
2025-08-22 23:37:54,476 - INFO - composites.py:239 - Searching...
2025-08-22 23:37:54,912 - INFO - composites.py:242 - Query found 21 items
2025-08-22 23:37:54,912 - INFO - composites.py:244 - Searching for GRI REFINED scenes:
2025-08-22 23:38:00,734 - INFO - sentinel2.py:78 - 1/21 - S2A_MSIL2A_20201126T091321_R050_T34SFG_20201219T195813 -> Not Found
2025-08-22 23:38:07,133 - INFO - sentinel2.py:78 - 2/21 - S2A_MSIL2A_20201126T091321_R050_T34SFF_20201219T200211 -> Not Found
2025-08-22 23:38:13,017 - INFO - sentinel2.py:78 - 3/21 - S2B_MSIL2A_20201124T092319_R093_T34SFG_20201125T052914 -> Not Found
2025-08-22 23:38:19,754 - INFO - sentinel2.py:78 - 4/21 - S2B_MSIL2A_20201124T092319_R093_T34SFF_20201125T052334 -> Not Found
2025-08-22 23:38:26,317 - INFO - sentinel2.py:78 - 5/21 - S2B_MSIL2A_20201121T091259_R050_T34SFG_20201123T100944 -> Not Found
2025-08-22 23:38:32,744 - INFO - sentinel2.py:78 - 6/21 - S2B_MSIL2A_20201121T091259_R050_T34SFF_20201123T101014 -> Not Found
2025-08-22 23:38:39,324 - INFO - sentinel2.py:78 - 7/21 - S2A_MSIL2A_20201119T092301_R093_T34SFG_20201121T084124 -> Not Found
2025-08-22 23:38:45,423 - INFO - sentinel2.py:78 - 8/21 - S2A_MSIL2A_20201119T092301_R093_T34SFF_20201121T084109 -> Not Found
2025-08-22 23:38:51,442 - INFO - sentinel2.py:78 - 9/21 - S2A_MSIL2A_20201116T091241_R050_T34SFG_20201117T171547 -> Not Found
2025-08-22 23:38:59,254 - INFO - sentinel2.py:78 - 10/21 - S2A_MSIL2A_20201116T091241_R050_T34SFF_20201117T172131 -> Not Found
2025-08-22 23:39:05,076 - INFO - sentinel2.py:78 - 11/21 - S2B_MSIL2A_20201114T092239_R093_T34SFG_20201116T043400 -> Not Found
2025-08-22 23:39:11,702 - INFO - sentinel2.py:78 - 12/21 - S2B_MSIL2A_20201114T092239_R093_T34SFF_20201116T044200 -> Not Found
2025-08-22 23:39:17,169 - INFO - sentinel2.py:78 - 13/21 - S2B_MSIL2A_20201111T091219_R050_T34SFG_20201113T102904 -> Not Found
2025-08-22 23:39:23,358 - INFO - sentinel2.py:78 - 14/21 - S2B_MSIL2A_20201111T091219_R050_T34SFF_20201113T102955 -> Not Found
2025-08-22 23:39:29,952 - INFO - sentinel2.py:78 - 15/21 - S2A_MSIL2A_20201109T092221_R093_T34SFG_20201110T181945 -> Not Found
2025-08-22 23:39:36,696 - INFO - sentinel2.py:78 - 16/21 - S2A_MSIL2A_20201109T092221_R093_T34SFF_20201110T182431 -> Not Found
2025-08-22 23:39:42,957 - INFO - sentinel2.py:78 - 17/21 - S2A_MSIL2A_20201106T091201_R050_T34SFF_20201107T152736 -> Not Found
2025-08-22 23:39:48,783 - INFO - sentinel2.py:78 - 18/21 - S2B_MSIL2A_20201104T092149_R093_T34SFG_20201106T134710 -> Not Found
2025-08-22 23:39:54,442 - INFO - sentinel2.py:78 - 19/21 - S2B_MSIL2A_20201104T092149_R093_T34SFF_20201106T135537 -> Not Found
2025-08-22 23:40:01,208 - INFO - sentinel2.py:78 - 20/21 - S2B_MSIL2A_20201101T091129_R050_T34SFG_20201103T220028 -> Not Found
2025-08-22 23:40:08,076 - INFO - sentinel2.py:78 - 21/21 - S2B_MSIL2A_20201101T091129_R050_T34SFF_20201109T220013 -> Not Found
2025-08-22 23:40:08,122 - INFO - composites.py:247 -                                  
2025-08-22 23:40:08,122 - INFO - composites.py:248 - 0/21 were refined by GRI.
2025-08-22 23:40:08,122 - WARNING - composites.py:252 - Tile x10_y08 | Time: 2020-11: All scenes are flagged NOT REFINED.
2025-08-22 23:40:08,122 - WARNING - composites.py:253 - Tile x10_y08 | Time: 2020-11: The composite will be flagged with _NOREFINED.
2025-08-22 23:40:08,122 - INFO - composites.py:260 - Looking for up to 10 cleanest images within spatiotemporal range of each MGRS tile
2025-08-22 23:40:08,123 - INFO - composites.py:274 - Filtered cleanest scenes: Kept 20 out of 21 items. 
2025-08-22 23:40:08,123 - INFO - composites.py:275 -         Included MGRS Tiles: ['34SFF' '34SFG']
2025-08-22 23:40:08,144 - INFO - composites.py:276 -         Included EPSG codes: [32634]
2025-08-22 23:40:08,157 - INFO - composites.py:278 - Selected scenes:
2025-08-22 23:40:08,157 - INFO - composites.py:280 -         S2B_MSIL2A_20201101T091129_R050_T34SFF_20201109T220013
2025-08-22 23:40:08,157 - INFO - composites.py:280 -         S2A_MSIL2A_20201116T091241_R050_T34SFF_20201117T172131
2025-08-22 23:40:08,162 - INFO - composites.py:280 -         S2B_MSIL2A_20201104T092149_R093_T34SFF_20201106T135537
2025-08-22 23:40:08,162 - INFO - composites.py:280 -         S2B_MSIL2A_20201114T092239_R093_T34SFF_20201116T044200
2025-08-22 23:40:08,162 - INFO - composites.py:280 -         S2B_MSIL2A_20201111T091219_R050_T34SFF_20201113T102955
2025-08-22 23:40:08,162 - INFO - composites.py:280 -         S2B_MSIL2A_20201121T091259_R050_T34SFF_20201123T101014
2025-08-22 23:40:08,162 - INFO - composites.py:280 -         S2A_MSIL2A_20201119T092301_R093_T34SFF_20201121T084109
2025-08-22 23:40:08,162 - INFO - composites.py:280 -         S2A_MSIL2A_20201109T092221_R093_T34SFF_20201110T182431
2025-08-22 23:40:08,162 - INFO - composites.py:280 -         S2A_MSIL2A_20201126T091321_R050_T34SFF_20201219T200211
2025-08-22 23:40:08,162 - INFO - composites.py:280 -         S2A_MSIL2A_20201106T091201_R050_T34SFF_20201107T152736
2025-08-22 23:40:08,162 - INFO - composites.py:280 -         S2A_MSIL2A_20201126T091321_R050_T34SFG_20201219T195813
2025-08-22 23:40:08,162 - INFO - composites.py:280 -         S2B_MSIL2A_20201101T091129_R050_T34SFG_20201103T220028
2025-08-22 23:40:08,162 - INFO - composites.py:280 -         S2A_MSIL2A_20201116T091241_R050_T34SFG_20201117T171547
2025-08-22 23:40:08,162 - INFO - composites.py:280 -         S2B_MSIL2A_20201114T092239_R093_T34SFG_20201116T043400
2025-08-22 23:40:08,162 - INFO - composites.py:280 -         S2B_MSIL2A_20201104T092149_R093_T34SFG_20201106T134710
2025-08-22 23:40:08,162 - INFO - composites.py:280 -         S2A_MSIL2A_20201109T092221_R093_T34SFG_20201110T181945
2025-08-22 23:40:08,162 - INFO - composites.py:280 -         S2B_MSIL2A_20201124T092319_R093_T34SFG_20201125T052914
2025-08-22 23:40:08,162 - INFO - composites.py:280 -         S2B_MSIL2A_20201111T091219_R050_T34SFG_20201113T102904
2025-08-22 23:40:08,162 - INFO - composites.py:280 -         S2B_MSIL2A_20201121T091259_R050_T34SFG_20201123T100944
2025-08-22 23:40:08,162 - INFO - composites.py:280 -         S2A_MSIL2A_20201119T092301_R093_T34SFG_20201121T084124
2025-08-22 23:40:08,487 - INFO - sentinel2.py:154 - Matplotlib backend: Agg
2025-08-22 23:40:08,805 - INFO - sentinel2.py:224 - Write input scenes footprint overlay: //nas-rs.topo.auth.gr/Latomeia/DROUGHT/COMPOS/2020/11/x10_y08/S2L2A_medcomp_x10_y08_202011_InDataFootprint.jpeg
2025-08-22 23:40:09,053 - INFO - composites.py:294 -                                  
2025-08-22 23:40:09,053 - INFO - composites.py:295 - Downstream STAC items from Planetary Computer
2025-08-22 23:40:09,053 - INFO - timeseries_processing.py:115 -                                  
2025-08-22 23:40:09,053 - INFO - timeseries_processing.py:116 - Loading bands of diferent resolutions in EPSG:32634
2025-08-22 23:40:09,053 - INFO - timeseries_processing.py:120 -     Filtering items with native UTM EPSG:32634
2025-08-22 23:40:09,053 - INFO - timeseries_processing.py:122 -     20 Items in EPSG:32634
2025-08-22 23:40:09,053 - INFO - timeseries_processing.py:129 -                        
2025-08-22 23:40:09,053 - INFO - timeseries_processing.py:130 -     Loading parameters:
2025-08-22 23:40:09,054 - INFO - timeseries_processing.py:131 -         Bands: ['B05', 'B07', 'B8A', 'SCL']
2025-08-22 23:40:09,054 - INFO - timeseries_processing.py:132 -         Spatial resolution: 20
2025-08-22 23:40:09,054 - INFO - timeseries_processing.py:134 -         Get Assets from STAC Items
2025-08-22 23:40:09,054 - INFO - timeseries_processing.py:47 -         Initialize the STAC client
2025-08-22 23:40:09,614 - INFO - timeseries_processing.py:137 -         Loading 20 STAC Items....
2025-08-22 23:41:45,502 - INFO - timeseries_processing.py:146 -         Cube has been downloaded
2025-08-22 23:41:45,502 - INFO - timeseries_processing.py:156 -         Fix order of dimensions
2025-08-22 23:41:45,504 - INFO - timeseries_processing.py:161 -         Append bands to the band-list of EPSG:32634
2025-08-22 23:41:45,506 - INFO - timeseries_processing.py:129 -                        
2025-08-22 23:41:45,506 - INFO - timeseries_processing.py:130 -     Loading parameters:
2025-08-22 23:41:45,506 - INFO - timeseries_processing.py:131 -         Bands: ['B02', 'B03', 'B04']
2025-08-22 23:41:45,506 - INFO - timeseries_processing.py:132 -         Spatial resolution: 10
2025-08-22 23:41:45,507 - INFO - timeseries_processing.py:134 -         Get Assets from STAC Items
2025-08-22 23:41:45,507 - INFO - timeseries_processing.py:47 -         Initialize the STAC client
2025-08-22 23:41:46,125 - INFO - timeseries_processing.py:137 -         Loading 20 STAC Items....
2025-08-22 23:45:51,922 - INFO - timeseries_processing.py:146 -         Cube has been downloaded
2025-08-22 23:45:51,923 - INFO - timeseries_processing.py:149 -         Reproject to downsample 10m bands to 20m by Resampling.average 2x2 binning and shape matching with odc.geo.GeoBox
2025-08-22 23:46:10,698 - INFO - timeseries_processing.py:161 -         Append bands to the band-list of EPSG:32634
2025-08-22 23:46:10,698 - INFO - timeseries_processing.py:165 -                        
2025-08-22 23:46:10,698 - INFO - timeseries_processing.py:166 -     Merging bands in a single dataset
2025-08-22 23:46:10,698 - INFO - timeseries_processing.py:167 -     Ensure all partial datasets are at (x=20, y=-20) resolution
2025-08-22 23:46:10,699 - INFO - timeseries_processing.py:171 -     Clip to the intersection of indexes
2025-08-22 23:46:12,014 - INFO - timeseries_processing.py:180 -     Make a list of bands to merge
2025-08-22 23:46:12,014 - INFO - timeseries_processing.py:184 -     Merge on intersection
2025-08-22 23:46:12,016 - INFO - timeseries_processing.py:192 -     Apply masks on clouds, shadows, thin cirrus, and snow/ice
2025-08-22 23:46:12,016 - INFO - sentinel2.py:122 -                Masking bits: [3, 7, 8, 9, 10, 11]
2025-08-22 23:46:13,619 - INFO - composites.py:304 - Reproject from UTM Zone to Tile geometry -> CRS(EPSG:32634), Resampling.bilinear
2025-08-22 23:46:21,429 - INFO - composites.py:307 -     New shape of datasets: Shape2d(x=2400, y=2400)
2025-08-22 23:46:22,043 - INFO - composites.py:339 - Creating preview plot of input scenes
2025-08-22 23:46:56,321 - INFO - timeseries_processing.py:349 - Saved preview for 'B04' to //nas-rs.topo.auth.gr/Latomeia/DROUGHT/COMPOS/2020/11/x10_y08/S2L2A_medcomp_x10_y08_202011_InDataPreview.jpeg
2025-08-22 23:46:56,328 - INFO - composites.py:345 - Clip value range
2025-08-22 23:46:58,516 - INFO - composites.py:350 -                           
2025-08-22 23:46:58,517 - INFO - composites.py:351 - Computing spectral indices:
2025-08-22 23:46:58,517 - INFO - composites.py:354 -     EVI...
2025-08-22 23:46:59,903 - INFO - composites.py:356 -     NDVI...
2025-08-22 23:47:00,274 - INFO - composites.py:358 -     PSRI2...
2025-08-22 23:47:00,698 - INFO - composites.py:361 - Clip to typical value range
2025-08-22 23:47:01,164 - INFO - composites.py:368 - Reducing to median value temporal composite
2025-08-22 23:47:27,871 - INFO - composites.py:387 - Define data types and nodata per band
2025-08-22 23:47:27,980 - INFO - composites.py:408 - Assign time range and tile ID in metadata
2025-08-22 23:47:27,980 - INFO - composites.py:416 - Write bands to raster COG files
2025-08-22 23:47:31,789 - INFO - composites.py:429 - Write B02 -> //nas-rs.topo.auth.gr/Latomeia/DROUGHT/COMPOS/2020/11/x10_y08/S2L2A_medcomp_x10_y08_202011_B02.tif
2025-08-22 23:47:35,560 - INFO - composites.py:429 - Write B03 -> //nas-rs.topo.auth.gr/Latomeia/DROUGHT/COMPOS/2020/11/x10_y08/S2L2A_medcomp_x10_y08_202011_B03.tif
2025-08-22 23:47:39,355 - INFO - composites.py:429 - Write B04 -> //nas-rs.topo.auth.gr/Latomeia/DROUGHT/COMPOS/2020/11/x10_y08/S2L2A_medcomp_x10_y08_202011_B04.tif
2025-08-22 23:47:43,078 - INFO - composites.py:429 - Write B05 -> //nas-rs.topo.auth.gr/Latomeia/DROUGHT/COMPOS/2020/11/x10_y08/S2L2A_medcomp_x10_y08_202011_B05.tif
2025-08-22 23:47:46,894 - INFO - composites.py:429 - Write B07 -> //nas-rs.topo.auth.gr/Latomeia/DROUGHT/COMPOS/2020/11/x10_y08/S2L2A_medcomp_x10_y08_202011_B07.tif
2025-08-22 23:47:50,642 - INFO - composites.py:429 - Write B8A -> //nas-rs.topo.auth.gr/Latomeia/DROUGHT/COMPOS/2020/11/x10_y08/S2L2A_medcomp_x10_y08_202011_B8A.tif
2025-08-22 23:47:54,417 - INFO - composites.py:429 - Write EVI -> //nas-rs.topo.auth.gr/Latomeia/DROUGHT/COMPOS/2020/11/x10_y08/S2L2A_medcomp_x10_y08_202011_evi.tif
2025-08-22 23:47:58,045 - INFO - composites.py:429 - Write NDVI -> //nas-rs.topo.auth.gr/Latomeia/DROUGHT/COMPOS/2020/11/x10_y08/S2L2A_medcomp_x10_y08_202011_ndvi.tif
2025-08-22 23:48:01,828 - INFO - composites.py:429 - Write PSRI2 -> //nas-rs.topo.auth.gr/Latomeia/DROUGHT/COMPOS/2020/11/x10_y08/S2L2A_medcomp_x10_y08_202011_psri2.tif
2025-08-22 23:48:01,830 - INFO - composites.py:433 - Prepare metadata YAML document
2025-08-22 23:48:02,655 - INFO - composites.py:454 - Write metadata YAML document to disk
2025-08-22 23:48:02,701 - INFO - composites.py:459 - Create datacube.model.Dataset from eo3 metadata
2025-08-22 23:48:02,710 - INFO - composites.py:470 - Index to datacube
2025-08-22 23:48:02,711 - INFO - _datasets.py:191 - Indexing 868c2a0c-9cc1-4eb8-b9be-a9c3fd91eaff
2025-08-22 23:48:02,720 - INFO - composites.py:473 - 
2025-08-22 23:48:02,720 - INFO - composites.py:474 -              ✔✔✔ COMPLETED: Tile x10_y08 | Time: 2020-11 | In 10.24 minutes
2025-08-22 23:48:02,720 - INFO - composites.py:475 - 
2025-08-22 23:48:02,720 - INFO - composites.py:483 - Closing Dask client
2025-08-22 23:48:02,722 - INFO - composites.py:487 - Closing Dask cluster
2025-08-22 23:48:02,722 - INFO - composites.py:488 - #######################################################################
