2025-08-27 21:46:23,068 - INFO - composites.py:102 - #######################################################################
2025-08-27 21:46:23,068 - INFO - composites.py:104 - Processing started
2025-08-27 21:46:23,068 - INFO - composites.py:105 -         Tile: x10_y10
2025-08-27 21:46:23,068 - INFO - composites.py:106 -         Time: 2022-01
2025-08-27 21:46:23,068 - INFO - composites.py:109 -                           
2025-08-27 21:46:23,068 - INFO - composites.py:110 - Establishing connection to datacube
2025-08-27 21:46:23,624 - INFO - composites.py:113 -                           
2025-08-27 21:46:23,624 - INFO - composites.py:114 - Sanity test: Check if dataset already exists in the datacube
2025-08-27 21:46:23,642 - INFO - composites.py:133 - The composite requested was not found and it will be computed
2025-08-27 21:46:23,643 - INFO - composites.py:136 -                                  
2025-08-27 21:46:23,643 - INFO - composites.py:137 - Initializing Dask cluster for parallelization
2025-08-27 21:46:28,624 - INFO - composites.py:161 - Dask dashboard is available at: http://127.0.0.1:8787/status
2025-08-27 21:46:28,624 - INFO - composites.py:164 - Create directories and naming conversions
2025-08-27 21:46:28,640 - INFO - composites.py:177 - Dataset location: //nas-rs.topo.auth.gr/Latomeia/DROUGHT/composites/x10/y10/2022/01/01
2025-08-27 21:46:28,640 - INFO - composites.py:180 -                           
2025-08-27 21:46:28,640 - INFO - composites.py:181 - Retrieve tile geometry
2025-08-27 21:46:28,668 - INFO - composites.py:192 - Create the Bounding Box (φ,λ)
2025-08-27 21:46:28,668 - INFO - composites.py:198 - Create the Bounding Box (x,y)
2025-08-27 21:46:28,669 - INFO - composites.py:211 -                           
2025-08-27 21:46:28,669 - INFO - composites.py:212 - Connect to Planetary Computer STAC Catalog
2025-08-27 21:46:28,914 - INFO - composites.py:220 - Search the STAC Catalog
2025-08-27 21:46:28,982 - INFO - composites.py:232 -         Query parameters:
2025-08-27 21:46:28,982 - INFO - composites.py:233 -             url:          https://planetarycomputer.microsoft.com/api/stac/v1/search
2025-08-27 21:46:28,982 - INFO - composites.py:234 -             client:       microsoft-pc
2025-08-27 21:46:28,982 - INFO - composites.py:235 -             collection:   sentinel-2-l2a
2025-08-27 21:46:28,982 - INFO - composites.py:236 -             bbox:         (22.471633479946853, 37.72008040922633, 23.140477503527134, 38.27146676750315)
2025-08-27 21:46:28,982 - INFO - composites.py:237 -             time range:   2022-01-01T00:00:00Z/2022-01-31T23:59:59Z
2025-08-27 21:46:28,982 - INFO - composites.py:238 -             cloud cover:  0% - 70%
2025-08-27 21:46:28,982 - INFO - composites.py:239 -             nodata cover: 0% - 33%
2025-08-27 21:46:28,982 - INFO - composites.py:241 -                           
2025-08-27 21:46:28,982 - INFO - composites.py:242 - Searching...
2025-08-27 21:46:29,389 - INFO - composites.py:245 - Query found 14 items
2025-08-27 21:46:29,390 - INFO - composites.py:247 - Searching for GRI REFINED scenes:
2025-08-27 21:46:35,813 - INFO - sentinel2.py:78 - 1/14 - S2A_MSIL2A_20220130T091221_R050_T34SFG_20220214T125157 -> REFINED
2025-08-27 21:46:42,212 - INFO - sentinel2.py:78 - 2/14 - S2B_MSIL2A_20220128T092139_R093_T34SFH_20220213T075306 -> REFINED
2025-08-27 21:46:48,408 - INFO - sentinel2.py:78 - 3/14 - S2B_MSIL2A_20220128T092139_R093_T34SFG_20220213T065221 -> REFINED
2025-08-27 21:46:53,970 - INFO - sentinel2.py:78 - 4/14 - S2A_MSIL2A_20220123T092301_R093_T34SFH_20220124T024654 -> REFINED
2025-08-27 21:46:59,356 - INFO - sentinel2.py:78 - 5/14 - S2A_MSIL2A_20220123T092301_R093_T34SFG_20220124T012322 -> REFINED
2025-08-27 21:47:05,525 - INFO - sentinel2.py:78 - 6/14 - S2A_MSIL2A_20220120T091311_R050_T34SFG_20220121T073827 -> REFINED
2025-08-27 21:47:10,901 - INFO - sentinel2.py:78 - 7/14 - S2B_MSIL2A_20220118T092219_R093_T34SFH_20220119T061316 -> REFINED
2025-08-27 21:47:16,717 - INFO - sentinel2.py:78 - 8/14 - S2B_MSIL2A_20220118T092219_R093_T34SFG_20220119T072001 -> REFINED
2025-08-27 21:47:23,562 - INFO - sentinel2.py:78 - 9/14 - S2B_MSIL2A_20220115T091229_R050_T34SFG_20220115T194009 -> REFINED
2025-08-27 21:47:29,221 - INFO - sentinel2.py:78 - 10/14 - S2A_MSIL2A_20220113T092341_R093_T34SFH_20220113T192717 -> REFINED
2025-08-27 21:47:34,435 - INFO - sentinel2.py:78 - 11/14 - S2A_MSIL2A_20220113T092341_R093_T34SFG_20220113T191737 -> REFINED
2025-08-27 21:47:46,948 - INFO - sentinel2.py:78 - 12/14 - S2B_MSIL2A_20220105T091259_R050_T34SFG_20220106T004819 -> REFINED
2025-08-27 21:47:51,989 - INFO - sentinel2.py:78 - 13/14 - S2A_MSIL2A_20220103T092401_R093_T34SFH_20220104T041145 -> REFINED
2025-08-27 21:47:58,011 - INFO - sentinel2.py:78 - 14/14 - S2A_MSIL2A_20220103T092401_R093_T34SFG_20220104T042700 -> REFINED
2025-08-27 21:47:58,239 - INFO - composites.py:250 -                                  
2025-08-27 21:47:58,265 - INFO - composites.py:251 - 14/14 were refined by GRI.
2025-08-27 21:47:58,266 - INFO - composites.py:263 - Looking for up to 10 cleanest images within spatiotemporal range of each MGRS tile
2025-08-27 21:47:58,277 - INFO - composites.py:277 - Filtered cleanest scenes: Kept 14 out of 14 items. 
2025-08-27 21:47:58,278 - INFO - composites.py:278 -         Included MGRS Tiles: ['34SFG' '34SFH']
2025-08-27 21:47:58,278 - INFO - composites.py:279 -         Included EPSG codes: [32634]
2025-08-27 21:47:58,278 - INFO - composites.py:281 - Selected scenes:
2025-08-27 21:47:58,278 - INFO - composites.py:283 -         S2B_MSIL2A_20220115T091229_R050_T34SFG_20220115T194009
2025-08-27 21:47:58,278 - INFO - composites.py:283 -         S2B_MSIL2A_20220105T091259_R050_T34SFG_20220106T004819
2025-08-27 21:47:58,279 - INFO - composites.py:283 -         S2B_MSIL2A_20220128T092139_R093_T34SFG_20220213T065221
2025-08-27 21:47:58,279 - INFO - composites.py:283 -         S2A_MSIL2A_20220103T092401_R093_T34SFG_20220104T042700
2025-08-27 21:47:58,280 - INFO - composites.py:283 -         S2A_MSIL2A_20220120T091311_R050_T34SFG_20220121T073827
2025-08-27 21:47:58,280 - INFO - composites.py:283 -         S2A_MSIL2A_20220123T092301_R093_T34SFG_20220124T012322
2025-08-27 21:47:58,280 - INFO - composites.py:283 -         S2A_MSIL2A_20220113T092341_R093_T34SFG_20220113T191737
2025-08-27 21:47:58,280 - INFO - composites.py:283 -         S2A_MSIL2A_20220130T091221_R050_T34SFG_20220214T125157
2025-08-27 21:47:58,280 - INFO - composites.py:283 -         S2B_MSIL2A_20220118T092219_R093_T34SFG_20220119T072001
2025-08-27 21:47:58,282 - INFO - composites.py:283 -         S2A_MSIL2A_20220103T092401_R093_T34SFH_20220104T041145
2025-08-27 21:47:58,282 - INFO - composites.py:283 -         S2B_MSIL2A_20220128T092139_R093_T34SFH_20220213T075306
2025-08-27 21:47:58,282 - INFO - composites.py:283 -         S2A_MSIL2A_20220123T092301_R093_T34SFH_20220124T024654
2025-08-27 21:47:58,282 - INFO - composites.py:283 -         S2B_MSIL2A_20220118T092219_R093_T34SFH_20220119T061316
2025-08-27 21:47:58,283 - INFO - composites.py:283 -         S2A_MSIL2A_20220113T092341_R093_T34SFH_20220113T192717
2025-08-27 21:47:59,404 - INFO - sentinel2.py:154 - Matplotlib backend: Agg
2025-08-27 21:48:00,006 - INFO - sentinel2.py:224 - Write input scenes footprint overlay: //nas-rs.topo.auth.gr/Latomeia/DROUGHT/composites/x10/y10/2022/01/01/S2L2A_medcomp_x10y10_202201_InDataFootprint.jpeg
2025-08-27 21:48:00,585 - INFO - composites.py:297 -                                  
2025-08-27 21:48:00,593 - INFO - composites.py:298 - Downstream STAC items from Planetary Computer
2025-08-27 21:48:00,593 - INFO - timeseries_processing.py:115 -                                  
2025-08-27 21:48:00,593 - INFO - timeseries_processing.py:116 - Loading bands of diferent resolutions in EPSG:32634
2025-08-27 21:48:00,593 - INFO - timeseries_processing.py:120 -     Filtering items with native UTM EPSG:32634
2025-08-27 21:48:00,594 - INFO - timeseries_processing.py:122 -     14 Items in EPSG:32634
2025-08-27 21:48:00,594 - INFO - timeseries_processing.py:129 -                        
2025-08-27 21:48:00,594 - INFO - timeseries_processing.py:130 -     Loading parameters:
2025-08-27 21:48:00,595 - INFO - timeseries_processing.py:131 -         Bands: ['B05', 'B07', 'B8A', 'SCL']
2025-08-27 21:48:00,595 - INFO - timeseries_processing.py:132 -         Spatial resolution: 20
2025-08-27 21:48:00,611 - INFO - timeseries_processing.py:134 -         Get Assets from STAC Items
2025-08-27 21:48:00,613 - INFO - timeseries_processing.py:47 -         Initialize the STAC client
2025-08-27 21:48:01,146 - INFO - timeseries_processing.py:137 -         Loading 14 STAC Items....
2025-08-27 21:50:13,916 - INFO - timeseries_processing.py:146 -         Cube has been downloaded
2025-08-27 21:50:13,917 - INFO - timeseries_processing.py:156 -         Fix order of dimensions
2025-08-27 21:50:13,918 - INFO - timeseries_processing.py:161 -         Append bands to the band-list of EPSG:32634
2025-08-27 21:50:13,918 - INFO - timeseries_processing.py:129 -                        
2025-08-27 21:50:13,918 - INFO - timeseries_processing.py:130 -     Loading parameters:
2025-08-27 21:50:13,918 - INFO - timeseries_processing.py:131 -         Bands: ['B02', 'B03', 'B04']
2025-08-27 21:50:13,918 - INFO - timeseries_processing.py:132 -         Spatial resolution: 10
2025-08-27 21:50:13,918 - INFO - timeseries_processing.py:134 -         Get Assets from STAC Items
2025-08-27 21:50:13,922 - INFO - timeseries_processing.py:47 -         Initialize the STAC client
2025-08-27 21:50:14,466 - INFO - timeseries_processing.py:137 -         Loading 14 STAC Items....
2025-08-27 21:54:10,567 - INFO - timeseries_processing.py:146 -         Cube has been downloaded
2025-08-27 21:54:10,567 - INFO - timeseries_processing.py:149 -         Reproject to downsample 10m bands to 20m by Resampling.average 2x2 binning and shape matching with odc.geo.GeoBox
2025-08-27 21:54:23,581 - INFO - timeseries_processing.py:161 -         Append bands to the band-list of EPSG:32634
2025-08-27 21:54:23,581 - INFO - timeseries_processing.py:165 -                        
2025-08-27 21:54:23,581 - INFO - timeseries_processing.py:166 -     Merging bands in a single dataset
2025-08-27 21:54:23,587 - INFO - timeseries_processing.py:167 -     Ensure all partial datasets are at (x=20, y=-20) resolution
2025-08-27 21:54:23,587 - INFO - timeseries_processing.py:171 -     Clip to the intersection of indexes
2025-08-27 21:54:24,603 - INFO - timeseries_processing.py:180 -     Make a list of bands to merge
2025-08-27 21:54:24,604 - INFO - timeseries_processing.py:184 -     Merge on intersection
2025-08-27 21:54:24,604 - INFO - timeseries_processing.py:192 -     Apply masks on clouds, shadows, thin cirrus, and snow/ice
2025-08-27 21:54:24,605 - INFO - sentinel2.py:122 -                Masking bits: [3, 7, 8, 9, 10, 11]
2025-08-27 21:54:25,826 - INFO - composites.py:307 - Reproject from UTM Zone to Tile geometry -> CRS(EPSG:32634), Resampling.bilinear
2025-08-27 21:54:32,207 - INFO - composites.py:310 -     New shape of datasets: Shape2d(x=2400, y=2400)
2025-08-27 21:54:33,034 - INFO - composites.py:329 - Scale SR to Sen2Cor Baseline 4.00 - Subtract 1000 in dates post 2022-01-25
2025-08-27 21:54:34,395 - INFO - composites.py:342 - Creating preview plot of input scenes
2025-08-27 21:55:06,419 - INFO - timeseries_processing.py:349 - Saved preview for 'B04' to //nas-rs.topo.auth.gr/Latomeia/DROUGHT/composites/x10/y10/2022/01/01/S2L2A_medcomp_x10y10_202201_InDataPreview.jpeg
2025-08-27 21:55:06,425 - INFO - composites.py:348 - Clip value range
2025-08-27 21:55:08,333 - INFO - composites.py:353 -                           
2025-08-27 21:55:08,335 - INFO - composites.py:354 - Computing spectral indices:
2025-08-27 21:55:08,335 - INFO - composites.py:357 -     EVI...
2025-08-27 21:55:09,451 - INFO - composites.py:359 -     NDVI...
2025-08-27 21:55:09,810 - INFO - composites.py:361 -     PSRI2...
2025-08-27 21:55:10,074 - INFO - composites.py:364 - Clip to typical value range
2025-08-27 21:55:10,410 - INFO - composites.py:371 - Reducing to median value temporal composite
2025-08-27 21:55:38,128 - INFO - composites.py:390 - Scale and Define data types & nodata per band
2025-08-27 21:55:38,280 - INFO - composites.py:411 - Assign time range and tile ID in metadata
2025-08-27 21:55:38,280 - INFO - composites.py:419 - Write bands to raster COG files
2025-08-27 21:55:42,972 - INFO - composites.py:432 - Write B02 -> //nas-rs.topo.auth.gr/Latomeia/DROUGHT/composites/x10/y10/2022/01/01/S2L2A_medcomp_x10y10_202201_B02.tif
2025-08-27 21:55:46,878 - INFO - composites.py:432 - Write B03 -> //nas-rs.topo.auth.gr/Latomeia/DROUGHT/composites/x10/y10/2022/01/01/S2L2A_medcomp_x10y10_202201_B03.tif
2025-08-27 21:55:50,933 - INFO - composites.py:432 - Write B04 -> //nas-rs.topo.auth.gr/Latomeia/DROUGHT/composites/x10/y10/2022/01/01/S2L2A_medcomp_x10y10_202201_B04.tif
2025-08-27 21:55:54,914 - INFO - composites.py:432 - Write B05 -> //nas-rs.topo.auth.gr/Latomeia/DROUGHT/composites/x10/y10/2022/01/01/S2L2A_medcomp_x10y10_202201_B05.tif
2025-08-27 21:55:58,797 - INFO - composites.py:432 - Write B07 -> //nas-rs.topo.auth.gr/Latomeia/DROUGHT/composites/x10/y10/2022/01/01/S2L2A_medcomp_x10y10_202201_B07.tif
2025-08-27 21:56:02,874 - INFO - composites.py:432 - Write B8A -> //nas-rs.topo.auth.gr/Latomeia/DROUGHT/composites/x10/y10/2022/01/01/S2L2A_medcomp_x10y10_202201_B8A.tif
2025-08-27 21:56:07,187 - INFO - composites.py:432 - Write EVI -> //nas-rs.topo.auth.gr/Latomeia/DROUGHT/composites/x10/y10/2022/01/01/S2L2A_medcomp_x10y10_202201_EVI.tif
2025-08-27 21:56:11,444 - INFO - composites.py:432 - Write NDVI -> //nas-rs.topo.auth.gr/Latomeia/DROUGHT/composites/x10/y10/2022/01/01/S2L2A_medcomp_x10y10_202201_NDVI.tif
2025-08-27 21:56:15,594 - INFO - composites.py:432 - Write PSRI2 -> //nas-rs.topo.auth.gr/Latomeia/DROUGHT/composites/x10/y10/2022/01/01/S2L2A_medcomp_x10y10_202201_PSRI2.tif
2025-08-27 21:56:15,611 - INFO - composites.py:436 - Prepare metadata YAML document
2025-08-27 21:56:16,167 - INFO - composites.py:458 - Write metadata YAML document to disk
2025-08-27 21:56:16,228 - INFO - composites.py:463 - Create datacube.model.Dataset from eo3 metadata
2025-08-27 21:56:16,238 - INFO - composites.py:474 - Index to datacube
2025-08-27 21:56:16,238 - INFO - _datasets.py:191 - Indexing 27073efd-e307-4d4b-ad8c-7a336a5cd9a6
2025-08-27 21:56:16,249 - INFO - composites.py:477 - 
2025-08-27 21:56:16,249 - INFO - composites.py:478 -              ✔✔✔ COMPLETED: Tile x10_y10 | Time: 2022-01 | In 9.89 minutes
2025-08-27 21:56:16,249 - INFO - composites.py:479 - 
2025-08-27 21:56:16,249 - INFO - composites.py:487 - Closing Dask client
2025-08-27 21:56:16,251 - INFO - composites.py:491 - Closing Dask cluster
2025-08-27 21:56:16,251 - INFO - composites.py:492 - #######################################################################
