2025-08-24 23:45:07,341 - INFO - composites.py:102 - #######################################################################
2025-08-24 23:45:07,341 - INFO - composites.py:104 - Processing started
2025-08-24 23:45:07,341 - INFO - composites.py:105 -         Tile: x10_y07
2025-08-24 23:45:07,341 - INFO - composites.py:106 -         Time: 2020-02
2025-08-24 23:45:07,341 - INFO - composites.py:109 -                           
2025-08-24 23:45:07,341 - INFO - composites.py:110 - Establishing connection to datacube
2025-08-24 23:45:07,834 - INFO - composites.py:113 -                           
2025-08-24 23:45:07,836 - INFO - composites.py:114 - Sanity test: Check if dataset already exists in the datacube
2025-08-24 23:45:07,852 - INFO - composites.py:133 - The composite requested was not found and it will be computed
2025-08-24 23:45:07,852 - INFO - composites.py:136 -                                  
2025-08-24 23:45:07,852 - INFO - composites.py:137 - Initializing Dask cluster for parallelization
2025-08-24 23:45:12,693 - INFO - composites.py:161 - Dask dashboard is available at: http://127.0.0.1:8787/status
2025-08-24 23:45:12,694 - INFO - composites.py:164 - Create directories and naming conversions
2025-08-24 23:45:12,702 - INFO - composites.py:175 - Dataset location: //nas-rs.topo.auth.gr/Latomeia/DROUGHT/COMPOS/2020/02/x10_y07
2025-08-24 23:45:12,702 - INFO - composites.py:178 -                           
2025-08-24 23:45:12,702 - INFO - composites.py:179 - Retrieve tile geometry
2025-08-24 23:45:12,730 - INFO - composites.py:190 - Create the Bounding Box (φ,λ)
2025-08-24 23:45:12,730 - INFO - composites.py:196 - Create the Bounding Box (x,y)
2025-08-24 23:45:12,730 - INFO - composites.py:209 -                           
2025-08-24 23:45:12,730 - INFO - composites.py:210 - Connect to Planetary Computer STAC Catalog
2025-08-24 23:45:12,942 - INFO - composites.py:218 - Search the STAC Catalog
2025-08-24 23:45:13,010 - INFO - composites.py:230 -         Query parameters:
2025-08-24 23:45:13,010 - INFO - composites.py:231 -             url:          https://planetarycomputer.microsoft.com/api/stac/v1/search
2025-08-24 23:45:13,010 - INFO - composites.py:232 -             client:       microsoft-pc
2025-08-24 23:45:13,010 - INFO - composites.py:233 -             collection:   sentinel-2-l2a
2025-08-24 23:45:13,010 - INFO - composites.py:234 -             bbox:         (22.240528254350007, 36.43261500541467, 22.895662885042924, 36.983478733191035)
2025-08-24 23:45:13,010 - INFO - composites.py:235 -             time range:   2020-02-01T00:00:00Z/2020-02-29T23:59:59Z
2025-08-24 23:45:13,010 - INFO - composites.py:236 -             cloud cover:  0% - 70%
2025-08-24 23:45:13,010 - INFO - composites.py:237 -             nodata cover: 0% - 33%
2025-08-24 23:45:13,010 - INFO - composites.py:239 -                           
2025-08-24 23:45:13,010 - INFO - composites.py:240 - Searching...
2025-08-24 23:45:13,443 - INFO - composites.py:243 - Query found 20 items
2025-08-24 23:45:13,443 - INFO - composites.py:245 - Searching for GRI REFINED scenes:
2025-08-24 23:45:17,327 - INFO - sentinel2.py:78 - 1/20 - S2B_MSIL2A_20200228T092029_R093_T34SFG_20200929T011218 -> Not Found
2025-08-24 23:45:20,356 - INFO - sentinel2.py:78 - 2/20 - S2B_MSIL2A_20200228T092029_R093_T34SFF_20200929T011214 -> Not Found
2025-08-24 23:45:23,991 - INFO - sentinel2.py:78 - 3/20 - S2B_MSIL2A_20200225T090849_R050_T34SFG_20200928T090640 -> Not Found
2025-08-24 23:45:27,824 - INFO - sentinel2.py:78 - 4/20 - S2B_MSIL2A_20200225T090849_R050_T34SFF_20200928T090638 -> Not Found
2025-08-24 23:45:31,740 - INFO - sentinel2.py:78 - 5/20 - S2A_MSIL2A_20200223T092021_R093_T34SFG_20200927T221857 -> Not Found
2025-08-24 23:45:35,929 - INFO - sentinel2.py:78 - 6/20 - S2A_MSIL2A_20200223T092021_R093_T34SFF_20200927T221858 -> Not Found
2025-08-24 23:45:39,501 - INFO - sentinel2.py:78 - 7/20 - S2A_MSIL2A_20200220T091011_R050_T34SFG_20200930T033705 -> Not Found
2025-08-24 23:45:42,507 - INFO - sentinel2.py:78 - 8/20 - S2A_MSIL2A_20200220T091011_R050_T34SFF_20200930T033703 -> Not Found
2025-08-24 23:45:48,988 - INFO - sentinel2.py:78 - 9/20 - S2B_MSIL2A_20200218T092029_R093_T34SFG_20200929T210040 -> Not Found
2025-08-24 23:45:52,704 - INFO - sentinel2.py:78 - 10/20 - S2B_MSIL2A_20200218T092029_R093_T34SFF_20200929T210034 -> Not Found
2025-08-24 23:45:56,794 - INFO - sentinel2.py:78 - 11/20 - S2A_MSIL2A_20200213T092101_R093_T34SFG_20201001T210836 -> Not Found
2025-08-24 23:46:00,976 - INFO - sentinel2.py:78 - 12/20 - S2A_MSIL2A_20200213T092101_R093_T34SFF_20201001T210830 -> Not Found
2025-08-24 23:46:04,010 - INFO - sentinel2.py:78 - 13/20 - S2A_MSIL2A_20200210T091121_R050_T34SFG_20201001T141449 -> Not Found
2025-08-24 23:46:08,224 - INFO - sentinel2.py:78 - 14/20 - S2A_MSIL2A_20200210T091121_R050_T34SFF_20201001T141448 -> Not Found
2025-08-24 23:46:12,504 - INFO - sentinel2.py:78 - 15/20 - S2B_MSIL2A_20200208T092039_R093_T34SFG_20201001T095507 -> Not Found
2025-08-24 23:46:16,715 - INFO - sentinel2.py:78 - 16/20 - S2B_MSIL2A_20200208T092039_R093_T34SFF_20201001T095501 -> Not Found
2025-08-24 23:46:21,029 - INFO - sentinel2.py:78 - 17/20 - S2B_MSIL2A_20200205T091049_R050_T34SFG_20200930T234251 -> Not Found
2025-08-24 23:46:25,225 - INFO - sentinel2.py:78 - 18/20 - S2B_MSIL2A_20200205T091049_R050_T34SFF_20200930T234250 -> Not Found
2025-08-24 23:46:29,403 - INFO - sentinel2.py:78 - 19/20 - S2A_MSIL2A_20200203T092201_R093_T34SFG_20200930T150112 -> Not Found
2025-08-24 23:46:32,432 - INFO - sentinel2.py:78 - 20/20 - S2A_MSIL2A_20200203T092201_R093_T34SFF_20200930T150105 -> Not Found
2025-08-24 23:46:32,459 - INFO - composites.py:248 -                                  
2025-08-24 23:46:32,459 - INFO - composites.py:249 - 0/20 were refined by GRI.
2025-08-24 23:46:32,459 - WARNING - composites.py:253 - Tile x10_y07 | Time: 2020-02: All scenes are flagged NOT REFINED.
2025-08-24 23:46:32,459 - WARNING - composites.py:254 - Tile x10_y07 | Time: 2020-02: The composite will be flagged with _NOREFINED.
2025-08-24 23:46:32,459 - INFO - composites.py:261 - Looking for up to 10 cleanest images within spatiotemporal range of each MGRS tile
2025-08-24 23:46:32,461 - INFO - composites.py:275 - Filtered cleanest scenes: Kept 20 out of 20 items. 
2025-08-24 23:46:32,461 - INFO - composites.py:276 -         Included MGRS Tiles: ['34SFF' '34SFG']
2025-08-24 23:46:32,461 - INFO - composites.py:277 -         Included EPSG codes: [32634]
2025-08-24 23:46:32,461 - INFO - composites.py:279 - Selected scenes:
2025-08-24 23:46:32,461 - INFO - composites.py:281 -         S2B_MSIL2A_20200225T090849_R050_T34SFF_20200928T090638
2025-08-24 23:46:32,461 - INFO - composites.py:281 -         S2B_MSIL2A_20200218T092029_R093_T34SFF_20200929T210034
2025-08-24 23:46:32,461 - INFO - composites.py:281 -         S2A_MSIL2A_20200203T092201_R093_T34SFF_20200930T150105
2025-08-24 23:46:32,462 - INFO - composites.py:281 -         S2A_MSIL2A_20200210T091121_R050_T34SFF_20201001T141448
2025-08-24 23:46:32,462 - INFO - composites.py:281 -         S2B_MSIL2A_20200208T092039_R093_T34SFF_20201001T095501
2025-08-24 23:46:32,462 - INFO - composites.py:281 -         S2B_MSIL2A_20200228T092029_R093_T34SFF_20200929T011214
2025-08-24 23:46:32,462 - INFO - composites.py:281 -         S2A_MSIL2A_20200213T092101_R093_T34SFF_20201001T210830
2025-08-24 23:46:32,462 - INFO - composites.py:281 -         S2A_MSIL2A_20200220T091011_R050_T34SFF_20200930T033703
2025-08-24 23:46:32,462 - INFO - composites.py:281 -         S2B_MSIL2A_20200205T091049_R050_T34SFF_20200930T234250
2025-08-24 23:46:32,462 - INFO - composites.py:281 -         S2A_MSIL2A_20200223T092021_R093_T34SFF_20200927T221858
2025-08-24 23:46:32,462 - INFO - composites.py:281 -         S2B_MSIL2A_20200218T092029_R093_T34SFG_20200929T210040
2025-08-24 23:46:32,462 - INFO - composites.py:281 -         S2B_MSIL2A_20200225T090849_R050_T34SFG_20200928T090640
2025-08-24 23:46:32,462 - INFO - composites.py:281 -         S2A_MSIL2A_20200210T091121_R050_T34SFG_20201001T141449
2025-08-24 23:46:32,462 - INFO - composites.py:281 -         S2A_MSIL2A_20200203T092201_R093_T34SFG_20200930T150112
2025-08-24 23:46:32,462 - INFO - composites.py:281 -         S2B_MSIL2A_20200208T092039_R093_T34SFG_20201001T095507
2025-08-24 23:46:32,462 - INFO - composites.py:281 -         S2B_MSIL2A_20200205T091049_R050_T34SFG_20200930T234251
2025-08-24 23:46:32,462 - INFO - composites.py:281 -         S2A_MSIL2A_20200213T092101_R093_T34SFG_20201001T210836
2025-08-24 23:46:32,462 - INFO - composites.py:281 -         S2A_MSIL2A_20200220T091011_R050_T34SFG_20200930T033705
2025-08-24 23:46:32,462 - INFO - composites.py:281 -         S2A_MSIL2A_20200223T092021_R093_T34SFG_20200927T221857
2025-08-24 23:46:32,462 - INFO - composites.py:281 -         S2B_MSIL2A_20200228T092029_R093_T34SFG_20200929T011218
2025-08-24 23:46:32,857 - INFO - sentinel2.py:154 - Matplotlib backend: Agg
2025-08-24 23:46:33,160 - INFO - sentinel2.py:224 - Write input scenes footprint overlay: //nas-rs.topo.auth.gr/Latomeia/DROUGHT/COMPOS/2020/02/x10_y07/S2L2A_medcomp_x10_y07_202002_InDataFootprint.jpeg
2025-08-24 23:46:33,423 - INFO - composites.py:295 -                                  
2025-08-24 23:46:33,423 - INFO - composites.py:296 - Downstream STAC items from Planetary Computer
2025-08-24 23:46:33,423 - INFO - timeseries_processing.py:115 -                                  
2025-08-24 23:46:33,423 - INFO - timeseries_processing.py:116 - Loading bands of diferent resolutions in EPSG:32634
2025-08-24 23:46:33,423 - INFO - timeseries_processing.py:120 -     Filtering items with native UTM EPSG:32634
2025-08-24 23:46:33,423 - INFO - timeseries_processing.py:122 -     20 Items in EPSG:32634
2025-08-24 23:46:33,423 - INFO - timeseries_processing.py:129 -                        
2025-08-24 23:46:33,423 - INFO - timeseries_processing.py:130 -     Loading parameters:
2025-08-24 23:46:33,423 - INFO - timeseries_processing.py:131 -         Bands: ['B05', 'B07', 'B8A', 'SCL']
2025-08-24 23:46:33,423 - INFO - timeseries_processing.py:132 -         Spatial resolution: 20
2025-08-24 23:46:33,423 - INFO - timeseries_processing.py:134 -         Get Assets from STAC Items
2025-08-24 23:46:33,423 - INFO - timeseries_processing.py:47 -         Initialize the STAC client
2025-08-24 23:46:33,993 - INFO - timeseries_processing.py:137 -         Loading 20 STAC Items....
2025-08-24 23:48:16,830 - INFO - timeseries_processing.py:146 -         Cube has been downloaded
2025-08-24 23:48:16,831 - INFO - timeseries_processing.py:156 -         Fix order of dimensions
2025-08-24 23:48:16,831 - INFO - timeseries_processing.py:161 -         Append bands to the band-list of EPSG:32634
2025-08-24 23:48:16,832 - INFO - timeseries_processing.py:129 -                        
2025-08-24 23:48:16,833 - INFO - timeseries_processing.py:130 -     Loading parameters:
2025-08-24 23:48:16,834 - INFO - timeseries_processing.py:131 -         Bands: ['B02', 'B03', 'B04']
2025-08-24 23:48:16,834 - INFO - timeseries_processing.py:132 -         Spatial resolution: 10
2025-08-24 23:48:16,835 - INFO - timeseries_processing.py:134 -         Get Assets from STAC Items
2025-08-24 23:48:16,835 - INFO - timeseries_processing.py:47 -         Initialize the STAC client
2025-08-24 23:48:17,430 - INFO - timeseries_processing.py:137 -         Loading 20 STAC Items....
2025-08-24 23:51:16,319 - INFO - timeseries_processing.py:146 -         Cube has been downloaded
2025-08-24 23:51:16,319 - INFO - timeseries_processing.py:149 -         Reproject to downsample 10m bands to 20m by Resampling.average 2x2 binning and shape matching with odc.geo.GeoBox
2025-08-24 23:51:31,299 - INFO - timeseries_processing.py:161 -         Append bands to the band-list of EPSG:32634
2025-08-24 23:51:31,299 - INFO - timeseries_processing.py:165 -                        
2025-08-24 23:51:31,299 - INFO - timeseries_processing.py:166 -     Merging bands in a single dataset
2025-08-24 23:51:31,299 - INFO - timeseries_processing.py:167 -     Ensure all partial datasets are at (x=20, y=-20) resolution
2025-08-24 23:51:31,300 - INFO - timeseries_processing.py:171 -     Clip to the intersection of indexes
2025-08-24 23:51:32,279 - INFO - timeseries_processing.py:180 -     Make a list of bands to merge
2025-08-24 23:51:32,280 - INFO - timeseries_processing.py:184 -     Merge on intersection
2025-08-24 23:51:32,281 - INFO - timeseries_processing.py:192 -     Apply masks on clouds, shadows, thin cirrus, and snow/ice
2025-08-24 23:51:32,281 - INFO - sentinel2.py:122 -                Masking bits: [3, 7, 8, 9, 10, 11]
2025-08-24 23:51:33,524 - INFO - composites.py:305 - Reproject from UTM Zone to Tile geometry -> CRS(EPSG:32634), Resampling.bilinear
2025-08-24 23:51:40,226 - INFO - composites.py:308 -     New shape of datasets: Shape2d(x=2400, y=2400)
2025-08-24 23:51:40,968 - INFO - composites.py:340 - Creating preview plot of input scenes
2025-08-24 23:52:12,745 - INFO - timeseries_processing.py:349 - Saved preview for 'B04' to //nas-rs.topo.auth.gr/Latomeia/DROUGHT/COMPOS/2020/02/x10_y07/S2L2A_medcomp_x10_y07_202002_InDataPreview.jpeg
2025-08-24 23:52:12,751 - INFO - composites.py:346 - Clip value range
2025-08-24 23:52:14,775 - INFO - composites.py:351 -                           
2025-08-24 23:52:14,782 - INFO - composites.py:352 - Computing spectral indices:
2025-08-24 23:52:14,782 - INFO - composites.py:355 -     EVI...
2025-08-24 23:52:15,991 - INFO - composites.py:357 -     NDVI...
2025-08-24 23:52:16,397 - INFO - composites.py:359 -     PSRI2...
2025-08-24 23:52:16,682 - INFO - composites.py:362 - Clip to typical value range
2025-08-24 23:52:17,060 - INFO - composites.py:369 - Reducing to median value temporal composite
2025-08-24 23:52:42,708 - INFO - composites.py:388 - Scale and Define data types & nodata per band
2025-08-24 23:52:42,850 - INFO - composites.py:409 - Assign time range and tile ID in metadata
2025-08-24 23:52:42,850 - INFO - composites.py:417 - Write bands to raster COG files
2025-08-24 23:52:47,140 - INFO - composites.py:430 - Write B02 -> //nas-rs.topo.auth.gr/Latomeia/DROUGHT/COMPOS/2020/02/x10_y07/S2L2A_medcomp_x10_y07_202002_B02.tif
2025-08-24 23:52:51,349 - INFO - composites.py:430 - Write B03 -> //nas-rs.topo.auth.gr/Latomeia/DROUGHT/COMPOS/2020/02/x10_y07/S2L2A_medcomp_x10_y07_202002_B03.tif
2025-08-24 23:52:55,206 - INFO - composites.py:430 - Write B04 -> //nas-rs.topo.auth.gr/Latomeia/DROUGHT/COMPOS/2020/02/x10_y07/S2L2A_medcomp_x10_y07_202002_B04.tif
2025-08-24 23:52:59,717 - INFO - composites.py:430 - Write B05 -> //nas-rs.topo.auth.gr/Latomeia/DROUGHT/COMPOS/2020/02/x10_y07/S2L2A_medcomp_x10_y07_202002_B05.tif
2025-08-24 23:53:03,560 - INFO - composites.py:430 - Write B07 -> //nas-rs.topo.auth.gr/Latomeia/DROUGHT/COMPOS/2020/02/x10_y07/S2L2A_medcomp_x10_y07_202002_B07.tif
2025-08-24 23:53:07,416 - INFO - composites.py:430 - Write B8A -> //nas-rs.topo.auth.gr/Latomeia/DROUGHT/COMPOS/2020/02/x10_y07/S2L2A_medcomp_x10_y07_202002_B8A.tif
2025-08-24 23:53:11,466 - INFO - composites.py:430 - Write EVI -> //nas-rs.topo.auth.gr/Latomeia/DROUGHT/COMPOS/2020/02/x10_y07/S2L2A_medcomp_x10_y07_202002_EVI.tif
2025-08-24 23:53:15,381 - INFO - composites.py:430 - Write NDVI -> //nas-rs.topo.auth.gr/Latomeia/DROUGHT/COMPOS/2020/02/x10_y07/S2L2A_medcomp_x10_y07_202002_NDVI.tif
2025-08-24 23:53:19,226 - INFO - composites.py:430 - Write PSRI2 -> //nas-rs.topo.auth.gr/Latomeia/DROUGHT/COMPOS/2020/02/x10_y07/S2L2A_medcomp_x10_y07_202002_PSRI2.tif
2025-08-24 23:53:19,238 - INFO - composites.py:434 - Prepare metadata YAML document
2025-08-24 23:53:19,883 - INFO - composites.py:455 - Write metadata YAML document to disk
2025-08-24 23:53:19,930 - INFO - composites.py:460 - Create datacube.model.Dataset from eo3 metadata
2025-08-24 23:53:19,940 - INFO - composites.py:471 - Index to datacube
2025-08-24 23:53:19,940 - INFO - _datasets.py:191 - Indexing 267757f5-8c4b-4722-9096-7859d1fa6d4f
2025-08-24 23:53:19,949 - INFO - composites.py:474 - 
2025-08-24 23:53:19,949 - INFO - composites.py:475 -              ✔✔✔ COMPLETED: Tile x10_y07 | Time: 2020-02 | In 8.21 minutes
2025-08-24 23:53:19,949 - INFO - composites.py:476 - 
2025-08-24 23:53:19,949 - INFO - composites.py:484 - Closing Dask client
2025-08-24 23:53:19,952 - INFO - composites.py:488 - Closing Dask cluster
2025-08-24 23:53:19,952 - INFO - composites.py:489 - #######################################################################
