2025-08-25 05:05:36,657 - INFO - composites.py:102 - #######################################################################
2025-08-25 05:05:36,658 - INFO - composites.py:104 - Processing started
2025-08-25 05:05:36,658 - INFO - composites.py:105 -         Tile: x10_y10
2025-08-25 05:05:36,658 - INFO - composites.py:106 -         Time: 2020-04
2025-08-25 05:05:36,658 - INFO - composites.py:109 -                           
2025-08-25 05:05:36,658 - INFO - composites.py:110 - Establishing connection to datacube
2025-08-25 05:05:37,169 - INFO - composites.py:113 -                           
2025-08-25 05:05:37,172 - INFO - composites.py:114 - Sanity test: Check if dataset already exists in the datacube
2025-08-25 05:05:37,188 - INFO - composites.py:133 - The composite requested was not found and it will be computed
2025-08-25 05:05:37,188 - INFO - composites.py:136 -                                  
2025-08-25 05:05:37,188 - INFO - composites.py:137 - Initializing Dask cluster for parallelization
2025-08-25 05:05:42,033 - INFO - composites.py:161 - Dask dashboard is available at: http://127.0.0.1:8787/status
2025-08-25 05:05:42,033 - INFO - composites.py:164 - Create directories and naming conversions
2025-08-25 05:05:42,041 - INFO - composites.py:175 - Dataset location: //nas-rs.topo.auth.gr/Latomeia/DROUGHT/COMPOS/2020/04/x10_y10
2025-08-25 05:05:42,041 - INFO - composites.py:178 -                           
2025-08-25 05:05:42,041 - INFO - composites.py:179 - Retrieve tile geometry
2025-08-25 05:05:42,069 - INFO - composites.py:190 - Create the Bounding Box (φ,λ)
2025-08-25 05:05:42,069 - INFO - composites.py:196 - Create the Bounding Box (x,y)
2025-08-25 05:05:42,070 - INFO - composites.py:209 -                           
2025-08-25 05:05:42,070 - INFO - composites.py:210 - Connect to Planetary Computer STAC Catalog
2025-08-25 05:05:42,340 - INFO - composites.py:218 - Search the STAC Catalog
2025-08-25 05:05:42,409 - INFO - composites.py:230 -         Query parameters:
2025-08-25 05:05:42,409 - INFO - composites.py:231 -             url:          https://planetarycomputer.microsoft.com/api/stac/v1/search
2025-08-25 05:05:42,411 - INFO - composites.py:232 -             client:       microsoft-pc
2025-08-25 05:05:42,411 - INFO - composites.py:233 -             collection:   sentinel-2-l2a
2025-08-25 05:05:42,411 - INFO - composites.py:234 -             bbox:         (22.471633479946853, 37.72008040922633, 23.140477503527134, 38.27146676750315)
2025-08-25 05:05:42,411 - INFO - composites.py:235 -             time range:   2020-04-01T00:00:00Z/2020-04-30T23:59:59Z
2025-08-25 05:05:42,411 - INFO - composites.py:236 -             cloud cover:  0% - 70%
2025-08-25 05:05:42,411 - INFO - composites.py:237 -             nodata cover: 0% - 33%
2025-08-25 05:05:42,411 - INFO - composites.py:239 -                           
2025-08-25 05:05:42,411 - INFO - composites.py:240 - Searching...
2025-08-25 05:05:43,163 - INFO - composites.py:243 - Query found 13 items
2025-08-25 05:05:43,163 - INFO - composites.py:245 - Searching for GRI REFINED scenes:
2025-08-25 05:05:49,263 - INFO - sentinel2.py:78 - 1/13 - S2A_MSIL2A_20200430T090601_R050_T34SFG_20200922T165017 -> Not Found
2025-08-25 05:05:55,182 - INFO - sentinel2.py:78 - 2/13 - S2B_MSIL2A_20200428T092029_R093_T34SFH_20200922T115948 -> Not Found
2025-08-25 05:06:00,919 - INFO - sentinel2.py:78 - 3/13 - S2B_MSIL2A_20200428T092029_R093_T34SFG_20200922T115943 -> Not Found
2025-08-25 05:06:07,709 - INFO - sentinel2.py:78 - 4/13 - S2B_MSIL2A_20200425T090549_R050_T34SFG_20200922T021647 -> Not Found
2025-08-25 05:06:13,565 - INFO - sentinel2.py:78 - 5/13 - S2A_MSIL2A_20200423T092031_R093_T34SFH_20200921T181609 -> Not Found
2025-08-25 05:06:19,585 - INFO - sentinel2.py:78 - 6/13 - S2B_MSIL2A_20200418T092029_R093_T34SFH_20201027T070303 -> Not Found
2025-08-25 05:06:25,118 - INFO - sentinel2.py:78 - 7/13 - S2B_MSIL2A_20200418T092029_R093_T34SFG_20200924T015508 -> Not Found
2025-08-25 05:06:30,626 - INFO - sentinel2.py:78 - 8/13 - S2B_MSIL2A_20200415T090549_R050_T34SFG_20200923T160337 -> Not Found
2025-08-25 05:06:35,445 - INFO - sentinel2.py:78 - 9/13 - S2A_MSIL2A_20200413T092031_R093_T34SFH_20200923T074738 -> Not Found
2025-08-25 05:06:40,712 - INFO - sentinel2.py:78 - 10/13 - S2A_MSIL2A_20200413T092031_R093_T34SFG_20200923T074739 -> Not Found
2025-08-25 05:06:46,172 - INFO - sentinel2.py:78 - 11/13 - S2A_MSIL2A_20200410T090551_R050_T34SFG_20200925T182828 -> Not Found
2025-08-25 05:06:51,889 - INFO - sentinel2.py:78 - 12/13 - S2B_MSIL2A_20200408T092029_R093_T34SFH_20200925T133434 -> Not Found
2025-08-25 05:06:56,851 - INFO - sentinel2.py:78 - 13/13 - S2B_MSIL2A_20200408T092029_R093_T34SFG_20200925T133431 -> Not Found
2025-08-25 05:06:56,888 - INFO - composites.py:248 -                                  
2025-08-25 05:06:56,888 - INFO - composites.py:249 - 0/13 were refined by GRI.
2025-08-25 05:06:56,888 - WARNING - composites.py:253 - Tile x10_y10 | Time: 2020-04: All scenes are flagged NOT REFINED.
2025-08-25 05:06:56,888 - WARNING - composites.py:254 - Tile x10_y10 | Time: 2020-04: The composite will be flagged with _NOREFINED.
2025-08-25 05:06:56,889 - INFO - composites.py:261 - Looking for up to 10 cleanest images within spatiotemporal range of each MGRS tile
2025-08-25 05:06:56,889 - INFO - composites.py:275 - Filtered cleanest scenes: Kept 13 out of 13 items. 
2025-08-25 05:06:56,890 - INFO - composites.py:276 -         Included MGRS Tiles: ['34SFG' '34SFH']
2025-08-25 05:06:56,890 - INFO - composites.py:277 -         Included EPSG codes: [32634]
2025-08-25 05:06:56,890 - INFO - composites.py:279 - Selected scenes:
2025-08-25 05:06:56,890 - INFO - composites.py:281 -         S2B_MSIL2A_20200418T092029_R093_T34SFG_20200924T015508
2025-08-25 05:06:56,890 - INFO - composites.py:281 -         S2A_MSIL2A_20200410T090551_R050_T34SFG_20200925T182828
2025-08-25 05:06:56,890 - INFO - composites.py:281 -         S2B_MSIL2A_20200425T090549_R050_T34SFG_20200922T021647
2025-08-25 05:06:56,890 - INFO - composites.py:281 -         S2B_MSIL2A_20200428T092029_R093_T34SFG_20200922T115943
2025-08-25 05:06:56,890 - INFO - composites.py:281 -         S2B_MSIL2A_20200408T092029_R093_T34SFG_20200925T133431
2025-08-25 05:06:56,890 - INFO - composites.py:281 -         S2A_MSIL2A_20200430T090601_R050_T34SFG_20200922T165017
2025-08-25 05:06:56,890 - INFO - composites.py:281 -         S2A_MSIL2A_20200413T092031_R093_T34SFG_20200923T074739
2025-08-25 05:06:56,890 - INFO - composites.py:281 -         S2B_MSIL2A_20200415T090549_R050_T34SFG_20200923T160337
2025-08-25 05:06:56,890 - INFO - composites.py:281 -         S2B_MSIL2A_20200418T092029_R093_T34SFH_20201027T070303
2025-08-25 05:06:56,890 - INFO - composites.py:281 -         S2B_MSIL2A_20200428T092029_R093_T34SFH_20200922T115948
2025-08-25 05:06:56,890 - INFO - composites.py:281 -         S2A_MSIL2A_20200413T092031_R093_T34SFH_20200923T074738
2025-08-25 05:06:56,890 - INFO - composites.py:281 -         S2B_MSIL2A_20200408T092029_R093_T34SFH_20200925T133434
2025-08-25 05:06:56,890 - INFO - composites.py:281 -         S2A_MSIL2A_20200423T092031_R093_T34SFH_20200921T181609
2025-08-25 05:06:57,266 - INFO - sentinel2.py:154 - Matplotlib backend: Agg
2025-08-25 05:06:57,518 - INFO - sentinel2.py:224 - Write input scenes footprint overlay: //nas-rs.topo.auth.gr/Latomeia/DROUGHT/COMPOS/2020/04/x10_y10/S2L2A_medcomp_x10_y10_202004_InDataFootprint.jpeg
2025-08-25 05:06:57,761 - INFO - composites.py:295 -                                  
2025-08-25 05:06:57,761 - INFO - composites.py:296 - Downstream STAC items from Planetary Computer
2025-08-25 05:06:57,761 - INFO - timeseries_processing.py:115 -                                  
2025-08-25 05:06:57,761 - INFO - timeseries_processing.py:116 - Loading bands of diferent resolutions in EPSG:32634
2025-08-25 05:06:57,761 - INFO - timeseries_processing.py:120 -     Filtering items with native UTM EPSG:32634
2025-08-25 05:06:57,761 - INFO - timeseries_processing.py:122 -     13 Items in EPSG:32634
2025-08-25 05:06:57,761 - INFO - timeseries_processing.py:129 -                        
2025-08-25 05:06:57,761 - INFO - timeseries_processing.py:130 -     Loading parameters:
2025-08-25 05:06:57,761 - INFO - timeseries_processing.py:131 -         Bands: ['B05', 'B07', 'B8A', 'SCL']
2025-08-25 05:06:57,761 - INFO - timeseries_processing.py:132 -         Spatial resolution: 20
2025-08-25 05:06:57,761 - INFO - timeseries_processing.py:134 -         Get Assets from STAC Items
2025-08-25 05:06:57,761 - INFO - timeseries_processing.py:47 -         Initialize the STAC client
2025-08-25 05:06:58,258 - INFO - timeseries_processing.py:137 -         Loading 13 STAC Items....
2025-08-25 05:09:02,571 - INFO - timeseries_processing.py:146 -         Cube has been downloaded
2025-08-25 05:09:02,571 - INFO - timeseries_processing.py:156 -         Fix order of dimensions
2025-08-25 05:09:02,573 - INFO - timeseries_processing.py:161 -         Append bands to the band-list of EPSG:32634
2025-08-25 05:09:02,573 - INFO - timeseries_processing.py:129 -                        
2025-08-25 05:09:02,575 - INFO - timeseries_processing.py:130 -     Loading parameters:
2025-08-25 05:09:02,575 - INFO - timeseries_processing.py:131 -         Bands: ['B02', 'B03', 'B04']
2025-08-25 05:09:02,575 - INFO - timeseries_processing.py:132 -         Spatial resolution: 10
2025-08-25 05:09:02,575 - INFO - timeseries_processing.py:134 -         Get Assets from STAC Items
2025-08-25 05:09:02,575 - INFO - timeseries_processing.py:47 -         Initialize the STAC client
2025-08-25 05:09:03,130 - INFO - timeseries_processing.py:137 -         Loading 13 STAC Items....
2025-08-25 05:12:41,874 - INFO - timeseries_processing.py:146 -         Cube has been downloaded
2025-08-25 05:12:41,874 - INFO - timeseries_processing.py:149 -         Reproject to downsample 10m bands to 20m by Resampling.average 2x2 binning and shape matching with odc.geo.GeoBox
2025-08-25 05:12:54,232 - INFO - timeseries_processing.py:161 -         Append bands to the band-list of EPSG:32634
2025-08-25 05:12:54,232 - INFO - timeseries_processing.py:165 -                        
2025-08-25 05:12:54,232 - INFO - timeseries_processing.py:166 -     Merging bands in a single dataset
2025-08-25 05:12:54,232 - INFO - timeseries_processing.py:167 -     Ensure all partial datasets are at (x=20, y=-20) resolution
2025-08-25 05:12:54,233 - INFO - timeseries_processing.py:171 -     Clip to the intersection of indexes
2025-08-25 05:12:55,201 - INFO - timeseries_processing.py:180 -     Make a list of bands to merge
2025-08-25 05:12:55,202 - INFO - timeseries_processing.py:184 -     Merge on intersection
2025-08-25 05:12:55,203 - INFO - timeseries_processing.py:192 -     Apply masks on clouds, shadows, thin cirrus, and snow/ice
2025-08-25 05:12:55,203 - INFO - sentinel2.py:122 -                Masking bits: [3, 7, 8, 9, 10, 11]
2025-08-25 05:12:56,308 - INFO - composites.py:305 - Reproject from UTM Zone to Tile geometry -> CRS(EPSG:32634), Resampling.bilinear
2025-08-25 05:13:02,276 - INFO - composites.py:308 -     New shape of datasets: Shape2d(x=2400, y=2400)
2025-08-25 05:13:03,029 - INFO - composites.py:340 - Creating preview plot of input scenes
2025-08-25 05:13:33,182 - INFO - timeseries_processing.py:349 - Saved preview for 'B04' to //nas-rs.topo.auth.gr/Latomeia/DROUGHT/COMPOS/2020/04/x10_y10/S2L2A_medcomp_x10_y10_202004_InDataPreview.jpeg
2025-08-25 05:13:33,187 - INFO - composites.py:346 - Clip value range
2025-08-25 05:13:34,907 - INFO - composites.py:351 -                           
2025-08-25 05:13:34,907 - INFO - composites.py:352 - Computing spectral indices:
2025-08-25 05:13:34,907 - INFO - composites.py:355 -     EVI...
2025-08-25 05:13:35,990 - INFO - composites.py:357 -     NDVI...
2025-08-25 05:13:36,323 - INFO - composites.py:359 -     PSRI2...
2025-08-25 05:13:36,631 - INFO - composites.py:362 - Clip to typical value range
2025-08-25 05:13:36,928 - INFO - composites.py:369 - Reducing to median value temporal composite
2025-08-25 05:14:03,892 - INFO - composites.py:388 - Scale and Define data types & nodata per band
2025-08-25 05:14:04,096 - INFO - composites.py:409 - Assign time range and tile ID in metadata
2025-08-25 05:14:04,097 - INFO - composites.py:417 - Write bands to raster COG files
2025-08-25 05:14:07,838 - INFO - composites.py:430 - Write B02 -> //nas-rs.topo.auth.gr/Latomeia/DROUGHT/COMPOS/2020/04/x10_y10/S2L2A_medcomp_x10_y10_202004_B02.tif
2025-08-25 05:14:11,518 - INFO - composites.py:430 - Write B03 -> //nas-rs.topo.auth.gr/Latomeia/DROUGHT/COMPOS/2020/04/x10_y10/S2L2A_medcomp_x10_y10_202004_B03.tif
2025-08-25 05:14:15,555 - INFO - composites.py:430 - Write B04 -> //nas-rs.topo.auth.gr/Latomeia/DROUGHT/COMPOS/2020/04/x10_y10/S2L2A_medcomp_x10_y10_202004_B04.tif
2025-08-25 05:14:19,327 - INFO - composites.py:430 - Write B05 -> //nas-rs.topo.auth.gr/Latomeia/DROUGHT/COMPOS/2020/04/x10_y10/S2L2A_medcomp_x10_y10_202004_B05.tif
2025-08-25 05:14:23,062 - INFO - composites.py:430 - Write B07 -> //nas-rs.topo.auth.gr/Latomeia/DROUGHT/COMPOS/2020/04/x10_y10/S2L2A_medcomp_x10_y10_202004_B07.tif
2025-08-25 05:14:26,764 - INFO - composites.py:430 - Write B8A -> //nas-rs.topo.auth.gr/Latomeia/DROUGHT/COMPOS/2020/04/x10_y10/S2L2A_medcomp_x10_y10_202004_B8A.tif
2025-08-25 05:14:30,456 - INFO - composites.py:430 - Write EVI -> //nas-rs.topo.auth.gr/Latomeia/DROUGHT/COMPOS/2020/04/x10_y10/S2L2A_medcomp_x10_y10_202004_EVI.tif
2025-08-25 05:14:34,200 - INFO - composites.py:430 - Write NDVI -> //nas-rs.topo.auth.gr/Latomeia/DROUGHT/COMPOS/2020/04/x10_y10/S2L2A_medcomp_x10_y10_202004_NDVI.tif
2025-08-25 05:14:37,886 - INFO - composites.py:430 - Write PSRI2 -> //nas-rs.topo.auth.gr/Latomeia/DROUGHT/COMPOS/2020/04/x10_y10/S2L2A_medcomp_x10_y10_202004_PSRI2.tif
2025-08-25 05:14:37,901 - INFO - composites.py:434 - Prepare metadata YAML document
2025-08-25 05:14:38,599 - INFO - composites.py:455 - Write metadata YAML document to disk
2025-08-25 05:14:38,647 - INFO - composites.py:460 - Create datacube.model.Dataset from eo3 metadata
2025-08-25 05:14:38,655 - INFO - composites.py:471 - Index to datacube
2025-08-25 05:14:38,655 - INFO - _datasets.py:191 - Indexing fb5fc95c-7032-49b6-ab06-7c857cd1a219
2025-08-25 05:14:38,664 - INFO - composites.py:474 - 
2025-08-25 05:14:38,664 - INFO - composites.py:475 -              ✔✔✔ COMPLETED: Tile x10_y10 | Time: 2020-04 | In 9.03 minutes
2025-08-25 05:14:38,664 - INFO - composites.py:476 - 
2025-08-25 05:14:38,664 - INFO - composites.py:484 - Closing Dask client
2025-08-25 05:14:38,666 - INFO - composites.py:488 - Closing Dask cluster
2025-08-25 05:14:38,666 - INFO - composites.py:489 - #######################################################################
