2025-08-24 20:17:55,682 - INFO - composites.py:102 - #######################################################################
2025-08-24 20:17:55,682 - INFO - composites.py:104 - Processing started
2025-08-24 20:17:55,682 - INFO - composites.py:105 -         Tile: x08_y10
2025-08-24 20:17:55,682 - INFO - composites.py:106 -         Time: 2020-01
2025-08-24 20:17:55,682 - INFO - composites.py:109 -                           
2025-08-24 20:17:55,682 - INFO - composites.py:110 - Establishing connection to datacube
2025-08-24 20:17:56,204 - INFO - composites.py:113 -                           
2025-08-24 20:17:56,206 - INFO - composites.py:114 - Sanity test: Check if dataset already exists in the datacube
2025-08-24 20:17:56,221 - INFO - composites.py:133 - The composite requested was not found and it will be computed
2025-08-24 20:17:56,221 - INFO - composites.py:136 -                                  
2025-08-24 20:17:56,221 - INFO - composites.py:137 - Initializing Dask cluster for parallelization
2025-08-24 20:18:01,202 - INFO - composites.py:161 - Dask dashboard is available at: http://127.0.0.1:8787/status
2025-08-24 20:18:01,202 - INFO - composites.py:164 - Create directories and naming conversions
2025-08-24 20:18:01,212 - INFO - composites.py:175 - Dataset location: //nas-rs.topo.auth.gr/Latomeia/DROUGHT/COMPOS/2020/01/x08_y10
2025-08-24 20:18:01,212 - INFO - composites.py:178 -                           
2025-08-24 20:18:01,212 - INFO - composites.py:179 - Retrieve tile geometry
2025-08-24 20:18:01,241 - INFO - composites.py:190 - Create the Bounding Box (φ,λ)
2025-08-24 20:18:01,241 - INFO - composites.py:196 - Create the Bounding Box (x,y)
2025-08-24 20:18:01,241 - INFO - composites.py:209 -                           
2025-08-24 20:18:01,241 - INFO - composites.py:210 - Connect to Planetary Computer STAC Catalog
2025-08-24 20:18:01,478 - INFO - composites.py:218 - Search the STAC Catalog
2025-08-24 20:18:01,547 - INFO - composites.py:230 -         Query parameters:
2025-08-24 20:18:01,547 - INFO - composites.py:231 -             url:          https://planetarycomputer.microsoft.com/api/stac/v1/search
2025-08-24 20:18:01,547 - INFO - composites.py:232 -             client:       microsoft-pc
2025-08-24 20:18:01,548 - INFO - composites.py:233 -             collection:   sentinel-2-l2a
2025-08-24 20:18:01,548 - INFO - composites.py:234 -             bbox:         (21.39721400014901, 37.8618519319046, 22.06142649589928, 38.40819969704171)
2025-08-24 20:18:01,548 - INFO - composites.py:235 -             time range:   2020-01-01T00:00:00Z/2020-01-31T23:59:59Z
2025-08-24 20:18:01,548 - INFO - composites.py:236 -             cloud cover:  0% - 70%
2025-08-24 20:18:01,548 - INFO - composites.py:237 -             nodata cover: 0% - 33%
2025-08-24 20:18:01,548 - INFO - composites.py:239 -                           
2025-08-24 20:18:01,548 - INFO - composites.py:240 - Searching...
2025-08-24 20:18:01,980 - INFO - composites.py:243 - Query found 10 items
2025-08-24 20:18:01,980 - INFO - composites.py:245 - Searching for GRI REFINED scenes:
2025-08-24 20:18:08,074 - INFO - sentinel2.py:78 - 1/10 - S2B_MSIL2A_20200129T092129_R093_T34SEG_20201002T144805 -> Not Found
2025-08-24 20:18:13,717 - INFO - sentinel2.py:78 - 2/10 - S2A_MSIL2A_20200124T092251_R093_T34SEH_20201002T083602 -> Not Found
2025-08-24 20:18:19,667 - INFO - sentinel2.py:78 - 3/10 - S2A_MSIL2A_20200124T092251_R093_T34SEG_20201002T083602 -> Not Found
2025-08-24 20:18:24,688 - INFO - sentinel2.py:78 - 4/10 - S2B_MSIL2A_20200119T092219_R093_T34SEG_20201002T205130 -> Not Found
2025-08-24 20:18:30,699 - INFO - sentinel2.py:78 - 5/10 - S2A_MSIL2A_20200114T092331_R093_T34SEH_20201002T182430 -> Not Found
2025-08-24 20:18:36,029 - INFO - sentinel2.py:78 - 6/10 - S2A_MSIL2A_20200114T092331_R093_T34SEG_20201002T182427 -> Not Found
2025-08-24 20:18:41,982 - INFO - sentinel2.py:78 - 7/10 - S2B_MSIL2A_20200109T092249_R093_T34SEH_20201029T174519 -> Not Found
2025-08-24 20:18:48,045 - INFO - sentinel2.py:78 - 8/10 - S2B_MSIL2A_20200109T092249_R093_T34SEG_20201029T174516 -> Not Found
2025-08-24 20:18:52,972 - INFO - sentinel2.py:78 - 9/10 - S2A_MSIL2A_20200104T092401_R093_T34SEH_20201002T224247 -> Not Found
2025-08-24 20:18:58,406 - INFO - sentinel2.py:78 - 10/10 - S2A_MSIL2A_20200104T092401_R093_T34SEG_20201002T224245 -> Not Found
2025-08-24 20:18:58,451 - INFO - composites.py:248 -                                  
2025-08-24 20:18:58,451 - INFO - composites.py:249 - 0/10 were refined by GRI.
2025-08-24 20:18:58,451 - WARNING - composites.py:253 - Tile x08_y10 | Time: 2020-01: All scenes are flagged NOT REFINED.
2025-08-24 20:18:58,451 - WARNING - composites.py:254 - Tile x08_y10 | Time: 2020-01: The composite will be flagged with _NOREFINED.
2025-08-24 20:18:58,451 - INFO - composites.py:261 - Looking for up to 10 cleanest images within spatiotemporal range of each MGRS tile
2025-08-24 20:18:58,452 - INFO - composites.py:275 - Filtered cleanest scenes: Kept 10 out of 10 items. 
2025-08-24 20:18:58,453 - INFO - composites.py:276 -         Included MGRS Tiles: ['34SEG' '34SEH']
2025-08-24 20:18:58,453 - INFO - composites.py:277 -         Included EPSG codes: [32634]
2025-08-24 20:18:58,454 - INFO - composites.py:279 - Selected scenes:
2025-08-24 20:18:58,454 - INFO - composites.py:281 -         S2B_MSIL2A_20200109T092249_R093_T34SEG_20201029T174516
2025-08-24 20:18:58,454 - INFO - composites.py:281 -         S2A_MSIL2A_20200104T092401_R093_T34SEG_20201002T224245
2025-08-24 20:18:58,454 - INFO - composites.py:281 -         S2A_MSIL2A_20200114T092331_R093_T34SEG_20201002T182427
2025-08-24 20:18:58,454 - INFO - composites.py:281 -         S2B_MSIL2A_20200129T092129_R093_T34SEG_20201002T144805
2025-08-24 20:18:58,454 - INFO - composites.py:281 -         S2A_MSIL2A_20200124T092251_R093_T34SEG_20201002T083602
2025-08-24 20:18:58,454 - INFO - composites.py:281 -         S2B_MSIL2A_20200119T092219_R093_T34SEG_20201002T205130
2025-08-24 20:18:58,454 - INFO - composites.py:281 -         S2A_MSIL2A_20200104T092401_R093_T34SEH_20201002T224247
2025-08-24 20:18:58,454 - INFO - composites.py:281 -         S2B_MSIL2A_20200109T092249_R093_T34SEH_20201029T174519
2025-08-24 20:18:58,454 - INFO - composites.py:281 -         S2A_MSIL2A_20200124T092251_R093_T34SEH_20201002T083602
2025-08-24 20:18:58,454 - INFO - composites.py:281 -         S2A_MSIL2A_20200114T092331_R093_T34SEH_20201002T182430
2025-08-24 20:18:58,822 - INFO - sentinel2.py:154 - Matplotlib backend: Agg
2025-08-24 20:18:58,979 - INFO - sentinel2.py:224 - Write input scenes footprint overlay: //nas-rs.topo.auth.gr/Latomeia/DROUGHT/COMPOS/2020/01/x08_y10/S2L2A_medcomp_x08_y10_202001_InDataFootprint.jpeg
2025-08-24 20:18:59,242 - INFO - composites.py:295 -                                  
2025-08-24 20:18:59,242 - INFO - composites.py:296 - Downstream STAC items from Planetary Computer
2025-08-24 20:18:59,242 - INFO - timeseries_processing.py:115 -                                  
2025-08-24 20:18:59,242 - INFO - timeseries_processing.py:116 - Loading bands of diferent resolutions in EPSG:32634
2025-08-24 20:18:59,242 - INFO - timeseries_processing.py:120 -     Filtering items with native UTM EPSG:32634
2025-08-24 20:18:59,242 - INFO - timeseries_processing.py:122 -     10 Items in EPSG:32634
2025-08-24 20:18:59,242 - INFO - timeseries_processing.py:129 -                        
2025-08-24 20:18:59,242 - INFO - timeseries_processing.py:130 -     Loading parameters:
2025-08-24 20:18:59,243 - INFO - timeseries_processing.py:131 -         Bands: ['B05', 'B07', 'B8A', 'SCL']
2025-08-24 20:18:59,243 - INFO - timeseries_processing.py:132 -         Spatial resolution: 20
2025-08-24 20:18:59,243 - INFO - timeseries_processing.py:134 -         Get Assets from STAC Items
2025-08-24 20:18:59,243 - INFO - timeseries_processing.py:47 -         Initialize the STAC client
2025-08-24 20:18:59,746 - INFO - timeseries_processing.py:137 -         Loading 10 STAC Items....
2025-08-24 20:19:52,810 - INFO - timeseries_processing.py:146 -         Cube has been downloaded
2025-08-24 20:19:52,810 - INFO - timeseries_processing.py:156 -         Fix order of dimensions
2025-08-24 20:19:52,811 - INFO - timeseries_processing.py:161 -         Append bands to the band-list of EPSG:32634
2025-08-24 20:19:52,811 - INFO - timeseries_processing.py:129 -                        
2025-08-24 20:19:52,811 - INFO - timeseries_processing.py:130 -     Loading parameters:
2025-08-24 20:19:52,813 - INFO - timeseries_processing.py:131 -         Bands: ['B02', 'B03', 'B04']
2025-08-24 20:19:52,813 - INFO - timeseries_processing.py:132 -         Spatial resolution: 10
2025-08-24 20:19:52,813 - INFO - timeseries_processing.py:134 -         Get Assets from STAC Items
2025-08-24 20:19:52,813 - INFO - timeseries_processing.py:47 -         Initialize the STAC client
2025-08-24 20:19:53,364 - INFO - timeseries_processing.py:137 -         Loading 10 STAC Items....
2025-08-24 20:20:48,498 - INFO - timeseries_processing.py:146 -         Cube has been downloaded
2025-08-24 20:20:48,498 - INFO - timeseries_processing.py:149 -         Reproject to downsample 10m bands to 20m by Resampling.average 2x2 binning and shape matching with odc.geo.GeoBox
2025-08-24 20:20:56,413 - INFO - timeseries_processing.py:161 -         Append bands to the band-list of EPSG:32634
2025-08-24 20:20:56,413 - INFO - timeseries_processing.py:165 -                        
2025-08-24 20:20:56,413 - INFO - timeseries_processing.py:166 -     Merging bands in a single dataset
2025-08-24 20:20:56,413 - INFO - timeseries_processing.py:167 -     Ensure all partial datasets are at (x=20, y=-20) resolution
2025-08-24 20:20:56,413 - INFO - timeseries_processing.py:171 -     Clip to the intersection of indexes
2025-08-24 20:20:57,619 - INFO - timeseries_processing.py:180 -     Make a list of bands to merge
2025-08-24 20:20:57,619 - INFO - timeseries_processing.py:184 -     Merge on intersection
2025-08-24 20:20:57,621 - INFO - timeseries_processing.py:192 -     Apply masks on clouds, shadows, thin cirrus, and snow/ice
2025-08-24 20:20:57,621 - INFO - sentinel2.py:122 -                Masking bits: [3, 7, 8, 9, 10, 11]
2025-08-24 20:20:58,385 - INFO - composites.py:305 - Reproject from UTM Zone to Tile geometry -> CRS(EPSG:32634), Resampling.bilinear
2025-08-24 20:21:02,326 - INFO - composites.py:308 -     New shape of datasets: Shape2d(x=2400, y=2400)
2025-08-24 20:21:02,821 - INFO - composites.py:340 - Creating preview plot of input scenes
2025-08-24 20:21:27,320 - INFO - timeseries_processing.py:349 - Saved preview for 'B04' to //nas-rs.topo.auth.gr/Latomeia/DROUGHT/COMPOS/2020/01/x08_y10/S2L2A_medcomp_x08_y10_202001_InDataPreview.jpeg
2025-08-24 20:21:27,325 - INFO - composites.py:346 - Clip value range
2025-08-24 20:21:28,502 - INFO - composites.py:351 -                           
2025-08-24 20:21:28,502 - INFO - composites.py:352 - Computing spectral indices:
2025-08-24 20:21:28,502 - INFO - composites.py:355 -     EVI...
2025-08-24 20:21:29,216 - INFO - composites.py:357 -     NDVI...
2025-08-24 20:21:29,438 - INFO - composites.py:359 -     PSRI2...
2025-08-24 20:21:29,632 - INFO - composites.py:362 - Clip to typical value range
2025-08-24 20:21:29,841 - INFO - composites.py:369 - Reducing to median value temporal composite
2025-08-24 20:21:53,392 - INFO - composites.py:388 - Scale and Define data types & nodata per band
2025-08-24 20:21:53,508 - INFO - composites.py:409 - Assign time range and tile ID in metadata
2025-08-24 20:21:53,508 - INFO - composites.py:417 - Write bands to raster COG files
2025-08-24 20:21:57,389 - INFO - composites.py:430 - Write B02 -> //nas-rs.topo.auth.gr/Latomeia/DROUGHT/COMPOS/2020/01/x08_y10/S2L2A_medcomp_x08_y10_202001_B02.tif
2025-08-24 20:22:01,258 - INFO - composites.py:430 - Write B03 -> //nas-rs.topo.auth.gr/Latomeia/DROUGHT/COMPOS/2020/01/x08_y10/S2L2A_medcomp_x08_y10_202001_B03.tif
2025-08-24 20:22:05,099 - INFO - composites.py:430 - Write B04 -> //nas-rs.topo.auth.gr/Latomeia/DROUGHT/COMPOS/2020/01/x08_y10/S2L2A_medcomp_x08_y10_202001_B04.tif
2025-08-24 20:22:08,991 - INFO - composites.py:430 - Write B05 -> //nas-rs.topo.auth.gr/Latomeia/DROUGHT/COMPOS/2020/01/x08_y10/S2L2A_medcomp_x08_y10_202001_B05.tif
2025-08-24 20:22:12,908 - INFO - composites.py:430 - Write B07 -> //nas-rs.topo.auth.gr/Latomeia/DROUGHT/COMPOS/2020/01/x08_y10/S2L2A_medcomp_x08_y10_202001_B07.tif
2025-08-24 20:22:16,849 - INFO - composites.py:430 - Write B8A -> //nas-rs.topo.auth.gr/Latomeia/DROUGHT/COMPOS/2020/01/x08_y10/S2L2A_medcomp_x08_y10_202001_B8A.tif
2025-08-24 20:22:20,663 - INFO - composites.py:430 - Write EVI -> //nas-rs.topo.auth.gr/Latomeia/DROUGHT/COMPOS/2020/01/x08_y10/S2L2A_medcomp_x08_y10_202001_EVI.tif
2025-08-24 20:22:24,519 - INFO - composites.py:430 - Write NDVI -> //nas-rs.topo.auth.gr/Latomeia/DROUGHT/COMPOS/2020/01/x08_y10/S2L2A_medcomp_x08_y10_202001_NDVI.tif
2025-08-24 20:22:28,344 - INFO - composites.py:430 - Write PSRI2 -> //nas-rs.topo.auth.gr/Latomeia/DROUGHT/COMPOS/2020/01/x08_y10/S2L2A_medcomp_x08_y10_202001_PSRI2.tif
2025-08-24 20:22:28,358 - INFO - composites.py:434 - Prepare metadata YAML document
2025-08-24 20:22:29,018 - INFO - composites.py:455 - Write metadata YAML document to disk
2025-08-24 20:22:29,064 - INFO - composites.py:460 - Create datacube.model.Dataset from eo3 metadata
2025-08-24 20:22:29,075 - INFO - composites.py:471 - Index to datacube
2025-08-24 20:22:29,075 - INFO - _datasets.py:191 - Indexing 4f2d7f5e-2c49-43e9-8b90-ff68aab69bac
2025-08-24 20:22:29,085 - INFO - composites.py:474 - 
2025-08-24 20:22:29,085 - INFO - composites.py:475 -              ✔✔✔ COMPLETED: Tile x08_y10 | Time: 2020-01 | In 4.56 minutes
2025-08-24 20:22:29,085 - INFO - composites.py:476 - 
2025-08-24 20:22:29,085 - INFO - composites.py:484 - Closing Dask client
2025-08-24 20:22:29,096 - INFO - composites.py:488 - Closing Dask cluster
2025-08-24 20:22:29,097 - INFO - composites.py:489 - #######################################################################
