2025-08-23 00:47:59,423 - INFO - composites.py:101 - #######################################################################
2025-08-23 00:47:59,423 - INFO - composites.py:103 - Processing started
2025-08-23 00:47:59,423 - INFO - composites.py:104 -         Tile: x12_y11
2025-08-23 00:47:59,423 - INFO - composites.py:105 -         Time: 2020-11
2025-08-23 00:47:59,423 - INFO - composites.py:108 -                           
2025-08-23 00:47:59,423 - INFO - composites.py:109 - Establishing connection to datacube
2025-08-23 00:47:59,913 - INFO - composites.py:112 -                           
2025-08-23 00:47:59,915 - INFO - composites.py:113 - Sanity test: Check if dataset already exists in the datacube
2025-08-23 00:47:59,932 - INFO - composites.py:132 - The composite requested was not found and it will be computed
2025-08-23 00:47:59,932 - INFO - composites.py:135 -                                  
2025-08-23 00:47:59,932 - INFO - composites.py:136 - Initializing Dask cluster for parallelization
2025-08-23 00:48:04,824 - INFO - composites.py:160 - Dask dashboard is available at: http://127.0.0.1:8787/status
2025-08-23 00:48:04,824 - INFO - composites.py:163 - Create directories and naming conversions
2025-08-23 00:48:04,831 - INFO - composites.py:174 - Dataset location: //nas-rs.topo.auth.gr/Latomeia/DROUGHT/COMPOS/2020/11/x12_y11
2025-08-23 00:48:04,831 - INFO - composites.py:177 -                           
2025-08-23 00:48:04,831 - INFO - composites.py:178 - Retrieve tile geometry
2025-08-23 00:48:04,859 - INFO - composites.py:189 - Create the Bounding Box (φ,λ)
2025-08-23 00:48:04,859 - INFO - composites.py:195 - Create the Bounding Box (x,y)
2025-08-23 00:48:04,859 - INFO - composites.py:208 -                           
2025-08-23 00:48:04,859 - INFO - composites.py:209 - Connect to Planetary Computer STAC Catalog
2025-08-23 00:48:05,101 - INFO - composites.py:217 - Search the STAC Catalog
2025-08-23 00:48:05,169 - INFO - composites.py:229 -         Query parameters:
2025-08-23 00:48:05,169 - INFO - composites.py:230 -             url:          https://planetarycomputer.microsoft.com/api/stac/v1/search
2025-08-23 00:48:05,169 - INFO - composites.py:231 -             client:       microsoft-pc
2025-08-23 00:48:05,169 - INFO - composites.py:232 -             collection:   sentinel-2-l2a
2025-08-23 00:48:05,169 - INFO - composites.py:233 -             bbox:         (23.62848359322628, 37.99360926828161, 24.306499279548976, 38.55013763603257)
2025-08-23 00:48:05,169 - INFO - composites.py:234 -             time range:   2020-11-01T00:00:00Z/2020-11-30T23:59:59Z
2025-08-23 00:48:05,169 - INFO - composites.py:235 -             cloud cover:  0% - 70%
2025-08-23 00:48:05,169 - INFO - composites.py:236 -             nodata cover: 0% - 33%
2025-08-23 00:48:05,169 - INFO - composites.py:238 -                           
2025-08-23 00:48:05,170 - INFO - composites.py:239 - Searching...
2025-08-23 00:48:05,573 - INFO - composites.py:242 - Query found 10 items
2025-08-23 00:48:05,573 - INFO - composites.py:244 - Searching for GRI REFINED scenes:
2025-08-23 00:48:11,352 - INFO - sentinel2.py:78 - 1/10 - S2A_MSIL2A_20201126T091321_R050_T35SKC_20201219T195932 -> Not Found
2025-08-23 00:48:16,892 - INFO - sentinel2.py:78 - 2/10 - S2A_MSIL2A_20201126T091321_R050_T34SGH_20201219T200101 -> Not Found
2025-08-23 00:48:23,228 - INFO - sentinel2.py:78 - 3/10 - S2B_MSIL2A_20201121T091259_R050_T35SKC_20201123T100912 -> Not Found
2025-08-23 00:48:29,535 - INFO - sentinel2.py:78 - 4/10 - S2B_MSIL2A_20201121T091259_R050_T34SGH_20201123T100853 -> Not Found
2025-08-23 00:48:35,610 - INFO - sentinel2.py:78 - 5/10 - S2A_MSIL2A_20201116T091241_R050_T35SKC_20201117T172106 -> Not Found
2025-08-23 00:48:41,322 - INFO - sentinel2.py:78 - 6/10 - S2A_MSIL2A_20201116T091241_R050_T34SGH_20201117T172113 -> Not Found
2025-08-23 00:48:47,551 - INFO - sentinel2.py:78 - 7/10 - S2B_MSIL2A_20201111T091219_R050_T35SKC_20201113T102701 -> Not Found
2025-08-23 00:48:53,914 - INFO - sentinel2.py:78 - 8/10 - S2B_MSIL2A_20201111T091219_R050_T34SGH_20201113T103004 -> Not Found
2025-08-23 00:48:59,924 - INFO - sentinel2.py:78 - 9/10 - S2B_MSIL2A_20201101T091129_R050_T35SKC_20201103T215935 -> Not Found
2025-08-23 00:49:07,112 - INFO - sentinel2.py:78 - 10/10 - S2B_MSIL2A_20201101T091129_R050_T34SGH_20201103T220031 -> Not Found
2025-08-23 00:49:07,151 - INFO - composites.py:247 -                                  
2025-08-23 00:49:07,151 - INFO - composites.py:248 - 0/10 were refined by GRI.
2025-08-23 00:49:07,152 - WARNING - composites.py:252 - Tile x12_y11 | Time: 2020-11: All scenes are flagged NOT REFINED.
2025-08-23 00:49:07,152 - WARNING - composites.py:253 - Tile x12_y11 | Time: 2020-11: The composite will be flagged with _NOREFINED.
2025-08-23 00:49:07,152 - INFO - composites.py:260 - Looking for up to 10 cleanest images within spatiotemporal range of each MGRS tile
2025-08-23 00:49:07,153 - INFO - composites.py:274 - Filtered cleanest scenes: Kept 10 out of 10 items. 
2025-08-23 00:49:07,153 - INFO - composites.py:275 -         Included MGRS Tiles: ['34SGH' '35SKC']
2025-08-23 00:49:07,153 - INFO - composites.py:276 -         Included EPSG codes: [32634 32635]
2025-08-23 00:49:07,153 - INFO - composites.py:278 - Selected scenes:
2025-08-23 00:49:07,158 - INFO - composites.py:280 -         S2A_MSIL2A_20201116T091241_R050_T34SGH_20201117T172113
2025-08-23 00:49:07,158 - INFO - composites.py:280 -         S2A_MSIL2A_20201126T091321_R050_T34SGH_20201219T200101
2025-08-23 00:49:07,158 - INFO - composites.py:280 -         S2B_MSIL2A_20201101T091129_R050_T34SGH_20201103T220031
2025-08-23 00:49:07,158 - INFO - composites.py:280 -         S2B_MSIL2A_20201121T091259_R050_T34SGH_20201123T100853
2025-08-23 00:49:07,158 - INFO - composites.py:280 -         S2B_MSIL2A_20201111T091219_R050_T34SGH_20201113T103004
2025-08-23 00:49:07,158 - INFO - composites.py:280 -         S2A_MSIL2A_20201116T091241_R050_T35SKC_20201117T172106
2025-08-23 00:49:07,158 - INFO - composites.py:280 -         S2A_MSIL2A_20201126T091321_R050_T35SKC_20201219T195932
2025-08-23 00:49:07,158 - INFO - composites.py:280 -         S2B_MSIL2A_20201101T091129_R050_T35SKC_20201103T215935
2025-08-23 00:49:07,158 - INFO - composites.py:280 -         S2B_MSIL2A_20201121T091259_R050_T35SKC_20201123T100912
2025-08-23 00:49:07,159 - INFO - composites.py:280 -         S2B_MSIL2A_20201111T091219_R050_T35SKC_20201113T102701
2025-08-23 00:49:07,509 - INFO - sentinel2.py:154 - Matplotlib backend: Agg
2025-08-23 00:49:07,674 - INFO - sentinel2.py:224 - Write input scenes footprint overlay: //nas-rs.topo.auth.gr/Latomeia/DROUGHT/COMPOS/2020/11/x12_y11/S2L2A_medcomp_x12_y11_202011_InDataFootprint.jpeg
2025-08-23 00:49:07,921 - INFO - composites.py:294 -                                  
2025-08-23 00:49:07,921 - INFO - composites.py:295 - Downstream STAC items from Planetary Computer
2025-08-23 00:49:07,921 - INFO - timeseries_processing.py:115 -                                  
2025-08-23 00:49:07,921 - INFO - timeseries_processing.py:116 - Loading bands of diferent resolutions in EPSG:32634
2025-08-23 00:49:07,921 - INFO - timeseries_processing.py:120 -     Filtering items with native UTM EPSG:32634
2025-08-23 00:49:07,921 - INFO - timeseries_processing.py:122 -     5 Items in EPSG:32634
2025-08-23 00:49:07,921 - INFO - timeseries_processing.py:129 -                        
2025-08-23 00:49:07,921 - INFO - timeseries_processing.py:130 -     Loading parameters:
2025-08-23 00:49:07,921 - INFO - timeseries_processing.py:131 -         Bands: ['B05', 'B07', 'B8A', 'SCL']
2025-08-23 00:49:07,921 - INFO - timeseries_processing.py:132 -         Spatial resolution: 20
2025-08-23 00:49:07,921 - INFO - timeseries_processing.py:134 -         Get Assets from STAC Items
2025-08-23 00:49:07,922 - INFO - timeseries_processing.py:47 -         Initialize the STAC client
2025-08-23 00:49:08,494 - INFO - timeseries_processing.py:137 -         Loading 5 STAC Items....
2025-08-23 00:49:53,728 - INFO - timeseries_processing.py:146 -         Cube has been downloaded
2025-08-23 00:49:53,728 - INFO - timeseries_processing.py:156 -         Fix order of dimensions
2025-08-23 00:49:53,729 - INFO - timeseries_processing.py:161 -         Append bands to the band-list of EPSG:32634
2025-08-23 00:49:53,730 - INFO - timeseries_processing.py:129 -                        
2025-08-23 00:49:53,730 - INFO - timeseries_processing.py:130 -     Loading parameters:
2025-08-23 00:49:53,730 - INFO - timeseries_processing.py:131 -         Bands: ['B02', 'B03', 'B04']
2025-08-23 00:49:53,730 - INFO - timeseries_processing.py:132 -         Spatial resolution: 10
2025-08-23 00:49:53,730 - INFO - timeseries_processing.py:134 -         Get Assets from STAC Items
2025-08-23 00:49:53,730 - INFO - timeseries_processing.py:47 -         Initialize the STAC client
2025-08-23 00:49:54,375 - INFO - timeseries_processing.py:137 -         Loading 5 STAC Items....
2025-08-23 00:51:35,201 - INFO - timeseries_processing.py:146 -         Cube has been downloaded
2025-08-23 00:51:35,203 - INFO - timeseries_processing.py:149 -         Reproject to downsample 10m bands to 20m by Resampling.average 2x2 binning and shape matching with odc.geo.GeoBox
2025-08-23 00:51:42,982 - INFO - timeseries_processing.py:161 -         Append bands to the band-list of EPSG:32634
2025-08-23 00:51:42,983 - INFO - timeseries_processing.py:165 -                        
2025-08-23 00:51:42,983 - INFO - timeseries_processing.py:166 -     Merging bands in a single dataset
2025-08-23 00:51:42,983 - INFO - timeseries_processing.py:167 -     Ensure all partial datasets are at (x=20, y=-20) resolution
2025-08-23 00:51:42,983 - INFO - timeseries_processing.py:171 -     Clip to the intersection of indexes
2025-08-23 00:51:43,964 - INFO - timeseries_processing.py:180 -     Make a list of bands to merge
2025-08-23 00:51:43,964 - INFO - timeseries_processing.py:184 -     Merge on intersection
2025-08-23 00:51:43,966 - INFO - timeseries_processing.py:192 -     Apply masks on clouds, shadows, thin cirrus, and snow/ice
2025-08-23 00:51:43,966 - INFO - sentinel2.py:122 -                Masking bits: [3, 7, 8, 9, 10, 11]
2025-08-23 00:51:44,599 - INFO - timeseries_processing.py:115 -                                  
2025-08-23 00:51:44,599 - INFO - timeseries_processing.py:116 - Loading bands of diferent resolutions in EPSG:32635
2025-08-23 00:51:44,600 - INFO - timeseries_processing.py:120 -     Filtering items with native UTM EPSG:32635
2025-08-23 00:51:44,600 - INFO - timeseries_processing.py:122 -     5 Items in EPSG:32635
2025-08-23 00:51:44,600 - INFO - timeseries_processing.py:129 -                        
2025-08-23 00:51:44,600 - INFO - timeseries_processing.py:130 -     Loading parameters:
2025-08-23 00:51:44,600 - INFO - timeseries_processing.py:131 -         Bands: ['B05', 'B07', 'B8A', 'SCL']
2025-08-23 00:51:44,600 - INFO - timeseries_processing.py:132 -         Spatial resolution: 20
2025-08-23 00:51:44,600 - INFO - timeseries_processing.py:134 -         Get Assets from STAC Items
2025-08-23 00:51:44,601 - INFO - timeseries_processing.py:47 -         Initialize the STAC client
2025-08-23 00:51:45,128 - INFO - timeseries_processing.py:137 -         Loading 5 STAC Items....
2025-08-23 00:52:29,349 - INFO - timeseries_processing.py:146 -         Cube has been downloaded
2025-08-23 00:52:29,349 - INFO - timeseries_processing.py:156 -         Fix order of dimensions
2025-08-23 00:52:29,350 - INFO - timeseries_processing.py:161 -         Append bands to the band-list of EPSG:32635
2025-08-23 00:52:29,350 - INFO - timeseries_processing.py:129 -                        
2025-08-23 00:52:29,351 - INFO - timeseries_processing.py:130 -     Loading parameters:
2025-08-23 00:52:29,352 - INFO - timeseries_processing.py:131 -         Bands: ['B02', 'B03', 'B04']
2025-08-23 00:52:29,352 - INFO - timeseries_processing.py:132 -         Spatial resolution: 10
2025-08-23 00:52:29,352 - INFO - timeseries_processing.py:134 -         Get Assets from STAC Items
2025-08-23 00:52:29,352 - INFO - timeseries_processing.py:47 -         Initialize the STAC client
2025-08-23 00:52:29,834 - INFO - timeseries_processing.py:137 -         Loading 5 STAC Items....
2025-08-23 00:54:10,286 - INFO - timeseries_processing.py:146 -         Cube has been downloaded
2025-08-23 00:54:10,286 - INFO - timeseries_processing.py:149 -         Reproject to downsample 10m bands to 20m by Resampling.average 2x2 binning and shape matching with odc.geo.GeoBox
2025-08-23 00:54:18,066 - INFO - timeseries_processing.py:161 -         Append bands to the band-list of EPSG:32635
2025-08-23 00:54:18,066 - INFO - timeseries_processing.py:165 -                        
2025-08-23 00:54:18,066 - INFO - timeseries_processing.py:166 -     Merging bands in a single dataset
2025-08-23 00:54:18,066 - INFO - timeseries_processing.py:167 -     Ensure all partial datasets are at (x=20, y=-20) resolution
2025-08-23 00:54:18,067 - INFO - timeseries_processing.py:171 -     Clip to the intersection of indexes
2025-08-23 00:54:18,069 - INFO - timeseries_processing.py:180 -     Make a list of bands to merge
2025-08-23 00:54:18,070 - INFO - timeseries_processing.py:184 -     Merge on intersection
2025-08-23 00:54:18,072 - INFO - timeseries_processing.py:192 -     Apply masks on clouds, shadows, thin cirrus, and snow/ice
2025-08-23 00:54:18,072 - INFO - sentinel2.py:122 -                Masking bits: [3, 7, 8, 9, 10, 11]
2025-08-23 00:54:18,847 - INFO - composites.py:304 - Reproject from UTM Zone to Tile geometry -> CRS(EPSG:32635), Resampling.bilinear
2025-08-23 00:54:25,846 - INFO - composites.py:307 -     New shape of datasets: Shape2d(x=2400, y=2400)
2025-08-23 00:54:26,100 - INFO - composites.py:312 -                           
2025-08-23 00:54:26,100 - INFO - composites.py:313 - Mosaic datasets to a single dataset
2025-08-23 00:54:30,326 - INFO - composites.py:339 - Creating preview plot of input scenes
2025-08-23 00:54:52,570 - INFO - timeseries_processing.py:349 - Saved preview for 'B04' to //nas-rs.topo.auth.gr/Latomeia/DROUGHT/COMPOS/2020/11/x12_y11/S2L2A_medcomp_x12_y11_202011_InDataPreview.jpeg
2025-08-23 00:54:52,573 - INFO - composites.py:345 - Clip value range
2025-08-23 00:54:53,592 - INFO - composites.py:350 -                           
2025-08-23 00:54:53,592 - INFO - composites.py:351 - Computing spectral indices:
2025-08-23 00:54:53,592 - INFO - composites.py:354 -     EVI...
2025-08-23 00:54:54,255 - INFO - composites.py:356 -     NDVI...
2025-08-23 00:54:54,419 - INFO - composites.py:358 -     PSRI2...
2025-08-23 00:54:54,601 - INFO - composites.py:361 - Clip to typical value range
2025-08-23 00:54:54,814 - INFO - composites.py:368 - Reducing to median value temporal composite
2025-08-23 00:55:18,943 - INFO - composites.py:387 - Define data types and nodata per band
2025-08-23 00:55:19,054 - INFO - composites.py:408 - Assign time range and tile ID in metadata
2025-08-23 00:55:19,054 - INFO - composites.py:416 - Write bands to raster COG files
2025-08-23 00:55:22,821 - INFO - composites.py:429 - Write B02 -> //nas-rs.topo.auth.gr/Latomeia/DROUGHT/COMPOS/2020/11/x12_y11/S2L2A_medcomp_x12_y11_202011_B02.tif
2025-08-23 00:55:26,642 - INFO - composites.py:429 - Write B03 -> //nas-rs.topo.auth.gr/Latomeia/DROUGHT/COMPOS/2020/11/x12_y11/S2L2A_medcomp_x12_y11_202011_B03.tif
2025-08-23 00:55:30,418 - INFO - composites.py:429 - Write B04 -> //nas-rs.topo.auth.gr/Latomeia/DROUGHT/COMPOS/2020/11/x12_y11/S2L2A_medcomp_x12_y11_202011_B04.tif
2025-08-23 00:55:34,243 - INFO - composites.py:429 - Write B05 -> //nas-rs.topo.auth.gr/Latomeia/DROUGHT/COMPOS/2020/11/x12_y11/S2L2A_medcomp_x12_y11_202011_B05.tif
2025-08-23 00:55:38,038 - INFO - composites.py:429 - Write B07 -> //nas-rs.topo.auth.gr/Latomeia/DROUGHT/COMPOS/2020/11/x12_y11/S2L2A_medcomp_x12_y11_202011_B07.tif
2025-08-23 00:55:41,823 - INFO - composites.py:429 - Write B8A -> //nas-rs.topo.auth.gr/Latomeia/DROUGHT/COMPOS/2020/11/x12_y11/S2L2A_medcomp_x12_y11_202011_B8A.tif
2025-08-23 00:55:45,566 - INFO - composites.py:429 - Write EVI -> //nas-rs.topo.auth.gr/Latomeia/DROUGHT/COMPOS/2020/11/x12_y11/S2L2A_medcomp_x12_y11_202011_evi.tif
2025-08-23 00:55:49,294 - INFO - composites.py:429 - Write NDVI -> //nas-rs.topo.auth.gr/Latomeia/DROUGHT/COMPOS/2020/11/x12_y11/S2L2A_medcomp_x12_y11_202011_ndvi.tif
2025-08-23 00:55:53,027 - INFO - composites.py:429 - Write PSRI2 -> //nas-rs.topo.auth.gr/Latomeia/DROUGHT/COMPOS/2020/11/x12_y11/S2L2A_medcomp_x12_y11_202011_psri2.tif
2025-08-23 00:55:53,043 - INFO - composites.py:433 - Prepare metadata YAML document
2025-08-23 00:55:53,739 - INFO - composites.py:454 - Write metadata YAML document to disk
2025-08-23 00:55:53,775 - INFO - composites.py:459 - Create datacube.model.Dataset from eo3 metadata
2025-08-23 00:55:53,785 - INFO - composites.py:470 - Index to datacube
2025-08-23 00:55:53,785 - INFO - _datasets.py:191 - Indexing 8db6164a-4267-4884-bf7c-dde82064b3e2
2025-08-23 00:55:53,794 - INFO - composites.py:473 - 
2025-08-23 00:55:53,794 - INFO - composites.py:474 -              ✔✔✔ COMPLETED: Tile x12_y11 | Time: 2020-11 | In 7.91 minutes
2025-08-23 00:55:53,794 - INFO - composites.py:475 - 
2025-08-23 00:55:53,794 - INFO - composites.py:483 - Closing Dask client
2025-08-23 00:55:53,800 - INFO - composites.py:487 - Closing Dask cluster
2025-08-23 00:55:53,801 - INFO - composites.py:488 - #######################################################################
