2025-08-29 10:30:30,318 - INFO - composites.py:102 - #######################################################################
2025-08-29 10:30:30,318 - INFO - composites.py:104 - Processing started
2025-08-29 10:30:30,318 - INFO - composites.py:105 -         Tile: x10_y09
2025-08-29 10:30:30,318 - INFO - composites.py:106 -         Time: 2021-10
2025-08-29 10:30:30,318 - INFO - composites.py:109 -                           
2025-08-29 10:30:30,318 - INFO - composites.py:110 - Establishing connection to datacube
2025-08-29 10:30:30,830 - INFO - composites.py:113 -                           
2025-08-29 10:30:30,830 - INFO - composites.py:114 - Sanity test: Check if dataset already exists in the datacube
2025-08-29 10:30:30,848 - INFO - composites.py:133 - The composite requested was not found and it will be computed
2025-08-29 10:30:30,848 - INFO - composites.py:136 -                                  
2025-08-29 10:30:30,848 - INFO - composites.py:137 - Initializing Dask cluster for parallelization
2025-08-29 10:30:36,188 - INFO - composites.py:161 - Dask dashboard is available at: http://127.0.0.1:8787/status
2025-08-29 10:30:36,189 - INFO - composites.py:164 - Create directories and naming conversions
2025-08-29 10:30:36,201 - INFO - composites.py:177 - Dataset location: //nas-rs.topo.auth.gr/Latomeia/DROUGHT/composites/x10/y09/2021/10/01
2025-08-29 10:30:36,201 - INFO - composites.py:180 -                           
2025-08-29 10:30:36,201 - INFO - composites.py:181 - Retrieve tile geometry
2025-08-29 10:30:36,237 - INFO - composites.py:192 - Create the Bounding Box (φ,λ)
2025-08-29 10:30:36,237 - INFO - composites.py:198 - Create the Bounding Box (x,y)
2025-08-29 10:30:36,237 - INFO - composites.py:211 -                           
2025-08-29 10:30:36,238 - INFO - composites.py:212 - Connect to Planetary Computer STAC Catalog
2025-08-29 10:30:36,451 - INFO - composites.py:220 - Search the STAC Catalog
2025-08-29 10:30:36,528 - INFO - composites.py:232 -         Query parameters:
2025-08-29 10:30:36,528 - INFO - composites.py:233 -             url:          https://planetarycomputer.microsoft.com/api/stac/v1/search
2025-08-29 10:30:36,528 - INFO - composites.py:234 -             client:       microsoft-pc
2025-08-29 10:30:36,528 - INFO - composites.py:235 -             collection:   sentinel-2-l2a
2025-08-29 10:30:36,528 - INFO - composites.py:236 -             bbox:         (22.393231098837152, 37.29127558081356, 23.05741948027706, 37.8424745721664)
2025-08-29 10:30:36,528 - INFO - composites.py:237 -             time range:   2021-10-01T00:00:00Z/2021-10-31T23:59:59Z
2025-08-29 10:30:36,528 - INFO - composites.py:238 -             cloud cover:  0% - 70%
2025-08-29 10:30:36,528 - INFO - composites.py:239 -             nodata cover: 0% - 33%
2025-08-29 10:30:36,528 - INFO - composites.py:241 -                           
2025-08-29 10:30:36,528 - INFO - composites.py:242 - Searching...
2025-08-29 10:30:36,961 - INFO - composites.py:245 - Query found 11 items
2025-08-29 10:30:36,961 - INFO - composites.py:247 - Searching for GRI REFINED scenes:
2025-08-29 10:30:42,569 - INFO - sentinel2.py:78 - 1/11 - S2B_MSIL2A_20211030T092029_R093_T34SFG_20211030T183928 -> REFINED
2025-08-29 10:30:49,356 - INFO - sentinel2.py:78 - 2/11 - S2B_MSIL2A_20211027T091029_R050_T34SFG_20211028T005021 -> REFINED
2025-08-29 10:30:55,467 - INFO - sentinel2.py:78 - 3/11 - S2A_MSIL2A_20211022T091031_R050_T34SFG_20211023T071830 -> REFINED
2025-08-29 10:31:01,551 - INFO - sentinel2.py:78 - 4/11 - S2B_MSIL2A_20211020T092029_R093_T34SFH_20211021T222825 -> REFINED
2025-08-29 10:31:07,715 - INFO - sentinel2.py:78 - 5/11 - S2B_MSIL2A_20211020T092029_R093_T34SFG_20211021T230350 -> REFINED
2025-08-29 10:31:13,782 - INFO - sentinel2.py:78 - 6/11 - S2B_MSIL2A_20211017T090859_R050_T34SFG_20211019T075520 -> REFINED
2025-08-29 10:31:19,868 - INFO - sentinel2.py:78 - 7/11 - S2A_MSIL2A_20211015T092031_R093_T34SFG_20211015T202159 -> REFINED
2025-08-29 10:31:24,830 - INFO - sentinel2.py:78 - 8/11 - S2A_MSIL2A_20211012T090921_R050_T34SFG_20211013T012706 -> REFINED
2025-08-29 10:31:31,341 - INFO - sentinel2.py:78 - 9/11 - S2B_MSIL2A_20211007T090749_R050_T34SFG_20211007T214917 -> REFINED
2025-08-29 10:31:37,095 - INFO - sentinel2.py:78 - 10/11 - S2A_MSIL2A_20211005T092031_R093_T34SFH_20211005T204055 -> REFINED
2025-08-29 10:31:42,378 - INFO - sentinel2.py:78 - 11/11 - S2A_MSIL2A_20211005T092031_R093_T34SFG_20211005T214806 -> REFINED
2025-08-29 10:31:42,422 - INFO - composites.py:250 -                                  
2025-08-29 10:31:42,423 - INFO - composites.py:251 - 11/11 were refined by GRI.
2025-08-29 10:31:42,423 - INFO - composites.py:263 - Looking for up to 10 cleanest images within spatiotemporal range of each MGRS tile
2025-08-29 10:31:42,424 - INFO - composites.py:277 - Filtered cleanest scenes: Kept 11 out of 11 items. 
2025-08-29 10:31:42,424 - INFO - composites.py:278 -         Included MGRS Tiles: ['34SFG' '34SFH']
2025-08-29 10:31:42,424 - INFO - composites.py:279 -         Included EPSG codes: [32634]
2025-08-29 10:31:42,424 - INFO - composites.py:281 - Selected scenes:
2025-08-29 10:31:42,425 - INFO - composites.py:283 -         S2A_MSIL2A_20211005T092031_R093_T34SFG_20211005T214806
2025-08-29 10:31:42,425 - INFO - composites.py:283 -         S2A_MSIL2A_20211022T091031_R050_T34SFG_20211023T071830
2025-08-29 10:31:42,425 - INFO - composites.py:283 -         S2B_MSIL2A_20211020T092029_R093_T34SFG_20211021T230350
2025-08-29 10:31:42,431 - INFO - composites.py:283 -         S2A_MSIL2A_20211012T090921_R050_T34SFG_20211013T012706
2025-08-29 10:31:42,431 - INFO - composites.py:283 -         S2B_MSIL2A_20211007T090749_R050_T34SFG_20211007T214917
2025-08-29 10:31:42,431 - INFO - composites.py:283 -         S2B_MSIL2A_20211027T091029_R050_T34SFG_20211028T005021
2025-08-29 10:31:42,431 - INFO - composites.py:283 -         S2A_MSIL2A_20211015T092031_R093_T34SFG_20211015T202159
2025-08-29 10:31:42,431 - INFO - composites.py:283 -         S2B_MSIL2A_20211017T090859_R050_T34SFG_20211019T075520
2025-08-29 10:31:42,432 - INFO - composites.py:283 -         S2B_MSIL2A_20211030T092029_R093_T34SFG_20211030T183928
2025-08-29 10:31:42,432 - INFO - composites.py:283 -         S2A_MSIL2A_20211005T092031_R093_T34SFH_20211005T204055
2025-08-29 10:31:42,432 - INFO - composites.py:283 -         S2B_MSIL2A_20211020T092029_R093_T34SFH_20211021T222825
2025-08-29 10:31:42,800 - INFO - sentinel2.py:154 - Matplotlib backend: Agg
2025-08-29 10:31:42,958 - INFO - sentinel2.py:224 - Write input scenes footprint overlay: //nas-rs.topo.auth.gr/Latomeia/DROUGHT/composites/x10/y09/2021/10/01/S2L2A_medcomp_x10y09_202110_InDataFootprint.jpeg
2025-08-29 10:31:43,212 - INFO - composites.py:297 -                                  
2025-08-29 10:31:43,212 - INFO - composites.py:298 - Downstream STAC items from Planetary Computer
2025-08-29 10:31:43,212 - INFO - timeseries_processing.py:115 -                                  
2025-08-29 10:31:43,212 - INFO - timeseries_processing.py:116 - Loading bands of diferent resolutions in EPSG:32634
2025-08-29 10:31:43,212 - INFO - timeseries_processing.py:120 -     Filtering items with native UTM EPSG:32634
2025-08-29 10:31:43,212 - INFO - timeseries_processing.py:122 -     11 Items in EPSG:32634
2025-08-29 10:31:43,212 - INFO - timeseries_processing.py:129 -                        
2025-08-29 10:31:43,212 - INFO - timeseries_processing.py:130 -     Loading parameters:
2025-08-29 10:31:43,212 - INFO - timeseries_processing.py:131 -         Bands: ['B05', 'B07', 'B8A', 'SCL']
2025-08-29 10:31:43,212 - INFO - timeseries_processing.py:132 -         Spatial resolution: 20
2025-08-29 10:31:43,212 - INFO - timeseries_processing.py:134 -         Get Assets from STAC Items
2025-08-29 10:31:43,212 - INFO - timeseries_processing.py:47 -         Initialize the STAC client
2025-08-29 10:31:43,790 - INFO - timeseries_processing.py:137 -         Loading 11 STAC Items....
2025-08-29 10:32:24,435 - INFO - timeseries_processing.py:146 -         Cube has been downloaded
2025-08-29 10:32:24,435 - INFO - timeseries_processing.py:156 -         Fix order of dimensions
2025-08-29 10:32:24,437 - INFO - timeseries_processing.py:161 -         Append bands to the band-list of EPSG:32634
2025-08-29 10:32:24,438 - INFO - timeseries_processing.py:129 -                        
2025-08-29 10:32:24,438 - INFO - timeseries_processing.py:130 -     Loading parameters:
2025-08-29 10:32:24,438 - INFO - timeseries_processing.py:131 -         Bands: ['B02', 'B03', 'B04']
2025-08-29 10:32:24,439 - INFO - timeseries_processing.py:132 -         Spatial resolution: 10
2025-08-29 10:32:24,439 - INFO - timeseries_processing.py:134 -         Get Assets from STAC Items
2025-08-29 10:32:24,439 - INFO - timeseries_processing.py:47 -         Initialize the STAC client
2025-08-29 10:32:24,987 - INFO - timeseries_processing.py:137 -         Loading 11 STAC Items....
2025-08-29 10:38:24,211 - INFO - timeseries_processing.py:146 -         Cube has been downloaded
2025-08-29 10:38:24,211 - INFO - timeseries_processing.py:149 -         Reproject to downsample 10m bands to 20m by Resampling.average 2x2 binning and shape matching with odc.geo.GeoBox
2025-08-29 10:38:37,891 - INFO - timeseries_processing.py:161 -         Append bands to the band-list of EPSG:32634
2025-08-29 10:38:37,891 - INFO - timeseries_processing.py:165 -                        
2025-08-29 10:38:37,891 - INFO - timeseries_processing.py:166 -     Merging bands in a single dataset
2025-08-29 10:38:37,891 - INFO - timeseries_processing.py:167 -     Ensure all partial datasets are at (x=20, y=-20) resolution
2025-08-29 10:38:37,892 - INFO - timeseries_processing.py:171 -     Clip to the intersection of indexes
2025-08-29 10:38:39,221 - INFO - timeseries_processing.py:180 -     Make a list of bands to merge
2025-08-29 10:38:39,222 - INFO - timeseries_processing.py:184 -     Merge on intersection
2025-08-29 10:38:39,223 - INFO - timeseries_processing.py:192 -     Apply masks on clouds, shadows, thin cirrus, and snow/ice
2025-08-29 10:38:39,223 - INFO - sentinel2.py:122 -                Masking bits: [3, 7, 8, 9, 10, 11]
2025-08-29 10:38:40,311 - INFO - composites.py:307 - Reproject from UTM Zone to Tile geometry -> CRS(EPSG:32634), Resampling.bilinear
2025-08-29 10:38:46,735 - INFO - composites.py:310 -     New shape of datasets: Shape2d(x=2400, y=2400)
2025-08-29 10:38:47,320 - INFO - composites.py:342 - Creating preview plot of input scenes
2025-08-29 10:39:19,942 - INFO - timeseries_processing.py:349 - Saved preview for 'B04' to //nas-rs.topo.auth.gr/Latomeia/DROUGHT/composites/x10/y09/2021/10/01/S2L2A_medcomp_x10y09_202110_InDataPreview.jpeg
2025-08-29 10:39:19,948 - INFO - composites.py:348 - Clip value range
2025-08-29 10:39:21,770 - INFO - composites.py:353 -                           
2025-08-29 10:39:21,771 - INFO - composites.py:354 - Computing spectral indices:
2025-08-29 10:39:21,771 - INFO - composites.py:357 -     EVI...
2025-08-29 10:39:22,901 - INFO - composites.py:359 -     NDVI...
2025-08-29 10:39:23,326 - INFO - composites.py:361 -     PSRI2...
2025-08-29 10:39:23,601 - INFO - composites.py:364 - Clip to typical value range
2025-08-29 10:39:23,918 - INFO - composites.py:371 - Reducing to median value temporal composite
2025-08-29 10:39:51,082 - INFO - composites.py:390 - Scale and Define data types & nodata per band
2025-08-29 10:39:51,220 - INFO - composites.py:411 - Assign time range and tile ID in metadata
2025-08-29 10:39:51,220 - INFO - composites.py:419 - Write bands to raster COG files
2025-08-29 10:39:55,175 - INFO - composites.py:432 - Write B02 -> //nas-rs.topo.auth.gr/Latomeia/DROUGHT/composites/x10/y09/2021/10/01/S2L2A_medcomp_x10y09_202110_B02.tif
2025-08-29 10:39:59,165 - INFO - composites.py:432 - Write B03 -> //nas-rs.topo.auth.gr/Latomeia/DROUGHT/composites/x10/y09/2021/10/01/S2L2A_medcomp_x10y09_202110_B03.tif
2025-08-29 10:40:03,232 - INFO - composites.py:432 - Write B04 -> //nas-rs.topo.auth.gr/Latomeia/DROUGHT/composites/x10/y09/2021/10/01/S2L2A_medcomp_x10y09_202110_B04.tif
2025-08-29 10:40:07,187 - INFO - composites.py:432 - Write B05 -> //nas-rs.topo.auth.gr/Latomeia/DROUGHT/composites/x10/y09/2021/10/01/S2L2A_medcomp_x10y09_202110_B05.tif
2025-08-29 10:40:11,519 - INFO - composites.py:432 - Write B07 -> //nas-rs.topo.auth.gr/Latomeia/DROUGHT/composites/x10/y09/2021/10/01/S2L2A_medcomp_x10y09_202110_B07.tif
2025-08-29 10:40:16,158 - INFO - composites.py:432 - Write B8A -> //nas-rs.topo.auth.gr/Latomeia/DROUGHT/composites/x10/y09/2021/10/01/S2L2A_medcomp_x10y09_202110_B8A.tif
2025-08-29 10:40:20,158 - INFO - composites.py:432 - Write EVI -> //nas-rs.topo.auth.gr/Latomeia/DROUGHT/composites/x10/y09/2021/10/01/S2L2A_medcomp_x10y09_202110_EVI.tif
2025-08-29 10:40:24,188 - INFO - composites.py:432 - Write NDVI -> //nas-rs.topo.auth.gr/Latomeia/DROUGHT/composites/x10/y09/2021/10/01/S2L2A_medcomp_x10y09_202110_NDVI.tif
2025-08-29 10:40:28,041 - INFO - composites.py:432 - Write PSRI2 -> //nas-rs.topo.auth.gr/Latomeia/DROUGHT/composites/x10/y09/2021/10/01/S2L2A_medcomp_x10y09_202110_PSRI2.tif
2025-08-29 10:40:28,041 - INFO - composites.py:436 - Prepare metadata YAML document
2025-08-29 10:40:28,550 - INFO - composites.py:458 - Write metadata YAML document to disk
2025-08-29 10:40:28,587 - INFO - composites.py:463 - Create datacube.model.Dataset from eo3 metadata
2025-08-29 10:40:28,597 - INFO - composites.py:476 - Index to datacube
2025-08-29 10:40:28,597 - INFO - _datasets.py:191 - Indexing 0052d4fd-754b-4b10-9f29-bf01167d8e41
2025-08-29 10:40:28,626 - INFO - composites.py:479 - 
2025-08-29 10:40:28,626 - INFO - composites.py:480 -              ✔✔✔ COMPLETED: Tile x10_y09 | Time: 2021-10 | In 9.97 minutes
2025-08-29 10:40:28,626 - INFO - composites.py:481 - 
2025-08-29 10:40:28,626 - INFO - composites.py:489 - Closing Dask client
2025-08-29 10:40:28,629 - INFO - composites.py:493 - Closing Dask cluster
2025-08-29 10:40:28,629 - INFO - composites.py:494 - #######################################################################
