2025-08-19 05:06:47,562 - INFO - composites.py:104 - #######################################################################
2025-08-19 05:06:47,562 - INFO - composites.py:106 - Processing started
2025-08-19 05:06:47,562 - INFO - composites.py:107 -         Tile: x10_y08
2025-08-19 05:06:47,562 - INFO - composites.py:108 -         Time: 2021-02
2025-08-19 05:06:47,562 - INFO - composites.py:111 -                           
2025-08-19 05:06:47,562 - INFO - composites.py:112 - Establishing connection to datacube
2025-08-19 05:06:48,233 - INFO - composites.py:115 -                           
2025-08-19 05:06:48,236 - INFO - composites.py:116 - Sanity test: Check if dataset already exists in the datacube
2025-08-19 05:06:48,255 - INFO - composites.py:135 - The composite requested was not found and it will be computed
2025-08-19 05:06:48,255 - INFO - composites.py:138 -                                  
2025-08-19 05:06:48,255 - INFO - composites.py:139 - Initializing Dask cluster for parallelization
2025-08-19 05:06:54,395 - INFO - composites.py:163 - Dask dashboard is available at: http://127.0.0.1:8787/status
2025-08-19 05:06:54,395 - INFO - composites.py:166 - Create directories and naming conversions
2025-08-19 05:06:54,401 - INFO - composites.py:177 - Dataset location: //nas-rs.topo.auth.gr/Latomeia/DROUGHT/COMPOS/2021/02/x10_y08
2025-08-19 05:06:54,402 - INFO - composites.py:180 -                           
2025-08-19 05:06:54,402 - INFO - composites.py:181 - Retrieve tile geometry
2025-08-19 05:06:54,438 - INFO - composites.py:192 - Create the Bounding Box (φ,λ)
2025-08-19 05:06:54,438 - INFO - composites.py:198 - Create the Bounding Box (x,y)
2025-08-19 05:06:54,438 - INFO - composites.py:211 -                           
2025-08-19 05:06:54,438 - INFO - composites.py:212 - Connect to Planetary Computer STAC Catalog
2025-08-19 05:06:54,700 - INFO - composites.py:220 - Search the STAC Catalog
2025-08-19 05:06:54,791 - INFO - composites.py:232 -         Query parameters:
2025-08-19 05:06:54,798 - INFO - composites.py:233 -             url:          https://planetarycomputer.microsoft.com/api/stac/v1/search
2025-08-19 05:06:54,799 - INFO - composites.py:234 -             client:       microsoft-pc
2025-08-19 05:06:54,799 - INFO - composites.py:235 -             collection:   sentinel-2-l2a
2025-08-19 05:06:54,799 - INFO - composites.py:236 -             bbox:         (22.316269659639246, 36.86215879883374, 22.97588966675175, 37.41318389002327)
2025-08-19 05:06:54,799 - INFO - composites.py:237 -             time range:   2021-02-01T00:00:00Z/2021-02-28T23:59:59Z
2025-08-19 05:06:54,799 - INFO - composites.py:238 -             cloud cover:  0% - 70%
2025-08-19 05:06:54,799 - INFO - composites.py:239 -             nodata cover: 0% - 33%
2025-08-19 05:06:54,799 - INFO - composites.py:241 -                           
2025-08-19 05:06:54,799 - INFO - composites.py:242 - Searching...
2025-08-19 05:06:55,215 - INFO - composites.py:245 - Query found 19 items
2025-08-19 05:06:55,215 - INFO - composites.py:247 - Searching for GRI REFINED scenes:
2025-08-19 05:07:05,419 - INFO - sentinel2.py:78 - 1/19 - S2A_MSIL2A_20210227T092031_R093_T34SFG_20210227T211410 -> Not Found
2025-08-19 05:07:14,801 - INFO - sentinel2.py:78 - 2/19 - S2A_MSIL2A_20210227T092031_R093_T34SFF_20210227T212001 -> Not Found
2025-08-19 05:07:25,040 - INFO - sentinel2.py:78 - 3/19 - S2A_MSIL2A_20210224T090951_R050_T34SFG_20210224T193141 -> Not Found
2025-08-19 05:07:32,698 - INFO - sentinel2.py:78 - 4/19 - S2A_MSIL2A_20210224T090951_R050_T34SFF_20210224T201141 -> Not Found
2025-08-19 05:07:41,667 - INFO - sentinel2.py:78 - 5/19 - S2B_MSIL2A_20210222T092029_R093_T34SFG_20210222T195137 -> Not Found
2025-08-19 05:07:50,523 - INFO - sentinel2.py:78 - 6/19 - S2B_MSIL2A_20210222T092029_R093_T34SFF_20210222T205553 -> Not Found
2025-08-19 05:07:58,498 - INFO - sentinel2.py:78 - 7/19 - S2B_MSIL2A_20210219T091019_R050_T34SFG_20210220T073434 -> Not Found
2025-08-19 05:08:07,145 - INFO - sentinel2.py:78 - 8/19 - S2B_MSIL2A_20210219T091019_R050_T34SFF_20210220T070050 -> Not Found
2025-08-19 05:08:14,953 - INFO - sentinel2.py:78 - 9/19 - S2A_MSIL2A_20210217T092041_R093_T34SFG_20210219T061816 -> Not Found
2025-08-19 05:08:24,255 - INFO - sentinel2.py:78 - 10/19 - S2A_MSIL2A_20210217T092041_R093_T34SFF_20210219T054606 -> Not Found
2025-08-19 05:08:33,586 - INFO - sentinel2.py:78 - 11/19 - S2B_MSIL2A_20210212T092029_R093_T34SFG_20210213T032506 -> Not Found
2025-08-19 05:08:42,746 - INFO - sentinel2.py:78 - 12/19 - S2B_MSIL2A_20210212T092029_R093_T34SFF_20210213T030741 -> Not Found
2025-08-19 05:08:50,791 - INFO - sentinel2.py:78 - 13/19 - S2B_MSIL2A_20210209T091029_R050_T34SFG_20210524T092221 -> Not Found
2025-08-19 05:08:59,292 - INFO - sentinel2.py:78 - 14/19 - S2B_MSIL2A_20210209T091029_R050_T34SFF_20210211T170408 -> Not Found
2025-08-19 05:09:08,172 - INFO - sentinel2.py:78 - 15/19 - S2A_MSIL2A_20210207T092141_R093_T34SFG_20210207T185734 -> Not Found
2025-08-19 05:09:15,651 - INFO - sentinel2.py:78 - 16/19 - S2A_MSIL2A_20210204T091151_R050_T34SFG_20210209T230640 -> Not Found
2025-08-19 05:09:24,396 - INFO - sentinel2.py:78 - 17/19 - S2A_MSIL2A_20210204T091151_R050_T34SFF_20210205T001933 -> Not Found
2025-08-19 05:09:33,102 - INFO - sentinel2.py:78 - 18/19 - S2B_MSIL2A_20210202T092119_R093_T34SFG_20210202T234305 -> Not Found
2025-08-19 05:09:41,157 - INFO - sentinel2.py:78 - 19/19 - S2B_MSIL2A_20210202T092119_R093_T34SFF_20210202T234556 -> Not Found
2025-08-19 05:09:41,258 - INFO - composites.py:250 -                                  
2025-08-19 05:09:41,258 - INFO - composites.py:251 - 0/19 were refined by GRI.
2025-08-19 05:09:41,259 - WARNING - composites.py:255 - Tile x10_y08 | Time: 2021-02: All scenes are flagged NOT REFINED.
2025-08-19 05:09:41,260 - WARNING - composites.py:256 - Tile x10_y08 | Time: 2021-02: The composite will be flagged with _NOREFINED.
2025-08-19 05:09:41,260 - INFO - composites.py:263 - Looking for up to 10 cleanest images within spatiotemporal range of each MGRS tile
2025-08-19 05:09:41,260 - INFO - composites.py:277 - Filtered cleanest scenes: Kept 19 out of 19 items. 
2025-08-19 05:09:41,261 - INFO - composites.py:278 -         Included MGRS Tiles: ['34SFF' '34SFG']
2025-08-19 05:09:41,261 - INFO - composites.py:279 -         Included EPSG codes: [32634]
2025-08-19 05:09:41,261 - INFO - composites.py:281 - Selected scenes:
2025-08-19 05:09:41,261 - INFO - composites.py:283 -         S2A_MSIL2A_20210224T090951_R050_T34SFF_20210224T201141
2025-08-19 05:09:41,261 - INFO - composites.py:283 -         S2B_MSIL2A_20210222T092029_R093_T34SFF_20210222T205553
2025-08-19 05:09:41,263 - INFO - composites.py:283 -         S2A_MSIL2A_20210204T091151_R050_T34SFF_20210205T001933
2025-08-19 05:09:41,263 - INFO - composites.py:283 -         S2B_MSIL2A_20210212T092029_R093_T34SFF_20210213T030741
2025-08-19 05:09:41,279 - INFO - composites.py:283 -         S2A_MSIL2A_20210217T092041_R093_T34SFF_20210219T054606
2025-08-19 05:09:41,279 - INFO - composites.py:283 -         S2A_MSIL2A_20210227T092031_R093_T34SFF_20210227T212001
2025-08-19 05:09:41,279 - INFO - composites.py:283 -         S2B_MSIL2A_20210219T091019_R050_T34SFF_20210220T070050
2025-08-19 05:09:41,279 - INFO - composites.py:283 -         S2B_MSIL2A_20210202T092119_R093_T34SFF_20210202T234556
2025-08-19 05:09:41,279 - INFO - composites.py:283 -         S2B_MSIL2A_20210209T091029_R050_T34SFF_20210211T170408
2025-08-19 05:09:41,286 - INFO - composites.py:283 -         S2A_MSIL2A_20210227T092031_R093_T34SFG_20210227T211410
2025-08-19 05:09:41,286 - INFO - composites.py:283 -         S2A_MSIL2A_20210224T090951_R050_T34SFG_20210224T193141
2025-08-19 05:09:41,286 - INFO - composites.py:283 -         S2A_MSIL2A_20210204T091151_R050_T34SFG_20210209T230640
2025-08-19 05:09:41,286 - INFO - composites.py:283 -         S2B_MSIL2A_20210222T092029_R093_T34SFG_20210222T195137
2025-08-19 05:09:41,286 - INFO - composites.py:283 -         S2A_MSIL2A_20210217T092041_R093_T34SFG_20210219T061816
2025-08-19 05:09:41,286 - INFO - composites.py:283 -         S2B_MSIL2A_20210212T092029_R093_T34SFG_20210213T032506
2025-08-19 05:09:41,286 - INFO - composites.py:283 -         S2B_MSIL2A_20210209T091029_R050_T34SFG_20210524T092221
2025-08-19 05:09:41,286 - INFO - composites.py:283 -         S2B_MSIL2A_20210219T091019_R050_T34SFG_20210220T073434
2025-08-19 05:09:41,286 - INFO - composites.py:283 -         S2B_MSIL2A_20210202T092119_R093_T34SFG_20210202T234305
2025-08-19 05:09:41,286 - INFO - composites.py:283 -         S2A_MSIL2A_20210207T092141_R093_T34SFG_20210207T185734
2025-08-19 05:09:41,863 - INFO - sentinel2.py:154 - Matplotlib backend: Agg
2025-08-19 05:09:42,099 - INFO - sentinel2.py:224 - Write input scenes footprint overlay: //nas-rs.topo.auth.gr/Latomeia/DROUGHT/COMPOS/2021/02/x10_y08/S2L2A_medcomp_x10_y08_202102_InDataFootprint.jpeg
2025-08-19 05:09:42,421 - INFO - composites.py:297 -                                  
2025-08-19 05:09:42,421 - INFO - composites.py:298 - Downstream STAC items from Planetary Computer
2025-08-19 05:09:42,421 - INFO - timeseries_processing.py:114 -                                  
2025-08-19 05:09:42,421 - INFO - timeseries_processing.py:115 - Loading bands of diferent resolutions in EPSG:32634
2025-08-19 05:09:42,421 - INFO - timeseries_processing.py:119 -     Filtering items with native UTM EPSG:32634
2025-08-19 05:09:42,421 - INFO - timeseries_processing.py:121 -     19 Items in EPSG:32634
2025-08-19 05:09:42,421 - INFO - timeseries_processing.py:128 -                        
2025-08-19 05:09:42,422 - INFO - timeseries_processing.py:129 -     Loading parameters:
2025-08-19 05:09:42,422 - INFO - timeseries_processing.py:130 -         Bands: ['B05', 'B07', 'B8A', 'SCL']
2025-08-19 05:09:42,422 - INFO - timeseries_processing.py:131 -         Spatial resolution: 20
2025-08-19 05:09:42,422 - INFO - timeseries_processing.py:133 -         Get Assets from STAC Items
2025-08-19 05:09:42,422 - INFO - timeseries_processing.py:46 -         Initialize the STAC client
2025-08-19 05:09:43,018 - INFO - timeseries_processing.py:136 -         Loading 19 STAC Items....
2025-08-19 05:11:09,655 - INFO - timeseries_processing.py:158 -         Cube has been downloaded
2025-08-19 05:11:09,655 - INFO - timeseries_processing.py:167 -         Fix order of dimensions
2025-08-19 05:11:09,657 - INFO - timeseries_processing.py:172 -         Append bands to the band-list of EPSG:32634
2025-08-19 05:11:09,657 - INFO - timeseries_processing.py:128 -                        
2025-08-19 05:11:09,657 - INFO - timeseries_processing.py:129 -     Loading parameters:
2025-08-19 05:11:09,657 - INFO - timeseries_processing.py:130 -         Bands: ['B02', 'B03', 'B04']
2025-08-19 05:11:09,657 - INFO - timeseries_processing.py:131 -         Spatial resolution: 10
2025-08-19 05:11:09,659 - INFO - timeseries_processing.py:133 -         Get Assets from STAC Items
2025-08-19 05:11:09,659 - INFO - timeseries_processing.py:46 -         Initialize the STAC client
2025-08-19 05:11:10,310 - INFO - timeseries_processing.py:136 -         Loading 19 STAC Items....
2025-08-19 05:15:00,231 - INFO - timeseries_processing.py:158 -         Cube has been downloaded
2025-08-19 05:15:00,246 - INFO - timeseries_processing.py:161 -         Downsample 10m bands to 20m by average 2x2 binning
2025-08-19 05:15:14,514 - INFO - timeseries_processing.py:164 -         Warp (reproject) 2x2 binned bands to match shape of native 20m bands: method=bilinear
2025-08-19 05:15:28,119 - INFO - timeseries_processing.py:172 -         Append bands to the band-list of EPSG:32634
2025-08-19 05:15:28,119 - INFO - timeseries_processing.py:176 -                        
2025-08-19 05:15:28,119 - INFO - timeseries_processing.py:177 -     Merging bands in a single dataset
2025-08-19 05:15:28,119 - INFO - timeseries_processing.py:178 -     Ensure all partial datasets are at (x=20, y=-20) resolution
2025-08-19 05:15:28,121 - INFO - timeseries_processing.py:182 -     Clip to the intersection of indexes
2025-08-19 05:15:29,640 - INFO - timeseries_processing.py:191 -     Make a list of bands to merge
2025-08-19 05:15:29,641 - INFO - timeseries_processing.py:195 -     Merge on intersection
2025-08-19 05:15:29,641 - INFO - timeseries_processing.py:203 -     Apply masks on clouds, shadows, thin cirrus, and snow/ice
2025-08-19 05:15:29,641 - INFO - sentinel2.py:122 -                Masking bits: [3, 7, 8, 9, 10, 11]
2025-08-19 05:15:31,045 - INFO - timeseries_processing.py:209 -     Reproject to Tiling Schema projection EPSG:3035
2025-08-19 05:15:45,665 - INFO - composites.py:307 - Clip and align to tile geometry
2025-08-19 05:15:50,261 - INFO - composites.py:340 - Creating preview plot of input scenes
2025-08-19 05:16:32,300 - INFO - timeseries_processing.py:367 - Saved preview for 'B04' to //nas-rs.topo.auth.gr/Latomeia/DROUGHT/COMPOS/2021/02/x10_y08/S2L2A_medcomp_x10_y08_202102_InDataPreview.jpeg
2025-08-19 05:16:32,328 - INFO - composites.py:346 - Clip value range
2025-08-19 05:16:34,682 - INFO - composites.py:351 -                           
2025-08-19 05:16:34,683 - INFO - composites.py:352 - Computing spectral indices:
2025-08-19 05:16:34,683 - INFO - composites.py:355 -     EVI...
2025-08-19 05:16:36,128 - INFO - composites.py:357 -     NDVI...
2025-08-19 05:16:36,425 - INFO - composites.py:359 -     PSRI2...
2025-08-19 05:16:36,846 - INFO - composites.py:362 - Clip to typical value range
2025-08-19 05:16:37,361 - INFO - composites.py:369 - Reducing to median value temporal composite
2025-08-19 05:17:07,309 - INFO - composites.py:388 - Define data types and nodata per band
2025-08-19 05:17:07,472 - INFO - composites.py:409 - Assign time range and tile ID in metadata
2025-08-19 05:17:07,472 - INFO - composites.py:417 - Write bands to raster COG files
2025-08-19 05:17:12,154 - INFO - composites.py:430 - Write B02 -> //nas-rs.topo.auth.gr/Latomeia/DROUGHT/COMPOS/2021/02/x10_y08/S2L2A_medcomp_x10_y08_202102_B02.tif
2025-08-19 05:17:16,846 - INFO - composites.py:430 - Write B03 -> //nas-rs.topo.auth.gr/Latomeia/DROUGHT/COMPOS/2021/02/x10_y08/S2L2A_medcomp_x10_y08_202102_B03.tif
2025-08-19 05:17:21,524 - INFO - composites.py:430 - Write B04 -> //nas-rs.topo.auth.gr/Latomeia/DROUGHT/COMPOS/2021/02/x10_y08/S2L2A_medcomp_x10_y08_202102_B04.tif
2025-08-19 05:17:26,169 - INFO - composites.py:430 - Write B05 -> //nas-rs.topo.auth.gr/Latomeia/DROUGHT/COMPOS/2021/02/x10_y08/S2L2A_medcomp_x10_y08_202102_B05.tif
2025-08-19 05:17:30,911 - INFO - composites.py:430 - Write B07 -> //nas-rs.topo.auth.gr/Latomeia/DROUGHT/COMPOS/2021/02/x10_y08/S2L2A_medcomp_x10_y08_202102_B07.tif
2025-08-19 05:17:35,567 - INFO - composites.py:430 - Write B8A -> //nas-rs.topo.auth.gr/Latomeia/DROUGHT/COMPOS/2021/02/x10_y08/S2L2A_medcomp_x10_y08_202102_B8A.tif
2025-08-19 05:17:40,329 - INFO - composites.py:430 - Write EVI -> //nas-rs.topo.auth.gr/Latomeia/DROUGHT/COMPOS/2021/02/x10_y08/S2L2A_medcomp_x10_y08_202102_evi.tif
2025-08-19 05:17:44,938 - INFO - composites.py:430 - Write NDVI -> //nas-rs.topo.auth.gr/Latomeia/DROUGHT/COMPOS/2021/02/x10_y08/S2L2A_medcomp_x10_y08_202102_ndvi.tif
2025-08-19 05:17:49,620 - INFO - composites.py:430 - Write PSRI2 -> //nas-rs.topo.auth.gr/Latomeia/DROUGHT/COMPOS/2021/02/x10_y08/S2L2A_medcomp_x10_y08_202102_psri2.tif
2025-08-19 05:17:49,637 - INFO - composites.py:434 - Prepare metadata YAML document
2025-08-19 05:17:50,483 - INFO - composites.py:455 - Write metadata YAML document to disk
2025-08-19 05:17:50,519 - INFO - composites.py:460 - Create datacube.model.Dataset from eo3 metadata
2025-08-19 05:17:50,529 - INFO - composites.py:471 - Index to datacube
2025-08-19 05:17:50,529 - INFO - _datasets.py:191 - Indexing ddf5d422-5973-4c6d-933b-47aac20003be
2025-08-19 05:17:50,539 - INFO - composites.py:474 - 
2025-08-19 05:17:50,539 - INFO - composites.py:475 -              ✔✔✔ COMPLETED: Tile x10_y08 | Time: 2021-02 | In 11.05 minutes
2025-08-19 05:17:50,540 - INFO - composites.py:476 - 
2025-08-19 05:17:50,540 - INFO - composites.py:484 - Closing Dask client
2025-08-19 05:17:50,541 - INFO - composites.py:488 - Closing Dask cluster
2025-08-19 05:17:50,541 - INFO - composites.py:489 - #######################################################################
