2025-08-21 17:05:05,185 - INFO - composites.py:101 - #######################################################################
2025-08-21 17:05:05,186 - INFO - composites.py:103 - Processing started
2025-08-21 17:05:05,186 - INFO - composites.py:104 -         Tile: x10_y07
2025-08-21 17:05:05,186 - INFO - composites.py:105 -         Time: 2020-01
2025-08-21 17:05:05,186 - INFO - composites.py:108 -                           
2025-08-21 17:05:05,186 - INFO - composites.py:109 - Establishing connection to datacube
2025-08-21 17:05:06,045 - INFO - composites.py:112 -                           
2025-08-21 17:05:06,045 - INFO - composites.py:113 - Sanity test: Check if dataset already exists in the datacube
2025-08-21 17:05:06,062 - INFO - composites.py:132 - The composite requested was not found and it will be computed
2025-08-21 17:05:06,063 - INFO - composites.py:135 -                                  
2025-08-21 17:05:06,063 - INFO - composites.py:136 - Initializing Dask cluster for parallelization
2025-08-21 17:05:12,570 - INFO - composites.py:160 - Dask dashboard is available at: http://127.0.0.1:8787/status
2025-08-21 17:05:12,570 - INFO - composites.py:163 - Create directories and naming conversions
2025-08-21 17:05:12,575 - INFO - composites.py:174 - Dataset location: //nas-rs.topo.auth.gr/Latomeia/DROUGHT/COMPOS/2020/01/x10_y07
2025-08-21 17:05:12,575 - INFO - composites.py:177 -                           
2025-08-21 17:05:12,575 - INFO - composites.py:178 - Retrieve tile geometry
2025-08-21 17:05:12,614 - INFO - composites.py:189 - Create the Bounding Box (φ,λ)
2025-08-21 17:05:12,614 - INFO - composites.py:195 - Create the Bounding Box (x,y)
2025-08-21 17:05:12,614 - INFO - composites.py:208 -                           
2025-08-21 17:05:12,614 - INFO - composites.py:209 - Connect to Planetary Computer STAC Catalog
2025-08-21 17:05:12,826 - INFO - composites.py:217 - Search the STAC Catalog
2025-08-21 17:05:12,896 - INFO - composites.py:229 -         Query parameters:
2025-08-21 17:05:12,896 - INFO - composites.py:230 -             url:          https://planetarycomputer.microsoft.com/api/stac/v1/search
2025-08-21 17:05:12,896 - INFO - composites.py:231 -             client:       microsoft-pc
2025-08-21 17:05:12,896 - INFO - composites.py:232 -             collection:   sentinel-2-l2a
2025-08-21 17:05:12,896 - INFO - composites.py:233 -             bbox:         (22.240528254350007, 36.43261500541467, 22.895662885042924, 36.983478733191035)
2025-08-21 17:05:12,896 - INFO - composites.py:234 -             time range:   2020-01-01T00:00:00Z/2020-01-31T23:59:59Z
2025-08-21 17:05:12,896 - INFO - composites.py:235 -             cloud cover:  0% - 70%
2025-08-21 17:05:12,896 - INFO - composites.py:236 -             nodata cover: 0% - 33%
2025-08-21 17:05:12,897 - INFO - composites.py:238 -                           
2025-08-21 17:05:12,897 - INFO - composites.py:239 - Searching...
2025-08-21 17:05:13,317 - INFO - composites.py:242 - Query found 17 items
2025-08-21 17:05:13,317 - INFO - composites.py:244 - Searching for GRI REFINED scenes:
2025-08-21 17:05:18,442 - INFO - sentinel2.py:78 - 1/17 - S2A_MSIL2A_20200131T091231_R050_T34SFG_20201002T161004 -> Not Found
2025-08-21 17:05:23,905 - INFO - sentinel2.py:78 - 2/17 - S2A_MSIL2A_20200131T091231_R050_T34SFF_20201002T161004 -> Not Found
2025-08-21 17:05:28,462 - INFO - sentinel2.py:78 - 3/17 - S2B_MSIL2A_20200129T092129_R093_T34SFG_20201002T144807 -> Not Found
2025-08-21 17:05:32,780 - INFO - sentinel2.py:78 - 4/17 - S2B_MSIL2A_20200129T092129_R093_T34SFF_20201002T144803 -> Not Found
2025-08-21 17:05:37,433 - INFO - sentinel2.py:78 - 5/17 - S2A_MSIL2A_20200124T092251_R093_T34SFG_20201002T083602 -> Not Found
2025-08-21 17:05:42,424 - INFO - sentinel2.py:78 - 6/17 - S2A_MSIL2A_20200124T092251_R093_T34SFF_20201002T083558 -> Not Found
2025-08-21 17:05:46,949 - INFO - sentinel2.py:78 - 7/17 - S2A_MSIL2A_20200121T091301_R050_T34SFG_20201002T031655 -> Not Found
2025-08-21 17:05:51,331 - INFO - sentinel2.py:78 - 8/17 - S2A_MSIL2A_20200121T091301_R050_T34SFF_20201002T031656 -> Not Found
2025-08-21 17:05:56,669 - INFO - sentinel2.py:78 - 9/17 - S2B_MSIL2A_20200116T091229_R050_T34SFG_20201002T193226 -> Not Found
2025-08-21 17:06:01,999 - INFO - sentinel2.py:78 - 10/17 - S2B_MSIL2A_20200116T091229_R050_T34SFF_20201002T193223 -> Not Found
2025-08-21 17:06:07,422 - INFO - sentinel2.py:78 - 11/17 - S2A_MSIL2A_20200114T092331_R093_T34SFG_20201002T182427 -> Not Found
2025-08-21 17:06:13,028 - INFO - sentinel2.py:78 - 12/17 - S2A_MSIL2A_20200111T091341_R050_T34SFG_20201002T165603 -> Not Found
2025-08-21 17:06:17,308 - INFO - sentinel2.py:78 - 13/17 - S2A_MSIL2A_20200111T091341_R050_T34SFF_20201002T165601 -> Not Found
2025-08-21 17:06:21,949 - INFO - sentinel2.py:78 - 14/17 - S2B_MSIL2A_20200109T092249_R093_T34SFG_20201029T174525 -> Not Found
2025-08-21 17:06:27,552 - INFO - sentinel2.py:78 - 15/17 - S2B_MSIL2A_20200109T092249_R093_T34SFF_20201029T174521 -> Not Found
2025-08-21 17:06:32,539 - INFO - sentinel2.py:78 - 16/17 - S2A_MSIL2A_20200104T092401_R093_T34SFG_20201002T224247 -> Not Found
2025-08-21 17:06:36,936 - INFO - sentinel2.py:78 - 17/17 - S2A_MSIL2A_20200104T092401_R093_T34SFF_20201002T224240 -> Not Found
2025-08-21 17:06:37,024 - INFO - composites.py:247 -                                  
2025-08-21 17:06:37,036 - INFO - composites.py:248 - 0/17 were refined by GRI.
2025-08-21 17:06:37,036 - WARNING - composites.py:252 - Tile x10_y07 | Time: 2020-01: All scenes are flagged NOT REFINED.
2025-08-21 17:06:37,037 - WARNING - composites.py:253 - Tile x10_y07 | Time: 2020-01: The composite will be flagged with _NOREFINED.
2025-08-21 17:06:37,038 - INFO - composites.py:260 - Looking for up to 10 cleanest images within spatiotemporal range of each MGRS tile
2025-08-21 17:06:37,039 - INFO - composites.py:274 - Filtered cleanest scenes: Kept 17 out of 17 items. 
2025-08-21 17:06:37,040 - INFO - composites.py:275 -         Included MGRS Tiles: ['34SFF' '34SFG']
2025-08-21 17:06:37,040 - INFO - composites.py:276 -         Included EPSG codes: [32634]
2025-08-21 17:06:37,040 - INFO - composites.py:278 - Selected scenes:
2025-08-21 17:06:37,046 - INFO - composites.py:280 -         S2A_MSIL2A_20200104T092401_R093_T34SFF_20201002T224240
2025-08-21 17:06:37,047 - INFO - composites.py:280 -         S2B_MSIL2A_20200109T092249_R093_T34SFF_20201029T174521
2025-08-21 17:06:37,047 - INFO - composites.py:280 -         S2A_MSIL2A_20200124T092251_R093_T34SFF_20201002T083558
2025-08-21 17:06:37,048 - INFO - composites.py:280 -         S2A_MSIL2A_20200131T091231_R050_T34SFF_20201002T161004
2025-08-21 17:06:37,053 - INFO - composites.py:280 -         S2B_MSIL2A_20200116T091229_R050_T34SFF_20201002T193223
2025-08-21 17:06:37,053 - INFO - composites.py:280 -         S2A_MSIL2A_20200111T091341_R050_T34SFF_20201002T165601
2025-08-21 17:06:37,054 - INFO - composites.py:280 -         S2A_MSIL2A_20200121T091301_R050_T34SFF_20201002T031656
2025-08-21 17:06:37,054 - INFO - composites.py:280 -         S2B_MSIL2A_20200129T092129_R093_T34SFF_20201002T144803
2025-08-21 17:06:37,054 - INFO - composites.py:280 -         S2A_MSIL2A_20200111T091341_R050_T34SFG_20201002T165603
2025-08-21 17:06:37,054 - INFO - composites.py:280 -         S2A_MSIL2A_20200104T092401_R093_T34SFG_20201002T224247
2025-08-21 17:06:37,054 - INFO - composites.py:280 -         S2A_MSIL2A_20200124T092251_R093_T34SFG_20201002T083602
2025-08-21 17:06:37,055 - INFO - composites.py:280 -         S2B_MSIL2A_20200109T092249_R093_T34SFG_20201029T174525
2025-08-21 17:06:37,055 - INFO - composites.py:280 -         S2B_MSIL2A_20200116T091229_R050_T34SFG_20201002T193226
2025-08-21 17:06:37,055 - INFO - composites.py:280 -         S2A_MSIL2A_20200131T091231_R050_T34SFG_20201002T161004
2025-08-21 17:06:37,055 - INFO - composites.py:280 -         S2A_MSIL2A_20200121T091301_R050_T34SFG_20201002T031655
2025-08-21 17:06:37,055 - INFO - composites.py:280 -         S2A_MSIL2A_20200114T092331_R093_T34SFG_20201002T182427
2025-08-21 17:06:37,055 - INFO - composites.py:280 -         S2B_MSIL2A_20200129T092129_R093_T34SFG_20201002T144807
2025-08-21 17:06:37,556 - INFO - sentinel2.py:154 - Matplotlib backend: Agg
2025-08-21 17:06:37,959 - INFO - sentinel2.py:224 - Write input scenes footprint overlay: //nas-rs.topo.auth.gr/Latomeia/DROUGHT/COMPOS/2020/01/x10_y07/S2L2A_medcomp_x10_y07_202001_InDataFootprint.jpeg
2025-08-21 17:06:38,265 - INFO - composites.py:294 -                                  
2025-08-21 17:06:38,266 - INFO - composites.py:295 - Downstream STAC items from Planetary Computer
2025-08-21 17:06:38,266 - INFO - timeseries_processing.py:115 -                                  
2025-08-21 17:06:38,266 - INFO - timeseries_processing.py:116 - Loading bands of diferent resolutions in EPSG:32634
2025-08-21 17:06:38,266 - INFO - timeseries_processing.py:120 -     Filtering items with native UTM EPSG:32634
2025-08-21 17:06:38,266 - INFO - timeseries_processing.py:122 -     17 Items in EPSG:32634
2025-08-21 17:06:38,266 - INFO - timeseries_processing.py:129 -                        
2025-08-21 17:06:38,266 - INFO - timeseries_processing.py:130 -     Loading parameters:
2025-08-21 17:06:38,266 - INFO - timeseries_processing.py:131 -         Bands: ['B05', 'B07', 'B8A', 'SCL']
2025-08-21 17:06:38,266 - INFO - timeseries_processing.py:132 -         Spatial resolution: 20
2025-08-21 17:06:38,266 - INFO - timeseries_processing.py:134 -         Get Assets from STAC Items
2025-08-21 17:06:38,266 - INFO - timeseries_processing.py:47 -         Initialize the STAC client
2025-08-21 17:12:17,288 - INFO - timeseries_processing.py:137 -         Loading 17 STAC Items....
2025-08-21 17:13:38,475 - INFO - timeseries_processing.py:146 -         Cube has been downloaded
2025-08-21 17:13:38,475 - INFO - timeseries_processing.py:156 -         Fix order of dimensions
2025-08-21 17:13:38,477 - INFO - timeseries_processing.py:161 -         Append bands to the band-list of EPSG:32634
2025-08-21 17:13:38,477 - INFO - timeseries_processing.py:129 -                        
2025-08-21 17:13:38,478 - INFO - timeseries_processing.py:130 -     Loading parameters:
2025-08-21 17:13:38,478 - INFO - timeseries_processing.py:131 -         Bands: ['B02', 'B03', 'B04']
2025-08-21 17:13:38,478 - INFO - timeseries_processing.py:132 -         Spatial resolution: 10
2025-08-21 17:13:38,478 - INFO - timeseries_processing.py:134 -         Get Assets from STAC Items
2025-08-21 17:13:38,478 - INFO - timeseries_processing.py:47 -         Initialize the STAC client
2025-08-21 17:13:39,005 - INFO - timeseries_processing.py:137 -         Loading 17 STAC Items....
2025-08-21 17:15:59,732 - INFO - timeseries_processing.py:146 -         Cube has been downloaded
2025-08-21 17:15:59,732 - INFO - timeseries_processing.py:149 -         Reproject to downsample 10m bands to 20m by Resampling.average 2x2 binning and shape matching with odc.geo.GeoBox
2025-08-21 17:16:13,726 - INFO - timeseries_processing.py:161 -         Append bands to the band-list of EPSG:32634
2025-08-21 17:16:13,726 - INFO - timeseries_processing.py:165 -                        
2025-08-21 17:16:13,726 - INFO - timeseries_processing.py:166 -     Merging bands in a single dataset
2025-08-21 17:16:13,726 - INFO - timeseries_processing.py:167 -     Ensure all partial datasets are at (x=20, y=-20) resolution
2025-08-21 17:16:13,726 - INFO - timeseries_processing.py:171 -     Clip to the intersection of indexes
2025-08-21 17:16:14,934 - INFO - timeseries_processing.py:180 -     Make a list of bands to merge
2025-08-21 17:16:14,941 - INFO - timeseries_processing.py:184 -     Merge on intersection
2025-08-21 17:16:14,942 - INFO - timeseries_processing.py:192 -     Apply masks on clouds, shadows, thin cirrus, and snow/ice
2025-08-21 17:16:14,942 - INFO - sentinel2.py:122 -                Masking bits: [3, 7, 8, 9, 10, 11]
2025-08-21 17:16:16,164 - INFO - composites.py:304 - Reproject from UTM Zone to Tile geometry -> CRS(EPSG:32634), Resampling.bilinear
2025-08-21 17:16:22,764 - INFO - composites.py:307 -     New shape of datasets: Shape2d(x=2400, y=2400)
2025-08-21 17:16:23,613 - INFO - composites.py:339 - Creating preview plot of input scenes
2025-08-21 17:16:56,614 - INFO - timeseries_processing.py:349 - Saved preview for 'B04' to //nas-rs.topo.auth.gr/Latomeia/DROUGHT/COMPOS/2020/01/x10_y07/S2L2A_medcomp_x10_y07_202001_InDataPreview.jpeg
2025-08-21 17:16:56,621 - INFO - composites.py:345 - Clip value range
2025-08-21 17:16:58,555 - INFO - composites.py:350 -                           
2025-08-21 17:16:58,556 - INFO - composites.py:351 - Computing spectral indices:
2025-08-21 17:16:58,557 - INFO - composites.py:354 -     EVI...
2025-08-21 17:16:59,809 - INFO - composites.py:356 -     NDVI...
2025-08-21 17:17:00,108 - INFO - composites.py:358 -     PSRI2...
2025-08-21 17:17:00,482 - INFO - composites.py:361 - Clip to typical value range
2025-08-21 17:17:00,889 - INFO - composites.py:368 - Reducing to median value temporal composite
2025-08-21 17:17:28,528 - INFO - composites.py:387 - Define data types and nodata per band
2025-08-21 17:17:28,653 - INFO - composites.py:408 - Assign time range and tile ID in metadata
2025-08-21 17:17:28,653 - INFO - composites.py:416 - Write bands to raster COG files
2025-08-21 17:17:32,654 - INFO - composites.py:429 - Write B02 -> //nas-rs.topo.auth.gr/Latomeia/DROUGHT/COMPOS/2020/01/x10_y07/S2L2A_medcomp_x10_y07_202001_B02.tif
2025-08-21 17:17:36,600 - INFO - composites.py:429 - Write B03 -> //nas-rs.topo.auth.gr/Latomeia/DROUGHT/COMPOS/2020/01/x10_y07/S2L2A_medcomp_x10_y07_202001_B03.tif
2025-08-21 17:17:40,486 - INFO - composites.py:429 - Write B04 -> //nas-rs.topo.auth.gr/Latomeia/DROUGHT/COMPOS/2020/01/x10_y07/S2L2A_medcomp_x10_y07_202001_B04.tif
2025-08-21 17:17:44,732 - INFO - composites.py:429 - Write B05 -> //nas-rs.topo.auth.gr/Latomeia/DROUGHT/COMPOS/2020/01/x10_y07/S2L2A_medcomp_x10_y07_202001_B05.tif
2025-08-21 17:17:49,259 - INFO - composites.py:429 - Write B07 -> //nas-rs.topo.auth.gr/Latomeia/DROUGHT/COMPOS/2020/01/x10_y07/S2L2A_medcomp_x10_y07_202001_B07.tif
2025-08-21 17:17:53,364 - INFO - composites.py:429 - Write B8A -> //nas-rs.topo.auth.gr/Latomeia/DROUGHT/COMPOS/2020/01/x10_y07/S2L2A_medcomp_x10_y07_202001_B8A.tif
2025-08-21 17:17:57,398 - INFO - composites.py:429 - Write EVI -> //nas-rs.topo.auth.gr/Latomeia/DROUGHT/COMPOS/2020/01/x10_y07/S2L2A_medcomp_x10_y07_202001_evi.tif
2025-08-21 17:18:01,453 - INFO - composites.py:429 - Write NDVI -> //nas-rs.topo.auth.gr/Latomeia/DROUGHT/COMPOS/2020/01/x10_y07/S2L2A_medcomp_x10_y07_202001_ndvi.tif
2025-08-21 17:18:05,569 - INFO - composites.py:429 - Write PSRI2 -> //nas-rs.topo.auth.gr/Latomeia/DROUGHT/COMPOS/2020/01/x10_y07/S2L2A_medcomp_x10_y07_202001_psri2.tif
2025-08-21 17:18:05,584 - INFO - composites.py:433 - Prepare metadata YAML document
2025-08-21 17:18:06,269 - INFO - composites.py:454 - Write metadata YAML document to disk
2025-08-21 17:18:06,301 - INFO - composites.py:459 - Create datacube.model.Dataset from eo3 metadata
2025-08-21 17:18:06,312 - INFO - composites.py:470 - Index to datacube
2025-08-21 17:18:06,313 - INFO - _datasets.py:191 - Indexing 3e11bbca-3a25-4b9c-a58e-8d42b9b99796
2025-08-21 17:18:06,321 - INFO - composites.py:473 - 
2025-08-21 17:18:06,321 - INFO - composites.py:474 -              ✔✔✔ COMPLETED: Tile x10_y07 | Time: 2020-01 | In 13.02 minutes
2025-08-21 17:18:06,321 - INFO - composites.py:475 - 
2025-08-21 17:18:06,321 - INFO - composites.py:483 - Closing Dask client
2025-08-21 17:18:06,328 - INFO - composites.py:487 - Closing Dask cluster
2025-08-21 17:18:06,328 - INFO - composites.py:488 - #######################################################################
