2025-08-20 07:09:29,899 - INFO - composites.py:100 - #######################################################################
2025-08-20 07:09:29,899 - INFO - composites.py:102 - Processing started
2025-08-20 07:09:29,899 - INFO - composites.py:103 -         Tile: x12_y12
2025-08-20 07:09:29,899 - INFO - composites.py:104 -         Time: 2021-10
2025-08-20 07:09:29,899 - INFO - composites.py:107 -                           
2025-08-20 07:09:29,899 - INFO - composites.py:108 - Establishing connection to datacube
2025-08-20 07:09:30,611 - INFO - composites.py:111 -                           
2025-08-20 07:09:30,611 - INFO - composites.py:112 - Sanity test: Check if dataset already exists in the datacube
2025-08-20 07:09:30,630 - INFO - composites.py:131 - The composite requested was not found and it will be computed
2025-08-20 07:09:30,631 - INFO - composites.py:134 -                                  
2025-08-20 07:09:30,631 - INFO - composites.py:135 - Initializing Dask cluster for parallelization
2025-08-20 07:09:36,756 - INFO - composites.py:159 - Dask dashboard is available at: http://127.0.0.1:8787/status
2025-08-20 07:09:36,756 - INFO - composites.py:162 - Create directories and naming conversions
2025-08-20 07:09:36,764 - INFO - composites.py:173 - Dataset location: //nas-rs.topo.auth.gr/Latomeia/DROUGHT/COMPOS/2021/10/x12_y12
2025-08-20 07:09:36,764 - INFO - composites.py:176 -                           
2025-08-20 07:09:36,764 - INFO - composites.py:177 - Retrieve tile geometry
2025-08-20 07:09:36,800 - INFO - composites.py:188 - Create the Bounding Box (φ,λ)
2025-08-20 07:09:36,800 - INFO - composites.py:194 - Create the Bounding Box (x,y)
2025-08-20 07:09:36,801 - INFO - composites.py:207 -                           
2025-08-20 07:09:36,801 - INFO - composites.py:208 - Connect to Planetary Computer STAC Catalog
2025-08-20 07:09:37,014 - INFO - composites.py:216 - Search the STAC Catalog
2025-08-20 07:09:37,085 - INFO - composites.py:228 -         Query parameters:
2025-08-20 07:09:37,085 - INFO - composites.py:229 -             url:          https://planetarycomputer.microsoft.com/api/stac/v1/search
2025-08-20 07:09:37,085 - INFO - composites.py:230 -             client:       microsoft-pc
2025-08-20 07:09:37,085 - INFO - composites.py:231 -             collection:   sentinel-2-l2a
2025-08-20 07:09:37,085 - INFO - composites.py:232 -             bbox:         (23.716378099707715, 38.420614698001835, 24.399281639341822, 38.977378170219765)
2025-08-20 07:09:37,085 - INFO - composites.py:233 -             time range:   2021-10-01T00:00:00Z/2021-10-31T23:59:59Z
2025-08-20 07:09:37,085 - INFO - composites.py:234 -             cloud cover:  0% - 70%
2025-08-20 07:09:37,085 - INFO - composites.py:235 -             nodata cover: 0% - 33%
2025-08-20 07:09:37,085 - INFO - composites.py:237 -                           
2025-08-20 07:09:37,085 - INFO - composites.py:238 - Searching...
2025-08-20 07:09:37,483 - INFO - composites.py:241 - Query found 15 items
2025-08-20 07:09:37,495 - INFO - composites.py:243 - Searching for GRI REFINED scenes:
2025-08-20 07:09:42,651 - INFO - sentinel2.py:78 - 1/15 - S2B_MSIL2A_20211027T091029_R050_T35SKD_20211028T003949 -> REFINED
2025-08-20 07:09:48,250 - INFO - sentinel2.py:78 - 2/15 - S2B_MSIL2A_20211027T091029_R050_T34SGJ_20211028T002936 -> REFINED
2025-08-20 07:09:53,619 - INFO - sentinel2.py:78 - 3/15 - S2B_MSIL2A_20211027T091029_R050_T34SGH_20211028T012112 -> REFINED
2025-08-20 07:09:59,248 - INFO - sentinel2.py:78 - 4/15 - S2A_MSIL2A_20211022T091031_R050_T35SKD_20211023T064752 -> REFINED
2025-08-20 07:10:04,217 - INFO - sentinel2.py:78 - 5/15 - S2A_MSIL2A_20211022T091031_R050_T34SGJ_20211023T072707 -> REFINED
2025-08-20 07:10:09,246 - INFO - sentinel2.py:78 - 6/15 - S2A_MSIL2A_20211022T091031_R050_T34SGH_20211023T063549 -> REFINED
2025-08-20 07:10:14,100 - INFO - sentinel2.py:78 - 7/15 - S2B_MSIL2A_20211017T090859_R050_T34SGJ_20211019T070845 -> REFINED
2025-08-20 07:10:19,008 - INFO - sentinel2.py:78 - 8/15 - S2B_MSIL2A_20211017T090859_R050_T34SGH_20211019T074900 -> REFINED
2025-08-20 07:10:24,531 - INFO - sentinel2.py:78 - 9/15 - S2B_MSIL2A_20211007T090749_R050_T35SKD_20211007T222754 -> REFINED
2025-08-20 07:10:29,067 - INFO - sentinel2.py:78 - 10/15 - S2B_MSIL2A_20211007T090749_R050_T35SKC_20211007T222457 -> REFINED
2025-08-20 07:10:33,545 - INFO - sentinel2.py:78 - 11/15 - S2B_MSIL2A_20211007T090749_R050_T34SGJ_20211007T230005 -> REFINED
2025-08-20 07:10:38,887 - INFO - sentinel2.py:78 - 12/15 - S2B_MSIL2A_20211007T090749_R050_T34SGH_20211007T231502 -> REFINED
2025-08-20 07:10:43,567 - INFO - sentinel2.py:78 - 13/15 - S2A_MSIL2A_20211002T090811_R050_T35SKD_20211002T222332 -> REFINED
2025-08-20 07:10:48,217 - INFO - sentinel2.py:78 - 14/15 - S2A_MSIL2A_20211002T090811_R050_T35SKC_20211002T220606 -> REFINED
2025-08-20 07:10:53,218 - INFO - sentinel2.py:78 - 15/15 - S2A_MSIL2A_20211002T090811_R050_T34SGJ_20211002T221655 -> REFINED
2025-08-20 07:10:53,263 - INFO - composites.py:246 -                                  
2025-08-20 07:10:53,263 - INFO - composites.py:247 - 15/15 were refined by GRI.
2025-08-20 07:10:53,263 - INFO - composites.py:259 - Looking for up to 10 cleanest images within spatiotemporal range of each MGRS tile
2025-08-20 07:10:53,263 - INFO - composites.py:273 - Filtered cleanest scenes: Kept 15 out of 15 items. 
2025-08-20 07:10:53,264 - INFO - composites.py:274 -         Included MGRS Tiles: ['34SGH' '34SGJ' '35SKC' '35SKD']
2025-08-20 07:10:53,264 - INFO - composites.py:275 -         Included EPSG codes: [32634 32635]
2025-08-20 07:10:53,264 - INFO - composites.py:277 - Selected scenes:
2025-08-20 07:10:53,265 - INFO - composites.py:279 -         S2A_MSIL2A_20211022T091031_R050_T34SGH_20211023T063549
2025-08-20 07:10:53,265 - INFO - composites.py:279 -         S2B_MSIL2A_20211007T090749_R050_T34SGH_20211007T231502
2025-08-20 07:10:53,265 - INFO - composites.py:279 -         S2B_MSIL2A_20211027T091029_R050_T34SGH_20211028T012112
2025-08-20 07:10:53,265 - INFO - composites.py:279 -         S2B_MSIL2A_20211017T090859_R050_T34SGH_20211019T074900
2025-08-20 07:10:53,265 - INFO - composites.py:279 -         S2A_MSIL2A_20211022T091031_R050_T34SGJ_20211023T072707
2025-08-20 07:10:53,265 - INFO - composites.py:279 -         S2B_MSIL2A_20211007T090749_R050_T34SGJ_20211007T230005
2025-08-20 07:10:53,267 - INFO - composites.py:279 -         S2A_MSIL2A_20211002T090811_R050_T34SGJ_20211002T221655
2025-08-20 07:10:53,267 - INFO - composites.py:279 -         S2B_MSIL2A_20211017T090859_R050_T34SGJ_20211019T070845
2025-08-20 07:10:53,277 - INFO - composites.py:279 -         S2B_MSIL2A_20211027T091029_R050_T34SGJ_20211028T002936
2025-08-20 07:10:53,279 - INFO - composites.py:279 -         S2B_MSIL2A_20211007T090749_R050_T35SKC_20211007T222457
2025-08-20 07:10:53,279 - INFO - composites.py:279 -         S2A_MSIL2A_20211002T090811_R050_T35SKC_20211002T220606
2025-08-20 07:10:53,279 - INFO - composites.py:279 -         S2A_MSIL2A_20211022T091031_R050_T35SKD_20211023T064752
2025-08-20 07:10:53,279 - INFO - composites.py:279 -         S2B_MSIL2A_20211007T090749_R050_T35SKD_20211007T222754
2025-08-20 07:10:53,279 - INFO - composites.py:279 -         S2A_MSIL2A_20211002T090811_R050_T35SKD_20211002T222332
2025-08-20 07:10:53,279 - INFO - composites.py:279 -         S2B_MSIL2A_20211027T091029_R050_T35SKD_20211028T003949
2025-08-20 07:10:53,750 - INFO - sentinel2.py:154 - Matplotlib backend: Agg
2025-08-20 07:10:54,160 - INFO - sentinel2.py:224 - Write input scenes footprint overlay: //nas-rs.topo.auth.gr/Latomeia/DROUGHT/COMPOS/2021/10/x12_y12/S2L2A_medcomp_x12_y12_202110_InDataFootprint.jpeg
2025-08-20 07:10:54,462 - INFO - composites.py:293 -                                  
2025-08-20 07:10:54,462 - INFO - composites.py:294 - Downstream STAC items from Planetary Computer
2025-08-20 07:10:54,462 - INFO - timeseries_processing.py:114 -                                  
2025-08-20 07:10:54,462 - INFO - timeseries_processing.py:115 - Loading bands of diferent resolutions in EPSG:32634
2025-08-20 07:10:54,462 - INFO - timeseries_processing.py:119 -     Filtering items with native UTM EPSG:32634
2025-08-20 07:10:54,463 - INFO - timeseries_processing.py:121 -     9 Items in EPSG:32634
2025-08-20 07:10:54,463 - INFO - timeseries_processing.py:128 -                        
2025-08-20 07:10:54,463 - INFO - timeseries_processing.py:129 -     Loading parameters:
2025-08-20 07:10:54,463 - INFO - timeseries_processing.py:130 -         Bands: ['B05', 'B07', 'B8A', 'SCL']
2025-08-20 07:10:54,463 - INFO - timeseries_processing.py:131 -         Spatial resolution: 20
2025-08-20 07:10:54,463 - INFO - timeseries_processing.py:133 -         Get Assets from STAC Items
2025-08-20 07:10:54,464 - INFO - timeseries_processing.py:46 -         Initialize the STAC client
2025-08-20 07:10:55,087 - INFO - timeseries_processing.py:136 -         Loading 9 STAC Items....
2025-08-20 07:11:49,376 - INFO - timeseries_processing.py:158 -         Cube has been downloaded
2025-08-20 07:11:49,376 - INFO - timeseries_processing.py:167 -         Fix order of dimensions
2025-08-20 07:11:49,378 - INFO - timeseries_processing.py:172 -         Append bands to the band-list of EPSG:32634
2025-08-20 07:11:49,378 - INFO - timeseries_processing.py:128 -                        
2025-08-20 07:11:49,378 - INFO - timeseries_processing.py:129 -     Loading parameters:
2025-08-20 07:11:49,379 - INFO - timeseries_processing.py:130 -         Bands: ['B02', 'B03', 'B04']
2025-08-20 07:11:49,379 - INFO - timeseries_processing.py:131 -         Spatial resolution: 10
2025-08-20 07:11:49,379 - INFO - timeseries_processing.py:133 -         Get Assets from STAC Items
2025-08-20 07:11:49,379 - INFO - timeseries_processing.py:46 -         Initialize the STAC client
2025-08-20 07:11:49,877 - INFO - timeseries_processing.py:136 -         Loading 9 STAC Items....
2025-08-20 07:13:49,027 - INFO - timeseries_processing.py:158 -         Cube has been downloaded
2025-08-20 07:13:49,027 - INFO - timeseries_processing.py:161 -         Downsample 10m bands to 20m by average 2x2 binning
2025-08-20 07:13:56,242 - INFO - timeseries_processing.py:164 -         Align binned bands to native 20m bands (shape matching): method=bilinear
2025-08-20 07:14:02,845 - INFO - timeseries_processing.py:172 -         Append bands to the band-list of EPSG:32634
2025-08-20 07:14:02,845 - INFO - timeseries_processing.py:176 -                        
2025-08-20 07:14:02,845 - INFO - timeseries_processing.py:177 -     Merging bands in a single dataset
2025-08-20 07:14:02,845 - INFO - timeseries_processing.py:178 -     Ensure all partial datasets are at (x=20, y=-20) resolution
2025-08-20 07:14:02,845 - INFO - timeseries_processing.py:182 -     Clip to the intersection of indexes
2025-08-20 07:14:04,181 - INFO - timeseries_processing.py:191 -     Make a list of bands to merge
2025-08-20 07:14:04,182 - INFO - timeseries_processing.py:195 -     Merge on intersection
2025-08-20 07:14:04,183 - INFO - timeseries_processing.py:203 -     Apply masks on clouds, shadows, thin cirrus, and snow/ice
2025-08-20 07:14:04,183 - INFO - sentinel2.py:122 -                Masking bits: [3, 7, 8, 9, 10, 11]
2025-08-20 07:14:04,964 - INFO - timeseries_processing.py:209 -     Reproject to Tiling Schema projection EPSG:3035
2025-08-20 07:14:12,600 - INFO - timeseries_processing.py:114 -                                  
2025-08-20 07:14:12,600 - INFO - timeseries_processing.py:115 - Loading bands of diferent resolutions in EPSG:32635
2025-08-20 07:14:12,600 - INFO - timeseries_processing.py:119 -     Filtering items with native UTM EPSG:32635
2025-08-20 07:14:12,600 - INFO - timeseries_processing.py:121 -     6 Items in EPSG:32635
2025-08-20 07:14:12,600 - INFO - timeseries_processing.py:128 -                        
2025-08-20 07:14:12,600 - INFO - timeseries_processing.py:129 -     Loading parameters:
2025-08-20 07:14:12,600 - INFO - timeseries_processing.py:130 -         Bands: ['B05', 'B07', 'B8A', 'SCL']
2025-08-20 07:14:12,600 - INFO - timeseries_processing.py:131 -         Spatial resolution: 20
2025-08-20 07:14:12,600 - INFO - timeseries_processing.py:133 -         Get Assets from STAC Items
2025-08-20 07:14:12,600 - INFO - timeseries_processing.py:46 -         Initialize the STAC client
2025-08-20 07:14:13,122 - INFO - timeseries_processing.py:136 -         Loading 6 STAC Items....
2025-08-20 07:14:46,181 - INFO - timeseries_processing.py:158 -         Cube has been downloaded
2025-08-20 07:14:46,181 - INFO - timeseries_processing.py:167 -         Fix order of dimensions
2025-08-20 07:14:46,183 - INFO - timeseries_processing.py:172 -         Append bands to the band-list of EPSG:32635
2025-08-20 07:14:46,183 - INFO - timeseries_processing.py:128 -                        
2025-08-20 07:14:46,183 - INFO - timeseries_processing.py:129 -     Loading parameters:
2025-08-20 07:14:46,183 - INFO - timeseries_processing.py:130 -         Bands: ['B02', 'B03', 'B04']
2025-08-20 07:14:46,183 - INFO - timeseries_processing.py:131 -         Spatial resolution: 10
2025-08-20 07:14:46,183 - INFO - timeseries_processing.py:133 -         Get Assets from STAC Items
2025-08-20 07:14:46,183 - INFO - timeseries_processing.py:46 -         Initialize the STAC client
2025-08-20 07:14:46,663 - INFO - timeseries_processing.py:136 -         Loading 6 STAC Items....
2025-08-20 07:15:51,267 - INFO - timeseries_processing.py:158 -         Cube has been downloaded
2025-08-20 07:15:51,268 - INFO - timeseries_processing.py:161 -         Downsample 10m bands to 20m by average 2x2 binning
2025-08-20 07:15:57,313 - INFO - timeseries_processing.py:164 -         Align binned bands to native 20m bands (shape matching): method=bilinear
2025-08-20 07:15:59,315 - INFO - timeseries_processing.py:172 -         Append bands to the band-list of EPSG:32635
2025-08-20 07:15:59,316 - INFO - timeseries_processing.py:176 -                        
2025-08-20 07:15:59,316 - INFO - timeseries_processing.py:177 -     Merging bands in a single dataset
2025-08-20 07:15:59,316 - INFO - timeseries_processing.py:178 -     Ensure all partial datasets are at (x=20, y=-20) resolution
2025-08-20 07:15:59,317 - INFO - timeseries_processing.py:182 -     Clip to the intersection of indexes
2025-08-20 07:15:59,319 - INFO - timeseries_processing.py:191 -     Make a list of bands to merge
2025-08-20 07:15:59,320 - INFO - timeseries_processing.py:195 -     Merge on intersection
2025-08-20 07:15:59,321 - INFO - timeseries_processing.py:203 -     Apply masks on clouds, shadows, thin cirrus, and snow/ice
2025-08-20 07:15:59,322 - INFO - sentinel2.py:122 -                Masking bits: [3, 7, 8, 9, 10, 11]
2025-08-20 07:15:59,959 - INFO - timeseries_processing.py:209 -     Reproject to Tiling Schema projection EPSG:3035
2025-08-20 07:16:06,436 - INFO - composites.py:303 - Clip and align to tile geometry
2025-08-20 07:16:10,121 - INFO - composites.py:309 -                           
2025-08-20 07:16:10,121 - INFO - composites.py:310 - Mosaic datasets of different native UTM zones to a single dataset
2025-08-20 07:16:15,071 - INFO - composites.py:336 - Creating preview plot of input scenes
2025-08-20 07:16:43,205 - INFO - timeseries_processing.py:367 - Saved preview for 'B04' to //nas-rs.topo.auth.gr/Latomeia/DROUGHT/COMPOS/2021/10/x12_y12/S2L2A_medcomp_x12_y12_202110_InDataPreview.jpeg
2025-08-20 07:16:43,214 - INFO - composites.py:342 - Clip value range
2025-08-20 07:16:44,287 - INFO - composites.py:347 -                           
2025-08-20 07:16:44,288 - INFO - composites.py:348 - Computing spectral indices:
2025-08-20 07:16:44,288 - INFO - composites.py:351 -     EVI...
2025-08-20 07:16:45,002 - INFO - composites.py:353 -     NDVI...
2025-08-20 07:16:45,155 - INFO - composites.py:355 -     PSRI2...
2025-08-20 07:16:45,393 - INFO - composites.py:358 - Clip to typical value range
2025-08-20 07:16:45,676 - INFO - composites.py:365 - Reducing to median value temporal composite
2025-08-20 07:17:10,259 - INFO - composites.py:384 - Define data types and nodata per band
2025-08-20 07:17:10,462 - INFO - composites.py:405 - Assign time range and tile ID in metadata
2025-08-20 07:17:10,462 - INFO - composites.py:413 - Write bands to raster COG files
2025-08-20 07:17:15,110 - INFO - composites.py:426 - Write B02 -> //nas-rs.topo.auth.gr/Latomeia/DROUGHT/COMPOS/2021/10/x12_y12/S2L2A_medcomp_x12_y12_202110_B02.tif
2025-08-20 07:17:19,751 - INFO - composites.py:426 - Write B03 -> //nas-rs.topo.auth.gr/Latomeia/DROUGHT/COMPOS/2021/10/x12_y12/S2L2A_medcomp_x12_y12_202110_B03.tif
2025-08-20 07:17:24,346 - INFO - composites.py:426 - Write B04 -> //nas-rs.topo.auth.gr/Latomeia/DROUGHT/COMPOS/2021/10/x12_y12/S2L2A_medcomp_x12_y12_202110_B04.tif
2025-08-20 07:17:28,956 - INFO - composites.py:426 - Write B05 -> //nas-rs.topo.auth.gr/Latomeia/DROUGHT/COMPOS/2021/10/x12_y12/S2L2A_medcomp_x12_y12_202110_B05.tif
2025-08-20 07:17:33,791 - INFO - composites.py:426 - Write B07 -> //nas-rs.topo.auth.gr/Latomeia/DROUGHT/COMPOS/2021/10/x12_y12/S2L2A_medcomp_x12_y12_202110_B07.tif
2025-08-20 07:17:38,837 - INFO - composites.py:426 - Write B8A -> //nas-rs.topo.auth.gr/Latomeia/DROUGHT/COMPOS/2021/10/x12_y12/S2L2A_medcomp_x12_y12_202110_B8A.tif
2025-08-20 07:17:43,384 - INFO - composites.py:426 - Write EVI -> //nas-rs.topo.auth.gr/Latomeia/DROUGHT/COMPOS/2021/10/x12_y12/S2L2A_medcomp_x12_y12_202110_evi.tif
2025-08-20 07:17:48,002 - INFO - composites.py:426 - Write NDVI -> //nas-rs.topo.auth.gr/Latomeia/DROUGHT/COMPOS/2021/10/x12_y12/S2L2A_medcomp_x12_y12_202110_ndvi.tif
2025-08-20 07:17:52,591 - INFO - composites.py:426 - Write PSRI2 -> //nas-rs.topo.auth.gr/Latomeia/DROUGHT/COMPOS/2021/10/x12_y12/S2L2A_medcomp_x12_y12_202110_psri2.tif
2025-08-20 07:17:52,591 - INFO - composites.py:430 - Prepare metadata YAML document
2025-08-20 07:17:53,360 - INFO - composites.py:451 - Write metadata YAML document to disk
2025-08-20 07:17:53,400 - INFO - composites.py:456 - Create datacube.model.Dataset from eo3 metadata
2025-08-20 07:17:53,412 - INFO - composites.py:467 - Index to datacube
2025-08-20 07:17:53,412 - INFO - _datasets.py:191 - Indexing e23c9d13-9388-4a34-a9ca-488ef33c53a0
2025-08-20 07:17:53,427 - INFO - composites.py:470 - 
2025-08-20 07:17:53,427 - INFO - composites.py:471 -              ✔✔✔ COMPLETED: Tile x12_y12 | Time: 2021-10 | In 8.39 minutes
2025-08-20 07:17:53,427 - INFO - composites.py:472 - 
2025-08-20 07:17:53,427 - INFO - composites.py:480 - Closing Dask client
2025-08-20 07:17:53,429 - INFO - composites.py:484 - Closing Dask cluster
2025-08-20 07:17:53,429 - INFO - composites.py:485 - #######################################################################
