2025-08-28 14:02:24,925 - INFO - composites.py:102 - #######################################################################
2025-08-28 14:02:24,925 - INFO - composites.py:104 - Processing started
2025-08-28 14:02:24,925 - INFO - composites.py:105 -         Tile: x12_y11
2025-08-28 14:02:24,925 - INFO - composites.py:106 -         Time: 2020-08
2025-08-28 14:02:24,925 - INFO - composites.py:109 -                           
2025-08-28 14:02:24,926 - INFO - composites.py:110 - Establishing connection to datacube
2025-08-28 14:02:25,642 - INFO - composites.py:113 -                           
2025-08-28 14:02:25,643 - INFO - composites.py:114 - Sanity test: Check if dataset already exists in the datacube
2025-08-28 14:02:25,663 - INFO - composites.py:133 - The composite requested was not found and it will be computed
2025-08-28 14:02:25,663 - INFO - composites.py:136 -                                  
2025-08-28 14:02:25,663 - INFO - composites.py:137 - Initializing Dask cluster for parallelization
2025-08-28 14:02:31,340 - INFO - composites.py:161 - Dask dashboard is available at: http://127.0.0.1:8787/status
2025-08-28 14:02:31,340 - INFO - composites.py:164 - Create directories and naming conversions
2025-08-28 14:02:31,351 - INFO - composites.py:177 - Dataset location: //nas-rs.topo.auth.gr/Latomeia/DROUGHT/composites/x12/y11/2020/08/01
2025-08-28 14:02:31,351 - INFO - composites.py:180 -                           
2025-08-28 14:02:31,351 - INFO - composites.py:181 - Retrieve tile geometry
2025-08-28 14:02:31,380 - INFO - composites.py:192 - Create the Bounding Box (φ,λ)
2025-08-28 14:02:31,380 - INFO - composites.py:198 - Create the Bounding Box (x,y)
2025-08-28 14:02:31,380 - INFO - composites.py:211 -                           
2025-08-28 14:02:31,380 - INFO - composites.py:212 - Connect to Planetary Computer STAC Catalog
2025-08-28 14:02:31,604 - INFO - composites.py:220 - Search the STAC Catalog
2025-08-28 14:02:31,674 - INFO - composites.py:232 -         Query parameters:
2025-08-28 14:02:31,674 - INFO - composites.py:233 -             url:          https://planetarycomputer.microsoft.com/api/stac/v1/search
2025-08-28 14:02:31,674 - INFO - composites.py:234 -             client:       microsoft-pc
2025-08-28 14:02:31,674 - INFO - composites.py:235 -             collection:   sentinel-2-l2a
2025-08-28 14:02:31,674 - INFO - composites.py:236 -             bbox:         (23.62848359322628, 37.99360926828161, 24.306499279548976, 38.55013763603257)
2025-08-28 14:02:31,674 - INFO - composites.py:237 -             time range:   2020-08-01T00:00:00Z/2020-08-31T23:59:59Z
2025-08-28 14:02:31,674 - INFO - composites.py:238 -             cloud cover:  0% - 70%
2025-08-28 14:02:31,674 - INFO - composites.py:239 -             nodata cover: 0% - 33%
2025-08-28 14:02:31,674 - INFO - composites.py:241 -                           
2025-08-28 14:02:31,674 - INFO - composites.py:242 - Searching...
2025-08-28 14:02:32,093 - INFO - composites.py:245 - Query found 12 items
2025-08-28 14:02:32,093 - INFO - composites.py:247 - Searching for GRI REFINED scenes:
2025-08-28 14:02:38,072 - INFO - sentinel2.py:78 - 1/12 - S2A_MSIL2A_20200828T090601_R050_T35SKC_20200907T123658 -> Not Found
2025-08-28 14:02:45,361 - INFO - sentinel2.py:78 - 2/12 - S2A_MSIL2A_20200828T090601_R050_T34SGH_20200907T123656 -> Not Found
2025-08-28 14:02:51,174 - INFO - sentinel2.py:78 - 3/12 - S2B_MSIL2A_20200823T090559_R050_T35SKC_20200909T153100 -> Not Found
2025-08-28 14:02:57,902 - INFO - sentinel2.py:78 - 4/12 - S2B_MSIL2A_20200823T090559_R050_T34SGH_20200826T125333 -> Not Found
2025-08-28 14:03:15,823 - INFO - sentinel2.py:78 - 5/12 - S2A_MSIL2A_20200818T090601_R050_T35SKC_20200822T133213 -> Not Found
2025-08-28 14:03:22,311 - INFO - sentinel2.py:78 - 6/12 - S2A_MSIL2A_20200818T090601_R050_T34SGH_20200822T133323 -> Not Found
2025-08-28 14:03:30,774 - INFO - sentinel2.py:78 - 7/12 - S2B_MSIL2A_20200813T090559_R050_T35SKC_20200815T001405 -> Not Found
2025-08-28 14:03:36,926 - INFO - sentinel2.py:78 - 8/12 - S2B_MSIL2A_20200813T090559_R050_T34SGH_20200815T001352 -> Not Found
2025-08-28 14:03:46,023 - INFO - sentinel2.py:78 - 9/12 - S2A_MSIL2A_20200808T090601_R050_T35SKC_20200815T104955 -> Not Found
2025-08-28 14:03:52,669 - INFO - sentinel2.py:78 - 10/12 - S2A_MSIL2A_20200808T090601_R050_T34SGH_20200815T104940 -> Not Found
2025-08-28 14:03:59,634 - INFO - sentinel2.py:78 - 11/12 - S2B_MSIL2A_20200803T090559_R050_T35SKC_20200816T010536 -> Not Found
2025-08-28 14:04:23,629 - INFO - sentinel2.py:78 - 12/12 - S2B_MSIL2A_20200803T090559_R050_T34SGH_20200816T010512 -> Not Found
2025-08-28 14:04:23,678 - INFO - composites.py:250 -                                  
2025-08-28 14:04:23,679 - INFO - composites.py:251 - 0/12 were refined by GRI.
2025-08-28 14:04:23,679 - WARNING - composites.py:255 - Tile x12_y11 | Time: 2020-08: All scenes are flagged NOT REFINED.
2025-08-28 14:04:23,679 - WARNING - composites.py:256 - Tile x12_y11 | Time: 2020-08: The composite will be flagged with _NOREFINED.
2025-08-28 14:04:23,679 - INFO - composites.py:263 - Looking for up to 10 cleanest images within spatiotemporal range of each MGRS tile
2025-08-28 14:04:23,680 - INFO - composites.py:277 - Filtered cleanest scenes: Kept 12 out of 12 items. 
2025-08-28 14:04:23,680 - INFO - composites.py:278 -         Included MGRS Tiles: ['34SGH' '35SKC']
2025-08-28 14:04:23,680 - INFO - composites.py:279 -         Included EPSG codes: [32634 32635]
2025-08-28 14:04:23,681 - INFO - composites.py:281 - Selected scenes:
2025-08-28 14:04:23,681 - INFO - composites.py:283 -         S2B_MSIL2A_20200823T090559_R050_T34SGH_20200826T125333
2025-08-28 14:04:23,681 - INFO - composites.py:283 -         S2A_MSIL2A_20200828T090601_R050_T34SGH_20200907T123656
2025-08-28 14:04:23,692 - INFO - composites.py:283 -         S2A_MSIL2A_20200818T090601_R050_T34SGH_20200822T133323
2025-08-28 14:04:23,692 - INFO - composites.py:283 -         S2B_MSIL2A_20200803T090559_R050_T34SGH_20200816T010512
2025-08-28 14:04:23,692 - INFO - composites.py:283 -         S2B_MSIL2A_20200813T090559_R050_T34SGH_20200815T001352
2025-08-28 14:04:23,692 - INFO - composites.py:283 -         S2A_MSIL2A_20200808T090601_R050_T34SGH_20200815T104940
2025-08-28 14:04:23,693 - INFO - composites.py:283 -         S2B_MSIL2A_20200823T090559_R050_T35SKC_20200909T153100
2025-08-28 14:04:23,693 - INFO - composites.py:283 -         S2B_MSIL2A_20200813T090559_R050_T35SKC_20200815T001405
2025-08-28 14:04:23,693 - INFO - composites.py:283 -         S2A_MSIL2A_20200828T090601_R050_T35SKC_20200907T123658
2025-08-28 14:04:23,693 - INFO - composites.py:283 -         S2A_MSIL2A_20200818T090601_R050_T35SKC_20200822T133213
2025-08-28 14:04:23,693 - INFO - composites.py:283 -         S2B_MSIL2A_20200803T090559_R050_T35SKC_20200816T010536
2025-08-28 14:04:23,693 - INFO - composites.py:283 -         S2A_MSIL2A_20200808T090601_R050_T35SKC_20200815T104955
2025-08-28 14:04:24,061 - INFO - sentinel2.py:154 - Matplotlib backend: Agg
2025-08-28 14:04:24,273 - INFO - sentinel2.py:224 - Write input scenes footprint overlay: //nas-rs.topo.auth.gr/Latomeia/DROUGHT/composites/x12/y11/2020/08/01/S2L2A_medcomp_x12y11_202008_InDataFootprint.jpeg
2025-08-28 14:04:24,658 - INFO - composites.py:297 -                                  
2025-08-28 14:04:24,658 - INFO - composites.py:298 - Downstream STAC items from Planetary Computer
2025-08-28 14:04:24,658 - INFO - timeseries_processing.py:115 -                                  
2025-08-28 14:04:24,658 - INFO - timeseries_processing.py:116 - Loading bands of diferent resolutions in EPSG:32634
2025-08-28 14:04:24,659 - INFO - timeseries_processing.py:120 -     Filtering items with native UTM EPSG:32634
2025-08-28 14:04:24,659 - INFO - timeseries_processing.py:122 -     6 Items in EPSG:32634
2025-08-28 14:04:24,659 - INFO - timeseries_processing.py:129 -                        
2025-08-28 14:04:24,659 - INFO - timeseries_processing.py:130 -     Loading parameters:
2025-08-28 14:04:24,659 - INFO - timeseries_processing.py:131 -         Bands: ['B05', 'B07', 'B8A', 'SCL']
2025-08-28 14:04:24,659 - INFO - timeseries_processing.py:132 -         Spatial resolution: 20
2025-08-28 14:04:24,659 - INFO - timeseries_processing.py:134 -         Get Assets from STAC Items
2025-08-28 14:04:24,659 - INFO - timeseries_processing.py:47 -         Initialize the STAC client
2025-08-28 14:04:25,153 - INFO - timeseries_processing.py:137 -         Loading 6 STAC Items....
2025-08-28 14:05:15,853 - INFO - timeseries_processing.py:146 -         Cube has been downloaded
2025-08-28 14:05:15,853 - INFO - timeseries_processing.py:156 -         Fix order of dimensions
2025-08-28 14:05:15,855 - INFO - timeseries_processing.py:161 -         Append bands to the band-list of EPSG:32634
2025-08-28 14:05:15,856 - INFO - timeseries_processing.py:129 -                        
2025-08-28 14:05:15,856 - INFO - timeseries_processing.py:130 -     Loading parameters:
2025-08-28 14:05:15,856 - INFO - timeseries_processing.py:131 -         Bands: ['B02', 'B03', 'B04']
2025-08-28 14:05:15,858 - INFO - timeseries_processing.py:132 -         Spatial resolution: 10
2025-08-28 14:05:15,859 - INFO - timeseries_processing.py:134 -         Get Assets from STAC Items
2025-08-28 14:05:15,859 - INFO - timeseries_processing.py:47 -         Initialize the STAC client
2025-08-28 14:05:16,396 - INFO - timeseries_processing.py:137 -         Loading 6 STAC Items....
2025-08-28 14:07:27,970 - INFO - timeseries_processing.py:146 -         Cube has been downloaded
2025-08-28 14:07:27,970 - INFO - timeseries_processing.py:149 -         Reproject to downsample 10m bands to 20m by Resampling.average 2x2 binning and shape matching with odc.geo.GeoBox
2025-08-28 14:07:38,112 - INFO - timeseries_processing.py:161 -         Append bands to the band-list of EPSG:32634
2025-08-28 14:07:38,112 - INFO - timeseries_processing.py:165 -                        
2025-08-28 14:07:38,112 - INFO - timeseries_processing.py:166 -     Merging bands in a single dataset
2025-08-28 14:07:38,112 - INFO - timeseries_processing.py:167 -     Ensure all partial datasets are at (x=20, y=-20) resolution
2025-08-28 14:07:38,112 - INFO - timeseries_processing.py:171 -     Clip to the intersection of indexes
2025-08-28 14:07:39,482 - INFO - timeseries_processing.py:180 -     Make a list of bands to merge
2025-08-28 14:07:39,483 - INFO - timeseries_processing.py:184 -     Merge on intersection
2025-08-28 14:07:39,485 - INFO - timeseries_processing.py:192 -     Apply masks on clouds, shadows, thin cirrus, and snow/ice
2025-08-28 14:07:39,485 - INFO - sentinel2.py:122 -                Masking bits: [3, 7, 8, 9, 10, 11]
2025-08-28 14:07:40,336 - INFO - timeseries_processing.py:115 -                                  
2025-08-28 14:07:40,336 - INFO - timeseries_processing.py:116 - Loading bands of diferent resolutions in EPSG:32635
2025-08-28 14:07:40,337 - INFO - timeseries_processing.py:120 -     Filtering items with native UTM EPSG:32635
2025-08-28 14:07:40,337 - INFO - timeseries_processing.py:122 -     6 Items in EPSG:32635
2025-08-28 14:07:40,337 - INFO - timeseries_processing.py:129 -                        
2025-08-28 14:07:40,337 - INFO - timeseries_processing.py:130 -     Loading parameters:
2025-08-28 14:07:40,337 - INFO - timeseries_processing.py:131 -         Bands: ['B05', 'B07', 'B8A', 'SCL']
2025-08-28 14:07:40,337 - INFO - timeseries_processing.py:132 -         Spatial resolution: 20
2025-08-28 14:07:40,337 - INFO - timeseries_processing.py:134 -         Get Assets from STAC Items
2025-08-28 14:07:40,337 - INFO - timeseries_processing.py:47 -         Initialize the STAC client
2025-08-28 14:07:41,847 - INFO - timeseries_processing.py:137 -         Loading 6 STAC Items....
2025-08-28 14:08:38,744 - INFO - timeseries_processing.py:146 -         Cube has been downloaded
2025-08-28 14:08:38,744 - INFO - timeseries_processing.py:156 -         Fix order of dimensions
2025-08-28 14:08:38,745 - INFO - timeseries_processing.py:161 -         Append bands to the band-list of EPSG:32635
2025-08-28 14:08:38,745 - INFO - timeseries_processing.py:129 -                        
2025-08-28 14:08:38,746 - INFO - timeseries_processing.py:130 -     Loading parameters:
2025-08-28 14:08:38,746 - INFO - timeseries_processing.py:131 -         Bands: ['B02', 'B03', 'B04']
2025-08-28 14:08:38,746 - INFO - timeseries_processing.py:132 -         Spatial resolution: 10
2025-08-28 14:08:38,746 - INFO - timeseries_processing.py:134 -         Get Assets from STAC Items
2025-08-28 14:08:38,746 - INFO - timeseries_processing.py:47 -         Initialize the STAC client
2025-08-28 14:08:39,246 - INFO - timeseries_processing.py:137 -         Loading 6 STAC Items....
2025-08-28 14:10:44,034 - INFO - timeseries_processing.py:146 -         Cube has been downloaded
2025-08-28 14:10:44,034 - INFO - timeseries_processing.py:149 -         Reproject to downsample 10m bands to 20m by Resampling.average 2x2 binning and shape matching with odc.geo.GeoBox
2025-08-28 14:10:54,186 - INFO - timeseries_processing.py:161 -         Append bands to the band-list of EPSG:32635
2025-08-28 14:10:54,187 - INFO - timeseries_processing.py:165 -                        
2025-08-28 14:10:54,187 - INFO - timeseries_processing.py:166 -     Merging bands in a single dataset
2025-08-28 14:10:54,187 - INFO - timeseries_processing.py:167 -     Ensure all partial datasets are at (x=20, y=-20) resolution
2025-08-28 14:10:54,187 - INFO - timeseries_processing.py:171 -     Clip to the intersection of indexes
2025-08-28 14:10:54,189 - INFO - timeseries_processing.py:180 -     Make a list of bands to merge
2025-08-28 14:10:54,190 - INFO - timeseries_processing.py:184 -     Merge on intersection
2025-08-28 14:10:54,191 - INFO - timeseries_processing.py:192 -     Apply masks on clouds, shadows, thin cirrus, and snow/ice
2025-08-28 14:10:54,191 - INFO - sentinel2.py:122 -                Masking bits: [3, 7, 8, 9, 10, 11]
2025-08-28 14:10:55,074 - INFO - composites.py:307 - Reproject from UTM Zone to Tile geometry -> CRS(EPSG:32635), Resampling.bilinear
2025-08-28 14:11:04,656 - INFO - composites.py:310 -     New shape of datasets: Shape2d(x=2400, y=2400)
2025-08-28 14:11:04,996 - INFO - composites.py:315 -                           
2025-08-28 14:11:04,996 - INFO - composites.py:316 - Mosaic datasets to a single dataset
2025-08-28 14:11:10,091 - INFO - composites.py:342 - Creating preview plot of input scenes
2025-08-28 14:11:37,362 - INFO - timeseries_processing.py:349 - Saved preview for 'B04' to //nas-rs.topo.auth.gr/Latomeia/DROUGHT/composites/x12/y11/2020/08/01/S2L2A_medcomp_x12y11_202008_InDataPreview.jpeg
2025-08-28 14:11:37,366 - INFO - composites.py:348 - Clip value range
2025-08-28 14:11:38,805 - INFO - composites.py:353 -                           
2025-08-28 14:11:38,805 - INFO - composites.py:354 - Computing spectral indices:
2025-08-28 14:11:38,806 - INFO - composites.py:357 -     EVI...
2025-08-28 14:11:39,757 - INFO - composites.py:359 -     NDVI...
2025-08-28 14:11:40,122 - INFO - composites.py:361 -     PSRI2...
2025-08-28 14:11:40,371 - INFO - composites.py:364 - Clip to typical value range
2025-08-28 14:11:40,644 - INFO - composites.py:371 - Reducing to median value temporal composite
2025-08-28 14:12:09,747 - INFO - composites.py:390 - Scale and Define data types & nodata per band
2025-08-28 14:12:09,892 - INFO - composites.py:411 - Assign time range and tile ID in metadata
2025-08-28 14:12:09,892 - INFO - composites.py:419 - Write bands to raster COG files
2025-08-28 14:12:14,701 - INFO - composites.py:432 - Write B02 -> //nas-rs.topo.auth.gr/Latomeia/DROUGHT/composites/x12/y11/2020/08/01/S2L2A_medcomp_x12y11_202008_B02.tif
2025-08-28 14:12:20,626 - INFO - composites.py:432 - Write B03 -> //nas-rs.topo.auth.gr/Latomeia/DROUGHT/composites/x12/y11/2020/08/01/S2L2A_medcomp_x12y11_202008_B03.tif
2025-08-28 14:12:26,260 - INFO - composites.py:432 - Write B04 -> //nas-rs.topo.auth.gr/Latomeia/DROUGHT/composites/x12/y11/2020/08/01/S2L2A_medcomp_x12y11_202008_B04.tif
2025-08-28 14:12:31,288 - INFO - composites.py:432 - Write B05 -> //nas-rs.topo.auth.gr/Latomeia/DROUGHT/composites/x12/y11/2020/08/01/S2L2A_medcomp_x12y11_202008_B05.tif
2025-08-28 14:12:36,363 - INFO - composites.py:432 - Write B07 -> //nas-rs.topo.auth.gr/Latomeia/DROUGHT/composites/x12/y11/2020/08/01/S2L2A_medcomp_x12y11_202008_B07.tif
2025-08-28 14:12:40,921 - INFO - composites.py:432 - Write B8A -> //nas-rs.topo.auth.gr/Latomeia/DROUGHT/composites/x12/y11/2020/08/01/S2L2A_medcomp_x12y11_202008_B8A.tif
2025-08-28 14:12:45,554 - INFO - composites.py:432 - Write EVI -> //nas-rs.topo.auth.gr/Latomeia/DROUGHT/composites/x12/y11/2020/08/01/S2L2A_medcomp_x12y11_202008_EVI.tif
2025-08-28 14:12:49,668 - INFO - composites.py:432 - Write NDVI -> //nas-rs.topo.auth.gr/Latomeia/DROUGHT/composites/x12/y11/2020/08/01/S2L2A_medcomp_x12y11_202008_NDVI.tif
2025-08-28 14:12:53,752 - INFO - composites.py:432 - Write PSRI2 -> //nas-rs.topo.auth.gr/Latomeia/DROUGHT/composites/x12/y11/2020/08/01/S2L2A_medcomp_x12y11_202008_PSRI2.tif
2025-08-28 14:12:53,763 - INFO - composites.py:436 - Prepare metadata YAML document
2025-08-28 14:12:54,293 - INFO - composites.py:458 - Write metadata YAML document to disk
2025-08-28 14:12:54,334 - INFO - composites.py:463 - Create datacube.model.Dataset from eo3 metadata
2025-08-28 14:12:54,345 - INFO - composites.py:476 - Index to datacube
2025-08-28 14:12:54,346 - INFO - _datasets.py:191 - Indexing e9e4498b-a67f-4726-83fb-7a6198722a1c
2025-08-28 14:12:54,356 - INFO - composites.py:479 - 
2025-08-28 14:12:54,356 - INFO - composites.py:480 -              ✔✔✔ COMPLETED: Tile x12_y11 | Time: 2020-08 | In 10.49 minutes
2025-08-28 14:12:54,356 - INFO - composites.py:481 - 
2025-08-28 14:12:54,356 - INFO - composites.py:489 - Closing Dask client
2025-08-28 14:12:54,358 - INFO - composites.py:493 - Closing Dask cluster
2025-08-28 14:12:54,358 - INFO - composites.py:494 - #######################################################################
