2025-08-20 09:39:36,622 - INFO - composites.py:100 - #######################################################################
2025-08-20 09:39:36,623 - INFO - composites.py:102 - Processing started
2025-08-20 09:39:36,623 - INFO - composites.py:103 -         Tile: x09_y08
2025-08-20 09:39:36,623 - INFO - composites.py:104 -         Time: 2021-12
2025-08-20 09:39:36,623 - INFO - composites.py:107 -                           
2025-08-20 09:39:36,623 - INFO - composites.py:108 - Establishing connection to datacube
2025-08-20 09:39:37,357 - INFO - composites.py:111 -                           
2025-08-20 09:39:37,357 - INFO - composites.py:112 - Sanity test: Check if dataset already exists in the datacube
2025-08-20 09:39:37,378 - INFO - composites.py:131 - The composite requested was not found and it will be computed
2025-08-20 09:39:37,378 - INFO - composites.py:134 -                                  
2025-08-20 09:39:37,378 - INFO - composites.py:135 - Initializing Dask cluster for parallelization
2025-08-20 09:39:43,729 - INFO - composites.py:159 - Dask dashboard is available at: http://127.0.0.1:8787/status
2025-08-20 09:39:43,729 - INFO - composites.py:162 - Create directories and naming conversions
2025-08-20 09:39:43,736 - INFO - composites.py:173 - Dataset location: //nas-rs.topo.auth.gr/Latomeia/DROUGHT/COMPOS/2021/12/x09_y08
2025-08-20 09:39:43,736 - INFO - composites.py:176 -                           
2025-08-20 09:39:43,736 - INFO - composites.py:177 - Retrieve tile geometry
2025-08-20 09:39:43,786 - INFO - composites.py:188 - Create the Bounding Box (φ,λ)
2025-08-20 09:39:43,786 - INFO - composites.py:194 - Create the Bounding Box (x,y)
2025-08-20 09:39:43,786 - INFO - composites.py:207 -                           
2025-08-20 09:39:43,787 - INFO - composites.py:208 - Connect to Planetary Computer STAC Catalog
2025-08-20 09:39:44,004 - INFO - composites.py:216 - Search the STAC Catalog
2025-08-20 09:39:44,087 - INFO - composites.py:228 -         Query parameters:
2025-08-20 09:39:44,087 - INFO - composites.py:229 -             url:          https://planetarycomputer.microsoft.com/api/stac/v1/search
2025-08-20 09:39:44,087 - INFO - composites.py:230 -             client:       microsoft-pc
2025-08-20 09:39:44,087 - INFO - composites.py:231 -             collection:   sentinel-2-l2a
2025-08-20 09:39:44,087 - INFO - composites.py:232 -             bbox:         (21.785902966726763, 36.9335162299011, 22.443294721420678, 37.482058720351276)
2025-08-20 09:39:44,087 - INFO - composites.py:233 -             time range:   2021-12-01T00:00:00Z/2021-12-31T23:59:59Z
2025-08-20 09:39:44,088 - INFO - composites.py:234 -             cloud cover:  0% - 70%
2025-08-20 09:39:44,088 - INFO - composites.py:235 -             nodata cover: 0% - 33%
2025-08-20 09:39:44,088 - INFO - composites.py:237 -                           
2025-08-20 09:39:44,088 - INFO - composites.py:238 - Searching...
2025-08-20 09:39:44,750 - INFO - composites.py:241 - Query found 48 items
2025-08-20 09:39:44,759 - INFO - composites.py:243 - Searching for GRI REFINED scenes:
2025-08-20 09:39:51,334 - INFO - sentinel2.py:78 - 1/48 - S2A_MSIL2A_20211231T091401_R050_T34SFG_20230127T130707 -> REFINED
2025-08-20 09:39:58,353 - INFO - sentinel2.py:78 - 2/48 - S2A_MSIL2A_20211231T091401_R050_T34SFG_20220101T094050 -> REFINED
2025-08-20 09:40:04,446 - INFO - sentinel2.py:78 - 3/48 - S2A_MSIL2A_20211231T091401_R050_T34SFF_20230127T132622 -> REFINED
2025-08-20 09:40:10,392 - INFO - sentinel2.py:78 - 4/48 - S2A_MSIL2A_20211231T091401_R050_T34SFF_20220101T082413 -> REFINED
2025-08-20 09:40:17,230 - INFO - sentinel2.py:78 - 5/48 - S2B_MSIL2A_20211226T091309_R050_T34SFG_20230128T114938 -> REFINED
2025-08-20 09:40:24,553 - INFO - sentinel2.py:78 - 6/48 - S2B_MSIL2A_20211226T091309_R050_T34SFG_20211226T215051 -> REFINED
2025-08-20 09:40:33,440 - INFO - sentinel2.py:78 - 7/48 - S2B_MSIL2A_20211226T091309_R050_T34SFF_20230128T035731 -> REFINED
2025-08-20 09:40:40,187 - INFO - sentinel2.py:78 - 8/48 - S2B_MSIL2A_20211226T091309_R050_T34SFF_20211226T215708 -> REFINED
2025-08-20 09:40:46,434 - INFO - sentinel2.py:78 - 9/48 - S2A_MSIL2A_20211224T092411_R093_T34SFG_20211225T005342 -> REFINED
2025-08-20 09:40:53,176 - INFO - sentinel2.py:78 - 10/48 - S2A_MSIL2A_20211224T092411_R093_T34SFF_20211225T020148 -> REFINED
2025-08-20 09:41:01,880 - INFO - sentinel2.py:78 - 11/48 - S2A_MSIL2A_20211224T092411_R093_T34SEG_20211225T015113 -> REFINED
2025-08-20 09:41:08,558 - INFO - sentinel2.py:78 - 12/48 - S2A_MSIL2A_20211224T092411_R093_T34SEF_20211225T015831 -> REFINED
2025-08-20 09:41:15,535 - INFO - sentinel2.py:78 - 13/48 - S2A_MSIL2A_20211221T091411_R050_T34SFG_20211222T075337 -> REFINED
2025-08-20 09:41:22,060 - INFO - sentinel2.py:78 - 14/48 - S2A_MSIL2A_20211221T091411_R050_T34SFF_20211222T091713 -> REFINED
2025-08-20 09:41:28,049 - INFO - sentinel2.py:78 - 15/48 - S2B_MSIL2A_20211219T092309_R093_T34SFG_20230128T220737 -> REFINED
2025-08-20 09:41:35,142 - INFO - sentinel2.py:78 - 16/48 - S2B_MSIL2A_20211219T092309_R093_T34SFG_20211219T174356 -> REFINED
2025-08-20 09:41:41,810 - INFO - sentinel2.py:78 - 17/48 - S2B_MSIL2A_20211219T092309_R093_T34SFF_20230128T203428 -> REFINED
2025-08-20 09:41:49,390 - INFO - sentinel2.py:78 - 18/48 - S2B_MSIL2A_20211219T092309_R093_T34SFF_20211219T184715 -> REFINED
2025-08-20 09:41:56,538 - INFO - sentinel2.py:78 - 19/48 - S2B_MSIL2A_20211219T092309_R093_T34SEG_20230128T220055 -> REFINED
2025-08-20 09:42:02,865 - INFO - sentinel2.py:78 - 20/48 - S2B_MSIL2A_20211219T092309_R093_T34SEG_20211219T184130 -> REFINED
2025-08-20 09:42:09,958 - INFO - sentinel2.py:78 - 21/48 - S2B_MSIL2A_20211219T092309_R093_T34SEF_20230128T225628 -> REFINED
2025-08-20 09:42:18,151 - INFO - sentinel2.py:78 - 22/48 - S2B_MSIL2A_20211219T092309_R093_T34SEF_20211219T193056 -> REFINED
2025-08-20 09:42:25,103 - INFO - sentinel2.py:78 - 23/48 - S2B_MSIL2A_20211216T091259_R050_T34SFG_20211216T230345 -> REFINED
2025-08-20 09:42:31,810 - INFO - sentinel2.py:78 - 24/48 - S2B_MSIL2A_20211216T091259_R050_T34SFF_20211216T214845 -> REFINED
2025-08-20 09:42:39,063 - INFO - sentinel2.py:78 - 25/48 - S2A_MSIL2A_20211214T092401_R093_T34SFG_20230126T063050 -> REFINED
2025-08-20 09:42:46,517 - INFO - sentinel2.py:78 - 26/48 - S2A_MSIL2A_20211214T092401_R093_T34SFG_20211214T233021 -> REFINED
2025-08-20 09:42:53,835 - INFO - sentinel2.py:78 - 27/48 - S2A_MSIL2A_20211214T092401_R093_T34SFF_20230125T184303 -> REFINED
2025-08-20 09:43:00,384 - INFO - sentinel2.py:78 - 28/48 - S2A_MSIL2A_20211214T092401_R093_T34SFF_20211215T001518 -> REFINED
2025-08-20 09:43:07,790 - INFO - sentinel2.py:78 - 29/48 - S2A_MSIL2A_20211214T092401_R093_T34SEG_20230125T160650 -> REFINED
2025-08-20 09:43:13,890 - INFO - sentinel2.py:78 - 30/48 - S2A_MSIL2A_20211214T092401_R093_T34SEG_20211214T224924 -> REFINED
2025-08-20 09:43:20,415 - INFO - sentinel2.py:78 - 31/48 - S2A_MSIL2A_20211214T092401_R093_T34SEF_20230125T181721 -> REFINED
2025-08-20 09:43:27,366 - INFO - sentinel2.py:78 - 32/48 - S2A_MSIL2A_20211214T092401_R093_T34SEF_20211214T231313 -> REFINED
2025-08-20 09:43:34,886 - INFO - sentinel2.py:78 - 33/48 - S2B_MSIL2A_20211209T092259_R093_T34SFG_20230129T155341 -> REFINED
2025-08-20 09:43:41,562 - INFO - sentinel2.py:78 - 34/48 - S2B_MSIL2A_20211209T092259_R093_T34SFG_20211209T210247 -> REFINED
2025-08-20 09:43:48,074 - INFO - sentinel2.py:78 - 35/48 - S2B_MSIL2A_20211209T092259_R093_T34SFF_20230129T085933 -> REFINED
2025-08-20 09:43:55,049 - INFO - sentinel2.py:78 - 36/48 - S2B_MSIL2A_20211209T092259_R093_T34SFF_20211209T230853 -> REFINED
2025-08-20 09:44:01,741 - INFO - sentinel2.py:78 - 37/48 - S2B_MSIL2A_20211209T092259_R093_T34SEG_20230127T165328 -> REFINED
2025-08-20 09:44:09,081 - INFO - sentinel2.py:78 - 38/48 - S2B_MSIL2A_20211209T092259_R093_T34SEG_20211209T230815 -> REFINED
2025-08-20 09:44:17,078 - INFO - sentinel2.py:78 - 39/48 - S2B_MSIL2A_20211209T092259_R093_T34SEF_20230128T172509 -> REFINED
2025-08-20 09:44:26,013 - INFO - sentinel2.py:78 - 40/48 - S2B_MSIL2A_20211209T092259_R093_T34SEF_20211209T214821 -> REFINED
2025-08-20 09:44:33,123 - INFO - sentinel2.py:78 - 41/48 - S2B_MSIL2A_20211206T091249_R050_T34SFG_20230128T195910 -> REFINED
2025-08-20 09:44:43,747 - INFO - sentinel2.py:78 - 42/48 - S2B_MSIL2A_20211206T091249_R050_T34SFG_20211207T003401 -> REFINED
2025-08-20 09:44:50,076 - INFO - sentinel2.py:78 - 43/48 - S2B_MSIL2A_20211206T091249_R050_T34SFF_20230127T175255 -> REFINED
2025-08-20 09:44:57,833 - INFO - sentinel2.py:78 - 44/48 - S2B_MSIL2A_20211206T091249_R050_T34SFF_20211206T224420 -> REFINED
2025-08-20 09:45:05,250 - INFO - sentinel2.py:78 - 45/48 - S2A_MSIL2A_20211204T092351_R093_T34SFF_20211204T220419 -> REFINED
2025-08-20 09:45:12,552 - INFO - sentinel2.py:78 - 46/48 - S2A_MSIL2A_20211204T092351_R093_T34SEF_20211204T220711 -> REFINED
2025-08-20 09:45:23,268 - INFO - sentinel2.py:78 - 47/48 - S2A_MSIL2A_20211201T091331_R050_T34SFG_20211201T174726 -> REFINED
2025-08-20 09:45:31,569 - INFO - sentinel2.py:78 - 48/48 - S2A_MSIL2A_20211201T091331_R050_T34SFF_20211201T181647 -> REFINED
2025-08-20 09:45:31,628 - INFO - composites.py:246 -                                  
2025-08-20 09:45:31,628 - INFO - composites.py:247 - 48/48 were refined by GRI.
2025-08-20 09:45:31,628 - INFO - composites.py:259 - Looking for up to 10 cleanest images within spatiotemporal range of each MGRS tile
2025-08-20 09:45:31,628 - INFO - composites.py:273 - Filtered cleanest scenes: Kept 35 out of 48 items. 
2025-08-20 09:45:31,629 - INFO - composites.py:274 -         Included MGRS Tiles: ['34SEF' '34SEG' '34SFF' '34SFG']
2025-08-20 09:45:31,630 - INFO - composites.py:275 -         Included EPSG codes: [32634]
2025-08-20 09:45:31,630 - INFO - composites.py:277 - Selected scenes:
2025-08-20 09:45:31,630 - INFO - composites.py:279 -         S2A_MSIL2A_20211224T092411_R093_T34SEF_20211225T015831
2025-08-20 09:45:31,630 - INFO - composites.py:279 -         S2B_MSIL2A_20211219T092309_R093_T34SEF_20230128T225628
2025-08-20 09:45:31,646 - INFO - composites.py:279 -         S2B_MSIL2A_20211219T092309_R093_T34SEF_20211219T193056
2025-08-20 09:45:31,647 - INFO - composites.py:279 -         S2A_MSIL2A_20211214T092401_R093_T34SEF_20211214T231313
2025-08-20 09:45:31,663 - INFO - composites.py:279 -         S2A_MSIL2A_20211214T092401_R093_T34SEF_20230125T181721
2025-08-20 09:45:31,669 - INFO - composites.py:279 -         S2B_MSIL2A_20211209T092259_R093_T34SEF_20211209T214821
2025-08-20 09:45:31,669 - INFO - composites.py:279 -         S2A_MSIL2A_20211204T092351_R093_T34SEF_20211204T220711
2025-08-20 09:45:31,669 - INFO - composites.py:279 -         S2B_MSIL2A_20211209T092259_R093_T34SEF_20230128T172509
2025-08-20 09:45:31,669 - INFO - composites.py:279 -         S2B_MSIL2A_20211219T092309_R093_T34SEG_20230128T220055
2025-08-20 09:45:31,669 - INFO - composites.py:279 -         S2B_MSIL2A_20211219T092309_R093_T34SEG_20211219T184130
2025-08-20 09:45:31,669 - INFO - composites.py:279 -         S2A_MSIL2A_20211224T092411_R093_T34SEG_20211225T015113
2025-08-20 09:45:31,669 - INFO - composites.py:279 -         S2A_MSIL2A_20211214T092401_R093_T34SEG_20211214T224924
2025-08-20 09:45:31,669 - INFO - composites.py:279 -         S2A_MSIL2A_20211214T092401_R093_T34SEG_20230125T160650
2025-08-20 09:45:31,669 - INFO - composites.py:279 -         S2B_MSIL2A_20211209T092259_R093_T34SEG_20211209T230815
2025-08-20 09:45:31,669 - INFO - composites.py:279 -         S2B_MSIL2A_20211209T092259_R093_T34SEG_20230127T165328
2025-08-20 09:45:31,669 - INFO - composites.py:279 -         S2A_MSIL2A_20211201T091331_R050_T34SFF_20211201T181647
2025-08-20 09:45:31,669 - INFO - composites.py:279 -         S2A_MSIL2A_20211224T092411_R093_T34SFF_20211225T020148
2025-08-20 09:45:31,669 - INFO - composites.py:279 -         S2B_MSIL2A_20211219T092309_R093_T34SFF_20230128T203428
2025-08-20 09:45:31,669 - INFO - composites.py:279 -         S2B_MSIL2A_20211219T092309_R093_T34SFF_20211219T184715
2025-08-20 09:45:31,669 - INFO - composites.py:279 -         S2A_MSIL2A_20211214T092401_R093_T34SFF_20211215T001518
2025-08-20 09:45:31,669 - INFO - composites.py:279 -         S2A_MSIL2A_20211214T092401_R093_T34SFF_20230125T184303
2025-08-20 09:45:31,669 - INFO - composites.py:279 -         S2A_MSIL2A_20211221T091411_R050_T34SFF_20211222T091713
2025-08-20 09:45:31,669 - INFO - composites.py:279 -         S2B_MSIL2A_20211206T091249_R050_T34SFF_20211206T224420
2025-08-20 09:45:31,669 - INFO - composites.py:279 -         S2B_MSIL2A_20211206T091249_R050_T34SFF_20230127T175255
2025-08-20 09:45:31,669 - INFO - composites.py:279 -         S2B_MSIL2A_20211209T092259_R093_T34SFF_20211209T230853
2025-08-20 09:45:31,669 - INFO - composites.py:279 -         S2A_MSIL2A_20211201T091331_R050_T34SFG_20211201T174726
2025-08-20 09:45:31,669 - INFO - composites.py:279 -         S2A_MSIL2A_20211224T092411_R093_T34SFG_20211225T005342
2025-08-20 09:45:31,669 - INFO - composites.py:279 -         S2B_MSIL2A_20211206T091249_R050_T34SFG_20211207T003401
2025-08-20 09:45:31,669 - INFO - composites.py:279 -         S2B_MSIL2A_20211219T092309_R093_T34SFG_20211219T174356
2025-08-20 09:45:31,670 - INFO - composites.py:279 -         S2B_MSIL2A_20211219T092309_R093_T34SFG_20230128T220737
2025-08-20 09:45:31,670 - INFO - composites.py:279 -         S2A_MSIL2A_20211214T092401_R093_T34SFG_20211214T233021
2025-08-20 09:45:31,670 - INFO - composites.py:279 -         S2B_MSIL2A_20211206T091249_R050_T34SFG_20230128T195910
2025-08-20 09:45:31,670 - INFO - composites.py:279 -         S2A_MSIL2A_20211214T092401_R093_T34SFG_20230126T063050
2025-08-20 09:45:31,670 - INFO - composites.py:279 -         S2B_MSIL2A_20211216T091259_R050_T34SFG_20211216T230345
2025-08-20 09:45:31,670 - INFO - composites.py:279 -         S2A_MSIL2A_20211221T091411_R050_T34SFG_20211222T075337
2025-08-20 09:45:32,259 - INFO - sentinel2.py:154 - Matplotlib backend: Agg
2025-08-20 09:45:32,591 - INFO - sentinel2.py:224 - Write input scenes footprint overlay: //nas-rs.topo.auth.gr/Latomeia/DROUGHT/COMPOS/2021/12/x09_y08/S2L2A_medcomp_x09_y08_202112_InDataFootprint.jpeg
2025-08-20 09:45:32,912 - INFO - composites.py:293 -                                  
2025-08-20 09:45:32,912 - INFO - composites.py:294 - Downstream STAC items from Planetary Computer
2025-08-20 09:45:32,912 - INFO - timeseries_processing.py:114 -                                  
2025-08-20 09:45:32,912 - INFO - timeseries_processing.py:115 - Loading bands of diferent resolutions in EPSG:32634
2025-08-20 09:45:32,912 - INFO - timeseries_processing.py:119 -     Filtering items with native UTM EPSG:32634
2025-08-20 09:45:32,912 - INFO - timeseries_processing.py:121 -     35 Items in EPSG:32634
2025-08-20 09:45:32,912 - INFO - timeseries_processing.py:128 -                        
2025-08-20 09:45:32,912 - INFO - timeseries_processing.py:129 -     Loading parameters:
2025-08-20 09:45:32,912 - INFO - timeseries_processing.py:130 -         Bands: ['B05', 'B07', 'B8A', 'SCL']
2025-08-20 09:45:32,912 - INFO - timeseries_processing.py:131 -         Spatial resolution: 20
2025-08-20 09:45:32,912 - INFO - timeseries_processing.py:133 -         Get Assets from STAC Items
2025-08-20 09:45:32,912 - INFO - timeseries_processing.py:46 -         Initialize the STAC client
2025-08-20 09:45:33,677 - INFO - timeseries_processing.py:136 -         Loading 35 STAC Items....
2025-08-20 09:47:01,445 - INFO - timeseries_processing.py:158 -         Cube has been downloaded
2025-08-20 09:47:01,445 - INFO - timeseries_processing.py:167 -         Fix order of dimensions
2025-08-20 09:47:01,448 - INFO - timeseries_processing.py:172 -         Append bands to the band-list of EPSG:32634
2025-08-20 09:47:01,448 - INFO - timeseries_processing.py:128 -                        
2025-08-20 09:47:01,448 - INFO - timeseries_processing.py:129 -     Loading parameters:
2025-08-20 09:47:01,448 - INFO - timeseries_processing.py:130 -         Bands: ['B02', 'B03', 'B04']
2025-08-20 09:47:01,448 - INFO - timeseries_processing.py:131 -         Spatial resolution: 10
2025-08-20 09:47:01,448 - INFO - timeseries_processing.py:133 -         Get Assets from STAC Items
2025-08-20 09:47:01,449 - INFO - timeseries_processing.py:46 -         Initialize the STAC client
2025-08-20 09:47:02,153 - INFO - timeseries_processing.py:136 -         Loading 35 STAC Items....
2025-08-20 09:51:42,932 - INFO - timeseries_processing.py:158 -         Cube has been downloaded
2025-08-20 09:51:42,932 - INFO - timeseries_processing.py:161 -         Downsample 10m bands to 20m by average 2x2 binning
2025-08-20 09:51:55,908 - INFO - timeseries_processing.py:164 -         Align binned bands to native 20m bands (shape matching): method=bilinear
2025-08-20 09:52:04,183 - INFO - timeseries_processing.py:172 -         Append bands to the band-list of EPSG:32634
2025-08-20 09:52:04,183 - INFO - timeseries_processing.py:176 -                        
2025-08-20 09:52:04,183 - INFO - timeseries_processing.py:177 -     Merging bands in a single dataset
2025-08-20 09:52:04,183 - INFO - timeseries_processing.py:178 -     Ensure all partial datasets are at (x=20, y=-20) resolution
2025-08-20 09:52:04,183 - INFO - timeseries_processing.py:182 -     Clip to the intersection of indexes
2025-08-20 09:52:05,634 - INFO - timeseries_processing.py:191 -     Make a list of bands to merge
2025-08-20 09:52:05,636 - INFO - timeseries_processing.py:195 -     Merge on intersection
2025-08-20 09:52:05,636 - INFO - timeseries_processing.py:203 -     Apply masks on clouds, shadows, thin cirrus, and snow/ice
2025-08-20 09:52:05,636 - INFO - sentinel2.py:122 -                Masking bits: [3, 7, 8, 9, 10, 11]
2025-08-20 09:52:06,853 - INFO - timeseries_processing.py:209 -     Reproject to Tiling Schema projection EPSG:3035
2025-08-20 09:52:19,474 - INFO - composites.py:303 - Clip and align to tile geometry
2025-08-20 09:52:23,846 - INFO - composites.py:336 - Creating preview plot of input scenes
2025-08-20 09:53:03,331 - INFO - timeseries_processing.py:367 - Saved preview for 'B04' to //nas-rs.topo.auth.gr/Latomeia/DROUGHT/COMPOS/2021/12/x09_y08/S2L2A_medcomp_x09_y08_202112_InDataPreview.jpeg
2025-08-20 09:53:03,345 - INFO - composites.py:342 - Clip value range
2025-08-20 09:53:05,322 - INFO - composites.py:347 -                           
2025-08-20 09:53:05,322 - INFO - composites.py:348 - Computing spectral indices:
2025-08-20 09:53:05,323 - INFO - composites.py:351 -     EVI...
2025-08-20 09:53:06,579 - INFO - composites.py:353 -     NDVI...
2025-08-20 09:53:06,847 - INFO - composites.py:355 -     PSRI2...
2025-08-20 09:53:07,216 - INFO - composites.py:358 - Clip to typical value range
2025-08-20 09:53:07,678 - INFO - composites.py:365 - Reducing to median value temporal composite
2025-08-20 09:53:36,731 - INFO - composites.py:384 - Define data types and nodata per band
2025-08-20 09:53:36,890 - INFO - composites.py:405 - Assign time range and tile ID in metadata
2025-08-20 09:53:36,890 - INFO - composites.py:413 - Write bands to raster COG files
2025-08-20 09:53:41,511 - INFO - composites.py:426 - Write B02 -> //nas-rs.topo.auth.gr/Latomeia/DROUGHT/COMPOS/2021/12/x09_y08/S2L2A_medcomp_x09_y08_202112_B02.tif
2025-08-20 09:53:46,250 - INFO - composites.py:426 - Write B03 -> //nas-rs.topo.auth.gr/Latomeia/DROUGHT/COMPOS/2021/12/x09_y08/S2L2A_medcomp_x09_y08_202112_B03.tif
2025-08-20 09:53:50,880 - INFO - composites.py:426 - Write B04 -> //nas-rs.topo.auth.gr/Latomeia/DROUGHT/COMPOS/2021/12/x09_y08/S2L2A_medcomp_x09_y08_202112_B04.tif
2025-08-20 09:53:55,803 - INFO - composites.py:426 - Write B05 -> //nas-rs.topo.auth.gr/Latomeia/DROUGHT/COMPOS/2021/12/x09_y08/S2L2A_medcomp_x09_y08_202112_B05.tif
2025-08-20 09:54:00,959 - INFO - composites.py:426 - Write B07 -> //nas-rs.topo.auth.gr/Latomeia/DROUGHT/COMPOS/2021/12/x09_y08/S2L2A_medcomp_x09_y08_202112_B07.tif
2025-08-20 09:54:06,021 - INFO - composites.py:426 - Write B8A -> //nas-rs.topo.auth.gr/Latomeia/DROUGHT/COMPOS/2021/12/x09_y08/S2L2A_medcomp_x09_y08_202112_B8A.tif
2025-08-20 09:54:11,103 - INFO - composites.py:426 - Write EVI -> //nas-rs.topo.auth.gr/Latomeia/DROUGHT/COMPOS/2021/12/x09_y08/S2L2A_medcomp_x09_y08_202112_evi.tif
2025-08-20 09:54:15,866 - INFO - composites.py:426 - Write NDVI -> //nas-rs.topo.auth.gr/Latomeia/DROUGHT/COMPOS/2021/12/x09_y08/S2L2A_medcomp_x09_y08_202112_ndvi.tif
2025-08-20 09:54:20,679 - INFO - composites.py:426 - Write PSRI2 -> //nas-rs.topo.auth.gr/Latomeia/DROUGHT/COMPOS/2021/12/x09_y08/S2L2A_medcomp_x09_y08_202112_psri2.tif
2025-08-20 09:54:20,680 - INFO - composites.py:430 - Prepare metadata YAML document
2025-08-20 09:54:21,495 - INFO - composites.py:451 - Write metadata YAML document to disk
2025-08-20 09:54:21,538 - INFO - composites.py:456 - Create datacube.model.Dataset from eo3 metadata
2025-08-20 09:54:21,551 - INFO - composites.py:467 - Index to datacube
2025-08-20 09:54:21,552 - INFO - _datasets.py:191 - Indexing 3867be73-8955-4faf-b761-31abcd3fe0a4
2025-08-20 09:54:21,584 - INFO - composites.py:470 - 
2025-08-20 09:54:21,584 - INFO - composites.py:471 -              ✔✔✔ COMPLETED: Tile x09_y08 | Time: 2021-12 | In 14.75 minutes
2025-08-20 09:54:21,584 - INFO - composites.py:472 - 
2025-08-20 09:54:21,584 - INFO - composites.py:480 - Closing Dask client
2025-08-20 09:54:21,586 - INFO - composites.py:484 - Closing Dask cluster
2025-08-20 09:54:21,586 - INFO - composites.py:485 - #######################################################################
