2025-08-22 06:01:26,809 - INFO - composites.py:101 - #######################################################################
2025-08-22 06:01:26,809 - INFO - composites.py:103 - Processing started
2025-08-22 06:01:26,809 - INFO - composites.py:104 -         Tile: x09_y09
2025-08-22 06:01:26,809 - INFO - composites.py:105 -         Time: 2020-06
2025-08-22 06:01:26,809 - INFO - composites.py:108 -                           
2025-08-22 06:01:26,809 - INFO - composites.py:109 - Establishing connection to datacube
2025-08-22 06:01:27,323 - INFO - composites.py:112 -                           
2025-08-22 06:01:27,324 - INFO - composites.py:113 - Sanity test: Check if dataset already exists in the datacube
2025-08-22 06:01:27,342 - INFO - composites.py:132 - The composite requested was not found and it will be computed
2025-08-22 06:01:27,342 - INFO - composites.py:135 -                                  
2025-08-22 06:01:27,342 - INFO - composites.py:136 - Initializing Dask cluster for parallelization
2025-08-22 06:01:32,359 - INFO - composites.py:160 - Dask dashboard is available at: http://127.0.0.1:8787/status
2025-08-22 06:01:32,359 - INFO - composites.py:163 - Create directories and naming conversions
2025-08-22 06:01:32,365 - INFO - composites.py:174 - Dataset location: //nas-rs.topo.auth.gr/Latomeia/DROUGHT/COMPOS/2020/06/x09_y09
2025-08-22 06:01:32,365 - INFO - composites.py:177 -                           
2025-08-22 06:01:32,365 - INFO - composites.py:178 - Retrieve tile geometry
2025-08-22 06:01:32,396 - INFO - composites.py:189 - Create the Bounding Box (φ,λ)
2025-08-22 06:01:32,396 - INFO - composites.py:195 - Create the Bounding Box (x,y)
2025-08-22 06:01:32,396 - INFO - composites.py:208 -                           
2025-08-22 06:01:32,396 - INFO - composites.py:209 - Connect to Planetary Computer STAC Catalog
2025-08-22 06:01:32,751 - INFO - composites.py:217 - Search the STAC Catalog
2025-08-22 06:01:32,830 - INFO - composites.py:229 -         Query parameters:
2025-08-22 06:01:32,830 - INFO - composites.py:230 -             url:          https://planetarycomputer.microsoft.com/api/stac/v1/search
2025-08-22 06:01:32,830 - INFO - composites.py:231 -             client:       microsoft-pc
2025-08-22 06:01:32,830 - INFO - composites.py:232 -             collection:   sentinel-2-l2a
2025-08-22 06:01:32,830 - INFO - composites.py:233 -             bbox:         (21.85970105220835, 37.36314648137922, 22.52163347994685, 37.9118519319046)
2025-08-22 06:01:32,830 - INFO - composites.py:234 -             time range:   2020-06-01T00:00:00Z/2020-06-30T23:59:59Z
2025-08-22 06:01:32,830 - INFO - composites.py:235 -             cloud cover:  0% - 70%
2025-08-22 06:01:32,830 - INFO - composites.py:236 -             nodata cover: 0% - 33%
2025-08-22 06:01:32,830 - INFO - composites.py:238 -                           
2025-08-22 06:01:32,831 - INFO - composites.py:239 - Searching...
2025-08-22 06:01:33,336 - INFO - composites.py:242 - Query found 30 items
2025-08-22 06:01:33,336 - INFO - composites.py:244 - Searching for GRI REFINED scenes:
2025-08-22 06:01:39,724 - INFO - sentinel2.py:78 - 1/30 - S2A_MSIL2A_20200629T090601_R050_T34SFG_20200824T131302 -> Not Found
2025-08-22 06:01:45,819 - INFO - sentinel2.py:78 - 2/30 - S2B_MSIL2A_20200627T092029_R093_T34SFH_20200824T084050 -> Not Found
2025-08-22 06:01:52,025 - INFO - sentinel2.py:78 - 3/30 - S2B_MSIL2A_20200627T092029_R093_T34SFG_20200824T084051 -> Not Found
2025-08-22 06:01:57,053 - INFO - sentinel2.py:78 - 4/30 - S2B_MSIL2A_20200627T092029_R093_T34SEH_20200908T172923 -> Not Found
2025-08-22 06:02:02,782 - INFO - sentinel2.py:78 - 5/30 - S2B_MSIL2A_20200627T092029_R093_T34SEG_20200824T084045 -> Not Found
2025-08-22 06:02:07,873 - INFO - sentinel2.py:78 - 6/30 - S2B_MSIL2A_20200624T090559_R050_T34SFG_20200823T233508 -> Not Found
2025-08-22 06:02:13,066 - INFO - sentinel2.py:78 - 7/30 - S2A_MSIL2A_20200622T092031_R093_T34SFH_20200823T155905 -> Not Found
2025-08-22 06:02:17,892 - INFO - sentinel2.py:78 - 8/30 - S2A_MSIL2A_20200622T092031_R093_T34SFG_20200823T155855 -> Not Found
2025-08-22 06:02:23,982 - INFO - sentinel2.py:78 - 9/30 - S2A_MSIL2A_20200622T092031_R093_T34SEH_20200823T155855 -> Not Found
2025-08-22 06:02:28,924 - INFO - sentinel2.py:78 - 10/30 - S2A_MSIL2A_20200622T092031_R093_T34SEG_20200823T155848 -> Not Found
2025-08-22 06:02:34,311 - INFO - sentinel2.py:78 - 11/30 - S2A_MSIL2A_20200619T090601_R050_T34SFG_20200823T070618 -> Not Found
2025-08-22 06:02:40,705 - INFO - sentinel2.py:78 - 12/30 - S2B_MSIL2A_20200617T092029_R093_T34SFH_20200908T173003 -> Not Found
2025-08-22 06:02:45,902 - INFO - sentinel2.py:78 - 13/30 - S2B_MSIL2A_20200617T092029_R093_T34SFG_20200908T172959 -> Not Found
2025-08-22 06:02:51,598 - INFO - sentinel2.py:78 - 14/30 - S2B_MSIL2A_20200617T092029_R093_T34SEH_20200908T172928 -> Not Found
2025-08-22 06:02:56,503 - INFO - sentinel2.py:78 - 15/30 - S2B_MSIL2A_20200617T092029_R093_T34SEG_20200823T030254 -> Not Found
2025-08-22 06:03:02,445 - INFO - sentinel2.py:78 - 16/30 - S2B_MSIL2A_20200614T090559_R050_T34SFG_20200827T093538 -> Not Found
2025-08-22 06:03:08,526 - INFO - sentinel2.py:78 - 17/30 - S2A_MSIL2A_20200612T092041_R093_T34SFH_20200827T020830 -> Not Found
2025-08-22 06:03:14,118 - INFO - sentinel2.py:78 - 18/30 - S2A_MSIL2A_20200612T092041_R093_T34SFG_20201027T073339 -> Not Found
2025-08-22 06:03:20,151 - INFO - sentinel2.py:78 - 19/30 - S2A_MSIL2A_20200612T092041_R093_T34SEH_20200827T020824 -> Not Found
2025-08-22 06:03:25,003 - INFO - sentinel2.py:78 - 20/30 - S2A_MSIL2A_20200612T092041_R093_T34SEG_20200827T020818 -> Not Found
2025-08-22 06:03:31,200 - INFO - sentinel2.py:78 - 21/30 - S2A_MSIL2A_20200609T090601_R050_T34SFG_20201027T073014 -> Not Found
2025-08-22 06:03:36,018 - INFO - sentinel2.py:78 - 22/30 - S2B_MSIL2A_20200607T092029_R093_T34SFH_20201101T142239 -> Not Found
2025-08-22 06:03:41,678 - INFO - sentinel2.py:78 - 23/30 - S2B_MSIL2A_20200607T092029_R093_T34SFG_20200909T152327 -> Not Found
2025-08-22 06:03:47,651 - INFO - sentinel2.py:78 - 24/30 - S2B_MSIL2A_20200607T092029_R093_T34SEH_20200826T124948 -> Not Found
2025-08-22 06:03:53,250 - INFO - sentinel2.py:78 - 25/30 - S2B_MSIL2A_20200607T092029_R093_T34SEG_20200826T124945 -> Not Found
2025-08-22 06:03:58,238 - INFO - sentinel2.py:78 - 26/30 - S2B_MSIL2A_20200604T090559_R050_T34SFG_20200908T172954 -> Not Found
2025-08-22 06:04:03,160 - INFO - sentinel2.py:78 - 27/30 - S2A_MSIL2A_20200602T092041_R093_T34SFH_20200825T202003 -> Not Found
2025-08-22 06:04:08,762 - INFO - sentinel2.py:78 - 28/30 - S2A_MSIL2A_20200602T092041_R093_T34SFG_20200825T202003 -> Not Found
2025-08-22 06:04:14,854 - INFO - sentinel2.py:78 - 29/30 - S2A_MSIL2A_20200602T092041_R093_T34SEH_20200825T201959 -> Not Found
2025-08-22 06:04:20,242 - INFO - sentinel2.py:78 - 30/30 - S2A_MSIL2A_20200602T092041_R093_T34SEG_20200825T202005 -> Not Found
2025-08-22 06:04:20,282 - INFO - composites.py:247 -                                  
2025-08-22 06:04:20,283 - INFO - composites.py:248 - 0/30 were refined by GRI.
2025-08-22 06:04:20,283 - WARNING - composites.py:252 - Tile x09_y09 | Time: 2020-06: All scenes are flagged NOT REFINED.
2025-08-22 06:04:20,284 - WARNING - composites.py:253 - Tile x09_y09 | Time: 2020-06: The composite will be flagged with _NOREFINED.
2025-08-22 06:04:20,284 - INFO - composites.py:260 - Looking for up to 10 cleanest images within spatiotemporal range of each MGRS tile
2025-08-22 06:04:20,284 - INFO - composites.py:274 - Filtered cleanest scenes: Kept 28 out of 30 items. 
2025-08-22 06:04:20,285 - INFO - composites.py:275 -         Included MGRS Tiles: ['34SEG' '34SEH' '34SFG' '34SFH']
2025-08-22 06:04:20,285 - INFO - composites.py:276 -         Included EPSG codes: [32634]
2025-08-22 06:04:20,285 - INFO - composites.py:278 - Selected scenes:
2025-08-22 06:04:20,285 - INFO - composites.py:280 -         S2B_MSIL2A_20200627T092029_R093_T34SEG_20200824T084045
2025-08-22 06:04:20,286 - INFO - composites.py:280 -         S2A_MSIL2A_20200612T092041_R093_T34SEG_20200827T020818
2025-08-22 06:04:20,296 - INFO - composites.py:280 -         S2A_MSIL2A_20200602T092041_R093_T34SEG_20200825T202005
2025-08-22 06:04:20,308 - INFO - composites.py:280 -         S2B_MSIL2A_20200617T092029_R093_T34SEG_20200823T030254
2025-08-22 06:04:20,308 - INFO - composites.py:280 -         S2A_MSIL2A_20200622T092031_R093_T34SEG_20200823T155848
2025-08-22 06:04:20,309 - INFO - composites.py:280 -         S2B_MSIL2A_20200607T092029_R093_T34SEG_20200826T124945
2025-08-22 06:04:20,309 - INFO - composites.py:280 -         S2B_MSIL2A_20200627T092029_R093_T34SEH_20200908T172923
2025-08-22 06:04:20,309 - INFO - composites.py:280 -         S2A_MSIL2A_20200612T092041_R093_T34SEH_20200827T020824
2025-08-22 06:04:20,309 - INFO - composites.py:280 -         S2B_MSIL2A_20200607T092029_R093_T34SEH_20200826T124948
2025-08-22 06:04:20,309 - INFO - composites.py:280 -         S2A_MSIL2A_20200602T092041_R093_T34SEH_20200825T201959
2025-08-22 06:04:20,309 - INFO - composites.py:280 -         S2A_MSIL2A_20200622T092031_R093_T34SEH_20200823T155855
2025-08-22 06:04:20,309 - INFO - composites.py:280 -         S2B_MSIL2A_20200617T092029_R093_T34SEH_20200908T172928
2025-08-22 06:04:20,309 - INFO - composites.py:280 -         S2B_MSIL2A_20200614T090559_R050_T34SFG_20200827T093538
2025-08-22 06:04:20,309 - INFO - composites.py:280 -         S2A_MSIL2A_20200629T090601_R050_T34SFG_20200824T131302
2025-08-22 06:04:20,309 - INFO - composites.py:280 -         S2A_MSIL2A_20200609T090601_R050_T34SFG_20201027T073014
2025-08-22 06:04:20,309 - INFO - composites.py:280 -         S2A_MSIL2A_20200619T090601_R050_T34SFG_20200823T070618
2025-08-22 06:04:20,309 - INFO - composites.py:280 -         S2B_MSIL2A_20200604T090559_R050_T34SFG_20200908T172954
2025-08-22 06:04:20,309 - INFO - composites.py:280 -         S2B_MSIL2A_20200627T092029_R093_T34SFG_20200824T084051
2025-08-22 06:04:20,309 - INFO - composites.py:280 -         S2A_MSIL2A_20200612T092041_R093_T34SFG_20201027T073339
2025-08-22 06:04:20,309 - INFO - composites.py:280 -         S2B_MSIL2A_20200617T092029_R093_T34SFG_20200908T172959
2025-08-22 06:04:20,309 - INFO - composites.py:280 -         S2B_MSIL2A_20200624T090559_R050_T34SFG_20200823T233508
2025-08-22 06:04:20,309 - INFO - composites.py:280 -         S2B_MSIL2A_20200607T092029_R093_T34SFG_20200909T152327
2025-08-22 06:04:20,309 - INFO - composites.py:280 -         S2B_MSIL2A_20200627T092029_R093_T34SFH_20200824T084050
2025-08-22 06:04:20,309 - INFO - composites.py:280 -         S2A_MSIL2A_20200612T092041_R093_T34SFH_20200827T020830
2025-08-22 06:04:20,309 - INFO - composites.py:280 -         S2B_MSIL2A_20200617T092029_R093_T34SFH_20200908T173003
2025-08-22 06:04:20,309 - INFO - composites.py:280 -         S2B_MSIL2A_20200607T092029_R093_T34SFH_20201101T142239
2025-08-22 06:04:20,309 - INFO - composites.py:280 -         S2A_MSIL2A_20200602T092041_R093_T34SFH_20200825T202003
2025-08-22 06:04:20,309 - INFO - composites.py:280 -         S2A_MSIL2A_20200622T092031_R093_T34SFH_20200823T155905
2025-08-22 06:04:20,854 - INFO - sentinel2.py:154 - Matplotlib backend: Agg
2025-08-22 06:04:21,083 - INFO - sentinel2.py:224 - Write input scenes footprint overlay: //nas-rs.topo.auth.gr/Latomeia/DROUGHT/COMPOS/2020/06/x09_y09/S2L2A_medcomp_x09_y09_202006_InDataFootprint.jpeg
2025-08-22 06:04:21,334 - INFO - composites.py:294 -                                  
2025-08-22 06:04:21,334 - INFO - composites.py:295 - Downstream STAC items from Planetary Computer
2025-08-22 06:04:21,335 - INFO - timeseries_processing.py:115 -                                  
2025-08-22 06:04:21,335 - INFO - timeseries_processing.py:116 - Loading bands of diferent resolutions in EPSG:32634
2025-08-22 06:04:21,335 - INFO - timeseries_processing.py:120 -     Filtering items with native UTM EPSG:32634
2025-08-22 06:04:21,335 - INFO - timeseries_processing.py:122 -     28 Items in EPSG:32634
2025-08-22 06:04:21,335 - INFO - timeseries_processing.py:129 -                        
2025-08-22 06:04:21,335 - INFO - timeseries_processing.py:130 -     Loading parameters:
2025-08-22 06:04:21,335 - INFO - timeseries_processing.py:131 -         Bands: ['B05', 'B07', 'B8A', 'SCL']
2025-08-22 06:04:21,335 - INFO - timeseries_processing.py:132 -         Spatial resolution: 20
2025-08-22 06:04:21,335 - INFO - timeseries_processing.py:134 -         Get Assets from STAC Items
2025-08-22 06:04:21,335 - INFO - timeseries_processing.py:47 -         Initialize the STAC client
2025-08-22 06:04:21,993 - INFO - timeseries_processing.py:137 -         Loading 28 STAC Items....
2025-08-22 06:06:17,709 - INFO - timeseries_processing.py:146 -         Cube has been downloaded
2025-08-22 06:06:17,709 - INFO - timeseries_processing.py:156 -         Fix order of dimensions
2025-08-22 06:06:17,711 - INFO - timeseries_processing.py:161 -         Append bands to the band-list of EPSG:32634
2025-08-22 06:06:17,711 - INFO - timeseries_processing.py:129 -                        
2025-08-22 06:06:17,711 - INFO - timeseries_processing.py:130 -     Loading parameters:
2025-08-22 06:06:17,711 - INFO - timeseries_processing.py:131 -         Bands: ['B02', 'B03', 'B04']
2025-08-22 06:06:17,714 - INFO - timeseries_processing.py:132 -         Spatial resolution: 10
2025-08-22 06:06:17,715 - INFO - timeseries_processing.py:134 -         Get Assets from STAC Items
2025-08-22 06:06:17,715 - INFO - timeseries_processing.py:47 -         Initialize the STAC client
2025-08-22 06:06:18,541 - INFO - timeseries_processing.py:137 -         Loading 28 STAC Items....
2025-08-22 06:09:11,888 - INFO - timeseries_processing.py:146 -         Cube has been downloaded
2025-08-22 06:09:11,888 - INFO - timeseries_processing.py:149 -         Reproject to downsample 10m bands to 20m by Resampling.average 2x2 binning and shape matching with odc.geo.GeoBox
2025-08-22 06:09:28,523 - INFO - timeseries_processing.py:161 -         Append bands to the band-list of EPSG:32634
2025-08-22 06:09:28,523 - INFO - timeseries_processing.py:165 -                        
2025-08-22 06:09:28,523 - INFO - timeseries_processing.py:166 -     Merging bands in a single dataset
2025-08-22 06:09:28,523 - INFO - timeseries_processing.py:167 -     Ensure all partial datasets are at (x=20, y=-20) resolution
2025-08-22 06:09:28,523 - INFO - timeseries_processing.py:171 -     Clip to the intersection of indexes
2025-08-22 06:09:29,821 - INFO - timeseries_processing.py:180 -     Make a list of bands to merge
2025-08-22 06:09:29,821 - INFO - timeseries_processing.py:184 -     Merge on intersection
2025-08-22 06:09:29,823 - INFO - timeseries_processing.py:192 -     Apply masks on clouds, shadows, thin cirrus, and snow/ice
2025-08-22 06:09:29,824 - INFO - sentinel2.py:122 -                Masking bits: [3, 7, 8, 9, 10, 11]
2025-08-22 06:09:31,214 - INFO - composites.py:304 - Reproject from UTM Zone to Tile geometry -> CRS(EPSG:32634), Resampling.bilinear
2025-08-22 06:09:39,060 - INFO - composites.py:307 -     New shape of datasets: Shape2d(x=2400, y=2400)
2025-08-22 06:09:39,778 - INFO - composites.py:339 - Creating preview plot of input scenes
2025-08-22 06:10:16,185 - INFO - timeseries_processing.py:349 - Saved preview for 'B04' to //nas-rs.topo.auth.gr/Latomeia/DROUGHT/COMPOS/2020/06/x09_y09/S2L2A_medcomp_x09_y09_202006_InDataPreview.jpeg
2025-08-22 06:10:16,194 - INFO - composites.py:345 - Clip value range
2025-08-22 06:10:18,524 - INFO - composites.py:350 -                           
2025-08-22 06:10:18,524 - INFO - composites.py:351 - Computing spectral indices:
2025-08-22 06:10:18,524 - INFO - composites.py:354 -     EVI...
2025-08-22 06:10:20,118 - INFO - composites.py:356 -     NDVI...
2025-08-22 06:10:20,510 - INFO - composites.py:358 -     PSRI2...
2025-08-22 06:10:21,049 - INFO - composites.py:361 - Clip to typical value range
2025-08-22 06:10:21,556 - INFO - composites.py:368 - Reducing to median value temporal composite
2025-08-22 06:10:51,394 - INFO - composites.py:387 - Define data types and nodata per band
2025-08-22 06:10:51,544 - INFO - composites.py:408 - Assign time range and tile ID in metadata
2025-08-22 06:10:51,544 - INFO - composites.py:416 - Write bands to raster COG files
2025-08-22 06:10:55,627 - INFO - composites.py:429 - Write B02 -> //nas-rs.topo.auth.gr/Latomeia/DROUGHT/COMPOS/2020/06/x09_y09/S2L2A_medcomp_x09_y09_202006_B02.tif
2025-08-22 06:10:59,395 - INFO - composites.py:429 - Write B03 -> //nas-rs.topo.auth.gr/Latomeia/DROUGHT/COMPOS/2020/06/x09_y09/S2L2A_medcomp_x09_y09_202006_B03.tif
2025-08-22 06:11:03,308 - INFO - composites.py:429 - Write B04 -> //nas-rs.topo.auth.gr/Latomeia/DROUGHT/COMPOS/2020/06/x09_y09/S2L2A_medcomp_x09_y09_202006_B04.tif
2025-08-22 06:11:07,118 - INFO - composites.py:429 - Write B05 -> //nas-rs.topo.auth.gr/Latomeia/DROUGHT/COMPOS/2020/06/x09_y09/S2L2A_medcomp_x09_y09_202006_B05.tif
2025-08-22 06:11:10,927 - INFO - composites.py:429 - Write B07 -> //nas-rs.topo.auth.gr/Latomeia/DROUGHT/COMPOS/2020/06/x09_y09/S2L2A_medcomp_x09_y09_202006_B07.tif
2025-08-22 06:11:14,725 - INFO - composites.py:429 - Write B8A -> //nas-rs.topo.auth.gr/Latomeia/DROUGHT/COMPOS/2020/06/x09_y09/S2L2A_medcomp_x09_y09_202006_B8A.tif
2025-08-22 06:11:18,839 - INFO - composites.py:429 - Write EVI -> //nas-rs.topo.auth.gr/Latomeia/DROUGHT/COMPOS/2020/06/x09_y09/S2L2A_medcomp_x09_y09_202006_evi.tif
2025-08-22 06:11:22,634 - INFO - composites.py:429 - Write NDVI -> //nas-rs.topo.auth.gr/Latomeia/DROUGHT/COMPOS/2020/06/x09_y09/S2L2A_medcomp_x09_y09_202006_ndvi.tif
2025-08-22 06:11:26,851 - INFO - composites.py:429 - Write PSRI2 -> //nas-rs.topo.auth.gr/Latomeia/DROUGHT/COMPOS/2020/06/x09_y09/S2L2A_medcomp_x09_y09_202006_psri2.tif
2025-08-22 06:11:26,851 - INFO - composites.py:433 - Prepare metadata YAML document
2025-08-22 06:11:27,536 - INFO - composites.py:454 - Write metadata YAML document to disk
2025-08-22 06:11:27,592 - INFO - composites.py:459 - Create datacube.model.Dataset from eo3 metadata
2025-08-22 06:11:27,604 - INFO - composites.py:470 - Index to datacube
2025-08-22 06:11:27,604 - INFO - _datasets.py:191 - Indexing 735591ca-1dde-4f4d-8cc5-08d277542fc8
2025-08-22 06:11:27,612 - INFO - composites.py:473 - 
2025-08-22 06:11:27,612 - INFO - composites.py:474 -              ✔✔✔ COMPLETED: Tile x09_y09 | Time: 2020-06 | In 10.01 minutes
2025-08-22 06:11:27,612 - INFO - composites.py:475 - 
2025-08-22 06:11:27,612 - INFO - composites.py:483 - Closing Dask client
2025-08-22 06:11:27,614 - INFO - composites.py:487 - Closing Dask cluster
2025-08-22 06:11:27,614 - INFO - composites.py:488 - #######################################################################
