2025-08-30 02:28:19,176 - INFO - composites.py:102 - #######################################################################
2025-08-30 02:28:19,176 - INFO - composites.py:104 - Processing started
2025-08-30 02:28:19,176 - INFO - composites.py:105 -         Tile: x10_y10
2025-08-30 02:28:19,176 - INFO - composites.py:106 -         Time: 2022-08
2025-08-30 02:28:19,176 - INFO - composites.py:109 -                           
2025-08-30 02:28:19,176 - INFO - composites.py:110 - Establishing connection to datacube
2025-08-30 02:28:19,702 - INFO - composites.py:113 -                           
2025-08-30 02:28:19,702 - INFO - composites.py:114 - Sanity test: Check if dataset already exists in the datacube
2025-08-30 02:28:19,722 - INFO - composites.py:133 - The composite requested was not found and it will be computed
2025-08-30 02:28:19,722 - INFO - composites.py:136 -                                  
2025-08-30 02:28:19,722 - INFO - composites.py:137 - Initializing Dask cluster for parallelization
2025-08-30 02:28:24,661 - INFO - composites.py:161 - Dask dashboard is available at: http://127.0.0.1:8787/status
2025-08-30 02:28:24,661 - INFO - composites.py:164 - Create directories and naming conversions
2025-08-30 02:28:24,673 - INFO - composites.py:177 - Dataset location: //nas-rs.topo.auth.gr/Latomeia/DROUGHT/composites/x10/y10/2022/08/01
2025-08-30 02:28:24,673 - INFO - composites.py:180 -                           
2025-08-30 02:28:24,673 - INFO - composites.py:181 - Retrieve tile geometry
2025-08-30 02:28:24,703 - INFO - composites.py:192 - Create the Bounding Box (φ,λ)
2025-08-30 02:28:24,703 - INFO - composites.py:198 - Create the Bounding Box (x,y)
2025-08-30 02:28:24,703 - INFO - composites.py:211 -                           
2025-08-30 02:28:24,703 - INFO - composites.py:212 - Connect to Planetary Computer STAC Catalog
2025-08-30 02:28:24,950 - INFO - composites.py:220 - Search the STAC Catalog
2025-08-30 02:28:25,020 - INFO - composites.py:232 -         Query parameters:
2025-08-30 02:28:25,020 - INFO - composites.py:233 -             url:          https://planetarycomputer.microsoft.com/api/stac/v1/search
2025-08-30 02:28:25,020 - INFO - composites.py:234 -             client:       microsoft-pc
2025-08-30 02:28:25,020 - INFO - composites.py:235 -             collection:   sentinel-2-l2a
2025-08-30 02:28:25,020 - INFO - composites.py:236 -             bbox:         (22.471633479946853, 37.72008040922633, 23.140477503527134, 38.27146676750315)
2025-08-30 02:28:25,020 - INFO - composites.py:237 -             time range:   2022-08-01T00:00:00Z/2022-08-31T23:59:59Z
2025-08-30 02:28:25,020 - INFO - composites.py:238 -             cloud cover:  0% - 70%
2025-08-30 02:28:25,020 - INFO - composites.py:239 -             nodata cover: 0% - 33%
2025-08-30 02:28:25,020 - INFO - composites.py:241 -                           
2025-08-30 02:28:25,020 - INFO - composites.py:242 - Searching...
2025-08-30 02:28:25,566 - INFO - composites.py:245 - Query found 37 items
2025-08-30 02:28:25,568 - INFO - composites.py:247 - Searching for GRI REFINED scenes:
2025-08-30 02:28:31,102 - INFO - sentinel2.py:78 - 1/37 - S2A_MSIL2A_20220831T091611_R093_T34SFH_20240703T111010 -> REFINED
2025-08-30 02:28:36,540 - INFO - sentinel2.py:78 - 2/37 - S2A_MSIL2A_20220831T091611_R093_T34SFH_20220901T105246 -> REFINED
2025-08-30 02:28:41,431 - INFO - sentinel2.py:78 - 3/37 - S2A_MSIL2A_20220831T091611_R093_T34SFG_20240703T111010 -> REFINED
2025-08-30 02:28:47,564 - INFO - sentinel2.py:78 - 4/37 - S2A_MSIL2A_20220831T091611_R093_T34SFG_20220901T121716 -> REFINED
2025-08-30 02:28:53,443 - INFO - sentinel2.py:78 - 5/37 - S2A_MSIL2A_20220828T090611_R050_T34SFG_20240703T101023 -> REFINED
2025-08-30 02:28:59,686 - INFO - sentinel2.py:78 - 6/37 - S2B_MSIL2A_20220826T091549_R093_T34SFH_20240709T095216 -> REFINED
2025-08-30 02:29:05,269 - INFO - sentinel2.py:78 - 7/37 - S2B_MSIL2A_20220826T091549_R093_T34SFG_20240709T095216 -> REFINED
2025-08-30 02:29:10,796 - INFO - sentinel2.py:78 - 8/37 - S2B_MSIL2A_20220826T091549_R093_T34SFG_20220826T222958 -> REFINED
2025-08-30 02:29:16,846 - INFO - sentinel2.py:78 - 9/37 - S2B_MSIL2A_20220823T090559_R050_T34SFG_20240716T180214 -> REFINED
2025-08-30 02:29:22,946 - INFO - sentinel2.py:78 - 10/37 - S2B_MSIL2A_20220823T090559_R050_T34SFG_20220824T110402 -> REFINED
2025-08-30 02:29:28,594 - INFO - sentinel2.py:78 - 11/37 - S2A_MSIL2A_20220821T091611_R093_T34SFH_20240716T063019 -> REFINED
2025-08-30 02:29:33,802 - INFO - sentinel2.py:78 - 12/37 - S2A_MSIL2A_20220821T091611_R093_T34SFH_20220821T224116 -> REFINED
2025-08-30 02:29:40,047 - INFO - sentinel2.py:78 - 13/37 - S2A_MSIL2A_20220821T091611_R093_T34SFG_20240716T063019 -> REFINED
2025-08-30 02:29:46,080 - INFO - sentinel2.py:78 - 14/37 - S2A_MSIL2A_20220821T091611_R093_T34SFG_20220821T213409 -> REFINED
2025-08-30 02:29:51,145 - INFO - sentinel2.py:78 - 15/37 - S2A_MSIL2A_20220818T090611_R050_T34SFG_20220819T023327 -> REFINED
2025-08-30 02:29:56,173 - INFO - sentinel2.py:78 - 16/37 - S2B_MSIL2A_20220816T091559_R093_T34SFH_20240703T141936 -> REFINED
2025-08-30 02:30:01,155 - INFO - sentinel2.py:78 - 17/37 - S2B_MSIL2A_20220816T091559_R093_T34SFH_20220816T214046 -> REFINED
2025-08-30 02:30:07,236 - INFO - sentinel2.py:78 - 18/37 - S2B_MSIL2A_20220816T091559_R093_T34SFG_20240703T141936 -> REFINED
2025-08-30 02:30:13,379 - INFO - sentinel2.py:78 - 19/37 - S2B_MSIL2A_20220816T091559_R093_T34SFG_20220816T190018 -> REFINED
2025-08-30 02:30:19,333 - INFO - sentinel2.py:78 - 20/37 - S2B_MSIL2A_20220813T090559_R050_T34SFG_20240708T193541 -> REFINED
2025-08-30 02:30:25,354 - INFO - sentinel2.py:78 - 21/37 - S2B_MSIL2A_20220813T090559_R050_T34SFG_20220813T193301 -> REFINED
2025-08-30 02:30:31,392 - INFO - sentinel2.py:78 - 22/37 - S2A_MSIL2A_20220811T091611_R093_T34SFH_20240713T182800 -> REFINED
2025-08-30 02:30:37,050 - INFO - sentinel2.py:78 - 23/37 - S2A_MSIL2A_20220811T091611_R093_T34SFH_20220812T075041 -> REFINED
2025-08-30 02:30:44,165 - INFO - sentinel2.py:78 - 24/37 - S2A_MSIL2A_20220811T091611_R093_T34SFG_20240713T182800 -> REFINED
2025-08-30 02:30:49,246 - INFO - sentinel2.py:78 - 25/37 - S2A_MSIL2A_20220811T091611_R093_T34SFG_20220812T074413 -> REFINED
2025-08-30 02:30:55,451 - INFO - sentinel2.py:78 - 26/37 - S2A_MSIL2A_20220808T090611_R050_T34SFG_20240712T124705 -> REFINED
2025-08-30 02:31:01,462 - INFO - sentinel2.py:78 - 27/37 - S2A_MSIL2A_20220808T090611_R050_T34SFG_20220810T070111 -> REFINED
2025-08-30 02:31:08,072 - INFO - sentinel2.py:78 - 28/37 - S2B_MSIL2A_20220806T091559_R093_T34SFH_20240715T201207 -> REFINED
2025-08-30 02:31:13,953 - INFO - sentinel2.py:78 - 29/37 - S2B_MSIL2A_20220806T091559_R093_T34SFH_20220807T101418 -> REFINED
2025-08-30 02:31:19,440 - INFO - sentinel2.py:78 - 30/37 - S2B_MSIL2A_20220806T091559_R093_T34SFG_20240715T201207 -> REFINED
2025-08-30 02:31:24,982 - INFO - sentinel2.py:78 - 31/37 - S2B_MSIL2A_20220806T091559_R093_T34SFG_20220807T102011 -> REFINED
2025-08-30 02:31:29,268 - INFO - sentinel2.py:78 - 32/37 - S2B_MSIL2A_20220803T090559_R050_T34SFG_20240711T144737 -> REFINED
2025-08-30 02:31:34,164 - INFO - sentinel2.py:78 - 33/37 - S2B_MSIL2A_20220803T090559_R050_T34SFG_20220803T230102 -> REFINED
2025-08-30 02:31:40,785 - INFO - sentinel2.py:78 - 34/37 - S2A_MSIL2A_20220801T092041_R093_T34SFH_20240718T073955 -> REFINED
2025-08-30 02:31:46,882 - INFO - sentinel2.py:78 - 35/37 - S2A_MSIL2A_20220801T092041_R093_T34SFH_20220802T065133 -> REFINED
2025-08-30 02:31:53,029 - INFO - sentinel2.py:78 - 36/37 - S2A_MSIL2A_20220801T092041_R093_T34SFG_20240718T073955 -> REFINED
2025-08-30 02:31:58,247 - INFO - sentinel2.py:78 - 37/37 - S2A_MSIL2A_20220801T092041_R093_T34SFG_20220802T055820 -> REFINED
2025-08-30 02:31:58,318 - INFO - composites.py:250 -                                  
2025-08-30 02:31:58,319 - INFO - composites.py:251 - 37/37 were refined by GRI.
2025-08-30 02:31:58,319 - INFO - composites.py:263 - Looking for up to 10 cleanest images within spatiotemporal range of each MGRS tile
2025-08-30 02:31:58,320 - INFO - composites.py:277 - Filtered cleanest scenes: Kept 20 out of 37 items. 
2025-08-30 02:31:58,320 - INFO - composites.py:278 -         Included MGRS Tiles: ['34SFG' '34SFH']
2025-08-30 02:31:58,320 - INFO - composites.py:279 -         Included EPSG codes: [32634]
2025-08-30 02:31:58,320 - INFO - composites.py:281 - Selected scenes:
2025-08-30 02:31:58,338 - INFO - composites.py:283 -         S2B_MSIL2A_20220816T091559_R093_T34SFG_20220816T190018
2025-08-30 02:31:58,338 - INFO - composites.py:283 -         S2B_MSIL2A_20220816T091559_R093_T34SFG_20240703T141936
2025-08-30 02:31:58,344 - INFO - composites.py:283 -         S2A_MSIL2A_20220818T090611_R050_T34SFG_20220819T023327
2025-08-30 02:31:58,344 - INFO - composites.py:283 -         S2A_MSIL2A_20220828T090611_R050_T34SFG_20240703T101023
2025-08-30 02:31:58,345 - INFO - composites.py:283 -         S2B_MSIL2A_20220803T090559_R050_T34SFG_20240711T144737
2025-08-30 02:31:58,345 - INFO - composites.py:283 -         S2B_MSIL2A_20220803T090559_R050_T34SFG_20220803T230102
2025-08-30 02:31:58,345 - INFO - composites.py:283 -         S2A_MSIL2A_20220808T090611_R050_T34SFG_20240712T124705
2025-08-30 02:31:58,345 - INFO - composites.py:283 -         S2A_MSIL2A_20220808T090611_R050_T34SFG_20220810T070111
2025-08-30 02:31:58,346 - INFO - composites.py:283 -         S2B_MSIL2A_20220806T091559_R093_T34SFG_20220807T102011
2025-08-30 02:31:58,346 - INFO - composites.py:283 -         S2B_MSIL2A_20220806T091559_R093_T34SFG_20240715T201207
2025-08-30 02:31:58,346 - INFO - composites.py:283 -         S2B_MSIL2A_20220816T091559_R093_T34SFH_20240703T141936
2025-08-30 02:31:58,346 - INFO - composites.py:283 -         S2B_MSIL2A_20220816T091559_R093_T34SFH_20220816T214046
2025-08-30 02:31:58,346 - INFO - composites.py:283 -         S2A_MSIL2A_20220831T091611_R093_T34SFH_20220901T105246
2025-08-30 02:31:58,346 - INFO - composites.py:283 -         S2A_MSIL2A_20220831T091611_R093_T34SFH_20240703T111010
2025-08-30 02:31:58,346 - INFO - composites.py:283 -         S2B_MSIL2A_20220806T091559_R093_T34SFH_20220807T101418
2025-08-30 02:31:58,346 - INFO - composites.py:283 -         S2B_MSIL2A_20220806T091559_R093_T34SFH_20240715T201207
2025-08-30 02:31:58,346 - INFO - composites.py:283 -         S2A_MSIL2A_20220811T091611_R093_T34SFH_20240713T182800
2025-08-30 02:31:58,346 - INFO - composites.py:283 -         S2A_MSIL2A_20220811T091611_R093_T34SFH_20220812T075041
2025-08-30 02:31:58,346 - INFO - composites.py:283 -         S2A_MSIL2A_20220801T092041_R093_T34SFH_20240718T073955
2025-08-30 02:31:58,346 - INFO - composites.py:283 -         S2A_MSIL2A_20220801T092041_R093_T34SFH_20220802T065133
2025-08-30 02:31:58,913 - INFO - sentinel2.py:154 - Matplotlib backend: Agg
2025-08-30 02:31:59,186 - INFO - sentinel2.py:224 - Write input scenes footprint overlay: //nas-rs.topo.auth.gr/Latomeia/DROUGHT/composites/x10/y10/2022/08/01/S2L2A_medcomp_x10y10_202208_InDataFootprint.jpeg
2025-08-30 02:31:59,464 - INFO - composites.py:297 -                                  
2025-08-30 02:31:59,464 - INFO - composites.py:298 - Downstream STAC items from Planetary Computer
2025-08-30 02:31:59,464 - INFO - timeseries_processing.py:115 -                                  
2025-08-30 02:31:59,464 - INFO - timeseries_processing.py:116 - Loading bands of diferent resolutions in EPSG:32634
2025-08-30 02:31:59,464 - INFO - timeseries_processing.py:120 -     Filtering items with native UTM EPSG:32634
2025-08-30 02:31:59,464 - INFO - timeseries_processing.py:122 -     20 Items in EPSG:32634
2025-08-30 02:31:59,464 - INFO - timeseries_processing.py:129 -                        
2025-08-30 02:31:59,464 - INFO - timeseries_processing.py:130 -     Loading parameters:
2025-08-30 02:31:59,464 - INFO - timeseries_processing.py:131 -         Bands: ['B05', 'B07', 'B8A', 'SCL']
2025-08-30 02:31:59,464 - INFO - timeseries_processing.py:132 -         Spatial resolution: 20
2025-08-30 02:31:59,464 - INFO - timeseries_processing.py:134 -         Get Assets from STAC Items
2025-08-30 02:31:59,464 - INFO - timeseries_processing.py:47 -         Initialize the STAC client
2025-08-30 02:32:00,131 - INFO - timeseries_processing.py:137 -         Loading 20 STAC Items....
2025-08-30 02:35:03,348 - INFO - timeseries_processing.py:146 -         Cube has been downloaded
2025-08-30 02:35:03,348 - INFO - timeseries_processing.py:156 -         Fix order of dimensions
2025-08-30 02:35:03,349 - INFO - timeseries_processing.py:161 -         Append bands to the band-list of EPSG:32634
2025-08-30 02:35:03,349 - INFO - timeseries_processing.py:129 -                        
2025-08-30 02:35:03,353 - INFO - timeseries_processing.py:130 -     Loading parameters:
2025-08-30 02:35:03,353 - INFO - timeseries_processing.py:131 -         Bands: ['B02', 'B03', 'B04']
2025-08-30 02:35:03,353 - INFO - timeseries_processing.py:132 -         Spatial resolution: 10
2025-08-30 02:35:03,353 - INFO - timeseries_processing.py:134 -         Get Assets from STAC Items
2025-08-30 02:35:03,353 - INFO - timeseries_processing.py:47 -         Initialize the STAC client
2025-08-30 02:35:03,923 - INFO - timeseries_processing.py:137 -         Loading 20 STAC Items....
2025-08-30 02:40:27,422 - INFO - timeseries_processing.py:146 -         Cube has been downloaded
2025-08-30 02:40:27,422 - INFO - timeseries_processing.py:149 -         Reproject to downsample 10m bands to 20m by Resampling.average 2x2 binning and shape matching with odc.geo.GeoBox
2025-08-30 02:40:40,148 - INFO - timeseries_processing.py:161 -         Append bands to the band-list of EPSG:32634
2025-08-30 02:40:40,148 - INFO - timeseries_processing.py:165 -                        
2025-08-30 02:40:40,148 - INFO - timeseries_processing.py:166 -     Merging bands in a single dataset
2025-08-30 02:40:40,148 - INFO - timeseries_processing.py:167 -     Ensure all partial datasets are at (x=20, y=-20) resolution
2025-08-30 02:40:40,148 - INFO - timeseries_processing.py:171 -     Clip to the intersection of indexes
2025-08-30 02:40:41,137 - INFO - timeseries_processing.py:180 -     Make a list of bands to merge
2025-08-30 02:40:41,137 - INFO - timeseries_processing.py:184 -     Merge on intersection
2025-08-30 02:40:41,137 - INFO - timeseries_processing.py:192 -     Apply masks on clouds, shadows, thin cirrus, and snow/ice
2025-08-30 02:40:41,137 - INFO - sentinel2.py:122 -                Masking bits: [3, 7, 8, 9, 10, 11]
2025-08-30 02:40:42,233 - INFO - composites.py:307 - Reproject from UTM Zone to Tile geometry -> CRS(EPSG:32634), Resampling.bilinear
2025-08-30 02:40:48,399 - INFO - composites.py:310 -     New shape of datasets: Shape2d(x=2400, y=2400)
2025-08-30 02:40:49,173 - INFO - composites.py:329 - Scale SR to Sen2Cor Baseline 4.00 - Subtract 1000 in dates post 2022-01-25
2025-08-30 02:40:50,624 - INFO - composites.py:342 - Creating preview plot of input scenes
2025-08-30 02:41:22,331 - INFO - timeseries_processing.py:349 - Saved preview for 'B04' to //nas-rs.topo.auth.gr/Latomeia/DROUGHT/composites/x10/y10/2022/08/01/S2L2A_medcomp_x10y10_202208_InDataPreview.jpeg
2025-08-30 02:41:22,339 - INFO - composites.py:348 - Clip value range
2025-08-30 02:41:24,077 - INFO - composites.py:353 -                           
2025-08-30 02:41:24,077 - INFO - composites.py:354 - Computing spectral indices:
2025-08-30 02:41:24,077 - INFO - composites.py:357 -     EVI...
2025-08-30 02:41:25,275 - INFO - composites.py:359 -     NDVI...
2025-08-30 02:41:25,635 - INFO - composites.py:361 -     PSRI2...
2025-08-30 02:41:25,872 - INFO - composites.py:364 - Clip to typical value range
2025-08-30 02:41:26,270 - INFO - composites.py:371 - Reducing to median value temporal composite
2025-08-30 02:41:54,211 - INFO - composites.py:390 - Scale and Define data types & nodata per band
2025-08-30 02:41:54,363 - INFO - composites.py:411 - Assign time range and tile ID in metadata
2025-08-30 02:41:54,363 - INFO - composites.py:419 - Write bands to raster COG files
2025-08-30 02:41:58,273 - INFO - composites.py:432 - Write B02 -> //nas-rs.topo.auth.gr/Latomeia/DROUGHT/composites/x10/y10/2022/08/01/S2L2A_medcomp_x10y10_202208_B02.tif
2025-08-30 02:42:03,519 - INFO - composites.py:432 - Write B03 -> //nas-rs.topo.auth.gr/Latomeia/DROUGHT/composites/x10/y10/2022/08/01/S2L2A_medcomp_x10y10_202208_B03.tif
2025-08-30 02:42:08,661 - INFO - composites.py:432 - Write B04 -> //nas-rs.topo.auth.gr/Latomeia/DROUGHT/composites/x10/y10/2022/08/01/S2L2A_medcomp_x10y10_202208_B04.tif
2025-08-30 02:42:12,618 - INFO - composites.py:432 - Write B05 -> //nas-rs.topo.auth.gr/Latomeia/DROUGHT/composites/x10/y10/2022/08/01/S2L2A_medcomp_x10y10_202208_B05.tif
2025-08-30 02:42:16,628 - INFO - composites.py:432 - Write B07 -> //nas-rs.topo.auth.gr/Latomeia/DROUGHT/composites/x10/y10/2022/08/01/S2L2A_medcomp_x10y10_202208_B07.tif
2025-08-30 02:42:20,503 - INFO - composites.py:432 - Write B8A -> //nas-rs.topo.auth.gr/Latomeia/DROUGHT/composites/x10/y10/2022/08/01/S2L2A_medcomp_x10y10_202208_B8A.tif
2025-08-30 02:42:24,375 - INFO - composites.py:432 - Write EVI -> //nas-rs.topo.auth.gr/Latomeia/DROUGHT/composites/x10/y10/2022/08/01/S2L2A_medcomp_x10y10_202208_EVI.tif
2025-08-30 02:42:28,270 - INFO - composites.py:432 - Write NDVI -> //nas-rs.topo.auth.gr/Latomeia/DROUGHT/composites/x10/y10/2022/08/01/S2L2A_medcomp_x10y10_202208_NDVI.tif
2025-08-30 02:42:32,105 - INFO - composites.py:432 - Write PSRI2 -> //nas-rs.topo.auth.gr/Latomeia/DROUGHT/composites/x10/y10/2022/08/01/S2L2A_medcomp_x10y10_202208_PSRI2.tif
2025-08-30 02:42:32,120 - INFO - composites.py:436 - Prepare metadata YAML document
2025-08-30 02:42:32,626 - INFO - composites.py:458 - Write metadata YAML document to disk
2025-08-30 02:42:32,676 - INFO - composites.py:463 - Create datacube.model.Dataset from eo3 metadata
2025-08-30 02:42:32,687 - INFO - composites.py:476 - Index to datacube
2025-08-30 02:42:32,687 - INFO - _datasets.py:191 - Indexing 279523eb-46e6-4c15-9437-5e277a41a27b
2025-08-30 02:42:32,702 - INFO - composites.py:479 - 
2025-08-30 02:42:32,703 - INFO - composites.py:480 -              ✔✔✔ COMPLETED: Tile x10_y10 | Time: 2022-08 | In 14.23 minutes
2025-08-30 02:42:32,703 - INFO - composites.py:481 - 
2025-08-30 02:42:32,703 - INFO - composites.py:489 - Closing Dask client
2025-08-30 02:42:32,705 - INFO - composites.py:493 - Closing Dask cluster
2025-08-30 02:42:32,705 - INFO - composites.py:494 - #######################################################################
