2025-08-28 16:50:15,526 - INFO - composites.py:102 - #######################################################################
2025-08-28 16:50:15,526 - INFO - composites.py:104 - Processing started
2025-08-28 16:50:15,526 - INFO - composites.py:105 -         Tile: x11_y08
2025-08-28 16:50:15,526 - INFO - composites.py:106 -         Time: 2020-09
2025-08-28 16:50:15,526 - INFO - composites.py:109 -                           
2025-08-28 16:50:15,526 - INFO - composites.py:110 - Establishing connection to datacube
2025-08-28 16:50:16,055 - INFO - composites.py:113 -                           
2025-08-28 16:50:16,056 - INFO - composites.py:114 - Sanity test: Check if dataset already exists in the datacube
2025-08-28 16:50:16,073 - INFO - composites.py:133 - The composite requested was not found and it will be computed
2025-08-28 16:50:16,073 - INFO - composites.py:136 -                                  
2025-08-28 16:50:16,073 - INFO - composites.py:137 - Initializing Dask cluster for parallelization
2025-08-28 16:50:21,190 - INFO - composites.py:161 - Dask dashboard is available at: http://127.0.0.1:8787/status
2025-08-28 16:50:21,190 - INFO - composites.py:164 - Create directories and naming conversions
2025-08-28 16:50:21,198 - INFO - composites.py:177 - Dataset location: //nas-rs.topo.auth.gr/Latomeia/DROUGHT/composites/x11/y08/2020/09/01
2025-08-28 16:50:21,198 - INFO - composites.py:180 -                           
2025-08-28 16:50:21,198 - INFO - composites.py:181 - Retrieve tile geometry
2025-08-28 16:50:21,229 - INFO - composites.py:192 - Create the Bounding Box (φ,λ)
2025-08-28 16:50:21,229 - INFO - composites.py:198 - Create the Bounding Box (x,y)
2025-08-28 16:50:21,229 - INFO - composites.py:211 -                           
2025-08-28 16:50:21,229 - INFO - composites.py:212 - Connect to Planetary Computer STAC Catalog
2025-08-28 16:50:21,522 - INFO - composites.py:220 - Search the STAC Catalog
2025-08-28 16:50:21,601 - INFO - composites.py:232 -         Query parameters:
2025-08-28 16:50:21,602 - INFO - composites.py:233 -             url:          https://planetarycomputer.microsoft.com/api/stac/v1/search
2025-08-28 16:50:21,602 - INFO - composites.py:234 -             client:       microsoft-pc
2025-08-28 16:50:21,602 - INFO - composites.py:235 -             collection:   sentinel-2-l2a
2025-08-28 16:50:21,602 - INFO - composites.py:236 -             bbox:         (22.845662885042927, 36.78779644280391, 23.507450073915326, 37.34127558081356)
2025-08-28 16:50:21,602 - INFO - composites.py:237 -             time range:   2020-09-01T00:00:00Z/2020-09-30T23:59:59Z
2025-08-28 16:50:21,602 - INFO - composites.py:238 -             cloud cover:  0% - 70%
2025-08-28 16:50:21,602 - INFO - composites.py:239 -             nodata cover: 0% - 33%
2025-08-28 16:50:21,602 - INFO - composites.py:241 -                           
2025-08-28 16:50:21,602 - INFO - composites.py:242 - Searching...
2025-08-28 16:50:22,142 - INFO - composites.py:245 - Query found 36 items
2025-08-28 16:50:22,142 - INFO - composites.py:247 - Searching for GRI REFINED scenes:
2025-08-28 16:50:29,023 - INFO - sentinel2.py:78 - 1/36 - S2A_MSIL2A_20200930T092031_R093_T34SFG_20201002T062630 -> Not Found
2025-08-28 16:50:38,962 - INFO - sentinel2.py:78 - 2/36 - S2A_MSIL2A_20200930T092031_R093_T34SFF_20201002T062358 -> Not Found
2025-08-28 16:50:47,106 - INFO - sentinel2.py:78 - 3/36 - S2A_MSIL2A_20200927T090731_R050_T34SGG_20200929T030030 -> Not Found
2025-08-28 16:50:54,558 - INFO - sentinel2.py:78 - 4/36 - S2A_MSIL2A_20200927T090731_R050_T34SGF_20200929T031115 -> Not Found
2025-08-28 16:51:02,159 - INFO - sentinel2.py:78 - 5/36 - S2A_MSIL2A_20200927T090731_R050_T34SFG_20200929T030138 -> Not Found
2025-08-28 16:51:09,929 - INFO - sentinel2.py:78 - 6/36 - S2A_MSIL2A_20200927T090731_R050_T34SFF_20200929T025844 -> Not Found
2025-08-28 16:51:17,854 - INFO - sentinel2.py:78 - 7/36 - S2B_MSIL2A_20200925T092029_R093_T34SFG_20200926T230419 -> Not Found
2025-08-28 16:51:25,575 - INFO - sentinel2.py:78 - 8/36 - S2B_MSIL2A_20200925T092029_R093_T34SFF_20200926T230427 -> Not Found
2025-08-28 16:51:34,171 - INFO - sentinel2.py:78 - 9/36 - S2B_MSIL2A_20200922T090659_R050_T34SGG_20200926T072910 -> Not Found
2025-08-28 16:51:41,317 - INFO - sentinel2.py:78 - 10/36 - S2B_MSIL2A_20200922T090659_R050_T34SGF_20200926T073700 -> Not Found
2025-08-28 16:51:48,776 - INFO - sentinel2.py:78 - 11/36 - S2B_MSIL2A_20200922T090659_R050_T34SFG_20200926T072915 -> Not Found
2025-08-28 16:51:57,565 - INFO - sentinel2.py:78 - 12/36 - S2B_MSIL2A_20200922T090659_R050_T34SFF_20200926T072917 -> Not Found
2025-08-28 16:52:04,672 - INFO - sentinel2.py:78 - 13/36 - S2A_MSIL2A_20200920T092031_R093_T34SFG_20200923T000432 -> Not Found
2025-08-28 16:52:12,283 - INFO - sentinel2.py:78 - 14/36 - S2A_MSIL2A_20200920T092031_R093_T34SFF_20200923T000442 -> Not Found
2025-08-28 16:52:20,728 - INFO - sentinel2.py:78 - 15/36 - S2A_MSIL2A_20200917T090631_R050_T34SGG_20200921T063219 -> Not Found
2025-08-28 16:52:28,827 - INFO - sentinel2.py:78 - 16/36 - S2A_MSIL2A_20200917T090631_R050_T34SGF_20200921T063420 -> Not Found
2025-08-28 16:52:36,693 - INFO - sentinel2.py:78 - 17/36 - S2A_MSIL2A_20200917T090631_R050_T34SFG_20200921T063423 -> Not Found
2025-08-28 16:52:44,348 - INFO - sentinel2.py:78 - 18/36 - S2A_MSIL2A_20200917T090631_R050_T34SFF_20200921T063421 -> Not Found
2025-08-28 16:52:52,037 - INFO - sentinel2.py:78 - 19/36 - S2B_MSIL2A_20200915T092029_R093_T34SFG_20200918T102701 -> Not Found
2025-08-28 16:52:59,342 - INFO - sentinel2.py:78 - 20/36 - S2B_MSIL2A_20200915T092029_R093_T34SFF_20200918T102657 -> Not Found
2025-08-28 16:53:06,179 - INFO - sentinel2.py:78 - 21/36 - S2B_MSIL2A_20200912T090559_R050_T34SGG_20200918T133547 -> Not Found
2025-08-28 16:53:13,207 - INFO - sentinel2.py:78 - 22/36 - S2B_MSIL2A_20200912T090559_R050_T34SGF_20200918T133950 -> Not Found
2025-08-28 16:53:21,365 - INFO - sentinel2.py:78 - 23/36 - S2B_MSIL2A_20200912T090559_R050_T34SFG_20200918T134046 -> Not Found
2025-08-28 16:53:28,113 - INFO - sentinel2.py:78 - 24/36 - S2B_MSIL2A_20200912T090559_R050_T34SFF_20200916T132318 -> Not Found
2025-08-28 16:53:35,157 - INFO - sentinel2.py:78 - 25/36 - S2A_MSIL2A_20200910T092031_R093_T34SFG_20200912T025738 -> Not Found
2025-08-28 16:53:43,924 - INFO - sentinel2.py:78 - 26/36 - S2A_MSIL2A_20200910T092031_R093_T34SFF_20200912T025657 -> Not Found
2025-08-28 16:53:51,739 - INFO - sentinel2.py:78 - 27/36 - S2A_MSIL2A_20200907T090601_R050_T34SGG_20200911T182842 -> Not Found
2025-08-28 16:53:58,638 - INFO - sentinel2.py:78 - 28/36 - S2A_MSIL2A_20200907T090601_R050_T34SGF_20200911T182444 -> Not Found
2025-08-28 16:54:05,351 - INFO - sentinel2.py:78 - 29/36 - S2A_MSIL2A_20200907T090601_R050_T34SFG_20200911T182346 -> Not Found
2025-08-28 16:54:12,860 - INFO - sentinel2.py:78 - 30/36 - S2A_MSIL2A_20200907T090601_R050_T34SFF_20200911T182439 -> Not Found
2025-08-28 16:54:20,123 - INFO - sentinel2.py:78 - 31/36 - S2B_MSIL2A_20200905T092029_R093_T34SFG_20200908T034903 -> Not Found
2025-08-28 16:54:27,009 - INFO - sentinel2.py:78 - 32/36 - S2B_MSIL2A_20200905T092029_R093_T34SFF_20200908T034931 -> Not Found
2025-08-28 16:54:34,668 - INFO - sentinel2.py:78 - 33/36 - S2B_MSIL2A_20200902T090559_R050_T34SGG_20201027T065425 -> Not Found
2025-08-28 16:54:41,267 - INFO - sentinel2.py:78 - 34/36 - S2B_MSIL2A_20200902T090559_R050_T34SGF_20201027T065422 -> Not Found
2025-08-28 16:54:49,376 - INFO - sentinel2.py:78 - 35/36 - S2B_MSIL2A_20200902T090559_R050_T34SFG_20201027T065456 -> Not Found
2025-08-28 16:54:56,293 - INFO - sentinel2.py:78 - 36/36 - S2B_MSIL2A_20200902T090559_R050_T34SFF_20201027T065406 -> Not Found
2025-08-28 16:54:56,352 - INFO - composites.py:250 -                                  
2025-08-28 16:54:56,353 - INFO - composites.py:251 - 0/36 were refined by GRI.
2025-08-28 16:54:56,353 - WARNING - composites.py:255 - Tile x11_y08 | Time: 2020-09: All scenes are flagged NOT REFINED.
2025-08-28 16:54:56,353 - WARNING - composites.py:256 - Tile x11_y08 | Time: 2020-09: The composite will be flagged with _NOREFINED.
2025-08-28 16:54:56,353 - INFO - composites.py:263 - Looking for up to 10 cleanest images within spatiotemporal range of each MGRS tile
2025-08-28 16:54:56,353 - INFO - composites.py:277 - Filtered cleanest scenes: Kept 32 out of 36 items. 
2025-08-28 16:54:56,353 - INFO - composites.py:278 -         Included MGRS Tiles: ['34SFF' '34SFG' '34SGF' '34SGG']
2025-08-28 16:54:56,353 - INFO - composites.py:279 -         Included EPSG codes: [32634]
2025-08-28 16:54:56,354 - INFO - composites.py:281 - Selected scenes:
2025-08-28 16:54:56,354 - INFO - composites.py:283 -         S2B_MSIL2A_20200925T092029_R093_T34SFF_20200926T230427
2025-08-28 16:54:56,354 - INFO - composites.py:283 -         S2B_MSIL2A_20200915T092029_R093_T34SFF_20200918T102657
2025-08-28 16:54:56,360 - INFO - composites.py:283 -         S2B_MSIL2A_20200902T090559_R050_T34SFF_20201027T065406
2025-08-28 16:54:56,361 - INFO - composites.py:283 -         S2A_MSIL2A_20200910T092031_R093_T34SFF_20200912T025657
2025-08-28 16:54:56,361 - INFO - composites.py:283 -         S2A_MSIL2A_20200907T090601_R050_T34SFF_20200911T182439
2025-08-28 16:54:56,361 - INFO - composites.py:283 -         S2A_MSIL2A_20200930T092031_R093_T34SFF_20201002T062358
2025-08-28 16:54:56,361 - INFO - composites.py:283 -         S2B_MSIL2A_20200922T090659_R050_T34SFF_20200926T072917
2025-08-28 16:54:56,362 - INFO - composites.py:283 -         S2B_MSIL2A_20200912T090559_R050_T34SFF_20200916T132318
2025-08-28 16:54:56,362 - INFO - composites.py:283 -         S2B_MSIL2A_20200905T092029_R093_T34SFF_20200908T034931
2025-08-28 16:54:56,362 - INFO - composites.py:283 -         S2A_MSIL2A_20200927T090731_R050_T34SFF_20200929T025844
2025-08-28 16:54:56,362 - INFO - composites.py:283 -         S2B_MSIL2A_20200925T092029_R093_T34SFG_20200926T230419
2025-08-28 16:54:56,362 - INFO - composites.py:283 -         S2A_MSIL2A_20200930T092031_R093_T34SFG_20201002T062630
2025-08-28 16:54:56,362 - INFO - composites.py:283 -         S2A_MSIL2A_20200910T092031_R093_T34SFG_20200912T025738
2025-08-28 16:54:56,363 - INFO - composites.py:283 -         S2B_MSIL2A_20200902T090559_R050_T34SFG_20201027T065456
2025-08-28 16:54:56,363 - INFO - composites.py:283 -         S2A_MSIL2A_20200907T090601_R050_T34SFG_20200911T182346
2025-08-28 16:54:56,363 - INFO - composites.py:283 -         S2B_MSIL2A_20200922T090659_R050_T34SFG_20200926T072915
2025-08-28 16:54:56,363 - INFO - composites.py:283 -         S2B_MSIL2A_20200912T090559_R050_T34SFG_20200918T134046
2025-08-28 16:54:56,363 - INFO - composites.py:283 -         S2B_MSIL2A_20200915T092029_R093_T34SFG_20200918T102701
2025-08-28 16:54:56,363 - INFO - composites.py:283 -         S2B_MSIL2A_20200905T092029_R093_T34SFG_20200908T034903
2025-08-28 16:54:56,363 - INFO - composites.py:283 -         S2A_MSIL2A_20200927T090731_R050_T34SFG_20200929T030138
2025-08-28 16:54:56,363 - INFO - composites.py:283 -         S2B_MSIL2A_20200902T090559_R050_T34SGF_20201027T065422
2025-08-28 16:54:56,363 - INFO - composites.py:283 -         S2A_MSIL2A_20200907T090601_R050_T34SGF_20200911T182444
2025-08-28 16:54:56,363 - INFO - composites.py:283 -         S2A_MSIL2A_20200927T090731_R050_T34SGF_20200929T031115
2025-08-28 16:54:56,363 - INFO - composites.py:283 -         S2A_MSIL2A_20200917T090631_R050_T34SGF_20200921T063420
2025-08-28 16:54:56,363 - INFO - composites.py:283 -         S2B_MSIL2A_20200912T090559_R050_T34SGF_20200918T133950
2025-08-28 16:54:56,363 - INFO - composites.py:283 -         S2B_MSIL2A_20200922T090659_R050_T34SGF_20200926T073700
2025-08-28 16:54:56,363 - INFO - composites.py:283 -         S2B_MSIL2A_20200902T090559_R050_T34SGG_20201027T065425
2025-08-28 16:54:56,363 - INFO - composites.py:283 -         S2A_MSIL2A_20200907T090601_R050_T34SGG_20200911T182842
2025-08-28 16:54:56,363 - INFO - composites.py:283 -         S2A_MSIL2A_20200917T090631_R050_T34SGG_20200921T063219
2025-08-28 16:54:56,363 - INFO - composites.py:283 -         S2B_MSIL2A_20200912T090559_R050_T34SGG_20200918T133547
2025-08-28 16:54:56,363 - INFO - composites.py:283 -         S2A_MSIL2A_20200927T090731_R050_T34SGG_20200929T030030
2025-08-28 16:54:56,363 - INFO - composites.py:283 -         S2B_MSIL2A_20200922T090659_R050_T34SGG_20200926T072910
2025-08-28 16:54:56,898 - INFO - sentinel2.py:154 - Matplotlib backend: Agg
2025-08-28 16:54:57,231 - INFO - sentinel2.py:224 - Write input scenes footprint overlay: //nas-rs.topo.auth.gr/Latomeia/DROUGHT/composites/x11/y08/2020/09/01/S2L2A_medcomp_x11y08_202009_InDataFootprint.jpeg
2025-08-28 16:54:57,499 - INFO - composites.py:297 -                                  
2025-08-28 16:54:57,499 - INFO - composites.py:298 - Downstream STAC items from Planetary Computer
2025-08-28 16:54:57,499 - INFO - timeseries_processing.py:115 -                                  
2025-08-28 16:54:57,499 - INFO - timeseries_processing.py:116 - Loading bands of diferent resolutions in EPSG:32634
2025-08-28 16:54:57,499 - INFO - timeseries_processing.py:120 -     Filtering items with native UTM EPSG:32634
2025-08-28 16:54:57,499 - INFO - timeseries_processing.py:122 -     32 Items in EPSG:32634
2025-08-28 16:54:57,499 - INFO - timeseries_processing.py:129 -                        
2025-08-28 16:54:57,499 - INFO - timeseries_processing.py:130 -     Loading parameters:
2025-08-28 16:54:57,499 - INFO - timeseries_processing.py:131 -         Bands: ['B05', 'B07', 'B8A', 'SCL']
2025-08-28 16:54:57,499 - INFO - timeseries_processing.py:132 -         Spatial resolution: 20
2025-08-28 16:54:57,499 - INFO - timeseries_processing.py:134 -         Get Assets from STAC Items
2025-08-28 16:54:57,499 - INFO - timeseries_processing.py:47 -         Initialize the STAC client
2025-08-28 16:54:58,175 - INFO - timeseries_processing.py:137 -         Loading 32 STAC Items....
2025-08-28 16:57:00,761 - INFO - timeseries_processing.py:146 -         Cube has been downloaded
2025-08-28 16:57:00,761 - INFO - timeseries_processing.py:156 -         Fix order of dimensions
2025-08-28 16:57:00,763 - INFO - timeseries_processing.py:161 -         Append bands to the band-list of EPSG:32634
2025-08-28 16:57:00,764 - INFO - timeseries_processing.py:129 -                        
2025-08-28 16:57:00,764 - INFO - timeseries_processing.py:130 -     Loading parameters:
2025-08-28 16:57:00,766 - INFO - timeseries_processing.py:131 -         Bands: ['B02', 'B03', 'B04']
2025-08-28 16:57:00,766 - INFO - timeseries_processing.py:132 -         Spatial resolution: 10
2025-08-28 16:57:00,766 - INFO - timeseries_processing.py:134 -         Get Assets from STAC Items
2025-08-28 16:57:00,766 - INFO - timeseries_processing.py:47 -         Initialize the STAC client
2025-08-28 16:57:01,430 - INFO - timeseries_processing.py:137 -         Loading 32 STAC Items....
2025-08-28 16:59:50,597 - INFO - timeseries_processing.py:146 -         Cube has been downloaded
2025-08-28 16:59:50,598 - INFO - timeseries_processing.py:149 -         Reproject to downsample 10m bands to 20m by Resampling.average 2x2 binning and shape matching with odc.geo.GeoBox
2025-08-28 17:00:09,332 - INFO - timeseries_processing.py:161 -         Append bands to the band-list of EPSG:32634
2025-08-28 17:00:09,332 - INFO - timeseries_processing.py:165 -                        
2025-08-28 17:00:09,332 - INFO - timeseries_processing.py:166 -     Merging bands in a single dataset
2025-08-28 17:00:09,332 - INFO - timeseries_processing.py:167 -     Ensure all partial datasets are at (x=20, y=-20) resolution
2025-08-28 17:00:09,333 - INFO - timeseries_processing.py:171 -     Clip to the intersection of indexes
2025-08-28 17:00:10,973 - INFO - timeseries_processing.py:180 -     Make a list of bands to merge
2025-08-28 17:00:10,974 - INFO - timeseries_processing.py:184 -     Merge on intersection
2025-08-28 17:00:10,976 - INFO - timeseries_processing.py:192 -     Apply masks on clouds, shadows, thin cirrus, and snow/ice
2025-08-28 17:00:10,976 - INFO - sentinel2.py:122 -                Masking bits: [3, 7, 8, 9, 10, 11]
2025-08-28 17:00:12,847 - INFO - composites.py:307 - Reproject from UTM Zone to Tile geometry -> CRS(EPSG:32634), Resampling.bilinear
2025-08-28 17:00:22,160 - INFO - composites.py:310 -     New shape of datasets: Shape2d(x=2400, y=2400)
2025-08-28 17:00:23,092 - INFO - composites.py:342 - Creating preview plot of input scenes
2025-08-28 17:01:02,861 - INFO - timeseries_processing.py:349 - Saved preview for 'B04' to //nas-rs.topo.auth.gr/Latomeia/DROUGHT/composites/x11/y08/2020/09/01/S2L2A_medcomp_x11y08_202009_InDataPreview.jpeg
2025-08-28 17:01:02,878 - INFO - composites.py:348 - Clip value range
2025-08-28 17:01:05,757 - INFO - composites.py:353 -                           
2025-08-28 17:01:05,757 - INFO - composites.py:354 - Computing spectral indices:
2025-08-28 17:01:05,776 - INFO - composites.py:357 -     EVI...
2025-08-28 17:01:07,377 - INFO - composites.py:359 -     NDVI...
2025-08-28 17:01:07,917 - INFO - composites.py:361 -     PSRI2...
2025-08-28 17:01:08,313 - INFO - composites.py:364 - Clip to typical value range
2025-08-28 17:01:08,812 - INFO - composites.py:371 - Reducing to median value temporal composite
2025-08-28 17:01:39,897 - INFO - composites.py:390 - Scale and Define data types & nodata per band
2025-08-28 17:01:40,171 - INFO - composites.py:411 - Assign time range and tile ID in metadata
2025-08-28 17:01:40,172 - INFO - composites.py:419 - Write bands to raster COG files
2025-08-28 17:01:44,450 - INFO - composites.py:432 - Write B02 -> //nas-rs.topo.auth.gr/Latomeia/DROUGHT/composites/x11/y08/2020/09/01/S2L2A_medcomp_x11y08_202009_B02.tif
2025-08-28 17:01:48,746 - INFO - composites.py:432 - Write B03 -> //nas-rs.topo.auth.gr/Latomeia/DROUGHT/composites/x11/y08/2020/09/01/S2L2A_medcomp_x11y08_202009_B03.tif
2025-08-28 17:01:52,999 - INFO - composites.py:432 - Write B04 -> //nas-rs.topo.auth.gr/Latomeia/DROUGHT/composites/x11/y08/2020/09/01/S2L2A_medcomp_x11y08_202009_B04.tif
2025-08-28 17:01:57,252 - INFO - composites.py:432 - Write B05 -> //nas-rs.topo.auth.gr/Latomeia/DROUGHT/composites/x11/y08/2020/09/01/S2L2A_medcomp_x11y08_202009_B05.tif
2025-08-28 17:02:01,459 - INFO - composites.py:432 - Write B07 -> //nas-rs.topo.auth.gr/Latomeia/DROUGHT/composites/x11/y08/2020/09/01/S2L2A_medcomp_x11y08_202009_B07.tif
2025-08-28 17:02:05,702 - INFO - composites.py:432 - Write B8A -> //nas-rs.topo.auth.gr/Latomeia/DROUGHT/composites/x11/y08/2020/09/01/S2L2A_medcomp_x11y08_202009_B8A.tif
2025-08-28 17:02:09,875 - INFO - composites.py:432 - Write EVI -> //nas-rs.topo.auth.gr/Latomeia/DROUGHT/composites/x11/y08/2020/09/01/S2L2A_medcomp_x11y08_202009_EVI.tif
2025-08-28 17:02:14,164 - INFO - composites.py:432 - Write NDVI -> //nas-rs.topo.auth.gr/Latomeia/DROUGHT/composites/x11/y08/2020/09/01/S2L2A_medcomp_x11y08_202009_NDVI.tif
2025-08-28 17:02:18,486 - INFO - composites.py:432 - Write PSRI2 -> //nas-rs.topo.auth.gr/Latomeia/DROUGHT/composites/x11/y08/2020/09/01/S2L2A_medcomp_x11y08_202009_PSRI2.tif
2025-08-28 17:02:18,496 - INFO - composites.py:436 - Prepare metadata YAML document
2025-08-28 17:02:19,065 - INFO - composites.py:458 - Write metadata YAML document to disk
2025-08-28 17:02:19,098 - INFO - composites.py:463 - Create datacube.model.Dataset from eo3 metadata
2025-08-28 17:02:19,108 - INFO - composites.py:476 - Index to datacube
2025-08-28 17:02:19,109 - INFO - _datasets.py:191 - Indexing 07a08b3f-d6a8-4825-b02c-1239f574b0a2
2025-08-28 17:02:19,119 - INFO - composites.py:479 - 
2025-08-28 17:02:19,119 - INFO - composites.py:480 -              ✔✔✔ COMPLETED: Tile x11_y08 | Time: 2020-09 | In 12.06 minutes
2025-08-28 17:02:19,119 - INFO - composites.py:481 - 
2025-08-28 17:02:19,119 - INFO - composites.py:489 - Closing Dask client
2025-08-28 17:02:19,148 - INFO - composites.py:493 - Closing Dask cluster
2025-08-28 17:02:19,148 - INFO - composites.py:494 - #######################################################################
