2025-08-22 21:03:14,131 - INFO - composites.py:101 - #######################################################################
2025-08-22 21:03:14,131 - INFO - composites.py:103 - Processing started
2025-08-22 21:03:14,131 - INFO - composites.py:104 -         Tile: x10_y09
2025-08-22 21:03:14,131 - INFO - composites.py:105 -         Time: 2020-10
2025-08-22 21:03:14,131 - INFO - composites.py:108 -                           
2025-08-22 21:03:14,131 - INFO - composites.py:109 - Establishing connection to datacube
2025-08-22 21:03:14,660 - INFO - composites.py:112 -                           
2025-08-22 21:03:14,662 - INFO - composites.py:113 - Sanity test: Check if dataset already exists in the datacube
2025-08-22 21:03:14,679 - INFO - composites.py:132 - The composite requested was not found and it will be computed
2025-08-22 21:03:14,679 - INFO - composites.py:135 -                                  
2025-08-22 21:03:14,679 - INFO - composites.py:136 - Initializing Dask cluster for parallelization
2025-08-22 21:03:19,588 - INFO - composites.py:160 - Dask dashboard is available at: http://127.0.0.1:8787/status
2025-08-22 21:03:19,588 - INFO - composites.py:163 - Create directories and naming conversions
2025-08-22 21:03:19,595 - INFO - composites.py:174 - Dataset location: //nas-rs.topo.auth.gr/Latomeia/DROUGHT/COMPOS/2020/10/x10_y09
2025-08-22 21:03:19,595 - INFO - composites.py:177 -                           
2025-08-22 21:03:19,595 - INFO - composites.py:178 - Retrieve tile geometry
2025-08-22 21:03:19,623 - INFO - composites.py:189 - Create the Bounding Box (φ,λ)
2025-08-22 21:03:19,623 - INFO - composites.py:195 - Create the Bounding Box (x,y)
2025-08-22 21:03:19,624 - INFO - composites.py:208 -                           
2025-08-22 21:03:19,624 - INFO - composites.py:209 - Connect to Planetary Computer STAC Catalog
2025-08-22 21:03:19,863 - INFO - composites.py:217 - Search the STAC Catalog
2025-08-22 21:03:19,932 - INFO - composites.py:229 -         Query parameters:
2025-08-22 21:03:19,932 - INFO - composites.py:230 -             url:          https://planetarycomputer.microsoft.com/api/stac/v1/search
2025-08-22 21:03:19,932 - INFO - composites.py:231 -             client:       microsoft-pc
2025-08-22 21:03:19,932 - INFO - composites.py:232 -             collection:   sentinel-2-l2a
2025-08-22 21:03:19,932 - INFO - composites.py:233 -             bbox:         (22.393231098837152, 37.29127558081356, 23.05741948027706, 37.8424745721664)
2025-08-22 21:03:19,932 - INFO - composites.py:234 -             time range:   2020-10-01T00:00:00Z/2020-10-31T23:59:59Z
2025-08-22 21:03:19,932 - INFO - composites.py:235 -             cloud cover:  0% - 70%
2025-08-22 21:03:19,932 - INFO - composites.py:236 -             nodata cover: 0% - 33%
2025-08-22 21:03:19,932 - INFO - composites.py:238 -                           
2025-08-22 21:03:19,932 - INFO - composites.py:239 - Searching...
2025-08-22 21:03:20,344 - INFO - composites.py:242 - Query found 13 items
2025-08-22 21:03:20,344 - INFO - composites.py:244 - Searching for GRI REFINED scenes:
2025-08-22 21:03:29,297 - INFO - sentinel2.py:78 - 1/13 - S2A_MSIL2A_20201030T092121_R093_T34SFG_20201101T231254 -> Not Found
2025-08-22 21:03:37,614 - INFO - sentinel2.py:78 - 2/13 - S2B_MSIL2A_20201025T092029_R093_T34SFH_20201030T072936 -> Not Found
2025-08-22 21:03:46,323 - INFO - sentinel2.py:78 - 3/13 - S2B_MSIL2A_20201025T092029_R093_T34SFG_20201030T072728 -> Not Found
2025-08-22 21:03:55,251 - INFO - sentinel2.py:78 - 4/13 - S2B_MSIL2A_20201022T091029_R050_T34SFG_20201023T193606 -> Not Found
2025-08-22 21:04:03,333 - INFO - sentinel2.py:78 - 5/13 - S2A_MSIL2A_20201020T092031_R093_T34SFG_20201101T202904 -> Not Found
2025-08-22 21:04:12,386 - INFO - sentinel2.py:78 - 6/13 - S2B_MSIL2A_20201015T092029_R093_T34SFH_20201019T081054 -> Not Found
2025-08-22 21:04:20,729 - INFO - sentinel2.py:78 - 7/13 - S2B_MSIL2A_20201015T092029_R093_T34SFG_20201019T081050 -> Not Found
2025-08-22 21:04:29,468 - INFO - sentinel2.py:78 - 8/13 - S2B_MSIL2A_20201012T090829_R050_T34SFG_20201014T110353 -> Not Found
2025-08-22 21:04:39,011 - INFO - sentinel2.py:78 - 9/13 - S2A_MSIL2A_20201010T092031_R093_T34SFH_20201011T224244 -> Not Found
2025-08-22 21:04:47,722 - INFO - sentinel2.py:78 - 10/13 - S2A_MSIL2A_20201010T092031_R093_T34SFG_20201027T125111 -> Not Found
2025-08-22 21:04:56,550 - INFO - sentinel2.py:78 - 11/13 - S2A_MSIL2A_20201007T090851_R050_T34SFG_20201010T082248 -> Not Found
2025-08-22 21:05:04,074 - INFO - sentinel2.py:78 - 12/13 - S2B_MSIL2A_20201005T092029_R093_T34SFG_20201007T104222 -> Not Found
2025-08-22 21:05:12,327 - INFO - sentinel2.py:78 - 13/13 - S2B_MSIL2A_20201002T090719_R050_T34SFG_20201004T231354 -> Not Found
2025-08-22 21:05:12,379 - INFO - composites.py:247 -                                  
2025-08-22 21:05:12,379 - INFO - composites.py:248 - 0/13 were refined by GRI.
2025-08-22 21:05:12,380 - WARNING - composites.py:252 - Tile x10_y09 | Time: 2020-10: All scenes are flagged NOT REFINED.
2025-08-22 21:05:12,380 - WARNING - composites.py:253 - Tile x10_y09 | Time: 2020-10: The composite will be flagged with _NOREFINED.
2025-08-22 21:05:12,380 - INFO - composites.py:260 - Looking for up to 10 cleanest images within spatiotemporal range of each MGRS tile
2025-08-22 21:05:12,381 - INFO - composites.py:274 - Filtered cleanest scenes: Kept 13 out of 13 items. 
2025-08-22 21:05:12,381 - INFO - composites.py:275 -         Included MGRS Tiles: ['34SFG' '34SFH']
2025-08-22 21:05:12,381 - INFO - composites.py:276 -         Included EPSG codes: [32634]
2025-08-22 21:05:12,382 - INFO - composites.py:278 - Selected scenes:
2025-08-22 21:05:12,383 - INFO - composites.py:280 -         S2B_MSIL2A_20201015T092029_R093_T34SFG_20201019T081050
2025-08-22 21:05:12,383 - INFO - composites.py:280 -         S2A_MSIL2A_20201010T092031_R093_T34SFG_20201027T125111
2025-08-22 21:05:12,383 - INFO - composites.py:280 -         S2B_MSIL2A_20201022T091029_R050_T34SFG_20201023T193606
2025-08-22 21:05:12,383 - INFO - composites.py:280 -         S2B_MSIL2A_20201012T090829_R050_T34SFG_20201014T110353
2025-08-22 21:05:12,383 - INFO - composites.py:280 -         S2B_MSIL2A_20201002T090719_R050_T34SFG_20201004T231354
2025-08-22 21:05:12,383 - INFO - composites.py:280 -         S2A_MSIL2A_20201007T090851_R050_T34SFG_20201010T082248
2025-08-22 21:05:12,383 - INFO - composites.py:280 -         S2A_MSIL2A_20201030T092121_R093_T34SFG_20201101T231254
2025-08-22 21:05:12,383 - INFO - composites.py:280 -         S2B_MSIL2A_20201025T092029_R093_T34SFG_20201030T072728
2025-08-22 21:05:12,383 - INFO - composites.py:280 -         S2A_MSIL2A_20201020T092031_R093_T34SFG_20201101T202904
2025-08-22 21:05:12,383 - INFO - composites.py:280 -         S2B_MSIL2A_20201005T092029_R093_T34SFG_20201007T104222
2025-08-22 21:05:12,383 - INFO - composites.py:280 -         S2A_MSIL2A_20201010T092031_R093_T34SFH_20201011T224244
2025-08-22 21:05:12,383 - INFO - composites.py:280 -         S2B_MSIL2A_20201015T092029_R093_T34SFH_20201019T081054
2025-08-22 21:05:12,383 - INFO - composites.py:280 -         S2B_MSIL2A_20201025T092029_R093_T34SFH_20201030T072936
2025-08-22 21:05:12,810 - INFO - sentinel2.py:154 - Matplotlib backend: Agg
2025-08-22 21:05:12,996 - INFO - sentinel2.py:224 - Write input scenes footprint overlay: //nas-rs.topo.auth.gr/Latomeia/DROUGHT/COMPOS/2020/10/x10_y09/S2L2A_medcomp_x10_y09_202010_InDataFootprint.jpeg
2025-08-22 21:05:13,335 - INFO - composites.py:294 -                                  
2025-08-22 21:05:13,335 - INFO - composites.py:295 - Downstream STAC items from Planetary Computer
2025-08-22 21:05:13,336 - INFO - timeseries_processing.py:115 -                                  
2025-08-22 21:05:13,336 - INFO - timeseries_processing.py:116 - Loading bands of diferent resolutions in EPSG:32634
2025-08-22 21:05:13,336 - INFO - timeseries_processing.py:120 -     Filtering items with native UTM EPSG:32634
2025-08-22 21:05:13,336 - INFO - timeseries_processing.py:122 -     13 Items in EPSG:32634
2025-08-22 21:05:13,336 - INFO - timeseries_processing.py:129 -                        
2025-08-22 21:05:13,336 - INFO - timeseries_processing.py:130 -     Loading parameters:
2025-08-22 21:05:13,336 - INFO - timeseries_processing.py:131 -         Bands: ['B05', 'B07', 'B8A', 'SCL']
2025-08-22 21:05:13,336 - INFO - timeseries_processing.py:132 -         Spatial resolution: 20
2025-08-22 21:05:13,336 - INFO - timeseries_processing.py:134 -         Get Assets from STAC Items
2025-08-22 21:05:13,336 - INFO - timeseries_processing.py:47 -         Initialize the STAC client
2025-08-22 21:05:13,895 - INFO - timeseries_processing.py:137 -         Loading 13 STAC Items....
2025-08-22 21:06:04,145 - INFO - timeseries_processing.py:146 -         Cube has been downloaded
2025-08-22 21:06:04,145 - INFO - timeseries_processing.py:156 -         Fix order of dimensions
2025-08-22 21:06:04,147 - INFO - timeseries_processing.py:161 -         Append bands to the band-list of EPSG:32634
2025-08-22 21:06:04,147 - INFO - timeseries_processing.py:129 -                        
2025-08-22 21:06:04,150 - INFO - timeseries_processing.py:130 -     Loading parameters:
2025-08-22 21:06:04,150 - INFO - timeseries_processing.py:131 -         Bands: ['B02', 'B03', 'B04']
2025-08-22 21:06:04,150 - INFO - timeseries_processing.py:132 -         Spatial resolution: 10
2025-08-22 21:06:04,150 - INFO - timeseries_processing.py:134 -         Get Assets from STAC Items
2025-08-22 21:06:04,150 - INFO - timeseries_processing.py:47 -         Initialize the STAC client
2025-08-22 21:06:04,686 - INFO - timeseries_processing.py:137 -         Loading 13 STAC Items....
2025-08-22 21:08:20,016 - INFO - timeseries_processing.py:146 -         Cube has been downloaded
2025-08-22 21:08:20,016 - INFO - timeseries_processing.py:149 -         Reproject to downsample 10m bands to 20m by Resampling.average 2x2 binning and shape matching with odc.geo.GeoBox
2025-08-22 21:08:36,518 - INFO - timeseries_processing.py:161 -         Append bands to the band-list of EPSG:32634
2025-08-22 21:08:36,518 - INFO - timeseries_processing.py:165 -                        
2025-08-22 21:08:36,518 - INFO - timeseries_processing.py:166 -     Merging bands in a single dataset
2025-08-22 21:08:36,518 - INFO - timeseries_processing.py:167 -     Ensure all partial datasets are at (x=20, y=-20) resolution
2025-08-22 21:08:36,519 - INFO - timeseries_processing.py:171 -     Clip to the intersection of indexes
2025-08-22 21:08:37,546 - INFO - timeseries_processing.py:180 -     Make a list of bands to merge
2025-08-22 21:08:37,547 - INFO - timeseries_processing.py:184 -     Merge on intersection
2025-08-22 21:08:37,547 - INFO - timeseries_processing.py:192 -     Apply masks on clouds, shadows, thin cirrus, and snow/ice
2025-08-22 21:08:37,547 - INFO - sentinel2.py:122 -                Masking bits: [3, 7, 8, 9, 10, 11]
2025-08-22 21:08:38,868 - INFO - composites.py:304 - Reproject from UTM Zone to Tile geometry -> CRS(EPSG:32634), Resampling.bilinear
2025-08-22 21:08:46,234 - INFO - composites.py:307 -     New shape of datasets: Shape2d(x=2400, y=2400)
2025-08-22 21:08:46,967 - INFO - composites.py:339 - Creating preview plot of input scenes
2025-08-22 21:09:22,145 - INFO - timeseries_processing.py:349 - Saved preview for 'B04' to //nas-rs.topo.auth.gr/Latomeia/DROUGHT/COMPOS/2020/10/x10_y09/S2L2A_medcomp_x10_y09_202010_InDataPreview.jpeg
2025-08-22 21:09:22,153 - INFO - composites.py:345 - Clip value range
2025-08-22 21:09:24,245 - INFO - composites.py:350 -                           
2025-08-22 21:09:24,246 - INFO - composites.py:351 - Computing spectral indices:
2025-08-22 21:09:24,246 - INFO - composites.py:354 -     EVI...
2025-08-22 21:09:25,604 - INFO - composites.py:356 -     NDVI...
2025-08-22 21:09:25,904 - INFO - composites.py:358 -     PSRI2...
2025-08-22 21:09:26,471 - INFO - composites.py:361 - Clip to typical value range
2025-08-22 21:09:26,904 - INFO - composites.py:368 - Reducing to median value temporal composite
2025-08-22 21:09:54,607 - INFO - composites.py:387 - Define data types and nodata per band
2025-08-22 21:09:54,735 - INFO - composites.py:408 - Assign time range and tile ID in metadata
2025-08-22 21:09:54,735 - INFO - composites.py:416 - Write bands to raster COG files
2025-08-22 21:09:58,592 - INFO - composites.py:429 - Write B02 -> //nas-rs.topo.auth.gr/Latomeia/DROUGHT/COMPOS/2020/10/x10_y09/S2L2A_medcomp_x10_y09_202010_B02.tif
2025-08-22 21:10:02,493 - INFO - composites.py:429 - Write B03 -> //nas-rs.topo.auth.gr/Latomeia/DROUGHT/COMPOS/2020/10/x10_y09/S2L2A_medcomp_x10_y09_202010_B03.tif
2025-08-22 21:10:06,358 - INFO - composites.py:429 - Write B04 -> //nas-rs.topo.auth.gr/Latomeia/DROUGHT/COMPOS/2020/10/x10_y09/S2L2A_medcomp_x10_y09_202010_B04.tif
2025-08-22 21:10:10,315 - INFO - composites.py:429 - Write B05 -> //nas-rs.topo.auth.gr/Latomeia/DROUGHT/COMPOS/2020/10/x10_y09/S2L2A_medcomp_x10_y09_202010_B05.tif
2025-08-22 21:10:14,768 - INFO - composites.py:429 - Write B07 -> //nas-rs.topo.auth.gr/Latomeia/DROUGHT/COMPOS/2020/10/x10_y09/S2L2A_medcomp_x10_y09_202010_B07.tif
2025-08-22 21:10:18,824 - INFO - composites.py:429 - Write B8A -> //nas-rs.topo.auth.gr/Latomeia/DROUGHT/COMPOS/2020/10/x10_y09/S2L2A_medcomp_x10_y09_202010_B8A.tif
2025-08-22 21:10:22,746 - INFO - composites.py:429 - Write EVI -> //nas-rs.topo.auth.gr/Latomeia/DROUGHT/COMPOS/2020/10/x10_y09/S2L2A_medcomp_x10_y09_202010_evi.tif
2025-08-22 21:10:26,717 - INFO - composites.py:429 - Write NDVI -> //nas-rs.topo.auth.gr/Latomeia/DROUGHT/COMPOS/2020/10/x10_y09/S2L2A_medcomp_x10_y09_202010_ndvi.tif
2025-08-22 21:10:30,617 - INFO - composites.py:429 - Write PSRI2 -> //nas-rs.topo.auth.gr/Latomeia/DROUGHT/COMPOS/2020/10/x10_y09/S2L2A_medcomp_x10_y09_202010_psri2.tif
2025-08-22 21:10:30,617 - INFO - composites.py:433 - Prepare metadata YAML document
2025-08-22 21:10:31,327 - INFO - composites.py:454 - Write metadata YAML document to disk
2025-08-22 21:10:31,352 - INFO - composites.py:459 - Create datacube.model.Dataset from eo3 metadata
2025-08-22 21:10:31,363 - INFO - composites.py:470 - Index to datacube
2025-08-22 21:10:31,363 - INFO - _datasets.py:191 - Indexing 3c8ce8c9-3c90-469b-a764-38f78da3eaa9
2025-08-22 21:10:31,371 - INFO - composites.py:473 - 
2025-08-22 21:10:31,371 - INFO - composites.py:474 -              ✔✔✔ COMPLETED: Tile x10_y09 | Time: 2020-10 | In 7.29 minutes
2025-08-22 21:10:31,372 - INFO - composites.py:475 - 
2025-08-22 21:10:31,372 - INFO - composites.py:483 - Closing Dask client
2025-08-22 21:10:31,375 - INFO - composites.py:487 - Closing Dask cluster
2025-08-22 21:10:31,375 - INFO - composites.py:488 - #######################################################################
