2025-08-22 09:26:13,635 - INFO - composites.py:101 - #######################################################################
2025-08-22 09:26:13,636 - INFO - composites.py:103 - Processing started
2025-08-22 09:26:13,636 - INFO - composites.py:104 -         Tile: x09_y09
2025-08-22 09:26:13,636 - INFO - composites.py:105 -         Time: 2020-07
2025-08-22 09:26:13,636 - INFO - composites.py:108 -                           
2025-08-22 09:26:13,636 - INFO - composites.py:109 - Establishing connection to datacube
2025-08-22 09:26:14,164 - INFO - composites.py:112 -                           
2025-08-22 09:26:14,166 - INFO - composites.py:113 - Sanity test: Check if dataset already exists in the datacube
2025-08-22 09:26:14,183 - INFO - composites.py:132 - The composite requested was not found and it will be computed
2025-08-22 09:26:14,183 - INFO - composites.py:135 -                                  
2025-08-22 09:26:14,183 - INFO - composites.py:136 - Initializing Dask cluster for parallelization
2025-08-22 09:26:19,253 - INFO - composites.py:160 - Dask dashboard is available at: http://127.0.0.1:8787/status
2025-08-22 09:26:19,253 - INFO - composites.py:163 - Create directories and naming conversions
2025-08-22 09:26:19,259 - INFO - composites.py:174 - Dataset location: //nas-rs.topo.auth.gr/Latomeia/DROUGHT/COMPOS/2020/07/x09_y09
2025-08-22 09:26:19,259 - INFO - composites.py:177 -                           
2025-08-22 09:26:19,259 - INFO - composites.py:178 - Retrieve tile geometry
2025-08-22 09:26:19,288 - INFO - composites.py:189 - Create the Bounding Box (φ,λ)
2025-08-22 09:26:19,288 - INFO - composites.py:195 - Create the Bounding Box (x,y)
2025-08-22 09:26:19,288 - INFO - composites.py:208 -                           
2025-08-22 09:26:19,288 - INFO - composites.py:209 - Connect to Planetary Computer STAC Catalog
2025-08-22 09:26:19,551 - INFO - composites.py:217 - Search the STAC Catalog
2025-08-22 09:26:19,619 - INFO - composites.py:229 -         Query parameters:
2025-08-22 09:26:19,619 - INFO - composites.py:230 -             url:          https://planetarycomputer.microsoft.com/api/stac/v1/search
2025-08-22 09:26:19,619 - INFO - composites.py:231 -             client:       microsoft-pc
2025-08-22 09:26:19,619 - INFO - composites.py:232 -             collection:   sentinel-2-l2a
2025-08-22 09:26:19,619 - INFO - composites.py:233 -             bbox:         (21.85970105220835, 37.36314648137922, 22.52163347994685, 37.9118519319046)
2025-08-22 09:26:19,619 - INFO - composites.py:234 -             time range:   2020-07-01T00:00:00Z/2020-07-31T23:59:59Z
2025-08-22 09:26:19,619 - INFO - composites.py:235 -             cloud cover:  0% - 70%
2025-08-22 09:26:19,619 - INFO - composites.py:236 -             nodata cover: 0% - 33%
2025-08-22 09:26:19,619 - INFO - composites.py:238 -                           
2025-08-22 09:26:19,619 - INFO - composites.py:239 - Searching...
2025-08-22 09:26:20,129 - INFO - composites.py:242 - Query found 30 items
2025-08-22 09:26:20,129 - INFO - composites.py:244 - Searching for GRI REFINED scenes:
2025-08-22 09:26:24,927 - INFO - sentinel2.py:78 - 1/30 - S2A_MSIL2A_20200729T090601_R050_T34SFG_20200908T172959 -> Not Found
2025-08-22 09:26:30,314 - INFO - sentinel2.py:78 - 2/30 - S2B_MSIL2A_20200727T092029_R093_T34SFH_20200817T190504 -> Not Found
2025-08-22 09:26:35,796 - INFO - sentinel2.py:78 - 3/30 - S2B_MSIL2A_20200727T092029_R093_T34SFG_20200817T190503 -> Not Found
2025-08-22 09:26:40,556 - INFO - sentinel2.py:78 - 4/30 - S2B_MSIL2A_20200727T092029_R093_T34SEH_20200817T190500 -> Not Found
2025-08-22 09:26:46,297 - INFO - sentinel2.py:78 - 5/30 - S2B_MSIL2A_20200727T092029_R093_T34SEG_20200817T190501 -> Not Found
2025-08-22 09:26:52,723 - INFO - sentinel2.py:78 - 6/30 - S2B_MSIL2A_20200724T090559_R050_T34SFG_20200817T095607 -> Not Found
2025-08-22 09:26:57,927 - INFO - sentinel2.py:78 - 7/30 - S2A_MSIL2A_20200722T092031_R093_T34SFH_20200817T022443 -> Not Found
2025-08-22 09:27:04,093 - INFO - sentinel2.py:78 - 8/30 - S2A_MSIL2A_20200722T092031_R093_T34SFG_20200817T022438 -> Not Found
2025-08-22 09:27:09,699 - INFO - sentinel2.py:78 - 9/30 - S2A_MSIL2A_20200722T092031_R093_T34SEH_20200817T022438 -> Not Found
2025-08-22 09:27:14,353 - INFO - sentinel2.py:78 - 10/30 - S2A_MSIL2A_20200722T092031_R093_T34SEG_20200817T022436 -> Not Found
2025-08-22 09:27:20,170 - INFO - sentinel2.py:78 - 11/30 - S2A_MSIL2A_20200719T090601_R050_T34SFG_20200816T171203 -> Not Found
2025-08-22 09:27:24,979 - INFO - sentinel2.py:78 - 12/30 - S2B_MSIL2A_20200717T092029_R093_T34SFH_20200816T124331 -> Not Found
2025-08-22 09:27:30,672 - INFO - sentinel2.py:78 - 13/30 - S2B_MSIL2A_20200717T092029_R093_T34SFG_20200816T124331 -> Not Found
2025-08-22 09:27:36,151 - INFO - sentinel2.py:78 - 14/30 - S2B_MSIL2A_20200717T092029_R093_T34SEH_20200816T124329 -> Not Found
2025-08-22 09:27:43,609 - INFO - sentinel2.py:78 - 15/30 - S2B_MSIL2A_20200717T092029_R093_T34SEG_20200816T124327 -> Not Found
2025-08-22 09:27:50,021 - INFO - sentinel2.py:78 - 16/30 - S2B_MSIL2A_20200714T090559_R050_T34SFG_20200913T045722 -> Not Found
2025-08-22 09:27:55,676 - INFO - sentinel2.py:78 - 17/30 - S2A_MSIL2A_20200712T092031_R093_T34SFH_20200912T221249 -> Not Found
2025-08-22 09:28:02,476 - INFO - sentinel2.py:78 - 18/30 - S2A_MSIL2A_20200712T092031_R093_T34SFG_20200912T221247 -> Not Found
2025-08-22 09:28:07,845 - INFO - sentinel2.py:78 - 19/30 - S2A_MSIL2A_20200712T092031_R093_T34SEH_20200912T221245 -> Not Found
2025-08-22 09:28:12,972 - INFO - sentinel2.py:78 - 20/30 - S2A_MSIL2A_20200712T092031_R093_T34SEG_20200912T221243 -> Not Found
2025-08-22 09:28:18,097 - INFO - sentinel2.py:78 - 21/30 - S2A_MSIL2A_20200709T090601_R050_T34SFG_20200912T134953 -> Not Found
2025-08-22 09:28:23,783 - INFO - sentinel2.py:78 - 22/30 - S2B_MSIL2A_20200707T092029_R093_T34SFH_20200912T092025 -> Not Found
2025-08-22 09:28:29,131 - INFO - sentinel2.py:78 - 23/30 - S2B_MSIL2A_20200707T092029_R093_T34SFG_20201027T081741 -> Not Found
2025-08-22 09:28:33,927 - INFO - sentinel2.py:78 - 24/30 - S2B_MSIL2A_20200707T092029_R093_T34SEH_20200912T092019 -> Not Found
2025-08-22 09:28:39,297 - INFO - sentinel2.py:78 - 25/30 - S2B_MSIL2A_20200707T092029_R093_T34SEG_20201027T081748 -> Not Found
2025-08-22 09:28:44,688 - INFO - sentinel2.py:78 - 26/30 - S2B_MSIL2A_20200704T090559_R050_T34SFG_20200825T052319 -> Not Found
2025-08-22 09:28:50,142 - INFO - sentinel2.py:78 - 27/30 - S2A_MSIL2A_20200702T092031_R093_T34SFH_20200824T221407 -> Not Found
2025-08-22 09:28:55,853 - INFO - sentinel2.py:78 - 28/30 - S2A_MSIL2A_20200702T092031_R093_T34SFG_20200824T221404 -> Not Found
2025-08-22 09:29:01,141 - INFO - sentinel2.py:78 - 29/30 - S2A_MSIL2A_20200702T092031_R093_T34SEH_20200824T221354 -> Not Found
2025-08-22 09:29:05,799 - INFO - sentinel2.py:78 - 30/30 - S2A_MSIL2A_20200702T092031_R093_T34SEG_20200824T221353 -> Not Found
2025-08-22 09:29:05,842 - INFO - composites.py:247 -                                  
2025-08-22 09:29:05,842 - INFO - composites.py:248 - 0/30 were refined by GRI.
2025-08-22 09:29:05,842 - WARNING - composites.py:252 - Tile x09_y09 | Time: 2020-07: All scenes are flagged NOT REFINED.
2025-08-22 09:29:05,843 - WARNING - composites.py:253 - Tile x09_y09 | Time: 2020-07: The composite will be flagged with _NOREFINED.
2025-08-22 09:29:05,843 - INFO - composites.py:260 - Looking for up to 10 cleanest images within spatiotemporal range of each MGRS tile
2025-08-22 09:29:05,844 - INFO - composites.py:274 - Filtered cleanest scenes: Kept 28 out of 30 items. 
2025-08-22 09:29:05,844 - INFO - composites.py:275 -         Included MGRS Tiles: ['34SEG' '34SEH' '34SFG' '34SFH']
2025-08-22 09:29:05,844 - INFO - composites.py:276 -         Included EPSG codes: [32634]
2025-08-22 09:29:05,844 - INFO - composites.py:278 - Selected scenes:
2025-08-22 09:29:05,866 - INFO - composites.py:280 -         S2A_MSIL2A_20200712T092031_R093_T34SEG_20200912T221243
2025-08-22 09:29:05,866 - INFO - composites.py:280 -         S2A_MSIL2A_20200722T092031_R093_T34SEG_20200817T022436
2025-08-22 09:29:05,867 - INFO - composites.py:280 -         S2A_MSIL2A_20200702T092031_R093_T34SEG_20200824T221353
2025-08-22 09:29:05,867 - INFO - composites.py:280 -         S2B_MSIL2A_20200727T092029_R093_T34SEG_20200817T190501
2025-08-22 09:29:05,867 - INFO - composites.py:280 -         S2B_MSIL2A_20200707T092029_R093_T34SEG_20201027T081748
2025-08-22 09:29:05,867 - INFO - composites.py:280 -         S2B_MSIL2A_20200717T092029_R093_T34SEG_20200816T124327
2025-08-22 09:29:05,867 - INFO - composites.py:280 -         S2A_MSIL2A_20200702T092031_R093_T34SEH_20200824T221354
2025-08-22 09:29:05,867 - INFO - composites.py:280 -         S2A_MSIL2A_20200712T092031_R093_T34SEH_20200912T221245
2025-08-22 09:29:05,867 - INFO - composites.py:280 -         S2B_MSIL2A_20200727T092029_R093_T34SEH_20200817T190500
2025-08-22 09:29:05,867 - INFO - composites.py:280 -         S2A_MSIL2A_20200722T092031_R093_T34SEH_20200817T022438
2025-08-22 09:29:05,867 - INFO - composites.py:280 -         S2B_MSIL2A_20200717T092029_R093_T34SEH_20200816T124329
2025-08-22 09:29:05,868 - INFO - composites.py:280 -         S2B_MSIL2A_20200707T092029_R093_T34SEH_20200912T092019
2025-08-22 09:29:05,868 - INFO - composites.py:280 -         S2B_MSIL2A_20200724T090559_R050_T34SFG_20200817T095607
2025-08-22 09:29:05,868 - INFO - composites.py:280 -         S2A_MSIL2A_20200729T090601_R050_T34SFG_20200908T172959
2025-08-22 09:29:05,868 - INFO - composites.py:280 -         S2A_MSIL2A_20200722T092031_R093_T34SFG_20200817T022438
2025-08-22 09:29:05,868 - INFO - composites.py:280 -         S2A_MSIL2A_20200719T090601_R050_T34SFG_20200816T171203
2025-08-22 09:29:05,868 - INFO - composites.py:280 -         S2B_MSIL2A_20200727T092029_R093_T34SFG_20200817T190503
2025-08-22 09:29:05,868 - INFO - composites.py:280 -         S2B_MSIL2A_20200704T090559_R050_T34SFG_20200825T052319
2025-08-22 09:29:05,868 - INFO - composites.py:280 -         S2A_MSIL2A_20200712T092031_R093_T34SFG_20200912T221247
2025-08-22 09:29:05,868 - INFO - composites.py:280 -         S2A_MSIL2A_20200702T092031_R093_T34SFG_20200824T221404
2025-08-22 09:29:05,868 - INFO - composites.py:280 -         S2B_MSIL2A_20200714T090559_R050_T34SFG_20200913T045722
2025-08-22 09:29:05,868 - INFO - composites.py:280 -         S2B_MSIL2A_20200717T092029_R093_T34SFG_20200816T124331
2025-08-22 09:29:05,868 - INFO - composites.py:280 -         S2A_MSIL2A_20200712T092031_R093_T34SFH_20200912T221249
2025-08-22 09:29:05,868 - INFO - composites.py:280 -         S2A_MSIL2A_20200702T092031_R093_T34SFH_20200824T221407
2025-08-22 09:29:05,868 - INFO - composites.py:280 -         S2B_MSIL2A_20200727T092029_R093_T34SFH_20200817T190504
2025-08-22 09:29:05,868 - INFO - composites.py:280 -         S2A_MSIL2A_20200722T092031_R093_T34SFH_20200817T022443
2025-08-22 09:29:05,868 - INFO - composites.py:280 -         S2B_MSIL2A_20200717T092029_R093_T34SFH_20200816T124331
2025-08-22 09:29:05,868 - INFO - composites.py:280 -         S2B_MSIL2A_20200707T092029_R093_T34SFH_20200912T092025
2025-08-22 09:29:06,340 - INFO - sentinel2.py:154 - Matplotlib backend: Agg
2025-08-22 09:29:06,798 - INFO - sentinel2.py:224 - Write input scenes footprint overlay: //nas-rs.topo.auth.gr/Latomeia/DROUGHT/COMPOS/2020/07/x09_y09/S2L2A_medcomp_x09_y09_202007_InDataFootprint.jpeg
2025-08-22 09:29:07,072 - INFO - composites.py:294 -                                  
2025-08-22 09:29:07,072 - INFO - composites.py:295 - Downstream STAC items from Planetary Computer
2025-08-22 09:29:07,072 - INFO - timeseries_processing.py:115 -                                  
2025-08-22 09:29:07,072 - INFO - timeseries_processing.py:116 - Loading bands of diferent resolutions in EPSG:32634
2025-08-22 09:29:07,072 - INFO - timeseries_processing.py:120 -     Filtering items with native UTM EPSG:32634
2025-08-22 09:29:07,073 - INFO - timeseries_processing.py:122 -     28 Items in EPSG:32634
2025-08-22 09:29:07,073 - INFO - timeseries_processing.py:129 -                        
2025-08-22 09:29:07,073 - INFO - timeseries_processing.py:130 -     Loading parameters:
2025-08-22 09:29:07,073 - INFO - timeseries_processing.py:131 -         Bands: ['B05', 'B07', 'B8A', 'SCL']
2025-08-22 09:29:07,073 - INFO - timeseries_processing.py:132 -         Spatial resolution: 20
2025-08-22 09:29:07,073 - INFO - timeseries_processing.py:134 -         Get Assets from STAC Items
2025-08-22 09:29:07,073 - INFO - timeseries_processing.py:47 -         Initialize the STAC client
2025-08-22 09:29:07,927 - INFO - timeseries_processing.py:137 -         Loading 28 STAC Items....
2025-08-22 09:30:43,429 - INFO - timeseries_processing.py:146 -         Cube has been downloaded
2025-08-22 09:30:43,429 - INFO - timeseries_processing.py:156 -         Fix order of dimensions
2025-08-22 09:30:43,430 - INFO - timeseries_processing.py:161 -         Append bands to the band-list of EPSG:32634
2025-08-22 09:30:43,435 - INFO - timeseries_processing.py:129 -                        
2025-08-22 09:30:43,435 - INFO - timeseries_processing.py:130 -     Loading parameters:
2025-08-22 09:30:43,435 - INFO - timeseries_processing.py:131 -         Bands: ['B02', 'B03', 'B04']
2025-08-22 09:30:43,436 - INFO - timeseries_processing.py:132 -         Spatial resolution: 10
2025-08-22 09:30:43,436 - INFO - timeseries_processing.py:134 -         Get Assets from STAC Items
2025-08-22 09:30:43,436 - INFO - timeseries_processing.py:47 -         Initialize the STAC client
2025-08-22 09:30:44,122 - INFO - timeseries_processing.py:137 -         Loading 28 STAC Items....
2025-08-22 09:33:33,292 - INFO - timeseries_processing.py:146 -         Cube has been downloaded
2025-08-22 09:33:33,292 - INFO - timeseries_processing.py:149 -         Reproject to downsample 10m bands to 20m by Resampling.average 2x2 binning and shape matching with odc.geo.GeoBox
2025-08-22 09:33:48,607 - INFO - timeseries_processing.py:161 -         Append bands to the band-list of EPSG:32634
2025-08-22 09:33:48,607 - INFO - timeseries_processing.py:165 -                        
2025-08-22 09:33:48,607 - INFO - timeseries_processing.py:166 -     Merging bands in a single dataset
2025-08-22 09:33:48,607 - INFO - timeseries_processing.py:167 -     Ensure all partial datasets are at (x=20, y=-20) resolution
2025-08-22 09:33:48,608 - INFO - timeseries_processing.py:171 -     Clip to the intersection of indexes
2025-08-22 09:33:49,924 - INFO - timeseries_processing.py:180 -     Make a list of bands to merge
2025-08-22 09:33:49,925 - INFO - timeseries_processing.py:184 -     Merge on intersection
2025-08-22 09:33:49,926 - INFO - timeseries_processing.py:192 -     Apply masks on clouds, shadows, thin cirrus, and snow/ice
2025-08-22 09:33:49,926 - INFO - sentinel2.py:122 -                Masking bits: [3, 7, 8, 9, 10, 11]
2025-08-22 09:33:51,308 - INFO - composites.py:304 - Reproject from UTM Zone to Tile geometry -> CRS(EPSG:32634), Resampling.bilinear
2025-08-22 09:33:58,546 - INFO - composites.py:307 -     New shape of datasets: Shape2d(x=2400, y=2400)
2025-08-22 09:33:59,181 - INFO - composites.py:339 - Creating preview plot of input scenes
2025-08-22 09:34:35,444 - INFO - timeseries_processing.py:349 - Saved preview for 'B04' to //nas-rs.topo.auth.gr/Latomeia/DROUGHT/COMPOS/2020/07/x09_y09/S2L2A_medcomp_x09_y09_202007_InDataPreview.jpeg
2025-08-22 09:34:35,451 - INFO - composites.py:345 - Clip value range
2025-08-22 09:34:37,606 - INFO - composites.py:350 -                           
2025-08-22 09:34:37,607 - INFO - composites.py:351 - Computing spectral indices:
2025-08-22 09:34:37,607 - INFO - composites.py:354 -     EVI...
2025-08-22 09:34:38,965 - INFO - composites.py:356 -     NDVI...
2025-08-22 09:34:39,302 - INFO - composites.py:358 -     PSRI2...
2025-08-22 09:34:39,732 - INFO - composites.py:361 - Clip to typical value range
2025-08-22 09:34:40,207 - INFO - composites.py:368 - Reducing to median value temporal composite
2025-08-22 09:35:08,485 - INFO - composites.py:387 - Define data types and nodata per band
2025-08-22 09:35:08,631 - INFO - composites.py:408 - Assign time range and tile ID in metadata
2025-08-22 09:35:08,633 - INFO - composites.py:416 - Write bands to raster COG files
2025-08-22 09:35:12,611 - INFO - composites.py:429 - Write B02 -> //nas-rs.topo.auth.gr/Latomeia/DROUGHT/COMPOS/2020/07/x09_y09/S2L2A_medcomp_x09_y09_202007_B02.tif
2025-08-22 09:35:17,063 - INFO - composites.py:429 - Write B03 -> //nas-rs.topo.auth.gr/Latomeia/DROUGHT/COMPOS/2020/07/x09_y09/S2L2A_medcomp_x09_y09_202007_B03.tif
2025-08-22 09:35:21,154 - INFO - composites.py:429 - Write B04 -> //nas-rs.topo.auth.gr/Latomeia/DROUGHT/COMPOS/2020/07/x09_y09/S2L2A_medcomp_x09_y09_202007_B04.tif
2025-08-22 09:35:25,145 - INFO - composites.py:429 - Write B05 -> //nas-rs.topo.auth.gr/Latomeia/DROUGHT/COMPOS/2020/07/x09_y09/S2L2A_medcomp_x09_y09_202007_B05.tif
2025-08-22 09:35:28,977 - INFO - composites.py:429 - Write B07 -> //nas-rs.topo.auth.gr/Latomeia/DROUGHT/COMPOS/2020/07/x09_y09/S2L2A_medcomp_x09_y09_202007_B07.tif
2025-08-22 09:35:33,081 - INFO - composites.py:429 - Write B8A -> //nas-rs.topo.auth.gr/Latomeia/DROUGHT/COMPOS/2020/07/x09_y09/S2L2A_medcomp_x09_y09_202007_B8A.tif
2025-08-22 09:35:36,849 - INFO - composites.py:429 - Write EVI -> //nas-rs.topo.auth.gr/Latomeia/DROUGHT/COMPOS/2020/07/x09_y09/S2L2A_medcomp_x09_y09_202007_evi.tif
2025-08-22 09:35:40,592 - INFO - composites.py:429 - Write NDVI -> //nas-rs.topo.auth.gr/Latomeia/DROUGHT/COMPOS/2020/07/x09_y09/S2L2A_medcomp_x09_y09_202007_ndvi.tif
2025-08-22 09:35:44,340 - INFO - composites.py:429 - Write PSRI2 -> //nas-rs.topo.auth.gr/Latomeia/DROUGHT/COMPOS/2020/07/x09_y09/S2L2A_medcomp_x09_y09_202007_psri2.tif
2025-08-22 09:35:44,341 - INFO - composites.py:433 - Prepare metadata YAML document
2025-08-22 09:35:45,417 - INFO - composites.py:454 - Write metadata YAML document to disk
2025-08-22 09:35:45,465 - INFO - composites.py:459 - Create datacube.model.Dataset from eo3 metadata
2025-08-22 09:35:45,473 - INFO - composites.py:470 - Index to datacube
2025-08-22 09:35:45,474 - INFO - _datasets.py:191 - Indexing 3ae6a767-71f2-4d1d-810f-0aeffaff8fc3
2025-08-22 09:35:45,482 - INFO - composites.py:473 - 
2025-08-22 09:35:45,482 - INFO - composites.py:474 -              ✔✔✔ COMPLETED: Tile x09_y09 | Time: 2020-07 | In 9.53 minutes
2025-08-22 09:35:45,482 - INFO - composites.py:475 - 
2025-08-22 09:35:45,482 - INFO - composites.py:483 - Closing Dask client
2025-08-22 09:35:45,483 - INFO - composites.py:487 - Closing Dask cluster
2025-08-22 09:35:45,484 - INFO - composites.py:488 - #######################################################################
