2025-08-29 00:10:10,927 - INFO - composites.py:102 - #######################################################################
2025-08-29 00:10:10,928 - INFO - composites.py:104 - Processing started
2025-08-29 00:10:10,928 - INFO - composites.py:105 -         Tile: x09_y09
2025-08-29 00:10:10,928 - INFO - composites.py:106 -         Time: 2021-07
2025-08-29 00:10:10,928 - INFO - composites.py:109 -                           
2025-08-29 00:10:10,928 - INFO - composites.py:110 - Establishing connection to datacube
2025-08-29 00:10:11,443 - INFO - composites.py:113 -                           
2025-08-29 00:10:11,443 - INFO - composites.py:114 - Sanity test: Check if dataset already exists in the datacube
2025-08-29 00:10:11,460 - INFO - composites.py:133 - The composite requested was not found and it will be computed
2025-08-29 00:10:11,460 - INFO - composites.py:136 -                                  
2025-08-29 00:10:11,460 - INFO - composites.py:137 - Initializing Dask cluster for parallelization
2025-08-29 00:10:16,619 - INFO - composites.py:161 - Dask dashboard is available at: http://127.0.0.1:8787/status
2025-08-29 00:10:16,619 - INFO - composites.py:164 - Create directories and naming conversions
2025-08-29 00:10:16,627 - INFO - composites.py:177 - Dataset location: //nas-rs.topo.auth.gr/Latomeia/DROUGHT/composites/x09/y09/2021/07/01
2025-08-29 00:10:16,628 - INFO - composites.py:180 -                           
2025-08-29 00:10:16,628 - INFO - composites.py:181 - Retrieve tile geometry
2025-08-29 00:10:16,656 - INFO - composites.py:192 - Create the Bounding Box (φ,λ)
2025-08-29 00:10:16,656 - INFO - composites.py:198 - Create the Bounding Box (x,y)
2025-08-29 00:10:16,656 - INFO - composites.py:211 -                           
2025-08-29 00:10:16,656 - INFO - composites.py:212 - Connect to Planetary Computer STAC Catalog
2025-08-29 00:10:16,993 - INFO - composites.py:220 - Search the STAC Catalog
2025-08-29 00:10:17,062 - INFO - composites.py:232 -         Query parameters:
2025-08-29 00:10:17,062 - INFO - composites.py:233 -             url:          https://planetarycomputer.microsoft.com/api/stac/v1/search
2025-08-29 00:10:17,062 - INFO - composites.py:234 -             client:       microsoft-pc
2025-08-29 00:10:17,062 - INFO - composites.py:235 -             collection:   sentinel-2-l2a
2025-08-29 00:10:17,062 - INFO - composites.py:236 -             bbox:         (21.85970105220835, 37.36314648137922, 22.52163347994685, 37.9118519319046)
2025-08-29 00:10:17,062 - INFO - composites.py:237 -             time range:   2021-07-01T00:00:00Z/2021-07-31T23:59:59Z
2025-08-29 00:10:17,062 - INFO - composites.py:238 -             cloud cover:  0% - 70%
2025-08-29 00:10:17,062 - INFO - composites.py:239 -             nodata cover: 0% - 33%
2025-08-29 00:10:17,062 - INFO - composites.py:241 -                           
2025-08-29 00:10:17,062 - INFO - composites.py:242 - Searching...
2025-08-29 00:10:17,627 - INFO - composites.py:245 - Query found 30 items
2025-08-29 00:10:17,628 - INFO - composites.py:247 - Searching for GRI REFINED scenes:
2025-08-29 00:10:23,466 - INFO - sentinel2.py:78 - 1/30 - S2B_MSIL2A_20210729T090559_R050_T34SFG_20210802T044220 -> REFINED
2025-08-29 00:10:29,591 - INFO - sentinel2.py:78 - 2/30 - S2A_MSIL2A_20210727T092031_R093_T34SFH_20210727T204310 -> REFINED
2025-08-29 00:10:35,089 - INFO - sentinel2.py:78 - 3/30 - S2A_MSIL2A_20210727T092031_R093_T34SFG_20210727T195913 -> REFINED
2025-08-29 00:10:40,265 - INFO - sentinel2.py:78 - 4/30 - S2A_MSIL2A_20210727T092031_R093_T34SEH_20210727T211009 -> REFINED
2025-08-29 00:10:45,245 - INFO - sentinel2.py:78 - 5/30 - S2A_MSIL2A_20210727T092031_R093_T34SEG_20210727T193434 -> REFINED
2025-08-29 00:10:51,574 - INFO - sentinel2.py:78 - 6/30 - S2A_MSIL2A_20210724T090601_R050_T34SFG_20210724T195113 -> REFINED
2025-08-29 00:10:56,720 - INFO - sentinel2.py:78 - 7/30 - S2B_MSIL2A_20210722T092029_R093_T34SFH_20210722T205904 -> REFINED
2025-08-29 00:11:02,260 - INFO - sentinel2.py:78 - 8/30 - S2B_MSIL2A_20210722T092029_R093_T34SFG_20210722T200538 -> REFINED
2025-08-29 00:11:08,049 - INFO - sentinel2.py:78 - 9/30 - S2B_MSIL2A_20210722T092029_R093_T34SEH_20210722T191950 -> REFINED
2025-08-29 00:11:14,764 - INFO - sentinel2.py:78 - 10/30 - S2B_MSIL2A_20210722T092029_R093_T34SEG_20210722T195429 -> REFINED
2025-08-29 00:11:19,999 - INFO - sentinel2.py:78 - 11/30 - S2B_MSIL2A_20210719T090559_R050_T34SFG_20210719T183441 -> REFINED
2025-08-29 00:11:25,809 - INFO - sentinel2.py:78 - 12/30 - S2A_MSIL2A_20210717T092031_R093_T34SFH_20210717T211415 -> REFINED
2025-08-29 00:11:31,978 - INFO - sentinel2.py:78 - 13/30 - S2A_MSIL2A_20210717T092031_R093_T34SFG_20210717T220738 -> REFINED
2025-08-29 00:11:36,985 - INFO - sentinel2.py:78 - 14/30 - S2A_MSIL2A_20210717T092031_R093_T34SEH_20210717T224240 -> REFINED
2025-08-29 00:11:41,891 - INFO - sentinel2.py:78 - 15/30 - S2A_MSIL2A_20210717T092031_R093_T34SEG_20210717T223633 -> REFINED
2025-08-29 00:11:47,644 - INFO - sentinel2.py:78 - 16/30 - S2A_MSIL2A_20210714T090601_R050_T34SFG_20210714T223955 -> REFINED
2025-08-29 00:11:53,163 - INFO - sentinel2.py:78 - 17/30 - S2B_MSIL2A_20210712T092029_R093_T34SFH_20210712T192320 -> REFINED
2025-08-29 00:11:59,083 - INFO - sentinel2.py:78 - 18/30 - S2B_MSIL2A_20210712T092029_R093_T34SFG_20210712T192945 -> REFINED
2025-08-29 00:12:04,572 - INFO - sentinel2.py:78 - 19/30 - S2B_MSIL2A_20210712T092029_R093_T34SEH_20210712T192255 -> REFINED
2025-08-29 00:12:10,655 - INFO - sentinel2.py:78 - 20/30 - S2B_MSIL2A_20210712T092029_R093_T34SEG_20210712T193002 -> REFINED
2025-08-29 00:12:15,790 - INFO - sentinel2.py:78 - 21/30 - S2B_MSIL2A_20210709T090559_R050_T34SFG_20210710T011445 -> REFINED
2025-08-29 00:12:21,911 - INFO - sentinel2.py:78 - 22/30 - S2A_MSIL2A_20210707T092031_R093_T34SFH_20210708T002439 -> REFINED
2025-08-29 00:12:27,841 - INFO - sentinel2.py:78 - 23/30 - S2A_MSIL2A_20210707T092031_R093_T34SFG_20210708T021009 -> REFINED
2025-08-29 00:12:33,836 - INFO - sentinel2.py:78 - 24/30 - S2A_MSIL2A_20210707T092031_R093_T34SEH_20210708T024146 -> REFINED
2025-08-29 00:12:39,466 - INFO - sentinel2.py:78 - 25/30 - S2A_MSIL2A_20210707T092031_R093_T34SEG_20210708T002329 -> REFINED
2025-08-29 00:12:45,002 - INFO - sentinel2.py:78 - 26/30 - S2A_MSIL2A_20210704T090601_R050_T34SFG_20210704T230605 -> REFINED
2025-08-29 00:12:50,058 - INFO - sentinel2.py:78 - 27/30 - S2B_MSIL2A_20210702T092029_R093_T34SFH_20210702T230708 -> REFINED
2025-08-29 00:12:56,119 - INFO - sentinel2.py:78 - 28/30 - S2B_MSIL2A_20210702T092029_R093_T34SFG_20210702T234801 -> REFINED
2025-08-29 00:13:01,277 - INFO - sentinel2.py:78 - 29/30 - S2B_MSIL2A_20210702T092029_R093_T34SEH_20210702T214249 -> REFINED
2025-08-29 00:13:07,300 - INFO - sentinel2.py:78 - 30/30 - S2B_MSIL2A_20210702T092029_R093_T34SEG_20210703T000023 -> REFINED
2025-08-29 00:13:07,348 - INFO - composites.py:250 -                                  
2025-08-29 00:13:07,348 - INFO - composites.py:251 - 30/30 were refined by GRI.
2025-08-29 00:13:07,348 - INFO - composites.py:263 - Looking for up to 10 cleanest images within spatiotemporal range of each MGRS tile
2025-08-29 00:13:07,350 - INFO - composites.py:277 - Filtered cleanest scenes: Kept 28 out of 30 items. 
2025-08-29 00:13:07,350 - INFO - composites.py:278 -         Included MGRS Tiles: ['34SEG' '34SEH' '34SFG' '34SFH']
2025-08-29 00:13:07,350 - INFO - composites.py:279 -         Included EPSG codes: [32634]
2025-08-29 00:13:07,350 - INFO - composites.py:281 - Selected scenes:
2025-08-29 00:13:07,365 - INFO - composites.py:283 -         S2A_MSIL2A_20210727T092031_R093_T34SEG_20210727T193434
2025-08-29 00:13:07,370 - INFO - composites.py:283 -         S2A_MSIL2A_20210717T092031_R093_T34SEG_20210717T223633
2025-08-29 00:13:07,370 - INFO - composites.py:283 -         S2B_MSIL2A_20210712T092029_R093_T34SEG_20210712T193002
2025-08-29 00:13:07,370 - INFO - composites.py:283 -         S2A_MSIL2A_20210707T092031_R093_T34SEG_20210708T002329
2025-08-29 00:13:07,371 - INFO - composites.py:283 -         S2B_MSIL2A_20210722T092029_R093_T34SEG_20210722T195429
2025-08-29 00:13:07,371 - INFO - composites.py:283 -         S2B_MSIL2A_20210702T092029_R093_T34SEG_20210703T000023
2025-08-29 00:13:07,371 - INFO - composites.py:283 -         S2A_MSIL2A_20210727T092031_R093_T34SEH_20210727T211009
2025-08-29 00:13:07,371 - INFO - composites.py:283 -         S2A_MSIL2A_20210717T092031_R093_T34SEH_20210717T224240
2025-08-29 00:13:07,372 - INFO - composites.py:283 -         S2B_MSIL2A_20210712T092029_R093_T34SEH_20210712T192255
2025-08-29 00:13:07,372 - INFO - composites.py:283 -         S2A_MSIL2A_20210707T092031_R093_T34SEH_20210708T024146
2025-08-29 00:13:07,372 - INFO - composites.py:283 -         S2B_MSIL2A_20210722T092029_R093_T34SEH_20210722T191950
2025-08-29 00:13:07,372 - INFO - composites.py:283 -         S2B_MSIL2A_20210702T092029_R093_T34SEH_20210702T214249
2025-08-29 00:13:07,372 - INFO - composites.py:283 -         S2B_MSIL2A_20210729T090559_R050_T34SFG_20210802T044220
2025-08-29 00:13:07,372 - INFO - composites.py:283 -         S2A_MSIL2A_20210727T092031_R093_T34SFG_20210727T195913
2025-08-29 00:13:07,372 - INFO - composites.py:283 -         S2A_MSIL2A_20210714T090601_R050_T34SFG_20210714T223955
2025-08-29 00:13:07,372 - INFO - composites.py:283 -         S2B_MSIL2A_20210709T090559_R050_T34SFG_20210710T011445
2025-08-29 00:13:07,372 - INFO - composites.py:283 -         S2A_MSIL2A_20210724T090601_R050_T34SFG_20210724T195113
2025-08-29 00:13:07,372 - INFO - composites.py:283 -         S2B_MSIL2A_20210719T090559_R050_T34SFG_20210719T183441
2025-08-29 00:13:07,372 - INFO - composites.py:283 -         S2A_MSIL2A_20210704T090601_R050_T34SFG_20210704T230605
2025-08-29 00:13:07,372 - INFO - composites.py:283 -         S2A_MSIL2A_20210717T092031_R093_T34SFG_20210717T220738
2025-08-29 00:13:07,372 - INFO - composites.py:283 -         S2B_MSIL2A_20210712T092029_R093_T34SFG_20210712T192945
2025-08-29 00:13:07,372 - INFO - composites.py:283 -         S2B_MSIL2A_20210702T092029_R093_T34SFG_20210702T234801
2025-08-29 00:13:07,372 - INFO - composites.py:283 -         S2A_MSIL2A_20210727T092031_R093_T34SFH_20210727T204310
2025-08-29 00:13:07,372 - INFO - composites.py:283 -         S2A_MSIL2A_20210717T092031_R093_T34SFH_20210717T211415
2025-08-29 00:13:07,372 - INFO - composites.py:283 -         S2B_MSIL2A_20210712T092029_R093_T34SFH_20210712T192320
2025-08-29 00:13:07,372 - INFO - composites.py:283 -         S2A_MSIL2A_20210707T092031_R093_T34SFH_20210708T002439
2025-08-29 00:13:07,372 - INFO - composites.py:283 -         S2B_MSIL2A_20210722T092029_R093_T34SFH_20210722T205904
2025-08-29 00:13:07,372 - INFO - composites.py:283 -         S2B_MSIL2A_20210702T092029_R093_T34SFH_20210702T230708
2025-08-29 00:13:07,842 - INFO - sentinel2.py:154 - Matplotlib backend: Agg
2025-08-29 00:13:08,102 - INFO - sentinel2.py:224 - Write input scenes footprint overlay: //nas-rs.topo.auth.gr/Latomeia/DROUGHT/composites/x09/y09/2021/07/01/S2L2A_medcomp_x09y09_202107_InDataFootprint.jpeg
2025-08-29 00:13:08,344 - INFO - composites.py:297 -                                  
2025-08-29 00:13:08,344 - INFO - composites.py:298 - Downstream STAC items from Planetary Computer
2025-08-29 00:13:08,344 - INFO - timeseries_processing.py:115 -                                  
2025-08-29 00:13:08,344 - INFO - timeseries_processing.py:116 - Loading bands of diferent resolutions in EPSG:32634
2025-08-29 00:13:08,345 - INFO - timeseries_processing.py:120 -     Filtering items with native UTM EPSG:32634
2025-08-29 00:13:08,345 - INFO - timeseries_processing.py:122 -     28 Items in EPSG:32634
2025-08-29 00:13:08,345 - INFO - timeseries_processing.py:129 -                        
2025-08-29 00:13:08,345 - INFO - timeseries_processing.py:130 -     Loading parameters:
2025-08-29 00:13:08,345 - INFO - timeseries_processing.py:131 -         Bands: ['B05', 'B07', 'B8A', 'SCL']
2025-08-29 00:13:08,345 - INFO - timeseries_processing.py:132 -         Spatial resolution: 20
2025-08-29 00:13:08,345 - INFO - timeseries_processing.py:134 -         Get Assets from STAC Items
2025-08-29 00:13:08,345 - INFO - timeseries_processing.py:47 -         Initialize the STAC client
2025-08-29 00:13:08,977 - INFO - timeseries_processing.py:137 -         Loading 28 STAC Items....
2025-08-29 00:14:41,336 - INFO - timeseries_processing.py:146 -         Cube has been downloaded
2025-08-29 00:14:41,336 - INFO - timeseries_processing.py:156 -         Fix order of dimensions
2025-08-29 00:14:41,337 - INFO - timeseries_processing.py:161 -         Append bands to the band-list of EPSG:32634
2025-08-29 00:14:41,337 - INFO - timeseries_processing.py:129 -                        
2025-08-29 00:14:41,337 - INFO - timeseries_processing.py:130 -     Loading parameters:
2025-08-29 00:14:41,339 - INFO - timeseries_processing.py:131 -         Bands: ['B02', 'B03', 'B04']
2025-08-29 00:14:41,339 - INFO - timeseries_processing.py:132 -         Spatial resolution: 10
2025-08-29 00:14:41,339 - INFO - timeseries_processing.py:134 -         Get Assets from STAC Items
2025-08-29 00:14:41,339 - INFO - timeseries_processing.py:47 -         Initialize the STAC client
2025-08-29 00:14:41,973 - INFO - timeseries_processing.py:137 -         Loading 28 STAC Items....
2025-08-29 00:17:19,494 - INFO - timeseries_processing.py:146 -         Cube has been downloaded
2025-08-29 00:17:19,503 - INFO - timeseries_processing.py:149 -         Reproject to downsample 10m bands to 20m by Resampling.average 2x2 binning and shape matching with odc.geo.GeoBox
2025-08-29 00:17:35,129 - INFO - timeseries_processing.py:161 -         Append bands to the band-list of EPSG:32634
2025-08-29 00:17:35,130 - INFO - timeseries_processing.py:165 -                        
2025-08-29 00:17:35,130 - INFO - timeseries_processing.py:166 -     Merging bands in a single dataset
2025-08-29 00:17:35,130 - INFO - timeseries_processing.py:167 -     Ensure all partial datasets are at (x=20, y=-20) resolution
2025-08-29 00:17:35,130 - INFO - timeseries_processing.py:171 -     Clip to the intersection of indexes
2025-08-29 00:17:36,441 - INFO - timeseries_processing.py:180 -     Make a list of bands to merge
2025-08-29 00:17:36,442 - INFO - timeseries_processing.py:184 -     Merge on intersection
2025-08-29 00:17:36,443 - INFO - timeseries_processing.py:192 -     Apply masks on clouds, shadows, thin cirrus, and snow/ice
2025-08-29 00:17:36,449 - INFO - sentinel2.py:122 -                Masking bits: [3, 7, 8, 9, 10, 11]
2025-08-29 00:17:37,887 - INFO - composites.py:307 - Reproject from UTM Zone to Tile geometry -> CRS(EPSG:32634), Resampling.bilinear
2025-08-29 00:17:45,963 - INFO - composites.py:310 -     New shape of datasets: Shape2d(x=2400, y=2400)
2025-08-29 00:17:46,626 - INFO - composites.py:342 - Creating preview plot of input scenes
2025-08-29 00:18:24,336 - INFO - timeseries_processing.py:349 - Saved preview for 'B04' to //nas-rs.topo.auth.gr/Latomeia/DROUGHT/composites/x09/y09/2021/07/01/S2L2A_medcomp_x09y09_202107_InDataPreview.jpeg
2025-08-29 00:18:24,347 - INFO - composites.py:348 - Clip value range
2025-08-29 00:18:26,882 - INFO - composites.py:353 -                           
2025-08-29 00:18:26,882 - INFO - composites.py:354 - Computing spectral indices:
2025-08-29 00:18:26,882 - INFO - composites.py:357 -     EVI...
2025-08-29 00:18:28,311 - INFO - composites.py:359 -     NDVI...
2025-08-29 00:18:28,833 - INFO - composites.py:361 -     PSRI2...
2025-08-29 00:18:29,176 - INFO - composites.py:364 - Clip to typical value range
2025-08-29 00:18:29,597 - INFO - composites.py:371 - Reducing to median value temporal composite
2025-08-29 00:18:57,693 - INFO - composites.py:390 - Scale and Define data types & nodata per band
2025-08-29 00:18:57,901 - INFO - composites.py:411 - Assign time range and tile ID in metadata
2025-08-29 00:18:57,901 - INFO - composites.py:419 - Write bands to raster COG files
2025-08-29 00:19:01,901 - INFO - composites.py:432 - Write B02 -> //nas-rs.topo.auth.gr/Latomeia/DROUGHT/composites/x09/y09/2021/07/01/S2L2A_medcomp_x09y09_202107_B02.tif
2025-08-29 00:19:06,017 - INFO - composites.py:432 - Write B03 -> //nas-rs.topo.auth.gr/Latomeia/DROUGHT/composites/x09/y09/2021/07/01/S2L2A_medcomp_x09y09_202107_B03.tif
2025-08-29 00:19:09,942 - INFO - composites.py:432 - Write B04 -> //nas-rs.topo.auth.gr/Latomeia/DROUGHT/composites/x09/y09/2021/07/01/S2L2A_medcomp_x09y09_202107_B04.tif
2025-08-29 00:19:14,181 - INFO - composites.py:432 - Write B05 -> //nas-rs.topo.auth.gr/Latomeia/DROUGHT/composites/x09/y09/2021/07/01/S2L2A_medcomp_x09y09_202107_B05.tif
2025-08-29 00:19:18,141 - INFO - composites.py:432 - Write B07 -> //nas-rs.topo.auth.gr/Latomeia/DROUGHT/composites/x09/y09/2021/07/01/S2L2A_medcomp_x09y09_202107_B07.tif
2025-08-29 00:19:22,076 - INFO - composites.py:432 - Write B8A -> //nas-rs.topo.auth.gr/Latomeia/DROUGHT/composites/x09/y09/2021/07/01/S2L2A_medcomp_x09y09_202107_B8A.tif
2025-08-29 00:19:25,994 - INFO - composites.py:432 - Write EVI -> //nas-rs.topo.auth.gr/Latomeia/DROUGHT/composites/x09/y09/2021/07/01/S2L2A_medcomp_x09y09_202107_EVI.tif
2025-08-29 00:19:30,757 - INFO - composites.py:432 - Write NDVI -> //nas-rs.topo.auth.gr/Latomeia/DROUGHT/composites/x09/y09/2021/07/01/S2L2A_medcomp_x09y09_202107_NDVI.tif
2025-08-29 00:19:34,657 - INFO - composites.py:432 - Write PSRI2 -> //nas-rs.topo.auth.gr/Latomeia/DROUGHT/composites/x09/y09/2021/07/01/S2L2A_medcomp_x09y09_202107_PSRI2.tif
2025-08-29 00:19:34,657 - INFO - composites.py:436 - Prepare metadata YAML document
2025-08-29 00:19:35,178 - INFO - composites.py:458 - Write metadata YAML document to disk
2025-08-29 00:19:35,236 - INFO - composites.py:463 - Create datacube.model.Dataset from eo3 metadata
2025-08-29 00:19:35,248 - INFO - composites.py:476 - Index to datacube
2025-08-29 00:19:35,248 - INFO - _datasets.py:191 - Indexing 1cf5a7aa-103c-4e3a-9190-336641dc7891
2025-08-29 00:19:35,256 - INFO - composites.py:479 - 
2025-08-29 00:19:35,256 - INFO - composites.py:480 -              ✔✔✔ COMPLETED: Tile x09_y09 | Time: 2021-07 | In 9.41 minutes
2025-08-29 00:19:35,256 - INFO - composites.py:481 - 
2025-08-29 00:19:35,256 - INFO - composites.py:489 - Closing Dask client
2025-08-29 00:19:35,258 - INFO - composites.py:493 - Closing Dask cluster
2025-08-29 00:19:35,258 - INFO - composites.py:494 - #######################################################################
