2025-08-27 03:13:44,789 - INFO - composites.py:102 - #######################################################################
2025-08-27 03:13:44,790 - INFO - composites.py:104 - Processing started
2025-08-27 03:13:44,790 - INFO - composites.py:105 -         Tile: x08_y10
2025-08-27 03:13:44,790 - INFO - composites.py:106 -         Time: 2021-02
2025-08-27 03:13:44,790 - INFO - composites.py:109 -                           
2025-08-27 03:13:44,790 - INFO - composites.py:110 - Establishing connection to datacube
2025-08-27 03:13:45,313 - INFO - composites.py:113 -                           
2025-08-27 03:13:45,314 - INFO - composites.py:114 - Sanity test: Check if dataset already exists in the datacube
2025-08-27 03:13:45,331 - INFO - composites.py:133 - The composite requested was not found and it will be computed
2025-08-27 03:13:45,331 - INFO - composites.py:136 -                                  
2025-08-27 03:13:45,331 - INFO - composites.py:137 - Initializing Dask cluster for parallelization
2025-08-27 03:13:50,472 - INFO - composites.py:161 - Dask dashboard is available at: http://127.0.0.1:8787/status
2025-08-27 03:13:50,474 - INFO - composites.py:164 - Create directories and naming conversions
2025-08-27 03:13:50,485 - INFO - composites.py:177 - Dataset location: //nas-rs.topo.auth.gr/Latomeia/DROUGHT/composites/x08/y10/2021/02/01
2025-08-27 03:13:50,485 - INFO - composites.py:180 -                           
2025-08-27 03:13:50,485 - INFO - composites.py:181 - Retrieve tile geometry
2025-08-27 03:13:50,527 - INFO - composites.py:192 - Create the Bounding Box (φ,λ)
2025-08-27 03:13:50,527 - INFO - composites.py:198 - Create the Bounding Box (x,y)
2025-08-27 03:13:50,528 - INFO - composites.py:211 -                           
2025-08-27 03:13:50,528 - INFO - composites.py:212 - Connect to Planetary Computer STAC Catalog
2025-08-27 03:13:50,742 - INFO - composites.py:220 - Search the STAC Catalog
2025-08-27 03:13:50,812 - INFO - composites.py:232 -         Query parameters:
2025-08-27 03:13:50,812 - INFO - composites.py:233 -             url:          https://planetarycomputer.microsoft.com/api/stac/v1/search
2025-08-27 03:13:50,812 - INFO - composites.py:234 -             client:       microsoft-pc
2025-08-27 03:13:50,812 - INFO - composites.py:235 -             collection:   sentinel-2-l2a
2025-08-27 03:13:50,812 - INFO - composites.py:236 -             bbox:         (21.39721400014901, 37.8618519319046, 22.06142649589928, 38.40819969704171)
2025-08-27 03:13:50,812 - INFO - composites.py:237 -             time range:   2021-02-01T00:00:00Z/2021-02-28T23:59:59Z
2025-08-27 03:13:50,812 - INFO - composites.py:238 -             cloud cover:  0% - 70%
2025-08-27 03:13:50,812 - INFO - composites.py:239 -             nodata cover: 0% - 33%
2025-08-27 03:13:50,812 - INFO - composites.py:241 -                           
2025-08-27 03:13:50,812 - INFO - composites.py:242 - Searching...
2025-08-27 03:13:51,242 - INFO - composites.py:245 - Query found 10 items
2025-08-27 03:13:51,242 - INFO - composites.py:247 - Searching for GRI REFINED scenes:
2025-08-27 03:13:59,696 - INFO - sentinel2.py:78 - 1/10 - S2A_MSIL2A_20210227T092031_R093_T34SEH_20210227T195821 -> Not Found
2025-08-27 03:14:08,739 - INFO - sentinel2.py:78 - 2/10 - S2A_MSIL2A_20210227T092031_R093_T34SEG_20210227T194420 -> Not Found
2025-08-27 03:14:17,570 - INFO - sentinel2.py:78 - 3/10 - S2B_MSIL2A_20210222T092029_R093_T34SEH_20210222T211250 -> Not Found
2025-08-27 03:14:26,606 - INFO - sentinel2.py:78 - 4/10 - S2B_MSIL2A_20210222T092029_R093_T34SEG_20210222T215258 -> Not Found
2025-08-27 03:14:35,318 - INFO - sentinel2.py:78 - 5/10 - S2A_MSIL2A_20210217T092041_R093_T34SEH_20210219T062013 -> Not Found
2025-08-27 03:14:43,608 - INFO - sentinel2.py:78 - 6/10 - S2A_MSIL2A_20210217T092041_R093_T34SEG_20210219T064803 -> Not Found
2025-08-27 03:14:52,236 - INFO - sentinel2.py:78 - 7/10 - S2B_MSIL2A_20210212T092029_R093_T34SEH_20210213T032300 -> Not Found
2025-08-27 03:15:00,034 - INFO - sentinel2.py:78 - 8/10 - S2B_MSIL2A_20210212T092029_R093_T34SEG_20210213T023754 -> Not Found
2025-08-27 03:15:09,630 - INFO - sentinel2.py:78 - 9/10 - S2A_MSIL2A_20210207T092141_R093_T34SEH_20210207T191103 -> Not Found
2025-08-27 03:15:18,020 - INFO - sentinel2.py:78 - 10/10 - S2A_MSIL2A_20210207T092141_R093_T34SEG_20210211T132400 -> Not Found
2025-08-27 03:15:18,110 - INFO - composites.py:250 -                                  
2025-08-27 03:15:18,115 - INFO - composites.py:251 - 0/10 were refined by GRI.
2025-08-27 03:15:18,116 - WARNING - composites.py:255 - Tile x08_y10 | Time: 2021-02: All scenes are flagged NOT REFINED.
2025-08-27 03:15:18,116 - WARNING - composites.py:256 - Tile x08_y10 | Time: 2021-02: The composite will be flagged with _NOREFINED.
2025-08-27 03:15:18,116 - INFO - composites.py:263 - Looking for up to 10 cleanest images within spatiotemporal range of each MGRS tile
2025-08-27 03:15:18,116 - INFO - composites.py:277 - Filtered cleanest scenes: Kept 10 out of 10 items. 
2025-08-27 03:15:18,117 - INFO - composites.py:278 -         Included MGRS Tiles: ['34SEG' '34SEH']
2025-08-27 03:15:18,118 - INFO - composites.py:279 -         Included EPSG codes: [32634]
2025-08-27 03:15:18,118 - INFO - composites.py:281 - Selected scenes:
2025-08-27 03:15:18,118 - INFO - composites.py:283 -         S2A_MSIL2A_20210227T092031_R093_T34SEG_20210227T194420
2025-08-27 03:15:18,118 - INFO - composites.py:283 -         S2A_MSIL2A_20210217T092041_R093_T34SEG_20210219T064803
2025-08-27 03:15:18,118 - INFO - composites.py:283 -         S2B_MSIL2A_20210222T092029_R093_T34SEG_20210222T215258
2025-08-27 03:15:18,118 - INFO - composites.py:283 -         S2B_MSIL2A_20210212T092029_R093_T34SEG_20210213T023754
2025-08-27 03:15:18,119 - INFO - composites.py:283 -         S2A_MSIL2A_20210207T092141_R093_T34SEG_20210211T132400
2025-08-27 03:15:18,119 - INFO - composites.py:283 -         S2A_MSIL2A_20210227T092031_R093_T34SEH_20210227T195821
2025-08-27 03:15:18,119 - INFO - composites.py:283 -         S2A_MSIL2A_20210217T092041_R093_T34SEH_20210219T062013
2025-08-27 03:15:18,119 - INFO - composites.py:283 -         S2B_MSIL2A_20210222T092029_R093_T34SEH_20210222T211250
2025-08-27 03:15:18,119 - INFO - composites.py:283 -         S2B_MSIL2A_20210212T092029_R093_T34SEH_20210213T032300
2025-08-27 03:15:18,119 - INFO - composites.py:283 -         S2A_MSIL2A_20210207T092141_R093_T34SEH_20210207T191103
2025-08-27 03:15:18,472 - INFO - sentinel2.py:154 - Matplotlib backend: Agg
2025-08-27 03:15:18,630 - INFO - sentinel2.py:224 - Write input scenes footprint overlay: //nas-rs.topo.auth.gr/Latomeia/DROUGHT/composites/x08/y10/2021/02/01/S2L2A_medcomp_x08y10_202102_InDataFootprint.jpeg
2025-08-27 03:15:18,837 - INFO - composites.py:297 -                                  
2025-08-27 03:15:18,837 - INFO - composites.py:298 - Downstream STAC items from Planetary Computer
2025-08-27 03:15:18,837 - INFO - timeseries_processing.py:115 -                                  
2025-08-27 03:15:18,837 - INFO - timeseries_processing.py:116 - Loading bands of diferent resolutions in EPSG:32634
2025-08-27 03:15:18,837 - INFO - timeseries_processing.py:120 -     Filtering items with native UTM EPSG:32634
2025-08-27 03:15:18,837 - INFO - timeseries_processing.py:122 -     10 Items in EPSG:32634
2025-08-27 03:15:18,837 - INFO - timeseries_processing.py:129 -                        
2025-08-27 03:15:18,837 - INFO - timeseries_processing.py:130 -     Loading parameters:
2025-08-27 03:15:18,837 - INFO - timeseries_processing.py:131 -         Bands: ['B05', 'B07', 'B8A', 'SCL']
2025-08-27 03:15:18,838 - INFO - timeseries_processing.py:132 -         Spatial resolution: 20
2025-08-27 03:15:18,838 - INFO - timeseries_processing.py:134 -         Get Assets from STAC Items
2025-08-27 03:15:18,838 - INFO - timeseries_processing.py:47 -         Initialize the STAC client
2025-08-27 03:15:19,438 - INFO - timeseries_processing.py:137 -         Loading 10 STAC Items....
2025-08-27 03:16:05,320 - INFO - timeseries_processing.py:146 -         Cube has been downloaded
2025-08-27 03:16:05,320 - INFO - timeseries_processing.py:156 -         Fix order of dimensions
2025-08-27 03:16:05,322 - INFO - timeseries_processing.py:161 -         Append bands to the band-list of EPSG:32634
2025-08-27 03:16:05,322 - INFO - timeseries_processing.py:129 -                        
2025-08-27 03:16:05,322 - INFO - timeseries_processing.py:130 -     Loading parameters:
2025-08-27 03:16:05,323 - INFO - timeseries_processing.py:131 -         Bands: ['B02', 'B03', 'B04']
2025-08-27 03:16:05,323 - INFO - timeseries_processing.py:132 -         Spatial resolution: 10
2025-08-27 03:16:05,323 - INFO - timeseries_processing.py:134 -         Get Assets from STAC Items
2025-08-27 03:16:05,323 - INFO - timeseries_processing.py:47 -         Initialize the STAC client
2025-08-27 03:16:05,834 - INFO - timeseries_processing.py:137 -         Loading 10 STAC Items....
2025-08-27 03:17:03,079 - INFO - timeseries_processing.py:146 -         Cube has been downloaded
2025-08-27 03:17:03,079 - INFO - timeseries_processing.py:149 -         Reproject to downsample 10m bands to 20m by Resampling.average 2x2 binning and shape matching with odc.geo.GeoBox
2025-08-27 03:17:10,329 - INFO - timeseries_processing.py:161 -         Append bands to the band-list of EPSG:32634
2025-08-27 03:17:10,329 - INFO - timeseries_processing.py:165 -                        
2025-08-27 03:17:10,329 - INFO - timeseries_processing.py:166 -     Merging bands in a single dataset
2025-08-27 03:17:10,329 - INFO - timeseries_processing.py:167 -     Ensure all partial datasets are at (x=20, y=-20) resolution
2025-08-27 03:17:10,330 - INFO - timeseries_processing.py:171 -     Clip to the intersection of indexes
2025-08-27 03:17:11,549 - INFO - timeseries_processing.py:180 -     Make a list of bands to merge
2025-08-27 03:17:11,550 - INFO - timeseries_processing.py:184 -     Merge on intersection
2025-08-27 03:17:11,551 - INFO - timeseries_processing.py:192 -     Apply masks on clouds, shadows, thin cirrus, and snow/ice
2025-08-27 03:17:11,551 - INFO - sentinel2.py:122 -                Masking bits: [3, 7, 8, 9, 10, 11]
2025-08-27 03:17:12,140 - INFO - composites.py:307 - Reproject from UTM Zone to Tile geometry -> CRS(EPSG:32634), Resampling.bilinear
2025-08-27 03:17:15,462 - INFO - composites.py:310 -     New shape of datasets: Shape2d(x=2400, y=2400)
2025-08-27 03:17:16,054 - INFO - composites.py:342 - Creating preview plot of input scenes
2025-08-27 03:17:38,782 - INFO - timeseries_processing.py:349 - Saved preview for 'B04' to //nas-rs.topo.auth.gr/Latomeia/DROUGHT/composites/x08/y10/2021/02/01/S2L2A_medcomp_x08y10_202102_InDataPreview.jpeg
2025-08-27 03:17:38,785 - INFO - composites.py:348 - Clip value range
2025-08-27 03:17:39,779 - INFO - composites.py:353 -                           
2025-08-27 03:17:39,779 - INFO - composites.py:354 - Computing spectral indices:
2025-08-27 03:17:39,779 - INFO - composites.py:357 -     EVI...
2025-08-27 03:17:40,430 - INFO - composites.py:359 -     NDVI...
2025-08-27 03:17:40,626 - INFO - composites.py:361 -     PSRI2...
2025-08-27 03:17:40,759 - INFO - composites.py:364 - Clip to typical value range
2025-08-27 03:17:41,033 - INFO - composites.py:371 - Reducing to median value temporal composite
2025-08-27 03:18:05,971 - INFO - composites.py:390 - Scale and Define data types & nodata per band
2025-08-27 03:18:06,107 - INFO - composites.py:411 - Assign time range and tile ID in metadata
2025-08-27 03:18:06,107 - INFO - composites.py:419 - Write bands to raster COG files
2025-08-27 03:18:09,989 - INFO - composites.py:432 - Write B02 -> //nas-rs.topo.auth.gr/Latomeia/DROUGHT/composites/x08/y10/2021/02/01/S2L2A_medcomp_x08y10_202102_B02.tif
2025-08-27 03:18:13,853 - INFO - composites.py:432 - Write B03 -> //nas-rs.topo.auth.gr/Latomeia/DROUGHT/composites/x08/y10/2021/02/01/S2L2A_medcomp_x08y10_202102_B03.tif
2025-08-27 03:18:17,737 - INFO - composites.py:432 - Write B04 -> //nas-rs.topo.auth.gr/Latomeia/DROUGHT/composites/x08/y10/2021/02/01/S2L2A_medcomp_x08y10_202102_B04.tif
2025-08-27 03:18:21,667 - INFO - composites.py:432 - Write B05 -> //nas-rs.topo.auth.gr/Latomeia/DROUGHT/composites/x08/y10/2021/02/01/S2L2A_medcomp_x08y10_202102_B05.tif
2025-08-27 03:18:25,534 - INFO - composites.py:432 - Write B07 -> //nas-rs.topo.auth.gr/Latomeia/DROUGHT/composites/x08/y10/2021/02/01/S2L2A_medcomp_x08y10_202102_B07.tif
2025-08-27 03:18:29,415 - INFO - composites.py:432 - Write B8A -> //nas-rs.topo.auth.gr/Latomeia/DROUGHT/composites/x08/y10/2021/02/01/S2L2A_medcomp_x08y10_202102_B8A.tif
2025-08-27 03:18:33,211 - INFO - composites.py:432 - Write EVI -> //nas-rs.topo.auth.gr/Latomeia/DROUGHT/composites/x08/y10/2021/02/01/S2L2A_medcomp_x08y10_202102_EVI.tif
2025-08-27 03:18:37,213 - INFO - composites.py:432 - Write NDVI -> //nas-rs.topo.auth.gr/Latomeia/DROUGHT/composites/x08/y10/2021/02/01/S2L2A_medcomp_x08y10_202102_NDVI.tif
2025-08-27 03:18:40,976 - INFO - composites.py:432 - Write PSRI2 -> //nas-rs.topo.auth.gr/Latomeia/DROUGHT/composites/x08/y10/2021/02/01/S2L2A_medcomp_x08y10_202102_PSRI2.tif
2025-08-27 03:18:40,976 - INFO - composites.py:436 - Prepare metadata YAML document
2025-08-27 03:18:41,447 - INFO - composites.py:458 - Write metadata YAML document to disk
2025-08-27 03:18:41,505 - INFO - composites.py:463 - Create datacube.model.Dataset from eo3 metadata
2025-08-27 03:18:41,517 - INFO - composites.py:474 - Index to datacube
2025-08-27 03:18:41,517 - INFO - _datasets.py:191 - Indexing 2fe00a3f-fac1-4e26-ad59-66dc170c5821
2025-08-27 03:18:41,524 - INFO - composites.py:477 - 
2025-08-27 03:18:41,524 - INFO - composites.py:478 -              ✔✔✔ COMPLETED: Tile x08_y10 | Time: 2021-02 | In 4.95 minutes
2025-08-27 03:18:41,524 - INFO - composites.py:479 - 
2025-08-27 03:18:41,524 - INFO - composites.py:487 - Closing Dask client
2025-08-27 03:18:41,526 - INFO - composites.py:491 - Closing Dask cluster
2025-08-27 03:18:41,526 - INFO - composites.py:492 - #######################################################################
