2025-08-22 05:32:54,749 - INFO - composites.py:101 - #######################################################################
2025-08-22 05:32:54,749 - INFO - composites.py:103 - Processing started
2025-08-22 05:32:54,750 - INFO - composites.py:104 -         Tile: x08_y12
2025-08-22 05:32:54,750 - INFO - composites.py:105 -         Time: 2020-06
2025-08-22 05:32:54,750 - INFO - composites.py:108 -                           
2025-08-22 05:32:54,750 - INFO - composites.py:109 - Establishing connection to datacube
2025-08-22 05:32:55,370 - INFO - composites.py:112 -                           
2025-08-22 05:32:55,371 - INFO - composites.py:113 - Sanity test: Check if dataset already exists in the datacube
2025-08-22 05:32:55,387 - INFO - composites.py:132 - The composite requested was not found and it will be computed
2025-08-22 05:32:55,388 - INFO - composites.py:135 -                                  
2025-08-22 05:32:55,388 - INFO - composites.py:136 - Initializing Dask cluster for parallelization
2025-08-22 05:33:00,343 - INFO - composites.py:160 - Dask dashboard is available at: http://127.0.0.1:8787/status
2025-08-22 05:33:00,343 - INFO - composites.py:163 - Create directories and naming conversions
2025-08-22 05:33:00,348 - INFO - composites.py:174 - Dataset location: //nas-rs.topo.auth.gr/Latomeia/DROUGHT/COMPOS/2020/06/x08_y12
2025-08-22 05:33:00,348 - INFO - composites.py:177 -                           
2025-08-22 05:33:00,348 - INFO - composites.py:178 - Retrieve tile geometry
2025-08-22 05:33:00,378 - INFO - composites.py:189 - Create the Bounding Box (φ,λ)
2025-08-22 05:33:00,379 - INFO - composites.py:195 - Create the Bounding Box (x,y)
2025-08-22 05:33:00,379 - INFO - composites.py:208 -                           
2025-08-22 05:33:00,379 - INFO - composites.py:209 - Connect to Planetary Computer STAC Catalog
2025-08-22 05:33:00,663 - INFO - composites.py:217 - Search the STAC Catalog
2025-08-22 05:33:00,740 - INFO - composites.py:229 -         Query parameters:
2025-08-22 05:33:00,740 - INFO - composites.py:230 -             url:          https://planetarycomputer.microsoft.com/api/stac/v1/search
2025-08-22 05:33:00,740 - INFO - composites.py:231 -             client:       microsoft-pc
2025-08-22 05:33:00,740 - INFO - composites.py:232 -             collection:   sentinel-2-l2a
2025-08-22 05:33:00,740 - INFO - composites.py:233 -             bbox:         (21.54502923200265, 38.72053801140399, 22.218704170873913, 39.26725432685642)
2025-08-22 05:33:00,740 - INFO - composites.py:234 -             time range:   2020-06-01T00:00:00Z/2020-06-30T23:59:59Z
2025-08-22 05:33:00,740 - INFO - composites.py:235 -             cloud cover:  0% - 70%
2025-08-22 05:33:00,740 - INFO - composites.py:236 -             nodata cover: 0% - 33%
2025-08-22 05:33:00,740 - INFO - composites.py:238 -                           
2025-08-22 05:33:00,740 - INFO - composites.py:239 - Searching...
2025-08-22 05:33:01,188 - INFO - composites.py:242 - Query found 24 items
2025-08-22 05:33:01,188 - INFO - composites.py:244 - Searching for GRI REFINED scenes:
2025-08-22 05:33:03,365 - INFO - sentinel2.py:78 - 1/24 - S2B_MSIL2A_20200627T092029_R093_T34SFJ_20200824T084052 -> Not Found
2025-08-22 05:33:05,480 - INFO - sentinel2.py:78 - 2/24 - S2B_MSIL2A_20200627T092029_R093_T34SFH_20200824T084050 -> Not Found
2025-08-22 05:33:07,727 - INFO - sentinel2.py:78 - 3/24 - S2B_MSIL2A_20200627T092029_R093_T34SEJ_20200824T084052 -> Not Found
2025-08-22 05:33:09,898 - INFO - sentinel2.py:78 - 4/24 - S2B_MSIL2A_20200627T092029_R093_T34SEH_20200908T172923 -> Not Found
2025-08-22 05:33:12,118 - INFO - sentinel2.py:78 - 5/24 - S2A_MSIL2A_20200622T092031_R093_T34SFJ_20200823T155859 -> Not Found
2025-08-22 05:33:14,121 - INFO - sentinel2.py:78 - 6/24 - S2A_MSIL2A_20200622T092031_R093_T34SFH_20200823T155905 -> Not Found
2025-08-22 05:33:16,312 - INFO - sentinel2.py:78 - 7/24 - S2A_MSIL2A_20200622T092031_R093_T34SEJ_20200823T155851 -> Not Found
2025-08-22 05:33:18,413 - INFO - sentinel2.py:78 - 8/24 - S2A_MSIL2A_20200622T092031_R093_T34SEH_20200823T155855 -> Not Found
2025-08-22 05:33:20,374 - INFO - sentinel2.py:78 - 9/24 - S2B_MSIL2A_20200617T092029_R093_T34SFJ_20200823T030300 -> Not Found
2025-08-22 05:33:22,404 - INFO - sentinel2.py:78 - 10/24 - S2B_MSIL2A_20200617T092029_R093_T34SFH_20200908T173003 -> Not Found
2025-08-22 05:33:24,549 - INFO - sentinel2.py:78 - 11/24 - S2B_MSIL2A_20200617T092029_R093_T34SEJ_20200908T172926 -> Not Found
2025-08-22 05:33:26,465 - INFO - sentinel2.py:78 - 12/24 - S2B_MSIL2A_20200617T092029_R093_T34SEH_20200908T172928 -> Not Found
2025-08-22 05:33:28,670 - INFO - sentinel2.py:78 - 13/24 - S2A_MSIL2A_20200612T092041_R093_T34SFJ_20200827T020832 -> Not Found
2025-08-22 05:33:30,575 - INFO - sentinel2.py:78 - 14/24 - S2A_MSIL2A_20200612T092041_R093_T34SFH_20200827T020830 -> Not Found
2025-08-22 05:33:32,668 - INFO - sentinel2.py:78 - 15/24 - S2A_MSIL2A_20200612T092041_R093_T34SEJ_20200827T020825 -> Not Found
2025-08-22 05:33:34,615 - INFO - sentinel2.py:78 - 16/24 - S2A_MSIL2A_20200612T092041_R093_T34SEH_20200827T020824 -> Not Found
2025-08-22 05:33:36,430 - INFO - sentinel2.py:78 - 17/24 - S2B_MSIL2A_20200607T092029_R093_T34SFJ_20200826T124948 -> Not Found
2025-08-22 05:33:38,517 - INFO - sentinel2.py:78 - 18/24 - S2B_MSIL2A_20200607T092029_R093_T34SFH_20201101T142239 -> Not Found
2025-08-22 05:33:40,644 - INFO - sentinel2.py:78 - 19/24 - S2B_MSIL2A_20200607T092029_R093_T34SEJ_20200826T124945 -> Not Found
2025-08-22 05:33:42,816 - INFO - sentinel2.py:78 - 20/24 - S2B_MSIL2A_20200607T092029_R093_T34SEH_20200826T124948 -> Not Found
2025-08-22 05:33:44,844 - INFO - sentinel2.py:78 - 21/24 - S2A_MSIL2A_20200602T092041_R093_T34SFJ_20200825T202002 -> Not Found
2025-08-22 05:33:46,769 - INFO - sentinel2.py:78 - 22/24 - S2A_MSIL2A_20200602T092041_R093_T34SFH_20200825T202003 -> Not Found
2025-08-22 05:33:48,890 - INFO - sentinel2.py:78 - 23/24 - S2A_MSIL2A_20200602T092041_R093_T34SEJ_20200825T202002 -> Not Found
2025-08-22 05:33:51,219 - INFO - sentinel2.py:78 - 24/24 - S2A_MSIL2A_20200602T092041_R093_T34SEH_20200825T201959 -> Not Found
2025-08-22 05:33:51,235 - INFO - composites.py:247 -                                  
2025-08-22 05:33:51,235 - INFO - composites.py:248 - 0/24 were refined by GRI.
2025-08-22 05:33:51,235 - WARNING - composites.py:252 - Tile x08_y12 | Time: 2020-06: All scenes are flagged NOT REFINED.
2025-08-22 05:33:51,236 - WARNING - composites.py:253 - Tile x08_y12 | Time: 2020-06: The composite will be flagged with _NOREFINED.
2025-08-22 05:33:51,236 - INFO - composites.py:260 - Looking for up to 10 cleanest images within spatiotemporal range of each MGRS tile
2025-08-22 05:33:51,237 - INFO - composites.py:274 - Filtered cleanest scenes: Kept 24 out of 24 items. 
2025-08-22 05:33:51,237 - INFO - composites.py:275 -         Included MGRS Tiles: ['34SEH' '34SEJ' '34SFH' '34SFJ']
2025-08-22 05:33:51,237 - INFO - composites.py:276 -         Included EPSG codes: [32634]
2025-08-22 05:33:51,237 - INFO - composites.py:278 - Selected scenes:
2025-08-22 05:33:51,247 - INFO - composites.py:280 -         S2B_MSIL2A_20200627T092029_R093_T34SEH_20200908T172923
2025-08-22 05:33:51,247 - INFO - composites.py:280 -         S2A_MSIL2A_20200612T092041_R093_T34SEH_20200827T020824
2025-08-22 05:33:51,247 - INFO - composites.py:280 -         S2B_MSIL2A_20200607T092029_R093_T34SEH_20200826T124948
2025-08-22 05:33:51,248 - INFO - composites.py:280 -         S2A_MSIL2A_20200602T092041_R093_T34SEH_20200825T201959
2025-08-22 05:33:51,248 - INFO - composites.py:280 -         S2A_MSIL2A_20200622T092031_R093_T34SEH_20200823T155855
2025-08-22 05:33:51,248 - INFO - composites.py:280 -         S2B_MSIL2A_20200617T092029_R093_T34SEH_20200908T172928
2025-08-22 05:33:51,248 - INFO - composites.py:280 -         S2B_MSIL2A_20200607T092029_R093_T34SEJ_20200826T124945
2025-08-22 05:33:51,248 - INFO - composites.py:280 -         S2B_MSIL2A_20200627T092029_R093_T34SEJ_20200824T084052
2025-08-22 05:33:51,248 - INFO - composites.py:280 -         S2A_MSIL2A_20200612T092041_R093_T34SEJ_20200827T020825
2025-08-22 05:33:51,248 - INFO - composites.py:280 -         S2A_MSIL2A_20200602T092041_R093_T34SEJ_20200825T202002
2025-08-22 05:33:51,248 - INFO - composites.py:280 -         S2B_MSIL2A_20200617T092029_R093_T34SEJ_20200908T172926
2025-08-22 05:33:51,248 - INFO - composites.py:280 -         S2A_MSIL2A_20200622T092031_R093_T34SEJ_20200823T155851
2025-08-22 05:33:51,248 - INFO - composites.py:280 -         S2B_MSIL2A_20200627T092029_R093_T34SFH_20200824T084050
2025-08-22 05:33:51,248 - INFO - composites.py:280 -         S2A_MSIL2A_20200612T092041_R093_T34SFH_20200827T020830
2025-08-22 05:33:51,248 - INFO - composites.py:280 -         S2B_MSIL2A_20200617T092029_R093_T34SFH_20200908T173003
2025-08-22 05:33:51,248 - INFO - composites.py:280 -         S2B_MSIL2A_20200607T092029_R093_T34SFH_20201101T142239
2025-08-22 05:33:51,248 - INFO - composites.py:280 -         S2A_MSIL2A_20200602T092041_R093_T34SFH_20200825T202003
2025-08-22 05:33:51,248 - INFO - composites.py:280 -         S2A_MSIL2A_20200622T092031_R093_T34SFH_20200823T155905
2025-08-22 05:33:51,248 - INFO - composites.py:280 -         S2A_MSIL2A_20200612T092041_R093_T34SFJ_20200827T020832
2025-08-22 05:33:51,248 - INFO - composites.py:280 -         S2B_MSIL2A_20200607T092029_R093_T34SFJ_20200826T124948
2025-08-22 05:33:51,248 - INFO - composites.py:280 -         S2B_MSIL2A_20200627T092029_R093_T34SFJ_20200824T084052
2025-08-22 05:33:51,248 - INFO - composites.py:280 -         S2B_MSIL2A_20200617T092029_R093_T34SFJ_20200823T030300
2025-08-22 05:33:51,248 - INFO - composites.py:280 -         S2A_MSIL2A_20200602T092041_R093_T34SFJ_20200825T202002
2025-08-22 05:33:51,248 - INFO - composites.py:280 -         S2A_MSIL2A_20200622T092031_R093_T34SFJ_20200823T155859
2025-08-22 05:33:51,687 - INFO - sentinel2.py:154 - Matplotlib backend: Agg
2025-08-22 05:33:52,115 - INFO - sentinel2.py:224 - Write input scenes footprint overlay: //nas-rs.topo.auth.gr/Latomeia/DROUGHT/COMPOS/2020/06/x08_y12/S2L2A_medcomp_x08_y12_202006_InDataFootprint.jpeg
2025-08-22 05:33:52,409 - INFO - composites.py:294 -                                  
2025-08-22 05:33:52,409 - INFO - composites.py:295 - Downstream STAC items from Planetary Computer
2025-08-22 05:33:52,409 - INFO - timeseries_processing.py:115 -                                  
2025-08-22 05:33:52,409 - INFO - timeseries_processing.py:116 - Loading bands of diferent resolutions in EPSG:32634
2025-08-22 05:33:52,410 - INFO - timeseries_processing.py:120 -     Filtering items with native UTM EPSG:32634
2025-08-22 05:33:52,410 - INFO - timeseries_processing.py:122 -     24 Items in EPSG:32634
2025-08-22 05:33:52,410 - INFO - timeseries_processing.py:129 -                        
2025-08-22 05:33:52,410 - INFO - timeseries_processing.py:130 -     Loading parameters:
2025-08-22 05:33:52,410 - INFO - timeseries_processing.py:131 -         Bands: ['B05', 'B07', 'B8A', 'SCL']
2025-08-22 05:33:52,410 - INFO - timeseries_processing.py:132 -         Spatial resolution: 20
2025-08-22 05:33:52,410 - INFO - timeseries_processing.py:134 -         Get Assets from STAC Items
2025-08-22 05:33:52,410 - INFO - timeseries_processing.py:47 -         Initialize the STAC client
2025-08-22 05:33:52,953 - INFO - timeseries_processing.py:137 -         Loading 24 STAC Items....
2025-08-22 05:34:25,192 - INFO - timeseries_processing.py:146 -         Cube has been downloaded
2025-08-22 05:34:25,192 - INFO - timeseries_processing.py:156 -         Fix order of dimensions
2025-08-22 05:34:25,194 - INFO - timeseries_processing.py:161 -         Append bands to the band-list of EPSG:32634
2025-08-22 05:34:25,194 - INFO - timeseries_processing.py:129 -                        
2025-08-22 05:34:25,194 - INFO - timeseries_processing.py:130 -     Loading parameters:
2025-08-22 05:34:25,194 - INFO - timeseries_processing.py:131 -         Bands: ['B02', 'B03', 'B04']
2025-08-22 05:34:25,197 - INFO - timeseries_processing.py:132 -         Spatial resolution: 10
2025-08-22 05:34:25,197 - INFO - timeseries_processing.py:134 -         Get Assets from STAC Items
2025-08-22 05:34:25,197 - INFO - timeseries_processing.py:47 -         Initialize the STAC client
2025-08-22 05:34:25,839 - INFO - timeseries_processing.py:137 -         Loading 24 STAC Items....
2025-08-22 05:36:55,410 - INFO - timeseries_processing.py:146 -         Cube has been downloaded
2025-08-22 05:36:55,411 - INFO - timeseries_processing.py:149 -         Reproject to downsample 10m bands to 20m by Resampling.average 2x2 binning and shape matching with odc.geo.GeoBox
2025-08-22 05:37:04,313 - INFO - timeseries_processing.py:161 -         Append bands to the band-list of EPSG:32634
2025-08-22 05:37:04,313 - INFO - timeseries_processing.py:165 -                        
2025-08-22 05:37:04,313 - INFO - timeseries_processing.py:166 -     Merging bands in a single dataset
2025-08-22 05:37:04,313 - INFO - timeseries_processing.py:167 -     Ensure all partial datasets are at (x=20, y=-20) resolution
2025-08-22 05:37:04,313 - INFO - timeseries_processing.py:171 -     Clip to the intersection of indexes
2025-08-22 05:37:05,507 - INFO - timeseries_processing.py:180 -     Make a list of bands to merge
2025-08-22 05:37:05,508 - INFO - timeseries_processing.py:184 -     Merge on intersection
2025-08-22 05:37:05,509 - INFO - timeseries_processing.py:192 -     Apply masks on clouds, shadows, thin cirrus, and snow/ice
2025-08-22 05:37:05,509 - INFO - sentinel2.py:122 -                Masking bits: [3, 7, 8, 9, 10, 11]
2025-08-22 05:37:06,222 - INFO - composites.py:304 - Reproject from UTM Zone to Tile geometry -> CRS(EPSG:32634), Resampling.bilinear
2025-08-22 05:37:10,213 - INFO - composites.py:307 -     New shape of datasets: Shape2d(x=2400, y=2400)
2025-08-22 05:37:10,850 - INFO - composites.py:339 - Creating preview plot of input scenes
2025-08-22 05:37:35,648 - INFO - timeseries_processing.py:349 - Saved preview for 'B04' to //nas-rs.topo.auth.gr/Latomeia/DROUGHT/COMPOS/2020/06/x08_y12/S2L2A_medcomp_x08_y12_202006_InDataPreview.jpeg
2025-08-22 05:37:35,653 - INFO - composites.py:345 - Clip value range
2025-08-22 05:37:36,873 - INFO - composites.py:350 -                           
2025-08-22 05:37:36,878 - INFO - composites.py:351 - Computing spectral indices:
2025-08-22 05:37:36,878 - INFO - composites.py:354 -     EVI...
2025-08-22 05:37:37,584 - INFO - composites.py:356 -     NDVI...
2025-08-22 05:37:37,829 - INFO - composites.py:358 -     PSRI2...
2025-08-22 05:37:38,049 - INFO - composites.py:361 - Clip to typical value range
2025-08-22 05:37:38,292 - INFO - composites.py:368 - Reducing to median value temporal composite
2025-08-22 05:38:01,840 - INFO - composites.py:387 - Define data types and nodata per band
2025-08-22 05:38:01,956 - INFO - composites.py:408 - Assign time range and tile ID in metadata
2025-08-22 05:38:01,956 - INFO - composites.py:416 - Write bands to raster COG files
2025-08-22 05:38:05,829 - INFO - composites.py:429 - Write B02 -> //nas-rs.topo.auth.gr/Latomeia/DROUGHT/COMPOS/2020/06/x08_y12/S2L2A_medcomp_x08_y12_202006_B02.tif
2025-08-22 05:38:09,764 - INFO - composites.py:429 - Write B03 -> //nas-rs.topo.auth.gr/Latomeia/DROUGHT/COMPOS/2020/06/x08_y12/S2L2A_medcomp_x08_y12_202006_B03.tif
2025-08-22 05:38:13,596 - INFO - composites.py:429 - Write B04 -> //nas-rs.topo.auth.gr/Latomeia/DROUGHT/COMPOS/2020/06/x08_y12/S2L2A_medcomp_x08_y12_202006_B04.tif
2025-08-22 05:38:17,738 - INFO - composites.py:429 - Write B05 -> //nas-rs.topo.auth.gr/Latomeia/DROUGHT/COMPOS/2020/06/x08_y12/S2L2A_medcomp_x08_y12_202006_B05.tif
2025-08-22 05:38:21,802 - INFO - composites.py:429 - Write B07 -> //nas-rs.topo.auth.gr/Latomeia/DROUGHT/COMPOS/2020/06/x08_y12/S2L2A_medcomp_x08_y12_202006_B07.tif
2025-08-22 05:38:25,820 - INFO - composites.py:429 - Write B8A -> //nas-rs.topo.auth.gr/Latomeia/DROUGHT/COMPOS/2020/06/x08_y12/S2L2A_medcomp_x08_y12_202006_B8A.tif
2025-08-22 05:38:29,670 - INFO - composites.py:429 - Write EVI -> //nas-rs.topo.auth.gr/Latomeia/DROUGHT/COMPOS/2020/06/x08_y12/S2L2A_medcomp_x08_y12_202006_evi.tif
2025-08-22 05:38:33,403 - INFO - composites.py:429 - Write NDVI -> //nas-rs.topo.auth.gr/Latomeia/DROUGHT/COMPOS/2020/06/x08_y12/S2L2A_medcomp_x08_y12_202006_ndvi.tif
2025-08-22 05:38:37,225 - INFO - composites.py:429 - Write PSRI2 -> //nas-rs.topo.auth.gr/Latomeia/DROUGHT/COMPOS/2020/06/x08_y12/S2L2A_medcomp_x08_y12_202006_psri2.tif
2025-08-22 05:38:37,246 - INFO - composites.py:433 - Prepare metadata YAML document
2025-08-22 05:38:37,913 - INFO - composites.py:454 - Write metadata YAML document to disk
2025-08-22 05:38:37,951 - INFO - composites.py:459 - Create datacube.model.Dataset from eo3 metadata
2025-08-22 05:38:37,960 - INFO - composites.py:470 - Index to datacube
2025-08-22 05:38:37,960 - INFO - _datasets.py:191 - Indexing f13e5775-874e-4ea4-9f45-ae7c0bea8f4b
2025-08-22 05:38:37,969 - INFO - composites.py:473 - 
2025-08-22 05:38:37,969 - INFO - composites.py:474 -              ✔✔✔ COMPLETED: Tile x08_y12 | Time: 2020-06 | In 5.72 minutes
2025-08-22 05:38:37,969 - INFO - composites.py:475 - 
2025-08-22 05:38:37,969 - INFO - composites.py:483 - Closing Dask client
2025-08-22 05:38:37,970 - INFO - composites.py:487 - Closing Dask cluster
2025-08-22 05:38:37,970 - INFO - composites.py:488 - #######################################################################
