2025-08-27 12:52:51,876 - INFO - composites.py:102 - #######################################################################
2025-08-27 12:52:51,876 - INFO - composites.py:104 - Processing started
2025-08-27 12:52:51,876 - INFO - composites.py:105 -         Tile: x09_y09
2025-08-27 12:52:51,876 - INFO - composites.py:106 -         Time: 2021-05
2025-08-27 12:52:51,876 - INFO - composites.py:109 -                           
2025-08-27 12:52:51,876 - INFO - composites.py:110 - Establishing connection to datacube
2025-08-27 12:52:52,407 - INFO - composites.py:113 -                           
2025-08-27 12:52:52,407 - INFO - composites.py:114 - Sanity test: Check if dataset already exists in the datacube
2025-08-27 12:52:52,423 - INFO - composites.py:133 - The composite requested was not found and it will be computed
2025-08-27 12:52:52,423 - INFO - composites.py:136 -                                  
2025-08-27 12:52:52,423 - INFO - composites.py:137 - Initializing Dask cluster for parallelization
2025-08-27 12:52:57,664 - INFO - composites.py:161 - Dask dashboard is available at: http://127.0.0.1:8787/status
2025-08-27 12:52:57,664 - INFO - composites.py:164 - Create directories and naming conversions
2025-08-27 12:52:57,676 - INFO - composites.py:177 - Dataset location: //nas-rs.topo.auth.gr/Latomeia/DROUGHT/composites/x09/y09/2021/05/01
2025-08-27 12:52:57,677 - INFO - composites.py:180 -                           
2025-08-27 12:52:57,677 - INFO - composites.py:181 - Retrieve tile geometry
2025-08-27 12:52:57,721 - INFO - composites.py:192 - Create the Bounding Box (φ,λ)
2025-08-27 12:52:57,721 - INFO - composites.py:198 - Create the Bounding Box (x,y)
2025-08-27 12:52:57,722 - INFO - composites.py:211 -                           
2025-08-27 12:52:57,722 - INFO - composites.py:212 - Connect to Planetary Computer STAC Catalog
2025-08-27 12:52:57,946 - INFO - composites.py:220 - Search the STAC Catalog
2025-08-27 12:52:58,016 - INFO - composites.py:232 -         Query parameters:
2025-08-27 12:52:58,016 - INFO - composites.py:233 -             url:          https://planetarycomputer.microsoft.com/api/stac/v1/search
2025-08-27 12:52:58,017 - INFO - composites.py:234 -             client:       microsoft-pc
2025-08-27 12:52:58,017 - INFO - composites.py:235 -             collection:   sentinel-2-l2a
2025-08-27 12:52:58,017 - INFO - composites.py:236 -             bbox:         (21.85970105220835, 37.36314648137922, 22.52163347994685, 37.9118519319046)
2025-08-27 12:52:58,023 - INFO - composites.py:237 -             time range:   2021-05-01T00:00:00Z/2021-05-31T23:59:59Z
2025-08-27 12:52:58,023 - INFO - composites.py:238 -             cloud cover:  0% - 70%
2025-08-27 12:52:58,023 - INFO - composites.py:239 -             nodata cover: 0% - 33%
2025-08-27 12:52:58,023 - INFO - composites.py:241 -                           
2025-08-27 12:52:58,023 - INFO - composites.py:242 - Searching...
2025-08-27 12:52:58,553 - INFO - composites.py:245 - Query found 29 items
2025-08-27 12:52:58,554 - INFO - composites.py:247 - Searching for GRI REFINED scenes:
2025-08-27 12:53:04,981 - INFO - sentinel2.py:78 - 1/29 - S2B_MSIL2A_20210530T090559_R050_T34SFG_20210606T123015 -> REFINED
2025-08-27 12:53:11,598 - INFO - sentinel2.py:78 - 2/29 - S2A_MSIL2A_20210528T092031_R093_T34SFH_20210605T184143 -> REFINED
2025-08-27 12:53:17,763 - INFO - sentinel2.py:78 - 3/29 - S2A_MSIL2A_20210528T092031_R093_T34SFG_20210606T041110 -> REFINED
2025-08-27 12:53:24,246 - INFO - sentinel2.py:78 - 4/29 - S2A_MSIL2A_20210528T092031_R093_T34SEH_20210606T055328 -> REFINED
2025-08-27 12:53:30,375 - INFO - sentinel2.py:78 - 5/29 - S2A_MSIL2A_20210528T092031_R093_T34SEG_20210605T141257 -> REFINED
2025-08-27 12:53:36,225 - INFO - sentinel2.py:78 - 6/29 - S2A_MSIL2A_20210525T090601_R050_T34SFG_20210606T074702 -> REFINED
2025-08-27 12:53:41,967 - INFO - sentinel2.py:78 - 7/29 - S2B_MSIL2A_20210523T092029_R093_T34SFH_20210605T214301 -> REFINED
2025-08-27 12:53:47,675 - INFO - sentinel2.py:78 - 8/29 - S2B_MSIL2A_20210523T092029_R093_T34SFG_20210606T061057 -> REFINED
2025-08-27 12:53:53,493 - INFO - sentinel2.py:78 - 9/29 - S2B_MSIL2A_20210523T092029_R093_T34SEH_20210605T184059 -> REFINED
2025-08-27 12:53:59,729 - INFO - sentinel2.py:78 - 10/29 - S2B_MSIL2A_20210523T092029_R093_T34SEG_20210605T232720 -> REFINED
2025-08-27 12:54:04,866 - INFO - sentinel2.py:78 - 11/29 - S2B_MSIL2A_20210520T090559_R050_T34SFG_20210605T225410 -> REFINED
2025-08-27 12:54:11,067 - INFO - sentinel2.py:78 - 12/29 - S2A_MSIL2A_20210518T092031_R093_T34SFH_20210606T043219 -> REFINED
2025-08-27 12:54:16,671 - INFO - sentinel2.py:78 - 13/29 - S2A_MSIL2A_20210518T092031_R093_T34SFG_20210606T044851 -> REFINED
2025-08-27 12:54:22,761 - INFO - sentinel2.py:78 - 14/29 - S2A_MSIL2A_20210518T092031_R093_T34SEH_20210606T020042 -> REFINED
2025-08-27 12:54:28,999 - INFO - sentinel2.py:78 - 15/29 - S2A_MSIL2A_20210518T092031_R093_T34SEG_20210605T171645 -> REFINED
2025-08-27 12:54:35,443 - INFO - sentinel2.py:78 - 16/29 - S2A_MSIL2A_20210515T090551_R050_T34SFG_20210605T134505 -> REFINED
2025-08-27 12:54:41,763 - INFO - sentinel2.py:78 - 17/29 - S2B_MSIL2A_20210513T092029_R093_T34SFH_20210514T083647 -> REFINED
2025-08-27 12:54:48,180 - INFO - sentinel2.py:78 - 18/29 - S2B_MSIL2A_20210513T092029_R093_T34SFG_20210514T140303 -> REFINED
2025-08-27 12:54:53,835 - INFO - sentinel2.py:78 - 19/29 - S2B_MSIL2A_20210513T092029_R093_T34SEH_20210514T162833 -> REFINED
2025-08-27 12:54:59,661 - INFO - sentinel2.py:78 - 20/29 - S2B_MSIL2A_20210513T092029_R093_T34SEG_20210514T115012 -> REFINED
2025-08-27 12:55:05,343 - INFO - sentinel2.py:78 - 21/29 - S2B_MSIL2A_20210510T090549_R050_T34SFG_20210511T100021 -> REFINED
2025-08-27 12:55:11,171 - INFO - sentinel2.py:78 - 22/29 - S2A_MSIL2A_20210508T092031_R093_T34SFH_20210524T070541 -> REFINED
2025-08-27 12:55:17,424 - INFO - sentinel2.py:78 - 23/29 - S2A_MSIL2A_20210508T092031_R093_T34SFG_20210524T070546 -> REFINED
2025-08-27 12:55:22,618 - INFO - sentinel2.py:78 - 24/29 - S2A_MSIL2A_20210508T092031_R093_T34SEH_20210524T070534 -> REFINED
2025-08-27 12:55:28,844 - INFO - sentinel2.py:78 - 25/29 - S2A_MSIL2A_20210508T092031_R093_T34SEG_20210524T070528 -> REFINED
2025-08-27 12:55:33,997 - INFO - sentinel2.py:78 - 26/29 - S2B_MSIL2A_20210503T092029_R093_T34SFH_20210525T044100 -> REFINED
2025-08-27 12:55:39,610 - INFO - sentinel2.py:78 - 27/29 - S2B_MSIL2A_20210503T092029_R093_T34SFG_20210525T044059 -> REFINED
2025-08-27 12:55:45,924 - INFO - sentinel2.py:78 - 28/29 - S2B_MSIL2A_20210503T092029_R093_T34SEH_20210525T044044 -> REFINED
2025-08-27 12:55:51,004 - INFO - sentinel2.py:78 - 29/29 - S2B_MSIL2A_20210503T092029_R093_T34SEG_20210525T044041 -> REFINED
2025-08-27 12:55:51,079 - INFO - composites.py:250 -                                  
2025-08-27 12:55:51,079 - INFO - composites.py:251 - 29/29 were refined by GRI.
2025-08-27 12:55:51,079 - INFO - composites.py:263 - Looking for up to 10 cleanest images within spatiotemporal range of each MGRS tile
2025-08-27 12:55:51,081 - INFO - composites.py:277 - Filtered cleanest scenes: Kept 28 out of 29 items. 
2025-08-27 12:55:51,081 - INFO - composites.py:278 -         Included MGRS Tiles: ['34SEG' '34SEH' '34SFG' '34SFH']
2025-08-27 12:55:51,081 - INFO - composites.py:279 -         Included EPSG codes: [32634]
2025-08-27 12:55:51,081 - INFO - composites.py:281 - Selected scenes:
2025-08-27 12:55:51,082 - INFO - composites.py:283 -         S2B_MSIL2A_20210523T092029_R093_T34SEG_20210605T232720
2025-08-27 12:55:51,082 - INFO - composites.py:283 -         S2A_MSIL2A_20210508T092031_R093_T34SEG_20210524T070528
2025-08-27 12:55:51,082 - INFO - composites.py:283 -         S2A_MSIL2A_20210518T092031_R093_T34SEG_20210605T171645
2025-08-27 12:55:51,082 - INFO - composites.py:283 -         S2B_MSIL2A_20210513T092029_R093_T34SEG_20210514T115012
2025-08-27 12:55:51,083 - INFO - composites.py:283 -         S2B_MSIL2A_20210503T092029_R093_T34SEG_20210525T044041
2025-08-27 12:55:51,092 - INFO - composites.py:283 -         S2A_MSIL2A_20210528T092031_R093_T34SEG_20210605T141257
2025-08-27 12:55:51,108 - INFO - composites.py:283 -         S2B_MSIL2A_20210523T092029_R093_T34SEH_20210605T184059
2025-08-27 12:55:51,108 - INFO - composites.py:283 -         S2A_MSIL2A_20210508T092031_R093_T34SEH_20210524T070534
2025-08-27 12:55:51,108 - INFO - composites.py:283 -         S2A_MSIL2A_20210518T092031_R093_T34SEH_20210606T020042
2025-08-27 12:55:51,118 - INFO - composites.py:283 -         S2B_MSIL2A_20210503T092029_R093_T34SEH_20210525T044044
2025-08-27 12:55:51,118 - INFO - composites.py:283 -         S2A_MSIL2A_20210528T092031_R093_T34SEH_20210606T055328
2025-08-27 12:55:51,118 - INFO - composites.py:283 -         S2B_MSIL2A_20210513T092029_R093_T34SEH_20210514T162833
2025-08-27 12:55:51,118 - INFO - composites.py:283 -         S2A_MSIL2A_20210525T090601_R050_T34SFG_20210606T074702
2025-08-27 12:55:51,119 - INFO - composites.py:283 -         S2B_MSIL2A_20210510T090549_R050_T34SFG_20210511T100021
2025-08-27 12:55:51,119 - INFO - composites.py:283 -         S2A_MSIL2A_20210508T092031_R093_T34SFG_20210524T070546
2025-08-27 12:55:51,119 - INFO - composites.py:283 -         S2B_MSIL2A_20210513T092029_R093_T34SFG_20210514T140303
2025-08-27 12:55:51,119 - INFO - composites.py:283 -         S2B_MSIL2A_20210523T092029_R093_T34SFG_20210606T061057
2025-08-27 12:55:51,119 - INFO - composites.py:283 -         S2B_MSIL2A_20210503T092029_R093_T34SFG_20210525T044059
2025-08-27 12:55:51,119 - INFO - composites.py:283 -         S2A_MSIL2A_20210528T092031_R093_T34SFG_20210606T041110
2025-08-27 12:55:51,119 - INFO - composites.py:283 -         S2B_MSIL2A_20210520T090559_R050_T34SFG_20210605T225410
2025-08-27 12:55:51,119 - INFO - composites.py:283 -         S2A_MSIL2A_20210518T092031_R093_T34SFG_20210606T044851
2025-08-27 12:55:51,119 - INFO - composites.py:283 -         S2A_MSIL2A_20210515T090551_R050_T34SFG_20210605T134505
2025-08-27 12:55:51,119 - INFO - composites.py:283 -         S2A_MSIL2A_20210508T092031_R093_T34SFH_20210524T070541
2025-08-27 12:55:51,119 - INFO - composites.py:283 -         S2B_MSIL2A_20210523T092029_R093_T34SFH_20210605T214301
2025-08-27 12:55:51,119 - INFO - composites.py:283 -         S2B_MSIL2A_20210513T092029_R093_T34SFH_20210514T083647
2025-08-27 12:55:51,119 - INFO - composites.py:283 -         S2A_MSIL2A_20210528T092031_R093_T34SFH_20210605T184143
2025-08-27 12:55:51,119 - INFO - composites.py:283 -         S2A_MSIL2A_20210518T092031_R093_T34SFH_20210606T043219
2025-08-27 12:55:51,119 - INFO - composites.py:283 -         S2B_MSIL2A_20210503T092029_R093_T34SFH_20210525T044100
2025-08-27 12:55:51,613 - INFO - sentinel2.py:154 - Matplotlib backend: Agg
2025-08-27 12:55:51,861 - INFO - sentinel2.py:224 - Write input scenes footprint overlay: //nas-rs.topo.auth.gr/Latomeia/DROUGHT/composites/x09/y09/2021/05/01/S2L2A_medcomp_x09y09_202105_InDataFootprint.jpeg
2025-08-27 12:55:52,147 - INFO - composites.py:297 -                                  
2025-08-27 12:55:52,152 - INFO - composites.py:298 - Downstream STAC items from Planetary Computer
2025-08-27 12:55:52,152 - INFO - timeseries_processing.py:115 -                                  
2025-08-27 12:55:52,153 - INFO - timeseries_processing.py:116 - Loading bands of diferent resolutions in EPSG:32634
2025-08-27 12:55:52,153 - INFO - timeseries_processing.py:120 -     Filtering items with native UTM EPSG:32634
2025-08-27 12:55:52,153 - INFO - timeseries_processing.py:122 -     28 Items in EPSG:32634
2025-08-27 12:55:52,153 - INFO - timeseries_processing.py:129 -                        
2025-08-27 12:55:52,153 - INFO - timeseries_processing.py:130 -     Loading parameters:
2025-08-27 12:55:52,153 - INFO - timeseries_processing.py:131 -         Bands: ['B05', 'B07', 'B8A', 'SCL']
2025-08-27 12:55:52,153 - INFO - timeseries_processing.py:132 -         Spatial resolution: 20
2025-08-27 12:55:52,153 - INFO - timeseries_processing.py:134 -         Get Assets from STAC Items
2025-08-27 12:55:52,153 - INFO - timeseries_processing.py:47 -         Initialize the STAC client
2025-08-27 12:55:53,084 - INFO - timeseries_processing.py:137 -         Loading 28 STAC Items....
2025-08-27 12:57:32,332 - INFO - timeseries_processing.py:146 -         Cube has been downloaded
2025-08-27 12:57:32,333 - INFO - timeseries_processing.py:156 -         Fix order of dimensions
2025-08-27 12:57:32,334 - INFO - timeseries_processing.py:161 -         Append bands to the band-list of EPSG:32634
2025-08-27 12:57:32,334 - INFO - timeseries_processing.py:129 -                        
2025-08-27 12:57:32,336 - INFO - timeseries_processing.py:130 -     Loading parameters:
2025-08-27 12:57:32,336 - INFO - timeseries_processing.py:131 -         Bands: ['B02', 'B03', 'B04']
2025-08-27 12:57:32,336 - INFO - timeseries_processing.py:132 -         Spatial resolution: 10
2025-08-27 12:57:32,336 - INFO - timeseries_processing.py:134 -         Get Assets from STAC Items
2025-08-27 12:57:32,336 - INFO - timeseries_processing.py:47 -         Initialize the STAC client
2025-08-27 12:57:33,015 - INFO - timeseries_processing.py:137 -         Loading 28 STAC Items....
2025-08-27 13:00:30,449 - INFO - timeseries_processing.py:146 -         Cube has been downloaded
2025-08-27 13:00:30,451 - INFO - timeseries_processing.py:149 -         Reproject to downsample 10m bands to 20m by Resampling.average 2x2 binning and shape matching with odc.geo.GeoBox
2025-08-27 13:00:44,721 - INFO - timeseries_processing.py:161 -         Append bands to the band-list of EPSG:32634
2025-08-27 13:00:44,721 - INFO - timeseries_processing.py:165 -                        
2025-08-27 13:00:44,721 - INFO - timeseries_processing.py:166 -     Merging bands in a single dataset
2025-08-27 13:00:44,721 - INFO - timeseries_processing.py:167 -     Ensure all partial datasets are at (x=20, y=-20) resolution
2025-08-27 13:00:44,722 - INFO - timeseries_processing.py:171 -     Clip to the intersection of indexes
2025-08-27 13:00:46,116 - INFO - timeseries_processing.py:180 -     Make a list of bands to merge
2025-08-27 13:00:46,117 - INFO - timeseries_processing.py:184 -     Merge on intersection
2025-08-27 13:00:46,119 - INFO - timeseries_processing.py:192 -     Apply masks on clouds, shadows, thin cirrus, and snow/ice
2025-08-27 13:00:46,120 - INFO - sentinel2.py:122 -                Masking bits: [3, 7, 8, 9, 10, 11]
2025-08-27 13:00:47,417 - INFO - composites.py:307 - Reproject from UTM Zone to Tile geometry -> CRS(EPSG:32634), Resampling.bilinear
2025-08-27 13:00:54,446 - INFO - composites.py:310 -     New shape of datasets: Shape2d(x=2400, y=2400)
2025-08-27 13:00:55,141 - INFO - composites.py:342 - Creating preview plot of input scenes
2025-08-27 13:01:31,910 - INFO - timeseries_processing.py:349 - Saved preview for 'B04' to //nas-rs.topo.auth.gr/Latomeia/DROUGHT/composites/x09/y09/2021/05/01/S2L2A_medcomp_x09y09_202105_InDataPreview.jpeg
2025-08-27 13:01:31,916 - INFO - composites.py:348 - Clip value range
2025-08-27 13:01:33,949 - INFO - composites.py:353 -                           
2025-08-27 13:01:33,956 - INFO - composites.py:354 - Computing spectral indices:
2025-08-27 13:01:33,956 - INFO - composites.py:357 -     EVI...
2025-08-27 13:01:35,180 - INFO - composites.py:359 -     NDVI...
2025-08-27 13:01:35,579 - INFO - composites.py:361 -     PSRI2...
2025-08-27 13:01:35,888 - INFO - composites.py:364 - Clip to typical value range
2025-08-27 13:01:36,268 - INFO - composites.py:371 - Reducing to median value temporal composite
2025-08-27 13:02:05,899 - INFO - composites.py:390 - Scale and Define data types & nodata per band
2025-08-27 13:02:06,044 - INFO - composites.py:411 - Assign time range and tile ID in metadata
2025-08-27 13:02:06,044 - INFO - composites.py:419 - Write bands to raster COG files
2025-08-27 13:02:10,093 - INFO - composites.py:432 - Write B02 -> //nas-rs.topo.auth.gr/Latomeia/DROUGHT/composites/x09/y09/2021/05/01/S2L2A_medcomp_x09y09_202105_B02.tif
2025-08-27 13:02:14,422 - INFO - composites.py:432 - Write B03 -> //nas-rs.topo.auth.gr/Latomeia/DROUGHT/composites/x09/y09/2021/05/01/S2L2A_medcomp_x09y09_202105_B03.tif
2025-08-27 13:02:18,553 - INFO - composites.py:432 - Write B04 -> //nas-rs.topo.auth.gr/Latomeia/DROUGHT/composites/x09/y09/2021/05/01/S2L2A_medcomp_x09y09_202105_B04.tif
2025-08-27 13:02:22,578 - INFO - composites.py:432 - Write B05 -> //nas-rs.topo.auth.gr/Latomeia/DROUGHT/composites/x09/y09/2021/05/01/S2L2A_medcomp_x09y09_202105_B05.tif
2025-08-27 13:02:26,582 - INFO - composites.py:432 - Write B07 -> //nas-rs.topo.auth.gr/Latomeia/DROUGHT/composites/x09/y09/2021/05/01/S2L2A_medcomp_x09y09_202105_B07.tif
2025-08-27 13:02:30,558 - INFO - composites.py:432 - Write B8A -> //nas-rs.topo.auth.gr/Latomeia/DROUGHT/composites/x09/y09/2021/05/01/S2L2A_medcomp_x09y09_202105_B8A.tif
2025-08-27 13:02:34,513 - INFO - composites.py:432 - Write EVI -> //nas-rs.topo.auth.gr/Latomeia/DROUGHT/composites/x09/y09/2021/05/01/S2L2A_medcomp_x09y09_202105_EVI.tif
2025-08-27 13:02:38,542 - INFO - composites.py:432 - Write NDVI -> //nas-rs.topo.auth.gr/Latomeia/DROUGHT/composites/x09/y09/2021/05/01/S2L2A_medcomp_x09y09_202105_NDVI.tif
2025-08-27 13:02:42,439 - INFO - composites.py:432 - Write PSRI2 -> //nas-rs.topo.auth.gr/Latomeia/DROUGHT/composites/x09/y09/2021/05/01/S2L2A_medcomp_x09y09_202105_PSRI2.tif
2025-08-27 13:02:42,439 - INFO - composites.py:436 - Prepare metadata YAML document
2025-08-27 13:02:42,944 - INFO - composites.py:458 - Write metadata YAML document to disk
2025-08-27 13:02:42,977 - INFO - composites.py:463 - Create datacube.model.Dataset from eo3 metadata
2025-08-27 13:02:42,988 - INFO - composites.py:474 - Index to datacube
2025-08-27 13:02:42,989 - INFO - _datasets.py:191 - Indexing 4a5b6241-4c7b-44e0-a991-17b92be8877d
2025-08-27 13:02:43,004 - INFO - composites.py:477 - 
2025-08-27 13:02:43,005 - INFO - composites.py:478 -              ✔✔✔ COMPLETED: Tile x09_y09 | Time: 2021-05 | In 9.85 minutes
2025-08-27 13:02:43,005 - INFO - composites.py:479 - 
2025-08-27 13:02:43,005 - INFO - composites.py:487 - Closing Dask client
2025-08-27 13:02:43,007 - INFO - composites.py:491 - Closing Dask cluster
2025-08-27 13:02:43,007 - INFO - composites.py:492 - #######################################################################
