2025-08-19 21:30:46,021 - INFO - composites.py:100 - #######################################################################
2025-08-19 21:30:46,021 - INFO - composites.py:102 - Processing started
2025-08-19 21:30:46,022 - INFO - composites.py:103 -         Tile: x11_y10
2025-08-19 21:30:46,022 - INFO - composites.py:104 -         Time: 2021-07
2025-08-19 21:30:46,022 - INFO - composites.py:107 -                           
2025-08-19 21:30:46,022 - INFO - composites.py:108 - Establishing connection to datacube
2025-08-19 21:30:46,722 - INFO - composites.py:111 -                           
2025-08-19 21:30:46,724 - INFO - composites.py:112 - Sanity test: Check if dataset already exists in the datacube
2025-08-19 21:30:46,742 - INFO - composites.py:131 - The composite requested was not found and it will be computed
2025-08-19 21:30:46,742 - INFO - composites.py:134 -                                  
2025-08-19 21:30:46,742 - INFO - composites.py:135 - Initializing Dask cluster for parallelization
2025-08-19 21:30:52,383 - INFO - composites.py:159 - Dask dashboard is available at: http://127.0.0.1:8787/status
2025-08-19 21:30:52,383 - INFO - composites.py:162 - Create directories and naming conversions
2025-08-19 21:30:52,389 - INFO - composites.py:173 - Dataset location: //nas-rs.topo.auth.gr/Latomeia/DROUGHT/COMPOS/2021/07/x11_y10
2025-08-19 21:30:52,389 - INFO - composites.py:176 -                           
2025-08-19 21:30:52,389 - INFO - composites.py:177 - Retrieve tile geometry
2025-08-19 21:30:52,431 - INFO - composites.py:188 - Create the Bounding Box (φ,λ)
2025-08-19 21:30:52,431 - INFO - composites.py:194 - Create the Bounding Box (x,y)
2025-08-19 21:30:52,431 - INFO - composites.py:207 -                           
2025-08-19 21:30:52,431 - INFO - composites.py:208 - Connect to Planetary Computer STAC Catalog
2025-08-19 21:30:52,645 - INFO - composites.py:216 - Search the STAC Catalog
2025-08-19 21:30:52,716 - INFO - composites.py:228 -         Query parameters:
2025-08-19 21:30:52,716 - INFO - composites.py:229 -             url:          https://planetarycomputer.microsoft.com/api/stac/v1/search
2025-08-19 21:30:52,716 - INFO - composites.py:230 -             client:       microsoft-pc
2025-08-19 21:30:52,716 - INFO - composites.py:231 -             collection:   sentinel-2-l2a
2025-08-19 21:30:52,716 - INFO - composites.py:232 -             bbox:         (23.007483815042043, 37.64471476293694, 23.678548648210302, 38.19857654764488)
2025-08-19 21:30:52,716 - INFO - composites.py:233 -             time range:   2021-07-01T00:00:00Z/2021-07-31T23:59:59Z
2025-08-19 21:30:52,716 - INFO - composites.py:234 -             cloud cover:  0% - 70%
2025-08-19 21:30:52,716 - INFO - composites.py:235 -             nodata cover: 0% - 33%
2025-08-19 21:30:52,716 - INFO - composites.py:237 -                           
2025-08-19 21:30:52,716 - INFO - composites.py:238 - Searching...
2025-08-19 21:30:53,272 - INFO - composites.py:241 - Query found 42 items
2025-08-19 21:30:53,272 - INFO - composites.py:243 - Searching for GRI REFINED scenes:
2025-08-19 21:30:59,623 - INFO - sentinel2.py:78 - 1/42 - S2B_MSIL2A_20210729T090559_R050_T35SKC_20210802T051007 -> REFINED
2025-08-19 21:31:05,642 - INFO - sentinel2.py:78 - 2/42 - S2B_MSIL2A_20210729T090559_R050_T35SKB_20210802T043854 -> REFINED
2025-08-19 21:31:10,879 - INFO - sentinel2.py:78 - 3/42 - S2B_MSIL2A_20210729T090559_R050_T34SGH_20210802T034456 -> REFINED
2025-08-19 21:31:17,861 - INFO - sentinel2.py:78 - 4/42 - S2B_MSIL2A_20210729T090559_R050_T34SGG_20210802T040909 -> REFINED
2025-08-19 21:31:24,339 - INFO - sentinel2.py:78 - 5/42 - S2B_MSIL2A_20210729T090559_R050_T34SFG_20210802T044220 -> REFINED
2025-08-19 21:31:30,372 - INFO - sentinel2.py:78 - 6/42 - S2A_MSIL2A_20210727T092031_R093_T34SFH_20210727T204310 -> REFINED
2025-08-19 21:31:36,529 - INFO - sentinel2.py:78 - 7/42 - S2A_MSIL2A_20210727T092031_R093_T34SFG_20210727T195913 -> REFINED
2025-08-19 21:31:42,079 - INFO - sentinel2.py:78 - 8/42 - S2A_MSIL2A_20210724T090601_R050_T35SKC_20210724T185033 -> REFINED
2025-08-19 21:31:47,625 - INFO - sentinel2.py:78 - 9/42 - S2A_MSIL2A_20210724T090601_R050_T35SKB_20210724T182717 -> REFINED
2025-08-19 21:31:52,820 - INFO - sentinel2.py:78 - 10/42 - S2A_MSIL2A_20210724T090601_R050_T34SGH_20210724T191255 -> REFINED
2025-08-19 21:31:59,351 - INFO - sentinel2.py:78 - 11/42 - S2A_MSIL2A_20210724T090601_R050_T34SGG_20210724T184018 -> REFINED
2025-08-19 21:32:05,401 - INFO - sentinel2.py:78 - 12/42 - S2A_MSIL2A_20210724T090601_R050_T34SFG_20210724T195113 -> REFINED
2025-08-19 21:32:12,052 - INFO - sentinel2.py:78 - 13/42 - S2B_MSIL2A_20210722T092029_R093_T34SFH_20210722T205904 -> REFINED
2025-08-19 21:32:18,841 - INFO - sentinel2.py:78 - 14/42 - S2B_MSIL2A_20210722T092029_R093_T34SFG_20210722T200538 -> REFINED
2025-08-19 21:32:24,560 - INFO - sentinel2.py:78 - 15/42 - S2B_MSIL2A_20210719T090559_R050_T35SKC_20210719T194122 -> REFINED
2025-08-19 21:32:31,846 - INFO - sentinel2.py:78 - 16/42 - S2B_MSIL2A_20210719T090559_R050_T35SKB_20210719T182044 -> REFINED
2025-08-19 21:32:37,930 - INFO - sentinel2.py:78 - 17/42 - S2B_MSIL2A_20210719T090559_R050_T34SGH_20210719T165451 -> REFINED
2025-08-19 21:32:44,555 - INFO - sentinel2.py:78 - 18/42 - S2B_MSIL2A_20210719T090559_R050_T34SGG_20210719T193638 -> REFINED
2025-08-19 21:32:49,777 - INFO - sentinel2.py:78 - 19/42 - S2B_MSIL2A_20210719T090559_R050_T34SFG_20210719T183441 -> REFINED
2025-08-19 21:32:55,927 - INFO - sentinel2.py:78 - 20/42 - S2A_MSIL2A_20210717T092031_R093_T34SFH_20210717T211415 -> REFINED
2025-08-19 21:33:02,129 - INFO - sentinel2.py:78 - 21/42 - S2A_MSIL2A_20210717T092031_R093_T34SFG_20210717T220738 -> REFINED
2025-08-19 21:33:07,443 - INFO - sentinel2.py:78 - 22/42 - S2A_MSIL2A_20210714T090601_R050_T35SKC_20210714T225107 -> REFINED
2025-08-19 21:33:14,346 - INFO - sentinel2.py:78 - 23/42 - S2A_MSIL2A_20210714T090601_R050_T35SKB_20210714T235044 -> REFINED
2025-08-19 21:33:20,116 - INFO - sentinel2.py:78 - 24/42 - S2A_MSIL2A_20210714T090601_R050_T34SGH_20210714T221334 -> REFINED
2025-08-19 21:33:25,887 - INFO - sentinel2.py:78 - 25/42 - S2A_MSIL2A_20210714T090601_R050_T34SGG_20210714T233220 -> REFINED
2025-08-19 21:33:32,222 - INFO - sentinel2.py:78 - 26/42 - S2A_MSIL2A_20210714T090601_R050_T34SFG_20210714T223955 -> REFINED
2025-08-19 21:33:38,592 - INFO - sentinel2.py:78 - 27/42 - S2B_MSIL2A_20210712T092029_R093_T34SFH_20210712T192320 -> REFINED
2025-08-19 21:33:43,719 - INFO - sentinel2.py:78 - 28/42 - S2B_MSIL2A_20210712T092029_R093_T34SFG_20210712T192945 -> REFINED
2025-08-19 21:33:48,869 - INFO - sentinel2.py:78 - 29/42 - S2B_MSIL2A_20210709T090559_R050_T35SKC_20210710T031242 -> REFINED
2025-08-19 21:33:54,488 - INFO - sentinel2.py:78 - 30/42 - S2B_MSIL2A_20210709T090559_R050_T35SKB_20210710T023506 -> REFINED
2025-08-19 21:33:59,599 - INFO - sentinel2.py:78 - 31/42 - S2B_MSIL2A_20210709T090559_R050_T34SGH_20210710T021630 -> REFINED
2025-08-19 21:34:06,004 - INFO - sentinel2.py:78 - 32/42 - S2B_MSIL2A_20210709T090559_R050_T34SGG_20210710T010825 -> REFINED
2025-08-19 21:34:13,846 - INFO - sentinel2.py:78 - 33/42 - S2B_MSIL2A_20210709T090559_R050_T34SFG_20210710T011445 -> REFINED
2025-08-19 21:34:20,020 - INFO - sentinel2.py:78 - 34/42 - S2A_MSIL2A_20210707T092031_R093_T34SFH_20210708T002439 -> REFINED
2025-08-19 21:34:25,911 - INFO - sentinel2.py:78 - 35/42 - S2A_MSIL2A_20210707T092031_R093_T34SFG_20210708T021009 -> REFINED
2025-08-19 21:34:33,025 - INFO - sentinel2.py:78 - 36/42 - S2A_MSIL2A_20210704T090601_R050_T35SKC_20210704T214904 -> REFINED
2025-08-19 21:34:39,345 - INFO - sentinel2.py:78 - 37/42 - S2A_MSIL2A_20210704T090601_R050_T35SKB_20210704T224812 -> REFINED
2025-08-19 21:34:46,426 - INFO - sentinel2.py:78 - 38/42 - S2A_MSIL2A_20210704T090601_R050_T34SGH_20210704T224103 -> REFINED
2025-08-19 21:34:52,435 - INFO - sentinel2.py:78 - 39/42 - S2A_MSIL2A_20210704T090601_R050_T34SGG_20210704T223537 -> REFINED
2025-08-19 21:34:58,027 - INFO - sentinel2.py:78 - 40/42 - S2A_MSIL2A_20210704T090601_R050_T34SFG_20210704T230605 -> REFINED
2025-08-19 21:35:06,283 - INFO - sentinel2.py:78 - 41/42 - S2B_MSIL2A_20210702T092029_R093_T34SFH_20210702T230708 -> REFINED
2025-08-19 21:35:11,747 - INFO - sentinel2.py:78 - 42/42 - S2B_MSIL2A_20210702T092029_R093_T34SFG_20210702T234801 -> REFINED
2025-08-19 21:35:11,807 - INFO - composites.py:246 -                                  
2025-08-19 21:35:11,807 - INFO - composites.py:247 - 42/42 were refined by GRI.
2025-08-19 21:35:11,808 - INFO - composites.py:259 - Looking for up to 10 cleanest images within spatiotemporal range of each MGRS tile
2025-08-19 21:35:11,808 - INFO - composites.py:273 - Filtered cleanest scenes: Kept 40 out of 42 items. 
2025-08-19 21:35:11,808 - INFO - composites.py:274 -         Included MGRS Tiles: ['34SFG' '34SFH' '34SGG' '34SGH' '35SKB' '35SKC']
2025-08-19 21:35:11,809 - INFO - composites.py:275 -         Included EPSG codes: [32634 32635]
2025-08-19 21:35:11,809 - INFO - composites.py:277 - Selected scenes:
2025-08-19 21:35:11,809 - INFO - composites.py:279 -         S2B_MSIL2A_20210729T090559_R050_T34SFG_20210802T044220
2025-08-19 21:35:11,809 - INFO - composites.py:279 -         S2A_MSIL2A_20210727T092031_R093_T34SFG_20210727T195913
2025-08-19 21:35:11,820 - INFO - composites.py:279 -         S2A_MSIL2A_20210714T090601_R050_T34SFG_20210714T223955
2025-08-19 21:35:11,836 - INFO - composites.py:279 -         S2B_MSIL2A_20210709T090559_R050_T34SFG_20210710T011445
2025-08-19 21:35:11,848 - INFO - composites.py:279 -         S2A_MSIL2A_20210724T090601_R050_T34SFG_20210724T195113
2025-08-19 21:35:11,848 - INFO - composites.py:279 -         S2B_MSIL2A_20210719T090559_R050_T34SFG_20210719T183441
2025-08-19 21:35:11,848 - INFO - composites.py:279 -         S2A_MSIL2A_20210704T090601_R050_T34SFG_20210704T230605
2025-08-19 21:35:11,848 - INFO - composites.py:279 -         S2A_MSIL2A_20210717T092031_R093_T34SFG_20210717T220738
2025-08-19 21:35:11,848 - INFO - composites.py:279 -         S2B_MSIL2A_20210712T092029_R093_T34SFG_20210712T192945
2025-08-19 21:35:11,848 - INFO - composites.py:279 -         S2B_MSIL2A_20210702T092029_R093_T34SFG_20210702T234801
2025-08-19 21:35:11,849 - INFO - composites.py:279 -         S2A_MSIL2A_20210727T092031_R093_T34SFH_20210727T204310
2025-08-19 21:35:11,849 - INFO - composites.py:279 -         S2A_MSIL2A_20210717T092031_R093_T34SFH_20210717T211415
2025-08-19 21:35:11,849 - INFO - composites.py:279 -         S2B_MSIL2A_20210712T092029_R093_T34SFH_20210712T192320
2025-08-19 21:35:11,849 - INFO - composites.py:279 -         S2A_MSIL2A_20210707T092031_R093_T34SFH_20210708T002439
2025-08-19 21:35:11,849 - INFO - composites.py:279 -         S2B_MSIL2A_20210722T092029_R093_T34SFH_20210722T205904
2025-08-19 21:35:11,849 - INFO - composites.py:279 -         S2B_MSIL2A_20210702T092029_R093_T34SFH_20210702T230708
2025-08-19 21:35:11,849 - INFO - composites.py:279 -         S2B_MSIL2A_20210729T090559_R050_T34SGG_20210802T040909
2025-08-19 21:35:11,849 - INFO - composites.py:279 -         S2A_MSIL2A_20210714T090601_R050_T34SGG_20210714T233220
2025-08-19 21:35:11,849 - INFO - composites.py:279 -         S2B_MSIL2A_20210709T090559_R050_T34SGG_20210710T010825
2025-08-19 21:35:11,849 - INFO - composites.py:279 -         S2A_MSIL2A_20210704T090601_R050_T34SGG_20210704T223537
2025-08-19 21:35:11,849 - INFO - composites.py:279 -         S2A_MSIL2A_20210724T090601_R050_T34SGG_20210724T184018
2025-08-19 21:35:11,849 - INFO - composites.py:279 -         S2B_MSIL2A_20210719T090559_R050_T34SGG_20210719T193638
2025-08-19 21:35:11,849 - INFO - composites.py:279 -         S2B_MSIL2A_20210729T090559_R050_T34SGH_20210802T034456
2025-08-19 21:35:11,849 - INFO - composites.py:279 -         S2A_MSIL2A_20210714T090601_R050_T34SGH_20210714T221334
2025-08-19 21:35:11,849 - INFO - composites.py:279 -         S2A_MSIL2A_20210704T090601_R050_T34SGH_20210704T224103
2025-08-19 21:35:11,849 - INFO - composites.py:279 -         S2A_MSIL2A_20210724T090601_R050_T34SGH_20210724T191255
2025-08-19 21:35:11,849 - INFO - composites.py:279 -         S2B_MSIL2A_20210709T090559_R050_T34SGH_20210710T021630
2025-08-19 21:35:11,849 - INFO - composites.py:279 -         S2B_MSIL2A_20210719T090559_R050_T34SGH_20210719T165451
2025-08-19 21:35:11,849 - INFO - composites.py:279 -         S2B_MSIL2A_20210729T090559_R050_T35SKB_20210802T043854
2025-08-19 21:35:11,849 - INFO - composites.py:279 -         S2A_MSIL2A_20210714T090601_R050_T35SKB_20210714T235044
2025-08-19 21:35:11,849 - INFO - composites.py:279 -         S2A_MSIL2A_20210724T090601_R050_T35SKB_20210724T182717
2025-08-19 21:35:11,849 - INFO - composites.py:279 -         S2A_MSIL2A_20210704T090601_R050_T35SKB_20210704T224812
2025-08-19 21:35:11,849 - INFO - composites.py:279 -         S2B_MSIL2A_20210719T090559_R050_T35SKB_20210719T182044
2025-08-19 21:35:11,849 - INFO - composites.py:279 -         S2B_MSIL2A_20210709T090559_R050_T35SKB_20210710T023506
2025-08-19 21:35:11,849 - INFO - composites.py:279 -         S2B_MSIL2A_20210729T090559_R050_T35SKC_20210802T051007
2025-08-19 21:35:11,849 - INFO - composites.py:279 -         S2A_MSIL2A_20210714T090601_R050_T35SKC_20210714T225107
2025-08-19 21:35:11,850 - INFO - composites.py:279 -         S2A_MSIL2A_20210704T090601_R050_T35SKC_20210704T214904
2025-08-19 21:35:11,850 - INFO - composites.py:279 -         S2A_MSIL2A_20210724T090601_R050_T35SKC_20210724T185033
2025-08-19 21:35:11,850 - INFO - composites.py:279 -         S2B_MSIL2A_20210709T090559_R050_T35SKC_20210710T031242
2025-08-19 21:35:11,850 - INFO - composites.py:279 -         S2B_MSIL2A_20210719T090559_R050_T35SKC_20210719T194122
2025-08-19 21:35:12,446 - INFO - sentinel2.py:154 - Matplotlib backend: Agg
2025-08-19 21:35:12,833 - INFO - sentinel2.py:224 - Write input scenes footprint overlay: //nas-rs.topo.auth.gr/Latomeia/DROUGHT/COMPOS/2021/07/x11_y10/S2L2A_medcomp_x11_y10_202107_InDataFootprint.jpeg
2025-08-19 21:35:13,145 - INFO - composites.py:293 -                                  
2025-08-19 21:35:13,145 - INFO - composites.py:294 - Downstream STAC items from Planetary Computer
2025-08-19 21:35:13,145 - INFO - timeseries_processing.py:114 -                                  
2025-08-19 21:35:13,145 - INFO - timeseries_processing.py:115 - Loading bands of diferent resolutions in EPSG:32634
2025-08-19 21:35:13,145 - INFO - timeseries_processing.py:119 -     Filtering items with native UTM EPSG:32634
2025-08-19 21:35:13,145 - INFO - timeseries_processing.py:121 -     28 Items in EPSG:32634
2025-08-19 21:35:13,145 - INFO - timeseries_processing.py:128 -                        
2025-08-19 21:35:13,147 - INFO - timeseries_processing.py:129 -     Loading parameters:
2025-08-19 21:35:13,147 - INFO - timeseries_processing.py:130 -         Bands: ['B05', 'B07', 'B8A', 'SCL']
2025-08-19 21:35:13,147 - INFO - timeseries_processing.py:131 -         Spatial resolution: 20
2025-08-19 21:35:13,147 - INFO - timeseries_processing.py:133 -         Get Assets from STAC Items
2025-08-19 21:35:13,147 - INFO - timeseries_processing.py:46 -         Initialize the STAC client
2025-08-19 21:35:14,601 - INFO - timeseries_processing.py:136 -         Loading 28 STAC Items....
2025-08-19 21:36:43,418 - INFO - timeseries_processing.py:158 -         Cube has been downloaded
2025-08-19 21:36:43,418 - INFO - timeseries_processing.py:167 -         Fix order of dimensions
2025-08-19 21:36:43,420 - INFO - timeseries_processing.py:172 -         Append bands to the band-list of EPSG:32634
2025-08-19 21:36:43,421 - INFO - timeseries_processing.py:128 -                        
2025-08-19 21:36:43,421 - INFO - timeseries_processing.py:129 -     Loading parameters:
2025-08-19 21:36:43,421 - INFO - timeseries_processing.py:130 -         Bands: ['B02', 'B03', 'B04']
2025-08-19 21:36:43,423 - INFO - timeseries_processing.py:131 -         Spatial resolution: 10
2025-08-19 21:36:43,424 - INFO - timeseries_processing.py:133 -         Get Assets from STAC Items
2025-08-19 21:36:43,424 - INFO - timeseries_processing.py:46 -         Initialize the STAC client
2025-08-19 21:36:44,093 - INFO - timeseries_processing.py:136 -         Loading 28 STAC Items....
2025-08-19 21:39:11,871 - INFO - timeseries_processing.py:158 -         Cube has been downloaded
2025-08-19 21:39:11,872 - INFO - timeseries_processing.py:161 -         Downsample 10m bands to 20m by average 2x2 binning
2025-08-19 21:39:30,146 - INFO - timeseries_processing.py:164 -         Align binned bands to native 20m bands (shape matching): method=bilinear
2025-08-19 21:39:35,842 - INFO - timeseries_processing.py:172 -         Append bands to the band-list of EPSG:32634
2025-08-19 21:39:35,842 - INFO - timeseries_processing.py:176 -                        
2025-08-19 21:39:35,842 - INFO - timeseries_processing.py:177 -     Merging bands in a single dataset
2025-08-19 21:39:35,842 - INFO - timeseries_processing.py:178 -     Ensure all partial datasets are at (x=20, y=-20) resolution
2025-08-19 21:39:35,843 - INFO - timeseries_processing.py:182 -     Clip to the intersection of indexes
2025-08-19 21:39:37,270 - INFO - timeseries_processing.py:191 -     Make a list of bands to merge
2025-08-19 21:39:37,278 - INFO - timeseries_processing.py:195 -     Merge on intersection
2025-08-19 21:39:37,279 - INFO - timeseries_processing.py:203 -     Apply masks on clouds, shadows, thin cirrus, and snow/ice
2025-08-19 21:39:37,279 - INFO - sentinel2.py:122 -                Masking bits: [3, 7, 8, 9, 10, 11]
2025-08-19 21:39:38,971 - INFO - timeseries_processing.py:209 -     Reproject to Tiling Schema projection EPSG:3035
2025-08-19 21:39:57,172 - INFO - timeseries_processing.py:114 -                                  
2025-08-19 21:39:57,172 - INFO - timeseries_processing.py:115 - Loading bands of diferent resolutions in EPSG:32635
2025-08-19 21:39:57,172 - INFO - timeseries_processing.py:119 -     Filtering items with native UTM EPSG:32635
2025-08-19 21:39:57,172 - INFO - timeseries_processing.py:121 -     12 Items in EPSG:32635
2025-08-19 21:39:57,172 - INFO - timeseries_processing.py:128 -                        
2025-08-19 21:39:57,172 - INFO - timeseries_processing.py:129 -     Loading parameters:
2025-08-19 21:39:57,172 - INFO - timeseries_processing.py:130 -         Bands: ['B05', 'B07', 'B8A', 'SCL']
2025-08-19 21:39:57,172 - INFO - timeseries_processing.py:131 -         Spatial resolution: 20
2025-08-19 21:39:57,172 - INFO - timeseries_processing.py:133 -         Get Assets from STAC Items
2025-08-19 21:39:57,173 - INFO - timeseries_processing.py:46 -         Initialize the STAC client
2025-08-19 21:39:57,864 - INFO - timeseries_processing.py:136 -         Loading 12 STAC Items....
2025-08-19 21:40:13,200 - INFO - timeseries_processing.py:158 -         Cube has been downloaded
2025-08-19 21:40:13,201 - INFO - timeseries_processing.py:167 -         Fix order of dimensions
2025-08-19 21:40:13,202 - INFO - timeseries_processing.py:172 -         Append bands to the band-list of EPSG:32635
2025-08-19 21:40:13,202 - INFO - timeseries_processing.py:128 -                        
2025-08-19 21:40:13,203 - INFO - timeseries_processing.py:129 -     Loading parameters:
2025-08-19 21:40:13,203 - INFO - timeseries_processing.py:130 -         Bands: ['B02', 'B03', 'B04']
2025-08-19 21:40:13,203 - INFO - timeseries_processing.py:131 -         Spatial resolution: 10
2025-08-19 21:40:13,203 - INFO - timeseries_processing.py:133 -         Get Assets from STAC Items
2025-08-19 21:40:13,203 - INFO - timeseries_processing.py:46 -         Initialize the STAC client
2025-08-19 21:40:13,690 - INFO - timeseries_processing.py:136 -         Loading 12 STAC Items....
2025-08-19 21:40:35,339 - INFO - timeseries_processing.py:158 -         Cube has been downloaded
2025-08-19 21:40:35,339 - INFO - timeseries_processing.py:161 -         Downsample 10m bands to 20m by average 2x2 binning
2025-08-19 21:40:44,935 - INFO - timeseries_processing.py:164 -         Align binned bands to native 20m bands (shape matching): method=bilinear
2025-08-19 21:40:48,347 - INFO - timeseries_processing.py:172 -         Append bands to the band-list of EPSG:32635
2025-08-19 21:40:48,347 - INFO - timeseries_processing.py:176 -                        
2025-08-19 21:40:48,347 - INFO - timeseries_processing.py:177 -     Merging bands in a single dataset
2025-08-19 21:40:48,347 - INFO - timeseries_processing.py:178 -     Ensure all partial datasets are at (x=20, y=-20) resolution
2025-08-19 21:40:48,348 - INFO - timeseries_processing.py:182 -     Clip to the intersection of indexes
2025-08-19 21:40:48,350 - INFO - timeseries_processing.py:191 -     Make a list of bands to merge
2025-08-19 21:40:48,352 - INFO - timeseries_processing.py:195 -     Merge on intersection
2025-08-19 21:40:48,353 - INFO - timeseries_processing.py:203 -     Apply masks on clouds, shadows, thin cirrus, and snow/ice
2025-08-19 21:40:48,353 - INFO - sentinel2.py:122 -                Masking bits: [3, 7, 8, 9, 10, 11]
2025-08-19 21:40:49,227 - INFO - timeseries_processing.py:209 -     Reproject to Tiling Schema projection EPSG:3035
2025-08-19 21:40:58,749 - INFO - composites.py:303 - Clip and align to tile geometry
2025-08-19 21:41:05,967 - INFO - composites.py:309 -                           
2025-08-19 21:41:05,967 - INFO - composites.py:310 - Mosaic datasets of different native UTM zones to a single dataset
2025-08-19 21:41:17,312 - INFO - composites.py:336 - Creating preview plot of input scenes
2025-08-19 21:42:03,341 - INFO - timeseries_processing.py:367 - Saved preview for 'B04' to //nas-rs.topo.auth.gr/Latomeia/DROUGHT/COMPOS/2021/07/x11_y10/S2L2A_medcomp_x11_y10_202107_InDataPreview.jpeg
2025-08-19 21:42:03,352 - INFO - composites.py:342 - Clip value range
2025-08-19 21:42:06,012 - INFO - composites.py:347 -                           
2025-08-19 21:42:06,012 - INFO - composites.py:348 - Computing spectral indices:
2025-08-19 21:42:06,012 - INFO - composites.py:351 -     EVI...
2025-08-19 21:42:07,674 - INFO - composites.py:353 -     NDVI...
2025-08-19 21:42:08,021 - INFO - composites.py:355 -     PSRI2...
2025-08-19 21:42:08,582 - INFO - composites.py:358 - Clip to typical value range
2025-08-19 21:42:09,159 - INFO - composites.py:365 - Reducing to median value temporal composite
2025-08-19 21:42:38,540 - INFO - composites.py:384 - Define data types and nodata per band
2025-08-19 21:42:38,755 - INFO - composites.py:405 - Assign time range and tile ID in metadata
2025-08-19 21:42:38,756 - INFO - composites.py:413 - Write bands to raster COG files
2025-08-19 21:42:43,500 - INFO - composites.py:426 - Write B02 -> //nas-rs.topo.auth.gr/Latomeia/DROUGHT/COMPOS/2021/07/x11_y10/S2L2A_medcomp_x11_y10_202107_B02.tif
2025-08-19 21:42:48,425 - INFO - composites.py:426 - Write B03 -> //nas-rs.topo.auth.gr/Latomeia/DROUGHT/COMPOS/2021/07/x11_y10/S2L2A_medcomp_x11_y10_202107_B03.tif
2025-08-19 21:42:53,141 - INFO - composites.py:426 - Write B04 -> //nas-rs.topo.auth.gr/Latomeia/DROUGHT/COMPOS/2021/07/x11_y10/S2L2A_medcomp_x11_y10_202107_B04.tif
2025-08-19 21:42:58,194 - INFO - composites.py:426 - Write B05 -> //nas-rs.topo.auth.gr/Latomeia/DROUGHT/COMPOS/2021/07/x11_y10/S2L2A_medcomp_x11_y10_202107_B05.tif
2025-08-19 21:43:02,891 - INFO - composites.py:426 - Write B07 -> //nas-rs.topo.auth.gr/Latomeia/DROUGHT/COMPOS/2021/07/x11_y10/S2L2A_medcomp_x11_y10_202107_B07.tif
2025-08-19 21:43:07,560 - INFO - composites.py:426 - Write B8A -> //nas-rs.topo.auth.gr/Latomeia/DROUGHT/COMPOS/2021/07/x11_y10/S2L2A_medcomp_x11_y10_202107_B8A.tif
2025-08-19 21:43:12,113 - INFO - composites.py:426 - Write EVI -> //nas-rs.topo.auth.gr/Latomeia/DROUGHT/COMPOS/2021/07/x11_y10/S2L2A_medcomp_x11_y10_202107_evi.tif
2025-08-19 21:43:17,034 - INFO - composites.py:426 - Write NDVI -> //nas-rs.topo.auth.gr/Latomeia/DROUGHT/COMPOS/2021/07/x11_y10/S2L2A_medcomp_x11_y10_202107_ndvi.tif
2025-08-19 21:43:21,971 - INFO - composites.py:426 - Write PSRI2 -> //nas-rs.topo.auth.gr/Latomeia/DROUGHT/COMPOS/2021/07/x11_y10/S2L2A_medcomp_x11_y10_202107_psri2.tif
2025-08-19 21:43:21,981 - INFO - composites.py:430 - Prepare metadata YAML document
2025-08-19 21:43:23,010 - INFO - composites.py:451 - Write metadata YAML document to disk
2025-08-19 21:43:23,066 - INFO - composites.py:456 - Create datacube.model.Dataset from eo3 metadata
2025-08-19 21:43:23,076 - INFO - composites.py:467 - Index to datacube
2025-08-19 21:43:23,076 - INFO - _datasets.py:191 - Indexing a1805c33-5e8e-4333-aff8-758ffb189b14
2025-08-19 21:43:23,086 - INFO - composites.py:470 - 
2025-08-19 21:43:23,086 - INFO - composites.py:471 -              ✔✔✔ COMPLETED: Tile x11_y10 | Time: 2021-07 | In 12.62 minutes
2025-08-19 21:43:23,086 - INFO - composites.py:472 - 
2025-08-19 21:43:23,086 - INFO - composites.py:480 - Closing Dask client
2025-08-19 21:43:23,088 - INFO - composites.py:484 - Closing Dask cluster
2025-08-19 21:43:23,088 - INFO - composites.py:485 - #######################################################################
