2025-08-25 03:51:05,061 - INFO - composites.py:102 - #######################################################################
2025-08-25 03:51:05,062 - INFO - composites.py:104 - Processing started
2025-08-25 03:51:05,062 - INFO - composites.py:105 -         Tile: x08_y11
2025-08-25 03:51:05,062 - INFO - composites.py:106 -         Time: 2020-04
2025-08-25 03:51:05,062 - INFO - composites.py:109 -                           
2025-08-25 03:51:05,062 - INFO - composites.py:110 - Establishing connection to datacube
2025-08-25 03:51:05,582 - INFO - composites.py:113 -                           
2025-08-25 03:51:05,583 - INFO - composites.py:114 - Sanity test: Check if dataset already exists in the datacube
2025-08-25 03:51:05,600 - INFO - composites.py:133 - The composite requested was not found and it will be computed
2025-08-25 03:51:05,600 - INFO - composites.py:136 -                                  
2025-08-25 03:51:05,600 - INFO - composites.py:137 - Initializing Dask cluster for parallelization
2025-08-25 03:51:10,570 - INFO - composites.py:161 - Dask dashboard is available at: http://127.0.0.1:8787/status
2025-08-25 03:51:10,570 - INFO - composites.py:164 - Create directories and naming conversions
2025-08-25 03:51:10,580 - INFO - composites.py:175 - Dataset location: //nas-rs.topo.auth.gr/Latomeia/DROUGHT/COMPOS/2020/04/x08_y11
2025-08-25 03:51:10,580 - INFO - composites.py:178 -                           
2025-08-25 03:51:10,580 - INFO - composites.py:179 - Retrieve tile geometry
2025-08-25 03:51:10,608 - INFO - composites.py:190 - Create the Bounding Box (φ,λ)
2025-08-25 03:51:10,608 - INFO - composites.py:196 - Create the Bounding Box (x,y)
2025-08-25 03:51:10,609 - INFO - composites.py:209 -                           
2025-08-25 03:51:10,609 - INFO - composites.py:210 - Connect to Planetary Computer STAC Catalog
2025-08-25 03:51:10,822 - INFO - composites.py:218 - Search the STAC Catalog
2025-08-25 03:51:10,890 - INFO - composites.py:230 -         Query parameters:
2025-08-25 03:51:10,890 - INFO - composites.py:231 -             url:          https://planetarycomputer.microsoft.com/api/stac/v1/search
2025-08-25 03:51:10,890 - INFO - composites.py:232 -             client:       microsoft-pc
2025-08-25 03:51:10,890 - INFO - composites.py:233 -             collection:   sentinel-2-l2a
2025-08-25 03:51:10,890 - INFO - composites.py:234 -             bbox:         (21.470456200843422, 38.29135632905737, 22.139354689000736, 38.83788179019963)
2025-08-25 03:51:10,891 - INFO - composites.py:235 -             time range:   2020-04-01T00:00:00Z/2020-04-30T23:59:59Z
2025-08-25 03:51:10,891 - INFO - composites.py:236 -             cloud cover:  0% - 70%
2025-08-25 03:51:10,891 - INFO - composites.py:237 -             nodata cover: 0% - 33%
2025-08-25 03:51:10,891 - INFO - composites.py:239 -                           
2025-08-25 03:51:10,891 - INFO - composites.py:240 - Searching...
2025-08-25 03:51:11,350 - INFO - composites.py:243 - Query found 9 items
2025-08-25 03:51:11,350 - INFO - composites.py:245 - Searching for GRI REFINED scenes:
2025-08-25 03:51:13,321 - INFO - sentinel2.py:78 - 1/9 - S2B_MSIL2A_20200428T092029_R093_T34SEJ_20200922T115942 -> Not Found
2025-08-25 03:51:15,221 - INFO - sentinel2.py:78 - 2/9 - S2B_MSIL2A_20200428T092029_R093_T34SEH_20200922T115937 -> Not Found
2025-08-25 03:51:17,222 - INFO - sentinel2.py:78 - 3/9 - S2A_MSIL2A_20200423T092031_R093_T34SEH_20200921T181605 -> Not Found
2025-08-25 03:51:19,130 - INFO - sentinel2.py:78 - 4/9 - S2B_MSIL2A_20200418T092029_R093_T34SEJ_20200924T015510 -> Not Found
2025-08-25 03:51:21,048 - INFO - sentinel2.py:78 - 5/9 - S2B_MSIL2A_20200418T092029_R093_T34SEH_20200924T015511 -> Not Found
2025-08-25 03:51:23,118 - INFO - sentinel2.py:78 - 6/9 - S2A_MSIL2A_20200413T092031_R093_T34SEJ_20200923T074739 -> Not Found
2025-08-25 03:51:25,481 - INFO - sentinel2.py:78 - 7/9 - S2A_MSIL2A_20200413T092031_R093_T34SEH_20200923T074730 -> Not Found
2025-08-25 03:51:27,648 - INFO - sentinel2.py:78 - 8/9 - S2B_MSIL2A_20200408T092029_R093_T34SEJ_20200925T133431 -> Not Found
2025-08-25 03:51:29,588 - INFO - sentinel2.py:78 - 9/9 - S2B_MSIL2A_20200408T092029_R093_T34SEH_20200925T133427 -> Not Found
2025-08-25 03:51:29,618 - INFO - composites.py:248 -                                  
2025-08-25 03:51:29,618 - INFO - composites.py:249 - 0/9 were refined by GRI.
2025-08-25 03:51:29,619 - WARNING - composites.py:253 - Tile x08_y11 | Time: 2020-04: All scenes are flagged NOT REFINED.
2025-08-25 03:51:29,619 - WARNING - composites.py:254 - Tile x08_y11 | Time: 2020-04: The composite will be flagged with _NOREFINED.
2025-08-25 03:51:29,619 - INFO - composites.py:261 - Looking for up to 10 cleanest images within spatiotemporal range of each MGRS tile
2025-08-25 03:51:29,620 - INFO - composites.py:275 - Filtered cleanest scenes: Kept 9 out of 9 items. 
2025-08-25 03:51:29,620 - INFO - composites.py:276 -         Included MGRS Tiles: ['34SEH' '34SEJ']
2025-08-25 03:51:29,620 - INFO - composites.py:277 -         Included EPSG codes: [32634]
2025-08-25 03:51:29,621 - INFO - composites.py:279 - Selected scenes:
2025-08-25 03:51:29,621 - INFO - composites.py:281 -         S2B_MSIL2A_20200418T092029_R093_T34SEH_20200924T015511
2025-08-25 03:51:29,625 - INFO - composites.py:281 -         S2B_MSIL2A_20200428T092029_R093_T34SEH_20200922T115937
2025-08-25 03:51:29,625 - INFO - composites.py:281 -         S2A_MSIL2A_20200413T092031_R093_T34SEH_20200923T074730
2025-08-25 03:51:29,625 - INFO - composites.py:281 -         S2B_MSIL2A_20200408T092029_R093_T34SEH_20200925T133427
2025-08-25 03:51:29,625 - INFO - composites.py:281 -         S2A_MSIL2A_20200423T092031_R093_T34SEH_20200921T181605
2025-08-25 03:51:29,625 - INFO - composites.py:281 -         S2A_MSIL2A_20200413T092031_R093_T34SEJ_20200923T074739
2025-08-25 03:51:29,625 - INFO - composites.py:281 -         S2B_MSIL2A_20200418T092029_R093_T34SEJ_20200924T015510
2025-08-25 03:51:29,625 - INFO - composites.py:281 -         S2B_MSIL2A_20200408T092029_R093_T34SEJ_20200925T133431
2025-08-25 03:51:29,625 - INFO - composites.py:281 -         S2B_MSIL2A_20200428T092029_R093_T34SEJ_20200922T115942
2025-08-25 03:51:29,973 - INFO - sentinel2.py:154 - Matplotlib backend: Agg
2025-08-25 03:51:30,159 - INFO - sentinel2.py:224 - Write input scenes footprint overlay: //nas-rs.topo.auth.gr/Latomeia/DROUGHT/COMPOS/2020/04/x08_y11/S2L2A_medcomp_x08_y11_202004_InDataFootprint.jpeg
2025-08-25 03:51:30,384 - INFO - composites.py:295 -                                  
2025-08-25 03:51:30,384 - INFO - composites.py:296 - Downstream STAC items from Planetary Computer
2025-08-25 03:51:30,384 - INFO - timeseries_processing.py:115 -                                  
2025-08-25 03:51:30,384 - INFO - timeseries_processing.py:116 - Loading bands of diferent resolutions in EPSG:32634
2025-08-25 03:51:30,384 - INFO - timeseries_processing.py:120 -     Filtering items with native UTM EPSG:32634
2025-08-25 03:51:30,385 - INFO - timeseries_processing.py:122 -     9 Items in EPSG:32634
2025-08-25 03:51:30,385 - INFO - timeseries_processing.py:129 -                        
2025-08-25 03:51:30,385 - INFO - timeseries_processing.py:130 -     Loading parameters:
2025-08-25 03:51:30,385 - INFO - timeseries_processing.py:131 -         Bands: ['B05', 'B07', 'B8A', 'SCL']
2025-08-25 03:51:30,385 - INFO - timeseries_processing.py:132 -         Spatial resolution: 20
2025-08-25 03:51:30,385 - INFO - timeseries_processing.py:134 -         Get Assets from STAC Items
2025-08-25 03:51:30,385 - INFO - timeseries_processing.py:47 -         Initialize the STAC client
2025-08-25 03:51:30,873 - INFO - timeseries_processing.py:137 -         Loading 9 STAC Items....
2025-08-25 03:51:49,618 - INFO - timeseries_processing.py:146 -         Cube has been downloaded
2025-08-25 03:51:49,618 - INFO - timeseries_processing.py:156 -         Fix order of dimensions
2025-08-25 03:51:49,619 - INFO - timeseries_processing.py:161 -         Append bands to the band-list of EPSG:32634
2025-08-25 03:51:49,620 - INFO - timeseries_processing.py:129 -                        
2025-08-25 03:51:49,620 - INFO - timeseries_processing.py:130 -     Loading parameters:
2025-08-25 03:51:49,620 - INFO - timeseries_processing.py:131 -         Bands: ['B02', 'B03', 'B04']
2025-08-25 03:51:49,620 - INFO - timeseries_processing.py:132 -         Spatial resolution: 10
2025-08-25 03:51:49,620 - INFO - timeseries_processing.py:134 -         Get Assets from STAC Items
2025-08-25 03:51:49,621 - INFO - timeseries_processing.py:47 -         Initialize the STAC client
2025-08-25 03:51:50,109 - INFO - timeseries_processing.py:137 -         Loading 9 STAC Items....
2025-08-25 03:52:46,913 - INFO - timeseries_processing.py:146 -         Cube has been downloaded
2025-08-25 03:52:46,918 - INFO - timeseries_processing.py:149 -         Reproject to downsample 10m bands to 20m by Resampling.average 2x2 binning and shape matching with odc.geo.GeoBox
2025-08-25 03:52:54,179 - INFO - timeseries_processing.py:161 -         Append bands to the band-list of EPSG:32634
2025-08-25 03:52:54,179 - INFO - timeseries_processing.py:165 -                        
2025-08-25 03:52:54,179 - INFO - timeseries_processing.py:166 -     Merging bands in a single dataset
2025-08-25 03:52:54,179 - INFO - timeseries_processing.py:167 -     Ensure all partial datasets are at (x=20, y=-20) resolution
2025-08-25 03:52:54,179 - INFO - timeseries_processing.py:171 -     Clip to the intersection of indexes
2025-08-25 03:52:55,162 - INFO - timeseries_processing.py:180 -     Make a list of bands to merge
2025-08-25 03:52:55,162 - INFO - timeseries_processing.py:184 -     Merge on intersection
2025-08-25 03:52:55,164 - INFO - timeseries_processing.py:192 -     Apply masks on clouds, shadows, thin cirrus, and snow/ice
2025-08-25 03:52:55,164 - INFO - sentinel2.py:122 -                Masking bits: [3, 7, 8, 9, 10, 11]
2025-08-25 03:52:55,728 - INFO - composites.py:305 - Reproject from UTM Zone to Tile geometry -> CRS(EPSG:32634), Resampling.bilinear
2025-08-25 03:52:59,006 - INFO - composites.py:308 -     New shape of datasets: Shape2d(x=2400, y=2400)
2025-08-25 03:52:59,533 - INFO - composites.py:340 - Creating preview plot of input scenes
2025-08-25 03:53:25,163 - INFO - timeseries_processing.py:349 - Saved preview for 'B04' to //nas-rs.topo.auth.gr/Latomeia/DROUGHT/COMPOS/2020/04/x08_y11/S2L2A_medcomp_x08_y11_202004_InDataPreview.jpeg
2025-08-25 03:53:25,165 - INFO - composites.py:346 - Clip value range
2025-08-25 03:53:26,155 - INFO - composites.py:351 -                           
2025-08-25 03:53:26,155 - INFO - composites.py:352 - Computing spectral indices:
2025-08-25 03:53:26,155 - INFO - composites.py:355 -     EVI...
2025-08-25 03:53:26,711 - INFO - composites.py:357 -     NDVI...
2025-08-25 03:53:26,896 - INFO - composites.py:359 -     PSRI2...
2025-08-25 03:53:27,133 - INFO - composites.py:362 - Clip to typical value range
2025-08-25 03:53:27,326 - INFO - composites.py:369 - Reducing to median value temporal composite
2025-08-25 03:53:55,681 - INFO - composites.py:388 - Scale and Define data types & nodata per band
2025-08-25 03:53:55,803 - INFO - composites.py:409 - Assign time range and tile ID in metadata
2025-08-25 03:53:55,803 - INFO - composites.py:417 - Write bands to raster COG files
2025-08-25 03:53:59,708 - INFO - composites.py:430 - Write B02 -> //nas-rs.topo.auth.gr/Latomeia/DROUGHT/COMPOS/2020/04/x08_y11/S2L2A_medcomp_x08_y11_202004_B02.tif
2025-08-25 03:54:03,606 - INFO - composites.py:430 - Write B03 -> //nas-rs.topo.auth.gr/Latomeia/DROUGHT/COMPOS/2020/04/x08_y11/S2L2A_medcomp_x08_y11_202004_B03.tif
2025-08-25 03:54:07,825 - INFO - composites.py:430 - Write B04 -> //nas-rs.topo.auth.gr/Latomeia/DROUGHT/COMPOS/2020/04/x08_y11/S2L2A_medcomp_x08_y11_202004_B04.tif
2025-08-25 03:54:11,863 - INFO - composites.py:430 - Write B05 -> //nas-rs.topo.auth.gr/Latomeia/DROUGHT/COMPOS/2020/04/x08_y11/S2L2A_medcomp_x08_y11_202004_B05.tif
2025-08-25 03:54:15,944 - INFO - composites.py:430 - Write B07 -> //nas-rs.topo.auth.gr/Latomeia/DROUGHT/COMPOS/2020/04/x08_y11/S2L2A_medcomp_x08_y11_202004_B07.tif
2025-08-25 03:54:19,979 - INFO - composites.py:430 - Write B8A -> //nas-rs.topo.auth.gr/Latomeia/DROUGHT/COMPOS/2020/04/x08_y11/S2L2A_medcomp_x08_y11_202004_B8A.tif
2025-08-25 03:54:23,719 - INFO - composites.py:430 - Write EVI -> //nas-rs.topo.auth.gr/Latomeia/DROUGHT/COMPOS/2020/04/x08_y11/S2L2A_medcomp_x08_y11_202004_EVI.tif
2025-08-25 03:54:27,423 - INFO - composites.py:430 - Write NDVI -> //nas-rs.topo.auth.gr/Latomeia/DROUGHT/COMPOS/2020/04/x08_y11/S2L2A_medcomp_x08_y11_202004_NDVI.tif
2025-08-25 03:54:31,139 - INFO - composites.py:430 - Write PSRI2 -> //nas-rs.topo.auth.gr/Latomeia/DROUGHT/COMPOS/2020/04/x08_y11/S2L2A_medcomp_x08_y11_202004_PSRI2.tif
2025-08-25 03:54:31,139 - INFO - composites.py:434 - Prepare metadata YAML document
2025-08-25 03:54:31,764 - INFO - composites.py:455 - Write metadata YAML document to disk
2025-08-25 03:54:31,786 - INFO - composites.py:460 - Create datacube.model.Dataset from eo3 metadata
2025-08-25 03:54:31,797 - INFO - composites.py:471 - Index to datacube
2025-08-25 03:54:31,798 - INFO - _datasets.py:191 - Indexing c75af29a-cd4b-42da-b357-0c3404686dae
2025-08-25 03:54:31,807 - INFO - composites.py:474 - 
2025-08-25 03:54:31,807 - INFO - composites.py:475 -              ✔✔✔ COMPLETED: Tile x08_y11 | Time: 2020-04 | In 3.45 minutes
2025-08-25 03:54:31,807 - INFO - composites.py:476 - 
2025-08-25 03:54:31,807 - INFO - composites.py:484 - Closing Dask client
2025-08-25 03:54:31,809 - INFO - composites.py:488 - Closing Dask cluster
2025-08-25 03:54:31,809 - INFO - composites.py:489 - #######################################################################
