2025-08-25 19:01:08,975 - INFO - composites.py:102 - #######################################################################
2025-08-25 19:01:08,975 - INFO - composites.py:104 - Processing started
2025-08-25 19:01:08,975 - INFO - composites.py:105 -         Tile: x09_y08
2025-08-25 19:01:08,975 - INFO - composites.py:106 -         Time: 2020-01
2025-08-25 19:01:08,975 - INFO - composites.py:109 -                           
2025-08-25 19:01:08,975 - INFO - composites.py:110 - Establishing connection to datacube
2025-08-25 19:01:09,500 - INFO - composites.py:113 -                           
2025-08-25 19:01:09,500 - INFO - composites.py:114 - Sanity test: Check if dataset already exists in the datacube
2025-08-25 19:01:09,517 - INFO - composites.py:133 - The composite requested was not found and it will be computed
2025-08-25 19:01:09,517 - INFO - composites.py:136 -                                  
2025-08-25 19:01:09,517 - INFO - composites.py:137 - Initializing Dask cluster for parallelization
2025-08-25 19:01:14,760 - INFO - composites.py:161 - Dask dashboard is available at: http://127.0.0.1:8787/status
2025-08-25 19:01:14,760 - INFO - composites.py:164 - Create directories and naming conversions
2025-08-25 19:01:14,781 - INFO - composites.py:177 - Dataset location: //nas-rs.topo.auth.gr/Latomeia/DROUGHT/composites/x09/y08/2020/01/01
2025-08-25 19:01:14,781 - INFO - composites.py:180 -                           
2025-08-25 19:01:14,781 - INFO - composites.py:181 - Retrieve tile geometry
2025-08-25 19:01:14,824 - INFO - composites.py:192 - Create the Bounding Box (φ,λ)
2025-08-25 19:01:14,824 - INFO - composites.py:198 - Create the Bounding Box (x,y)
2025-08-25 19:01:14,824 - INFO - composites.py:211 -                           
2025-08-25 19:01:14,824 - INFO - composites.py:212 - Connect to Planetary Computer STAC Catalog
2025-08-25 19:01:15,070 - INFO - composites.py:220 - Search the STAC Catalog
2025-08-25 19:01:15,151 - INFO - composites.py:232 -         Query parameters:
2025-08-25 19:01:15,151 - INFO - composites.py:233 -             url:          https://planetarycomputer.microsoft.com/api/stac/v1/search
2025-08-25 19:01:15,151 - INFO - composites.py:234 -             client:       microsoft-pc
2025-08-25 19:01:15,151 - INFO - composites.py:235 -             collection:   sentinel-2-l2a
2025-08-25 19:01:15,151 - INFO - composites.py:236 -             bbox:         (21.78584004803282, 36.93347873319104, 22.44323109883715, 37.48202094723898)
2025-08-25 19:01:15,151 - INFO - composites.py:237 -             time range:   2020-01-01T00:00:00Z/2020-01-31T23:59:59Z
2025-08-25 19:01:15,151 - INFO - composites.py:238 -             cloud cover:  0% - 70%
2025-08-25 19:01:15,151 - INFO - composites.py:239 -             nodata cover: 0% - 33%
2025-08-25 19:01:15,151 - INFO - composites.py:241 -                           
2025-08-25 19:01:15,151 - INFO - composites.py:242 - Searching...
2025-08-25 19:01:15,744 - INFO - composites.py:245 - Query found 28 items
2025-08-25 19:01:15,744 - INFO - composites.py:247 - Searching for GRI REFINED scenes:
2025-08-25 19:01:20,924 - INFO - sentinel2.py:78 - 1/28 - S2A_MSIL2A_20200131T091231_R050_T34SFG_20201002T161004 -> Not Found
2025-08-25 19:01:26,461 - INFO - sentinel2.py:78 - 2/28 - S2A_MSIL2A_20200131T091231_R050_T34SFF_20201002T161004 -> Not Found
2025-08-25 19:01:32,433 - INFO - sentinel2.py:78 - 3/28 - S2B_MSIL2A_20200129T092129_R093_T34SFG_20201002T144807 -> Not Found
2025-08-25 19:01:37,439 - INFO - sentinel2.py:78 - 4/28 - S2B_MSIL2A_20200129T092129_R093_T34SFF_20201002T144803 -> Not Found
2025-08-25 19:01:43,595 - INFO - sentinel2.py:78 - 5/28 - S2B_MSIL2A_20200129T092129_R093_T34SEG_20201002T144805 -> Not Found
2025-08-25 19:01:48,482 - INFO - sentinel2.py:78 - 6/28 - S2B_MSIL2A_20200129T092129_R093_T34SEF_20201002T144803 -> Not Found
2025-08-25 19:01:54,722 - INFO - sentinel2.py:78 - 7/28 - S2A_MSIL2A_20200124T092251_R093_T34SFG_20201002T083602 -> Not Found
2025-08-25 19:02:00,528 - INFO - sentinel2.py:78 - 8/28 - S2A_MSIL2A_20200124T092251_R093_T34SFF_20201002T083558 -> Not Found
2025-08-25 19:02:05,508 - INFO - sentinel2.py:78 - 9/28 - S2A_MSIL2A_20200124T092251_R093_T34SEG_20201002T083602 -> Not Found
2025-08-25 19:02:10,496 - INFO - sentinel2.py:78 - 10/28 - S2A_MSIL2A_20200124T092251_R093_T34SEF_20201002T083558 -> Not Found
2025-08-25 19:02:16,207 - INFO - sentinel2.py:78 - 11/28 - S2A_MSIL2A_20200121T091301_R050_T34SFG_20201002T031655 -> Not Found
2025-08-25 19:02:21,486 - INFO - sentinel2.py:78 - 12/28 - S2A_MSIL2A_20200121T091301_R050_T34SFF_20201002T031656 -> Not Found
2025-08-25 19:02:27,710 - INFO - sentinel2.py:78 - 13/28 - S2B_MSIL2A_20200119T092219_R093_T34SEG_20201002T205130 -> Not Found
2025-08-25 19:02:33,953 - INFO - sentinel2.py:78 - 14/28 - S2B_MSIL2A_20200119T092219_R093_T34SEF_20201002T205134 -> Not Found
2025-08-25 19:02:39,621 - INFO - sentinel2.py:78 - 15/28 - S2B_MSIL2A_20200116T091229_R050_T34SFG_20201002T193226 -> Not Found
2025-08-25 19:02:46,024 - INFO - sentinel2.py:78 - 16/28 - S2B_MSIL2A_20200116T091229_R050_T34SFF_20201002T193223 -> Not Found
2025-08-25 19:02:51,683 - INFO - sentinel2.py:78 - 17/28 - S2A_MSIL2A_20200114T092331_R093_T34SFG_20201002T182427 -> Not Found
2025-08-25 19:02:56,987 - INFO - sentinel2.py:78 - 18/28 - S2A_MSIL2A_20200114T092331_R093_T34SEG_20201002T182427 -> Not Found
2025-08-25 19:03:02,074 - INFO - sentinel2.py:78 - 19/28 - S2A_MSIL2A_20200111T091341_R050_T34SFG_20201002T165603 -> Not Found
2025-08-25 19:03:07,254 - INFO - sentinel2.py:78 - 20/28 - S2A_MSIL2A_20200111T091341_R050_T34SFF_20201002T165601 -> Not Found
2025-08-25 19:03:11,992 - INFO - sentinel2.py:78 - 21/28 - S2B_MSIL2A_20200109T092249_R093_T34SFG_20201029T174525 -> Not Found
2025-08-25 19:03:18,184 - INFO - sentinel2.py:78 - 22/28 - S2B_MSIL2A_20200109T092249_R093_T34SFF_20201029T174521 -> Not Found
2025-08-25 19:03:25,019 - INFO - sentinel2.py:78 - 23/28 - S2B_MSIL2A_20200109T092249_R093_T34SEG_20201029T174516 -> Not Found
2025-08-25 19:03:30,678 - INFO - sentinel2.py:78 - 24/28 - S2B_MSIL2A_20200109T092249_R093_T34SEF_20201029T174512 -> Not Found
2025-08-25 19:03:35,852 - INFO - sentinel2.py:78 - 25/28 - S2A_MSIL2A_20200104T092401_R093_T34SFG_20201002T224247 -> Not Found
2025-08-25 19:03:41,535 - INFO - sentinel2.py:78 - 26/28 - S2A_MSIL2A_20200104T092401_R093_T34SFF_20201002T224240 -> Not Found
2025-08-25 19:03:47,447 - INFO - sentinel2.py:78 - 27/28 - S2A_MSIL2A_20200104T092401_R093_T34SEG_20201002T224245 -> Not Found
2025-08-25 19:03:53,731 - INFO - sentinel2.py:78 - 28/28 - S2A_MSIL2A_20200104T092401_R093_T34SEF_20201002T224243 -> Not Found
2025-08-25 19:03:53,765 - INFO - composites.py:250 -                                  
2025-08-25 19:03:53,765 - INFO - composites.py:251 - 0/28 were refined by GRI.
2025-08-25 19:03:53,765 - WARNING - composites.py:255 - Tile x09_y08 | Time: 2020-01: All scenes are flagged NOT REFINED.
2025-08-25 19:03:53,766 - WARNING - composites.py:256 - Tile x09_y08 | Time: 2020-01: The composite will be flagged with _NOREFINED.
2025-08-25 19:03:53,766 - INFO - composites.py:263 - Looking for up to 10 cleanest images within spatiotemporal range of each MGRS tile
2025-08-25 19:03:53,767 - INFO - composites.py:277 - Filtered cleanest scenes: Kept 28 out of 28 items. 
2025-08-25 19:03:53,767 - INFO - composites.py:278 -         Included MGRS Tiles: ['34SEF' '34SEG' '34SFF' '34SFG']
2025-08-25 19:03:53,768 - INFO - composites.py:279 -         Included EPSG codes: [32634]
2025-08-25 19:03:53,781 - INFO - composites.py:281 - Selected scenes:
2025-08-25 19:03:53,796 - INFO - composites.py:283 -         S2B_MSIL2A_20200109T092249_R093_T34SEF_20201029T174512
2025-08-25 19:03:53,796 - INFO - composites.py:283 -         S2A_MSIL2A_20200104T092401_R093_T34SEF_20201002T224243
2025-08-25 19:03:53,802 - INFO - composites.py:283 -         S2A_MSIL2A_20200124T092251_R093_T34SEF_20201002T083558
2025-08-25 19:03:53,802 - INFO - composites.py:283 -         S2B_MSIL2A_20200129T092129_R093_T34SEF_20201002T144803
2025-08-25 19:03:53,802 - INFO - composites.py:283 -         S2B_MSIL2A_20200119T092219_R093_T34SEF_20201002T205134
2025-08-25 19:03:53,802 - INFO - composites.py:283 -         S2B_MSIL2A_20200109T092249_R093_T34SEG_20201029T174516
2025-08-25 19:03:53,802 - INFO - composites.py:283 -         S2A_MSIL2A_20200104T092401_R093_T34SEG_20201002T224245
2025-08-25 19:03:53,802 - INFO - composites.py:283 -         S2A_MSIL2A_20200114T092331_R093_T34SEG_20201002T182427
2025-08-25 19:03:53,802 - INFO - composites.py:283 -         S2B_MSIL2A_20200129T092129_R093_T34SEG_20201002T144805
2025-08-25 19:03:53,802 - INFO - composites.py:283 -         S2A_MSIL2A_20200124T092251_R093_T34SEG_20201002T083602
2025-08-25 19:03:53,802 - INFO - composites.py:283 -         S2B_MSIL2A_20200119T092219_R093_T34SEG_20201002T205130
2025-08-25 19:03:53,802 - INFO - composites.py:283 -         S2A_MSIL2A_20200104T092401_R093_T34SFF_20201002T224240
2025-08-25 19:03:53,802 - INFO - composites.py:283 -         S2B_MSIL2A_20200109T092249_R093_T34SFF_20201029T174521
2025-08-25 19:03:53,802 - INFO - composites.py:283 -         S2A_MSIL2A_20200124T092251_R093_T34SFF_20201002T083558
2025-08-25 19:03:53,802 - INFO - composites.py:283 -         S2A_MSIL2A_20200131T091231_R050_T34SFF_20201002T161004
2025-08-25 19:03:53,802 - INFO - composites.py:283 -         S2B_MSIL2A_20200116T091229_R050_T34SFF_20201002T193223
2025-08-25 19:03:53,803 - INFO - composites.py:283 -         S2A_MSIL2A_20200111T091341_R050_T34SFF_20201002T165601
2025-08-25 19:03:53,803 - INFO - composites.py:283 -         S2A_MSIL2A_20200121T091301_R050_T34SFF_20201002T031656
2025-08-25 19:03:53,803 - INFO - composites.py:283 -         S2B_MSIL2A_20200129T092129_R093_T34SFF_20201002T144803
2025-08-25 19:03:53,803 - INFO - composites.py:283 -         S2A_MSIL2A_20200111T091341_R050_T34SFG_20201002T165603
2025-08-25 19:03:53,803 - INFO - composites.py:283 -         S2A_MSIL2A_20200104T092401_R093_T34SFG_20201002T224247
2025-08-25 19:03:53,803 - INFO - composites.py:283 -         S2A_MSIL2A_20200124T092251_R093_T34SFG_20201002T083602
2025-08-25 19:03:53,803 - INFO - composites.py:283 -         S2B_MSIL2A_20200109T092249_R093_T34SFG_20201029T174525
2025-08-25 19:03:53,803 - INFO - composites.py:283 -         S2B_MSIL2A_20200116T091229_R050_T34SFG_20201002T193226
2025-08-25 19:03:53,803 - INFO - composites.py:283 -         S2A_MSIL2A_20200131T091231_R050_T34SFG_20201002T161004
2025-08-25 19:03:53,803 - INFO - composites.py:283 -         S2A_MSIL2A_20200121T091301_R050_T34SFG_20201002T031655
2025-08-25 19:03:53,803 - INFO - composites.py:283 -         S2A_MSIL2A_20200114T092331_R093_T34SFG_20201002T182427
2025-08-25 19:03:53,803 - INFO - composites.py:283 -         S2B_MSIL2A_20200129T092129_R093_T34SFG_20201002T144807
2025-08-25 19:03:54,328 - INFO - sentinel2.py:154 - Matplotlib backend: Agg
2025-08-25 19:03:54,579 - INFO - sentinel2.py:224 - Write input scenes footprint overlay: //nas-rs.topo.auth.gr/Latomeia/DROUGHT/composites/x09/y08/2020/01/01/S2L2A_medcomp_x09y08_202001_InDataFootprint.jpeg
2025-08-25 19:03:54,869 - INFO - composites.py:297 -                                  
2025-08-25 19:03:54,869 - INFO - composites.py:298 - Downstream STAC items from Planetary Computer
2025-08-25 19:03:54,869 - INFO - timeseries_processing.py:115 -                                  
2025-08-25 19:03:54,869 - INFO - timeseries_processing.py:116 - Loading bands of diferent resolutions in EPSG:32634
2025-08-25 19:03:54,870 - INFO - timeseries_processing.py:120 -     Filtering items with native UTM EPSG:32634
2025-08-25 19:03:54,870 - INFO - timeseries_processing.py:122 -     28 Items in EPSG:32634
2025-08-25 19:03:54,870 - INFO - timeseries_processing.py:129 -                        
2025-08-25 19:03:54,870 - INFO - timeseries_processing.py:130 -     Loading parameters:
2025-08-25 19:03:54,870 - INFO - timeseries_processing.py:131 -         Bands: ['B05', 'B07', 'B8A', 'SCL']
2025-08-25 19:03:54,870 - INFO - timeseries_processing.py:132 -         Spatial resolution: 20
2025-08-25 19:03:54,870 - INFO - timeseries_processing.py:134 -         Get Assets from STAC Items
2025-08-25 19:03:54,870 - INFO - timeseries_processing.py:47 -         Initialize the STAC client
2025-08-25 19:03:55,643 - INFO - timeseries_processing.py:137 -         Loading 28 STAC Items....
2025-08-25 19:05:12,888 - INFO - timeseries_processing.py:146 -         Cube has been downloaded
2025-08-25 19:05:12,888 - INFO - timeseries_processing.py:156 -         Fix order of dimensions
2025-08-25 19:05:12,889 - INFO - timeseries_processing.py:161 -         Append bands to the band-list of EPSG:32634
2025-08-25 19:05:12,891 - INFO - timeseries_processing.py:129 -                        
2025-08-25 19:05:12,891 - INFO - timeseries_processing.py:130 -     Loading parameters:
2025-08-25 19:05:12,891 - INFO - timeseries_processing.py:131 -         Bands: ['B02', 'B03', 'B04']
2025-08-25 19:05:12,891 - INFO - timeseries_processing.py:132 -         Spatial resolution: 10
2025-08-25 19:05:12,891 - INFO - timeseries_processing.py:134 -         Get Assets from STAC Items
2025-08-25 19:05:12,891 - INFO - timeseries_processing.py:47 -         Initialize the STAC client
2025-08-25 19:05:13,672 - INFO - timeseries_processing.py:137 -         Loading 28 STAC Items....
2025-08-25 19:09:24,358 - INFO - timeseries_processing.py:146 -         Cube has been downloaded
2025-08-25 19:09:24,359 - INFO - timeseries_processing.py:149 -         Reproject to downsample 10m bands to 20m by Resampling.average 2x2 binning and shape matching with odc.geo.GeoBox
2025-08-25 19:09:38,050 - INFO - timeseries_processing.py:161 -         Append bands to the band-list of EPSG:32634
2025-08-25 19:09:38,051 - INFO - timeseries_processing.py:165 -                        
2025-08-25 19:09:38,051 - INFO - timeseries_processing.py:166 -     Merging bands in a single dataset
2025-08-25 19:09:38,051 - INFO - timeseries_processing.py:167 -     Ensure all partial datasets are at (x=20, y=-20) resolution
2025-08-25 19:09:38,051 - INFO - timeseries_processing.py:171 -     Clip to the intersection of indexes
2025-08-25 19:09:39,347 - INFO - timeseries_processing.py:180 -     Make a list of bands to merge
2025-08-25 19:09:39,348 - INFO - timeseries_processing.py:184 -     Merge on intersection
2025-08-25 19:09:39,348 - INFO - timeseries_processing.py:192 -     Apply masks on clouds, shadows, thin cirrus, and snow/ice
2025-08-25 19:09:39,348 - INFO - sentinel2.py:122 -                Masking bits: [3, 7, 8, 9, 10, 11]
2025-08-25 19:09:40,678 - INFO - composites.py:307 - Reproject from UTM Zone to Tile geometry -> CRS(EPSG:32634), Resampling.bilinear
2025-08-25 19:09:47,322 - INFO - composites.py:310 -     New shape of datasets: Shape2d(x=2400, y=2400)
2025-08-25 19:09:47,999 - INFO - composites.py:342 - Creating preview plot of input scenes
2025-08-25 19:10:20,257 - INFO - timeseries_processing.py:349 - Saved preview for 'B04' to //nas-rs.topo.auth.gr/Latomeia/DROUGHT/composites/x09/y08/2020/01/01/S2L2A_medcomp_x09y08_202001_InDataPreview.jpeg
2025-08-25 19:10:20,265 - INFO - composites.py:348 - Clip value range
2025-08-25 19:10:22,171 - INFO - composites.py:353 -                           
2025-08-25 19:10:22,182 - INFO - composites.py:354 - Computing spectral indices:
2025-08-25 19:10:22,195 - INFO - composites.py:357 -     EVI...
2025-08-25 19:10:23,464 - INFO - composites.py:359 -     NDVI...
2025-08-25 19:10:23,922 - INFO - composites.py:361 -     PSRI2...
2025-08-25 19:10:24,239 - INFO - composites.py:364 - Clip to typical value range
2025-08-25 19:10:24,660 - INFO - composites.py:371 - Reducing to median value temporal composite
2025-08-25 19:10:51,565 - INFO - composites.py:390 - Scale and Define data types & nodata per band
2025-08-25 19:10:51,780 - INFO - composites.py:411 - Assign time range and tile ID in metadata
2025-08-25 19:10:51,780 - INFO - composites.py:419 - Write bands to raster COG files
2025-08-25 19:10:55,620 - INFO - composites.py:432 - Write B02 -> //nas-rs.topo.auth.gr/Latomeia/DROUGHT/composites/x09/y08/2020/01/01/S2L2A_medcomp_x09y08_202001_B02.tif
2025-08-25 19:10:59,537 - INFO - composites.py:432 - Write B03 -> //nas-rs.topo.auth.gr/Latomeia/DROUGHT/composites/x09/y08/2020/01/01/S2L2A_medcomp_x09y08_202001_B03.tif
2025-08-25 19:11:03,481 - INFO - composites.py:432 - Write B04 -> //nas-rs.topo.auth.gr/Latomeia/DROUGHT/composites/x09/y08/2020/01/01/S2L2A_medcomp_x09y08_202001_B04.tif
2025-08-25 19:11:07,364 - INFO - composites.py:432 - Write B05 -> //nas-rs.topo.auth.gr/Latomeia/DROUGHT/composites/x09/y08/2020/01/01/S2L2A_medcomp_x09y08_202001_B05.tif
2025-08-25 19:11:11,253 - INFO - composites.py:432 - Write B07 -> //nas-rs.topo.auth.gr/Latomeia/DROUGHT/composites/x09/y08/2020/01/01/S2L2A_medcomp_x09y08_202001_B07.tif
2025-08-25 19:11:15,156 - INFO - composites.py:432 - Write B8A -> //nas-rs.topo.auth.gr/Latomeia/DROUGHT/composites/x09/y08/2020/01/01/S2L2A_medcomp_x09y08_202001_B8A.tif
2025-08-25 19:11:19,402 - INFO - composites.py:432 - Write EVI -> //nas-rs.topo.auth.gr/Latomeia/DROUGHT/composites/x09/y08/2020/01/01/S2L2A_medcomp_x09y08_202001_EVI.tif
2025-08-25 19:11:23,269 - INFO - composites.py:432 - Write NDVI -> //nas-rs.topo.auth.gr/Latomeia/DROUGHT/composites/x09/y08/2020/01/01/S2L2A_medcomp_x09y08_202001_NDVI.tif
2025-08-25 19:11:27,099 - INFO - composites.py:432 - Write PSRI2 -> //nas-rs.topo.auth.gr/Latomeia/DROUGHT/composites/x09/y08/2020/01/01/S2L2A_medcomp_x09y08_202001_PSRI2.tif
2025-08-25 19:11:27,099 - INFO - composites.py:436 - Prepare metadata YAML document
2025-08-25 19:11:27,603 - INFO - composites.py:458 - Write metadata YAML document to disk
2025-08-25 19:11:27,651 - INFO - composites.py:463 - Create datacube.model.Dataset from eo3 metadata
2025-08-25 19:11:27,662 - INFO - composites.py:474 - Index to datacube
2025-08-25 19:11:27,662 - INFO - _datasets.py:191 - Indexing 35163909-8322-44ef-8bc7-ce8bd35c8a40
2025-08-25 19:11:27,672 - INFO - composites.py:477 - 
2025-08-25 19:11:27,672 - INFO - composites.py:478 -              ✔✔✔ COMPLETED: Tile x09_y08 | Time: 2020-01 | In 10.31 minutes
2025-08-25 19:11:27,672 - INFO - composites.py:479 - 
2025-08-25 19:11:27,673 - INFO - composites.py:487 - Closing Dask client
2025-08-25 19:11:27,690 - INFO - composites.py:491 - Closing Dask cluster
2025-08-25 19:11:27,690 - INFO - composites.py:492 - #######################################################################
