2025-08-20 23:39:00,582 - INFO - composites.py:100 - #######################################################################
2025-08-20 23:39:00,582 - INFO - composites.py:102 - Processing started
2025-08-20 23:39:00,582 - INFO - composites.py:103 -         Tile: x11_y12
2025-08-20 23:39:00,582 - INFO - composites.py:104 -         Time: 2022-04
2025-08-20 23:39:00,582 - INFO - composites.py:107 -                           
2025-08-20 23:39:00,582 - INFO - composites.py:108 - Establishing connection to datacube
2025-08-20 23:39:01,282 - INFO - composites.py:111 -                           
2025-08-20 23:39:01,283 - INFO - composites.py:112 - Sanity test: Check if dataset already exists in the datacube
2025-08-20 23:39:01,304 - INFO - composites.py:131 - The composite requested was not found and it will be computed
2025-08-20 23:39:01,304 - INFO - composites.py:134 -                                  
2025-08-20 23:39:01,304 - INFO - composites.py:135 - Initializing Dask cluster for parallelization
2025-08-20 23:39:06,878 - INFO - composites.py:159 - Dask dashboard is available at: http://127.0.0.1:8787/status
2025-08-20 23:39:06,878 - INFO - composites.py:162 - Create directories and naming conversions
2025-08-20 23:39:06,883 - INFO - composites.py:173 - Dataset location: //nas-rs.topo.auth.gr/Latomeia/DROUGHT/COMPOS/2022/04/x11_y12
2025-08-20 23:39:06,883 - INFO - composites.py:176 -                           
2025-08-20 23:39:06,883 - INFO - composites.py:177 - Retrieve tile geometry
2025-08-20 23:39:06,927 - INFO - composites.py:188 - Create the Bounding Box (φ,λ)
2025-08-20 23:39:06,928 - INFO - composites.py:194 - Create the Bounding Box (x,y)
2025-08-20 23:39:06,928 - INFO - composites.py:207 -                           
2025-08-20 23:39:06,928 - INFO - composites.py:208 - Connect to Planetary Computer STAC Catalog
2025-08-20 23:39:07,220 - INFO - composites.py:216 - Search the STAC Catalog
2025-08-20 23:39:07,289 - INFO - composites.py:228 -         Query parameters:
2025-08-20 23:39:07,290 - INFO - composites.py:229 -             url:          https://planetarycomputer.microsoft.com/api/stac/v1/search
2025-08-20 23:39:07,290 - INFO - composites.py:230 -             client:       microsoft-pc
2025-08-20 23:39:07,290 - INFO - composites.py:231 -             collection:   sentinel-2-l2a
2025-08-20 23:39:07,290 - INFO - composites.py:232 -             bbox:         (23.175099953185697, 38.50017402535158, 23.855798034177884, 39.054471826094584)
2025-08-20 23:39:07,290 - INFO - composites.py:233 -             time range:   2022-04-01T00:00:00Z/2022-04-30T23:59:59Z
2025-08-20 23:39:07,290 - INFO - composites.py:234 -             cloud cover:  0% - 70%
2025-08-20 23:39:07,290 - INFO - composites.py:235 -             nodata cover: 0% - 33%
2025-08-20 23:39:07,290 - INFO - composites.py:237 -                           
2025-08-20 23:39:07,290 - INFO - composites.py:238 - Searching...
2025-08-20 23:39:07,896 - INFO - composites.py:241 - Query found 50 items
2025-08-20 23:39:07,896 - INFO - composites.py:243 - Searching for GRI REFINED scenes:
2025-08-20 23:39:13,682 - INFO - sentinel2.py:78 - 1/50 - S2B_MSIL2A_20220428T092019_R093_T34SFJ_20220429T023430 -> REFINED
2025-08-20 23:39:19,472 - INFO - sentinel2.py:78 - 2/50 - S2B_MSIL2A_20220428T092019_R093_T34SFH_20220429T025401 -> REFINED
2025-08-20 23:39:25,253 - INFO - sentinel2.py:78 - 3/50 - S2B_MSIL2A_20220425T090549_R050_T35SKD_20240610T054133 -> REFINED
2025-08-20 23:39:30,579 - INFO - sentinel2.py:78 - 4/50 - S2B_MSIL2A_20220425T090549_R050_T35SKD_20220426T050956 -> REFINED
2025-08-20 23:39:36,349 - INFO - sentinel2.py:78 - 5/50 - S2B_MSIL2A_20220425T090549_R050_T35SKC_20240610T054133 -> REFINED
2025-08-20 23:39:40,283 - INFO - sentinel2.py:78 - 6/50 - S2B_MSIL2A_20220425T090549_R050_T35SKC_20220426T052456 -> REFINED
2025-08-20 23:39:46,140 - INFO - sentinel2.py:78 - 7/50 - S2B_MSIL2A_20220425T090549_R050_T34SGJ_20240610T054133 -> REFINED
2025-08-20 23:39:51,344 - INFO - sentinel2.py:78 - 8/50 - S2B_MSIL2A_20220425T090549_R050_T34SGJ_20220426T051150 -> REFINED
2025-08-20 23:39:57,152 - INFO - sentinel2.py:78 - 9/50 - S2B_MSIL2A_20220425T090549_R050_T34SGH_20240610T054133 -> REFINED
2025-08-20 23:40:03,096 - INFO - sentinel2.py:78 - 10/50 - S2B_MSIL2A_20220425T090549_R050_T34SGH_20220426T051409 -> REFINED
2025-08-20 23:40:08,334 - INFO - sentinel2.py:78 - 11/50 - S2A_MSIL2A_20220423T092031_R093_T34SFJ_20220424T024835 -> REFINED
2025-08-20 23:40:14,569 - INFO - sentinel2.py:78 - 12/50 - S2A_MSIL2A_20220423T092031_R093_T34SFH_20220424T054743 -> REFINED
2025-08-20 23:40:19,386 - INFO - sentinel2.py:78 - 13/50 - S2A_MSIL2A_20220420T090601_R050_T35SKD_20240610T182452 -> REFINED
2025-08-20 23:40:25,074 - INFO - sentinel2.py:78 - 14/50 - S2A_MSIL2A_20220420T090601_R050_T35SKD_20220420T220724 -> REFINED
2025-08-20 23:40:30,795 - INFO - sentinel2.py:78 - 15/50 - S2A_MSIL2A_20220420T090601_R050_T35SKC_20240610T182452 -> REFINED
2025-08-20 23:40:36,659 - INFO - sentinel2.py:78 - 16/50 - S2A_MSIL2A_20220420T090601_R050_T35SKC_20220420T200419 -> REFINED
2025-08-20 23:40:41,338 - INFO - sentinel2.py:78 - 17/50 - S2A_MSIL2A_20220420T090601_R050_T34SGH_20240610T182452 -> REFINED
2025-08-20 23:40:46,063 - INFO - sentinel2.py:78 - 18/50 - S2A_MSIL2A_20220420T090601_R050_T34SGH_20220420T205445 -> REFINED
2025-08-20 23:40:51,433 - INFO - sentinel2.py:78 - 19/50 - S2B_MSIL2A_20220415T090549_R050_T35SKD_20240617T181011 -> REFINED
2025-08-20 23:40:56,618 - INFO - sentinel2.py:78 - 20/50 - S2B_MSIL2A_20220415T090549_R050_T35SKD_20220415T203425 -> REFINED
2025-08-20 23:41:02,414 - INFO - sentinel2.py:78 - 21/50 - S2B_MSIL2A_20220415T090549_R050_T35SKC_20240617T181011 -> REFINED
2025-08-20 23:41:07,809 - INFO - sentinel2.py:78 - 22/50 - S2B_MSIL2A_20220415T090549_R050_T35SKC_20220415T214214 -> REFINED
2025-08-20 23:41:12,566 - INFO - sentinel2.py:78 - 23/50 - S2B_MSIL2A_20220415T090549_R050_T34SGJ_20240617T181011 -> REFINED
2025-08-20 23:41:17,643 - INFO - sentinel2.py:78 - 24/50 - S2B_MSIL2A_20220415T090549_R050_T34SGJ_20220415T204747 -> REFINED
2025-08-20 23:41:23,464 - INFO - sentinel2.py:78 - 25/50 - S2B_MSIL2A_20220415T090549_R050_T34SGH_20240617T181011 -> REFINED
2025-08-20 23:41:28,586 - INFO - sentinel2.py:78 - 26/50 - S2B_MSIL2A_20220415T090549_R050_T34SGH_20220415T213525 -> REFINED
2025-08-20 23:41:34,384 - INFO - sentinel2.py:78 - 27/50 - S2A_MSIL2A_20220413T092031_R093_T34SFJ_20220414T032651 -> REFINED
2025-08-20 23:41:40,124 - INFO - sentinel2.py:78 - 28/50 - S2A_MSIL2A_20220413T092031_R093_T34SFH_20220414T053338 -> REFINED
2025-08-20 23:41:45,407 - INFO - sentinel2.py:78 - 29/50 - S2A_MSIL2A_20220410T090601_R050_T35SKD_20240608T092245 -> REFINED
2025-08-20 23:41:51,330 - INFO - sentinel2.py:78 - 30/50 - S2A_MSIL2A_20220410T090601_R050_T35SKD_20220411T074512 -> REFINED
2025-08-20 23:41:55,989 - INFO - sentinel2.py:78 - 31/50 - S2A_MSIL2A_20220410T090601_R050_T35SKC_20240608T092245 -> REFINED
2025-08-20 23:42:01,519 - INFO - sentinel2.py:78 - 32/50 - S2A_MSIL2A_20220410T090601_R050_T35SKC_20220411T073326 -> REFINED
2025-08-20 23:42:07,316 - INFO - sentinel2.py:78 - 33/50 - S2A_MSIL2A_20220410T090601_R050_T34SGJ_20240608T092245 -> REFINED
2025-08-20 23:42:13,731 - INFO - sentinel2.py:78 - 34/50 - S2A_MSIL2A_20220410T090601_R050_T34SGJ_20220411T094042 -> REFINED
2025-08-20 23:42:18,672 - INFO - sentinel2.py:78 - 35/50 - S2A_MSIL2A_20220410T090601_R050_T34SGH_20240608T092245 -> REFINED
2025-08-20 23:42:23,576 - INFO - sentinel2.py:78 - 36/50 - S2A_MSIL2A_20220410T090601_R050_T34SGH_20220411T083258 -> REFINED
2025-08-20 23:42:28,426 - INFO - sentinel2.py:78 - 37/50 - S2B_MSIL2A_20220408T092029_R093_T34SFJ_20220408T224802 -> REFINED
2025-08-20 23:42:34,114 - INFO - sentinel2.py:78 - 38/50 - S2B_MSIL2A_20220408T092029_R093_T34SFH_20220408T230319 -> REFINED
2025-08-20 23:42:39,331 - INFO - sentinel2.py:78 - 39/50 - S2B_MSIL2A_20220405T090549_R050_T35SKD_20240526T234235 -> REFINED
2025-08-20 23:42:44,040 - INFO - sentinel2.py:78 - 40/50 - S2B_MSIL2A_20220405T090549_R050_T35SKD_20220406T002323 -> REFINED
2025-08-20 23:42:49,211 - INFO - sentinel2.py:78 - 41/50 - S2B_MSIL2A_20220405T090549_R050_T35SKC_20240526T234235 -> REFINED
2025-08-20 23:42:54,111 - INFO - sentinel2.py:78 - 42/50 - S2B_MSIL2A_20220405T090549_R050_T35SKC_20220406T010104 -> REFINED
2025-08-20 23:42:59,887 - INFO - sentinel2.py:78 - 43/50 - S2B_MSIL2A_20220405T090549_R050_T34SGJ_20240526T234235 -> REFINED
2025-08-20 23:43:04,601 - INFO - sentinel2.py:78 - 44/50 - S2B_MSIL2A_20220405T090549_R050_T34SGJ_20220406T010056 -> REFINED
2025-08-20 23:43:09,971 - INFO - sentinel2.py:78 - 45/50 - S2B_MSIL2A_20220405T090549_R050_T34SGH_20240526T234235 -> REFINED
2025-08-20 23:43:14,999 - INFO - sentinel2.py:78 - 46/50 - S2B_MSIL2A_20220405T090549_R050_T34SGH_20220406T000935 -> REFINED
2025-08-20 23:43:21,054 - INFO - sentinel2.py:78 - 47/50 - S2A_MSIL2A_20220403T092031_R093_T34SFJ_20240523T063612 -> REFINED
2025-08-20 23:43:26,605 - INFO - sentinel2.py:78 - 48/50 - S2A_MSIL2A_20220403T092031_R093_T34SFJ_20220403T232150 -> REFINED
2025-08-20 23:43:32,292 - INFO - sentinel2.py:78 - 49/50 - S2A_MSIL2A_20220403T092031_R093_T34SFH_20240523T063612 -> REFINED
2025-08-20 23:43:37,913 - INFO - sentinel2.py:78 - 50/50 - S2A_MSIL2A_20220403T092031_R093_T34SFH_20220403T205950 -> REFINED
2025-08-20 23:43:37,958 - INFO - composites.py:246 -                                  
2025-08-20 23:43:37,959 - INFO - composites.py:247 - 50/50 were refined by GRI.
2025-08-20 23:43:37,959 - INFO - composites.py:259 - Looking for up to 10 cleanest images within spatiotemporal range of each MGRS tile
2025-08-20 23:43:37,960 - INFO - composites.py:273 - Filtered cleanest scenes: Kept 50 out of 50 items. 
2025-08-20 23:43:37,960 - INFO - composites.py:274 -         Included MGRS Tiles: ['34SFH' '34SFJ' '34SGH' '34SGJ' '35SKC' '35SKD']
2025-08-20 23:43:37,960 - INFO - composites.py:275 -         Included EPSG codes: [32634 32635]
2025-08-20 23:43:37,998 - INFO - composites.py:277 - Selected scenes:
2025-08-20 23:43:37,999 - INFO - composites.py:279 -         S2A_MSIL2A_20220413T092031_R093_T34SFH_20220414T053338
2025-08-20 23:43:38,014 - INFO - composites.py:279 -         S2B_MSIL2A_20220428T092019_R093_T34SFH_20220429T025401
2025-08-20 23:43:38,014 - INFO - composites.py:279 -         S2B_MSIL2A_20220408T092029_R093_T34SFH_20220408T230319
2025-08-20 23:43:38,014 - INFO - composites.py:279 -         S2A_MSIL2A_20220403T092031_R093_T34SFH_20240523T063612
2025-08-20 23:43:38,014 - INFO - composites.py:279 -         S2A_MSIL2A_20220403T092031_R093_T34SFH_20220403T205950
2025-08-20 23:43:38,016 - INFO - composites.py:279 -         S2A_MSIL2A_20220423T092031_R093_T34SFH_20220424T054743
2025-08-20 23:43:38,016 - INFO - composites.py:279 -         S2B_MSIL2A_20220428T092019_R093_T34SFJ_20220429T023430
2025-08-20 23:43:38,016 - INFO - composites.py:279 -         S2A_MSIL2A_20220413T092031_R093_T34SFJ_20220414T032651
2025-08-20 23:43:38,016 - INFO - composites.py:279 -         S2A_MSIL2A_20220423T092031_R093_T34SFJ_20220424T024835
2025-08-20 23:43:38,017 - INFO - composites.py:279 -         S2A_MSIL2A_20220403T092031_R093_T34SFJ_20240523T063612
2025-08-20 23:43:38,017 - INFO - composites.py:279 -         S2A_MSIL2A_20220403T092031_R093_T34SFJ_20220403T232150
2025-08-20 23:43:38,017 - INFO - composites.py:279 -         S2B_MSIL2A_20220408T092029_R093_T34SFJ_20220408T224802
2025-08-20 23:43:38,017 - INFO - composites.py:279 -         S2A_MSIL2A_20220410T090601_R050_T34SGH_20220411T083258
2025-08-20 23:43:38,017 - INFO - composites.py:279 -         S2A_MSIL2A_20220410T090601_R050_T34SGH_20240608T092245
2025-08-20 23:43:38,017 - INFO - composites.py:279 -         S2B_MSIL2A_20220415T090549_R050_T34SGH_20220415T213525
2025-08-20 23:43:38,017 - INFO - composites.py:279 -         S2B_MSIL2A_20220415T090549_R050_T34SGH_20240617T181011
2025-08-20 23:43:38,017 - INFO - composites.py:279 -         S2B_MSIL2A_20220425T090549_R050_T34SGH_20220426T051409
2025-08-20 23:43:38,017 - INFO - composites.py:279 -         S2B_MSIL2A_20220425T090549_R050_T34SGH_20240610T054133
2025-08-20 23:43:38,017 - INFO - composites.py:279 -         S2A_MSIL2A_20220420T090601_R050_T34SGH_20220420T205445
2025-08-20 23:43:38,017 - INFO - composites.py:279 -         S2A_MSIL2A_20220420T090601_R050_T34SGH_20240610T182452
2025-08-20 23:43:38,017 - INFO - composites.py:279 -         S2B_MSIL2A_20220405T090549_R050_T34SGH_20220406T000935
2025-08-20 23:43:38,017 - INFO - composites.py:279 -         S2B_MSIL2A_20220405T090549_R050_T34SGH_20240526T234235
2025-08-20 23:43:38,017 - INFO - composites.py:279 -         S2B_MSIL2A_20220415T090549_R050_T34SGJ_20220415T204747
2025-08-20 23:43:38,017 - INFO - composites.py:279 -         S2B_MSIL2A_20220415T090549_R050_T34SGJ_20240617T181011
2025-08-20 23:43:38,017 - INFO - composites.py:279 -         S2B_MSIL2A_20220425T090549_R050_T34SGJ_20240610T054133
2025-08-20 23:43:38,018 - INFO - composites.py:279 -         S2B_MSIL2A_20220425T090549_R050_T34SGJ_20220426T051150
2025-08-20 23:43:38,018 - INFO - composites.py:279 -         S2B_MSIL2A_20220405T090549_R050_T34SGJ_20240526T234235
2025-08-20 23:43:38,018 - INFO - composites.py:279 -         S2B_MSIL2A_20220405T090549_R050_T34SGJ_20220406T010056
2025-08-20 23:43:38,018 - INFO - composites.py:279 -         S2A_MSIL2A_20220410T090601_R050_T34SGJ_20220411T094042
2025-08-20 23:43:38,018 - INFO - composites.py:279 -         S2A_MSIL2A_20220410T090601_R050_T34SGJ_20240608T092245
2025-08-20 23:43:38,018 - INFO - composites.py:279 -         S2B_MSIL2A_20220415T090549_R050_T35SKC_20220415T214214
2025-08-20 23:43:38,018 - INFO - composites.py:279 -         S2B_MSIL2A_20220415T090549_R050_T35SKC_20240617T181011
2025-08-20 23:43:38,018 - INFO - composites.py:279 -         S2A_MSIL2A_20220410T090601_R050_T35SKC_20220411T073326
2025-08-20 23:43:38,018 - INFO - composites.py:279 -         S2A_MSIL2A_20220410T090601_R050_T35SKC_20240608T092245
2025-08-20 23:43:38,018 - INFO - composites.py:279 -         S2B_MSIL2A_20220425T090549_R050_T35SKC_20240610T054133
2025-08-20 23:43:38,018 - INFO - composites.py:279 -         S2B_MSIL2A_20220425T090549_R050_T35SKC_20220426T052456
2025-08-20 23:43:38,018 - INFO - composites.py:279 -         S2B_MSIL2A_20220405T090549_R050_T35SKC_20240526T234235
2025-08-20 23:43:38,018 - INFO - composites.py:279 -         S2B_MSIL2A_20220405T090549_R050_T35SKC_20220406T010104
2025-08-20 23:43:38,018 - INFO - composites.py:279 -         S2A_MSIL2A_20220420T090601_R050_T35SKC_20220420T200419
2025-08-20 23:43:38,018 - INFO - composites.py:279 -         S2A_MSIL2A_20220420T090601_R050_T35SKC_20240610T182452
2025-08-20 23:43:38,018 - INFO - composites.py:279 -         S2B_MSIL2A_20220415T090549_R050_T35SKD_20220415T203425
2025-08-20 23:43:38,018 - INFO - composites.py:279 -         S2B_MSIL2A_20220415T090549_R050_T35SKD_20240617T181011
2025-08-20 23:43:38,018 - INFO - composites.py:279 -         S2B_MSIL2A_20220425T090549_R050_T35SKD_20220426T050956
2025-08-20 23:43:38,018 - INFO - composites.py:279 -         S2B_MSIL2A_20220425T090549_R050_T35SKD_20240610T054133
2025-08-20 23:43:38,018 - INFO - composites.py:279 -         S2B_MSIL2A_20220405T090549_R050_T35SKD_20220406T002323
2025-08-20 23:43:38,018 - INFO - composites.py:279 -         S2B_MSIL2A_20220405T090549_R050_T35SKD_20240526T234235
2025-08-20 23:43:38,018 - INFO - composites.py:279 -         S2A_MSIL2A_20220410T090601_R050_T35SKD_20220411T074512
2025-08-20 23:43:38,018 - INFO - composites.py:279 -         S2A_MSIL2A_20220410T090601_R050_T35SKD_20240608T092245
2025-08-20 23:43:38,018 - INFO - composites.py:279 -         S2A_MSIL2A_20220420T090601_R050_T35SKD_20220420T220724
2025-08-20 23:43:38,018 - INFO - composites.py:279 -         S2A_MSIL2A_20220420T090601_R050_T35SKD_20240610T182452
2025-08-20 23:43:38,612 - INFO - sentinel2.py:154 - Matplotlib backend: Agg
2025-08-20 23:43:39,040 - INFO - sentinel2.py:224 - Write input scenes footprint overlay: //nas-rs.topo.auth.gr/Latomeia/DROUGHT/COMPOS/2022/04/x11_y12/S2L2A_medcomp_x11_y12_202204_InDataFootprint.jpeg
2025-08-20 23:43:39,406 - INFO - composites.py:293 -                                  
2025-08-20 23:43:39,406 - INFO - composites.py:294 - Downstream STAC items from Planetary Computer
2025-08-20 23:43:39,406 - INFO - timeseries_processing.py:114 -                                  
2025-08-20 23:43:39,406 - INFO - timeseries_processing.py:115 - Loading bands of diferent resolutions in EPSG:32634
2025-08-20 23:43:39,406 - INFO - timeseries_processing.py:119 -     Filtering items with native UTM EPSG:32634
2025-08-20 23:43:39,406 - INFO - timeseries_processing.py:121 -     30 Items in EPSG:32634
2025-08-20 23:43:39,406 - INFO - timeseries_processing.py:128 -                        
2025-08-20 23:43:39,406 - INFO - timeseries_processing.py:129 -     Loading parameters:
2025-08-20 23:43:39,406 - INFO - timeseries_processing.py:130 -         Bands: ['B05', 'B07', 'B8A', 'SCL']
2025-08-20 23:43:39,406 - INFO - timeseries_processing.py:131 -         Spatial resolution: 20
2025-08-20 23:43:39,406 - INFO - timeseries_processing.py:133 -         Get Assets from STAC Items
2025-08-20 23:43:39,406 - INFO - timeseries_processing.py:46 -         Initialize the STAC client
2025-08-20 23:43:40,072 - INFO - timeseries_processing.py:136 -         Loading 30 STAC Items....
2025-08-20 23:45:15,191 - INFO - timeseries_processing.py:158 -         Cube has been downloaded
2025-08-20 23:45:15,191 - INFO - timeseries_processing.py:167 -         Fix order of dimensions
2025-08-20 23:45:15,194 - INFO - timeseries_processing.py:172 -         Append bands to the band-list of EPSG:32634
2025-08-20 23:45:15,195 - INFO - timeseries_processing.py:128 -                        
2025-08-20 23:45:15,195 - INFO - timeseries_processing.py:129 -     Loading parameters:
2025-08-20 23:45:15,195 - INFO - timeseries_processing.py:130 -         Bands: ['B02', 'B03', 'B04']
2025-08-20 23:45:15,195 - INFO - timeseries_processing.py:131 -         Spatial resolution: 10
2025-08-20 23:45:15,195 - INFO - timeseries_processing.py:133 -         Get Assets from STAC Items
2025-08-20 23:45:15,195 - INFO - timeseries_processing.py:46 -         Initialize the STAC client
2025-08-20 23:45:15,871 - INFO - timeseries_processing.py:136 -         Loading 30 STAC Items....
2025-08-20 23:48:46,779 - INFO - timeseries_processing.py:158 -         Cube has been downloaded
2025-08-20 23:48:46,779 - INFO - timeseries_processing.py:161 -         Downsample 10m bands to 20m by average 2x2 binning
2025-08-20 23:49:01,823 - INFO - timeseries_processing.py:164 -         Align binned bands to native 20m bands (shape matching): method=bilinear
2025-08-20 23:49:12,098 - INFO - timeseries_processing.py:172 -         Append bands to the band-list of EPSG:32634
2025-08-20 23:49:12,098 - INFO - timeseries_processing.py:176 -                        
2025-08-20 23:49:12,098 - INFO - timeseries_processing.py:177 -     Merging bands in a single dataset
2025-08-20 23:49:12,098 - INFO - timeseries_processing.py:178 -     Ensure all partial datasets are at (x=20, y=-20) resolution
2025-08-20 23:49:12,098 - INFO - timeseries_processing.py:182 -     Clip to the intersection of indexes
2025-08-20 23:49:13,511 - INFO - timeseries_processing.py:191 -     Make a list of bands to merge
2025-08-20 23:49:13,512 - INFO - timeseries_processing.py:195 -     Merge on intersection
2025-08-20 23:49:13,513 - INFO - timeseries_processing.py:203 -     Apply masks on clouds, shadows, thin cirrus, and snow/ice
2025-08-20 23:49:13,513 - INFO - sentinel2.py:122 -                Masking bits: [3, 7, 8, 9, 10, 11]
2025-08-20 23:49:14,941 - INFO - timeseries_processing.py:209 -     Reproject to Tiling Schema projection EPSG:3035
2025-08-20 23:49:29,679 - INFO - timeseries_processing.py:114 -                                  
2025-08-20 23:49:29,679 - INFO - timeseries_processing.py:115 - Loading bands of diferent resolutions in EPSG:32635
2025-08-20 23:49:29,679 - INFO - timeseries_processing.py:119 -     Filtering items with native UTM EPSG:32635
2025-08-20 23:49:29,679 - INFO - timeseries_processing.py:121 -     20 Items in EPSG:32635
2025-08-20 23:49:29,679 - INFO - timeseries_processing.py:128 -                        
2025-08-20 23:49:29,679 - INFO - timeseries_processing.py:129 -     Loading parameters:
2025-08-20 23:49:29,679 - INFO - timeseries_processing.py:130 -         Bands: ['B05', 'B07', 'B8A', 'SCL']
2025-08-20 23:49:29,679 - INFO - timeseries_processing.py:131 -         Spatial resolution: 20
2025-08-20 23:49:29,679 - INFO - timeseries_processing.py:133 -         Get Assets from STAC Items
2025-08-20 23:49:29,679 - INFO - timeseries_processing.py:46 -         Initialize the STAC client
2025-08-20 23:49:30,245 - INFO - timeseries_processing.py:136 -         Loading 20 STAC Items....
2025-08-20 23:50:31,621 - INFO - timeseries_processing.py:158 -         Cube has been downloaded
2025-08-20 23:50:31,621 - INFO - timeseries_processing.py:167 -         Fix order of dimensions
2025-08-20 23:50:31,623 - INFO - timeseries_processing.py:172 -         Append bands to the band-list of EPSG:32635
2025-08-20 23:50:31,623 - INFO - timeseries_processing.py:128 -                        
2025-08-20 23:50:31,623 - INFO - timeseries_processing.py:129 -     Loading parameters:
2025-08-20 23:50:31,623 - INFO - timeseries_processing.py:130 -         Bands: ['B02', 'B03', 'B04']
2025-08-20 23:50:31,624 - INFO - timeseries_processing.py:131 -         Spatial resolution: 10
2025-08-20 23:50:31,624 - INFO - timeseries_processing.py:133 -         Get Assets from STAC Items
2025-08-20 23:50:31,624 - INFO - timeseries_processing.py:46 -         Initialize the STAC client
2025-08-20 23:50:32,187 - INFO - timeseries_processing.py:136 -         Loading 20 STAC Items....
2025-08-20 23:53:13,047 - INFO - timeseries_processing.py:158 -         Cube has been downloaded
2025-08-20 23:53:13,047 - INFO - timeseries_processing.py:161 -         Downsample 10m bands to 20m by average 2x2 binning
2025-08-20 23:53:20,317 - INFO - timeseries_processing.py:164 -         Align binned bands to native 20m bands (shape matching): method=bilinear
2025-08-20 23:53:24,906 - INFO - timeseries_processing.py:172 -         Append bands to the band-list of EPSG:32635
2025-08-20 23:53:24,906 - INFO - timeseries_processing.py:176 -                        
2025-08-20 23:53:24,906 - INFO - timeseries_processing.py:177 -     Merging bands in a single dataset
2025-08-20 23:53:24,906 - INFO - timeseries_processing.py:178 -     Ensure all partial datasets are at (x=20, y=-20) resolution
2025-08-20 23:53:24,907 - INFO - timeseries_processing.py:182 -     Clip to the intersection of indexes
2025-08-20 23:53:24,909 - INFO - timeseries_processing.py:191 -     Make a list of bands to merge
2025-08-20 23:53:24,910 - INFO - timeseries_processing.py:195 -     Merge on intersection
2025-08-20 23:53:24,912 - INFO - timeseries_processing.py:203 -     Apply masks on clouds, shadows, thin cirrus, and snow/ice
2025-08-20 23:53:24,912 - INFO - sentinel2.py:122 -                Masking bits: [3, 7, 8, 9, 10, 11]
2025-08-20 23:53:25,617 - INFO - timeseries_processing.py:209 -     Reproject to Tiling Schema projection EPSG:3035
2025-08-20 23:53:33,157 - INFO - composites.py:303 - Clip and align to tile geometry
2025-08-20 23:53:39,101 - INFO - composites.py:309 -                           
2025-08-20 23:53:39,112 - INFO - composites.py:310 - Mosaic datasets of different native UTM zones to a single dataset
2025-08-20 23:53:48,345 - INFO - composites.py:323 - Scale SR to Sen2Cor Baseline 4.00 - Subtract 1000 in dates post 2022-01-25
2025-08-20 23:53:50,009 - INFO - composites.py:336 - Creating preview plot of input scenes
2025-08-20 23:54:31,206 - INFO - timeseries_processing.py:367 - Saved preview for 'B04' to //nas-rs.topo.auth.gr/Latomeia/DROUGHT/COMPOS/2022/04/x11_y12/S2L2A_medcomp_x11_y12_202204_InDataPreview.jpeg
2025-08-20 23:54:31,215 - INFO - composites.py:342 - Clip value range
2025-08-20 23:54:33,338 - INFO - composites.py:347 -                           
2025-08-20 23:54:33,338 - INFO - composites.py:348 - Computing spectral indices:
2025-08-20 23:54:33,338 - INFO - composites.py:351 -     EVI...
2025-08-20 23:54:34,662 - INFO - composites.py:353 -     NDVI...
2025-08-20 23:54:34,989 - INFO - composites.py:355 -     PSRI2...
2025-08-20 23:54:35,424 - INFO - composites.py:358 - Clip to typical value range
2025-08-20 23:54:35,900 - INFO - composites.py:365 - Reducing to median value temporal composite
2025-08-20 23:55:05,886 - INFO - composites.py:384 - Define data types and nodata per band
2025-08-20 23:55:06,088 - INFO - composites.py:405 - Assign time range and tile ID in metadata
2025-08-20 23:55:06,089 - INFO - composites.py:413 - Write bands to raster COG files
2025-08-20 23:55:10,728 - INFO - composites.py:426 - Write B02 -> //nas-rs.topo.auth.gr/Latomeia/DROUGHT/COMPOS/2022/04/x11_y12/S2L2A_medcomp_x11_y12_202204_B02.tif
2025-08-20 23:55:15,606 - INFO - composites.py:426 - Write B03 -> //nas-rs.topo.auth.gr/Latomeia/DROUGHT/COMPOS/2022/04/x11_y12/S2L2A_medcomp_x11_y12_202204_B03.tif
2025-08-20 23:55:20,515 - INFO - composites.py:426 - Write B04 -> //nas-rs.topo.auth.gr/Latomeia/DROUGHT/COMPOS/2022/04/x11_y12/S2L2A_medcomp_x11_y12_202204_B04.tif
2025-08-20 23:55:25,248 - INFO - composites.py:426 - Write B05 -> //nas-rs.topo.auth.gr/Latomeia/DROUGHT/COMPOS/2022/04/x11_y12/S2L2A_medcomp_x11_y12_202204_B05.tif
2025-08-20 23:55:29,988 - INFO - composites.py:426 - Write B07 -> //nas-rs.topo.auth.gr/Latomeia/DROUGHT/COMPOS/2022/04/x11_y12/S2L2A_medcomp_x11_y12_202204_B07.tif
2025-08-20 23:55:34,723 - INFO - composites.py:426 - Write B8A -> //nas-rs.topo.auth.gr/Latomeia/DROUGHT/COMPOS/2022/04/x11_y12/S2L2A_medcomp_x11_y12_202204_B8A.tif
2025-08-20 23:55:39,400 - INFO - composites.py:426 - Write EVI -> //nas-rs.topo.auth.gr/Latomeia/DROUGHT/COMPOS/2022/04/x11_y12/S2L2A_medcomp_x11_y12_202204_evi.tif
2025-08-20 23:55:44,129 - INFO - composites.py:426 - Write NDVI -> //nas-rs.topo.auth.gr/Latomeia/DROUGHT/COMPOS/2022/04/x11_y12/S2L2A_medcomp_x11_y12_202204_ndvi.tif
2025-08-20 23:55:48,808 - INFO - composites.py:426 - Write PSRI2 -> //nas-rs.topo.auth.gr/Latomeia/DROUGHT/COMPOS/2022/04/x11_y12/S2L2A_medcomp_x11_y12_202204_psri2.tif
2025-08-20 23:55:48,821 - INFO - composites.py:430 - Prepare metadata YAML document
2025-08-20 23:55:49,648 - INFO - composites.py:451 - Write metadata YAML document to disk
2025-08-20 23:55:49,694 - INFO - composites.py:456 - Create datacube.model.Dataset from eo3 metadata
2025-08-20 23:55:49,702 - INFO - composites.py:467 - Index to datacube
2025-08-20 23:55:49,704 - INFO - _datasets.py:191 - Indexing b2b34c7e-1aaa-4b85-a559-e5b5ba6c395f
2025-08-20 23:55:49,713 - INFO - composites.py:470 - 
2025-08-20 23:55:49,713 - INFO - composites.py:471 -              ✔✔✔ COMPLETED: Tile x11_y12 | Time: 2022-04 | In 16.82 minutes
2025-08-20 23:55:49,713 - INFO - composites.py:472 - 
2025-08-20 23:55:49,713 - INFO - composites.py:480 - Closing Dask client
2025-08-20 23:55:49,715 - INFO - composites.py:484 - Closing Dask cluster
2025-08-20 23:55:49,715 - INFO - composites.py:485 - #######################################################################
