2025-08-19 11:14:24,736 - INFO - composites.py:100 - #######################################################################
2025-08-19 11:14:24,736 - INFO - composites.py:102 - Processing started
2025-08-19 11:14:24,736 - INFO - composites.py:103 -         Tile: x10_y09
2025-08-19 11:14:24,736 - INFO - composites.py:104 -         Time: 2021-04
2025-08-19 11:14:24,736 - INFO - composites.py:107 -                           
2025-08-19 11:14:24,736 - INFO - composites.py:108 - Establishing connection to datacube
2025-08-19 11:14:25,460 - INFO - composites.py:111 -                           
2025-08-19 11:14:25,463 - INFO - composites.py:112 - Sanity test: Check if dataset already exists in the datacube
2025-08-19 11:14:25,483 - INFO - composites.py:131 - The composite requested was not found and it will be computed
2025-08-19 11:14:25,483 - INFO - composites.py:134 -                                  
2025-08-19 11:14:25,483 - INFO - composites.py:135 - Initializing Dask cluster for parallelization
2025-08-19 11:14:31,511 - INFO - composites.py:159 - Dask dashboard is available at: http://127.0.0.1:8787/status
2025-08-19 11:14:31,511 - INFO - composites.py:162 - Create directories and naming conversions
2025-08-19 11:14:31,517 - INFO - composites.py:173 - Dataset location: //nas-rs.topo.auth.gr/Latomeia/DROUGHT/COMPOS/2021/04/x10_y09
2025-08-19 11:14:31,517 - INFO - composites.py:176 -                           
2025-08-19 11:14:31,517 - INFO - composites.py:177 - Retrieve tile geometry
2025-08-19 11:14:31,556 - INFO - composites.py:188 - Create the Bounding Box (φ,λ)
2025-08-19 11:14:31,556 - INFO - composites.py:194 - Create the Bounding Box (x,y)
2025-08-19 11:14:31,556 - INFO - composites.py:207 -                           
2025-08-19 11:14:31,556 - INFO - composites.py:208 - Connect to Planetary Computer STAC Catalog
2025-08-19 11:14:31,809 - INFO - composites.py:216 - Search the STAC Catalog
2025-08-19 11:14:31,887 - INFO - composites.py:228 -         Query parameters:
2025-08-19 11:14:31,887 - INFO - composites.py:229 -             url:          https://planetarycomputer.microsoft.com/api/stac/v1/search
2025-08-19 11:14:31,887 - INFO - composites.py:230 -             client:       microsoft-pc
2025-08-19 11:14:31,887 - INFO - composites.py:231 -             collection:   sentinel-2-l2a
2025-08-19 11:14:31,887 - INFO - composites.py:232 -             bbox:         (22.39329472142068, 37.29131262375434, 23.05748381504204, 37.842511892177306)
2025-08-19 11:14:31,887 - INFO - composites.py:233 -             time range:   2021-04-01T00:00:00Z/2021-04-30T23:59:59Z
2025-08-19 11:14:31,887 - INFO - composites.py:234 -             cloud cover:  0% - 70%
2025-08-19 11:14:31,887 - INFO - composites.py:235 -             nodata cover: 0% - 33%
2025-08-19 11:14:31,887 - INFO - composites.py:237 -                           
2025-08-19 11:14:31,887 - INFO - composites.py:238 - Searching...
2025-08-19 11:14:32,325 - INFO - composites.py:241 - Query found 10 items
2025-08-19 11:14:32,325 - INFO - composites.py:243 - Searching for GRI REFINED scenes:
2025-08-19 11:14:37,378 - INFO - sentinel2.py:78 - 1/10 - S2B_MSIL2A_20210430T090549_R050_T34SFG_20210525T033521 -> REFINED
2025-08-19 11:14:42,646 - INFO - sentinel2.py:78 - 2/10 - S2B_MSIL2A_20210423T092019_R093_T34SFH_20210525T004314 -> REFINED
2025-08-19 11:14:47,824 - INFO - sentinel2.py:78 - 3/10 - S2B_MSIL2A_20210423T092019_R093_T34SFG_20210525T004313 -> REFINED
2025-08-19 11:14:53,733 - INFO - sentinel2.py:78 - 4/10 - S2B_MSIL2A_20210420T090549_R050_T34SFG_20210524T233723 -> REFINED
2025-08-19 11:15:00,230 - INFO - sentinel2.py:78 - 5/10 - S2A_MSIL2A_20210415T090551_R050_T34SFG_20210523T133711 -> REFINED
2025-08-19 11:15:05,873 - INFO - sentinel2.py:78 - 6/10 - S2B_MSIL2A_20210413T092029_R093_T34SFH_20210524T204638 -> REFINED
2025-08-19 11:15:10,768 - INFO - sentinel2.py:78 - 7/10 - S2B_MSIL2A_20210410T090549_R050_T34SFG_20210524T192814 -> REFINED
2025-08-19 11:15:16,843 - INFO - sentinel2.py:78 - 8/10 - S2A_MSIL2A_20210408T092021_R093_T34SFG_20210523T100703 -> REFINED
2025-08-19 11:15:23,048 - INFO - sentinel2.py:78 - 9/10 - S2B_MSIL2A_20210403T092029_R093_T34SFH_20210524T162149 -> REFINED
2025-08-19 11:15:28,693 - INFO - sentinel2.py:78 - 10/10 - S2B_MSIL2A_20210403T092029_R093_T34SFG_20210524T162151 -> REFINED
2025-08-19 11:15:28,768 - INFO - composites.py:246 -                                  
2025-08-19 11:15:28,768 - INFO - composites.py:247 - 10/10 were refined by GRI.
2025-08-19 11:15:28,768 - INFO - composites.py:259 - Looking for up to 10 cleanest images within spatiotemporal range of each MGRS tile
2025-08-19 11:15:28,783 - INFO - composites.py:273 - Filtered cleanest scenes: Kept 10 out of 10 items. 
2025-08-19 11:15:28,783 - INFO - composites.py:274 -         Included MGRS Tiles: ['34SFG' '34SFH']
2025-08-19 11:15:28,784 - INFO - composites.py:275 -         Included EPSG codes: [32634]
2025-08-19 11:15:28,784 - INFO - composites.py:277 - Selected scenes:
2025-08-19 11:15:28,784 - INFO - composites.py:279 -         S2B_MSIL2A_20210410T090549_R050_T34SFG_20210524T192814
2025-08-19 11:15:28,784 - INFO - composites.py:279 -         S2A_MSIL2A_20210415T090551_R050_T34SFG_20210523T133711
2025-08-19 11:15:28,784 - INFO - composites.py:279 -         S2B_MSIL2A_20210403T092029_R093_T34SFG_20210524T162151
2025-08-19 11:15:28,786 - INFO - composites.py:279 -         S2B_MSIL2A_20210430T090549_R050_T34SFG_20210525T033521
2025-08-19 11:15:28,786 - INFO - composites.py:279 -         S2B_MSIL2A_20210423T092019_R093_T34SFG_20210525T004313
2025-08-19 11:15:28,786 - INFO - composites.py:279 -         S2B_MSIL2A_20210420T090549_R050_T34SFG_20210524T233723
2025-08-19 11:15:28,786 - INFO - composites.py:279 -         S2A_MSIL2A_20210408T092021_R093_T34SFG_20210523T100703
2025-08-19 11:15:28,787 - INFO - composites.py:279 -         S2B_MSIL2A_20210403T092029_R093_T34SFH_20210524T162149
2025-08-19 11:15:28,799 - INFO - composites.py:279 -         S2B_MSIL2A_20210413T092029_R093_T34SFH_20210524T204638
2025-08-19 11:15:28,804 - INFO - composites.py:279 -         S2B_MSIL2A_20210423T092019_R093_T34SFH_20210525T004314
2025-08-19 11:15:29,263 - INFO - sentinel2.py:154 - Matplotlib backend: Agg
2025-08-19 11:15:29,479 - INFO - sentinel2.py:224 - Write input scenes footprint overlay: //nas-rs.topo.auth.gr/Latomeia/DROUGHT/COMPOS/2021/04/x10_y09/S2L2A_medcomp_x10_y09_202104_InDataFootprint.jpeg
2025-08-19 11:15:29,754 - INFO - composites.py:293 -                                  
2025-08-19 11:15:29,754 - INFO - composites.py:294 - Downstream STAC items from Planetary Computer
2025-08-19 11:15:29,756 - INFO - timeseries_processing.py:114 -                                  
2025-08-19 11:15:29,756 - INFO - timeseries_processing.py:115 - Loading bands of diferent resolutions in EPSG:32634
2025-08-19 11:15:29,756 - INFO - timeseries_processing.py:119 -     Filtering items with native UTM EPSG:32634
2025-08-19 11:15:29,756 - INFO - timeseries_processing.py:121 -     10 Items in EPSG:32634
2025-08-19 11:15:29,756 - INFO - timeseries_processing.py:128 -                        
2025-08-19 11:15:29,756 - INFO - timeseries_processing.py:129 -     Loading parameters:
2025-08-19 11:15:29,756 - INFO - timeseries_processing.py:130 -         Bands: ['B05', 'B07', 'B8A', 'SCL']
2025-08-19 11:15:29,756 - INFO - timeseries_processing.py:131 -         Spatial resolution: 20
2025-08-19 11:15:29,756 - INFO - timeseries_processing.py:133 -         Get Assets from STAC Items
2025-08-19 11:15:29,756 - INFO - timeseries_processing.py:46 -         Initialize the STAC client
2025-08-19 11:15:30,154 - INFO - timeseries_processing.py:136 -         Loading 10 STAC Items....
2025-08-19 11:16:11,352 - INFO - timeseries_processing.py:158 -         Cube has been downloaded
2025-08-19 11:16:11,352 - INFO - timeseries_processing.py:167 -         Fix order of dimensions
2025-08-19 11:16:11,354 - INFO - timeseries_processing.py:172 -         Append bands to the band-list of EPSG:32634
2025-08-19 11:16:11,354 - INFO - timeseries_processing.py:128 -                        
2025-08-19 11:16:11,354 - INFO - timeseries_processing.py:129 -     Loading parameters:
2025-08-19 11:16:11,354 - INFO - timeseries_processing.py:130 -         Bands: ['B02', 'B03', 'B04']
2025-08-19 11:16:11,354 - INFO - timeseries_processing.py:131 -         Spatial resolution: 10
2025-08-19 11:16:11,354 - INFO - timeseries_processing.py:133 -         Get Assets from STAC Items
2025-08-19 11:16:11,354 - INFO - timeseries_processing.py:46 -         Initialize the STAC client
2025-08-19 11:16:12,144 - INFO - timeseries_processing.py:136 -         Loading 10 STAC Items....
2025-08-19 11:17:51,227 - INFO - timeseries_processing.py:158 -         Cube has been downloaded
2025-08-19 11:17:51,227 - INFO - timeseries_processing.py:161 -         Downsample 10m bands to 20m by average 2x2 binning
2025-08-19 11:18:03,101 - INFO - timeseries_processing.py:164 -         Align binned bands to native 20m bands (shape matching): method=bilinear
2025-08-19 11:18:13,388 - INFO - timeseries_processing.py:172 -         Append bands to the band-list of EPSG:32634
2025-08-19 11:18:13,388 - INFO - timeseries_processing.py:176 -                        
2025-08-19 11:18:13,388 - INFO - timeseries_processing.py:177 -     Merging bands in a single dataset
2025-08-19 11:18:13,388 - INFO - timeseries_processing.py:178 -     Ensure all partial datasets are at (x=20, y=-20) resolution
2025-08-19 11:18:13,389 - INFO - timeseries_processing.py:182 -     Clip to the intersection of indexes
2025-08-19 11:18:14,876 - INFO - timeseries_processing.py:191 -     Make a list of bands to merge
2025-08-19 11:18:14,877 - INFO - timeseries_processing.py:195 -     Merge on intersection
2025-08-19 11:18:14,878 - INFO - timeseries_processing.py:203 -     Apply masks on clouds, shadows, thin cirrus, and snow/ice
2025-08-19 11:18:14,878 - INFO - sentinel2.py:122 -                Masking bits: [3, 7, 8, 9, 10, 11]
2025-08-19 11:18:16,075 - INFO - timeseries_processing.py:209 -     Reproject to Tiling Schema projection EPSG:3035
2025-08-19 11:18:27,782 - INFO - composites.py:303 - Clip and align to tile geometry
2025-08-19 11:18:31,531 - INFO - composites.py:336 - Creating preview plot of input scenes
2025-08-19 11:19:08,055 - INFO - timeseries_processing.py:367 - Saved preview for 'B04' to //nas-rs.topo.auth.gr/Latomeia/DROUGHT/COMPOS/2021/04/x10_y09/S2L2A_medcomp_x10_y09_202104_InDataPreview.jpeg
2025-08-19 11:19:08,066 - INFO - composites.py:342 - Clip value range
2025-08-19 11:19:09,864 - INFO - composites.py:347 -                           
2025-08-19 11:19:09,881 - INFO - composites.py:348 - Computing spectral indices:
2025-08-19 11:19:09,881 - INFO - composites.py:351 -     EVI...
2025-08-19 11:19:11,005 - INFO - composites.py:353 -     NDVI...
2025-08-19 11:19:11,284 - INFO - composites.py:355 -     PSRI2...
2025-08-19 11:19:11,620 - INFO - composites.py:358 - Clip to typical value range
2025-08-19 11:19:12,016 - INFO - composites.py:365 - Reducing to median value temporal composite
2025-08-19 11:19:42,229 - INFO - composites.py:384 - Define data types and nodata per band
2025-08-19 11:19:42,390 - INFO - composites.py:405 - Assign time range and tile ID in metadata
2025-08-19 11:19:42,390 - INFO - composites.py:413 - Write bands to raster COG files
2025-08-19 11:19:47,052 - INFO - composites.py:426 - Write B02 -> //nas-rs.topo.auth.gr/Latomeia/DROUGHT/COMPOS/2021/04/x10_y09/S2L2A_medcomp_x10_y09_202104_B02.tif
2025-08-19 11:19:51,839 - INFO - composites.py:426 - Write B03 -> //nas-rs.topo.auth.gr/Latomeia/DROUGHT/COMPOS/2021/04/x10_y09/S2L2A_medcomp_x10_y09_202104_B03.tif
2025-08-19 11:19:56,564 - INFO - composites.py:426 - Write B04 -> //nas-rs.topo.auth.gr/Latomeia/DROUGHT/COMPOS/2021/04/x10_y09/S2L2A_medcomp_x10_y09_202104_B04.tif
2025-08-19 11:20:01,290 - INFO - composites.py:426 - Write B05 -> //nas-rs.topo.auth.gr/Latomeia/DROUGHT/COMPOS/2021/04/x10_y09/S2L2A_medcomp_x10_y09_202104_B05.tif
2025-08-19 11:20:06,019 - INFO - composites.py:426 - Write B07 -> //nas-rs.topo.auth.gr/Latomeia/DROUGHT/COMPOS/2021/04/x10_y09/S2L2A_medcomp_x10_y09_202104_B07.tif
2025-08-19 11:20:10,691 - INFO - composites.py:426 - Write B8A -> //nas-rs.topo.auth.gr/Latomeia/DROUGHT/COMPOS/2021/04/x10_y09/S2L2A_medcomp_x10_y09_202104_B8A.tif
2025-08-19 11:20:15,318 - INFO - composites.py:426 - Write EVI -> //nas-rs.topo.auth.gr/Latomeia/DROUGHT/COMPOS/2021/04/x10_y09/S2L2A_medcomp_x10_y09_202104_evi.tif
2025-08-19 11:20:19,972 - INFO - composites.py:426 - Write NDVI -> //nas-rs.topo.auth.gr/Latomeia/DROUGHT/COMPOS/2021/04/x10_y09/S2L2A_medcomp_x10_y09_202104_ndvi.tif
2025-08-19 11:20:24,897 - INFO - composites.py:426 - Write PSRI2 -> //nas-rs.topo.auth.gr/Latomeia/DROUGHT/COMPOS/2021/04/x10_y09/S2L2A_medcomp_x10_y09_202104_psri2.tif
2025-08-19 11:20:24,909 - INFO - composites.py:430 - Prepare metadata YAML document
2025-08-19 11:20:25,660 - INFO - composites.py:451 - Write metadata YAML document to disk
2025-08-19 11:20:25,709 - INFO - composites.py:456 - Create datacube.model.Dataset from eo3 metadata
2025-08-19 11:20:25,724 - INFO - composites.py:467 - Index to datacube
2025-08-19 11:20:25,725 - INFO - _datasets.py:191 - Indexing 7f074bfb-393e-47f6-aad0-af2956f6a555
2025-08-19 11:20:25,734 - INFO - composites.py:470 - 
2025-08-19 11:20:25,734 - INFO - composites.py:471 -              ✔✔✔ COMPLETED: Tile x10_y09 | Time: 2021-04 | In 6.02 minutes
2025-08-19 11:20:25,734 - INFO - composites.py:472 - 
2025-08-19 11:20:25,734 - INFO - composites.py:480 - Closing Dask client
2025-08-19 11:20:25,742 - INFO - composites.py:484 - Closing Dask cluster
2025-08-19 11:20:25,742 - INFO - composites.py:485 - #######################################################################
