2025-08-22 02:13:50,362 - INFO - composites.py:101 - #######################################################################
2025-08-22 02:13:50,362 - INFO - composites.py:103 - Processing started
2025-08-22 02:13:50,362 - INFO - composites.py:104 -         Tile: x06_y10
2025-08-22 02:13:50,362 - INFO - composites.py:105 -         Time: 2020-05
2025-08-22 02:13:50,362 - INFO - composites.py:108 -                           
2025-08-22 02:13:50,362 - INFO - composites.py:109 - Establishing connection to datacube
2025-08-22 02:13:50,868 - INFO - composites.py:112 -                           
2025-08-22 02:13:50,870 - INFO - composites.py:113 - Sanity test: Check if dataset already exists in the datacube
2025-08-22 02:13:50,887 - INFO - composites.py:132 - The composite requested was not found and it will be computed
2025-08-22 02:13:50,887 - INFO - composites.py:135 -                                  
2025-08-22 02:13:50,887 - INFO - composites.py:136 - Initializing Dask cluster for parallelization
2025-08-22 02:13:55,686 - INFO - composites.py:160 - Dask dashboard is available at: http://127.0.0.1:8787/status
2025-08-22 02:13:55,686 - INFO - composites.py:163 - Create directories and naming conversions
2025-08-22 02:13:55,696 - INFO - composites.py:174 - Dataset location: //nas-rs.topo.auth.gr/Latomeia/DROUGHT/COMPOS/2020/05/x06_y10
2025-08-22 02:13:55,696 - INFO - composites.py:177 -                           
2025-08-22 02:13:55,696 - INFO - composites.py:178 - Retrieve tile geometry
2025-08-22 02:13:55,724 - INFO - composites.py:189 - Create the Bounding Box (φ,λ)
2025-08-22 02:13:55,724 - INFO - composites.py:195 - Create the Bounding Box (x,y)
2025-08-22 02:13:55,724 - INFO - composites.py:208 -                           
2025-08-22 02:13:55,724 - INFO - composites.py:209 - Connect to Planetary Computer STAC Catalog
2025-08-22 02:13:55,932 - INFO - composites.py:217 - Search the STAC Catalog
2025-08-22 02:13:56,001 - INFO - composites.py:229 -         Query parameters:
2025-08-22 02:13:56,001 - INFO - composites.py:230 -             url:          https://planetarycomputer.microsoft.com/api/stac/v1/search
2025-08-22 02:13:56,001 - INFO - composites.py:231 -             client:       microsoft-pc
2025-08-22 02:13:56,001 - INFO - composites.py:232 -             collection:   sentinel-2-l2a
2025-08-22 02:13:56,002 - INFO - composites.py:233 -             bbox:         (20.319245809102355, 37.99152284404117, 20.978573606105773, 38.532714784526966)
2025-08-22 02:13:56,002 - INFO - composites.py:234 -             time range:   2020-05-01T00:00:00Z/2020-05-31T23:59:59Z
2025-08-22 02:13:56,002 - INFO - composites.py:235 -             cloud cover:  0% - 70%
2025-08-22 02:13:56,002 - INFO - composites.py:236 -             nodata cover: 0% - 33%
2025-08-22 02:13:56,002 - INFO - composites.py:238 -                           
2025-08-22 02:13:56,002 - INFO - composites.py:239 - Searching...
2025-08-22 02:13:56,432 - INFO - composites.py:242 - Query found 11 items
2025-08-22 02:13:56,432 - INFO - composites.py:244 - Searching for GRI REFINED scenes:
2025-08-22 02:14:00,634 - INFO - sentinel2.py:78 - 1/11 - S2B_MSIL2A_20200528T092029_R093_T34SDH_20200911T074354 -> Not Found
2025-08-22 02:14:04,663 - INFO - sentinel2.py:78 - 2/11 - S2A_MSIL2A_20200526T093041_R136_T34SDH_20200919T033136 -> Not Found
2025-08-22 02:14:08,917 - INFO - sentinel2.py:78 - 3/11 - S2A_MSIL2A_20200523T092031_R093_T34SDH_20200910T161121 -> Not Found
2025-08-22 02:14:14,044 - INFO - sentinel2.py:78 - 4/11 - S2B_MSIL2A_20200521T093039_R136_T34SDH_20200919T033137 -> Not Found
2025-08-22 02:14:18,783 - INFO - sentinel2.py:78 - 5/11 - S2B_MSIL2A_20200518T092029_R093_T34SDH_20201027T071123 -> Not Found
2025-08-22 02:14:23,343 - INFO - sentinel2.py:78 - 6/11 - S2A_MSIL2A_20200513T092031_R093_T34SDH_20200918T002801 -> Not Found
2025-08-22 02:14:28,115 - INFO - sentinel2.py:78 - 7/11 - S2B_MSIL2A_20200511T093029_R136_T34SDH_20200917T195120 -> Not Found
2025-08-22 02:14:32,373 - INFO - sentinel2.py:78 - 8/11 - S2B_MSIL2A_20200508T092029_R093_T34SDH_20200921T013423 -> Not Found
2025-08-22 02:14:38,422 - INFO - sentinel2.py:78 - 9/11 - S2A_MSIL2A_20200506T093041_R136_T34SDH_20200920T172655 -> Not Found
2025-08-22 02:14:43,487 - INFO - sentinel2.py:78 - 10/11 - S2A_MSIL2A_20200503T092031_R093_T34SDH_20200920T073207 -> Not Found
2025-08-22 02:14:48,543 - INFO - sentinel2.py:78 - 11/11 - S2B_MSIL2A_20200501T093029_R136_T34SDH_20200920T023936 -> Not Found
2025-08-22 02:14:48,576 - INFO - composites.py:247 -                                  
2025-08-22 02:14:48,576 - INFO - composites.py:248 - 0/11 were refined by GRI.
2025-08-22 02:14:48,577 - WARNING - composites.py:252 - Tile x06_y10 | Time: 2020-05: All scenes are flagged NOT REFINED.
2025-08-22 02:14:48,577 - WARNING - composites.py:253 - Tile x06_y10 | Time: 2020-05: The composite will be flagged with _NOREFINED.
2025-08-22 02:14:48,577 - INFO - composites.py:260 - Looking for up to 10 cleanest images within spatiotemporal range of each MGRS tile
2025-08-22 02:14:48,577 - INFO - composites.py:274 - Filtered cleanest scenes: Kept 10 out of 11 items. 
2025-08-22 02:14:48,577 - INFO - composites.py:275 -         Included MGRS Tiles: ['34SDH']
2025-08-22 02:14:48,582 - INFO - composites.py:276 -         Included EPSG codes: [32634]
2025-08-22 02:14:48,582 - INFO - composites.py:278 - Selected scenes:
2025-08-22 02:14:48,583 - INFO - composites.py:280 -         S2A_MSIL2A_20200513T092031_R093_T34SDH_20200918T002801
2025-08-22 02:14:48,583 - INFO - composites.py:280 -         S2B_MSIL2A_20200508T092029_R093_T34SDH_20200921T013423
2025-08-22 02:14:48,583 - INFO - composites.py:280 -         S2A_MSIL2A_20200523T092031_R093_T34SDH_20200910T161121
2025-08-22 02:14:48,583 - INFO - composites.py:280 -         S2A_MSIL2A_20200526T093041_R136_T34SDH_20200919T033136
2025-08-22 02:14:48,583 - INFO - composites.py:280 -         S2B_MSIL2A_20200518T092029_R093_T34SDH_20201027T071123
2025-08-22 02:14:48,583 - INFO - composites.py:280 -         S2B_MSIL2A_20200511T093029_R136_T34SDH_20200917T195120
2025-08-22 02:14:48,583 - INFO - composites.py:280 -         S2B_MSIL2A_20200528T092029_R093_T34SDH_20200911T074354
2025-08-22 02:14:48,583 - INFO - composites.py:280 -         S2A_MSIL2A_20200506T093041_R136_T34SDH_20200920T172655
2025-08-22 02:14:48,583 - INFO - composites.py:280 -         S2B_MSIL2A_20200501T093029_R136_T34SDH_20200920T023936
2025-08-22 02:14:48,583 - INFO - composites.py:280 -         S2B_MSIL2A_20200521T093039_R136_T34SDH_20200919T033137
2025-08-22 02:14:48,949 - INFO - sentinel2.py:154 - Matplotlib backend: Agg
2025-08-22 02:14:49,086 - INFO - sentinel2.py:224 - Write input scenes footprint overlay: //nas-rs.topo.auth.gr/Latomeia/DROUGHT/COMPOS/2020/05/x06_y10/S2L2A_medcomp_x06_y10_202005_InDataFootprint.jpeg
2025-08-22 02:14:49,352 - INFO - composites.py:294 -                                  
2025-08-22 02:14:49,354 - INFO - composites.py:295 - Downstream STAC items from Planetary Computer
2025-08-22 02:14:49,354 - INFO - timeseries_processing.py:115 -                                  
2025-08-22 02:14:49,354 - INFO - timeseries_processing.py:116 - Loading bands of diferent resolutions in EPSG:32634
2025-08-22 02:14:49,354 - INFO - timeseries_processing.py:120 -     Filtering items with native UTM EPSG:32634
2025-08-22 02:14:49,354 - INFO - timeseries_processing.py:122 -     10 Items in EPSG:32634
2025-08-22 02:14:49,354 - INFO - timeseries_processing.py:129 -                        
2025-08-22 02:14:49,354 - INFO - timeseries_processing.py:130 -     Loading parameters:
2025-08-22 02:14:49,354 - INFO - timeseries_processing.py:131 -         Bands: ['B05', 'B07', 'B8A', 'SCL']
2025-08-22 02:14:49,354 - INFO - timeseries_processing.py:132 -         Spatial resolution: 20
2025-08-22 02:14:49,354 - INFO - timeseries_processing.py:134 -         Get Assets from STAC Items
2025-08-22 02:14:49,354 - INFO - timeseries_processing.py:47 -         Initialize the STAC client
2025-08-22 02:14:50,036 - INFO - timeseries_processing.py:137 -         Loading 10 STAC Items....
2025-08-22 02:15:20,808 - INFO - timeseries_processing.py:146 -         Cube has been downloaded
2025-08-22 02:15:20,808 - INFO - timeseries_processing.py:156 -         Fix order of dimensions
2025-08-22 02:15:20,809 - INFO - timeseries_processing.py:161 -         Append bands to the band-list of EPSG:32634
2025-08-22 02:15:20,809 - INFO - timeseries_processing.py:129 -                        
2025-08-22 02:15:20,809 - INFO - timeseries_processing.py:130 -     Loading parameters:
2025-08-22 02:15:20,809 - INFO - timeseries_processing.py:131 -         Bands: ['B02', 'B03', 'B04']
2025-08-22 02:15:20,809 - INFO - timeseries_processing.py:132 -         Spatial resolution: 10
2025-08-22 02:15:20,810 - INFO - timeseries_processing.py:134 -         Get Assets from STAC Items
2025-08-22 02:15:20,810 - INFO - timeseries_processing.py:47 -         Initialize the STAC client
2025-08-22 02:15:21,448 - INFO - timeseries_processing.py:137 -         Loading 10 STAC Items....
2025-08-22 02:17:01,620 - INFO - timeseries_processing.py:146 -         Cube has been downloaded
2025-08-22 02:17:01,630 - INFO - timeseries_processing.py:149 -         Reproject to downsample 10m bands to 20m by Resampling.average 2x2 binning and shape matching with odc.geo.GeoBox
2025-08-22 02:17:16,271 - INFO - timeseries_processing.py:161 -         Append bands to the band-list of EPSG:32634
2025-08-22 02:17:16,271 - INFO - timeseries_processing.py:165 -                        
2025-08-22 02:17:16,271 - INFO - timeseries_processing.py:166 -     Merging bands in a single dataset
2025-08-22 02:17:16,271 - INFO - timeseries_processing.py:167 -     Ensure all partial datasets are at (x=20, y=-20) resolution
2025-08-22 02:17:16,272 - INFO - timeseries_processing.py:171 -     Clip to the intersection of indexes
2025-08-22 02:17:17,511 - INFO - timeseries_processing.py:180 -     Make a list of bands to merge
2025-08-22 02:17:17,513 - INFO - timeseries_processing.py:184 -     Merge on intersection
2025-08-22 02:17:17,513 - INFO - timeseries_processing.py:192 -     Apply masks on clouds, shadows, thin cirrus, and snow/ice
2025-08-22 02:17:17,513 - INFO - sentinel2.py:122 -                Masking bits: [3, 7, 8, 9, 10, 11]
2025-08-22 02:17:18,683 - INFO - composites.py:304 - Reproject from UTM Zone to Tile geometry -> CRS(EPSG:32634), Resampling.bilinear
2025-08-22 02:17:25,207 - INFO - composites.py:307 -     New shape of datasets: Shape2d(x=2400, y=2400)
2025-08-22 02:17:25,844 - INFO - composites.py:339 - Creating preview plot of input scenes
2025-08-22 02:17:58,249 - INFO - timeseries_processing.py:349 - Saved preview for 'B04' to //nas-rs.topo.auth.gr/Latomeia/DROUGHT/COMPOS/2020/05/x06_y10/S2L2A_medcomp_x06_y10_202005_InDataPreview.jpeg
2025-08-22 02:17:58,256 - INFO - composites.py:345 - Clip value range
2025-08-22 02:18:00,262 - INFO - composites.py:350 -                           
2025-08-22 02:18:00,262 - INFO - composites.py:351 - Computing spectral indices:
2025-08-22 02:18:00,262 - INFO - composites.py:354 -     EVI...
2025-08-22 02:18:01,543 - INFO - composites.py:356 -     NDVI...
2025-08-22 02:18:01,846 - INFO - composites.py:358 -     PSRI2...
2025-08-22 02:18:02,239 - INFO - composites.py:361 - Clip to typical value range
2025-08-22 02:18:02,686 - INFO - composites.py:368 - Reducing to median value temporal composite
2025-08-22 02:18:30,562 - INFO - composites.py:387 - Define data types and nodata per band
2025-08-22 02:18:30,733 - INFO - composites.py:408 - Assign time range and tile ID in metadata
2025-08-22 02:18:30,733 - INFO - composites.py:416 - Write bands to raster COG files
2025-08-22 02:18:34,585 - INFO - composites.py:429 - Write B02 -> //nas-rs.topo.auth.gr/Latomeia/DROUGHT/COMPOS/2020/05/x06_y10/S2L2A_medcomp_x06_y10_202005_B02.tif
2025-08-22 02:18:38,704 - INFO - composites.py:429 - Write B03 -> //nas-rs.topo.auth.gr/Latomeia/DROUGHT/COMPOS/2020/05/x06_y10/S2L2A_medcomp_x06_y10_202005_B03.tif
2025-08-22 02:18:42,533 - INFO - composites.py:429 - Write B04 -> //nas-rs.topo.auth.gr/Latomeia/DROUGHT/COMPOS/2020/05/x06_y10/S2L2A_medcomp_x06_y10_202005_B04.tif
2025-08-22 02:18:46,382 - INFO - composites.py:429 - Write B05 -> //nas-rs.topo.auth.gr/Latomeia/DROUGHT/COMPOS/2020/05/x06_y10/S2L2A_medcomp_x06_y10_202005_B05.tif
2025-08-22 02:18:50,206 - INFO - composites.py:429 - Write B07 -> //nas-rs.topo.auth.gr/Latomeia/DROUGHT/COMPOS/2020/05/x06_y10/S2L2A_medcomp_x06_y10_202005_B07.tif
2025-08-22 02:18:53,968 - INFO - composites.py:429 - Write B8A -> //nas-rs.topo.auth.gr/Latomeia/DROUGHT/COMPOS/2020/05/x06_y10/S2L2A_medcomp_x06_y10_202005_B8A.tif
2025-08-22 02:18:57,718 - INFO - composites.py:429 - Write EVI -> //nas-rs.topo.auth.gr/Latomeia/DROUGHT/COMPOS/2020/05/x06_y10/S2L2A_medcomp_x06_y10_202005_evi.tif
2025-08-22 02:19:01,448 - INFO - composites.py:429 - Write NDVI -> //nas-rs.topo.auth.gr/Latomeia/DROUGHT/COMPOS/2020/05/x06_y10/S2L2A_medcomp_x06_y10_202005_ndvi.tif
2025-08-22 02:19:05,179 - INFO - composites.py:429 - Write PSRI2 -> //nas-rs.topo.auth.gr/Latomeia/DROUGHT/COMPOS/2020/05/x06_y10/S2L2A_medcomp_x06_y10_202005_psri2.tif
2025-08-22 02:19:05,179 - INFO - composites.py:433 - Prepare metadata YAML document
2025-08-22 02:19:05,892 - INFO - composites.py:454 - Write metadata YAML document to disk
2025-08-22 02:19:05,950 - INFO - composites.py:459 - Create datacube.model.Dataset from eo3 metadata
2025-08-22 02:19:05,961 - INFO - composites.py:470 - Index to datacube
2025-08-22 02:19:05,962 - INFO - _datasets.py:191 - Indexing ae580137-f40e-4c62-9c11-245f7c502d0e
2025-08-22 02:19:05,971 - INFO - composites.py:473 - 
2025-08-22 02:19:05,971 - INFO - composites.py:474 -              ✔✔✔ COMPLETED: Tile x06_y10 | Time: 2020-05 | In 5.26 minutes
2025-08-22 02:19:05,971 - INFO - composites.py:475 - 
2025-08-22 02:19:05,971 - INFO - composites.py:483 - Closing Dask client
2025-08-22 02:19:05,974 - INFO - composites.py:487 - Closing Dask cluster
2025-08-22 02:19:05,974 - INFO - composites.py:488 - #######################################################################
