2025-08-22 23:16:18,468 - INFO - composites.py:101 - #######################################################################
2025-08-22 23:16:18,469 - INFO - composites.py:103 - Processing started
2025-08-22 23:16:18,469 - INFO - composites.py:104 -         Tile: x09_y11
2025-08-22 23:16:18,469 - INFO - composites.py:105 -         Time: 2020-11
2025-08-22 23:16:18,469 - INFO - composites.py:108 -                           
2025-08-22 23:16:18,469 - INFO - composites.py:109 - Establishing connection to datacube
2025-08-22 23:16:18,986 - INFO - composites.py:112 -                           
2025-08-22 23:16:18,986 - INFO - composites.py:113 - Sanity test: Check if dataset already exists in the datacube
2025-08-22 23:16:19,005 - INFO - composites.py:132 - The composite requested was not found and it will be computed
2025-08-22 23:16:19,005 - INFO - composites.py:135 -                                  
2025-08-22 23:16:19,005 - INFO - composites.py:136 - Initializing Dask cluster for parallelization
2025-08-22 23:16:24,039 - INFO - composites.py:160 - Dask dashboard is available at: http://127.0.0.1:8787/status
2025-08-22 23:16:24,039 - INFO - composites.py:163 - Create directories and naming conversions
2025-08-22 23:16:24,045 - INFO - composites.py:174 - Dataset location: //nas-rs.topo.auth.gr/Latomeia/DROUGHT/COMPOS/2020/11/x09_y11
2025-08-22 23:16:24,045 - INFO - composites.py:177 -                           
2025-08-22 23:16:24,045 - INFO - composites.py:178 - Retrieve tile geometry
2025-08-22 23:16:24,073 - INFO - composites.py:189 - Create the Bounding Box (φ,λ)
2025-08-22 23:16:24,073 - INFO - composites.py:195 - Create the Bounding Box (x,y)
2025-08-22 23:16:24,073 - INFO - composites.py:208 -                           
2025-08-22 23:16:24,074 - INFO - composites.py:209 - Connect to Planetary Computer STAC Catalog
2025-08-22 23:16:24,332 - INFO - composites.py:217 - Search the STAC Catalog
2025-08-22 23:16:24,400 - INFO - composites.py:229 -         Query parameters:
2025-08-22 23:16:24,400 - INFO - composites.py:230 -             url:          https://planetarycomputer.microsoft.com/api/stac/v1/search
2025-08-22 23:16:24,400 - INFO - composites.py:231 -             client:       microsoft-pc
2025-08-22 23:16:24,400 - INFO - composites.py:232 -             collection:   sentinel-2-l2a
2025-08-22 23:16:24,400 - INFO - composites.py:233 -             bbox:         (22.011426495899283, 38.22146676750315, 22.68270270334575, 38.770538011403985)
2025-08-22 23:16:24,400 - INFO - composites.py:234 -             time range:   2020-11-01T00:00:00Z/2020-11-30T23:59:59Z
2025-08-22 23:16:24,400 - INFO - composites.py:235 -             cloud cover:  0% - 70%
2025-08-22 23:16:24,400 - INFO - composites.py:236 -             nodata cover: 0% - 33%
2025-08-22 23:16:24,400 - INFO - composites.py:238 -                           
2025-08-22 23:16:24,400 - INFO - composites.py:239 - Searching...
2025-08-22 23:16:24,803 - INFO - composites.py:242 - Query found 15 items
2025-08-22 23:16:24,803 - INFO - composites.py:244 - Searching for GRI REFINED scenes:
2025-08-22 23:16:31,099 - INFO - sentinel2.py:78 - 1/15 - S2B_MSIL2A_20201124T092319_R093_T34SEH_20201125T053229 -> Not Found
2025-08-22 23:16:36,995 - INFO - sentinel2.py:78 - 2/15 - S2A_MSIL2A_20201119T092301_R093_T34SFJ_20201121T083940 -> Not Found
2025-08-22 23:16:43,148 - INFO - sentinel2.py:78 - 3/15 - S2A_MSIL2A_20201119T092301_R093_T34SFH_20201121T084157 -> Not Found
2025-08-22 23:16:49,008 - INFO - sentinel2.py:78 - 4/15 - S2A_MSIL2A_20201119T092301_R093_T34SEJ_20201121T083917 -> Not Found
2025-08-22 23:16:53,911 - INFO - sentinel2.py:78 - 5/15 - S2A_MSIL2A_20201119T092301_R093_T34SEH_20201121T083600 -> Not Found
2025-08-22 23:16:59,764 - INFO - sentinel2.py:78 - 6/15 - S2B_MSIL2A_20201114T092239_R093_T34SFJ_20201116T043138 -> Not Found
2025-08-22 23:17:05,261 - INFO - sentinel2.py:78 - 7/15 - S2B_MSIL2A_20201114T092239_R093_T34SFH_20201116T043942 -> Not Found
2025-08-22 23:17:10,848 - INFO - sentinel2.py:78 - 8/15 - S2B_MSIL2A_20201114T092239_R093_T34SEJ_20201116T045722 -> Not Found
2025-08-22 23:17:16,824 - INFO - sentinel2.py:78 - 9/15 - S2B_MSIL2A_20201114T092239_R093_T34SEH_20201116T044552 -> Not Found
2025-08-22 23:17:21,767 - INFO - sentinel2.py:78 - 10/15 - S2A_MSIL2A_20201109T092221_R093_T34SFH_20201110T181956 -> Not Found
2025-08-22 23:17:26,960 - INFO - sentinel2.py:78 - 11/15 - S2A_MSIL2A_20201109T092221_R093_T34SEJ_20201110T182305 -> Not Found
2025-08-22 23:17:32,443 - INFO - sentinel2.py:78 - 12/15 - S2A_MSIL2A_20201109T092221_R093_T34SEH_20201110T182021 -> Not Found
2025-08-22 23:17:38,045 - INFO - sentinel2.py:78 - 13/15 - S2B_MSIL2A_20201104T092149_R093_T34SFH_20201106T134655 -> Not Found
2025-08-22 23:17:43,098 - INFO - sentinel2.py:78 - 14/15 - S2B_MSIL2A_20201104T092149_R093_T34SEJ_20201106T135505 -> Not Found
2025-08-22 23:17:49,075 - INFO - sentinel2.py:78 - 15/15 - S2B_MSIL2A_20201104T092149_R093_T34SEH_20201106T135441 -> Not Found
2025-08-22 23:17:49,113 - INFO - composites.py:247 -                                  
2025-08-22 23:17:49,113 - INFO - composites.py:248 - 0/15 were refined by GRI.
2025-08-22 23:17:49,113 - WARNING - composites.py:252 - Tile x09_y11 | Time: 2020-11: All scenes are flagged NOT REFINED.
2025-08-22 23:17:49,114 - WARNING - composites.py:253 - Tile x09_y11 | Time: 2020-11: The composite will be flagged with _NOREFINED.
2025-08-22 23:17:49,114 - INFO - composites.py:260 - Looking for up to 10 cleanest images within spatiotemporal range of each MGRS tile
2025-08-22 23:17:49,114 - INFO - composites.py:274 - Filtered cleanest scenes: Kept 15 out of 15 items. 
2025-08-22 23:17:49,114 - INFO - composites.py:275 -         Included MGRS Tiles: ['34SEH' '34SEJ' '34SFH' '34SFJ']
2025-08-22 23:17:49,115 - INFO - composites.py:276 -         Included EPSG codes: [32634]
2025-08-22 23:17:49,115 - INFO - composites.py:278 - Selected scenes:
2025-08-22 23:17:49,126 - INFO - composites.py:280 -         S2B_MSIL2A_20201114T092239_R093_T34SEH_20201116T044552
2025-08-22 23:17:49,126 - INFO - composites.py:280 -         S2A_MSIL2A_20201109T092221_R093_T34SEH_20201110T182021
2025-08-22 23:17:49,126 - INFO - composites.py:280 -         S2B_MSIL2A_20201104T092149_R093_T34SEH_20201106T135441
2025-08-22 23:17:49,126 - INFO - composites.py:280 -         S2A_MSIL2A_20201119T092301_R093_T34SEH_20201121T083600
2025-08-22 23:17:49,126 - INFO - composites.py:280 -         S2B_MSIL2A_20201124T092319_R093_T34SEH_20201125T053229
2025-08-22 23:17:49,126 - INFO - composites.py:280 -         S2B_MSIL2A_20201114T092239_R093_T34SEJ_20201116T045722
2025-08-22 23:17:49,126 - INFO - composites.py:280 -         S2A_MSIL2A_20201109T092221_R093_T34SEJ_20201110T182305
2025-08-22 23:17:49,127 - INFO - composites.py:280 -         S2B_MSIL2A_20201104T092149_R093_T34SEJ_20201106T135505
2025-08-22 23:17:49,127 - INFO - composites.py:280 -         S2A_MSIL2A_20201119T092301_R093_T34SEJ_20201121T083917
2025-08-22 23:17:49,127 - INFO - composites.py:280 -         S2B_MSIL2A_20201114T092239_R093_T34SFH_20201116T043942
2025-08-22 23:17:49,127 - INFO - composites.py:280 -         S2B_MSIL2A_20201104T092149_R093_T34SFH_20201106T134655
2025-08-22 23:17:49,127 - INFO - composites.py:280 -         S2A_MSIL2A_20201109T092221_R093_T34SFH_20201110T181956
2025-08-22 23:17:49,127 - INFO - composites.py:280 -         S2A_MSIL2A_20201119T092301_R093_T34SFH_20201121T084157
2025-08-22 23:17:49,127 - INFO - composites.py:280 -         S2B_MSIL2A_20201114T092239_R093_T34SFJ_20201116T043138
2025-08-22 23:17:49,127 - INFO - composites.py:280 -         S2A_MSIL2A_20201119T092301_R093_T34SFJ_20201121T083940
2025-08-22 23:17:49,514 - INFO - sentinel2.py:154 - Matplotlib backend: Agg
2025-08-22 23:17:49,859 - INFO - sentinel2.py:224 - Write input scenes footprint overlay: //nas-rs.topo.auth.gr/Latomeia/DROUGHT/COMPOS/2020/11/x09_y11/S2L2A_medcomp_x09_y11_202011_InDataFootprint.jpeg
2025-08-22 23:17:50,073 - INFO - composites.py:294 -                                  
2025-08-22 23:17:50,073 - INFO - composites.py:295 - Downstream STAC items from Planetary Computer
2025-08-22 23:17:50,074 - INFO - timeseries_processing.py:115 -                                  
2025-08-22 23:17:50,074 - INFO - timeseries_processing.py:116 - Loading bands of diferent resolutions in EPSG:32634
2025-08-22 23:17:50,074 - INFO - timeseries_processing.py:120 -     Filtering items with native UTM EPSG:32634
2025-08-22 23:17:50,074 - INFO - timeseries_processing.py:122 -     15 Items in EPSG:32634
2025-08-22 23:17:50,074 - INFO - timeseries_processing.py:129 -                        
2025-08-22 23:17:50,074 - INFO - timeseries_processing.py:130 -     Loading parameters:
2025-08-22 23:17:50,074 - INFO - timeseries_processing.py:131 -         Bands: ['B05', 'B07', 'B8A', 'SCL']
2025-08-22 23:17:50,074 - INFO - timeseries_processing.py:132 -         Spatial resolution: 20
2025-08-22 23:17:50,074 - INFO - timeseries_processing.py:134 -         Get Assets from STAC Items
2025-08-22 23:17:50,074 - INFO - timeseries_processing.py:47 -         Initialize the STAC client
2025-08-22 23:17:50,634 - INFO - timeseries_processing.py:137 -         Loading 15 STAC Items....
2025-08-22 23:18:48,969 - INFO - timeseries_processing.py:146 -         Cube has been downloaded
2025-08-22 23:18:48,969 - INFO - timeseries_processing.py:156 -         Fix order of dimensions
2025-08-22 23:18:48,970 - INFO - timeseries_processing.py:161 -         Append bands to the band-list of EPSG:32634
2025-08-22 23:18:48,970 - INFO - timeseries_processing.py:129 -                        
2025-08-22 23:18:48,971 - INFO - timeseries_processing.py:130 -     Loading parameters:
2025-08-22 23:18:48,971 - INFO - timeseries_processing.py:131 -         Bands: ['B02', 'B03', 'B04']
2025-08-22 23:18:48,971 - INFO - timeseries_processing.py:132 -         Spatial resolution: 10
2025-08-22 23:18:48,971 - INFO - timeseries_processing.py:134 -         Get Assets from STAC Items
2025-08-22 23:18:48,972 - INFO - timeseries_processing.py:47 -         Initialize the STAC client
2025-08-22 23:18:49,480 - INFO - timeseries_processing.py:137 -         Loading 15 STAC Items....
2025-08-22 23:20:29,758 - INFO - timeseries_processing.py:146 -         Cube has been downloaded
2025-08-22 23:20:29,758 - INFO - timeseries_processing.py:149 -         Reproject to downsample 10m bands to 20m by Resampling.average 2x2 binning and shape matching with odc.geo.GeoBox
2025-08-22 23:20:36,789 - INFO - timeseries_processing.py:161 -         Append bands to the band-list of EPSG:32634
2025-08-22 23:20:36,789 - INFO - timeseries_processing.py:165 -                        
2025-08-22 23:20:36,789 - INFO - timeseries_processing.py:166 -     Merging bands in a single dataset
2025-08-22 23:20:36,789 - INFO - timeseries_processing.py:167 -     Ensure all partial datasets are at (x=20, y=-20) resolution
2025-08-22 23:20:36,789 - INFO - timeseries_processing.py:171 -     Clip to the intersection of indexes
2025-08-22 23:20:37,963 - INFO - timeseries_processing.py:180 -     Make a list of bands to merge
2025-08-22 23:20:37,964 - INFO - timeseries_processing.py:184 -     Merge on intersection
2025-08-22 23:20:37,965 - INFO - timeseries_processing.py:192 -     Apply masks on clouds, shadows, thin cirrus, and snow/ice
2025-08-22 23:20:37,965 - INFO - sentinel2.py:122 -                Masking bits: [3, 7, 8, 9, 10, 11]
2025-08-22 23:20:38,576 - INFO - composites.py:304 - Reproject from UTM Zone to Tile geometry -> CRS(EPSG:32634), Resampling.bilinear
2025-08-22 23:20:41,978 - INFO - composites.py:307 -     New shape of datasets: Shape2d(x=2400, y=2400)
2025-08-22 23:20:42,520 - INFO - composites.py:339 - Creating preview plot of input scenes
2025-08-22 23:21:04,994 - INFO - timeseries_processing.py:349 - Saved preview for 'B04' to //nas-rs.topo.auth.gr/Latomeia/DROUGHT/COMPOS/2020/11/x09_y11/S2L2A_medcomp_x09_y11_202011_InDataPreview.jpeg
2025-08-22 23:21:04,998 - INFO - composites.py:345 - Clip value range
2025-08-22 23:21:05,952 - INFO - composites.py:350 -                           
2025-08-22 23:21:05,952 - INFO - composites.py:351 - Computing spectral indices:
2025-08-22 23:21:05,952 - INFO - composites.py:354 -     EVI...
2025-08-22 23:21:06,607 - INFO - composites.py:356 -     NDVI...
2025-08-22 23:21:06,753 - INFO - composites.py:358 -     PSRI2...
2025-08-22 23:21:06,939 - INFO - composites.py:361 - Clip to typical value range
2025-08-22 23:21:07,163 - INFO - composites.py:368 - Reducing to median value temporal composite
2025-08-22 23:21:29,714 - INFO - composites.py:387 - Define data types and nodata per band
2025-08-22 23:21:29,844 - INFO - composites.py:408 - Assign time range and tile ID in metadata
2025-08-22 23:21:29,844 - INFO - composites.py:416 - Write bands to raster COG files
2025-08-22 23:21:33,663 - INFO - composites.py:429 - Write B02 -> //nas-rs.topo.auth.gr/Latomeia/DROUGHT/COMPOS/2020/11/x09_y11/S2L2A_medcomp_x09_y11_202011_B02.tif
2025-08-22 23:21:37,510 - INFO - composites.py:429 - Write B03 -> //nas-rs.topo.auth.gr/Latomeia/DROUGHT/COMPOS/2020/11/x09_y11/S2L2A_medcomp_x09_y11_202011_B03.tif
2025-08-22 23:21:41,321 - INFO - composites.py:429 - Write B04 -> //nas-rs.topo.auth.gr/Latomeia/DROUGHT/COMPOS/2020/11/x09_y11/S2L2A_medcomp_x09_y11_202011_B04.tif
2025-08-22 23:21:45,186 - INFO - composites.py:429 - Write B05 -> //nas-rs.topo.auth.gr/Latomeia/DROUGHT/COMPOS/2020/11/x09_y11/S2L2A_medcomp_x09_y11_202011_B05.tif
2025-08-22 23:21:49,034 - INFO - composites.py:429 - Write B07 -> //nas-rs.topo.auth.gr/Latomeia/DROUGHT/COMPOS/2020/11/x09_y11/S2L2A_medcomp_x09_y11_202011_B07.tif
2025-08-22 23:21:52,882 - INFO - composites.py:429 - Write B8A -> //nas-rs.topo.auth.gr/Latomeia/DROUGHT/COMPOS/2020/11/x09_y11/S2L2A_medcomp_x09_y11_202011_B8A.tif
2025-08-22 23:21:56,630 - INFO - composites.py:429 - Write EVI -> //nas-rs.topo.auth.gr/Latomeia/DROUGHT/COMPOS/2020/11/x09_y11/S2L2A_medcomp_x09_y11_202011_evi.tif
2025-08-22 23:22:00,382 - INFO - composites.py:429 - Write NDVI -> //nas-rs.topo.auth.gr/Latomeia/DROUGHT/COMPOS/2020/11/x09_y11/S2L2A_medcomp_x09_y11_202011_ndvi.tif
2025-08-22 23:22:04,300 - INFO - composites.py:429 - Write PSRI2 -> //nas-rs.topo.auth.gr/Latomeia/DROUGHT/COMPOS/2020/11/x09_y11/S2L2A_medcomp_x09_y11_202011_psri2.tif
2025-08-22 23:22:04,300 - INFO - composites.py:433 - Prepare metadata YAML document
2025-08-22 23:22:04,977 - INFO - composites.py:454 - Write metadata YAML document to disk
2025-08-22 23:22:05,001 - INFO - composites.py:459 - Create datacube.model.Dataset from eo3 metadata
2025-08-22 23:22:05,013 - INFO - composites.py:470 - Index to datacube
2025-08-22 23:22:05,013 - INFO - _datasets.py:191 - Indexing 6c763c42-46e3-4fff-9027-17133fa8750c
2025-08-22 23:22:05,022 - INFO - composites.py:473 - 
2025-08-22 23:22:05,022 - INFO - composites.py:474 -              ✔✔✔ COMPLETED: Tile x09_y11 | Time: 2020-11 | In 5.78 minutes
2025-08-22 23:22:05,022 - INFO - composites.py:475 - 
2025-08-22 23:22:05,022 - INFO - composites.py:483 - Closing Dask client
2025-08-22 23:22:05,028 - INFO - composites.py:487 - Closing Dask cluster
2025-08-22 23:22:05,028 - INFO - composites.py:488 - #######################################################################
