2025-08-30 03:52:49,408 - INFO - composites.py:102 - #######################################################################
2025-08-30 03:52:49,408 - INFO - composites.py:104 - Processing started
2025-08-30 03:52:49,408 - INFO - composites.py:105 -         Tile: x12_y11
2025-08-30 03:52:49,408 - INFO - composites.py:106 -         Time: 2022-08
2025-08-30 03:52:49,408 - INFO - composites.py:109 -                           
2025-08-30 03:52:49,408 - INFO - composites.py:110 - Establishing connection to datacube
2025-08-30 03:52:50,122 - INFO - composites.py:113 -                           
2025-08-30 03:52:50,123 - INFO - composites.py:114 - Sanity test: Check if dataset already exists in the datacube
2025-08-30 03:52:50,144 - INFO - composites.py:133 - The composite requested was not found and it will be computed
2025-08-30 03:52:50,145 - INFO - composites.py:136 -                                  
2025-08-30 03:52:50,145 - INFO - composites.py:137 - Initializing Dask cluster for parallelization
2025-08-30 03:52:55,510 - INFO - composites.py:161 - Dask dashboard is available at: http://127.0.0.1:8787/status
2025-08-30 03:52:55,511 - INFO - composites.py:164 - Create directories and naming conversions
2025-08-30 03:52:55,522 - INFO - composites.py:177 - Dataset location: //nas-rs.topo.auth.gr/Latomeia/DROUGHT/composites/x12/y11/2022/08/01
2025-08-30 03:52:55,522 - INFO - composites.py:180 -                           
2025-08-30 03:52:55,522 - INFO - composites.py:181 - Retrieve tile geometry
2025-08-30 03:52:55,552 - INFO - composites.py:192 - Create the Bounding Box (φ,λ)
2025-08-30 03:52:55,552 - INFO - composites.py:198 - Create the Bounding Box (x,y)
2025-08-30 03:52:55,552 - INFO - composites.py:211 -                           
2025-08-30 03:52:55,552 - INFO - composites.py:212 - Connect to Planetary Computer STAC Catalog
2025-08-30 03:52:55,822 - INFO - composites.py:220 - Search the STAC Catalog
2025-08-30 03:52:55,889 - INFO - composites.py:232 -         Query parameters:
2025-08-30 03:52:55,889 - INFO - composites.py:233 -             url:          https://planetarycomputer.microsoft.com/api/stac/v1/search
2025-08-30 03:52:55,890 - INFO - composites.py:234 -             client:       microsoft-pc
2025-08-30 03:52:55,890 - INFO - composites.py:235 -             collection:   sentinel-2-l2a
2025-08-30 03:52:55,890 - INFO - composites.py:236 -             bbox:         (23.62848359322628, 37.99360926828161, 24.306499279548976, 38.55013763603257)
2025-08-30 03:52:55,890 - INFO - composites.py:237 -             time range:   2022-08-01T00:00:00Z/2022-08-31T23:59:59Z
2025-08-30 03:52:55,890 - INFO - composites.py:238 -             cloud cover:  0% - 70%
2025-08-30 03:52:55,890 - INFO - composites.py:239 -             nodata cover: 0% - 33%
2025-08-30 03:52:55,890 - INFO - composites.py:241 -                           
2025-08-30 03:52:55,890 - INFO - composites.py:242 - Searching...
2025-08-30 03:52:56,305 - INFO - composites.py:245 - Query found 16 items
2025-08-30 03:52:56,305 - INFO - composites.py:247 - Searching for GRI REFINED scenes:
2025-08-30 03:53:01,913 - INFO - sentinel2.py:78 - 1/16 - S2A_MSIL2A_20220828T090611_R050_T35SKC_20240703T101023 -> REFINED
2025-08-30 03:53:06,841 - INFO - sentinel2.py:78 - 2/16 - S2A_MSIL2A_20220828T090611_R050_T34SGH_20240703T101023 -> REFINED
2025-08-30 03:53:12,223 - INFO - sentinel2.py:78 - 3/16 - S2A_MSIL2A_20220818T090611_R050_T35SKC_20220819T021332 -> REFINED
2025-08-30 03:53:18,272 - INFO - sentinel2.py:78 - 4/16 - S2A_MSIL2A_20220818T090611_R050_T34SGH_20220819T023822 -> REFINED
2025-08-30 03:53:24,218 - INFO - sentinel2.py:78 - 5/16 - S2B_MSIL2A_20220813T090559_R050_T35SKC_20240708T193541 -> REFINED
2025-08-30 03:53:30,247 - INFO - sentinel2.py:78 - 6/16 - S2B_MSIL2A_20220813T090559_R050_T35SKC_20220813T193231 -> REFINED
2025-08-30 03:53:35,321 - INFO - sentinel2.py:78 - 7/16 - S2B_MSIL2A_20220813T090559_R050_T34SGH_20240708T193541 -> REFINED
2025-08-30 03:53:41,600 - INFO - sentinel2.py:78 - 8/16 - S2B_MSIL2A_20220813T090559_R050_T34SGH_20220813T184419 -> REFINED
2025-08-30 03:53:47,736 - INFO - sentinel2.py:78 - 9/16 - S2A_MSIL2A_20220808T090611_R050_T35SKC_20240712T124705 -> REFINED
2025-08-30 03:53:53,267 - INFO - sentinel2.py:78 - 10/16 - S2A_MSIL2A_20220808T090611_R050_T35SKC_20220810T070704 -> REFINED
2025-08-30 03:53:58,424 - INFO - sentinel2.py:78 - 11/16 - S2A_MSIL2A_20220808T090611_R050_T34SGH_20240712T124705 -> REFINED
2025-08-30 03:54:04,110 - INFO - sentinel2.py:78 - 12/16 - S2A_MSIL2A_20220808T090611_R050_T34SGH_20220810T071612 -> REFINED
2025-08-30 03:54:09,612 - INFO - sentinel2.py:78 - 13/16 - S2B_MSIL2A_20220803T090559_R050_T35SKC_20240711T144737 -> REFINED
2025-08-30 03:54:15,745 - INFO - sentinel2.py:78 - 14/16 - S2B_MSIL2A_20220803T090559_R050_T35SKC_20220803T214649 -> REFINED
2025-08-30 03:54:21,795 - INFO - sentinel2.py:78 - 15/16 - S2B_MSIL2A_20220803T090559_R050_T34SGH_20240711T144737 -> REFINED
2025-08-30 03:54:26,652 - INFO - sentinel2.py:78 - 16/16 - S2B_MSIL2A_20220803T090559_R050_T34SGH_20220803T214306 -> REFINED
2025-08-30 03:54:26,688 - INFO - composites.py:250 -                                  
2025-08-30 03:54:26,688 - INFO - composites.py:251 - 16/16 were refined by GRI.
2025-08-30 03:54:26,689 - INFO - composites.py:263 - Looking for up to 10 cleanest images within spatiotemporal range of each MGRS tile
2025-08-30 03:54:26,689 - INFO - composites.py:277 - Filtered cleanest scenes: Kept 16 out of 16 items. 
2025-08-30 03:54:26,690 - INFO - composites.py:278 -         Included MGRS Tiles: ['34SGH' '35SKC']
2025-08-30 03:54:26,690 - INFO - composites.py:279 -         Included EPSG codes: [32634 32635]
2025-08-30 03:54:26,690 - INFO - composites.py:281 - Selected scenes:
2025-08-30 03:54:26,690 - INFO - composites.py:283 -         S2A_MSIL2A_20220818T090611_R050_T34SGH_20220819T023822
2025-08-30 03:54:26,690 - INFO - composites.py:283 -         S2A_MSIL2A_20220828T090611_R050_T34SGH_20240703T101023
2025-08-30 03:54:26,690 - INFO - composites.py:283 -         S2B_MSIL2A_20220803T090559_R050_T34SGH_20220803T214306
2025-08-30 03:54:26,691 - INFO - composites.py:283 -         S2B_MSIL2A_20220803T090559_R050_T34SGH_20240711T144737
2025-08-30 03:54:26,691 - INFO - composites.py:283 -         S2B_MSIL2A_20220813T090559_R050_T34SGH_20220813T184419
2025-08-30 03:54:26,691 - INFO - composites.py:283 -         S2B_MSIL2A_20220813T090559_R050_T34SGH_20240708T193541
2025-08-30 03:54:26,692 - INFO - composites.py:283 -         S2A_MSIL2A_20220808T090611_R050_T34SGH_20240712T124705
2025-08-30 03:54:26,692 - INFO - composites.py:283 -         S2A_MSIL2A_20220808T090611_R050_T34SGH_20220810T071612
2025-08-30 03:54:26,692 - INFO - composites.py:283 -         S2A_MSIL2A_20220818T090611_R050_T35SKC_20220819T021332
2025-08-30 03:54:26,692 - INFO - composites.py:283 -         S2A_MSIL2A_20220828T090611_R050_T35SKC_20240703T101023
2025-08-30 03:54:26,692 - INFO - composites.py:283 -         S2B_MSIL2A_20220803T090559_R050_T35SKC_20220803T214649
2025-08-30 03:54:26,692 - INFO - composites.py:283 -         S2B_MSIL2A_20220803T090559_R050_T35SKC_20240711T144737
2025-08-30 03:54:26,692 - INFO - composites.py:283 -         S2B_MSIL2A_20220813T090559_R050_T35SKC_20220813T193231
2025-08-30 03:54:26,692 - INFO - composites.py:283 -         S2B_MSIL2A_20220813T090559_R050_T35SKC_20240708T193541
2025-08-30 03:54:26,692 - INFO - composites.py:283 -         S2A_MSIL2A_20220808T090611_R050_T35SKC_20220810T070704
2025-08-30 03:54:26,692 - INFO - composites.py:283 -         S2A_MSIL2A_20220808T090611_R050_T35SKC_20240712T124705
2025-08-30 03:54:27,094 - INFO - sentinel2.py:154 - Matplotlib backend: Agg
2025-08-30 03:54:27,423 - INFO - sentinel2.py:224 - Write input scenes footprint overlay: //nas-rs.topo.auth.gr/Latomeia/DROUGHT/composites/x12/y11/2022/08/01/S2L2A_medcomp_x12y11_202208_InDataFootprint.jpeg
2025-08-30 03:54:27,682 - INFO - composites.py:297 -                                  
2025-08-30 03:54:27,682 - INFO - composites.py:298 - Downstream STAC items from Planetary Computer
2025-08-30 03:54:27,682 - INFO - timeseries_processing.py:115 -                                  
2025-08-30 03:54:27,682 - INFO - timeseries_processing.py:116 - Loading bands of diferent resolutions in EPSG:32634
2025-08-30 03:54:27,682 - INFO - timeseries_processing.py:120 -     Filtering items with native UTM EPSG:32634
2025-08-30 03:54:27,682 - INFO - timeseries_processing.py:122 -     8 Items in EPSG:32634
2025-08-30 03:54:27,682 - INFO - timeseries_processing.py:129 -                        
2025-08-30 03:54:27,682 - INFO - timeseries_processing.py:130 -     Loading parameters:
2025-08-30 03:54:27,682 - INFO - timeseries_processing.py:131 -         Bands: ['B05', 'B07', 'B8A', 'SCL']
2025-08-30 03:54:27,682 - INFO - timeseries_processing.py:132 -         Spatial resolution: 20
2025-08-30 03:54:27,682 - INFO - timeseries_processing.py:134 -         Get Assets from STAC Items
2025-08-30 03:54:27,682 - INFO - timeseries_processing.py:47 -         Initialize the STAC client
2025-08-30 03:54:28,227 - INFO - timeseries_processing.py:137 -         Loading 8 STAC Items....
2025-08-30 03:55:35,636 - INFO - timeseries_processing.py:146 -         Cube has been downloaded
2025-08-30 03:55:35,636 - INFO - timeseries_processing.py:156 -         Fix order of dimensions
2025-08-30 03:55:35,637 - INFO - timeseries_processing.py:161 -         Append bands to the band-list of EPSG:32634
2025-08-30 03:55:35,637 - INFO - timeseries_processing.py:129 -                        
2025-08-30 03:55:35,638 - INFO - timeseries_processing.py:130 -     Loading parameters:
2025-08-30 03:55:35,638 - INFO - timeseries_processing.py:131 -         Bands: ['B02', 'B03', 'B04']
2025-08-30 03:55:35,638 - INFO - timeseries_processing.py:132 -         Spatial resolution: 10
2025-08-30 03:55:35,638 - INFO - timeseries_processing.py:134 -         Get Assets from STAC Items
2025-08-30 03:55:35,638 - INFO - timeseries_processing.py:47 -         Initialize the STAC client
2025-08-30 03:55:36,256 - INFO - timeseries_processing.py:137 -         Loading 8 STAC Items....
2025-08-30 03:58:21,834 - INFO - timeseries_processing.py:146 -         Cube has been downloaded
2025-08-30 03:58:21,834 - INFO - timeseries_processing.py:149 -         Reproject to downsample 10m bands to 20m by Resampling.average 2x2 binning and shape matching with odc.geo.GeoBox
2025-08-30 03:58:30,037 - INFO - timeseries_processing.py:161 -         Append bands to the band-list of EPSG:32634
2025-08-30 03:58:30,037 - INFO - timeseries_processing.py:165 -                        
2025-08-30 03:58:30,037 - INFO - timeseries_processing.py:166 -     Merging bands in a single dataset
2025-08-30 03:58:30,037 - INFO - timeseries_processing.py:167 -     Ensure all partial datasets are at (x=20, y=-20) resolution
2025-08-30 03:58:30,037 - INFO - timeseries_processing.py:171 -     Clip to the intersection of indexes
2025-08-30 03:58:31,312 - INFO - timeseries_processing.py:180 -     Make a list of bands to merge
2025-08-30 03:58:31,313 - INFO - timeseries_processing.py:184 -     Merge on intersection
2025-08-30 03:58:31,313 - INFO - timeseries_processing.py:192 -     Apply masks on clouds, shadows, thin cirrus, and snow/ice
2025-08-30 03:58:31,313 - INFO - sentinel2.py:122 -                Masking bits: [3, 7, 8, 9, 10, 11]
2025-08-30 03:58:31,959 - INFO - timeseries_processing.py:115 -                                  
2025-08-30 03:58:31,959 - INFO - timeseries_processing.py:116 - Loading bands of diferent resolutions in EPSG:32635
2025-08-30 03:58:31,959 - INFO - timeseries_processing.py:120 -     Filtering items with native UTM EPSG:32635
2025-08-30 03:58:31,959 - INFO - timeseries_processing.py:122 -     8 Items in EPSG:32635
2025-08-30 03:58:31,959 - INFO - timeseries_processing.py:129 -                        
2025-08-30 03:58:31,959 - INFO - timeseries_processing.py:130 -     Loading parameters:
2025-08-30 03:58:31,959 - INFO - timeseries_processing.py:131 -         Bands: ['B05', 'B07', 'B8A', 'SCL']
2025-08-30 03:58:31,959 - INFO - timeseries_processing.py:132 -         Spatial resolution: 20
2025-08-30 03:58:31,959 - INFO - timeseries_processing.py:134 -         Get Assets from STAC Items
2025-08-30 03:58:31,959 - INFO - timeseries_processing.py:47 -         Initialize the STAC client
2025-08-30 03:58:32,510 - INFO - timeseries_processing.py:137 -         Loading 8 STAC Items....
2025-08-30 03:59:44,545 - INFO - timeseries_processing.py:146 -         Cube has been downloaded
2025-08-30 03:59:44,545 - INFO - timeseries_processing.py:156 -         Fix order of dimensions
2025-08-30 03:59:44,547 - INFO - timeseries_processing.py:161 -         Append bands to the band-list of EPSG:32635
2025-08-30 03:59:44,547 - INFO - timeseries_processing.py:129 -                        
2025-08-30 03:59:44,548 - INFO - timeseries_processing.py:130 -     Loading parameters:
2025-08-30 03:59:44,548 - INFO - timeseries_processing.py:131 -         Bands: ['B02', 'B03', 'B04']
2025-08-30 03:59:44,548 - INFO - timeseries_processing.py:132 -         Spatial resolution: 10
2025-08-30 03:59:44,548 - INFO - timeseries_processing.py:134 -         Get Assets from STAC Items
2025-08-30 03:59:44,549 - INFO - timeseries_processing.py:47 -         Initialize the STAC client
2025-08-30 03:59:45,188 - INFO - timeseries_processing.py:137 -         Loading 8 STAC Items....
2025-08-30 04:02:32,674 - INFO - timeseries_processing.py:146 -         Cube has been downloaded
2025-08-30 04:02:32,675 - INFO - timeseries_processing.py:149 -         Reproject to downsample 10m bands to 20m by Resampling.average 2x2 binning and shape matching with odc.geo.GeoBox
2025-08-30 04:02:40,808 - INFO - timeseries_processing.py:161 -         Append bands to the band-list of EPSG:32635
2025-08-30 04:02:40,809 - INFO - timeseries_processing.py:165 -                        
2025-08-30 04:02:40,809 - INFO - timeseries_processing.py:166 -     Merging bands in a single dataset
2025-08-30 04:02:40,809 - INFO - timeseries_processing.py:167 -     Ensure all partial datasets are at (x=20, y=-20) resolution
2025-08-30 04:02:40,809 - INFO - timeseries_processing.py:171 -     Clip to the intersection of indexes
2025-08-30 04:02:40,811 - INFO - timeseries_processing.py:180 -     Make a list of bands to merge
2025-08-30 04:02:40,813 - INFO - timeseries_processing.py:184 -     Merge on intersection
2025-08-30 04:02:40,813 - INFO - timeseries_processing.py:192 -     Apply masks on clouds, shadows, thin cirrus, and snow/ice
2025-08-30 04:02:40,813 - INFO - sentinel2.py:122 -                Masking bits: [3, 7, 8, 9, 10, 11]
2025-08-30 04:02:41,493 - INFO - composites.py:307 - Reproject from UTM Zone to Tile geometry -> CRS(EPSG:32635), Resampling.bilinear
2025-08-30 04:02:48,448 - INFO - composites.py:310 -     New shape of datasets: Shape2d(x=2400, y=2400)
2025-08-30 04:02:48,745 - INFO - composites.py:315 -                           
2025-08-30 04:02:48,745 - INFO - composites.py:316 - Mosaic datasets to a single dataset
2025-08-30 04:02:52,805 - INFO - composites.py:329 - Scale SR to Sen2Cor Baseline 4.00 - Subtract 1000 in dates post 2022-01-25
2025-08-30 04:02:53,636 - INFO - composites.py:342 - Creating preview plot of input scenes
2025-08-30 04:03:16,620 - INFO - timeseries_processing.py:349 - Saved preview for 'B04' to //nas-rs.topo.auth.gr/Latomeia/DROUGHT/composites/x12/y11/2022/08/01/S2L2A_medcomp_x12y11_202208_InDataPreview.jpeg
2025-08-30 04:03:16,622 - INFO - composites.py:348 - Clip value range
2025-08-30 04:03:17,665 - INFO - composites.py:353 -                           
2025-08-30 04:03:17,665 - INFO - composites.py:354 - Computing spectral indices:
2025-08-30 04:03:17,665 - INFO - composites.py:357 -     EVI...
2025-08-30 04:03:18,331 - INFO - composites.py:359 -     NDVI...
2025-08-30 04:03:18,525 - INFO - composites.py:361 -     PSRI2...
2025-08-30 04:03:18,658 - INFO - composites.py:364 - Clip to typical value range
2025-08-30 04:03:18,830 - INFO - composites.py:371 - Reducing to median value temporal composite
2025-08-30 04:03:44,041 - INFO - composites.py:390 - Scale and Define data types & nodata per band
2025-08-30 04:03:44,227 - INFO - composites.py:411 - Assign time range and tile ID in metadata
2025-08-30 04:03:44,227 - INFO - composites.py:419 - Write bands to raster COG files
2025-08-30 04:03:48,184 - INFO - composites.py:432 - Write B02 -> //nas-rs.topo.auth.gr/Latomeia/DROUGHT/composites/x12/y11/2022/08/01/S2L2A_medcomp_x12y11_202208_B02.tif
2025-08-30 04:03:52,101 - INFO - composites.py:432 - Write B03 -> //nas-rs.topo.auth.gr/Latomeia/DROUGHT/composites/x12/y11/2022/08/01/S2L2A_medcomp_x12y11_202208_B03.tif
2025-08-30 04:03:56,083 - INFO - composites.py:432 - Write B04 -> //nas-rs.topo.auth.gr/Latomeia/DROUGHT/composites/x12/y11/2022/08/01/S2L2A_medcomp_x12y11_202208_B04.tif
2025-08-30 04:04:00,052 - INFO - composites.py:432 - Write B05 -> //nas-rs.topo.auth.gr/Latomeia/DROUGHT/composites/x12/y11/2022/08/01/S2L2A_medcomp_x12y11_202208_B05.tif
2025-08-30 04:04:03,925 - INFO - composites.py:432 - Write B07 -> //nas-rs.topo.auth.gr/Latomeia/DROUGHT/composites/x12/y11/2022/08/01/S2L2A_medcomp_x12y11_202208_B07.tif
2025-08-30 04:04:07,833 - INFO - composites.py:432 - Write B8A -> //nas-rs.topo.auth.gr/Latomeia/DROUGHT/composites/x12/y11/2022/08/01/S2L2A_medcomp_x12y11_202208_B8A.tif
2025-08-30 04:04:11,703 - INFO - composites.py:432 - Write EVI -> //nas-rs.topo.auth.gr/Latomeia/DROUGHT/composites/x12/y11/2022/08/01/S2L2A_medcomp_x12y11_202208_EVI.tif
2025-08-30 04:04:15,858 - INFO - composites.py:432 - Write NDVI -> //nas-rs.topo.auth.gr/Latomeia/DROUGHT/composites/x12/y11/2022/08/01/S2L2A_medcomp_x12y11_202208_NDVI.tif
2025-08-30 04:04:19,782 - INFO - composites.py:432 - Write PSRI2 -> //nas-rs.topo.auth.gr/Latomeia/DROUGHT/composites/x12/y11/2022/08/01/S2L2A_medcomp_x12y11_202208_PSRI2.tif
2025-08-30 04:04:19,782 - INFO - composites.py:436 - Prepare metadata YAML document
2025-08-30 04:04:20,342 - INFO - composites.py:458 - Write metadata YAML document to disk
2025-08-30 04:04:20,387 - INFO - composites.py:463 - Create datacube.model.Dataset from eo3 metadata
2025-08-30 04:04:20,398 - INFO - composites.py:476 - Index to datacube
2025-08-30 04:04:20,413 - INFO - _datasets.py:191 - Indexing 16089b66-910c-4b97-b52e-c85cacf97191
2025-08-30 04:04:20,427 - INFO - composites.py:479 - 
2025-08-30 04:04:20,427 - INFO - composites.py:480 -              ✔✔✔ COMPLETED: Tile x12_y11 | Time: 2022-08 | In 11.52 minutes
2025-08-30 04:04:20,427 - INFO - composites.py:481 - 
2025-08-30 04:04:20,427 - INFO - composites.py:489 - Closing Dask client
2025-08-30 04:04:20,430 - INFO - composites.py:493 - Closing Dask cluster
2025-08-30 04:04:20,430 - INFO - composites.py:494 - #######################################################################
