2025-08-20 15:34:25,518 - INFO - composites.py:100 - #######################################################################
2025-08-20 15:34:25,518 - INFO - composites.py:102 - Processing started
2025-08-20 15:34:25,518 - INFO - composites.py:103 -         Tile: x08_y10
2025-08-20 15:34:25,518 - INFO - composites.py:104 -         Time: 2022-02
2025-08-20 15:34:25,518 - INFO - composites.py:107 -                           
2025-08-20 15:34:25,518 - INFO - composites.py:108 - Establishing connection to datacube
2025-08-20 15:34:26,308 - INFO - composites.py:111 -                           
2025-08-20 15:34:26,308 - INFO - composites.py:112 - Sanity test: Check if dataset already exists in the datacube
2025-08-20 15:34:26,328 - INFO - composites.py:131 - The composite requested was not found and it will be computed
2025-08-20 15:34:26,328 - INFO - composites.py:134 -                                  
2025-08-20 15:34:26,328 - INFO - composites.py:135 - Initializing Dask cluster for parallelization
2025-08-20 15:34:32,319 - INFO - composites.py:159 - Dask dashboard is available at: http://127.0.0.1:8787/status
2025-08-20 15:34:32,319 - INFO - composites.py:162 - Create directories and naming conversions
2025-08-20 15:34:32,325 - INFO - composites.py:173 - Dataset location: //nas-rs.topo.auth.gr/Latomeia/DROUGHT/COMPOS/2022/02/x08_y10
2025-08-20 15:34:32,326 - INFO - composites.py:176 -                           
2025-08-20 15:34:32,326 - INFO - composites.py:177 - Retrieve tile geometry
2025-08-20 15:34:32,376 - INFO - composites.py:188 - Create the Bounding Box (φ,λ)
2025-08-20 15:34:32,376 - INFO - composites.py:194 - Create the Bounding Box (x,y)
2025-08-20 15:34:32,376 - INFO - composites.py:207 -                           
2025-08-20 15:34:32,376 - INFO - composites.py:208 - Connect to Planetary Computer STAC Catalog
2025-08-20 15:34:32,587 - INFO - composites.py:216 - Search the STAC Catalog
2025-08-20 15:34:32,656 - INFO - composites.py:228 -         Query parameters:
2025-08-20 15:34:32,656 - INFO - composites.py:229 -             url:          https://planetarycomputer.microsoft.com/api/stac/v1/search
2025-08-20 15:34:32,656 - INFO - composites.py:230 -             client:       microsoft-pc
2025-08-20 15:34:32,656 - INFO - composites.py:231 -             collection:   sentinel-2-l2a
2025-08-20 15:34:32,656 - INFO - composites.py:232 -             bbox:         (21.39727761573884, 37.861889619476244, 22.06149084282509, 38.40823766792774)
2025-08-20 15:34:32,656 - INFO - composites.py:233 -             time range:   2022-02-01T00:00:00Z/2022-02-28T23:59:59Z
2025-08-20 15:34:32,656 - INFO - composites.py:234 -             cloud cover:  0% - 70%
2025-08-20 15:34:32,656 - INFO - composites.py:235 -             nodata cover: 0% - 33%
2025-08-20 15:34:32,656 - INFO - composites.py:237 -                           
2025-08-20 15:34:32,656 - INFO - composites.py:238 - Searching...
2025-08-20 15:34:33,374 - INFO - composites.py:241 - Query found 6 items
2025-08-20 15:34:33,374 - INFO - composites.py:243 - Searching for GRI REFINED scenes:
2025-08-20 15:34:38,628 - INFO - sentinel2.py:78 - 1/6 - S2B_MSIL2A_20220227T092029_R093_T34SEH_20220302T203351 -> REFINED
2025-08-20 15:34:45,101 - INFO - sentinel2.py:78 - 2/6 - S2B_MSIL2A_20220227T092029_R093_T34SEG_20220302T200147 -> REFINED
2025-08-20 15:34:51,505 - INFO - sentinel2.py:78 - 3/6 - S2B_MSIL2A_20220217T092019_R093_T34SEH_20220224T141933 -> REFINED
2025-08-20 15:34:57,299 - INFO - sentinel2.py:78 - 4/6 - S2B_MSIL2A_20220217T092019_R093_T34SEG_20220224T134508 -> REFINED
2025-08-20 15:35:02,968 - INFO - sentinel2.py:78 - 5/6 - S2A_MSIL2A_20220212T092111_R093_T34SEG_20220222T062857 -> REFINED
2025-08-20 15:35:08,434 - INFO - sentinel2.py:78 - 6/6 - S2B_MSIL2A_20220207T092039_R093_T34SEG_20220219T233404 -> REFINED
2025-08-20 15:35:08,510 - INFO - composites.py:246 -                                  
2025-08-20 15:35:08,510 - INFO - composites.py:247 - 6/6 were refined by GRI.
2025-08-20 15:35:08,510 - INFO - composites.py:259 - Looking for up to 10 cleanest images within spatiotemporal range of each MGRS tile
2025-08-20 15:35:08,510 - INFO - composites.py:273 - Filtered cleanest scenes: Kept 6 out of 6 items. 
2025-08-20 15:35:08,510 - INFO - composites.py:274 -         Included MGRS Tiles: ['34SEG' '34SEH']
2025-08-20 15:35:08,511 - INFO - composites.py:275 -         Included EPSG codes: [32634]
2025-08-20 15:35:08,511 - INFO - composites.py:277 - Selected scenes:
2025-08-20 15:35:08,511 - INFO - composites.py:279 -         S2B_MSIL2A_20220227T092029_R093_T34SEG_20220302T200147
2025-08-20 15:35:08,511 - INFO - composites.py:279 -         S2B_MSIL2A_20220217T092019_R093_T34SEG_20220224T134508
2025-08-20 15:35:08,512 - INFO - composites.py:279 -         S2A_MSIL2A_20220212T092111_R093_T34SEG_20220222T062857
2025-08-20 15:35:08,512 - INFO - composites.py:279 -         S2B_MSIL2A_20220207T092039_R093_T34SEG_20220219T233404
2025-08-20 15:35:08,517 - INFO - composites.py:279 -         S2B_MSIL2A_20220217T092019_R093_T34SEH_20220224T141933
2025-08-20 15:35:08,517 - INFO - composites.py:279 -         S2B_MSIL2A_20220227T092029_R093_T34SEH_20220302T203351
2025-08-20 15:35:08,997 - INFO - sentinel2.py:154 - Matplotlib backend: Agg
2025-08-20 15:35:09,254 - INFO - sentinel2.py:224 - Write input scenes footprint overlay: //nas-rs.topo.auth.gr/Latomeia/DROUGHT/COMPOS/2022/02/x08_y10/S2L2A_medcomp_x08_y10_202202_InDataFootprint.jpeg
2025-08-20 15:35:09,475 - INFO - composites.py:293 -                                  
2025-08-20 15:35:09,475 - INFO - composites.py:294 - Downstream STAC items from Planetary Computer
2025-08-20 15:35:09,475 - INFO - timeseries_processing.py:114 -                                  
2025-08-20 15:35:09,475 - INFO - timeseries_processing.py:115 - Loading bands of diferent resolutions in EPSG:32634
2025-08-20 15:35:09,475 - INFO - timeseries_processing.py:119 -     Filtering items with native UTM EPSG:32634
2025-08-20 15:35:09,475 - INFO - timeseries_processing.py:121 -     6 Items in EPSG:32634
2025-08-20 15:35:09,475 - INFO - timeseries_processing.py:128 -                        
2025-08-20 15:35:09,475 - INFO - timeseries_processing.py:129 -     Loading parameters:
2025-08-20 15:35:09,475 - INFO - timeseries_processing.py:130 -         Bands: ['B05', 'B07', 'B8A', 'SCL']
2025-08-20 15:35:09,475 - INFO - timeseries_processing.py:131 -         Spatial resolution: 20
2025-08-20 15:35:09,475 - INFO - timeseries_processing.py:133 -         Get Assets from STAC Items
2025-08-20 15:35:09,475 - INFO - timeseries_processing.py:46 -         Initialize the STAC client
2025-08-20 15:35:09,998 - INFO - timeseries_processing.py:136 -         Loading 6 STAC Items....
2025-08-20 15:35:42,409 - INFO - timeseries_processing.py:158 -         Cube has been downloaded
2025-08-20 15:35:42,409 - INFO - timeseries_processing.py:167 -         Fix order of dimensions
2025-08-20 15:35:42,411 - INFO - timeseries_processing.py:172 -         Append bands to the band-list of EPSG:32634
2025-08-20 15:35:42,411 - INFO - timeseries_processing.py:128 -                        
2025-08-20 15:35:42,411 - INFO - timeseries_processing.py:129 -     Loading parameters:
2025-08-20 15:35:42,411 - INFO - timeseries_processing.py:130 -         Bands: ['B02', 'B03', 'B04']
2025-08-20 15:35:42,411 - INFO - timeseries_processing.py:131 -         Spatial resolution: 10
2025-08-20 15:35:42,411 - INFO - timeseries_processing.py:133 -         Get Assets from STAC Items
2025-08-20 15:35:42,411 - INFO - timeseries_processing.py:46 -         Initialize the STAC client
2025-08-20 15:35:42,869 - INFO - timeseries_processing.py:136 -         Loading 6 STAC Items....
2025-08-20 15:36:11,383 - INFO - timeseries_processing.py:158 -         Cube has been downloaded
2025-08-20 15:36:11,384 - INFO - timeseries_processing.py:161 -         Downsample 10m bands to 20m by average 2x2 binning
2025-08-20 15:36:16,938 - INFO - timeseries_processing.py:164 -         Align binned bands to native 20m bands (shape matching): method=bilinear
2025-08-20 15:36:20,559 - INFO - timeseries_processing.py:172 -         Append bands to the band-list of EPSG:32634
2025-08-20 15:36:20,559 - INFO - timeseries_processing.py:176 -                        
2025-08-20 15:36:20,559 - INFO - timeseries_processing.py:177 -     Merging bands in a single dataset
2025-08-20 15:36:20,559 - INFO - timeseries_processing.py:178 -     Ensure all partial datasets are at (x=20, y=-20) resolution
2025-08-20 15:36:20,559 - INFO - timeseries_processing.py:182 -     Clip to the intersection of indexes
2025-08-20 15:36:21,847 - INFO - timeseries_processing.py:191 -     Make a list of bands to merge
2025-08-20 15:36:21,849 - INFO - timeseries_processing.py:195 -     Merge on intersection
2025-08-20 15:36:21,850 - INFO - timeseries_processing.py:203 -     Apply masks on clouds, shadows, thin cirrus, and snow/ice
2025-08-20 15:36:21,850 - INFO - sentinel2.py:122 -                Masking bits: [3, 7, 8, 9, 10, 11]
2025-08-20 15:36:22,408 - INFO - timeseries_processing.py:209 -     Reproject to Tiling Schema projection EPSG:3035
2025-08-20 15:36:28,068 - INFO - composites.py:303 - Clip and align to tile geometry
2025-08-20 15:36:30,225 - INFO - composites.py:323 - Scale SR to Sen2Cor Baseline 4.00 - Subtract 1000 in dates post 2022-01-25
2025-08-20 15:36:30,922 - INFO - composites.py:336 - Creating preview plot of input scenes
2025-08-20 15:36:57,667 - INFO - timeseries_processing.py:367 - Saved preview for 'B04' to //nas-rs.topo.auth.gr/Latomeia/DROUGHT/COMPOS/2022/02/x08_y10/S2L2A_medcomp_x08_y10_202202_InDataPreview.jpeg
2025-08-20 15:36:57,671 - INFO - composites.py:342 - Clip value range
2025-08-20 15:36:58,573 - INFO - composites.py:347 -                           
2025-08-20 15:36:58,573 - INFO - composites.py:348 - Computing spectral indices:
2025-08-20 15:36:58,573 - INFO - composites.py:351 -     EVI...
2025-08-20 15:36:59,088 - INFO - composites.py:353 -     NDVI...
2025-08-20 15:36:59,260 - INFO - composites.py:355 -     PSRI2...
2025-08-20 15:36:59,464 - INFO - composites.py:358 - Clip to typical value range
2025-08-20 15:36:59,657 - INFO - composites.py:365 - Reducing to median value temporal composite
2025-08-20 15:37:19,528 - INFO - composites.py:384 - Define data types and nodata per band
2025-08-20 15:37:19,679 - INFO - composites.py:405 - Assign time range and tile ID in metadata
2025-08-20 15:37:19,680 - INFO - composites.py:413 - Write bands to raster COG files
2025-08-20 15:37:24,334 - INFO - composites.py:426 - Write B02 -> //nas-rs.topo.auth.gr/Latomeia/DROUGHT/COMPOS/2022/02/x08_y10/S2L2A_medcomp_x08_y10_202202_B02.tif
2025-08-20 15:37:28,966 - INFO - composites.py:426 - Write B03 -> //nas-rs.topo.auth.gr/Latomeia/DROUGHT/COMPOS/2022/02/x08_y10/S2L2A_medcomp_x08_y10_202202_B03.tif
2025-08-20 15:37:33,605 - INFO - composites.py:426 - Write B04 -> //nas-rs.topo.auth.gr/Latomeia/DROUGHT/COMPOS/2022/02/x08_y10/S2L2A_medcomp_x08_y10_202202_B04.tif
2025-08-20 15:37:38,299 - INFO - composites.py:426 - Write B05 -> //nas-rs.topo.auth.gr/Latomeia/DROUGHT/COMPOS/2022/02/x08_y10/S2L2A_medcomp_x08_y10_202202_B05.tif
2025-08-20 15:37:43,081 - INFO - composites.py:426 - Write B07 -> //nas-rs.topo.auth.gr/Latomeia/DROUGHT/COMPOS/2022/02/x08_y10/S2L2A_medcomp_x08_y10_202202_B07.tif
2025-08-20 15:37:48,174 - INFO - composites.py:426 - Write B8A -> //nas-rs.topo.auth.gr/Latomeia/DROUGHT/COMPOS/2022/02/x08_y10/S2L2A_medcomp_x08_y10_202202_B8A.tif
2025-08-20 15:37:52,789 - INFO - composites.py:426 - Write EVI -> //nas-rs.topo.auth.gr/Latomeia/DROUGHT/COMPOS/2022/02/x08_y10/S2L2A_medcomp_x08_y10_202202_evi.tif
2025-08-20 15:37:57,242 - INFO - composites.py:426 - Write NDVI -> //nas-rs.topo.auth.gr/Latomeia/DROUGHT/COMPOS/2022/02/x08_y10/S2L2A_medcomp_x08_y10_202202_ndvi.tif
2025-08-20 15:38:01,840 - INFO - composites.py:426 - Write PSRI2 -> //nas-rs.topo.auth.gr/Latomeia/DROUGHT/COMPOS/2022/02/x08_y10/S2L2A_medcomp_x08_y10_202202_psri2.tif
2025-08-20 15:38:01,841 - INFO - composites.py:430 - Prepare metadata YAML document
2025-08-20 15:38:02,621 - INFO - composites.py:451 - Write metadata YAML document to disk
2025-08-20 15:38:02,649 - INFO - composites.py:456 - Create datacube.model.Dataset from eo3 metadata
2025-08-20 15:38:02,675 - INFO - composites.py:467 - Index to datacube
2025-08-20 15:38:02,675 - INFO - _datasets.py:191 - Indexing 811384a5-9619-4781-8f17-7360c5434095
2025-08-20 15:38:02,683 - INFO - composites.py:470 - 
2025-08-20 15:38:02,685 - INFO - composites.py:471 -              ✔✔✔ COMPLETED: Tile x08_y10 | Time: 2022-02 | In 3.62 minutes
2025-08-20 15:38:02,685 - INFO - composites.py:472 - 
2025-08-20 15:38:02,685 - INFO - composites.py:480 - Closing Dask client
2025-08-20 15:38:02,686 - INFO - composites.py:484 - Closing Dask cluster
2025-08-20 15:38:02,686 - INFO - composites.py:485 - #######################################################################
