2025-08-25 04:23:26,959 - INFO - composites.py:102 - #######################################################################
2025-08-25 04:23:26,959 - INFO - composites.py:104 - Processing started
2025-08-25 04:23:26,960 - INFO - composites.py:105 -         Tile: x09_y10
2025-08-25 04:23:26,960 - INFO - composites.py:106 -         Time: 2020-04
2025-08-25 04:23:26,960 - INFO - composites.py:109 -                           
2025-08-25 04:23:26,960 - INFO - composites.py:110 - Establishing connection to datacube
2025-08-25 04:23:27,460 - INFO - composites.py:113 -                           
2025-08-25 04:23:27,463 - INFO - composites.py:114 - Sanity test: Check if dataset already exists in the datacube
2025-08-25 04:23:27,479 - INFO - composites.py:133 - The composite requested was not found and it will be computed
2025-08-25 04:23:27,479 - INFO - composites.py:136 -                                  
2025-08-25 04:23:27,479 - INFO - composites.py:137 - Initializing Dask cluster for parallelization
2025-08-25 04:23:32,378 - INFO - composites.py:161 - Dask dashboard is available at: http://127.0.0.1:8787/status
2025-08-25 04:23:32,378 - INFO - composites.py:164 - Create directories and naming conversions
2025-08-25 04:23:32,386 - INFO - composites.py:175 - Dataset location: //nas-rs.topo.auth.gr/Latomeia/DROUGHT/COMPOS/2020/04/x09_y10
2025-08-25 04:23:32,386 - INFO - composites.py:178 -                           
2025-08-25 04:23:32,386 - INFO - composites.py:179 - Retrieve tile geometry
2025-08-25 04:23:32,415 - INFO - composites.py:190 - Create the Bounding Box (φ,λ)
2025-08-25 04:23:32,415 - INFO - composites.py:196 - Create the Bounding Box (x,y)
2025-08-25 04:23:32,415 - INFO - composites.py:209 -                           
2025-08-25 04:23:32,415 - INFO - composites.py:210 - Connect to Planetary Computer STAC Catalog
2025-08-25 04:23:32,623 - INFO - composites.py:218 - Search the STAC Catalog
2025-08-25 04:23:32,691 - INFO - composites.py:230 -         Query parameters:
2025-08-25 04:23:32,691 - INFO - composites.py:231 -             url:          https://planetarycomputer.microsoft.com/api/stac/v1/search
2025-08-25 04:23:32,691 - INFO - composites.py:232 -             client:       microsoft-pc
2025-08-25 04:23:32,691 - INFO - composites.py:233 -             collection:   sentinel-2-l2a
2025-08-25 04:23:32,691 - INFO - composites.py:234 -             bbox:         (21.934886085480986, 37.792474572166405, 22.60144615074973, 38.34135632905737)
2025-08-25 04:23:32,691 - INFO - composites.py:235 -             time range:   2020-04-01T00:00:00Z/2020-04-30T23:59:59Z
2025-08-25 04:23:32,692 - INFO - composites.py:236 -             cloud cover:  0% - 70%
2025-08-25 04:23:32,692 - INFO - composites.py:237 -             nodata cover: 0% - 33%
2025-08-25 04:23:32,692 - INFO - composites.py:239 -                           
2025-08-25 04:23:32,692 - INFO - composites.py:240 - Searching...
2025-08-25 04:23:33,137 - INFO - composites.py:243 - Query found 22 items
2025-08-25 04:23:33,137 - INFO - composites.py:245 - Searching for GRI REFINED scenes:
2025-08-25 04:23:39,359 - INFO - sentinel2.py:78 - 1/22 - S2A_MSIL2A_20200430T090601_R050_T34SFG_20200922T165017 -> Not Found
2025-08-25 04:23:44,084 - INFO - sentinel2.py:78 - 2/22 - S2B_MSIL2A_20200428T092029_R093_T34SFH_20200922T115948 -> Not Found
2025-08-25 04:23:49,774 - INFO - sentinel2.py:78 - 3/22 - S2B_MSIL2A_20200428T092029_R093_T34SFG_20200922T115943 -> Not Found
2025-08-25 04:23:55,740 - INFO - sentinel2.py:78 - 4/22 - S2B_MSIL2A_20200428T092029_R093_T34SEH_20200922T115937 -> Not Found
2025-08-25 04:24:01,123 - INFO - sentinel2.py:78 - 5/22 - S2B_MSIL2A_20200428T092029_R093_T34SEG_20200922T115938 -> Not Found
2025-08-25 04:24:07,274 - INFO - sentinel2.py:78 - 6/22 - S2B_MSIL2A_20200425T090549_R050_T34SFG_20200922T021647 -> Not Found
2025-08-25 04:24:12,913 - INFO - sentinel2.py:78 - 7/22 - S2A_MSIL2A_20200423T092031_R093_T34SFH_20200921T181609 -> Not Found
2025-08-25 04:24:18,952 - INFO - sentinel2.py:78 - 8/22 - S2A_MSIL2A_20200423T092031_R093_T34SEH_20200921T181605 -> Not Found
2025-08-25 04:24:25,040 - INFO - sentinel2.py:78 - 9/22 - S2B_MSIL2A_20200418T092029_R093_T34SFH_20201027T070303 -> Not Found
2025-08-25 04:24:31,087 - INFO - sentinel2.py:78 - 10/22 - S2B_MSIL2A_20200418T092029_R093_T34SFG_20200924T015508 -> Not Found
2025-08-25 04:24:41,563 - INFO - sentinel2.py:78 - 11/22 - S2B_MSIL2A_20200418T092029_R093_T34SEH_20200924T015511 -> Not Found
2025-08-25 04:24:47,099 - INFO - sentinel2.py:78 - 12/22 - S2B_MSIL2A_20200418T092029_R093_T34SEG_20200924T015508 -> Not Found
2025-08-25 04:24:52,734 - INFO - sentinel2.py:78 - 13/22 - S2B_MSIL2A_20200415T090549_R050_T34SFG_20200923T160337 -> Not Found
2025-08-25 04:24:58,205 - INFO - sentinel2.py:78 - 14/22 - S2A_MSIL2A_20200413T092031_R093_T34SFH_20200923T074738 -> Not Found
2025-08-25 04:25:04,235 - INFO - sentinel2.py:78 - 15/22 - S2A_MSIL2A_20200413T092031_R093_T34SFG_20200923T074739 -> Not Found
2025-08-25 04:25:09,728 - INFO - sentinel2.py:78 - 16/22 - S2A_MSIL2A_20200413T092031_R093_T34SEH_20200923T074730 -> Not Found
2025-08-25 04:25:15,804 - INFO - sentinel2.py:78 - 17/22 - S2A_MSIL2A_20200413T092031_R093_T34SEG_20200923T074727 -> Not Found
2025-08-25 04:25:21,347 - INFO - sentinel2.py:78 - 18/22 - S2A_MSIL2A_20200410T090551_R050_T34SFG_20200925T182828 -> Not Found
2025-08-25 04:25:26,235 - INFO - sentinel2.py:78 - 19/22 - S2B_MSIL2A_20200408T092029_R093_T34SFH_20200925T133434 -> Not Found
2025-08-25 04:25:32,350 - INFO - sentinel2.py:78 - 20/22 - S2B_MSIL2A_20200408T092029_R093_T34SFG_20200925T133431 -> Not Found
2025-08-25 04:25:38,360 - INFO - sentinel2.py:78 - 21/22 - S2B_MSIL2A_20200408T092029_R093_T34SEH_20200925T133427 -> Not Found
2025-08-25 04:25:43,369 - INFO - sentinel2.py:78 - 22/22 - S2B_MSIL2A_20200408T092029_R093_T34SEG_20200925T133423 -> Not Found
2025-08-25 04:25:43,406 - INFO - composites.py:248 -                                  
2025-08-25 04:25:43,407 - INFO - composites.py:249 - 0/22 were refined by GRI.
2025-08-25 04:25:43,407 - WARNING - composites.py:253 - Tile x09_y10 | Time: 2020-04: All scenes are flagged NOT REFINED.
2025-08-25 04:25:43,407 - WARNING - composites.py:254 - Tile x09_y10 | Time: 2020-04: The composite will be flagged with _NOREFINED.
2025-08-25 04:25:43,407 - INFO - composites.py:261 - Looking for up to 10 cleanest images within spatiotemporal range of each MGRS tile
2025-08-25 04:25:43,440 - INFO - composites.py:275 - Filtered cleanest scenes: Kept 22 out of 22 items. 
2025-08-25 04:25:43,440 - INFO - composites.py:276 -         Included MGRS Tiles: ['34SEG' '34SEH' '34SFG' '34SFH']
2025-08-25 04:25:43,440 - INFO - composites.py:277 -         Included EPSG codes: [32634]
2025-08-25 04:25:43,441 - INFO - composites.py:279 - Selected scenes:
2025-08-25 04:25:43,441 - INFO - composites.py:281 -         S2B_MSIL2A_20200418T092029_R093_T34SEG_20200924T015508
2025-08-25 04:25:43,441 - INFO - composites.py:281 -         S2B_MSIL2A_20200428T092029_R093_T34SEG_20200922T115938
2025-08-25 04:25:43,442 - INFO - composites.py:281 -         S2A_MSIL2A_20200413T092031_R093_T34SEG_20200923T074727
2025-08-25 04:25:43,442 - INFO - composites.py:281 -         S2B_MSIL2A_20200408T092029_R093_T34SEG_20200925T133423
2025-08-25 04:25:43,446 - INFO - composites.py:281 -         S2B_MSIL2A_20200418T092029_R093_T34SEH_20200924T015511
2025-08-25 04:25:43,446 - INFO - composites.py:281 -         S2B_MSIL2A_20200428T092029_R093_T34SEH_20200922T115937
2025-08-25 04:25:43,446 - INFO - composites.py:281 -         S2A_MSIL2A_20200413T092031_R093_T34SEH_20200923T074730
2025-08-25 04:25:43,446 - INFO - composites.py:281 -         S2B_MSIL2A_20200408T092029_R093_T34SEH_20200925T133427
2025-08-25 04:25:43,447 - INFO - composites.py:281 -         S2A_MSIL2A_20200423T092031_R093_T34SEH_20200921T181605
2025-08-25 04:25:43,447 - INFO - composites.py:281 -         S2B_MSIL2A_20200418T092029_R093_T34SFG_20200924T015508
2025-08-25 04:25:43,447 - INFO - composites.py:281 -         S2A_MSIL2A_20200410T090551_R050_T34SFG_20200925T182828
2025-08-25 04:25:43,447 - INFO - composites.py:281 -         S2B_MSIL2A_20200425T090549_R050_T34SFG_20200922T021647
2025-08-25 04:25:43,447 - INFO - composites.py:281 -         S2B_MSIL2A_20200428T092029_R093_T34SFG_20200922T115943
2025-08-25 04:25:43,447 - INFO - composites.py:281 -         S2B_MSIL2A_20200408T092029_R093_T34SFG_20200925T133431
2025-08-25 04:25:43,447 - INFO - composites.py:281 -         S2A_MSIL2A_20200430T090601_R050_T34SFG_20200922T165017
2025-08-25 04:25:43,447 - INFO - composites.py:281 -         S2A_MSIL2A_20200413T092031_R093_T34SFG_20200923T074739
2025-08-25 04:25:43,447 - INFO - composites.py:281 -         S2B_MSIL2A_20200415T090549_R050_T34SFG_20200923T160337
2025-08-25 04:25:43,447 - INFO - composites.py:281 -         S2B_MSIL2A_20200418T092029_R093_T34SFH_20201027T070303
2025-08-25 04:25:43,447 - INFO - composites.py:281 -         S2B_MSIL2A_20200428T092029_R093_T34SFH_20200922T115948
2025-08-25 04:25:43,447 - INFO - composites.py:281 -         S2A_MSIL2A_20200413T092031_R093_T34SFH_20200923T074738
2025-08-25 04:25:43,447 - INFO - composites.py:281 -         S2B_MSIL2A_20200408T092029_R093_T34SFH_20200925T133434
2025-08-25 04:25:43,447 - INFO - composites.py:281 -         S2A_MSIL2A_20200423T092031_R093_T34SFH_20200921T181609
2025-08-25 04:25:43,782 - INFO - sentinel2.py:154 - Matplotlib backend: Agg
2025-08-25 04:25:44,102 - INFO - sentinel2.py:224 - Write input scenes footprint overlay: //nas-rs.topo.auth.gr/Latomeia/DROUGHT/COMPOS/2020/04/x09_y10/S2L2A_medcomp_x09_y10_202004_InDataFootprint.jpeg
2025-08-25 04:25:44,351 - INFO - composites.py:295 -                                  
2025-08-25 04:25:44,351 - INFO - composites.py:296 - Downstream STAC items from Planetary Computer
2025-08-25 04:25:44,351 - INFO - timeseries_processing.py:115 -                                  
2025-08-25 04:25:44,351 - INFO - timeseries_processing.py:116 - Loading bands of diferent resolutions in EPSG:32634
2025-08-25 04:25:44,351 - INFO - timeseries_processing.py:120 -     Filtering items with native UTM EPSG:32634
2025-08-25 04:25:44,351 - INFO - timeseries_processing.py:122 -     22 Items in EPSG:32634
2025-08-25 04:25:44,351 - INFO - timeseries_processing.py:129 -                        
2025-08-25 04:25:44,351 - INFO - timeseries_processing.py:130 -     Loading parameters:
2025-08-25 04:25:44,351 - INFO - timeseries_processing.py:131 -         Bands: ['B05', 'B07', 'B8A', 'SCL']
2025-08-25 04:25:44,351 - INFO - timeseries_processing.py:132 -         Spatial resolution: 20
2025-08-25 04:25:44,351 - INFO - timeseries_processing.py:134 -         Get Assets from STAC Items
2025-08-25 04:25:44,352 - INFO - timeseries_processing.py:47 -         Initialize the STAC client
2025-08-25 04:25:44,900 - INFO - timeseries_processing.py:137 -         Loading 22 STAC Items....
2025-08-25 04:26:50,784 - INFO - timeseries_processing.py:146 -         Cube has been downloaded
2025-08-25 04:26:50,784 - INFO - timeseries_processing.py:156 -         Fix order of dimensions
2025-08-25 04:26:50,786 - INFO - timeseries_processing.py:161 -         Append bands to the band-list of EPSG:32634
2025-08-25 04:26:50,786 - INFO - timeseries_processing.py:129 -                        
2025-08-25 04:26:50,786 - INFO - timeseries_processing.py:130 -     Loading parameters:
2025-08-25 04:26:50,787 - INFO - timeseries_processing.py:131 -         Bands: ['B02', 'B03', 'B04']
2025-08-25 04:26:50,787 - INFO - timeseries_processing.py:132 -         Spatial resolution: 10
2025-08-25 04:26:50,787 - INFO - timeseries_processing.py:134 -         Get Assets from STAC Items
2025-08-25 04:26:50,788 - INFO - timeseries_processing.py:47 -         Initialize the STAC client
2025-08-25 04:26:51,363 - INFO - timeseries_processing.py:137 -         Loading 22 STAC Items....
2025-08-25 04:29:07,598 - INFO - timeseries_processing.py:146 -         Cube has been downloaded
2025-08-25 04:29:07,598 - INFO - timeseries_processing.py:149 -         Reproject to downsample 10m bands to 20m by Resampling.average 2x2 binning and shape matching with odc.geo.GeoBox
2025-08-25 04:29:19,357 - INFO - timeseries_processing.py:161 -         Append bands to the band-list of EPSG:32634
2025-08-25 04:29:19,357 - INFO - timeseries_processing.py:165 -                        
2025-08-25 04:29:19,357 - INFO - timeseries_processing.py:166 -     Merging bands in a single dataset
2025-08-25 04:29:19,357 - INFO - timeseries_processing.py:167 -     Ensure all partial datasets are at (x=20, y=-20) resolution
2025-08-25 04:29:19,357 - INFO - timeseries_processing.py:171 -     Clip to the intersection of indexes
2025-08-25 04:29:20,295 - INFO - timeseries_processing.py:180 -     Make a list of bands to merge
2025-08-25 04:29:20,295 - INFO - timeseries_processing.py:184 -     Merge on intersection
2025-08-25 04:29:20,297 - INFO - timeseries_processing.py:192 -     Apply masks on clouds, shadows, thin cirrus, and snow/ice
2025-08-25 04:29:20,297 - INFO - sentinel2.py:122 -                Masking bits: [3, 7, 8, 9, 10, 11]
2025-08-25 04:29:21,336 - INFO - composites.py:305 - Reproject from UTM Zone to Tile geometry -> CRS(EPSG:32634), Resampling.bilinear
2025-08-25 04:29:27,137 - INFO - composites.py:308 -     New shape of datasets: Shape2d(x=2400, y=2400)
2025-08-25 04:29:27,828 - INFO - composites.py:340 - Creating preview plot of input scenes
2025-08-25 04:29:57,850 - INFO - timeseries_processing.py:349 - Saved preview for 'B04' to //nas-rs.topo.auth.gr/Latomeia/DROUGHT/COMPOS/2020/04/x09_y10/S2L2A_medcomp_x09_y10_202004_InDataPreview.jpeg
2025-08-25 04:29:57,855 - INFO - composites.py:346 - Clip value range
2025-08-25 04:29:59,583 - INFO - composites.py:351 -                           
2025-08-25 04:29:59,584 - INFO - composites.py:352 - Computing spectral indices:
2025-08-25 04:29:59,584 - INFO - composites.py:355 -     EVI...
2025-08-25 04:30:00,701 - INFO - composites.py:357 -     NDVI...
2025-08-25 04:30:01,102 - INFO - composites.py:359 -     PSRI2...
2025-08-25 04:30:01,344 - INFO - composites.py:362 - Clip to typical value range
2025-08-25 04:30:01,633 - INFO - composites.py:369 - Reducing to median value temporal composite
2025-08-25 04:30:26,012 - INFO - composites.py:388 - Scale and Define data types & nodata per band
2025-08-25 04:30:26,192 - INFO - composites.py:409 - Assign time range and tile ID in metadata
2025-08-25 04:30:26,192 - INFO - composites.py:417 - Write bands to raster COG files
2025-08-25 04:30:29,977 - INFO - composites.py:430 - Write B02 -> //nas-rs.topo.auth.gr/Latomeia/DROUGHT/COMPOS/2020/04/x09_y10/S2L2A_medcomp_x09_y10_202004_B02.tif
2025-08-25 04:30:33,810 - INFO - composites.py:430 - Write B03 -> //nas-rs.topo.auth.gr/Latomeia/DROUGHT/COMPOS/2020/04/x09_y10/S2L2A_medcomp_x09_y10_202004_B03.tif
2025-08-25 04:30:37,611 - INFO - composites.py:430 - Write B04 -> //nas-rs.topo.auth.gr/Latomeia/DROUGHT/COMPOS/2020/04/x09_y10/S2L2A_medcomp_x09_y10_202004_B04.tif
2025-08-25 04:30:41,349 - INFO - composites.py:430 - Write B05 -> //nas-rs.topo.auth.gr/Latomeia/DROUGHT/COMPOS/2020/04/x09_y10/S2L2A_medcomp_x09_y10_202004_B05.tif
2025-08-25 04:30:45,142 - INFO - composites.py:430 - Write B07 -> //nas-rs.topo.auth.gr/Latomeia/DROUGHT/COMPOS/2020/04/x09_y10/S2L2A_medcomp_x09_y10_202004_B07.tif
2025-08-25 04:30:48,864 - INFO - composites.py:430 - Write B8A -> //nas-rs.topo.auth.gr/Latomeia/DROUGHT/COMPOS/2020/04/x09_y10/S2L2A_medcomp_x09_y10_202004_B8A.tif
2025-08-25 04:30:52,601 - INFO - composites.py:430 - Write EVI -> //nas-rs.topo.auth.gr/Latomeia/DROUGHT/COMPOS/2020/04/x09_y10/S2L2A_medcomp_x09_y10_202004_EVI.tif
2025-08-25 04:30:56,329 - INFO - composites.py:430 - Write NDVI -> //nas-rs.topo.auth.gr/Latomeia/DROUGHT/COMPOS/2020/04/x09_y10/S2L2A_medcomp_x09_y10_202004_NDVI.tif
2025-08-25 04:31:00,008 - INFO - composites.py:430 - Write PSRI2 -> //nas-rs.topo.auth.gr/Latomeia/DROUGHT/COMPOS/2020/04/x09_y10/S2L2A_medcomp_x09_y10_202004_PSRI2.tif
2025-08-25 04:31:00,008 - INFO - composites.py:434 - Prepare metadata YAML document
2025-08-25 04:31:00,674 - INFO - composites.py:455 - Write metadata YAML document to disk
2025-08-25 04:31:00,699 - INFO - composites.py:460 - Create datacube.model.Dataset from eo3 metadata
2025-08-25 04:31:00,710 - INFO - composites.py:471 - Index to datacube
2025-08-25 04:31:00,710 - INFO - _datasets.py:191 - Indexing f10f692a-f479-479e-999c-318118d09ed6
2025-08-25 04:31:00,719 - INFO - composites.py:474 - 
2025-08-25 04:31:00,719 - INFO - composites.py:475 -              ✔✔✔ COMPLETED: Tile x09_y10 | Time: 2020-04 | In 7.56 minutes
2025-08-25 04:31:00,719 - INFO - composites.py:476 - 
2025-08-25 04:31:00,719 - INFO - composites.py:484 - Closing Dask client
2025-08-25 04:31:00,721 - INFO - composites.py:488 - Closing Dask cluster
2025-08-25 04:31:00,721 - INFO - composites.py:489 - #######################################################################
