2025-08-26 14:41:30,477 - INFO - composites.py:102 - #######################################################################
2025-08-26 14:41:30,477 - INFO - composites.py:104 - Processing started
2025-08-26 14:41:30,477 - INFO - composites.py:105 -         Tile: x06_y10
2025-08-26 14:41:30,477 - INFO - composites.py:106 -         Time: 2020-08
2025-08-26 14:41:30,478 - INFO - composites.py:109 -                           
2025-08-26 14:41:30,478 - INFO - composites.py:110 - Establishing connection to datacube
2025-08-26 14:41:30,984 - INFO - composites.py:113 -                           
2025-08-26 14:41:30,984 - INFO - composites.py:114 - Sanity test: Check if dataset already exists in the datacube
2025-08-26 14:41:31,000 - INFO - composites.py:133 - The composite requested was not found and it will be computed
2025-08-26 14:41:31,000 - INFO - composites.py:136 -                                  
2025-08-26 14:41:31,000 - INFO - composites.py:137 - Initializing Dask cluster for parallelization
2025-08-26 14:41:36,327 - INFO - composites.py:161 - Dask dashboard is available at: http://127.0.0.1:8787/status
2025-08-26 14:41:36,327 - INFO - composites.py:164 - Create directories and naming conversions
2025-08-26 14:41:36,340 - INFO - composites.py:177 - Dataset location: //nas-rs.topo.auth.gr/Latomeia/DROUGHT/composites/x06/y10/2020/08/01
2025-08-26 14:41:36,340 - INFO - composites.py:180 -                           
2025-08-26 14:41:36,340 - INFO - composites.py:181 - Retrieve tile geometry
2025-08-26 14:41:36,370 - INFO - composites.py:192 - Create the Bounding Box (φ,λ)
2025-08-26 14:41:36,370 - INFO - composites.py:198 - Create the Bounding Box (x,y)
2025-08-26 14:41:36,370 - INFO - composites.py:211 -                           
2025-08-26 14:41:36,370 - INFO - composites.py:212 - Connect to Planetary Computer STAC Catalog
2025-08-26 14:41:36,620 - INFO - composites.py:220 - Search the STAC Catalog
2025-08-26 14:41:36,702 - INFO - composites.py:232 -         Query parameters:
2025-08-26 14:41:36,703 - INFO - composites.py:233 -             url:          https://planetarycomputer.microsoft.com/api/stac/v1/search
2025-08-26 14:41:36,703 - INFO - composites.py:234 -             client:       microsoft-pc
2025-08-26 14:41:36,703 - INFO - composites.py:235 -             collection:   sentinel-2-l2a
2025-08-26 14:41:36,703 - INFO - composites.py:236 -             bbox:         (20.319245809102355, 37.99152284404117, 20.978573606105773, 38.532714784526966)
2025-08-26 14:41:36,703 - INFO - composites.py:237 -             time range:   2020-08-01T00:00:00Z/2020-08-31T23:59:59Z
2025-08-26 14:41:36,703 - INFO - composites.py:238 -             cloud cover:  0% - 70%
2025-08-26 14:41:36,703 - INFO - composites.py:239 -             nodata cover: 0% - 33%
2025-08-26 14:41:36,703 - INFO - composites.py:241 -                           
2025-08-26 14:41:36,703 - INFO - composites.py:242 - Searching...
2025-08-26 14:41:37,210 - INFO - composites.py:245 - Query found 13 items
2025-08-26 14:41:37,210 - INFO - composites.py:247 - Searching for GRI REFINED scenes:
2025-08-26 14:41:46,953 - INFO - sentinel2.py:78 - 1/13 - S2A_MSIL2A_20200831T092031_R093_T34SDH_20200907T201659 -> Not Found
2025-08-26 14:41:55,003 - INFO - sentinel2.py:78 - 2/13 - S2B_MSIL2A_20200829T093039_R136_T34SDH_20200907T150541 -> Not Found
2025-08-26 14:42:04,924 - INFO - sentinel2.py:78 - 3/13 - S2B_MSIL2A_20200826T092029_R093_T34SDH_20200827T215850 -> Not Found
2025-08-26 14:42:14,500 - INFO - sentinel2.py:78 - 4/13 - S2A_MSIL2A_20200824T093041_R136_T34SDH_20200827T160554 -> Not Found
2025-08-26 14:42:24,116 - INFO - sentinel2.py:78 - 5/13 - S2A_MSIL2A_20200821T092031_R093_T34SDH_20200822T221726 -> Not Found
2025-08-26 14:42:32,973 - INFO - sentinel2.py:78 - 6/13 - S2B_MSIL2A_20200819T093039_R136_T34SDH_20200908T172829 -> Not Found
2025-08-26 14:42:42,229 - INFO - sentinel2.py:78 - 7/13 - S2B_MSIL2A_20200816T092029_R093_T34SDH_20200818T141157 -> Not Found
2025-08-26 14:42:51,301 - INFO - sentinel2.py:78 - 8/13 - S2A_MSIL2A_20200814T093041_R136_T34SDH_20200816T054145 -> Not Found
2025-08-26 14:43:00,577 - INFO - sentinel2.py:78 - 9/13 - S2A_MSIL2A_20200811T092031_R093_T34SDH_20200814T182710 -> Not Found
2025-08-26 14:43:09,892 - INFO - sentinel2.py:78 - 10/13 - S2B_MSIL2A_20200809T093039_R136_T34SDH_20200815T154148 -> Not Found
2025-08-26 14:43:19,370 - INFO - sentinel2.py:78 - 11/13 - S2B_MSIL2A_20200806T092029_R093_T34SDH_20200815T062451 -> Not Found
2025-08-26 14:43:29,345 - INFO - sentinel2.py:78 - 12/13 - S2A_MSIL2A_20200804T093041_R136_T34SDH_20200816T024341 -> Not Found
2025-08-26 14:43:38,649 - INFO - sentinel2.py:78 - 13/13 - S2A_MSIL2A_20200801T092031_R093_T34SDH_20200815T172447 -> Not Found
2025-08-26 14:43:38,698 - INFO - composites.py:250 -                                  
2025-08-26 14:43:38,699 - INFO - composites.py:251 - 0/13 were refined by GRI.
2025-08-26 14:43:38,699 - WARNING - composites.py:255 - Tile x06_y10 | Time: 2020-08: All scenes are flagged NOT REFINED.
2025-08-26 14:43:38,699 - WARNING - composites.py:256 - Tile x06_y10 | Time: 2020-08: The composite will be flagged with _NOREFINED.
2025-08-26 14:43:38,699 - INFO - composites.py:263 - Looking for up to 10 cleanest images within spatiotemporal range of each MGRS tile
2025-08-26 14:43:38,700 - INFO - composites.py:277 - Filtered cleanest scenes: Kept 10 out of 13 items. 
2025-08-26 14:43:38,700 - INFO - composites.py:278 -         Included MGRS Tiles: ['34SDH']
2025-08-26 14:43:38,701 - INFO - composites.py:279 -         Included EPSG codes: [32634]
2025-08-26 14:43:38,716 - INFO - composites.py:281 - Selected scenes:
2025-08-26 14:43:38,716 - INFO - composites.py:283 -         S2A_MSIL2A_20200801T092031_R093_T34SDH_20200815T172447
2025-08-26 14:43:38,716 - INFO - composites.py:283 -         S2A_MSIL2A_20200831T092031_R093_T34SDH_20200907T201659
2025-08-26 14:43:38,717 - INFO - composites.py:283 -         S2B_MSIL2A_20200816T092029_R093_T34SDH_20200818T141157
2025-08-26 14:43:38,717 - INFO - composites.py:283 -         S2B_MSIL2A_20200829T093039_R136_T34SDH_20200907T150541
2025-08-26 14:43:38,722 - INFO - composites.py:283 -         S2A_MSIL2A_20200804T093041_R136_T34SDH_20200816T024341
2025-08-26 14:43:38,722 - INFO - composites.py:283 -         S2A_MSIL2A_20200824T093041_R136_T34SDH_20200827T160554
2025-08-26 14:43:38,734 - INFO - composites.py:283 -         S2A_MSIL2A_20200821T092031_R093_T34SDH_20200822T221726
2025-08-26 14:43:38,734 - INFO - composites.py:283 -         S2A_MSIL2A_20200814T093041_R136_T34SDH_20200816T054145
2025-08-26 14:43:38,734 - INFO - composites.py:283 -         S2B_MSIL2A_20200809T093039_R136_T34SDH_20200815T154148
2025-08-26 14:43:38,739 - INFO - composites.py:283 -         S2A_MSIL2A_20200811T092031_R093_T34SDH_20200814T182710
2025-08-26 14:43:39,068 - INFO - sentinel2.py:154 - Matplotlib backend: Agg
2025-08-26 14:43:39,232 - INFO - sentinel2.py:224 - Write input scenes footprint overlay: //nas-rs.topo.auth.gr/Latomeia/DROUGHT/composites/x06/y10/2020/08/01/S2L2A_medcomp_x06y10_202008_InDataFootprint.jpeg
2025-08-26 14:43:39,476 - INFO - composites.py:297 -                                  
2025-08-26 14:43:39,476 - INFO - composites.py:298 - Downstream STAC items from Planetary Computer
2025-08-26 14:43:39,476 - INFO - timeseries_processing.py:115 -                                  
2025-08-26 14:43:39,476 - INFO - timeseries_processing.py:116 - Loading bands of diferent resolutions in EPSG:32634
2025-08-26 14:43:39,476 - INFO - timeseries_processing.py:120 -     Filtering items with native UTM EPSG:32634
2025-08-26 14:43:39,476 - INFO - timeseries_processing.py:122 -     10 Items in EPSG:32634
2025-08-26 14:43:39,476 - INFO - timeseries_processing.py:129 -                        
2025-08-26 14:43:39,476 - INFO - timeseries_processing.py:130 -     Loading parameters:
2025-08-26 14:43:39,476 - INFO - timeseries_processing.py:131 -         Bands: ['B05', 'B07', 'B8A', 'SCL']
2025-08-26 14:43:39,476 - INFO - timeseries_processing.py:132 -         Spatial resolution: 20
2025-08-26 14:43:39,476 - INFO - timeseries_processing.py:134 -         Get Assets from STAC Items
2025-08-26 14:43:39,476 - INFO - timeseries_processing.py:47 -         Initialize the STAC client
2025-08-26 14:43:40,303 - INFO - timeseries_processing.py:137 -         Loading 10 STAC Items....
2025-08-26 14:44:10,554 - INFO - timeseries_processing.py:146 -         Cube has been downloaded
2025-08-26 14:44:10,554 - INFO - timeseries_processing.py:156 -         Fix order of dimensions
2025-08-26 14:44:10,554 - INFO - timeseries_processing.py:161 -         Append bands to the band-list of EPSG:32634
2025-08-26 14:44:10,554 - INFO - timeseries_processing.py:129 -                        
2025-08-26 14:44:10,556 - INFO - timeseries_processing.py:130 -     Loading parameters:
2025-08-26 14:44:10,556 - INFO - timeseries_processing.py:131 -         Bands: ['B02', 'B03', 'B04']
2025-08-26 14:44:10,557 - INFO - timeseries_processing.py:132 -         Spatial resolution: 10
2025-08-26 14:44:10,557 - INFO - timeseries_processing.py:134 -         Get Assets from STAC Items
2025-08-26 14:44:10,557 - INFO - timeseries_processing.py:47 -         Initialize the STAC client
2025-08-26 14:44:11,184 - INFO - timeseries_processing.py:137 -         Loading 10 STAC Items....
2025-08-26 14:46:02,122 - INFO - timeseries_processing.py:146 -         Cube has been downloaded
2025-08-26 14:46:02,122 - INFO - timeseries_processing.py:149 -         Reproject to downsample 10m bands to 20m by Resampling.average 2x2 binning and shape matching with odc.geo.GeoBox
2025-08-26 14:46:16,431 - INFO - timeseries_processing.py:161 -         Append bands to the band-list of EPSG:32634
2025-08-26 14:46:16,431 - INFO - timeseries_processing.py:165 -                        
2025-08-26 14:46:16,431 - INFO - timeseries_processing.py:166 -     Merging bands in a single dataset
2025-08-26 14:46:16,431 - INFO - timeseries_processing.py:167 -     Ensure all partial datasets are at (x=20, y=-20) resolution
2025-08-26 14:46:16,431 - INFO - timeseries_processing.py:171 -     Clip to the intersection of indexes
2025-08-26 14:46:17,810 - INFO - timeseries_processing.py:180 -     Make a list of bands to merge
2025-08-26 14:46:17,811 - INFO - timeseries_processing.py:184 -     Merge on intersection
2025-08-26 14:46:17,812 - INFO - timeseries_processing.py:192 -     Apply masks on clouds, shadows, thin cirrus, and snow/ice
2025-08-26 14:46:17,812 - INFO - sentinel2.py:122 -                Masking bits: [3, 7, 8, 9, 10, 11]
2025-08-26 14:46:18,930 - INFO - composites.py:307 - Reproject from UTM Zone to Tile geometry -> CRS(EPSG:32634), Resampling.bilinear
2025-08-26 14:46:25,574 - INFO - composites.py:310 -     New shape of datasets: Shape2d(x=2400, y=2400)
2025-08-26 14:46:26,211 - INFO - composites.py:342 - Creating preview plot of input scenes
2025-08-26 14:46:59,046 - INFO - timeseries_processing.py:349 - Saved preview for 'B04' to //nas-rs.topo.auth.gr/Latomeia/DROUGHT/composites/x06/y10/2020/08/01/S2L2A_medcomp_x06y10_202008_InDataPreview.jpeg
2025-08-26 14:46:59,053 - INFO - composites.py:348 - Clip value range
2025-08-26 14:47:01,078 - INFO - composites.py:353 -                           
2025-08-26 14:47:01,079 - INFO - composites.py:354 - Computing spectral indices:
2025-08-26 14:47:01,079 - INFO - composites.py:357 -     EVI...
2025-08-26 14:47:02,305 - INFO - composites.py:359 -     NDVI...
2025-08-26 14:47:02,736 - INFO - composites.py:361 -     PSRI2...
2025-08-26 14:47:03,001 - INFO - composites.py:364 - Clip to typical value range
2025-08-26 14:47:03,399 - INFO - composites.py:371 - Reducing to median value temporal composite
2025-08-26 14:47:35,494 - INFO - composites.py:390 - Scale and Define data types & nodata per band
2025-08-26 14:47:35,620 - INFO - composites.py:411 - Assign time range and tile ID in metadata
2025-08-26 14:47:35,620 - INFO - composites.py:419 - Write bands to raster COG files
2025-08-26 14:47:39,479 - INFO - composites.py:432 - Write B02 -> //nas-rs.topo.auth.gr/Latomeia/DROUGHT/composites/x06/y10/2020/08/01/S2L2A_medcomp_x06y10_202008_B02.tif
2025-08-26 14:47:43,357 - INFO - composites.py:432 - Write B03 -> //nas-rs.topo.auth.gr/Latomeia/DROUGHT/composites/x06/y10/2020/08/01/S2L2A_medcomp_x06y10_202008_B03.tif
2025-08-26 14:47:47,225 - INFO - composites.py:432 - Write B04 -> //nas-rs.topo.auth.gr/Latomeia/DROUGHT/composites/x06/y10/2020/08/01/S2L2A_medcomp_x06y10_202008_B04.tif
2025-08-26 14:47:51,112 - INFO - composites.py:432 - Write B05 -> //nas-rs.topo.auth.gr/Latomeia/DROUGHT/composites/x06/y10/2020/08/01/S2L2A_medcomp_x06y10_202008_B05.tif
2025-08-26 14:47:55,136 - INFO - composites.py:432 - Write B07 -> //nas-rs.topo.auth.gr/Latomeia/DROUGHT/composites/x06/y10/2020/08/01/S2L2A_medcomp_x06y10_202008_B07.tif
2025-08-26 14:47:59,335 - INFO - composites.py:432 - Write B8A -> //nas-rs.topo.auth.gr/Latomeia/DROUGHT/composites/x06/y10/2020/08/01/S2L2A_medcomp_x06y10_202008_B8A.tif
2025-08-26 14:48:03,082 - INFO - composites.py:432 - Write EVI -> //nas-rs.topo.auth.gr/Latomeia/DROUGHT/composites/x06/y10/2020/08/01/S2L2A_medcomp_x06y10_202008_EVI.tif
2025-08-26 14:48:06,948 - INFO - composites.py:432 - Write NDVI -> //nas-rs.topo.auth.gr/Latomeia/DROUGHT/composites/x06/y10/2020/08/01/S2L2A_medcomp_x06y10_202008_NDVI.tif
2025-08-26 14:48:11,044 - INFO - composites.py:432 - Write PSRI2 -> //nas-rs.topo.auth.gr/Latomeia/DROUGHT/composites/x06/y10/2020/08/01/S2L2A_medcomp_x06y10_202008_PSRI2.tif
2025-08-26 14:48:11,062 - INFO - composites.py:436 - Prepare metadata YAML document
2025-08-26 14:48:11,543 - INFO - composites.py:458 - Write metadata YAML document to disk
2025-08-26 14:48:11,569 - INFO - composites.py:463 - Create datacube.model.Dataset from eo3 metadata
2025-08-26 14:48:11,580 - INFO - composites.py:474 - Index to datacube
2025-08-26 14:48:11,580 - INFO - _datasets.py:191 - Indexing 8cd15df3-6d3e-442b-8b7c-b3fc380c0651
2025-08-26 14:48:11,589 - INFO - composites.py:477 - 
2025-08-26 14:48:11,589 - INFO - composites.py:478 -              ✔✔✔ COMPLETED: Tile x06_y10 | Time: 2020-08 | In 6.69 minutes
2025-08-26 14:48:11,589 - INFO - composites.py:479 - 
2025-08-26 14:48:11,589 - INFO - composites.py:487 - Closing Dask client
2025-08-26 14:48:11,597 - INFO - composites.py:491 - Closing Dask cluster
2025-08-26 14:48:11,597 - INFO - composites.py:492 - #######################################################################
