2025-08-18 23:01:44,394 - INFO - composites.py:104 - #######################################################################
2025-08-18 23:01:44,394 - INFO - composites.py:106 - Processing started
2025-08-18 23:01:44,394 - INFO - composites.py:107 -         Tile: x09_y08
2025-08-18 23:01:44,394 - INFO - composites.py:108 -         Time: 2020-12
2025-08-18 23:01:44,394 - INFO - composites.py:111 -                           
2025-08-18 23:01:44,394 - INFO - composites.py:112 - Establishing connection to datacube
2025-08-18 23:01:45,101 - INFO - composites.py:115 -                           
2025-08-18 23:01:45,103 - INFO - composites.py:116 - Sanity test: Check if dataset already exists in the datacube
2025-08-18 23:01:45,121 - INFO - composites.py:135 - The composite requested was not found and it will be computed
2025-08-18 23:01:45,121 - INFO - composites.py:138 -                                  
2025-08-18 23:01:45,121 - INFO - composites.py:139 - Initializing Dask cluster for parallelization
2025-08-18 23:01:51,249 - INFO - composites.py:163 - Dask dashboard is available at: http://127.0.0.1:8787/status
2025-08-18 23:01:51,249 - INFO - composites.py:166 - Create directories and naming conversions
2025-08-18 23:01:51,256 - INFO - composites.py:177 - Dataset location: //nas-rs.topo.auth.gr/Latomeia/DROUGHT/COMPOS/2020/12/x09_y08
2025-08-18 23:01:51,256 - INFO - composites.py:180 -                           
2025-08-18 23:01:51,256 - INFO - composites.py:181 - Retrieve tile geometry
2025-08-18 23:01:51,293 - INFO - composites.py:192 - Create the Bounding Box (φ,λ)
2025-08-18 23:01:51,293 - INFO - composites.py:198 - Create the Bounding Box (x,y)
2025-08-18 23:01:51,293 - INFO - composites.py:211 -                           
2025-08-18 23:01:51,293 - INFO - composites.py:212 - Connect to Planetary Computer STAC Catalog
2025-08-18 23:01:51,558 - INFO - composites.py:220 - Search the STAC Catalog
2025-08-18 23:01:51,630 - INFO - composites.py:232 -         Query parameters:
2025-08-18 23:01:51,630 - INFO - composites.py:233 -             url:          https://planetarycomputer.microsoft.com/api/stac/v1/search
2025-08-18 23:01:51,630 - INFO - composites.py:234 -             client:       microsoft-pc
2025-08-18 23:01:51,630 - INFO - composites.py:235 -             collection:   sentinel-2-l2a
2025-08-18 23:01:51,630 - INFO - composites.py:236 -             bbox:         (21.785902966726763, 36.9335162299011, 22.443294721420678, 37.482058720351276)
2025-08-18 23:01:51,630 - INFO - composites.py:237 -             time range:   2020-12-01T00:00:00Z/2020-12-31T23:59:59Z
2025-08-18 23:01:51,630 - INFO - composites.py:238 -             cloud cover:  0% - 70%
2025-08-18 23:01:51,630 - INFO - composites.py:239 -             nodata cover: 0% - 33%
2025-08-18 23:01:51,630 - INFO - composites.py:241 -                           
2025-08-18 23:01:51,630 - INFO - composites.py:242 - Searching...
2025-08-18 23:01:52,066 - INFO - composites.py:245 - Query found 23 items
2025-08-18 23:01:52,066 - INFO - composites.py:247 - Searching for GRI REFINED scenes:
2025-08-18 23:01:57,482 - INFO - sentinel2.py:78 - 1/23 - S2B_MSIL2A_20201231T091309_R050_T34SFG_20201231T232025 -> Not Found
2025-08-18 23:02:03,288 - INFO - sentinel2.py:78 - 2/23 - S2B_MSIL2A_20201231T091309_R050_T34SFF_20210101T054915 -> Not Found
2025-08-18 23:02:08,991 - INFO - sentinel2.py:78 - 3/23 - S2A_MSIL2A_20201226T091411_R050_T34SFF_20210104T094742 -> Not Found
2025-08-18 23:02:13,780 - INFO - sentinel2.py:78 - 4/23 - S2B_MSIL2A_20201224T092319_R093_T34SFG_20201225T041223 -> Not Found
2025-08-18 23:02:18,809 - INFO - sentinel2.py:78 - 5/23 - S2B_MSIL2A_20201224T092319_R093_T34SFF_20201225T040925 -> Not Found
2025-08-18 23:02:24,088 - INFO - sentinel2.py:78 - 6/23 - S2B_MSIL2A_20201224T092319_R093_T34SEG_20201225T041702 -> Not Found
2025-08-18 23:02:28,933 - INFO - sentinel2.py:78 - 7/23 - S2B_MSIL2A_20201224T092319_R093_T34SEF_20210104T083601 -> Not Found
2025-08-18 23:02:34,344 - INFO - sentinel2.py:78 - 8/23 - S2B_MSIL2A_20201221T091309_R050_T34SFF_20201222T101706 -> Not Found
2025-08-18 23:02:41,637 - INFO - sentinel2.py:78 - 9/23 - S2A_MSIL2A_20201219T092411_R093_T34SFG_20201220T142544 -> Not Found
2025-08-18 23:02:46,115 - INFO - sentinel2.py:78 - 10/23 - S2A_MSIL2A_20201219T092411_R093_T34SFF_20210105T015027 -> Not Found
2025-08-18 23:02:51,463 - INFO - sentinel2.py:78 - 11/23 - S2A_MSIL2A_20201219T092411_R093_T34SEG_20210513T181936 -> Not Found
2025-08-18 23:02:56,558 - INFO - sentinel2.py:78 - 12/23 - S2A_MSIL2A_20201219T092411_R093_T34SEF_20210105T015033 -> Not Found
2025-08-18 23:03:02,638 - INFO - sentinel2.py:78 - 13/23 - S2A_MSIL2A_20201216T091401_R050_T34SFG_20201217T022750 -> Not Found
2025-08-18 23:03:08,540 - INFO - sentinel2.py:78 - 14/23 - S2A_MSIL2A_20201216T091401_R050_T34SFF_20201217T023440 -> Not Found
2025-08-18 23:03:14,128 - INFO - sentinel2.py:78 - 15/23 - S2A_MSIL2A_20201209T092401_R093_T34SFG_20201210T142900 -> Not Found
2025-08-18 23:03:19,996 - INFO - sentinel2.py:78 - 16/23 - S2A_MSIL2A_20201209T092401_R093_T34SFF_20201210T142616 -> Not Found
2025-08-18 23:03:27,148 - INFO - sentinel2.py:78 - 17/23 - S2A_MSIL2A_20201209T092401_R093_T34SEG_20201210T142856 -> Not Found
2025-08-18 23:03:31,837 - INFO - sentinel2.py:78 - 18/23 - S2A_MSIL2A_20201209T092401_R093_T34SEF_20201210T141826 -> Not Found
2025-08-18 23:03:38,072 - INFO - sentinel2.py:78 - 19/23 - S2A_MSIL2A_20201206T091351_R050_T34SFG_20201207T083012 -> Not Found
2025-08-18 23:03:44,588 - INFO - sentinel2.py:78 - 20/23 - S2A_MSIL2A_20201206T091351_R050_T34SFF_20201207T083014 -> Not Found
2025-08-18 23:03:49,852 - INFO - sentinel2.py:78 - 21/23 - S2B_MSIL2A_20201204T092349_R093_T34SEG_20201213T185243 -> Not Found
2025-08-18 23:03:54,691 - INFO - sentinel2.py:78 - 22/23 - S2B_MSIL2A_20201204T092349_R093_T34SEF_20201205T112813 -> Not Found
2025-08-18 23:04:02,282 - INFO - sentinel2.py:78 - 23/23 - S2B_MSIL2A_20201201T091339_R050_T34SFF_20201203T004456 -> Not Found
2025-08-18 23:04:02,371 - INFO - composites.py:250 -                                  
2025-08-18 23:04:02,371 - INFO - composites.py:251 - 0/23 were refined by GRI.
2025-08-18 23:04:02,371 - WARNING - composites.py:255 - Tile x09_y08 | Time: 2020-12: All scenes are flagged NOT REFINED.
2025-08-18 23:04:02,372 - WARNING - composites.py:256 - Tile x09_y08 | Time: 2020-12: The composite will be flagged with _NOREFINED.
2025-08-18 23:04:02,372 - INFO - composites.py:263 - Looking for up to 10 cleanest images within spatiotemporal range of each MGRS tile
2025-08-18 23:04:02,372 - INFO - composites.py:277 - Filtered cleanest scenes: Kept 23 out of 23 items. 
2025-08-18 23:04:02,373 - INFO - composites.py:278 -         Included MGRS Tiles: ['34SEF' '34SEG' '34SFF' '34SFG']
2025-08-18 23:04:02,373 - INFO - composites.py:279 -         Included EPSG codes: [32634]
2025-08-18 23:04:02,373 - INFO - composites.py:281 - Selected scenes:
2025-08-18 23:04:02,373 - INFO - composites.py:283 -         S2B_MSIL2A_20201224T092319_R093_T34SEF_20210104T083601
2025-08-18 23:04:02,374 - INFO - composites.py:283 -         S2A_MSIL2A_20201209T092401_R093_T34SEF_20201210T141826
2025-08-18 23:04:02,374 - INFO - composites.py:283 -         S2A_MSIL2A_20201219T092411_R093_T34SEF_20210105T015033
2025-08-18 23:04:02,374 - INFO - composites.py:283 -         S2B_MSIL2A_20201204T092349_R093_T34SEF_20201205T112813
2025-08-18 23:04:02,374 - INFO - composites.py:283 -         S2A_MSIL2A_20201219T092411_R093_T34SEG_20210513T181936
2025-08-18 23:04:02,374 - INFO - composites.py:283 -         S2B_MSIL2A_20201224T092319_R093_T34SEG_20201225T041702
2025-08-18 23:04:02,374 - INFO - composites.py:283 -         S2A_MSIL2A_20201209T092401_R093_T34SEG_20201210T142856
2025-08-18 23:04:02,374 - INFO - composites.py:283 -         S2B_MSIL2A_20201204T092349_R093_T34SEG_20201213T185243
2025-08-18 23:04:02,374 - INFO - composites.py:283 -         S2B_MSIL2A_20201224T092319_R093_T34SFF_20201225T040925
2025-08-18 23:04:02,374 - INFO - composites.py:283 -         S2A_MSIL2A_20201216T091401_R050_T34SFF_20201217T023440
2025-08-18 23:04:02,374 - INFO - composites.py:283 -         S2A_MSIL2A_20201206T091351_R050_T34SFF_20201207T083014
2025-08-18 23:04:02,374 - INFO - composites.py:283 -         S2A_MSIL2A_20201219T092411_R093_T34SFF_20210105T015027
2025-08-18 23:04:02,374 - INFO - composites.py:283 -         S2B_MSIL2A_20201201T091339_R050_T34SFF_20201203T004456
2025-08-18 23:04:02,374 - INFO - composites.py:283 -         S2A_MSIL2A_20201209T092401_R093_T34SFF_20201210T142616
2025-08-18 23:04:02,374 - INFO - composites.py:283 -         S2A_MSIL2A_20201226T091411_R050_T34SFF_20210104T094742
2025-08-18 23:04:02,375 - INFO - composites.py:283 -         S2B_MSIL2A_20201231T091309_R050_T34SFF_20210101T054915
2025-08-18 23:04:02,375 - INFO - composites.py:283 -         S2B_MSIL2A_20201221T091309_R050_T34SFF_20201222T101706
2025-08-18 23:04:02,375 - INFO - composites.py:283 -         S2B_MSIL2A_20201224T092319_R093_T34SFG_20201225T041223
2025-08-18 23:04:02,375 - INFO - composites.py:283 -         S2A_MSIL2A_20201216T091401_R050_T34SFG_20201217T022750
2025-08-18 23:04:02,375 - INFO - composites.py:283 -         S2A_MSIL2A_20201219T092411_R093_T34SFG_20201220T142544
2025-08-18 23:04:02,375 - INFO - composites.py:283 -         S2B_MSIL2A_20201231T091309_R050_T34SFG_20201231T232025
2025-08-18 23:04:02,375 - INFO - composites.py:283 -         S2A_MSIL2A_20201206T091351_R050_T34SFG_20201207T083012
2025-08-18 23:04:02,375 - INFO - composites.py:283 -         S2A_MSIL2A_20201209T092401_R093_T34SFG_20201210T142900
2025-08-18 23:04:02,946 - INFO - sentinel2.py:154 - Matplotlib backend: Agg
2025-08-18 23:04:03,263 - INFO - sentinel2.py:224 - Write input scenes footprint overlay: //nas-rs.topo.auth.gr/Latomeia/DROUGHT/COMPOS/2020/12/x09_y08/S2L2A_medcomp_x09_y08_202012_InDataFootprint.jpeg
2025-08-18 23:04:03,532 - INFO - composites.py:297 -                                  
2025-08-18 23:04:03,533 - INFO - composites.py:298 - Downstream STAC items from Planetary Computer
2025-08-18 23:04:03,533 - INFO - timeseries_processing.py:114 -                                  
2025-08-18 23:04:03,533 - INFO - timeseries_processing.py:115 - Loading bands of diferent resolutions in EPSG:32634
2025-08-18 23:04:03,533 - INFO - timeseries_processing.py:119 -     Filtering items with native UTM EPSG:32634
2025-08-18 23:04:03,533 - INFO - timeseries_processing.py:121 -     23 Items in EPSG:32634
2025-08-18 23:04:03,533 - INFO - timeseries_processing.py:128 -                        
2025-08-18 23:04:03,533 - INFO - timeseries_processing.py:129 -     Loading parameters:
2025-08-18 23:04:03,533 - INFO - timeseries_processing.py:130 -         Bands: ['B05', 'B07', 'B8A', 'SCL']
2025-08-18 23:04:03,533 - INFO - timeseries_processing.py:131 -         Spatial resolution: 20
2025-08-18 23:04:03,533 - INFO - timeseries_processing.py:133 -         Get Assets from STAC Items
2025-08-18 23:04:03,533 - INFO - timeseries_processing.py:46 -         Initialize the STAC client
2025-08-18 23:04:04,203 - INFO - timeseries_processing.py:136 -         Loading 23 STAC Items....
2025-08-18 23:05:08,908 - INFO - timeseries_processing.py:158 -         Cube has been downloaded
2025-08-18 23:05:08,908 - INFO - timeseries_processing.py:167 -         Fix order of dimensions
2025-08-18 23:05:08,910 - INFO - timeseries_processing.py:172 -         Append bands to the band-list of EPSG:32634
2025-08-18 23:05:08,911 - INFO - timeseries_processing.py:128 -                        
2025-08-18 23:05:08,912 - INFO - timeseries_processing.py:129 -     Loading parameters:
2025-08-18 23:05:08,912 - INFO - timeseries_processing.py:130 -         Bands: ['B02', 'B03', 'B04']
2025-08-18 23:05:08,912 - INFO - timeseries_processing.py:131 -         Spatial resolution: 10
2025-08-18 23:05:08,912 - INFO - timeseries_processing.py:133 -         Get Assets from STAC Items
2025-08-18 23:05:08,912 - INFO - timeseries_processing.py:46 -         Initialize the STAC client
2025-08-18 23:05:09,510 - INFO - timeseries_processing.py:136 -         Loading 23 STAC Items....
2025-08-18 23:08:19,281 - INFO - timeseries_processing.py:158 -         Cube has been downloaded
2025-08-18 23:08:19,284 - INFO - timeseries_processing.py:161 -         Downsample 10m bands to 20m by average 2x2 binning
2025-08-18 23:08:33,842 - INFO - timeseries_processing.py:164 -         Warp (reproject) 2x2 binned bands to match shape of native 20m bands: method=bilinear
2025-08-18 23:08:43,351 - INFO - timeseries_processing.py:172 -         Append bands to the band-list of EPSG:32634
2025-08-18 23:08:43,351 - INFO - timeseries_processing.py:176 -                        
2025-08-18 23:08:43,351 - INFO - timeseries_processing.py:177 -     Merging bands in a single dataset
2025-08-18 23:08:43,351 - INFO - timeseries_processing.py:178 -     Ensure all partial datasets are at (x=20, y=-20) resolution
2025-08-18 23:08:43,352 - INFO - timeseries_processing.py:182 -     Clip to the intersection of indexes
2025-08-18 23:08:44,805 - INFO - timeseries_processing.py:191 -     Make a list of bands to merge
2025-08-18 23:08:44,806 - INFO - timeseries_processing.py:195 -     Merge on intersection
2025-08-18 23:08:44,808 - INFO - timeseries_processing.py:203 -     Apply masks on clouds, shadows, thin cirrus, and snow/ice
2025-08-18 23:08:44,808 - INFO - sentinel2.py:122 -                Masking bits: [3, 7, 8, 9, 10, 11]
2025-08-18 23:08:46,227 - INFO - timeseries_processing.py:209 -     Reproject to Tiling Schema projection EPSG:3035
2025-08-18 23:09:00,338 - INFO - composites.py:307 - Clip and align to tile geometry
2025-08-18 23:09:05,015 - INFO - composites.py:340 - Creating preview plot of input scenes
2025-08-18 23:09:47,409 - INFO - timeseries_processing.py:367 - Saved preview for 'B04' to //nas-rs.topo.auth.gr/Latomeia/DROUGHT/COMPOS/2020/12/x09_y08/S2L2A_medcomp_x09_y08_202012_InDataPreview.jpeg
2025-08-18 23:09:47,416 - INFO - composites.py:346 - Clip value range
2025-08-18 23:09:49,630 - INFO - composites.py:351 -                           
2025-08-18 23:09:49,630 - INFO - composites.py:352 - Computing spectral indices:
2025-08-18 23:09:49,630 - INFO - composites.py:355 -     EVI...
2025-08-18 23:09:50,987 - INFO - composites.py:357 -     NDVI...
2025-08-18 23:09:51,375 - INFO - composites.py:359 -     PSRI2...
2025-08-18 23:09:51,787 - INFO - composites.py:362 - Clip to typical value range
2025-08-18 23:09:52,289 - INFO - composites.py:369 - Reducing to median value temporal composite
2025-08-18 23:10:19,081 - INFO - composites.py:388 - Define data types and nodata per band
2025-08-18 23:10:19,281 - INFO - composites.py:409 - Assign time range and tile ID in metadata
2025-08-18 23:10:19,281 - INFO - composites.py:417 - Write bands to raster COG files
2025-08-18 23:10:23,996 - INFO - composites.py:430 - Write B02 -> //nas-rs.topo.auth.gr/Latomeia/DROUGHT/COMPOS/2020/12/x09_y08/S2L2A_medcomp_x09_y08_202012_B02.tif
2025-08-18 23:10:28,786 - INFO - composites.py:430 - Write B03 -> //nas-rs.topo.auth.gr/Latomeia/DROUGHT/COMPOS/2020/12/x09_y08/S2L2A_medcomp_x09_y08_202012_B03.tif
2025-08-18 23:10:33,506 - INFO - composites.py:430 - Write B04 -> //nas-rs.topo.auth.gr/Latomeia/DROUGHT/COMPOS/2020/12/x09_y08/S2L2A_medcomp_x09_y08_202012_B04.tif
2025-08-18 23:10:38,256 - INFO - composites.py:430 - Write B05 -> //nas-rs.topo.auth.gr/Latomeia/DROUGHT/COMPOS/2020/12/x09_y08/S2L2A_medcomp_x09_y08_202012_B05.tif
2025-08-18 23:10:42,986 - INFO - composites.py:430 - Write B07 -> //nas-rs.topo.auth.gr/Latomeia/DROUGHT/COMPOS/2020/12/x09_y08/S2L2A_medcomp_x09_y08_202012_B07.tif
2025-08-18 23:10:47,891 - INFO - composites.py:430 - Write B8A -> //nas-rs.topo.auth.gr/Latomeia/DROUGHT/COMPOS/2020/12/x09_y08/S2L2A_medcomp_x09_y08_202012_B8A.tif
2025-08-18 23:10:52,569 - INFO - composites.py:430 - Write EVI -> //nas-rs.topo.auth.gr/Latomeia/DROUGHT/COMPOS/2020/12/x09_y08/S2L2A_medcomp_x09_y08_202012_evi.tif
2025-08-18 23:10:57,174 - INFO - composites.py:430 - Write NDVI -> //nas-rs.topo.auth.gr/Latomeia/DROUGHT/COMPOS/2020/12/x09_y08/S2L2A_medcomp_x09_y08_202012_ndvi.tif
2025-08-18 23:11:01,863 - INFO - composites.py:430 - Write PSRI2 -> //nas-rs.topo.auth.gr/Latomeia/DROUGHT/COMPOS/2020/12/x09_y08/S2L2A_medcomp_x09_y08_202012_psri2.tif
2025-08-18 23:11:01,874 - INFO - composites.py:434 - Prepare metadata YAML document
2025-08-18 23:11:02,700 - INFO - composites.py:455 - Write metadata YAML document to disk
2025-08-18 23:11:02,764 - INFO - composites.py:460 - Create datacube.model.Dataset from eo3 metadata
2025-08-18 23:11:02,774 - INFO - composites.py:471 - Index to datacube
2025-08-18 23:11:02,775 - INFO - _datasets.py:191 - Indexing aeef1a9c-3f57-46d6-9bf8-c04d7574a584
2025-08-18 23:11:02,784 - INFO - composites.py:474 - 
2025-08-18 23:11:02,784 - INFO - composites.py:475 -              ✔✔✔ COMPLETED: Tile x09_y08 | Time: 2020-12 | In 9.31 minutes
2025-08-18 23:11:02,784 - INFO - composites.py:476 - 
2025-08-18 23:11:02,784 - INFO - composites.py:484 - Closing Dask client
2025-08-18 23:11:02,785 - INFO - composites.py:488 - Closing Dask cluster
2025-08-18 23:11:02,786 - INFO - composites.py:489 - #######################################################################
