2025-08-17 16:35:14,818 - INFO - composites.py:104 - #######################################################################
2025-08-17 16:35:14,819 - INFO - composites.py:106 - Processing started
2025-08-17 16:35:14,819 - INFO - composites.py:107 -         Tile: x08_y10
2025-08-17 16:35:14,819 - INFO - composites.py:108 -         Time: 2020-02
2025-08-17 16:35:14,819 - INFO - composites.py:111 -                           
2025-08-17 16:35:14,819 - INFO - composites.py:112 - Establishing connection to datacube
2025-08-17 16:35:15,642 - INFO - composites.py:115 -                           
2025-08-17 16:35:15,643 - INFO - composites.py:116 - Sanity test: Check if dataset already exists in the datacube
2025-08-17 16:35:15,662 - INFO - composites.py:134 - The composite requested will be computed
2025-08-17 16:35:15,662 - INFO - composites.py:137 -                                  
2025-08-17 16:35:15,662 - INFO - composites.py:138 - Initializing Dask cluster for parallelization
2025-08-17 16:35:21,779 - INFO - composites.py:170 - Dask dashboard is available at: http://127.0.0.1:8787/status
2025-08-17 16:35:21,779 - INFO - composites.py:173 - Create directories and naming conversions
2025-08-17 16:35:21,784 - INFO - composites.py:184 - Dataset location: //nas-rs.topo.auth.gr/Latomeia/DROUGHT/COMPOS/2020/02/x08_y10
2025-08-17 16:35:21,784 - INFO - composites.py:187 -                           
2025-08-17 16:35:21,784 - INFO - composites.py:188 - Retrieve tile geometry
2025-08-17 16:35:21,829 - INFO - composites.py:199 - Create the Bounding Box (φ,λ)
2025-08-17 16:35:21,829 - INFO - composites.py:205 - Create the Bounding Box (x,y)
2025-08-17 16:35:21,829 - INFO - composites.py:218 -                           
2025-08-17 16:35:21,830 - INFO - composites.py:219 - Connect to Planetary Computer STAC Catalog
2025-08-17 16:35:22,077 - INFO - composites.py:227 - Search the STAC Catalog
2025-08-17 16:35:22,173 - INFO - composites.py:239 -         Query parameters:
2025-08-17 16:35:22,173 - INFO - composites.py:240 -             url:          https://planetarycomputer.microsoft.com/api/stac/v1/search
2025-08-17 16:35:22,173 - INFO - composites.py:241 -             client:       microsoft-pc
2025-08-17 16:35:22,173 - INFO - composites.py:242 -             collection:   sentinel-2-l2a
2025-08-17 16:35:22,173 - INFO - composites.py:243 -             bbox:         (21.39727761573884, 37.861889619476244, 22.06149084282509, 38.40823766792774)
2025-08-17 16:35:22,173 - INFO - composites.py:244 -             time range:   2020-02-01T00:00:00Z/2020-02-29T23:59:59Z
2025-08-17 16:35:22,173 - INFO - composites.py:245 -             cloud cover:  0% - 70%
2025-08-17 16:35:22,173 - INFO - composites.py:246 -             nodata cover: 0% - 33%
2025-08-17 16:35:22,173 - INFO - composites.py:248 -                           
2025-08-17 16:35:22,173 - INFO - composites.py:249 - Searching...
2025-08-17 16:35:22,606 - INFO - composites.py:252 - Query found 11 items
2025-08-17 16:35:22,606 - INFO - composites.py:254 - Searching for GRI REFINED scenes:
2025-08-17 16:35:25,259 - INFO - sentinel2.py:63 - 1/11 - S2B_MSIL2A_20200228T092029_R093_T34SEG_20200929T011206 -> Not Found
2025-08-17 16:35:28,879 - INFO - sentinel2.py:63 - 2/11 - S2A_MSIL2A_20200223T092021_R093_T34SEH_20200927T221857 -> Not Found
2025-08-17 16:35:32,629 - INFO - sentinel2.py:63 - 3/11 - S2A_MSIL2A_20200223T092021_R093_T34SEG_20200927T221855 -> Not Found
2025-08-17 16:35:35,797 - INFO - sentinel2.py:63 - 4/11 - S2B_MSIL2A_20200218T092029_R093_T34SEH_20200929T210019 -> Not Found
2025-08-17 16:35:38,519 - INFO - sentinel2.py:63 - 5/11 - S2B_MSIL2A_20200218T092029_R093_T34SEG_20200929T210009 -> Not Found
2025-08-17 16:35:42,394 - INFO - sentinel2.py:63 - 6/11 - S2A_MSIL2A_20200213T092101_R093_T34SEH_20201001T210832 -> Not Found
2025-08-17 16:35:45,575 - INFO - sentinel2.py:63 - 7/11 - S2A_MSIL2A_20200213T092101_R093_T34SEG_20201001T210829 -> Not Found
2025-08-17 16:35:49,203 - INFO - sentinel2.py:63 - 8/11 - S2B_MSIL2A_20200208T092039_R093_T34SEH_20201001T095459 -> Not Found
2025-08-17 16:35:52,746 - INFO - sentinel2.py:63 - 9/11 - S2B_MSIL2A_20200208T092039_R093_T34SEG_20201001T095457 -> Not Found
2025-08-17 16:35:56,411 - INFO - sentinel2.py:63 - 10/11 - S2A_MSIL2A_20200203T092201_R093_T34SEH_20200930T150104 -> Not Found
2025-08-17 16:35:59,871 - INFO - sentinel2.py:63 - 11/11 - S2A_MSIL2A_20200203T092201_R093_T34SEG_20200930T150103 -> Not Found
2025-08-17 16:35:59,918 - INFO - composites.py:257 -                                  
2025-08-17 16:35:59,919 - INFO - composites.py:258 - 0/11 were refined by GRI.
2025-08-17 16:35:59,942 - WARNING - composites.py:262 - Tile x08_y10 | Time: 2020-02: All scenes are flagged NOT REFINED.
2025-08-17 16:35:59,942 - WARNING - composites.py:263 - Tile x08_y10 | Time: 2020-02: The composite will be flagged with _NOREFINED.
2025-08-17 16:35:59,942 - INFO - composites.py:270 - Looking for up to 10 cleanest images within spatiotemporal range of each MGRS tile
2025-08-17 16:35:59,943 - INFO - composites.py:284 - Filtered cleanest scenes: Kept 11 out of 11 items. 
2025-08-17 16:35:59,944 - INFO - composites.py:285 -         Included MGRS Tiles: ['34SEG' '34SEH']
2025-08-17 16:35:59,944 - INFO - composites.py:286 -         Included EPSG codes: [32634]
2025-08-17 16:35:59,944 - INFO - composites.py:288 - Selected scenes:
2025-08-17 16:35:59,944 - INFO - composites.py:290 -         S2A_MSIL2A_20200223T092021_R093_T34SEG_20200927T221855
2025-08-17 16:35:59,945 - INFO - composites.py:290 -         S2B_MSIL2A_20200208T092039_R093_T34SEG_20201001T095457
2025-08-17 16:35:59,945 - INFO - composites.py:290 -         S2A_MSIL2A_20200213T092101_R093_T34SEG_20201001T210829
2025-08-17 16:35:59,950 - INFO - composites.py:290 -         S2B_MSIL2A_20200218T092029_R093_T34SEG_20200929T210009
2025-08-17 16:35:59,950 - INFO - composites.py:290 -         S2A_MSIL2A_20200203T092201_R093_T34SEG_20200930T150103
2025-08-17 16:35:59,950 - INFO - composites.py:290 -         S2B_MSIL2A_20200228T092029_R093_T34SEG_20200929T011206
2025-08-17 16:35:59,951 - INFO - composites.py:290 -         S2A_MSIL2A_20200223T092021_R093_T34SEH_20200927T221857
2025-08-17 16:35:59,951 - INFO - composites.py:290 -         S2B_MSIL2A_20200208T092039_R093_T34SEH_20201001T095459
2025-08-17 16:35:59,951 - INFO - composites.py:290 -         S2A_MSIL2A_20200213T092101_R093_T34SEH_20201001T210832
2025-08-17 16:35:59,951 - INFO - composites.py:290 -         S2B_MSIL2A_20200218T092029_R093_T34SEH_20200929T210019
2025-08-17 16:35:59,951 - INFO - composites.py:290 -         S2A_MSIL2A_20200203T092201_R093_T34SEH_20200930T150104
2025-08-17 16:36:00,533 - INFO - sentinel2.py:139 - Matplotlib backend: Agg
2025-08-17 16:36:00,762 - INFO - sentinel2.py:209 - Write input scenes footprint overlay: //nas-rs.topo.auth.gr/Latomeia/DROUGHT/COMPOS/2020/02/x08_y10/S2L2A_medcomp_x08_y10_202002_InDataFootprint.jpeg
2025-08-17 16:36:01,029 - INFO - composites.py:304 -                                  
2025-08-17 16:36:01,029 - INFO - composites.py:305 - Downstream STAC items from Planetary Computer
2025-08-17 16:36:01,029 - INFO - timeseries_processing.py:99 -                                  
2025-08-17 16:36:01,029 - INFO - timeseries_processing.py:100 - Loading bands of diferent resolutions in EPSG:32634
2025-08-17 16:36:01,029 - INFO - timeseries_processing.py:104 -     Filtering items with native UTM EPSG:32634
2025-08-17 16:36:01,029 - INFO - timeseries_processing.py:106 -     11 Items in EPSG:32634
2025-08-17 16:36:01,029 - INFO - timeseries_processing.py:113 -                        
2025-08-17 16:36:01,029 - INFO - timeseries_processing.py:114 -     Loading parameters:
2025-08-17 16:36:01,029 - INFO - timeseries_processing.py:115 -         Bands: ['B05', 'B07', 'B8A', 'SCL']
2025-08-17 16:36:01,030 - INFO - timeseries_processing.py:116 -         Spatial resolution: 20
2025-08-17 16:36:01,030 - INFO - timeseries_processing.py:118 -         Get Assets from STAC Items
2025-08-17 16:36:01,030 - INFO - timeseries_processing.py:31 -         Initialize the STAC client
2025-08-17 16:36:01,575 - INFO - timeseries_processing.py:121 -         Loading 11 STAC Items....
2025-08-17 16:36:51,039 - INFO - timeseries_processing.py:143 -         Cube has been downloaded
2025-08-17 16:36:51,039 - INFO - timeseries_processing.py:152 -         Fix order of dimensions
2025-08-17 16:36:51,041 - INFO - timeseries_processing.py:157 -         Append bands to the band-list of EPSG:32634
2025-08-17 16:36:51,041 - INFO - timeseries_processing.py:113 -                        
2025-08-17 16:36:51,041 - INFO - timeseries_processing.py:114 -     Loading parameters:
2025-08-17 16:36:51,041 - INFO - timeseries_processing.py:115 -         Bands: ['B02', 'B03', 'B04']
2025-08-17 16:36:51,041 - INFO - timeseries_processing.py:116 -         Spatial resolution: 10
2025-08-17 16:36:51,041 - INFO - timeseries_processing.py:118 -         Get Assets from STAC Items
2025-08-17 16:36:51,042 - INFO - timeseries_processing.py:31 -         Initialize the STAC client
2025-08-17 16:36:51,663 - INFO - timeseries_processing.py:121 -         Loading 11 STAC Items....
2025-08-17 16:37:51,248 - INFO - timeseries_processing.py:143 -         Cube has been downloaded
2025-08-17 16:37:51,249 - INFO - timeseries_processing.py:146 -         Downsample 10m bands to 20m by average 2x2 binning
2025-08-17 16:37:59,785 - INFO - timeseries_processing.py:149 -         Warp (reproject) 2x2 binned bands like native 20m bands: method=bilinear
2025-08-17 16:38:07,052 - INFO - timeseries_processing.py:157 -         Append bands to the band-list of EPSG:32634
2025-08-17 16:38:07,052 - INFO - timeseries_processing.py:161 -                        
2025-08-17 16:38:07,052 - INFO - timeseries_processing.py:162 -     Merging bands in a single dataset
2025-08-17 16:38:07,052 - INFO - timeseries_processing.py:163 -     Ensure all partial datasets are at (x=20, y=-20) resolution
2025-08-17 16:38:07,053 - INFO - timeseries_processing.py:167 -     Clip to the intersection of indexes
2025-08-17 16:38:08,439 - INFO - timeseries_processing.py:176 -     Make a list of bands to merge
2025-08-17 16:38:08,440 - INFO - timeseries_processing.py:180 -     Merge on intersection
2025-08-17 16:38:08,440 - INFO - timeseries_processing.py:188 -     Apply masks on clouds, shadows, thin cirrus, and snow/ice
2025-08-17 16:38:08,441 - INFO - sentinel2.py:107 -                Masking bits: [3, 7, 8, 9, 10, 11]
2025-08-17 16:38:09,285 - INFO - timeseries_processing.py:194 -     Reproject to Tiling Schema projection EPSG:3035
2025-08-17 16:38:17,840 - INFO - composites.py:314 - Clip and align to tile geometry
2025-08-17 16:38:20,786 - INFO - composites.py:347 - Creating preview plot of input scenes
2025-08-17 16:38:52,646 - INFO - timeseries_processing.py:352 - Saved preview for 'B04' to //nas-rs.topo.auth.gr/Latomeia/DROUGHT/COMPOS/2020/02/x08_y10/S2L2A_medcomp_x08_y10_202002_InDataPreview.jpeg
2025-08-17 16:38:52,652 - INFO - composites.py:353 - Clip value range
2025-08-17 16:38:54,015 - INFO - composites.py:358 -                           
2025-08-17 16:38:54,015 - INFO - composites.py:359 - Computing spectral indices:
2025-08-17 16:38:54,015 - INFO - composites.py:362 -     EVI...
2025-08-17 16:38:54,857 - INFO - composites.py:364 -     NDVI...
2025-08-17 16:38:55,038 - INFO - composites.py:366 -     PSRI2...
2025-08-17 16:38:55,291 - INFO - composites.py:369 - Clip to typical value range
2025-08-17 16:38:55,564 - INFO - composites.py:376 - Reducing to median value temporal composite
2025-08-17 16:39:21,552 - INFO - composites.py:395 - Define data types and nodata per band
2025-08-17 16:39:21,755 - INFO - composites.py:416 - Assign time range and tile ID in metadata
2025-08-17 16:39:21,755 - INFO - composites.py:424 - Write bands to raster COG files
2025-08-17 16:39:26,455 - INFO - composites.py:437 - Write B02 -> //nas-rs.topo.auth.gr/Latomeia/DROUGHT/COMPOS/2020/02/x08_y10/S2L2A_medcomp_x08_y10_202002_B02.tif
2025-08-17 16:39:31,312 - INFO - composites.py:437 - Write B03 -> //nas-rs.topo.auth.gr/Latomeia/DROUGHT/COMPOS/2020/02/x08_y10/S2L2A_medcomp_x08_y10_202002_B03.tif
2025-08-17 16:39:36,395 - INFO - composites.py:437 - Write B04 -> //nas-rs.topo.auth.gr/Latomeia/DROUGHT/COMPOS/2020/02/x08_y10/S2L2A_medcomp_x08_y10_202002_B04.tif
2025-08-17 16:39:41,438 - INFO - composites.py:437 - Write B05 -> //nas-rs.topo.auth.gr/Latomeia/DROUGHT/COMPOS/2020/02/x08_y10/S2L2A_medcomp_x08_y10_202002_B05.tif
2025-08-17 16:39:46,125 - INFO - composites.py:437 - Write B07 -> //nas-rs.topo.auth.gr/Latomeia/DROUGHT/COMPOS/2020/02/x08_y10/S2L2A_medcomp_x08_y10_202002_B07.tif
2025-08-17 16:39:50,855 - INFO - composites.py:437 - Write B8A -> //nas-rs.topo.auth.gr/Latomeia/DROUGHT/COMPOS/2020/02/x08_y10/S2L2A_medcomp_x08_y10_202002_B8A.tif
2025-08-17 16:39:55,487 - INFO - composites.py:437 - Write EVI -> //nas-rs.topo.auth.gr/Latomeia/DROUGHT/COMPOS/2020/02/x08_y10/S2L2A_medcomp_x08_y10_202002_evi.tif
2025-08-17 16:40:00,078 - INFO - composites.py:437 - Write NDVI -> //nas-rs.topo.auth.gr/Latomeia/DROUGHT/COMPOS/2020/02/x08_y10/S2L2A_medcomp_x08_y10_202002_ndvi.tif
2025-08-17 16:40:04,790 - INFO - composites.py:437 - Write PSRI2 -> //nas-rs.topo.auth.gr/Latomeia/DROUGHT/COMPOS/2020/02/x08_y10/S2L2A_medcomp_x08_y10_202002_psri2.tif
2025-08-17 16:40:04,807 - INFO - composites.py:441 - Prepare metadata YAML document
2025-08-17 16:40:05,573 - INFO - composites.py:462 - Write metadata YAML document to disk
2025-08-17 16:40:05,613 - INFO - composites.py:467 - Create datacube.model.Dataset from eo3 metadata
2025-08-17 16:40:05,625 - INFO - composites.py:477 - Index to datacube
2025-08-17 16:40:05,625 - INFO - _datasets.py:191 - Indexing 80b85c51-1588-4109-9994-2ee1759ebfc2
2025-08-17 16:40:05,657 - INFO - composites.py:480 - 
2025-08-17 16:40:05,657 - INFO - composites.py:481 -              ✔✔✔ COMPLETED: Tile x08_y10 | Time: 2020-02 | In 4.85 minutes
2025-08-17 16:40:05,657 - INFO - composites.py:482 - 
2025-08-17 16:40:05,657 - INFO - composites.py:490 - Closing Dask client
2025-08-17 16:40:05,660 - INFO - composites.py:494 - Closing Dask cluster
