2025-08-28 05:45:00,639 - INFO - composites.py:102 - #######################################################################
2025-08-28 05:45:00,639 - INFO - composites.py:104 - Processing started
2025-08-28 05:45:00,639 - INFO - composites.py:105 -         Tile: x10_y09
2025-08-28 05:45:00,639 - INFO - composites.py:106 -         Time: 2022-04
2025-08-28 05:45:00,639 - INFO - composites.py:109 -                           
2025-08-28 05:45:00,639 - INFO - composites.py:110 - Establishing connection to datacube
2025-08-28 05:45:01,155 - INFO - composites.py:113 -                           
2025-08-28 05:45:01,155 - INFO - composites.py:114 - Sanity test: Check if dataset already exists in the datacube
2025-08-28 05:45:01,174 - INFO - composites.py:133 - The composite requested was not found and it will be computed
2025-08-28 05:45:01,174 - INFO - composites.py:136 -                                  
2025-08-28 05:45:01,174 - INFO - composites.py:137 - Initializing Dask cluster for parallelization
2025-08-28 05:45:06,239 - INFO - composites.py:161 - Dask dashboard is available at: http://127.0.0.1:8787/status
2025-08-28 05:45:06,239 - INFO - composites.py:164 - Create directories and naming conversions
2025-08-28 05:45:06,250 - INFO - composites.py:177 - Dataset location: //nas-rs.topo.auth.gr/Latomeia/DROUGHT/composites/x10/y09/2022/04/01
2025-08-28 05:45:06,251 - INFO - composites.py:180 -                           
2025-08-28 05:45:06,251 - INFO - composites.py:181 - Retrieve tile geometry
2025-08-28 05:45:06,279 - INFO - composites.py:192 - Create the Bounding Box (φ,λ)
2025-08-28 05:45:06,279 - INFO - composites.py:198 - Create the Bounding Box (x,y)
2025-08-28 05:45:06,279 - INFO - composites.py:211 -                           
2025-08-28 05:45:06,279 - INFO - composites.py:212 - Connect to Planetary Computer STAC Catalog
2025-08-28 05:45:06,503 - INFO - composites.py:220 - Search the STAC Catalog
2025-08-28 05:45:06,574 - INFO - composites.py:232 -         Query parameters:
2025-08-28 05:45:06,574 - INFO - composites.py:233 -             url:          https://planetarycomputer.microsoft.com/api/stac/v1/search
2025-08-28 05:45:06,574 - INFO - composites.py:234 -             client:       microsoft-pc
2025-08-28 05:45:06,574 - INFO - composites.py:235 -             collection:   sentinel-2-l2a
2025-08-28 05:45:06,574 - INFO - composites.py:236 -             bbox:         (22.393231098837152, 37.29127558081356, 23.05741948027706, 37.8424745721664)
2025-08-28 05:45:06,574 - INFO - composites.py:237 -             time range:   2022-04-01T00:00:00Z/2022-04-30T23:59:59Z
2025-08-28 05:45:06,574 - INFO - composites.py:238 -             cloud cover:  0% - 70%
2025-08-28 05:45:06,574 - INFO - composites.py:239 -             nodata cover: 0% - 33%
2025-08-28 05:45:06,574 - INFO - composites.py:241 -                           
2025-08-28 05:45:06,574 - INFO - composites.py:242 - Searching...
2025-08-28 05:45:07,225 - INFO - composites.py:245 - Query found 22 items
2025-08-28 05:45:07,225 - INFO - composites.py:247 - Searching for GRI REFINED scenes:
2025-08-28 05:45:15,786 - INFO - sentinel2.py:78 - 1/22 - S2A_MSIL2A_20220430T090601_R050_T34SFG_20220519T135623 -> REFINED
2025-08-28 05:45:24,445 - INFO - sentinel2.py:78 - 2/22 - S2A_MSIL2A_20220430T090601_R050_T34SFG_20220501T085302 -> REFINED
2025-08-28 05:45:33,212 - INFO - sentinel2.py:78 - 3/22 - S2B_MSIL2A_20220428T092019_R093_T34SFH_20220429T025401 -> REFINED
2025-08-28 05:45:41,388 - INFO - sentinel2.py:78 - 4/22 - S2B_MSIL2A_20220428T092019_R093_T34SFG_20220429T034738 -> REFINED
2025-08-28 05:45:51,896 - INFO - sentinel2.py:78 - 5/22 - S2B_MSIL2A_20220425T090549_R050_T34SFG_20240610T054133 -> REFINED
2025-08-28 05:45:59,493 - INFO - sentinel2.py:78 - 6/22 - S2B_MSIL2A_20220425T090549_R050_T34SFG_20220426T050137 -> REFINED
2025-08-28 05:46:08,644 - INFO - sentinel2.py:78 - 7/22 - S2A_MSIL2A_20220423T092031_R093_T34SFH_20220424T054743 -> REFINED
2025-08-28 05:46:16,520 - INFO - sentinel2.py:78 - 8/22 - S2A_MSIL2A_20220423T092031_R093_T34SFG_20220424T032732 -> REFINED
2025-08-28 05:46:24,639 - INFO - sentinel2.py:78 - 9/22 - S2A_MSIL2A_20220420T090601_R050_T34SFG_20240610T182452 -> REFINED
2025-08-28 05:46:33,886 - INFO - sentinel2.py:78 - 10/22 - S2A_MSIL2A_20220420T090601_R050_T34SFG_20220420T220023 -> REFINED
2025-08-28 05:46:43,092 - INFO - sentinel2.py:78 - 11/22 - S2B_MSIL2A_20220415T090549_R050_T34SFG_20240617T181011 -> REFINED
2025-08-28 05:46:52,028 - INFO - sentinel2.py:78 - 12/22 - S2B_MSIL2A_20220415T090549_R050_T34SFG_20220415T214612 -> REFINED
2025-08-28 05:46:59,857 - INFO - sentinel2.py:78 - 13/22 - S2A_MSIL2A_20220413T092031_R093_T34SFH_20220414T053338 -> REFINED
2025-08-28 05:47:08,828 - INFO - sentinel2.py:78 - 14/22 - S2A_MSIL2A_20220413T092031_R093_T34SFG_20220414T054313 -> REFINED
2025-08-28 05:47:17,677 - INFO - sentinel2.py:78 - 15/22 - S2A_MSIL2A_20220410T090601_R050_T34SFG_20240608T092245 -> REFINED
2025-08-28 05:47:25,484 - INFO - sentinel2.py:78 - 16/22 - S2A_MSIL2A_20220410T090601_R050_T34SFG_20220411T101029 -> REFINED
2025-08-28 05:47:33,959 - INFO - sentinel2.py:78 - 17/22 - S2B_MSIL2A_20220408T092029_R093_T34SFH_20220408T230319 -> REFINED
2025-08-28 05:47:42,393 - INFO - sentinel2.py:78 - 18/22 - S2B_MSIL2A_20220408T092029_R093_T34SFG_20220408T222843 -> REFINED
2025-08-28 05:47:50,986 - INFO - sentinel2.py:78 - 19/22 - S2A_MSIL2A_20220403T092031_R093_T34SFH_20240523T063612 -> REFINED
2025-08-28 05:47:59,446 - INFO - sentinel2.py:78 - 20/22 - S2A_MSIL2A_20220403T092031_R093_T34SFH_20220403T205950 -> REFINED
2025-08-28 05:48:07,686 - INFO - sentinel2.py:78 - 21/22 - S2A_MSIL2A_20220403T092031_R093_T34SFG_20240523T063612 -> REFINED
2025-08-28 05:48:16,004 - INFO - sentinel2.py:78 - 22/22 - S2A_MSIL2A_20220403T092031_R093_T34SFG_20220403T224343 -> REFINED
2025-08-28 05:48:16,058 - INFO - composites.py:250 -                                  
2025-08-28 05:48:16,058 - INFO - composites.py:251 - 22/22 were refined by GRI.
2025-08-28 05:48:16,059 - INFO - composites.py:263 - Looking for up to 10 cleanest images within spatiotemporal range of each MGRS tile
2025-08-28 05:48:16,059 - INFO - composites.py:277 - Filtered cleanest scenes: Kept 16 out of 22 items. 
2025-08-28 05:48:16,059 - INFO - composites.py:278 -         Included MGRS Tiles: ['34SFG' '34SFH']
2025-08-28 05:48:16,060 - INFO - composites.py:279 -         Included EPSG codes: [32634]
2025-08-28 05:48:16,060 - INFO - composites.py:281 - Selected scenes:
2025-08-28 05:48:16,070 - INFO - composites.py:283 -         S2B_MSIL2A_20220408T092029_R093_T34SFG_20220408T222843
2025-08-28 05:48:16,070 - INFO - composites.py:283 -         S2B_MSIL2A_20220425T090549_R050_T34SFG_20240610T054133
2025-08-28 05:48:16,085 - INFO - composites.py:283 -         S2B_MSIL2A_20220425T090549_R050_T34SFG_20220426T050137
2025-08-28 05:48:16,094 - INFO - composites.py:283 -         S2A_MSIL2A_20220420T090601_R050_T34SFG_20240610T182452
2025-08-28 05:48:16,095 - INFO - composites.py:283 -         S2A_MSIL2A_20220420T090601_R050_T34SFG_20220420T220023
2025-08-28 05:48:16,095 - INFO - composites.py:283 -         S2A_MSIL2A_20220410T090601_R050_T34SFG_20240608T092245
2025-08-28 05:48:16,095 - INFO - composites.py:283 -         S2A_MSIL2A_20220410T090601_R050_T34SFG_20220411T101029
2025-08-28 05:48:16,095 - INFO - composites.py:283 -         S2A_MSIL2A_20220413T092031_R093_T34SFG_20220414T054313
2025-08-28 05:48:16,095 - INFO - composites.py:283 -         S2B_MSIL2A_20220428T092019_R093_T34SFG_20220429T034738
2025-08-28 05:48:16,095 - INFO - composites.py:283 -         S2B_MSIL2A_20220415T090549_R050_T34SFG_20240617T181011
2025-08-28 05:48:16,095 - INFO - composites.py:283 -         S2A_MSIL2A_20220413T092031_R093_T34SFH_20220414T053338
2025-08-28 05:48:16,095 - INFO - composites.py:283 -         S2B_MSIL2A_20220428T092019_R093_T34SFH_20220429T025401
2025-08-28 05:48:16,095 - INFO - composites.py:283 -         S2B_MSIL2A_20220408T092029_R093_T34SFH_20220408T230319
2025-08-28 05:48:16,095 - INFO - composites.py:283 -         S2A_MSIL2A_20220403T092031_R093_T34SFH_20240523T063612
2025-08-28 05:48:16,095 - INFO - composites.py:283 -         S2A_MSIL2A_20220403T092031_R093_T34SFH_20220403T205950
2025-08-28 05:48:16,095 - INFO - composites.py:283 -         S2A_MSIL2A_20220423T092031_R093_T34SFH_20220424T054743
2025-08-28 05:48:16,552 - INFO - sentinel2.py:154 - Matplotlib backend: Agg
2025-08-28 05:48:16,761 - INFO - sentinel2.py:224 - Write input scenes footprint overlay: //nas-rs.topo.auth.gr/Latomeia/DROUGHT/composites/x10/y09/2022/04/01/S2L2A_medcomp_x10y09_202204_InDataFootprint.jpeg
2025-08-28 05:48:16,985 - INFO - composites.py:297 -                                  
2025-08-28 05:48:16,986 - INFO - composites.py:298 - Downstream STAC items from Planetary Computer
2025-08-28 05:48:16,986 - INFO - timeseries_processing.py:115 -                                  
2025-08-28 05:48:16,986 - INFO - timeseries_processing.py:116 - Loading bands of diferent resolutions in EPSG:32634
2025-08-28 05:48:16,986 - INFO - timeseries_processing.py:120 -     Filtering items with native UTM EPSG:32634
2025-08-28 05:48:16,986 - INFO - timeseries_processing.py:122 -     16 Items in EPSG:32634
2025-08-28 05:48:16,986 - INFO - timeseries_processing.py:129 -                        
2025-08-28 05:48:16,986 - INFO - timeseries_processing.py:130 -     Loading parameters:
2025-08-28 05:48:16,986 - INFO - timeseries_processing.py:131 -         Bands: ['B05', 'B07', 'B8A', 'SCL']
2025-08-28 05:48:16,986 - INFO - timeseries_processing.py:132 -         Spatial resolution: 20
2025-08-28 05:48:16,987 - INFO - timeseries_processing.py:134 -         Get Assets from STAC Items
2025-08-28 05:48:16,987 - INFO - timeseries_processing.py:47 -         Initialize the STAC client
2025-08-28 05:48:17,617 - INFO - timeseries_processing.py:137 -         Loading 16 STAC Items....
2025-08-28 05:49:20,289 - INFO - timeseries_processing.py:146 -         Cube has been downloaded
2025-08-28 05:49:20,290 - INFO - timeseries_processing.py:156 -         Fix order of dimensions
2025-08-28 05:49:20,291 - INFO - timeseries_processing.py:161 -         Append bands to the band-list of EPSG:32634
2025-08-28 05:49:20,291 - INFO - timeseries_processing.py:129 -                        
2025-08-28 05:49:20,291 - INFO - timeseries_processing.py:130 -     Loading parameters:
2025-08-28 05:49:20,293 - INFO - timeseries_processing.py:131 -         Bands: ['B02', 'B03', 'B04']
2025-08-28 05:49:20,295 - INFO - timeseries_processing.py:132 -         Spatial resolution: 10
2025-08-28 05:49:20,295 - INFO - timeseries_processing.py:134 -         Get Assets from STAC Items
2025-08-28 05:49:20,295 - INFO - timeseries_processing.py:47 -         Initialize the STAC client
2025-08-28 05:49:20,892 - INFO - timeseries_processing.py:137 -         Loading 16 STAC Items....
2025-08-28 05:51:41,352 - INFO - timeseries_processing.py:146 -         Cube has been downloaded
2025-08-28 05:51:41,352 - INFO - timeseries_processing.py:149 -         Reproject to downsample 10m bands to 20m by Resampling.average 2x2 binning and shape matching with odc.geo.GeoBox
2025-08-28 05:51:54,171 - INFO - timeseries_processing.py:161 -         Append bands to the band-list of EPSG:32634
2025-08-28 05:51:54,172 - INFO - timeseries_processing.py:165 -                        
2025-08-28 05:51:54,172 - INFO - timeseries_processing.py:166 -     Merging bands in a single dataset
2025-08-28 05:51:54,172 - INFO - timeseries_processing.py:167 -     Ensure all partial datasets are at (x=20, y=-20) resolution
2025-08-28 05:51:54,173 - INFO - timeseries_processing.py:171 -     Clip to the intersection of indexes
2025-08-28 05:51:55,169 - INFO - timeseries_processing.py:180 -     Make a list of bands to merge
2025-08-28 05:51:55,169 - INFO - timeseries_processing.py:184 -     Merge on intersection
2025-08-28 05:51:55,171 - INFO - timeseries_processing.py:192 -     Apply masks on clouds, shadows, thin cirrus, and snow/ice
2025-08-28 05:51:55,171 - INFO - sentinel2.py:122 -                Masking bits: [3, 7, 8, 9, 10, 11]
2025-08-28 05:51:56,247 - INFO - composites.py:307 - Reproject from UTM Zone to Tile geometry -> CRS(EPSG:32634), Resampling.bilinear
2025-08-28 05:52:02,428 - INFO - composites.py:310 -     New shape of datasets: Shape2d(x=2400, y=2400)
2025-08-28 05:52:03,166 - INFO - composites.py:329 - Scale SR to Sen2Cor Baseline 4.00 - Subtract 1000 in dates post 2022-01-25
2025-08-28 05:52:04,655 - INFO - composites.py:342 - Creating preview plot of input scenes
2025-08-28 05:52:35,249 - INFO - timeseries_processing.py:349 - Saved preview for 'B04' to //nas-rs.topo.auth.gr/Latomeia/DROUGHT/composites/x10/y09/2022/04/01/S2L2A_medcomp_x10y09_202204_InDataPreview.jpeg
2025-08-28 05:52:35,256 - INFO - composites.py:348 - Clip value range
2025-08-28 05:52:37,265 - INFO - composites.py:353 -                           
2025-08-28 05:52:37,275 - INFO - composites.py:354 - Computing spectral indices:
2025-08-28 05:52:37,275 - INFO - composites.py:357 -     EVI...
2025-08-28 05:52:38,429 - INFO - composites.py:359 -     NDVI...
2025-08-28 05:52:38,823 - INFO - composites.py:361 -     PSRI2...
2025-08-28 05:52:39,066 - INFO - composites.py:364 - Clip to typical value range
2025-08-28 05:52:39,429 - INFO - composites.py:371 - Reducing to median value temporal composite
2025-08-28 05:53:03,783 - INFO - composites.py:390 - Scale and Define data types & nodata per band
2025-08-28 05:53:03,917 - INFO - composites.py:411 - Assign time range and tile ID in metadata
2025-08-28 05:53:03,917 - INFO - composites.py:419 - Write bands to raster COG files
2025-08-28 05:53:07,764 - INFO - composites.py:432 - Write B02 -> //nas-rs.topo.auth.gr/Latomeia/DROUGHT/composites/x10/y09/2022/04/01/S2L2A_medcomp_x10y09_202204_B02.tif
2025-08-28 05:53:11,572 - INFO - composites.py:432 - Write B03 -> //nas-rs.topo.auth.gr/Latomeia/DROUGHT/composites/x10/y09/2022/04/01/S2L2A_medcomp_x10y09_202204_B03.tif
2025-08-28 05:53:15,396 - INFO - composites.py:432 - Write B04 -> //nas-rs.topo.auth.gr/Latomeia/DROUGHT/composites/x10/y09/2022/04/01/S2L2A_medcomp_x10y09_202204_B04.tif
2025-08-28 05:53:20,062 - INFO - composites.py:432 - Write B05 -> //nas-rs.topo.auth.gr/Latomeia/DROUGHT/composites/x10/y09/2022/04/01/S2L2A_medcomp_x10y09_202204_B05.tif
2025-08-28 05:53:27,747 - INFO - composites.py:432 - Write B07 -> //nas-rs.topo.auth.gr/Latomeia/DROUGHT/composites/x10/y09/2022/04/01/S2L2A_medcomp_x10y09_202204_B07.tif
2025-08-28 05:53:31,546 - INFO - composites.py:432 - Write B8A -> //nas-rs.topo.auth.gr/Latomeia/DROUGHT/composites/x10/y09/2022/04/01/S2L2A_medcomp_x10y09_202204_B8A.tif
2025-08-28 05:53:35,326 - INFO - composites.py:432 - Write EVI -> //nas-rs.topo.auth.gr/Latomeia/DROUGHT/composites/x10/y09/2022/04/01/S2L2A_medcomp_x10y09_202204_EVI.tif
2025-08-28 05:53:39,639 - INFO - composites.py:432 - Write NDVI -> //nas-rs.topo.auth.gr/Latomeia/DROUGHT/composites/x10/y09/2022/04/01/S2L2A_medcomp_x10y09_202204_NDVI.tif
2025-08-28 05:53:43,944 - INFO - composites.py:432 - Write PSRI2 -> //nas-rs.topo.auth.gr/Latomeia/DROUGHT/composites/x10/y09/2022/04/01/S2L2A_medcomp_x10y09_202204_PSRI2.tif
2025-08-28 05:53:43,963 - INFO - composites.py:436 - Prepare metadata YAML document
2025-08-28 05:53:44,453 - INFO - composites.py:458 - Write metadata YAML document to disk
2025-08-28 05:53:44,507 - INFO - composites.py:463 - Create datacube.model.Dataset from eo3 metadata
2025-08-28 05:53:44,517 - INFO - composites.py:474 - Index to datacube
2025-08-28 05:53:44,517 - INFO - _datasets.py:191 - Indexing 554701fe-1ea8-4dca-a37c-08853a25ee21
2025-08-28 05:53:44,524 - INFO - composites.py:477 - 
2025-08-28 05:53:44,524 - INFO - composites.py:478 -              ✔✔✔ COMPLETED: Tile x10_y09 | Time: 2022-04 | In 8.73 minutes
2025-08-28 05:53:44,524 - INFO - composites.py:479 - 
2025-08-28 05:53:44,525 - INFO - composites.py:487 - Closing Dask client
2025-08-28 05:53:44,527 - INFO - composites.py:491 - Closing Dask cluster
2025-08-28 05:53:44,527 - INFO - composites.py:492 - #######################################################################
