2025-08-19 12:19:37,115 - INFO - composites.py:100 - #######################################################################
2025-08-19 12:19:37,115 - INFO - composites.py:102 - Processing started
2025-08-19 12:19:37,115 - INFO - composites.py:103 -         Tile: x06_y10
2025-08-19 12:19:37,115 - INFO - composites.py:104 -         Time: 2021-05
2025-08-19 12:19:37,116 - INFO - composites.py:107 -                           
2025-08-19 12:19:37,116 - INFO - composites.py:108 - Establishing connection to datacube
2025-08-19 12:19:37,843 - INFO - composites.py:111 -                           
2025-08-19 12:19:37,844 - INFO - composites.py:112 - Sanity test: Check if dataset already exists in the datacube
2025-08-19 12:19:37,863 - INFO - composites.py:131 - The composite requested was not found and it will be computed
2025-08-19 12:19:37,863 - INFO - composites.py:134 -                                  
2025-08-19 12:19:37,863 - INFO - composites.py:135 - Initializing Dask cluster for parallelization
2025-08-19 12:19:43,616 - INFO - composites.py:159 - Dask dashboard is available at: http://127.0.0.1:8787/status
2025-08-19 12:19:43,616 - INFO - composites.py:162 - Create directories and naming conversions
2025-08-19 12:19:43,625 - INFO - composites.py:173 - Dataset location: //nas-rs.topo.auth.gr/Latomeia/DROUGHT/COMPOS/2021/05/x06_y10
2025-08-19 12:19:43,625 - INFO - composites.py:176 -                           
2025-08-19 12:19:43,625 - INFO - composites.py:177 - Retrieve tile geometry
2025-08-19 12:19:43,670 - INFO - composites.py:188 - Create the Bounding Box (φ,λ)
2025-08-19 12:19:43,670 - INFO - composites.py:194 - Create the Bounding Box (x,y)
2025-08-19 12:19:43,670 - INFO - composites.py:207 -                           
2025-08-19 12:19:43,670 - INFO - composites.py:208 - Connect to Planetary Computer STAC Catalog
2025-08-19 12:19:43,884 - INFO - composites.py:216 - Search the STAC Catalog
2025-08-19 12:19:43,955 - INFO - composites.py:228 -         Query parameters:
2025-08-19 12:19:43,955 - INFO - composites.py:229 -             url:          https://planetarycomputer.microsoft.com/api/stac/v1/search
2025-08-19 12:19:43,955 - INFO - composites.py:230 -             client:       microsoft-pc
2025-08-19 12:19:43,955 - INFO - composites.py:231 -             collection:   sentinel-2-l2a
2025-08-19 12:19:43,955 - INFO - composites.py:232 -             bbox:         (20.319308912777615, 37.9915612627663, 20.978637447423655, 38.53275349002355)
2025-08-19 12:19:43,956 - INFO - composites.py:233 -             time range:   2021-05-01T00:00:00Z/2021-05-31T23:59:59Z
2025-08-19 12:19:43,956 - INFO - composites.py:234 -             cloud cover:  0% - 70%
2025-08-19 12:19:43,956 - INFO - composites.py:235 -             nodata cover: 0% - 33%
2025-08-19 12:19:43,956 - INFO - composites.py:237 -                           
2025-08-19 12:19:43,956 - INFO - composites.py:238 - Searching...
2025-08-19 12:19:44,412 - INFO - composites.py:241 - Query found 12 items
2025-08-19 12:19:44,412 - INFO - composites.py:243 - Searching for GRI REFINED scenes:
2025-08-19 12:19:52,282 - INFO - sentinel2.py:78 - 1/12 - S2A_MSIL2A_20210531T093041_R136_T34SDH_20210605T201743 -> REFINED
2025-08-19 12:19:58,961 - INFO - sentinel2.py:78 - 2/12 - S2A_MSIL2A_20210528T092031_R093_T34SDH_20210606T060037 -> REFINED
2025-08-19 12:20:06,467 - INFO - sentinel2.py:78 - 3/12 - S2B_MSIL2A_20210526T093039_R136_T34SDH_20210605T173608 -> REFINED
2025-08-19 12:20:13,860 - INFO - sentinel2.py:78 - 4/12 - S2B_MSIL2A_20210523T092029_R093_T34SDH_20210606T035042 -> REFINED
2025-08-19 12:20:20,954 - INFO - sentinel2.py:78 - 5/12 - S2A_MSIL2A_20210521T093031_R136_T34SDH_20210605T230629 -> REFINED
2025-08-19 12:20:27,992 - INFO - sentinel2.py:78 - 6/12 - S2A_MSIL2A_20210518T092031_R093_T34SDH_20210606T052138 -> REFINED
2025-08-19 12:20:35,624 - INFO - sentinel2.py:78 - 7/12 - S2B_MSIL2A_20210516T093039_R136_T34SDH_20210605T161629 -> REFINED
2025-08-19 12:20:46,791 - INFO - sentinel2.py:78 - 8/12 - S2B_MSIL2A_20210513T092029_R093_T34SDH_20210514T130458 -> REFINED
2025-08-19 12:20:53,377 - INFO - sentinel2.py:78 - 9/12 - S2A_MSIL2A_20210511T093031_R136_T34SDH_20210606T122319 -> REFINED
2025-08-19 12:20:59,958 - INFO - sentinel2.py:78 - 10/12 - S2A_MSIL2A_20210508T092031_R093_T34SDH_20210524T070513 -> REFINED
2025-08-19 12:21:06,734 - INFO - sentinel2.py:78 - 11/12 - S2B_MSIL2A_20210503T092029_R093_T34SDH_20210525T044025 -> REFINED
2025-08-19 12:21:13,157 - INFO - sentinel2.py:78 - 12/12 - S2A_MSIL2A_20210501T093031_R136_T34SDH_20210523T195403 -> REFINED
2025-08-19 12:21:13,245 - INFO - composites.py:246 -                                  
2025-08-19 12:21:13,245 - INFO - composites.py:247 - 12/12 were refined by GRI.
2025-08-19 12:21:13,245 - INFO - composites.py:259 - Looking for up to 10 cleanest images within spatiotemporal range of each MGRS tile
2025-08-19 12:21:13,246 - INFO - composites.py:273 - Filtered cleanest scenes: Kept 10 out of 12 items. 
2025-08-19 12:21:13,246 - INFO - composites.py:274 -         Included MGRS Tiles: ['34SDH']
2025-08-19 12:21:13,246 - INFO - composites.py:275 -         Included EPSG codes: [32634]
2025-08-19 12:21:13,246 - INFO - composites.py:277 - Selected scenes:
2025-08-19 12:21:13,246 - INFO - composites.py:279 -         S2B_MSIL2A_20210523T092029_R093_T34SDH_20210606T035042
2025-08-19 12:21:13,247 - INFO - composites.py:279 -         S2A_MSIL2A_20210511T093031_R136_T34SDH_20210606T122319
2025-08-19 12:21:13,247 - INFO - composites.py:279 -         S2A_MSIL2A_20210518T092031_R093_T34SDH_20210606T052138
2025-08-19 12:21:13,247 - INFO - composites.py:279 -         S2A_MSIL2A_20210521T093031_R136_T34SDH_20210605T230629
2025-08-19 12:21:13,247 - INFO - composites.py:279 -         S2B_MSIL2A_20210513T092029_R093_T34SDH_20210514T130458
2025-08-19 12:21:13,247 - INFO - composites.py:279 -         S2A_MSIL2A_20210508T092031_R093_T34SDH_20210524T070513
2025-08-19 12:21:13,247 - INFO - composites.py:279 -         S2B_MSIL2A_20210516T093039_R136_T34SDH_20210605T161629
2025-08-19 12:21:13,250 - INFO - composites.py:279 -         S2B_MSIL2A_20210503T092029_R093_T34SDH_20210525T044025
2025-08-19 12:21:13,250 - INFO - composites.py:279 -         S2A_MSIL2A_20210531T093041_R136_T34SDH_20210605T201743
2025-08-19 12:21:13,250 - INFO - composites.py:279 -         S2A_MSIL2A_20210528T092031_R093_T34SDH_20210606T060037
2025-08-19 12:21:13,731 - INFO - sentinel2.py:154 - Matplotlib backend: Agg
2025-08-19 12:21:13,903 - INFO - sentinel2.py:224 - Write input scenes footprint overlay: //nas-rs.topo.auth.gr/Latomeia/DROUGHT/COMPOS/2021/05/x06_y10/S2L2A_medcomp_x06_y10_202105_InDataFootprint.jpeg
2025-08-19 12:21:14,229 - INFO - composites.py:293 -                                  
2025-08-19 12:21:14,229 - INFO - composites.py:294 - Downstream STAC items from Planetary Computer
2025-08-19 12:21:14,229 - INFO - timeseries_processing.py:114 -                                  
2025-08-19 12:21:14,229 - INFO - timeseries_processing.py:115 - Loading bands of diferent resolutions in EPSG:32634
2025-08-19 12:21:14,229 - INFO - timeseries_processing.py:119 -     Filtering items with native UTM EPSG:32634
2025-08-19 12:21:14,229 - INFO - timeseries_processing.py:121 -     10 Items in EPSG:32634
2025-08-19 12:21:14,229 - INFO - timeseries_processing.py:128 -                        
2025-08-19 12:21:14,229 - INFO - timeseries_processing.py:129 -     Loading parameters:
2025-08-19 12:21:14,229 - INFO - timeseries_processing.py:130 -         Bands: ['B05', 'B07', 'B8A', 'SCL']
2025-08-19 12:21:14,229 - INFO - timeseries_processing.py:131 -         Spatial resolution: 20
2025-08-19 12:21:14,229 - INFO - timeseries_processing.py:133 -         Get Assets from STAC Items
2025-08-19 12:21:14,230 - INFO - timeseries_processing.py:46 -         Initialize the STAC client
2025-08-19 12:21:14,899 - INFO - timeseries_processing.py:136 -         Loading 10 STAC Items....
2025-08-19 12:21:43,005 - INFO - timeseries_processing.py:158 -         Cube has been downloaded
2025-08-19 12:21:43,005 - INFO - timeseries_processing.py:167 -         Fix order of dimensions
2025-08-19 12:21:43,006 - INFO - timeseries_processing.py:172 -         Append bands to the band-list of EPSG:32634
2025-08-19 12:21:43,013 - INFO - timeseries_processing.py:128 -                        
2025-08-19 12:21:43,013 - INFO - timeseries_processing.py:129 -     Loading parameters:
2025-08-19 12:21:43,016 - INFO - timeseries_processing.py:130 -         Bands: ['B02', 'B03', 'B04']
2025-08-19 12:21:43,016 - INFO - timeseries_processing.py:131 -         Spatial resolution: 10
2025-08-19 12:21:43,016 - INFO - timeseries_processing.py:133 -         Get Assets from STAC Items
2025-08-19 12:21:43,016 - INFO - timeseries_processing.py:46 -         Initialize the STAC client
2025-08-19 12:21:43,589 - INFO - timeseries_processing.py:136 -         Loading 10 STAC Items....
2025-08-19 12:23:17,078 - INFO - timeseries_processing.py:158 -         Cube has been downloaded
2025-08-19 12:23:17,079 - INFO - timeseries_processing.py:161 -         Downsample 10m bands to 20m by average 2x2 binning
2025-08-19 12:23:31,199 - INFO - timeseries_processing.py:164 -         Align binned bands to native 20m bands (shape matching): method=bilinear
2025-08-19 12:23:44,683 - INFO - timeseries_processing.py:172 -         Append bands to the band-list of EPSG:32634
2025-08-19 12:23:44,683 - INFO - timeseries_processing.py:176 -                        
2025-08-19 12:23:44,683 - INFO - timeseries_processing.py:177 -     Merging bands in a single dataset
2025-08-19 12:23:44,683 - INFO - timeseries_processing.py:178 -     Ensure all partial datasets are at (x=20, y=-20) resolution
2025-08-19 12:23:44,684 - INFO - timeseries_processing.py:182 -     Clip to the intersection of indexes
2025-08-19 12:23:46,138 - INFO - timeseries_processing.py:191 -     Make a list of bands to merge
2025-08-19 12:23:46,140 - INFO - timeseries_processing.py:195 -     Merge on intersection
2025-08-19 12:23:46,141 - INFO - timeseries_processing.py:203 -     Apply masks on clouds, shadows, thin cirrus, and snow/ice
2025-08-19 12:23:46,141 - INFO - sentinel2.py:122 -                Masking bits: [3, 7, 8, 9, 10, 11]
2025-08-19 12:23:47,550 - INFO - timeseries_processing.py:209 -     Reproject to Tiling Schema projection EPSG:3035
2025-08-19 12:24:01,592 - INFO - composites.py:303 - Clip and align to tile geometry
2025-08-19 12:24:06,290 - INFO - composites.py:336 - Creating preview plot of input scenes
2025-08-19 12:24:50,334 - INFO - timeseries_processing.py:367 - Saved preview for 'B04' to //nas-rs.topo.auth.gr/Latomeia/DROUGHT/COMPOS/2021/05/x06_y10/S2L2A_medcomp_x06_y10_202105_InDataPreview.jpeg
2025-08-19 12:24:50,344 - INFO - composites.py:342 - Clip value range
2025-08-19 12:24:52,670 - INFO - composites.py:347 -                           
2025-08-19 12:24:52,688 - INFO - composites.py:348 - Computing spectral indices:
2025-08-19 12:24:52,704 - INFO - composites.py:351 -     EVI...
2025-08-19 12:24:54,068 - INFO - composites.py:353 -     NDVI...
2025-08-19 12:24:54,372 - INFO - composites.py:355 -     PSRI2...
2025-08-19 12:24:54,798 - INFO - composites.py:358 - Clip to typical value range
2025-08-19 12:24:55,270 - INFO - composites.py:365 - Reducing to median value temporal composite
2025-08-19 12:25:23,101 - INFO - composites.py:384 - Define data types and nodata per band
2025-08-19 12:25:23,259 - INFO - composites.py:405 - Assign time range and tile ID in metadata
2025-08-19 12:25:23,259 - INFO - composites.py:413 - Write bands to raster COG files
2025-08-19 12:25:28,052 - INFO - composites.py:426 - Write B02 -> //nas-rs.topo.auth.gr/Latomeia/DROUGHT/COMPOS/2021/05/x06_y10/S2L2A_medcomp_x06_y10_202105_B02.tif
2025-08-19 12:25:32,884 - INFO - composites.py:426 - Write B03 -> //nas-rs.topo.auth.gr/Latomeia/DROUGHT/COMPOS/2021/05/x06_y10/S2L2A_medcomp_x06_y10_202105_B03.tif
2025-08-19 12:25:37,904 - INFO - composites.py:426 - Write B04 -> //nas-rs.topo.auth.gr/Latomeia/DROUGHT/COMPOS/2021/05/x06_y10/S2L2A_medcomp_x06_y10_202105_B04.tif
2025-08-19 12:25:42,750 - INFO - composites.py:426 - Write B05 -> //nas-rs.topo.auth.gr/Latomeia/DROUGHT/COMPOS/2021/05/x06_y10/S2L2A_medcomp_x06_y10_202105_B05.tif
2025-08-19 12:25:47,761 - INFO - composites.py:426 - Write B07 -> //nas-rs.topo.auth.gr/Latomeia/DROUGHT/COMPOS/2021/05/x06_y10/S2L2A_medcomp_x06_y10_202105_B07.tif
2025-08-19 12:25:52,657 - INFO - composites.py:426 - Write B8A -> //nas-rs.topo.auth.gr/Latomeia/DROUGHT/COMPOS/2021/05/x06_y10/S2L2A_medcomp_x06_y10_202105_B8A.tif
2025-08-19 12:25:57,397 - INFO - composites.py:426 - Write EVI -> //nas-rs.topo.auth.gr/Latomeia/DROUGHT/COMPOS/2021/05/x06_y10/S2L2A_medcomp_x06_y10_202105_evi.tif
2025-08-19 12:26:02,153 - INFO - composites.py:426 - Write NDVI -> //nas-rs.topo.auth.gr/Latomeia/DROUGHT/COMPOS/2021/05/x06_y10/S2L2A_medcomp_x06_y10_202105_ndvi.tif
2025-08-19 12:26:06,938 - INFO - composites.py:426 - Write PSRI2 -> //nas-rs.topo.auth.gr/Latomeia/DROUGHT/COMPOS/2021/05/x06_y10/S2L2A_medcomp_x06_y10_202105_psri2.tif
2025-08-19 12:26:06,938 - INFO - composites.py:430 - Prepare metadata YAML document
2025-08-19 12:26:07,757 - INFO - composites.py:451 - Write metadata YAML document to disk
2025-08-19 12:26:07,818 - INFO - composites.py:456 - Create datacube.model.Dataset from eo3 metadata
2025-08-19 12:26:07,828 - INFO - composites.py:467 - Index to datacube
2025-08-19 12:26:07,828 - INFO - _datasets.py:191 - Indexing b08e9889-be12-4fbb-9069-c2344329e60d
2025-08-19 12:26:07,837 - INFO - composites.py:470 - 
2025-08-19 12:26:07,837 - INFO - composites.py:471 -              ✔✔✔ COMPLETED: Tile x06_y10 | Time: 2021-05 | In 6.51 minutes
2025-08-19 12:26:07,837 - INFO - composites.py:472 - 
2025-08-19 12:26:07,837 - INFO - composites.py:480 - Closing Dask client
2025-08-19 12:26:07,840 - INFO - composites.py:484 - Closing Dask cluster
2025-08-19 12:26:07,840 - INFO - composites.py:485 - #######################################################################
