2025-08-19 10:07:30,412 - INFO - composites.py:100 - #######################################################################
2025-08-19 10:07:30,412 - INFO - composites.py:102 - Processing started
2025-08-19 10:07:30,412 - INFO - composites.py:103 -         Tile: x09_y08
2025-08-19 10:07:30,412 - INFO - composites.py:104 -         Time: 2021-04
2025-08-19 10:07:30,412 - INFO - composites.py:107 -                           
2025-08-19 10:07:30,412 - INFO - composites.py:108 - Establishing connection to datacube
2025-08-19 10:07:31,125 - INFO - composites.py:111 -                           
2025-08-19 10:07:31,127 - INFO - composites.py:112 - Sanity test: Check if dataset already exists in the datacube
2025-08-19 10:07:31,146 - INFO - composites.py:131 - The composite requested was not found and it will be computed
2025-08-19 10:07:31,146 - INFO - composites.py:134 -                                  
2025-08-19 10:07:31,146 - INFO - composites.py:135 - Initializing Dask cluster for parallelization
2025-08-19 10:07:37,233 - INFO - composites.py:159 - Dask dashboard is available at: http://127.0.0.1:8787/status
2025-08-19 10:07:37,233 - INFO - composites.py:162 - Create directories and naming conversions
2025-08-19 10:07:37,239 - INFO - composites.py:173 - Dataset location: //nas-rs.topo.auth.gr/Latomeia/DROUGHT/COMPOS/2021/04/x09_y08
2025-08-19 10:07:37,239 - INFO - composites.py:176 -                           
2025-08-19 10:07:37,239 - INFO - composites.py:177 - Retrieve tile geometry
2025-08-19 10:07:37,280 - INFO - composites.py:188 - Create the Bounding Box (φ,λ)
2025-08-19 10:07:37,280 - INFO - composites.py:194 - Create the Bounding Box (x,y)
2025-08-19 10:07:37,280 - INFO - composites.py:207 -                           
2025-08-19 10:07:37,280 - INFO - composites.py:208 - Connect to Planetary Computer STAC Catalog
2025-08-19 10:07:37,496 - INFO - composites.py:216 - Search the STAC Catalog
2025-08-19 10:07:37,566 - INFO - composites.py:228 -         Query parameters:
2025-08-19 10:07:37,566 - INFO - composites.py:229 -             url:          https://planetarycomputer.microsoft.com/api/stac/v1/search
2025-08-19 10:07:37,566 - INFO - composites.py:230 -             client:       microsoft-pc
2025-08-19 10:07:37,566 - INFO - composites.py:231 -             collection:   sentinel-2-l2a
2025-08-19 10:07:37,566 - INFO - composites.py:232 -             bbox:         (21.785902966726763, 36.9335162299011, 22.443294721420678, 37.482058720351276)
2025-08-19 10:07:37,566 - INFO - composites.py:233 -             time range:   2021-04-01T00:00:00Z/2021-04-30T23:59:59Z
2025-08-19 10:07:37,566 - INFO - composites.py:234 -             cloud cover:  0% - 70%
2025-08-19 10:07:37,567 - INFO - composites.py:235 -             nodata cover: 0% - 33%
2025-08-19 10:07:37,567 - INFO - composites.py:237 -                           
2025-08-19 10:07:37,567 - INFO - composites.py:238 - Searching...
2025-08-19 10:07:38,066 - INFO - composites.py:241 - Query found 24 items
2025-08-19 10:07:38,067 - INFO - composites.py:243 - Searching for GRI REFINED scenes:
2025-08-19 10:07:43,777 - INFO - sentinel2.py:78 - 1/24 - S2B_MSIL2A_20210430T090549_R050_T34SFG_20210525T033521 -> REFINED
2025-08-19 10:07:49,933 - INFO - sentinel2.py:78 - 2/24 - S2B_MSIL2A_20210430T090549_R050_T34SFF_20210525T033519 -> REFINED
2025-08-19 10:07:56,260 - INFO - sentinel2.py:78 - 3/24 - S2A_MSIL2A_20210425T090551_R050_T34SFF_20210523T173351 -> REFINED
2025-08-19 10:08:02,567 - INFO - sentinel2.py:78 - 4/24 - S2B_MSIL2A_20210423T092019_R093_T34SFG_20210525T004313 -> REFINED
2025-08-19 10:08:09,110 - INFO - sentinel2.py:78 - 5/24 - S2B_MSIL2A_20210423T092019_R093_T34SFF_20210525T004307 -> REFINED
2025-08-19 10:08:14,614 - INFO - sentinel2.py:78 - 6/24 - S2B_MSIL2A_20210423T092019_R093_T34SEG_20210525T004301 -> REFINED
2025-08-19 10:08:21,817 - INFO - sentinel2.py:78 - 7/24 - S2B_MSIL2A_20210423T092019_R093_T34SEF_20210525T004302 -> REFINED
2025-08-19 10:08:28,071 - INFO - sentinel2.py:78 - 8/24 - S2B_MSIL2A_20210420T090549_R050_T34SFG_20210524T233723 -> REFINED
2025-08-19 10:08:34,411 - INFO - sentinel2.py:78 - 9/24 - S2B_MSIL2A_20210420T090549_R050_T34SFF_20210524T233720 -> REFINED
2025-08-19 10:08:40,394 - INFO - sentinel2.py:78 - 10/24 - S2A_MSIL2A_20210415T090551_R050_T34SFG_20210523T133711 -> REFINED
2025-08-19 10:08:46,670 - INFO - sentinel2.py:78 - 11/24 - S2A_MSIL2A_20210415T090551_R050_T34SFF_20210523T133711 -> REFINED
2025-08-19 10:08:52,317 - INFO - sentinel2.py:78 - 12/24 - S2B_MSIL2A_20210413T092029_R093_T34SFF_20210524T204628 -> REFINED
2025-08-19 10:08:57,861 - INFO - sentinel2.py:78 - 13/24 - S2B_MSIL2A_20210413T092029_R093_T34SEG_20210524T204623 -> REFINED
2025-08-19 10:09:04,031 - INFO - sentinel2.py:78 - 14/24 - S2B_MSIL2A_20210413T092029_R093_T34SEF_20210524T204620 -> REFINED
2025-08-19 10:09:10,173 - INFO - sentinel2.py:78 - 15/24 - S2B_MSIL2A_20210410T090549_R050_T34SFG_20210524T192814 -> REFINED
2025-08-19 10:09:15,320 - INFO - sentinel2.py:78 - 16/24 - S2B_MSIL2A_20210410T090549_R050_T34SFF_20210524T192808 -> REFINED
2025-08-19 10:09:21,041 - INFO - sentinel2.py:78 - 17/24 - S2A_MSIL2A_20210408T092021_R093_T34SFG_20210523T100703 -> REFINED
2025-08-19 10:09:26,124 - INFO - sentinel2.py:78 - 18/24 - S2A_MSIL2A_20210408T092021_R093_T34SFF_20210523T100654 -> REFINED
2025-08-19 10:09:31,198 - INFO - sentinel2.py:78 - 19/24 - S2A_MSIL2A_20210408T092021_R093_T34SEG_20210523T100650 -> REFINED
2025-08-19 10:09:37,190 - INFO - sentinel2.py:78 - 20/24 - S2A_MSIL2A_20210408T092021_R093_T34SEF_20210523T100647 -> REFINED
2025-08-19 10:09:42,257 - INFO - sentinel2.py:78 - 21/24 - S2B_MSIL2A_20210403T092029_R093_T34SFG_20210524T162151 -> REFINED
2025-08-19 10:09:48,478 - INFO - sentinel2.py:78 - 22/24 - S2B_MSIL2A_20210403T092029_R093_T34SFF_20210524T162146 -> REFINED
2025-08-19 10:09:54,585 - INFO - sentinel2.py:78 - 23/24 - S2B_MSIL2A_20210403T092029_R093_T34SEG_20210524T162138 -> REFINED
2025-08-19 10:10:01,242 - INFO - sentinel2.py:78 - 24/24 - S2B_MSIL2A_20210403T092029_R093_T34SEF_20210524T162135 -> REFINED
2025-08-19 10:10:01,314 - INFO - composites.py:246 -                                  
2025-08-19 10:10:01,314 - INFO - composites.py:247 - 24/24 were refined by GRI.
2025-08-19 10:10:01,330 - INFO - composites.py:259 - Looking for up to 10 cleanest images within spatiotemporal range of each MGRS tile
2025-08-19 10:10:01,342 - INFO - composites.py:273 - Filtered cleanest scenes: Kept 24 out of 24 items. 
2025-08-19 10:10:01,342 - INFO - composites.py:274 -         Included MGRS Tiles: ['34SEF' '34SEG' '34SFF' '34SFG']
2025-08-19 10:10:01,343 - INFO - composites.py:275 -         Included EPSG codes: [32634]
2025-08-19 10:10:01,343 - INFO - composites.py:277 - Selected scenes:
2025-08-19 10:10:01,343 - INFO - composites.py:279 -         S2B_MSIL2A_20210403T092029_R093_T34SEF_20210524T162135
2025-08-19 10:10:01,343 - INFO - composites.py:279 -         S2A_MSIL2A_20210408T092021_R093_T34SEF_20210523T100647
2025-08-19 10:10:01,344 - INFO - composites.py:279 -         S2B_MSIL2A_20210413T092029_R093_T34SEF_20210524T204620
2025-08-19 10:10:01,344 - INFO - composites.py:279 -         S2B_MSIL2A_20210423T092019_R093_T34SEF_20210525T004302
2025-08-19 10:10:01,344 - INFO - composites.py:279 -         S2B_MSIL2A_20210403T092029_R093_T34SEG_20210524T162138
2025-08-19 10:10:01,345 - INFO - composites.py:279 -         S2B_MSIL2A_20210423T092019_R093_T34SEG_20210525T004301
2025-08-19 10:10:01,350 - INFO - composites.py:279 -         S2B_MSIL2A_20210413T092029_R093_T34SEG_20210524T204623
2025-08-19 10:10:01,350 - INFO - composites.py:279 -         S2A_MSIL2A_20210408T092021_R093_T34SEG_20210523T100650
2025-08-19 10:10:01,350 - INFO - composites.py:279 -         S2B_MSIL2A_20210430T090549_R050_T34SFF_20210525T033519
2025-08-19 10:10:01,351 - INFO - composites.py:279 -         S2B_MSIL2A_20210410T090549_R050_T34SFF_20210524T192808
2025-08-19 10:10:01,351 - INFO - composites.py:279 -         S2B_MSIL2A_20210403T092029_R093_T34SFF_20210524T162146
2025-08-19 10:10:01,351 - INFO - composites.py:279 -         S2A_MSIL2A_20210415T090551_R050_T34SFF_20210523T133711
2025-08-19 10:10:01,351 - INFO - composites.py:279 -         S2B_MSIL2A_20210420T090549_R050_T34SFF_20210524T233720
2025-08-19 10:10:01,351 - INFO - composites.py:279 -         S2A_MSIL2A_20210408T092021_R093_T34SFF_20210523T100654
2025-08-19 10:10:01,351 - INFO - composites.py:279 -         S2A_MSIL2A_20210425T090551_R050_T34SFF_20210523T173351
2025-08-19 10:10:01,351 - INFO - composites.py:279 -         S2B_MSIL2A_20210423T092019_R093_T34SFF_20210525T004307
2025-08-19 10:10:01,351 - INFO - composites.py:279 -         S2B_MSIL2A_20210413T092029_R093_T34SFF_20210524T204628
2025-08-19 10:10:01,351 - INFO - composites.py:279 -         S2B_MSIL2A_20210410T090549_R050_T34SFG_20210524T192814
2025-08-19 10:10:01,351 - INFO - composites.py:279 -         S2A_MSIL2A_20210415T090551_R050_T34SFG_20210523T133711
2025-08-19 10:10:01,351 - INFO - composites.py:279 -         S2B_MSIL2A_20210403T092029_R093_T34SFG_20210524T162151
2025-08-19 10:10:01,351 - INFO - composites.py:279 -         S2B_MSIL2A_20210430T090549_R050_T34SFG_20210525T033521
2025-08-19 10:10:01,351 - INFO - composites.py:279 -         S2B_MSIL2A_20210423T092019_R093_T34SFG_20210525T004313
2025-08-19 10:10:01,351 - INFO - composites.py:279 -         S2B_MSIL2A_20210420T090549_R050_T34SFG_20210524T233723
2025-08-19 10:10:01,351 - INFO - composites.py:279 -         S2A_MSIL2A_20210408T092021_R093_T34SFG_20210523T100703
2025-08-19 10:10:01,959 - INFO - sentinel2.py:154 - Matplotlib backend: Agg
2025-08-19 10:10:02,283 - INFO - sentinel2.py:224 - Write input scenes footprint overlay: //nas-rs.topo.auth.gr/Latomeia/DROUGHT/COMPOS/2021/04/x09_y08/S2L2A_medcomp_x09_y08_202104_InDataFootprint.jpeg
2025-08-19 10:10:02,553 - INFO - composites.py:293 -                                  
2025-08-19 10:10:02,558 - INFO - composites.py:294 - Downstream STAC items from Planetary Computer
2025-08-19 10:10:02,559 - INFO - timeseries_processing.py:114 -                                  
2025-08-19 10:10:02,559 - INFO - timeseries_processing.py:115 - Loading bands of diferent resolutions in EPSG:32634
2025-08-19 10:10:02,559 - INFO - timeseries_processing.py:119 -     Filtering items with native UTM EPSG:32634
2025-08-19 10:10:02,559 - INFO - timeseries_processing.py:121 -     24 Items in EPSG:32634
2025-08-19 10:10:02,560 - INFO - timeseries_processing.py:128 -                        
2025-08-19 10:10:02,560 - INFO - timeseries_processing.py:129 -     Loading parameters:
2025-08-19 10:10:02,560 - INFO - timeseries_processing.py:130 -         Bands: ['B05', 'B07', 'B8A', 'SCL']
2025-08-19 10:10:02,560 - INFO - timeseries_processing.py:131 -         Spatial resolution: 20
2025-08-19 10:10:02,560 - INFO - timeseries_processing.py:133 -         Get Assets from STAC Items
2025-08-19 10:10:02,560 - INFO - timeseries_processing.py:46 -         Initialize the STAC client
2025-08-19 10:10:03,323 - INFO - timeseries_processing.py:136 -         Loading 24 STAC Items....
2025-08-19 10:11:06,519 - INFO - timeseries_processing.py:158 -         Cube has been downloaded
2025-08-19 10:11:06,519 - INFO - timeseries_processing.py:167 -         Fix order of dimensions
2025-08-19 10:11:06,520 - INFO - timeseries_processing.py:172 -         Append bands to the band-list of EPSG:32634
2025-08-19 10:11:06,520 - INFO - timeseries_processing.py:128 -                        
2025-08-19 10:11:06,520 - INFO - timeseries_processing.py:129 -     Loading parameters:
2025-08-19 10:11:06,523 - INFO - timeseries_processing.py:130 -         Bands: ['B02', 'B03', 'B04']
2025-08-19 10:11:06,523 - INFO - timeseries_processing.py:131 -         Spatial resolution: 10
2025-08-19 10:11:06,523 - INFO - timeseries_processing.py:133 -         Get Assets from STAC Items
2025-08-19 10:11:06,523 - INFO - timeseries_processing.py:46 -         Initialize the STAC client
2025-08-19 10:11:07,196 - INFO - timeseries_processing.py:136 -         Loading 24 STAC Items....
2025-08-19 10:14:33,226 - INFO - timeseries_processing.py:158 -         Cube has been downloaded
2025-08-19 10:14:33,227 - INFO - timeseries_processing.py:161 -         Downsample 10m bands to 20m by average 2x2 binning
2025-08-19 10:14:45,551 - INFO - timeseries_processing.py:164 -         Align binned bands to native 20m bands (shape matching): method=bilinear
2025-08-19 10:14:53,091 - INFO - timeseries_processing.py:172 -         Append bands to the band-list of EPSG:32634
2025-08-19 10:14:53,091 - INFO - timeseries_processing.py:176 -                        
2025-08-19 10:14:53,091 - INFO - timeseries_processing.py:177 -     Merging bands in a single dataset
2025-08-19 10:14:53,091 - INFO - timeseries_processing.py:178 -     Ensure all partial datasets are at (x=20, y=-20) resolution
2025-08-19 10:14:53,091 - INFO - timeseries_processing.py:182 -     Clip to the intersection of indexes
2025-08-19 10:14:54,342 - INFO - timeseries_processing.py:191 -     Make a list of bands to merge
2025-08-19 10:14:54,344 - INFO - timeseries_processing.py:195 -     Merge on intersection
2025-08-19 10:14:54,345 - INFO - timeseries_processing.py:203 -     Apply masks on clouds, shadows, thin cirrus, and snow/ice
2025-08-19 10:14:54,345 - INFO - sentinel2.py:122 -                Masking bits: [3, 7, 8, 9, 10, 11]
2025-08-19 10:14:55,526 - INFO - timeseries_processing.py:209 -     Reproject to Tiling Schema projection EPSG:3035
2025-08-19 10:15:07,392 - INFO - composites.py:303 - Clip and align to tile geometry
2025-08-19 10:15:11,335 - INFO - composites.py:336 - Creating preview plot of input scenes
2025-08-19 10:15:48,417 - INFO - timeseries_processing.py:367 - Saved preview for 'B04' to //nas-rs.topo.auth.gr/Latomeia/DROUGHT/COMPOS/2021/04/x09_y08/S2L2A_medcomp_x09_y08_202104_InDataPreview.jpeg
2025-08-19 10:15:48,425 - INFO - composites.py:342 - Clip value range
2025-08-19 10:15:50,336 - INFO - composites.py:347 -                           
2025-08-19 10:15:50,336 - INFO - composites.py:348 - Computing spectral indices:
2025-08-19 10:15:50,336 - INFO - composites.py:351 -     EVI...
2025-08-19 10:15:51,537 - INFO - composites.py:353 -     NDVI...
2025-08-19 10:15:51,836 - INFO - composites.py:355 -     PSRI2...
2025-08-19 10:15:52,231 - INFO - composites.py:358 - Clip to typical value range
2025-08-19 10:15:52,636 - INFO - composites.py:365 - Reducing to median value temporal composite
2025-08-19 10:16:22,798 - INFO - composites.py:384 - Define data types and nodata per band
2025-08-19 10:16:22,987 - INFO - composites.py:405 - Assign time range and tile ID in metadata
2025-08-19 10:16:22,987 - INFO - composites.py:413 - Write bands to raster COG files
2025-08-19 10:16:27,720 - INFO - composites.py:426 - Write B02 -> //nas-rs.topo.auth.gr/Latomeia/DROUGHT/COMPOS/2021/04/x09_y08/S2L2A_medcomp_x09_y08_202104_B02.tif
2025-08-19 10:16:32,597 - INFO - composites.py:426 - Write B03 -> //nas-rs.topo.auth.gr/Latomeia/DROUGHT/COMPOS/2021/04/x09_y08/S2L2A_medcomp_x09_y08_202104_B03.tif
2025-08-19 10:16:37,614 - INFO - composites.py:426 - Write B04 -> //nas-rs.topo.auth.gr/Latomeia/DROUGHT/COMPOS/2021/04/x09_y08/S2L2A_medcomp_x09_y08_202104_B04.tif
2025-08-19 10:16:42,392 - INFO - composites.py:426 - Write B05 -> //nas-rs.topo.auth.gr/Latomeia/DROUGHT/COMPOS/2021/04/x09_y08/S2L2A_medcomp_x09_y08_202104_B05.tif
2025-08-19 10:16:47,145 - INFO - composites.py:426 - Write B07 -> //nas-rs.topo.auth.gr/Latomeia/DROUGHT/COMPOS/2021/04/x09_y08/S2L2A_medcomp_x09_y08_202104_B07.tif
2025-08-19 10:16:51,851 - INFO - composites.py:426 - Write B8A -> //nas-rs.topo.auth.gr/Latomeia/DROUGHT/COMPOS/2021/04/x09_y08/S2L2A_medcomp_x09_y08_202104_B8A.tif
2025-08-19 10:16:56,534 - INFO - composites.py:426 - Write EVI -> //nas-rs.topo.auth.gr/Latomeia/DROUGHT/COMPOS/2021/04/x09_y08/S2L2A_medcomp_x09_y08_202104_evi.tif
2025-08-19 10:17:01,166 - INFO - composites.py:426 - Write NDVI -> //nas-rs.topo.auth.gr/Latomeia/DROUGHT/COMPOS/2021/04/x09_y08/S2L2A_medcomp_x09_y08_202104_ndvi.tif
2025-08-19 10:17:05,807 - INFO - composites.py:426 - Write PSRI2 -> //nas-rs.topo.auth.gr/Latomeia/DROUGHT/COMPOS/2021/04/x09_y08/S2L2A_medcomp_x09_y08_202104_psri2.tif
2025-08-19 10:17:05,807 - INFO - composites.py:430 - Prepare metadata YAML document
2025-08-19 10:17:06,584 - INFO - composites.py:451 - Write metadata YAML document to disk
2025-08-19 10:17:06,628 - INFO - composites.py:456 - Create datacube.model.Dataset from eo3 metadata
2025-08-19 10:17:06,638 - INFO - composites.py:467 - Index to datacube
2025-08-19 10:17:06,639 - INFO - _datasets.py:191 - Indexing 0275fcd1-dc7a-4be4-9c55-d50e08b45883
2025-08-19 10:17:06,650 - INFO - composites.py:470 - 
2025-08-19 10:17:06,650 - INFO - composites.py:471 -              ✔✔✔ COMPLETED: Tile x09_y08 | Time: 2021-04 | In 9.6 minutes
2025-08-19 10:17:06,651 - INFO - composites.py:472 - 
2025-08-19 10:17:06,651 - INFO - composites.py:480 - Closing Dask client
2025-08-19 10:17:06,652 - INFO - composites.py:484 - Closing Dask cluster
2025-08-19 10:17:06,652 - INFO - composites.py:485 - #######################################################################
