2025-08-22 01:21:55,755 - INFO - composites.py:101 - #######################################################################
2025-08-22 01:21:55,755 - INFO - composites.py:103 - Processing started
2025-08-22 01:21:55,755 - INFO - composites.py:104 -         Tile: x11_y08
2025-08-22 01:21:55,756 - INFO - composites.py:105 -         Time: 2020-04
2025-08-22 01:21:55,756 - INFO - composites.py:108 -                           
2025-08-22 01:21:55,756 - INFO - composites.py:109 - Establishing connection to datacube
2025-08-22 01:21:56,246 - INFO - composites.py:112 -                           
2025-08-22 01:21:56,248 - INFO - composites.py:113 - Sanity test: Check if dataset already exists in the datacube
2025-08-22 01:21:56,264 - INFO - composites.py:132 - The composite requested was not found and it will be computed
2025-08-22 01:21:56,264 - INFO - composites.py:135 -                                  
2025-08-22 01:21:56,264 - INFO - composites.py:136 - Initializing Dask cluster for parallelization
2025-08-22 01:22:01,375 - INFO - composites.py:160 - Dask dashboard is available at: http://127.0.0.1:8787/status
2025-08-22 01:22:01,375 - INFO - composites.py:163 - Create directories and naming conversions
2025-08-22 01:22:01,381 - INFO - composites.py:174 - Dataset location: //nas-rs.topo.auth.gr/Latomeia/DROUGHT/COMPOS/2020/04/x11_y08
2025-08-22 01:22:01,381 - INFO - composites.py:177 -                           
2025-08-22 01:22:01,381 - INFO - composites.py:178 - Retrieve tile geometry
2025-08-22 01:22:01,413 - INFO - composites.py:189 - Create the Bounding Box (φ,λ)
2025-08-22 01:22:01,413 - INFO - composites.py:195 - Create the Bounding Box (x,y)
2025-08-22 01:22:01,413 - INFO - composites.py:208 -                           
2025-08-22 01:22:01,413 - INFO - composites.py:209 - Connect to Planetary Computer STAC Catalog
2025-08-22 01:22:01,669 - INFO - composites.py:217 - Search the STAC Catalog
2025-08-22 01:22:01,737 - INFO - composites.py:229 -         Query parameters:
2025-08-22 01:22:01,737 - INFO - composites.py:230 -             url:          https://planetarycomputer.microsoft.com/api/stac/v1/search
2025-08-22 01:22:01,737 - INFO - composites.py:231 -             client:       microsoft-pc
2025-08-22 01:22:01,737 - INFO - composites.py:232 -             collection:   sentinel-2-l2a
2025-08-22 01:22:01,737 - INFO - composites.py:233 -             bbox:         (22.845662885042927, 36.78779644280391, 23.507450073915326, 37.34127558081356)
2025-08-22 01:22:01,737 - INFO - composites.py:234 -             time range:   2020-04-01T00:00:00Z/2020-04-30T23:59:59Z
2025-08-22 01:22:01,738 - INFO - composites.py:235 -             cloud cover:  0% - 70%
2025-08-22 01:22:01,738 - INFO - composites.py:236 -             nodata cover: 0% - 33%
2025-08-22 01:22:01,738 - INFO - composites.py:238 -                           
2025-08-22 01:22:01,738 - INFO - composites.py:239 - Searching...
2025-08-22 01:22:02,251 - INFO - composites.py:242 - Query found 25 items
2025-08-22 01:22:02,252 - INFO - composites.py:244 - Searching for GRI REFINED scenes:
2025-08-22 01:22:08,803 - INFO - sentinel2.py:78 - 1/25 - S2A_MSIL2A_20200430T090601_R050_T34SGG_20200922T165039 -> Not Found
2025-08-22 01:22:14,852 - INFO - sentinel2.py:78 - 2/25 - S2A_MSIL2A_20200430T090601_R050_T34SGF_20200922T165038 -> Not Found
2025-08-22 01:22:19,671 - INFO - sentinel2.py:78 - 3/25 - S2A_MSIL2A_20200430T090601_R050_T34SFG_20200922T165017 -> Not Found
2025-08-22 01:22:26,578 - INFO - sentinel2.py:78 - 4/25 - S2A_MSIL2A_20200430T090601_R050_T34SFF_20200922T165019 -> Not Found
2025-08-22 01:22:32,070 - INFO - sentinel2.py:78 - 5/25 - S2B_MSIL2A_20200428T092029_R093_T34SFG_20200922T115943 -> Not Found
2025-08-22 01:22:38,188 - INFO - sentinel2.py:78 - 6/25 - S2B_MSIL2A_20200428T092029_R093_T34SFF_20200922T115940 -> Not Found
2025-08-22 01:22:43,650 - INFO - sentinel2.py:78 - 7/25 - S2B_MSIL2A_20200425T090549_R050_T34SGG_20200922T021708 -> Not Found
2025-08-22 01:22:49,174 - INFO - sentinel2.py:78 - 8/25 - S2B_MSIL2A_20200425T090549_R050_T34SGF_20200922T021702 -> Not Found
2025-08-22 01:22:55,226 - INFO - sentinel2.py:78 - 9/25 - S2B_MSIL2A_20200425T090549_R050_T34SFG_20200922T021647 -> Not Found
2025-08-22 01:23:01,231 - INFO - sentinel2.py:78 - 10/25 - S2B_MSIL2A_20200425T090549_R050_T34SFF_20200922T021649 -> Not Found
2025-08-22 01:23:06,856 - INFO - sentinel2.py:78 - 11/25 - S2B_MSIL2A_20200418T092029_R093_T34SFG_20200924T015508 -> Not Found
2025-08-22 01:23:12,689 - INFO - sentinel2.py:78 - 12/25 - S2B_MSIL2A_20200418T092029_R093_T34SFF_20200924T015508 -> Not Found
2025-08-22 01:23:18,352 - INFO - sentinel2.py:78 - 13/25 - S2B_MSIL2A_20200415T090549_R050_T34SGG_20200923T160350 -> Not Found
2025-08-22 01:23:24,206 - INFO - sentinel2.py:78 - 14/25 - S2B_MSIL2A_20200415T090549_R050_T34SGF_20200923T160349 -> Not Found
2025-08-22 01:23:29,068 - INFO - sentinel2.py:78 - 15/25 - S2B_MSIL2A_20200415T090549_R050_T34SFG_20200923T160337 -> Not Found
2025-08-22 01:23:35,089 - INFO - sentinel2.py:78 - 16/25 - S2B_MSIL2A_20200415T090549_R050_T34SFF_20200923T160337 -> Not Found
2025-08-22 01:23:40,602 - INFO - sentinel2.py:78 - 17/25 - S2A_MSIL2A_20200413T092031_R093_T34SFG_20200923T074739 -> Not Found
2025-08-22 01:23:46,727 - INFO - sentinel2.py:78 - 18/25 - S2A_MSIL2A_20200413T092031_R093_T34SFF_20200923T074730 -> Not Found
2025-08-22 01:23:52,607 - INFO - sentinel2.py:78 - 19/25 - S2A_MSIL2A_20200410T090551_R050_T34SGG_20200925T182837 -> Not Found
2025-08-22 01:23:58,492 - INFO - sentinel2.py:78 - 20/25 - S2A_MSIL2A_20200410T090551_R050_T34SGF_20200925T182836 -> Not Found
2025-08-22 01:24:04,567 - INFO - sentinel2.py:78 - 21/25 - S2A_MSIL2A_20200410T090551_R050_T34SFG_20200925T182828 -> Not Found
2025-08-22 01:24:10,565 - INFO - sentinel2.py:78 - 22/25 - S2A_MSIL2A_20200410T090551_R050_T34SFF_20200925T182827 -> Not Found
2025-08-22 01:24:15,662 - INFO - sentinel2.py:78 - 23/25 - S2B_MSIL2A_20200408T092029_R093_T34SFG_20200925T133431 -> Not Found
2025-08-22 01:24:20,496 - INFO - sentinel2.py:78 - 24/25 - S2B_MSIL2A_20200408T092029_R093_T34SFF_20200925T133429 -> Not Found
2025-08-22 01:24:25,865 - INFO - sentinel2.py:78 - 25/25 - S2B_MSIL2A_20200405T090549_R050_T34SFF_20200925T034707 -> Not Found
2025-08-22 01:24:25,902 - INFO - composites.py:247 -                                  
2025-08-22 01:24:25,902 - INFO - composites.py:248 - 0/25 were refined by GRI.
2025-08-22 01:24:25,903 - WARNING - composites.py:252 - Tile x11_y08 | Time: 2020-04: All scenes are flagged NOT REFINED.
2025-08-22 01:24:25,903 - WARNING - composites.py:253 - Tile x11_y08 | Time: 2020-04: The composite will be flagged with _NOREFINED.
2025-08-22 01:24:25,919 - INFO - composites.py:260 - Looking for up to 10 cleanest images within spatiotemporal range of each MGRS tile
2025-08-22 01:24:25,931 - INFO - composites.py:274 - Filtered cleanest scenes: Kept 25 out of 25 items. 
2025-08-22 01:24:25,932 - INFO - composites.py:275 -         Included MGRS Tiles: ['34SFF' '34SFG' '34SGF' '34SGG']
2025-08-22 01:24:25,932 - INFO - composites.py:276 -         Included EPSG codes: [32634]
2025-08-22 01:24:25,932 - INFO - composites.py:278 - Selected scenes:
2025-08-22 01:24:25,940 - INFO - composites.py:280 -         S2B_MSIL2A_20200418T092029_R093_T34SFF_20200924T015508
2025-08-22 01:24:25,940 - INFO - composites.py:280 -         S2A_MSIL2A_20200410T090551_R050_T34SFF_20200925T182827
2025-08-22 01:24:25,941 - INFO - composites.py:280 -         S2B_MSIL2A_20200425T090549_R050_T34SFF_20200922T021649
2025-08-22 01:24:25,941 - INFO - composites.py:280 -         S2B_MSIL2A_20200428T092029_R093_T34SFF_20200922T115940
2025-08-22 01:24:25,942 - INFO - composites.py:280 -         S2A_MSIL2A_20200413T092031_R093_T34SFF_20200923T074730
2025-08-22 01:24:25,942 - INFO - composites.py:280 -         S2B_MSIL2A_20200415T090549_R050_T34SFF_20200923T160337
2025-08-22 01:24:25,942 - INFO - composites.py:280 -         S2A_MSIL2A_20200430T090601_R050_T34SFF_20200922T165019
2025-08-22 01:24:25,942 - INFO - composites.py:280 -         S2B_MSIL2A_20200405T090549_R050_T34SFF_20200925T034707
2025-08-22 01:24:25,942 - INFO - composites.py:280 -         S2B_MSIL2A_20200408T092029_R093_T34SFF_20200925T133429
2025-08-22 01:24:25,942 - INFO - composites.py:280 -         S2B_MSIL2A_20200418T092029_R093_T34SFG_20200924T015508
2025-08-22 01:24:25,942 - INFO - composites.py:280 -         S2A_MSIL2A_20200410T090551_R050_T34SFG_20200925T182828
2025-08-22 01:24:25,942 - INFO - composites.py:280 -         S2B_MSIL2A_20200425T090549_R050_T34SFG_20200922T021647
2025-08-22 01:24:25,942 - INFO - composites.py:280 -         S2B_MSIL2A_20200428T092029_R093_T34SFG_20200922T115943
2025-08-22 01:24:25,942 - INFO - composites.py:280 -         S2B_MSIL2A_20200408T092029_R093_T34SFG_20200925T133431
2025-08-22 01:24:25,942 - INFO - composites.py:280 -         S2A_MSIL2A_20200430T090601_R050_T34SFG_20200922T165017
2025-08-22 01:24:25,942 - INFO - composites.py:280 -         S2A_MSIL2A_20200413T092031_R093_T34SFG_20200923T074739
2025-08-22 01:24:25,942 - INFO - composites.py:280 -         S2B_MSIL2A_20200415T090549_R050_T34SFG_20200923T160337
2025-08-22 01:24:25,942 - INFO - composites.py:280 -         S2A_MSIL2A_20200410T090551_R050_T34SGF_20200925T182836
2025-08-22 01:24:25,942 - INFO - composites.py:280 -         S2B_MSIL2A_20200425T090549_R050_T34SGF_20200922T021702
2025-08-22 01:24:25,942 - INFO - composites.py:280 -         S2A_MSIL2A_20200430T090601_R050_T34SGF_20200922T165038
2025-08-22 01:24:25,942 - INFO - composites.py:280 -         S2B_MSIL2A_20200415T090549_R050_T34SGF_20200923T160349
2025-08-22 01:24:25,942 - INFO - composites.py:280 -         S2A_MSIL2A_20200410T090551_R050_T34SGG_20200925T182837
2025-08-22 01:24:25,942 - INFO - composites.py:280 -         S2B_MSIL2A_20200425T090549_R050_T34SGG_20200922T021708
2025-08-22 01:24:25,942 - INFO - composites.py:280 -         S2A_MSIL2A_20200430T090601_R050_T34SGG_20200922T165039
2025-08-22 01:24:25,942 - INFO - composites.py:280 -         S2B_MSIL2A_20200415T090549_R050_T34SGG_20200923T160350
2025-08-22 01:24:26,334 - INFO - sentinel2.py:154 - Matplotlib backend: Agg
2025-08-22 01:24:26,620 - INFO - sentinel2.py:224 - Write input scenes footprint overlay: //nas-rs.topo.auth.gr/Latomeia/DROUGHT/COMPOS/2020/04/x11_y08/S2L2A_medcomp_x11_y08_202004_InDataFootprint.jpeg
2025-08-22 01:24:26,922 - INFO - composites.py:294 -                                  
2025-08-22 01:24:26,922 - INFO - composites.py:295 - Downstream STAC items from Planetary Computer
2025-08-22 01:24:26,922 - INFO - timeseries_processing.py:115 -                                  
2025-08-22 01:24:26,922 - INFO - timeseries_processing.py:116 - Loading bands of diferent resolutions in EPSG:32634
2025-08-22 01:24:26,922 - INFO - timeseries_processing.py:120 -     Filtering items with native UTM EPSG:32634
2025-08-22 01:24:26,922 - INFO - timeseries_processing.py:122 -     25 Items in EPSG:32634
2025-08-22 01:24:26,922 - INFO - timeseries_processing.py:129 -                        
2025-08-22 01:24:26,922 - INFO - timeseries_processing.py:130 -     Loading parameters:
2025-08-22 01:24:26,922 - INFO - timeseries_processing.py:131 -         Bands: ['B05', 'B07', 'B8A', 'SCL']
2025-08-22 01:24:26,922 - INFO - timeseries_processing.py:132 -         Spatial resolution: 20
2025-08-22 01:24:26,922 - INFO - timeseries_processing.py:134 -         Get Assets from STAC Items
2025-08-22 01:24:26,923 - INFO - timeseries_processing.py:47 -         Initialize the STAC client
2025-08-22 01:24:27,533 - INFO - timeseries_processing.py:137 -         Loading 25 STAC Items....
2025-08-22 01:26:18,023 - INFO - timeseries_processing.py:146 -         Cube has been downloaded
2025-08-22 01:26:18,023 - INFO - timeseries_processing.py:156 -         Fix order of dimensions
2025-08-22 01:26:18,026 - INFO - timeseries_processing.py:161 -         Append bands to the band-list of EPSG:32634
2025-08-22 01:26:18,026 - INFO - timeseries_processing.py:129 -                        
2025-08-22 01:26:18,028 - INFO - timeseries_processing.py:130 -     Loading parameters:
2025-08-22 01:26:18,028 - INFO - timeseries_processing.py:131 -         Bands: ['B02', 'B03', 'B04']
2025-08-22 01:26:18,028 - INFO - timeseries_processing.py:132 -         Spatial resolution: 10
2025-08-22 01:26:18,029 - INFO - timeseries_processing.py:134 -         Get Assets from STAC Items
2025-08-22 01:26:18,029 - INFO - timeseries_processing.py:47 -         Initialize the STAC client
2025-08-22 01:26:18,746 - INFO - timeseries_processing.py:137 -         Loading 25 STAC Items....
2025-08-22 01:28:44,076 - INFO - timeseries_processing.py:146 -         Cube has been downloaded
2025-08-22 01:28:44,076 - INFO - timeseries_processing.py:149 -         Reproject to downsample 10m bands to 20m by Resampling.average 2x2 binning and shape matching with odc.geo.GeoBox
2025-08-22 01:28:57,068 - INFO - timeseries_processing.py:161 -         Append bands to the band-list of EPSG:32634
2025-08-22 01:28:57,068 - INFO - timeseries_processing.py:165 -                        
2025-08-22 01:28:57,068 - INFO - timeseries_processing.py:166 -     Merging bands in a single dataset
2025-08-22 01:28:57,068 - INFO - timeseries_processing.py:167 -     Ensure all partial datasets are at (x=20, y=-20) resolution
2025-08-22 01:28:57,068 - INFO - timeseries_processing.py:171 -     Clip to the intersection of indexes
2025-08-22 01:28:58,220 - INFO - timeseries_processing.py:180 -     Make a list of bands to merge
2025-08-22 01:28:58,221 - INFO - timeseries_processing.py:184 -     Merge on intersection
2025-08-22 01:28:58,222 - INFO - timeseries_processing.py:192 -     Apply masks on clouds, shadows, thin cirrus, and snow/ice
2025-08-22 01:28:58,222 - INFO - sentinel2.py:122 -                Masking bits: [3, 7, 8, 9, 10, 11]
2025-08-22 01:28:59,442 - INFO - composites.py:304 - Reproject from UTM Zone to Tile geometry -> CRS(EPSG:32634), Resampling.bilinear
2025-08-22 01:29:05,790 - INFO - composites.py:307 -     New shape of datasets: Shape2d(x=2400, y=2400)
2025-08-22 01:29:06,509 - INFO - composites.py:339 - Creating preview plot of input scenes
2025-08-22 01:29:37,191 - INFO - timeseries_processing.py:349 - Saved preview for 'B04' to //nas-rs.topo.auth.gr/Latomeia/DROUGHT/COMPOS/2020/04/x11_y08/S2L2A_medcomp_x11_y08_202004_InDataPreview.jpeg
2025-08-22 01:29:37,198 - INFO - composites.py:345 - Clip value range
2025-08-22 01:29:38,949 - INFO - composites.py:350 -                           
2025-08-22 01:29:38,949 - INFO - composites.py:351 - Computing spectral indices:
2025-08-22 01:29:38,950 - INFO - composites.py:354 -     EVI...
2025-08-22 01:29:40,105 - INFO - composites.py:356 -     NDVI...
2025-08-22 01:29:40,409 - INFO - composites.py:358 -     PSRI2...
2025-08-22 01:29:40,765 - INFO - composites.py:361 - Clip to typical value range
2025-08-22 01:29:41,117 - INFO - composites.py:368 - Reducing to median value temporal composite
2025-08-22 01:30:06,683 - INFO - composites.py:387 - Define data types and nodata per band
2025-08-22 01:30:06,895 - INFO - composites.py:408 - Assign time range and tile ID in metadata
2025-08-22 01:30:06,896 - INFO - composites.py:416 - Write bands to raster COG files
2025-08-22 01:30:10,567 - INFO - composites.py:429 - Write B02 -> //nas-rs.topo.auth.gr/Latomeia/DROUGHT/COMPOS/2020/04/x11_y08/S2L2A_medcomp_x11_y08_202004_B02.tif
2025-08-22 01:30:14,240 - INFO - composites.py:429 - Write B03 -> //nas-rs.topo.auth.gr/Latomeia/DROUGHT/COMPOS/2020/04/x11_y08/S2L2A_medcomp_x11_y08_202004_B03.tif
2025-08-22 01:30:17,977 - INFO - composites.py:429 - Write B04 -> //nas-rs.topo.auth.gr/Latomeia/DROUGHT/COMPOS/2020/04/x11_y08/S2L2A_medcomp_x11_y08_202004_B04.tif
2025-08-22 01:30:22,160 - INFO - composites.py:429 - Write B05 -> //nas-rs.topo.auth.gr/Latomeia/DROUGHT/COMPOS/2020/04/x11_y08/S2L2A_medcomp_x11_y08_202004_B05.tif
2025-08-22 01:30:25,829 - INFO - composites.py:429 - Write B07 -> //nas-rs.topo.auth.gr/Latomeia/DROUGHT/COMPOS/2020/04/x11_y08/S2L2A_medcomp_x11_y08_202004_B07.tif
2025-08-22 01:30:29,906 - INFO - composites.py:429 - Write B8A -> //nas-rs.topo.auth.gr/Latomeia/DROUGHT/COMPOS/2020/04/x11_y08/S2L2A_medcomp_x11_y08_202004_B8A.tif
2025-08-22 01:30:33,811 - INFO - composites.py:429 - Write EVI -> //nas-rs.topo.auth.gr/Latomeia/DROUGHT/COMPOS/2020/04/x11_y08/S2L2A_medcomp_x11_y08_202004_evi.tif
2025-08-22 01:30:37,516 - INFO - composites.py:429 - Write NDVI -> //nas-rs.topo.auth.gr/Latomeia/DROUGHT/COMPOS/2020/04/x11_y08/S2L2A_medcomp_x11_y08_202004_ndvi.tif
2025-08-22 01:30:41,357 - INFO - composites.py:429 - Write PSRI2 -> //nas-rs.topo.auth.gr/Latomeia/DROUGHT/COMPOS/2020/04/x11_y08/S2L2A_medcomp_x11_y08_202004_psri2.tif
2025-08-22 01:30:41,358 - INFO - composites.py:433 - Prepare metadata YAML document
2025-08-22 01:30:42,064 - INFO - composites.py:454 - Write metadata YAML document to disk
2025-08-22 01:30:42,088 - INFO - composites.py:459 - Create datacube.model.Dataset from eo3 metadata
2025-08-22 01:30:42,100 - INFO - composites.py:470 - Index to datacube
2025-08-22 01:30:42,100 - INFO - _datasets.py:191 - Indexing 3a31dafa-04a3-49df-ba91-1a311e1fc7fa
2025-08-22 01:30:42,108 - INFO - composites.py:473 - 
2025-08-22 01:30:42,108 - INFO - composites.py:474 -              ✔✔✔ COMPLETED: Tile x11_y08 | Time: 2020-04 | In 8.77 minutes
2025-08-22 01:30:42,108 - INFO - composites.py:475 - 
2025-08-22 01:30:42,108 - INFO - composites.py:483 - Closing Dask client
2025-08-22 01:30:42,111 - INFO - composites.py:487 - Closing Dask cluster
2025-08-22 01:30:42,111 - INFO - composites.py:488 - #######################################################################
