2025-08-22 05:24:10,982 - INFO - composites.py:101 - #######################################################################
2025-08-22 05:24:10,982 - INFO - composites.py:103 - Processing started
2025-08-22 05:24:10,982 - INFO - composites.py:104 -         Tile: x08_y10
2025-08-22 05:24:10,983 - INFO - composites.py:105 -         Time: 2020-06
2025-08-22 05:24:10,983 - INFO - composites.py:108 -                           
2025-08-22 05:24:10,983 - INFO - composites.py:109 - Establishing connection to datacube
2025-08-22 05:24:11,582 - INFO - composites.py:112 -                           
2025-08-22 05:24:11,584 - INFO - composites.py:113 - Sanity test: Check if dataset already exists in the datacube
2025-08-22 05:24:11,601 - INFO - composites.py:132 - The composite requested was not found and it will be computed
2025-08-22 05:24:11,601 - INFO - composites.py:135 -                                  
2025-08-22 05:24:11,601 - INFO - composites.py:136 - Initializing Dask cluster for parallelization
2025-08-22 05:24:16,485 - INFO - composites.py:160 - Dask dashboard is available at: http://127.0.0.1:8787/status
2025-08-22 05:24:16,485 - INFO - composites.py:163 - Create directories and naming conversions
2025-08-22 05:24:16,490 - INFO - composites.py:174 - Dataset location: //nas-rs.topo.auth.gr/Latomeia/DROUGHT/COMPOS/2020/06/x08_y10
2025-08-22 05:24:16,492 - INFO - composites.py:177 -                           
2025-08-22 05:24:16,492 - INFO - composites.py:178 - Retrieve tile geometry
2025-08-22 05:24:16,520 - INFO - composites.py:189 - Create the Bounding Box (φ,λ)
2025-08-22 05:24:16,520 - INFO - composites.py:195 - Create the Bounding Box (x,y)
2025-08-22 05:24:16,520 - INFO - composites.py:208 -                           
2025-08-22 05:24:16,520 - INFO - composites.py:209 - Connect to Planetary Computer STAC Catalog
2025-08-22 05:24:16,779 - INFO - composites.py:217 - Search the STAC Catalog
2025-08-22 05:24:16,848 - INFO - composites.py:229 -         Query parameters:
2025-08-22 05:24:16,848 - INFO - composites.py:230 -             url:          https://planetarycomputer.microsoft.com/api/stac/v1/search
2025-08-22 05:24:16,848 - INFO - composites.py:231 -             client:       microsoft-pc
2025-08-22 05:24:16,848 - INFO - composites.py:232 -             collection:   sentinel-2-l2a
2025-08-22 05:24:16,848 - INFO - composites.py:233 -             bbox:         (21.39721400014901, 37.8618519319046, 22.06142649589928, 38.40819969704171)
2025-08-22 05:24:16,848 - INFO - composites.py:234 -             time range:   2020-06-01T00:00:00Z/2020-06-30T23:59:59Z
2025-08-22 05:24:16,848 - INFO - composites.py:235 -             cloud cover:  0% - 70%
2025-08-22 05:24:16,848 - INFO - composites.py:236 -             nodata cover: 0% - 33%
2025-08-22 05:24:16,848 - INFO - composites.py:238 -                           
2025-08-22 05:24:16,848 - INFO - composites.py:239 - Searching...
2025-08-22 05:24:17,287 - INFO - composites.py:242 - Query found 12 items
2025-08-22 05:24:17,287 - INFO - composites.py:244 - Searching for GRI REFINED scenes:
2025-08-22 05:24:19,660 - INFO - sentinel2.py:78 - 1/12 - S2B_MSIL2A_20200627T092029_R093_T34SEH_20200908T172923 -> Not Found
2025-08-22 05:24:21,779 - INFO - sentinel2.py:78 - 2/12 - S2B_MSIL2A_20200627T092029_R093_T34SEG_20200824T084045 -> Not Found
2025-08-22 05:24:23,973 - INFO - sentinel2.py:78 - 3/12 - S2A_MSIL2A_20200622T092031_R093_T34SEH_20200823T155855 -> Not Found
2025-08-22 05:24:32,227 - INFO - sentinel2.py:78 - 4/12 - S2A_MSIL2A_20200622T092031_R093_T34SEG_20200823T155848 -> Not Found
2025-08-22 05:24:34,465 - INFO - sentinel2.py:78 - 5/12 - S2B_MSIL2A_20200617T092029_R093_T34SEH_20200908T172928 -> Not Found
2025-08-22 05:24:36,480 - INFO - sentinel2.py:78 - 6/12 - S2B_MSIL2A_20200617T092029_R093_T34SEG_20200823T030254 -> Not Found
2025-08-22 05:24:38,382 - INFO - sentinel2.py:78 - 7/12 - S2A_MSIL2A_20200612T092041_R093_T34SEH_20200827T020824 -> Not Found
2025-08-22 05:24:40,297 - INFO - sentinel2.py:78 - 8/12 - S2A_MSIL2A_20200612T092041_R093_T34SEG_20200827T020818 -> Not Found
2025-08-22 05:24:42,646 - INFO - sentinel2.py:78 - 9/12 - S2B_MSIL2A_20200607T092029_R093_T34SEH_20200826T124948 -> Not Found
2025-08-22 05:24:44,749 - INFO - sentinel2.py:78 - 10/12 - S2B_MSIL2A_20200607T092029_R093_T34SEG_20200826T124945 -> Not Found
2025-08-22 05:24:46,818 - INFO - sentinel2.py:78 - 11/12 - S2A_MSIL2A_20200602T092041_R093_T34SEH_20200825T201959 -> Not Found
2025-08-22 05:24:48,804 - INFO - sentinel2.py:78 - 12/12 - S2A_MSIL2A_20200602T092041_R093_T34SEG_20200825T202005 -> Not Found
2025-08-22 05:24:48,820 - INFO - composites.py:247 -                                  
2025-08-22 05:24:48,820 - INFO - composites.py:248 - 0/12 were refined by GRI.
2025-08-22 05:24:48,820 - WARNING - composites.py:252 - Tile x08_y10 | Time: 2020-06: All scenes are flagged NOT REFINED.
2025-08-22 05:24:48,820 - WARNING - composites.py:253 - Tile x08_y10 | Time: 2020-06: The composite will be flagged with _NOREFINED.
2025-08-22 05:24:48,820 - INFO - composites.py:260 - Looking for up to 10 cleanest images within spatiotemporal range of each MGRS tile
2025-08-22 05:24:48,820 - INFO - composites.py:274 - Filtered cleanest scenes: Kept 12 out of 12 items. 
2025-08-22 05:24:48,820 - INFO - composites.py:275 -         Included MGRS Tiles: ['34SEG' '34SEH']
2025-08-22 05:24:48,821 - INFO - composites.py:276 -         Included EPSG codes: [32634]
2025-08-22 05:24:48,821 - INFO - composites.py:278 - Selected scenes:
2025-08-22 05:24:48,821 - INFO - composites.py:280 -         S2B_MSIL2A_20200627T092029_R093_T34SEG_20200824T084045
2025-08-22 05:24:48,821 - INFO - composites.py:280 -         S2A_MSIL2A_20200612T092041_R093_T34SEG_20200827T020818
2025-08-22 05:24:48,821 - INFO - composites.py:280 -         S2A_MSIL2A_20200602T092041_R093_T34SEG_20200825T202005
2025-08-22 05:24:48,821 - INFO - composites.py:280 -         S2B_MSIL2A_20200617T092029_R093_T34SEG_20200823T030254
2025-08-22 05:24:48,821 - INFO - composites.py:280 -         S2A_MSIL2A_20200622T092031_R093_T34SEG_20200823T155848
2025-08-22 05:24:48,827 - INFO - composites.py:280 -         S2B_MSIL2A_20200607T092029_R093_T34SEG_20200826T124945
2025-08-22 05:24:48,827 - INFO - composites.py:280 -         S2B_MSIL2A_20200627T092029_R093_T34SEH_20200908T172923
2025-08-22 05:24:48,827 - INFO - composites.py:280 -         S2A_MSIL2A_20200612T092041_R093_T34SEH_20200827T020824
2025-08-22 05:24:48,827 - INFO - composites.py:280 -         S2B_MSIL2A_20200607T092029_R093_T34SEH_20200826T124948
2025-08-22 05:24:48,827 - INFO - composites.py:280 -         S2A_MSIL2A_20200602T092041_R093_T34SEH_20200825T201959
2025-08-22 05:24:48,827 - INFO - composites.py:280 -         S2A_MSIL2A_20200622T092031_R093_T34SEH_20200823T155855
2025-08-22 05:24:48,827 - INFO - composites.py:280 -         S2B_MSIL2A_20200617T092029_R093_T34SEH_20200908T172928
2025-08-22 05:24:49,287 - INFO - sentinel2.py:154 - Matplotlib backend: Agg
2025-08-22 05:24:49,519 - INFO - sentinel2.py:224 - Write input scenes footprint overlay: //nas-rs.topo.auth.gr/Latomeia/DROUGHT/COMPOS/2020/06/x08_y10/S2L2A_medcomp_x08_y10_202006_InDataFootprint.jpeg
2025-08-22 05:24:49,776 - INFO - composites.py:294 -                                  
2025-08-22 05:24:49,776 - INFO - composites.py:295 - Downstream STAC items from Planetary Computer
2025-08-22 05:24:49,776 - INFO - timeseries_processing.py:115 -                                  
2025-08-22 05:24:49,776 - INFO - timeseries_processing.py:116 - Loading bands of diferent resolutions in EPSG:32634
2025-08-22 05:24:49,776 - INFO - timeseries_processing.py:120 -     Filtering items with native UTM EPSG:32634
2025-08-22 05:24:49,776 - INFO - timeseries_processing.py:122 -     12 Items in EPSG:32634
2025-08-22 05:24:49,776 - INFO - timeseries_processing.py:129 -                        
2025-08-22 05:24:49,776 - INFO - timeseries_processing.py:130 -     Loading parameters:
2025-08-22 05:24:49,776 - INFO - timeseries_processing.py:131 -         Bands: ['B05', 'B07', 'B8A', 'SCL']
2025-08-22 05:24:49,776 - INFO - timeseries_processing.py:132 -         Spatial resolution: 20
2025-08-22 05:24:49,777 - INFO - timeseries_processing.py:134 -         Get Assets from STAC Items
2025-08-22 05:24:49,777 - INFO - timeseries_processing.py:47 -         Initialize the STAC client
2025-08-22 05:24:50,441 - INFO - timeseries_processing.py:137 -         Loading 12 STAC Items....
2025-08-22 05:25:48,564 - INFO - timeseries_processing.py:146 -         Cube has been downloaded
2025-08-22 05:25:48,564 - INFO - timeseries_processing.py:156 -         Fix order of dimensions
2025-08-22 05:25:48,568 - INFO - timeseries_processing.py:161 -         Append bands to the band-list of EPSG:32634
2025-08-22 05:25:48,569 - INFO - timeseries_processing.py:129 -                        
2025-08-22 05:25:48,569 - INFO - timeseries_processing.py:130 -     Loading parameters:
2025-08-22 05:25:48,569 - INFO - timeseries_processing.py:131 -         Bands: ['B02', 'B03', 'B04']
2025-08-22 05:25:48,569 - INFO - timeseries_processing.py:132 -         Spatial resolution: 10
2025-08-22 05:25:48,570 - INFO - timeseries_processing.py:134 -         Get Assets from STAC Items
2025-08-22 05:25:48,570 - INFO - timeseries_processing.py:47 -         Initialize the STAC client
2025-08-22 05:25:49,062 - INFO - timeseries_processing.py:137 -         Loading 12 STAC Items....
2025-08-22 05:27:02,719 - INFO - timeseries_processing.py:146 -         Cube has been downloaded
2025-08-22 05:27:02,719 - INFO - timeseries_processing.py:149 -         Reproject to downsample 10m bands to 20m by Resampling.average 2x2 binning and shape matching with odc.geo.GeoBox
2025-08-22 05:27:11,438 - INFO - timeseries_processing.py:161 -         Append bands to the band-list of EPSG:32634
2025-08-22 05:27:11,438 - INFO - timeseries_processing.py:165 -                        
2025-08-22 05:27:11,439 - INFO - timeseries_processing.py:166 -     Merging bands in a single dataset
2025-08-22 05:27:11,439 - INFO - timeseries_processing.py:167 -     Ensure all partial datasets are at (x=20, y=-20) resolution
2025-08-22 05:27:11,439 - INFO - timeseries_processing.py:171 -     Clip to the intersection of indexes
2025-08-22 05:27:12,645 - INFO - timeseries_processing.py:180 -     Make a list of bands to merge
2025-08-22 05:27:12,645 - INFO - timeseries_processing.py:184 -     Merge on intersection
2025-08-22 05:27:12,646 - INFO - timeseries_processing.py:192 -     Apply masks on clouds, shadows, thin cirrus, and snow/ice
2025-08-22 05:27:12,646 - INFO - sentinel2.py:122 -                Masking bits: [3, 7, 8, 9, 10, 11]
2025-08-22 05:27:13,314 - INFO - composites.py:304 - Reproject from UTM Zone to Tile geometry -> CRS(EPSG:32634), Resampling.bilinear
2025-08-22 05:27:17,232 - INFO - composites.py:307 -     New shape of datasets: Shape2d(x=2400, y=2400)
2025-08-22 05:27:17,788 - INFO - composites.py:339 - Creating preview plot of input scenes
2025-08-22 05:27:42,442 - INFO - timeseries_processing.py:349 - Saved preview for 'B04' to //nas-rs.topo.auth.gr/Latomeia/DROUGHT/COMPOS/2020/06/x08_y10/S2L2A_medcomp_x08_y10_202006_InDataPreview.jpeg
2025-08-22 05:27:42,447 - INFO - composites.py:345 - Clip value range
2025-08-22 05:27:43,663 - INFO - composites.py:350 -                           
2025-08-22 05:27:43,664 - INFO - composites.py:351 - Computing spectral indices:
2025-08-22 05:27:43,664 - INFO - composites.py:354 -     EVI...
2025-08-22 05:27:44,363 - INFO - composites.py:356 -     NDVI...
2025-08-22 05:27:44,527 - INFO - composites.py:358 -     PSRI2...
2025-08-22 05:27:44,841 - INFO - composites.py:361 - Clip to typical value range
2025-08-22 05:27:45,084 - INFO - composites.py:368 - Reducing to median value temporal composite
2025-08-22 05:28:10,734 - INFO - composites.py:387 - Define data types and nodata per band
2025-08-22 05:28:10,840 - INFO - composites.py:408 - Assign time range and tile ID in metadata
2025-08-22 05:28:10,840 - INFO - composites.py:416 - Write bands to raster COG files
2025-08-22 05:28:14,676 - INFO - composites.py:429 - Write B02 -> //nas-rs.topo.auth.gr/Latomeia/DROUGHT/COMPOS/2020/06/x08_y10/S2L2A_medcomp_x08_y10_202006_B02.tif
2025-08-22 05:28:18,500 - INFO - composites.py:429 - Write B03 -> //nas-rs.topo.auth.gr/Latomeia/DROUGHT/COMPOS/2020/06/x08_y10/S2L2A_medcomp_x08_y10_202006_B03.tif
2025-08-22 05:28:22,568 - INFO - composites.py:429 - Write B04 -> //nas-rs.topo.auth.gr/Latomeia/DROUGHT/COMPOS/2020/06/x08_y10/S2L2A_medcomp_x08_y10_202006_B04.tif
2025-08-22 05:28:26,386 - INFO - composites.py:429 - Write B05 -> //nas-rs.topo.auth.gr/Latomeia/DROUGHT/COMPOS/2020/06/x08_y10/S2L2A_medcomp_x08_y10_202006_B05.tif
2025-08-22 05:28:30,174 - INFO - composites.py:429 - Write B07 -> //nas-rs.topo.auth.gr/Latomeia/DROUGHT/COMPOS/2020/06/x08_y10/S2L2A_medcomp_x08_y10_202006_B07.tif
2025-08-22 05:28:33,954 - INFO - composites.py:429 - Write B8A -> //nas-rs.topo.auth.gr/Latomeia/DROUGHT/COMPOS/2020/06/x08_y10/S2L2A_medcomp_x08_y10_202006_B8A.tif
2025-08-22 05:28:37,710 - INFO - composites.py:429 - Write EVI -> //nas-rs.topo.auth.gr/Latomeia/DROUGHT/COMPOS/2020/06/x08_y10/S2L2A_medcomp_x08_y10_202006_evi.tif
2025-08-22 05:28:41,392 - INFO - composites.py:429 - Write NDVI -> //nas-rs.topo.auth.gr/Latomeia/DROUGHT/COMPOS/2020/06/x08_y10/S2L2A_medcomp_x08_y10_202006_ndvi.tif
2025-08-22 05:28:45,173 - INFO - composites.py:429 - Write PSRI2 -> //nas-rs.topo.auth.gr/Latomeia/DROUGHT/COMPOS/2020/06/x08_y10/S2L2A_medcomp_x08_y10_202006_psri2.tif
2025-08-22 05:28:45,189 - INFO - composites.py:433 - Prepare metadata YAML document
2025-08-22 05:28:45,981 - INFO - composites.py:454 - Write metadata YAML document to disk
2025-08-22 05:28:46,036 - INFO - composites.py:459 - Create datacube.model.Dataset from eo3 metadata
2025-08-22 05:28:46,045 - INFO - composites.py:470 - Index to datacube
2025-08-22 05:28:46,045 - INFO - _datasets.py:191 - Indexing 722a0f4a-1cee-48d3-b844-4fe010a7ab77
2025-08-22 05:28:46,055 - INFO - composites.py:473 - 
2025-08-22 05:28:46,055 - INFO - composites.py:474 -              ✔✔✔ COMPLETED: Tile x08_y10 | Time: 2020-06 | In 4.58 minutes
2025-08-22 05:28:46,055 - INFO - composites.py:475 - 
2025-08-22 05:28:46,055 - INFO - composites.py:483 - Closing Dask client
2025-08-22 05:28:46,057 - INFO - composites.py:487 - Closing Dask cluster
2025-08-22 05:28:46,057 - INFO - composites.py:488 - #######################################################################
