2025-08-25 11:09:58,122 - INFO - composites.py:102 - #######################################################################
2025-08-25 11:09:58,122 - INFO - composites.py:104 - Processing started
2025-08-25 11:09:58,122 - INFO - composites.py:105 -         Tile: x10_y11
2025-08-25 11:09:58,122 - INFO - composites.py:106 -         Time: 2020-06
2025-08-25 11:09:58,122 - INFO - composites.py:109 -                           
2025-08-25 11:09:58,122 - INFO - composites.py:110 - Establishing connection to datacube
2025-08-25 11:09:58,637 - INFO - composites.py:113 -                           
2025-08-25 11:09:58,637 - INFO - composites.py:114 - Sanity test: Check if dataset already exists in the datacube
2025-08-25 11:09:58,651 - INFO - composites.py:133 - The composite requested was not found and it will be computed
2025-08-25 11:09:58,651 - INFO - composites.py:136 -                                  
2025-08-25 11:09:58,651 - INFO - composites.py:137 - Initializing Dask cluster for parallelization
2025-08-25 11:10:03,901 - INFO - composites.py:161 - Dask dashboard is available at: http://127.0.0.1:8787/status
2025-08-25 11:10:03,901 - INFO - composites.py:164 - Create directories and naming conversions
2025-08-25 11:10:03,912 - INFO - composites.py:175 - Dataset location: //nas-rs.topo.auth.gr/Latomeia/DROUGHT/COMPOS/2020/06/x10_y11
2025-08-25 11:10:03,912 - INFO - composites.py:178 -                           
2025-08-25 11:10:03,912 - INFO - composites.py:179 - Retrieve tile geometry
2025-08-25 11:10:03,942 - INFO - composites.py:190 - Create the Bounding Box (φ,λ)
2025-08-25 11:10:03,942 - INFO - composites.py:196 - Create the Bounding Box (x,y)
2025-08-25 11:10:03,942 - INFO - composites.py:209 -                           
2025-08-25 11:10:03,942 - INFO - composites.py:210 - Connect to Planetary Computer STAC Catalog
2025-08-25 11:10:04,256 - INFO - composites.py:218 - Search the STAC Catalog
2025-08-25 11:10:04,328 - INFO - composites.py:230 -         Query parameters:
2025-08-25 11:10:04,328 - INFO - composites.py:231 -             url:          https://planetarycomputer.microsoft.com/api/stac/v1/search
2025-08-25 11:10:04,328 - INFO - composites.py:232 -             client:       microsoft-pc
2025-08-25 11:10:04,328 - INFO - composites.py:233 -             collection:   sentinel-2-l2a
2025-08-25 11:10:04,328 - INFO - composites.py:234 -             bbox:         (22.551446150749733, 38.14853968883684, 23.225034627134395, 38.70012671670289)
2025-08-25 11:10:04,328 - INFO - composites.py:235 -             time range:   2020-06-01T00:00:00Z/2020-06-30T23:59:59Z
2025-08-25 11:10:04,328 - INFO - composites.py:236 -             cloud cover:  0% - 70%
2025-08-25 11:10:04,329 - INFO - composites.py:237 -             nodata cover: 0% - 33%
2025-08-25 11:10:04,329 - INFO - composites.py:239 -                           
2025-08-25 11:10:04,329 - INFO - composites.py:240 - Searching...
2025-08-25 11:10:04,726 - INFO - composites.py:243 - Query found 6 items
2025-08-25 11:10:04,727 - INFO - composites.py:245 - Searching for GRI REFINED scenes:
2025-08-25 11:10:06,690 - INFO - sentinel2.py:78 - 1/6 - S2B_MSIL2A_20200627T092029_R093_T34SFH_20200824T084050 -> Not Found
2025-08-25 11:10:08,532 - INFO - sentinel2.py:78 - 2/6 - S2A_MSIL2A_20200622T092031_R093_T34SFH_20200823T155905 -> Not Found
2025-08-25 11:10:10,448 - INFO - sentinel2.py:78 - 3/6 - S2B_MSIL2A_20200617T092029_R093_T34SFH_20200908T173003 -> Not Found
2025-08-25 11:10:12,430 - INFO - sentinel2.py:78 - 4/6 - S2A_MSIL2A_20200612T092041_R093_T34SFH_20200827T020830 -> Not Found
2025-08-25 11:10:14,359 - INFO - sentinel2.py:78 - 5/6 - S2B_MSIL2A_20200607T092029_R093_T34SFH_20201101T142239 -> Not Found
2025-08-25 11:10:16,302 - INFO - sentinel2.py:78 - 6/6 - S2A_MSIL2A_20200602T092041_R093_T34SFH_20200825T202003 -> Not Found
2025-08-25 11:10:16,318 - INFO - composites.py:248 -                                  
2025-08-25 11:10:16,318 - INFO - composites.py:249 - 0/6 were refined by GRI.
2025-08-25 11:10:16,339 - WARNING - composites.py:253 - Tile x10_y11 | Time: 2020-06: All scenes are flagged NOT REFINED.
2025-08-25 11:10:16,340 - WARNING - composites.py:254 - Tile x10_y11 | Time: 2020-06: The composite will be flagged with _NOREFINED.
2025-08-25 11:10:16,340 - INFO - composites.py:261 - Looking for up to 10 cleanest images within spatiotemporal range of each MGRS tile
2025-08-25 11:10:16,341 - INFO - composites.py:275 - Filtered cleanest scenes: Kept 6 out of 6 items. 
2025-08-25 11:10:16,341 - INFO - composites.py:276 -         Included MGRS Tiles: ['34SFH']
2025-08-25 11:10:16,341 - INFO - composites.py:277 -         Included EPSG codes: [32634]
2025-08-25 11:10:16,341 - INFO - composites.py:279 - Selected scenes:
2025-08-25 11:10:16,342 - INFO - composites.py:281 -         S2B_MSIL2A_20200627T092029_R093_T34SFH_20200824T084050
2025-08-25 11:10:16,342 - INFO - composites.py:281 -         S2A_MSIL2A_20200612T092041_R093_T34SFH_20200827T020830
2025-08-25 11:10:16,342 - INFO - composites.py:281 -         S2B_MSIL2A_20200617T092029_R093_T34SFH_20200908T173003
2025-08-25 11:10:16,342 - INFO - composites.py:281 -         S2B_MSIL2A_20200607T092029_R093_T34SFH_20201101T142239
2025-08-25 11:10:16,342 - INFO - composites.py:281 -         S2A_MSIL2A_20200602T092041_R093_T34SFH_20200825T202003
2025-08-25 11:10:16,342 - INFO - composites.py:281 -         S2A_MSIL2A_20200622T092031_R093_T34SFH_20200823T155905
2025-08-25 11:10:16,734 - INFO - sentinel2.py:154 - Matplotlib backend: Agg
2025-08-25 11:10:16,909 - INFO - sentinel2.py:224 - Write input scenes footprint overlay: //nas-rs.topo.auth.gr/Latomeia/DROUGHT/COMPOS/2020/06/x10_y11/S2L2A_medcomp_x10_y11_202006_InDataFootprint.jpeg
2025-08-25 11:10:17,139 - INFO - composites.py:295 -                                  
2025-08-25 11:10:17,139 - INFO - composites.py:296 - Downstream STAC items from Planetary Computer
2025-08-25 11:10:17,139 - INFO - timeseries_processing.py:115 -                                  
2025-08-25 11:10:17,139 - INFO - timeseries_processing.py:116 - Loading bands of diferent resolutions in EPSG:32634
2025-08-25 11:10:17,139 - INFO - timeseries_processing.py:120 -     Filtering items with native UTM EPSG:32634
2025-08-25 11:10:17,139 - INFO - timeseries_processing.py:122 -     6 Items in EPSG:32634
2025-08-25 11:10:17,139 - INFO - timeseries_processing.py:129 -                        
2025-08-25 11:10:17,139 - INFO - timeseries_processing.py:130 -     Loading parameters:
2025-08-25 11:10:17,139 - INFO - timeseries_processing.py:131 -         Bands: ['B05', 'B07', 'B8A', 'SCL']
2025-08-25 11:10:17,139 - INFO - timeseries_processing.py:132 -         Spatial resolution: 20
2025-08-25 11:10:17,139 - INFO - timeseries_processing.py:134 -         Get Assets from STAC Items
2025-08-25 11:10:17,139 - INFO - timeseries_processing.py:47 -         Initialize the STAC client
2025-08-25 11:10:17,813 - INFO - timeseries_processing.py:137 -         Loading 6 STAC Items....
2025-08-25 11:11:04,090 - INFO - timeseries_processing.py:146 -         Cube has been downloaded
2025-08-25 11:11:04,090 - INFO - timeseries_processing.py:156 -         Fix order of dimensions
2025-08-25 11:11:04,092 - INFO - timeseries_processing.py:161 -         Append bands to the band-list of EPSG:32634
2025-08-25 11:11:04,092 - INFO - timeseries_processing.py:129 -                        
2025-08-25 11:11:04,092 - INFO - timeseries_processing.py:130 -     Loading parameters:
2025-08-25 11:11:04,092 - INFO - timeseries_processing.py:131 -         Bands: ['B02', 'B03', 'B04']
2025-08-25 11:11:04,092 - INFO - timeseries_processing.py:132 -         Spatial resolution: 10
2025-08-25 11:11:04,094 - INFO - timeseries_processing.py:134 -         Get Assets from STAC Items
2025-08-25 11:11:04,094 - INFO - timeseries_processing.py:47 -         Initialize the STAC client
2025-08-25 11:11:04,578 - INFO - timeseries_processing.py:137 -         Loading 6 STAC Items....
2025-08-25 11:13:00,016 - INFO - timeseries_processing.py:146 -         Cube has been downloaded
2025-08-25 11:13:00,017 - INFO - timeseries_processing.py:149 -         Reproject to downsample 10m bands to 20m by Resampling.average 2x2 binning and shape matching with odc.geo.GeoBox
2025-08-25 11:13:09,373 - INFO - timeseries_processing.py:161 -         Append bands to the band-list of EPSG:32634
2025-08-25 11:13:09,375 - INFO - timeseries_processing.py:165 -                        
2025-08-25 11:13:09,375 - INFO - timeseries_processing.py:166 -     Merging bands in a single dataset
2025-08-25 11:13:09,375 - INFO - timeseries_processing.py:167 -     Ensure all partial datasets are at (x=20, y=-20) resolution
2025-08-25 11:13:09,375 - INFO - timeseries_processing.py:171 -     Clip to the intersection of indexes
2025-08-25 11:13:10,705 - INFO - timeseries_processing.py:180 -     Make a list of bands to merge
2025-08-25 11:13:10,706 - INFO - timeseries_processing.py:184 -     Merge on intersection
2025-08-25 11:13:10,708 - INFO - timeseries_processing.py:192 -     Apply masks on clouds, shadows, thin cirrus, and snow/ice
2025-08-25 11:13:10,708 - INFO - sentinel2.py:122 -                Masking bits: [3, 7, 8, 9, 10, 11]
2025-08-25 11:13:11,534 - INFO - composites.py:305 - Reproject from UTM Zone to Tile geometry -> CRS(EPSG:32634), Resampling.bilinear
2025-08-25 11:13:15,746 - INFO - composites.py:308 -     New shape of datasets: Shape2d(x=2400, y=2400)
2025-08-25 11:13:16,296 - INFO - composites.py:340 - Creating preview plot of input scenes
2025-08-25 11:13:42,649 - INFO - timeseries_processing.py:349 - Saved preview for 'B04' to //nas-rs.topo.auth.gr/Latomeia/DROUGHT/COMPOS/2020/06/x10_y11/S2L2A_medcomp_x10_y11_202006_InDataPreview.jpeg
2025-08-25 11:13:42,654 - INFO - composites.py:346 - Clip value range
2025-08-25 11:13:43,998 - INFO - composites.py:351 -                           
2025-08-25 11:13:43,999 - INFO - composites.py:352 - Computing spectral indices:
2025-08-25 11:13:43,999 - INFO - composites.py:355 -     EVI...
2025-08-25 11:13:44,741 - INFO - composites.py:357 -     NDVI...
2025-08-25 11:13:45,107 - INFO - composites.py:359 -     PSRI2...
2025-08-25 11:13:45,278 - INFO - composites.py:362 - Clip to typical value range
2025-08-25 11:13:45,514 - INFO - composites.py:369 - Reducing to median value temporal composite
2025-08-25 11:14:10,584 - INFO - composites.py:388 - Scale and Define data types & nodata per band
2025-08-25 11:14:10,706 - INFO - composites.py:409 - Assign time range and tile ID in metadata
2025-08-25 11:14:10,707 - INFO - composites.py:417 - Write bands to raster COG files
2025-08-25 11:14:14,833 - INFO - composites.py:430 - Write B02 -> //nas-rs.topo.auth.gr/Latomeia/DROUGHT/COMPOS/2020/06/x10_y11/S2L2A_medcomp_x10_y11_202006_B02.tif
2025-08-25 11:14:19,036 - INFO - composites.py:430 - Write B03 -> //nas-rs.topo.auth.gr/Latomeia/DROUGHT/COMPOS/2020/06/x10_y11/S2L2A_medcomp_x10_y11_202006_B03.tif
2025-08-25 11:14:23,325 - INFO - composites.py:430 - Write B04 -> //nas-rs.topo.auth.gr/Latomeia/DROUGHT/COMPOS/2020/06/x10_y11/S2L2A_medcomp_x10_y11_202006_B04.tif
2025-08-25 11:14:27,375 - INFO - composites.py:430 - Write B05 -> //nas-rs.topo.auth.gr/Latomeia/DROUGHT/COMPOS/2020/06/x10_y11/S2L2A_medcomp_x10_y11_202006_B05.tif
2025-08-25 11:14:31,364 - INFO - composites.py:430 - Write B07 -> //nas-rs.topo.auth.gr/Latomeia/DROUGHT/COMPOS/2020/06/x10_y11/S2L2A_medcomp_x10_y11_202006_B07.tif
2025-08-25 11:14:35,547 - INFO - composites.py:430 - Write B8A -> //nas-rs.topo.auth.gr/Latomeia/DROUGHT/COMPOS/2020/06/x10_y11/S2L2A_medcomp_x10_y11_202006_B8A.tif
2025-08-25 11:14:40,063 - INFO - composites.py:430 - Write EVI -> //nas-rs.topo.auth.gr/Latomeia/DROUGHT/COMPOS/2020/06/x10_y11/S2L2A_medcomp_x10_y11_202006_EVI.tif
2025-08-25 11:14:44,255 - INFO - composites.py:430 - Write NDVI -> //nas-rs.topo.auth.gr/Latomeia/DROUGHT/COMPOS/2020/06/x10_y11/S2L2A_medcomp_x10_y11_202006_NDVI.tif
2025-08-25 11:14:48,117 - INFO - composites.py:430 - Write PSRI2 -> //nas-rs.topo.auth.gr/Latomeia/DROUGHT/COMPOS/2020/06/x10_y11/S2L2A_medcomp_x10_y11_202006_PSRI2.tif
2025-08-25 11:14:48,117 - INFO - composites.py:434 - Prepare metadata YAML document
2025-08-25 11:14:48,801 - INFO - composites.py:455 - Write metadata YAML document to disk
2025-08-25 11:14:48,855 - INFO - composites.py:460 - Create datacube.model.Dataset from eo3 metadata
2025-08-25 11:14:48,866 - INFO - composites.py:471 - Index to datacube
2025-08-25 11:14:48,866 - INFO - _datasets.py:191 - Indexing d7560f80-876e-417e-9a3f-a9b8780b39cf
2025-08-25 11:14:48,880 - INFO - composites.py:474 - 
2025-08-25 11:14:48,880 - INFO - composites.py:475 -              ✔✔✔ COMPLETED: Tile x10_y11 | Time: 2020-06 | In 4.85 minutes
2025-08-25 11:14:48,880 - INFO - composites.py:476 - 
2025-08-25 11:14:48,880 - INFO - composites.py:484 - Closing Dask client
2025-08-25 11:14:48,881 - INFO - composites.py:488 - Closing Dask cluster
2025-08-25 11:14:48,881 - INFO - composites.py:489 - #######################################################################
