2025-08-29 01:08:16,635 - INFO - composites.py:102 - #######################################################################
2025-08-29 01:08:16,635 - INFO - composites.py:104 - Processing started
2025-08-29 01:08:16,635 - INFO - composites.py:105 -         Tile: x10_y09
2025-08-29 01:08:16,635 - INFO - composites.py:106 -         Time: 2021-07
2025-08-29 01:08:16,635 - INFO - composites.py:109 -                           
2025-08-29 01:08:16,635 - INFO - composites.py:110 - Establishing connection to datacube
2025-08-29 01:08:17,290 - INFO - composites.py:113 -                           
2025-08-29 01:08:17,290 - INFO - composites.py:114 - Sanity test: Check if dataset already exists in the datacube
2025-08-29 01:08:17,309 - INFO - composites.py:133 - The composite requested was not found and it will be computed
2025-08-29 01:08:17,309 - INFO - composites.py:136 -                                  
2025-08-29 01:08:17,309 - INFO - composites.py:137 - Initializing Dask cluster for parallelization
2025-08-29 01:08:22,464 - INFO - composites.py:161 - Dask dashboard is available at: http://127.0.0.1:8787/status
2025-08-29 01:08:22,464 - INFO - composites.py:164 - Create directories and naming conversions
2025-08-29 01:08:22,474 - INFO - composites.py:177 - Dataset location: //nas-rs.topo.auth.gr/Latomeia/DROUGHT/composites/x10/y09/2021/07/01
2025-08-29 01:08:22,474 - INFO - composites.py:180 -                           
2025-08-29 01:08:22,474 - INFO - composites.py:181 - Retrieve tile geometry
2025-08-29 01:08:22,504 - INFO - composites.py:192 - Create the Bounding Box (φ,λ)
2025-08-29 01:08:22,505 - INFO - composites.py:198 - Create the Bounding Box (x,y)
2025-08-29 01:08:22,505 - INFO - composites.py:211 -                           
2025-08-29 01:08:22,505 - INFO - composites.py:212 - Connect to Planetary Computer STAC Catalog
2025-08-29 01:08:22,723 - INFO - composites.py:220 - Search the STAC Catalog
2025-08-29 01:08:22,800 - INFO - composites.py:232 -         Query parameters:
2025-08-29 01:08:22,800 - INFO - composites.py:233 -             url:          https://planetarycomputer.microsoft.com/api/stac/v1/search
2025-08-29 01:08:22,800 - INFO - composites.py:234 -             client:       microsoft-pc
2025-08-29 01:08:22,800 - INFO - composites.py:235 -             collection:   sentinel-2-l2a
2025-08-29 01:08:22,800 - INFO - composites.py:236 -             bbox:         (22.393231098837152, 37.29127558081356, 23.05741948027706, 37.8424745721664)
2025-08-29 01:08:22,800 - INFO - composites.py:237 -             time range:   2021-07-01T00:00:00Z/2021-07-31T23:59:59Z
2025-08-29 01:08:22,800 - INFO - composites.py:238 -             cloud cover:  0% - 70%
2025-08-29 01:08:22,800 - INFO - composites.py:239 -             nodata cover: 0% - 33%
2025-08-29 01:08:22,800 - INFO - composites.py:241 -                           
2025-08-29 01:08:22,800 - INFO - composites.py:242 - Searching...
2025-08-29 01:08:23,224 - INFO - composites.py:245 - Query found 18 items
2025-08-29 01:08:23,224 - INFO - composites.py:247 - Searching for GRI REFINED scenes:
2025-08-29 01:08:29,493 - INFO - sentinel2.py:78 - 1/18 - S2B_MSIL2A_20210729T090559_R050_T34SFG_20210802T044220 -> REFINED
2025-08-29 01:08:35,689 - INFO - sentinel2.py:78 - 2/18 - S2A_MSIL2A_20210727T092031_R093_T34SFH_20210727T204310 -> REFINED
2025-08-29 01:08:42,077 - INFO - sentinel2.py:78 - 3/18 - S2A_MSIL2A_20210727T092031_R093_T34SFG_20210727T195913 -> REFINED
2025-08-29 01:08:47,634 - INFO - sentinel2.py:78 - 4/18 - S2A_MSIL2A_20210724T090601_R050_T34SFG_20210724T195113 -> REFINED
2025-08-29 01:08:53,732 - INFO - sentinel2.py:78 - 5/18 - S2B_MSIL2A_20210722T092029_R093_T34SFH_20210722T205904 -> REFINED
2025-08-29 01:08:58,814 - INFO - sentinel2.py:78 - 6/18 - S2B_MSIL2A_20210722T092029_R093_T34SFG_20210722T200538 -> REFINED
2025-08-29 01:09:04,965 - INFO - sentinel2.py:78 - 7/18 - S2B_MSIL2A_20210719T090559_R050_T34SFG_20210719T183441 -> REFINED
2025-08-29 01:09:10,382 - INFO - sentinel2.py:78 - 8/18 - S2A_MSIL2A_20210717T092031_R093_T34SFH_20210717T211415 -> REFINED
2025-08-29 01:09:15,796 - INFO - sentinel2.py:78 - 9/18 - S2A_MSIL2A_20210717T092031_R093_T34SFG_20210717T220738 -> REFINED
2025-08-29 01:09:20,524 - INFO - sentinel2.py:78 - 10/18 - S2A_MSIL2A_20210714T090601_R050_T34SFG_20210714T223955 -> REFINED
2025-08-29 01:09:26,208 - INFO - sentinel2.py:78 - 11/18 - S2B_MSIL2A_20210712T092029_R093_T34SFH_20210712T192320 -> REFINED
2025-08-29 01:09:31,998 - INFO - sentinel2.py:78 - 12/18 - S2B_MSIL2A_20210712T092029_R093_T34SFG_20210712T192945 -> REFINED
2025-08-29 01:09:39,053 - INFO - sentinel2.py:78 - 13/18 - S2B_MSIL2A_20210709T090559_R050_T34SFG_20210710T011445 -> REFINED
2025-08-29 01:09:44,116 - INFO - sentinel2.py:78 - 14/18 - S2A_MSIL2A_20210707T092031_R093_T34SFH_20210708T002439 -> REFINED
2025-08-29 01:09:49,118 - INFO - sentinel2.py:78 - 15/18 - S2A_MSIL2A_20210707T092031_R093_T34SFG_20210708T021009 -> REFINED
2025-08-29 01:09:54,498 - INFO - sentinel2.py:78 - 16/18 - S2A_MSIL2A_20210704T090601_R050_T34SFG_20210704T230605 -> REFINED
2025-08-29 01:10:01,015 - INFO - sentinel2.py:78 - 17/18 - S2B_MSIL2A_20210702T092029_R093_T34SFH_20210702T230708 -> REFINED
2025-08-29 01:10:06,568 - INFO - sentinel2.py:78 - 18/18 - S2B_MSIL2A_20210702T092029_R093_T34SFG_20210702T234801 -> REFINED
2025-08-29 01:10:06,653 - INFO - composites.py:250 -                                  
2025-08-29 01:10:06,666 - INFO - composites.py:251 - 18/18 were refined by GRI.
2025-08-29 01:10:06,666 - INFO - composites.py:263 - Looking for up to 10 cleanest images within spatiotemporal range of each MGRS tile
2025-08-29 01:10:06,667 - INFO - composites.py:277 - Filtered cleanest scenes: Kept 16 out of 18 items. 
2025-08-29 01:10:06,667 - INFO - composites.py:278 -         Included MGRS Tiles: ['34SFG' '34SFH']
2025-08-29 01:10:06,667 - INFO - composites.py:279 -         Included EPSG codes: [32634]
2025-08-29 01:10:06,667 - INFO - composites.py:281 - Selected scenes:
2025-08-29 01:10:06,667 - INFO - composites.py:283 -         S2B_MSIL2A_20210729T090559_R050_T34SFG_20210802T044220
2025-08-29 01:10:06,667 - INFO - composites.py:283 -         S2A_MSIL2A_20210727T092031_R093_T34SFG_20210727T195913
2025-08-29 01:10:06,668 - INFO - composites.py:283 -         S2A_MSIL2A_20210714T090601_R050_T34SFG_20210714T223955
2025-08-29 01:10:06,668 - INFO - composites.py:283 -         S2B_MSIL2A_20210709T090559_R050_T34SFG_20210710T011445
2025-08-29 01:10:06,668 - INFO - composites.py:283 -         S2A_MSIL2A_20210724T090601_R050_T34SFG_20210724T195113
2025-08-29 01:10:06,668 - INFO - composites.py:283 -         S2B_MSIL2A_20210719T090559_R050_T34SFG_20210719T183441
2025-08-29 01:10:06,669 - INFO - composites.py:283 -         S2A_MSIL2A_20210704T090601_R050_T34SFG_20210704T230605
2025-08-29 01:10:06,669 - INFO - composites.py:283 -         S2A_MSIL2A_20210717T092031_R093_T34SFG_20210717T220738
2025-08-29 01:10:06,669 - INFO - composites.py:283 -         S2B_MSIL2A_20210712T092029_R093_T34SFG_20210712T192945
2025-08-29 01:10:06,669 - INFO - composites.py:283 -         S2B_MSIL2A_20210702T092029_R093_T34SFG_20210702T234801
2025-08-29 01:10:06,670 - INFO - composites.py:283 -         S2A_MSIL2A_20210727T092031_R093_T34SFH_20210727T204310
2025-08-29 01:10:06,676 - INFO - composites.py:283 -         S2A_MSIL2A_20210717T092031_R093_T34SFH_20210717T211415
2025-08-29 01:10:06,676 - INFO - composites.py:283 -         S2B_MSIL2A_20210712T092029_R093_T34SFH_20210712T192320
2025-08-29 01:10:06,676 - INFO - composites.py:283 -         S2A_MSIL2A_20210707T092031_R093_T34SFH_20210708T002439
2025-08-29 01:10:06,676 - INFO - composites.py:283 -         S2B_MSIL2A_20210722T092029_R093_T34SFH_20210722T205904
2025-08-29 01:10:06,676 - INFO - composites.py:283 -         S2B_MSIL2A_20210702T092029_R093_T34SFH_20210702T230708
2025-08-29 01:10:07,152 - INFO - sentinel2.py:154 - Matplotlib backend: Agg
2025-08-29 01:10:07,522 - INFO - sentinel2.py:224 - Write input scenes footprint overlay: //nas-rs.topo.auth.gr/Latomeia/DROUGHT/composites/x10/y09/2021/07/01/S2L2A_medcomp_x10y09_202107_InDataFootprint.jpeg
2025-08-29 01:10:07,829 - INFO - composites.py:297 -                                  
2025-08-29 01:10:07,829 - INFO - composites.py:298 - Downstream STAC items from Planetary Computer
2025-08-29 01:10:07,830 - INFO - timeseries_processing.py:115 -                                  
2025-08-29 01:10:07,830 - INFO - timeseries_processing.py:116 - Loading bands of diferent resolutions in EPSG:32634
2025-08-29 01:10:07,831 - INFO - timeseries_processing.py:120 -     Filtering items with native UTM EPSG:32634
2025-08-29 01:10:07,831 - INFO - timeseries_processing.py:122 -     16 Items in EPSG:32634
2025-08-29 01:10:07,831 - INFO - timeseries_processing.py:129 -                        
2025-08-29 01:10:07,831 - INFO - timeseries_processing.py:130 -     Loading parameters:
2025-08-29 01:10:07,831 - INFO - timeseries_processing.py:131 -         Bands: ['B05', 'B07', 'B8A', 'SCL']
2025-08-29 01:10:07,831 - INFO - timeseries_processing.py:132 -         Spatial resolution: 20
2025-08-29 01:10:07,831 - INFO - timeseries_processing.py:134 -         Get Assets from STAC Items
2025-08-29 01:10:07,831 - INFO - timeseries_processing.py:47 -         Initialize the STAC client
2025-08-29 01:10:08,383 - INFO - timeseries_processing.py:137 -         Loading 16 STAC Items....
2025-08-29 01:11:08,500 - INFO - timeseries_processing.py:146 -         Cube has been downloaded
2025-08-29 01:11:08,501 - INFO - timeseries_processing.py:156 -         Fix order of dimensions
2025-08-29 01:11:08,502 - INFO - timeseries_processing.py:161 -         Append bands to the band-list of EPSG:32634
2025-08-29 01:11:08,503 - INFO - timeseries_processing.py:129 -                        
2025-08-29 01:11:08,503 - INFO - timeseries_processing.py:130 -     Loading parameters:
2025-08-29 01:11:08,503 - INFO - timeseries_processing.py:131 -         Bands: ['B02', 'B03', 'B04']
2025-08-29 01:11:08,503 - INFO - timeseries_processing.py:132 -         Spatial resolution: 10
2025-08-29 01:11:08,503 - INFO - timeseries_processing.py:134 -         Get Assets from STAC Items
2025-08-29 01:11:08,507 - INFO - timeseries_processing.py:47 -         Initialize the STAC client
2025-08-29 01:11:09,156 - INFO - timeseries_processing.py:137 -         Loading 16 STAC Items....
2025-08-29 01:13:28,042 - INFO - timeseries_processing.py:146 -         Cube has been downloaded
2025-08-29 01:13:28,042 - INFO - timeseries_processing.py:149 -         Reproject to downsample 10m bands to 20m by Resampling.average 2x2 binning and shape matching with odc.geo.GeoBox
2025-08-29 01:13:45,366 - INFO - timeseries_processing.py:161 -         Append bands to the band-list of EPSG:32634
2025-08-29 01:13:45,366 - INFO - timeseries_processing.py:165 -                        
2025-08-29 01:13:45,366 - INFO - timeseries_processing.py:166 -     Merging bands in a single dataset
2025-08-29 01:13:45,366 - INFO - timeseries_processing.py:167 -     Ensure all partial datasets are at (x=20, y=-20) resolution
2025-08-29 01:13:45,366 - INFO - timeseries_processing.py:171 -     Clip to the intersection of indexes
2025-08-29 01:13:46,371 - INFO - timeseries_processing.py:180 -     Make a list of bands to merge
2025-08-29 01:13:46,372 - INFO - timeseries_processing.py:184 -     Merge on intersection
2025-08-29 01:13:46,373 - INFO - timeseries_processing.py:192 -     Apply masks on clouds, shadows, thin cirrus, and snow/ice
2025-08-29 01:13:46,373 - INFO - sentinel2.py:122 -                Masking bits: [3, 7, 8, 9, 10, 11]
2025-08-29 01:13:47,913 - INFO - composites.py:307 - Reproject from UTM Zone to Tile geometry -> CRS(EPSG:32634), Resampling.bilinear
2025-08-29 01:13:56,414 - INFO - composites.py:310 -     New shape of datasets: Shape2d(x=2400, y=2400)
2025-08-29 01:13:57,323 - INFO - composites.py:342 - Creating preview plot of input scenes
2025-08-29 01:14:36,572 - INFO - timeseries_processing.py:349 - Saved preview for 'B04' to //nas-rs.topo.auth.gr/Latomeia/DROUGHT/composites/x10/y09/2021/07/01/S2L2A_medcomp_x10y09_202107_InDataPreview.jpeg
2025-08-29 01:14:36,580 - INFO - composites.py:348 - Clip value range
2025-08-29 01:14:39,140 - INFO - composites.py:353 -                           
2025-08-29 01:14:39,141 - INFO - composites.py:354 - Computing spectral indices:
2025-08-29 01:14:39,141 - INFO - composites.py:357 -     EVI...
2025-08-29 01:14:40,634 - INFO - composites.py:359 -     NDVI...
2025-08-29 01:14:41,114 - INFO - composites.py:361 -     PSRI2...
2025-08-29 01:14:41,463 - INFO - composites.py:364 - Clip to typical value range
2025-08-29 01:14:41,901 - INFO - composites.py:371 - Reducing to median value temporal composite
2025-08-29 01:15:15,657 - INFO - composites.py:390 - Scale and Define data types & nodata per band
2025-08-29 01:15:15,872 - INFO - composites.py:411 - Assign time range and tile ID in metadata
2025-08-29 01:15:15,872 - INFO - composites.py:419 - Write bands to raster COG files
2025-08-29 01:15:19,981 - INFO - composites.py:432 - Write B02 -> //nas-rs.topo.auth.gr/Latomeia/DROUGHT/composites/x10/y09/2021/07/01/S2L2A_medcomp_x10y09_202107_B02.tif
2025-08-29 01:15:24,017 - INFO - composites.py:432 - Write B03 -> //nas-rs.topo.auth.gr/Latomeia/DROUGHT/composites/x10/y09/2021/07/01/S2L2A_medcomp_x10y09_202107_B03.tif
2025-08-29 01:15:28,124 - INFO - composites.py:432 - Write B04 -> //nas-rs.topo.auth.gr/Latomeia/DROUGHT/composites/x10/y09/2021/07/01/S2L2A_medcomp_x10y09_202107_B04.tif
2025-08-29 01:15:32,389 - INFO - composites.py:432 - Write B05 -> //nas-rs.topo.auth.gr/Latomeia/DROUGHT/composites/x10/y09/2021/07/01/S2L2A_medcomp_x10y09_202107_B05.tif
2025-08-29 01:15:36,831 - INFO - composites.py:432 - Write B07 -> //nas-rs.topo.auth.gr/Latomeia/DROUGHT/composites/x10/y09/2021/07/01/S2L2A_medcomp_x10y09_202107_B07.tif
2025-08-29 01:15:40,749 - INFO - composites.py:432 - Write B8A -> //nas-rs.topo.auth.gr/Latomeia/DROUGHT/composites/x10/y09/2021/07/01/S2L2A_medcomp_x10y09_202107_B8A.tif
2025-08-29 01:15:44,692 - INFO - composites.py:432 - Write EVI -> //nas-rs.topo.auth.gr/Latomeia/DROUGHT/composites/x10/y09/2021/07/01/S2L2A_medcomp_x10y09_202107_EVI.tif
2025-08-29 01:15:48,767 - INFO - composites.py:432 - Write NDVI -> //nas-rs.topo.auth.gr/Latomeia/DROUGHT/composites/x10/y09/2021/07/01/S2L2A_medcomp_x10y09_202107_NDVI.tif
2025-08-29 01:15:52,675 - INFO - composites.py:432 - Write PSRI2 -> //nas-rs.topo.auth.gr/Latomeia/DROUGHT/composites/x10/y09/2021/07/01/S2L2A_medcomp_x10y09_202107_PSRI2.tif
2025-08-29 01:15:52,690 - INFO - composites.py:436 - Prepare metadata YAML document
2025-08-29 01:15:53,212 - INFO - composites.py:458 - Write metadata YAML document to disk
2025-08-29 01:15:53,258 - INFO - composites.py:463 - Create datacube.model.Dataset from eo3 metadata
2025-08-29 01:15:53,269 - INFO - composites.py:476 - Index to datacube
2025-08-29 01:15:53,275 - INFO - _datasets.py:191 - Indexing 0a845056-8540-4a70-a351-e964d9ef48a6
2025-08-29 01:15:53,284 - INFO - composites.py:479 - 
2025-08-29 01:15:53,284 - INFO - composites.py:480 -              ✔✔✔ COMPLETED: Tile x10_y09 | Time: 2021-07 | In 7.61 minutes
2025-08-29 01:15:53,284 - INFO - composites.py:481 - 
2025-08-29 01:15:53,284 - INFO - composites.py:489 - Closing Dask client
2025-08-29 01:15:53,292 - INFO - composites.py:493 - Closing Dask cluster
2025-08-29 01:15:53,292 - INFO - composites.py:494 - #######################################################################
