2025-08-28 00:22:13,429 - INFO - composites.py:102 - #######################################################################
2025-08-28 00:22:13,429 - INFO - composites.py:104 - Processing started
2025-08-28 00:22:13,429 - INFO - composites.py:105 -         Tile: x11_y12
2025-08-28 00:22:13,429 - INFO - composites.py:106 -         Time: 2022-02
2025-08-28 00:22:13,429 - INFO - composites.py:109 -                           
2025-08-28 00:22:13,429 - INFO - composites.py:110 - Establishing connection to datacube
2025-08-28 00:22:14,010 - INFO - composites.py:113 -                           
2025-08-28 00:22:14,010 - INFO - composites.py:114 - Sanity test: Check if dataset already exists in the datacube
2025-08-28 00:22:14,029 - INFO - composites.py:133 - The composite requested was not found and it will be computed
2025-08-28 00:22:14,029 - INFO - composites.py:136 -                                  
2025-08-28 00:22:14,029 - INFO - composites.py:137 - Initializing Dask cluster for parallelization
2025-08-28 00:22:19,007 - INFO - composites.py:161 - Dask dashboard is available at: http://127.0.0.1:8787/status
2025-08-28 00:22:19,007 - INFO - composites.py:164 - Create directories and naming conversions
2025-08-28 00:22:19,021 - INFO - composites.py:177 - Dataset location: //nas-rs.topo.auth.gr/Latomeia/DROUGHT/composites/x11/y12/2022/02/01
2025-08-28 00:22:19,021 - INFO - composites.py:180 -                           
2025-08-28 00:22:19,022 - INFO - composites.py:181 - Retrieve tile geometry
2025-08-28 00:22:19,051 - INFO - composites.py:192 - Create the Bounding Box (φ,λ)
2025-08-28 00:22:19,051 - INFO - composites.py:198 - Create the Bounding Box (x,y)
2025-08-28 00:22:19,051 - INFO - composites.py:211 -                           
2025-08-28 00:22:19,051 - INFO - composites.py:212 - Connect to Planetary Computer STAC Catalog
2025-08-28 00:22:19,313 - INFO - composites.py:220 - Search the STAC Catalog
2025-08-28 00:22:19,382 - INFO - composites.py:232 -         Query parameters:
2025-08-28 00:22:19,382 - INFO - composites.py:233 -             url:          https://planetarycomputer.microsoft.com/api/stac/v1/search
2025-08-28 00:22:19,382 - INFO - composites.py:234 -             client:       microsoft-pc
2025-08-28 00:22:19,382 - INFO - composites.py:235 -             collection:   sentinel-2-l2a
2025-08-28 00:22:19,382 - INFO - composites.py:236 -             bbox:         (23.175034627134398, 38.50013763603257, 23.85573196352452, 39.05443515421176)
2025-08-28 00:22:19,382 - INFO - composites.py:237 -             time range:   2022-02-01T00:00:00Z/2022-02-28T23:59:59Z
2025-08-28 00:22:19,382 - INFO - composites.py:238 -             cloud cover:  0% - 70%
2025-08-28 00:22:19,382 - INFO - composites.py:239 -             nodata cover: 0% - 33%
2025-08-28 00:22:19,382 - INFO - composites.py:241 -                           
2025-08-28 00:22:19,382 - INFO - composites.py:242 - Searching...
2025-08-28 00:22:19,831 - INFO - composites.py:245 - Query found 21 items
2025-08-28 00:22:19,831 - INFO - composites.py:247 - Searching for GRI REFINED scenes:
2025-08-28 00:22:25,686 - INFO - sentinel2.py:78 - 1/21 - S2B_MSIL2A_20220224T090849_R050_T34SGJ_20220301T110410 -> REFINED
2025-08-28 00:22:31,787 - INFO - sentinel2.py:78 - 2/21 - S2A_MSIL2A_20220219T091021_R050_T35SKD_20220225T103708 -> REFINED
2025-08-28 00:22:37,949 - INFO - sentinel2.py:78 - 3/21 - S2A_MSIL2A_20220219T091021_R050_T35SKC_20220225T102005 -> REFINED
2025-08-28 00:22:42,974 - INFO - sentinel2.py:78 - 4/21 - S2A_MSIL2A_20220219T091021_R050_T34SGJ_20220225T110223 -> REFINED
2025-08-28 00:22:49,203 - INFO - sentinel2.py:78 - 5/21 - S2A_MSIL2A_20220219T091021_R050_T34SGH_20220225T103606 -> REFINED
2025-08-28 00:22:54,237 - INFO - sentinel2.py:78 - 6/21 - S2B_MSIL2A_20220217T092019_R093_T34SFJ_20220224T140630 -> REFINED
2025-08-28 00:23:00,006 - INFO - sentinel2.py:78 - 7/21 - S2B_MSIL2A_20220217T092019_R093_T34SFH_20220224T143828 -> REFINED
2025-08-28 00:23:06,079 - INFO - sentinel2.py:78 - 8/21 - S2B_MSIL2A_20220214T091019_R050_T35SKD_20220223T034555 -> REFINED
2025-08-28 00:23:11,196 - INFO - sentinel2.py:78 - 9/21 - S2B_MSIL2A_20220214T091019_R050_T35SKC_20220223T041314 -> REFINED
2025-08-28 00:23:16,254 - INFO - sentinel2.py:78 - 10/21 - S2B_MSIL2A_20220214T091019_R050_T34SGJ_20220223T043230 -> REFINED
2025-08-28 00:23:22,307 - INFO - sentinel2.py:78 - 11/21 - S2B_MSIL2A_20220214T091019_R050_T34SGH_20220223T041001 -> REFINED
2025-08-28 00:23:28,456 - INFO - sentinel2.py:78 - 12/21 - S2A_MSIL2A_20220209T091131_R050_T35SKD_20220220T220345 -> REFINED
2025-08-28 00:23:34,540 - INFO - sentinel2.py:78 - 13/21 - S2A_MSIL2A_20220209T091131_R050_T35SKC_20220220T221031 -> REFINED
2025-08-28 00:23:40,679 - INFO - sentinel2.py:78 - 14/21 - S2A_MSIL2A_20220209T091131_R050_T34SGJ_20220220T222201 -> REFINED
2025-08-28 00:23:46,043 - INFO - sentinel2.py:78 - 15/21 - S2A_MSIL2A_20220209T091131_R050_T34SGH_20220220T220514 -> REFINED
2025-08-28 00:23:52,103 - INFO - sentinel2.py:78 - 16/21 - S2B_MSIL2A_20220207T092039_R093_T34SFJ_20220219T215648 -> REFINED
2025-08-28 00:23:57,846 - INFO - sentinel2.py:78 - 17/21 - S2B_MSIL2A_20220207T092039_R093_T34SFH_20220220T004120 -> REFINED
2025-08-28 00:24:03,542 - INFO - sentinel2.py:78 - 18/21 - S2B_MSIL2A_20220204T091059_R050_T35SKD_20220218T124842 -> REFINED
2025-08-28 00:24:09,554 - INFO - sentinel2.py:78 - 19/21 - S2B_MSIL2A_20220204T091059_R050_T35SKC_20220218T140258 -> REFINED
2025-08-28 00:24:15,893 - INFO - sentinel2.py:78 - 20/21 - S2B_MSIL2A_20220204T091059_R050_T34SGJ_20220218T142916 -> REFINED
2025-08-28 00:24:21,049 - INFO - sentinel2.py:78 - 21/21 - S2B_MSIL2A_20220204T091059_R050_T34SGH_20220218T123829 -> REFINED
2025-08-28 00:24:21,106 - INFO - composites.py:250 -                                  
2025-08-28 00:24:21,106 - INFO - composites.py:251 - 21/21 were refined by GRI.
2025-08-28 00:24:21,106 - INFO - composites.py:263 - Looking for up to 10 cleanest images within spatiotemporal range of each MGRS tile
2025-08-28 00:24:21,107 - INFO - composites.py:277 - Filtered cleanest scenes: Kept 21 out of 21 items. 
2025-08-28 00:24:21,108 - INFO - composites.py:278 -         Included MGRS Tiles: ['34SFH' '34SFJ' '34SGH' '34SGJ' '35SKC' '35SKD']
2025-08-28 00:24:21,108 - INFO - composites.py:279 -         Included EPSG codes: [32634 32635]
2025-08-28 00:24:21,108 - INFO - composites.py:281 - Selected scenes:
2025-08-28 00:24:21,108 - INFO - composites.py:283 -         S2B_MSIL2A_20220207T092039_R093_T34SFH_20220220T004120
2025-08-28 00:24:21,108 - INFO - composites.py:283 -         S2B_MSIL2A_20220217T092019_R093_T34SFH_20220224T143828
2025-08-28 00:24:21,109 - INFO - composites.py:283 -         S2B_MSIL2A_20220217T092019_R093_T34SFJ_20220224T140630
2025-08-28 00:24:21,114 - INFO - composites.py:283 -         S2B_MSIL2A_20220207T092039_R093_T34SFJ_20220219T215648
2025-08-28 00:24:21,114 - INFO - composites.py:283 -         S2A_MSIL2A_20220219T091021_R050_T34SGH_20220225T103606
2025-08-28 00:24:21,115 - INFO - composites.py:283 -         S2A_MSIL2A_20220209T091131_R050_T34SGH_20220220T220514
2025-08-28 00:24:21,115 - INFO - composites.py:283 -         S2B_MSIL2A_20220204T091059_R050_T34SGH_20220218T123829
2025-08-28 00:24:21,115 - INFO - composites.py:283 -         S2B_MSIL2A_20220214T091019_R050_T34SGH_20220223T041001
2025-08-28 00:24:21,115 - INFO - composites.py:283 -         S2A_MSIL2A_20220219T091021_R050_T34SGJ_20220225T110223
2025-08-28 00:24:21,115 - INFO - composites.py:283 -         S2A_MSIL2A_20220209T091131_R050_T34SGJ_20220220T222201
2025-08-28 00:24:21,115 - INFO - composites.py:283 -         S2B_MSIL2A_20220204T091059_R050_T34SGJ_20220218T142916
2025-08-28 00:24:21,115 - INFO - composites.py:283 -         S2B_MSIL2A_20220214T091019_R050_T34SGJ_20220223T043230
2025-08-28 00:24:21,115 - INFO - composites.py:283 -         S2B_MSIL2A_20220224T090849_R050_T34SGJ_20220301T110410
2025-08-28 00:24:21,115 - INFO - composites.py:283 -         S2A_MSIL2A_20220219T091021_R050_T35SKC_20220225T102005
2025-08-28 00:24:21,115 - INFO - composites.py:283 -         S2A_MSIL2A_20220209T091131_R050_T35SKC_20220220T221031
2025-08-28 00:24:21,115 - INFO - composites.py:283 -         S2B_MSIL2A_20220214T091019_R050_T35SKC_20220223T041314
2025-08-28 00:24:21,115 - INFO - composites.py:283 -         S2B_MSIL2A_20220204T091059_R050_T35SKC_20220218T140258
2025-08-28 00:24:21,115 - INFO - composites.py:283 -         S2A_MSIL2A_20220219T091021_R050_T35SKD_20220225T103708
2025-08-28 00:24:21,115 - INFO - composites.py:283 -         S2A_MSIL2A_20220209T091131_R050_T35SKD_20220220T220345
2025-08-28 00:24:21,115 - INFO - composites.py:283 -         S2B_MSIL2A_20220214T091019_R050_T35SKD_20220223T034555
2025-08-28 00:24:21,115 - INFO - composites.py:283 -         S2B_MSIL2A_20220204T091059_R050_T35SKD_20220218T124842
2025-08-28 00:24:21,474 - INFO - sentinel2.py:154 - Matplotlib backend: Agg
2025-08-28 00:24:21,823 - INFO - sentinel2.py:224 - Write input scenes footprint overlay: //nas-rs.topo.auth.gr/Latomeia/DROUGHT/composites/x11/y12/2022/02/01/S2L2A_medcomp_x11y12_202202_InDataFootprint.jpeg
2025-08-28 00:24:22,081 - INFO - composites.py:297 -                                  
2025-08-28 00:24:22,081 - INFO - composites.py:298 - Downstream STAC items from Planetary Computer
2025-08-28 00:24:22,081 - INFO - timeseries_processing.py:115 -                                  
2025-08-28 00:24:22,082 - INFO - timeseries_processing.py:116 - Loading bands of diferent resolutions in EPSG:32634
2025-08-28 00:24:22,082 - INFO - timeseries_processing.py:120 -     Filtering items with native UTM EPSG:32634
2025-08-28 00:24:22,082 - INFO - timeseries_processing.py:122 -     13 Items in EPSG:32634
2025-08-28 00:24:22,082 - INFO - timeseries_processing.py:129 -                        
2025-08-28 00:24:22,082 - INFO - timeseries_processing.py:130 -     Loading parameters:
2025-08-28 00:24:22,082 - INFO - timeseries_processing.py:131 -         Bands: ['B05', 'B07', 'B8A', 'SCL']
2025-08-28 00:24:22,082 - INFO - timeseries_processing.py:132 -         Spatial resolution: 20
2025-08-28 00:24:22,082 - INFO - timeseries_processing.py:134 -         Get Assets from STAC Items
2025-08-28 00:24:22,082 - INFO - timeseries_processing.py:47 -         Initialize the STAC client
2025-08-28 00:24:22,704 - INFO - timeseries_processing.py:137 -         Loading 13 STAC Items....
2025-08-28 00:25:03,037 - INFO - timeseries_processing.py:146 -         Cube has been downloaded
2025-08-28 00:25:03,037 - INFO - timeseries_processing.py:156 -         Fix order of dimensions
2025-08-28 00:25:03,038 - INFO - timeseries_processing.py:161 -         Append bands to the band-list of EPSG:32634
2025-08-28 00:25:03,039 - INFO - timeseries_processing.py:129 -                        
2025-08-28 00:25:03,039 - INFO - timeseries_processing.py:130 -     Loading parameters:
2025-08-28 00:25:03,039 - INFO - timeseries_processing.py:131 -         Bands: ['B02', 'B03', 'B04']
2025-08-28 00:25:03,040 - INFO - timeseries_processing.py:132 -         Spatial resolution: 10
2025-08-28 00:25:03,040 - INFO - timeseries_processing.py:134 -         Get Assets from STAC Items
2025-08-28 00:25:03,040 - INFO - timeseries_processing.py:47 -         Initialize the STAC client
2025-08-28 00:25:03,565 - INFO - timeseries_processing.py:137 -         Loading 13 STAC Items....
2025-08-28 00:26:29,205 - INFO - timeseries_processing.py:146 -         Cube has been downloaded
2025-08-28 00:26:29,205 - INFO - timeseries_processing.py:149 -         Reproject to downsample 10m bands to 20m by Resampling.average 2x2 binning and shape matching with odc.geo.GeoBox
2025-08-28 00:26:39,026 - INFO - timeseries_processing.py:161 -         Append bands to the band-list of EPSG:32634
2025-08-28 00:26:39,026 - INFO - timeseries_processing.py:165 -                        
2025-08-28 00:26:39,026 - INFO - timeseries_processing.py:166 -     Merging bands in a single dataset
2025-08-28 00:26:39,026 - INFO - timeseries_processing.py:167 -     Ensure all partial datasets are at (x=20, y=-20) resolution
2025-08-28 00:26:39,026 - INFO - timeseries_processing.py:171 -     Clip to the intersection of indexes
2025-08-28 00:26:40,241 - INFO - timeseries_processing.py:180 -     Make a list of bands to merge
2025-08-28 00:26:40,242 - INFO - timeseries_processing.py:184 -     Merge on intersection
2025-08-28 00:26:40,243 - INFO - timeseries_processing.py:192 -     Apply masks on clouds, shadows, thin cirrus, and snow/ice
2025-08-28 00:26:40,243 - INFO - sentinel2.py:122 -                Masking bits: [3, 7, 8, 9, 10, 11]
2025-08-28 00:26:41,103 - INFO - timeseries_processing.py:115 -                                  
2025-08-28 00:26:41,104 - INFO - timeseries_processing.py:116 - Loading bands of diferent resolutions in EPSG:32635
2025-08-28 00:26:41,104 - INFO - timeseries_processing.py:120 -     Filtering items with native UTM EPSG:32635
2025-08-28 00:26:41,104 - INFO - timeseries_processing.py:122 -     8 Items in EPSG:32635
2025-08-28 00:26:41,104 - INFO - timeseries_processing.py:129 -                        
2025-08-28 00:26:41,104 - INFO - timeseries_processing.py:130 -     Loading parameters:
2025-08-28 00:26:41,104 - INFO - timeseries_processing.py:131 -         Bands: ['B05', 'B07', 'B8A', 'SCL']
2025-08-28 00:26:41,104 - INFO - timeseries_processing.py:132 -         Spatial resolution: 20
2025-08-28 00:26:41,104 - INFO - timeseries_processing.py:134 -         Get Assets from STAC Items
2025-08-28 00:26:41,104 - INFO - timeseries_processing.py:47 -         Initialize the STAC client
2025-08-28 00:26:41,589 - INFO - timeseries_processing.py:137 -         Loading 8 STAC Items....
2025-08-28 00:27:06,188 - INFO - timeseries_processing.py:146 -         Cube has been downloaded
2025-08-28 00:27:06,188 - INFO - timeseries_processing.py:156 -         Fix order of dimensions
2025-08-28 00:27:06,190 - INFO - timeseries_processing.py:161 -         Append bands to the band-list of EPSG:32635
2025-08-28 00:27:06,190 - INFO - timeseries_processing.py:129 -                        
2025-08-28 00:27:06,190 - INFO - timeseries_processing.py:130 -     Loading parameters:
2025-08-28 00:27:06,190 - INFO - timeseries_processing.py:131 -         Bands: ['B02', 'B03', 'B04']
2025-08-28 00:27:06,190 - INFO - timeseries_processing.py:132 -         Spatial resolution: 10
2025-08-28 00:27:06,190 - INFO - timeseries_processing.py:134 -         Get Assets from STAC Items
2025-08-28 00:27:06,190 - INFO - timeseries_processing.py:47 -         Initialize the STAC client
2025-08-28 00:27:06,734 - INFO - timeseries_processing.py:137 -         Loading 8 STAC Items....
2025-08-28 00:28:03,751 - INFO - timeseries_processing.py:146 -         Cube has been downloaded
2025-08-28 00:28:03,751 - INFO - timeseries_processing.py:149 -         Reproject to downsample 10m bands to 20m by Resampling.average 2x2 binning and shape matching with odc.geo.GeoBox
2025-08-28 00:28:09,099 - INFO - timeseries_processing.py:161 -         Append bands to the band-list of EPSG:32635
2025-08-28 00:28:09,101 - INFO - timeseries_processing.py:165 -                        
2025-08-28 00:28:09,101 - INFO - timeseries_processing.py:166 -     Merging bands in a single dataset
2025-08-28 00:28:09,101 - INFO - timeseries_processing.py:167 -     Ensure all partial datasets are at (x=20, y=-20) resolution
2025-08-28 00:28:09,101 - INFO - timeseries_processing.py:171 -     Clip to the intersection of indexes
2025-08-28 00:28:09,102 - INFO - timeseries_processing.py:180 -     Make a list of bands to merge
2025-08-28 00:28:09,103 - INFO - timeseries_processing.py:184 -     Merge on intersection
2025-08-28 00:28:09,103 - INFO - timeseries_processing.py:192 -     Apply masks on clouds, shadows, thin cirrus, and snow/ice
2025-08-28 00:28:09,103 - INFO - sentinel2.py:122 -                Masking bits: [3, 7, 8, 9, 10, 11]
2025-08-28 00:28:09,632 - INFO - composites.py:307 - Reproject from UTM Zone to Tile geometry -> CRS(EPSG:32635), Resampling.bilinear
2025-08-28 00:28:17,589 - INFO - composites.py:310 -     New shape of datasets: Shape2d(x=2400, y=2400)
2025-08-28 00:28:17,764 - INFO - composites.py:315 -                           
2025-08-28 00:28:17,764 - INFO - composites.py:316 - Mosaic datasets to a single dataset
2025-08-28 00:28:24,013 - INFO - composites.py:329 - Scale SR to Sen2Cor Baseline 4.00 - Subtract 1000 in dates post 2022-01-25
2025-08-28 00:28:25,131 - INFO - composites.py:342 - Creating preview plot of input scenes
2025-08-28 00:28:51,715 - INFO - timeseries_processing.py:349 - Saved preview for 'B04' to //nas-rs.topo.auth.gr/Latomeia/DROUGHT/composites/x11/y12/2022/02/01/S2L2A_medcomp_x11y12_202202_InDataPreview.jpeg
2025-08-28 00:28:51,720 - INFO - composites.py:348 - Clip value range
2025-08-28 00:28:53,063 - INFO - composites.py:353 -                           
2025-08-28 00:28:53,063 - INFO - composites.py:354 - Computing spectral indices:
2025-08-28 00:28:53,064 - INFO - composites.py:357 -     EVI...
2025-08-28 00:28:53,904 - INFO - composites.py:359 -     NDVI...
2025-08-28 00:28:54,230 - INFO - composites.py:361 -     PSRI2...
2025-08-28 00:28:54,450 - INFO - composites.py:364 - Clip to typical value range
2025-08-28 00:28:54,703 - INFO - composites.py:371 - Reducing to median value temporal composite
2025-08-28 00:29:17,512 - INFO - composites.py:390 - Scale and Define data types & nodata per band
2025-08-28 00:29:17,680 - INFO - composites.py:411 - Assign time range and tile ID in metadata
2025-08-28 00:29:17,680 - INFO - composites.py:419 - Write bands to raster COG files
2025-08-28 00:29:21,635 - INFO - composites.py:432 - Write B02 -> //nas-rs.topo.auth.gr/Latomeia/DROUGHT/composites/x11/y12/2022/02/01/S2L2A_medcomp_x11y12_202202_B02.tif
2025-08-28 00:29:25,966 - INFO - composites.py:432 - Write B03 -> //nas-rs.topo.auth.gr/Latomeia/DROUGHT/composites/x11/y12/2022/02/01/S2L2A_medcomp_x11y12_202202_B03.tif
2025-08-28 00:29:29,803 - INFO - composites.py:432 - Write B04 -> //nas-rs.topo.auth.gr/Latomeia/DROUGHT/composites/x11/y12/2022/02/01/S2L2A_medcomp_x11y12_202202_B04.tif
2025-08-28 00:29:33,586 - INFO - composites.py:432 - Write B05 -> //nas-rs.topo.auth.gr/Latomeia/DROUGHT/composites/x11/y12/2022/02/01/S2L2A_medcomp_x11y12_202202_B05.tif
2025-08-28 00:29:37,918 - INFO - composites.py:432 - Write B07 -> //nas-rs.topo.auth.gr/Latomeia/DROUGHT/composites/x11/y12/2022/02/01/S2L2A_medcomp_x11y12_202202_B07.tif
2025-08-28 00:29:42,304 - INFO - composites.py:432 - Write B8A -> //nas-rs.topo.auth.gr/Latomeia/DROUGHT/composites/x11/y12/2022/02/01/S2L2A_medcomp_x11y12_202202_B8A.tif
2025-08-28 00:29:46,036 - INFO - composites.py:432 - Write EVI -> //nas-rs.topo.auth.gr/Latomeia/DROUGHT/composites/x11/y12/2022/02/01/S2L2A_medcomp_x11y12_202202_EVI.tif
2025-08-28 00:29:49,866 - INFO - composites.py:432 - Write NDVI -> //nas-rs.topo.auth.gr/Latomeia/DROUGHT/composites/x11/y12/2022/02/01/S2L2A_medcomp_x11y12_202202_NDVI.tif
2025-08-28 00:29:53,562 - INFO - composites.py:432 - Write PSRI2 -> //nas-rs.topo.auth.gr/Latomeia/DROUGHT/composites/x11/y12/2022/02/01/S2L2A_medcomp_x11y12_202202_PSRI2.tif
2025-08-28 00:29:53,564 - INFO - composites.py:436 - Prepare metadata YAML document
2025-08-28 00:29:54,103 - INFO - composites.py:458 - Write metadata YAML document to disk
2025-08-28 00:29:54,145 - INFO - composites.py:463 - Create datacube.model.Dataset from eo3 metadata
2025-08-28 00:29:54,157 - INFO - composites.py:474 - Index to datacube
2025-08-28 00:29:54,157 - INFO - _datasets.py:191 - Indexing 8ac7d55e-2f84-43cb-b4b5-0254264f8620
2025-08-28 00:29:54,166 - INFO - composites.py:477 - 
2025-08-28 00:29:54,166 - INFO - composites.py:478 -              ✔✔✔ COMPLETED: Tile x11_y12 | Time: 2022-02 | In 7.68 minutes
2025-08-28 00:29:54,166 - INFO - composites.py:479 - 
2025-08-28 00:29:54,166 - INFO - composites.py:487 - Closing Dask client
2025-08-28 00:29:54,168 - INFO - composites.py:491 - Closing Dask cluster
2025-08-28 00:29:54,168 - INFO - composites.py:492 - #######################################################################
