2025-08-19 07:50:17,702 - INFO - composites.py:104 - #######################################################################
2025-08-19 07:50:17,702 - INFO - composites.py:106 - Processing started
2025-08-19 07:50:17,703 - INFO - composites.py:107 -         Tile: x09_y12
2025-08-19 07:50:17,703 - INFO - composites.py:108 -         Time: 2021-03
2025-08-19 07:50:17,703 - INFO - composites.py:111 -                           
2025-08-19 07:50:17,703 - INFO - composites.py:112 - Establishing connection to datacube
2025-08-19 07:50:18,397 - INFO - composites.py:115 -                           
2025-08-19 07:50:18,398 - INFO - composites.py:116 - Sanity test: Check if dataset already exists in the datacube
2025-08-19 07:50:18,418 - INFO - composites.py:135 - The composite requested was not found and it will be computed
2025-08-19 07:50:18,418 - INFO - composites.py:138 -                                  
2025-08-19 07:50:18,418 - INFO - composites.py:139 - Initializing Dask cluster for parallelization
2025-08-19 07:50:24,862 - INFO - composites.py:163 - Dask dashboard is available at: http://127.0.0.1:8787/status
2025-08-19 07:50:24,862 - INFO - composites.py:166 - Create directories and naming conversions
2025-08-19 07:50:24,868 - INFO - composites.py:177 - Dataset location: //nas-rs.topo.auth.gr/Latomeia/DROUGHT/COMPOS/2021/03/x09_y12
2025-08-19 07:50:24,868 - INFO - composites.py:180 -                           
2025-08-19 07:50:24,868 - INFO - composites.py:181 - Retrieve tile geometry
2025-08-19 07:50:24,916 - INFO - composites.py:192 - Create the Bounding Box (φ,λ)
2025-08-19 07:50:24,916 - INFO - composites.py:198 - Create the Bounding Box (x,y)
2025-08-19 07:50:24,916 - INFO - composites.py:211 -                           
2025-08-19 07:50:24,916 - INFO - composites.py:212 - Connect to Planetary Computer STAC Catalog
2025-08-19 07:50:25,184 - INFO - composites.py:220 - Search the STAC Catalog
2025-08-19 07:50:25,262 - INFO - composites.py:232 -         Query parameters:
2025-08-19 07:50:25,263 - INFO - composites.py:233 -             url:          https://planetarycomputer.microsoft.com/api/stac/v1/search
2025-08-19 07:50:25,263 - INFO - composites.py:234 -             client:       microsoft-pc
2025-08-19 07:50:25,263 - INFO - composites.py:235 -             collection:   sentinel-2-l2a
2025-08-19 07:50:25,263 - INFO - composites.py:236 -             bbox:         (22.089419530330954, 38.650163857606934, 22.765503460110533, 39.19943817102155)
2025-08-19 07:50:25,263 - INFO - composites.py:237 -             time range:   2021-03-01T00:00:00Z/2021-03-31T23:59:59Z
2025-08-19 07:50:25,263 - INFO - composites.py:238 -             cloud cover:  0% - 70%
2025-08-19 07:50:25,263 - INFO - composites.py:239 -             nodata cover: 0% - 33%
2025-08-19 07:50:25,263 - INFO - composites.py:241 -                           
2025-08-19 07:50:25,263 - INFO - composites.py:242 - Searching...
2025-08-19 07:50:25,686 - INFO - composites.py:245 - Query found 21 items
2025-08-19 07:50:25,688 - INFO - composites.py:247 - Searching for GRI REFINED scenes:
2025-08-19 07:50:34,261 - INFO - sentinel2.py:78 - 1/21 - S2A_MSIL2A_20210329T092031_R093_T34SFJ_20210330T045509 -> Not Found
2025-08-19 07:50:43,372 - INFO - sentinel2.py:78 - 2/21 - S2A_MSIL2A_20210329T092031_R093_T34SFH_20210330T051057 -> Not Found
2025-08-19 07:50:52,457 - INFO - sentinel2.py:78 - 3/21 - S2A_MSIL2A_20210329T092031_R093_T34SEJ_20210330T051747 -> Not Found
2025-08-19 07:51:01,044 - INFO - sentinel2.py:78 - 4/21 - S2A_MSIL2A_20210329T092031_R093_T34SEH_20210330T050908 -> Not Found
2025-08-19 07:51:09,774 - INFO - sentinel2.py:78 - 5/21 - S2B_MSIL2A_20210324T092029_R093_T34SFJ_20210324T213003 -> Not Found
2025-08-19 07:51:18,476 - INFO - sentinel2.py:78 - 6/21 - S2B_MSIL2A_20210324T092029_R093_T34SFH_20210324T204910 -> Not Found
2025-08-19 07:51:27,619 - INFO - sentinel2.py:78 - 7/21 - S2B_MSIL2A_20210324T092029_R093_T34SEJ_20210324T204622 -> Not Found
2025-08-19 07:51:36,340 - INFO - sentinel2.py:78 - 8/21 - S2B_MSIL2A_20210324T092029_R093_T34SEH_20210324T213556 -> Not Found
2025-08-19 07:51:43,910 - INFO - sentinel2.py:78 - 9/21 - S2A_MSIL2A_20210319T092031_R093_T34SFJ_20210319T212920 -> Not Found
2025-08-19 07:51:54,148 - INFO - sentinel2.py:78 - 10/21 - S2A_MSIL2A_20210319T092031_R093_T34SFH_20210319T215858 -> Not Found
2025-08-19 07:52:02,040 - INFO - sentinel2.py:78 - 11/21 - S2A_MSIL2A_20210319T092031_R093_T34SEH_20210319T221008 -> Not Found
2025-08-19 07:52:11,307 - INFO - sentinel2.py:78 - 12/21 - S2B_MSIL2A_20210314T092029_R093_T34SFJ_20210315T064621 -> Not Found
2025-08-19 07:52:19,215 - INFO - sentinel2.py:78 - 13/21 - S2B_MSIL2A_20210314T092029_R093_T34SEJ_20210315T053042 -> Not Found
2025-08-19 07:52:26,988 - INFO - sentinel2.py:78 - 14/21 - S2B_MSIL2A_20210314T092029_R093_T34SEH_20210315T064201 -> Not Found
2025-08-19 07:52:35,985 - INFO - sentinel2.py:78 - 15/21 - S2A_MSIL2A_20210309T092031_R093_T34SFH_20210309T215606 -> Not Found
2025-08-19 07:52:43,522 - INFO - sentinel2.py:78 - 16/21 - S2A_MSIL2A_20210309T092031_R093_T34SEJ_20210309T220948 -> Not Found
2025-08-19 07:52:52,749 - INFO - sentinel2.py:78 - 17/21 - S2A_MSIL2A_20210309T092031_R093_T34SEH_20210309T211048 -> Not Found
2025-08-19 07:53:00,389 - INFO - sentinel2.py:78 - 18/21 - S2B_MSIL2A_20210304T092029_R093_T34SFJ_20210304T222557 -> Not Found
2025-08-19 07:53:10,592 - INFO - sentinel2.py:78 - 19/21 - S2B_MSIL2A_20210304T092029_R093_T34SFH_20210304T234652 -> Not Found
2025-08-19 07:53:19,657 - INFO - sentinel2.py:78 - 20/21 - S2B_MSIL2A_20210304T092029_R093_T34SEJ_20210304T224450 -> Not Found
2025-08-19 07:53:28,128 - INFO - sentinel2.py:78 - 21/21 - S2B_MSIL2A_20210304T092029_R093_T34SEH_20210304T231655 -> Not Found
2025-08-19 07:53:28,212 - INFO - composites.py:250 -                                  
2025-08-19 07:53:28,213 - INFO - composites.py:251 - 0/21 were refined by GRI.
2025-08-19 07:53:28,213 - WARNING - composites.py:255 - Tile x09_y12 | Time: 2021-03: All scenes are flagged NOT REFINED.
2025-08-19 07:53:28,213 - WARNING - composites.py:256 - Tile x09_y12 | Time: 2021-03: The composite will be flagged with _NOREFINED.
2025-08-19 07:53:28,213 - INFO - composites.py:263 - Looking for up to 10 cleanest images within spatiotemporal range of each MGRS tile
2025-08-19 07:53:28,215 - INFO - composites.py:277 - Filtered cleanest scenes: Kept 21 out of 21 items. 
2025-08-19 07:53:28,215 - INFO - composites.py:278 -         Included MGRS Tiles: ['34SEH' '34SEJ' '34SFH' '34SFJ']
2025-08-19 07:53:28,215 - INFO - composites.py:279 -         Included EPSG codes: [32634]
2025-08-19 07:53:28,215 - INFO - composites.py:281 - Selected scenes:
2025-08-19 07:53:28,215 - INFO - composites.py:283 -         S2B_MSIL2A_20210304T092029_R093_T34SEH_20210304T231655
2025-08-19 07:53:28,227 - INFO - composites.py:283 -         S2B_MSIL2A_20210324T092029_R093_T34SEH_20210324T213556
2025-08-19 07:53:28,227 - INFO - composites.py:283 -         S2A_MSIL2A_20210309T092031_R093_T34SEH_20210309T211048
2025-08-19 07:53:28,237 - INFO - composites.py:283 -         S2A_MSIL2A_20210329T092031_R093_T34SEH_20210330T050908
2025-08-19 07:53:28,244 - INFO - composites.py:283 -         S2A_MSIL2A_20210319T092031_R093_T34SEH_20210319T221008
2025-08-19 07:53:28,254 - INFO - composites.py:283 -         S2B_MSIL2A_20210314T092029_R093_T34SEH_20210315T064201
2025-08-19 07:53:28,260 - INFO - composites.py:283 -         S2B_MSIL2A_20210304T092029_R093_T34SEJ_20210304T224450
2025-08-19 07:53:28,260 - INFO - composites.py:283 -         S2A_MSIL2A_20210329T092031_R093_T34SEJ_20210330T051747
2025-08-19 07:53:28,260 - INFO - composites.py:283 -         S2B_MSIL2A_20210314T092029_R093_T34SEJ_20210315T053042
2025-08-19 07:53:28,260 - INFO - composites.py:283 -         S2B_MSIL2A_20210324T092029_R093_T34SEJ_20210324T204622
2025-08-19 07:53:28,260 - INFO - composites.py:283 -         S2A_MSIL2A_20210309T092031_R093_T34SEJ_20210309T220948
2025-08-19 07:53:28,260 - INFO - composites.py:283 -         S2B_MSIL2A_20210304T092029_R093_T34SFH_20210304T234652
2025-08-19 07:53:28,260 - INFO - composites.py:283 -         S2B_MSIL2A_20210324T092029_R093_T34SFH_20210324T204910
2025-08-19 07:53:28,260 - INFO - composites.py:283 -         S2A_MSIL2A_20210319T092031_R093_T34SFH_20210319T215858
2025-08-19 07:53:28,260 - INFO - composites.py:283 -         S2A_MSIL2A_20210329T092031_R093_T34SFH_20210330T051057
2025-08-19 07:53:28,260 - INFO - composites.py:283 -         S2A_MSIL2A_20210309T092031_R093_T34SFH_20210309T215606
2025-08-19 07:53:28,260 - INFO - composites.py:283 -         S2B_MSIL2A_20210304T092029_R093_T34SFJ_20210304T222557
2025-08-19 07:53:28,260 - INFO - composites.py:283 -         S2A_MSIL2A_20210329T092031_R093_T34SFJ_20210330T045509
2025-08-19 07:53:28,260 - INFO - composites.py:283 -         S2B_MSIL2A_20210314T092029_R093_T34SFJ_20210315T064621
2025-08-19 07:53:28,260 - INFO - composites.py:283 -         S2B_MSIL2A_20210324T092029_R093_T34SFJ_20210324T213003
2025-08-19 07:53:28,260 - INFO - composites.py:283 -         S2A_MSIL2A_20210319T092031_R093_T34SFJ_20210319T212920
2025-08-19 07:53:28,810 - INFO - sentinel2.py:154 - Matplotlib backend: Agg
2025-08-19 07:53:29,108 - INFO - sentinel2.py:224 - Write input scenes footprint overlay: //nas-rs.topo.auth.gr/Latomeia/DROUGHT/COMPOS/2021/03/x09_y12/S2L2A_medcomp_x09_y12_202103_InDataFootprint.jpeg
2025-08-19 07:53:29,408 - INFO - composites.py:297 -                                  
2025-08-19 07:53:29,408 - INFO - composites.py:298 - Downstream STAC items from Planetary Computer
2025-08-19 07:53:29,408 - INFO - timeseries_processing.py:114 -                                  
2025-08-19 07:53:29,408 - INFO - timeseries_processing.py:115 - Loading bands of diferent resolutions in EPSG:32634
2025-08-19 07:53:29,408 - INFO - timeseries_processing.py:119 -     Filtering items with native UTM EPSG:32634
2025-08-19 07:53:29,408 - INFO - timeseries_processing.py:121 -     21 Items in EPSG:32634
2025-08-19 07:53:29,408 - INFO - timeseries_processing.py:128 -                        
2025-08-19 07:53:29,408 - INFO - timeseries_processing.py:129 -     Loading parameters:
2025-08-19 07:53:29,408 - INFO - timeseries_processing.py:130 -         Bands: ['B05', 'B07', 'B8A', 'SCL']
2025-08-19 07:53:29,408 - INFO - timeseries_processing.py:131 -         Spatial resolution: 20
2025-08-19 07:53:29,408 - INFO - timeseries_processing.py:133 -         Get Assets from STAC Items
2025-08-19 07:53:29,408 - INFO - timeseries_processing.py:46 -         Initialize the STAC client
2025-08-19 07:53:29,947 - INFO - timeseries_processing.py:136 -         Loading 21 STAC Items....
2025-08-19 07:55:04,486 - INFO - timeseries_processing.py:158 -         Cube has been downloaded
2025-08-19 07:55:04,487 - INFO - timeseries_processing.py:167 -         Fix order of dimensions
2025-08-19 07:55:04,489 - INFO - timeseries_processing.py:172 -         Append bands to the band-list of EPSG:32634
2025-08-19 07:55:04,489 - INFO - timeseries_processing.py:128 -                        
2025-08-19 07:55:04,489 - INFO - timeseries_processing.py:129 -     Loading parameters:
2025-08-19 07:55:04,489 - INFO - timeseries_processing.py:130 -         Bands: ['B02', 'B03', 'B04']
2025-08-19 07:55:04,490 - INFO - timeseries_processing.py:131 -         Spatial resolution: 10
2025-08-19 07:55:04,490 - INFO - timeseries_processing.py:133 -         Get Assets from STAC Items
2025-08-19 07:55:04,491 - INFO - timeseries_processing.py:46 -         Initialize the STAC client
2025-08-19 07:55:05,150 - INFO - timeseries_processing.py:136 -         Loading 21 STAC Items....
2025-08-19 07:58:17,983 - INFO - timeseries_processing.py:158 -         Cube has been downloaded
2025-08-19 07:58:17,983 - INFO - timeseries_processing.py:161 -         Downsample 10m bands to 20m by average 2x2 binning
2025-08-19 07:58:26,976 - INFO - timeseries_processing.py:164 -         Warp (reproject) 2x2 binned bands to match shape of native 20m bands: method=bilinear
2025-08-19 07:58:34,810 - INFO - timeseries_processing.py:172 -         Append bands to the band-list of EPSG:32634
2025-08-19 07:58:34,810 - INFO - timeseries_processing.py:176 -                        
2025-08-19 07:58:34,810 - INFO - timeseries_processing.py:177 -     Merging bands in a single dataset
2025-08-19 07:58:34,810 - INFO - timeseries_processing.py:178 -     Ensure all partial datasets are at (x=20, y=-20) resolution
2025-08-19 07:58:34,811 - INFO - timeseries_processing.py:182 -     Clip to the intersection of indexes
2025-08-19 07:58:36,031 - INFO - timeseries_processing.py:191 -     Make a list of bands to merge
2025-08-19 07:58:36,032 - INFO - timeseries_processing.py:195 -     Merge on intersection
2025-08-19 07:58:36,034 - INFO - timeseries_processing.py:203 -     Apply masks on clouds, shadows, thin cirrus, and snow/ice
2025-08-19 07:58:36,034 - INFO - sentinel2.py:122 -                Masking bits: [3, 7, 8, 9, 10, 11]
2025-08-19 07:58:36,909 - INFO - timeseries_processing.py:209 -     Reproject to Tiling Schema projection EPSG:3035
2025-08-19 07:58:45,574 - INFO - composites.py:307 - Clip and align to tile geometry
2025-08-19 07:58:48,541 - INFO - composites.py:340 - Creating preview plot of input scenes
2025-08-19 07:59:19,952 - INFO - timeseries_processing.py:367 - Saved preview for 'B04' to //nas-rs.topo.auth.gr/Latomeia/DROUGHT/COMPOS/2021/03/x09_y12/S2L2A_medcomp_x09_y12_202103_InDataPreview.jpeg
2025-08-19 07:59:19,956 - INFO - composites.py:346 - Clip value range
2025-08-19 07:59:21,328 - INFO - composites.py:351 -                           
2025-08-19 07:59:21,329 - INFO - composites.py:352 - Computing spectral indices:
2025-08-19 07:59:21,329 - INFO - composites.py:355 -     EVI...
2025-08-19 07:59:22,161 - INFO - composites.py:357 -     NDVI...
2025-08-19 07:59:22,337 - INFO - composites.py:359 -     PSRI2...
2025-08-19 07:59:22,578 - INFO - composites.py:362 - Clip to typical value range
2025-08-19 07:59:22,877 - INFO - composites.py:369 - Reducing to median value temporal composite
2025-08-19 07:59:50,446 - INFO - composites.py:388 - Define data types and nodata per band
2025-08-19 07:59:50,585 - INFO - composites.py:409 - Assign time range and tile ID in metadata
2025-08-19 07:59:50,585 - INFO - composites.py:417 - Write bands to raster COG files
2025-08-19 07:59:55,368 - INFO - composites.py:430 - Write B02 -> //nas-rs.topo.auth.gr/Latomeia/DROUGHT/COMPOS/2021/03/x09_y12/S2L2A_medcomp_x09_y12_202103_B02.tif
2025-08-19 08:00:00,097 - INFO - composites.py:430 - Write B03 -> //nas-rs.topo.auth.gr/Latomeia/DROUGHT/COMPOS/2021/03/x09_y12/S2L2A_medcomp_x09_y12_202103_B03.tif
2025-08-19 08:00:05,241 - INFO - composites.py:430 - Write B04 -> //nas-rs.topo.auth.gr/Latomeia/DROUGHT/COMPOS/2021/03/x09_y12/S2L2A_medcomp_x09_y12_202103_B04.tif
2025-08-19 08:00:10,089 - INFO - composites.py:430 - Write B05 -> //nas-rs.topo.auth.gr/Latomeia/DROUGHT/COMPOS/2021/03/x09_y12/S2L2A_medcomp_x09_y12_202103_B05.tif
2025-08-19 08:00:15,358 - INFO - composites.py:430 - Write B07 -> //nas-rs.topo.auth.gr/Latomeia/DROUGHT/COMPOS/2021/03/x09_y12/S2L2A_medcomp_x09_y12_202103_B07.tif
2025-08-19 08:00:20,209 - INFO - composites.py:430 - Write B8A -> //nas-rs.topo.auth.gr/Latomeia/DROUGHT/COMPOS/2021/03/x09_y12/S2L2A_medcomp_x09_y12_202103_B8A.tif
2025-08-19 08:00:25,073 - INFO - composites.py:430 - Write EVI -> //nas-rs.topo.auth.gr/Latomeia/DROUGHT/COMPOS/2021/03/x09_y12/S2L2A_medcomp_x09_y12_202103_evi.tif
2025-08-19 08:00:30,001 - INFO - composites.py:430 - Write NDVI -> //nas-rs.topo.auth.gr/Latomeia/DROUGHT/COMPOS/2021/03/x09_y12/S2L2A_medcomp_x09_y12_202103_ndvi.tif
2025-08-19 08:00:34,719 - INFO - composites.py:430 - Write PSRI2 -> //nas-rs.topo.auth.gr/Latomeia/DROUGHT/COMPOS/2021/03/x09_y12/S2L2A_medcomp_x09_y12_202103_psri2.tif
2025-08-19 08:00:34,719 - INFO - composites.py:434 - Prepare metadata YAML document
2025-08-19 08:00:35,512 - INFO - composites.py:455 - Write metadata YAML document to disk
2025-08-19 08:00:35,548 - INFO - composites.py:460 - Create datacube.model.Dataset from eo3 metadata
2025-08-19 08:00:35,558 - INFO - composites.py:471 - Index to datacube
2025-08-19 08:00:35,558 - INFO - _datasets.py:191 - Indexing 8715e85f-2cdd-4d1c-9534-f20a86238efb
2025-08-19 08:00:35,567 - INFO - composites.py:474 - 
2025-08-19 08:00:35,567 - INFO - composites.py:475 -              ✔✔✔ COMPLETED: Tile x09_y12 | Time: 2021-03 | In 10.3 minutes
2025-08-19 08:00:35,567 - INFO - composites.py:476 - 
2025-08-19 08:00:35,567 - INFO - composites.py:484 - Closing Dask client
2025-08-19 08:00:35,575 - INFO - composites.py:488 - Closing Dask cluster
2025-08-19 08:00:35,575 - INFO - composites.py:489 - #######################################################################
