2025-08-25 22:45:09,477 - INFO - composites.py:102 - #######################################################################
2025-08-25 22:45:09,478 - INFO - composites.py:104 - Processing started
2025-08-25 22:45:09,478 - INFO - composites.py:105 -         Tile: x10_y11
2025-08-25 22:45:09,478 - INFO - composites.py:106 -         Time: 2020-02
2025-08-25 22:45:09,478 - INFO - composites.py:109 -                           
2025-08-25 22:45:09,478 - INFO - composites.py:110 - Establishing connection to datacube
2025-08-25 22:45:10,025 - INFO - composites.py:113 -                           
2025-08-25 22:45:10,027 - INFO - composites.py:114 - Sanity test: Check if dataset already exists in the datacube
2025-08-25 22:45:10,043 - INFO - composites.py:133 - The composite requested was not found and it will be computed
2025-08-25 22:45:10,043 - INFO - composites.py:136 -                                  
2025-08-25 22:45:10,043 - INFO - composites.py:137 - Initializing Dask cluster for parallelization
2025-08-25 22:45:15,220 - INFO - composites.py:161 - Dask dashboard is available at: http://127.0.0.1:8787/status
2025-08-25 22:45:15,220 - INFO - composites.py:164 - Create directories and naming conversions
2025-08-25 22:45:15,233 - INFO - composites.py:177 - Dataset location: //nas-rs.topo.auth.gr/Latomeia/DROUGHT/composites/x10/y11/2020/02/01
2025-08-25 22:45:15,233 - INFO - composites.py:180 -                           
2025-08-25 22:45:15,233 - INFO - composites.py:181 - Retrieve tile geometry
2025-08-25 22:45:15,261 - INFO - composites.py:192 - Create the Bounding Box (φ,λ)
2025-08-25 22:45:15,261 - INFO - composites.py:198 - Create the Bounding Box (x,y)
2025-08-25 22:45:15,262 - INFO - composites.py:211 -                           
2025-08-25 22:45:15,262 - INFO - composites.py:212 - Connect to Planetary Computer STAC Catalog
2025-08-25 22:45:15,496 - INFO - composites.py:220 - Search the STAC Catalog
2025-08-25 22:45:15,578 - INFO - composites.py:232 -         Query parameters:
2025-08-25 22:45:15,578 - INFO - composites.py:233 -             url:          https://planetarycomputer.microsoft.com/api/stac/v1/search
2025-08-25 22:45:15,578 - INFO - composites.py:234 -             client:       microsoft-pc
2025-08-25 22:45:15,579 - INFO - composites.py:235 -             collection:   sentinel-2-l2a
2025-08-25 22:45:15,579 - INFO - composites.py:236 -             bbox:         (22.551446150749733, 38.14853968883684, 23.225034627134395, 38.70012671670289)
2025-08-25 22:45:15,579 - INFO - composites.py:237 -             time range:   2020-02-01T00:00:00Z/2020-02-29T23:59:59Z
2025-08-25 22:45:15,579 - INFO - composites.py:238 -             cloud cover:  0% - 70%
2025-08-25 22:45:15,579 - INFO - composites.py:239 -             nodata cover: 0% - 33%
2025-08-25 22:45:15,579 - INFO - composites.py:241 -                           
2025-08-25 22:45:15,579 - INFO - composites.py:242 - Searching...
2025-08-25 22:45:15,956 - INFO - composites.py:245 - Query found 6 items
2025-08-25 22:45:15,956 - INFO - composites.py:247 - Searching for GRI REFINED scenes:
2025-08-25 22:45:19,597 - INFO - sentinel2.py:78 - 1/6 - S2B_MSIL2A_20200228T092029_R093_T34SFH_20200929T011219 -> Not Found
2025-08-25 22:45:23,126 - INFO - sentinel2.py:78 - 2/6 - S2A_MSIL2A_20200223T092021_R093_T34SFH_20200927T221902 -> Not Found
2025-08-25 22:45:26,078 - INFO - sentinel2.py:78 - 3/6 - S2B_MSIL2A_20200218T092029_R093_T34SFH_20200929T210041 -> Not Found
2025-08-25 22:45:30,355 - INFO - sentinel2.py:78 - 4/6 - S2A_MSIL2A_20200213T092101_R093_T34SFH_20201001T210838 -> Not Found
2025-08-25 22:45:33,125 - INFO - sentinel2.py:78 - 5/6 - S2B_MSIL2A_20200208T092039_R093_T34SFH_20201001T095506 -> Not Found
2025-08-25 22:45:37,282 - INFO - sentinel2.py:78 - 6/6 - S2A_MSIL2A_20200203T092201_R093_T34SFH_20200930T150116 -> Not Found
2025-08-25 22:45:37,313 - INFO - composites.py:250 -                                  
2025-08-25 22:45:37,313 - INFO - composites.py:251 - 0/6 were refined by GRI.
2025-08-25 22:45:37,313 - WARNING - composites.py:255 - Tile x10_y11 | Time: 2020-02: All scenes are flagged NOT REFINED.
2025-08-25 22:45:37,313 - WARNING - composites.py:256 - Tile x10_y11 | Time: 2020-02: The composite will be flagged with _NOREFINED.
2025-08-25 22:45:37,314 - INFO - composites.py:263 - Looking for up to 10 cleanest images within spatiotemporal range of each MGRS tile
2025-08-25 22:45:37,315 - INFO - composites.py:277 - Filtered cleanest scenes: Kept 6 out of 6 items. 
2025-08-25 22:45:37,315 - INFO - composites.py:278 -         Included MGRS Tiles: ['34SFH']
2025-08-25 22:45:37,315 - INFO - composites.py:279 -         Included EPSG codes: [32634]
2025-08-25 22:45:37,316 - INFO - composites.py:281 - Selected scenes:
2025-08-25 22:45:37,320 - INFO - composites.py:283 -         S2B_MSIL2A_20200218T092029_R093_T34SFH_20200929T210041
2025-08-25 22:45:37,321 - INFO - composites.py:283 -         S2A_MSIL2A_20200203T092201_R093_T34SFH_20200930T150116
2025-08-25 22:45:37,321 - INFO - composites.py:283 -         S2A_MSIL2A_20200213T092101_R093_T34SFH_20201001T210838
2025-08-25 22:45:37,321 - INFO - composites.py:283 -         S2A_MSIL2A_20200223T092021_R093_T34SFH_20200927T221902
2025-08-25 22:45:37,321 - INFO - composites.py:283 -         S2B_MSIL2A_20200208T092039_R093_T34SFH_20201001T095506
2025-08-25 22:45:37,321 - INFO - composites.py:283 -         S2B_MSIL2A_20200228T092029_R093_T34SFH_20200929T011219
2025-08-25 22:45:37,715 - INFO - sentinel2.py:154 - Matplotlib backend: Agg
2025-08-25 22:45:37,847 - INFO - sentinel2.py:224 - Write input scenes footprint overlay: //nas-rs.topo.auth.gr/Latomeia/DROUGHT/composites/x10/y11/2020/02/01/S2L2A_medcomp_x10y11_202002_InDataFootprint.jpeg
2025-08-25 22:45:38,097 - INFO - composites.py:297 -                                  
2025-08-25 22:45:38,097 - INFO - composites.py:298 - Downstream STAC items from Planetary Computer
2025-08-25 22:45:38,097 - INFO - timeseries_processing.py:115 -                                  
2025-08-25 22:45:38,097 - INFO - timeseries_processing.py:116 - Loading bands of diferent resolutions in EPSG:32634
2025-08-25 22:45:38,097 - INFO - timeseries_processing.py:120 -     Filtering items with native UTM EPSG:32634
2025-08-25 22:45:38,097 - INFO - timeseries_processing.py:122 -     6 Items in EPSG:32634
2025-08-25 22:45:38,097 - INFO - timeseries_processing.py:129 -                        
2025-08-25 22:45:38,097 - INFO - timeseries_processing.py:130 -     Loading parameters:
2025-08-25 22:45:38,097 - INFO - timeseries_processing.py:131 -         Bands: ['B05', 'B07', 'B8A', 'SCL']
2025-08-25 22:45:38,097 - INFO - timeseries_processing.py:132 -         Spatial resolution: 20
2025-08-25 22:45:38,097 - INFO - timeseries_processing.py:134 -         Get Assets from STAC Items
2025-08-25 22:45:38,097 - INFO - timeseries_processing.py:47 -         Initialize the STAC client
2025-08-25 22:45:38,599 - INFO - timeseries_processing.py:137 -         Loading 6 STAC Items....
2025-08-25 22:46:21,782 - INFO - timeseries_processing.py:146 -         Cube has been downloaded
2025-08-25 22:46:21,782 - INFO - timeseries_processing.py:156 -         Fix order of dimensions
2025-08-25 22:46:21,783 - INFO - timeseries_processing.py:161 -         Append bands to the band-list of EPSG:32634
2025-08-25 22:46:21,783 - INFO - timeseries_processing.py:129 -                        
2025-08-25 22:46:21,783 - INFO - timeseries_processing.py:130 -     Loading parameters:
2025-08-25 22:46:21,783 - INFO - timeseries_processing.py:131 -         Bands: ['B02', 'B03', 'B04']
2025-08-25 22:46:21,785 - INFO - timeseries_processing.py:132 -         Spatial resolution: 10
2025-08-25 22:46:21,785 - INFO - timeseries_processing.py:134 -         Get Assets from STAC Items
2025-08-25 22:46:21,785 - INFO - timeseries_processing.py:47 -         Initialize the STAC client
2025-08-25 22:46:22,296 - INFO - timeseries_processing.py:137 -         Loading 6 STAC Items....
2025-08-25 22:48:04,952 - INFO - timeseries_processing.py:146 -         Cube has been downloaded
2025-08-25 22:48:04,952 - INFO - timeseries_processing.py:149 -         Reproject to downsample 10m bands to 20m by Resampling.average 2x2 binning and shape matching with odc.geo.GeoBox
2025-08-25 22:48:14,200 - INFO - timeseries_processing.py:161 -         Append bands to the band-list of EPSG:32634
2025-08-25 22:48:14,200 - INFO - timeseries_processing.py:165 -                        
2025-08-25 22:48:14,200 - INFO - timeseries_processing.py:166 -     Merging bands in a single dataset
2025-08-25 22:48:14,200 - INFO - timeseries_processing.py:167 -     Ensure all partial datasets are at (x=20, y=-20) resolution
2025-08-25 22:48:14,202 - INFO - timeseries_processing.py:171 -     Clip to the intersection of indexes
2025-08-25 22:48:15,453 - INFO - timeseries_processing.py:180 -     Make a list of bands to merge
2025-08-25 22:48:15,454 - INFO - timeseries_processing.py:184 -     Merge on intersection
2025-08-25 22:48:15,455 - INFO - timeseries_processing.py:192 -     Apply masks on clouds, shadows, thin cirrus, and snow/ice
2025-08-25 22:48:15,455 - INFO - sentinel2.py:122 -                Masking bits: [3, 7, 8, 9, 10, 11]
2025-08-25 22:48:16,208 - INFO - composites.py:307 - Reproject from UTM Zone to Tile geometry -> CRS(EPSG:32634), Resampling.bilinear
2025-08-25 22:48:20,465 - INFO - composites.py:310 -     New shape of datasets: Shape2d(x=2400, y=2400)
2025-08-25 22:48:21,003 - INFO - composites.py:342 - Creating preview plot of input scenes
2025-08-25 22:48:46,907 - INFO - timeseries_processing.py:349 - Saved preview for 'B04' to //nas-rs.topo.auth.gr/Latomeia/DROUGHT/composites/x10/y11/2020/02/01/S2L2A_medcomp_x10y11_202002_InDataPreview.jpeg
2025-08-25 22:48:46,911 - INFO - composites.py:348 - Clip value range
2025-08-25 22:48:48,100 - INFO - composites.py:353 -                           
2025-08-25 22:48:48,100 - INFO - composites.py:354 - Computing spectral indices:
2025-08-25 22:48:48,100 - INFO - composites.py:357 -     EVI...
2025-08-25 22:48:48,868 - INFO - composites.py:359 -     NDVI...
2025-08-25 22:48:49,107 - INFO - composites.py:361 -     PSRI2...
2025-08-25 22:48:49,360 - INFO - composites.py:364 - Clip to typical value range
2025-08-25 22:48:49,599 - INFO - composites.py:371 - Reducing to median value temporal composite
2025-08-25 22:49:15,817 - INFO - composites.py:390 - Scale and Define data types & nodata per band
2025-08-25 22:49:15,942 - INFO - composites.py:411 - Assign time range and tile ID in metadata
2025-08-25 22:49:15,942 - INFO - composites.py:419 - Write bands to raster COG files
2025-08-25 22:49:20,254 - INFO - composites.py:432 - Write B02 -> //nas-rs.topo.auth.gr/Latomeia/DROUGHT/composites/x10/y11/2020/02/01/S2L2A_medcomp_x10y11_202002_B02.tif
2025-08-25 22:49:24,146 - INFO - composites.py:432 - Write B03 -> //nas-rs.topo.auth.gr/Latomeia/DROUGHT/composites/x10/y11/2020/02/01/S2L2A_medcomp_x10y11_202002_B03.tif
2025-08-25 22:49:28,071 - INFO - composites.py:432 - Write B04 -> //nas-rs.topo.auth.gr/Latomeia/DROUGHT/composites/x10/y11/2020/02/01/S2L2A_medcomp_x10y11_202002_B04.tif
2025-08-25 22:49:32,010 - INFO - composites.py:432 - Write B05 -> //nas-rs.topo.auth.gr/Latomeia/DROUGHT/composites/x10/y11/2020/02/01/S2L2A_medcomp_x10y11_202002_B05.tif
2025-08-25 22:49:36,411 - INFO - composites.py:432 - Write B07 -> //nas-rs.topo.auth.gr/Latomeia/DROUGHT/composites/x10/y11/2020/02/01/S2L2A_medcomp_x10y11_202002_B07.tif
2025-08-25 22:49:40,549 - INFO - composites.py:432 - Write B8A -> //nas-rs.topo.auth.gr/Latomeia/DROUGHT/composites/x10/y11/2020/02/01/S2L2A_medcomp_x10y11_202002_B8A.tif
2025-08-25 22:49:44,461 - INFO - composites.py:432 - Write EVI -> //nas-rs.topo.auth.gr/Latomeia/DROUGHT/composites/x10/y11/2020/02/01/S2L2A_medcomp_x10y11_202002_EVI.tif
2025-08-25 22:49:48,414 - INFO - composites.py:432 - Write NDVI -> //nas-rs.topo.auth.gr/Latomeia/DROUGHT/composites/x10/y11/2020/02/01/S2L2A_medcomp_x10y11_202002_NDVI.tif
2025-08-25 22:49:52,315 - INFO - composites.py:432 - Write PSRI2 -> //nas-rs.topo.auth.gr/Latomeia/DROUGHT/composites/x10/y11/2020/02/01/S2L2A_medcomp_x10y11_202002_PSRI2.tif
2025-08-25 22:49:52,315 - INFO - composites.py:436 - Prepare metadata YAML document
2025-08-25 22:49:52,811 - INFO - composites.py:458 - Write metadata YAML document to disk
2025-08-25 22:49:52,836 - INFO - composites.py:463 - Create datacube.model.Dataset from eo3 metadata
2025-08-25 22:49:52,846 - INFO - composites.py:474 - Index to datacube
2025-08-25 22:49:52,847 - INFO - _datasets.py:191 - Indexing d610a277-b851-4148-ba85-956247526313
2025-08-25 22:49:52,854 - INFO - composites.py:477 - 
2025-08-25 22:49:52,854 - INFO - composites.py:478 -              ✔✔✔ COMPLETED: Tile x10_y11 | Time: 2020-02 | In 4.72 minutes
2025-08-25 22:49:52,854 - INFO - composites.py:479 - 
2025-08-25 22:49:52,854 - INFO - composites.py:487 - Closing Dask client
2025-08-25 22:49:52,857 - INFO - composites.py:491 - Closing Dask cluster
2025-08-25 22:49:52,857 - INFO - composites.py:492 - #######################################################################
