2025-08-22 22:48:10,502 - INFO - composites.py:101 - #######################################################################
2025-08-22 22:48:10,502 - INFO - composites.py:103 - Processing started
2025-08-22 22:48:10,502 - INFO - composites.py:104 -         Tile: x09_y08
2025-08-22 22:48:10,502 - INFO - composites.py:105 -         Time: 2020-11
2025-08-22 22:48:10,502 - INFO - composites.py:108 -                           
2025-08-22 22:48:10,502 - INFO - composites.py:109 - Establishing connection to datacube
2025-08-22 22:48:11,014 - INFO - composites.py:112 -                           
2025-08-22 22:48:11,015 - INFO - composites.py:113 - Sanity test: Check if dataset already exists in the datacube
2025-08-22 22:48:11,032 - INFO - composites.py:132 - The composite requested was not found and it will be computed
2025-08-22 22:48:11,032 - INFO - composites.py:135 -                                  
2025-08-22 22:48:11,032 - INFO - composites.py:136 - Initializing Dask cluster for parallelization
2025-08-22 22:48:16,083 - INFO - composites.py:160 - Dask dashboard is available at: http://127.0.0.1:8787/status
2025-08-22 22:48:16,083 - INFO - composites.py:163 - Create directories and naming conversions
2025-08-22 22:48:16,089 - INFO - composites.py:174 - Dataset location: //nas-rs.topo.auth.gr/Latomeia/DROUGHT/COMPOS/2020/11/x09_y08
2025-08-22 22:48:16,089 - INFO - composites.py:177 -                           
2025-08-22 22:48:16,089 - INFO - composites.py:178 - Retrieve tile geometry
2025-08-22 22:48:16,117 - INFO - composites.py:189 - Create the Bounding Box (φ,λ)
2025-08-22 22:48:16,117 - INFO - composites.py:195 - Create the Bounding Box (x,y)
2025-08-22 22:48:16,117 - INFO - composites.py:208 -                           
2025-08-22 22:48:16,117 - INFO - composites.py:209 - Connect to Planetary Computer STAC Catalog
2025-08-22 22:48:16,365 - INFO - composites.py:217 - Search the STAC Catalog
2025-08-22 22:48:16,438 - INFO - composites.py:229 -         Query parameters:
2025-08-22 22:48:16,438 - INFO - composites.py:230 -             url:          https://planetarycomputer.microsoft.com/api/stac/v1/search
2025-08-22 22:48:16,438 - INFO - composites.py:231 -             client:       microsoft-pc
2025-08-22 22:48:16,438 - INFO - composites.py:232 -             collection:   sentinel-2-l2a
2025-08-22 22:48:16,438 - INFO - composites.py:233 -             bbox:         (21.78584004803282, 36.93347873319104, 22.44323109883715, 37.48202094723898)
2025-08-22 22:48:16,438 - INFO - composites.py:234 -             time range:   2020-11-01T00:00:00Z/2020-11-30T23:59:59Z
2025-08-22 22:48:16,438 - INFO - composites.py:235 -             cloud cover:  0% - 70%
2025-08-22 22:48:16,438 - INFO - composites.py:236 -             nodata cover: 0% - 33%
2025-08-22 22:48:16,438 - INFO - composites.py:238 -                           
2025-08-22 22:48:16,438 - INFO - composites.py:239 - Searching...
2025-08-22 22:48:16,946 - INFO - composites.py:242 - Query found 31 items
2025-08-22 22:48:16,947 - INFO - composites.py:244 - Searching for GRI REFINED scenes:
2025-08-22 22:48:23,015 - INFO - sentinel2.py:78 - 1/31 - S2A_MSIL2A_20201126T091321_R050_T34SFG_20201219T195813 -> Not Found
2025-08-22 22:48:30,012 - INFO - sentinel2.py:78 - 2/31 - S2A_MSIL2A_20201126T091321_R050_T34SFF_20201219T200211 -> Not Found
2025-08-22 22:48:36,183 - INFO - sentinel2.py:78 - 3/31 - S2B_MSIL2A_20201124T092319_R093_T34SFG_20201125T052914 -> Not Found
2025-08-22 22:48:42,359 - INFO - sentinel2.py:78 - 4/31 - S2B_MSIL2A_20201124T092319_R093_T34SFF_20201125T052334 -> Not Found
2025-08-22 22:48:49,057 - INFO - sentinel2.py:78 - 5/31 - S2B_MSIL2A_20201124T092319_R093_T34SEG_20210104T164807 -> Not Found
2025-08-22 22:48:55,570 - INFO - sentinel2.py:78 - 6/31 - S2B_MSIL2A_20201124T092319_R093_T34SEF_20201125T052703 -> Not Found
2025-08-22 22:49:01,067 - INFO - sentinel2.py:78 - 7/31 - S2B_MSIL2A_20201121T091259_R050_T34SFG_20201123T100944 -> Not Found
2025-08-22 22:49:07,196 - INFO - sentinel2.py:78 - 8/31 - S2B_MSIL2A_20201121T091259_R050_T34SFF_20201123T101014 -> Not Found
2025-08-22 22:49:14,400 - INFO - sentinel2.py:78 - 9/31 - S2A_MSIL2A_20201119T092301_R093_T34SFG_20201121T084124 -> Not Found
2025-08-22 22:49:20,458 - INFO - sentinel2.py:78 - 10/31 - S2A_MSIL2A_20201119T092301_R093_T34SFF_20201121T084109 -> Not Found
2025-08-22 22:49:26,830 - INFO - sentinel2.py:78 - 11/31 - S2A_MSIL2A_20201119T092301_R093_T34SEG_20201121T084305 -> Not Found
2025-08-22 22:49:32,883 - INFO - sentinel2.py:78 - 12/31 - S2A_MSIL2A_20201119T092301_R093_T34SEF_20201121T090232 -> Not Found
2025-08-22 22:49:39,567 - INFO - sentinel2.py:78 - 13/31 - S2A_MSIL2A_20201116T091241_R050_T34SFG_20201117T171547 -> Not Found
2025-08-22 22:49:46,220 - INFO - sentinel2.py:78 - 14/31 - S2A_MSIL2A_20201116T091241_R050_T34SFF_20201117T172131 -> Not Found
2025-08-22 22:49:51,715 - INFO - sentinel2.py:78 - 15/31 - S2B_MSIL2A_20201114T092239_R093_T34SFG_20201116T043400 -> Not Found
2025-08-22 22:49:57,932 - INFO - sentinel2.py:78 - 16/31 - S2B_MSIL2A_20201114T092239_R093_T34SFF_20201116T044200 -> Not Found
2025-08-22 22:50:04,551 - INFO - sentinel2.py:78 - 17/31 - S2B_MSIL2A_20201114T092239_R093_T34SEG_20201116T043622 -> Not Found
2025-08-22 22:50:11,420 - INFO - sentinel2.py:78 - 18/31 - S2B_MSIL2A_20201114T092239_R093_T34SEF_20201116T051646 -> Not Found
2025-08-22 22:50:17,583 - INFO - sentinel2.py:78 - 19/31 - S2B_MSIL2A_20201111T091219_R050_T34SFG_20201113T102904 -> Not Found
2025-08-22 22:50:24,171 - INFO - sentinel2.py:78 - 20/31 - S2B_MSIL2A_20201111T091219_R050_T34SFF_20201113T102955 -> Not Found
2025-08-22 22:50:30,878 - INFO - sentinel2.py:78 - 21/31 - S2A_MSIL2A_20201109T092221_R093_T34SFG_20201110T181945 -> Not Found
2025-08-22 22:50:36,941 - INFO - sentinel2.py:78 - 22/31 - S2A_MSIL2A_20201109T092221_R093_T34SFF_20201110T182431 -> Not Found
2025-08-22 22:50:42,495 - INFO - sentinel2.py:78 - 23/31 - S2A_MSIL2A_20201109T092221_R093_T34SEG_20201110T182306 -> Not Found
2025-08-22 22:50:48,786 - INFO - sentinel2.py:78 - 24/31 - S2A_MSIL2A_20201109T092221_R093_T34SEF_20201110T181733 -> Not Found
2025-08-22 22:50:54,507 - INFO - sentinel2.py:78 - 25/31 - S2A_MSIL2A_20201106T091201_R050_T34SFF_20201107T152736 -> Not Found
2025-08-22 22:51:02,258 - INFO - sentinel2.py:78 - 26/31 - S2B_MSIL2A_20201104T092149_R093_T34SFG_20201106T134710 -> Not Found
2025-08-22 22:51:08,686 - INFO - sentinel2.py:78 - 27/31 - S2B_MSIL2A_20201104T092149_R093_T34SFF_20201106T135537 -> Not Found
2025-08-22 22:51:14,919 - INFO - sentinel2.py:78 - 28/31 - S2B_MSIL2A_20201104T092149_R093_T34SEG_20201106T135439 -> Not Found
2025-08-22 22:51:22,369 - INFO - sentinel2.py:78 - 29/31 - S2B_MSIL2A_20201104T092149_R093_T34SEF_20201106T135457 -> Not Found
2025-08-22 22:51:28,159 - INFO - sentinel2.py:78 - 30/31 - S2B_MSIL2A_20201101T091129_R050_T34SFG_20201103T220028 -> Not Found
2025-08-22 22:51:34,404 - INFO - sentinel2.py:78 - 31/31 - S2B_MSIL2A_20201101T091129_R050_T34SFF_20201109T220013 -> Not Found
2025-08-22 22:51:34,448 - INFO - composites.py:247 -                                  
2025-08-22 22:51:34,448 - INFO - composites.py:248 - 0/31 were refined by GRI.
2025-08-22 22:51:34,448 - WARNING - composites.py:252 - Tile x09_y08 | Time: 2020-11: All scenes are flagged NOT REFINED.
2025-08-22 22:51:34,448 - WARNING - composites.py:253 - Tile x09_y08 | Time: 2020-11: The composite will be flagged with _NOREFINED.
2025-08-22 22:51:34,449 - INFO - composites.py:260 - Looking for up to 10 cleanest images within spatiotemporal range of each MGRS tile
2025-08-22 22:51:34,449 - INFO - composites.py:274 - Filtered cleanest scenes: Kept 30 out of 31 items. 
2025-08-22 22:51:34,450 - INFO - composites.py:275 -         Included MGRS Tiles: ['34SEF' '34SEG' '34SFF' '34SFG']
2025-08-22 22:51:34,459 - INFO - composites.py:276 -         Included EPSG codes: [32634]
2025-08-22 22:51:34,463 - INFO - composites.py:278 - Selected scenes:
2025-08-22 22:51:34,471 - INFO - composites.py:280 -         S2A_MSIL2A_20201119T092301_R093_T34SEF_20201121T090232
2025-08-22 22:51:34,471 - INFO - composites.py:280 -         S2B_MSIL2A_20201114T092239_R093_T34SEF_20201116T051646
2025-08-22 22:51:34,471 - INFO - composites.py:280 -         S2B_MSIL2A_20201104T092149_R093_T34SEF_20201106T135457
2025-08-22 22:51:34,471 - INFO - composites.py:280 -         S2A_MSIL2A_20201109T092221_R093_T34SEF_20201110T181733
2025-08-22 22:51:34,480 - INFO - composites.py:280 -         S2B_MSIL2A_20201124T092319_R093_T34SEF_20201125T052703
2025-08-22 22:51:34,480 - INFO - composites.py:280 -         S2B_MSIL2A_20201114T092239_R093_T34SEG_20201116T043622
2025-08-22 22:51:34,484 - INFO - composites.py:280 -         S2A_MSIL2A_20201109T092221_R093_T34SEG_20201110T182306
2025-08-22 22:51:34,484 - INFO - composites.py:280 -         S2B_MSIL2A_20201104T092149_R093_T34SEG_20201106T135439
2025-08-22 22:51:34,484 - INFO - composites.py:280 -         S2A_MSIL2A_20201119T092301_R093_T34SEG_20201121T084305
2025-08-22 22:51:34,484 - INFO - composites.py:280 -         S2B_MSIL2A_20201124T092319_R093_T34SEG_20210104T164807
2025-08-22 22:51:34,484 - INFO - composites.py:280 -         S2B_MSIL2A_20201101T091129_R050_T34SFF_20201109T220013
2025-08-22 22:51:34,484 - INFO - composites.py:280 -         S2A_MSIL2A_20201116T091241_R050_T34SFF_20201117T172131
2025-08-22 22:51:34,484 - INFO - composites.py:280 -         S2B_MSIL2A_20201104T092149_R093_T34SFF_20201106T135537
2025-08-22 22:51:34,484 - INFO - composites.py:280 -         S2B_MSIL2A_20201114T092239_R093_T34SFF_20201116T044200
2025-08-22 22:51:34,484 - INFO - composites.py:280 -         S2B_MSIL2A_20201111T091219_R050_T34SFF_20201113T102955
2025-08-22 22:51:34,484 - INFO - composites.py:280 -         S2B_MSIL2A_20201121T091259_R050_T34SFF_20201123T101014
2025-08-22 22:51:34,484 - INFO - composites.py:280 -         S2A_MSIL2A_20201119T092301_R093_T34SFF_20201121T084109
2025-08-22 22:51:34,484 - INFO - composites.py:280 -         S2A_MSIL2A_20201109T092221_R093_T34SFF_20201110T182431
2025-08-22 22:51:34,484 - INFO - composites.py:280 -         S2A_MSIL2A_20201126T091321_R050_T34SFF_20201219T200211
2025-08-22 22:51:34,484 - INFO - composites.py:280 -         S2A_MSIL2A_20201106T091201_R050_T34SFF_20201107T152736
2025-08-22 22:51:34,484 - INFO - composites.py:280 -         S2A_MSIL2A_20201126T091321_R050_T34SFG_20201219T195813
2025-08-22 22:51:34,484 - INFO - composites.py:280 -         S2B_MSIL2A_20201101T091129_R050_T34SFG_20201103T220028
2025-08-22 22:51:34,484 - INFO - composites.py:280 -         S2A_MSIL2A_20201116T091241_R050_T34SFG_20201117T171547
2025-08-22 22:51:34,484 - INFO - composites.py:280 -         S2B_MSIL2A_20201114T092239_R093_T34SFG_20201116T043400
2025-08-22 22:51:34,484 - INFO - composites.py:280 -         S2B_MSIL2A_20201104T092149_R093_T34SFG_20201106T134710
2025-08-22 22:51:34,484 - INFO - composites.py:280 -         S2A_MSIL2A_20201109T092221_R093_T34SFG_20201110T181945
2025-08-22 22:51:34,484 - INFO - composites.py:280 -         S2B_MSIL2A_20201124T092319_R093_T34SFG_20201125T052914
2025-08-22 22:51:34,484 - INFO - composites.py:280 -         S2B_MSIL2A_20201111T091219_R050_T34SFG_20201113T102904
2025-08-22 22:51:34,484 - INFO - composites.py:280 -         S2B_MSIL2A_20201121T091259_R050_T34SFG_20201123T100944
2025-08-22 22:51:34,484 - INFO - composites.py:280 -         S2A_MSIL2A_20201119T092301_R093_T34SFG_20201121T084124
2025-08-22 22:51:34,886 - INFO - sentinel2.py:154 - Matplotlib backend: Agg
2025-08-22 22:51:35,145 - INFO - sentinel2.py:224 - Write input scenes footprint overlay: //nas-rs.topo.auth.gr/Latomeia/DROUGHT/COMPOS/2020/11/x09_y08/S2L2A_medcomp_x09_y08_202011_InDataFootprint.jpeg
2025-08-22 22:51:35,383 - INFO - composites.py:294 -                                  
2025-08-22 22:51:35,383 - INFO - composites.py:295 - Downstream STAC items from Planetary Computer
2025-08-22 22:51:35,384 - INFO - timeseries_processing.py:115 -                                  
2025-08-22 22:51:35,384 - INFO - timeseries_processing.py:116 - Loading bands of diferent resolutions in EPSG:32634
2025-08-22 22:51:35,384 - INFO - timeseries_processing.py:120 -     Filtering items with native UTM EPSG:32634
2025-08-22 22:51:35,384 - INFO - timeseries_processing.py:122 -     30 Items in EPSG:32634
2025-08-22 22:51:35,384 - INFO - timeseries_processing.py:129 -                        
2025-08-22 22:51:35,384 - INFO - timeseries_processing.py:130 -     Loading parameters:
2025-08-22 22:51:35,384 - INFO - timeseries_processing.py:131 -         Bands: ['B05', 'B07', 'B8A', 'SCL']
2025-08-22 22:51:35,384 - INFO - timeseries_processing.py:132 -         Spatial resolution: 20
2025-08-22 22:51:35,384 - INFO - timeseries_processing.py:134 -         Get Assets from STAC Items
2025-08-22 22:51:35,384 - INFO - timeseries_processing.py:47 -         Initialize the STAC client
2025-08-22 22:51:36,051 - INFO - timeseries_processing.py:137 -         Loading 30 STAC Items....
2025-08-22 22:52:51,713 - INFO - timeseries_processing.py:146 -         Cube has been downloaded
2025-08-22 22:52:51,713 - INFO - timeseries_processing.py:156 -         Fix order of dimensions
2025-08-22 22:52:51,714 - INFO - timeseries_processing.py:161 -         Append bands to the band-list of EPSG:32634
2025-08-22 22:52:51,715 - INFO - timeseries_processing.py:129 -                        
2025-08-22 22:52:51,716 - INFO - timeseries_processing.py:130 -     Loading parameters:
2025-08-22 22:52:51,716 - INFO - timeseries_processing.py:131 -         Bands: ['B02', 'B03', 'B04']
2025-08-22 22:52:51,716 - INFO - timeseries_processing.py:132 -         Spatial resolution: 10
2025-08-22 22:52:51,716 - INFO - timeseries_processing.py:134 -         Get Assets from STAC Items
2025-08-22 22:52:51,716 - INFO - timeseries_processing.py:47 -         Initialize the STAC client
2025-08-22 22:52:52,391 - INFO - timeseries_processing.py:137 -         Loading 30 STAC Items....
2025-08-22 22:56:49,280 - INFO - timeseries_processing.py:146 -         Cube has been downloaded
2025-08-22 22:56:49,280 - INFO - timeseries_processing.py:149 -         Reproject to downsample 10m bands to 20m by Resampling.average 2x2 binning and shape matching with odc.geo.GeoBox
2025-08-22 22:57:03,807 - INFO - timeseries_processing.py:161 -         Append bands to the band-list of EPSG:32634
2025-08-22 22:57:03,807 - INFO - timeseries_processing.py:165 -                        
2025-08-22 22:57:03,807 - INFO - timeseries_processing.py:166 -     Merging bands in a single dataset
2025-08-22 22:57:03,807 - INFO - timeseries_processing.py:167 -     Ensure all partial datasets are at (x=20, y=-20) resolution
2025-08-22 22:57:03,807 - INFO - timeseries_processing.py:171 -     Clip to the intersection of indexes
2025-08-22 22:57:05,126 - INFO - timeseries_processing.py:180 -     Make a list of bands to merge
2025-08-22 22:57:05,128 - INFO - timeseries_processing.py:184 -     Merge on intersection
2025-08-22 22:57:05,129 - INFO - timeseries_processing.py:192 -     Apply masks on clouds, shadows, thin cirrus, and snow/ice
2025-08-22 22:57:05,129 - INFO - sentinel2.py:122 -                Masking bits: [3, 7, 8, 9, 10, 11]
2025-08-22 22:57:06,370 - INFO - composites.py:304 - Reproject from UTM Zone to Tile geometry -> CRS(EPSG:32634), Resampling.bilinear
2025-08-22 22:57:13,593 - INFO - composites.py:307 -     New shape of datasets: Shape2d(x=2400, y=2400)
2025-08-22 22:57:14,242 - INFO - composites.py:339 - Creating preview plot of input scenes
2025-08-22 22:57:48,189 - INFO - timeseries_processing.py:349 - Saved preview for 'B04' to //nas-rs.topo.auth.gr/Latomeia/DROUGHT/COMPOS/2020/11/x09_y08/S2L2A_medcomp_x09_y08_202011_InDataPreview.jpeg
2025-08-22 22:57:48,197 - INFO - composites.py:345 - Clip value range
2025-08-22 22:57:50,286 - INFO - composites.py:350 -                           
2025-08-22 22:57:50,286 - INFO - composites.py:351 - Computing spectral indices:
2025-08-22 22:57:50,286 - INFO - composites.py:354 -     EVI...
2025-08-22 22:57:51,704 - INFO - composites.py:356 -     NDVI...
2025-08-22 22:57:52,012 - INFO - composites.py:358 -     PSRI2...
2025-08-22 22:57:52,510 - INFO - composites.py:361 - Clip to typical value range
2025-08-22 22:57:52,934 - INFO - composites.py:368 - Reducing to median value temporal composite
2025-08-22 22:58:18,398 - INFO - composites.py:387 - Define data types and nodata per band
2025-08-22 22:58:18,563 - INFO - composites.py:408 - Assign time range and tile ID in metadata
2025-08-22 22:58:18,563 - INFO - composites.py:416 - Write bands to raster COG files
2025-08-22 22:58:22,551 - INFO - composites.py:429 - Write B02 -> //nas-rs.topo.auth.gr/Latomeia/DROUGHT/COMPOS/2020/11/x09_y08/S2L2A_medcomp_x09_y08_202011_B02.tif
2025-08-22 22:58:26,319 - INFO - composites.py:429 - Write B03 -> //nas-rs.topo.auth.gr/Latomeia/DROUGHT/COMPOS/2020/11/x09_y08/S2L2A_medcomp_x09_y08_202011_B03.tif
2025-08-22 22:58:30,105 - INFO - composites.py:429 - Write B04 -> //nas-rs.topo.auth.gr/Latomeia/DROUGHT/COMPOS/2020/11/x09_y08/S2L2A_medcomp_x09_y08_202011_B04.tif
2025-08-22 22:58:33,866 - INFO - composites.py:429 - Write B05 -> //nas-rs.topo.auth.gr/Latomeia/DROUGHT/COMPOS/2020/11/x09_y08/S2L2A_medcomp_x09_y08_202011_B05.tif
2025-08-22 22:58:37,649 - INFO - composites.py:429 - Write B07 -> //nas-rs.topo.auth.gr/Latomeia/DROUGHT/COMPOS/2020/11/x09_y08/S2L2A_medcomp_x09_y08_202011_B07.tif
2025-08-22 22:58:41,412 - INFO - composites.py:429 - Write B8A -> //nas-rs.topo.auth.gr/Latomeia/DROUGHT/COMPOS/2020/11/x09_y08/S2L2A_medcomp_x09_y08_202011_B8A.tif
2025-08-22 22:58:45,164 - INFO - composites.py:429 - Write EVI -> //nas-rs.topo.auth.gr/Latomeia/DROUGHT/COMPOS/2020/11/x09_y08/S2L2A_medcomp_x09_y08_202011_evi.tif
2025-08-22 22:58:48,865 - INFO - composites.py:429 - Write NDVI -> //nas-rs.topo.auth.gr/Latomeia/DROUGHT/COMPOS/2020/11/x09_y08/S2L2A_medcomp_x09_y08_202011_ndvi.tif
2025-08-22 22:58:52,631 - INFO - composites.py:429 - Write PSRI2 -> //nas-rs.topo.auth.gr/Latomeia/DROUGHT/COMPOS/2020/11/x09_y08/S2L2A_medcomp_x09_y08_202011_psri2.tif
2025-08-22 22:58:52,631 - INFO - composites.py:433 - Prepare metadata YAML document
2025-08-22 22:58:53,328 - INFO - composites.py:454 - Write metadata YAML document to disk
2025-08-22 22:58:53,352 - INFO - composites.py:459 - Create datacube.model.Dataset from eo3 metadata
2025-08-22 22:58:53,364 - INFO - composites.py:470 - Index to datacube
2025-08-22 22:58:53,364 - INFO - _datasets.py:191 - Indexing 5edbdc76-0b02-4070-9c54-bbafce386bcb
2025-08-22 22:58:53,374 - INFO - composites.py:473 - 
2025-08-22 22:58:53,374 - INFO - composites.py:474 -              ✔✔✔ COMPLETED: Tile x09_y08 | Time: 2020-11 | In 10.71 minutes
2025-08-22 22:58:53,374 - INFO - composites.py:475 - 
2025-08-22 22:58:53,374 - INFO - composites.py:483 - Closing Dask client
2025-08-22 22:58:53,380 - INFO - composites.py:487 - Closing Dask cluster
2025-08-22 22:58:53,380 - INFO - composites.py:488 - #######################################################################
