2025-08-21 18:25:01,073 - INFO - composites.py:101 - #######################################################################
2025-08-21 18:25:01,074 - INFO - composites.py:103 - Processing started
2025-08-21 18:25:01,074 - INFO - composites.py:104 -         Tile: x12_y12
2025-08-21 18:25:01,074 - INFO - composites.py:105 -         Time: 2020-01
2025-08-21 18:25:01,074 - INFO - composites.py:108 -                           
2025-08-21 18:25:01,074 - INFO - composites.py:109 - Establishing connection to datacube
2025-08-21 18:25:01,770 - INFO - composites.py:112 -                           
2025-08-21 18:25:01,770 - INFO - composites.py:113 - Sanity test: Check if dataset already exists in the datacube
2025-08-21 18:25:01,791 - INFO - composites.py:132 - The composite requested was not found and it will be computed
2025-08-21 18:25:01,791 - INFO - composites.py:135 -                                  
2025-08-21 18:25:01,791 - INFO - composites.py:136 - Initializing Dask cluster for parallelization
2025-08-21 18:25:07,163 - INFO - composites.py:160 - Dask dashboard is available at: http://127.0.0.1:8787/status
2025-08-21 18:25:07,163 - INFO - composites.py:163 - Create directories and naming conversions
2025-08-21 18:25:07,169 - INFO - composites.py:174 - Dataset location: //nas-rs.topo.auth.gr/Latomeia/DROUGHT/COMPOS/2020/01/x12_y12
2025-08-21 18:25:07,169 - INFO - composites.py:177 -                           
2025-08-21 18:25:07,169 - INFO - composites.py:178 - Retrieve tile geometry
2025-08-21 18:25:07,201 - INFO - composites.py:189 - Create the Bounding Box (φ,λ)
2025-08-21 18:25:07,201 - INFO - composites.py:195 - Create the Bounding Box (x,y)
2025-08-21 18:25:07,201 - INFO - composites.py:208 -                           
2025-08-21 18:25:07,201 - INFO - composites.py:209 - Connect to Planetary Computer STAC Catalog
2025-08-21 18:25:07,455 - INFO - composites.py:217 - Search the STAC Catalog
2025-08-21 18:25:07,524 - INFO - composites.py:229 -         Query parameters:
2025-08-21 18:25:07,524 - INFO - composites.py:230 -             url:          https://planetarycomputer.microsoft.com/api/stac/v1/search
2025-08-21 18:25:07,525 - INFO - composites.py:231 -             client:       microsoft-pc
2025-08-21 18:25:07,525 - INFO - composites.py:232 -             collection:   sentinel-2-l2a
2025-08-21 18:25:07,525 - INFO - composites.py:233 -             bbox:         (23.716312541714892, 38.42057868621947, 24.399215341225577, 38.9773418780241)
2025-08-21 18:25:07,525 - INFO - composites.py:234 -             time range:   2020-01-01T00:00:00Z/2020-01-31T23:59:59Z
2025-08-21 18:25:07,525 - INFO - composites.py:235 -             cloud cover:  0% - 70%
2025-08-21 18:25:07,525 - INFO - composites.py:236 -             nodata cover: 0% - 33%
2025-08-21 18:25:07,525 - INFO - composites.py:238 -                           
2025-08-21 18:25:07,525 - INFO - composites.py:239 - Searching...
2025-08-21 18:25:07,965 - INFO - composites.py:242 - Query found 16 items
2025-08-21 18:25:07,965 - INFO - composites.py:244 - Searching for GRI REFINED scenes:
2025-08-21 18:25:12,331 - INFO - sentinel2.py:78 - 1/16 - S2A_MSIL2A_20200131T091231_R050_T35SKD_20201002T161015 -> Not Found
2025-08-21 18:25:17,710 - INFO - sentinel2.py:78 - 2/16 - S2A_MSIL2A_20200131T091231_R050_T35SKC_20201002T161015 -> Not Found
2025-08-21 18:25:23,150 - INFO - sentinel2.py:78 - 3/16 - S2A_MSIL2A_20200131T091231_R050_T34SGJ_20201002T161005 -> Not Found
2025-08-21 18:25:28,025 - INFO - sentinel2.py:78 - 4/16 - S2A_MSIL2A_20200131T091231_R050_T34SGH_20201002T161010 -> Not Found
2025-08-21 18:25:32,744 - INFO - sentinel2.py:78 - 5/16 - S2B_MSIL2A_20200126T091139_R050_T35SKD_20201002T114901 -> Not Found
2025-08-21 18:25:41,430 - INFO - sentinel2.py:78 - 6/16 - S2B_MSIL2A_20200126T091139_R050_T34SGJ_20201002T114858 -> Not Found
2025-08-21 18:25:46,288 - INFO - sentinel2.py:78 - 7/16 - S2A_MSIL2A_20200121T091301_R050_T35SKD_20201002T031715 -> Not Found
2025-08-21 18:25:52,133 - INFO - sentinel2.py:78 - 8/16 - S2A_MSIL2A_20200121T091301_R050_T35SKC_20201002T031715 -> Not Found
2025-08-21 18:25:56,584 - INFO - sentinel2.py:78 - 9/16 - S2A_MSIL2A_20200121T091301_R050_T34SGJ_20201002T031706 -> Not Found
2025-08-21 18:26:01,148 - INFO - sentinel2.py:78 - 10/16 - S2A_MSIL2A_20200121T091301_R050_T34SGH_20201002T031705 -> Not Found
2025-08-21 18:26:05,707 - INFO - sentinel2.py:78 - 11/16 - S2B_MSIL2A_20200116T091229_R050_T35SKD_20201002T193233 -> Not Found
2025-08-21 18:26:10,167 - INFO - sentinel2.py:78 - 12/16 - S2B_MSIL2A_20200116T091229_R050_T34SGJ_20201002T193230 -> Not Found
2025-08-21 18:26:15,838 - INFO - sentinel2.py:78 - 13/16 - S2A_MSIL2A_20200111T091341_R050_T35SKD_20201002T165609 -> Not Found
2025-08-21 18:26:21,101 - INFO - sentinel2.py:78 - 14/16 - S2A_MSIL2A_20200111T091341_R050_T35SKC_20201002T165610 -> Not Found
2025-08-21 18:26:26,192 - INFO - sentinel2.py:78 - 15/16 - S2A_MSIL2A_20200111T091341_R050_T34SGJ_20201002T165602 -> Not Found
2025-08-21 18:26:31,762 - INFO - sentinel2.py:78 - 16/16 - S2A_MSIL2A_20200111T091341_R050_T34SGH_20201002T165605 -> Not Found
2025-08-21 18:26:31,813 - INFO - composites.py:247 -                                  
2025-08-21 18:26:31,814 - INFO - composites.py:248 - 0/16 were refined by GRI.
2025-08-21 18:26:31,832 - WARNING - composites.py:252 - Tile x12_y12 | Time: 2020-01: All scenes are flagged NOT REFINED.
2025-08-21 18:26:31,832 - WARNING - composites.py:253 - Tile x12_y12 | Time: 2020-01: The composite will be flagged with _NOREFINED.
2025-08-21 18:26:31,832 - INFO - composites.py:260 - Looking for up to 10 cleanest images within spatiotemporal range of each MGRS tile
2025-08-21 18:26:31,844 - INFO - composites.py:274 - Filtered cleanest scenes: Kept 16 out of 16 items. 
2025-08-21 18:26:31,844 - INFO - composites.py:275 -         Included MGRS Tiles: ['34SGH' '34SGJ' '35SKC' '35SKD']
2025-08-21 18:26:31,844 - INFO - composites.py:276 -         Included EPSG codes: [32634 32635]
2025-08-21 18:26:31,844 - INFO - composites.py:278 - Selected scenes:
2025-08-21 18:26:31,844 - INFO - composites.py:280 -         S2A_MSIL2A_20200131T091231_R050_T34SGH_20201002T161010
2025-08-21 18:26:31,844 - INFO - composites.py:280 -         S2A_MSIL2A_20200111T091341_R050_T34SGH_20201002T165605
2025-08-21 18:26:31,844 - INFO - composites.py:280 -         S2A_MSIL2A_20200121T091301_R050_T34SGH_20201002T031705
2025-08-21 18:26:31,844 - INFO - composites.py:280 -         S2A_MSIL2A_20200131T091231_R050_T34SGJ_20201002T161005
2025-08-21 18:26:31,844 - INFO - composites.py:280 -         S2A_MSIL2A_20200111T091341_R050_T34SGJ_20201002T165602
2025-08-21 18:26:31,845 - INFO - composites.py:280 -         S2B_MSIL2A_20200126T091139_R050_T34SGJ_20201002T114858
2025-08-21 18:26:31,845 - INFO - composites.py:280 -         S2B_MSIL2A_20200116T091229_R050_T34SGJ_20201002T193230
2025-08-21 18:26:31,845 - INFO - composites.py:280 -         S2A_MSIL2A_20200121T091301_R050_T34SGJ_20201002T031706
2025-08-21 18:26:31,845 - INFO - composites.py:280 -         S2A_MSIL2A_20200131T091231_R050_T35SKC_20201002T161015
2025-08-21 18:26:31,845 - INFO - composites.py:280 -         S2A_MSIL2A_20200111T091341_R050_T35SKC_20201002T165610
2025-08-21 18:26:31,845 - INFO - composites.py:280 -         S2A_MSIL2A_20200121T091301_R050_T35SKC_20201002T031715
2025-08-21 18:26:31,845 - INFO - composites.py:280 -         S2A_MSIL2A_20200131T091231_R050_T35SKD_20201002T161015
2025-08-21 18:26:31,845 - INFO - composites.py:280 -         S2A_MSIL2A_20200111T091341_R050_T35SKD_20201002T165609
2025-08-21 18:26:31,845 - INFO - composites.py:280 -         S2B_MSIL2A_20200126T091139_R050_T35SKD_20201002T114901
2025-08-21 18:26:31,846 - INFO - composites.py:280 -         S2B_MSIL2A_20200116T091229_R050_T35SKD_20201002T193233
2025-08-21 18:26:31,846 - INFO - composites.py:280 -         S2A_MSIL2A_20200121T091301_R050_T35SKD_20201002T031715
2025-08-21 18:26:32,426 - INFO - sentinel2.py:154 - Matplotlib backend: Agg
2025-08-21 18:26:32,957 - INFO - sentinel2.py:224 - Write input scenes footprint overlay: //nas-rs.topo.auth.gr/Latomeia/DROUGHT/COMPOS/2020/01/x12_y12/S2L2A_medcomp_x12_y12_202001_InDataFootprint.jpeg
2025-08-21 18:26:33,355 - INFO - composites.py:294 -                                  
2025-08-21 18:26:33,355 - INFO - composites.py:295 - Downstream STAC items from Planetary Computer
2025-08-21 18:26:33,355 - INFO - timeseries_processing.py:115 -                                  
2025-08-21 18:26:33,355 - INFO - timeseries_processing.py:116 - Loading bands of diferent resolutions in EPSG:32634
2025-08-21 18:26:33,356 - INFO - timeseries_processing.py:120 -     Filtering items with native UTM EPSG:32634
2025-08-21 18:26:33,356 - INFO - timeseries_processing.py:122 -     8 Items in EPSG:32634
2025-08-21 18:26:33,356 - INFO - timeseries_processing.py:129 -                        
2025-08-21 18:26:33,356 - INFO - timeseries_processing.py:130 -     Loading parameters:
2025-08-21 18:26:33,356 - INFO - timeseries_processing.py:131 -         Bands: ['B05', 'B07', 'B8A', 'SCL']
2025-08-21 18:26:33,356 - INFO - timeseries_processing.py:132 -         Spatial resolution: 20
2025-08-21 18:26:33,356 - INFO - timeseries_processing.py:134 -         Get Assets from STAC Items
2025-08-21 18:26:33,356 - INFO - timeseries_processing.py:47 -         Initialize the STAC client
2025-08-21 18:26:33,908 - INFO - timeseries_processing.py:137 -         Loading 8 STAC Items....
2025-08-21 18:27:20,787 - INFO - timeseries_processing.py:146 -         Cube has been downloaded
2025-08-21 18:27:20,787 - INFO - timeseries_processing.py:156 -         Fix order of dimensions
2025-08-21 18:27:20,789 - INFO - timeseries_processing.py:161 -         Append bands to the band-list of EPSG:32634
2025-08-21 18:27:20,790 - INFO - timeseries_processing.py:129 -                        
2025-08-21 18:27:20,790 - INFO - timeseries_processing.py:130 -     Loading parameters:
2025-08-21 18:27:20,790 - INFO - timeseries_processing.py:131 -         Bands: ['B02', 'B03', 'B04']
2025-08-21 18:27:20,790 - INFO - timeseries_processing.py:132 -         Spatial resolution: 10
2025-08-21 18:27:20,790 - INFO - timeseries_processing.py:134 -         Get Assets from STAC Items
2025-08-21 18:27:20,790 - INFO - timeseries_processing.py:47 -         Initialize the STAC client
2025-08-21 18:27:21,305 - INFO - timeseries_processing.py:137 -         Loading 8 STAC Items....
2025-08-21 18:29:01,599 - INFO - timeseries_processing.py:146 -         Cube has been downloaded
2025-08-21 18:29:01,605 - INFO - timeseries_processing.py:149 -         Reproject to downsample 10m bands to 20m by Resampling.average 2x2 binning and shape matching with odc.geo.GeoBox
2025-08-21 18:29:09,774 - INFO - timeseries_processing.py:161 -         Append bands to the band-list of EPSG:32634
2025-08-21 18:29:09,774 - INFO - timeseries_processing.py:165 -                        
2025-08-21 18:29:09,774 - INFO - timeseries_processing.py:166 -     Merging bands in a single dataset
2025-08-21 18:29:09,774 - INFO - timeseries_processing.py:167 -     Ensure all partial datasets are at (x=20, y=-20) resolution
2025-08-21 18:29:09,774 - INFO - timeseries_processing.py:171 -     Clip to the intersection of indexes
2025-08-21 18:29:11,113 - INFO - timeseries_processing.py:180 -     Make a list of bands to merge
2025-08-21 18:29:11,114 - INFO - timeseries_processing.py:184 -     Merge on intersection
2025-08-21 18:29:11,115 - INFO - timeseries_processing.py:192 -     Apply masks on clouds, shadows, thin cirrus, and snow/ice
2025-08-21 18:29:11,115 - INFO - sentinel2.py:122 -                Masking bits: [3, 7, 8, 9, 10, 11]
2025-08-21 18:29:11,842 - INFO - timeseries_processing.py:115 -                                  
2025-08-21 18:29:11,842 - INFO - timeseries_processing.py:116 - Loading bands of diferent resolutions in EPSG:32635
2025-08-21 18:29:11,842 - INFO - timeseries_processing.py:120 -     Filtering items with native UTM EPSG:32635
2025-08-21 18:29:11,844 - INFO - timeseries_processing.py:122 -     8 Items in EPSG:32635
2025-08-21 18:29:11,844 - INFO - timeseries_processing.py:129 -                        
2025-08-21 18:29:11,844 - INFO - timeseries_processing.py:130 -     Loading parameters:
2025-08-21 18:29:11,844 - INFO - timeseries_processing.py:131 -         Bands: ['B05', 'B07', 'B8A', 'SCL']
2025-08-21 18:29:11,844 - INFO - timeseries_processing.py:132 -         Spatial resolution: 20
2025-08-21 18:29:11,844 - INFO - timeseries_processing.py:134 -         Get Assets from STAC Items
2025-08-21 18:29:11,844 - INFO - timeseries_processing.py:47 -         Initialize the STAC client
2025-08-21 18:29:12,358 - INFO - timeseries_processing.py:137 -         Loading 8 STAC Items....
2025-08-21 18:29:53,224 - INFO - timeseries_processing.py:146 -         Cube has been downloaded
2025-08-21 18:29:53,224 - INFO - timeseries_processing.py:156 -         Fix order of dimensions
2025-08-21 18:29:53,226 - INFO - timeseries_processing.py:161 -         Append bands to the band-list of EPSG:32635
2025-08-21 18:29:53,226 - INFO - timeseries_processing.py:129 -                        
2025-08-21 18:29:53,226 - INFO - timeseries_processing.py:130 -     Loading parameters:
2025-08-21 18:29:53,226 - INFO - timeseries_processing.py:131 -         Bands: ['B02', 'B03', 'B04']
2025-08-21 18:29:53,226 - INFO - timeseries_processing.py:132 -         Spatial resolution: 10
2025-08-21 18:29:53,229 - INFO - timeseries_processing.py:134 -         Get Assets from STAC Items
2025-08-21 18:29:53,230 - INFO - timeseries_processing.py:47 -         Initialize the STAC client
2025-08-21 18:29:53,735 - INFO - timeseries_processing.py:137 -         Loading 8 STAC Items....
2025-08-21 18:31:26,869 - INFO - timeseries_processing.py:146 -         Cube has been downloaded
2025-08-21 18:31:26,871 - INFO - timeseries_processing.py:149 -         Reproject to downsample 10m bands to 20m by Resampling.average 2x2 binning and shape matching with odc.geo.GeoBox
2025-08-21 18:31:34,650 - INFO - timeseries_processing.py:161 -         Append bands to the band-list of EPSG:32635
2025-08-21 18:31:34,650 - INFO - timeseries_processing.py:165 -                        
2025-08-21 18:31:34,650 - INFO - timeseries_processing.py:166 -     Merging bands in a single dataset
2025-08-21 18:31:34,650 - INFO - timeseries_processing.py:167 -     Ensure all partial datasets are at (x=20, y=-20) resolution
2025-08-21 18:31:34,650 - INFO - timeseries_processing.py:171 -     Clip to the intersection of indexes
2025-08-21 18:31:34,652 - INFO - timeseries_processing.py:180 -     Make a list of bands to merge
2025-08-21 18:31:34,674 - INFO - timeseries_processing.py:184 -     Merge on intersection
2025-08-21 18:31:34,676 - INFO - timeseries_processing.py:192 -     Apply masks on clouds, shadows, thin cirrus, and snow/ice
2025-08-21 18:31:34,676 - INFO - sentinel2.py:122 -                Masking bits: [3, 7, 8, 9, 10, 11]
2025-08-21 18:31:35,380 - INFO - composites.py:304 - Reproject from UTM Zone to Tile geometry -> CRS(EPSG:32635), Resampling.bilinear
2025-08-21 18:31:42,401 - INFO - composites.py:307 -     New shape of datasets: Shape2d(x=2400, y=2400)
2025-08-21 18:31:42,676 - INFO - composites.py:312 -                           
2025-08-21 18:31:42,676 - INFO - composites.py:313 - Mosaic datasets to a single dataset
2025-08-21 18:31:46,883 - INFO - composites.py:339 - Creating preview plot of input scenes
2025-08-21 18:32:10,703 - INFO - timeseries_processing.py:349 - Saved preview for 'B04' to //nas-rs.topo.auth.gr/Latomeia/DROUGHT/COMPOS/2020/01/x12_y12/S2L2A_medcomp_x12_y12_202001_InDataPreview.jpeg
2025-08-21 18:32:10,705 - INFO - composites.py:345 - Clip value range
2025-08-21 18:32:11,700 - INFO - composites.py:350 -                           
2025-08-21 18:32:11,700 - INFO - composites.py:351 - Computing spectral indices:
2025-08-21 18:32:11,704 - INFO - composites.py:354 -     EVI...
2025-08-21 18:32:12,394 - INFO - composites.py:356 -     NDVI...
2025-08-21 18:32:12,527 - INFO - composites.py:358 -     PSRI2...
2025-08-21 18:32:12,722 - INFO - composites.py:361 - Clip to typical value range
2025-08-21 18:32:12,998 - INFO - composites.py:368 - Reducing to median value temporal composite
2025-08-21 18:32:39,822 - INFO - composites.py:387 - Define data types and nodata per band
2025-08-21 18:32:39,959 - INFO - composites.py:408 - Assign time range and tile ID in metadata
2025-08-21 18:32:39,959 - INFO - composites.py:416 - Write bands to raster COG files
2025-08-21 18:32:43,998 - INFO - composites.py:429 - Write B02 -> //nas-rs.topo.auth.gr/Latomeia/DROUGHT/COMPOS/2020/01/x12_y12/S2L2A_medcomp_x12_y12_202001_B02.tif
2025-08-21 18:32:48,123 - INFO - composites.py:429 - Write B03 -> //nas-rs.topo.auth.gr/Latomeia/DROUGHT/COMPOS/2020/01/x12_y12/S2L2A_medcomp_x12_y12_202001_B03.tif
2025-08-21 18:32:52,843 - INFO - composites.py:429 - Write B04 -> //nas-rs.topo.auth.gr/Latomeia/DROUGHT/COMPOS/2020/01/x12_y12/S2L2A_medcomp_x12_y12_202001_B04.tif
2025-08-21 18:32:57,118 - INFO - composites.py:429 - Write B05 -> //nas-rs.topo.auth.gr/Latomeia/DROUGHT/COMPOS/2020/01/x12_y12/S2L2A_medcomp_x12_y12_202001_B05.tif
2025-08-21 18:33:03,009 - INFO - composites.py:429 - Write B07 -> //nas-rs.topo.auth.gr/Latomeia/DROUGHT/COMPOS/2020/01/x12_y12/S2L2A_medcomp_x12_y12_202001_B07.tif
2025-08-21 18:33:09,150 - INFO - composites.py:429 - Write B8A -> //nas-rs.topo.auth.gr/Latomeia/DROUGHT/COMPOS/2020/01/x12_y12/S2L2A_medcomp_x12_y12_202001_B8A.tif
2025-08-21 18:33:14,728 - INFO - composites.py:429 - Write EVI -> //nas-rs.topo.auth.gr/Latomeia/DROUGHT/COMPOS/2020/01/x12_y12/S2L2A_medcomp_x12_y12_202001_evi.tif
2025-08-21 18:33:20,607 - INFO - composites.py:429 - Write NDVI -> //nas-rs.topo.auth.gr/Latomeia/DROUGHT/COMPOS/2020/01/x12_y12/S2L2A_medcomp_x12_y12_202001_ndvi.tif
2025-08-21 18:33:26,629 - INFO - composites.py:429 - Write PSRI2 -> //nas-rs.topo.auth.gr/Latomeia/DROUGHT/COMPOS/2020/01/x12_y12/S2L2A_medcomp_x12_y12_202001_psri2.tif
2025-08-21 18:33:26,630 - INFO - composites.py:433 - Prepare metadata YAML document
2025-08-21 18:33:27,578 - INFO - composites.py:454 - Write metadata YAML document to disk
2025-08-21 18:33:27,634 - INFO - composites.py:459 - Create datacube.model.Dataset from eo3 metadata
2025-08-21 18:33:27,668 - INFO - composites.py:470 - Index to datacube
2025-08-21 18:33:27,668 - INFO - _datasets.py:191 - Indexing 3b20351e-c26d-42ec-bcbd-f220c3a1a2a9
2025-08-21 18:33:27,677 - INFO - composites.py:473 - 
2025-08-21 18:33:27,677 - INFO - composites.py:474 -              ✔✔✔ COMPLETED: Tile x12_y12 | Time: 2020-01 | In 8.44 minutes
2025-08-21 18:33:27,677 - INFO - composites.py:475 - 
2025-08-21 18:33:27,677 - INFO - composites.py:483 - Closing Dask client
2025-08-21 18:33:27,679 - INFO - composites.py:487 - Closing Dask cluster
2025-08-21 18:33:27,679 - INFO - composites.py:488 - #######################################################################
