2025-08-27 12:05:21,942 - INFO - composites.py:102 - #######################################################################
2025-08-27 12:05:21,942 - INFO - composites.py:104 - Processing started
2025-08-27 12:05:21,942 - INFO - composites.py:105 -         Tile: x06_y10
2025-08-27 12:05:21,942 - INFO - composites.py:106 -         Time: 2021-05
2025-08-27 12:05:21,942 - INFO - composites.py:109 -                           
2025-08-27 12:05:21,942 - INFO - composites.py:110 - Establishing connection to datacube
2025-08-27 12:05:22,485 - INFO - composites.py:113 -                           
2025-08-27 12:05:22,485 - INFO - composites.py:114 - Sanity test: Check if dataset already exists in the datacube
2025-08-27 12:05:22,504 - INFO - composites.py:133 - The composite requested was not found and it will be computed
2025-08-27 12:05:22,504 - INFO - composites.py:136 -                                  
2025-08-27 12:05:22,504 - INFO - composites.py:137 - Initializing Dask cluster for parallelization
2025-08-27 12:05:28,203 - INFO - composites.py:161 - Dask dashboard is available at: http://127.0.0.1:8787/status
2025-08-27 12:05:28,203 - INFO - composites.py:164 - Create directories and naming conversions
2025-08-27 12:05:28,217 - INFO - composites.py:177 - Dataset location: //nas-rs.topo.auth.gr/Latomeia/DROUGHT/composites/x06/y10/2021/05/01
2025-08-27 12:05:28,217 - INFO - composites.py:180 -                           
2025-08-27 12:05:28,217 - INFO - composites.py:181 - Retrieve tile geometry
2025-08-27 12:05:28,247 - INFO - composites.py:192 - Create the Bounding Box (φ,λ)
2025-08-27 12:05:28,247 - INFO - composites.py:198 - Create the Bounding Box (x,y)
2025-08-27 12:05:28,247 - INFO - composites.py:211 -                           
2025-08-27 12:05:28,247 - INFO - composites.py:212 - Connect to Planetary Computer STAC Catalog
2025-08-27 12:05:28,769 - INFO - composites.py:220 - Search the STAC Catalog
2025-08-27 12:05:28,875 - INFO - composites.py:232 -         Query parameters:
2025-08-27 12:05:28,875 - INFO - composites.py:233 -             url:          https://planetarycomputer.microsoft.com/api/stac/v1/search
2025-08-27 12:05:28,875 - INFO - composites.py:234 -             client:       microsoft-pc
2025-08-27 12:05:28,875 - INFO - composites.py:235 -             collection:   sentinel-2-l2a
2025-08-27 12:05:28,875 - INFO - composites.py:236 -             bbox:         (20.319245809102355, 37.99152284404117, 20.978573606105773, 38.532714784526966)
2025-08-27 12:05:28,875 - INFO - composites.py:237 -             time range:   2021-05-01T00:00:00Z/2021-05-31T23:59:59Z
2025-08-27 12:05:28,875 - INFO - composites.py:238 -             cloud cover:  0% - 70%
2025-08-27 12:05:28,875 - INFO - composites.py:239 -             nodata cover: 0% - 33%
2025-08-27 12:05:28,875 - INFO - composites.py:241 -                           
2025-08-27 12:05:28,875 - INFO - composites.py:242 - Searching...
2025-08-27 12:05:29,301 - INFO - composites.py:245 - Query found 12 items
2025-08-27 12:05:29,301 - INFO - composites.py:247 - Searching for GRI REFINED scenes:
2025-08-27 12:05:36,953 - INFO - sentinel2.py:78 - 1/12 - S2A_MSIL2A_20210531T093041_R136_T34SDH_20210605T201743 -> REFINED
2025-08-27 12:05:43,635 - INFO - sentinel2.py:78 - 2/12 - S2A_MSIL2A_20210528T092031_R093_T34SDH_20210606T060037 -> REFINED
2025-08-27 12:05:50,044 - INFO - sentinel2.py:78 - 3/12 - S2B_MSIL2A_20210526T093039_R136_T34SDH_20210605T173608 -> REFINED
2025-08-27 12:05:57,054 - INFO - sentinel2.py:78 - 4/12 - S2B_MSIL2A_20210523T092029_R093_T34SDH_20210606T035042 -> REFINED
2025-08-27 12:06:04,599 - INFO - sentinel2.py:78 - 5/12 - S2A_MSIL2A_20210521T093031_R136_T34SDH_20210605T230629 -> REFINED
2025-08-27 12:06:12,347 - INFO - sentinel2.py:78 - 6/12 - S2A_MSIL2A_20210518T092031_R093_T34SDH_20210606T052138 -> REFINED
2025-08-27 12:06:18,893 - INFO - sentinel2.py:78 - 7/12 - S2B_MSIL2A_20210516T093039_R136_T34SDH_20210605T161629 -> REFINED
2025-08-27 12:06:25,405 - INFO - sentinel2.py:78 - 8/12 - S2B_MSIL2A_20210513T092029_R093_T34SDH_20210514T130458 -> REFINED
2025-08-27 12:06:32,962 - INFO - sentinel2.py:78 - 9/12 - S2A_MSIL2A_20210511T093031_R136_T34SDH_20210606T122319 -> REFINED
2025-08-27 12:06:39,560 - INFO - sentinel2.py:78 - 10/12 - S2A_MSIL2A_20210508T092031_R093_T34SDH_20210524T070513 -> REFINED
2025-08-27 12:06:46,955 - INFO - sentinel2.py:78 - 11/12 - S2B_MSIL2A_20210503T092029_R093_T34SDH_20210525T044025 -> REFINED
2025-08-27 12:06:55,027 - INFO - sentinel2.py:78 - 12/12 - S2A_MSIL2A_20210501T093031_R136_T34SDH_20210523T195403 -> REFINED
2025-08-27 12:06:55,074 - INFO - composites.py:250 -                                  
2025-08-27 12:06:55,076 - INFO - composites.py:251 - 12/12 were refined by GRI.
2025-08-27 12:06:55,076 - INFO - composites.py:263 - Looking for up to 10 cleanest images within spatiotemporal range of each MGRS tile
2025-08-27 12:06:55,076 - INFO - composites.py:277 - Filtered cleanest scenes: Kept 10 out of 12 items. 
2025-08-27 12:06:55,077 - INFO - composites.py:278 -         Included MGRS Tiles: ['34SDH']
2025-08-27 12:06:55,077 - INFO - composites.py:279 -         Included EPSG codes: [32634]
2025-08-27 12:06:55,077 - INFO - composites.py:281 - Selected scenes:
2025-08-27 12:06:55,077 - INFO - composites.py:283 -         S2B_MSIL2A_20210523T092029_R093_T34SDH_20210606T035042
2025-08-27 12:06:55,077 - INFO - composites.py:283 -         S2A_MSIL2A_20210511T093031_R136_T34SDH_20210606T122319
2025-08-27 12:06:55,078 - INFO - composites.py:283 -         S2A_MSIL2A_20210518T092031_R093_T34SDH_20210606T052138
2025-08-27 12:06:55,083 - INFO - composites.py:283 -         S2A_MSIL2A_20210521T093031_R136_T34SDH_20210605T230629
2025-08-27 12:06:55,083 - INFO - composites.py:283 -         S2B_MSIL2A_20210513T092029_R093_T34SDH_20210514T130458
2025-08-27 12:06:55,084 - INFO - composites.py:283 -         S2A_MSIL2A_20210508T092031_R093_T34SDH_20210524T070513
2025-08-27 12:06:55,084 - INFO - composites.py:283 -         S2B_MSIL2A_20210516T093039_R136_T34SDH_20210605T161629
2025-08-27 12:06:55,084 - INFO - composites.py:283 -         S2B_MSIL2A_20210503T092029_R093_T34SDH_20210525T044025
2025-08-27 12:06:55,084 - INFO - composites.py:283 -         S2A_MSIL2A_20210531T093041_R136_T34SDH_20210605T201743
2025-08-27 12:06:55,085 - INFO - composites.py:283 -         S2A_MSIL2A_20210528T092031_R093_T34SDH_20210606T060037
2025-08-27 12:06:55,471 - INFO - sentinel2.py:154 - Matplotlib backend: Agg
2025-08-27 12:06:55,638 - INFO - sentinel2.py:224 - Write input scenes footprint overlay: //nas-rs.topo.auth.gr/Latomeia/DROUGHT/composites/x06/y10/2021/05/01/S2L2A_medcomp_x06y10_202105_InDataFootprint.jpeg
2025-08-27 12:06:55,888 - INFO - composites.py:297 -                                  
2025-08-27 12:06:55,888 - INFO - composites.py:298 - Downstream STAC items from Planetary Computer
2025-08-27 12:06:55,888 - INFO - timeseries_processing.py:115 -                                  
2025-08-27 12:06:55,888 - INFO - timeseries_processing.py:116 - Loading bands of diferent resolutions in EPSG:32634
2025-08-27 12:06:55,888 - INFO - timeseries_processing.py:120 -     Filtering items with native UTM EPSG:32634
2025-08-27 12:06:55,888 - INFO - timeseries_processing.py:122 -     10 Items in EPSG:32634
2025-08-27 12:06:55,888 - INFO - timeseries_processing.py:129 -                        
2025-08-27 12:06:55,888 - INFO - timeseries_processing.py:130 -     Loading parameters:
2025-08-27 12:06:55,888 - INFO - timeseries_processing.py:131 -         Bands: ['B05', 'B07', 'B8A', 'SCL']
2025-08-27 12:06:55,888 - INFO - timeseries_processing.py:132 -         Spatial resolution: 20
2025-08-27 12:06:55,888 - INFO - timeseries_processing.py:134 -         Get Assets from STAC Items
2025-08-27 12:06:55,888 - INFO - timeseries_processing.py:47 -         Initialize the STAC client
2025-08-27 12:06:56,554 - INFO - timeseries_processing.py:137 -         Loading 10 STAC Items....
2025-08-27 12:07:25,731 - INFO - timeseries_processing.py:146 -         Cube has been downloaded
2025-08-27 12:07:25,731 - INFO - timeseries_processing.py:156 -         Fix order of dimensions
2025-08-27 12:07:25,733 - INFO - timeseries_processing.py:161 -         Append bands to the band-list of EPSG:32634
2025-08-27 12:07:25,735 - INFO - timeseries_processing.py:129 -                        
2025-08-27 12:07:25,735 - INFO - timeseries_processing.py:130 -     Loading parameters:
2025-08-27 12:07:25,735 - INFO - timeseries_processing.py:131 -         Bands: ['B02', 'B03', 'B04']
2025-08-27 12:07:25,735 - INFO - timeseries_processing.py:132 -         Spatial resolution: 10
2025-08-27 12:07:25,735 - INFO - timeseries_processing.py:134 -         Get Assets from STAC Items
2025-08-27 12:07:25,735 - INFO - timeseries_processing.py:47 -         Initialize the STAC client
2025-08-27 12:07:26,324 - INFO - timeseries_processing.py:137 -         Loading 10 STAC Items....
2025-08-27 12:09:10,481 - INFO - timeseries_processing.py:146 -         Cube has been downloaded
2025-08-27 12:09:10,482 - INFO - timeseries_processing.py:149 -         Reproject to downsample 10m bands to 20m by Resampling.average 2x2 binning and shape matching with odc.geo.GeoBox
2025-08-27 12:09:25,119 - INFO - timeseries_processing.py:161 -         Append bands to the band-list of EPSG:32634
2025-08-27 12:09:25,119 - INFO - timeseries_processing.py:165 -                        
2025-08-27 12:09:25,119 - INFO - timeseries_processing.py:166 -     Merging bands in a single dataset
2025-08-27 12:09:25,119 - INFO - timeseries_processing.py:167 -     Ensure all partial datasets are at (x=20, y=-20) resolution
2025-08-27 12:09:25,119 - INFO - timeseries_processing.py:171 -     Clip to the intersection of indexes
2025-08-27 12:09:26,463 - INFO - timeseries_processing.py:180 -     Make a list of bands to merge
2025-08-27 12:09:26,465 - INFO - timeseries_processing.py:184 -     Merge on intersection
2025-08-27 12:09:26,468 - INFO - timeseries_processing.py:192 -     Apply masks on clouds, shadows, thin cirrus, and snow/ice
2025-08-27 12:09:26,468 - INFO - sentinel2.py:122 -                Masking bits: [3, 7, 8, 9, 10, 11]
2025-08-27 12:09:27,701 - INFO - composites.py:307 - Reproject from UTM Zone to Tile geometry -> CRS(EPSG:32634), Resampling.bilinear
2025-08-27 12:09:34,495 - INFO - composites.py:310 -     New shape of datasets: Shape2d(x=2400, y=2400)
2025-08-27 12:09:35,100 - INFO - composites.py:342 - Creating preview plot of input scenes
2025-08-27 12:10:08,732 - INFO - timeseries_processing.py:349 - Saved preview for 'B04' to //nas-rs.topo.auth.gr/Latomeia/DROUGHT/composites/x06/y10/2021/05/01/S2L2A_medcomp_x06y10_202105_InDataPreview.jpeg
2025-08-27 12:10:08,740 - INFO - composites.py:348 - Clip value range
2025-08-27 12:10:10,821 - INFO - composites.py:353 -                           
2025-08-27 12:10:10,821 - INFO - composites.py:354 - Computing spectral indices:
2025-08-27 12:10:10,821 - INFO - composites.py:357 -     EVI...
2025-08-27 12:10:12,061 - INFO - composites.py:359 -     NDVI...
2025-08-27 12:10:12,462 - INFO - composites.py:361 -     PSRI2...
2025-08-27 12:10:12,738 - INFO - composites.py:364 - Clip to typical value range
2025-08-27 12:10:13,103 - INFO - composites.py:371 - Reducing to median value temporal composite
2025-08-27 12:10:40,387 - INFO - composites.py:390 - Scale and Define data types & nodata per band
2025-08-27 12:10:40,535 - INFO - composites.py:411 - Assign time range and tile ID in metadata
2025-08-27 12:10:40,536 - INFO - composites.py:419 - Write bands to raster COG files
2025-08-27 12:10:44,499 - INFO - composites.py:432 - Write B02 -> //nas-rs.topo.auth.gr/Latomeia/DROUGHT/composites/x06/y10/2021/05/01/S2L2A_medcomp_x06y10_202105_B02.tif
2025-08-27 12:10:48,467 - INFO - composites.py:432 - Write B03 -> //nas-rs.topo.auth.gr/Latomeia/DROUGHT/composites/x06/y10/2021/05/01/S2L2A_medcomp_x06y10_202105_B03.tif
2025-08-27 12:10:52,464 - INFO - composites.py:432 - Write B04 -> //nas-rs.topo.auth.gr/Latomeia/DROUGHT/composites/x06/y10/2021/05/01/S2L2A_medcomp_x06y10_202105_B04.tif
2025-08-27 12:10:56,521 - INFO - composites.py:432 - Write B05 -> //nas-rs.topo.auth.gr/Latomeia/DROUGHT/composites/x06/y10/2021/05/01/S2L2A_medcomp_x06y10_202105_B05.tif
2025-08-27 12:11:00,737 - INFO - composites.py:432 - Write B07 -> //nas-rs.topo.auth.gr/Latomeia/DROUGHT/composites/x06/y10/2021/05/01/S2L2A_medcomp_x06y10_202105_B07.tif
2025-08-27 12:11:05,072 - INFO - composites.py:432 - Write B8A -> //nas-rs.topo.auth.gr/Latomeia/DROUGHT/composites/x06/y10/2021/05/01/S2L2A_medcomp_x06y10_202105_B8A.tif
2025-08-27 12:11:08,989 - INFO - composites.py:432 - Write EVI -> //nas-rs.topo.auth.gr/Latomeia/DROUGHT/composites/x06/y10/2021/05/01/S2L2A_medcomp_x06y10_202105_EVI.tif
2025-08-27 12:11:12,969 - INFO - composites.py:432 - Write NDVI -> //nas-rs.topo.auth.gr/Latomeia/DROUGHT/composites/x06/y10/2021/05/01/S2L2A_medcomp_x06y10_202105_NDVI.tif
2025-08-27 12:11:17,359 - INFO - composites.py:432 - Write PSRI2 -> //nas-rs.topo.auth.gr/Latomeia/DROUGHT/composites/x06/y10/2021/05/01/S2L2A_medcomp_x06y10_202105_PSRI2.tif
2025-08-27 12:11:17,375 - INFO - composites.py:436 - Prepare metadata YAML document
2025-08-27 12:11:17,931 - INFO - composites.py:458 - Write metadata YAML document to disk
2025-08-27 12:11:17,988 - INFO - composites.py:463 - Create datacube.model.Dataset from eo3 metadata
2025-08-27 12:11:17,999 - INFO - composites.py:474 - Index to datacube
2025-08-27 12:11:17,999 - INFO - _datasets.py:191 - Indexing bb29878f-fea9-4222-ab06-555b5092eaff
2025-08-27 12:11:18,009 - INFO - composites.py:477 - 
2025-08-27 12:11:18,010 - INFO - composites.py:478 -              ✔✔✔ COMPLETED: Tile x06_y10 | Time: 2021-05 | In 5.93 minutes
2025-08-27 12:11:18,010 - INFO - composites.py:479 - 
2025-08-27 12:11:18,010 - INFO - composites.py:487 - Closing Dask client
2025-08-27 12:11:18,011 - INFO - composites.py:491 - Closing Dask cluster
2025-08-27 12:11:18,011 - INFO - composites.py:492 - #######################################################################
