2025-08-18 21:22:41,979 - INFO - composites.py:104 - #######################################################################
2025-08-18 21:22:41,979 - INFO - composites.py:106 - Processing started
2025-08-18 21:22:41,979 - INFO - composites.py:107 -         Tile: x10_y10
2025-08-18 21:22:41,979 - INFO - composites.py:108 -         Time: 2020-11
2025-08-18 21:22:41,979 - INFO - composites.py:111 -                           
2025-08-18 21:22:41,979 - INFO - composites.py:112 - Establishing connection to datacube
2025-08-18 21:22:42,669 - INFO - composites.py:115 -                           
2025-08-18 21:22:42,671 - INFO - composites.py:116 - Sanity test: Check if dataset already exists in the datacube
2025-08-18 21:22:42,689 - INFO - composites.py:135 - The composite requested was not found and it will be computed
2025-08-18 21:22:42,689 - INFO - composites.py:138 -                                  
2025-08-18 21:22:42,689 - INFO - composites.py:139 - Initializing Dask cluster for parallelization
2025-08-18 21:22:49,168 - INFO - composites.py:163 - Dask dashboard is available at: http://127.0.0.1:8787/status
2025-08-18 21:22:49,168 - INFO - composites.py:166 - Create directories and naming conversions
2025-08-18 21:22:49,173 - INFO - composites.py:177 - Dataset location: //nas-rs.topo.auth.gr/Latomeia/DROUGHT/COMPOS/2020/11/x10_y10
2025-08-18 21:22:49,173 - INFO - composites.py:180 -                           
2025-08-18 21:22:49,173 - INFO - composites.py:181 - Retrieve tile geometry
2025-08-18 21:22:49,218 - INFO - composites.py:192 - Create the Bounding Box (φ,λ)
2025-08-18 21:22:49,218 - INFO - composites.py:198 - Create the Bounding Box (x,y)
2025-08-18 21:22:49,218 - INFO - composites.py:211 -                           
2025-08-18 21:22:49,218 - INFO - composites.py:212 - Connect to Planetary Computer STAC Catalog
2025-08-18 21:22:49,426 - INFO - composites.py:220 - Search the STAC Catalog
2025-08-18 21:22:49,496 - INFO - composites.py:232 -         Query parameters:
2025-08-18 21:22:49,496 - INFO - composites.py:233 -             url:          https://planetarycomputer.microsoft.com/api/stac/v1/search
2025-08-18 21:22:49,496 - INFO - composites.py:234 -             client:       microsoft-pc
2025-08-18 21:22:49,496 - INFO - composites.py:235 -             collection:   sentinel-2-l2a
2025-08-18 21:22:49,496 - INFO - composites.py:236 -             bbox:         (22.47169758152381, 37.72011736043115, 23.140542329243065, 38.271503998279194)
2025-08-18 21:22:49,496 - INFO - composites.py:237 -             time range:   2020-11-01T00:00:00Z/2020-11-30T23:59:59Z
2025-08-18 21:22:49,496 - INFO - composites.py:238 -             cloud cover:  0% - 70%
2025-08-18 21:22:49,496 - INFO - composites.py:239 -             nodata cover: 0% - 33%
2025-08-18 21:22:49,496 - INFO - composites.py:241 -                           
2025-08-18 21:22:49,496 - INFO - composites.py:242 - Searching...
2025-08-18 21:22:49,911 - INFO - composites.py:245 - Query found 14 items
2025-08-18 21:22:49,912 - INFO - composites.py:247 - Searching for GRI REFINED scenes:
2025-08-18 21:22:55,607 - INFO - sentinel2.py:78 - 1/14 - S2A_MSIL2A_20201126T091321_R050_T34SFG_20201219T195813 -> Not Found
2025-08-18 21:23:01,938 - INFO - sentinel2.py:78 - 2/14 - S2B_MSIL2A_20201124T092319_R093_T34SFG_20201125T052914 -> Not Found
2025-08-18 21:23:08,872 - INFO - sentinel2.py:78 - 3/14 - S2B_MSIL2A_20201121T091259_R050_T34SFG_20201123T100944 -> Not Found
2025-08-18 21:23:15,562 - INFO - sentinel2.py:78 - 4/14 - S2A_MSIL2A_20201119T092301_R093_T34SFH_20201121T084157 -> Not Found
2025-08-18 21:23:21,916 - INFO - sentinel2.py:78 - 5/14 - S2A_MSIL2A_20201119T092301_R093_T34SFG_20201121T084124 -> Not Found
2025-08-18 21:23:28,833 - INFO - sentinel2.py:78 - 6/14 - S2A_MSIL2A_20201116T091241_R050_T34SFG_20201117T171547 -> Not Found
2025-08-18 21:23:35,270 - INFO - sentinel2.py:78 - 7/14 - S2B_MSIL2A_20201114T092239_R093_T34SFH_20201116T043942 -> Not Found
2025-08-18 21:23:41,479 - INFO - sentinel2.py:78 - 8/14 - S2B_MSIL2A_20201114T092239_R093_T34SFG_20201116T043400 -> Not Found
2025-08-18 21:23:48,562 - INFO - sentinel2.py:78 - 9/14 - S2B_MSIL2A_20201111T091219_R050_T34SFG_20201113T102904 -> Not Found
2025-08-18 21:23:54,213 - INFO - sentinel2.py:78 - 10/14 - S2A_MSIL2A_20201109T092221_R093_T34SFH_20201110T181956 -> Not Found
2025-08-18 21:24:01,272 - INFO - sentinel2.py:78 - 11/14 - S2A_MSIL2A_20201109T092221_R093_T34SFG_20201110T181945 -> Not Found
2025-08-18 21:24:07,100 - INFO - sentinel2.py:78 - 12/14 - S2B_MSIL2A_20201104T092149_R093_T34SFH_20201106T134655 -> Not Found
2025-08-18 21:24:13,350 - INFO - sentinel2.py:78 - 13/14 - S2B_MSIL2A_20201104T092149_R093_T34SFG_20201106T134710 -> Not Found
2025-08-18 21:24:19,250 - INFO - sentinel2.py:78 - 14/14 - S2B_MSIL2A_20201101T091129_R050_T34SFG_20201103T220028 -> Not Found
2025-08-18 21:24:19,345 - INFO - composites.py:250 -                                  
2025-08-18 21:24:19,345 - INFO - composites.py:251 - 0/14 were refined by GRI.
2025-08-18 21:24:19,345 - WARNING - composites.py:255 - Tile x10_y10 | Time: 2020-11: All scenes are flagged NOT REFINED.
2025-08-18 21:24:19,345 - WARNING - composites.py:256 - Tile x10_y10 | Time: 2020-11: The composite will be flagged with _NOREFINED.
2025-08-18 21:24:19,347 - INFO - composites.py:263 - Looking for up to 10 cleanest images within spatiotemporal range of each MGRS tile
2025-08-18 21:24:19,347 - INFO - composites.py:277 - Filtered cleanest scenes: Kept 14 out of 14 items. 
2025-08-18 21:24:19,347 - INFO - composites.py:278 -         Included MGRS Tiles: ['34SFG' '34SFH']
2025-08-18 21:24:19,347 - INFO - composites.py:279 -         Included EPSG codes: [32634]
2025-08-18 21:24:19,347 - INFO - composites.py:281 - Selected scenes:
2025-08-18 21:24:19,348 - INFO - composites.py:283 -         S2A_MSIL2A_20201126T091321_R050_T34SFG_20201219T195813
2025-08-18 21:24:19,358 - INFO - composites.py:283 -         S2B_MSIL2A_20201101T091129_R050_T34SFG_20201103T220028
2025-08-18 21:24:19,359 - INFO - composites.py:283 -         S2A_MSIL2A_20201116T091241_R050_T34SFG_20201117T171547
2025-08-18 21:24:19,359 - INFO - composites.py:283 -         S2B_MSIL2A_20201114T092239_R093_T34SFG_20201116T043400
2025-08-18 21:24:19,359 - INFO - composites.py:283 -         S2B_MSIL2A_20201104T092149_R093_T34SFG_20201106T134710
2025-08-18 21:24:19,360 - INFO - composites.py:283 -         S2A_MSIL2A_20201109T092221_R093_T34SFG_20201110T181945
2025-08-18 21:24:19,371 - INFO - composites.py:283 -         S2B_MSIL2A_20201124T092319_R093_T34SFG_20201125T052914
2025-08-18 21:24:19,371 - INFO - composites.py:283 -         S2B_MSIL2A_20201111T091219_R050_T34SFG_20201113T102904
2025-08-18 21:24:19,376 - INFO - composites.py:283 -         S2B_MSIL2A_20201121T091259_R050_T34SFG_20201123T100944
2025-08-18 21:24:19,381 - INFO - composites.py:283 -         S2A_MSIL2A_20201119T092301_R093_T34SFG_20201121T084124
2025-08-18 21:24:19,381 - INFO - composites.py:283 -         S2B_MSIL2A_20201114T092239_R093_T34SFH_20201116T043942
2025-08-18 21:24:19,381 - INFO - composites.py:283 -         S2B_MSIL2A_20201104T092149_R093_T34SFH_20201106T134655
2025-08-18 21:24:19,382 - INFO - composites.py:283 -         S2A_MSIL2A_20201109T092221_R093_T34SFH_20201110T181956
2025-08-18 21:24:19,382 - INFO - composites.py:283 -         S2A_MSIL2A_20201119T092301_R093_T34SFH_20201121T084157
2025-08-18 21:24:19,962 - INFO - sentinel2.py:154 - Matplotlib backend: Agg
2025-08-18 21:24:20,167 - INFO - sentinel2.py:224 - Write input scenes footprint overlay: //nas-rs.topo.auth.gr/Latomeia/DROUGHT/COMPOS/2020/11/x10_y10/S2L2A_medcomp_x10_y10_202011_InDataFootprint.jpeg
2025-08-18 21:24:20,463 - INFO - composites.py:297 -                                  
2025-08-18 21:24:20,463 - INFO - composites.py:298 - Downstream STAC items from Planetary Computer
2025-08-18 21:24:20,463 - INFO - timeseries_processing.py:114 -                                  
2025-08-18 21:24:20,463 - INFO - timeseries_processing.py:115 - Loading bands of diferent resolutions in EPSG:32634
2025-08-18 21:24:20,463 - INFO - timeseries_processing.py:119 -     Filtering items with native UTM EPSG:32634
2025-08-18 21:24:20,463 - INFO - timeseries_processing.py:121 -     14 Items in EPSG:32634
2025-08-18 21:24:20,463 - INFO - timeseries_processing.py:128 -                        
2025-08-18 21:24:20,463 - INFO - timeseries_processing.py:129 -     Loading parameters:
2025-08-18 21:24:20,463 - INFO - timeseries_processing.py:130 -         Bands: ['B05', 'B07', 'B8A', 'SCL']
2025-08-18 21:24:20,463 - INFO - timeseries_processing.py:131 -         Spatial resolution: 20
2025-08-18 21:24:20,463 - INFO - timeseries_processing.py:133 -         Get Assets from STAC Items
2025-08-18 21:24:20,463 - INFO - timeseries_processing.py:46 -         Initialize the STAC client
2025-08-18 21:24:21,050 - INFO - timeseries_processing.py:136 -         Loading 14 STAC Items....
2025-08-18 21:26:50,014 - INFO - timeseries_processing.py:158 -         Cube has been downloaded
2025-08-18 21:26:50,016 - INFO - timeseries_processing.py:167 -         Fix order of dimensions
2025-08-18 21:26:50,017 - INFO - timeseries_processing.py:172 -         Append bands to the band-list of EPSG:32634
2025-08-18 21:26:50,018 - INFO - timeseries_processing.py:128 -                        
2025-08-18 21:26:50,018 - INFO - timeseries_processing.py:129 -     Loading parameters:
2025-08-18 21:26:50,018 - INFO - timeseries_processing.py:130 -         Bands: ['B02', 'B03', 'B04']
2025-08-18 21:26:50,018 - INFO - timeseries_processing.py:131 -         Spatial resolution: 10
2025-08-18 21:26:50,018 - INFO - timeseries_processing.py:133 -         Get Assets from STAC Items
2025-08-18 21:26:50,018 - INFO - timeseries_processing.py:46 -         Initialize the STAC client
2025-08-18 21:26:50,564 - INFO - timeseries_processing.py:136 -         Loading 14 STAC Items....
2025-08-18 21:31:11,225 - INFO - timeseries_processing.py:158 -         Cube has been downloaded
2025-08-18 21:31:11,225 - INFO - timeseries_processing.py:161 -         Downsample 10m bands to 20m by average 2x2 binning
2025-08-18 21:31:26,269 - INFO - timeseries_processing.py:164 -         Warp (reproject) 2x2 binned bands to match shape of native 20m bands: method=bilinear
2025-08-18 21:31:36,420 - INFO - timeseries_processing.py:172 -         Append bands to the band-list of EPSG:32634
2025-08-18 21:31:36,420 - INFO - timeseries_processing.py:176 -                        
2025-08-18 21:31:36,420 - INFO - timeseries_processing.py:177 -     Merging bands in a single dataset
2025-08-18 21:31:36,420 - INFO - timeseries_processing.py:178 -     Ensure all partial datasets are at (x=20, y=-20) resolution
2025-08-18 21:31:36,420 - INFO - timeseries_processing.py:182 -     Clip to the intersection of indexes
2025-08-18 21:31:37,704 - INFO - timeseries_processing.py:191 -     Make a list of bands to merge
2025-08-18 21:31:37,706 - INFO - timeseries_processing.py:195 -     Merge on intersection
2025-08-18 21:31:37,707 - INFO - timeseries_processing.py:203 -     Apply masks on clouds, shadows, thin cirrus, and snow/ice
2025-08-18 21:31:37,708 - INFO - sentinel2.py:122 -                Masking bits: [3, 7, 8, 9, 10, 11]
2025-08-18 21:31:39,209 - INFO - timeseries_processing.py:209 -     Reproject to Tiling Schema projection EPSG:3035
2025-08-18 21:31:53,948 - INFO - composites.py:307 - Clip and align to tile geometry
2025-08-18 21:31:58,603 - INFO - composites.py:340 - Creating preview plot of input scenes
2025-08-18 21:32:40,349 - INFO - timeseries_processing.py:367 - Saved preview for 'B04' to //nas-rs.topo.auth.gr/Latomeia/DROUGHT/COMPOS/2020/11/x10_y10/S2L2A_medcomp_x10_y10_202011_InDataPreview.jpeg
2025-08-18 21:32:40,358 - INFO - composites.py:346 - Clip value range
2025-08-18 21:32:42,541 - INFO - composites.py:351 -                           
2025-08-18 21:32:42,541 - INFO - composites.py:352 - Computing spectral indices:
2025-08-18 21:32:42,542 - INFO - composites.py:355 -     EVI...
2025-08-18 21:32:43,925 - INFO - composites.py:357 -     NDVI...
2025-08-18 21:32:44,317 - INFO - composites.py:359 -     PSRI2...
2025-08-18 21:32:44,730 - INFO - composites.py:362 - Clip to typical value range
2025-08-18 21:32:45,252 - INFO - composites.py:369 - Reducing to median value temporal composite
2025-08-18 21:33:11,121 - INFO - composites.py:388 - Define data types and nodata per band
2025-08-18 21:33:11,285 - INFO - composites.py:409 - Assign time range and tile ID in metadata
2025-08-18 21:33:11,287 - INFO - composites.py:417 - Write bands to raster COG files
2025-08-18 21:33:15,877 - INFO - composites.py:430 - Write B02 -> //nas-rs.topo.auth.gr/Latomeia/DROUGHT/COMPOS/2020/11/x10_y10/S2L2A_medcomp_x10_y10_202011_B02.tif
2025-08-18 21:33:20,727 - INFO - composites.py:430 - Write B03 -> //nas-rs.topo.auth.gr/Latomeia/DROUGHT/COMPOS/2020/11/x10_y10/S2L2A_medcomp_x10_y10_202011_B03.tif
2025-08-18 21:33:25,457 - INFO - composites.py:430 - Write B04 -> //nas-rs.topo.auth.gr/Latomeia/DROUGHT/COMPOS/2020/11/x10_y10/S2L2A_medcomp_x10_y10_202011_B04.tif
2025-08-18 21:33:30,128 - INFO - composites.py:430 - Write B05 -> //nas-rs.topo.auth.gr/Latomeia/DROUGHT/COMPOS/2020/11/x10_y10/S2L2A_medcomp_x10_y10_202011_B05.tif
2025-08-18 21:33:34,804 - INFO - composites.py:430 - Write B07 -> //nas-rs.topo.auth.gr/Latomeia/DROUGHT/COMPOS/2020/11/x10_y10/S2L2A_medcomp_x10_y10_202011_B07.tif
2025-08-18 21:33:39,478 - INFO - composites.py:430 - Write B8A -> //nas-rs.topo.auth.gr/Latomeia/DROUGHT/COMPOS/2020/11/x10_y10/S2L2A_medcomp_x10_y10_202011_B8A.tif
2025-08-18 21:33:44,194 - INFO - composites.py:430 - Write EVI -> //nas-rs.topo.auth.gr/Latomeia/DROUGHT/COMPOS/2020/11/x10_y10/S2L2A_medcomp_x10_y10_202011_evi.tif
2025-08-18 21:33:48,787 - INFO - composites.py:430 - Write NDVI -> //nas-rs.topo.auth.gr/Latomeia/DROUGHT/COMPOS/2020/11/x10_y10/S2L2A_medcomp_x10_y10_202011_ndvi.tif
2025-08-18 21:33:53,486 - INFO - composites.py:430 - Write PSRI2 -> //nas-rs.topo.auth.gr/Latomeia/DROUGHT/COMPOS/2020/11/x10_y10/S2L2A_medcomp_x10_y10_202011_psri2.tif
2025-08-18 21:33:53,504 - INFO - composites.py:434 - Prepare metadata YAML document
2025-08-18 21:33:54,277 - INFO - composites.py:455 - Write metadata YAML document to disk
2025-08-18 21:33:54,312 - INFO - composites.py:460 - Create datacube.model.Dataset from eo3 metadata
2025-08-18 21:33:54,322 - INFO - composites.py:471 - Index to datacube
2025-08-18 21:33:54,322 - INFO - _datasets.py:191 - Indexing 424a0518-7638-42b2-8530-29739fa19112
2025-08-18 21:33:54,342 - INFO - composites.py:474 - 
2025-08-18 21:33:54,343 - INFO - composites.py:475 -              ✔✔✔ COMPLETED: Tile x10_y10 | Time: 2020-11 | In 11.21 minutes
2025-08-18 21:33:54,343 - INFO - composites.py:476 - 
2025-08-18 21:33:54,343 - INFO - composites.py:484 - Closing Dask client
2025-08-18 21:33:54,345 - INFO - composites.py:488 - Closing Dask cluster
2025-08-18 21:33:54,345 - INFO - composites.py:489 - #######################################################################
