2025-08-18 23:45:23,055 - INFO - composites.py:104 - #######################################################################
2025-08-18 23:45:23,056 - INFO - composites.py:106 - Processing started
2025-08-18 23:45:23,056 - INFO - composites.py:107 -         Tile: x10_y08
2025-08-18 23:45:23,056 - INFO - composites.py:108 -         Time: 2020-12
2025-08-18 23:45:23,056 - INFO - composites.py:111 -                           
2025-08-18 23:45:23,056 - INFO - composites.py:112 - Establishing connection to datacube
2025-08-18 23:45:23,749 - INFO - composites.py:115 -                           
2025-08-18 23:45:23,750 - INFO - composites.py:116 - Sanity test: Check if dataset already exists in the datacube
2025-08-18 23:45:23,769 - INFO - composites.py:135 - The composite requested was not found and it will be computed
2025-08-18 23:45:23,769 - INFO - composites.py:138 -                                  
2025-08-18 23:45:23,769 - INFO - composites.py:139 - Initializing Dask cluster for parallelization
2025-08-18 23:45:29,934 - INFO - composites.py:163 - Dask dashboard is available at: http://127.0.0.1:8787/status
2025-08-18 23:45:29,934 - INFO - composites.py:166 - Create directories and naming conversions
2025-08-18 23:45:29,940 - INFO - composites.py:177 - Dataset location: //nas-rs.topo.auth.gr/Latomeia/DROUGHT/COMPOS/2020/12/x10_y08
2025-08-18 23:45:29,940 - INFO - composites.py:180 -                           
2025-08-18 23:45:29,940 - INFO - composites.py:181 - Retrieve tile geometry
2025-08-18 23:45:29,984 - INFO - composites.py:192 - Create the Bounding Box (φ,λ)
2025-08-18 23:45:29,985 - INFO - composites.py:198 - Create the Bounding Box (x,y)
2025-08-18 23:45:29,985 - INFO - composites.py:211 -                           
2025-08-18 23:45:29,985 - INFO - composites.py:212 - Connect to Planetary Computer STAC Catalog
2025-08-18 23:45:30,244 - INFO - composites.py:220 - Search the STAC Catalog
2025-08-18 23:45:30,312 - INFO - composites.py:232 -         Query parameters:
2025-08-18 23:45:30,312 - INFO - composites.py:233 -             url:          https://planetarycomputer.microsoft.com/api/stac/v1/search
2025-08-18 23:45:30,312 - INFO - composites.py:234 -             client:       microsoft-pc
2025-08-18 23:45:30,312 - INFO - composites.py:235 -             collection:   sentinel-2-l2a
2025-08-18 23:45:30,312 - INFO - composites.py:236 -             bbox:         (22.316269659639246, 36.86215879883374, 22.97588966675175, 37.41318389002327)
2025-08-18 23:45:30,312 - INFO - composites.py:237 -             time range:   2020-12-01T00:00:00Z/2020-12-31T23:59:59Z
2025-08-18 23:45:30,312 - INFO - composites.py:238 -             cloud cover:  0% - 70%
2025-08-18 23:45:30,312 - INFO - composites.py:239 -             nodata cover: 0% - 33%
2025-08-18 23:45:30,312 - INFO - composites.py:241 -                           
2025-08-18 23:45:30,312 - INFO - composites.py:242 - Searching...
2025-08-18 23:45:30,724 - INFO - composites.py:245 - Query found 15 items
2025-08-18 23:45:30,724 - INFO - composites.py:247 - Searching for GRI REFINED scenes:
2025-08-18 23:45:36,233 - INFO - sentinel2.py:78 - 1/15 - S2B_MSIL2A_20201231T091309_R050_T34SFG_20201231T232025 -> Not Found
2025-08-18 23:45:41,181 - INFO - sentinel2.py:78 - 2/15 - S2B_MSIL2A_20201231T091309_R050_T34SFF_20210101T054915 -> Not Found
2025-08-18 23:45:47,092 - INFO - sentinel2.py:78 - 3/15 - S2A_MSIL2A_20201226T091411_R050_T34SFF_20210104T094742 -> Not Found
2025-08-18 23:45:52,481 - INFO - sentinel2.py:78 - 4/15 - S2B_MSIL2A_20201224T092319_R093_T34SFG_20201225T041223 -> Not Found
2025-08-18 23:45:57,831 - INFO - sentinel2.py:78 - 5/15 - S2B_MSIL2A_20201224T092319_R093_T34SFF_20201225T040925 -> Not Found
2025-08-18 23:46:03,188 - INFO - sentinel2.py:78 - 6/15 - S2B_MSIL2A_20201221T091309_R050_T34SFF_20201222T101706 -> Not Found
2025-08-18 23:46:08,525 - INFO - sentinel2.py:78 - 7/15 - S2A_MSIL2A_20201219T092411_R093_T34SFG_20201220T142544 -> Not Found
2025-08-18 23:46:14,124 - INFO - sentinel2.py:78 - 8/15 - S2A_MSIL2A_20201219T092411_R093_T34SFF_20210105T015027 -> Not Found
2025-08-18 23:46:19,409 - INFO - sentinel2.py:78 - 9/15 - S2A_MSIL2A_20201216T091401_R050_T34SFG_20201217T022750 -> Not Found
2025-08-18 23:46:25,876 - INFO - sentinel2.py:78 - 10/15 - S2A_MSIL2A_20201216T091401_R050_T34SFF_20201217T023440 -> Not Found
2025-08-18 23:46:30,775 - INFO - sentinel2.py:78 - 11/15 - S2A_MSIL2A_20201209T092401_R093_T34SFG_20201210T142900 -> Not Found
2025-08-18 23:46:37,084 - INFO - sentinel2.py:78 - 12/15 - S2A_MSIL2A_20201209T092401_R093_T34SFF_20201210T142616 -> Not Found
2025-08-18 23:46:42,634 - INFO - sentinel2.py:78 - 13/15 - S2A_MSIL2A_20201206T091351_R050_T34SFG_20201207T083012 -> Not Found
2025-08-18 23:46:47,188 - INFO - sentinel2.py:78 - 14/15 - S2A_MSIL2A_20201206T091351_R050_T34SFF_20201207T083014 -> Not Found
2025-08-18 23:46:52,438 - INFO - sentinel2.py:78 - 15/15 - S2B_MSIL2A_20201201T091339_R050_T34SFF_20201203T004456 -> Not Found
2025-08-18 23:46:52,503 - INFO - composites.py:250 -                                  
2025-08-18 23:46:52,521 - INFO - composites.py:251 - 0/15 were refined by GRI.
2025-08-18 23:46:52,527 - WARNING - composites.py:255 - Tile x10_y08 | Time: 2020-12: All scenes are flagged NOT REFINED.
2025-08-18 23:46:52,527 - WARNING - composites.py:256 - Tile x10_y08 | Time: 2020-12: The composite will be flagged with _NOREFINED.
2025-08-18 23:46:52,527 - INFO - composites.py:263 - Looking for up to 10 cleanest images within spatiotemporal range of each MGRS tile
2025-08-18 23:46:52,528 - INFO - composites.py:277 - Filtered cleanest scenes: Kept 15 out of 15 items. 
2025-08-18 23:46:52,528 - INFO - composites.py:278 -         Included MGRS Tiles: ['34SFF' '34SFG']
2025-08-18 23:46:52,529 - INFO - composites.py:279 -         Included EPSG codes: [32634]
2025-08-18 23:46:52,529 - INFO - composites.py:281 - Selected scenes:
2025-08-18 23:46:52,529 - INFO - composites.py:283 -         S2B_MSIL2A_20201224T092319_R093_T34SFF_20201225T040925
2025-08-18 23:46:52,529 - INFO - composites.py:283 -         S2A_MSIL2A_20201216T091401_R050_T34SFF_20201217T023440
2025-08-18 23:46:52,529 - INFO - composites.py:283 -         S2A_MSIL2A_20201206T091351_R050_T34SFF_20201207T083014
2025-08-18 23:46:52,535 - INFO - composites.py:283 -         S2A_MSIL2A_20201219T092411_R093_T34SFF_20210105T015027
2025-08-18 23:46:52,535 - INFO - composites.py:283 -         S2B_MSIL2A_20201201T091339_R050_T34SFF_20201203T004456
2025-08-18 23:46:52,535 - INFO - composites.py:283 -         S2A_MSIL2A_20201209T092401_R093_T34SFF_20201210T142616
2025-08-18 23:46:52,536 - INFO - composites.py:283 -         S2A_MSIL2A_20201226T091411_R050_T34SFF_20210104T094742
2025-08-18 23:46:52,536 - INFO - composites.py:283 -         S2B_MSIL2A_20201231T091309_R050_T34SFF_20210101T054915
2025-08-18 23:46:52,536 - INFO - composites.py:283 -         S2B_MSIL2A_20201221T091309_R050_T34SFF_20201222T101706
2025-08-18 23:46:52,536 - INFO - composites.py:283 -         S2B_MSIL2A_20201224T092319_R093_T34SFG_20201225T041223
2025-08-18 23:46:52,536 - INFO - composites.py:283 -         S2A_MSIL2A_20201216T091401_R050_T34SFG_20201217T022750
2025-08-18 23:46:52,536 - INFO - composites.py:283 -         S2A_MSIL2A_20201219T092411_R093_T34SFG_20201220T142544
2025-08-18 23:46:52,536 - INFO - composites.py:283 -         S2B_MSIL2A_20201231T091309_R050_T34SFG_20201231T232025
2025-08-18 23:46:52,536 - INFO - composites.py:283 -         S2A_MSIL2A_20201206T091351_R050_T34SFG_20201207T083012
2025-08-18 23:46:52,536 - INFO - composites.py:283 -         S2A_MSIL2A_20201209T092401_R093_T34SFG_20201210T142900
2025-08-18 23:46:53,119 - INFO - sentinel2.py:154 - Matplotlib backend: Agg
2025-08-18 23:46:53,353 - INFO - sentinel2.py:224 - Write input scenes footprint overlay: //nas-rs.topo.auth.gr/Latomeia/DROUGHT/COMPOS/2020/12/x10_y08/S2L2A_medcomp_x10_y08_202012_InDataFootprint.jpeg
2025-08-18 23:46:53,638 - INFO - composites.py:297 -                                  
2025-08-18 23:46:53,638 - INFO - composites.py:298 - Downstream STAC items from Planetary Computer
2025-08-18 23:46:53,638 - INFO - timeseries_processing.py:114 -                                  
2025-08-18 23:46:53,638 - INFO - timeseries_processing.py:115 - Loading bands of diferent resolutions in EPSG:32634
2025-08-18 23:46:53,638 - INFO - timeseries_processing.py:119 -     Filtering items with native UTM EPSG:32634
2025-08-18 23:46:53,638 - INFO - timeseries_processing.py:121 -     15 Items in EPSG:32634
2025-08-18 23:46:53,638 - INFO - timeseries_processing.py:128 -                        
2025-08-18 23:46:53,638 - INFO - timeseries_processing.py:129 -     Loading parameters:
2025-08-18 23:46:53,638 - INFO - timeseries_processing.py:130 -         Bands: ['B05', 'B07', 'B8A', 'SCL']
2025-08-18 23:46:53,638 - INFO - timeseries_processing.py:131 -         Spatial resolution: 20
2025-08-18 23:46:53,638 - INFO - timeseries_processing.py:133 -         Get Assets from STAC Items
2025-08-18 23:46:53,638 - INFO - timeseries_processing.py:46 -         Initialize the STAC client
2025-08-18 23:46:54,142 - INFO - timeseries_processing.py:136 -         Loading 15 STAC Items....
2025-08-18 23:48:16,034 - INFO - timeseries_processing.py:158 -         Cube has been downloaded
2025-08-18 23:48:16,035 - INFO - timeseries_processing.py:167 -         Fix order of dimensions
2025-08-18 23:48:16,037 - INFO - timeseries_processing.py:172 -         Append bands to the band-list of EPSG:32634
2025-08-18 23:48:16,037 - INFO - timeseries_processing.py:128 -                        
2025-08-18 23:48:16,037 - INFO - timeseries_processing.py:129 -     Loading parameters:
2025-08-18 23:48:16,037 - INFO - timeseries_processing.py:130 -         Bands: ['B02', 'B03', 'B04']
2025-08-18 23:48:16,039 - INFO - timeseries_processing.py:131 -         Spatial resolution: 10
2025-08-18 23:48:16,039 - INFO - timeseries_processing.py:133 -         Get Assets from STAC Items
2025-08-18 23:48:16,039 - INFO - timeseries_processing.py:46 -         Initialize the STAC client
2025-08-18 23:48:16,603 - INFO - timeseries_processing.py:136 -         Loading 15 STAC Items....
2025-08-18 23:51:27,237 - INFO - timeseries_processing.py:158 -         Cube has been downloaded
2025-08-18 23:51:27,237 - INFO - timeseries_processing.py:161 -         Downsample 10m bands to 20m by average 2x2 binning
2025-08-18 23:51:40,106 - INFO - timeseries_processing.py:164 -         Warp (reproject) 2x2 binned bands to match shape of native 20m bands: method=bilinear
2025-08-18 23:51:50,575 - INFO - timeseries_processing.py:172 -         Append bands to the band-list of EPSG:32634
2025-08-18 23:51:50,575 - INFO - timeseries_processing.py:176 -                        
2025-08-18 23:51:50,575 - INFO - timeseries_processing.py:177 -     Merging bands in a single dataset
2025-08-18 23:51:50,575 - INFO - timeseries_processing.py:178 -     Ensure all partial datasets are at (x=20, y=-20) resolution
2025-08-18 23:51:50,577 - INFO - timeseries_processing.py:182 -     Clip to the intersection of indexes
2025-08-18 23:51:51,855 - INFO - timeseries_processing.py:191 -     Make a list of bands to merge
2025-08-18 23:51:51,855 - INFO - timeseries_processing.py:195 -     Merge on intersection
2025-08-18 23:51:51,856 - INFO - timeseries_processing.py:203 -     Apply masks on clouds, shadows, thin cirrus, and snow/ice
2025-08-18 23:51:51,856 - INFO - sentinel2.py:122 -                Masking bits: [3, 7, 8, 9, 10, 11]
2025-08-18 23:51:53,101 - INFO - timeseries_processing.py:209 -     Reproject to Tiling Schema projection EPSG:3035
2025-08-18 23:52:06,046 - INFO - composites.py:307 - Clip and align to tile geometry
2025-08-18 23:52:10,244 - INFO - composites.py:340 - Creating preview plot of input scenes
2025-08-18 23:52:48,906 - INFO - timeseries_processing.py:367 - Saved preview for 'B04' to //nas-rs.topo.auth.gr/Latomeia/DROUGHT/COMPOS/2020/12/x10_y08/S2L2A_medcomp_x10_y08_202012_InDataPreview.jpeg
2025-08-18 23:52:48,926 - INFO - composites.py:346 - Clip value range
2025-08-18 23:52:50,909 - INFO - composites.py:351 -                           
2025-08-18 23:52:50,920 - INFO - composites.py:352 - Computing spectral indices:
2025-08-18 23:52:50,921 - INFO - composites.py:355 -     EVI...
2025-08-18 23:52:52,217 - INFO - composites.py:357 -     NDVI...
2025-08-18 23:52:52,481 - INFO - composites.py:359 -     PSRI2...
2025-08-18 23:52:52,846 - INFO - composites.py:362 - Clip to typical value range
2025-08-18 23:52:53,315 - INFO - composites.py:369 - Reducing to median value temporal composite
2025-08-18 23:53:19,231 - INFO - composites.py:388 - Define data types and nodata per band
2025-08-18 23:53:19,388 - INFO - composites.py:409 - Assign time range and tile ID in metadata
2025-08-18 23:53:19,388 - INFO - composites.py:417 - Write bands to raster COG files
2025-08-18 23:53:24,014 - INFO - composites.py:430 - Write B02 -> //nas-rs.topo.auth.gr/Latomeia/DROUGHT/COMPOS/2020/12/x10_y08/S2L2A_medcomp_x10_y08_202012_B02.tif
2025-08-18 23:53:28,703 - INFO - composites.py:430 - Write B03 -> //nas-rs.topo.auth.gr/Latomeia/DROUGHT/COMPOS/2020/12/x10_y08/S2L2A_medcomp_x10_y08_202012_B03.tif
2025-08-18 23:53:33,668 - INFO - composites.py:430 - Write B04 -> //nas-rs.topo.auth.gr/Latomeia/DROUGHT/COMPOS/2020/12/x10_y08/S2L2A_medcomp_x10_y08_202012_B04.tif
2025-08-18 23:53:38,373 - INFO - composites.py:430 - Write B05 -> //nas-rs.topo.auth.gr/Latomeia/DROUGHT/COMPOS/2020/12/x10_y08/S2L2A_medcomp_x10_y08_202012_B05.tif
2025-08-18 23:53:43,089 - INFO - composites.py:430 - Write B07 -> //nas-rs.topo.auth.gr/Latomeia/DROUGHT/COMPOS/2020/12/x10_y08/S2L2A_medcomp_x10_y08_202012_B07.tif
2025-08-18 23:53:47,971 - INFO - composites.py:430 - Write B8A -> //nas-rs.topo.auth.gr/Latomeia/DROUGHT/COMPOS/2020/12/x10_y08/S2L2A_medcomp_x10_y08_202012_B8A.tif
2025-08-18 23:53:52,572 - INFO - composites.py:430 - Write EVI -> //nas-rs.topo.auth.gr/Latomeia/DROUGHT/COMPOS/2020/12/x10_y08/S2L2A_medcomp_x10_y08_202012_evi.tif
2025-08-18 23:53:57,144 - INFO - composites.py:430 - Write NDVI -> //nas-rs.topo.auth.gr/Latomeia/DROUGHT/COMPOS/2020/12/x10_y08/S2L2A_medcomp_x10_y08_202012_ndvi.tif
2025-08-18 23:54:01,878 - INFO - composites.py:430 - Write PSRI2 -> //nas-rs.topo.auth.gr/Latomeia/DROUGHT/COMPOS/2020/12/x10_y08/S2L2A_medcomp_x10_y08_202012_psri2.tif
2025-08-18 23:54:01,894 - INFO - composites.py:434 - Prepare metadata YAML document
2025-08-18 23:54:02,655 - INFO - composites.py:455 - Write metadata YAML document to disk
2025-08-18 23:54:02,696 - INFO - composites.py:460 - Create datacube.model.Dataset from eo3 metadata
2025-08-18 23:54:02,708 - INFO - composites.py:471 - Index to datacube
2025-08-18 23:54:02,708 - INFO - _datasets.py:191 - Indexing d975f7ce-ee07-41a5-9a38-45c0e7404b41
2025-08-18 23:54:02,724 - INFO - composites.py:474 - 
2025-08-18 23:54:02,724 - INFO - composites.py:475 -              ✔✔✔ COMPLETED: Tile x10_y08 | Time: 2020-12 | In 8.66 minutes
2025-08-18 23:54:02,724 - INFO - composites.py:476 - 
2025-08-18 23:54:02,724 - INFO - composites.py:484 - Closing Dask client
2025-08-18 23:54:02,726 - INFO - composites.py:488 - Closing Dask cluster
2025-08-18 23:54:02,726 - INFO - composites.py:489 - #######################################################################
