2025-08-18 03:58:35,987 - INFO - composites.py:104 - #######################################################################
2025-08-18 03:58:35,987 - INFO - composites.py:106 - Processing started
2025-08-18 03:58:35,987 - INFO - composites.py:107 -         Tile: x09_y12
2025-08-18 03:58:35,987 - INFO - composites.py:108 -         Time: 2020-06
2025-08-18 03:58:35,987 - INFO - composites.py:111 -                           
2025-08-18 03:58:35,988 - INFO - composites.py:112 - Establishing connection to datacube
2025-08-18 03:58:36,665 - INFO - composites.py:115 -                           
2025-08-18 03:58:36,667 - INFO - composites.py:116 - Sanity test: Check if dataset already exists in the datacube
2025-08-18 03:58:36,684 - INFO - composites.py:134 - The composite requested will be computed
2025-08-18 03:58:36,684 - INFO - composites.py:137 -                                  
2025-08-18 03:58:36,685 - INFO - composites.py:138 - Initializing Dask cluster for parallelization
2025-08-18 03:58:42,772 - INFO - composites.py:170 - Dask dashboard is available at: http://127.0.0.1:8787/status
2025-08-18 03:58:42,773 - INFO - composites.py:173 - Create directories and naming conversions
2025-08-18 03:58:42,779 - INFO - composites.py:184 - Dataset location: //nas-rs.topo.auth.gr/Latomeia/DROUGHT/COMPOS/2020/06/x09_y12
2025-08-18 03:58:42,779 - INFO - composites.py:187 -                           
2025-08-18 03:58:42,779 - INFO - composites.py:188 - Retrieve tile geometry
2025-08-18 03:58:42,820 - INFO - composites.py:199 - Create the Bounding Box (φ,λ)
2025-08-18 03:58:42,820 - INFO - composites.py:205 - Create the Bounding Box (x,y)
2025-08-18 03:58:42,821 - INFO - composites.py:218 -                           
2025-08-18 03:58:42,821 - INFO - composites.py:219 - Connect to Planetary Computer STAC Catalog
2025-08-18 03:58:43,107 - INFO - composites.py:227 - Search the STAC Catalog
2025-08-18 03:58:43,191 - INFO - composites.py:239 -         Query parameters:
2025-08-18 03:58:43,192 - INFO - composites.py:240 -             url:          https://planetarycomputer.microsoft.com/api/stac/v1/search
2025-08-18 03:58:43,192 - INFO - composites.py:241 -             client:       microsoft-pc
2025-08-18 03:58:43,192 - INFO - composites.py:242 -             collection:   sentinel-2-l2a
2025-08-18 03:58:43,192 - INFO - composites.py:243 -             bbox:         (22.089419530330954, 38.650163857606934, 22.765503460110533, 39.19943817102155)
2025-08-18 03:58:43,192 - INFO - composites.py:244 -             time range:   2020-06-01T00:00:00Z/2020-06-30T23:59:59Z
2025-08-18 03:58:43,192 - INFO - composites.py:245 -             cloud cover:  0% - 70%
2025-08-18 03:58:43,192 - INFO - composites.py:246 -             nodata cover: 0% - 33%
2025-08-18 03:58:43,192 - INFO - composites.py:248 -                           
2025-08-18 03:58:43,192 - INFO - composites.py:249 - Searching...
2025-08-18 03:58:43,632 - INFO - composites.py:252 - Query found 24 items
2025-08-18 03:58:43,632 - INFO - composites.py:254 - Searching for GRI REFINED scenes:
2025-08-18 03:58:45,545 - INFO - sentinel2.py:63 - 1/24 - S2B_MSIL2A_20200627T092029_R093_T34SFJ_20200824T084052 -> Not Found
2025-08-18 03:58:47,431 - INFO - sentinel2.py:63 - 2/24 - S2B_MSIL2A_20200627T092029_R093_T34SFH_20200824T084050 -> Not Found
2025-08-18 03:58:49,078 - INFO - sentinel2.py:63 - 3/24 - S2B_MSIL2A_20200627T092029_R093_T34SEJ_20200824T084052 -> Not Found
2025-08-18 03:58:50,860 - INFO - sentinel2.py:63 - 4/24 - S2B_MSIL2A_20200627T092029_R093_T34SEH_20200908T172923 -> Not Found
2025-08-18 03:58:52,542 - INFO - sentinel2.py:63 - 5/24 - S2A_MSIL2A_20200622T092031_R093_T34SFJ_20200823T155859 -> Not Found
2025-08-18 03:58:54,086 - INFO - sentinel2.py:63 - 6/24 - S2A_MSIL2A_20200622T092031_R093_T34SFH_20200823T155905 -> Not Found
2025-08-18 03:58:55,765 - INFO - sentinel2.py:63 - 7/24 - S2A_MSIL2A_20200622T092031_R093_T34SEJ_20200823T155851 -> Not Found
2025-08-18 03:59:00,210 - INFO - sentinel2.py:63 - 8/24 - S2A_MSIL2A_20200622T092031_R093_T34SEH_20200823T155855 -> Not Found
2025-08-18 03:59:01,958 - INFO - sentinel2.py:63 - 9/24 - S2B_MSIL2A_20200617T092029_R093_T34SFJ_20200823T030300 -> Not Found
2025-08-18 03:59:03,957 - INFO - sentinel2.py:63 - 10/24 - S2B_MSIL2A_20200617T092029_R093_T34SFH_20200908T173003 -> Not Found
2025-08-18 03:59:05,942 - INFO - sentinel2.py:63 - 11/24 - S2B_MSIL2A_20200617T092029_R093_T34SEJ_20200908T172926 -> Not Found
2025-08-18 03:59:07,784 - INFO - sentinel2.py:63 - 12/24 - S2B_MSIL2A_20200617T092029_R093_T34SEH_20200908T172928 -> Not Found
2025-08-18 03:59:09,825 - INFO - sentinel2.py:63 - 13/24 - S2A_MSIL2A_20200612T092041_R093_T34SFJ_20200827T020832 -> Not Found
2025-08-18 03:59:11,493 - INFO - sentinel2.py:63 - 14/24 - S2A_MSIL2A_20200612T092041_R093_T34SFH_20200827T020830 -> Not Found
2025-08-18 03:59:13,118 - INFO - sentinel2.py:63 - 15/24 - S2A_MSIL2A_20200612T092041_R093_T34SEJ_20200827T020825 -> Not Found
2025-08-18 03:59:15,092 - INFO - sentinel2.py:63 - 16/24 - S2A_MSIL2A_20200612T092041_R093_T34SEH_20200827T020824 -> Not Found
2025-08-18 03:59:17,147 - INFO - sentinel2.py:63 - 17/24 - S2B_MSIL2A_20200607T092029_R093_T34SFJ_20200826T124948 -> Not Found
2025-08-18 03:59:18,854 - INFO - sentinel2.py:63 - 18/24 - S2B_MSIL2A_20200607T092029_R093_T34SFH_20201101T142239 -> Not Found
2025-08-18 03:59:20,523 - INFO - sentinel2.py:63 - 19/24 - S2B_MSIL2A_20200607T092029_R093_T34SEJ_20200826T124945 -> Not Found
2025-08-18 03:59:22,246 - INFO - sentinel2.py:63 - 20/24 - S2B_MSIL2A_20200607T092029_R093_T34SEH_20200826T124948 -> Not Found
2025-08-18 03:59:23,915 - INFO - sentinel2.py:63 - 21/24 - S2A_MSIL2A_20200602T092041_R093_T34SFJ_20200825T202002 -> Not Found
2025-08-18 03:59:25,596 - INFO - sentinel2.py:63 - 22/24 - S2A_MSIL2A_20200602T092041_R093_T34SFH_20200825T202003 -> Not Found
2025-08-18 03:59:27,556 - INFO - sentinel2.py:63 - 23/24 - S2A_MSIL2A_20200602T092041_R093_T34SEJ_20200825T202002 -> Not Found
2025-08-18 03:59:29,344 - INFO - sentinel2.py:63 - 24/24 - S2A_MSIL2A_20200602T092041_R093_T34SEH_20200825T201959 -> Not Found
2025-08-18 03:59:29,360 - INFO - composites.py:257 -                                  
2025-08-18 03:59:29,360 - INFO - composites.py:258 - 0/24 were refined by GRI.
2025-08-18 03:59:29,360 - WARNING - composites.py:262 - Tile x09_y12 | Time: 2020-06: All scenes are flagged NOT REFINED.
2025-08-18 03:59:29,360 - WARNING - composites.py:263 - Tile x09_y12 | Time: 2020-06: The composite will be flagged with _NOREFINED.
2025-08-18 03:59:29,361 - INFO - composites.py:270 - Looking for up to 10 cleanest images within spatiotemporal range of each MGRS tile
2025-08-18 03:59:29,361 - INFO - composites.py:284 - Filtered cleanest scenes: Kept 24 out of 24 items. 
2025-08-18 03:59:29,361 - INFO - composites.py:285 -         Included MGRS Tiles: ['34SEH' '34SEJ' '34SFH' '34SFJ']
2025-08-18 03:59:29,361 - INFO - composites.py:286 -         Included EPSG codes: [32634]
2025-08-18 03:59:29,373 - INFO - composites.py:288 - Selected scenes:
2025-08-18 03:59:29,373 - INFO - composites.py:290 -         S2B_MSIL2A_20200627T092029_R093_T34SEH_20200908T172923
2025-08-18 03:59:29,373 - INFO - composites.py:290 -         S2A_MSIL2A_20200612T092041_R093_T34SEH_20200827T020824
2025-08-18 03:59:29,373 - INFO - composites.py:290 -         S2B_MSIL2A_20200607T092029_R093_T34SEH_20200826T124948
2025-08-18 03:59:29,373 - INFO - composites.py:290 -         S2A_MSIL2A_20200602T092041_R093_T34SEH_20200825T201959
2025-08-18 03:59:29,373 - INFO - composites.py:290 -         S2A_MSIL2A_20200622T092031_R093_T34SEH_20200823T155855
2025-08-18 03:59:29,373 - INFO - composites.py:290 -         S2B_MSIL2A_20200617T092029_R093_T34SEH_20200908T172928
2025-08-18 03:59:29,374 - INFO - composites.py:290 -         S2B_MSIL2A_20200607T092029_R093_T34SEJ_20200826T124945
2025-08-18 03:59:29,374 - INFO - composites.py:290 -         S2B_MSIL2A_20200627T092029_R093_T34SEJ_20200824T084052
2025-08-18 03:59:29,374 - INFO - composites.py:290 -         S2A_MSIL2A_20200612T092041_R093_T34SEJ_20200827T020825
2025-08-18 03:59:29,374 - INFO - composites.py:290 -         S2A_MSIL2A_20200602T092041_R093_T34SEJ_20200825T202002
2025-08-18 03:59:29,374 - INFO - composites.py:290 -         S2B_MSIL2A_20200617T092029_R093_T34SEJ_20200908T172926
2025-08-18 03:59:29,374 - INFO - composites.py:290 -         S2A_MSIL2A_20200622T092031_R093_T34SEJ_20200823T155851
2025-08-18 03:59:29,374 - INFO - composites.py:290 -         S2B_MSIL2A_20200627T092029_R093_T34SFH_20200824T084050
2025-08-18 03:59:29,374 - INFO - composites.py:290 -         S2A_MSIL2A_20200612T092041_R093_T34SFH_20200827T020830
2025-08-18 03:59:29,374 - INFO - composites.py:290 -         S2B_MSIL2A_20200617T092029_R093_T34SFH_20200908T173003
2025-08-18 03:59:29,374 - INFO - composites.py:290 -         S2B_MSIL2A_20200607T092029_R093_T34SFH_20201101T142239
2025-08-18 03:59:29,374 - INFO - composites.py:290 -         S2A_MSIL2A_20200602T092041_R093_T34SFH_20200825T202003
2025-08-18 03:59:29,374 - INFO - composites.py:290 -         S2A_MSIL2A_20200622T092031_R093_T34SFH_20200823T155905
2025-08-18 03:59:29,374 - INFO - composites.py:290 -         S2A_MSIL2A_20200612T092041_R093_T34SFJ_20200827T020832
2025-08-18 03:59:29,374 - INFO - composites.py:290 -         S2B_MSIL2A_20200607T092029_R093_T34SFJ_20200826T124948
2025-08-18 03:59:29,374 - INFO - composites.py:290 -         S2B_MSIL2A_20200627T092029_R093_T34SFJ_20200824T084052
2025-08-18 03:59:29,374 - INFO - composites.py:290 -         S2B_MSIL2A_20200617T092029_R093_T34SFJ_20200823T030300
2025-08-18 03:59:29,374 - INFO - composites.py:290 -         S2A_MSIL2A_20200602T092041_R093_T34SFJ_20200825T202002
2025-08-18 03:59:29,374 - INFO - composites.py:290 -         S2A_MSIL2A_20200622T092031_R093_T34SFJ_20200823T155859
2025-08-18 03:59:29,943 - INFO - sentinel2.py:139 - Matplotlib backend: Agg
2025-08-18 03:59:30,256 - INFO - sentinel2.py:209 - Write input scenes footprint overlay: //nas-rs.topo.auth.gr/Latomeia/DROUGHT/COMPOS/2020/06/x09_y12/S2L2A_medcomp_x09_y12_202006_InDataFootprint.jpeg
2025-08-18 03:59:30,518 - INFO - composites.py:304 -                                  
2025-08-18 03:59:30,520 - INFO - composites.py:305 - Downstream STAC items from Planetary Computer
2025-08-18 03:59:30,520 - INFO - timeseries_processing.py:99 -                                  
2025-08-18 03:59:30,520 - INFO - timeseries_processing.py:100 - Loading bands of diferent resolutions in EPSG:32634
2025-08-18 03:59:30,520 - INFO - timeseries_processing.py:104 -     Filtering items with native UTM EPSG:32634
2025-08-18 03:59:30,520 - INFO - timeseries_processing.py:106 -     24 Items in EPSG:32634
2025-08-18 03:59:30,520 - INFO - timeseries_processing.py:113 -                        
2025-08-18 03:59:30,520 - INFO - timeseries_processing.py:114 -     Loading parameters:
2025-08-18 03:59:30,520 - INFO - timeseries_processing.py:115 -         Bands: ['B05', 'B07', 'B8A', 'SCL']
2025-08-18 03:59:30,520 - INFO - timeseries_processing.py:116 -         Spatial resolution: 20
2025-08-18 03:59:30,520 - INFO - timeseries_processing.py:118 -         Get Assets from STAC Items
2025-08-18 03:59:30,520 - INFO - timeseries_processing.py:31 -         Initialize the STAC client
2025-08-18 03:59:31,149 - INFO - timeseries_processing.py:121 -         Loading 24 STAC Items....
2025-08-18 04:01:06,185 - INFO - timeseries_processing.py:143 -         Cube has been downloaded
2025-08-18 04:01:06,195 - INFO - timeseries_processing.py:152 -         Fix order of dimensions
2025-08-18 04:01:06,197 - INFO - timeseries_processing.py:157 -         Append bands to the band-list of EPSG:32634
2025-08-18 04:01:06,198 - INFO - timeseries_processing.py:113 -                        
2025-08-18 04:01:06,202 - INFO - timeseries_processing.py:114 -     Loading parameters:
2025-08-18 04:01:06,203 - INFO - timeseries_processing.py:115 -         Bands: ['B02', 'B03', 'B04']
2025-08-18 04:01:06,203 - INFO - timeseries_processing.py:116 -         Spatial resolution: 10
2025-08-18 04:01:06,203 - INFO - timeseries_processing.py:118 -         Get Assets from STAC Items
2025-08-18 04:01:06,204 - INFO - timeseries_processing.py:31 -         Initialize the STAC client
2025-08-18 04:01:06,944 - INFO - timeseries_processing.py:121 -         Loading 24 STAC Items....
2025-08-18 04:04:32,132 - INFO - timeseries_processing.py:143 -         Cube has been downloaded
2025-08-18 04:04:32,132 - INFO - timeseries_processing.py:146 -         Downsample 10m bands to 20m by average 2x2 binning
2025-08-18 04:04:40,551 - INFO - timeseries_processing.py:149 -         Warp (reproject) 2x2 binned bands like native 20m bands: method=bilinear
2025-08-18 04:04:48,747 - INFO - timeseries_processing.py:157 -         Append bands to the band-list of EPSG:32634
2025-08-18 04:04:48,747 - INFO - timeseries_processing.py:161 -                        
2025-08-18 04:04:48,747 - INFO - timeseries_processing.py:162 -     Merging bands in a single dataset
2025-08-18 04:04:48,747 - INFO - timeseries_processing.py:163 -     Ensure all partial datasets are at (x=20, y=-20) resolution
2025-08-18 04:04:48,747 - INFO - timeseries_processing.py:167 -     Clip to the intersection of indexes
2025-08-18 04:04:49,956 - INFO - timeseries_processing.py:176 -     Make a list of bands to merge
2025-08-18 04:04:49,957 - INFO - timeseries_processing.py:180 -     Merge on intersection
2025-08-18 04:04:49,959 - INFO - timeseries_processing.py:188 -     Apply masks on clouds, shadows, thin cirrus, and snow/ice
2025-08-18 04:04:49,959 - INFO - sentinel2.py:107 -                Masking bits: [3, 7, 8, 9, 10, 11]
2025-08-18 04:04:50,794 - INFO - timeseries_processing.py:194 -     Reproject to Tiling Schema projection EPSG:3035
2025-08-18 04:04:59,323 - INFO - composites.py:314 - Clip and align to tile geometry
2025-08-18 04:05:02,157 - INFO - composites.py:347 - Creating preview plot of input scenes
2025-08-18 04:05:33,468 - INFO - timeseries_processing.py:352 - Saved preview for 'B04' to //nas-rs.topo.auth.gr/Latomeia/DROUGHT/COMPOS/2020/06/x09_y12/S2L2A_medcomp_x09_y12_202006_InDataPreview.jpeg
2025-08-18 04:05:33,473 - INFO - composites.py:353 - Clip value range
2025-08-18 04:05:34,817 - INFO - composites.py:358 -                           
2025-08-18 04:05:34,818 - INFO - composites.py:359 - Computing spectral indices:
2025-08-18 04:05:34,818 - INFO - composites.py:362 -     EVI...
2025-08-18 04:05:35,671 - INFO - composites.py:364 -     NDVI...
2025-08-18 04:05:35,849 - INFO - composites.py:366 -     PSRI2...
2025-08-18 04:05:36,107 - INFO - composites.py:369 - Clip to typical value range
2025-08-18 04:05:36,383 - INFO - composites.py:376 - Reducing to median value temporal composite
2025-08-18 04:06:02,290 - INFO - composites.py:395 - Define data types and nodata per band
2025-08-18 04:06:02,478 - INFO - composites.py:416 - Assign time range and tile ID in metadata
2025-08-18 04:06:02,478 - INFO - composites.py:424 - Write bands to raster COG files
2025-08-18 04:06:07,082 - INFO - composites.py:437 - Write B02 -> //nas-rs.topo.auth.gr/Latomeia/DROUGHT/COMPOS/2020/06/x09_y12/S2L2A_medcomp_x09_y12_202006_B02.tif
2025-08-18 04:06:11,831 - INFO - composites.py:437 - Write B03 -> //nas-rs.topo.auth.gr/Latomeia/DROUGHT/COMPOS/2020/06/x09_y12/S2L2A_medcomp_x09_y12_202006_B03.tif
2025-08-18 04:06:16,447 - INFO - composites.py:437 - Write B04 -> //nas-rs.topo.auth.gr/Latomeia/DROUGHT/COMPOS/2020/06/x09_y12/S2L2A_medcomp_x09_y12_202006_B04.tif
2025-08-18 04:06:21,111 - INFO - composites.py:437 - Write B05 -> //nas-rs.topo.auth.gr/Latomeia/DROUGHT/COMPOS/2020/06/x09_y12/S2L2A_medcomp_x09_y12_202006_B05.tif
2025-08-18 04:06:25,850 - INFO - composites.py:437 - Write B07 -> //nas-rs.topo.auth.gr/Latomeia/DROUGHT/COMPOS/2020/06/x09_y12/S2L2A_medcomp_x09_y12_202006_B07.tif
2025-08-18 04:06:30,569 - INFO - composites.py:437 - Write B8A -> //nas-rs.topo.auth.gr/Latomeia/DROUGHT/COMPOS/2020/06/x09_y12/S2L2A_medcomp_x09_y12_202006_B8A.tif
2025-08-18 04:06:35,292 - INFO - composites.py:437 - Write EVI -> //nas-rs.topo.auth.gr/Latomeia/DROUGHT/COMPOS/2020/06/x09_y12/S2L2A_medcomp_x09_y12_202006_evi.tif
2025-08-18 04:06:40,102 - INFO - composites.py:437 - Write NDVI -> //nas-rs.topo.auth.gr/Latomeia/DROUGHT/COMPOS/2020/06/x09_y12/S2L2A_medcomp_x09_y12_202006_ndvi.tif
2025-08-18 04:06:45,067 - INFO - composites.py:437 - Write PSRI2 -> //nas-rs.topo.auth.gr/Latomeia/DROUGHT/COMPOS/2020/06/x09_y12/S2L2A_medcomp_x09_y12_202006_psri2.tif
2025-08-18 04:06:45,068 - INFO - composites.py:441 - Prepare metadata YAML document
2025-08-18 04:06:45,916 - INFO - composites.py:462 - Write metadata YAML document to disk
2025-08-18 04:06:45,960 - INFO - composites.py:467 - Create datacube.model.Dataset from eo3 metadata
2025-08-18 04:06:45,972 - INFO - composites.py:477 - Index to datacube
2025-08-18 04:06:45,972 - INFO - _datasets.py:191 - Indexing 787449dc-8c51-4fd1-a894-7037fb57b758
2025-08-18 04:06:45,981 - INFO - composites.py:480 - 
2025-08-18 04:06:45,981 - INFO - composites.py:481 -              ✔✔✔ COMPLETED: Tile x09_y12 | Time: 2020-06 | In 8.17 minutes
2025-08-18 04:06:45,981 - INFO - composites.py:482 - 
2025-08-18 04:06:45,982 - INFO - composites.py:490 - Closing Dask client
2025-08-18 04:06:45,983 - INFO - composites.py:494 - Closing Dask cluster
