2025-08-18 22:39:50,868 - INFO - composites.py:104 - #######################################################################
2025-08-18 22:39:50,868 - INFO - composites.py:106 - Processing started
2025-08-18 22:39:50,868 - INFO - composites.py:107 -         Tile: x08_y10
2025-08-18 22:39:50,868 - INFO - composites.py:108 -         Time: 2020-12
2025-08-18 22:39:50,868 - INFO - composites.py:111 -                           
2025-08-18 22:39:50,868 - INFO - composites.py:112 - Establishing connection to datacube
2025-08-18 22:39:51,549 - INFO - composites.py:115 -                           
2025-08-18 22:39:51,551 - INFO - composites.py:116 - Sanity test: Check if dataset already exists in the datacube
2025-08-18 22:39:51,569 - INFO - composites.py:135 - The composite requested was not found and it will be computed
2025-08-18 22:39:51,569 - INFO - composites.py:138 -                                  
2025-08-18 22:39:51,569 - INFO - composites.py:139 - Initializing Dask cluster for parallelization
2025-08-18 22:39:57,656 - INFO - composites.py:163 - Dask dashboard is available at: http://127.0.0.1:8787/status
2025-08-18 22:39:57,656 - INFO - composites.py:166 - Create directories and naming conversions
2025-08-18 22:39:57,662 - INFO - composites.py:177 - Dataset location: //nas-rs.topo.auth.gr/Latomeia/DROUGHT/COMPOS/2020/12/x08_y10
2025-08-18 22:39:57,662 - INFO - composites.py:180 -                           
2025-08-18 22:39:57,662 - INFO - composites.py:181 - Retrieve tile geometry
2025-08-18 22:39:57,699 - INFO - composites.py:192 - Create the Bounding Box (φ,λ)
2025-08-18 22:39:57,699 - INFO - composites.py:198 - Create the Bounding Box (x,y)
2025-08-18 22:39:57,699 - INFO - composites.py:211 -                           
2025-08-18 22:39:57,699 - INFO - composites.py:212 - Connect to Planetary Computer STAC Catalog
2025-08-18 22:39:57,953 - INFO - composites.py:220 - Search the STAC Catalog
2025-08-18 22:39:58,035 - INFO - composites.py:232 -         Query parameters:
2025-08-18 22:39:58,035 - INFO - composites.py:233 -             url:          https://planetarycomputer.microsoft.com/api/stac/v1/search
2025-08-18 22:39:58,035 - INFO - composites.py:234 -             client:       microsoft-pc
2025-08-18 22:39:58,035 - INFO - composites.py:235 -             collection:   sentinel-2-l2a
2025-08-18 22:39:58,036 - INFO - composites.py:236 -             bbox:         (21.39727761573884, 37.861889619476244, 22.06149084282509, 38.40823766792774)
2025-08-18 22:39:58,036 - INFO - composites.py:237 -             time range:   2020-12-01T00:00:00Z/2020-12-31T23:59:59Z
2025-08-18 22:39:58,036 - INFO - composites.py:238 -             cloud cover:  0% - 70%
2025-08-18 22:39:58,036 - INFO - composites.py:239 -             nodata cover: 0% - 33%
2025-08-18 22:39:58,036 - INFO - composites.py:241 -                           
2025-08-18 22:39:58,036 - INFO - composites.py:242 - Searching...
2025-08-18 22:39:58,463 - INFO - composites.py:245 - Query found 8 items
2025-08-18 22:39:58,463 - INFO - composites.py:247 - Searching for GRI REFINED scenes:
2025-08-18 22:40:03,991 - INFO - sentinel2.py:78 - 1/8 - S2B_MSIL2A_20201224T092319_R093_T34SEH_20201225T042842 -> Not Found
2025-08-18 22:40:09,308 - INFO - sentinel2.py:78 - 2/8 - S2B_MSIL2A_20201224T092319_R093_T34SEG_20201225T041702 -> Not Found
2025-08-18 22:40:14,813 - INFO - sentinel2.py:78 - 3/8 - S2A_MSIL2A_20201219T092411_R093_T34SEH_20210105T014842 -> Not Found
2025-08-18 22:40:19,944 - INFO - sentinel2.py:78 - 4/8 - S2A_MSIL2A_20201219T092411_R093_T34SEG_20210513T181936 -> Not Found
2025-08-18 22:40:28,064 - INFO - sentinel2.py:78 - 5/8 - S2B_MSIL2A_20201214T092309_R093_T34SEH_20201214T220124 -> Not Found
2025-08-18 22:40:33,632 - INFO - sentinel2.py:78 - 6/8 - S2A_MSIL2A_20201209T092401_R093_T34SEH_20201210T142902 -> Not Found
2025-08-18 22:40:38,885 - INFO - sentinel2.py:78 - 7/8 - S2A_MSIL2A_20201209T092401_R093_T34SEG_20201210T142856 -> Not Found
2025-08-18 22:40:44,890 - INFO - sentinel2.py:78 - 8/8 - S2B_MSIL2A_20201204T092349_R093_T34SEG_20201213T185243 -> Not Found
2025-08-18 22:40:44,930 - INFO - composites.py:250 -                                  
2025-08-18 22:40:44,930 - INFO - composites.py:251 - 0/8 were refined by GRI.
2025-08-18 22:40:44,930 - WARNING - composites.py:255 - Tile x08_y10 | Time: 2020-12: All scenes are flagged NOT REFINED.
2025-08-18 22:40:44,930 - WARNING - composites.py:256 - Tile x08_y10 | Time: 2020-12: The composite will be flagged with _NOREFINED.
2025-08-18 22:40:44,930 - INFO - composites.py:263 - Looking for up to 10 cleanest images within spatiotemporal range of each MGRS tile
2025-08-18 22:40:44,932 - INFO - composites.py:277 - Filtered cleanest scenes: Kept 8 out of 8 items. 
2025-08-18 22:40:44,932 - INFO - composites.py:278 -         Included MGRS Tiles: ['34SEG' '34SEH']
2025-08-18 22:40:44,933 - INFO - composites.py:279 -         Included EPSG codes: [32634]
2025-08-18 22:40:44,933 - INFO - composites.py:281 - Selected scenes:
2025-08-18 22:40:44,933 - INFO - composites.py:283 -         S2A_MSIL2A_20201219T092411_R093_T34SEG_20210513T181936
2025-08-18 22:40:44,933 - INFO - composites.py:283 -         S2B_MSIL2A_20201224T092319_R093_T34SEG_20201225T041702
2025-08-18 22:40:44,933 - INFO - composites.py:283 -         S2A_MSIL2A_20201209T092401_R093_T34SEG_20201210T142856
2025-08-18 22:40:44,933 - INFO - composites.py:283 -         S2B_MSIL2A_20201204T092349_R093_T34SEG_20201213T185243
2025-08-18 22:40:44,934 - INFO - composites.py:283 -         S2A_MSIL2A_20201219T092411_R093_T34SEH_20210105T014842
2025-08-18 22:40:44,934 - INFO - composites.py:283 -         S2B_MSIL2A_20201224T092319_R093_T34SEH_20201225T042842
2025-08-18 22:40:44,934 - INFO - composites.py:283 -         S2B_MSIL2A_20201214T092309_R093_T34SEH_20201214T220124
2025-08-18 22:40:44,934 - INFO - composites.py:283 -         S2A_MSIL2A_20201209T092401_R093_T34SEH_20201210T142902
2025-08-18 22:40:45,542 - INFO - sentinel2.py:154 - Matplotlib backend: Agg
2025-08-18 22:40:45,755 - INFO - sentinel2.py:224 - Write input scenes footprint overlay: //nas-rs.topo.auth.gr/Latomeia/DROUGHT/COMPOS/2020/12/x08_y10/S2L2A_medcomp_x08_y10_202012_InDataFootprint.jpeg
2025-08-18 22:40:45,979 - INFO - composites.py:297 -                                  
2025-08-18 22:40:45,979 - INFO - composites.py:298 - Downstream STAC items from Planetary Computer
2025-08-18 22:40:45,979 - INFO - timeseries_processing.py:114 -                                  
2025-08-18 22:40:45,979 - INFO - timeseries_processing.py:115 - Loading bands of diferent resolutions in EPSG:32634
2025-08-18 22:40:45,979 - INFO - timeseries_processing.py:119 -     Filtering items with native UTM EPSG:32634
2025-08-18 22:40:45,979 - INFO - timeseries_processing.py:121 -     8 Items in EPSG:32634
2025-08-18 22:40:45,979 - INFO - timeseries_processing.py:128 -                        
2025-08-18 22:40:45,979 - INFO - timeseries_processing.py:129 -     Loading parameters:
2025-08-18 22:40:45,979 - INFO - timeseries_processing.py:130 -         Bands: ['B05', 'B07', 'B8A', 'SCL']
2025-08-18 22:40:45,979 - INFO - timeseries_processing.py:131 -         Spatial resolution: 20
2025-08-18 22:40:45,979 - INFO - timeseries_processing.py:133 -         Get Assets from STAC Items
2025-08-18 22:40:45,979 - INFO - timeseries_processing.py:46 -         Initialize the STAC client
2025-08-18 22:40:46,517 - INFO - timeseries_processing.py:136 -         Loading 8 STAC Items....
2025-08-18 22:41:28,111 - INFO - timeseries_processing.py:158 -         Cube has been downloaded
2025-08-18 22:41:28,111 - INFO - timeseries_processing.py:167 -         Fix order of dimensions
2025-08-18 22:41:28,113 - INFO - timeseries_processing.py:172 -         Append bands to the band-list of EPSG:32634
2025-08-18 22:41:28,113 - INFO - timeseries_processing.py:128 -                        
2025-08-18 22:41:28,113 - INFO - timeseries_processing.py:129 -     Loading parameters:
2025-08-18 22:41:28,113 - INFO - timeseries_processing.py:130 -         Bands: ['B02', 'B03', 'B04']
2025-08-18 22:41:28,113 - INFO - timeseries_processing.py:131 -         Spatial resolution: 10
2025-08-18 22:41:28,113 - INFO - timeseries_processing.py:133 -         Get Assets from STAC Items
2025-08-18 22:41:28,113 - INFO - timeseries_processing.py:46 -         Initialize the STAC client
2025-08-18 22:41:28,745 - INFO - timeseries_processing.py:136 -         Loading 8 STAC Items....
2025-08-18 22:42:20,335 - INFO - timeseries_processing.py:158 -         Cube has been downloaded
2025-08-18 22:42:20,335 - INFO - timeseries_processing.py:161 -         Downsample 10m bands to 20m by average 2x2 binning
2025-08-18 22:42:27,346 - INFO - timeseries_processing.py:164 -         Warp (reproject) 2x2 binned bands to match shape of native 20m bands: method=bilinear
2025-08-18 22:42:33,033 - INFO - timeseries_processing.py:172 -         Append bands to the band-list of EPSG:32634
2025-08-18 22:42:33,033 - INFO - timeseries_processing.py:176 -                        
2025-08-18 22:42:33,033 - INFO - timeseries_processing.py:177 -     Merging bands in a single dataset
2025-08-18 22:42:33,033 - INFO - timeseries_processing.py:178 -     Ensure all partial datasets are at (x=20, y=-20) resolution
2025-08-18 22:42:33,034 - INFO - timeseries_processing.py:182 -     Clip to the intersection of indexes
2025-08-18 22:42:34,487 - INFO - timeseries_processing.py:191 -     Make a list of bands to merge
2025-08-18 22:42:34,487 - INFO - timeseries_processing.py:195 -     Merge on intersection
2025-08-18 22:42:34,489 - INFO - timeseries_processing.py:203 -     Apply masks on clouds, shadows, thin cirrus, and snow/ice
2025-08-18 22:42:34,489 - INFO - sentinel2.py:122 -                Masking bits: [3, 7, 8, 9, 10, 11]
2025-08-18 22:42:35,182 - INFO - timeseries_processing.py:209 -     Reproject to Tiling Schema projection EPSG:3035
2025-08-18 22:42:42,167 - INFO - composites.py:307 - Clip and align to tile geometry
2025-08-18 22:42:44,591 - INFO - composites.py:340 - Creating preview plot of input scenes
2025-08-18 22:43:13,087 - INFO - timeseries_processing.py:367 - Saved preview for 'B04' to //nas-rs.topo.auth.gr/Latomeia/DROUGHT/COMPOS/2020/12/x08_y10/S2L2A_medcomp_x08_y10_202012_InDataPreview.jpeg
2025-08-18 22:43:13,092 - INFO - composites.py:346 - Clip value range
2025-08-18 22:43:14,217 - INFO - composites.py:351 -                           
2025-08-18 22:43:14,224 - INFO - composites.py:352 - Computing spectral indices:
2025-08-18 22:43:14,224 - INFO - composites.py:355 -     EVI...
2025-08-18 22:43:14,886 - INFO - composites.py:357 -     NDVI...
2025-08-18 22:43:15,048 - INFO - composites.py:359 -     PSRI2...
2025-08-18 22:43:15,342 - INFO - composites.py:362 - Clip to typical value range
2025-08-18 22:43:15,570 - INFO - composites.py:369 - Reducing to median value temporal composite
2025-08-18 22:43:40,322 - INFO - composites.py:388 - Define data types and nodata per band
2025-08-18 22:43:40,473 - INFO - composites.py:409 - Assign time range and tile ID in metadata
2025-08-18 22:43:40,473 - INFO - composites.py:417 - Write bands to raster COG files
2025-08-18 22:43:45,196 - INFO - composites.py:430 - Write B02 -> //nas-rs.topo.auth.gr/Latomeia/DROUGHT/COMPOS/2020/12/x08_y10/S2L2A_medcomp_x08_y10_202012_B02.tif
2025-08-18 22:43:49,893 - INFO - composites.py:430 - Write B03 -> //nas-rs.topo.auth.gr/Latomeia/DROUGHT/COMPOS/2020/12/x08_y10/S2L2A_medcomp_x08_y10_202012_B03.tif
2025-08-18 22:43:54,516 - INFO - composites.py:430 - Write B04 -> //nas-rs.topo.auth.gr/Latomeia/DROUGHT/COMPOS/2020/12/x08_y10/S2L2A_medcomp_x08_y10_202012_B04.tif
2025-08-18 22:43:59,147 - INFO - composites.py:430 - Write B05 -> //nas-rs.topo.auth.gr/Latomeia/DROUGHT/COMPOS/2020/12/x08_y10/S2L2A_medcomp_x08_y10_202012_B05.tif
2025-08-18 22:44:03,839 - INFO - composites.py:430 - Write B07 -> //nas-rs.topo.auth.gr/Latomeia/DROUGHT/COMPOS/2020/12/x08_y10/S2L2A_medcomp_x08_y10_202012_B07.tif
2025-08-18 22:44:08,600 - INFO - composites.py:430 - Write B8A -> //nas-rs.topo.auth.gr/Latomeia/DROUGHT/COMPOS/2020/12/x08_y10/S2L2A_medcomp_x08_y10_202012_B8A.tif
2025-08-18 22:44:13,279 - INFO - composites.py:430 - Write EVI -> //nas-rs.topo.auth.gr/Latomeia/DROUGHT/COMPOS/2020/12/x08_y10/S2L2A_medcomp_x08_y10_202012_evi.tif
2025-08-18 22:44:17,811 - INFO - composites.py:430 - Write NDVI -> //nas-rs.topo.auth.gr/Latomeia/DROUGHT/COMPOS/2020/12/x08_y10/S2L2A_medcomp_x08_y10_202012_ndvi.tif
2025-08-18 22:44:22,501 - INFO - composites.py:430 - Write PSRI2 -> //nas-rs.topo.auth.gr/Latomeia/DROUGHT/COMPOS/2020/12/x08_y10/S2L2A_medcomp_x08_y10_202012_psri2.tif
2025-08-18 22:44:22,516 - INFO - composites.py:434 - Prepare metadata YAML document
2025-08-18 22:44:23,316 - INFO - composites.py:455 - Write metadata YAML document to disk
2025-08-18 22:44:23,351 - INFO - composites.py:460 - Create datacube.model.Dataset from eo3 metadata
2025-08-18 22:44:23,363 - INFO - composites.py:471 - Index to datacube
2025-08-18 22:44:23,363 - INFO - _datasets.py:191 - Indexing 8f01323c-0878-4d1f-abb1-05995d8672af
2025-08-18 22:44:23,373 - INFO - composites.py:474 - 
2025-08-18 22:44:23,373 - INFO - composites.py:475 -              ✔✔✔ COMPLETED: Tile x08_y10 | Time: 2020-12 | In 4.54 minutes
2025-08-18 22:44:23,373 - INFO - composites.py:476 - 
2025-08-18 22:44:23,373 - INFO - composites.py:484 - Closing Dask client
2025-08-18 22:44:23,375 - INFO - composites.py:488 - Closing Dask cluster
2025-08-18 22:44:23,375 - INFO - composites.py:489 - #######################################################################
