2025-08-28 05:32:38,892 - INFO - composites.py:102 - #######################################################################
2025-08-28 05:32:38,892 - INFO - composites.py:104 - Processing started
2025-08-28 05:32:38,892 - INFO - composites.py:105 -         Tile: x10_y08
2025-08-28 05:32:38,892 - INFO - composites.py:106 -         Time: 2022-04
2025-08-28 05:32:38,892 - INFO - composites.py:109 -                           
2025-08-28 05:32:38,892 - INFO - composites.py:110 - Establishing connection to datacube
2025-08-28 05:32:39,419 - INFO - composites.py:113 -                           
2025-08-28 05:32:39,419 - INFO - composites.py:114 - Sanity test: Check if dataset already exists in the datacube
2025-08-28 05:32:39,439 - INFO - composites.py:133 - The composite requested was not found and it will be computed
2025-08-28 05:32:39,439 - INFO - composites.py:136 -                                  
2025-08-28 05:32:39,439 - INFO - composites.py:137 - Initializing Dask cluster for parallelization
2025-08-28 05:32:44,400 - INFO - composites.py:161 - Dask dashboard is available at: http://127.0.0.1:8787/status
2025-08-28 05:32:44,400 - INFO - composites.py:164 - Create directories and naming conversions
2025-08-28 05:32:44,413 - INFO - composites.py:177 - Dataset location: //nas-rs.topo.auth.gr/Latomeia/DROUGHT/composites/x10/y08/2022/04/01
2025-08-28 05:32:44,413 - INFO - composites.py:180 -                           
2025-08-28 05:32:44,413 - INFO - composites.py:181 - Retrieve tile geometry
2025-08-28 05:32:44,442 - INFO - composites.py:192 - Create the Bounding Box (φ,λ)
2025-08-28 05:32:44,442 - INFO - composites.py:198 - Create the Bounding Box (x,y)
2025-08-28 05:32:44,442 - INFO - composites.py:211 -                           
2025-08-28 05:32:44,442 - INFO - composites.py:212 - Connect to Planetary Computer STAC Catalog
2025-08-28 05:32:44,778 - INFO - composites.py:220 - Search the STAC Catalog
2025-08-28 05:32:44,848 - INFO - composites.py:232 -         Query parameters:
2025-08-28 05:32:44,848 - INFO - composites.py:233 -             url:          https://planetarycomputer.microsoft.com/api/stac/v1/search
2025-08-28 05:32:44,848 - INFO - composites.py:234 -             client:       microsoft-pc
2025-08-28 05:32:44,848 - INFO - composites.py:235 -             collection:   sentinel-2-l2a
2025-08-28 05:32:44,848 - INFO - composites.py:236 -             bbox:         (22.316206507160903, 36.86212166478193, 22.975825813790852, 37.413146481379215)
2025-08-28 05:32:44,848 - INFO - composites.py:237 -             time range:   2022-04-01T00:00:00Z/2022-04-30T23:59:59Z
2025-08-28 05:32:44,848 - INFO - composites.py:238 -             cloud cover:  0% - 70%
2025-08-28 05:32:44,848 - INFO - composites.py:239 -             nodata cover: 0% - 33%
2025-08-28 05:32:44,848 - INFO - composites.py:241 -                           
2025-08-28 05:32:44,848 - INFO - composites.py:242 - Searching...
2025-08-28 05:32:45,357 - INFO - composites.py:245 - Query found 31 items
2025-08-28 05:32:45,367 - INFO - composites.py:247 - Searching for GRI REFINED scenes:
2025-08-28 05:32:53,871 - INFO - sentinel2.py:78 - 1/31 - S2A_MSIL2A_20220430T090601_R050_T34SFG_20220519T135623 -> REFINED
2025-08-28 05:33:01,898 - INFO - sentinel2.py:78 - 2/31 - S2A_MSIL2A_20220430T090601_R050_T34SFG_20220501T085302 -> REFINED
2025-08-28 05:33:10,474 - INFO - sentinel2.py:78 - 3/31 - S2A_MSIL2A_20220430T090601_R050_T34SFF_20220519T120614 -> REFINED
2025-08-28 05:33:19,648 - INFO - sentinel2.py:78 - 4/31 - S2A_MSIL2A_20220430T090601_R050_T34SFF_20220501T092402 -> REFINED
2025-08-28 05:33:28,443 - INFO - sentinel2.py:78 - 5/31 - S2B_MSIL2A_20220428T092019_R093_T34SFG_20220429T034738 -> REFINED
2025-08-28 05:33:36,809 - INFO - sentinel2.py:78 - 6/31 - S2B_MSIL2A_20220428T092019_R093_T34SFF_20220429T025019 -> REFINED
2025-08-28 05:33:44,300 - INFO - sentinel2.py:78 - 7/31 - S2B_MSIL2A_20220425T090549_R050_T34SFG_20240610T054133 -> REFINED
2025-08-28 05:33:52,986 - INFO - sentinel2.py:78 - 8/31 - S2B_MSIL2A_20220425T090549_R050_T34SFG_20220426T050137 -> REFINED
2025-08-28 05:34:03,277 - INFO - sentinel2.py:78 - 9/31 - S2B_MSIL2A_20220425T090549_R050_T34SFF_20240610T054133 -> REFINED
2025-08-28 05:34:11,110 - INFO - sentinel2.py:78 - 10/31 - S2B_MSIL2A_20220425T090549_R050_T34SFF_20220426T060024 -> REFINED
2025-08-28 05:34:19,778 - INFO - sentinel2.py:78 - 11/31 - S2A_MSIL2A_20220423T092031_R093_T34SFG_20220424T032732 -> REFINED
2025-08-28 05:34:27,692 - INFO - sentinel2.py:78 - 12/31 - S2A_MSIL2A_20220423T092031_R093_T34SFF_20220424T064805 -> REFINED
2025-08-28 05:34:36,366 - INFO - sentinel2.py:78 - 13/31 - S2A_MSIL2A_20220420T090601_R050_T34SFG_20240610T182452 -> REFINED
2025-08-28 05:34:45,040 - INFO - sentinel2.py:78 - 14/31 - S2A_MSIL2A_20220420T090601_R050_T34SFG_20220420T220023 -> REFINED
2025-08-28 05:34:55,493 - INFO - sentinel2.py:78 - 15/31 - S2A_MSIL2A_20220420T090601_R050_T34SFF_20240610T182452 -> REFINED
2025-08-28 05:35:04,560 - INFO - sentinel2.py:78 - 16/31 - S2A_MSIL2A_20220420T090601_R050_T34SFF_20220420T203226 -> REFINED
2025-08-28 05:35:13,144 - INFO - sentinel2.py:78 - 17/31 - S2B_MSIL2A_20220415T090549_R050_T34SFG_20240617T181011 -> REFINED
2025-08-28 05:35:22,004 - INFO - sentinel2.py:78 - 18/31 - S2B_MSIL2A_20220415T090549_R050_T34SFG_20220415T214612 -> REFINED
2025-08-28 05:35:29,852 - INFO - sentinel2.py:78 - 19/31 - S2B_MSIL2A_20220415T090549_R050_T34SFF_20240617T181011 -> REFINED
2025-08-28 05:35:38,155 - INFO - sentinel2.py:78 - 20/31 - S2B_MSIL2A_20220415T090549_R050_T34SFF_20220415T205431 -> REFINED
2025-08-28 05:35:46,863 - INFO - sentinel2.py:78 - 21/31 - S2A_MSIL2A_20220413T092031_R093_T34SFG_20220414T054313 -> REFINED
2025-08-28 05:35:55,361 - INFO - sentinel2.py:78 - 22/31 - S2A_MSIL2A_20220413T092031_R093_T34SFF_20220414T040603 -> REFINED
2025-08-28 05:36:04,502 - INFO - sentinel2.py:78 - 23/31 - S2A_MSIL2A_20220410T090601_R050_T34SFG_20240608T092245 -> REFINED
2025-08-28 05:36:13,198 - INFO - sentinel2.py:78 - 24/31 - S2A_MSIL2A_20220410T090601_R050_T34SFG_20220411T101029 -> REFINED
2025-08-28 05:36:21,511 - INFO - sentinel2.py:78 - 25/31 - S2A_MSIL2A_20220410T090601_R050_T34SFF_20240608T092245 -> REFINED
2025-08-28 05:36:29,131 - INFO - sentinel2.py:78 - 26/31 - S2A_MSIL2A_20220410T090601_R050_T34SFF_20220411T100137 -> REFINED
2025-08-28 05:36:37,173 - INFO - sentinel2.py:78 - 27/31 - S2B_MSIL2A_20220408T092029_R093_T34SFG_20220408T222843 -> REFINED
2025-08-28 05:36:45,887 - INFO - sentinel2.py:78 - 28/31 - S2B_MSIL2A_20220408T092029_R093_T34SFF_20220408T220122 -> REFINED
2025-08-28 05:36:54,460 - INFO - sentinel2.py:78 - 29/31 - S2B_MSIL2A_20220405T090549_R050_T34SFF_20220406T013926 -> REFINED
2025-08-28 05:37:03,246 - INFO - sentinel2.py:78 - 30/31 - S2A_MSIL2A_20220403T092031_R093_T34SFG_20240523T063612 -> REFINED
2025-08-28 05:37:11,901 - INFO - sentinel2.py:78 - 31/31 - S2A_MSIL2A_20220403T092031_R093_T34SFG_20220403T224343 -> REFINED
2025-08-28 05:37:11,996 - INFO - composites.py:250 -                                  
2025-08-28 05:37:11,996 - INFO - composites.py:251 - 31/31 were refined by GRI.
2025-08-28 05:37:11,997 - INFO - composites.py:263 - Looking for up to 10 cleanest images within spatiotemporal range of each MGRS tile
2025-08-28 05:37:11,998 - INFO - composites.py:277 - Filtered cleanest scenes: Kept 20 out of 31 items. 
2025-08-28 05:37:11,998 - INFO - composites.py:278 -         Included MGRS Tiles: ['34SFF' '34SFG']
2025-08-28 05:37:11,999 - INFO - composites.py:279 -         Included EPSG codes: [32634]
2025-08-28 05:37:11,999 - INFO - composites.py:281 - Selected scenes:
2025-08-28 05:37:11,999 - INFO - composites.py:283 -         S2B_MSIL2A_20220408T092029_R093_T34SFF_20220408T220122
2025-08-28 05:37:11,999 - INFO - composites.py:283 -         S2A_MSIL2A_20220430T090601_R050_T34SFF_20220519T120614
2025-08-28 05:37:12,000 - INFO - composites.py:283 -         S2A_MSIL2A_20220430T090601_R050_T34SFF_20220501T092402
2025-08-28 05:37:12,000 - INFO - composites.py:283 -         S2A_MSIL2A_20220420T090601_R050_T34SFF_20240610T182452
2025-08-28 05:37:12,000 - INFO - composites.py:283 -         S2A_MSIL2A_20220420T090601_R050_T34SFF_20220420T203226
2025-08-28 05:37:12,000 - INFO - composites.py:283 -         S2B_MSIL2A_20220425T090549_R050_T34SFF_20240610T054133
2025-08-28 05:37:12,001 - INFO - composites.py:283 -         S2B_MSIL2A_20220425T090549_R050_T34SFF_20220426T060024
2025-08-28 05:37:12,001 - INFO - composites.py:283 -         S2A_MSIL2A_20220413T092031_R093_T34SFF_20220414T040603
2025-08-28 05:37:12,001 - INFO - composites.py:283 -         S2A_MSIL2A_20220423T092031_R093_T34SFF_20220424T064805
2025-08-28 05:37:12,001 - INFO - composites.py:283 -         S2A_MSIL2A_20220410T090601_R050_T34SFF_20240608T092245
2025-08-28 05:37:12,001 - INFO - composites.py:283 -         S2B_MSIL2A_20220408T092029_R093_T34SFG_20220408T222843
2025-08-28 05:37:12,001 - INFO - composites.py:283 -         S2B_MSIL2A_20220425T090549_R050_T34SFG_20240610T054133
2025-08-28 05:37:12,001 - INFO - composites.py:283 -         S2B_MSIL2A_20220425T090549_R050_T34SFG_20220426T050137
2025-08-28 05:37:12,001 - INFO - composites.py:283 -         S2A_MSIL2A_20220420T090601_R050_T34SFG_20240610T182452
2025-08-28 05:37:12,001 - INFO - composites.py:283 -         S2A_MSIL2A_20220420T090601_R050_T34SFG_20220420T220023
2025-08-28 05:37:12,001 - INFO - composites.py:283 -         S2A_MSIL2A_20220410T090601_R050_T34SFG_20240608T092245
2025-08-28 05:37:12,001 - INFO - composites.py:283 -         S2A_MSIL2A_20220410T090601_R050_T34SFG_20220411T101029
2025-08-28 05:37:12,001 - INFO - composites.py:283 -         S2A_MSIL2A_20220413T092031_R093_T34SFG_20220414T054313
2025-08-28 05:37:12,001 - INFO - composites.py:283 -         S2B_MSIL2A_20220428T092019_R093_T34SFG_20220429T034738
2025-08-28 05:37:12,001 - INFO - composites.py:283 -         S2B_MSIL2A_20220415T090549_R050_T34SFG_20240617T181011
2025-08-28 05:37:12,466 - INFO - sentinel2.py:154 - Matplotlib backend: Agg
2025-08-28 05:37:12,629 - INFO - sentinel2.py:224 - Write input scenes footprint overlay: //nas-rs.topo.auth.gr/Latomeia/DROUGHT/composites/x10/y08/2022/04/01/S2L2A_medcomp_x10y08_202204_InDataFootprint.jpeg
2025-08-28 05:37:12,904 - INFO - composites.py:297 -                                  
2025-08-28 05:37:12,904 - INFO - composites.py:298 - Downstream STAC items from Planetary Computer
2025-08-28 05:37:12,904 - INFO - timeseries_processing.py:115 -                                  
2025-08-28 05:37:12,904 - INFO - timeseries_processing.py:116 - Loading bands of diferent resolutions in EPSG:32634
2025-08-28 05:37:12,904 - INFO - timeseries_processing.py:120 -     Filtering items with native UTM EPSG:32634
2025-08-28 05:37:12,904 - INFO - timeseries_processing.py:122 -     20 Items in EPSG:32634
2025-08-28 05:37:12,904 - INFO - timeseries_processing.py:129 -                        
2025-08-28 05:37:12,904 - INFO - timeseries_processing.py:130 -     Loading parameters:
2025-08-28 05:37:12,905 - INFO - timeseries_processing.py:131 -         Bands: ['B05', 'B07', 'B8A', 'SCL']
2025-08-28 05:37:12,905 - INFO - timeseries_processing.py:132 -         Spatial resolution: 20
2025-08-28 05:37:12,905 - INFO - timeseries_processing.py:134 -         Get Assets from STAC Items
2025-08-28 05:37:12,905 - INFO - timeseries_processing.py:47 -         Initialize the STAC client
2025-08-28 05:37:13,530 - INFO - timeseries_processing.py:137 -         Loading 20 STAC Items....
2025-08-28 05:38:48,559 - INFO - timeseries_processing.py:146 -         Cube has been downloaded
2025-08-28 05:38:48,559 - INFO - timeseries_processing.py:156 -         Fix order of dimensions
2025-08-28 05:38:48,560 - INFO - timeseries_processing.py:161 -         Append bands to the band-list of EPSG:32634
2025-08-28 05:38:48,562 - INFO - timeseries_processing.py:129 -                        
2025-08-28 05:38:48,562 - INFO - timeseries_processing.py:130 -     Loading parameters:
2025-08-28 05:38:48,562 - INFO - timeseries_processing.py:131 -         Bands: ['B02', 'B03', 'B04']
2025-08-28 05:38:48,562 - INFO - timeseries_processing.py:132 -         Spatial resolution: 10
2025-08-28 05:38:48,562 - INFO - timeseries_processing.py:134 -         Get Assets from STAC Items
2025-08-28 05:38:48,563 - INFO - timeseries_processing.py:47 -         Initialize the STAC client
2025-08-28 05:38:49,113 - INFO - timeseries_processing.py:137 -         Loading 20 STAC Items....
2025-08-28 05:42:56,705 - INFO - timeseries_processing.py:146 -         Cube has been downloaded
2025-08-28 05:42:56,705 - INFO - timeseries_processing.py:149 -         Reproject to downsample 10m bands to 20m by Resampling.average 2x2 binning and shape matching with odc.geo.GeoBox
2025-08-28 05:43:10,091 - INFO - timeseries_processing.py:161 -         Append bands to the band-list of EPSG:32634
2025-08-28 05:43:10,091 - INFO - timeseries_processing.py:165 -                        
2025-08-28 05:43:10,091 - INFO - timeseries_processing.py:166 -     Merging bands in a single dataset
2025-08-28 05:43:10,091 - INFO - timeseries_processing.py:167 -     Ensure all partial datasets are at (x=20, y=-20) resolution
2025-08-28 05:43:10,093 - INFO - timeseries_processing.py:171 -     Clip to the intersection of indexes
2025-08-28 05:43:11,101 - INFO - timeseries_processing.py:180 -     Make a list of bands to merge
2025-08-28 05:43:11,101 - INFO - timeseries_processing.py:184 -     Merge on intersection
2025-08-28 05:43:11,103 - INFO - timeseries_processing.py:192 -     Apply masks on clouds, shadows, thin cirrus, and snow/ice
2025-08-28 05:43:11,103 - INFO - sentinel2.py:122 -                Masking bits: [3, 7, 8, 9, 10, 11]
2025-08-28 05:43:12,166 - INFO - composites.py:307 - Reproject from UTM Zone to Tile geometry -> CRS(EPSG:32634), Resampling.bilinear
2025-08-28 05:43:18,559 - INFO - composites.py:310 -     New shape of datasets: Shape2d(x=2400, y=2400)
2025-08-28 05:43:19,411 - INFO - composites.py:329 - Scale SR to Sen2Cor Baseline 4.00 - Subtract 1000 in dates post 2022-01-25
2025-08-28 05:43:20,776 - INFO - composites.py:342 - Creating preview plot of input scenes
2025-08-28 05:43:51,551 - INFO - timeseries_processing.py:349 - Saved preview for 'B04' to //nas-rs.topo.auth.gr/Latomeia/DROUGHT/composites/x10/y08/2022/04/01/S2L2A_medcomp_x10y08_202204_InDataPreview.jpeg
2025-08-28 05:43:51,558 - INFO - composites.py:348 - Clip value range
2025-08-28 05:43:53,352 - INFO - composites.py:353 -                           
2025-08-28 05:43:53,353 - INFO - composites.py:354 - Computing spectral indices:
2025-08-28 05:43:53,353 - INFO - composites.py:357 -     EVI...
2025-08-28 05:43:54,430 - INFO - composites.py:359 -     NDVI...
2025-08-28 05:43:54,823 - INFO - composites.py:361 -     PSRI2...
2025-08-28 05:43:55,077 - INFO - composites.py:364 - Clip to typical value range
2025-08-28 05:43:55,442 - INFO - composites.py:371 - Reducing to median value temporal composite
2025-08-28 05:44:20,667 - INFO - composites.py:390 - Scale and Define data types & nodata per band
2025-08-28 05:44:20,854 - INFO - composites.py:411 - Assign time range and tile ID in metadata
2025-08-28 05:44:20,855 - INFO - composites.py:419 - Write bands to raster COG files
2025-08-28 05:44:24,760 - INFO - composites.py:432 - Write B02 -> //nas-rs.topo.auth.gr/Latomeia/DROUGHT/composites/x10/y08/2022/04/01/S2L2A_medcomp_x10y08_202204_B02.tif
2025-08-28 05:44:28,650 - INFO - composites.py:432 - Write B03 -> //nas-rs.topo.auth.gr/Latomeia/DROUGHT/composites/x10/y08/2022/04/01/S2L2A_medcomp_x10y08_202204_B03.tif
2025-08-28 05:44:32,484 - INFO - composites.py:432 - Write B04 -> //nas-rs.topo.auth.gr/Latomeia/DROUGHT/composites/x10/y08/2022/04/01/S2L2A_medcomp_x10y08_202204_B04.tif
2025-08-28 05:44:36,310 - INFO - composites.py:432 - Write B05 -> //nas-rs.topo.auth.gr/Latomeia/DROUGHT/composites/x10/y08/2022/04/01/S2L2A_medcomp_x10y08_202204_B05.tif
2025-08-28 05:44:40,121 - INFO - composites.py:432 - Write B07 -> //nas-rs.topo.auth.gr/Latomeia/DROUGHT/composites/x10/y08/2022/04/01/S2L2A_medcomp_x10y08_202204_B07.tif
2025-08-28 05:44:43,954 - INFO - composites.py:432 - Write B8A -> //nas-rs.topo.auth.gr/Latomeia/DROUGHT/composites/x10/y08/2022/04/01/S2L2A_medcomp_x10y08_202204_B8A.tif
2025-08-28 05:44:47,740 - INFO - composites.py:432 - Write EVI -> //nas-rs.topo.auth.gr/Latomeia/DROUGHT/composites/x10/y08/2022/04/01/S2L2A_medcomp_x10y08_202204_EVI.tif
2025-08-28 05:44:51,595 - INFO - composites.py:432 - Write NDVI -> //nas-rs.topo.auth.gr/Latomeia/DROUGHT/composites/x10/y08/2022/04/01/S2L2A_medcomp_x10y08_202204_NDVI.tif
2025-08-28 05:44:55,344 - INFO - composites.py:432 - Write PSRI2 -> //nas-rs.topo.auth.gr/Latomeia/DROUGHT/composites/x10/y08/2022/04/01/S2L2A_medcomp_x10y08_202204_PSRI2.tif
2025-08-28 05:44:55,344 - INFO - composites.py:436 - Prepare metadata YAML document
2025-08-28 05:44:55,858 - INFO - composites.py:458 - Write metadata YAML document to disk
2025-08-28 05:44:55,930 - INFO - composites.py:463 - Create datacube.model.Dataset from eo3 metadata
2025-08-28 05:44:55,940 - INFO - composites.py:474 - Index to datacube
2025-08-28 05:44:55,941 - INFO - _datasets.py:191 - Indexing d15d501a-1a6f-4df1-955d-e55c52a53151
2025-08-28 05:44:55,947 - INFO - composites.py:477 - 
2025-08-28 05:44:55,947 - INFO - composites.py:478 -              ✔✔✔ COMPLETED: Tile x10_y08 | Time: 2022-04 | In 12.28 minutes
2025-08-28 05:44:55,947 - INFO - composites.py:479 - 
2025-08-28 05:44:55,947 - INFO - composites.py:487 - Closing Dask client
2025-08-28 05:44:55,949 - INFO - composites.py:491 - Closing Dask cluster
2025-08-28 05:44:55,950 - INFO - composites.py:492 - #######################################################################
