2025-08-26 10:12:38,621 - INFO - composites.py:102 - #######################################################################
2025-08-26 10:12:38,621 - INFO - composites.py:104 - Processing started
2025-08-26 10:12:38,621 - INFO - composites.py:105 -         Tile: x11_y11
2025-08-26 10:12:38,621 - INFO - composites.py:106 -         Time: 2020-06
2025-08-26 10:12:38,621 - INFO - composites.py:109 -                           
2025-08-26 10:12:38,621 - INFO - composites.py:110 - Establishing connection to datacube
2025-08-26 10:12:39,136 - INFO - composites.py:113 -                           
2025-08-26 10:12:39,136 - INFO - composites.py:114 - Sanity test: Check if dataset already exists in the datacube
2025-08-26 10:12:39,152 - INFO - composites.py:133 - The composite requested was not found and it will be computed
2025-08-26 10:12:39,152 - INFO - composites.py:136 -                                  
2025-08-26 10:12:39,152 - INFO - composites.py:137 - Initializing Dask cluster for parallelization
2025-08-26 10:12:44,291 - INFO - composites.py:161 - Dask dashboard is available at: http://127.0.0.1:8787/status
2025-08-26 10:12:44,292 - INFO - composites.py:164 - Create directories and naming conversions
2025-08-26 10:12:44,315 - INFO - composites.py:177 - Dataset location: //nas-rs.topo.auth.gr/Latomeia/DROUGHT/composites/x11/y11/2020/06/01
2025-08-26 10:12:44,315 - INFO - composites.py:180 -                           
2025-08-26 10:12:44,315 - INFO - composites.py:181 - Retrieve tile geometry
2025-08-26 10:12:44,352 - INFO - composites.py:192 - Create the Bounding Box (φ,λ)
2025-08-26 10:12:44,352 - INFO - composites.py:198 - Create the Bounding Box (x,y)
2025-08-26 10:12:44,352 - INFO - composites.py:211 -                           
2025-08-26 10:12:44,352 - INFO - composites.py:212 - Connect to Planetary Computer STAC Catalog
2025-08-26 10:12:44,589 - INFO - composites.py:220 - Search the STAC Catalog
2025-08-26 10:12:44,658 - INFO - composites.py:232 -         Query parameters:
2025-08-26 10:12:44,659 - INFO - composites.py:233 -             url:          https://planetarycomputer.microsoft.com/api/stac/v1/search
2025-08-26 10:12:44,659 - INFO - composites.py:234 -             client:       microsoft-pc
2025-08-26 10:12:44,659 - INFO - composites.py:235 -             collection:   sentinel-2-l2a
2025-08-26 10:12:44,659 - INFO - composites.py:236 -             bbox:         (23.090477503527136, 38.072584087612974, 23.76631254171489, 38.62665683856133)
2025-08-26 10:12:44,660 - INFO - composites.py:237 -             time range:   2020-06-01T00:00:00Z/2020-06-30T23:59:59Z
2025-08-26 10:12:44,660 - INFO - composites.py:238 -             cloud cover:  0% - 70%
2025-08-26 10:12:44,660 - INFO - composites.py:239 -             nodata cover: 0% - 33%
2025-08-26 10:12:44,660 - INFO - composites.py:241 -                           
2025-08-26 10:12:44,660 - INFO - composites.py:242 - Searching...
2025-08-26 10:12:45,114 - INFO - composites.py:245 - Query found 18 items
2025-08-26 10:12:45,114 - INFO - composites.py:247 - Searching for GRI REFINED scenes:
2025-08-26 10:12:50,408 - INFO - sentinel2.py:78 - 1/18 - S2A_MSIL2A_20200629T090601_R050_T35SKC_20200824T131338 -> Not Found
2025-08-26 10:12:56,542 - INFO - sentinel2.py:78 - 2/18 - S2A_MSIL2A_20200629T090601_R050_T34SGH_20200824T131328 -> Not Found
2025-08-26 10:13:02,143 - INFO - sentinel2.py:78 - 3/18 - S2B_MSIL2A_20200627T092029_R093_T34SFH_20200824T084050 -> Not Found
2025-08-26 10:13:08,001 - INFO - sentinel2.py:78 - 4/18 - S2B_MSIL2A_20200624T090559_R050_T35SKC_20200823T233528 -> Not Found
2025-08-26 10:13:12,804 - INFO - sentinel2.py:78 - 5/18 - S2B_MSIL2A_20200624T090559_R050_T34SGH_20200823T233514 -> Not Found
2025-08-26 10:13:18,407 - INFO - sentinel2.py:78 - 6/18 - S2A_MSIL2A_20200622T092031_R093_T34SFH_20200823T155905 -> Not Found
2025-08-26 10:13:24,425 - INFO - sentinel2.py:78 - 7/18 - S2A_MSIL2A_20200619T090601_R050_T35SKC_20200823T070640 -> Not Found
2025-08-26 10:13:30,342 - INFO - sentinel2.py:78 - 8/18 - S2A_MSIL2A_20200619T090601_R050_T34SGH_20200823T070631 -> Not Found
2025-08-26 10:13:35,350 - INFO - sentinel2.py:78 - 9/18 - S2B_MSIL2A_20200617T092029_R093_T34SFH_20200908T173003 -> Not Found
2025-08-26 10:13:40,547 - INFO - sentinel2.py:78 - 10/18 - S2B_MSIL2A_20200614T090559_R050_T35SKC_20200827T093602 -> Not Found
2025-08-26 10:13:47,116 - INFO - sentinel2.py:78 - 11/18 - S2B_MSIL2A_20200614T090559_R050_T34SGH_20200827T093553 -> Not Found
2025-08-26 10:13:52,811 - INFO - sentinel2.py:78 - 12/18 - S2A_MSIL2A_20200612T092041_R093_T34SFH_20200827T020830 -> Not Found
2025-08-26 10:13:58,606 - INFO - sentinel2.py:78 - 13/18 - S2A_MSIL2A_20200609T090601_R050_T35SKC_20200826T171338 -> Not Found
2025-08-26 10:14:04,833 - INFO - sentinel2.py:78 - 14/18 - S2A_MSIL2A_20200609T090601_R050_T34SGH_20200826T171312 -> Not Found
2025-08-26 10:14:10,839 - INFO - sentinel2.py:78 - 15/18 - S2B_MSIL2A_20200607T092029_R093_T34SFH_20201101T142239 -> Not Found
2025-08-26 10:14:16,388 - INFO - sentinel2.py:78 - 16/18 - S2B_MSIL2A_20200604T090559_R050_T35SKC_20200826T035526 -> Not Found
2025-08-26 10:14:22,487 - INFO - sentinel2.py:78 - 17/18 - S2B_MSIL2A_20200604T090559_R050_T34SGH_20200826T035504 -> Not Found
2025-08-26 10:14:28,449 - INFO - sentinel2.py:78 - 18/18 - S2A_MSIL2A_20200602T092041_R093_T34SFH_20200825T202003 -> Not Found
2025-08-26 10:14:28,488 - INFO - composites.py:250 -                                  
2025-08-26 10:14:28,488 - INFO - composites.py:251 - 0/18 were refined by GRI.
2025-08-26 10:14:28,488 - WARNING - composites.py:255 - Tile x11_y11 | Time: 2020-06: All scenes are flagged NOT REFINED.
2025-08-26 10:14:28,489 - WARNING - composites.py:256 - Tile x11_y11 | Time: 2020-06: The composite will be flagged with _NOREFINED.
2025-08-26 10:14:28,489 - INFO - composites.py:263 - Looking for up to 10 cleanest images within spatiotemporal range of each MGRS tile
2025-08-26 10:14:28,490 - INFO - composites.py:277 - Filtered cleanest scenes: Kept 18 out of 18 items. 
2025-08-26 10:14:28,490 - INFO - composites.py:278 -         Included MGRS Tiles: ['34SFH' '34SGH' '35SKC']
2025-08-26 10:14:28,490 - INFO - composites.py:279 -         Included EPSG codes: [32634 32635]
2025-08-26 10:14:28,491 - INFO - composites.py:281 - Selected scenes:
2025-08-26 10:14:28,491 - INFO - composites.py:283 -         S2B_MSIL2A_20200627T092029_R093_T34SFH_20200824T084050
2025-08-26 10:14:28,491 - INFO - composites.py:283 -         S2A_MSIL2A_20200612T092041_R093_T34SFH_20200827T020830
2025-08-26 10:14:28,491 - INFO - composites.py:283 -         S2B_MSIL2A_20200617T092029_R093_T34SFH_20200908T173003
2025-08-26 10:14:28,491 - INFO - composites.py:283 -         S2B_MSIL2A_20200607T092029_R093_T34SFH_20201101T142239
2025-08-26 10:14:28,491 - INFO - composites.py:283 -         S2A_MSIL2A_20200602T092041_R093_T34SFH_20200825T202003
2025-08-26 10:14:28,491 - INFO - composites.py:283 -         S2A_MSIL2A_20200622T092031_R093_T34SFH_20200823T155905
2025-08-26 10:14:28,491 - INFO - composites.py:283 -         S2A_MSIL2A_20200629T090601_R050_T34SGH_20200824T131328
2025-08-26 10:14:28,491 - INFO - composites.py:283 -         S2A_MSIL2A_20200619T090601_R050_T34SGH_20200823T070631
2025-08-26 10:14:28,491 - INFO - composites.py:283 -         S2B_MSIL2A_20200604T090559_R050_T34SGH_20200826T035504
2025-08-26 10:14:28,491 - INFO - composites.py:283 -         S2B_MSIL2A_20200614T090559_R050_T34SGH_20200827T093553
2025-08-26 10:14:28,491 - INFO - composites.py:283 -         S2A_MSIL2A_20200609T090601_R050_T34SGH_20200826T171312
2025-08-26 10:14:28,491 - INFO - composites.py:283 -         S2B_MSIL2A_20200624T090559_R050_T34SGH_20200823T233514
2025-08-26 10:14:28,492 - INFO - composites.py:283 -         S2A_MSIL2A_20200629T090601_R050_T35SKC_20200824T131338
2025-08-26 10:14:28,492 - INFO - composites.py:283 -         S2A_MSIL2A_20200619T090601_R050_T35SKC_20200823T070640
2025-08-26 10:14:28,492 - INFO - composites.py:283 -         S2B_MSIL2A_20200604T090559_R050_T35SKC_20200826T035526
2025-08-26 10:14:28,492 - INFO - composites.py:283 -         S2B_MSIL2A_20200614T090559_R050_T35SKC_20200827T093602
2025-08-26 10:14:28,492 - INFO - composites.py:283 -         S2A_MSIL2A_20200609T090601_R050_T35SKC_20200826T171338
2025-08-26 10:14:28,492 - INFO - composites.py:283 -         S2B_MSIL2A_20200624T090559_R050_T35SKC_20200823T233528
2025-08-26 10:14:28,870 - INFO - sentinel2.py:154 - Matplotlib backend: Agg
2025-08-26 10:14:29,129 - INFO - sentinel2.py:224 - Write input scenes footprint overlay: //nas-rs.topo.auth.gr/Latomeia/DROUGHT/composites/x11/y11/2020/06/01/S2L2A_medcomp_x11y11_202006_InDataFootprint.jpeg
2025-08-26 10:14:29,345 - INFO - composites.py:297 -                                  
2025-08-26 10:14:29,345 - INFO - composites.py:298 - Downstream STAC items from Planetary Computer
2025-08-26 10:14:29,345 - INFO - timeseries_processing.py:115 -                                  
2025-08-26 10:14:29,345 - INFO - timeseries_processing.py:116 - Loading bands of diferent resolutions in EPSG:32634
2025-08-26 10:14:29,345 - INFO - timeseries_processing.py:120 -     Filtering items with native UTM EPSG:32634
2025-08-26 10:14:29,345 - INFO - timeseries_processing.py:122 -     12 Items in EPSG:32634
2025-08-26 10:14:29,345 - INFO - timeseries_processing.py:129 -                        
2025-08-26 10:14:29,345 - INFO - timeseries_processing.py:130 -     Loading parameters:
2025-08-26 10:14:29,345 - INFO - timeseries_processing.py:131 -         Bands: ['B05', 'B07', 'B8A', 'SCL']
2025-08-26 10:14:29,345 - INFO - timeseries_processing.py:132 -         Spatial resolution: 20
2025-08-26 10:14:29,346 - INFO - timeseries_processing.py:134 -         Get Assets from STAC Items
2025-08-26 10:14:29,346 - INFO - timeseries_processing.py:47 -         Initialize the STAC client
2025-08-26 10:14:29,837 - INFO - timeseries_processing.py:137 -         Loading 12 STAC Items....
2025-08-26 10:15:36,917 - INFO - timeseries_processing.py:146 -         Cube has been downloaded
2025-08-26 10:15:36,917 - INFO - timeseries_processing.py:156 -         Fix order of dimensions
2025-08-26 10:15:36,919 - INFO - timeseries_processing.py:161 -         Append bands to the band-list of EPSG:32634
2025-08-26 10:15:36,919 - INFO - timeseries_processing.py:129 -                        
2025-08-26 10:15:36,919 - INFO - timeseries_processing.py:130 -     Loading parameters:
2025-08-26 10:15:36,921 - INFO - timeseries_processing.py:131 -         Bands: ['B02', 'B03', 'B04']
2025-08-26 10:15:36,921 - INFO - timeseries_processing.py:132 -         Spatial resolution: 10
2025-08-26 10:15:36,921 - INFO - timeseries_processing.py:134 -         Get Assets from STAC Items
2025-08-26 10:15:36,921 - INFO - timeseries_processing.py:47 -         Initialize the STAC client
2025-08-26 10:15:37,488 - INFO - timeseries_processing.py:137 -         Loading 12 STAC Items....
2025-08-26 10:18:05,695 - INFO - timeseries_processing.py:146 -         Cube has been downloaded
2025-08-26 10:18:05,700 - INFO - timeseries_processing.py:149 -         Reproject to downsample 10m bands to 20m by Resampling.average 2x2 binning and shape matching with odc.geo.GeoBox
2025-08-26 10:18:22,337 - INFO - timeseries_processing.py:161 -         Append bands to the band-list of EPSG:32634
2025-08-26 10:18:22,337 - INFO - timeseries_processing.py:165 -                        
2025-08-26 10:18:22,337 - INFO - timeseries_processing.py:166 -     Merging bands in a single dataset
2025-08-26 10:18:22,337 - INFO - timeseries_processing.py:167 -     Ensure all partial datasets are at (x=20, y=-20) resolution
2025-08-26 10:18:22,337 - INFO - timeseries_processing.py:171 -     Clip to the intersection of indexes
2025-08-26 10:18:23,319 - INFO - timeseries_processing.py:180 -     Make a list of bands to merge
2025-08-26 10:18:23,321 - INFO - timeseries_processing.py:184 -     Merge on intersection
2025-08-26 10:18:23,321 - INFO - timeseries_processing.py:192 -     Apply masks on clouds, shadows, thin cirrus, and snow/ice
2025-08-26 10:18:23,321 - INFO - sentinel2.py:122 -                Masking bits: [3, 7, 8, 9, 10, 11]
2025-08-26 10:18:24,819 - INFO - timeseries_processing.py:115 -                                  
2025-08-26 10:18:24,837 - INFO - timeseries_processing.py:116 - Loading bands of diferent resolutions in EPSG:32635
2025-08-26 10:18:24,842 - INFO - timeseries_processing.py:120 -     Filtering items with native UTM EPSG:32635
2025-08-26 10:18:24,851 - INFO - timeseries_processing.py:122 -     6 Items in EPSG:32635
2025-08-26 10:18:24,855 - INFO - timeseries_processing.py:129 -                        
2025-08-26 10:18:24,856 - INFO - timeseries_processing.py:130 -     Loading parameters:
2025-08-26 10:18:24,856 - INFO - timeseries_processing.py:131 -         Bands: ['B05', 'B07', 'B8A', 'SCL']
2025-08-26 10:18:24,856 - INFO - timeseries_processing.py:132 -         Spatial resolution: 20
2025-08-26 10:18:24,856 - INFO - timeseries_processing.py:134 -         Get Assets from STAC Items
2025-08-26 10:18:24,857 - INFO - timeseries_processing.py:47 -         Initialize the STAC client
2025-08-26 10:18:30,282 - INFO - timeseries_processing.py:137 -         Loading 6 STAC Items....
2025-08-26 10:18:51,847 - INFO - timeseries_processing.py:146 -         Cube has been downloaded
2025-08-26 10:18:51,847 - INFO - timeseries_processing.py:156 -         Fix order of dimensions
2025-08-26 10:18:51,849 - INFO - timeseries_processing.py:161 -         Append bands to the band-list of EPSG:32635
2025-08-26 10:18:51,849 - INFO - timeseries_processing.py:129 -                        
2025-08-26 10:18:51,849 - INFO - timeseries_processing.py:130 -     Loading parameters:
2025-08-26 10:18:51,850 - INFO - timeseries_processing.py:131 -         Bands: ['B02', 'B03', 'B04']
2025-08-26 10:18:51,850 - INFO - timeseries_processing.py:132 -         Spatial resolution: 10
2025-08-26 10:18:51,850 - INFO - timeseries_processing.py:134 -         Get Assets from STAC Items
2025-08-26 10:18:51,850 - INFO - timeseries_processing.py:47 -         Initialize the STAC client
2025-08-26 10:18:52,446 - INFO - timeseries_processing.py:137 -         Loading 6 STAC Items....
2025-08-26 10:19:40,695 - INFO - timeseries_processing.py:146 -         Cube has been downloaded
2025-08-26 10:19:40,695 - INFO - timeseries_processing.py:149 -         Reproject to downsample 10m bands to 20m by Resampling.average 2x2 binning and shape matching with odc.geo.GeoBox
2025-08-26 10:19:48,351 - INFO - timeseries_processing.py:161 -         Append bands to the band-list of EPSG:32635
2025-08-26 10:19:48,351 - INFO - timeseries_processing.py:165 -                        
2025-08-26 10:19:48,351 - INFO - timeseries_processing.py:166 -     Merging bands in a single dataset
2025-08-26 10:19:48,351 - INFO - timeseries_processing.py:167 -     Ensure all partial datasets are at (x=20, y=-20) resolution
2025-08-26 10:19:48,351 - INFO - timeseries_processing.py:171 -     Clip to the intersection of indexes
2025-08-26 10:19:48,353 - INFO - timeseries_processing.py:180 -     Make a list of bands to merge
2025-08-26 10:19:48,353 - INFO - timeseries_processing.py:184 -     Merge on intersection
2025-08-26 10:19:48,355 - INFO - timeseries_processing.py:192 -     Apply masks on clouds, shadows, thin cirrus, and snow/ice
2025-08-26 10:19:48,355 - INFO - sentinel2.py:122 -                Masking bits: [3, 7, 8, 9, 10, 11]
2025-08-26 10:19:49,092 - INFO - composites.py:307 - Reproject from UTM Zone to Tile geometry -> CRS(EPSG:32635), Resampling.bilinear
2025-08-26 10:20:01,355 - INFO - composites.py:310 -     New shape of datasets: Shape2d(x=2400, y=2400)
2025-08-26 10:20:01,640 - INFO - composites.py:315 -                           
2025-08-26 10:20:01,641 - INFO - composites.py:316 - Mosaic datasets to a single dataset
2025-08-26 10:20:12,081 - INFO - composites.py:342 - Creating preview plot of input scenes
2025-08-26 10:20:48,543 - INFO - timeseries_processing.py:349 - Saved preview for 'B04' to //nas-rs.topo.auth.gr/Latomeia/DROUGHT/composites/x11/y11/2020/06/01/S2L2A_medcomp_x11y11_202006_InDataPreview.jpeg
2025-08-26 10:20:48,551 - INFO - composites.py:348 - Clip value range
2025-08-26 10:20:50,917 - INFO - composites.py:353 -                           
2025-08-26 10:20:50,917 - INFO - composites.py:354 - Computing spectral indices:
2025-08-26 10:20:50,917 - INFO - composites.py:357 -     EVI...
2025-08-26 10:20:52,422 - INFO - composites.py:359 -     NDVI...
2025-08-26 10:20:52,941 - INFO - composites.py:361 -     PSRI2...
2025-08-26 10:20:53,304 - INFO - composites.py:364 - Clip to typical value range
2025-08-26 10:20:53,695 - INFO - composites.py:371 - Reducing to median value temporal composite
2025-08-26 10:21:20,815 - INFO - composites.py:390 - Scale and Define data types & nodata per band
2025-08-26 10:21:20,963 - INFO - composites.py:411 - Assign time range and tile ID in metadata
2025-08-26 10:21:20,963 - INFO - composites.py:419 - Write bands to raster COG files
2025-08-26 10:21:24,968 - INFO - composites.py:432 - Write B02 -> //nas-rs.topo.auth.gr/Latomeia/DROUGHT/composites/x11/y11/2020/06/01/S2L2A_medcomp_x11y11_202006_B02.tif
2025-08-26 10:21:29,056 - INFO - composites.py:432 - Write B03 -> //nas-rs.topo.auth.gr/Latomeia/DROUGHT/composites/x11/y11/2020/06/01/S2L2A_medcomp_x11y11_202006_B03.tif
2025-08-26 10:21:32,873 - INFO - composites.py:432 - Write B04 -> //nas-rs.topo.auth.gr/Latomeia/DROUGHT/composites/x11/y11/2020/06/01/S2L2A_medcomp_x11y11_202006_B04.tif
2025-08-26 10:21:36,752 - INFO - composites.py:432 - Write B05 -> //nas-rs.topo.auth.gr/Latomeia/DROUGHT/composites/x11/y11/2020/06/01/S2L2A_medcomp_x11y11_202006_B05.tif
2025-08-26 10:21:40,600 - INFO - composites.py:432 - Write B07 -> //nas-rs.topo.auth.gr/Latomeia/DROUGHT/composites/x11/y11/2020/06/01/S2L2A_medcomp_x11y11_202006_B07.tif
2025-08-26 10:21:44,424 - INFO - composites.py:432 - Write B8A -> //nas-rs.topo.auth.gr/Latomeia/DROUGHT/composites/x11/y11/2020/06/01/S2L2A_medcomp_x11y11_202006_B8A.tif
2025-08-26 10:21:48,313 - INFO - composites.py:432 - Write EVI -> //nas-rs.topo.auth.gr/Latomeia/DROUGHT/composites/x11/y11/2020/06/01/S2L2A_medcomp_x11y11_202006_EVI.tif
2025-08-26 10:21:52,193 - INFO - composites.py:432 - Write NDVI -> //nas-rs.topo.auth.gr/Latomeia/DROUGHT/composites/x11/y11/2020/06/01/S2L2A_medcomp_x11y11_202006_NDVI.tif
2025-08-26 10:21:55,979 - INFO - composites.py:432 - Write PSRI2 -> //nas-rs.topo.auth.gr/Latomeia/DROUGHT/composites/x11/y11/2020/06/01/S2L2A_medcomp_x11y11_202006_PSRI2.tif
2025-08-26 10:21:55,980 - INFO - composites.py:436 - Prepare metadata YAML document
2025-08-26 10:21:56,474 - INFO - composites.py:458 - Write metadata YAML document to disk
2025-08-26 10:21:56,532 - INFO - composites.py:463 - Create datacube.model.Dataset from eo3 metadata
2025-08-26 10:21:56,542 - INFO - composites.py:474 - Index to datacube
2025-08-26 10:21:56,542 - INFO - _datasets.py:191 - Indexing 4089ada0-e4b4-4c7c-9e45-b602e0ce7490
2025-08-26 10:21:56,551 - INFO - composites.py:477 - 
2025-08-26 10:21:56,551 - INFO - composites.py:478 -              ✔✔✔ COMPLETED: Tile x11_y11 | Time: 2020-06 | In 9.3 minutes
2025-08-26 10:21:56,551 - INFO - composites.py:479 - 
2025-08-26 10:21:56,552 - INFO - composites.py:487 - Closing Dask client
2025-08-26 10:21:56,554 - INFO - composites.py:491 - Closing Dask cluster
2025-08-26 10:21:56,554 - INFO - composites.py:492 - #######################################################################
