2025-08-18 04:26:09,664 - INFO - composites.py:104 - #######################################################################
2025-08-18 04:26:09,664 - INFO - composites.py:106 - Processing started
2025-08-18 04:26:09,664 - INFO - composites.py:107 -         Tile: x10_y09
2025-08-18 04:26:09,664 - INFO - composites.py:108 -         Time: 2020-06
2025-08-18 04:26:09,664 - INFO - composites.py:111 -                           
2025-08-18 04:26:09,664 - INFO - composites.py:112 - Establishing connection to datacube
2025-08-18 04:26:10,379 - INFO - composites.py:115 -                           
2025-08-18 04:26:10,379 - INFO - composites.py:116 - Sanity test: Check if dataset already exists in the datacube
2025-08-18 04:26:10,397 - INFO - composites.py:134 - The composite requested will be computed
2025-08-18 04:26:10,397 - INFO - composites.py:137 -                                  
2025-08-18 04:26:10,397 - INFO - composites.py:138 - Initializing Dask cluster for parallelization
2025-08-18 04:26:16,638 - INFO - composites.py:170 - Dask dashboard is available at: http://127.0.0.1:8787/status
2025-08-18 04:26:16,638 - INFO - composites.py:173 - Create directories and naming conversions
2025-08-18 04:26:16,645 - INFO - composites.py:184 - Dataset location: //nas-rs.topo.auth.gr/Latomeia/DROUGHT/COMPOS/2020/06/x10_y09
2025-08-18 04:26:16,645 - INFO - composites.py:187 -                           
2025-08-18 04:26:16,645 - INFO - composites.py:188 - Retrieve tile geometry
2025-08-18 04:26:16,686 - INFO - composites.py:199 - Create the Bounding Box (φ,λ)
2025-08-18 04:26:16,686 - INFO - composites.py:205 - Create the Bounding Box (x,y)
2025-08-18 04:26:16,686 - INFO - composites.py:218 -                           
2025-08-18 04:26:16,686 - INFO - composites.py:219 - Connect to Planetary Computer STAC Catalog
2025-08-18 04:26:17,010 - INFO - composites.py:227 - Search the STAC Catalog
2025-08-18 04:26:17,100 - INFO - composites.py:239 -         Query parameters:
2025-08-18 04:26:17,101 - INFO - composites.py:240 -             url:          https://planetarycomputer.microsoft.com/api/stac/v1/search
2025-08-18 04:26:17,101 - INFO - composites.py:241 -             client:       microsoft-pc
2025-08-18 04:26:17,101 - INFO - composites.py:242 -             collection:   sentinel-2-l2a
2025-08-18 04:26:17,102 - INFO - composites.py:243 -             bbox:         (22.39329472142068, 37.29131262375434, 23.05748381504204, 37.842511892177306)
2025-08-18 04:26:17,102 - INFO - composites.py:244 -             time range:   2020-06-01T00:00:00Z/2020-06-30T23:59:59Z
2025-08-18 04:26:17,102 - INFO - composites.py:245 -             cloud cover:  0% - 70%
2025-08-18 04:26:17,102 - INFO - composites.py:246 -             nodata cover: 0% - 33%
2025-08-18 04:26:17,102 - INFO - composites.py:248 -                           
2025-08-18 04:26:17,102 - INFO - composites.py:249 - Searching...
2025-08-18 04:26:17,518 - INFO - composites.py:252 - Query found 18 items
2025-08-18 04:26:17,518 - INFO - composites.py:254 - Searching for GRI REFINED scenes:
2025-08-18 04:26:21,889 - INFO - sentinel2.py:63 - 1/18 - S2A_MSIL2A_20200629T090601_R050_T34SFG_20200824T131302 -> Not Found
2025-08-18 04:26:27,165 - INFO - sentinel2.py:63 - 2/18 - S2B_MSIL2A_20200627T092029_R093_T34SFH_20200824T084050 -> Not Found
2025-08-18 04:26:31,814 - INFO - sentinel2.py:63 - 3/18 - S2B_MSIL2A_20200627T092029_R093_T34SFG_20200824T084051 -> Not Found
2025-08-18 04:26:36,334 - INFO - sentinel2.py:63 - 4/18 - S2B_MSIL2A_20200624T090559_R050_T34SFG_20200823T233508 -> Not Found
2025-08-18 04:26:40,746 - INFO - sentinel2.py:63 - 5/18 - S2A_MSIL2A_20200622T092031_R093_T34SFH_20200823T155905 -> Not Found
2025-08-18 04:26:46,162 - INFO - sentinel2.py:63 - 6/18 - S2A_MSIL2A_20200622T092031_R093_T34SFG_20200823T155855 -> Not Found
2025-08-18 04:26:50,644 - INFO - sentinel2.py:63 - 7/18 - S2A_MSIL2A_20200619T090601_R050_T34SFG_20200823T070618 -> Not Found
2025-08-18 04:26:55,975 - INFO - sentinel2.py:63 - 8/18 - S2B_MSIL2A_20200617T092029_R093_T34SFH_20200908T173003 -> Not Found
2025-08-18 04:27:00,813 - INFO - sentinel2.py:63 - 9/18 - S2B_MSIL2A_20200617T092029_R093_T34SFG_20200908T172959 -> Not Found
2025-08-18 04:27:06,868 - INFO - sentinel2.py:63 - 10/18 - S2B_MSIL2A_20200614T090559_R050_T34SFG_20200827T093538 -> Not Found
2025-08-18 04:27:12,741 - INFO - sentinel2.py:63 - 11/18 - S2A_MSIL2A_20200612T092041_R093_T34SFH_20200827T020830 -> Not Found
2025-08-18 04:27:18,142 - INFO - sentinel2.py:63 - 12/18 - S2A_MSIL2A_20200612T092041_R093_T34SFG_20201027T073339 -> Not Found
2025-08-18 04:27:23,647 - INFO - sentinel2.py:63 - 13/18 - S2A_MSIL2A_20200609T090601_R050_T34SFG_20201027T073014 -> Not Found
2025-08-18 04:27:28,552 - INFO - sentinel2.py:63 - 14/18 - S2B_MSIL2A_20200607T092029_R093_T34SFH_20201101T142239 -> Not Found
2025-08-18 04:27:33,017 - INFO - sentinel2.py:63 - 15/18 - S2B_MSIL2A_20200607T092029_R093_T34SFG_20200909T152327 -> Not Found
2025-08-18 04:27:37,282 - INFO - sentinel2.py:63 - 16/18 - S2B_MSIL2A_20200604T090559_R050_T34SFG_20200908T172954 -> Not Found
2025-08-18 04:27:42,135 - INFO - sentinel2.py:63 - 17/18 - S2A_MSIL2A_20200602T092041_R093_T34SFH_20200825T202003 -> Not Found
2025-08-18 04:27:47,175 - INFO - sentinel2.py:63 - 18/18 - S2A_MSIL2A_20200602T092041_R093_T34SFG_20200825T202003 -> Not Found
2025-08-18 04:27:47,218 - INFO - composites.py:257 -                                  
2025-08-18 04:27:47,218 - INFO - composites.py:258 - 0/18 were refined by GRI.
2025-08-18 04:27:47,218 - WARNING - composites.py:262 - Tile x10_y09 | Time: 2020-06: All scenes are flagged NOT REFINED.
2025-08-18 04:27:47,219 - WARNING - composites.py:263 - Tile x10_y09 | Time: 2020-06: The composite will be flagged with _NOREFINED.
2025-08-18 04:27:47,219 - INFO - composites.py:270 - Looking for up to 10 cleanest images within spatiotemporal range of each MGRS tile
2025-08-18 04:27:47,219 - INFO - composites.py:284 - Filtered cleanest scenes: Kept 16 out of 18 items. 
2025-08-18 04:27:47,219 - INFO - composites.py:285 -         Included MGRS Tiles: ['34SFG' '34SFH']
2025-08-18 04:27:47,220 - INFO - composites.py:286 -         Included EPSG codes: [32634]
2025-08-18 04:27:47,220 - INFO - composites.py:288 - Selected scenes:
2025-08-18 04:27:47,220 - INFO - composites.py:290 -         S2B_MSIL2A_20200614T090559_R050_T34SFG_20200827T093538
2025-08-18 04:27:47,220 - INFO - composites.py:290 -         S2A_MSIL2A_20200629T090601_R050_T34SFG_20200824T131302
2025-08-18 04:27:47,220 - INFO - composites.py:290 -         S2A_MSIL2A_20200609T090601_R050_T34SFG_20201027T073014
2025-08-18 04:27:47,222 - INFO - composites.py:290 -         S2A_MSIL2A_20200619T090601_R050_T34SFG_20200823T070618
2025-08-18 04:27:47,222 - INFO - composites.py:290 -         S2B_MSIL2A_20200604T090559_R050_T34SFG_20200908T172954
2025-08-18 04:27:47,222 - INFO - composites.py:290 -         S2B_MSIL2A_20200627T092029_R093_T34SFG_20200824T084051
2025-08-18 04:27:47,222 - INFO - composites.py:290 -         S2A_MSIL2A_20200612T092041_R093_T34SFG_20201027T073339
2025-08-18 04:27:47,223 - INFO - composites.py:290 -         S2B_MSIL2A_20200617T092029_R093_T34SFG_20200908T172959
2025-08-18 04:27:47,223 - INFO - composites.py:290 -         S2B_MSIL2A_20200624T090559_R050_T34SFG_20200823T233508
2025-08-18 04:27:47,223 - INFO - composites.py:290 -         S2B_MSIL2A_20200607T092029_R093_T34SFG_20200909T152327
2025-08-18 04:27:47,223 - INFO - composites.py:290 -         S2B_MSIL2A_20200627T092029_R093_T34SFH_20200824T084050
2025-08-18 04:27:47,223 - INFO - composites.py:290 -         S2A_MSIL2A_20200612T092041_R093_T34SFH_20200827T020830
2025-08-18 04:27:47,223 - INFO - composites.py:290 -         S2B_MSIL2A_20200617T092029_R093_T34SFH_20200908T173003
2025-08-18 04:27:47,223 - INFO - composites.py:290 -         S2B_MSIL2A_20200607T092029_R093_T34SFH_20201101T142239
2025-08-18 04:27:47,223 - INFO - composites.py:290 -         S2A_MSIL2A_20200602T092041_R093_T34SFH_20200825T202003
2025-08-18 04:27:47,223 - INFO - composites.py:290 -         S2A_MSIL2A_20200622T092031_R093_T34SFH_20200823T155905
2025-08-18 04:27:47,812 - INFO - sentinel2.py:139 - Matplotlib backend: Agg
2025-08-18 04:27:48,007 - INFO - sentinel2.py:209 - Write input scenes footprint overlay: //nas-rs.topo.auth.gr/Latomeia/DROUGHT/COMPOS/2020/06/x10_y09/S2L2A_medcomp_x10_y09_202006_InDataFootprint.jpeg
2025-08-18 04:27:48,312 - INFO - composites.py:304 -                                  
2025-08-18 04:27:48,312 - INFO - composites.py:305 - Downstream STAC items from Planetary Computer
2025-08-18 04:27:48,312 - INFO - timeseries_processing.py:99 -                                  
2025-08-18 04:27:48,312 - INFO - timeseries_processing.py:100 - Loading bands of diferent resolutions in EPSG:32634
2025-08-18 04:27:48,312 - INFO - timeseries_processing.py:104 -     Filtering items with native UTM EPSG:32634
2025-08-18 04:27:48,312 - INFO - timeseries_processing.py:106 -     16 Items in EPSG:32634
2025-08-18 04:27:48,312 - INFO - timeseries_processing.py:113 -                        
2025-08-18 04:27:48,312 - INFO - timeseries_processing.py:114 -     Loading parameters:
2025-08-18 04:27:48,312 - INFO - timeseries_processing.py:115 -         Bands: ['B05', 'B07', 'B8A', 'SCL']
2025-08-18 04:27:48,312 - INFO - timeseries_processing.py:116 -         Spatial resolution: 20
2025-08-18 04:27:48,312 - INFO - timeseries_processing.py:118 -         Get Assets from STAC Items
2025-08-18 04:27:48,312 - INFO - timeseries_processing.py:31 -         Initialize the STAC client
2025-08-18 04:27:48,904 - INFO - timeseries_processing.py:121 -         Loading 16 STAC Items....
2025-08-18 04:28:48,542 - INFO - timeseries_processing.py:143 -         Cube has been downloaded
2025-08-18 04:28:48,543 - INFO - timeseries_processing.py:152 -         Fix order of dimensions
2025-08-18 04:28:48,543 - INFO - timeseries_processing.py:157 -         Append bands to the band-list of EPSG:32634
2025-08-18 04:28:48,544 - INFO - timeseries_processing.py:113 -                        
2025-08-18 04:28:48,544 - INFO - timeseries_processing.py:114 -     Loading parameters:
2025-08-18 04:28:48,544 - INFO - timeseries_processing.py:115 -         Bands: ['B02', 'B03', 'B04']
2025-08-18 04:28:48,544 - INFO - timeseries_processing.py:116 -         Spatial resolution: 10
2025-08-18 04:28:48,544 - INFO - timeseries_processing.py:118 -         Get Assets from STAC Items
2025-08-18 04:28:48,551 - INFO - timeseries_processing.py:31 -         Initialize the STAC client
2025-08-18 04:28:49,134 - INFO - timeseries_processing.py:121 -         Loading 16 STAC Items....
2025-08-18 04:31:13,944 - INFO - timeseries_processing.py:143 -         Cube has been downloaded
2025-08-18 04:31:13,944 - INFO - timeseries_processing.py:146 -         Downsample 10m bands to 20m by average 2x2 binning
2025-08-18 04:31:31,850 - INFO - timeseries_processing.py:149 -         Warp (reproject) 2x2 binned bands like native 20m bands: method=bilinear
2025-08-18 04:31:46,327 - INFO - timeseries_processing.py:157 -         Append bands to the band-list of EPSG:32634
2025-08-18 04:31:46,328 - INFO - timeseries_processing.py:161 -                        
2025-08-18 04:31:46,328 - INFO - timeseries_processing.py:162 -     Merging bands in a single dataset
2025-08-18 04:31:46,328 - INFO - timeseries_processing.py:163 -     Ensure all partial datasets are at (x=20, y=-20) resolution
2025-08-18 04:31:46,328 - INFO - timeseries_processing.py:167 -     Clip to the intersection of indexes
2025-08-18 04:31:47,803 - INFO - timeseries_processing.py:176 -     Make a list of bands to merge
2025-08-18 04:31:47,804 - INFO - timeseries_processing.py:180 -     Merge on intersection
2025-08-18 04:31:47,805 - INFO - timeseries_processing.py:188 -     Apply masks on clouds, shadows, thin cirrus, and snow/ice
2025-08-18 04:31:47,805 - INFO - sentinel2.py:107 -                Masking bits: [3, 7, 8, 9, 10, 11]
2025-08-18 04:31:49,521 - INFO - timeseries_processing.py:194 -     Reproject to Tiling Schema projection EPSG:3035
2025-08-18 04:32:06,961 - INFO - composites.py:314 - Clip and align to tile geometry
2025-08-18 04:32:12,333 - INFO - composites.py:347 - Creating preview plot of input scenes
2025-08-18 04:32:58,704 - INFO - timeseries_processing.py:352 - Saved preview for 'B04' to //nas-rs.topo.auth.gr/Latomeia/DROUGHT/COMPOS/2020/06/x10_y09/S2L2A_medcomp_x10_y09_202006_InDataPreview.jpeg
2025-08-18 04:32:58,715 - INFO - composites.py:353 - Clip value range
2025-08-18 04:33:01,445 - INFO - composites.py:358 -                           
2025-08-18 04:33:01,446 - INFO - composites.py:359 - Computing spectral indices:
2025-08-18 04:33:01,446 - INFO - composites.py:362 -     EVI...
2025-08-18 04:33:03,053 - INFO - composites.py:364 -     NDVI...
2025-08-18 04:33:03,479 - INFO - composites.py:366 -     PSRI2...
2025-08-18 04:33:04,007 - INFO - composites.py:369 - Clip to typical value range
2025-08-18 04:33:04,615 - INFO - composites.py:376 - Reducing to median value temporal composite
2025-08-18 04:33:36,694 - INFO - composites.py:395 - Define data types and nodata per band
2025-08-18 04:33:36,850 - INFO - composites.py:416 - Assign time range and tile ID in metadata
2025-08-18 04:33:36,850 - INFO - composites.py:424 - Write bands to raster COG files
2025-08-18 04:33:41,612 - INFO - composites.py:437 - Write B02 -> //nas-rs.topo.auth.gr/Latomeia/DROUGHT/COMPOS/2020/06/x10_y09/S2L2A_medcomp_x10_y09_202006_B02.tif
2025-08-18 04:33:46,604 - INFO - composites.py:437 - Write B03 -> //nas-rs.topo.auth.gr/Latomeia/DROUGHT/COMPOS/2020/06/x10_y09/S2L2A_medcomp_x10_y09_202006_B03.tif
2025-08-18 04:33:51,297 - INFO - composites.py:437 - Write B04 -> //nas-rs.topo.auth.gr/Latomeia/DROUGHT/COMPOS/2020/06/x10_y09/S2L2A_medcomp_x10_y09_202006_B04.tif
2025-08-18 04:33:55,997 - INFO - composites.py:437 - Write B05 -> //nas-rs.topo.auth.gr/Latomeia/DROUGHT/COMPOS/2020/06/x10_y09/S2L2A_medcomp_x10_y09_202006_B05.tif
2025-08-18 04:34:00,986 - INFO - composites.py:437 - Write B07 -> //nas-rs.topo.auth.gr/Latomeia/DROUGHT/COMPOS/2020/06/x10_y09/S2L2A_medcomp_x10_y09_202006_B07.tif
2025-08-18 04:34:05,864 - INFO - composites.py:437 - Write B8A -> //nas-rs.topo.auth.gr/Latomeia/DROUGHT/COMPOS/2020/06/x10_y09/S2L2A_medcomp_x10_y09_202006_B8A.tif
2025-08-18 04:34:10,571 - INFO - composites.py:437 - Write EVI -> //nas-rs.topo.auth.gr/Latomeia/DROUGHT/COMPOS/2020/06/x10_y09/S2L2A_medcomp_x10_y09_202006_evi.tif
2025-08-18 04:34:15,200 - INFO - composites.py:437 - Write NDVI -> //nas-rs.topo.auth.gr/Latomeia/DROUGHT/COMPOS/2020/06/x10_y09/S2L2A_medcomp_x10_y09_202006_ndvi.tif
2025-08-18 04:34:19,860 - INFO - composites.py:437 - Write PSRI2 -> //nas-rs.topo.auth.gr/Latomeia/DROUGHT/COMPOS/2020/06/x10_y09/S2L2A_medcomp_x10_y09_202006_psri2.tif
2025-08-18 04:34:19,860 - INFO - composites.py:441 - Prepare metadata YAML document
2025-08-18 04:34:20,676 - INFO - composites.py:462 - Write metadata YAML document to disk
2025-08-18 04:34:20,743 - INFO - composites.py:467 - Create datacube.model.Dataset from eo3 metadata
2025-08-18 04:34:20,754 - INFO - composites.py:477 - Index to datacube
2025-08-18 04:34:20,754 - INFO - _datasets.py:191 - Indexing 910ea8a3-6185-45fa-ae66-225314b34edc
2025-08-18 04:34:20,763 - INFO - composites.py:480 - 
2025-08-18 04:34:20,763 - INFO - composites.py:481 -              ✔✔✔ COMPLETED: Tile x10_y09 | Time: 2020-06 | In 8.18 minutes
2025-08-18 04:34:20,763 - INFO - composites.py:482 - 
2025-08-18 04:34:20,763 - INFO - composites.py:490 - Closing Dask client
2025-08-18 04:34:20,765 - INFO - composites.py:494 - Closing Dask cluster
