2025-08-18 10:06:36,900 - INFO - composites.py:104 - #######################################################################
2025-08-18 10:06:36,900 - INFO - composites.py:106 - Processing started
2025-08-18 10:06:36,900 - INFO - composites.py:107 -         Tile: x09_y10
2025-08-18 10:06:36,900 - INFO - composites.py:108 -         Time: 2020-08
2025-08-18 10:06:36,900 - INFO - composites.py:111 -                           
2025-08-18 10:06:36,900 - INFO - composites.py:112 - Establishing connection to datacube
2025-08-18 10:06:37,743 - INFO - composites.py:115 -                           
2025-08-18 10:06:37,743 - INFO - composites.py:116 - Sanity test: Check if dataset already exists in the datacube
2025-08-18 10:06:37,762 - INFO - composites.py:134 - The composite requested will be computed
2025-08-18 10:06:37,762 - INFO - composites.py:137 -                                  
2025-08-18 10:06:37,762 - INFO - composites.py:138 - Initializing Dask cluster for parallelization
2025-08-18 10:06:44,809 - INFO - composites.py:170 - Dask dashboard is available at: http://127.0.0.1:8787/status
2025-08-18 10:06:44,809 - INFO - composites.py:173 - Create directories and naming conversions
2025-08-18 10:06:44,814 - INFO - composites.py:184 - Dataset location: //nas-rs.topo.auth.gr/Latomeia/DROUGHT/COMPOS/2020/08/x09_y10
2025-08-18 10:06:44,815 - INFO - composites.py:187 -                           
2025-08-18 10:06:44,815 - INFO - composites.py:188 - Retrieve tile geometry
2025-08-18 10:06:44,847 - INFO - composites.py:199 - Create the Bounding Box (φ,λ)
2025-08-18 10:06:44,847 - INFO - composites.py:205 - Create the Bounding Box (x,y)
2025-08-18 10:06:44,848 - INFO - composites.py:218 -                           
2025-08-18 10:06:44,848 - INFO - composites.py:219 - Connect to Planetary Computer STAC Catalog
2025-08-18 10:06:45,088 - INFO - composites.py:227 - Search the STAC Catalog
2025-08-18 10:06:45,158 - INFO - composites.py:239 -         Query parameters:
2025-08-18 10:06:45,158 - INFO - composites.py:240 -             url:          https://planetarycomputer.microsoft.com/api/stac/v1/search
2025-08-18 10:06:45,158 - INFO - composites.py:241 -             client:       microsoft-pc
2025-08-18 10:06:45,158 - INFO - composites.py:242 -             collection:   sentinel-2-l2a
2025-08-18 10:06:45,158 - INFO - composites.py:243 -             bbox:         (21.934949947323116, 37.79251189217731, 22.601510740438165, 38.341393930546026)
2025-08-18 10:06:45,158 - INFO - composites.py:244 -             time range:   2020-08-01T00:00:00Z/2020-08-31T23:59:59Z
2025-08-18 10:06:45,158 - INFO - composites.py:245 -             cloud cover:  0% - 70%
2025-08-18 10:06:45,158 - INFO - composites.py:246 -             nodata cover: 0% - 33%
2025-08-18 10:06:45,158 - INFO - composites.py:248 -                           
2025-08-18 10:06:45,158 - INFO - composites.py:249 - Searching...
2025-08-18 10:06:45,670 - INFO - composites.py:252 - Query found 34 items
2025-08-18 10:06:45,671 - INFO - composites.py:254 - Searching for GRI REFINED scenes:
2025-08-18 10:06:54,190 - INFO - sentinel2.py:63 - 1/34 - S2A_MSIL2A_20200831T092031_R093_T34SFH_20200907T201708 -> Not Found
2025-08-18 10:07:01,309 - INFO - sentinel2.py:63 - 2/34 - S2A_MSIL2A_20200831T092031_R093_T34SFG_20200907T201645 -> Not Found
2025-08-18 10:07:08,779 - INFO - sentinel2.py:63 - 3/34 - S2A_MSIL2A_20200831T092031_R093_T34SEH_20200907T201642 -> Not Found
2025-08-18 10:07:15,966 - INFO - sentinel2.py:63 - 4/34 - S2A_MSIL2A_20200831T092031_R093_T34SEG_20200907T201645 -> Not Found
2025-08-18 10:07:23,305 - INFO - sentinel2.py:63 - 5/34 - S2A_MSIL2A_20200828T090601_R050_T34SFG_20200907T123740 -> Not Found
2025-08-18 10:07:30,604 - INFO - sentinel2.py:63 - 6/34 - S2B_MSIL2A_20200826T092029_R093_T34SFH_20200919T033155 -> Not Found
2025-08-18 10:07:38,671 - INFO - sentinel2.py:63 - 7/34 - S2B_MSIL2A_20200826T092029_R093_T34SFG_20200827T215841 -> Not Found
2025-08-18 10:07:46,637 - INFO - sentinel2.py:63 - 8/34 - S2B_MSIL2A_20200826T092029_R093_T34SEH_20200827T215852 -> Not Found
2025-08-18 10:07:54,114 - INFO - sentinel2.py:63 - 9/34 - S2B_MSIL2A_20200826T092029_R093_T34SEG_20200919T033142 -> Not Found
2025-08-18 10:08:01,416 - INFO - sentinel2.py:63 - 10/34 - S2B_MSIL2A_20200823T090559_R050_T34SFG_20200826T125634 -> Not Found
2025-08-18 10:08:10,704 - INFO - sentinel2.py:63 - 11/34 - S2A_MSIL2A_20200821T092031_R093_T34SFH_20200908T173006 -> Not Found
2025-08-18 10:08:17,838 - INFO - sentinel2.py:63 - 12/34 - S2A_MSIL2A_20200821T092031_R093_T34SFG_20200908T172959 -> Not Found
2025-08-18 10:08:25,124 - INFO - sentinel2.py:63 - 13/34 - S2A_MSIL2A_20200821T092031_R093_T34SEH_20200822T221735 -> Not Found
2025-08-18 10:08:32,989 - INFO - sentinel2.py:63 - 14/34 - S2A_MSIL2A_20200821T092031_R093_T34SEG_20200908T172924 -> Not Found
2025-08-18 10:08:41,084 - INFO - sentinel2.py:63 - 15/34 - S2A_MSIL2A_20200818T090601_R050_T34SFG_20200822T133345 -> Not Found
2025-08-18 10:08:49,062 - INFO - sentinel2.py:63 - 16/34 - S2B_MSIL2A_20200816T092029_R093_T34SFH_20200908T173007 -> Not Found
2025-08-18 10:08:57,558 - INFO - sentinel2.py:63 - 17/34 - S2B_MSIL2A_20200816T092029_R093_T34SFG_20200818T141152 -> Not Found
2025-08-18 10:09:04,898 - INFO - sentinel2.py:63 - 18/34 - S2B_MSIL2A_20200816T092029_R093_T34SEH_20200818T141212 -> Not Found
2025-08-18 10:09:13,521 - INFO - sentinel2.py:63 - 19/34 - S2B_MSIL2A_20200816T092029_R093_T34SEG_20200818T141206 -> Not Found
2025-08-18 10:09:23,986 - INFO - sentinel2.py:63 - 20/34 - S2B_MSIL2A_20200813T090559_R050_T34SFG_20200815T001507 -> Not Found
2025-08-18 10:09:31,899 - INFO - sentinel2.py:63 - 21/34 - S2A_MSIL2A_20200811T092031_R093_T34SFH_20200814T182702 -> Not Found
2025-08-18 10:09:39,994 - INFO - sentinel2.py:63 - 22/34 - S2A_MSIL2A_20200811T092031_R093_T34SFG_20200814T182702 -> Not Found
2025-08-18 10:09:47,336 - INFO - sentinel2.py:63 - 23/34 - S2A_MSIL2A_20200811T092031_R093_T34SEH_20200814T182623 -> Not Found
2025-08-18 10:09:55,890 - INFO - sentinel2.py:63 - 24/34 - S2A_MSIL2A_20200811T092031_R093_T34SEG_20200814T182640 -> Not Found
2025-08-18 10:10:04,619 - INFO - sentinel2.py:63 - 25/34 - S2A_MSIL2A_20200808T090601_R050_T34SFG_20200815T104931 -> Not Found
2025-08-18 10:10:11,862 - INFO - sentinel2.py:63 - 26/34 - S2B_MSIL2A_20200806T092029_R093_T34SFH_20200815T062515 -> Not Found
2025-08-18 10:10:20,683 - INFO - sentinel2.py:63 - 27/34 - S2B_MSIL2A_20200806T092029_R093_T34SFG_20200815T062510 -> Not Found
2025-08-18 10:10:29,222 - INFO - sentinel2.py:63 - 28/34 - S2B_MSIL2A_20200806T092029_R093_T34SEH_20200815T062513 -> Not Found
2025-08-18 10:10:36,810 - INFO - sentinel2.py:63 - 29/34 - S2B_MSIL2A_20200806T092029_R093_T34SEG_20200815T062509 -> Not Found
2025-08-18 10:10:44,187 - INFO - sentinel2.py:63 - 30/34 - S2B_MSIL2A_20200803T090559_R050_T34SFG_20200816T010454 -> Not Found
2025-08-18 10:10:51,626 - INFO - sentinel2.py:63 - 31/34 - S2A_MSIL2A_20200801T092031_R093_T34SFH_20200815T172501 -> Not Found
2025-08-18 10:11:02,294 - INFO - sentinel2.py:63 - 32/34 - S2A_MSIL2A_20200801T092031_R093_T34SFG_20200815T172500 -> Not Found
2025-08-18 10:11:10,857 - INFO - sentinel2.py:63 - 33/34 - S2A_MSIL2A_20200801T092031_R093_T34SEH_20200815T172459 -> Not Found
2025-08-18 10:11:18,401 - INFO - sentinel2.py:63 - 34/34 - S2A_MSIL2A_20200801T092031_R093_T34SEG_20200815T172458 -> Not Found
2025-08-18 10:11:18,477 - INFO - composites.py:257 -                                  
2025-08-18 10:11:18,477 - INFO - composites.py:258 - 0/34 were refined by GRI.
2025-08-18 10:11:18,477 - WARNING - composites.py:262 - Tile x09_y10 | Time: 2020-08: All scenes are flagged NOT REFINED.
2025-08-18 10:11:18,477 - WARNING - composites.py:263 - Tile x09_y10 | Time: 2020-08: The composite will be flagged with _NOREFINED.
2025-08-18 10:11:18,477 - INFO - composites.py:270 - Looking for up to 10 cleanest images within spatiotemporal range of each MGRS tile
2025-08-18 10:11:18,478 - INFO - composites.py:284 - Filtered cleanest scenes: Kept 31 out of 34 items. 
2025-08-18 10:11:18,478 - INFO - composites.py:285 -         Included MGRS Tiles: ['34SEG' '34SEH' '34SFG' '34SFH']
2025-08-18 10:11:18,478 - INFO - composites.py:286 -         Included EPSG codes: [32634]
2025-08-18 10:11:18,478 - INFO - composites.py:288 - Selected scenes:
2025-08-18 10:11:18,479 - INFO - composites.py:290 -         S2A_MSIL2A_20200831T092031_R093_T34SEG_20200907T201645
2025-08-18 10:11:18,479 - INFO - composites.py:290 -         S2B_MSIL2A_20200816T092029_R093_T34SEG_20200818T141206
2025-08-18 10:11:18,479 - INFO - composites.py:290 -         S2A_MSIL2A_20200811T092031_R093_T34SEG_20200814T182640
2025-08-18 10:11:18,479 - INFO - composites.py:290 -         S2A_MSIL2A_20200801T092031_R093_T34SEG_20200815T172458
2025-08-18 10:11:18,479 - INFO - composites.py:290 -         S2A_MSIL2A_20200821T092031_R093_T34SEG_20200908T172924
2025-08-18 10:11:18,481 - INFO - composites.py:290 -         S2B_MSIL2A_20200806T092029_R093_T34SEG_20200815T062509
2025-08-18 10:11:18,481 - INFO - composites.py:290 -         S2B_MSIL2A_20200826T092029_R093_T34SEG_20200919T033142
2025-08-18 10:11:18,482 - INFO - composites.py:290 -         S2A_MSIL2A_20200831T092031_R093_T34SEH_20200907T201642
2025-08-18 10:11:18,482 - INFO - composites.py:290 -         S2A_MSIL2A_20200821T092031_R093_T34SEH_20200822T221735
2025-08-18 10:11:18,482 - INFO - composites.py:290 -         S2B_MSIL2A_20200816T092029_R093_T34SEH_20200818T141212
2025-08-18 10:11:18,482 - INFO - composites.py:290 -         S2A_MSIL2A_20200801T092031_R093_T34SEH_20200815T172459
2025-08-18 10:11:18,482 - INFO - composites.py:290 -         S2B_MSIL2A_20200826T092029_R093_T34SEH_20200827T215852
2025-08-18 10:11:18,482 - INFO - composites.py:290 -         S2A_MSIL2A_20200811T092031_R093_T34SEH_20200814T182623
2025-08-18 10:11:18,482 - INFO - composites.py:290 -         S2B_MSIL2A_20200806T092029_R093_T34SEH_20200815T062513
2025-08-18 10:11:18,482 - INFO - composites.py:290 -         S2A_MSIL2A_20200831T092031_R093_T34SFG_20200907T201645
2025-08-18 10:11:18,482 - INFO - composites.py:290 -         S2A_MSIL2A_20200828T090601_R050_T34SFG_20200907T123740
2025-08-18 10:11:18,482 - INFO - composites.py:290 -         S2B_MSIL2A_20200803T090559_R050_T34SFG_20200816T010454
2025-08-18 10:11:18,482 - INFO - composites.py:290 -         S2B_MSIL2A_20200823T090559_R050_T34SFG_20200826T125634
2025-08-18 10:11:18,482 - INFO - composites.py:290 -         S2B_MSIL2A_20200813T090559_R050_T34SFG_20200815T001507
2025-08-18 10:11:18,482 - INFO - composites.py:290 -         S2B_MSIL2A_20200816T092029_R093_T34SFG_20200818T141152
2025-08-18 10:11:18,482 - INFO - composites.py:290 -         S2B_MSIL2A_20200806T092029_R093_T34SFG_20200815T062510
2025-08-18 10:11:18,482 - INFO - composites.py:290 -         S2A_MSIL2A_20200821T092031_R093_T34SFG_20200908T172959
2025-08-18 10:11:18,482 - INFO - composites.py:290 -         S2A_MSIL2A_20200818T090601_R050_T34SFG_20200822T133345
2025-08-18 10:11:18,482 - INFO - composites.py:290 -         S2A_MSIL2A_20200811T092031_R093_T34SFG_20200814T182702
2025-08-18 10:11:18,482 - INFO - composites.py:290 -         S2A_MSIL2A_20200831T092031_R093_T34SFH_20200907T201708
2025-08-18 10:11:18,482 - INFO - composites.py:290 -         S2B_MSIL2A_20200816T092029_R093_T34SFH_20200908T173007
2025-08-18 10:11:18,482 - INFO - composites.py:290 -         S2A_MSIL2A_20200821T092031_R093_T34SFH_20200908T173006
2025-08-18 10:11:18,482 - INFO - composites.py:290 -         S2A_MSIL2A_20200811T092031_R093_T34SFH_20200814T182702
2025-08-18 10:11:18,482 - INFO - composites.py:290 -         S2B_MSIL2A_20200826T092029_R093_T34SFH_20200919T033155
2025-08-18 10:11:18,482 - INFO - composites.py:290 -         S2B_MSIL2A_20200806T092029_R093_T34SFH_20200815T062515
2025-08-18 10:11:18,482 - INFO - composites.py:290 -         S2A_MSIL2A_20200801T092031_R093_T34SFH_20200815T172501
2025-08-18 10:11:19,070 - INFO - sentinel2.py:139 - Matplotlib backend: Agg
2025-08-18 10:11:19,419 - INFO - sentinel2.py:209 - Write input scenes footprint overlay: //nas-rs.topo.auth.gr/Latomeia/DROUGHT/COMPOS/2020/08/x09_y10/S2L2A_medcomp_x09_y10_202008_InDataFootprint.jpeg
2025-08-18 10:11:19,755 - INFO - composites.py:304 -                                  
2025-08-18 10:11:19,756 - INFO - composites.py:305 - Downstream STAC items from Planetary Computer
2025-08-18 10:11:19,756 - INFO - timeseries_processing.py:99 -                                  
2025-08-18 10:11:19,756 - INFO - timeseries_processing.py:100 - Loading bands of diferent resolutions in EPSG:32634
2025-08-18 10:11:19,756 - INFO - timeseries_processing.py:104 -     Filtering items with native UTM EPSG:32634
2025-08-18 10:11:19,756 - INFO - timeseries_processing.py:106 -     31 Items in EPSG:32634
2025-08-18 10:11:19,756 - INFO - timeseries_processing.py:113 -                        
2025-08-18 10:11:19,756 - INFO - timeseries_processing.py:114 -     Loading parameters:
2025-08-18 10:11:19,756 - INFO - timeseries_processing.py:115 -         Bands: ['B05', 'B07', 'B8A', 'SCL']
2025-08-18 10:11:19,756 - INFO - timeseries_processing.py:116 -         Spatial resolution: 20
2025-08-18 10:11:19,756 - INFO - timeseries_processing.py:118 -         Get Assets from STAC Items
2025-08-18 10:11:19,756 - INFO - timeseries_processing.py:31 -         Initialize the STAC client
2025-08-18 10:11:20,476 - INFO - timeseries_processing.py:121 -         Loading 31 STAC Items....
2025-08-18 10:12:52,271 - INFO - timeseries_processing.py:143 -         Cube has been downloaded
2025-08-18 10:12:52,271 - INFO - timeseries_processing.py:152 -         Fix order of dimensions
2025-08-18 10:12:52,274 - INFO - timeseries_processing.py:157 -         Append bands to the band-list of EPSG:32634
2025-08-18 10:12:52,275 - INFO - timeseries_processing.py:113 -                        
2025-08-18 10:12:52,275 - INFO - timeseries_processing.py:114 -     Loading parameters:
2025-08-18 10:12:52,275 - INFO - timeseries_processing.py:115 -         Bands: ['B02', 'B03', 'B04']
2025-08-18 10:12:52,275 - INFO - timeseries_processing.py:116 -         Spatial resolution: 10
2025-08-18 10:12:52,276 - INFO - timeseries_processing.py:118 -         Get Assets from STAC Items
2025-08-18 10:12:52,276 - INFO - timeseries_processing.py:31 -         Initialize the STAC client
2025-08-18 10:12:53,024 - INFO - timeseries_processing.py:121 -         Loading 31 STAC Items....
2025-08-18 10:16:20,005 - INFO - timeseries_processing.py:143 -         Cube has been downloaded
2025-08-18 10:16:20,005 - INFO - timeseries_processing.py:146 -         Downsample 10m bands to 20m by average 2x2 binning
2025-08-18 10:16:37,629 - INFO - timeseries_processing.py:149 -         Warp (reproject) 2x2 binned bands like native 20m bands: method=bilinear
2025-08-18 10:16:49,869 - INFO - timeseries_processing.py:157 -         Append bands to the band-list of EPSG:32634
2025-08-18 10:16:49,871 - INFO - timeseries_processing.py:161 -                        
2025-08-18 10:16:49,871 - INFO - timeseries_processing.py:162 -     Merging bands in a single dataset
2025-08-18 10:16:49,871 - INFO - timeseries_processing.py:163 -     Ensure all partial datasets are at (x=20, y=-20) resolution
2025-08-18 10:16:49,871 - INFO - timeseries_processing.py:167 -     Clip to the intersection of indexes
2025-08-18 10:16:51,334 - INFO - timeseries_processing.py:176 -     Make a list of bands to merge
2025-08-18 10:16:51,335 - INFO - timeseries_processing.py:180 -     Merge on intersection
2025-08-18 10:16:51,337 - INFO - timeseries_processing.py:188 -     Apply masks on clouds, shadows, thin cirrus, and snow/ice
2025-08-18 10:16:51,337 - INFO - sentinel2.py:107 -                Masking bits: [3, 7, 8, 9, 10, 11]
2025-08-18 10:16:53,089 - INFO - timeseries_processing.py:194 -     Reproject to Tiling Schema projection EPSG:3035
2025-08-18 10:17:10,341 - INFO - composites.py:314 - Clip and align to tile geometry
2025-08-18 10:17:15,993 - INFO - composites.py:347 - Creating preview plot of input scenes
2025-08-18 10:18:03,436 - INFO - timeseries_processing.py:352 - Saved preview for 'B04' to //nas-rs.topo.auth.gr/Latomeia/DROUGHT/COMPOS/2020/08/x09_y10/S2L2A_medcomp_x09_y10_202008_InDataPreview.jpeg
2025-08-18 10:18:03,444 - INFO - composites.py:353 - Clip value range
2025-08-18 10:18:06,153 - INFO - composites.py:358 -                           
2025-08-18 10:18:06,164 - INFO - composites.py:359 - Computing spectral indices:
2025-08-18 10:18:06,164 - INFO - composites.py:362 -     EVI...
2025-08-18 10:18:07,864 - INFO - composites.py:364 -     NDVI...
2025-08-18 10:18:08,227 - INFO - composites.py:366 -     PSRI2...
2025-08-18 10:18:08,808 - INFO - composites.py:369 - Clip to typical value range
2025-08-18 10:18:09,382 - INFO - composites.py:376 - Reducing to median value temporal composite
2025-08-18 10:18:40,366 - INFO - composites.py:395 - Define data types and nodata per band
2025-08-18 10:18:40,558 - INFO - composites.py:416 - Assign time range and tile ID in metadata
2025-08-18 10:18:40,559 - INFO - composites.py:424 - Write bands to raster COG files
2025-08-18 10:18:45,349 - INFO - composites.py:437 - Write B02 -> //nas-rs.topo.auth.gr/Latomeia/DROUGHT/COMPOS/2020/08/x09_y10/S2L2A_medcomp_x09_y10_202008_B02.tif
2025-08-18 10:18:50,336 - INFO - composites.py:437 - Write B03 -> //nas-rs.topo.auth.gr/Latomeia/DROUGHT/COMPOS/2020/08/x09_y10/S2L2A_medcomp_x09_y10_202008_B03.tif
2025-08-18 10:18:55,197 - INFO - composites.py:437 - Write B04 -> //nas-rs.topo.auth.gr/Latomeia/DROUGHT/COMPOS/2020/08/x09_y10/S2L2A_medcomp_x09_y10_202008_B04.tif
2025-08-18 10:19:00,178 - INFO - composites.py:437 - Write B05 -> //nas-rs.topo.auth.gr/Latomeia/DROUGHT/COMPOS/2020/08/x09_y10/S2L2A_medcomp_x09_y10_202008_B05.tif
2025-08-18 10:19:05,006 - INFO - composites.py:437 - Write B07 -> //nas-rs.topo.auth.gr/Latomeia/DROUGHT/COMPOS/2020/08/x09_y10/S2L2A_medcomp_x09_y10_202008_B07.tif
2025-08-18 10:19:09,795 - INFO - composites.py:437 - Write B8A -> //nas-rs.topo.auth.gr/Latomeia/DROUGHT/COMPOS/2020/08/x09_y10/S2L2A_medcomp_x09_y10_202008_B8A.tif
2025-08-18 10:19:14,518 - INFO - composites.py:437 - Write EVI -> //nas-rs.topo.auth.gr/Latomeia/DROUGHT/COMPOS/2020/08/x09_y10/S2L2A_medcomp_x09_y10_202008_evi.tif
2025-08-18 10:19:19,277 - INFO - composites.py:437 - Write NDVI -> //nas-rs.topo.auth.gr/Latomeia/DROUGHT/COMPOS/2020/08/x09_y10/S2L2A_medcomp_x09_y10_202008_ndvi.tif
2025-08-18 10:19:24,093 - INFO - composites.py:437 - Write PSRI2 -> //nas-rs.topo.auth.gr/Latomeia/DROUGHT/COMPOS/2020/08/x09_y10/S2L2A_medcomp_x09_y10_202008_psri2.tif
2025-08-18 10:19:24,109 - INFO - composites.py:441 - Prepare metadata YAML document
2025-08-18 10:19:24,952 - INFO - composites.py:462 - Write metadata YAML document to disk
2025-08-18 10:19:25,022 - INFO - composites.py:467 - Create datacube.model.Dataset from eo3 metadata
2025-08-18 10:19:25,032 - INFO - composites.py:477 - Index to datacube
2025-08-18 10:19:25,033 - INFO - _datasets.py:191 - Indexing 0849013e-c3dd-4aea-a54e-62a8e879fd46
2025-08-18 10:19:25,041 - INFO - composites.py:480 - 
2025-08-18 10:19:25,041 - INFO - composites.py:481 -              ✔✔✔ COMPLETED: Tile x09_y10 | Time: 2020-08 | In 12.8 minutes
2025-08-18 10:19:25,041 - INFO - composites.py:482 - 
2025-08-18 10:19:25,041 - INFO - composites.py:490 - Closing Dask client
2025-08-18 10:19:25,043 - INFO - composites.py:494 - Closing Dask cluster
