2025-08-28 03:13:42,705 - INFO - composites.py:102 - #######################################################################
2025-08-28 03:13:42,706 - INFO - composites.py:104 - Processing started
2025-08-28 03:13:42,706 - INFO - composites.py:105 -         Tile: x11_y08
2025-08-28 03:13:42,706 - INFO - composites.py:106 -         Time: 2022-03
2025-08-28 03:13:42,706 - INFO - composites.py:109 -                           
2025-08-28 03:13:42,706 - INFO - composites.py:110 - Establishing connection to datacube
2025-08-28 03:13:43,222 - INFO - composites.py:113 -                           
2025-08-28 03:13:43,223 - INFO - composites.py:114 - Sanity test: Check if dataset already exists in the datacube
2025-08-28 03:13:43,241 - INFO - composites.py:133 - The composite requested was not found and it will be computed
2025-08-28 03:13:43,241 - INFO - composites.py:136 -                                  
2025-08-28 03:13:43,241 - INFO - composites.py:137 - Initializing Dask cluster for parallelization
2025-08-28 03:13:48,239 - INFO - composites.py:161 - Dask dashboard is available at: http://127.0.0.1:8787/status
2025-08-28 03:13:48,239 - INFO - composites.py:164 - Create directories and naming conversions
2025-08-28 03:13:48,249 - INFO - composites.py:177 - Dataset location: //nas-rs.topo.auth.gr/Latomeia/DROUGHT/composites/x11/y08/2022/03/01
2025-08-28 03:13:48,249 - INFO - composites.py:180 -                           
2025-08-28 03:13:48,249 - INFO - composites.py:181 - Retrieve tile geometry
2025-08-28 03:13:48,278 - INFO - composites.py:192 - Create the Bounding Box (φ,λ)
2025-08-28 03:13:48,278 - INFO - composites.py:198 - Create the Bounding Box (x,y)
2025-08-28 03:13:48,278 - INFO - composites.py:211 -                           
2025-08-28 03:13:48,278 - INFO - composites.py:212 - Connect to Planetary Computer STAC Catalog
2025-08-28 03:13:48,568 - INFO - composites.py:220 - Search the STAC Catalog
2025-08-28 03:13:48,636 - INFO - composites.py:232 -         Query parameters:
2025-08-28 03:13:48,636 - INFO - composites.py:233 -             url:          https://planetarycomputer.microsoft.com/api/stac/v1/search
2025-08-28 03:13:48,636 - INFO - composites.py:234 -             client:       microsoft-pc
2025-08-28 03:13:48,636 - INFO - composites.py:235 -             collection:   sentinel-2-l2a
2025-08-28 03:13:48,636 - INFO - composites.py:236 -             bbox:         (22.845662885042927, 36.78779644280391, 23.507450073915326, 37.34127558081356)
2025-08-28 03:13:48,636 - INFO - composites.py:237 -             time range:   2022-03-01T00:00:00Z/2022-03-31T23:59:59Z
2025-08-28 03:13:48,636 - INFO - composites.py:238 -             cloud cover:  0% - 70%
2025-08-28 03:13:48,636 - INFO - composites.py:239 -             nodata cover: 0% - 33%
2025-08-28 03:13:48,636 - INFO - composites.py:241 -                           
2025-08-28 03:13:48,636 - INFO - composites.py:242 - Searching...
2025-08-28 03:13:49,178 - INFO - composites.py:245 - Query found 26 items
2025-08-28 03:13:49,184 - INFO - composites.py:247 - Searching for GRI REFINED scenes:
2025-08-28 03:13:54,560 - INFO - sentinel2.py:78 - 1/26 - S2B_MSIL2A_20220329T092029_R093_T34SFG_20240530T212441 -> REFINED
2025-08-28 03:14:00,518 - INFO - sentinel2.py:78 - 2/26 - S2B_MSIL2A_20220329T092029_R093_T34SFG_20220330T002138 -> REFINED
2025-08-28 03:14:05,947 - INFO - sentinel2.py:78 - 3/26 - S2B_MSIL2A_20220326T090609_R050_T34SGG_20220329T225558 -> REFINED
2025-08-28 03:14:12,406 - INFO - sentinel2.py:78 - 4/26 - S2B_MSIL2A_20220326T090609_R050_T34SGF_20220329T215654 -> REFINED
2025-08-28 03:14:17,978 - INFO - sentinel2.py:78 - 5/26 - S2B_MSIL2A_20220326T090609_R050_T34SFG_20220329T220406 -> REFINED
2025-08-28 03:14:23,633 - INFO - sentinel2.py:78 - 6/26 - S2B_MSIL2A_20220326T090609_R050_T34SFF_20220329T223921 -> REFINED
2025-08-28 03:14:28,167 - INFO - sentinel2.py:78 - 7/26 - S2A_MSIL2A_20220324T092031_R093_T34SFG_20240522T111837 -> REFINED
2025-08-28 03:14:32,679 - INFO - sentinel2.py:78 - 8/26 - S2A_MSIL2A_20220324T092031_R093_T34SFG_20220324T233109 -> REFINED
2025-08-28 03:14:38,066 - INFO - sentinel2.py:78 - 9/26 - S2A_MSIL2A_20220324T092031_R093_T34SFF_20240522T111837 -> REFINED
2025-08-28 03:14:43,773 - INFO - sentinel2.py:78 - 10/26 - S2A_MSIL2A_20220324T092031_R093_T34SFF_20220325T002515 -> REFINED
2025-08-28 03:14:49,148 - INFO - sentinel2.py:78 - 11/26 - S2A_MSIL2A_20220321T090651_R050_T34SFG_20240526T023651 -> REFINED
2025-08-28 03:14:54,597 - INFO - sentinel2.py:78 - 12/26 - S2A_MSIL2A_20220321T090651_R050_T34SFG_20220321T201754 -> REFINED
2025-08-28 03:14:59,367 - INFO - sentinel2.py:78 - 13/26 - S2A_MSIL2A_20220321T090651_R050_T34SFF_20240526T023651 -> REFINED
2025-08-28 03:15:05,200 - INFO - sentinel2.py:78 - 14/26 - S2A_MSIL2A_20220321T090651_R050_T34SFF_20220321T191914 -> REFINED
2025-08-28 03:15:09,929 - INFO - sentinel2.py:78 - 15/26 - S2B_MSIL2A_20220319T092029_R093_T34SFF_20240522T052449 -> REFINED
2025-08-28 03:15:15,728 - INFO - sentinel2.py:78 - 16/26 - S2B_MSIL2A_20220319T092029_R093_T34SFF_20220319T222742 -> REFINED
2025-08-28 03:15:21,664 - INFO - sentinel2.py:78 - 17/26 - S2B_MSIL2A_20220316T090659_R050_T34SGG_20220316T212050 -> REFINED
2025-08-28 03:15:26,887 - INFO - sentinel2.py:78 - 18/26 - S2B_MSIL2A_20220316T090659_R050_T34SGF_20220316T204716 -> REFINED
2025-08-28 03:15:32,663 - INFO - sentinel2.py:78 - 19/26 - S2B_MSIL2A_20220316T090659_R050_T34SFG_20220316T204225 -> REFINED
2025-08-28 03:15:37,753 - INFO - sentinel2.py:78 - 20/26 - S2B_MSIL2A_20220316T090659_R050_T34SFF_20220316T211251 -> REFINED
2025-08-28 03:15:42,508 - INFO - sentinel2.py:78 - 21/26 - S2A_MSIL2A_20220314T092031_R093_T34SFG_20240524T021050 -> REFINED
2025-08-28 03:15:47,822 - INFO - sentinel2.py:78 - 22/26 - S2A_MSIL2A_20220314T092031_R093_T34SFG_20220314T232941 -> REFINED
2025-08-28 03:15:53,514 - INFO - sentinel2.py:78 - 23/26 - S2A_MSIL2A_20220311T090801_R050_T34SGG_20220312T063453 -> REFINED
2025-08-28 03:15:59,469 - INFO - sentinel2.py:78 - 24/26 - S2A_MSIL2A_20220311T090801_R050_T34SFG_20220312T061222 -> REFINED
2025-08-28 03:16:04,773 - INFO - sentinel2.py:78 - 25/26 - S2A_MSIL2A_20220311T090801_R050_T34SFF_20220312T071112 -> REFINED
2025-08-28 03:16:10,575 - INFO - sentinel2.py:78 - 26/26 - S2B_MSIL2A_20220306T090739_R050_T34SFF_20220306T172330 -> REFINED
2025-08-28 03:16:10,657 - INFO - composites.py:250 -                                  
2025-08-28 03:16:10,657 - INFO - composites.py:251 - 26/26 were refined by GRI.
2025-08-28 03:16:10,658 - INFO - composites.py:263 - Looking for up to 10 cleanest images within spatiotemporal range of each MGRS tile
2025-08-28 03:16:10,658 - INFO - composites.py:277 - Filtered cleanest scenes: Kept 25 out of 26 items. 
2025-08-28 03:16:10,659 - INFO - composites.py:278 -         Included MGRS Tiles: ['34SFF' '34SFG' '34SGF' '34SGG']
2025-08-28 03:16:10,659 - INFO - composites.py:279 -         Included EPSG codes: [32634]
2025-08-28 03:16:10,659 - INFO - composites.py:281 - Selected scenes:
2025-08-28 03:16:10,659 - INFO - composites.py:283 -         S2A_MSIL2A_20220324T092031_R093_T34SFF_20240522T111837
2025-08-28 03:16:10,659 - INFO - composites.py:283 -         S2A_MSIL2A_20220324T092031_R093_T34SFF_20220325T002515
2025-08-28 03:16:10,660 - INFO - composites.py:283 -         S2B_MSIL2A_20220316T090659_R050_T34SFF_20220316T211251
2025-08-28 03:16:10,660 - INFO - composites.py:283 -         S2A_MSIL2A_20220321T090651_R050_T34SFF_20220321T191914
2025-08-28 03:16:10,660 - INFO - composites.py:283 -         S2A_MSIL2A_20220321T090651_R050_T34SFF_20240526T023651
2025-08-28 03:16:10,660 - INFO - composites.py:283 -         S2B_MSIL2A_20220326T090609_R050_T34SFF_20220329T223921
2025-08-28 03:16:10,671 - INFO - composites.py:283 -         S2B_MSIL2A_20220319T092029_R093_T34SFF_20220319T222742
2025-08-28 03:16:10,671 - INFO - composites.py:283 -         S2B_MSIL2A_20220319T092029_R093_T34SFF_20240522T052449
2025-08-28 03:16:10,671 - INFO - composites.py:283 -         S2A_MSIL2A_20220311T090801_R050_T34SFF_20220312T071112
2025-08-28 03:16:10,678 - INFO - composites.py:283 -         S2B_MSIL2A_20220306T090739_R050_T34SFF_20220306T172330
2025-08-28 03:16:10,678 - INFO - composites.py:283 -         S2A_MSIL2A_20220324T092031_R093_T34SFG_20220324T233109
2025-08-28 03:16:10,678 - INFO - composites.py:283 -         S2A_MSIL2A_20220324T092031_R093_T34SFG_20240522T111837
2025-08-28 03:16:10,678 - INFO - composites.py:283 -         S2B_MSIL2A_20220326T090609_R050_T34SFG_20220329T220406
2025-08-28 03:16:10,678 - INFO - composites.py:283 -         S2B_MSIL2A_20220316T090659_R050_T34SFG_20220316T204225
2025-08-28 03:16:10,678 - INFO - composites.py:283 -         S2B_MSIL2A_20220329T092029_R093_T34SFG_20220330T002138
2025-08-28 03:16:10,678 - INFO - composites.py:283 -         S2B_MSIL2A_20220329T092029_R093_T34SFG_20240530T212441
2025-08-28 03:16:10,678 - INFO - composites.py:283 -         S2A_MSIL2A_20220314T092031_R093_T34SFG_20240524T021050
2025-08-28 03:16:10,678 - INFO - composites.py:283 -         S2A_MSIL2A_20220314T092031_R093_T34SFG_20220314T232941
2025-08-28 03:16:10,678 - INFO - composites.py:283 -         S2A_MSIL2A_20220321T090651_R050_T34SFG_20240526T023651
2025-08-28 03:16:10,678 - INFO - composites.py:283 -         S2A_MSIL2A_20220321T090651_R050_T34SFG_20220321T201754
2025-08-28 03:16:10,678 - INFO - composites.py:283 -         S2B_MSIL2A_20220326T090609_R050_T34SGF_20220329T215654
2025-08-28 03:16:10,678 - INFO - composites.py:283 -         S2B_MSIL2A_20220316T090659_R050_T34SGF_20220316T204716
2025-08-28 03:16:10,678 - INFO - composites.py:283 -         S2B_MSIL2A_20220326T090609_R050_T34SGG_20220329T225558
2025-08-28 03:16:10,678 - INFO - composites.py:283 -         S2B_MSIL2A_20220316T090659_R050_T34SGG_20220316T212050
2025-08-28 03:16:10,678 - INFO - composites.py:283 -         S2A_MSIL2A_20220311T090801_R050_T34SGG_20220312T063453
2025-08-28 03:16:11,112 - INFO - sentinel2.py:154 - Matplotlib backend: Agg
2025-08-28 03:16:11,379 - INFO - sentinel2.py:224 - Write input scenes footprint overlay: //nas-rs.topo.auth.gr/Latomeia/DROUGHT/composites/x11/y08/2022/03/01/S2L2A_medcomp_x11y08_202203_InDataFootprint.jpeg
2025-08-28 03:16:11,610 - INFO - composites.py:297 -                                  
2025-08-28 03:16:11,610 - INFO - composites.py:298 - Downstream STAC items from Planetary Computer
2025-08-28 03:16:11,610 - INFO - timeseries_processing.py:115 -                                  
2025-08-28 03:16:11,610 - INFO - timeseries_processing.py:116 - Loading bands of diferent resolutions in EPSG:32634
2025-08-28 03:16:11,610 - INFO - timeseries_processing.py:120 -     Filtering items with native UTM EPSG:32634
2025-08-28 03:16:11,610 - INFO - timeseries_processing.py:122 -     25 Items in EPSG:32634
2025-08-28 03:16:11,610 - INFO - timeseries_processing.py:129 -                        
2025-08-28 03:16:11,610 - INFO - timeseries_processing.py:130 -     Loading parameters:
2025-08-28 03:16:11,610 - INFO - timeseries_processing.py:131 -         Bands: ['B05', 'B07', 'B8A', 'SCL']
2025-08-28 03:16:11,610 - INFO - timeseries_processing.py:132 -         Spatial resolution: 20
2025-08-28 03:16:11,610 - INFO - timeseries_processing.py:134 -         Get Assets from STAC Items
2025-08-28 03:16:11,610 - INFO - timeseries_processing.py:47 -         Initialize the STAC client
2025-08-28 03:16:12,277 - INFO - timeseries_processing.py:137 -         Loading 25 STAC Items....
2025-08-28 03:18:07,867 - INFO - timeseries_processing.py:146 -         Cube has been downloaded
2025-08-28 03:18:07,868 - INFO - timeseries_processing.py:156 -         Fix order of dimensions
2025-08-28 03:18:07,869 - INFO - timeseries_processing.py:161 -         Append bands to the band-list of EPSG:32634
2025-08-28 03:18:07,870 - INFO - timeseries_processing.py:129 -                        
2025-08-28 03:18:07,870 - INFO - timeseries_processing.py:130 -     Loading parameters:
2025-08-28 03:18:07,870 - INFO - timeseries_processing.py:131 -         Bands: ['B02', 'B03', 'B04']
2025-08-28 03:18:07,871 - INFO - timeseries_processing.py:132 -         Spatial resolution: 10
2025-08-28 03:18:07,871 - INFO - timeseries_processing.py:134 -         Get Assets from STAC Items
2025-08-28 03:18:07,871 - INFO - timeseries_processing.py:47 -         Initialize the STAC client
2025-08-28 03:18:08,478 - INFO - timeseries_processing.py:137 -         Loading 25 STAC Items....
2025-08-28 03:20:44,895 - INFO - timeseries_processing.py:146 -         Cube has been downloaded
2025-08-28 03:20:44,895 - INFO - timeseries_processing.py:149 -         Reproject to downsample 10m bands to 20m by Resampling.average 2x2 binning and shape matching with odc.geo.GeoBox
2025-08-28 03:20:56,966 - INFO - timeseries_processing.py:161 -         Append bands to the band-list of EPSG:32634
2025-08-28 03:20:56,966 - INFO - timeseries_processing.py:165 -                        
2025-08-28 03:20:56,966 - INFO - timeseries_processing.py:166 -     Merging bands in a single dataset
2025-08-28 03:20:56,966 - INFO - timeseries_processing.py:167 -     Ensure all partial datasets are at (x=20, y=-20) resolution
2025-08-28 03:20:56,966 - INFO - timeseries_processing.py:171 -     Clip to the intersection of indexes
2025-08-28 03:20:58,095 - INFO - timeseries_processing.py:180 -     Make a list of bands to merge
2025-08-28 03:20:58,097 - INFO - timeseries_processing.py:184 -     Merge on intersection
2025-08-28 03:20:58,098 - INFO - timeseries_processing.py:192 -     Apply masks on clouds, shadows, thin cirrus, and snow/ice
2025-08-28 03:20:58,098 - INFO - sentinel2.py:122 -                Masking bits: [3, 7, 8, 9, 10, 11]
2025-08-28 03:20:59,341 - INFO - composites.py:307 - Reproject from UTM Zone to Tile geometry -> CRS(EPSG:32634), Resampling.bilinear
2025-08-28 03:21:05,663 - INFO - composites.py:310 -     New shape of datasets: Shape2d(x=2400, y=2400)
2025-08-28 03:21:06,544 - INFO - composites.py:329 - Scale SR to Sen2Cor Baseline 4.00 - Subtract 1000 in dates post 2022-01-25
2025-08-28 03:21:07,862 - INFO - composites.py:342 - Creating preview plot of input scenes
2025-08-28 03:21:38,455 - INFO - timeseries_processing.py:349 - Saved preview for 'B04' to //nas-rs.topo.auth.gr/Latomeia/DROUGHT/composites/x11/y08/2022/03/01/S2L2A_medcomp_x11y08_202203_InDataPreview.jpeg
2025-08-28 03:21:38,462 - INFO - composites.py:348 - Clip value range
2025-08-28 03:21:40,204 - INFO - composites.py:353 -                           
2025-08-28 03:21:40,215 - INFO - composites.py:354 - Computing spectral indices:
2025-08-28 03:21:40,226 - INFO - composites.py:357 -     EVI...
2025-08-28 03:21:41,280 - INFO - composites.py:359 -     NDVI...
2025-08-28 03:21:41,635 - INFO - composites.py:361 -     PSRI2...
2025-08-28 03:21:41,905 - INFO - composites.py:364 - Clip to typical value range
2025-08-28 03:21:42,239 - INFO - composites.py:371 - Reducing to median value temporal composite
2025-08-28 03:22:07,386 - INFO - composites.py:390 - Scale and Define data types & nodata per band
2025-08-28 03:22:07,535 - INFO - composites.py:411 - Assign time range and tile ID in metadata
2025-08-28 03:22:07,535 - INFO - composites.py:419 - Write bands to raster COG files
2025-08-28 03:22:11,535 - INFO - composites.py:432 - Write B02 -> //nas-rs.topo.auth.gr/Latomeia/DROUGHT/composites/x11/y08/2022/03/01/S2L2A_medcomp_x11y08_202203_B02.tif
2025-08-28 03:22:15,386 - INFO - composites.py:432 - Write B03 -> //nas-rs.topo.auth.gr/Latomeia/DROUGHT/composites/x11/y08/2022/03/01/S2L2A_medcomp_x11y08_202203_B03.tif
2025-08-28 03:22:19,145 - INFO - composites.py:432 - Write B04 -> //nas-rs.topo.auth.gr/Latomeia/DROUGHT/composites/x11/y08/2022/03/01/S2L2A_medcomp_x11y08_202203_B04.tif
2025-08-28 03:22:22,897 - INFO - composites.py:432 - Write B05 -> //nas-rs.topo.auth.gr/Latomeia/DROUGHT/composites/x11/y08/2022/03/01/S2L2A_medcomp_x11y08_202203_B05.tif
2025-08-28 03:22:26,645 - INFO - composites.py:432 - Write B07 -> //nas-rs.topo.auth.gr/Latomeia/DROUGHT/composites/x11/y08/2022/03/01/S2L2A_medcomp_x11y08_202203_B07.tif
2025-08-28 03:22:30,407 - INFO - composites.py:432 - Write B8A -> //nas-rs.topo.auth.gr/Latomeia/DROUGHT/composites/x11/y08/2022/03/01/S2L2A_medcomp_x11y08_202203_B8A.tif
2025-08-28 03:22:34,114 - INFO - composites.py:432 - Write EVI -> //nas-rs.topo.auth.gr/Latomeia/DROUGHT/composites/x11/y08/2022/03/01/S2L2A_medcomp_x11y08_202203_EVI.tif
2025-08-28 03:22:37,867 - INFO - composites.py:432 - Write NDVI -> //nas-rs.topo.auth.gr/Latomeia/DROUGHT/composites/x11/y08/2022/03/01/S2L2A_medcomp_x11y08_202203_NDVI.tif
2025-08-28 03:22:41,672 - INFO - composites.py:432 - Write PSRI2 -> //nas-rs.topo.auth.gr/Latomeia/DROUGHT/composites/x11/y08/2022/03/01/S2L2A_medcomp_x11y08_202203_PSRI2.tif
2025-08-28 03:22:41,673 - INFO - composites.py:436 - Prepare metadata YAML document
2025-08-28 03:22:42,314 - INFO - composites.py:458 - Write metadata YAML document to disk
2025-08-28 03:22:42,365 - INFO - composites.py:463 - Create datacube.model.Dataset from eo3 metadata
2025-08-28 03:22:42,377 - INFO - composites.py:474 - Index to datacube
2025-08-28 03:22:42,378 - INFO - _datasets.py:191 - Indexing f320e8b3-71d6-4478-8494-982a7a460744
2025-08-28 03:22:42,386 - INFO - composites.py:477 - 
2025-08-28 03:22:42,386 - INFO - composites.py:478 -              ✔✔✔ COMPLETED: Tile x11_y08 | Time: 2022-03 | In 8.99 minutes
2025-08-28 03:22:42,386 - INFO - composites.py:479 - 
2025-08-28 03:22:42,386 - INFO - composites.py:487 - Closing Dask client
2025-08-28 03:22:42,388 - INFO - composites.py:491 - Closing Dask cluster
2025-08-28 03:22:42,388 - INFO - composites.py:492 - #######################################################################
