2025-08-26 10:36:56,615 - INFO - composites.py:102 - #######################################################################
2025-08-26 10:36:56,615 - INFO - composites.py:104 - Processing started
2025-08-26 10:36:56,615 - INFO - composites.py:105 -         Tile: x12_y11
2025-08-26 10:36:56,615 - INFO - composites.py:106 -         Time: 2020-06
2025-08-26 10:36:56,615 - INFO - composites.py:109 -                           
2025-08-26 10:36:56,615 - INFO - composites.py:110 - Establishing connection to datacube
2025-08-26 10:36:57,131 - INFO - composites.py:113 -                           
2025-08-26 10:36:57,131 - INFO - composites.py:114 - Sanity test: Check if dataset already exists in the datacube
2025-08-26 10:36:57,148 - INFO - composites.py:133 - The composite requested was not found and it will be computed
2025-08-26 10:36:57,148 - INFO - composites.py:136 -                                  
2025-08-26 10:36:57,148 - INFO - composites.py:137 - Initializing Dask cluster for parallelization
2025-08-26 10:37:02,045 - INFO - composites.py:161 - Dask dashboard is available at: http://127.0.0.1:8787/status
2025-08-26 10:37:02,045 - INFO - composites.py:164 - Create directories and naming conversions
2025-08-26 10:37:02,065 - INFO - composites.py:177 - Dataset location: //nas-rs.topo.auth.gr/Latomeia/DROUGHT/composites/x12/y11/2020/06/01
2025-08-26 10:37:02,065 - INFO - composites.py:180 -                           
2025-08-26 10:37:02,065 - INFO - composites.py:181 - Retrieve tile geometry
2025-08-26 10:37:02,093 - INFO - composites.py:192 - Create the Bounding Box (φ,λ)
2025-08-26 10:37:02,093 - INFO - composites.py:198 - Create the Bounding Box (x,y)
2025-08-26 10:37:02,093 - INFO - composites.py:211 -                           
2025-08-26 10:37:02,093 - INFO - composites.py:212 - Connect to Planetary Computer STAC Catalog
2025-08-26 10:37:02,531 - INFO - composites.py:220 - Search the STAC Catalog
2025-08-26 10:37:02,649 - INFO - composites.py:232 -         Query parameters:
2025-08-26 10:37:02,649 - INFO - composites.py:233 -             url:          https://planetarycomputer.microsoft.com/api/stac/v1/search
2025-08-26 10:37:02,649 - INFO - composites.py:234 -             client:       microsoft-pc
2025-08-26 10:37:02,649 - INFO - composites.py:235 -             collection:   sentinel-2-l2a
2025-08-26 10:37:02,649 - INFO - composites.py:236 -             bbox:         (23.62848359322628, 37.99360926828161, 24.306499279548976, 38.55013763603257)
2025-08-26 10:37:02,650 - INFO - composites.py:237 -             time range:   2020-06-01T00:00:00Z/2020-06-30T23:59:59Z
2025-08-26 10:37:02,650 - INFO - composites.py:238 -             cloud cover:  0% - 70%
2025-08-26 10:37:02,650 - INFO - composites.py:239 -             nodata cover: 0% - 33%
2025-08-26 10:37:02,650 - INFO - composites.py:241 -                           
2025-08-26 10:37:02,650 - INFO - composites.py:242 - Searching...
2025-08-26 10:37:03,201 - INFO - composites.py:245 - Query found 12 items
2025-08-26 10:37:03,201 - INFO - composites.py:247 - Searching for GRI REFINED scenes:
2025-08-26 10:37:10,484 - INFO - sentinel2.py:78 - 1/12 - S2A_MSIL2A_20200629T090601_R050_T35SKC_20200824T131338 -> Not Found
2025-08-26 10:37:18,850 - INFO - sentinel2.py:78 - 2/12 - S2A_MSIL2A_20200629T090601_R050_T34SGH_20200824T131328 -> Not Found
2025-08-26 10:37:26,634 - INFO - sentinel2.py:78 - 3/12 - S2B_MSIL2A_20200624T090559_R050_T35SKC_20200823T233528 -> Not Found
2025-08-26 10:37:34,902 - INFO - sentinel2.py:78 - 4/12 - S2B_MSIL2A_20200624T090559_R050_T34SGH_20200823T233514 -> Not Found
2025-08-26 10:37:41,424 - INFO - sentinel2.py:78 - 5/12 - S2A_MSIL2A_20200619T090601_R050_T35SKC_20200823T070640 -> Not Found
2025-08-26 10:37:48,444 - INFO - sentinel2.py:78 - 6/12 - S2A_MSIL2A_20200619T090601_R050_T34SGH_20200823T070631 -> Not Found
2025-08-26 10:37:56,047 - INFO - sentinel2.py:78 - 7/12 - S2B_MSIL2A_20200614T090559_R050_T35SKC_20200827T093602 -> Not Found
2025-08-26 10:38:04,800 - INFO - sentinel2.py:78 - 8/12 - S2B_MSIL2A_20200614T090559_R050_T34SGH_20200827T093553 -> Not Found
2025-08-26 10:38:15,280 - INFO - sentinel2.py:78 - 9/12 - S2A_MSIL2A_20200609T090601_R050_T35SKC_20200826T171338 -> Not Found
2025-08-26 10:38:23,580 - INFO - sentinel2.py:78 - 10/12 - S2A_MSIL2A_20200609T090601_R050_T34SGH_20200826T171312 -> Not Found
2025-08-26 10:38:31,402 - INFO - sentinel2.py:78 - 11/12 - S2B_MSIL2A_20200604T090559_R050_T35SKC_20200826T035526 -> Not Found
2025-08-26 10:38:38,147 - INFO - sentinel2.py:78 - 12/12 - S2B_MSIL2A_20200604T090559_R050_T34SGH_20200826T035504 -> Not Found
2025-08-26 10:38:38,183 - INFO - composites.py:250 -                                  
2025-08-26 10:38:38,183 - INFO - composites.py:251 - 0/12 were refined by GRI.
2025-08-26 10:38:38,183 - WARNING - composites.py:255 - Tile x12_y11 | Time: 2020-06: All scenes are flagged NOT REFINED.
2025-08-26 10:38:38,183 - WARNING - composites.py:256 - Tile x12_y11 | Time: 2020-06: The composite will be flagged with _NOREFINED.
2025-08-26 10:38:38,184 - INFO - composites.py:263 - Looking for up to 10 cleanest images within spatiotemporal range of each MGRS tile
2025-08-26 10:38:38,185 - INFO - composites.py:277 - Filtered cleanest scenes: Kept 12 out of 12 items. 
2025-08-26 10:38:38,185 - INFO - composites.py:278 -         Included MGRS Tiles: ['34SGH' '35SKC']
2025-08-26 10:38:38,185 - INFO - composites.py:279 -         Included EPSG codes: [32634 32635]
2025-08-26 10:38:38,197 - INFO - composites.py:281 - Selected scenes:
2025-08-26 10:38:38,197 - INFO - composites.py:283 -         S2A_MSIL2A_20200629T090601_R050_T34SGH_20200824T131328
2025-08-26 10:38:38,197 - INFO - composites.py:283 -         S2A_MSIL2A_20200619T090601_R050_T34SGH_20200823T070631
2025-08-26 10:38:38,197 - INFO - composites.py:283 -         S2B_MSIL2A_20200604T090559_R050_T34SGH_20200826T035504
2025-08-26 10:38:38,213 - INFO - composites.py:283 -         S2B_MSIL2A_20200614T090559_R050_T34SGH_20200827T093553
2025-08-26 10:38:38,213 - INFO - composites.py:283 -         S2A_MSIL2A_20200609T090601_R050_T34SGH_20200826T171312
2025-08-26 10:38:38,214 - INFO - composites.py:283 -         S2B_MSIL2A_20200624T090559_R050_T34SGH_20200823T233514
2025-08-26 10:38:38,229 - INFO - composites.py:283 -         S2A_MSIL2A_20200629T090601_R050_T35SKC_20200824T131338
2025-08-26 10:38:38,229 - INFO - composites.py:283 -         S2A_MSIL2A_20200619T090601_R050_T35SKC_20200823T070640
2025-08-26 10:38:38,229 - INFO - composites.py:283 -         S2B_MSIL2A_20200604T090559_R050_T35SKC_20200826T035526
2025-08-26 10:38:38,229 - INFO - composites.py:283 -         S2B_MSIL2A_20200614T090559_R050_T35SKC_20200827T093602
2025-08-26 10:38:38,234 - INFO - composites.py:283 -         S2A_MSIL2A_20200609T090601_R050_T35SKC_20200826T171338
2025-08-26 10:38:38,235 - INFO - composites.py:283 -         S2B_MSIL2A_20200624T090559_R050_T35SKC_20200823T233528
2025-08-26 10:38:38,593 - INFO - sentinel2.py:154 - Matplotlib backend: Agg
2025-08-26 10:38:38,771 - INFO - sentinel2.py:224 - Write input scenes footprint overlay: //nas-rs.topo.auth.gr/Latomeia/DROUGHT/composites/x12/y11/2020/06/01/S2L2A_medcomp_x12y11_202006_InDataFootprint.jpeg
2025-08-26 10:38:39,005 - INFO - composites.py:297 -                                  
2025-08-26 10:38:39,005 - INFO - composites.py:298 - Downstream STAC items from Planetary Computer
2025-08-26 10:38:39,005 - INFO - timeseries_processing.py:115 -                                  
2025-08-26 10:38:39,005 - INFO - timeseries_processing.py:116 - Loading bands of diferent resolutions in EPSG:32634
2025-08-26 10:38:39,005 - INFO - timeseries_processing.py:120 -     Filtering items with native UTM EPSG:32634
2025-08-26 10:38:39,005 - INFO - timeseries_processing.py:122 -     6 Items in EPSG:32634
2025-08-26 10:38:39,005 - INFO - timeseries_processing.py:129 -                        
2025-08-26 10:38:39,005 - INFO - timeseries_processing.py:130 -     Loading parameters:
2025-08-26 10:38:39,005 - INFO - timeseries_processing.py:131 -         Bands: ['B05', 'B07', 'B8A', 'SCL']
2025-08-26 10:38:39,005 - INFO - timeseries_processing.py:132 -         Spatial resolution: 20
2025-08-26 10:38:39,005 - INFO - timeseries_processing.py:134 -         Get Assets from STAC Items
2025-08-26 10:38:39,007 - INFO - timeseries_processing.py:47 -         Initialize the STAC client
2025-08-26 10:38:39,704 - INFO - timeseries_processing.py:137 -         Loading 6 STAC Items....
2025-08-26 10:39:45,023 - INFO - timeseries_processing.py:146 -         Cube has been downloaded
2025-08-26 10:39:45,037 - INFO - timeseries_processing.py:156 -         Fix order of dimensions
2025-08-26 10:39:45,039 - INFO - timeseries_processing.py:161 -         Append bands to the band-list of EPSG:32634
2025-08-26 10:39:45,039 - INFO - timeseries_processing.py:129 -                        
2025-08-26 10:39:45,039 - INFO - timeseries_processing.py:130 -     Loading parameters:
2025-08-26 10:39:45,040 - INFO - timeseries_processing.py:131 -         Bands: ['B02', 'B03', 'B04']
2025-08-26 10:39:45,040 - INFO - timeseries_processing.py:132 -         Spatial resolution: 10
2025-08-26 10:39:45,040 - INFO - timeseries_processing.py:134 -         Get Assets from STAC Items
2025-08-26 10:39:45,041 - INFO - timeseries_processing.py:47 -         Initialize the STAC client
2025-08-26 10:39:45,621 - INFO - timeseries_processing.py:137 -         Loading 6 STAC Items....
2025-08-26 10:42:09,986 - INFO - timeseries_processing.py:146 -         Cube has been downloaded
2025-08-26 10:42:09,986 - INFO - timeseries_processing.py:149 -         Reproject to downsample 10m bands to 20m by Resampling.average 2x2 binning and shape matching with odc.geo.GeoBox
2025-08-26 10:42:19,560 - INFO - timeseries_processing.py:161 -         Append bands to the band-list of EPSG:32634
2025-08-26 10:42:19,560 - INFO - timeseries_processing.py:165 -                        
2025-08-26 10:42:19,560 - INFO - timeseries_processing.py:166 -     Merging bands in a single dataset
2025-08-26 10:42:19,560 - INFO - timeseries_processing.py:167 -     Ensure all partial datasets are at (x=20, y=-20) resolution
2025-08-26 10:42:19,561 - INFO - timeseries_processing.py:171 -     Clip to the intersection of indexes
2025-08-26 10:42:21,075 - INFO - timeseries_processing.py:180 -     Make a list of bands to merge
2025-08-26 10:42:21,076 - INFO - timeseries_processing.py:184 -     Merge on intersection
2025-08-26 10:42:21,077 - INFO - timeseries_processing.py:192 -     Apply masks on clouds, shadows, thin cirrus, and snow/ice
2025-08-26 10:42:21,077 - INFO - sentinel2.py:122 -                Masking bits: [3, 7, 8, 9, 10, 11]
2025-08-26 10:42:21,922 - INFO - timeseries_processing.py:115 -                                  
2025-08-26 10:42:21,922 - INFO - timeseries_processing.py:116 - Loading bands of diferent resolutions in EPSG:32635
2025-08-26 10:42:21,923 - INFO - timeseries_processing.py:120 -     Filtering items with native UTM EPSG:32635
2025-08-26 10:42:21,923 - INFO - timeseries_processing.py:122 -     6 Items in EPSG:32635
2025-08-26 10:42:21,923 - INFO - timeseries_processing.py:129 -                        
2025-08-26 10:42:21,923 - INFO - timeseries_processing.py:130 -     Loading parameters:
2025-08-26 10:42:21,923 - INFO - timeseries_processing.py:131 -         Bands: ['B05', 'B07', 'B8A', 'SCL']
2025-08-26 10:42:21,923 - INFO - timeseries_processing.py:132 -         Spatial resolution: 20
2025-08-26 10:42:21,923 - INFO - timeseries_processing.py:134 -         Get Assets from STAC Items
2025-08-26 10:42:21,923 - INFO - timeseries_processing.py:47 -         Initialize the STAC client
2025-08-26 10:42:22,490 - INFO - timeseries_processing.py:137 -         Loading 6 STAC Items....
2025-08-26 10:43:22,562 - INFO - timeseries_processing.py:146 -         Cube has been downloaded
2025-08-26 10:43:22,562 - INFO - timeseries_processing.py:156 -         Fix order of dimensions
2025-08-26 10:43:22,564 - INFO - timeseries_processing.py:161 -         Append bands to the band-list of EPSG:32635
2025-08-26 10:43:22,564 - INFO - timeseries_processing.py:129 -                        
2025-08-26 10:43:22,565 - INFO - timeseries_processing.py:130 -     Loading parameters:
2025-08-26 10:43:22,565 - INFO - timeseries_processing.py:131 -         Bands: ['B02', 'B03', 'B04']
2025-08-26 10:43:22,566 - INFO - timeseries_processing.py:132 -         Spatial resolution: 10
2025-08-26 10:43:22,566 - INFO - timeseries_processing.py:134 -         Get Assets from STAC Items
2025-08-26 10:43:22,566 - INFO - timeseries_processing.py:47 -         Initialize the STAC client
2025-08-26 10:43:23,111 - INFO - timeseries_processing.py:137 -         Loading 6 STAC Items....
2025-08-26 10:45:45,290 - INFO - timeseries_processing.py:146 -         Cube has been downloaded
2025-08-26 10:45:45,291 - INFO - timeseries_processing.py:149 -         Reproject to downsample 10m bands to 20m by Resampling.average 2x2 binning and shape matching with odc.geo.GeoBox
2025-08-26 10:45:55,056 - INFO - timeseries_processing.py:161 -         Append bands to the band-list of EPSG:32635
2025-08-26 10:45:55,056 - INFO - timeseries_processing.py:165 -                        
2025-08-26 10:45:55,056 - INFO - timeseries_processing.py:166 -     Merging bands in a single dataset
2025-08-26 10:45:55,056 - INFO - timeseries_processing.py:167 -     Ensure all partial datasets are at (x=20, y=-20) resolution
2025-08-26 10:45:55,057 - INFO - timeseries_processing.py:171 -     Clip to the intersection of indexes
2025-08-26 10:45:55,058 - INFO - timeseries_processing.py:180 -     Make a list of bands to merge
2025-08-26 10:45:55,059 - INFO - timeseries_processing.py:184 -     Merge on intersection
2025-08-26 10:45:55,059 - INFO - timeseries_processing.py:192 -     Apply masks on clouds, shadows, thin cirrus, and snow/ice
2025-08-26 10:45:55,059 - INFO - sentinel2.py:122 -                Masking bits: [3, 7, 8, 9, 10, 11]
2025-08-26 10:45:55,822 - INFO - composites.py:307 - Reproject from UTM Zone to Tile geometry -> CRS(EPSG:32635), Resampling.bilinear
2025-08-26 10:46:04,053 - INFO - composites.py:310 -     New shape of datasets: Shape2d(x=2400, y=2400)
2025-08-26 10:46:04,439 - INFO - composites.py:315 -                           
2025-08-26 10:46:04,445 - INFO - composites.py:316 - Mosaic datasets to a single dataset
2025-08-26 10:46:09,092 - INFO - composites.py:342 - Creating preview plot of input scenes
2025-08-26 10:46:33,657 - INFO - timeseries_processing.py:349 - Saved preview for 'B04' to //nas-rs.topo.auth.gr/Latomeia/DROUGHT/composites/x12/y11/2020/06/01/S2L2A_medcomp_x12y11_202006_InDataPreview.jpeg
2025-08-26 10:46:33,662 - INFO - composites.py:348 - Clip value range
2025-08-26 10:46:35,032 - INFO - composites.py:353 -                           
2025-08-26 10:46:35,032 - INFO - composites.py:354 - Computing spectral indices:
2025-08-26 10:46:35,033 - INFO - composites.py:357 -     EVI...
2025-08-26 10:46:35,863 - INFO - composites.py:359 -     NDVI...
2025-08-26 10:46:36,123 - INFO - composites.py:361 -     PSRI2...
2025-08-26 10:46:36,403 - INFO - composites.py:364 - Clip to typical value range
2025-08-26 10:46:36,680 - INFO - composites.py:371 - Reducing to median value temporal composite
2025-08-26 10:47:02,723 - INFO - composites.py:390 - Scale and Define data types & nodata per band
2025-08-26 10:47:02,840 - INFO - composites.py:411 - Assign time range and tile ID in metadata
2025-08-26 10:47:02,840 - INFO - composites.py:419 - Write bands to raster COG files
2025-08-26 10:47:06,691 - INFO - composites.py:432 - Write B02 -> //nas-rs.topo.auth.gr/Latomeia/DROUGHT/composites/x12/y11/2020/06/01/S2L2A_medcomp_x12y11_202006_B02.tif
2025-08-26 10:47:10,517 - INFO - composites.py:432 - Write B03 -> //nas-rs.topo.auth.gr/Latomeia/DROUGHT/composites/x12/y11/2020/06/01/S2L2A_medcomp_x12y11_202006_B03.tif
2025-08-26 10:47:14,381 - INFO - composites.py:432 - Write B04 -> //nas-rs.topo.auth.gr/Latomeia/DROUGHT/composites/x12/y11/2020/06/01/S2L2A_medcomp_x12y11_202006_B04.tif
2025-08-26 10:47:18,287 - INFO - composites.py:432 - Write B05 -> //nas-rs.topo.auth.gr/Latomeia/DROUGHT/composites/x12/y11/2020/06/01/S2L2A_medcomp_x12y11_202006_B05.tif
2025-08-26 10:47:22,239 - INFO - composites.py:432 - Write B07 -> //nas-rs.topo.auth.gr/Latomeia/DROUGHT/composites/x12/y11/2020/06/01/S2L2A_medcomp_x12y11_202006_B07.tif
2025-08-26 10:47:26,086 - INFO - composites.py:432 - Write B8A -> //nas-rs.topo.auth.gr/Latomeia/DROUGHT/composites/x12/y11/2020/06/01/S2L2A_medcomp_x12y11_202006_B8A.tif
2025-08-26 10:47:29,933 - INFO - composites.py:432 - Write EVI -> //nas-rs.topo.auth.gr/Latomeia/DROUGHT/composites/x12/y11/2020/06/01/S2L2A_medcomp_x12y11_202006_EVI.tif
2025-08-26 10:47:33,770 - INFO - composites.py:432 - Write NDVI -> //nas-rs.topo.auth.gr/Latomeia/DROUGHT/composites/x12/y11/2020/06/01/S2L2A_medcomp_x12y11_202006_NDVI.tif
2025-08-26 10:47:37,535 - INFO - composites.py:432 - Write PSRI2 -> //nas-rs.topo.auth.gr/Latomeia/DROUGHT/composites/x12/y11/2020/06/01/S2L2A_medcomp_x12y11_202006_PSRI2.tif
2025-08-26 10:47:37,535 - INFO - composites.py:436 - Prepare metadata YAML document
2025-08-26 10:47:38,110 - INFO - composites.py:458 - Write metadata YAML document to disk
2025-08-26 10:47:38,183 - INFO - composites.py:463 - Create datacube.model.Dataset from eo3 metadata
2025-08-26 10:47:38,197 - INFO - composites.py:474 - Index to datacube
2025-08-26 10:47:38,197 - INFO - _datasets.py:191 - Indexing 71d10855-4cf0-4007-a341-ba0d20979168
2025-08-26 10:47:38,209 - INFO - composites.py:477 - 
2025-08-26 10:47:38,210 - INFO - composites.py:478 -              ✔✔✔ COMPLETED: Tile x12_y11 | Time: 2020-06 | In 10.69 minutes
2025-08-26 10:47:38,210 - INFO - composites.py:479 - 
2025-08-26 10:47:38,210 - INFO - composites.py:487 - Closing Dask client
2025-08-26 10:47:38,211 - INFO - composites.py:491 - Closing Dask cluster
2025-08-26 10:47:38,211 - INFO - composites.py:492 - #######################################################################
