2025-08-19 06:59:38,780 - INFO - composites.py:104 - #######################################################################
2025-08-19 06:59:38,781 - INFO - composites.py:106 - Processing started
2025-08-19 06:59:38,781 - INFO - composites.py:107 -         Tile: x09_y07
2025-08-19 06:59:38,781 - INFO - composites.py:108 -         Time: 2021-03
2025-08-19 06:59:38,781 - INFO - composites.py:111 -                           
2025-08-19 06:59:38,781 - INFO - composites.py:112 - Establishing connection to datacube
2025-08-19 06:59:39,512 - INFO - composites.py:115 -                           
2025-08-19 06:59:39,513 - INFO - composites.py:116 - Sanity test: Check if dataset already exists in the datacube
2025-08-19 06:59:39,534 - INFO - composites.py:135 - The composite requested was not found and it will be computed
2025-08-19 06:59:39,534 - INFO - composites.py:138 -                                  
2025-08-19 06:59:39,534 - INFO - composites.py:139 - Initializing Dask cluster for parallelization
2025-08-19 06:59:46,043 - INFO - composites.py:163 - Dask dashboard is available at: http://127.0.0.1:8787/status
2025-08-19 06:59:46,043 - INFO - composites.py:166 - Create directories and naming conversions
2025-08-19 06:59:46,049 - INFO - composites.py:177 - Dataset location: //nas-rs.topo.auth.gr/Latomeia/DROUGHT/COMPOS/2021/03/x09_y07
2025-08-19 06:59:46,049 - INFO - composites.py:180 -                           
2025-08-19 06:59:46,049 - INFO - composites.py:181 - Retrieve tile geometry
2025-08-19 06:59:46,086 - INFO - composites.py:192 - Create the Bounding Box (φ,λ)
2025-08-19 06:59:46,086 - INFO - composites.py:198 - Create the Bounding Box (x,y)
2025-08-19 06:59:46,086 - INFO - composites.py:211 -                           
2025-08-19 06:59:46,086 - INFO - composites.py:212 - Connect to Planetary Computer STAC Catalog
2025-08-19 06:59:46,347 - INFO - composites.py:220 - Search the STAC Catalog
2025-08-19 06:59:46,441 - INFO - composites.py:232 -         Query parameters:
2025-08-19 06:59:46,441 - INFO - composites.py:233 -             url:          https://planetarycomputer.microsoft.com/api/stac/v1/search
2025-08-19 06:59:46,441 - INFO - composites.py:234 -             client:       microsoft-pc
2025-08-19 06:59:46,441 - INFO - composites.py:235 -             collection:   sentinel-2-l2a
2025-08-19 06:59:46,441 - INFO - composites.py:236 -             bbox:         (21.71333520153107, 36.50350503998516, 22.366269659639244, 37.05189725494875)
2025-08-19 06:59:46,441 - INFO - composites.py:237 -             time range:   2021-03-01T00:00:00Z/2021-03-31T23:59:59Z
2025-08-19 06:59:46,441 - INFO - composites.py:238 -             cloud cover:  0% - 70%
2025-08-19 06:59:46,441 - INFO - composites.py:239 -             nodata cover: 0% - 33%
2025-08-19 06:59:46,441 - INFO - composites.py:241 -                           
2025-08-19 06:59:46,441 - INFO - composites.py:242 - Searching...
2025-08-19 06:59:47,034 - INFO - composites.py:245 - Query found 31 items
2025-08-19 06:59:47,034 - INFO - composites.py:247 - Searching for GRI REFINED scenes:
2025-08-19 06:59:52,645 - INFO - sentinel2.py:78 - 1/31 - S2B_MSIL2A_20210331T090549_R050_T34SFG_20210524T145041 -> REFINED
2025-08-19 06:59:57,949 - INFO - sentinel2.py:78 - 2/31 - S2A_MSIL2A_20210329T092031_R093_T34SFG_20210330T051117 -> REFINED
2025-08-19 07:00:05,083 - INFO - sentinel2.py:78 - 3/31 - S2A_MSIL2A_20210329T092031_R093_T34SFF_20210330T055734 -> REFINED
2025-08-19 07:00:11,245 - INFO - sentinel2.py:78 - 4/31 - S2A_MSIL2A_20210329T092031_R093_T34SEG_20210330T045055 -> REFINED
2025-08-19 07:00:18,815 - INFO - sentinel2.py:78 - 5/31 - S2A_MSIL2A_20210329T092031_R093_T34SEF_20210330T040031 -> REFINED
2025-08-19 07:00:23,720 - INFO - sentinel2.py:78 - 6/31 - S2A_MSIL2A_20210326T090611_R050_T34SFG_20210326T232725 -> REFINED
2025-08-19 07:00:28,891 - INFO - sentinel2.py:78 - 7/31 - S2A_MSIL2A_20210326T090611_R050_T34SFF_20210326T230455 -> REFINED
2025-08-19 07:00:35,041 - INFO - sentinel2.py:78 - 8/31 - S2B_MSIL2A_20210324T092029_R093_T34SFG_20210324T213316 -> REFINED
2025-08-19 07:00:43,292 - INFO - sentinel2.py:78 - 9/31 - S2B_MSIL2A_20210324T092029_R093_T34SFF_20210324T202906 -> REFINED
2025-08-19 07:00:48,349 - INFO - sentinel2.py:78 - 10/31 - S2B_MSIL2A_20210324T092029_R093_T34SEG_20210324T205543 -> REFINED
2025-08-19 07:00:53,487 - INFO - sentinel2.py:78 - 11/31 - S2B_MSIL2A_20210324T092029_R093_T34SEF_20210324T200218 -> REFINED
2025-08-19 07:00:58,751 - INFO - sentinel2.py:78 - 12/31 - S2B_MSIL2A_20210321T090649_R050_T34SFF_20210322T111024 -> REFINED
2025-08-19 07:01:04,911 - INFO - sentinel2.py:78 - 13/31 - S2A_MSIL2A_20210319T092031_R093_T34SFF_20210319T210821 -> REFINED
2025-08-19 07:01:10,476 - INFO - sentinel2.py:78 - 14/31 - S2A_MSIL2A_20210319T092031_R093_T34SEG_20210319T213827 -> REFINED
2025-08-19 07:01:16,855 - INFO - sentinel2.py:78 - 15/31 - S2A_MSIL2A_20210319T092031_R093_T34SEF_20210319T210859 -> REFINED
2025-08-19 07:01:21,932 - INFO - sentinel2.py:78 - 16/31 - S2A_MSIL2A_20210316T090721_R050_T34SFG_20210317T112110 -> REFINED
2025-08-19 07:01:27,011 - INFO - sentinel2.py:78 - 17/31 - S2A_MSIL2A_20210316T090721_R050_T34SFF_20210317T113233 -> REFINED
2025-08-19 07:01:32,320 - INFO - sentinel2.py:78 - 18/31 - S2B_MSIL2A_20210311T090659_R050_T34SFG_20210312T024806 -> REFINED
2025-08-19 07:01:38,075 - INFO - sentinel2.py:78 - 19/31 - S2B_MSIL2A_20210311T090659_R050_T34SFF_20210312T032504 -> REFINED
2025-08-19 07:01:43,908 - INFO - sentinel2.py:78 - 20/31 - S2A_MSIL2A_20210309T092031_R093_T34SFG_20210309T214821 -> REFINED
2025-08-19 07:01:49,385 - INFO - sentinel2.py:78 - 21/31 - S2A_MSIL2A_20210309T092031_R093_T34SFF_20210309T194222 -> REFINED
2025-08-19 07:01:55,770 - INFO - sentinel2.py:78 - 22/31 - S2A_MSIL2A_20210309T092031_R093_T34SEG_20210309T201306 -> REFINED
2025-08-19 07:02:00,990 - INFO - sentinel2.py:78 - 23/31 - S2A_MSIL2A_20210309T092031_R093_T34SEF_20210309T211617 -> REFINED
2025-08-19 07:02:07,180 - INFO - sentinel2.py:78 - 24/31 - S2A_MSIL2A_20210306T090831_R050_T34SFG_20210307T040713 -> REFINED
2025-08-19 07:02:12,947 - INFO - sentinel2.py:78 - 25/31 - S2A_MSIL2A_20210306T090831_R050_T34SFF_20210307T052158 -> REFINED
2025-08-19 07:02:18,579 - INFO - sentinel2.py:78 - 26/31 - S2B_MSIL2A_20210304T092029_R093_T34SFG_20210304T230844 -> REFINED
2025-08-19 07:02:24,379 - INFO - sentinel2.py:78 - 27/31 - S2B_MSIL2A_20210304T092029_R093_T34SFF_20210304T221515 -> REFINED
2025-08-19 07:02:30,259 - INFO - sentinel2.py:78 - 28/31 - S2B_MSIL2A_20210304T092029_R093_T34SEG_20210304T233128 -> REFINED
2025-08-19 07:02:35,279 - INFO - sentinel2.py:78 - 29/31 - S2B_MSIL2A_20210304T092029_R093_T34SEF_20210304T223651 -> REFINED
2025-08-19 07:02:40,398 - INFO - sentinel2.py:78 - 30/31 - S2B_MSIL2A_20210301T090819_R050_T34SFG_20210301T191849 -> REFINED
2025-08-19 07:02:46,676 - INFO - sentinel2.py:78 - 31/31 - S2B_MSIL2A_20210301T090819_R050_T34SFF_20210301T215636 -> REFINED
2025-08-19 07:02:46,720 - INFO - composites.py:250 -                                  
2025-08-19 07:02:46,720 - INFO - composites.py:251 - 31/31 were refined by GRI.
2025-08-19 07:02:46,720 - INFO - composites.py:263 - Looking for up to 10 cleanest images within spatiotemporal range of each MGRS tile
2025-08-19 07:02:46,721 - INFO - composites.py:277 - Filtered cleanest scenes: Kept 30 out of 31 items. 
2025-08-19 07:02:46,721 - INFO - composites.py:278 -         Included MGRS Tiles: ['34SEF' '34SEG' '34SFF' '34SFG']
2025-08-19 07:02:46,721 - INFO - composites.py:279 -         Included EPSG codes: [32634]
2025-08-19 07:02:46,721 - INFO - composites.py:281 - Selected scenes:
2025-08-19 07:02:46,721 - INFO - composites.py:283 -         S2A_MSIL2A_20210329T092031_R093_T34SEF_20210330T040031
2025-08-19 07:02:46,721 - INFO - composites.py:283 -         S2B_MSIL2A_20210304T092029_R093_T34SEF_20210304T223651
2025-08-19 07:02:46,722 - INFO - composites.py:283 -         S2A_MSIL2A_20210309T092031_R093_T34SEF_20210309T211617
2025-08-19 07:02:46,722 - INFO - composites.py:283 -         S2A_MSIL2A_20210319T092031_R093_T34SEF_20210319T210859
2025-08-19 07:02:46,722 - INFO - composites.py:283 -         S2B_MSIL2A_20210324T092029_R093_T34SEF_20210324T200218
2025-08-19 07:02:46,735 - INFO - composites.py:283 -         S2B_MSIL2A_20210304T092029_R093_T34SEG_20210304T233128
2025-08-19 07:02:46,735 - INFO - composites.py:283 -         S2A_MSIL2A_20210309T092031_R093_T34SEG_20210309T201306
2025-08-19 07:02:46,736 - INFO - composites.py:283 -         S2A_MSIL2A_20210329T092031_R093_T34SEG_20210330T045055
2025-08-19 07:02:46,736 - INFO - composites.py:283 -         S2B_MSIL2A_20210324T092029_R093_T34SEG_20210324T205543
2025-08-19 07:02:46,736 - INFO - composites.py:283 -         S2A_MSIL2A_20210319T092031_R093_T34SEG_20210319T213827
2025-08-19 07:02:46,736 - INFO - composites.py:283 -         S2B_MSIL2A_20210304T092029_R093_T34SFF_20210304T221515
2025-08-19 07:02:46,736 - INFO - composites.py:283 -         S2A_MSIL2A_20210329T092031_R093_T34SFF_20210330T055734
2025-08-19 07:02:46,736 - INFO - composites.py:283 -         S2A_MSIL2A_20210306T090831_R050_T34SFF_20210307T052158
2025-08-19 07:02:46,736 - INFO - composites.py:283 -         S2A_MSIL2A_20210326T090611_R050_T34SFF_20210326T230455
2025-08-19 07:02:46,736 - INFO - composites.py:283 -         S2A_MSIL2A_20210309T092031_R093_T34SFF_20210309T194222
2025-08-19 07:02:46,736 - INFO - composites.py:283 -         S2B_MSIL2A_20210311T090659_R050_T34SFF_20210312T032504
2025-08-19 07:02:46,736 - INFO - composites.py:283 -         S2A_MSIL2A_20210316T090721_R050_T34SFF_20210317T113233
2025-08-19 07:02:46,736 - INFO - composites.py:283 -         S2B_MSIL2A_20210321T090649_R050_T34SFF_20210322T111024
2025-08-19 07:02:46,736 - INFO - composites.py:283 -         S2A_MSIL2A_20210319T092031_R093_T34SFF_20210319T210821
2025-08-19 07:02:46,736 - INFO - composites.py:283 -         S2B_MSIL2A_20210324T092029_R093_T34SFF_20210324T202906
2025-08-19 07:02:46,736 - INFO - composites.py:283 -         S2B_MSIL2A_20210304T092029_R093_T34SFG_20210304T230844
2025-08-19 07:02:46,736 - INFO - composites.py:283 -         S2A_MSIL2A_20210326T090611_R050_T34SFG_20210326T232725
2025-08-19 07:02:46,737 - INFO - composites.py:283 -         S2A_MSIL2A_20210306T090831_R050_T34SFG_20210307T040713
2025-08-19 07:02:46,737 - INFO - composites.py:283 -         S2A_MSIL2A_20210329T092031_R093_T34SFG_20210330T051117
2025-08-19 07:02:46,737 - INFO - composites.py:283 -         S2B_MSIL2A_20210301T090819_R050_T34SFG_20210301T191849
2025-08-19 07:02:46,737 - INFO - composites.py:283 -         S2A_MSIL2A_20210316T090721_R050_T34SFG_20210317T112110
2025-08-19 07:02:46,737 - INFO - composites.py:283 -         S2B_MSIL2A_20210324T092029_R093_T34SFG_20210324T213316
2025-08-19 07:02:46,737 - INFO - composites.py:283 -         S2A_MSIL2A_20210309T092031_R093_T34SFG_20210309T214821
2025-08-19 07:02:46,737 - INFO - composites.py:283 -         S2B_MSIL2A_20210311T090659_R050_T34SFG_20210312T024806
2025-08-19 07:02:46,737 - INFO - composites.py:283 -         S2B_MSIL2A_20210331T090549_R050_T34SFG_20210524T145041
2025-08-19 07:02:47,329 - INFO - sentinel2.py:154 - Matplotlib backend: Agg
2025-08-19 07:02:47,654 - INFO - sentinel2.py:224 - Write input scenes footprint overlay: //nas-rs.topo.auth.gr/Latomeia/DROUGHT/COMPOS/2021/03/x09_y07/S2L2A_medcomp_x09_y07_202103_InDataFootprint.jpeg
2025-08-19 07:02:47,991 - INFO - composites.py:297 -                                  
2025-08-19 07:02:47,991 - INFO - composites.py:298 - Downstream STAC items from Planetary Computer
2025-08-19 07:02:47,991 - INFO - timeseries_processing.py:114 -                                  
2025-08-19 07:02:47,991 - INFO - timeseries_processing.py:115 - Loading bands of diferent resolutions in EPSG:32634
2025-08-19 07:02:47,991 - INFO - timeseries_processing.py:119 -     Filtering items with native UTM EPSG:32634
2025-08-19 07:02:47,991 - INFO - timeseries_processing.py:121 -     30 Items in EPSG:32634
2025-08-19 07:02:47,991 - INFO - timeseries_processing.py:128 -                        
2025-08-19 07:02:47,991 - INFO - timeseries_processing.py:129 -     Loading parameters:
2025-08-19 07:02:47,991 - INFO - timeseries_processing.py:130 -         Bands: ['B05', 'B07', 'B8A', 'SCL']
2025-08-19 07:02:47,991 - INFO - timeseries_processing.py:131 -         Spatial resolution: 20
2025-08-19 07:02:47,991 - INFO - timeseries_processing.py:133 -         Get Assets from STAC Items
2025-08-19 07:02:47,991 - INFO - timeseries_processing.py:46 -         Initialize the STAC client
2025-08-19 07:02:48,701 - INFO - timeseries_processing.py:136 -         Loading 30 STAC Items....
2025-08-19 07:04:04,418 - INFO - timeseries_processing.py:158 -         Cube has been downloaded
2025-08-19 07:04:04,418 - INFO - timeseries_processing.py:167 -         Fix order of dimensions
2025-08-19 07:04:04,426 - INFO - timeseries_processing.py:172 -         Append bands to the band-list of EPSG:32634
2025-08-19 07:04:04,428 - INFO - timeseries_processing.py:128 -                        
2025-08-19 07:04:04,428 - INFO - timeseries_processing.py:129 -     Loading parameters:
2025-08-19 07:04:04,428 - INFO - timeseries_processing.py:130 -         Bands: ['B02', 'B03', 'B04']
2025-08-19 07:04:04,428 - INFO - timeseries_processing.py:131 -         Spatial resolution: 10
2025-08-19 07:04:04,428 - INFO - timeseries_processing.py:133 -         Get Assets from STAC Items
2025-08-19 07:04:04,428 - INFO - timeseries_processing.py:46 -         Initialize the STAC client
2025-08-19 07:04:05,223 - INFO - timeseries_processing.py:136 -         Loading 30 STAC Items....
2025-08-19 07:07:16,214 - INFO - timeseries_processing.py:158 -         Cube has been downloaded
2025-08-19 07:07:16,214 - INFO - timeseries_processing.py:161 -         Downsample 10m bands to 20m by average 2x2 binning
2025-08-19 07:07:33,440 - INFO - timeseries_processing.py:164 -         Warp (reproject) 2x2 binned bands to match shape of native 20m bands: method=bilinear
2025-08-19 07:07:45,234 - INFO - timeseries_processing.py:172 -         Append bands to the band-list of EPSG:32634
2025-08-19 07:07:45,234 - INFO - timeseries_processing.py:176 -                        
2025-08-19 07:07:45,234 - INFO - timeseries_processing.py:177 -     Merging bands in a single dataset
2025-08-19 07:07:45,234 - INFO - timeseries_processing.py:178 -     Ensure all partial datasets are at (x=20, y=-20) resolution
2025-08-19 07:07:45,234 - INFO - timeseries_processing.py:182 -     Clip to the intersection of indexes
2025-08-19 07:07:46,708 - INFO - timeseries_processing.py:191 -     Make a list of bands to merge
2025-08-19 07:07:46,709 - INFO - timeseries_processing.py:195 -     Merge on intersection
2025-08-19 07:07:46,710 - INFO - timeseries_processing.py:203 -     Apply masks on clouds, shadows, thin cirrus, and snow/ice
2025-08-19 07:07:46,710 - INFO - sentinel2.py:122 -                Masking bits: [3, 7, 8, 9, 10, 11]
2025-08-19 07:07:48,313 - INFO - timeseries_processing.py:209 -     Reproject to Tiling Schema projection EPSG:3035
2025-08-19 07:08:05,366 - INFO - composites.py:307 - Clip and align to tile geometry
2025-08-19 07:08:10,607 - INFO - composites.py:340 - Creating preview plot of input scenes
2025-08-19 07:08:58,322 - INFO - timeseries_processing.py:367 - Saved preview for 'B04' to //nas-rs.topo.auth.gr/Latomeia/DROUGHT/COMPOS/2021/03/x09_y07/S2L2A_medcomp_x09_y07_202103_InDataPreview.jpeg
2025-08-19 07:08:58,333 - INFO - composites.py:346 - Clip value range
2025-08-19 07:09:00,955 - INFO - composites.py:351 -                           
2025-08-19 07:09:00,955 - INFO - composites.py:352 - Computing spectral indices:
2025-08-19 07:09:00,955 - INFO - composites.py:355 -     EVI...
2025-08-19 07:09:02,601 - INFO - composites.py:357 -     NDVI...
2025-08-19 07:09:03,005 - INFO - composites.py:359 -     PSRI2...
2025-08-19 07:09:03,692 - INFO - composites.py:362 - Clip to typical value range
2025-08-19 07:09:04,331 - INFO - composites.py:369 - Reducing to median value temporal composite
2025-08-19 07:09:34,356 - INFO - composites.py:388 - Define data types and nodata per band
2025-08-19 07:09:34,535 - INFO - composites.py:409 - Assign time range and tile ID in metadata
2025-08-19 07:09:34,535 - INFO - composites.py:417 - Write bands to raster COG files
2025-08-19 07:09:39,199 - INFO - composites.py:430 - Write B02 -> //nas-rs.topo.auth.gr/Latomeia/DROUGHT/COMPOS/2021/03/x09_y07/S2L2A_medcomp_x09_y07_202103_B02.tif
2025-08-19 07:09:43,809 - INFO - composites.py:430 - Write B03 -> //nas-rs.topo.auth.gr/Latomeia/DROUGHT/COMPOS/2021/03/x09_y07/S2L2A_medcomp_x09_y07_202103_B03.tif
2025-08-19 07:09:48,540 - INFO - composites.py:430 - Write B04 -> //nas-rs.topo.auth.gr/Latomeia/DROUGHT/COMPOS/2021/03/x09_y07/S2L2A_medcomp_x09_y07_202103_B04.tif
2025-08-19 07:09:53,188 - INFO - composites.py:430 - Write B05 -> //nas-rs.topo.auth.gr/Latomeia/DROUGHT/COMPOS/2021/03/x09_y07/S2L2A_medcomp_x09_y07_202103_B05.tif
2025-08-19 07:09:57,818 - INFO - composites.py:430 - Write B07 -> //nas-rs.topo.auth.gr/Latomeia/DROUGHT/COMPOS/2021/03/x09_y07/S2L2A_medcomp_x09_y07_202103_B07.tif
2025-08-19 07:10:02,455 - INFO - composites.py:430 - Write B8A -> //nas-rs.topo.auth.gr/Latomeia/DROUGHT/COMPOS/2021/03/x09_y07/S2L2A_medcomp_x09_y07_202103_B8A.tif
2025-08-19 07:10:07,035 - INFO - composites.py:430 - Write EVI -> //nas-rs.topo.auth.gr/Latomeia/DROUGHT/COMPOS/2021/03/x09_y07/S2L2A_medcomp_x09_y07_202103_evi.tif
2025-08-19 07:10:11,669 - INFO - composites.py:430 - Write NDVI -> //nas-rs.topo.auth.gr/Latomeia/DROUGHT/COMPOS/2021/03/x09_y07/S2L2A_medcomp_x09_y07_202103_ndvi.tif
2025-08-19 07:10:16,251 - INFO - composites.py:430 - Write PSRI2 -> //nas-rs.topo.auth.gr/Latomeia/DROUGHT/COMPOS/2021/03/x09_y07/S2L2A_medcomp_x09_y07_202103_psri2.tif
2025-08-19 07:10:16,262 - INFO - composites.py:434 - Prepare metadata YAML document
2025-08-19 07:10:17,132 - INFO - composites.py:455 - Write metadata YAML document to disk
2025-08-19 07:10:17,186 - INFO - composites.py:460 - Create datacube.model.Dataset from eo3 metadata
2025-08-19 07:10:17,197 - INFO - composites.py:471 - Index to datacube
2025-08-19 07:10:17,197 - INFO - _datasets.py:191 - Indexing 7ed1b743-7738-4395-9ffd-544b19b2c6ee
2025-08-19 07:10:17,214 - INFO - composites.py:474 - 
2025-08-19 07:10:17,214 - INFO - composites.py:475 -              ✔✔✔ COMPLETED: Tile x09_y07 | Time: 2021-03 | In 10.64 minutes
2025-08-19 07:10:17,214 - INFO - composites.py:476 - 
2025-08-19 07:10:17,214 - INFO - composites.py:484 - Closing Dask client
2025-08-19 07:10:17,216 - INFO - composites.py:488 - Closing Dask cluster
2025-08-19 07:10:17,216 - INFO - composites.py:489 - #######################################################################
