2025-08-22 10:11:36,575 - INFO - composites.py:101 - #######################################################################
2025-08-22 10:11:36,575 - INFO - composites.py:103 - Processing started
2025-08-22 10:11:36,575 - INFO - composites.py:104 -         Tile: x10_y08
2025-08-22 10:11:36,575 - INFO - composites.py:105 -         Time: 2020-07
2025-08-22 10:11:36,575 - INFO - composites.py:108 -                           
2025-08-22 10:11:36,575 - INFO - composites.py:109 - Establishing connection to datacube
2025-08-22 10:11:37,146 - INFO - composites.py:112 -                           
2025-08-22 10:11:37,147 - INFO - composites.py:113 - Sanity test: Check if dataset already exists in the datacube
2025-08-22 10:11:37,165 - INFO - composites.py:132 - The composite requested was not found and it will be computed
2025-08-22 10:11:37,165 - INFO - composites.py:135 -                                  
2025-08-22 10:11:37,165 - INFO - composites.py:136 - Initializing Dask cluster for parallelization
2025-08-22 10:11:42,427 - INFO - composites.py:160 - Dask dashboard is available at: http://127.0.0.1:8787/status
2025-08-22 10:11:42,427 - INFO - composites.py:163 - Create directories and naming conversions
2025-08-22 10:11:42,434 - INFO - composites.py:174 - Dataset location: //nas-rs.topo.auth.gr/Latomeia/DROUGHT/COMPOS/2020/07/x10_y08
2025-08-22 10:11:42,434 - INFO - composites.py:177 -                           
2025-08-22 10:11:42,434 - INFO - composites.py:178 - Retrieve tile geometry
2025-08-22 10:11:42,462 - INFO - composites.py:189 - Create the Bounding Box (φ,λ)
2025-08-22 10:11:42,462 - INFO - composites.py:195 - Create the Bounding Box (x,y)
2025-08-22 10:11:42,462 - INFO - composites.py:208 -                           
2025-08-22 10:11:42,462 - INFO - composites.py:209 - Connect to Planetary Computer STAC Catalog
2025-08-22 10:11:42,814 - INFO - composites.py:217 - Search the STAC Catalog
2025-08-22 10:11:42,885 - INFO - composites.py:229 -         Query parameters:
2025-08-22 10:11:42,885 - INFO - composites.py:230 -             url:          https://planetarycomputer.microsoft.com/api/stac/v1/search
2025-08-22 10:11:42,885 - INFO - composites.py:231 -             client:       microsoft-pc
2025-08-22 10:11:42,885 - INFO - composites.py:232 -             collection:   sentinel-2-l2a
2025-08-22 10:11:42,885 - INFO - composites.py:233 -             bbox:         (22.316206507160903, 36.86212166478193, 22.975825813790852, 37.413146481379215)
2025-08-22 10:11:42,885 - INFO - composites.py:234 -             time range:   2020-07-01T00:00:00Z/2020-07-31T23:59:59Z
2025-08-22 10:11:42,885 - INFO - composites.py:235 -             cloud cover:  0% - 70%
2025-08-22 10:11:42,885 - INFO - composites.py:236 -             nodata cover: 0% - 33%
2025-08-22 10:11:42,885 - INFO - composites.py:238 -                           
2025-08-22 10:11:42,885 - INFO - composites.py:239 - Searching...
2025-08-22 10:11:43,420 - INFO - composites.py:242 - Query found 24 items
2025-08-22 10:11:43,425 - INFO - composites.py:244 - Searching for GRI REFINED scenes:
2025-08-22 10:11:48,816 - INFO - sentinel2.py:78 - 1/24 - S2A_MSIL2A_20200729T090601_R050_T34SFG_20200908T172959 -> Not Found
2025-08-22 10:11:54,753 - INFO - sentinel2.py:78 - 2/24 - S2A_MSIL2A_20200729T090601_R050_T34SFF_20200817T235648 -> Not Found
2025-08-22 10:12:00,059 - INFO - sentinel2.py:78 - 3/24 - S2B_MSIL2A_20200727T092029_R093_T34SFG_20200817T190503 -> Not Found
2025-08-22 10:12:04,867 - INFO - sentinel2.py:78 - 4/24 - S2B_MSIL2A_20200727T092029_R093_T34SFF_20200817T190504 -> Not Found
2025-08-22 10:12:10,238 - INFO - sentinel2.py:78 - 5/24 - S2B_MSIL2A_20200724T090559_R050_T34SFG_20200817T095607 -> Not Found
2025-08-22 10:12:15,519 - INFO - sentinel2.py:78 - 6/24 - S2B_MSIL2A_20200724T090559_R050_T34SFF_20200817T095606 -> Not Found
2025-08-22 10:12:22,231 - INFO - sentinel2.py:78 - 7/24 - S2A_MSIL2A_20200722T092031_R093_T34SFG_20200817T022438 -> Not Found
2025-08-22 10:12:28,048 - INFO - sentinel2.py:78 - 8/24 - S2A_MSIL2A_20200722T092031_R093_T34SFF_20200817T022441 -> Not Found
2025-08-22 10:12:33,436 - INFO - sentinel2.py:78 - 9/24 - S2A_MSIL2A_20200719T090601_R050_T34SFG_20200816T171203 -> Not Found
2025-08-22 10:12:39,332 - INFO - sentinel2.py:78 - 10/24 - S2A_MSIL2A_20200719T090601_R050_T34SFF_20200816T171204 -> Not Found
2025-08-22 10:12:46,494 - INFO - sentinel2.py:78 - 11/24 - S2B_MSIL2A_20200717T092029_R093_T34SFG_20200816T124331 -> Not Found
2025-08-22 10:12:51,315 - INFO - sentinel2.py:78 - 12/24 - S2B_MSIL2A_20200717T092029_R093_T34SFF_20200816T124325 -> Not Found
2025-08-22 10:12:57,132 - INFO - sentinel2.py:78 - 13/24 - S2B_MSIL2A_20200714T090559_R050_T34SFG_20200913T045722 -> Not Found
2025-08-22 10:13:03,484 - INFO - sentinel2.py:78 - 14/24 - S2B_MSIL2A_20200714T090559_R050_T34SFF_20200913T045721 -> Not Found
2025-08-22 10:13:09,798 - INFO - sentinel2.py:78 - 15/24 - S2A_MSIL2A_20200712T092031_R093_T34SFG_20200912T221247 -> Not Found
2025-08-22 10:13:14,594 - INFO - sentinel2.py:78 - 16/24 - S2A_MSIL2A_20200712T092031_R093_T34SFF_20200912T221246 -> Not Found
2025-08-22 10:13:20,561 - INFO - sentinel2.py:78 - 17/24 - S2A_MSIL2A_20200709T090601_R050_T34SFG_20200912T134953 -> Not Found
2025-08-22 10:13:25,336 - INFO - sentinel2.py:78 - 18/24 - S2A_MSIL2A_20200709T090601_R050_T34SFF_20200912T134959 -> Not Found
2025-08-22 10:13:30,909 - INFO - sentinel2.py:78 - 19/24 - S2B_MSIL2A_20200707T092029_R093_T34SFG_20201027T081741 -> Not Found
2025-08-22 10:13:36,449 - INFO - sentinel2.py:78 - 20/24 - S2B_MSIL2A_20200707T092029_R093_T34SFF_20201027T081735 -> Not Found
2025-08-22 10:13:42,396 - INFO - sentinel2.py:78 - 21/24 - S2B_MSIL2A_20200704T090559_R050_T34SFG_20200825T052319 -> Not Found
2025-08-22 10:13:48,222 - INFO - sentinel2.py:78 - 22/24 - S2B_MSIL2A_20200704T090559_R050_T34SFF_20200908T172947 -> Not Found
2025-08-22 10:13:54,410 - INFO - sentinel2.py:78 - 23/24 - S2A_MSIL2A_20200702T092031_R093_T34SFG_20200824T221404 -> Not Found
2025-08-22 10:13:59,800 - INFO - sentinel2.py:78 - 24/24 - S2A_MSIL2A_20200702T092031_R093_T34SFF_20200824T221359 -> Not Found
2025-08-22 10:13:59,842 - INFO - composites.py:247 -                                  
2025-08-22 10:13:59,842 - INFO - composites.py:248 - 0/24 were refined by GRI.
2025-08-22 10:13:59,842 - WARNING - composites.py:252 - Tile x10_y08 | Time: 2020-07: All scenes are flagged NOT REFINED.
2025-08-22 10:13:59,842 - WARNING - composites.py:253 - Tile x10_y08 | Time: 2020-07: The composite will be flagged with _NOREFINED.
2025-08-22 10:13:59,842 - INFO - composites.py:260 - Looking for up to 10 cleanest images within spatiotemporal range of each MGRS tile
2025-08-22 10:13:59,843 - INFO - composites.py:274 - Filtered cleanest scenes: Kept 20 out of 24 items. 
2025-08-22 10:13:59,843 - INFO - composites.py:275 -         Included MGRS Tiles: ['34SFF' '34SFG']
2025-08-22 10:13:59,843 - INFO - composites.py:276 -         Included EPSG codes: [32634]
2025-08-22 10:13:59,844 - INFO - composites.py:278 - Selected scenes:
2025-08-22 10:13:59,844 - INFO - composites.py:280 -         S2B_MSIL2A_20200724T090559_R050_T34SFF_20200817T095606
2025-08-22 10:13:59,844 - INFO - composites.py:280 -         S2A_MSIL2A_20200729T090601_R050_T34SFF_20200817T235648
2025-08-22 10:13:59,844 - INFO - composites.py:280 -         S2A_MSIL2A_20200722T092031_R093_T34SFF_20200817T022441
2025-08-22 10:13:59,844 - INFO - composites.py:280 -         S2A_MSIL2A_20200719T090601_R050_T34SFF_20200816T171204
2025-08-22 10:13:59,845 - INFO - composites.py:280 -         S2B_MSIL2A_20200704T090559_R050_T34SFF_20200908T172947
2025-08-22 10:13:59,845 - INFO - composites.py:280 -         S2B_MSIL2A_20200727T092029_R093_T34SFF_20200817T190504
2025-08-22 10:13:59,845 - INFO - composites.py:280 -         S2B_MSIL2A_20200717T092029_R093_T34SFF_20200816T124325
2025-08-22 10:13:59,850 - INFO - composites.py:280 -         S2B_MSIL2A_20200714T090559_R050_T34SFF_20200913T045721
2025-08-22 10:13:59,851 - INFO - composites.py:280 -         S2A_MSIL2A_20200709T090601_R050_T34SFF_20200912T134959
2025-08-22 10:13:59,851 - INFO - composites.py:280 -         S2A_MSIL2A_20200712T092031_R093_T34SFF_20200912T221246
2025-08-22 10:13:59,861 - INFO - composites.py:280 -         S2B_MSIL2A_20200724T090559_R050_T34SFG_20200817T095607
2025-08-22 10:13:59,883 - INFO - composites.py:280 -         S2A_MSIL2A_20200729T090601_R050_T34SFG_20200908T172959
2025-08-22 10:13:59,884 - INFO - composites.py:280 -         S2A_MSIL2A_20200722T092031_R093_T34SFG_20200817T022438
2025-08-22 10:13:59,884 - INFO - composites.py:280 -         S2A_MSIL2A_20200719T090601_R050_T34SFG_20200816T171203
2025-08-22 10:13:59,884 - INFO - composites.py:280 -         S2B_MSIL2A_20200727T092029_R093_T34SFG_20200817T190503
2025-08-22 10:13:59,884 - INFO - composites.py:280 -         S2B_MSIL2A_20200704T090559_R050_T34SFG_20200825T052319
2025-08-22 10:13:59,884 - INFO - composites.py:280 -         S2A_MSIL2A_20200712T092031_R093_T34SFG_20200912T221247
2025-08-22 10:13:59,885 - INFO - composites.py:280 -         S2A_MSIL2A_20200702T092031_R093_T34SFG_20200824T221404
2025-08-22 10:13:59,885 - INFO - composites.py:280 -         S2B_MSIL2A_20200714T090559_R050_T34SFG_20200913T045722
2025-08-22 10:13:59,885 - INFO - composites.py:280 -         S2B_MSIL2A_20200717T092029_R093_T34SFG_20200816T124331
2025-08-22 10:14:00,230 - INFO - sentinel2.py:154 - Matplotlib backend: Agg
2025-08-22 10:14:00,531 - INFO - sentinel2.py:224 - Write input scenes footprint overlay: //nas-rs.topo.auth.gr/Latomeia/DROUGHT/COMPOS/2020/07/x10_y08/S2L2A_medcomp_x10_y08_202007_InDataFootprint.jpeg
2025-08-22 10:14:00,799 - INFO - composites.py:294 -                                  
2025-08-22 10:14:00,799 - INFO - composites.py:295 - Downstream STAC items from Planetary Computer
2025-08-22 10:14:00,800 - INFO - timeseries_processing.py:115 -                                  
2025-08-22 10:14:00,800 - INFO - timeseries_processing.py:116 - Loading bands of diferent resolutions in EPSG:32634
2025-08-22 10:14:00,808 - INFO - timeseries_processing.py:120 -     Filtering items with native UTM EPSG:32634
2025-08-22 10:14:00,808 - INFO - timeseries_processing.py:122 -     20 Items in EPSG:32634
2025-08-22 10:14:00,808 - INFO - timeseries_processing.py:129 -                        
2025-08-22 10:14:00,808 - INFO - timeseries_processing.py:130 -     Loading parameters:
2025-08-22 10:14:00,808 - INFO - timeseries_processing.py:131 -         Bands: ['B05', 'B07', 'B8A', 'SCL']
2025-08-22 10:14:00,808 - INFO - timeseries_processing.py:132 -         Spatial resolution: 20
2025-08-22 10:14:00,808 - INFO - timeseries_processing.py:134 -         Get Assets from STAC Items
2025-08-22 10:14:00,808 - INFO - timeseries_processing.py:47 -         Initialize the STAC client
2025-08-22 10:14:01,481 - INFO - timeseries_processing.py:137 -         Loading 20 STAC Items....
2025-08-22 10:15:30,270 - INFO - timeseries_processing.py:146 -         Cube has been downloaded
2025-08-22 10:15:30,270 - INFO - timeseries_processing.py:156 -         Fix order of dimensions
2025-08-22 10:15:30,272 - INFO - timeseries_processing.py:161 -         Append bands to the band-list of EPSG:32634
2025-08-22 10:15:30,272 - INFO - timeseries_processing.py:129 -                        
2025-08-22 10:15:30,274 - INFO - timeseries_processing.py:130 -     Loading parameters:
2025-08-22 10:15:30,274 - INFO - timeseries_processing.py:131 -         Bands: ['B02', 'B03', 'B04']
2025-08-22 10:15:30,274 - INFO - timeseries_processing.py:132 -         Spatial resolution: 10
2025-08-22 10:15:30,274 - INFO - timeseries_processing.py:134 -         Get Assets from STAC Items
2025-08-22 10:15:30,274 - INFO - timeseries_processing.py:47 -         Initialize the STAC client
2025-08-22 10:15:30,835 - INFO - timeseries_processing.py:137 -         Loading 20 STAC Items....
2025-08-22 10:19:37,111 - INFO - timeseries_processing.py:146 -         Cube has been downloaded
2025-08-22 10:19:37,113 - INFO - timeseries_processing.py:149 -         Reproject to downsample 10m bands to 20m by Resampling.average 2x2 binning and shape matching with odc.geo.GeoBox
2025-08-22 10:19:53,425 - INFO - timeseries_processing.py:161 -         Append bands to the band-list of EPSG:32634
2025-08-22 10:19:53,425 - INFO - timeseries_processing.py:165 -                        
2025-08-22 10:19:53,425 - INFO - timeseries_processing.py:166 -     Merging bands in a single dataset
2025-08-22 10:19:53,425 - INFO - timeseries_processing.py:167 -     Ensure all partial datasets are at (x=20, y=-20) resolution
2025-08-22 10:19:53,425 - INFO - timeseries_processing.py:171 -     Clip to the intersection of indexes
2025-08-22 10:19:54,728 - INFO - timeseries_processing.py:180 -     Make a list of bands to merge
2025-08-22 10:19:54,730 - INFO - timeseries_processing.py:184 -     Merge on intersection
2025-08-22 10:19:54,731 - INFO - timeseries_processing.py:192 -     Apply masks on clouds, shadows, thin cirrus, and snow/ice
2025-08-22 10:19:54,731 - INFO - sentinel2.py:122 -                Masking bits: [3, 7, 8, 9, 10, 11]
2025-08-22 10:19:56,228 - INFO - composites.py:304 - Reproject from UTM Zone to Tile geometry -> CRS(EPSG:32634), Resampling.bilinear
2025-08-22 10:20:03,702 - INFO - composites.py:307 -     New shape of datasets: Shape2d(x=2400, y=2400)
2025-08-22 10:20:04,396 - INFO - composites.py:339 - Creating preview plot of input scenes
2025-08-22 10:20:40,013 - INFO - timeseries_processing.py:349 - Saved preview for 'B04' to //nas-rs.topo.auth.gr/Latomeia/DROUGHT/COMPOS/2020/07/x10_y08/S2L2A_medcomp_x10_y08_202007_InDataPreview.jpeg
2025-08-22 10:20:40,020 - INFO - composites.py:345 - Clip value range
2025-08-22 10:20:42,254 - INFO - composites.py:350 -                           
2025-08-22 10:20:42,254 - INFO - composites.py:351 - Computing spectral indices:
2025-08-22 10:20:42,254 - INFO - composites.py:354 -     EVI...
2025-08-22 10:20:43,585 - INFO - composites.py:356 -     NDVI...
2025-08-22 10:20:43,889 - INFO - composites.py:358 -     PSRI2...
2025-08-22 10:20:44,308 - INFO - composites.py:361 - Clip to typical value range
2025-08-22 10:20:44,764 - INFO - composites.py:368 - Reducing to median value temporal composite
2025-08-22 10:21:12,198 - INFO - composites.py:387 - Define data types and nodata per band
2025-08-22 10:21:12,327 - INFO - composites.py:408 - Assign time range and tile ID in metadata
2025-08-22 10:21:12,327 - INFO - composites.py:416 - Write bands to raster COG files
2025-08-22 10:21:16,438 - INFO - composites.py:429 - Write B02 -> //nas-rs.topo.auth.gr/Latomeia/DROUGHT/COMPOS/2020/07/x10_y08/S2L2A_medcomp_x10_y08_202007_B02.tif
2025-08-22 10:21:20,315 - INFO - composites.py:429 - Write B03 -> //nas-rs.topo.auth.gr/Latomeia/DROUGHT/COMPOS/2020/07/x10_y08/S2L2A_medcomp_x10_y08_202007_B03.tif
2025-08-22 10:21:24,184 - INFO - composites.py:429 - Write B04 -> //nas-rs.topo.auth.gr/Latomeia/DROUGHT/COMPOS/2020/07/x10_y08/S2L2A_medcomp_x10_y08_202007_B04.tif
2025-08-22 10:21:28,106 - INFO - composites.py:429 - Write B05 -> //nas-rs.topo.auth.gr/Latomeia/DROUGHT/COMPOS/2020/07/x10_y08/S2L2A_medcomp_x10_y08_202007_B05.tif
2025-08-22 10:21:31,942 - INFO - composites.py:429 - Write B07 -> //nas-rs.topo.auth.gr/Latomeia/DROUGHT/COMPOS/2020/07/x10_y08/S2L2A_medcomp_x10_y08_202007_B07.tif
2025-08-22 10:21:36,325 - INFO - composites.py:429 - Write B8A -> //nas-rs.topo.auth.gr/Latomeia/DROUGHT/COMPOS/2020/07/x10_y08/S2L2A_medcomp_x10_y08_202007_B8A.tif
2025-08-22 10:21:40,299 - INFO - composites.py:429 - Write EVI -> //nas-rs.topo.auth.gr/Latomeia/DROUGHT/COMPOS/2020/07/x10_y08/S2L2A_medcomp_x10_y08_202007_evi.tif
2025-08-22 10:21:44,344 - INFO - composites.py:429 - Write NDVI -> //nas-rs.topo.auth.gr/Latomeia/DROUGHT/COMPOS/2020/07/x10_y08/S2L2A_medcomp_x10_y08_202007_ndvi.tif
2025-08-22 10:21:48,229 - INFO - composites.py:429 - Write PSRI2 -> //nas-rs.topo.auth.gr/Latomeia/DROUGHT/COMPOS/2020/07/x10_y08/S2L2A_medcomp_x10_y08_202007_psri2.tif
2025-08-22 10:21:48,229 - INFO - composites.py:433 - Prepare metadata YAML document
2025-08-22 10:21:48,972 - INFO - composites.py:454 - Write metadata YAML document to disk
2025-08-22 10:21:49,011 - INFO - composites.py:459 - Create datacube.model.Dataset from eo3 metadata
2025-08-22 10:21:49,021 - INFO - composites.py:470 - Index to datacube
2025-08-22 10:21:49,022 - INFO - _datasets.py:191 - Indexing 7e6e1b42-31d2-4523-80df-268597da5820
2025-08-22 10:21:49,032 - INFO - composites.py:473 - 
2025-08-22 10:21:49,032 - INFO - composites.py:474 -              ✔✔✔ COMPLETED: Tile x10_y08 | Time: 2020-07 | In 10.21 minutes
2025-08-22 10:21:49,032 - INFO - composites.py:475 - 
2025-08-22 10:21:49,032 - INFO - composites.py:483 - Closing Dask client
2025-08-22 10:21:49,034 - INFO - composites.py:487 - Closing Dask cluster
2025-08-22 10:21:49,034 - INFO - composites.py:488 - #######################################################################
