2025-08-26 07:06:17,991 - INFO - composites.py:102 - #######################################################################
2025-08-26 07:06:17,991 - INFO - composites.py:104 - Processing started
2025-08-26 07:06:17,991 - INFO - composites.py:105 -         Tile: x11_y11
2025-08-26 07:06:17,991 - INFO - composites.py:106 -         Time: 2020-05
2025-08-26 07:06:17,991 - INFO - composites.py:109 -                           
2025-08-26 07:06:17,991 - INFO - composites.py:110 - Establishing connection to datacube
2025-08-26 07:06:18,498 - INFO - composites.py:113 -                           
2025-08-26 07:06:18,499 - INFO - composites.py:114 - Sanity test: Check if dataset already exists in the datacube
2025-08-26 07:06:18,517 - INFO - composites.py:133 - The composite requested was not found and it will be computed
2025-08-26 07:06:18,517 - INFO - composites.py:136 -                                  
2025-08-26 07:06:18,517 - INFO - composites.py:137 - Initializing Dask cluster for parallelization
2025-08-26 07:06:23,421 - INFO - composites.py:161 - Dask dashboard is available at: http://127.0.0.1:8787/status
2025-08-26 07:06:23,421 - INFO - composites.py:164 - Create directories and naming conversions
2025-08-26 07:06:23,431 - INFO - composites.py:177 - Dataset location: //nas-rs.topo.auth.gr/Latomeia/DROUGHT/composites/x11/y11/2020/05/01
2025-08-26 07:06:23,431 - INFO - composites.py:180 -                           
2025-08-26 07:06:23,431 - INFO - composites.py:181 - Retrieve tile geometry
2025-08-26 07:06:23,460 - INFO - composites.py:192 - Create the Bounding Box (φ,λ)
2025-08-26 07:06:23,460 - INFO - composites.py:198 - Create the Bounding Box (x,y)
2025-08-26 07:06:23,461 - INFO - composites.py:211 -                           
2025-08-26 07:06:23,461 - INFO - composites.py:212 - Connect to Planetary Computer STAC Catalog
2025-08-26 07:06:23,722 - INFO - composites.py:220 - Search the STAC Catalog
2025-08-26 07:06:23,791 - INFO - composites.py:232 -         Query parameters:
2025-08-26 07:06:23,791 - INFO - composites.py:233 -             url:          https://planetarycomputer.microsoft.com/api/stac/v1/search
2025-08-26 07:06:23,791 - INFO - composites.py:234 -             client:       microsoft-pc
2025-08-26 07:06:23,791 - INFO - composites.py:235 -             collection:   sentinel-2-l2a
2025-08-26 07:06:23,791 - INFO - composites.py:236 -             bbox:         (23.090477503527136, 38.072584087612974, 23.76631254171489, 38.62665683856133)
2025-08-26 07:06:23,791 - INFO - composites.py:237 -             time range:   2020-05-01T00:00:00Z/2020-05-31T23:59:59Z
2025-08-26 07:06:23,791 - INFO - composites.py:238 -             cloud cover:  0% - 70%
2025-08-26 07:06:23,791 - INFO - composites.py:239 -             nodata cover: 0% - 33%
2025-08-26 07:06:23,791 - INFO - composites.py:241 -                           
2025-08-26 07:06:23,791 - INFO - composites.py:242 - Searching...
2025-08-26 07:06:24,217 - INFO - composites.py:245 - Query found 17 items
2025-08-26 07:06:24,217 - INFO - composites.py:247 - Searching for GRI REFINED scenes:
2025-08-26 07:06:29,690 - INFO - sentinel2.py:78 - 1/17 - S2A_MSIL2A_20200530T090601_R050_T35SKC_20200911T120400 -> Not Found
2025-08-26 07:06:35,746 - INFO - sentinel2.py:78 - 2/17 - S2A_MSIL2A_20200530T090601_R050_T34SGH_20200911T120350 -> Not Found
2025-08-26 07:06:40,679 - INFO - sentinel2.py:78 - 3/17 - S2B_MSIL2A_20200528T092029_R093_T34SFH_20200911T074409 -> Not Found
2025-08-26 07:06:46,758 - INFO - sentinel2.py:78 - 4/17 - S2B_MSIL2A_20200525T090559_R050_T35SKC_20200910T231855 -> Not Found
2025-08-26 07:06:51,626 - INFO - sentinel2.py:78 - 5/17 - S2B_MSIL2A_20200525T090559_R050_T34SGH_20201027T071811 -> Not Found
2025-08-26 07:06:57,236 - INFO - sentinel2.py:78 - 6/17 - S2A_MSIL2A_20200523T092031_R093_T34SFH_20200910T161147 -> Not Found
2025-08-26 07:07:02,706 - INFO - sentinel2.py:78 - 7/17 - S2A_MSIL2A_20200520T090601_R050_T35SKC_20200910T074252 -> Not Found
2025-08-26 07:07:08,872 - INFO - sentinel2.py:78 - 8/17 - S2A_MSIL2A_20200520T090601_R050_T34SGH_20200910T074217 -> Not Found
2025-08-26 07:07:14,399 - INFO - sentinel2.py:78 - 9/17 - S2B_MSIL2A_20200518T092029_R093_T34SFH_20201027T071128 -> Not Found
2025-08-26 07:07:19,670 - INFO - sentinel2.py:78 - 10/17 - S2B_MSIL2A_20200515T090559_R050_T35SKC_20200918T082443 -> Not Found
2025-08-26 07:07:25,700 - INFO - sentinel2.py:78 - 11/17 - S2B_MSIL2A_20200515T090559_R050_T34SGH_20200918T082423 -> Not Found
2025-08-26 07:07:31,223 - INFO - sentinel2.py:78 - 12/17 - S2A_MSIL2A_20200513T092031_R093_T34SFH_20200918T002822 -> Not Found
2025-08-26 07:07:37,245 - INFO - sentinel2.py:78 - 13/17 - S2A_MSIL2A_20200510T090601_R050_T35SKC_20200919T211818 -> Not Found
2025-08-26 07:07:42,637 - INFO - sentinel2.py:78 - 14/17 - S2B_MSIL2A_20200508T092029_R093_T34SFH_20200921T013436 -> Not Found
2025-08-26 07:07:48,063 - INFO - sentinel2.py:78 - 15/17 - S2B_MSIL2A_20200505T090549_R050_T35SKC_20200920T154714 -> Not Found
2025-08-26 07:07:53,725 - INFO - sentinel2.py:78 - 16/17 - S2B_MSIL2A_20200505T090549_R050_T34SGH_20200920T154701 -> Not Found
2025-08-26 07:07:59,583 - INFO - sentinel2.py:78 - 17/17 - S2A_MSIL2A_20200503T092031_R093_T34SFH_20200920T073242 -> Not Found
2025-08-26 07:07:59,621 - INFO - composites.py:250 -                                  
2025-08-26 07:07:59,621 - INFO - composites.py:251 - 0/17 were refined by GRI.
2025-08-26 07:07:59,621 - WARNING - composites.py:255 - Tile x11_y11 | Time: 2020-05: All scenes are flagged NOT REFINED.
2025-08-26 07:07:59,621 - WARNING - composites.py:256 - Tile x11_y11 | Time: 2020-05: The composite will be flagged with _NOREFINED.
2025-08-26 07:07:59,621 - INFO - composites.py:263 - Looking for up to 10 cleanest images within spatiotemporal range of each MGRS tile
2025-08-26 07:07:59,622 - INFO - composites.py:277 - Filtered cleanest scenes: Kept 17 out of 17 items. 
2025-08-26 07:07:59,623 - INFO - composites.py:278 -         Included MGRS Tiles: ['34SFH' '34SGH' '35SKC']
2025-08-26 07:07:59,623 - INFO - composites.py:279 -         Included EPSG codes: [32634 32635]
2025-08-26 07:07:59,623 - INFO - composites.py:281 - Selected scenes:
2025-08-26 07:07:59,628 - INFO - composites.py:283 -         S2A_MSIL2A_20200513T092031_R093_T34SFH_20200918T002822
2025-08-26 07:07:59,629 - INFO - composites.py:283 -         S2B_MSIL2A_20200508T092029_R093_T34SFH_20200921T013436
2025-08-26 07:07:59,629 - INFO - composites.py:283 -         S2A_MSIL2A_20200523T092031_R093_T34SFH_20200910T161147
2025-08-26 07:07:59,630 - INFO - composites.py:283 -         S2A_MSIL2A_20200503T092031_R093_T34SFH_20200920T073242
2025-08-26 07:07:59,630 - INFO - composites.py:283 -         S2B_MSIL2A_20200518T092029_R093_T34SFH_20201027T071128
2025-08-26 07:07:59,630 - INFO - composites.py:283 -         S2B_MSIL2A_20200528T092029_R093_T34SFH_20200911T074409
2025-08-26 07:07:59,630 - INFO - composites.py:283 -         S2B_MSIL2A_20200505T090549_R050_T34SGH_20200920T154701
2025-08-26 07:07:59,630 - INFO - composites.py:283 -         S2B_MSIL2A_20200515T090559_R050_T34SGH_20200918T082423
2025-08-26 07:07:59,630 - INFO - composites.py:283 -         S2A_MSIL2A_20200530T090601_R050_T34SGH_20200911T120350
2025-08-26 07:07:59,630 - INFO - composites.py:283 -         S2A_MSIL2A_20200520T090601_R050_T34SGH_20200910T074217
2025-08-26 07:07:59,630 - INFO - composites.py:283 -         S2B_MSIL2A_20200525T090559_R050_T34SGH_20201027T071811
2025-08-26 07:07:59,630 - INFO - composites.py:283 -         S2B_MSIL2A_20200505T090549_R050_T35SKC_20200920T154714
2025-08-26 07:07:59,630 - INFO - composites.py:283 -         S2B_MSIL2A_20200515T090559_R050_T35SKC_20200918T082443
2025-08-26 07:07:59,630 - INFO - composites.py:283 -         S2A_MSIL2A_20200530T090601_R050_T35SKC_20200911T120400
2025-08-26 07:07:59,630 - INFO - composites.py:283 -         S2A_MSIL2A_20200520T090601_R050_T35SKC_20200910T074252
2025-08-26 07:07:59,630 - INFO - composites.py:283 -         S2B_MSIL2A_20200525T090559_R050_T35SKC_20200910T231855
2025-08-26 07:07:59,630 - INFO - composites.py:283 -         S2A_MSIL2A_20200510T090601_R050_T35SKC_20200919T211818
2025-08-26 07:07:59,998 - INFO - sentinel2.py:154 - Matplotlib backend: Agg
2025-08-26 07:08:00,268 - INFO - sentinel2.py:224 - Write input scenes footprint overlay: //nas-rs.topo.auth.gr/Latomeia/DROUGHT/composites/x11/y11/2020/05/01/S2L2A_medcomp_x11y11_202005_InDataFootprint.jpeg
2025-08-26 07:08:00,476 - INFO - composites.py:297 -                                  
2025-08-26 07:08:00,476 - INFO - composites.py:298 - Downstream STAC items from Planetary Computer
2025-08-26 07:08:00,476 - INFO - timeseries_processing.py:115 -                                  
2025-08-26 07:08:00,478 - INFO - timeseries_processing.py:116 - Loading bands of diferent resolutions in EPSG:32634
2025-08-26 07:08:00,478 - INFO - timeseries_processing.py:120 -     Filtering items with native UTM EPSG:32634
2025-08-26 07:08:00,478 - INFO - timeseries_processing.py:122 -     11 Items in EPSG:32634
2025-08-26 07:08:00,478 - INFO - timeseries_processing.py:129 -                        
2025-08-26 07:08:00,478 - INFO - timeseries_processing.py:130 -     Loading parameters:
2025-08-26 07:08:00,478 - INFO - timeseries_processing.py:131 -         Bands: ['B05', 'B07', 'B8A', 'SCL']
2025-08-26 07:08:00,478 - INFO - timeseries_processing.py:132 -         Spatial resolution: 20
2025-08-26 07:08:00,478 - INFO - timeseries_processing.py:134 -         Get Assets from STAC Items
2025-08-26 07:08:00,478 - INFO - timeseries_processing.py:47 -         Initialize the STAC client
2025-08-26 07:08:01,021 - INFO - timeseries_processing.py:137 -         Loading 11 STAC Items....
2025-08-26 07:09:02,211 - INFO - timeseries_processing.py:146 -         Cube has been downloaded
2025-08-26 07:09:02,212 - INFO - timeseries_processing.py:156 -         Fix order of dimensions
2025-08-26 07:09:02,212 - INFO - timeseries_processing.py:161 -         Append bands to the band-list of EPSG:32634
2025-08-26 07:09:02,213 - INFO - timeseries_processing.py:129 -                        
2025-08-26 07:09:02,214 - INFO - timeseries_processing.py:130 -     Loading parameters:
2025-08-26 07:09:02,214 - INFO - timeseries_processing.py:131 -         Bands: ['B02', 'B03', 'B04']
2025-08-26 07:09:02,214 - INFO - timeseries_processing.py:132 -         Spatial resolution: 10
2025-08-26 07:09:02,214 - INFO - timeseries_processing.py:134 -         Get Assets from STAC Items
2025-08-26 07:09:02,215 - INFO - timeseries_processing.py:47 -         Initialize the STAC client
2025-08-26 07:09:02,787 - INFO - timeseries_processing.py:137 -         Loading 11 STAC Items....
2025-08-26 07:11:15,585 - INFO - timeseries_processing.py:146 -         Cube has been downloaded
2025-08-26 07:11:15,586 - INFO - timeseries_processing.py:149 -         Reproject to downsample 10m bands to 20m by Resampling.average 2x2 binning and shape matching with odc.geo.GeoBox
2025-08-26 07:11:30,732 - INFO - timeseries_processing.py:161 -         Append bands to the band-list of EPSG:32634
2025-08-26 07:11:30,732 - INFO - timeseries_processing.py:165 -                        
2025-08-26 07:11:30,732 - INFO - timeseries_processing.py:166 -     Merging bands in a single dataset
2025-08-26 07:11:30,732 - INFO - timeseries_processing.py:167 -     Ensure all partial datasets are at (x=20, y=-20) resolution
2025-08-26 07:11:30,732 - INFO - timeseries_processing.py:171 -     Clip to the intersection of indexes
2025-08-26 07:11:31,982 - INFO - timeseries_processing.py:180 -     Make a list of bands to merge
2025-08-26 07:11:31,982 - INFO - timeseries_processing.py:184 -     Merge on intersection
2025-08-26 07:11:31,984 - INFO - timeseries_processing.py:192 -     Apply masks on clouds, shadows, thin cirrus, and snow/ice
2025-08-26 07:11:31,984 - INFO - sentinel2.py:122 -                Masking bits: [3, 7, 8, 9, 10, 11]
2025-08-26 07:11:33,486 - INFO - timeseries_processing.py:115 -                                  
2025-08-26 07:11:33,498 - INFO - timeseries_processing.py:116 - Loading bands of diferent resolutions in EPSG:32635
2025-08-26 07:11:33,512 - INFO - timeseries_processing.py:120 -     Filtering items with native UTM EPSG:32635
2025-08-26 07:11:33,513 - INFO - timeseries_processing.py:122 -     6 Items in EPSG:32635
2025-08-26 07:11:33,513 - INFO - timeseries_processing.py:129 -                        
2025-08-26 07:11:33,513 - INFO - timeseries_processing.py:130 -     Loading parameters:
2025-08-26 07:11:33,513 - INFO - timeseries_processing.py:131 -         Bands: ['B05', 'B07', 'B8A', 'SCL']
2025-08-26 07:11:33,513 - INFO - timeseries_processing.py:132 -         Spatial resolution: 20
2025-08-26 07:11:33,514 - INFO - timeseries_processing.py:134 -         Get Assets from STAC Items
2025-08-26 07:11:33,514 - INFO - timeseries_processing.py:47 -         Initialize the STAC client
2025-08-26 07:11:34,007 - INFO - timeseries_processing.py:137 -         Loading 6 STAC Items....
2025-08-26 07:11:56,028 - INFO - timeseries_processing.py:146 -         Cube has been downloaded
2025-08-26 07:11:56,028 - INFO - timeseries_processing.py:156 -         Fix order of dimensions
2025-08-26 07:11:56,029 - INFO - timeseries_processing.py:161 -         Append bands to the band-list of EPSG:32635
2025-08-26 07:11:56,030 - INFO - timeseries_processing.py:129 -                        
2025-08-26 07:11:56,030 - INFO - timeseries_processing.py:130 -     Loading parameters:
2025-08-26 07:11:56,031 - INFO - timeseries_processing.py:131 -         Bands: ['B02', 'B03', 'B04']
2025-08-26 07:11:56,031 - INFO - timeseries_processing.py:132 -         Spatial resolution: 10
2025-08-26 07:11:56,031 - INFO - timeseries_processing.py:134 -         Get Assets from STAC Items
2025-08-26 07:11:56,031 - INFO - timeseries_processing.py:47 -         Initialize the STAC client
2025-08-26 07:11:56,487 - INFO - timeseries_processing.py:137 -         Loading 6 STAC Items....
2025-08-26 07:12:45,516 - INFO - timeseries_processing.py:146 -         Cube has been downloaded
2025-08-26 07:12:45,516 - INFO - timeseries_processing.py:149 -         Reproject to downsample 10m bands to 20m by Resampling.average 2x2 binning and shape matching with odc.geo.GeoBox
2025-08-26 07:12:53,159 - INFO - timeseries_processing.py:161 -         Append bands to the band-list of EPSG:32635
2025-08-26 07:12:53,159 - INFO - timeseries_processing.py:165 -                        
2025-08-26 07:12:53,159 - INFO - timeseries_processing.py:166 -     Merging bands in a single dataset
2025-08-26 07:12:53,159 - INFO - timeseries_processing.py:167 -     Ensure all partial datasets are at (x=20, y=-20) resolution
2025-08-26 07:12:53,160 - INFO - timeseries_processing.py:171 -     Clip to the intersection of indexes
2025-08-26 07:12:53,162 - INFO - timeseries_processing.py:180 -     Make a list of bands to merge
2025-08-26 07:12:53,162 - INFO - timeseries_processing.py:184 -     Merge on intersection
2025-08-26 07:12:53,163 - INFO - timeseries_processing.py:192 -     Apply masks on clouds, shadows, thin cirrus, and snow/ice
2025-08-26 07:12:53,163 - INFO - sentinel2.py:122 -                Masking bits: [3, 7, 8, 9, 10, 11]
2025-08-26 07:12:53,954 - INFO - composites.py:307 - Reproject from UTM Zone to Tile geometry -> CRS(EPSG:32635), Resampling.bilinear
2025-08-26 07:13:05,437 - INFO - composites.py:310 -     New shape of datasets: Shape2d(x=2400, y=2400)
2025-08-26 07:13:05,740 - INFO - composites.py:315 -                           
2025-08-26 07:13:05,740 - INFO - composites.py:316 - Mosaic datasets to a single dataset
2025-08-26 07:13:16,613 - INFO - composites.py:342 - Creating preview plot of input scenes
2025-08-26 07:13:54,878 - INFO - timeseries_processing.py:349 - Saved preview for 'B04' to //nas-rs.topo.auth.gr/Latomeia/DROUGHT/composites/x11/y11/2020/05/01/S2L2A_medcomp_x11y11_202005_InDataPreview.jpeg
2025-08-26 07:13:54,892 - INFO - composites.py:348 - Clip value range
2025-08-26 07:13:56,046 - INFO - composites.py:353 -                           
2025-08-26 07:13:56,046 - INFO - composites.py:354 - Computing spectral indices:
2025-08-26 07:13:56,046 - INFO - composites.py:357 -     EVI...
2025-08-26 07:13:56,821 - INFO - composites.py:359 -     NDVI...
2025-08-26 07:13:57,055 - INFO - composites.py:361 -     PSRI2...
2025-08-26 07:13:57,222 - INFO - composites.py:364 - Clip to typical value range
2025-08-26 07:13:57,722 - INFO - composites.py:371 - Reducing to median value temporal composite
2025-08-26 07:14:26,187 - INFO - composites.py:390 - Scale and Define data types & nodata per band
2025-08-26 07:14:26,314 - INFO - composites.py:411 - Assign time range and tile ID in metadata
2025-08-26 07:14:26,315 - INFO - composites.py:419 - Write bands to raster COG files
2025-08-26 07:14:30,254 - INFO - composites.py:432 - Write B02 -> //nas-rs.topo.auth.gr/Latomeia/DROUGHT/composites/x11/y11/2020/05/01/S2L2A_medcomp_x11y11_202005_B02.tif
2025-08-26 07:14:34,184 - INFO - composites.py:432 - Write B03 -> //nas-rs.topo.auth.gr/Latomeia/DROUGHT/composites/x11/y11/2020/05/01/S2L2A_medcomp_x11y11_202005_B03.tif
2025-08-26 07:14:38,101 - INFO - composites.py:432 - Write B04 -> //nas-rs.topo.auth.gr/Latomeia/DROUGHT/composites/x11/y11/2020/05/01/S2L2A_medcomp_x11y11_202005_B04.tif
2025-08-26 07:14:42,438 - INFO - composites.py:432 - Write B05 -> //nas-rs.topo.auth.gr/Latomeia/DROUGHT/composites/x11/y11/2020/05/01/S2L2A_medcomp_x11y11_202005_B05.tif
2025-08-26 07:14:46,415 - INFO - composites.py:432 - Write B07 -> //nas-rs.topo.auth.gr/Latomeia/DROUGHT/composites/x11/y11/2020/05/01/S2L2A_medcomp_x11y11_202005_B07.tif
2025-08-26 07:14:50,283 - INFO - composites.py:432 - Write B8A -> //nas-rs.topo.auth.gr/Latomeia/DROUGHT/composites/x11/y11/2020/05/01/S2L2A_medcomp_x11y11_202005_B8A.tif
2025-08-26 07:14:54,145 - INFO - composites.py:432 - Write EVI -> //nas-rs.topo.auth.gr/Latomeia/DROUGHT/composites/x11/y11/2020/05/01/S2L2A_medcomp_x11y11_202005_EVI.tif
2025-08-26 07:14:58,027 - INFO - composites.py:432 - Write NDVI -> //nas-rs.topo.auth.gr/Latomeia/DROUGHT/composites/x11/y11/2020/05/01/S2L2A_medcomp_x11y11_202005_NDVI.tif
2025-08-26 07:15:01,831 - INFO - composites.py:432 - Write PSRI2 -> //nas-rs.topo.auth.gr/Latomeia/DROUGHT/composites/x11/y11/2020/05/01/S2L2A_medcomp_x11y11_202005_PSRI2.tif
2025-08-26 07:15:01,831 - INFO - composites.py:436 - Prepare metadata YAML document
2025-08-26 07:15:02,365 - INFO - composites.py:458 - Write metadata YAML document to disk
2025-08-26 07:15:02,411 - INFO - composites.py:463 - Create datacube.model.Dataset from eo3 metadata
2025-08-26 07:15:02,422 - INFO - composites.py:474 - Index to datacube
2025-08-26 07:15:02,422 - INFO - _datasets.py:191 - Indexing f96fb28d-c768-4d2b-8a4b-25146d4659f4
2025-08-26 07:15:02,454 - INFO - composites.py:477 - 
2025-08-26 07:15:02,454 - INFO - composites.py:478 -              ✔✔✔ COMPLETED: Tile x11_y11 | Time: 2020-05 | In 8.74 minutes
2025-08-26 07:15:02,454 - INFO - composites.py:479 - 
2025-08-26 07:15:02,454 - INFO - composites.py:487 - Closing Dask client
2025-08-26 07:15:02,456 - INFO - composites.py:491 - Closing Dask cluster
2025-08-26 07:15:02,456 - INFO - composites.py:492 - #######################################################################
