2025-08-28 15:00:37,291 - INFO - composites.py:102 - #######################################################################
2025-08-28 15:00:37,291 - INFO - composites.py:104 - Processing started
2025-08-28 15:00:37,291 - INFO - composites.py:105 -         Tile: x09_y08
2025-08-28 15:00:37,291 - INFO - composites.py:106 -         Time: 2020-09
2025-08-28 15:00:37,291 - INFO - composites.py:109 -                           
2025-08-28 15:00:37,291 - INFO - composites.py:110 - Establishing connection to datacube
2025-08-28 15:00:37,866 - INFO - composites.py:113 -                           
2025-08-28 15:00:37,866 - INFO - composites.py:114 - Sanity test: Check if dataset already exists in the datacube
2025-08-28 15:00:37,883 - INFO - composites.py:133 - The composite requested was not found and it will be computed
2025-08-28 15:00:37,883 - INFO - composites.py:136 -                                  
2025-08-28 15:00:37,883 - INFO - composites.py:137 - Initializing Dask cluster for parallelization
2025-08-28 15:00:43,122 - INFO - composites.py:161 - Dask dashboard is available at: http://127.0.0.1:8787/status
2025-08-28 15:00:43,122 - INFO - composites.py:164 - Create directories and naming conversions
2025-08-28 15:00:43,130 - INFO - composites.py:177 - Dataset location: //nas-rs.topo.auth.gr/Latomeia/DROUGHT/composites/x09/y08/2020/09/01
2025-08-28 15:00:43,130 - INFO - composites.py:180 -                           
2025-08-28 15:00:43,130 - INFO - composites.py:181 - Retrieve tile geometry
2025-08-28 15:00:43,162 - INFO - composites.py:192 - Create the Bounding Box (φ,λ)
2025-08-28 15:00:43,162 - INFO - composites.py:198 - Create the Bounding Box (x,y)
2025-08-28 15:00:43,162 - INFO - composites.py:211 -                           
2025-08-28 15:00:43,162 - INFO - composites.py:212 - Connect to Planetary Computer STAC Catalog
2025-08-28 15:00:43,399 - INFO - composites.py:220 - Search the STAC Catalog
2025-08-28 15:00:43,474 - INFO - composites.py:232 -         Query parameters:
2025-08-28 15:00:43,474 - INFO - composites.py:233 -             url:          https://planetarycomputer.microsoft.com/api/stac/v1/search
2025-08-28 15:00:43,474 - INFO - composites.py:234 -             client:       microsoft-pc
2025-08-28 15:00:43,474 - INFO - composites.py:235 -             collection:   sentinel-2-l2a
2025-08-28 15:00:43,474 - INFO - composites.py:236 -             bbox:         (21.78584004803282, 36.93347873319104, 22.44323109883715, 37.48202094723898)
2025-08-28 15:00:43,474 - INFO - composites.py:237 -             time range:   2020-09-01T00:00:00Z/2020-09-30T23:59:59Z
2025-08-28 15:00:43,474 - INFO - composites.py:238 -             cloud cover:  0% - 70%
2025-08-28 15:00:43,474 - INFO - composites.py:239 -             nodata cover: 0% - 33%
2025-08-28 15:00:43,474 - INFO - composites.py:241 -                           
2025-08-28 15:00:43,474 - INFO - composites.py:242 - Searching...
2025-08-28 15:00:44,003 - INFO - composites.py:245 - Query found 36 items
2025-08-28 15:00:44,003 - INFO - composites.py:247 - Searching for GRI REFINED scenes:
2025-08-28 15:00:50,952 - INFO - sentinel2.py:78 - 1/36 - S2A_MSIL2A_20200930T092031_R093_T34SFG_20201002T062630 -> Not Found
2025-08-28 15:00:59,415 - INFO - sentinel2.py:78 - 2/36 - S2A_MSIL2A_20200930T092031_R093_T34SFF_20201002T062358 -> Not Found
2025-08-28 15:01:06,896 - INFO - sentinel2.py:78 - 3/36 - S2A_MSIL2A_20200930T092031_R093_T34SEG_20201002T062320 -> Not Found
2025-08-28 15:01:14,218 - INFO - sentinel2.py:78 - 4/36 - S2A_MSIL2A_20200930T092031_R093_T34SEF_20201002T062122 -> Not Found
2025-08-28 15:01:21,666 - INFO - sentinel2.py:78 - 5/36 - S2A_MSIL2A_20200927T090731_R050_T34SFG_20200929T030138 -> Not Found
2025-08-28 15:01:29,516 - INFO - sentinel2.py:78 - 6/36 - S2A_MSIL2A_20200927T090731_R050_T34SFF_20200929T025844 -> Not Found
2025-08-28 15:01:37,026 - INFO - sentinel2.py:78 - 7/36 - S2B_MSIL2A_20200925T092029_R093_T34SFG_20200926T230419 -> Not Found
2025-08-28 15:01:44,026 - INFO - sentinel2.py:78 - 8/36 - S2B_MSIL2A_20200925T092029_R093_T34SFF_20200926T230427 -> Not Found
2025-08-28 15:01:50,956 - INFO - sentinel2.py:78 - 9/36 - S2B_MSIL2A_20200925T092029_R093_T34SEG_20200926T230436 -> Not Found
2025-08-28 15:01:58,328 - INFO - sentinel2.py:78 - 10/36 - S2B_MSIL2A_20200925T092029_R093_T34SEF_20200926T230418 -> Not Found
2025-08-28 15:02:06,372 - INFO - sentinel2.py:78 - 11/36 - S2B_MSIL2A_20200922T090659_R050_T34SFG_20200926T072915 -> Not Found
2025-08-28 15:02:14,195 - INFO - sentinel2.py:78 - 12/36 - S2B_MSIL2A_20200922T090659_R050_T34SFF_20200926T072917 -> Not Found
2025-08-28 15:02:21,493 - INFO - sentinel2.py:78 - 13/36 - S2A_MSIL2A_20200920T092031_R093_T34SFG_20200923T000432 -> Not Found
2025-08-28 15:02:28,835 - INFO - sentinel2.py:78 - 14/36 - S2A_MSIL2A_20200920T092031_R093_T34SFF_20200923T000442 -> Not Found
2025-08-28 15:02:35,544 - INFO - sentinel2.py:78 - 15/36 - S2A_MSIL2A_20200920T092031_R093_T34SEG_20200923T000439 -> Not Found
2025-08-28 15:02:43,145 - INFO - sentinel2.py:78 - 16/36 - S2A_MSIL2A_20200920T092031_R093_T34SEF_20200923T000439 -> Not Found
2025-08-28 15:02:50,924 - INFO - sentinel2.py:78 - 17/36 - S2A_MSIL2A_20200917T090631_R050_T34SFG_20200921T063423 -> Not Found
2025-08-28 15:02:57,755 - INFO - sentinel2.py:78 - 18/36 - S2A_MSIL2A_20200917T090631_R050_T34SFF_20200921T063421 -> Not Found
2025-08-28 15:03:05,334 - INFO - sentinel2.py:78 - 19/36 - S2B_MSIL2A_20200915T092029_R093_T34SFG_20200918T102701 -> Not Found
2025-08-28 15:03:12,952 - INFO - sentinel2.py:78 - 20/36 - S2B_MSIL2A_20200915T092029_R093_T34SFF_20200918T102657 -> Not Found
2025-08-28 15:03:20,258 - INFO - sentinel2.py:78 - 21/36 - S2B_MSIL2A_20200915T092029_R093_T34SEG_20200918T102638 -> Not Found
2025-08-28 15:03:28,321 - INFO - sentinel2.py:78 - 22/36 - S2B_MSIL2A_20200915T092029_R093_T34SEF_20200918T102712 -> Not Found
2025-08-28 15:03:36,303 - INFO - sentinel2.py:78 - 23/36 - S2B_MSIL2A_20200912T090559_R050_T34SFG_20200918T134046 -> Not Found
2025-08-28 15:03:44,626 - INFO - sentinel2.py:78 - 24/36 - S2B_MSIL2A_20200912T090559_R050_T34SFF_20200916T132318 -> Not Found
2025-08-28 15:03:52,805 - INFO - sentinel2.py:78 - 25/36 - S2A_MSIL2A_20200910T092031_R093_T34SFG_20200912T025738 -> Not Found
2025-08-28 15:04:00,706 - INFO - sentinel2.py:78 - 26/36 - S2A_MSIL2A_20200910T092031_R093_T34SFF_20200912T025657 -> Not Found
2025-08-28 15:04:08,441 - INFO - sentinel2.py:78 - 27/36 - S2A_MSIL2A_20200910T092031_R093_T34SEG_20200912T025636 -> Not Found
2025-08-28 15:04:15,742 - INFO - sentinel2.py:78 - 28/36 - S2A_MSIL2A_20200910T092031_R093_T34SEF_20200912T025312 -> Not Found
2025-08-28 15:04:23,502 - INFO - sentinel2.py:78 - 29/36 - S2A_MSIL2A_20200907T090601_R050_T34SFG_20200911T182346 -> Not Found
2025-08-28 15:04:30,786 - INFO - sentinel2.py:78 - 30/36 - S2A_MSIL2A_20200907T090601_R050_T34SFF_20200911T182439 -> Not Found
2025-08-28 15:04:38,106 - INFO - sentinel2.py:78 - 31/36 - S2B_MSIL2A_20200905T092029_R093_T34SFG_20200908T034903 -> Not Found
2025-08-28 15:04:45,602 - INFO - sentinel2.py:78 - 32/36 - S2B_MSIL2A_20200905T092029_R093_T34SFF_20200908T034931 -> Not Found
2025-08-28 15:04:53,385 - INFO - sentinel2.py:78 - 33/36 - S2B_MSIL2A_20200905T092029_R093_T34SEG_20200908T034925 -> Not Found
2025-08-28 15:05:00,277 - INFO - sentinel2.py:78 - 34/36 - S2B_MSIL2A_20200905T092029_R093_T34SEF_20200908T034958 -> Not Found
2025-08-28 15:05:08,670 - INFO - sentinel2.py:78 - 35/36 - S2B_MSIL2A_20200902T090559_R050_T34SFG_20201027T065456 -> Not Found
2025-08-28 15:05:16,817 - INFO - sentinel2.py:78 - 36/36 - S2B_MSIL2A_20200902T090559_R050_T34SFF_20201027T065406 -> Not Found
2025-08-28 15:05:16,867 - INFO - composites.py:250 -                                  
2025-08-28 15:05:16,867 - INFO - composites.py:251 - 0/36 were refined by GRI.
2025-08-28 15:05:16,867 - WARNING - composites.py:255 - Tile x09_y08 | Time: 2020-09: All scenes are flagged NOT REFINED.
2025-08-28 15:05:16,869 - WARNING - composites.py:256 - Tile x09_y08 | Time: 2020-09: The composite will be flagged with _NOREFINED.
2025-08-28 15:05:16,869 - INFO - composites.py:263 - Looking for up to 10 cleanest images within spatiotemporal range of each MGRS tile
2025-08-28 15:05:16,869 - INFO - composites.py:277 - Filtered cleanest scenes: Kept 32 out of 36 items. 
2025-08-28 15:05:16,870 - INFO - composites.py:278 -         Included MGRS Tiles: ['34SEF' '34SEG' '34SFF' '34SFG']
2025-08-28 15:05:16,870 - INFO - composites.py:279 -         Included EPSG codes: [32634]
2025-08-28 15:05:16,871 - INFO - composites.py:281 - Selected scenes:
2025-08-28 15:05:16,871 - INFO - composites.py:283 -         S2A_MSIL2A_20200910T092031_R093_T34SEF_20200912T025312
2025-08-28 15:05:16,871 - INFO - composites.py:283 -         S2B_MSIL2A_20200925T092029_R093_T34SEF_20200926T230418
2025-08-28 15:05:16,871 - INFO - composites.py:283 -         S2A_MSIL2A_20200930T092031_R093_T34SEF_20201002T062122
2025-08-28 15:05:16,875 - INFO - composites.py:283 -         S2B_MSIL2A_20200915T092029_R093_T34SEF_20200918T102712
2025-08-28 15:05:16,877 - INFO - composites.py:283 -         S2B_MSIL2A_20200905T092029_R093_T34SEF_20200908T034958
2025-08-28 15:05:16,877 - INFO - composites.py:283 -         S2A_MSIL2A_20200920T092031_R093_T34SEF_20200923T000439
2025-08-28 15:05:16,877 - INFO - composites.py:283 -         S2B_MSIL2A_20200925T092029_R093_T34SEG_20200926T230436
2025-08-28 15:05:16,877 - INFO - composites.py:283 -         S2A_MSIL2A_20200910T092031_R093_T34SEG_20200912T025636
2025-08-28 15:05:16,877 - INFO - composites.py:283 -         S2A_MSIL2A_20200930T092031_R093_T34SEG_20201002T062320
2025-08-28 15:05:16,877 - INFO - composites.py:283 -         S2B_MSIL2A_20200905T092029_R093_T34SEG_20200908T034925
2025-08-28 15:05:16,877 - INFO - composites.py:283 -         S2B_MSIL2A_20200915T092029_R093_T34SEG_20200918T102638
2025-08-28 15:05:16,877 - INFO - composites.py:283 -         S2A_MSIL2A_20200920T092031_R093_T34SEG_20200923T000439
2025-08-28 15:05:16,877 - INFO - composites.py:283 -         S2B_MSIL2A_20200925T092029_R093_T34SFF_20200926T230427
2025-08-28 15:05:16,877 - INFO - composites.py:283 -         S2B_MSIL2A_20200915T092029_R093_T34SFF_20200918T102657
2025-08-28 15:05:16,877 - INFO - composites.py:283 -         S2B_MSIL2A_20200902T090559_R050_T34SFF_20201027T065406
2025-08-28 15:05:16,877 - INFO - composites.py:283 -         S2A_MSIL2A_20200910T092031_R093_T34SFF_20200912T025657
2025-08-28 15:05:16,877 - INFO - composites.py:283 -         S2A_MSIL2A_20200907T090601_R050_T34SFF_20200911T182439
2025-08-28 15:05:16,877 - INFO - composites.py:283 -         S2A_MSIL2A_20200930T092031_R093_T34SFF_20201002T062358
2025-08-28 15:05:16,877 - INFO - composites.py:283 -         S2B_MSIL2A_20200922T090659_R050_T34SFF_20200926T072917
2025-08-28 15:05:16,877 - INFO - composites.py:283 -         S2B_MSIL2A_20200912T090559_R050_T34SFF_20200916T132318
2025-08-28 15:05:16,877 - INFO - composites.py:283 -         S2B_MSIL2A_20200905T092029_R093_T34SFF_20200908T034931
2025-08-28 15:05:16,877 - INFO - composites.py:283 -         S2A_MSIL2A_20200927T090731_R050_T34SFF_20200929T025844
2025-08-28 15:05:16,877 - INFO - composites.py:283 -         S2B_MSIL2A_20200925T092029_R093_T34SFG_20200926T230419
2025-08-28 15:05:16,877 - INFO - composites.py:283 -         S2A_MSIL2A_20200930T092031_R093_T34SFG_20201002T062630
2025-08-28 15:05:16,877 - INFO - composites.py:283 -         S2A_MSIL2A_20200910T092031_R093_T34SFG_20200912T025738
2025-08-28 15:05:16,877 - INFO - composites.py:283 -         S2B_MSIL2A_20200902T090559_R050_T34SFG_20201027T065456
2025-08-28 15:05:16,877 - INFO - composites.py:283 -         S2A_MSIL2A_20200907T090601_R050_T34SFG_20200911T182346
2025-08-28 15:05:16,877 - INFO - composites.py:283 -         S2B_MSIL2A_20200922T090659_R050_T34SFG_20200926T072915
2025-08-28 15:05:16,877 - INFO - composites.py:283 -         S2B_MSIL2A_20200912T090559_R050_T34SFG_20200918T134046
2025-08-28 15:05:16,877 - INFO - composites.py:283 -         S2B_MSIL2A_20200915T092029_R093_T34SFG_20200918T102701
2025-08-28 15:05:16,877 - INFO - composites.py:283 -         S2B_MSIL2A_20200905T092029_R093_T34SFG_20200908T034903
2025-08-28 15:05:16,877 - INFO - composites.py:283 -         S2A_MSIL2A_20200927T090731_R050_T34SFG_20200929T030138
2025-08-28 15:05:17,356 - INFO - sentinel2.py:154 - Matplotlib backend: Agg
2025-08-28 15:05:17,635 - INFO - sentinel2.py:224 - Write input scenes footprint overlay: //nas-rs.topo.auth.gr/Latomeia/DROUGHT/composites/x09/y08/2020/09/01/S2L2A_medcomp_x09y08_202009_InDataFootprint.jpeg
2025-08-28 15:05:17,893 - INFO - composites.py:297 -                                  
2025-08-28 15:05:17,893 - INFO - composites.py:298 - Downstream STAC items from Planetary Computer
2025-08-28 15:05:17,893 - INFO - timeseries_processing.py:115 -                                  
2025-08-28 15:05:17,894 - INFO - timeseries_processing.py:116 - Loading bands of diferent resolutions in EPSG:32634
2025-08-28 15:05:17,894 - INFO - timeseries_processing.py:120 -     Filtering items with native UTM EPSG:32634
2025-08-28 15:05:17,894 - INFO - timeseries_processing.py:122 -     32 Items in EPSG:32634
2025-08-28 15:05:17,894 - INFO - timeseries_processing.py:129 -                        
2025-08-28 15:05:17,894 - INFO - timeseries_processing.py:130 -     Loading parameters:
2025-08-28 15:05:17,894 - INFO - timeseries_processing.py:131 -         Bands: ['B05', 'B07', 'B8A', 'SCL']
2025-08-28 15:05:17,894 - INFO - timeseries_processing.py:132 -         Spatial resolution: 20
2025-08-28 15:05:17,894 - INFO - timeseries_processing.py:134 -         Get Assets from STAC Items
2025-08-28 15:05:17,894 - INFO - timeseries_processing.py:47 -         Initialize the STAC client
2025-08-28 15:05:18,584 - INFO - timeseries_processing.py:137 -         Loading 32 STAC Items....
2025-08-28 15:06:33,570 - INFO - timeseries_processing.py:146 -         Cube has been downloaded
2025-08-28 15:06:33,570 - INFO - timeseries_processing.py:156 -         Fix order of dimensions
2025-08-28 15:06:33,572 - INFO - timeseries_processing.py:161 -         Append bands to the band-list of EPSG:32634
2025-08-28 15:06:33,572 - INFO - timeseries_processing.py:129 -                        
2025-08-28 15:06:33,572 - INFO - timeseries_processing.py:130 -     Loading parameters:
2025-08-28 15:06:33,572 - INFO - timeseries_processing.py:131 -         Bands: ['B02', 'B03', 'B04']
2025-08-28 15:06:33,572 - INFO - timeseries_processing.py:132 -         Spatial resolution: 10
2025-08-28 15:06:33,572 - INFO - timeseries_processing.py:134 -         Get Assets from STAC Items
2025-08-28 15:06:33,573 - INFO - timeseries_processing.py:47 -         Initialize the STAC client
2025-08-28 15:06:34,238 - INFO - timeseries_processing.py:137 -         Loading 32 STAC Items....
2025-08-28 15:11:03,531 - INFO - timeseries_processing.py:146 -         Cube has been downloaded
2025-08-28 15:11:03,531 - INFO - timeseries_processing.py:149 -         Reproject to downsample 10m bands to 20m by Resampling.average 2x2 binning and shape matching with odc.geo.GeoBox
2025-08-28 15:11:19,115 - INFO - timeseries_processing.py:161 -         Append bands to the band-list of EPSG:32634
2025-08-28 15:11:19,115 - INFO - timeseries_processing.py:165 -                        
2025-08-28 15:11:19,115 - INFO - timeseries_processing.py:166 -     Merging bands in a single dataset
2025-08-28 15:11:19,115 - INFO - timeseries_processing.py:167 -     Ensure all partial datasets are at (x=20, y=-20) resolution
2025-08-28 15:11:19,115 - INFO - timeseries_processing.py:171 -     Clip to the intersection of indexes
2025-08-28 15:11:20,536 - INFO - timeseries_processing.py:180 -     Make a list of bands to merge
2025-08-28 15:11:20,538 - INFO - timeseries_processing.py:184 -     Merge on intersection
2025-08-28 15:11:20,555 - INFO - timeseries_processing.py:192 -     Apply masks on clouds, shadows, thin cirrus, and snow/ice
2025-08-28 15:11:20,561 - INFO - sentinel2.py:122 -                Masking bits: [3, 7, 8, 9, 10, 11]
2025-08-28 15:11:21,991 - INFO - composites.py:307 - Reproject from UTM Zone to Tile geometry -> CRS(EPSG:32634), Resampling.bilinear
2025-08-28 15:11:29,606 - INFO - composites.py:310 -     New shape of datasets: Shape2d(x=2400, y=2400)
2025-08-28 15:11:30,340 - INFO - composites.py:342 - Creating preview plot of input scenes
2025-08-28 15:12:06,915 - INFO - timeseries_processing.py:349 - Saved preview for 'B04' to //nas-rs.topo.auth.gr/Latomeia/DROUGHT/composites/x09/y08/2020/09/01/S2L2A_medcomp_x09y08_202009_InDataPreview.jpeg
2025-08-28 15:12:06,922 - INFO - composites.py:348 - Clip value range
2025-08-28 15:12:09,181 - INFO - composites.py:353 -                           
2025-08-28 15:12:09,182 - INFO - composites.py:354 - Computing spectral indices:
2025-08-28 15:12:09,182 - INFO - composites.py:357 -     EVI...
2025-08-28 15:12:10,568 - INFO - composites.py:359 -     NDVI...
2025-08-28 15:12:11,037 - INFO - composites.py:361 -     PSRI2...
2025-08-28 15:12:11,371 - INFO - composites.py:364 - Clip to typical value range
2025-08-28 15:12:11,770 - INFO - composites.py:371 - Reducing to median value temporal composite
2025-08-28 15:12:40,498 - INFO - composites.py:390 - Scale and Define data types & nodata per band
2025-08-28 15:12:40,657 - INFO - composites.py:411 - Assign time range and tile ID in metadata
2025-08-28 15:12:40,659 - INFO - composites.py:419 - Write bands to raster COG files
2025-08-28 15:12:45,005 - INFO - composites.py:432 - Write B02 -> //nas-rs.topo.auth.gr/Latomeia/DROUGHT/composites/x09/y08/2020/09/01/S2L2A_medcomp_x09y08_202009_B02.tif
2025-08-28 15:12:49,139 - INFO - composites.py:432 - Write B03 -> //nas-rs.topo.auth.gr/Latomeia/DROUGHT/composites/x09/y08/2020/09/01/S2L2A_medcomp_x09y08_202009_B03.tif
2025-08-28 15:12:53,324 - INFO - composites.py:432 - Write B04 -> //nas-rs.topo.auth.gr/Latomeia/DROUGHT/composites/x09/y08/2020/09/01/S2L2A_medcomp_x09y08_202009_B04.tif
2025-08-28 15:12:57,498 - INFO - composites.py:432 - Write B05 -> //nas-rs.topo.auth.gr/Latomeia/DROUGHT/composites/x09/y08/2020/09/01/S2L2A_medcomp_x09y08_202009_B05.tif
2025-08-28 15:13:02,299 - INFO - composites.py:432 - Write B07 -> //nas-rs.topo.auth.gr/Latomeia/DROUGHT/composites/x09/y08/2020/09/01/S2L2A_medcomp_x09y08_202009_B07.tif
2025-08-28 15:13:06,585 - INFO - composites.py:432 - Write B8A -> //nas-rs.topo.auth.gr/Latomeia/DROUGHT/composites/x09/y08/2020/09/01/S2L2A_medcomp_x09y08_202009_B8A.tif
2025-08-28 15:13:10,771 - INFO - composites.py:432 - Write EVI -> //nas-rs.topo.auth.gr/Latomeia/DROUGHT/composites/x09/y08/2020/09/01/S2L2A_medcomp_x09y08_202009_EVI.tif
2025-08-28 15:13:14,815 - INFO - composites.py:432 - Write NDVI -> //nas-rs.topo.auth.gr/Latomeia/DROUGHT/composites/x09/y08/2020/09/01/S2L2A_medcomp_x09y08_202009_NDVI.tif
2025-08-28 15:13:18,965 - INFO - composites.py:432 - Write PSRI2 -> //nas-rs.topo.auth.gr/Latomeia/DROUGHT/composites/x09/y08/2020/09/01/S2L2A_medcomp_x09y08_202009_PSRI2.tif
2025-08-28 15:13:18,965 - INFO - composites.py:436 - Prepare metadata YAML document
2025-08-28 15:13:19,493 - INFO - composites.py:458 - Write metadata YAML document to disk
2025-08-28 15:13:19,529 - INFO - composites.py:463 - Create datacube.model.Dataset from eo3 metadata
2025-08-28 15:13:19,577 - INFO - composites.py:476 - Index to datacube
2025-08-28 15:13:19,577 - INFO - _datasets.py:191 - Indexing 27baa90d-dc7e-41c3-8517-6655779cb4e0
2025-08-28 15:13:19,587 - INFO - composites.py:479 - 
2025-08-28 15:13:19,587 - INFO - composites.py:480 -              ✔✔✔ COMPLETED: Tile x09_y08 | Time: 2020-09 | In 12.7 minutes
2025-08-28 15:13:19,587 - INFO - composites.py:481 - 
2025-08-28 15:13:19,587 - INFO - composites.py:489 - Closing Dask client
2025-08-28 15:13:19,589 - INFO - composites.py:493 - Closing Dask cluster
2025-08-28 15:13:19,589 - INFO - composites.py:494 - #######################################################################
