2025-08-22 08:20:29,144 - INFO - composites.py:101 - #######################################################################
2025-08-22 08:20:29,145 - INFO - composites.py:103 - Processing started
2025-08-22 08:20:29,145 - INFO - composites.py:104 -         Tile: x12_y11
2025-08-22 08:20:29,145 - INFO - composites.py:105 -         Time: 2020-06
2025-08-22 08:20:29,145 - INFO - composites.py:108 -                           
2025-08-22 08:20:29,145 - INFO - composites.py:109 - Establishing connection to datacube
2025-08-22 08:20:29,855 - INFO - composites.py:112 -                           
2025-08-22 08:20:29,855 - INFO - composites.py:113 - Sanity test: Check if dataset already exists in the datacube
2025-08-22 08:20:29,873 - INFO - composites.py:132 - The composite requested was not found and it will be computed
2025-08-22 08:20:29,873 - INFO - composites.py:135 -                                  
2025-08-22 08:20:29,873 - INFO - composites.py:136 - Initializing Dask cluster for parallelization
2025-08-22 08:20:34,920 - INFO - composites.py:160 - Dask dashboard is available at: http://127.0.0.1:8787/status
2025-08-22 08:20:34,921 - INFO - composites.py:163 - Create directories and naming conversions
2025-08-22 08:20:34,927 - INFO - composites.py:174 - Dataset location: //nas-rs.topo.auth.gr/Latomeia/DROUGHT/COMPOS/2020/06/x12_y11
2025-08-22 08:20:34,927 - INFO - composites.py:177 -                           
2025-08-22 08:20:34,927 - INFO - composites.py:178 - Retrieve tile geometry
2025-08-22 08:20:34,957 - INFO - composites.py:189 - Create the Bounding Box (φ,λ)
2025-08-22 08:20:34,957 - INFO - composites.py:195 - Create the Bounding Box (x,y)
2025-08-22 08:20:34,957 - INFO - composites.py:208 -                           
2025-08-22 08:20:34,957 - INFO - composites.py:209 - Connect to Planetary Computer STAC Catalog
2025-08-22 08:20:35,169 - INFO - composites.py:217 - Search the STAC Catalog
2025-08-22 08:20:35,238 - INFO - composites.py:229 -         Query parameters:
2025-08-22 08:20:35,238 - INFO - composites.py:230 -             url:          https://planetarycomputer.microsoft.com/api/stac/v1/search
2025-08-22 08:20:35,238 - INFO - composites.py:231 -             client:       microsoft-pc
2025-08-22 08:20:35,238 - INFO - composites.py:232 -             collection:   sentinel-2-l2a
2025-08-22 08:20:35,238 - INFO - composites.py:233 -             bbox:         (23.62848359322628, 37.99360926828161, 24.306499279548976, 38.55013763603257)
2025-08-22 08:20:35,238 - INFO - composites.py:234 -             time range:   2020-06-01T00:00:00Z/2020-06-30T23:59:59Z
2025-08-22 08:20:35,238 - INFO - composites.py:235 -             cloud cover:  0% - 70%
2025-08-22 08:20:35,238 - INFO - composites.py:236 -             nodata cover: 0% - 33%
2025-08-22 08:20:35,238 - INFO - composites.py:238 -                           
2025-08-22 08:20:35,238 - INFO - composites.py:239 - Searching...
2025-08-22 08:20:35,647 - INFO - composites.py:242 - Query found 12 items
2025-08-22 08:20:35,647 - INFO - composites.py:244 - Searching for GRI REFINED scenes:
2025-08-22 08:20:41,977 - INFO - sentinel2.py:78 - 1/12 - S2A_MSIL2A_20200629T090601_R050_T35SKC_20200824T131338 -> Not Found
2025-08-22 08:20:47,263 - INFO - sentinel2.py:78 - 2/12 - S2A_MSIL2A_20200629T090601_R050_T34SGH_20200824T131328 -> Not Found
2025-08-22 08:20:52,861 - INFO - sentinel2.py:78 - 3/12 - S2B_MSIL2A_20200624T090559_R050_T35SKC_20200823T233528 -> Not Found
2025-08-22 08:20:59,959 - INFO - sentinel2.py:78 - 4/12 - S2B_MSIL2A_20200624T090559_R050_T34SGH_20200823T233514 -> Not Found
2025-08-22 08:21:05,215 - INFO - sentinel2.py:78 - 5/12 - S2A_MSIL2A_20200619T090601_R050_T35SKC_20200823T070640 -> Not Found
2025-08-22 08:21:09,766 - INFO - sentinel2.py:78 - 6/12 - S2A_MSIL2A_20200619T090601_R050_T34SGH_20200823T070631 -> Not Found
2025-08-22 08:21:15,826 - INFO - sentinel2.py:78 - 7/12 - S2B_MSIL2A_20200614T090559_R050_T35SKC_20200827T093602 -> Not Found
2025-08-22 08:21:21,479 - INFO - sentinel2.py:78 - 8/12 - S2B_MSIL2A_20200614T090559_R050_T34SGH_20200827T093553 -> Not Found
2025-08-22 08:21:27,737 - INFO - sentinel2.py:78 - 9/12 - S2A_MSIL2A_20200609T090601_R050_T35SKC_20200826T171338 -> Not Found
2025-08-22 08:21:34,141 - INFO - sentinel2.py:78 - 10/12 - S2A_MSIL2A_20200609T090601_R050_T34SGH_20200826T171312 -> Not Found
2025-08-22 08:21:40,225 - INFO - sentinel2.py:78 - 11/12 - S2B_MSIL2A_20200604T090559_R050_T35SKC_20200826T035526 -> Not Found
2025-08-22 08:21:45,229 - INFO - sentinel2.py:78 - 12/12 - S2B_MSIL2A_20200604T090559_R050_T34SGH_20200826T035504 -> Not Found
2025-08-22 08:21:45,293 - INFO - composites.py:247 -                                  
2025-08-22 08:21:45,293 - INFO - composites.py:248 - 0/12 were refined by GRI.
2025-08-22 08:21:45,293 - WARNING - composites.py:252 - Tile x12_y11 | Time: 2020-06: All scenes are flagged NOT REFINED.
2025-08-22 08:21:45,295 - WARNING - composites.py:253 - Tile x12_y11 | Time: 2020-06: The composite will be flagged with _NOREFINED.
2025-08-22 08:21:45,296 - INFO - composites.py:260 - Looking for up to 10 cleanest images within spatiotemporal range of each MGRS tile
2025-08-22 08:21:45,296 - INFO - composites.py:274 - Filtered cleanest scenes: Kept 12 out of 12 items. 
2025-08-22 08:21:45,296 - INFO - composites.py:275 -         Included MGRS Tiles: ['34SGH' '35SKC']
2025-08-22 08:21:45,297 - INFO - composites.py:276 -         Included EPSG codes: [32634 32635]
2025-08-22 08:21:45,297 - INFO - composites.py:278 - Selected scenes:
2025-08-22 08:21:45,301 - INFO - composites.py:280 -         S2A_MSIL2A_20200629T090601_R050_T34SGH_20200824T131328
2025-08-22 08:21:45,310 - INFO - composites.py:280 -         S2A_MSIL2A_20200619T090601_R050_T34SGH_20200823T070631
2025-08-22 08:21:45,310 - INFO - composites.py:280 -         S2B_MSIL2A_20200604T090559_R050_T34SGH_20200826T035504
2025-08-22 08:21:45,310 - INFO - composites.py:280 -         S2B_MSIL2A_20200614T090559_R050_T34SGH_20200827T093553
2025-08-22 08:21:45,310 - INFO - composites.py:280 -         S2A_MSIL2A_20200609T090601_R050_T34SGH_20200826T171312
2025-08-22 08:21:45,318 - INFO - composites.py:280 -         S2B_MSIL2A_20200624T090559_R050_T34SGH_20200823T233514
2025-08-22 08:21:45,318 - INFO - composites.py:280 -         S2A_MSIL2A_20200629T090601_R050_T35SKC_20200824T131338
2025-08-22 08:21:45,318 - INFO - composites.py:280 -         S2A_MSIL2A_20200619T090601_R050_T35SKC_20200823T070640
2025-08-22 08:21:45,318 - INFO - composites.py:280 -         S2B_MSIL2A_20200604T090559_R050_T35SKC_20200826T035526
2025-08-22 08:21:45,318 - INFO - composites.py:280 -         S2B_MSIL2A_20200614T090559_R050_T35SKC_20200827T093602
2025-08-22 08:21:45,320 - INFO - composites.py:280 -         S2A_MSIL2A_20200609T090601_R050_T35SKC_20200826T171338
2025-08-22 08:21:45,320 - INFO - composites.py:280 -         S2B_MSIL2A_20200624T090559_R050_T35SKC_20200823T233528
2025-08-22 08:21:45,665 - INFO - sentinel2.py:154 - Matplotlib backend: Agg
2025-08-22 08:21:45,879 - INFO - sentinel2.py:224 - Write input scenes footprint overlay: //nas-rs.topo.auth.gr/Latomeia/DROUGHT/COMPOS/2020/06/x12_y11/S2L2A_medcomp_x12_y11_202006_InDataFootprint.jpeg
2025-08-22 08:21:46,106 - INFO - composites.py:294 -                                  
2025-08-22 08:21:46,106 - INFO - composites.py:295 - Downstream STAC items from Planetary Computer
2025-08-22 08:21:46,106 - INFO - timeseries_processing.py:115 -                                  
2025-08-22 08:21:46,106 - INFO - timeseries_processing.py:116 - Loading bands of diferent resolutions in EPSG:32634
2025-08-22 08:21:46,106 - INFO - timeseries_processing.py:120 -     Filtering items with native UTM EPSG:32634
2025-08-22 08:21:46,106 - INFO - timeseries_processing.py:122 -     6 Items in EPSG:32634
2025-08-22 08:21:46,106 - INFO - timeseries_processing.py:129 -                        
2025-08-22 08:21:46,106 - INFO - timeseries_processing.py:130 -     Loading parameters:
2025-08-22 08:21:46,106 - INFO - timeseries_processing.py:131 -         Bands: ['B05', 'B07', 'B8A', 'SCL']
2025-08-22 08:21:46,106 - INFO - timeseries_processing.py:132 -         Spatial resolution: 20
2025-08-22 08:21:46,106 - INFO - timeseries_processing.py:134 -         Get Assets from STAC Items
2025-08-22 08:21:46,107 - INFO - timeseries_processing.py:47 -         Initialize the STAC client
2025-08-22 08:21:46,725 - INFO - timeseries_processing.py:137 -         Loading 6 STAC Items....
2025-08-22 08:22:37,678 - INFO - timeseries_processing.py:146 -         Cube has been downloaded
2025-08-22 08:22:37,678 - INFO - timeseries_processing.py:156 -         Fix order of dimensions
2025-08-22 08:22:37,680 - INFO - timeseries_processing.py:161 -         Append bands to the band-list of EPSG:32634
2025-08-22 08:22:37,680 - INFO - timeseries_processing.py:129 -                        
2025-08-22 08:22:37,680 - INFO - timeseries_processing.py:130 -     Loading parameters:
2025-08-22 08:22:37,680 - INFO - timeseries_processing.py:131 -         Bands: ['B02', 'B03', 'B04']
2025-08-22 08:22:37,680 - INFO - timeseries_processing.py:132 -         Spatial resolution: 10
2025-08-22 08:22:37,680 - INFO - timeseries_processing.py:134 -         Get Assets from STAC Items
2025-08-22 08:22:37,683 - INFO - timeseries_processing.py:47 -         Initialize the STAC client
2025-08-22 08:22:38,348 - INFO - timeseries_processing.py:137 -         Loading 6 STAC Items....
2025-08-22 08:24:35,809 - INFO - timeseries_processing.py:146 -         Cube has been downloaded
2025-08-22 08:24:35,809 - INFO - timeseries_processing.py:149 -         Reproject to downsample 10m bands to 20m by Resampling.average 2x2 binning and shape matching with odc.geo.GeoBox
2025-08-22 08:24:45,248 - INFO - timeseries_processing.py:161 -         Append bands to the band-list of EPSG:32634
2025-08-22 08:24:45,248 - INFO - timeseries_processing.py:165 -                        
2025-08-22 08:24:45,249 - INFO - timeseries_processing.py:166 -     Merging bands in a single dataset
2025-08-22 08:24:45,249 - INFO - timeseries_processing.py:167 -     Ensure all partial datasets are at (x=20, y=-20) resolution
2025-08-22 08:24:45,249 - INFO - timeseries_processing.py:171 -     Clip to the intersection of indexes
2025-08-22 08:24:46,479 - INFO - timeseries_processing.py:180 -     Make a list of bands to merge
2025-08-22 08:24:46,480 - INFO - timeseries_processing.py:184 -     Merge on intersection
2025-08-22 08:24:46,481 - INFO - timeseries_processing.py:192 -     Apply masks on clouds, shadows, thin cirrus, and snow/ice
2025-08-22 08:24:46,481 - INFO - sentinel2.py:122 -                Masking bits: [3, 7, 8, 9, 10, 11]
2025-08-22 08:24:47,278 - INFO - timeseries_processing.py:115 -                                  
2025-08-22 08:24:47,278 - INFO - timeseries_processing.py:116 - Loading bands of diferent resolutions in EPSG:32635
2025-08-22 08:24:47,278 - INFO - timeseries_processing.py:120 -     Filtering items with native UTM EPSG:32635
2025-08-22 08:24:47,278 - INFO - timeseries_processing.py:122 -     6 Items in EPSG:32635
2025-08-22 08:24:47,278 - INFO - timeseries_processing.py:129 -                        
2025-08-22 08:24:47,278 - INFO - timeseries_processing.py:130 -     Loading parameters:
2025-08-22 08:24:47,278 - INFO - timeseries_processing.py:131 -         Bands: ['B05', 'B07', 'B8A', 'SCL']
2025-08-22 08:24:47,278 - INFO - timeseries_processing.py:132 -         Spatial resolution: 20
2025-08-22 08:24:47,278 - INFO - timeseries_processing.py:134 -         Get Assets from STAC Items
2025-08-22 08:24:47,278 - INFO - timeseries_processing.py:47 -         Initialize the STAC client
2025-08-22 08:24:47,816 - INFO - timeseries_processing.py:137 -         Loading 6 STAC Items....
2025-08-22 08:25:36,541 - INFO - timeseries_processing.py:146 -         Cube has been downloaded
2025-08-22 08:25:36,541 - INFO - timeseries_processing.py:156 -         Fix order of dimensions
2025-08-22 08:25:36,543 - INFO - timeseries_processing.py:161 -         Append bands to the band-list of EPSG:32635
2025-08-22 08:25:36,544 - INFO - timeseries_processing.py:129 -                        
2025-08-22 08:25:36,544 - INFO - timeseries_processing.py:130 -     Loading parameters:
2025-08-22 08:25:36,545 - INFO - timeseries_processing.py:131 -         Bands: ['B02', 'B03', 'B04']
2025-08-22 08:25:36,545 - INFO - timeseries_processing.py:132 -         Spatial resolution: 10
2025-08-22 08:25:36,545 - INFO - timeseries_processing.py:134 -         Get Assets from STAC Items
2025-08-22 08:25:36,545 - INFO - timeseries_processing.py:47 -         Initialize the STAC client
2025-08-22 08:25:37,019 - INFO - timeseries_processing.py:137 -         Loading 6 STAC Items....
2025-08-22 08:27:37,162 - INFO - timeseries_processing.py:146 -         Cube has been downloaded
2025-08-22 08:27:37,162 - INFO - timeseries_processing.py:149 -         Reproject to downsample 10m bands to 20m by Resampling.average 2x2 binning and shape matching with odc.geo.GeoBox
2025-08-22 08:27:46,589 - INFO - timeseries_processing.py:161 -         Append bands to the band-list of EPSG:32635
2025-08-22 08:27:46,589 - INFO - timeseries_processing.py:165 -                        
2025-08-22 08:27:46,589 - INFO - timeseries_processing.py:166 -     Merging bands in a single dataset
2025-08-22 08:27:46,589 - INFO - timeseries_processing.py:167 -     Ensure all partial datasets are at (x=20, y=-20) resolution
2025-08-22 08:27:46,589 - INFO - timeseries_processing.py:171 -     Clip to the intersection of indexes
2025-08-22 08:27:46,591 - INFO - timeseries_processing.py:180 -     Make a list of bands to merge
2025-08-22 08:27:46,591 - INFO - timeseries_processing.py:184 -     Merge on intersection
2025-08-22 08:27:46,592 - INFO - timeseries_processing.py:192 -     Apply masks on clouds, shadows, thin cirrus, and snow/ice
2025-08-22 08:27:46,592 - INFO - sentinel2.py:122 -                Masking bits: [3, 7, 8, 9, 10, 11]
2025-08-22 08:27:47,338 - INFO - composites.py:304 - Reproject from UTM Zone to Tile geometry -> CRS(EPSG:32635), Resampling.bilinear
2025-08-22 08:27:55,506 - INFO - composites.py:307 -     New shape of datasets: Shape2d(x=2400, y=2400)
2025-08-22 08:27:55,834 - INFO - composites.py:312 -                           
2025-08-22 08:27:55,851 - INFO - composites.py:313 - Mosaic datasets to a single dataset
2025-08-22 08:28:00,999 - INFO - composites.py:339 - Creating preview plot of input scenes
2025-08-22 08:28:25,693 - INFO - timeseries_processing.py:349 - Saved preview for 'B04' to //nas-rs.topo.auth.gr/Latomeia/DROUGHT/COMPOS/2020/06/x12_y11/S2L2A_medcomp_x12_y11_202006_InDataPreview.jpeg
2025-08-22 08:28:25,697 - INFO - composites.py:345 - Clip value range
2025-08-22 08:28:26,922 - INFO - composites.py:350 -                           
2025-08-22 08:28:26,923 - INFO - composites.py:351 - Computing spectral indices:
2025-08-22 08:28:26,923 - INFO - composites.py:354 -     EVI...
2025-08-22 08:28:27,736 - INFO - composites.py:356 -     NDVI...
2025-08-22 08:28:27,921 - INFO - composites.py:358 -     PSRI2...
2025-08-22 08:28:28,168 - INFO - composites.py:361 - Clip to typical value range
2025-08-22 08:28:28,441 - INFO - composites.py:368 - Reducing to median value temporal composite
2025-08-22 08:28:52,128 - INFO - composites.py:387 - Define data types and nodata per band
2025-08-22 08:28:52,228 - INFO - composites.py:408 - Assign time range and tile ID in metadata
2025-08-22 08:28:52,228 - INFO - composites.py:416 - Write bands to raster COG files
2025-08-22 08:28:56,390 - INFO - composites.py:429 - Write B02 -> //nas-rs.topo.auth.gr/Latomeia/DROUGHT/COMPOS/2020/06/x12_y11/S2L2A_medcomp_x12_y11_202006_B02.tif
2025-08-22 08:29:00,401 - INFO - composites.py:429 - Write B03 -> //nas-rs.topo.auth.gr/Latomeia/DROUGHT/COMPOS/2020/06/x12_y11/S2L2A_medcomp_x12_y11_202006_B03.tif
2025-08-22 08:29:04,242 - INFO - composites.py:429 - Write B04 -> //nas-rs.topo.auth.gr/Latomeia/DROUGHT/COMPOS/2020/06/x12_y11/S2L2A_medcomp_x12_y11_202006_B04.tif
2025-08-22 08:29:08,126 - INFO - composites.py:429 - Write B05 -> //nas-rs.topo.auth.gr/Latomeia/DROUGHT/COMPOS/2020/06/x12_y11/S2L2A_medcomp_x12_y11_202006_B05.tif
2025-08-22 08:29:11,874 - INFO - composites.py:429 - Write B07 -> //nas-rs.topo.auth.gr/Latomeia/DROUGHT/COMPOS/2020/06/x12_y11/S2L2A_medcomp_x12_y11_202006_B07.tif
2025-08-22 08:29:15,671 - INFO - composites.py:429 - Write B8A -> //nas-rs.topo.auth.gr/Latomeia/DROUGHT/COMPOS/2020/06/x12_y11/S2L2A_medcomp_x12_y11_202006_B8A.tif
2025-08-22 08:29:19,444 - INFO - composites.py:429 - Write EVI -> //nas-rs.topo.auth.gr/Latomeia/DROUGHT/COMPOS/2020/06/x12_y11/S2L2A_medcomp_x12_y11_202006_evi.tif
2025-08-22 08:29:23,278 - INFO - composites.py:429 - Write NDVI -> //nas-rs.topo.auth.gr/Latomeia/DROUGHT/COMPOS/2020/06/x12_y11/S2L2A_medcomp_x12_y11_202006_ndvi.tif
2025-08-22 08:29:27,160 - INFO - composites.py:429 - Write PSRI2 -> //nas-rs.topo.auth.gr/Latomeia/DROUGHT/COMPOS/2020/06/x12_y11/S2L2A_medcomp_x12_y11_202006_psri2.tif
2025-08-22 08:29:27,172 - INFO - composites.py:433 - Prepare metadata YAML document
2025-08-22 08:29:27,879 - INFO - composites.py:454 - Write metadata YAML document to disk
2025-08-22 08:29:27,916 - INFO - composites.py:459 - Create datacube.model.Dataset from eo3 metadata
2025-08-22 08:29:27,932 - INFO - composites.py:470 - Index to datacube
2025-08-22 08:29:27,932 - INFO - _datasets.py:191 - Indexing ff72b841-2156-4d35-b2ed-9001fe1ae754
2025-08-22 08:29:27,941 - INFO - composites.py:473 - 
2025-08-22 08:29:27,942 - INFO - composites.py:474 -              ✔✔✔ COMPLETED: Tile x12_y11 | Time: 2020-06 | In 8.98 minutes
2025-08-22 08:29:27,942 - INFO - composites.py:475 - 
2025-08-22 08:29:27,942 - INFO - composites.py:483 - Closing Dask client
2025-08-22 08:29:27,943 - INFO - composites.py:487 - Closing Dask cluster
2025-08-22 08:29:27,943 - INFO - composites.py:488 - #######################################################################
