2025-08-21 16:08:11,857 - INFO - composites.py:101 - #######################################################################
2025-08-21 16:08:11,857 - INFO - composites.py:103 - Processing started
2025-08-21 16:08:11,857 - INFO - composites.py:104 -         Tile: x08_y11
2025-08-21 16:08:11,857 - INFO - composites.py:105 -         Time: 2020-01
2025-08-21 16:08:11,857 - INFO - composites.py:108 -                           
2025-08-21 16:08:11,857 - INFO - composites.py:109 - Establishing connection to datacube
2025-08-21 16:08:12,400 - INFO - composites.py:112 -                           
2025-08-21 16:08:12,400 - INFO - composites.py:113 - Sanity test: Check if dataset already exists in the datacube
2025-08-21 16:08:12,416 - INFO - composites.py:132 - The composite requested was not found and it will be computed
2025-08-21 16:08:12,417 - INFO - composites.py:135 -                                  
2025-08-21 16:08:12,417 - INFO - composites.py:136 - Initializing Dask cluster for parallelization
2025-08-21 16:08:17,558 - INFO - composites.py:160 - Dask dashboard is available at: http://127.0.0.1:8787/status
2025-08-21 16:08:17,558 - INFO - composites.py:163 - Create directories and naming conversions
2025-08-21 16:08:17,563 - INFO - composites.py:174 - Dataset location: //nas-rs.topo.auth.gr/Latomeia/DROUGHT/COMPOS/2020/01/x08_y11
2025-08-21 16:08:17,563 - INFO - composites.py:177 -                           
2025-08-21 16:08:17,563 - INFO - composites.py:178 - Retrieve tile geometry
2025-08-21 16:08:17,595 - INFO - composites.py:189 - Create the Bounding Box (φ,λ)
2025-08-21 16:08:17,595 - INFO - composites.py:195 - Create the Bounding Box (x,y)
2025-08-21 16:08:17,595 - INFO - composites.py:208 -                           
2025-08-21 16:08:17,595 - INFO - composites.py:209 - Connect to Planetary Computer STAC Catalog
2025-08-21 16:08:17,846 - INFO - composites.py:217 - Search the STAC Catalog
2025-08-21 16:08:17,920 - INFO - composites.py:229 -         Query parameters:
2025-08-21 16:08:17,920 - INFO - composites.py:230 -             url:          https://planetarycomputer.microsoft.com/api/stac/v1/search
2025-08-21 16:08:17,920 - INFO - composites.py:231 -             client:       microsoft-pc
2025-08-21 16:08:17,920 - INFO - composites.py:232 -             collection:   sentinel-2-l2a
2025-08-21 16:08:17,920 - INFO - composites.py:233 -             bbox:         (21.470456200843422, 38.29135632905737, 22.139354689000736, 38.83788179019963)
2025-08-21 16:08:17,920 - INFO - composites.py:234 -             time range:   2020-01-01T00:00:00Z/2020-01-31T23:59:59Z
2025-08-21 16:08:17,920 - INFO - composites.py:235 -             cloud cover:  0% - 70%
2025-08-21 16:08:17,920 - INFO - composites.py:236 -             nodata cover: 0% - 33%
2025-08-21 16:08:17,920 - INFO - composites.py:238 -                           
2025-08-21 16:08:17,920 - INFO - composites.py:239 - Searching...
2025-08-21 16:08:18,349 - INFO - composites.py:242 - Query found 7 items
2025-08-21 16:08:18,349 - INFO - composites.py:244 - Searching for GRI REFINED scenes:
2025-08-21 16:08:24,229 - INFO - sentinel2.py:78 - 1/7 - S2A_MSIL2A_20200124T092251_R093_T34SEJ_20201002T083605 -> Not Found
2025-08-21 16:08:28,899 - INFO - sentinel2.py:78 - 2/7 - S2A_MSIL2A_20200124T092251_R093_T34SEH_20201002T083602 -> Not Found
2025-08-21 16:08:33,274 - INFO - sentinel2.py:78 - 3/7 - S2A_MSIL2A_20200114T092331_R093_T34SEJ_20201002T182429 -> Not Found
2025-08-21 16:08:38,057 - INFO - sentinel2.py:78 - 4/7 - S2A_MSIL2A_20200114T092331_R093_T34SEH_20201002T182430 -> Not Found
2025-08-21 16:08:42,857 - INFO - sentinel2.py:78 - 5/7 - S2B_MSIL2A_20200109T092249_R093_T34SEH_20201029T174519 -> Not Found
2025-08-21 16:08:47,742 - INFO - sentinel2.py:78 - 6/7 - S2A_MSIL2A_20200104T092401_R093_T34SEJ_20201002T224246 -> Not Found
2025-08-21 16:08:52,529 - INFO - sentinel2.py:78 - 7/7 - S2A_MSIL2A_20200104T092401_R093_T34SEH_20201002T224247 -> Not Found
2025-08-21 16:08:52,561 - INFO - composites.py:247 -                                  
2025-08-21 16:08:52,561 - INFO - composites.py:248 - 0/7 were refined by GRI.
2025-08-21 16:08:52,562 - WARNING - composites.py:252 - Tile x08_y11 | Time: 2020-01: All scenes are flagged NOT REFINED.
2025-08-21 16:08:52,562 - WARNING - composites.py:253 - Tile x08_y11 | Time: 2020-01: The composite will be flagged with _NOREFINED.
2025-08-21 16:08:52,562 - INFO - composites.py:260 - Looking for up to 10 cleanest images within spatiotemporal range of each MGRS tile
2025-08-21 16:08:52,562 - INFO - composites.py:274 - Filtered cleanest scenes: Kept 7 out of 7 items. 
2025-08-21 16:08:52,575 - INFO - composites.py:275 -         Included MGRS Tiles: ['34SEH' '34SEJ']
2025-08-21 16:08:52,583 - INFO - composites.py:276 -         Included EPSG codes: [32634]
2025-08-21 16:08:52,587 - INFO - composites.py:278 - Selected scenes:
2025-08-21 16:08:52,587 - INFO - composites.py:280 -         S2A_MSIL2A_20200104T092401_R093_T34SEH_20201002T224247
2025-08-21 16:08:52,587 - INFO - composites.py:280 -         S2B_MSIL2A_20200109T092249_R093_T34SEH_20201029T174519
2025-08-21 16:08:52,588 - INFO - composites.py:280 -         S2A_MSIL2A_20200124T092251_R093_T34SEH_20201002T083602
2025-08-21 16:08:52,588 - INFO - composites.py:280 -         S2A_MSIL2A_20200114T092331_R093_T34SEH_20201002T182430
2025-08-21 16:08:52,589 - INFO - composites.py:280 -         S2A_MSIL2A_20200104T092401_R093_T34SEJ_20201002T224246
2025-08-21 16:08:52,589 - INFO - composites.py:280 -         S2A_MSIL2A_20200124T092251_R093_T34SEJ_20201002T083605
2025-08-21 16:08:52,589 - INFO - composites.py:280 -         S2A_MSIL2A_20200114T092331_R093_T34SEJ_20201002T182429
2025-08-21 16:08:52,925 - INFO - sentinel2.py:154 - Matplotlib backend: Agg
2025-08-21 16:08:53,112 - INFO - sentinel2.py:224 - Write input scenes footprint overlay: //nas-rs.topo.auth.gr/Latomeia/DROUGHT/COMPOS/2020/01/x08_y11/S2L2A_medcomp_x08_y11_202001_InDataFootprint.jpeg
2025-08-21 16:08:53,296 - INFO - composites.py:294 -                                  
2025-08-21 16:08:53,296 - INFO - composites.py:295 - Downstream STAC items from Planetary Computer
2025-08-21 16:08:53,296 - INFO - timeseries_processing.py:115 -                                  
2025-08-21 16:08:53,297 - INFO - timeseries_processing.py:116 - Loading bands of diferent resolutions in EPSG:32634
2025-08-21 16:08:53,297 - INFO - timeseries_processing.py:120 -     Filtering items with native UTM EPSG:32634
2025-08-21 16:08:53,297 - INFO - timeseries_processing.py:122 -     7 Items in EPSG:32634
2025-08-21 16:08:53,297 - INFO - timeseries_processing.py:129 -                        
2025-08-21 16:08:53,297 - INFO - timeseries_processing.py:130 -     Loading parameters:
2025-08-21 16:08:53,297 - INFO - timeseries_processing.py:131 -         Bands: ['B05', 'B07', 'B8A', 'SCL']
2025-08-21 16:08:53,297 - INFO - timeseries_processing.py:132 -         Spatial resolution: 20
2025-08-21 16:08:53,297 - INFO - timeseries_processing.py:134 -         Get Assets from STAC Items
2025-08-21 16:08:53,297 - INFO - timeseries_processing.py:47 -         Initialize the STAC client
2025-08-21 16:08:53,792 - INFO - timeseries_processing.py:137 -         Loading 7 STAC Items....
2025-08-21 16:09:10,989 - INFO - timeseries_processing.py:146 -         Cube has been downloaded
2025-08-21 16:09:10,989 - INFO - timeseries_processing.py:156 -         Fix order of dimensions
2025-08-21 16:09:10,991 - INFO - timeseries_processing.py:161 -         Append bands to the band-list of EPSG:32634
2025-08-21 16:09:10,991 - INFO - timeseries_processing.py:129 -                        
2025-08-21 16:09:10,991 - INFO - timeseries_processing.py:130 -     Loading parameters:
2025-08-21 16:09:10,991 - INFO - timeseries_processing.py:131 -         Bands: ['B02', 'B03', 'B04']
2025-08-21 16:09:10,991 - INFO - timeseries_processing.py:132 -         Spatial resolution: 10
2025-08-21 16:09:10,991 - INFO - timeseries_processing.py:134 -         Get Assets from STAC Items
2025-08-21 16:09:10,991 - INFO - timeseries_processing.py:47 -         Initialize the STAC client
2025-08-21 16:09:11,483 - INFO - timeseries_processing.py:137 -         Loading 7 STAC Items....
2025-08-21 16:09:59,361 - INFO - timeseries_processing.py:146 -         Cube has been downloaded
2025-08-21 16:09:59,362 - INFO - timeseries_processing.py:149 -         Downsample 10m bands to 20m by average 2x2 binning and shape matching
2025-08-21 16:10:05,122 - INFO - timeseries_processing.py:161 -         Append bands to the band-list of EPSG:32634
2025-08-21 16:10:05,122 - INFO - timeseries_processing.py:165 -                        
2025-08-21 16:10:05,122 - INFO - timeseries_processing.py:166 -     Merging bands in a single dataset
2025-08-21 16:10:05,122 - INFO - timeseries_processing.py:167 -     Ensure all partial datasets are at (x=20, y=-20) resolution
2025-08-21 16:10:05,122 - INFO - timeseries_processing.py:171 -     Clip to the intersection of indexes
2025-08-21 16:10:06,260 - INFO - timeseries_processing.py:180 -     Make a list of bands to merge
2025-08-21 16:10:06,262 - INFO - timeseries_processing.py:184 -     Merge on intersection
2025-08-21 16:10:06,262 - INFO - timeseries_processing.py:192 -     Apply masks on clouds, shadows, thin cirrus, and snow/ice
2025-08-21 16:10:06,262 - INFO - sentinel2.py:122 -                Masking bits: [3, 7, 8, 9, 10, 11]
2025-08-21 16:10:06,733 - INFO - composites.py:304 - Reproject from UTM Zone to Tile geometry -> CRS(EPSG:32634), Resampling.bilinear
2025-08-21 16:10:09,373 - INFO - composites.py:307 -     New shape of datasets: Shape2d(x=2400, y=2400)
2025-08-21 16:10:09,844 - INFO - composites.py:339 - Creating preview plot of input scenes
2025-08-21 16:10:30,420 - INFO - timeseries_processing.py:349 - Saved preview for 'B04' to //nas-rs.topo.auth.gr/Latomeia/DROUGHT/COMPOS/2020/01/x08_y11/S2L2A_medcomp_x08_y11_202001_InDataPreview.jpeg
2025-08-21 16:10:30,423 - INFO - composites.py:345 - Clip value range
2025-08-21 16:10:31,244 - INFO - composites.py:350 -                           
2025-08-21 16:10:31,244 - INFO - composites.py:351 - Computing spectral indices:
2025-08-21 16:10:31,244 - INFO - composites.py:354 -     EVI...
2025-08-21 16:10:31,700 - INFO - composites.py:356 -     NDVI...
2025-08-21 16:10:31,806 - INFO - composites.py:358 -     PSRI2...
2025-08-21 16:10:32,023 - INFO - composites.py:361 - Clip to typical value range
2025-08-21 16:10:32,227 - INFO - composites.py:368 - Reducing to median value temporal composite
2025-08-21 16:10:56,082 - INFO - composites.py:387 - Define data types and nodata per band
2025-08-21 16:10:56,213 - INFO - composites.py:408 - Assign time range and tile ID in metadata
2025-08-21 16:10:56,213 - INFO - composites.py:416 - Write bands to raster COG files
2025-08-21 16:11:00,002 - INFO - composites.py:429 - Write B02 -> //nas-rs.topo.auth.gr/Latomeia/DROUGHT/COMPOS/2020/01/x08_y11/S2L2A_medcomp_x08_y11_202001_B02.tif
2025-08-21 16:11:03,806 - INFO - composites.py:429 - Write B03 -> //nas-rs.topo.auth.gr/Latomeia/DROUGHT/COMPOS/2020/01/x08_y11/S2L2A_medcomp_x08_y11_202001_B03.tif
2025-08-21 16:11:07,685 - INFO - composites.py:429 - Write B04 -> //nas-rs.topo.auth.gr/Latomeia/DROUGHT/COMPOS/2020/01/x08_y11/S2L2A_medcomp_x08_y11_202001_B04.tif
2025-08-21 16:11:11,462 - INFO - composites.py:429 - Write B05 -> //nas-rs.topo.auth.gr/Latomeia/DROUGHT/COMPOS/2020/01/x08_y11/S2L2A_medcomp_x08_y11_202001_B05.tif
2025-08-21 16:11:15,483 - INFO - composites.py:429 - Write B07 -> //nas-rs.topo.auth.gr/Latomeia/DROUGHT/COMPOS/2020/01/x08_y11/S2L2A_medcomp_x08_y11_202001_B07.tif
2025-08-21 16:11:19,487 - INFO - composites.py:429 - Write B8A -> //nas-rs.topo.auth.gr/Latomeia/DROUGHT/COMPOS/2020/01/x08_y11/S2L2A_medcomp_x08_y11_202001_B8A.tif
2025-08-21 16:11:23,291 - INFO - composites.py:429 - Write EVI -> //nas-rs.topo.auth.gr/Latomeia/DROUGHT/COMPOS/2020/01/x08_y11/S2L2A_medcomp_x08_y11_202001_evi.tif
2025-08-21 16:11:27,108 - INFO - composites.py:429 - Write NDVI -> //nas-rs.topo.auth.gr/Latomeia/DROUGHT/COMPOS/2020/01/x08_y11/S2L2A_medcomp_x08_y11_202001_ndvi.tif
2025-08-21 16:11:30,996 - INFO - composites.py:429 - Write PSRI2 -> //nas-rs.topo.auth.gr/Latomeia/DROUGHT/COMPOS/2020/01/x08_y11/S2L2A_medcomp_x08_y11_202001_psri2.tif
2025-08-21 16:11:31,005 - INFO - composites.py:433 - Prepare metadata YAML document
2025-08-21 16:11:31,630 - INFO - composites.py:454 - Write metadata YAML document to disk
2025-08-21 16:11:31,672 - INFO - composites.py:459 - Create datacube.model.Dataset from eo3 metadata
2025-08-21 16:11:31,683 - INFO - composites.py:470 - Index to datacube
2025-08-21 16:11:31,683 - INFO - _datasets.py:191 - Indexing 2fa159d2-d794-4f75-a9be-32695ca31fda
2025-08-21 16:11:31,691 - INFO - composites.py:473 - 
2025-08-21 16:11:31,691 - INFO - composites.py:474 -              ✔✔✔ COMPLETED: Tile x08_y11 | Time: 2020-01 | In 3.33 minutes
2025-08-21 16:11:31,691 - INFO - composites.py:475 - 
2025-08-21 16:11:31,691 - INFO - composites.py:483 - Closing Dask client
2025-08-21 16:11:31,692 - INFO - composites.py:487 - Closing Dask cluster
2025-08-21 16:11:31,692 - INFO - composites.py:488 - #######################################################################
