2025-08-24 21:32:17,777 - INFO - composites.py:102 - #######################################################################
2025-08-24 21:32:17,777 - INFO - composites.py:104 - Processing started
2025-08-24 21:32:17,777 - INFO - composites.py:105 -         Tile: x10_y09
2025-08-24 21:32:17,777 - INFO - composites.py:106 -         Time: 2020-01
2025-08-24 21:32:17,777 - INFO - composites.py:109 -                           
2025-08-24 21:32:17,777 - INFO - composites.py:110 - Establishing connection to datacube
2025-08-24 21:32:18,273 - INFO - composites.py:113 -                           
2025-08-24 21:32:18,275 - INFO - composites.py:114 - Sanity test: Check if dataset already exists in the datacube
2025-08-24 21:32:18,290 - INFO - composites.py:133 - The composite requested was not found and it will be computed
2025-08-24 21:32:18,290 - INFO - composites.py:136 -                                  
2025-08-24 21:32:18,290 - INFO - composites.py:137 - Initializing Dask cluster for parallelization
2025-08-24 21:32:23,362 - INFO - composites.py:161 - Dask dashboard is available at: http://127.0.0.1:8787/status
2025-08-24 21:32:23,362 - INFO - composites.py:164 - Create directories and naming conversions
2025-08-24 21:32:23,372 - INFO - composites.py:175 - Dataset location: //nas-rs.topo.auth.gr/Latomeia/DROUGHT/COMPOS/2020/01/x10_y09
2025-08-24 21:32:23,372 - INFO - composites.py:178 -                           
2025-08-24 21:32:23,372 - INFO - composites.py:179 - Retrieve tile geometry
2025-08-24 21:32:23,399 - INFO - composites.py:190 - Create the Bounding Box (φ,λ)
2025-08-24 21:32:23,400 - INFO - composites.py:196 - Create the Bounding Box (x,y)
2025-08-24 21:32:23,400 - INFO - composites.py:209 -                           
2025-08-24 21:32:23,400 - INFO - composites.py:210 - Connect to Planetary Computer STAC Catalog
2025-08-24 21:32:23,640 - INFO - composites.py:218 - Search the STAC Catalog
2025-08-24 21:32:23,708 - INFO - composites.py:230 -         Query parameters:
2025-08-24 21:32:23,708 - INFO - composites.py:231 -             url:          https://planetarycomputer.microsoft.com/api/stac/v1/search
2025-08-24 21:32:23,708 - INFO - composites.py:232 -             client:       microsoft-pc
2025-08-24 21:32:23,708 - INFO - composites.py:233 -             collection:   sentinel-2-l2a
2025-08-24 21:32:23,708 - INFO - composites.py:234 -             bbox:         (22.393231098837152, 37.29127558081356, 23.05741948027706, 37.8424745721664)
2025-08-24 21:32:23,708 - INFO - composites.py:235 -             time range:   2020-01-01T00:00:00Z/2020-01-31T23:59:59Z
2025-08-24 21:32:23,708 - INFO - composites.py:236 -             cloud cover:  0% - 70%
2025-08-24 21:32:23,708 - INFO - composites.py:237 -             nodata cover: 0% - 33%
2025-08-24 21:32:23,708 - INFO - composites.py:239 -                           
2025-08-24 21:32:23,708 - INFO - composites.py:240 - Searching...
2025-08-24 21:32:24,185 - INFO - composites.py:243 - Query found 13 items
2025-08-24 21:32:24,185 - INFO - composites.py:245 - Searching for GRI REFINED scenes:
2025-08-24 21:32:29,540 - INFO - sentinel2.py:78 - 1/13 - S2A_MSIL2A_20200131T091231_R050_T34SFG_20201002T161004 -> Not Found
2025-08-24 21:32:33,947 - INFO - sentinel2.py:78 - 2/13 - S2B_MSIL2A_20200129T092129_R093_T34SFG_20201002T144807 -> Not Found
2025-08-24 21:32:39,378 - INFO - sentinel2.py:78 - 3/13 - S2A_MSIL2A_20200124T092251_R093_T34SFH_20201002T083603 -> Not Found
2025-08-24 21:32:44,838 - INFO - sentinel2.py:78 - 4/13 - S2A_MSIL2A_20200124T092251_R093_T34SFG_20201002T083602 -> Not Found
2025-08-24 21:32:50,262 - INFO - sentinel2.py:78 - 5/13 - S2A_MSIL2A_20200121T091301_R050_T34SFG_20201002T031655 -> Not Found
2025-08-24 21:32:55,149 - INFO - sentinel2.py:78 - 6/13 - S2B_MSIL2A_20200116T091229_R050_T34SFG_20201002T193226 -> Not Found
2025-08-24 21:33:00,636 - INFO - sentinel2.py:78 - 7/13 - S2A_MSIL2A_20200114T092331_R093_T34SFH_20201002T182428 -> Not Found
2025-08-24 21:33:05,818 - INFO - sentinel2.py:78 - 8/13 - S2A_MSIL2A_20200114T092331_R093_T34SFG_20201002T182427 -> Not Found
2025-08-24 21:33:11,748 - INFO - sentinel2.py:78 - 9/13 - S2A_MSIL2A_20200111T091341_R050_T34SFG_20201002T165603 -> Not Found
2025-08-24 21:33:18,180 - INFO - sentinel2.py:78 - 10/13 - S2B_MSIL2A_20200109T092249_R093_T34SFH_20201029T174529 -> Not Found
2025-08-24 21:33:22,983 - INFO - sentinel2.py:78 - 11/13 - S2B_MSIL2A_20200109T092249_R093_T34SFG_20201029T174525 -> Not Found
2025-08-24 21:33:27,274 - INFO - sentinel2.py:78 - 12/13 - S2A_MSIL2A_20200104T092401_R093_T34SFH_20201002T224249 -> Not Found
2025-08-24 21:33:32,545 - INFO - sentinel2.py:78 - 13/13 - S2A_MSIL2A_20200104T092401_R093_T34SFG_20201002T224247 -> Not Found
2025-08-24 21:33:32,580 - INFO - composites.py:248 -                                  
2025-08-24 21:33:32,580 - INFO - composites.py:249 - 0/13 were refined by GRI.
2025-08-24 21:33:32,580 - WARNING - composites.py:253 - Tile x10_y09 | Time: 2020-01: All scenes are flagged NOT REFINED.
2025-08-24 21:33:32,580 - WARNING - composites.py:254 - Tile x10_y09 | Time: 2020-01: The composite will be flagged with _NOREFINED.
2025-08-24 21:33:32,581 - INFO - composites.py:261 - Looking for up to 10 cleanest images within spatiotemporal range of each MGRS tile
2025-08-24 21:33:32,581 - INFO - composites.py:275 - Filtered cleanest scenes: Kept 13 out of 13 items. 
2025-08-24 21:33:32,581 - INFO - composites.py:276 -         Included MGRS Tiles: ['34SFG' '34SFH']
2025-08-24 21:33:32,582 - INFO - composites.py:277 -         Included EPSG codes: [32634]
2025-08-24 21:33:32,582 - INFO - composites.py:279 - Selected scenes:
2025-08-24 21:33:32,582 - INFO - composites.py:281 -         S2A_MSIL2A_20200111T091341_R050_T34SFG_20201002T165603
2025-08-24 21:33:32,588 - INFO - composites.py:281 -         S2A_MSIL2A_20200104T092401_R093_T34SFG_20201002T224247
2025-08-24 21:33:32,596 - INFO - composites.py:281 -         S2A_MSIL2A_20200124T092251_R093_T34SFG_20201002T083602
2025-08-24 21:33:32,597 - INFO - composites.py:281 -         S2B_MSIL2A_20200109T092249_R093_T34SFG_20201029T174525
2025-08-24 21:33:32,605 - INFO - composites.py:281 -         S2B_MSIL2A_20200116T091229_R050_T34SFG_20201002T193226
2025-08-24 21:33:32,606 - INFO - composites.py:281 -         S2A_MSIL2A_20200131T091231_R050_T34SFG_20201002T161004
2025-08-24 21:33:32,606 - INFO - composites.py:281 -         S2A_MSIL2A_20200121T091301_R050_T34SFG_20201002T031655
2025-08-24 21:33:32,619 - INFO - composites.py:281 -         S2A_MSIL2A_20200114T092331_R093_T34SFG_20201002T182427
2025-08-24 21:33:32,619 - INFO - composites.py:281 -         S2B_MSIL2A_20200129T092129_R093_T34SFG_20201002T144807
2025-08-24 21:33:32,619 - INFO - composites.py:281 -         S2A_MSIL2A_20200104T092401_R093_T34SFH_20201002T224249
2025-08-24 21:33:32,619 - INFO - composites.py:281 -         S2A_MSIL2A_20200124T092251_R093_T34SFH_20201002T083603
2025-08-24 21:33:32,620 - INFO - composites.py:281 -         S2B_MSIL2A_20200109T092249_R093_T34SFH_20201029T174529
2025-08-24 21:33:32,620 - INFO - composites.py:281 -         S2A_MSIL2A_20200114T092331_R093_T34SFH_20201002T182428
2025-08-24 21:33:32,970 - INFO - sentinel2.py:154 - Matplotlib backend: Agg
2025-08-24 21:33:33,164 - INFO - sentinel2.py:224 - Write input scenes footprint overlay: //nas-rs.topo.auth.gr/Latomeia/DROUGHT/COMPOS/2020/01/x10_y09/S2L2A_medcomp_x10_y09_202001_InDataFootprint.jpeg
2025-08-24 21:33:33,392 - INFO - composites.py:295 -                                  
2025-08-24 21:33:33,392 - INFO - composites.py:296 - Downstream STAC items from Planetary Computer
2025-08-24 21:33:33,392 - INFO - timeseries_processing.py:115 -                                  
2025-08-24 21:33:33,392 - INFO - timeseries_processing.py:116 - Loading bands of diferent resolutions in EPSG:32634
2025-08-24 21:33:33,392 - INFO - timeseries_processing.py:120 -     Filtering items with native UTM EPSG:32634
2025-08-24 21:33:33,392 - INFO - timeseries_processing.py:122 -     13 Items in EPSG:32634
2025-08-24 21:33:33,392 - INFO - timeseries_processing.py:129 -                        
2025-08-24 21:33:33,392 - INFO - timeseries_processing.py:130 -     Loading parameters:
2025-08-24 21:33:33,392 - INFO - timeseries_processing.py:131 -         Bands: ['B05', 'B07', 'B8A', 'SCL']
2025-08-24 21:33:33,392 - INFO - timeseries_processing.py:132 -         Spatial resolution: 20
2025-08-24 21:33:33,392 - INFO - timeseries_processing.py:134 -         Get Assets from STAC Items
2025-08-24 21:33:33,392 - INFO - timeseries_processing.py:47 -         Initialize the STAC client
2025-08-24 21:33:34,014 - INFO - timeseries_processing.py:137 -         Loading 13 STAC Items....
2025-08-24 21:34:22,807 - INFO - timeseries_processing.py:146 -         Cube has been downloaded
2025-08-24 21:34:22,807 - INFO - timeseries_processing.py:156 -         Fix order of dimensions
2025-08-24 21:34:22,809 - INFO - timeseries_processing.py:161 -         Append bands to the band-list of EPSG:32634
2025-08-24 21:34:22,809 - INFO - timeseries_processing.py:129 -                        
2025-08-24 21:34:22,809 - INFO - timeseries_processing.py:130 -     Loading parameters:
2025-08-24 21:34:22,812 - INFO - timeseries_processing.py:131 -         Bands: ['B02', 'B03', 'B04']
2025-08-24 21:34:22,813 - INFO - timeseries_processing.py:132 -         Spatial resolution: 10
2025-08-24 21:34:22,813 - INFO - timeseries_processing.py:134 -         Get Assets from STAC Items
2025-08-24 21:34:22,813 - INFO - timeseries_processing.py:47 -         Initialize the STAC client
2025-08-24 21:34:23,310 - INFO - timeseries_processing.py:137 -         Loading 13 STAC Items....
2025-08-24 21:36:16,831 - INFO - timeseries_processing.py:146 -         Cube has been downloaded
2025-08-24 21:36:16,831 - INFO - timeseries_processing.py:149 -         Reproject to downsample 10m bands to 20m by Resampling.average 2x2 binning and shape matching with odc.geo.GeoBox
2025-08-24 21:36:30,530 - INFO - timeseries_processing.py:161 -         Append bands to the band-list of EPSG:32634
2025-08-24 21:36:30,530 - INFO - timeseries_processing.py:165 -                        
2025-08-24 21:36:30,530 - INFO - timeseries_processing.py:166 -     Merging bands in a single dataset
2025-08-24 21:36:30,530 - INFO - timeseries_processing.py:167 -     Ensure all partial datasets are at (x=20, y=-20) resolution
2025-08-24 21:36:30,530 - INFO - timeseries_processing.py:171 -     Clip to the intersection of indexes
2025-08-24 21:36:31,555 - INFO - timeseries_processing.py:180 -     Make a list of bands to merge
2025-08-24 21:36:31,555 - INFO - timeseries_processing.py:184 -     Merge on intersection
2025-08-24 21:36:31,556 - INFO - timeseries_processing.py:192 -     Apply masks on clouds, shadows, thin cirrus, and snow/ice
2025-08-24 21:36:31,556 - INFO - sentinel2.py:122 -                Masking bits: [3, 7, 8, 9, 10, 11]
2025-08-24 21:36:32,654 - INFO - composites.py:305 - Reproject from UTM Zone to Tile geometry -> CRS(EPSG:32634), Resampling.bilinear
2025-08-24 21:36:38,646 - INFO - composites.py:308 -     New shape of datasets: Shape2d(x=2400, y=2400)
2025-08-24 21:36:39,491 - INFO - composites.py:340 - Creating preview plot of input scenes
2025-08-24 21:37:09,667 - INFO - timeseries_processing.py:349 - Saved preview for 'B04' to //nas-rs.topo.auth.gr/Latomeia/DROUGHT/COMPOS/2020/01/x10_y09/S2L2A_medcomp_x10_y09_202001_InDataPreview.jpeg
2025-08-24 21:37:09,685 - INFO - composites.py:346 - Clip value range
2025-08-24 21:37:11,463 - INFO - composites.py:351 -                           
2025-08-24 21:37:11,463 - INFO - composites.py:352 - Computing spectral indices:
2025-08-24 21:37:11,463 - INFO - composites.py:355 -     EVI...
2025-08-24 21:37:12,582 - INFO - composites.py:357 -     NDVI...
2025-08-24 21:37:12,987 - INFO - composites.py:359 -     PSRI2...
2025-08-24 21:37:13,263 - INFO - composites.py:362 - Clip to typical value range
2025-08-24 21:37:13,568 - INFO - composites.py:369 - Reducing to median value temporal composite
2025-08-24 21:37:38,438 - INFO - composites.py:388 - Scale and Define data types & nodata per band
2025-08-24 21:37:38,546 - INFO - composites.py:409 - Assign time range and tile ID in metadata
2025-08-24 21:37:38,546 - INFO - composites.py:417 - Write bands to raster COG files
2025-08-24 21:37:42,363 - INFO - composites.py:430 - Write B02 -> //nas-rs.topo.auth.gr/Latomeia/DROUGHT/COMPOS/2020/01/x10_y09/S2L2A_medcomp_x10_y09_202001_B02.tif
2025-08-24 21:37:46,103 - INFO - composites.py:430 - Write B03 -> //nas-rs.topo.auth.gr/Latomeia/DROUGHT/COMPOS/2020/01/x10_y09/S2L2A_medcomp_x10_y09_202001_B03.tif
2025-08-24 21:37:50,609 - INFO - composites.py:430 - Write B04 -> //nas-rs.topo.auth.gr/Latomeia/DROUGHT/COMPOS/2020/01/x10_y09/S2L2A_medcomp_x10_y09_202001_B04.tif
2025-08-24 21:37:54,414 - INFO - composites.py:430 - Write B05 -> //nas-rs.topo.auth.gr/Latomeia/DROUGHT/COMPOS/2020/01/x10_y09/S2L2A_medcomp_x10_y09_202001_B05.tif
2025-08-24 21:37:58,294 - INFO - composites.py:430 - Write B07 -> //nas-rs.topo.auth.gr/Latomeia/DROUGHT/COMPOS/2020/01/x10_y09/S2L2A_medcomp_x10_y09_202001_B07.tif
2025-08-24 21:38:02,091 - INFO - composites.py:430 - Write B8A -> //nas-rs.topo.auth.gr/Latomeia/DROUGHT/COMPOS/2020/01/x10_y09/S2L2A_medcomp_x10_y09_202001_B8A.tif
2025-08-24 21:38:05,822 - INFO - composites.py:430 - Write EVI -> //nas-rs.topo.auth.gr/Latomeia/DROUGHT/COMPOS/2020/01/x10_y09/S2L2A_medcomp_x10_y09_202001_EVI.tif
2025-08-24 21:38:09,589 - INFO - composites.py:430 - Write NDVI -> //nas-rs.topo.auth.gr/Latomeia/DROUGHT/COMPOS/2020/01/x10_y09/S2L2A_medcomp_x10_y09_202001_NDVI.tif
2025-08-24 21:38:13,298 - INFO - composites.py:430 - Write PSRI2 -> //nas-rs.topo.auth.gr/Latomeia/DROUGHT/COMPOS/2020/01/x10_y09/S2L2A_medcomp_x10_y09_202001_PSRI2.tif
2025-08-24 21:38:13,315 - INFO - composites.py:434 - Prepare metadata YAML document
2025-08-24 21:38:14,000 - INFO - composites.py:455 - Write metadata YAML document to disk
2025-08-24 21:38:14,030 - INFO - composites.py:460 - Create datacube.model.Dataset from eo3 metadata
2025-08-24 21:38:14,040 - INFO - composites.py:471 - Index to datacube
2025-08-24 21:38:14,040 - INFO - _datasets.py:191 - Indexing 22622742-2781-488f-8471-3ea5ba54bbdf
2025-08-24 21:38:14,050 - INFO - composites.py:474 - 
2025-08-24 21:38:14,050 - INFO - composites.py:475 -              ✔✔✔ COMPLETED: Tile x10_y09 | Time: 2020-01 | In 5.94 minutes
2025-08-24 21:38:14,050 - INFO - composites.py:476 - 
2025-08-24 21:38:14,050 - INFO - composites.py:484 - Closing Dask client
2025-08-24 21:38:14,066 - INFO - composites.py:488 - Closing Dask cluster
2025-08-24 21:38:14,067 - INFO - composites.py:489 - #######################################################################
