2025-08-20 01:25:21,028 - INFO - composites.py:100 - #######################################################################
2025-08-20 01:25:21,028 - INFO - composites.py:102 - Processing started
2025-08-20 01:25:21,028 - INFO - composites.py:103 -         Tile: x12_y11
2025-08-20 01:25:21,028 - INFO - composites.py:104 -         Time: 2021-08
2025-08-20 01:25:21,028 - INFO - composites.py:107 -                           
2025-08-20 01:25:21,028 - INFO - composites.py:108 - Establishing connection to datacube
2025-08-20 01:25:21,738 - INFO - composites.py:111 -                           
2025-08-20 01:25:21,741 - INFO - composites.py:112 - Sanity test: Check if dataset already exists in the datacube
2025-08-20 01:25:21,759 - INFO - composites.py:131 - The composite requested was not found and it will be computed
2025-08-20 01:25:21,760 - INFO - composites.py:134 -                                  
2025-08-20 01:25:21,760 - INFO - composites.py:135 - Initializing Dask cluster for parallelization
2025-08-20 01:25:27,493 - INFO - composites.py:159 - Dask dashboard is available at: http://127.0.0.1:8787/status
2025-08-20 01:25:27,494 - INFO - composites.py:162 - Create directories and naming conversions
2025-08-20 01:25:27,499 - INFO - composites.py:173 - Dataset location: //nas-rs.topo.auth.gr/Latomeia/DROUGHT/COMPOS/2021/08/x12_y11
2025-08-20 01:25:27,499 - INFO - composites.py:176 -                           
2025-08-20 01:25:27,499 - INFO - composites.py:177 - Retrieve tile geometry
2025-08-20 01:25:27,542 - INFO - composites.py:188 - Create the Bounding Box (φ,λ)
2025-08-20 01:25:27,542 - INFO - composites.py:194 - Create the Bounding Box (x,y)
2025-08-20 01:25:27,542 - INFO - composites.py:207 -                           
2025-08-20 01:25:27,542 - INFO - composites.py:208 - Connect to Planetary Computer STAC Catalog
2025-08-20 01:25:27,749 - INFO - composites.py:216 - Search the STAC Catalog
2025-08-20 01:25:27,817 - INFO - composites.py:228 -         Query parameters:
2025-08-20 01:25:27,817 - INFO - composites.py:229 -             url:          https://planetarycomputer.microsoft.com/api/stac/v1/search
2025-08-20 01:25:27,817 - INFO - composites.py:230 -             client:       microsoft-pc
2025-08-20 01:25:27,817 - INFO - composites.py:231 -             collection:   sentinel-2-l2a
2025-08-20 01:25:27,817 - INFO - composites.py:232 -             bbox:         (23.628548648210305, 37.993645379626564, 24.306565062510593, 38.55017402535158)
2025-08-20 01:25:27,818 - INFO - composites.py:233 -             time range:   2021-08-01T00:00:00Z/2021-08-31T23:59:59Z
2025-08-20 01:25:27,818 - INFO - composites.py:234 -             cloud cover:  0% - 70%
2025-08-20 01:25:27,818 - INFO - composites.py:235 -             nodata cover: 0% - 33%
2025-08-20 01:25:27,818 - INFO - composites.py:237 -                           
2025-08-20 01:25:27,818 - INFO - composites.py:238 - Searching...
2025-08-20 01:25:28,216 - INFO - composites.py:241 - Query found 12 items
2025-08-20 01:25:28,216 - INFO - composites.py:243 - Searching for GRI REFINED scenes:
2025-08-20 01:25:34,250 - INFO - sentinel2.py:78 - 1/12 - S2B_MSIL2A_20210828T090549_R050_T35SKC_20210828T185227 -> REFINED
2025-08-20 01:25:39,751 - INFO - sentinel2.py:78 - 2/12 - S2B_MSIL2A_20210828T090549_R050_T34SGH_20210828T193354 -> REFINED
2025-08-20 01:25:46,184 - INFO - sentinel2.py:78 - 3/12 - S2A_MSIL2A_20210823T090601_R050_T35SKC_20210823T172109 -> REFINED
2025-08-20 01:25:52,279 - INFO - sentinel2.py:78 - 4/12 - S2A_MSIL2A_20210823T090601_R050_T34SGH_20210823T171808 -> REFINED
2025-08-20 01:25:57,740 - INFO - sentinel2.py:78 - 5/12 - S2B_MSIL2A_20210818T090559_R050_T35SKC_20210818T220027 -> REFINED
2025-08-20 01:26:03,699 - INFO - sentinel2.py:78 - 6/12 - S2B_MSIL2A_20210818T090559_R050_T34SGH_20210818T225648 -> REFINED
2025-08-20 01:26:10,055 - INFO - sentinel2.py:78 - 7/12 - S2A_MSIL2A_20210813T090601_R050_T35SKC_20210813T220540 -> REFINED
2025-08-20 01:26:16,311 - INFO - sentinel2.py:78 - 8/12 - S2A_MSIL2A_20210813T090601_R050_T34SGH_20210814T004239 -> REFINED
2025-08-20 01:26:21,623 - INFO - sentinel2.py:78 - 9/12 - S2B_MSIL2A_20210808T090559_R050_T35SKC_20210808T230459 -> REFINED
2025-08-20 01:26:27,837 - INFO - sentinel2.py:78 - 10/12 - S2B_MSIL2A_20210808T090559_R050_T34SGH_20210808T220852 -> REFINED
2025-08-20 01:26:34,110 - INFO - sentinel2.py:78 - 11/12 - S2A_MSIL2A_20210803T090601_R050_T35SKC_20210803T221953 -> REFINED
2025-08-20 01:26:39,367 - INFO - sentinel2.py:78 - 12/12 - S2A_MSIL2A_20210803T090601_R050_T34SGH_20210803T213150 -> REFINED
2025-08-20 01:26:39,434 - INFO - composites.py:246 -                                  
2025-08-20 01:26:39,436 - INFO - composites.py:247 - 12/12 were refined by GRI.
2025-08-20 01:26:39,436 - INFO - composites.py:259 - Looking for up to 10 cleanest images within spatiotemporal range of each MGRS tile
2025-08-20 01:26:39,437 - INFO - composites.py:273 - Filtered cleanest scenes: Kept 12 out of 12 items. 
2025-08-20 01:26:39,437 - INFO - composites.py:274 -         Included MGRS Tiles: ['34SGH' '35SKC']
2025-08-20 01:26:39,437 - INFO - composites.py:275 -         Included EPSG codes: [32634 32635]
2025-08-20 01:26:39,438 - INFO - composites.py:277 - Selected scenes:
2025-08-20 01:26:39,438 - INFO - composites.py:279 -         S2A_MSIL2A_20210803T090601_R050_T34SGH_20210803T213150
2025-08-20 01:26:39,438 - INFO - composites.py:279 -         S2B_MSIL2A_20210808T090559_R050_T34SGH_20210808T220852
2025-08-20 01:26:39,438 - INFO - composites.py:279 -         S2A_MSIL2A_20210813T090601_R050_T34SGH_20210814T004239
2025-08-20 01:26:39,438 - INFO - composites.py:279 -         S2B_MSIL2A_20210818T090559_R050_T34SGH_20210818T225648
2025-08-20 01:26:39,439 - INFO - composites.py:279 -         S2B_MSIL2A_20210828T090549_R050_T34SGH_20210828T193354
2025-08-20 01:26:39,439 - INFO - composites.py:279 -         S2A_MSIL2A_20210823T090601_R050_T34SGH_20210823T171808
2025-08-20 01:26:39,452 - INFO - composites.py:279 -         S2B_MSIL2A_20210808T090559_R050_T35SKC_20210808T230459
2025-08-20 01:26:39,452 - INFO - composites.py:279 -         S2A_MSIL2A_20210803T090601_R050_T35SKC_20210803T221953
2025-08-20 01:26:39,452 - INFO - composites.py:279 -         S2B_MSIL2A_20210818T090559_R050_T35SKC_20210818T220027
2025-08-20 01:26:39,452 - INFO - composites.py:279 -         S2A_MSIL2A_20210813T090601_R050_T35SKC_20210813T220540
2025-08-20 01:26:39,452 - INFO - composites.py:279 -         S2B_MSIL2A_20210828T090549_R050_T35SKC_20210828T185227
2025-08-20 01:26:39,452 - INFO - composites.py:279 -         S2A_MSIL2A_20210823T090601_R050_T35SKC_20210823T172109
2025-08-20 01:26:39,987 - INFO - sentinel2.py:154 - Matplotlib backend: Agg
2025-08-20 01:26:40,231 - INFO - sentinel2.py:224 - Write input scenes footprint overlay: //nas-rs.topo.auth.gr/Latomeia/DROUGHT/COMPOS/2021/08/x12_y11/S2L2A_medcomp_x12_y11_202108_InDataFootprint.jpeg
2025-08-20 01:26:40,570 - INFO - composites.py:293 -                                  
2025-08-20 01:26:40,570 - INFO - composites.py:294 - Downstream STAC items from Planetary Computer
2025-08-20 01:26:40,570 - INFO - timeseries_processing.py:114 -                                  
2025-08-20 01:26:40,570 - INFO - timeseries_processing.py:115 - Loading bands of diferent resolutions in EPSG:32634
2025-08-20 01:26:40,570 - INFO - timeseries_processing.py:119 -     Filtering items with native UTM EPSG:32634
2025-08-20 01:26:40,570 - INFO - timeseries_processing.py:121 -     6 Items in EPSG:32634
2025-08-20 01:26:40,570 - INFO - timeseries_processing.py:128 -                        
2025-08-20 01:26:40,570 - INFO - timeseries_processing.py:129 -     Loading parameters:
2025-08-20 01:26:40,570 - INFO - timeseries_processing.py:130 -         Bands: ['B05', 'B07', 'B8A', 'SCL']
2025-08-20 01:26:40,570 - INFO - timeseries_processing.py:131 -         Spatial resolution: 20
2025-08-20 01:26:40,570 - INFO - timeseries_processing.py:133 -         Get Assets from STAC Items
2025-08-20 01:26:40,570 - INFO - timeseries_processing.py:46 -         Initialize the STAC client
2025-08-20 01:26:41,106 - INFO - timeseries_processing.py:136 -         Loading 6 STAC Items....
2025-08-20 01:27:27,827 - INFO - timeseries_processing.py:158 -         Cube has been downloaded
2025-08-20 01:27:27,827 - INFO - timeseries_processing.py:167 -         Fix order of dimensions
2025-08-20 01:27:27,829 - INFO - timeseries_processing.py:172 -         Append bands to the band-list of EPSG:32634
2025-08-20 01:27:27,829 - INFO - timeseries_processing.py:128 -                        
2025-08-20 01:27:27,842 - INFO - timeseries_processing.py:129 -     Loading parameters:
2025-08-20 01:27:27,842 - INFO - timeseries_processing.py:130 -         Bands: ['B02', 'B03', 'B04']
2025-08-20 01:27:27,842 - INFO - timeseries_processing.py:131 -         Spatial resolution: 10
2025-08-20 01:27:27,842 - INFO - timeseries_processing.py:133 -         Get Assets from STAC Items
2025-08-20 01:27:27,842 - INFO - timeseries_processing.py:46 -         Initialize the STAC client
2025-08-20 01:27:28,303 - INFO - timeseries_processing.py:136 -         Loading 6 STAC Items....
2025-08-20 01:29:21,508 - INFO - timeseries_processing.py:158 -         Cube has been downloaded
2025-08-20 01:29:21,508 - INFO - timeseries_processing.py:161 -         Downsample 10m bands to 20m by average 2x2 binning
2025-08-20 01:29:30,060 - INFO - timeseries_processing.py:164 -         Align binned bands to native 20m bands (shape matching): method=bilinear
2025-08-20 01:29:37,964 - INFO - timeseries_processing.py:172 -         Append bands to the band-list of EPSG:32634
2025-08-20 01:29:37,965 - INFO - timeseries_processing.py:176 -                        
2025-08-20 01:29:37,965 - INFO - timeseries_processing.py:177 -     Merging bands in a single dataset
2025-08-20 01:29:37,965 - INFO - timeseries_processing.py:178 -     Ensure all partial datasets are at (x=20, y=-20) resolution
2025-08-20 01:29:37,965 - INFO - timeseries_processing.py:182 -     Clip to the intersection of indexes
2025-08-20 01:29:39,272 - INFO - timeseries_processing.py:191 -     Make a list of bands to merge
2025-08-20 01:29:39,273 - INFO - timeseries_processing.py:195 -     Merge on intersection
2025-08-20 01:29:39,274 - INFO - timeseries_processing.py:203 -     Apply masks on clouds, shadows, thin cirrus, and snow/ice
2025-08-20 01:29:39,275 - INFO - sentinel2.py:122 -                Masking bits: [3, 7, 8, 9, 10, 11]
2025-08-20 01:29:40,134 - INFO - timeseries_processing.py:209 -     Reproject to Tiling Schema projection EPSG:3035
2025-08-20 01:29:48,971 - INFO - timeseries_processing.py:114 -                                  
2025-08-20 01:29:48,971 - INFO - timeseries_processing.py:115 - Loading bands of diferent resolutions in EPSG:32635
2025-08-20 01:29:48,971 - INFO - timeseries_processing.py:119 -     Filtering items with native UTM EPSG:32635
2025-08-20 01:29:48,971 - INFO - timeseries_processing.py:121 -     6 Items in EPSG:32635
2025-08-20 01:29:48,971 - INFO - timeseries_processing.py:128 -                        
2025-08-20 01:29:48,971 - INFO - timeseries_processing.py:129 -     Loading parameters:
2025-08-20 01:29:48,971 - INFO - timeseries_processing.py:130 -         Bands: ['B05', 'B07', 'B8A', 'SCL']
2025-08-20 01:29:48,971 - INFO - timeseries_processing.py:131 -         Spatial resolution: 20
2025-08-20 01:29:48,971 - INFO - timeseries_processing.py:133 -         Get Assets from STAC Items
2025-08-20 01:29:48,971 - INFO - timeseries_processing.py:46 -         Initialize the STAC client
2025-08-20 01:29:49,621 - INFO - timeseries_processing.py:136 -         Loading 6 STAC Items....
2025-08-20 01:30:34,665 - INFO - timeseries_processing.py:158 -         Cube has been downloaded
2025-08-20 01:30:34,665 - INFO - timeseries_processing.py:167 -         Fix order of dimensions
2025-08-20 01:30:34,666 - INFO - timeseries_processing.py:172 -         Append bands to the band-list of EPSG:32635
2025-08-20 01:30:34,666 - INFO - timeseries_processing.py:128 -                        
2025-08-20 01:30:34,666 - INFO - timeseries_processing.py:129 -     Loading parameters:
2025-08-20 01:30:34,666 - INFO - timeseries_processing.py:130 -         Bands: ['B02', 'B03', 'B04']
2025-08-20 01:30:34,666 - INFO - timeseries_processing.py:131 -         Spatial resolution: 10
2025-08-20 01:30:34,666 - INFO - timeseries_processing.py:133 -         Get Assets from STAC Items
2025-08-20 01:30:34,666 - INFO - timeseries_processing.py:46 -         Initialize the STAC client
2025-08-20 01:30:36,476 - INFO - timeseries_processing.py:136 -         Loading 6 STAC Items....
2025-08-20 01:32:29,622 - INFO - timeseries_processing.py:158 -         Cube has been downloaded
2025-08-20 01:32:29,622 - INFO - timeseries_processing.py:161 -         Downsample 10m bands to 20m by average 2x2 binning
2025-08-20 01:32:38,301 - INFO - timeseries_processing.py:164 -         Align binned bands to native 20m bands (shape matching): method=bilinear
2025-08-20 01:32:41,179 - INFO - timeseries_processing.py:172 -         Append bands to the band-list of EPSG:32635
2025-08-20 01:32:41,179 - INFO - timeseries_processing.py:176 -                        
2025-08-20 01:32:41,179 - INFO - timeseries_processing.py:177 -     Merging bands in a single dataset
2025-08-20 01:32:41,179 - INFO - timeseries_processing.py:178 -     Ensure all partial datasets are at (x=20, y=-20) resolution
2025-08-20 01:32:41,180 - INFO - timeseries_processing.py:182 -     Clip to the intersection of indexes
2025-08-20 01:32:41,182 - INFO - timeseries_processing.py:191 -     Make a list of bands to merge
2025-08-20 01:32:41,182 - INFO - timeseries_processing.py:195 -     Merge on intersection
2025-08-20 01:32:41,185 - INFO - timeseries_processing.py:203 -     Apply masks on clouds, shadows, thin cirrus, and snow/ice
2025-08-20 01:32:41,185 - INFO - sentinel2.py:122 -                Masking bits: [3, 7, 8, 9, 10, 11]
2025-08-20 01:32:42,095 - INFO - timeseries_processing.py:209 -     Reproject to Tiling Schema projection EPSG:3035
2025-08-20 01:32:50,946 - INFO - composites.py:303 - Clip and align to tile geometry
2025-08-20 01:32:55,589 - INFO - composites.py:309 -                           
2025-08-20 01:32:55,598 - INFO - composites.py:310 - Mosaic datasets of different native UTM zones to a single dataset
2025-08-20 01:33:00,769 - INFO - composites.py:336 - Creating preview plot of input scenes
2025-08-20 01:33:30,618 - INFO - timeseries_processing.py:367 - Saved preview for 'B04' to //nas-rs.topo.auth.gr/Latomeia/DROUGHT/COMPOS/2021/08/x12_y11/S2L2A_medcomp_x12_y11_202108_InDataPreview.jpeg
2025-08-20 01:33:30,632 - INFO - composites.py:342 - Clip value range
2025-08-20 01:33:31,966 - INFO - composites.py:347 -                           
2025-08-20 01:33:31,966 - INFO - composites.py:348 - Computing spectral indices:
2025-08-20 01:33:31,966 - INFO - composites.py:351 -     EVI...
2025-08-20 01:33:32,778 - INFO - composites.py:353 -     NDVI...
2025-08-20 01:33:32,949 - INFO - composites.py:355 -     PSRI2...
2025-08-20 01:33:33,186 - INFO - composites.py:358 - Clip to typical value range
2025-08-20 01:33:33,472 - INFO - composites.py:365 - Reducing to median value temporal composite
2025-08-20 01:34:05,303 - INFO - composites.py:384 - Define data types and nodata per band
2025-08-20 01:34:05,479 - INFO - composites.py:405 - Assign time range and tile ID in metadata
2025-08-20 01:34:05,479 - INFO - composites.py:413 - Write bands to raster COG files
2025-08-20 01:34:10,198 - INFO - composites.py:426 - Write B02 -> //nas-rs.topo.auth.gr/Latomeia/DROUGHT/COMPOS/2021/08/x12_y11/S2L2A_medcomp_x12_y11_202108_B02.tif
2025-08-20 01:34:14,884 - INFO - composites.py:426 - Write B03 -> //nas-rs.topo.auth.gr/Latomeia/DROUGHT/COMPOS/2021/08/x12_y11/S2L2A_medcomp_x12_y11_202108_B03.tif
2025-08-20 01:34:19,624 - INFO - composites.py:426 - Write B04 -> //nas-rs.topo.auth.gr/Latomeia/DROUGHT/COMPOS/2021/08/x12_y11/S2L2A_medcomp_x12_y11_202108_B04.tif
2025-08-20 01:34:24,496 - INFO - composites.py:426 - Write B05 -> //nas-rs.topo.auth.gr/Latomeia/DROUGHT/COMPOS/2021/08/x12_y11/S2L2A_medcomp_x12_y11_202108_B05.tif
2025-08-20 01:34:29,349 - INFO - composites.py:426 - Write B07 -> //nas-rs.topo.auth.gr/Latomeia/DROUGHT/COMPOS/2021/08/x12_y11/S2L2A_medcomp_x12_y11_202108_B07.tif
2025-08-20 01:34:33,853 - INFO - composites.py:426 - Write B8A -> //nas-rs.topo.auth.gr/Latomeia/DROUGHT/COMPOS/2021/08/x12_y11/S2L2A_medcomp_x12_y11_202108_B8A.tif
2025-08-20 01:34:38,526 - INFO - composites.py:426 - Write EVI -> //nas-rs.topo.auth.gr/Latomeia/DROUGHT/COMPOS/2021/08/x12_y11/S2L2A_medcomp_x12_y11_202108_evi.tif
2025-08-20 01:34:43,101 - INFO - composites.py:426 - Write NDVI -> //nas-rs.topo.auth.gr/Latomeia/DROUGHT/COMPOS/2021/08/x12_y11/S2L2A_medcomp_x12_y11_202108_ndvi.tif
2025-08-20 01:34:47,841 - INFO - composites.py:426 - Write PSRI2 -> //nas-rs.topo.auth.gr/Latomeia/DROUGHT/COMPOS/2021/08/x12_y11/S2L2A_medcomp_x12_y11_202108_psri2.tif
2025-08-20 01:34:47,842 - INFO - composites.py:430 - Prepare metadata YAML document
2025-08-20 01:34:48,618 - INFO - composites.py:451 - Write metadata YAML document to disk
2025-08-20 01:34:48,683 - INFO - composites.py:456 - Create datacube.model.Dataset from eo3 metadata
2025-08-20 01:34:48,694 - INFO - composites.py:467 - Index to datacube
2025-08-20 01:34:48,694 - INFO - _datasets.py:191 - Indexing cc1b2328-c20c-49a4-a081-6dfc579d93c1
2025-08-20 01:34:48,704 - INFO - composites.py:470 - 
2025-08-20 01:34:48,704 - INFO - composites.py:471 -              ✔✔✔ COMPLETED: Tile x12_y11 | Time: 2021-08 | In 9.46 minutes
2025-08-20 01:34:48,704 - INFO - composites.py:472 - 
2025-08-20 01:34:48,704 - INFO - composites.py:480 - Closing Dask client
2025-08-20 01:34:48,705 - INFO - composites.py:484 - Closing Dask cluster
2025-08-20 01:34:48,706 - INFO - composites.py:485 - #######################################################################
