2025-08-27 09:43:26,305 - INFO - composites.py:102 - #######################################################################
2025-08-27 09:43:26,305 - INFO - composites.py:104 - Processing started
2025-08-27 09:43:26,305 - INFO - composites.py:105 -         Tile: x06_y10
2025-08-27 09:43:26,306 - INFO - composites.py:106 -         Time: 2021-04
2025-08-27 09:43:26,306 - INFO - composites.py:109 -                           
2025-08-27 09:43:26,306 - INFO - composites.py:110 - Establishing connection to datacube
2025-08-27 09:43:26,847 - INFO - composites.py:113 -                           
2025-08-27 09:43:26,847 - INFO - composites.py:114 - Sanity test: Check if dataset already exists in the datacube
2025-08-27 09:43:26,866 - INFO - composites.py:133 - The composite requested was not found and it will be computed
2025-08-27 09:43:26,867 - INFO - composites.py:136 -                                  
2025-08-27 09:43:26,867 - INFO - composites.py:137 - Initializing Dask cluster for parallelization
2025-08-27 09:43:31,997 - INFO - composites.py:161 - Dask dashboard is available at: http://127.0.0.1:8787/status
2025-08-27 09:43:31,997 - INFO - composites.py:164 - Create directories and naming conversions
2025-08-27 09:43:32,007 - INFO - composites.py:177 - Dataset location: //nas-rs.topo.auth.gr/Latomeia/DROUGHT/composites/x06/y10/2021/04/01
2025-08-27 09:43:32,008 - INFO - composites.py:180 -                           
2025-08-27 09:43:32,008 - INFO - composites.py:181 - Retrieve tile geometry
2025-08-27 09:43:32,037 - INFO - composites.py:192 - Create the Bounding Box (φ,λ)
2025-08-27 09:43:32,037 - INFO - composites.py:198 - Create the Bounding Box (x,y)
2025-08-27 09:43:32,037 - INFO - composites.py:211 -                           
2025-08-27 09:43:32,038 - INFO - composites.py:212 - Connect to Planetary Computer STAC Catalog
2025-08-27 09:43:32,260 - INFO - composites.py:220 - Search the STAC Catalog
2025-08-27 09:43:32,330 - INFO - composites.py:232 -         Query parameters:
2025-08-27 09:43:32,331 - INFO - composites.py:233 -             url:          https://planetarycomputer.microsoft.com/api/stac/v1/search
2025-08-27 09:43:32,331 - INFO - composites.py:234 -             client:       microsoft-pc
2025-08-27 09:43:32,331 - INFO - composites.py:235 -             collection:   sentinel-2-l2a
2025-08-27 09:43:32,331 - INFO - composites.py:236 -             bbox:         (20.319245809102355, 37.99152284404117, 20.978573606105773, 38.532714784526966)
2025-08-27 09:43:32,331 - INFO - composites.py:237 -             time range:   2021-04-01T00:00:00Z/2021-04-30T23:59:59Z
2025-08-27 09:43:32,331 - INFO - composites.py:238 -             cloud cover:  0% - 70%
2025-08-27 09:43:32,331 - INFO - composites.py:239 -             nodata cover: 0% - 33%
2025-08-27 09:43:32,331 - INFO - composites.py:241 -                           
2025-08-27 09:43:32,331 - INFO - composites.py:242 - Searching...
2025-08-27 09:43:32,767 - INFO - composites.py:245 - Query found 8 items
2025-08-27 09:43:32,767 - INFO - composites.py:247 - Searching for GRI REFINED scenes:
2025-08-27 09:43:37,193 - INFO - sentinel2.py:78 - 1/8 - S2B_MSIL2A_20210426T093029_R136_T34SDH_20210525T020501 -> REFINED
2025-08-27 09:43:42,427 - INFO - sentinel2.py:78 - 2/8 - S2A_MSIL2A_20210421T093031_R136_T34SDH_20210523T160348 -> REFINED
2025-08-27 09:43:48,025 - INFO - sentinel2.py:78 - 3/8 - S2A_MSIL2A_20210418T092021_R093_T34SDH_20210523T144432 -> REFINED
2025-08-27 09:43:54,116 - INFO - sentinel2.py:78 - 4/8 - S2A_MSIL2A_20210411T093031_R136_T34SDH_20210523T115410 -> REFINED
2025-08-27 09:43:59,831 - INFO - sentinel2.py:78 - 5/8 - S2A_MSIL2A_20210408T092021_R093_T34SDH_20210523T100632 -> REFINED
2025-08-27 09:44:05,532 - INFO - sentinel2.py:78 - 6/8 - S2B_MSIL2A_20210406T093029_R136_T34SDH_20210524T174452 -> REFINED
2025-08-27 09:44:11,020 - INFO - sentinel2.py:78 - 7/8 - S2B_MSIL2A_20210403T092029_R093_T34SDH_20210524T162112 -> REFINED
2025-08-27 09:44:16,092 - INFO - sentinel2.py:78 - 8/8 - S2A_MSIL2A_20210401T093031_R136_T34SDH_20210523T060659 -> REFINED
2025-08-27 09:44:16,142 - INFO - composites.py:250 -                                  
2025-08-27 09:44:16,142 - INFO - composites.py:251 - 8/8 were refined by GRI.
2025-08-27 09:44:16,142 - INFO - composites.py:263 - Looking for up to 10 cleanest images within spatiotemporal range of each MGRS tile
2025-08-27 09:44:16,143 - INFO - composites.py:277 - Filtered cleanest scenes: Kept 8 out of 8 items. 
2025-08-27 09:44:16,143 - INFO - composites.py:278 -         Included MGRS Tiles: ['34SDH']
2025-08-27 09:44:16,143 - INFO - composites.py:279 -         Included EPSG codes: [32634]
2025-08-27 09:44:16,144 - INFO - composites.py:281 - Selected scenes:
2025-08-27 09:44:16,144 - INFO - composites.py:283 -         S2A_MSIL2A_20210411T093031_R136_T34SDH_20210523T115410
2025-08-27 09:44:16,144 - INFO - composites.py:283 -         S2A_MSIL2A_20210401T093031_R136_T34SDH_20210523T060659
2025-08-27 09:44:16,144 - INFO - composites.py:283 -         S2B_MSIL2A_20210426T093029_R136_T34SDH_20210525T020501
2025-08-27 09:44:16,150 - INFO - composites.py:283 -         S2B_MSIL2A_20210403T092029_R093_T34SDH_20210524T162112
2025-08-27 09:44:16,150 - INFO - composites.py:283 -         S2A_MSIL2A_20210408T092021_R093_T34SDH_20210523T100632
2025-08-27 09:44:16,151 - INFO - composites.py:283 -         S2A_MSIL2A_20210421T093031_R136_T34SDH_20210523T160348
2025-08-27 09:44:16,151 - INFO - composites.py:283 -         S2B_MSIL2A_20210406T093029_R136_T34SDH_20210524T174452
2025-08-27 09:44:16,151 - INFO - composites.py:283 -         S2A_MSIL2A_20210418T092021_R093_T34SDH_20210523T144432
2025-08-27 09:44:16,543 - INFO - sentinel2.py:154 - Matplotlib backend: Agg
2025-08-27 09:44:16,718 - INFO - sentinel2.py:224 - Write input scenes footprint overlay: //nas-rs.topo.auth.gr/Latomeia/DROUGHT/composites/x06/y10/2021/04/01/S2L2A_medcomp_x06y10_202104_InDataFootprint.jpeg
2025-08-27 09:44:16,996 - INFO - composites.py:297 -                                  
2025-08-27 09:44:16,996 - INFO - composites.py:298 - Downstream STAC items from Planetary Computer
2025-08-27 09:44:16,996 - INFO - timeseries_processing.py:115 -                                  
2025-08-27 09:44:16,996 - INFO - timeseries_processing.py:116 - Loading bands of diferent resolutions in EPSG:32634
2025-08-27 09:44:16,996 - INFO - timeseries_processing.py:120 -     Filtering items with native UTM EPSG:32634
2025-08-27 09:44:16,996 - INFO - timeseries_processing.py:122 -     8 Items in EPSG:32634
2025-08-27 09:44:16,996 - INFO - timeseries_processing.py:129 -                        
2025-08-27 09:44:16,996 - INFO - timeseries_processing.py:130 -     Loading parameters:
2025-08-27 09:44:16,996 - INFO - timeseries_processing.py:131 -         Bands: ['B05', 'B07', 'B8A', 'SCL']
2025-08-27 09:44:16,996 - INFO - timeseries_processing.py:132 -         Spatial resolution: 20
2025-08-27 09:44:16,996 - INFO - timeseries_processing.py:134 -         Get Assets from STAC Items
2025-08-27 09:44:16,996 - INFO - timeseries_processing.py:47 -         Initialize the STAC client
2025-08-27 09:44:17,515 - INFO - timeseries_processing.py:137 -         Loading 8 STAC Items....
2025-08-27 09:44:43,732 - INFO - timeseries_processing.py:146 -         Cube has been downloaded
2025-08-27 09:44:43,732 - INFO - timeseries_processing.py:156 -         Fix order of dimensions
2025-08-27 09:44:43,734 - INFO - timeseries_processing.py:161 -         Append bands to the band-list of EPSG:32634
2025-08-27 09:44:43,734 - INFO - timeseries_processing.py:129 -                        
2025-08-27 09:44:43,735 - INFO - timeseries_processing.py:130 -     Loading parameters:
2025-08-27 09:44:43,735 - INFO - timeseries_processing.py:131 -         Bands: ['B02', 'B03', 'B04']
2025-08-27 09:44:43,735 - INFO - timeseries_processing.py:132 -         Spatial resolution: 10
2025-08-27 09:44:43,735 - INFO - timeseries_processing.py:134 -         Get Assets from STAC Items
2025-08-27 09:44:43,735 - INFO - timeseries_processing.py:47 -         Initialize the STAC client
2025-08-27 09:44:44,295 - INFO - timeseries_processing.py:137 -         Loading 8 STAC Items....
2025-08-27 09:46:08,154 - INFO - timeseries_processing.py:146 -         Cube has been downloaded
2025-08-27 09:46:08,155 - INFO - timeseries_processing.py:149 -         Reproject to downsample 10m bands to 20m by Resampling.average 2x2 binning and shape matching with odc.geo.GeoBox
2025-08-27 09:46:19,884 - INFO - timeseries_processing.py:161 -         Append bands to the band-list of EPSG:32634
2025-08-27 09:46:19,885 - INFO - timeseries_processing.py:165 -                        
2025-08-27 09:46:19,885 - INFO - timeseries_processing.py:166 -     Merging bands in a single dataset
2025-08-27 09:46:19,885 - INFO - timeseries_processing.py:167 -     Ensure all partial datasets are at (x=20, y=-20) resolution
2025-08-27 09:46:19,885 - INFO - timeseries_processing.py:171 -     Clip to the intersection of indexes
2025-08-27 09:46:21,193 - INFO - timeseries_processing.py:180 -     Make a list of bands to merge
2025-08-27 09:46:21,193 - INFO - timeseries_processing.py:184 -     Merge on intersection
2025-08-27 09:46:21,195 - INFO - timeseries_processing.py:192 -     Apply masks on clouds, shadows, thin cirrus, and snow/ice
2025-08-27 09:46:21,195 - INFO - sentinel2.py:122 -                Masking bits: [3, 7, 8, 9, 10, 11]
2025-08-27 09:46:22,161 - INFO - composites.py:307 - Reproject from UTM Zone to Tile geometry -> CRS(EPSG:32634), Resampling.bilinear
2025-08-27 09:46:27,822 - INFO - composites.py:310 -     New shape of datasets: Shape2d(x=2400, y=2400)
2025-08-27 09:46:28,396 - INFO - composites.py:342 - Creating preview plot of input scenes
2025-08-27 09:46:58,911 - INFO - timeseries_processing.py:349 - Saved preview for 'B04' to //nas-rs.topo.auth.gr/Latomeia/DROUGHT/composites/x06/y10/2021/04/01/S2L2A_medcomp_x06y10_202104_InDataPreview.jpeg
2025-08-27 09:46:58,928 - INFO - composites.py:348 - Clip value range
2025-08-27 09:47:00,594 - INFO - composites.py:353 -                           
2025-08-27 09:47:00,595 - INFO - composites.py:354 - Computing spectral indices:
2025-08-27 09:47:00,595 - INFO - composites.py:357 -     EVI...
2025-08-27 09:47:01,673 - INFO - composites.py:359 -     NDVI...
2025-08-27 09:47:01,989 - INFO - composites.py:361 -     PSRI2...
2025-08-27 09:47:02,208 - INFO - composites.py:364 - Clip to typical value range
2025-08-27 09:47:02,508 - INFO - composites.py:371 - Reducing to median value temporal composite
2025-08-27 09:47:28,893 - INFO - composites.py:390 - Scale and Define data types & nodata per band
2025-08-27 09:47:29,043 - INFO - composites.py:411 - Assign time range and tile ID in metadata
2025-08-27 09:47:29,044 - INFO - composites.py:419 - Write bands to raster COG files
2025-08-27 09:47:33,050 - INFO - composites.py:432 - Write B02 -> //nas-rs.topo.auth.gr/Latomeia/DROUGHT/composites/x06/y10/2021/04/01/S2L2A_medcomp_x06y10_202104_B02.tif
2025-08-27 09:47:37,003 - INFO - composites.py:432 - Write B03 -> //nas-rs.topo.auth.gr/Latomeia/DROUGHT/composites/x06/y10/2021/04/01/S2L2A_medcomp_x06y10_202104_B03.tif
2025-08-27 09:47:40,981 - INFO - composites.py:432 - Write B04 -> //nas-rs.topo.auth.gr/Latomeia/DROUGHT/composites/x06/y10/2021/04/01/S2L2A_medcomp_x06y10_202104_B04.tif
2025-08-27 09:47:44,949 - INFO - composites.py:432 - Write B05 -> //nas-rs.topo.auth.gr/Latomeia/DROUGHT/composites/x06/y10/2021/04/01/S2L2A_medcomp_x06y10_202104_B05.tif
2025-08-27 09:47:49,188 - INFO - composites.py:432 - Write B07 -> //nas-rs.topo.auth.gr/Latomeia/DROUGHT/composites/x06/y10/2021/04/01/S2L2A_medcomp_x06y10_202104_B07.tif
2025-08-27 09:47:53,500 - INFO - composites.py:432 - Write B8A -> //nas-rs.topo.auth.gr/Latomeia/DROUGHT/composites/x06/y10/2021/04/01/S2L2A_medcomp_x06y10_202104_B8A.tif
2025-08-27 09:47:57,370 - INFO - composites.py:432 - Write EVI -> //nas-rs.topo.auth.gr/Latomeia/DROUGHT/composites/x06/y10/2021/04/01/S2L2A_medcomp_x06y10_202104_EVI.tif
2025-08-27 09:48:01,383 - INFO - composites.py:432 - Write NDVI -> //nas-rs.topo.auth.gr/Latomeia/DROUGHT/composites/x06/y10/2021/04/01/S2L2A_medcomp_x06y10_202104_NDVI.tif
2025-08-27 09:48:05,328 - INFO - composites.py:432 - Write PSRI2 -> //nas-rs.topo.auth.gr/Latomeia/DROUGHT/composites/x06/y10/2021/04/01/S2L2A_medcomp_x06y10_202104_PSRI2.tif
2025-08-27 09:48:05,328 - INFO - composites.py:436 - Prepare metadata YAML document
2025-08-27 09:48:05,842 - INFO - composites.py:458 - Write metadata YAML document to disk
2025-08-27 09:48:05,871 - INFO - composites.py:463 - Create datacube.model.Dataset from eo3 metadata
2025-08-27 09:48:05,882 - INFO - composites.py:474 - Index to datacube
2025-08-27 09:48:05,882 - INFO - _datasets.py:191 - Indexing 0f61e431-f3c1-46b9-ba3f-19f49dfb5d5a
2025-08-27 09:48:05,890 - INFO - composites.py:477 - 
2025-08-27 09:48:05,890 - INFO - composites.py:478 -              ✔✔✔ COMPLETED: Tile x06_y10 | Time: 2021-04 | In 4.66 minutes
2025-08-27 09:48:05,890 - INFO - composites.py:479 - 
2025-08-27 09:48:05,890 - INFO - composites.py:487 - Closing Dask client
2025-08-27 09:48:05,898 - INFO - composites.py:491 - Closing Dask cluster
2025-08-27 09:48:05,898 - INFO - composites.py:492 - #######################################################################
