2025-08-19 04:17:21,078 - INFO - composites.py:104 - #######################################################################
2025-08-19 04:17:21,079 - INFO - composites.py:106 - Processing started
2025-08-19 04:17:21,079 - INFO - composites.py:107 -         Tile: x09_y09
2025-08-19 04:17:21,079 - INFO - composites.py:108 -         Time: 2021-02
2025-08-19 04:17:21,079 - INFO - composites.py:111 -                           
2025-08-19 04:17:21,079 - INFO - composites.py:112 - Establishing connection to datacube
2025-08-19 04:17:21,766 - INFO - composites.py:115 -                           
2025-08-19 04:17:21,768 - INFO - composites.py:116 - Sanity test: Check if dataset already exists in the datacube
2025-08-19 04:17:21,786 - INFO - composites.py:135 - The composite requested was not found and it will be computed
2025-08-19 04:17:21,786 - INFO - composites.py:138 -                                  
2025-08-19 04:17:21,786 - INFO - composites.py:139 - Initializing Dask cluster for parallelization
2025-08-19 04:17:27,881 - INFO - composites.py:163 - Dask dashboard is available at: http://127.0.0.1:8787/status
2025-08-19 04:17:27,881 - INFO - composites.py:166 - Create directories and naming conversions
2025-08-19 04:17:27,887 - INFO - composites.py:177 - Dataset location: //nas-rs.topo.auth.gr/Latomeia/DROUGHT/COMPOS/2021/02/x09_y09
2025-08-19 04:17:27,887 - INFO - composites.py:180 -                           
2025-08-19 04:17:27,887 - INFO - composites.py:181 - Retrieve tile geometry
2025-08-19 04:17:27,934 - INFO - composites.py:192 - Create the Bounding Box (φ,λ)
2025-08-19 04:17:27,934 - INFO - composites.py:198 - Create the Bounding Box (x,y)
2025-08-19 04:17:27,934 - INFO - composites.py:211 -                           
2025-08-19 04:17:27,934 - INFO - composites.py:212 - Connect to Planetary Computer STAC Catalog
2025-08-19 04:17:28,207 - INFO - composites.py:220 - Search the STAC Catalog
2025-08-19 04:17:28,275 - INFO - composites.py:232 -         Query parameters:
2025-08-19 04:17:28,275 - INFO - composites.py:233 -             url:          https://planetarycomputer.microsoft.com/api/stac/v1/search
2025-08-19 04:17:28,275 - INFO - composites.py:234 -             client:       microsoft-pc
2025-08-19 04:17:28,275 - INFO - composites.py:235 -             collection:   sentinel-2-l2a
2025-08-19 04:17:28,275 - INFO - composites.py:236 -             bbox:         (21.85976443804976, 37.36318389002327, 22.521697581523807, 37.91188961947624)
2025-08-19 04:17:28,275 - INFO - composites.py:237 -             time range:   2021-02-01T00:00:00Z/2021-02-28T23:59:59Z
2025-08-19 04:17:28,275 - INFO - composites.py:238 -             cloud cover:  0% - 70%
2025-08-19 04:17:28,275 - INFO - composites.py:239 -             nodata cover: 0% - 33%
2025-08-19 04:17:28,275 - INFO - composites.py:241 -                           
2025-08-19 04:17:28,275 - INFO - composites.py:242 - Searching...
2025-08-19 04:17:28,756 - INFO - composites.py:245 - Query found 25 items
2025-08-19 04:17:28,756 - INFO - composites.py:247 - Searching for GRI REFINED scenes:
2025-08-19 04:17:37,902 - INFO - sentinel2.py:78 - 1/25 - S2A_MSIL2A_20210227T092031_R093_T34SFH_20210227T212133 -> Not Found
2025-08-19 04:17:46,770 - INFO - sentinel2.py:78 - 2/25 - S2A_MSIL2A_20210227T092031_R093_T34SFG_20210227T211410 -> Not Found
2025-08-19 04:17:55,567 - INFO - sentinel2.py:78 - 3/25 - S2A_MSIL2A_20210227T092031_R093_T34SEH_20210227T195821 -> Not Found
2025-08-19 04:18:03,867 - INFO - sentinel2.py:78 - 4/25 - S2A_MSIL2A_20210227T092031_R093_T34SEG_20210227T194420 -> Not Found
2025-08-19 04:18:12,882 - INFO - sentinel2.py:78 - 5/25 - S2A_MSIL2A_20210224T090951_R050_T34SFG_20210224T193141 -> Not Found
2025-08-19 04:18:22,018 - INFO - sentinel2.py:78 - 6/25 - S2B_MSIL2A_20210222T092029_R093_T34SFH_20210222T201704 -> Not Found
2025-08-19 04:18:30,730 - INFO - sentinel2.py:78 - 7/25 - S2B_MSIL2A_20210222T092029_R093_T34SFG_20210222T195137 -> Not Found
2025-08-19 04:18:39,323 - INFO - sentinel2.py:78 - 8/25 - S2B_MSIL2A_20210222T092029_R093_T34SEH_20210222T211250 -> Not Found
2025-08-19 04:18:47,323 - INFO - sentinel2.py:78 - 9/25 - S2B_MSIL2A_20210222T092029_R093_T34SEG_20210222T215258 -> Not Found
2025-08-19 04:18:55,946 - INFO - sentinel2.py:78 - 10/25 - S2B_MSIL2A_20210219T091019_R050_T34SFG_20210220T073434 -> Not Found
2025-08-19 04:19:03,708 - INFO - sentinel2.py:78 - 11/25 - S2A_MSIL2A_20210217T092041_R093_T34SFH_20210219T060016 -> Not Found
2025-08-19 04:19:12,733 - INFO - sentinel2.py:78 - 12/25 - S2A_MSIL2A_20210217T092041_R093_T34SFG_20210219T061816 -> Not Found
2025-08-19 04:19:21,820 - INFO - sentinel2.py:78 - 13/25 - S2A_MSIL2A_20210217T092041_R093_T34SEH_20210219T062013 -> Not Found
2025-08-19 04:19:30,349 - INFO - sentinel2.py:78 - 14/25 - S2A_MSIL2A_20210217T092041_R093_T34SEG_20210219T064803 -> Not Found
2025-08-19 04:19:39,219 - INFO - sentinel2.py:78 - 15/25 - S2B_MSIL2A_20210212T092029_R093_T34SFH_20210213T032725 -> Not Found
2025-08-19 04:19:48,399 - INFO - sentinel2.py:78 - 16/25 - S2B_MSIL2A_20210212T092029_R093_T34SFG_20210213T032506 -> Not Found
2025-08-19 04:19:55,934 - INFO - sentinel2.py:78 - 17/25 - S2B_MSIL2A_20210212T092029_R093_T34SEH_20210213T032300 -> Not Found
2025-08-19 04:20:04,747 - INFO - sentinel2.py:78 - 18/25 - S2B_MSIL2A_20210212T092029_R093_T34SEG_20210213T023754 -> Not Found
2025-08-19 04:20:13,265 - INFO - sentinel2.py:78 - 19/25 - S2B_MSIL2A_20210209T091029_R050_T34SFG_20210524T092221 -> Not Found
2025-08-19 04:20:20,715 - INFO - sentinel2.py:78 - 20/25 - S2A_MSIL2A_20210207T092141_R093_T34SFG_20210207T185734 -> Not Found
2025-08-19 04:20:28,548 - INFO - sentinel2.py:78 - 21/25 - S2A_MSIL2A_20210207T092141_R093_T34SEH_20210207T191103 -> Not Found
2025-08-19 04:20:37,452 - INFO - sentinel2.py:78 - 22/25 - S2A_MSIL2A_20210207T092141_R093_T34SEG_20210211T132400 -> Not Found
2025-08-19 04:20:49,628 - INFO - sentinel2.py:78 - 23/25 - S2A_MSIL2A_20210204T091151_R050_T34SFG_20210209T230640 -> Not Found
2025-08-19 04:20:57,359 - INFO - sentinel2.py:78 - 24/25 - S2B_MSIL2A_20210202T092119_R093_T34SFH_20210202T234336 -> Not Found
2025-08-19 04:21:05,053 - INFO - sentinel2.py:78 - 25/25 - S2B_MSIL2A_20210202T092119_R093_T34SFG_20210202T234305 -> Not Found
2025-08-19 04:21:05,127 - INFO - composites.py:250 -                                  
2025-08-19 04:21:05,127 - INFO - composites.py:251 - 0/25 were refined by GRI.
2025-08-19 04:21:05,127 - WARNING - composites.py:255 - Tile x09_y09 | Time: 2021-02: All scenes are flagged NOT REFINED.
2025-08-19 04:21:05,127 - WARNING - composites.py:256 - Tile x09_y09 | Time: 2021-02: The composite will be flagged with _NOREFINED.
2025-08-19 04:21:05,127 - INFO - composites.py:263 - Looking for up to 10 cleanest images within spatiotemporal range of each MGRS tile
2025-08-19 04:21:05,128 - INFO - composites.py:277 - Filtered cleanest scenes: Kept 25 out of 25 items. 
2025-08-19 04:21:05,128 - INFO - composites.py:278 -         Included MGRS Tiles: ['34SEG' '34SEH' '34SFG' '34SFH']
2025-08-19 04:21:05,128 - INFO - composites.py:279 -         Included EPSG codes: [32634]
2025-08-19 04:21:05,129 - INFO - composites.py:281 - Selected scenes:
2025-08-19 04:21:05,129 - INFO - composites.py:283 -         S2A_MSIL2A_20210227T092031_R093_T34SEG_20210227T194420
2025-08-19 04:21:05,129 - INFO - composites.py:283 -         S2A_MSIL2A_20210217T092041_R093_T34SEG_20210219T064803
2025-08-19 04:21:05,129 - INFO - composites.py:283 -         S2B_MSIL2A_20210222T092029_R093_T34SEG_20210222T215258
2025-08-19 04:21:05,130 - INFO - composites.py:283 -         S2B_MSIL2A_20210212T092029_R093_T34SEG_20210213T023754
2025-08-19 04:21:05,130 - INFO - composites.py:283 -         S2A_MSIL2A_20210207T092141_R093_T34SEG_20210211T132400
2025-08-19 04:21:05,130 - INFO - composites.py:283 -         S2A_MSIL2A_20210227T092031_R093_T34SEH_20210227T195821
2025-08-19 04:21:05,130 - INFO - composites.py:283 -         S2A_MSIL2A_20210217T092041_R093_T34SEH_20210219T062013
2025-08-19 04:21:05,130 - INFO - composites.py:283 -         S2B_MSIL2A_20210222T092029_R093_T34SEH_20210222T211250
2025-08-19 04:21:05,130 - INFO - composites.py:283 -         S2B_MSIL2A_20210212T092029_R093_T34SEH_20210213T032300
2025-08-19 04:21:05,130 - INFO - composites.py:283 -         S2A_MSIL2A_20210207T092141_R093_T34SEH_20210207T191103
2025-08-19 04:21:05,130 - INFO - composites.py:283 -         S2A_MSIL2A_20210227T092031_R093_T34SFG_20210227T211410
2025-08-19 04:21:05,131 - INFO - composites.py:283 -         S2A_MSIL2A_20210224T090951_R050_T34SFG_20210224T193141
2025-08-19 04:21:05,131 - INFO - composites.py:283 -         S2A_MSIL2A_20210204T091151_R050_T34SFG_20210209T230640
2025-08-19 04:21:05,131 - INFO - composites.py:283 -         S2B_MSIL2A_20210222T092029_R093_T34SFG_20210222T195137
2025-08-19 04:21:05,131 - INFO - composites.py:283 -         S2A_MSIL2A_20210217T092041_R093_T34SFG_20210219T061816
2025-08-19 04:21:05,131 - INFO - composites.py:283 -         S2B_MSIL2A_20210212T092029_R093_T34SFG_20210213T032506
2025-08-19 04:21:05,131 - INFO - composites.py:283 -         S2B_MSIL2A_20210209T091029_R050_T34SFG_20210524T092221
2025-08-19 04:21:05,131 - INFO - composites.py:283 -         S2B_MSIL2A_20210219T091019_R050_T34SFG_20210220T073434
2025-08-19 04:21:05,131 - INFO - composites.py:283 -         S2B_MSIL2A_20210202T092119_R093_T34SFG_20210202T234305
2025-08-19 04:21:05,131 - INFO - composites.py:283 -         S2A_MSIL2A_20210207T092141_R093_T34SFG_20210207T185734
2025-08-19 04:21:05,131 - INFO - composites.py:283 -         S2A_MSIL2A_20210227T092031_R093_T34SFH_20210227T212133
2025-08-19 04:21:05,131 - INFO - composites.py:283 -         S2B_MSIL2A_20210222T092029_R093_T34SFH_20210222T201704
2025-08-19 04:21:05,131 - INFO - composites.py:283 -         S2B_MSIL2A_20210212T092029_R093_T34SFH_20210213T032725
2025-08-19 04:21:05,131 - INFO - composites.py:283 -         S2A_MSIL2A_20210217T092041_R093_T34SFH_20210219T060016
2025-08-19 04:21:05,131 - INFO - composites.py:283 -         S2B_MSIL2A_20210202T092119_R093_T34SFH_20210202T234336
2025-08-19 04:21:05,710 - INFO - sentinel2.py:154 - Matplotlib backend: Agg
2025-08-19 04:21:06,025 - INFO - sentinel2.py:224 - Write input scenes footprint overlay: //nas-rs.topo.auth.gr/Latomeia/DROUGHT/COMPOS/2021/02/x09_y09/S2L2A_medcomp_x09_y09_202102_InDataFootprint.jpeg
2025-08-19 04:21:06,293 - INFO - composites.py:297 -                                  
2025-08-19 04:21:06,293 - INFO - composites.py:298 - Downstream STAC items from Planetary Computer
2025-08-19 04:21:06,293 - INFO - timeseries_processing.py:114 -                                  
2025-08-19 04:21:06,293 - INFO - timeseries_processing.py:115 - Loading bands of diferent resolutions in EPSG:32634
2025-08-19 04:21:06,293 - INFO - timeseries_processing.py:119 -     Filtering items with native UTM EPSG:32634
2025-08-19 04:21:06,293 - INFO - timeseries_processing.py:121 -     25 Items in EPSG:32634
2025-08-19 04:21:06,293 - INFO - timeseries_processing.py:128 -                        
2025-08-19 04:21:06,294 - INFO - timeseries_processing.py:129 -     Loading parameters:
2025-08-19 04:21:06,294 - INFO - timeseries_processing.py:130 -         Bands: ['B05', 'B07', 'B8A', 'SCL']
2025-08-19 04:21:06,294 - INFO - timeseries_processing.py:131 -         Spatial resolution: 20
2025-08-19 04:21:06,294 - INFO - timeseries_processing.py:133 -         Get Assets from STAC Items
2025-08-19 04:21:06,294 - INFO - timeseries_processing.py:46 -         Initialize the STAC client
2025-08-19 04:21:06,940 - INFO - timeseries_processing.py:136 -         Loading 25 STAC Items....
2025-08-19 04:22:41,453 - INFO - timeseries_processing.py:158 -         Cube has been downloaded
2025-08-19 04:22:41,453 - INFO - timeseries_processing.py:167 -         Fix order of dimensions
2025-08-19 04:22:41,457 - INFO - timeseries_processing.py:172 -         Append bands to the band-list of EPSG:32634
2025-08-19 04:22:41,457 - INFO - timeseries_processing.py:128 -                        
2025-08-19 04:22:41,458 - INFO - timeseries_processing.py:129 -     Loading parameters:
2025-08-19 04:22:41,458 - INFO - timeseries_processing.py:130 -         Bands: ['B02', 'B03', 'B04']
2025-08-19 04:22:41,458 - INFO - timeseries_processing.py:131 -         Spatial resolution: 10
2025-08-19 04:22:41,458 - INFO - timeseries_processing.py:133 -         Get Assets from STAC Items
2025-08-19 04:22:41,458 - INFO - timeseries_processing.py:46 -         Initialize the STAC client
2025-08-19 04:22:42,107 - INFO - timeseries_processing.py:136 -         Loading 25 STAC Items....
2025-08-19 04:25:25,654 - INFO - timeseries_processing.py:158 -         Cube has been downloaded
2025-08-19 04:25:25,654 - INFO - timeseries_processing.py:161 -         Downsample 10m bands to 20m by average 2x2 binning
2025-08-19 04:25:40,153 - INFO - timeseries_processing.py:164 -         Warp (reproject) 2x2 binned bands to match shape of native 20m bands: method=bilinear
2025-08-19 04:25:51,465 - INFO - timeseries_processing.py:172 -         Append bands to the band-list of EPSG:32634
2025-08-19 04:25:51,465 - INFO - timeseries_processing.py:176 -                        
2025-08-19 04:25:51,465 - INFO - timeseries_processing.py:177 -     Merging bands in a single dataset
2025-08-19 04:25:51,465 - INFO - timeseries_processing.py:178 -     Ensure all partial datasets are at (x=20, y=-20) resolution
2025-08-19 04:25:51,467 - INFO - timeseries_processing.py:182 -     Clip to the intersection of indexes
2025-08-19 04:25:52,861 - INFO - timeseries_processing.py:191 -     Make a list of bands to merge
2025-08-19 04:25:52,861 - INFO - timeseries_processing.py:195 -     Merge on intersection
2025-08-19 04:25:52,863 - INFO - timeseries_processing.py:203 -     Apply masks on clouds, shadows, thin cirrus, and snow/ice
2025-08-19 04:25:52,863 - INFO - sentinel2.py:122 -                Masking bits: [3, 7, 8, 9, 10, 11]
2025-08-19 04:25:54,226 - INFO - timeseries_processing.py:209 -     Reproject to Tiling Schema projection EPSG:3035
2025-08-19 04:26:08,648 - INFO - composites.py:307 - Clip and align to tile geometry
2025-08-19 04:26:13,277 - INFO - composites.py:340 - Creating preview plot of input scenes
2025-08-19 04:26:54,998 - INFO - timeseries_processing.py:367 - Saved preview for 'B04' to //nas-rs.topo.auth.gr/Latomeia/DROUGHT/COMPOS/2021/02/x09_y09/S2L2A_medcomp_x09_y09_202102_InDataPreview.jpeg
2025-08-19 04:26:55,034 - INFO - composites.py:346 - Clip value range
2025-08-19 04:26:57,241 - INFO - composites.py:351 -                           
2025-08-19 04:26:57,241 - INFO - composites.py:352 - Computing spectral indices:
2025-08-19 04:26:57,241 - INFO - composites.py:355 -     EVI...
2025-08-19 04:26:58,620 - INFO - composites.py:357 -     NDVI...
2025-08-19 04:26:59,014 - INFO - composites.py:359 -     PSRI2...
2025-08-19 04:26:59,427 - INFO - composites.py:362 - Clip to typical value range
2025-08-19 04:26:59,862 - INFO - composites.py:369 - Reducing to median value temporal composite
2025-08-19 04:27:25,154 - INFO - composites.py:388 - Define data types and nodata per band
2025-08-19 04:27:25,302 - INFO - composites.py:409 - Assign time range and tile ID in metadata
2025-08-19 04:27:25,302 - INFO - composites.py:417 - Write bands to raster COG files
2025-08-19 04:27:29,951 - INFO - composites.py:430 - Write B02 -> //nas-rs.topo.auth.gr/Latomeia/DROUGHT/COMPOS/2021/02/x09_y09/S2L2A_medcomp_x09_y09_202102_B02.tif
2025-08-19 04:27:34,720 - INFO - composites.py:430 - Write B03 -> //nas-rs.topo.auth.gr/Latomeia/DROUGHT/COMPOS/2021/02/x09_y09/S2L2A_medcomp_x09_y09_202102_B03.tif
2025-08-19 04:27:39,422 - INFO - composites.py:430 - Write B04 -> //nas-rs.topo.auth.gr/Latomeia/DROUGHT/COMPOS/2021/02/x09_y09/S2L2A_medcomp_x09_y09_202102_B04.tif
2025-08-19 04:27:44,213 - INFO - composites.py:430 - Write B05 -> //nas-rs.topo.auth.gr/Latomeia/DROUGHT/COMPOS/2021/02/x09_y09/S2L2A_medcomp_x09_y09_202102_B05.tif
2025-08-19 04:27:49,092 - INFO - composites.py:430 - Write B07 -> //nas-rs.topo.auth.gr/Latomeia/DROUGHT/COMPOS/2021/02/x09_y09/S2L2A_medcomp_x09_y09_202102_B07.tif
2025-08-19 04:27:53,799 - INFO - composites.py:430 - Write B8A -> //nas-rs.topo.auth.gr/Latomeia/DROUGHT/COMPOS/2021/02/x09_y09/S2L2A_medcomp_x09_y09_202102_B8A.tif
2025-08-19 04:27:58,526 - INFO - composites.py:430 - Write EVI -> //nas-rs.topo.auth.gr/Latomeia/DROUGHT/COMPOS/2021/02/x09_y09/S2L2A_medcomp_x09_y09_202102_evi.tif
2025-08-19 04:28:03,106 - INFO - composites.py:430 - Write NDVI -> //nas-rs.topo.auth.gr/Latomeia/DROUGHT/COMPOS/2021/02/x09_y09/S2L2A_medcomp_x09_y09_202102_ndvi.tif
2025-08-19 04:28:07,802 - INFO - composites.py:430 - Write PSRI2 -> //nas-rs.topo.auth.gr/Latomeia/DROUGHT/COMPOS/2021/02/x09_y09/S2L2A_medcomp_x09_y09_202102_psri2.tif
2025-08-19 04:28:07,803 - INFO - composites.py:434 - Prepare metadata YAML document
2025-08-19 04:28:08,594 - INFO - composites.py:455 - Write metadata YAML document to disk
2025-08-19 04:28:08,667 - INFO - composites.py:460 - Create datacube.model.Dataset from eo3 metadata
2025-08-19 04:28:08,678 - INFO - composites.py:471 - Index to datacube
2025-08-19 04:28:08,678 - INFO - _datasets.py:191 - Indexing 8b29375a-db6d-42bb-b940-499adbafdc41
2025-08-19 04:28:08,687 - INFO - composites.py:474 - 
2025-08-19 04:28:08,687 - INFO - composites.py:475 -              ✔✔✔ COMPLETED: Tile x09_y09 | Time: 2021-02 | In 10.79 minutes
2025-08-19 04:28:08,687 - INFO - composites.py:476 - 
2025-08-19 04:28:08,687 - INFO - composites.py:484 - Closing Dask client
2025-08-19 04:28:08,689 - INFO - composites.py:488 - Closing Dask cluster
2025-08-19 04:28:08,689 - INFO - composites.py:489 - #######################################################################
