2025-08-23 00:30:15,634 - INFO - composites.py:101 - #######################################################################
2025-08-23 00:30:15,634 - INFO - composites.py:103 - Processing started
2025-08-23 00:30:15,634 - INFO - composites.py:104 -         Tile: x11_y11
2025-08-23 00:30:15,634 - INFO - composites.py:105 -         Time: 2020-11
2025-08-23 00:30:15,634 - INFO - composites.py:108 -                           
2025-08-23 00:30:15,634 - INFO - composites.py:109 - Establishing connection to datacube
2025-08-23 00:30:16,124 - INFO - composites.py:112 -                           
2025-08-23 00:30:16,126 - INFO - composites.py:113 - Sanity test: Check if dataset already exists in the datacube
2025-08-23 00:30:16,144 - INFO - composites.py:132 - The composite requested was not found and it will be computed
2025-08-23 00:30:16,144 - INFO - composites.py:135 -                                  
2025-08-23 00:30:16,144 - INFO - composites.py:136 - Initializing Dask cluster for parallelization
2025-08-23 00:30:21,059 - INFO - composites.py:160 - Dask dashboard is available at: http://127.0.0.1:8787/status
2025-08-23 00:30:21,059 - INFO - composites.py:163 - Create directories and naming conversions
2025-08-23 00:30:21,067 - INFO - composites.py:174 - Dataset location: //nas-rs.topo.auth.gr/Latomeia/DROUGHT/COMPOS/2020/11/x11_y11
2025-08-23 00:30:21,067 - INFO - composites.py:177 -                           
2025-08-23 00:30:21,067 - INFO - composites.py:178 - Retrieve tile geometry
2025-08-23 00:30:21,095 - INFO - composites.py:189 - Create the Bounding Box (φ,λ)
2025-08-23 00:30:21,095 - INFO - composites.py:195 - Create the Bounding Box (x,y)
2025-08-23 00:30:21,095 - INFO - composites.py:208 -                           
2025-08-23 00:30:21,095 - INFO - composites.py:209 - Connect to Planetary Computer STAC Catalog
2025-08-23 00:30:21,303 - INFO - composites.py:217 - Search the STAC Catalog
2025-08-23 00:30:21,371 - INFO - composites.py:229 -         Query parameters:
2025-08-23 00:30:21,371 - INFO - composites.py:230 -             url:          https://planetarycomputer.microsoft.com/api/stac/v1/search
2025-08-23 00:30:21,371 - INFO - composites.py:231 -             client:       microsoft-pc
2025-08-23 00:30:21,371 - INFO - composites.py:232 -             collection:   sentinel-2-l2a
2025-08-23 00:30:21,371 - INFO - composites.py:233 -             bbox:         (23.090477503527136, 38.072584087612974, 23.76631254171489, 38.62665683856133)
2025-08-23 00:30:21,371 - INFO - composites.py:234 -             time range:   2020-11-01T00:00:00Z/2020-11-30T23:59:59Z
2025-08-23 00:30:21,371 - INFO - composites.py:235 -             cloud cover:  0% - 70%
2025-08-23 00:30:21,371 - INFO - composites.py:236 -             nodata cover: 0% - 33%
2025-08-23 00:30:21,371 - INFO - composites.py:238 -                           
2025-08-23 00:30:21,371 - INFO - composites.py:239 - Searching...
2025-08-23 00:30:21,790 - INFO - composites.py:242 - Query found 14 items
2025-08-23 00:30:21,790 - INFO - composites.py:244 - Searching for GRI REFINED scenes:
2025-08-23 00:30:28,379 - INFO - sentinel2.py:78 - 1/14 - S2A_MSIL2A_20201126T091321_R050_T35SKC_20201219T195932 -> Not Found
2025-08-23 00:30:34,588 - INFO - sentinel2.py:78 - 2/14 - S2A_MSIL2A_20201126T091321_R050_T34SGH_20201219T200101 -> Not Found
2025-08-23 00:30:41,070 - INFO - sentinel2.py:78 - 3/14 - S2B_MSIL2A_20201121T091259_R050_T35SKC_20201123T100912 -> Not Found
2025-08-23 00:30:47,281 - INFO - sentinel2.py:78 - 4/14 - S2B_MSIL2A_20201121T091259_R050_T34SGH_20201123T100853 -> Not Found
2025-08-23 00:30:53,470 - INFO - sentinel2.py:78 - 5/14 - S2A_MSIL2A_20201119T092301_R093_T34SFH_20201121T084157 -> Not Found
2025-08-23 00:30:59,464 - INFO - sentinel2.py:78 - 6/14 - S2A_MSIL2A_20201116T091241_R050_T35SKC_20201117T172106 -> Not Found
2025-08-23 00:31:05,034 - INFO - sentinel2.py:78 - 7/14 - S2A_MSIL2A_20201116T091241_R050_T34SGH_20201117T172113 -> Not Found
2025-08-23 00:31:11,871 - INFO - sentinel2.py:78 - 8/14 - S2B_MSIL2A_20201114T092239_R093_T34SFH_20201116T043942 -> Not Found
2025-08-23 00:31:18,129 - INFO - sentinel2.py:78 - 9/14 - S2B_MSIL2A_20201111T091219_R050_T35SKC_20201113T102701 -> Not Found
2025-08-23 00:31:24,307 - INFO - sentinel2.py:78 - 10/14 - S2B_MSIL2A_20201111T091219_R050_T34SGH_20201113T103004 -> Not Found
2025-08-23 00:31:30,281 - INFO - sentinel2.py:78 - 11/14 - S2A_MSIL2A_20201109T092221_R093_T34SFH_20201110T181956 -> Not Found
2025-08-23 00:31:36,569 - INFO - sentinel2.py:78 - 12/14 - S2B_MSIL2A_20201104T092149_R093_T34SFH_20201106T134655 -> Not Found
2025-08-23 00:31:42,098 - INFO - sentinel2.py:78 - 13/14 - S2B_MSIL2A_20201101T091129_R050_T35SKC_20201103T215935 -> Not Found
2025-08-23 00:31:48,796 - INFO - sentinel2.py:78 - 14/14 - S2B_MSIL2A_20201101T091129_R050_T34SGH_20201103T220031 -> Not Found
2025-08-23 00:31:48,836 - INFO - composites.py:247 -                                  
2025-08-23 00:31:48,836 - INFO - composites.py:248 - 0/14 were refined by GRI.
2025-08-23 00:31:48,836 - WARNING - composites.py:252 - Tile x11_y11 | Time: 2020-11: All scenes are flagged NOT REFINED.
2025-08-23 00:31:48,836 - WARNING - composites.py:253 - Tile x11_y11 | Time: 2020-11: The composite will be flagged with _NOREFINED.
2025-08-23 00:31:48,836 - INFO - composites.py:260 - Looking for up to 10 cleanest images within spatiotemporal range of each MGRS tile
2025-08-23 00:31:48,837 - INFO - composites.py:274 - Filtered cleanest scenes: Kept 14 out of 14 items. 
2025-08-23 00:31:48,837 - INFO - composites.py:275 -         Included MGRS Tiles: ['34SFH' '34SGH' '35SKC']
2025-08-23 00:31:48,838 - INFO - composites.py:276 -         Included EPSG codes: [32634 32635]
2025-08-23 00:31:48,838 - INFO - composites.py:278 - Selected scenes:
2025-08-23 00:31:48,838 - INFO - composites.py:280 -         S2B_MSIL2A_20201114T092239_R093_T34SFH_20201116T043942
2025-08-23 00:31:48,838 - INFO - composites.py:280 -         S2B_MSIL2A_20201104T092149_R093_T34SFH_20201106T134655
2025-08-23 00:31:48,838 - INFO - composites.py:280 -         S2A_MSIL2A_20201109T092221_R093_T34SFH_20201110T181956
2025-08-23 00:31:48,838 - INFO - composites.py:280 -         S2A_MSIL2A_20201119T092301_R093_T34SFH_20201121T084157
2025-08-23 00:31:48,838 - INFO - composites.py:280 -         S2A_MSIL2A_20201116T091241_R050_T34SGH_20201117T172113
2025-08-23 00:31:48,838 - INFO - composites.py:280 -         S2A_MSIL2A_20201126T091321_R050_T34SGH_20201219T200101
2025-08-23 00:31:48,838 - INFO - composites.py:280 -         S2B_MSIL2A_20201101T091129_R050_T34SGH_20201103T220031
2025-08-23 00:31:48,838 - INFO - composites.py:280 -         S2B_MSIL2A_20201121T091259_R050_T34SGH_20201123T100853
2025-08-23 00:31:48,838 - INFO - composites.py:280 -         S2B_MSIL2A_20201111T091219_R050_T34SGH_20201113T103004
2025-08-23 00:31:48,838 - INFO - composites.py:280 -         S2A_MSIL2A_20201116T091241_R050_T35SKC_20201117T172106
2025-08-23 00:31:48,838 - INFO - composites.py:280 -         S2A_MSIL2A_20201126T091321_R050_T35SKC_20201219T195932
2025-08-23 00:31:48,838 - INFO - composites.py:280 -         S2B_MSIL2A_20201101T091129_R050_T35SKC_20201103T215935
2025-08-23 00:31:48,838 - INFO - composites.py:280 -         S2B_MSIL2A_20201121T091259_R050_T35SKC_20201123T100912
2025-08-23 00:31:48,838 - INFO - composites.py:280 -         S2B_MSIL2A_20201111T091219_R050_T35SKC_20201113T102701
2025-08-23 00:31:49,214 - INFO - sentinel2.py:154 - Matplotlib backend: Agg
2025-08-23 00:31:49,471 - INFO - sentinel2.py:224 - Write input scenes footprint overlay: //nas-rs.topo.auth.gr/Latomeia/DROUGHT/COMPOS/2020/11/x11_y11/S2L2A_medcomp_x11_y11_202011_InDataFootprint.jpeg
2025-08-23 00:31:49,660 - INFO - composites.py:294 -                                  
2025-08-23 00:31:49,660 - INFO - composites.py:295 - Downstream STAC items from Planetary Computer
2025-08-23 00:31:49,660 - INFO - timeseries_processing.py:115 -                                  
2025-08-23 00:31:49,660 - INFO - timeseries_processing.py:116 - Loading bands of diferent resolutions in EPSG:32634
2025-08-23 00:31:49,660 - INFO - timeseries_processing.py:120 -     Filtering items with native UTM EPSG:32634
2025-08-23 00:31:49,660 - INFO - timeseries_processing.py:122 -     9 Items in EPSG:32634
2025-08-23 00:31:49,660 - INFO - timeseries_processing.py:129 -                        
2025-08-23 00:31:49,660 - INFO - timeseries_processing.py:130 -     Loading parameters:
2025-08-23 00:31:49,660 - INFO - timeseries_processing.py:131 -         Bands: ['B05', 'B07', 'B8A', 'SCL']
2025-08-23 00:31:49,660 - INFO - timeseries_processing.py:132 -         Spatial resolution: 20
2025-08-23 00:31:49,660 - INFO - timeseries_processing.py:134 -         Get Assets from STAC Items
2025-08-23 00:31:49,660 - INFO - timeseries_processing.py:47 -         Initialize the STAC client
2025-08-23 00:31:50,283 - INFO - timeseries_processing.py:137 -         Loading 9 STAC Items....
2025-08-23 00:32:43,852 - INFO - timeseries_processing.py:146 -         Cube has been downloaded
2025-08-23 00:32:43,852 - INFO - timeseries_processing.py:156 -         Fix order of dimensions
2025-08-23 00:32:43,854 - INFO - timeseries_processing.py:161 -         Append bands to the band-list of EPSG:32634
2025-08-23 00:32:43,854 - INFO - timeseries_processing.py:129 -                        
2025-08-23 00:32:43,854 - INFO - timeseries_processing.py:130 -     Loading parameters:
2025-08-23 00:32:43,854 - INFO - timeseries_processing.py:131 -         Bands: ['B02', 'B03', 'B04']
2025-08-23 00:32:43,854 - INFO - timeseries_processing.py:132 -         Spatial resolution: 10
2025-08-23 00:32:43,854 - INFO - timeseries_processing.py:134 -         Get Assets from STAC Items
2025-08-23 00:32:43,854 - INFO - timeseries_processing.py:47 -         Initialize the STAC client
2025-08-23 00:32:44,331 - INFO - timeseries_processing.py:137 -         Loading 9 STAC Items....
2025-08-23 00:34:39,354 - INFO - timeseries_processing.py:146 -         Cube has been downloaded
2025-08-23 00:34:39,355 - INFO - timeseries_processing.py:149 -         Reproject to downsample 10m bands to 20m by Resampling.average 2x2 binning and shape matching with odc.geo.GeoBox
2025-08-23 00:34:51,784 - INFO - timeseries_processing.py:161 -         Append bands to the band-list of EPSG:32634
2025-08-23 00:34:51,784 - INFO - timeseries_processing.py:165 -                        
2025-08-23 00:34:51,784 - INFO - timeseries_processing.py:166 -     Merging bands in a single dataset
2025-08-23 00:34:51,784 - INFO - timeseries_processing.py:167 -     Ensure all partial datasets are at (x=20, y=-20) resolution
2025-08-23 00:34:51,785 - INFO - timeseries_processing.py:171 -     Clip to the intersection of indexes
2025-08-23 00:34:52,765 - INFO - timeseries_processing.py:180 -     Make a list of bands to merge
2025-08-23 00:34:52,767 - INFO - timeseries_processing.py:184 -     Merge on intersection
2025-08-23 00:34:52,767 - INFO - timeseries_processing.py:192 -     Apply masks on clouds, shadows, thin cirrus, and snow/ice
2025-08-23 00:34:52,767 - INFO - sentinel2.py:122 -                Masking bits: [3, 7, 8, 9, 10, 11]
2025-08-23 00:34:53,870 - INFO - timeseries_processing.py:115 -                                  
2025-08-23 00:34:53,871 - INFO - timeseries_processing.py:116 - Loading bands of diferent resolutions in EPSG:32635
2025-08-23 00:34:53,871 - INFO - timeseries_processing.py:120 -     Filtering items with native UTM EPSG:32635
2025-08-23 00:34:53,871 - INFO - timeseries_processing.py:122 -     5 Items in EPSG:32635
2025-08-23 00:34:53,871 - INFO - timeseries_processing.py:129 -                        
2025-08-23 00:34:53,871 - INFO - timeseries_processing.py:130 -     Loading parameters:
2025-08-23 00:34:53,871 - INFO - timeseries_processing.py:131 -         Bands: ['B05', 'B07', 'B8A', 'SCL']
2025-08-23 00:34:53,871 - INFO - timeseries_processing.py:132 -         Spatial resolution: 20
2025-08-23 00:34:53,871 - INFO - timeseries_processing.py:134 -         Get Assets from STAC Items
2025-08-23 00:34:53,871 - INFO - timeseries_processing.py:47 -         Initialize the STAC client
2025-08-23 00:34:54,380 - INFO - timeseries_processing.py:137 -         Loading 5 STAC Items....
2025-08-23 00:35:13,821 - INFO - timeseries_processing.py:146 -         Cube has been downloaded
2025-08-23 00:35:13,821 - INFO - timeseries_processing.py:156 -         Fix order of dimensions
2025-08-23 00:35:13,822 - INFO - timeseries_processing.py:161 -         Append bands to the band-list of EPSG:32635
2025-08-23 00:35:13,823 - INFO - timeseries_processing.py:129 -                        
2025-08-23 00:35:13,823 - INFO - timeseries_processing.py:130 -     Loading parameters:
2025-08-23 00:35:13,823 - INFO - timeseries_processing.py:131 -         Bands: ['B02', 'B03', 'B04']
2025-08-23 00:35:13,823 - INFO - timeseries_processing.py:132 -         Spatial resolution: 10
2025-08-23 00:35:13,823 - INFO - timeseries_processing.py:134 -         Get Assets from STAC Items
2025-08-23 00:35:13,823 - INFO - timeseries_processing.py:47 -         Initialize the STAC client
2025-08-23 00:35:14,277 - INFO - timeseries_processing.py:137 -         Loading 5 STAC Items....
2025-08-23 00:35:54,813 - INFO - timeseries_processing.py:146 -         Cube has been downloaded
2025-08-23 00:35:54,813 - INFO - timeseries_processing.py:149 -         Reproject to downsample 10m bands to 20m by Resampling.average 2x2 binning and shape matching with odc.geo.GeoBox
2025-08-23 00:36:01,068 - INFO - timeseries_processing.py:161 -         Append bands to the band-list of EPSG:32635
2025-08-23 00:36:01,068 - INFO - timeseries_processing.py:165 -                        
2025-08-23 00:36:01,068 - INFO - timeseries_processing.py:166 -     Merging bands in a single dataset
2025-08-23 00:36:01,068 - INFO - timeseries_processing.py:167 -     Ensure all partial datasets are at (x=20, y=-20) resolution
2025-08-23 00:36:01,068 - INFO - timeseries_processing.py:171 -     Clip to the intersection of indexes
2025-08-23 00:36:01,070 - INFO - timeseries_processing.py:180 -     Make a list of bands to merge
2025-08-23 00:36:01,071 - INFO - timeseries_processing.py:184 -     Merge on intersection
2025-08-23 00:36:01,071 - INFO - timeseries_processing.py:192 -     Apply masks on clouds, shadows, thin cirrus, and snow/ice
2025-08-23 00:36:01,071 - INFO - sentinel2.py:122 -                Masking bits: [3, 7, 8, 9, 10, 11]
2025-08-23 00:36:01,718 - INFO - composites.py:304 - Reproject from UTM Zone to Tile geometry -> CRS(EPSG:32635), Resampling.bilinear
2025-08-23 00:36:11,131 - INFO - composites.py:307 -     New shape of datasets: Shape2d(x=2400, y=2400)
2025-08-23 00:36:11,369 - INFO - composites.py:312 -                           
2025-08-23 00:36:11,370 - INFO - composites.py:313 - Mosaic datasets to a single dataset
2025-08-23 00:36:19,044 - INFO - composites.py:339 - Creating preview plot of input scenes
2025-08-23 00:36:49,075 - INFO - timeseries_processing.py:349 - Saved preview for 'B04' to //nas-rs.topo.auth.gr/Latomeia/DROUGHT/COMPOS/2020/11/x11_y11/S2L2A_medcomp_x11_y11_202011_InDataPreview.jpeg
2025-08-23 00:36:49,082 - INFO - composites.py:345 - Clip value range
2025-08-23 00:36:50,827 - INFO - composites.py:350 -                           
2025-08-23 00:36:50,827 - INFO - composites.py:351 - Computing spectral indices:
2025-08-23 00:36:50,827 - INFO - composites.py:354 -     EVI...
2025-08-23 00:36:51,946 - INFO - composites.py:356 -     NDVI...
2025-08-23 00:36:52,270 - INFO - composites.py:358 -     PSRI2...
2025-08-23 00:36:52,620 - INFO - composites.py:361 - Clip to typical value range
2025-08-23 00:36:52,965 - INFO - composites.py:368 - Reducing to median value temporal composite
2025-08-23 00:37:18,661 - INFO - composites.py:387 - Define data types and nodata per band
2025-08-23 00:37:18,777 - INFO - composites.py:408 - Assign time range and tile ID in metadata
2025-08-23 00:37:18,777 - INFO - composites.py:416 - Write bands to raster COG files
2025-08-23 00:37:22,554 - INFO - composites.py:429 - Write B02 -> //nas-rs.topo.auth.gr/Latomeia/DROUGHT/COMPOS/2020/11/x11_y11/S2L2A_medcomp_x11_y11_202011_B02.tif
2025-08-23 00:37:26,483 - INFO - composites.py:429 - Write B03 -> //nas-rs.topo.auth.gr/Latomeia/DROUGHT/COMPOS/2020/11/x11_y11/S2L2A_medcomp_x11_y11_202011_B03.tif
2025-08-23 00:37:30,308 - INFO - composites.py:429 - Write B04 -> //nas-rs.topo.auth.gr/Latomeia/DROUGHT/COMPOS/2020/11/x11_y11/S2L2A_medcomp_x11_y11_202011_B04.tif
2025-08-23 00:37:34,160 - INFO - composites.py:429 - Write B05 -> //nas-rs.topo.auth.gr/Latomeia/DROUGHT/COMPOS/2020/11/x11_y11/S2L2A_medcomp_x11_y11_202011_B05.tif
2025-08-23 00:37:38,010 - INFO - composites.py:429 - Write B07 -> //nas-rs.topo.auth.gr/Latomeia/DROUGHT/COMPOS/2020/11/x11_y11/S2L2A_medcomp_x11_y11_202011_B07.tif
2025-08-23 00:37:41,850 - INFO - composites.py:429 - Write B8A -> //nas-rs.topo.auth.gr/Latomeia/DROUGHT/COMPOS/2020/11/x11_y11/S2L2A_medcomp_x11_y11_202011_B8A.tif
2025-08-23 00:37:45,657 - INFO - composites.py:429 - Write EVI -> //nas-rs.topo.auth.gr/Latomeia/DROUGHT/COMPOS/2020/11/x11_y11/S2L2A_medcomp_x11_y11_202011_evi.tif
2025-08-23 00:37:49,350 - INFO - composites.py:429 - Write NDVI -> //nas-rs.topo.auth.gr/Latomeia/DROUGHT/COMPOS/2020/11/x11_y11/S2L2A_medcomp_x11_y11_202011_ndvi.tif
2025-08-23 00:37:53,207 - INFO - composites.py:429 - Write PSRI2 -> //nas-rs.topo.auth.gr/Latomeia/DROUGHT/COMPOS/2020/11/x11_y11/S2L2A_medcomp_x11_y11_202011_psri2.tif
2025-08-23 00:37:53,207 - INFO - composites.py:433 - Prepare metadata YAML document
2025-08-23 00:37:53,853 - INFO - composites.py:454 - Write metadata YAML document to disk
2025-08-23 00:37:53,874 - INFO - composites.py:459 - Create datacube.model.Dataset from eo3 metadata
2025-08-23 00:37:53,886 - INFO - composites.py:470 - Index to datacube
2025-08-23 00:37:53,886 - INFO - _datasets.py:191 - Indexing 00842814-b0e8-46da-bd42-88e2dc3cf264
2025-08-23 00:37:53,895 - INFO - composites.py:473 - 
2025-08-23 00:37:53,895 - INFO - composites.py:474 -              ✔✔✔ COMPLETED: Tile x11_y11 | Time: 2020-11 | In 7.64 minutes
2025-08-23 00:37:53,895 - INFO - composites.py:475 - 
2025-08-23 00:37:53,895 - INFO - composites.py:483 - Closing Dask client
2025-08-23 00:37:53,898 - INFO - composites.py:487 - Closing Dask cluster
2025-08-23 00:37:53,898 - INFO - composites.py:488 - #######################################################################
