2025-08-17 20:39:29,845 - INFO - composites.py:104 - #######################################################################
2025-08-17 20:39:29,846 - INFO - composites.py:106 - Processing started
2025-08-17 20:39:29,846 - INFO - composites.py:107 -         Tile: x10_y11
2025-08-17 20:39:29,846 - INFO - composites.py:108 -         Time: 2020-03
2025-08-17 20:39:29,846 - INFO - composites.py:111 -                           
2025-08-17 20:39:29,846 - INFO - composites.py:112 - Establishing connection to datacube
2025-08-17 20:39:30,636 - INFO - composites.py:115 -                           
2025-08-17 20:39:30,637 - INFO - composites.py:116 - Sanity test: Check if dataset already exists in the datacube
2025-08-17 20:39:30,654 - INFO - composites.py:134 - The composite requested will be computed
2025-08-17 20:39:30,654 - INFO - composites.py:137 -                                  
2025-08-17 20:39:30,654 - INFO - composites.py:138 - Initializing Dask cluster for parallelization
2025-08-17 20:39:36,639 - INFO - composites.py:170 - Dask dashboard is available at: http://127.0.0.1:8787/status
2025-08-17 20:39:36,639 - INFO - composites.py:173 - Create directories and naming conversions
2025-08-17 20:39:36,644 - INFO - composites.py:184 - Dataset location: //nas-rs.topo.auth.gr/Latomeia/DROUGHT/COMPOS/2020/03/x10_y11
2025-08-17 20:39:36,644 - INFO - composites.py:187 -                           
2025-08-17 20:39:36,644 - INFO - composites.py:188 - Retrieve tile geometry
2025-08-17 20:39:36,681 - INFO - composites.py:199 - Create the Bounding Box (φ,λ)
2025-08-17 20:39:36,681 - INFO - composites.py:205 - Create the Bounding Box (x,y)
2025-08-17 20:39:36,681 - INFO - composites.py:218 -                           
2025-08-17 20:39:36,681 - INFO - composites.py:219 - Connect to Planetary Computer STAC Catalog
2025-08-17 20:39:36,967 - INFO - composites.py:227 - Search the STAC Catalog
2025-08-17 20:39:37,036 - INFO - composites.py:239 -         Query parameters:
2025-08-17 20:39:37,036 - INFO - composites.py:240 -             url:          https://planetarycomputer.microsoft.com/api/stac/v1/search
2025-08-17 20:39:37,036 - INFO - composites.py:241 -             client:       microsoft-pc
2025-08-17 20:39:37,036 - INFO - composites.py:242 -             collection:   sentinel-2-l2a
2025-08-17 20:39:37,036 - INFO - composites.py:243 -             bbox:         (22.551510740438168, 38.148576547644886, 23.225099953185694, 38.70016385760693)
2025-08-17 20:39:37,036 - INFO - composites.py:244 -             time range:   2020-03-01T00:00:00Z/2020-03-31T23:59:59Z
2025-08-17 20:39:37,036 - INFO - composites.py:245 -             cloud cover:  0% - 70%
2025-08-17 20:39:37,036 - INFO - composites.py:246 -             nodata cover: 0% - 33%
2025-08-17 20:39:37,036 - INFO - composites.py:248 -                           
2025-08-17 20:39:37,036 - INFO - composites.py:249 - Searching...
2025-08-17 20:39:37,431 - INFO - composites.py:252 - Query found 4 items
2025-08-17 20:39:37,431 - INFO - composites.py:254 - Searching for GRI REFINED scenes:
2025-08-17 20:39:41,992 - INFO - sentinel2.py:63 - 1/4 - S2B_MSIL2A_20200329T092029_R093_T34SFH_20201020T204226 -> Not Found
2025-08-17 20:39:47,093 - INFO - sentinel2.py:63 - 2/4 - S2A_MSIL2A_20200324T092031_R093_T34SFH_20201018T204946 -> Not Found
2025-08-17 20:39:52,615 - INFO - sentinel2.py:63 - 3/4 - S2B_MSIL2A_20200319T092029_R093_T34SFH_20201012T164422 -> Not Found
2025-08-17 20:39:57,163 - INFO - sentinel2.py:63 - 4/4 - S2A_MSIL2A_20200314T092031_R093_T34SFH_20201009T235357 -> Not Found
2025-08-17 20:39:57,212 - INFO - composites.py:257 -                                  
2025-08-17 20:39:57,212 - INFO - composites.py:258 - 0/4 were refined by GRI.
2025-08-17 20:39:57,212 - WARNING - composites.py:262 - Tile x10_y11 | Time: 2020-03: All scenes are flagged NOT REFINED.
2025-08-17 20:39:57,213 - WARNING - composites.py:263 - Tile x10_y11 | Time: 2020-03: The composite will be flagged with _NOREFINED.
2025-08-17 20:39:57,213 - INFO - composites.py:270 - Looking for up to 10 cleanest images within spatiotemporal range of each MGRS tile
2025-08-17 20:39:57,213 - INFO - composites.py:284 - Filtered cleanest scenes: Kept 4 out of 4 items. 
2025-08-17 20:39:57,214 - INFO - composites.py:285 -         Included MGRS Tiles: ['34SFH']
2025-08-17 20:39:57,214 - INFO - composites.py:286 -         Included EPSG codes: [32634]
2025-08-17 20:39:57,214 - INFO - composites.py:288 - Selected scenes:
2025-08-17 20:39:57,214 - INFO - composites.py:290 -         S2B_MSIL2A_20200319T092029_R093_T34SFH_20201012T164422
2025-08-17 20:39:57,214 - INFO - composites.py:290 -         S2A_MSIL2A_20200314T092031_R093_T34SFH_20201009T235357
2025-08-17 20:39:57,214 - INFO - composites.py:290 -         S2B_MSIL2A_20200329T092029_R093_T34SFH_20201020T204226
2025-08-17 20:39:57,215 - INFO - composites.py:290 -         S2A_MSIL2A_20200324T092031_R093_T34SFH_20201018T204946
2025-08-17 20:39:57,698 - INFO - sentinel2.py:139 - Matplotlib backend: Agg
2025-08-17 20:39:57,848 - INFO - sentinel2.py:209 - Write input scenes footprint overlay: //nas-rs.topo.auth.gr/Latomeia/DROUGHT/COMPOS/2020/03/x10_y11/S2L2A_medcomp_x10_y11_202003_InDataFootprint.jpeg
2025-08-17 20:39:58,070 - INFO - composites.py:304 -                                  
2025-08-17 20:39:58,070 - INFO - composites.py:305 - Downstream STAC items from Planetary Computer
2025-08-17 20:39:58,070 - INFO - timeseries_processing.py:99 -                                  
2025-08-17 20:39:58,071 - INFO - timeseries_processing.py:100 - Loading bands of diferent resolutions in EPSG:32634
2025-08-17 20:39:58,071 - INFO - timeseries_processing.py:104 -     Filtering items with native UTM EPSG:32634
2025-08-17 20:39:58,071 - INFO - timeseries_processing.py:106 -     4 Items in EPSG:32634
2025-08-17 20:39:58,071 - INFO - timeseries_processing.py:113 -                        
2025-08-17 20:39:58,071 - INFO - timeseries_processing.py:114 -     Loading parameters:
2025-08-17 20:39:58,071 - INFO - timeseries_processing.py:115 -         Bands: ['B05', 'B07', 'B8A', 'SCL']
2025-08-17 20:39:58,071 - INFO - timeseries_processing.py:116 -         Spatial resolution: 20
2025-08-17 20:39:58,071 - INFO - timeseries_processing.py:118 -         Get Assets from STAC Items
2025-08-17 20:39:58,071 - INFO - timeseries_processing.py:31 -         Initialize the STAC client
2025-08-17 20:39:58,559 - INFO - timeseries_processing.py:121 -         Loading 4 STAC Items....
2025-08-17 20:40:28,423 - INFO - timeseries_processing.py:143 -         Cube has been downloaded
2025-08-17 20:40:28,423 - INFO - timeseries_processing.py:152 -         Fix order of dimensions
2025-08-17 20:40:28,425 - INFO - timeseries_processing.py:157 -         Append bands to the band-list of EPSG:32634
2025-08-17 20:40:28,425 - INFO - timeseries_processing.py:113 -                        
2025-08-17 20:40:28,425 - INFO - timeseries_processing.py:114 -     Loading parameters:
2025-08-17 20:40:28,426 - INFO - timeseries_processing.py:115 -         Bands: ['B02', 'B03', 'B04']
2025-08-17 20:40:28,426 - INFO - timeseries_processing.py:116 -         Spatial resolution: 10
2025-08-17 20:40:28,426 - INFO - timeseries_processing.py:118 -         Get Assets from STAC Items
2025-08-17 20:40:28,426 - INFO - timeseries_processing.py:31 -         Initialize the STAC client
2025-08-17 20:40:28,974 - INFO - timeseries_processing.py:121 -         Loading 4 STAC Items....
2025-08-17 20:41:34,994 - INFO - timeseries_processing.py:143 -         Cube has been downloaded
2025-08-17 20:41:34,994 - INFO - timeseries_processing.py:146 -         Downsample 10m bands to 20m by average 2x2 binning
2025-08-17 20:41:40,886 - INFO - timeseries_processing.py:149 -         Warp (reproject) 2x2 binned bands like native 20m bands: method=bilinear
2025-08-17 20:41:46,548 - INFO - timeseries_processing.py:157 -         Append bands to the band-list of EPSG:32634
2025-08-17 20:41:46,548 - INFO - timeseries_processing.py:161 -                        
2025-08-17 20:41:46,548 - INFO - timeseries_processing.py:162 -     Merging bands in a single dataset
2025-08-17 20:41:46,548 - INFO - timeseries_processing.py:163 -     Ensure all partial datasets are at (x=20, y=-20) resolution
2025-08-17 20:41:46,549 - INFO - timeseries_processing.py:167 -     Clip to the intersection of indexes
2025-08-17 20:41:47,942 - INFO - timeseries_processing.py:176 -     Make a list of bands to merge
2025-08-17 20:41:47,943 - INFO - timeseries_processing.py:180 -     Merge on intersection
2025-08-17 20:41:47,945 - INFO - timeseries_processing.py:188 -     Apply masks on clouds, shadows, thin cirrus, and snow/ice
2025-08-17 20:41:47,945 - INFO - sentinel2.py:107 -                Masking bits: [3, 7, 8, 9, 10, 11]
2025-08-17 20:41:48,543 - INFO - timeseries_processing.py:194 -     Reproject to Tiling Schema projection EPSG:3035
2025-08-17 20:41:54,442 - INFO - composites.py:314 - Clip and align to tile geometry
2025-08-17 20:41:56,589 - INFO - composites.py:347 - Creating preview plot of input scenes
2025-08-17 20:42:22,418 - INFO - timeseries_processing.py:352 - Saved preview for 'B04' to //nas-rs.topo.auth.gr/Latomeia/DROUGHT/COMPOS/2020/03/x10_y11/S2L2A_medcomp_x10_y11_202003_InDataPreview.jpeg
2025-08-17 20:42:22,421 - INFO - composites.py:353 - Clip value range
2025-08-17 20:42:23,292 - INFO - composites.py:358 -                           
2025-08-17 20:42:23,292 - INFO - composites.py:359 - Computing spectral indices:
2025-08-17 20:42:23,292 - INFO - composites.py:362 -     EVI...
2025-08-17 20:42:23,875 - INFO - composites.py:364 -     NDVI...
2025-08-17 20:42:23,992 - INFO - composites.py:366 -     PSRI2...
2025-08-17 20:42:24,170 - INFO - composites.py:369 - Clip to typical value range
2025-08-17 20:42:24,357 - INFO - composites.py:376 - Reducing to median value temporal composite
2025-08-17 20:42:50,315 - INFO - composites.py:395 - Define data types and nodata per band
2025-08-17 20:42:50,469 - INFO - composites.py:416 - Assign time range and tile ID in metadata
2025-08-17 20:42:50,469 - INFO - composites.py:424 - Write bands to raster COG files
2025-08-17 20:42:55,224 - INFO - composites.py:437 - Write B02 -> //nas-rs.topo.auth.gr/Latomeia/DROUGHT/COMPOS/2020/03/x10_y11/S2L2A_medcomp_x10_y11_202003_B02.tif
2025-08-17 20:42:59,906 - INFO - composites.py:437 - Write B03 -> //nas-rs.topo.auth.gr/Latomeia/DROUGHT/COMPOS/2020/03/x10_y11/S2L2A_medcomp_x10_y11_202003_B03.tif
2025-08-17 20:43:04,592 - INFO - composites.py:437 - Write B04 -> //nas-rs.topo.auth.gr/Latomeia/DROUGHT/COMPOS/2020/03/x10_y11/S2L2A_medcomp_x10_y11_202003_B04.tif
2025-08-17 20:43:09,325 - INFO - composites.py:437 - Write B05 -> //nas-rs.topo.auth.gr/Latomeia/DROUGHT/COMPOS/2020/03/x10_y11/S2L2A_medcomp_x10_y11_202003_B05.tif
2025-08-17 20:43:14,050 - INFO - composites.py:437 - Write B07 -> //nas-rs.topo.auth.gr/Latomeia/DROUGHT/COMPOS/2020/03/x10_y11/S2L2A_medcomp_x10_y11_202003_B07.tif
2025-08-17 20:43:18,814 - INFO - composites.py:437 - Write B8A -> //nas-rs.topo.auth.gr/Latomeia/DROUGHT/COMPOS/2020/03/x10_y11/S2L2A_medcomp_x10_y11_202003_B8A.tif
2025-08-17 20:43:23,776 - INFO - composites.py:437 - Write EVI -> //nas-rs.topo.auth.gr/Latomeia/DROUGHT/COMPOS/2020/03/x10_y11/S2L2A_medcomp_x10_y11_202003_evi.tif
2025-08-17 20:43:28,407 - INFO - composites.py:437 - Write NDVI -> //nas-rs.topo.auth.gr/Latomeia/DROUGHT/COMPOS/2020/03/x10_y11/S2L2A_medcomp_x10_y11_202003_ndvi.tif
2025-08-17 20:43:33,091 - INFO - composites.py:437 - Write PSRI2 -> //nas-rs.topo.auth.gr/Latomeia/DROUGHT/COMPOS/2020/03/x10_y11/S2L2A_medcomp_x10_y11_202003_psri2.tif
2025-08-17 20:43:33,107 - INFO - composites.py:441 - Prepare metadata YAML document
2025-08-17 20:43:33,853 - INFO - composites.py:462 - Write metadata YAML document to disk
2025-08-17 20:43:33,891 - INFO - composites.py:467 - Create datacube.model.Dataset from eo3 metadata
2025-08-17 20:43:33,903 - INFO - composites.py:477 - Index to datacube
2025-08-17 20:43:33,903 - INFO - _datasets.py:191 - Indexing 2523169e-ba48-45f8-b2db-e2ca760d8be4
2025-08-17 20:43:33,912 - INFO - composites.py:480 - 
2025-08-17 20:43:33,912 - INFO - composites.py:481 -              ✔✔✔ COMPLETED: Tile x10_y11 | Time: 2020-03 | In 4.07 minutes
2025-08-17 20:43:33,912 - INFO - composites.py:482 - 
2025-08-17 20:43:33,912 - INFO - composites.py:490 - Closing Dask client
2025-08-17 20:43:33,919 - INFO - composites.py:494 - Closing Dask cluster
