2025-08-20 20:35:18,706 - INFO - composites.py:100 - #######################################################################
2025-08-20 20:35:18,706 - INFO - composites.py:102 - Processing started
2025-08-20 20:35:18,706 - INFO - composites.py:103 -         Tile: x06_y10
2025-08-20 20:35:18,706 - INFO - composites.py:104 -         Time: 2022-04
2025-08-20 20:35:18,706 - INFO - composites.py:107 -                           
2025-08-20 20:35:18,706 - INFO - composites.py:108 - Establishing connection to datacube
2025-08-20 20:35:19,396 - INFO - composites.py:111 -                           
2025-08-20 20:35:19,397 - INFO - composites.py:112 - Sanity test: Check if dataset already exists in the datacube
2025-08-20 20:35:19,418 - INFO - composites.py:131 - The composite requested was not found and it will be computed
2025-08-20 20:35:19,418 - INFO - composites.py:134 -                                  
2025-08-20 20:35:19,418 - INFO - composites.py:135 - Initializing Dask cluster for parallelization
2025-08-20 20:35:25,083 - INFO - composites.py:159 - Dask dashboard is available at: http://127.0.0.1:8787/status
2025-08-20 20:35:25,083 - INFO - composites.py:162 - Create directories and naming conversions
2025-08-20 20:35:25,095 - INFO - composites.py:173 - Dataset location: //nas-rs.topo.auth.gr/Latomeia/DROUGHT/COMPOS/2022/04/x06_y10
2025-08-20 20:35:25,095 - INFO - composites.py:176 -                           
2025-08-20 20:35:25,095 - INFO - composites.py:177 - Retrieve tile geometry
2025-08-20 20:35:25,130 - INFO - composites.py:188 - Create the Bounding Box (φ,λ)
2025-08-20 20:35:25,130 - INFO - composites.py:194 - Create the Bounding Box (x,y)
2025-08-20 20:35:25,130 - INFO - composites.py:207 -                           
2025-08-20 20:35:25,130 - INFO - composites.py:208 - Connect to Planetary Computer STAC Catalog
2025-08-20 20:35:25,341 - INFO - composites.py:216 - Search the STAC Catalog
2025-08-20 20:35:25,411 - INFO - composites.py:228 -         Query parameters:
2025-08-20 20:35:25,411 - INFO - composites.py:229 -             url:          https://planetarycomputer.microsoft.com/api/stac/v1/search
2025-08-20 20:35:25,411 - INFO - composites.py:230 -             client:       microsoft-pc
2025-08-20 20:35:25,411 - INFO - composites.py:231 -             collection:   sentinel-2-l2a
2025-08-20 20:35:25,411 - INFO - composites.py:232 -             bbox:         (20.319308912777615, 37.9915612627663, 20.978637447423655, 38.53275349002355)
2025-08-20 20:35:25,411 - INFO - composites.py:233 -             time range:   2022-04-01T00:00:00Z/2022-04-30T23:59:59Z
2025-08-20 20:35:25,411 - INFO - composites.py:234 -             cloud cover:  0% - 70%
2025-08-20 20:35:25,411 - INFO - composites.py:235 -             nodata cover: 0% - 33%
2025-08-20 20:35:25,411 - INFO - composites.py:237 -                           
2025-08-20 20:35:25,411 - INFO - composites.py:238 - Searching...
2025-08-20 20:35:25,863 - INFO - composites.py:241 - Query found 11 items
2025-08-20 20:35:25,864 - INFO - composites.py:243 - Searching for GRI REFINED scenes:
2025-08-20 20:35:31,509 - INFO - sentinel2.py:78 - 1/11 - S2B_MSIL2A_20220428T092019_R093_T34SDH_20220429T030413 -> REFINED
2025-08-20 20:35:36,197 - INFO - sentinel2.py:78 - 2/11 - S2A_MSIL2A_20220426T093041_R136_T34SDH_20240610T102200 -> REFINED
2025-08-20 20:35:41,494 - INFO - sentinel2.py:78 - 3/11 - S2A_MSIL2A_20220426T093041_R136_T34SDH_20220427T080921 -> REFINED
2025-08-20 20:35:46,903 - INFO - sentinel2.py:78 - 4/11 - S2A_MSIL2A_20220423T092031_R093_T34SDH_20220424T032704 -> REFINED
2025-08-20 20:35:51,596 - INFO - sentinel2.py:78 - 5/11 - S2A_MSIL2A_20220416T093041_R136_T34SDH_20220416T194622 -> REFINED
2025-08-20 20:35:56,616 - INFO - sentinel2.py:78 - 6/11 - S2B_MSIL2A_20220411T093029_R136_T34SDH_20240526T202844 -> REFINED
2025-08-20 20:36:01,487 - INFO - sentinel2.py:78 - 7/11 - S2B_MSIL2A_20220411T093029_R136_T34SDH_20220412T080955 -> REFINED
2025-08-20 20:36:06,426 - INFO - sentinel2.py:78 - 8/11 - S2B_MSIL2A_20220408T092029_R093_T34SDH_20220408T230615 -> REFINED
2025-08-20 20:36:11,652 - INFO - sentinel2.py:78 - 9/11 - S2A_MSIL2A_20220406T093041_R136_T34SDH_20240604T004206 -> REFINED
2025-08-20 20:36:16,409 - INFO - sentinel2.py:78 - 10/11 - S2A_MSIL2A_20220406T093041_R136_T34SDH_20220406T213029 -> REFINED
2025-08-20 20:36:21,199 - INFO - sentinel2.py:78 - 11/11 - S2B_MSIL2A_20220401T093029_R136_T34SDH_20220401T230753 -> REFINED
2025-08-20 20:36:21,275 - INFO - composites.py:246 -                                  
2025-08-20 20:36:21,281 - INFO - composites.py:247 - 11/11 were refined by GRI.
2025-08-20 20:36:21,282 - INFO - composites.py:259 - Looking for up to 10 cleanest images within spatiotemporal range of each MGRS tile
2025-08-20 20:36:21,283 - INFO - composites.py:273 - Filtered cleanest scenes: Kept 10 out of 11 items. 
2025-08-20 20:36:21,283 - INFO - composites.py:274 -         Included MGRS Tiles: ['34SDH']
2025-08-20 20:36:21,283 - INFO - composites.py:275 -         Included EPSG codes: [32634]
2025-08-20 20:36:21,284 - INFO - composites.py:277 - Selected scenes:
2025-08-20 20:36:21,284 - INFO - composites.py:279 -         S2A_MSIL2A_20220406T093041_R136_T34SDH_20220406T213029
2025-08-20 20:36:21,284 - INFO - composites.py:279 -         S2A_MSIL2A_20220406T093041_R136_T34SDH_20240604T004206
2025-08-20 20:36:21,284 - INFO - composites.py:279 -         S2A_MSIL2A_20220426T093041_R136_T34SDH_20240610T102200
2025-08-20 20:36:21,284 - INFO - composites.py:279 -         S2A_MSIL2A_20220426T093041_R136_T34SDH_20220427T080921
2025-08-20 20:36:21,284 - INFO - composites.py:279 -         S2B_MSIL2A_20220411T093029_R136_T34SDH_20240526T202844
2025-08-20 20:36:21,284 - INFO - composites.py:279 -         S2B_MSIL2A_20220411T093029_R136_T34SDH_20220412T080955
2025-08-20 20:36:21,285 - INFO - composites.py:279 -         S2B_MSIL2A_20220408T092029_R093_T34SDH_20220408T230615
2025-08-20 20:36:21,286 - INFO - composites.py:279 -         S2B_MSIL2A_20220428T092019_R093_T34SDH_20220429T030413
2025-08-20 20:36:21,286 - INFO - composites.py:279 -         S2B_MSIL2A_20220401T093029_R136_T34SDH_20220401T230753
2025-08-20 20:36:21,286 - INFO - composites.py:279 -         S2A_MSIL2A_20220416T093041_R136_T34SDH_20220416T194622
2025-08-20 20:36:21,769 - INFO - sentinel2.py:154 - Matplotlib backend: Agg
2025-08-20 20:36:21,932 - INFO - sentinel2.py:224 - Write input scenes footprint overlay: //nas-rs.topo.auth.gr/Latomeia/DROUGHT/COMPOS/2022/04/x06_y10/S2L2A_medcomp_x06_y10_202204_InDataFootprint.jpeg
2025-08-20 20:36:22,257 - INFO - composites.py:293 -                                  
2025-08-20 20:36:22,257 - INFO - composites.py:294 - Downstream STAC items from Planetary Computer
2025-08-20 20:36:22,257 - INFO - timeseries_processing.py:114 -                                  
2025-08-20 20:36:22,257 - INFO - timeseries_processing.py:115 - Loading bands of diferent resolutions in EPSG:32634
2025-08-20 20:36:22,257 - INFO - timeseries_processing.py:119 -     Filtering items with native UTM EPSG:32634
2025-08-20 20:36:22,257 - INFO - timeseries_processing.py:121 -     10 Items in EPSG:32634
2025-08-20 20:36:22,257 - INFO - timeseries_processing.py:128 -                        
2025-08-20 20:36:22,258 - INFO - timeseries_processing.py:129 -     Loading parameters:
2025-08-20 20:36:22,258 - INFO - timeseries_processing.py:130 -         Bands: ['B05', 'B07', 'B8A', 'SCL']
2025-08-20 20:36:22,258 - INFO - timeseries_processing.py:131 -         Spatial resolution: 20
2025-08-20 20:36:22,258 - INFO - timeseries_processing.py:133 -         Get Assets from STAC Items
2025-08-20 20:36:22,258 - INFO - timeseries_processing.py:46 -         Initialize the STAC client
2025-08-20 20:36:22,857 - INFO - timeseries_processing.py:136 -         Loading 10 STAC Items....
2025-08-20 20:36:51,873 - INFO - timeseries_processing.py:158 -         Cube has been downloaded
2025-08-20 20:36:51,873 - INFO - timeseries_processing.py:167 -         Fix order of dimensions
2025-08-20 20:36:51,876 - INFO - timeseries_processing.py:172 -         Append bands to the band-list of EPSG:32634
2025-08-20 20:36:51,876 - INFO - timeseries_processing.py:128 -                        
2025-08-20 20:36:51,876 - INFO - timeseries_processing.py:129 -     Loading parameters:
2025-08-20 20:36:51,876 - INFO - timeseries_processing.py:130 -         Bands: ['B02', 'B03', 'B04']
2025-08-20 20:36:51,876 - INFO - timeseries_processing.py:131 -         Spatial resolution: 10
2025-08-20 20:36:51,876 - INFO - timeseries_processing.py:133 -         Get Assets from STAC Items
2025-08-20 20:36:51,877 - INFO - timeseries_processing.py:46 -         Initialize the STAC client
2025-08-20 20:36:52,770 - INFO - timeseries_processing.py:136 -         Loading 10 STAC Items....
2025-08-20 20:38:30,270 - INFO - timeseries_processing.py:158 -         Cube has been downloaded
2025-08-20 20:38:30,270 - INFO - timeseries_processing.py:161 -         Downsample 10m bands to 20m by average 2x2 binning
2025-08-20 20:38:39,957 - INFO - timeseries_processing.py:164 -         Align binned bands to native 20m bands (shape matching): method=bilinear
2025-08-20 20:38:49,448 - INFO - timeseries_processing.py:172 -         Append bands to the band-list of EPSG:32634
2025-08-20 20:38:49,448 - INFO - timeseries_processing.py:176 -                        
2025-08-20 20:38:49,448 - INFO - timeseries_processing.py:177 -     Merging bands in a single dataset
2025-08-20 20:38:49,448 - INFO - timeseries_processing.py:178 -     Ensure all partial datasets are at (x=20, y=-20) resolution
2025-08-20 20:38:49,449 - INFO - timeseries_processing.py:182 -     Clip to the intersection of indexes
2025-08-20 20:38:50,883 - INFO - timeseries_processing.py:191 -     Make a list of bands to merge
2025-08-20 20:38:50,884 - INFO - timeseries_processing.py:195 -     Merge on intersection
2025-08-20 20:38:50,885 - INFO - timeseries_processing.py:203 -     Apply masks on clouds, shadows, thin cirrus, and snow/ice
2025-08-20 20:38:50,885 - INFO - sentinel2.py:122 -                Masking bits: [3, 7, 8, 9, 10, 11]
2025-08-20 20:38:51,892 - INFO - timeseries_processing.py:209 -     Reproject to Tiling Schema projection EPSG:3035
2025-08-20 20:39:01,724 - INFO - composites.py:303 - Clip and align to tile geometry
2025-08-20 20:39:05,037 - INFO - composites.py:323 - Scale SR to Sen2Cor Baseline 4.00 - Subtract 1000 in dates post 2022-01-25
2025-08-20 20:39:06,321 - INFO - composites.py:336 - Creating preview plot of input scenes
2025-08-20 20:39:40,781 - INFO - timeseries_processing.py:367 - Saved preview for 'B04' to //nas-rs.topo.auth.gr/Latomeia/DROUGHT/COMPOS/2022/04/x06_y10/S2L2A_medcomp_x06_y10_202204_InDataPreview.jpeg
2025-08-20 20:39:40,787 - INFO - composites.py:342 - Clip value range
2025-08-20 20:39:42,357 - INFO - composites.py:347 -                           
2025-08-20 20:39:42,358 - INFO - composites.py:348 - Computing spectral indices:
2025-08-20 20:39:42,359 - INFO - composites.py:351 -     EVI...
2025-08-20 20:39:43,337 - INFO - composites.py:353 -     NDVI...
2025-08-20 20:39:43,586 - INFO - composites.py:355 -     PSRI2...
2025-08-20 20:39:43,911 - INFO - composites.py:358 - Clip to typical value range
2025-08-20 20:39:44,265 - INFO - composites.py:365 - Reducing to median value temporal composite
2025-08-20 20:40:11,723 - INFO - composites.py:384 - Define data types and nodata per band
2025-08-20 20:40:11,870 - INFO - composites.py:405 - Assign time range and tile ID in metadata
2025-08-20 20:40:11,870 - INFO - composites.py:413 - Write bands to raster COG files
2025-08-20 20:40:16,718 - INFO - composites.py:426 - Write B02 -> //nas-rs.topo.auth.gr/Latomeia/DROUGHT/COMPOS/2022/04/x06_y10/S2L2A_medcomp_x06_y10_202204_B02.tif
2025-08-20 20:40:21,446 - INFO - composites.py:426 - Write B03 -> //nas-rs.topo.auth.gr/Latomeia/DROUGHT/COMPOS/2022/04/x06_y10/S2L2A_medcomp_x06_y10_202204_B03.tif
2025-08-20 20:40:26,434 - INFO - composites.py:426 - Write B04 -> //nas-rs.topo.auth.gr/Latomeia/DROUGHT/COMPOS/2022/04/x06_y10/S2L2A_medcomp_x06_y10_202204_B04.tif
2025-08-20 20:40:31,217 - INFO - composites.py:426 - Write B05 -> //nas-rs.topo.auth.gr/Latomeia/DROUGHT/COMPOS/2022/04/x06_y10/S2L2A_medcomp_x06_y10_202204_B05.tif
2025-08-20 20:40:36,002 - INFO - composites.py:426 - Write B07 -> //nas-rs.topo.auth.gr/Latomeia/DROUGHT/COMPOS/2022/04/x06_y10/S2L2A_medcomp_x06_y10_202204_B07.tif
2025-08-20 20:40:40,969 - INFO - composites.py:426 - Write B8A -> //nas-rs.topo.auth.gr/Latomeia/DROUGHT/COMPOS/2022/04/x06_y10/S2L2A_medcomp_x06_y10_202204_B8A.tif
2025-08-20 20:40:45,595 - INFO - composites.py:426 - Write EVI -> //nas-rs.topo.auth.gr/Latomeia/DROUGHT/COMPOS/2022/04/x06_y10/S2L2A_medcomp_x06_y10_202204_evi.tif
2025-08-20 20:40:50,487 - INFO - composites.py:426 - Write NDVI -> //nas-rs.topo.auth.gr/Latomeia/DROUGHT/COMPOS/2022/04/x06_y10/S2L2A_medcomp_x06_y10_202204_ndvi.tif
2025-08-20 20:40:55,475 - INFO - composites.py:426 - Write PSRI2 -> //nas-rs.topo.auth.gr/Latomeia/DROUGHT/COMPOS/2022/04/x06_y10/S2L2A_medcomp_x06_y10_202204_psri2.tif
2025-08-20 20:40:55,494 - INFO - composites.py:430 - Prepare metadata YAML document
2025-08-20 20:40:56,348 - INFO - composites.py:451 - Write metadata YAML document to disk
2025-08-20 20:40:56,375 - INFO - composites.py:456 - Create datacube.model.Dataset from eo3 metadata
2025-08-20 20:40:56,386 - INFO - composites.py:467 - Index to datacube
2025-08-20 20:40:56,386 - INFO - _datasets.py:191 - Indexing 8050b925-1bb5-4564-931a-7eabbff68f85
2025-08-20 20:40:56,395 - INFO - composites.py:470 - 
2025-08-20 20:40:56,395 - INFO - composites.py:471 -              ✔✔✔ COMPLETED: Tile x06_y10 | Time: 2022-04 | In 5.63 minutes
2025-08-20 20:40:56,395 - INFO - composites.py:472 - 
2025-08-20 20:40:56,395 - INFO - composites.py:480 - Closing Dask client
2025-08-20 20:40:56,397 - INFO - composites.py:484 - Closing Dask cluster
2025-08-20 20:40:56,397 - INFO - composites.py:485 - #######################################################################
