2025-08-27 22:23:47,529 - INFO - composites.py:102 - #######################################################################
2025-08-27 22:23:47,530 - INFO - composites.py:104 - Processing started
2025-08-27 22:23:47,530 - INFO - composites.py:105 -         Tile: x11_y12
2025-08-27 22:23:47,530 - INFO - composites.py:106 -         Time: 2022-01
2025-08-27 22:23:47,530 - INFO - composites.py:109 -                           
2025-08-27 22:23:47,530 - INFO - composites.py:110 - Establishing connection to datacube
2025-08-27 22:23:48,049 - INFO - composites.py:113 -                           
2025-08-27 22:23:48,049 - INFO - composites.py:114 - Sanity test: Check if dataset already exists in the datacube
2025-08-27 22:23:48,066 - INFO - composites.py:133 - The composite requested was not found and it will be computed
2025-08-27 22:23:48,067 - INFO - composites.py:136 -                                  
2025-08-27 22:23:48,067 - INFO - composites.py:137 - Initializing Dask cluster for parallelization
2025-08-27 22:23:53,068 - INFO - composites.py:161 - Dask dashboard is available at: http://127.0.0.1:8787/status
2025-08-27 22:23:53,068 - INFO - composites.py:164 - Create directories and naming conversions
2025-08-27 22:23:53,082 - INFO - composites.py:177 - Dataset location: //nas-rs.topo.auth.gr/Latomeia/DROUGHT/composites/x11/y12/2022/01/01
2025-08-27 22:23:53,082 - INFO - composites.py:180 -                           
2025-08-27 22:23:53,082 - INFO - composites.py:181 - Retrieve tile geometry
2025-08-27 22:23:53,113 - INFO - composites.py:192 - Create the Bounding Box (φ,λ)
2025-08-27 22:23:53,113 - INFO - composites.py:198 - Create the Bounding Box (x,y)
2025-08-27 22:23:53,113 - INFO - composites.py:211 -                           
2025-08-27 22:23:53,113 - INFO - composites.py:212 - Connect to Planetary Computer STAC Catalog
2025-08-27 22:23:53,327 - INFO - composites.py:220 - Search the STAC Catalog
2025-08-27 22:23:53,396 - INFO - composites.py:232 -         Query parameters:
2025-08-27 22:23:53,396 - INFO - composites.py:233 -             url:          https://planetarycomputer.microsoft.com/api/stac/v1/search
2025-08-27 22:23:53,396 - INFO - composites.py:234 -             client:       microsoft-pc
2025-08-27 22:23:53,396 - INFO - composites.py:235 -             collection:   sentinel-2-l2a
2025-08-27 22:23:53,396 - INFO - composites.py:236 -             bbox:         (23.175034627134398, 38.50013763603257, 23.85573196352452, 39.05443515421176)
2025-08-27 22:23:53,396 - INFO - composites.py:237 -             time range:   2022-01-01T00:00:00Z/2022-01-31T23:59:59Z
2025-08-27 22:23:53,396 - INFO - composites.py:238 -             cloud cover:  0% - 70%
2025-08-27 22:23:53,396 - INFO - composites.py:239 -             nodata cover: 0% - 33%
2025-08-27 22:23:53,396 - INFO - composites.py:241 -                           
2025-08-27 22:23:53,396 - INFO - composites.py:242 - Searching...
2025-08-27 22:23:53,898 - INFO - composites.py:245 - Query found 25 items
2025-08-27 22:23:53,898 - INFO - composites.py:247 - Searching for GRI REFINED scenes:
2025-08-27 22:23:59,367 - INFO - sentinel2.py:78 - 1/25 - S2A_MSIL2A_20220130T091221_R050_T35SKD_20220214T132951 -> REFINED
2025-08-27 22:24:04,426 - INFO - sentinel2.py:78 - 2/25 - S2A_MSIL2A_20220130T091221_R050_T35SKC_20220214T120524 -> REFINED
2025-08-27 22:24:10,105 - INFO - sentinel2.py:78 - 3/25 - S2A_MSIL2A_20220130T091221_R050_T34SGJ_20220214T132055 -> REFINED
2025-08-27 22:24:15,619 - INFO - sentinel2.py:78 - 4/25 - S2A_MSIL2A_20220130T091221_R050_T34SGH_20220214T135014 -> REFINED
2025-08-27 22:24:21,764 - INFO - sentinel2.py:78 - 5/25 - S2B_MSIL2A_20220128T092139_R093_T34SFJ_20220213T070339 -> REFINED
2025-08-27 22:24:27,922 - INFO - sentinel2.py:78 - 6/25 - S2B_MSIL2A_20220128T092139_R093_T34SFH_20220213T075306 -> REFINED
2025-08-27 22:24:34,047 - INFO - sentinel2.py:78 - 7/25 - S2A_MSIL2A_20220123T092301_R093_T34SFJ_20220124T024815 -> REFINED
2025-08-27 22:24:39,671 - INFO - sentinel2.py:78 - 8/25 - S2A_MSIL2A_20220123T092301_R093_T34SFH_20220124T024654 -> REFINED
2025-08-27 22:24:45,663 - INFO - sentinel2.py:78 - 9/25 - S2A_MSIL2A_20220120T091311_R050_T35SKD_20220121T043612 -> REFINED
2025-08-27 22:24:51,715 - INFO - sentinel2.py:78 - 10/25 - S2A_MSIL2A_20220120T091311_R050_T35SKC_20220121T054713 -> REFINED
2025-08-27 22:24:57,676 - INFO - sentinel2.py:78 - 11/25 - S2A_MSIL2A_20220120T091311_R050_T34SGJ_20220121T073811 -> REFINED
2025-08-27 22:25:03,896 - INFO - sentinel2.py:78 - 12/25 - S2A_MSIL2A_20220120T091311_R050_T34SGH_20220121T075411 -> REFINED
2025-08-27 22:25:09,874 - INFO - sentinel2.py:78 - 13/25 - S2B_MSIL2A_20220118T092219_R093_T34SFJ_20220119T064024 -> REFINED
2025-08-27 22:25:16,066 - INFO - sentinel2.py:78 - 14/25 - S2B_MSIL2A_20220118T092219_R093_T34SFH_20220119T061316 -> REFINED
2025-08-27 22:25:24,523 - INFO - sentinel2.py:78 - 15/25 - S2B_MSIL2A_20220115T091229_R050_T35SKD_20220115T210252 -> REFINED
2025-08-27 22:25:30,601 - INFO - sentinel2.py:78 - 16/25 - S2B_MSIL2A_20220115T091229_R050_T35SKC_20220115T195937 -> REFINED
2025-08-27 22:25:36,785 - INFO - sentinel2.py:78 - 17/25 - S2B_MSIL2A_20220115T091229_R050_T34SGJ_20220115T210722 -> REFINED
2025-08-27 22:25:42,512 - INFO - sentinel2.py:78 - 18/25 - S2B_MSIL2A_20220115T091229_R050_T34SGH_20220115T195808 -> REFINED
2025-08-27 22:25:48,044 - INFO - sentinel2.py:78 - 19/25 - S2A_MSIL2A_20220113T092341_R093_T34SFH_20220113T192717 -> REFINED
2025-08-27 22:25:54,299 - INFO - sentinel2.py:78 - 20/25 - S2B_MSIL2A_20220105T091259_R050_T35SKD_20220106T020800 -> REFINED
2025-08-27 22:25:59,465 - INFO - sentinel2.py:78 - 21/25 - S2B_MSIL2A_20220105T091259_R050_T35SKC_20220106T021821 -> REFINED
2025-08-27 22:26:05,388 - INFO - sentinel2.py:78 - 22/25 - S2B_MSIL2A_20220105T091259_R050_T34SGJ_20220105T235927 -> REFINED
2025-08-27 22:26:11,448 - INFO - sentinel2.py:78 - 23/25 - S2B_MSIL2A_20220105T091259_R050_T34SGH_20220106T014329 -> REFINED
2025-08-27 22:26:17,561 - INFO - sentinel2.py:78 - 24/25 - S2A_MSIL2A_20220103T092401_R093_T34SFJ_20220104T042613 -> REFINED
2025-08-27 22:26:25,009 - INFO - sentinel2.py:78 - 25/25 - S2A_MSIL2A_20220103T092401_R093_T34SFH_20220104T041145 -> REFINED
2025-08-27 22:26:25,054 - INFO - composites.py:250 -                                  
2025-08-27 22:26:25,055 - INFO - composites.py:251 - 25/25 were refined by GRI.
2025-08-27 22:26:25,055 - INFO - composites.py:263 - Looking for up to 10 cleanest images within spatiotemporal range of each MGRS tile
2025-08-27 22:26:25,056 - INFO - composites.py:277 - Filtered cleanest scenes: Kept 25 out of 25 items. 
2025-08-27 22:26:25,057 - INFO - composites.py:278 -         Included MGRS Tiles: ['34SFH' '34SFJ' '34SGH' '34SGJ' '35SKC' '35SKD']
2025-08-27 22:26:25,057 - INFO - composites.py:279 -         Included EPSG codes: [32634 32635]
2025-08-27 22:26:25,058 - INFO - composites.py:281 - Selected scenes:
2025-08-27 22:26:25,064 - INFO - composites.py:283 -         S2A_MSIL2A_20220103T092401_R093_T34SFH_20220104T041145
2025-08-27 22:26:25,083 - INFO - composites.py:283 -         S2B_MSIL2A_20220128T092139_R093_T34SFH_20220213T075306
2025-08-27 22:26:25,100 - INFO - composites.py:283 -         S2A_MSIL2A_20220123T092301_R093_T34SFH_20220124T024654
2025-08-27 22:26:25,101 - INFO - composites.py:283 -         S2B_MSIL2A_20220118T092219_R093_T34SFH_20220119T061316
2025-08-27 22:26:25,107 - INFO - composites.py:283 -         S2A_MSIL2A_20220113T092341_R093_T34SFH_20220113T192717
2025-08-27 22:26:25,107 - INFO - composites.py:283 -         S2A_MSIL2A_20220103T092401_R093_T34SFJ_20220104T042613
2025-08-27 22:26:25,107 - INFO - composites.py:283 -         S2B_MSIL2A_20220128T092139_R093_T34SFJ_20220213T070339
2025-08-27 22:26:25,107 - INFO - composites.py:283 -         S2B_MSIL2A_20220118T092219_R093_T34SFJ_20220119T064024
2025-08-27 22:26:25,107 - INFO - composites.py:283 -         S2A_MSIL2A_20220123T092301_R093_T34SFJ_20220124T024815
2025-08-27 22:26:25,107 - INFO - composites.py:283 -         S2B_MSIL2A_20220105T091259_R050_T34SGH_20220106T014329
2025-08-27 22:26:25,107 - INFO - composites.py:283 -         S2A_MSIL2A_20220120T091311_R050_T34SGH_20220121T075411
2025-08-27 22:26:25,107 - INFO - composites.py:283 -         S2B_MSIL2A_20220115T091229_R050_T34SGH_20220115T195808
2025-08-27 22:26:25,107 - INFO - composites.py:283 -         S2A_MSIL2A_20220130T091221_R050_T34SGH_20220214T135014
2025-08-27 22:26:25,107 - INFO - composites.py:283 -         S2B_MSIL2A_20220105T091259_R050_T34SGJ_20220105T235927
2025-08-27 22:26:25,107 - INFO - composites.py:283 -         S2A_MSIL2A_20220120T091311_R050_T34SGJ_20220121T073811
2025-08-27 22:26:25,107 - INFO - composites.py:283 -         S2B_MSIL2A_20220115T091229_R050_T34SGJ_20220115T210722
2025-08-27 22:26:25,107 - INFO - composites.py:283 -         S2A_MSIL2A_20220130T091221_R050_T34SGJ_20220214T132055
2025-08-27 22:26:25,107 - INFO - composites.py:283 -         S2B_MSIL2A_20220105T091259_R050_T35SKC_20220106T021821
2025-08-27 22:26:25,108 - INFO - composites.py:283 -         S2A_MSIL2A_20220120T091311_R050_T35SKC_20220121T054713
2025-08-27 22:26:25,108 - INFO - composites.py:283 -         S2B_MSIL2A_20220115T091229_R050_T35SKC_20220115T195937
2025-08-27 22:26:25,108 - INFO - composites.py:283 -         S2A_MSIL2A_20220130T091221_R050_T35SKC_20220214T120524
2025-08-27 22:26:25,108 - INFO - composites.py:283 -         S2B_MSIL2A_20220105T091259_R050_T35SKD_20220106T020800
2025-08-27 22:26:25,108 - INFO - composites.py:283 -         S2A_MSIL2A_20220120T091311_R050_T35SKD_20220121T043612
2025-08-27 22:26:25,108 - INFO - composites.py:283 -         S2B_MSIL2A_20220115T091229_R050_T35SKD_20220115T210252
2025-08-27 22:26:25,108 - INFO - composites.py:283 -         S2A_MSIL2A_20220130T091221_R050_T35SKD_20220214T132951
2025-08-27 22:26:25,582 - INFO - sentinel2.py:154 - Matplotlib backend: Agg
2025-08-27 22:26:26,060 - INFO - sentinel2.py:224 - Write input scenes footprint overlay: //nas-rs.topo.auth.gr/Latomeia/DROUGHT/composites/x11/y12/2022/01/01/S2L2A_medcomp_x11y12_202201_InDataFootprint.jpeg
2025-08-27 22:26:26,322 - INFO - composites.py:297 -                                  
2025-08-27 22:26:26,322 - INFO - composites.py:298 - Downstream STAC items from Planetary Computer
2025-08-27 22:26:26,322 - INFO - timeseries_processing.py:115 -                                  
2025-08-27 22:26:26,322 - INFO - timeseries_processing.py:116 - Loading bands of diferent resolutions in EPSG:32634
2025-08-27 22:26:26,323 - INFO - timeseries_processing.py:120 -     Filtering items with native UTM EPSG:32634
2025-08-27 22:26:26,323 - INFO - timeseries_processing.py:122 -     17 Items in EPSG:32634
2025-08-27 22:26:26,323 - INFO - timeseries_processing.py:129 -                        
2025-08-27 22:26:26,323 - INFO - timeseries_processing.py:130 -     Loading parameters:
2025-08-27 22:26:26,323 - INFO - timeseries_processing.py:131 -         Bands: ['B05', 'B07', 'B8A', 'SCL']
2025-08-27 22:26:26,323 - INFO - timeseries_processing.py:132 -         Spatial resolution: 20
2025-08-27 22:26:26,323 - INFO - timeseries_processing.py:134 -         Get Assets from STAC Items
2025-08-27 22:26:26,323 - INFO - timeseries_processing.py:47 -         Initialize the STAC client
2025-08-27 22:26:26,891 - INFO - timeseries_processing.py:137 -         Loading 17 STAC Items....
2025-08-27 22:27:16,101 - INFO - timeseries_processing.py:146 -         Cube has been downloaded
2025-08-27 22:27:16,101 - INFO - timeseries_processing.py:156 -         Fix order of dimensions
2025-08-27 22:27:16,103 - INFO - timeseries_processing.py:161 -         Append bands to the band-list of EPSG:32634
2025-08-27 22:27:16,104 - INFO - timeseries_processing.py:129 -                        
2025-08-27 22:27:16,105 - INFO - timeseries_processing.py:130 -     Loading parameters:
2025-08-27 22:27:16,105 - INFO - timeseries_processing.py:131 -         Bands: ['B02', 'B03', 'B04']
2025-08-27 22:27:16,105 - INFO - timeseries_processing.py:132 -         Spatial resolution: 10
2025-08-27 22:27:16,106 - INFO - timeseries_processing.py:134 -         Get Assets from STAC Items
2025-08-27 22:27:16,106 - INFO - timeseries_processing.py:47 -         Initialize the STAC client
2025-08-27 22:27:16,701 - INFO - timeseries_processing.py:137 -         Loading 17 STAC Items....
2025-08-27 22:28:51,049 - INFO - timeseries_processing.py:146 -         Cube has been downloaded
2025-08-27 22:28:51,049 - INFO - timeseries_processing.py:149 -         Reproject to downsample 10m bands to 20m by Resampling.average 2x2 binning and shape matching with odc.geo.GeoBox
2025-08-27 22:29:03,376 - INFO - timeseries_processing.py:161 -         Append bands to the band-list of EPSG:32634
2025-08-27 22:29:03,376 - INFO - timeseries_processing.py:165 -                        
2025-08-27 22:29:03,376 - INFO - timeseries_processing.py:166 -     Merging bands in a single dataset
2025-08-27 22:29:03,376 - INFO - timeseries_processing.py:167 -     Ensure all partial datasets are at (x=20, y=-20) resolution
2025-08-27 22:29:03,376 - INFO - timeseries_processing.py:171 -     Clip to the intersection of indexes
2025-08-27 22:29:04,504 - INFO - timeseries_processing.py:180 -     Make a list of bands to merge
2025-08-27 22:29:04,505 - INFO - timeseries_processing.py:184 -     Merge on intersection
2025-08-27 22:29:04,506 - INFO - timeseries_processing.py:192 -     Apply masks on clouds, shadows, thin cirrus, and snow/ice
2025-08-27 22:29:04,506 - INFO - sentinel2.py:122 -                Masking bits: [3, 7, 8, 9, 10, 11]
2025-08-27 22:29:05,642 - INFO - timeseries_processing.py:115 -                                  
2025-08-27 22:29:05,642 - INFO - timeseries_processing.py:116 - Loading bands of diferent resolutions in EPSG:32635
2025-08-27 22:29:05,642 - INFO - timeseries_processing.py:120 -     Filtering items with native UTM EPSG:32635
2025-08-27 22:29:05,642 - INFO - timeseries_processing.py:122 -     8 Items in EPSG:32635
2025-08-27 22:29:05,642 - INFO - timeseries_processing.py:129 -                        
2025-08-27 22:29:05,644 - INFO - timeseries_processing.py:130 -     Loading parameters:
2025-08-27 22:29:05,644 - INFO - timeseries_processing.py:131 -         Bands: ['B05', 'B07', 'B8A', 'SCL']
2025-08-27 22:29:05,644 - INFO - timeseries_processing.py:132 -         Spatial resolution: 20
2025-08-27 22:29:05,644 - INFO - timeseries_processing.py:134 -         Get Assets from STAC Items
2025-08-27 22:29:05,644 - INFO - timeseries_processing.py:47 -         Initialize the STAC client
2025-08-27 22:29:06,193 - INFO - timeseries_processing.py:137 -         Loading 8 STAC Items....
2025-08-27 22:29:28,125 - INFO - timeseries_processing.py:146 -         Cube has been downloaded
2025-08-27 22:29:28,125 - INFO - timeseries_processing.py:156 -         Fix order of dimensions
2025-08-27 22:29:28,127 - INFO - timeseries_processing.py:161 -         Append bands to the band-list of EPSG:32635
2025-08-27 22:29:28,127 - INFO - timeseries_processing.py:129 -                        
2025-08-27 22:29:28,127 - INFO - timeseries_processing.py:130 -     Loading parameters:
2025-08-27 22:29:28,128 - INFO - timeseries_processing.py:131 -         Bands: ['B02', 'B03', 'B04']
2025-08-27 22:29:28,128 - INFO - timeseries_processing.py:132 -         Spatial resolution: 10
2025-08-27 22:29:28,128 - INFO - timeseries_processing.py:134 -         Get Assets from STAC Items
2025-08-27 22:29:28,128 - INFO - timeseries_processing.py:47 -         Initialize the STAC client
2025-08-27 22:29:28,600 - INFO - timeseries_processing.py:137 -         Loading 8 STAC Items....
2025-08-27 22:30:24,233 - INFO - timeseries_processing.py:146 -         Cube has been downloaded
2025-08-27 22:30:24,233 - INFO - timeseries_processing.py:149 -         Reproject to downsample 10m bands to 20m by Resampling.average 2x2 binning and shape matching with odc.geo.GeoBox
2025-08-27 22:30:29,595 - INFO - timeseries_processing.py:161 -         Append bands to the band-list of EPSG:32635
2025-08-27 22:30:29,596 - INFO - timeseries_processing.py:165 -                        
2025-08-27 22:30:29,596 - INFO - timeseries_processing.py:166 -     Merging bands in a single dataset
2025-08-27 22:30:29,596 - INFO - timeseries_processing.py:167 -     Ensure all partial datasets are at (x=20, y=-20) resolution
2025-08-27 22:30:29,596 - INFO - timeseries_processing.py:171 -     Clip to the intersection of indexes
2025-08-27 22:30:29,597 - INFO - timeseries_processing.py:180 -     Make a list of bands to merge
2025-08-27 22:30:29,598 - INFO - timeseries_processing.py:184 -     Merge on intersection
2025-08-27 22:30:29,598 - INFO - timeseries_processing.py:192 -     Apply masks on clouds, shadows, thin cirrus, and snow/ice
2025-08-27 22:30:29,598 - INFO - sentinel2.py:122 -                Masking bits: [3, 7, 8, 9, 10, 11]
2025-08-27 22:30:30,110 - INFO - composites.py:307 - Reproject from UTM Zone to Tile geometry -> CRS(EPSG:32635), Resampling.bilinear
2025-08-27 22:30:39,329 - INFO - composites.py:310 -     New shape of datasets: Shape2d(x=2400, y=2400)
2025-08-27 22:30:39,619 - INFO - composites.py:315 -                           
2025-08-27 22:30:39,619 - INFO - composites.py:316 - Mosaic datasets to a single dataset
2025-08-27 22:30:47,146 - INFO - composites.py:329 - Scale SR to Sen2Cor Baseline 4.00 - Subtract 1000 in dates post 2022-01-25
2025-08-27 22:30:48,607 - INFO - composites.py:342 - Creating preview plot of input scenes
2025-08-27 22:31:19,363 - INFO - timeseries_processing.py:349 - Saved preview for 'B04' to //nas-rs.topo.auth.gr/Latomeia/DROUGHT/composites/x11/y12/2022/01/01/S2L2A_medcomp_x11y12_202201_InDataPreview.jpeg
2025-08-27 22:31:19,368 - INFO - composites.py:348 - Clip value range
2025-08-27 22:31:21,115 - INFO - composites.py:353 -                           
2025-08-27 22:31:21,121 - INFO - composites.py:354 - Computing spectral indices:
2025-08-27 22:31:21,121 - INFO - composites.py:357 -     EVI...
2025-08-27 22:31:22,214 - INFO - composites.py:359 -     NDVI...
2025-08-27 22:31:22,603 - INFO - composites.py:361 -     PSRI2...
2025-08-27 22:31:22,876 - INFO - composites.py:364 - Clip to typical value range
2025-08-27 22:31:23,192 - INFO - composites.py:371 - Reducing to median value temporal composite
2025-08-27 22:31:48,143 - INFO - composites.py:390 - Scale and Define data types & nodata per band
2025-08-27 22:31:48,272 - INFO - composites.py:411 - Assign time range and tile ID in metadata
2025-08-27 22:31:48,272 - INFO - composites.py:419 - Write bands to raster COG files
2025-08-27 22:31:52,068 - INFO - composites.py:432 - Write B02 -> //nas-rs.topo.auth.gr/Latomeia/DROUGHT/composites/x11/y12/2022/01/01/S2L2A_medcomp_x11y12_202201_B02.tif
2025-08-27 22:31:55,877 - INFO - composites.py:432 - Write B03 -> //nas-rs.topo.auth.gr/Latomeia/DROUGHT/composites/x11/y12/2022/01/01/S2L2A_medcomp_x11y12_202201_B03.tif
2025-08-27 22:31:59,709 - INFO - composites.py:432 - Write B04 -> //nas-rs.topo.auth.gr/Latomeia/DROUGHT/composites/x11/y12/2022/01/01/S2L2A_medcomp_x11y12_202201_B04.tif
2025-08-27 22:32:03,438 - INFO - composites.py:432 - Write B05 -> //nas-rs.topo.auth.gr/Latomeia/DROUGHT/composites/x11/y12/2022/01/01/S2L2A_medcomp_x11y12_202201_B05.tif
2025-08-27 22:32:07,251 - INFO - composites.py:432 - Write B07 -> //nas-rs.topo.auth.gr/Latomeia/DROUGHT/composites/x11/y12/2022/01/01/S2L2A_medcomp_x11y12_202201_B07.tif
2025-08-27 22:32:11,231 - INFO - composites.py:432 - Write B8A -> //nas-rs.topo.auth.gr/Latomeia/DROUGHT/composites/x11/y12/2022/01/01/S2L2A_medcomp_x11y12_202201_B8A.tif
2025-08-27 22:32:15,072 - INFO - composites.py:432 - Write EVI -> //nas-rs.topo.auth.gr/Latomeia/DROUGHT/composites/x11/y12/2022/01/01/S2L2A_medcomp_x11y12_202201_EVI.tif
2025-08-27 22:32:18,908 - INFO - composites.py:432 - Write NDVI -> //nas-rs.topo.auth.gr/Latomeia/DROUGHT/composites/x11/y12/2022/01/01/S2L2A_medcomp_x11y12_202201_NDVI.tif
2025-08-27 22:32:22,613 - INFO - composites.py:432 - Write PSRI2 -> //nas-rs.topo.auth.gr/Latomeia/DROUGHT/composites/x11/y12/2022/01/01/S2L2A_medcomp_x11y12_202201_PSRI2.tif
2025-08-27 22:32:22,628 - INFO - composites.py:436 - Prepare metadata YAML document
2025-08-27 22:32:23,148 - INFO - composites.py:458 - Write metadata YAML document to disk
2025-08-27 22:32:23,195 - INFO - composites.py:463 - Create datacube.model.Dataset from eo3 metadata
2025-08-27 22:32:23,206 - INFO - composites.py:474 - Index to datacube
2025-08-27 22:32:23,206 - INFO - _datasets.py:191 - Indexing 7d4bf916-c519-4b4e-bcdd-798177bb4aaa
2025-08-27 22:32:23,216 - INFO - composites.py:477 - 
2025-08-27 22:32:23,216 - INFO - composites.py:478 -              ✔✔✔ COMPLETED: Tile x11_y12 | Time: 2022-01 | In 8.59 minutes
2025-08-27 22:32:23,216 - INFO - composites.py:479 - 
2025-08-27 22:32:23,216 - INFO - composites.py:487 - Closing Dask client
2025-08-27 22:32:23,218 - INFO - composites.py:491 - Closing Dask cluster
2025-08-27 22:32:23,218 - INFO - composites.py:492 - #######################################################################
