2025-08-19 08:29:27,692 - INFO - composites.py:104 - #######################################################################
2025-08-19 08:29:27,692 - INFO - composites.py:106 - Processing started
2025-08-19 08:29:27,692 - INFO - composites.py:107 -         Tile: x10_y10
2025-08-19 08:29:27,692 - INFO - composites.py:108 -         Time: 2021-03
2025-08-19 08:29:27,692 - INFO - composites.py:111 -                           
2025-08-19 08:29:27,692 - INFO - composites.py:112 - Establishing connection to datacube
2025-08-19 08:29:28,410 - INFO - composites.py:115 -                           
2025-08-19 08:29:28,412 - INFO - composites.py:116 - Sanity test: Check if dataset already exists in the datacube
2025-08-19 08:29:28,432 - INFO - composites.py:135 - The composite requested was not found and it will be computed
2025-08-19 08:29:28,432 - INFO - composites.py:138 -                                  
2025-08-19 08:29:28,432 - INFO - composites.py:139 - Initializing Dask cluster for parallelization
2025-08-19 08:29:34,763 - INFO - composites.py:163 - Dask dashboard is available at: http://127.0.0.1:8787/status
2025-08-19 08:29:34,764 - INFO - composites.py:166 - Create directories and naming conversions
2025-08-19 08:29:34,770 - INFO - composites.py:177 - Dataset location: //nas-rs.topo.auth.gr/Latomeia/DROUGHT/COMPOS/2021/03/x10_y10
2025-08-19 08:29:34,770 - INFO - composites.py:180 -                           
2025-08-19 08:29:34,770 - INFO - composites.py:181 - Retrieve tile geometry
2025-08-19 08:29:34,808 - INFO - composites.py:192 - Create the Bounding Box (φ,λ)
2025-08-19 08:29:34,808 - INFO - composites.py:198 - Create the Bounding Box (x,y)
2025-08-19 08:29:34,809 - INFO - composites.py:211 -                           
2025-08-19 08:29:34,809 - INFO - composites.py:212 - Connect to Planetary Computer STAC Catalog
2025-08-19 08:29:35,069 - INFO - composites.py:220 - Search the STAC Catalog
2025-08-19 08:29:35,163 - INFO - composites.py:232 -         Query parameters:
2025-08-19 08:29:35,163 - INFO - composites.py:233 -             url:          https://planetarycomputer.microsoft.com/api/stac/v1/search
2025-08-19 08:29:35,163 - INFO - composites.py:234 -             client:       microsoft-pc
2025-08-19 08:29:35,181 - INFO - composites.py:235 -             collection:   sentinel-2-l2a
2025-08-19 08:29:35,181 - INFO - composites.py:236 -             bbox:         (22.47169758152381, 37.72011736043115, 23.140542329243065, 38.271503998279194)
2025-08-19 08:29:35,181 - INFO - composites.py:237 -             time range:   2021-03-01T00:00:00Z/2021-03-31T23:59:59Z
2025-08-19 08:29:35,181 - INFO - composites.py:238 -             cloud cover:  0% - 70%
2025-08-19 08:29:35,181 - INFO - composites.py:239 -             nodata cover: 0% - 33%
2025-08-19 08:29:35,181 - INFO - composites.py:241 -                           
2025-08-19 08:29:35,182 - INFO - composites.py:242 - Searching...
2025-08-19 08:29:35,602 - INFO - composites.py:245 - Query found 15 items
2025-08-19 08:29:35,602 - INFO - composites.py:247 - Searching for GRI REFINED scenes:
2025-08-19 08:29:41,117 - INFO - sentinel2.py:78 - 1/15 - S2B_MSIL2A_20210331T090549_R050_T34SFG_20210524T145041 -> REFINED
2025-08-19 08:29:51,828 - INFO - sentinel2.py:78 - 2/15 - S2A_MSIL2A_20210329T092031_R093_T34SFH_20210330T051057 -> REFINED
2025-08-19 08:29:58,121 - INFO - sentinel2.py:78 - 3/15 - S2A_MSIL2A_20210329T092031_R093_T34SFG_20210330T051117 -> REFINED
2025-08-19 08:30:03,686 - INFO - sentinel2.py:78 - 4/15 - S2A_MSIL2A_20210326T090611_R050_T34SFG_20210326T232725 -> REFINED
2025-08-19 08:30:09,849 - INFO - sentinel2.py:78 - 5/15 - S2B_MSIL2A_20210324T092029_R093_T34SFH_20210324T204910 -> REFINED
2025-08-19 08:30:16,063 - INFO - sentinel2.py:78 - 6/15 - S2B_MSIL2A_20210324T092029_R093_T34SFG_20210324T213316 -> REFINED
2025-08-19 08:30:21,627 - INFO - sentinel2.py:78 - 7/15 - S2A_MSIL2A_20210319T092031_R093_T34SFH_20210319T215858 -> REFINED
2025-08-19 08:30:27,919 - INFO - sentinel2.py:78 - 8/15 - S2A_MSIL2A_20210316T090721_R050_T34SFG_20210317T112110 -> REFINED
2025-08-19 08:30:35,664 - INFO - sentinel2.py:78 - 9/15 - S2B_MSIL2A_20210311T090659_R050_T34SFG_20210312T024806 -> REFINED
2025-08-19 08:30:42,043 - INFO - sentinel2.py:78 - 10/15 - S2A_MSIL2A_20210309T092031_R093_T34SFH_20210309T215606 -> REFINED
2025-08-19 08:30:47,841 - INFO - sentinel2.py:78 - 11/15 - S2A_MSIL2A_20210309T092031_R093_T34SFG_20210309T214821 -> REFINED
2025-08-19 08:30:53,830 - INFO - sentinel2.py:78 - 12/15 - S2A_MSIL2A_20210306T090831_R050_T34SFG_20210307T040713 -> REFINED
2025-08-19 08:30:59,717 - INFO - sentinel2.py:78 - 13/15 - S2B_MSIL2A_20210304T092029_R093_T34SFH_20210304T234652 -> REFINED
2025-08-19 08:31:04,341 - INFO - sentinel2.py:78 - 14/15 - S2B_MSIL2A_20210304T092029_R093_T34SFG_20210304T230844 -> REFINED
2025-08-19 08:31:10,504 - INFO - sentinel2.py:78 - 15/15 - S2B_MSIL2A_20210301T090819_R050_T34SFG_20210301T191849 -> REFINED
2025-08-19 08:31:10,589 - INFO - composites.py:250 -                                  
2025-08-19 08:31:10,589 - INFO - composites.py:251 - 15/15 were refined by GRI.
2025-08-19 08:31:10,590 - INFO - composites.py:263 - Looking for up to 10 cleanest images within spatiotemporal range of each MGRS tile
2025-08-19 08:31:10,590 - INFO - composites.py:277 - Filtered cleanest scenes: Kept 15 out of 15 items. 
2025-08-19 08:31:10,590 - INFO - composites.py:278 -         Included MGRS Tiles: ['34SFG' '34SFH']
2025-08-19 08:31:10,591 - INFO - composites.py:279 -         Included EPSG codes: [32634]
2025-08-19 08:31:10,591 - INFO - composites.py:281 - Selected scenes:
2025-08-19 08:31:10,591 - INFO - composites.py:283 -         S2B_MSIL2A_20210304T092029_R093_T34SFG_20210304T230844
2025-08-19 08:31:10,591 - INFO - composites.py:283 -         S2A_MSIL2A_20210326T090611_R050_T34SFG_20210326T232725
2025-08-19 08:31:10,591 - INFO - composites.py:283 -         S2A_MSIL2A_20210306T090831_R050_T34SFG_20210307T040713
2025-08-19 08:31:10,591 - INFO - composites.py:283 -         S2A_MSIL2A_20210329T092031_R093_T34SFG_20210330T051117
2025-08-19 08:31:10,592 - INFO - composites.py:283 -         S2B_MSIL2A_20210301T090819_R050_T34SFG_20210301T191849
2025-08-19 08:31:10,592 - INFO - composites.py:283 -         S2A_MSIL2A_20210316T090721_R050_T34SFG_20210317T112110
2025-08-19 08:31:10,593 - INFO - composites.py:283 -         S2B_MSIL2A_20210324T092029_R093_T34SFG_20210324T213316
2025-08-19 08:31:10,593 - INFO - composites.py:283 -         S2A_MSIL2A_20210309T092031_R093_T34SFG_20210309T214821
2025-08-19 08:31:10,593 - INFO - composites.py:283 -         S2B_MSIL2A_20210311T090659_R050_T34SFG_20210312T024806
2025-08-19 08:31:10,604 - INFO - composites.py:283 -         S2B_MSIL2A_20210331T090549_R050_T34SFG_20210524T145041
2025-08-19 08:31:10,615 - INFO - composites.py:283 -         S2B_MSIL2A_20210304T092029_R093_T34SFH_20210304T234652
2025-08-19 08:31:10,615 - INFO - composites.py:283 -         S2B_MSIL2A_20210324T092029_R093_T34SFH_20210324T204910
2025-08-19 08:31:10,615 - INFO - composites.py:283 -         S2A_MSIL2A_20210319T092031_R093_T34SFH_20210319T215858
2025-08-19 08:31:10,615 - INFO - composites.py:283 -         S2A_MSIL2A_20210329T092031_R093_T34SFH_20210330T051057
2025-08-19 08:31:10,622 - INFO - composites.py:283 -         S2A_MSIL2A_20210309T092031_R093_T34SFH_20210309T215606
2025-08-19 08:31:11,218 - INFO - sentinel2.py:154 - Matplotlib backend: Agg
2025-08-19 08:31:11,411 - INFO - sentinel2.py:224 - Write input scenes footprint overlay: //nas-rs.topo.auth.gr/Latomeia/DROUGHT/COMPOS/2021/03/x10_y10/S2L2A_medcomp_x10_y10_202103_InDataFootprint.jpeg
2025-08-19 08:31:11,717 - INFO - composites.py:297 -                                  
2025-08-19 08:31:11,717 - INFO - composites.py:298 - Downstream STAC items from Planetary Computer
2025-08-19 08:31:11,717 - INFO - timeseries_processing.py:114 -                                  
2025-08-19 08:31:11,717 - INFO - timeseries_processing.py:115 - Loading bands of diferent resolutions in EPSG:32634
2025-08-19 08:31:11,717 - INFO - timeseries_processing.py:119 -     Filtering items with native UTM EPSG:32634
2025-08-19 08:31:11,717 - INFO - timeseries_processing.py:121 -     15 Items in EPSG:32634
2025-08-19 08:31:11,717 - INFO - timeseries_processing.py:128 -                        
2025-08-19 08:31:11,717 - INFO - timeseries_processing.py:129 -     Loading parameters:
2025-08-19 08:31:11,717 - INFO - timeseries_processing.py:130 -         Bands: ['B05', 'B07', 'B8A', 'SCL']
2025-08-19 08:31:11,717 - INFO - timeseries_processing.py:131 -         Spatial resolution: 20
2025-08-19 08:31:11,717 - INFO - timeseries_processing.py:133 -         Get Assets from STAC Items
2025-08-19 08:31:11,717 - INFO - timeseries_processing.py:46 -         Initialize the STAC client
2025-08-19 08:31:12,295 - INFO - timeseries_processing.py:136 -         Loading 15 STAC Items....
2025-08-19 08:33:42,102 - INFO - timeseries_processing.py:158 -         Cube has been downloaded
2025-08-19 08:33:42,102 - INFO - timeseries_processing.py:167 -         Fix order of dimensions
2025-08-19 08:33:42,103 - INFO - timeseries_processing.py:172 -         Append bands to the band-list of EPSG:32634
2025-08-19 08:33:42,103 - INFO - timeseries_processing.py:128 -                        
2025-08-19 08:33:42,103 - INFO - timeseries_processing.py:129 -     Loading parameters:
2025-08-19 08:33:42,103 - INFO - timeseries_processing.py:130 -         Bands: ['B02', 'B03', 'B04']
2025-08-19 08:33:42,103 - INFO - timeseries_processing.py:131 -         Spatial resolution: 10
2025-08-19 08:33:42,103 - INFO - timeseries_processing.py:133 -         Get Assets from STAC Items
2025-08-19 08:33:42,103 - INFO - timeseries_processing.py:46 -         Initialize the STAC client
2025-08-19 08:33:42,653 - INFO - timeseries_processing.py:136 -         Loading 15 STAC Items....
2025-08-19 08:38:03,622 - INFO - timeseries_processing.py:158 -         Cube has been downloaded
2025-08-19 08:38:03,622 - INFO - timeseries_processing.py:161 -         Downsample 10m bands to 20m by average 2x2 binning
2025-08-19 08:38:20,108 - INFO - timeseries_processing.py:164 -         Warp (reproject) 2x2 binned bands to match shape of native 20m bands: method=bilinear
2025-08-19 08:38:31,845 - INFO - timeseries_processing.py:172 -         Append bands to the band-list of EPSG:32634
2025-08-19 08:38:31,845 - INFO - timeseries_processing.py:176 -                        
2025-08-19 08:38:31,845 - INFO - timeseries_processing.py:177 -     Merging bands in a single dataset
2025-08-19 08:38:31,845 - INFO - timeseries_processing.py:178 -     Ensure all partial datasets are at (x=20, y=-20) resolution
2025-08-19 08:38:31,845 - INFO - timeseries_processing.py:182 -     Clip to the intersection of indexes
2025-08-19 08:38:33,135 - INFO - timeseries_processing.py:191 -     Make a list of bands to merge
2025-08-19 08:38:33,137 - INFO - timeseries_processing.py:195 -     Merge on intersection
2025-08-19 08:38:33,138 - INFO - timeseries_processing.py:203 -     Apply masks on clouds, shadows, thin cirrus, and snow/ice
2025-08-19 08:38:33,138 - INFO - sentinel2.py:122 -                Masking bits: [3, 7, 8, 9, 10, 11]
2025-08-19 08:38:34,671 - INFO - timeseries_processing.py:209 -     Reproject to Tiling Schema projection EPSG:3035
2025-08-19 08:38:50,669 - INFO - composites.py:307 - Clip and align to tile geometry
2025-08-19 08:38:55,480 - INFO - composites.py:340 - Creating preview plot of input scenes
2025-08-19 08:39:39,988 - INFO - timeseries_processing.py:367 - Saved preview for 'B04' to //nas-rs.topo.auth.gr/Latomeia/DROUGHT/COMPOS/2021/03/x10_y10/S2L2A_medcomp_x10_y10_202103_InDataPreview.jpeg
2025-08-19 08:39:40,001 - INFO - composites.py:346 - Clip value range
2025-08-19 08:39:42,409 - INFO - composites.py:351 -                           
2025-08-19 08:39:42,409 - INFO - composites.py:352 - Computing spectral indices:
2025-08-19 08:39:42,409 - INFO - composites.py:355 -     EVI...
2025-08-19 08:39:43,910 - INFO - composites.py:357 -     NDVI...
2025-08-19 08:39:44,287 - INFO - composites.py:359 -     PSRI2...
2025-08-19 08:39:44,762 - INFO - composites.py:362 - Clip to typical value range
2025-08-19 08:39:45,325 - INFO - composites.py:369 - Reducing to median value temporal composite
2025-08-19 08:40:15,019 - INFO - composites.py:388 - Define data types and nodata per band
2025-08-19 08:40:15,186 - INFO - composites.py:409 - Assign time range and tile ID in metadata
2025-08-19 08:40:15,186 - INFO - composites.py:417 - Write bands to raster COG files
2025-08-19 08:40:19,851 - INFO - composites.py:430 - Write B02 -> //nas-rs.topo.auth.gr/Latomeia/DROUGHT/COMPOS/2021/03/x10_y10/S2L2A_medcomp_x10_y10_202103_B02.tif
2025-08-19 08:40:24,544 - INFO - composites.py:430 - Write B03 -> //nas-rs.topo.auth.gr/Latomeia/DROUGHT/COMPOS/2021/03/x10_y10/S2L2A_medcomp_x10_y10_202103_B03.tif
2025-08-19 08:40:29,185 - INFO - composites.py:430 - Write B04 -> //nas-rs.topo.auth.gr/Latomeia/DROUGHT/COMPOS/2021/03/x10_y10/S2L2A_medcomp_x10_y10_202103_B04.tif
2025-08-19 08:40:34,105 - INFO - composites.py:430 - Write B05 -> //nas-rs.topo.auth.gr/Latomeia/DROUGHT/COMPOS/2021/03/x10_y10/S2L2A_medcomp_x10_y10_202103_B05.tif
2025-08-19 08:40:38,809 - INFO - composites.py:430 - Write B07 -> //nas-rs.topo.auth.gr/Latomeia/DROUGHT/COMPOS/2021/03/x10_y10/S2L2A_medcomp_x10_y10_202103_B07.tif
2025-08-19 08:40:43,514 - INFO - composites.py:430 - Write B8A -> //nas-rs.topo.auth.gr/Latomeia/DROUGHT/COMPOS/2021/03/x10_y10/S2L2A_medcomp_x10_y10_202103_B8A.tif
2025-08-19 08:40:48,425 - INFO - composites.py:430 - Write EVI -> //nas-rs.topo.auth.gr/Latomeia/DROUGHT/COMPOS/2021/03/x10_y10/S2L2A_medcomp_x10_y10_202103_evi.tif
2025-08-19 08:40:53,161 - INFO - composites.py:430 - Write NDVI -> //nas-rs.topo.auth.gr/Latomeia/DROUGHT/COMPOS/2021/03/x10_y10/S2L2A_medcomp_x10_y10_202103_ndvi.tif
2025-08-19 08:40:57,786 - INFO - composites.py:430 - Write PSRI2 -> //nas-rs.topo.auth.gr/Latomeia/DROUGHT/COMPOS/2021/03/x10_y10/S2L2A_medcomp_x10_y10_202103_psri2.tif
2025-08-19 08:40:57,787 - INFO - composites.py:434 - Prepare metadata YAML document
2025-08-19 08:40:58,600 - INFO - composites.py:455 - Write metadata YAML document to disk
2025-08-19 08:40:58,670 - INFO - composites.py:460 - Create datacube.model.Dataset from eo3 metadata
2025-08-19 08:40:58,683 - INFO - composites.py:471 - Index to datacube
2025-08-19 08:40:58,683 - INFO - _datasets.py:191 - Indexing 54475c76-db2d-4688-91cb-f7b243c56e83
2025-08-19 08:40:58,694 - INFO - composites.py:474 - 
2025-08-19 08:40:58,694 - INFO - composites.py:475 -              ✔✔✔ COMPLETED: Tile x10_y10 | Time: 2021-03 | In 11.52 minutes
2025-08-19 08:40:58,694 - INFO - composites.py:476 - 
2025-08-19 08:40:58,694 - INFO - composites.py:484 - Closing Dask client
2025-08-19 08:40:58,696 - INFO - composites.py:488 - Closing Dask cluster
2025-08-19 08:40:58,696 - INFO - composites.py:489 - #######################################################################
