2025-08-18 17:31:25,538 - INFO - composites.py:104 - #######################################################################
2025-08-18 17:31:25,538 - INFO - composites.py:106 - Processing started
2025-08-18 17:31:25,538 - INFO - composites.py:107 -         Tile: x09_y11
2025-08-18 17:31:25,538 - INFO - composites.py:108 -         Time: 2020-10
2025-08-18 17:31:25,539 - INFO - composites.py:111 -                           
2025-08-18 17:31:25,539 - INFO - composites.py:112 - Establishing connection to datacube
2025-08-18 17:31:26,244 - INFO - composites.py:115 -                           
2025-08-18 17:31:26,247 - INFO - composites.py:116 - Sanity test: Check if dataset already exists in the datacube
2025-08-18 17:31:26,266 - INFO - composites.py:135 - The composite requested was not found and it will be computed
2025-08-18 17:31:26,266 - INFO - composites.py:138 -                                  
2025-08-18 17:31:26,266 - INFO - composites.py:139 - Initializing Dask cluster for parallelization
2025-08-18 17:31:32,347 - INFO - composites.py:163 - Dask dashboard is available at: http://127.0.0.1:8787/status
2025-08-18 17:31:32,347 - INFO - composites.py:166 - Create directories and naming conversions
2025-08-18 17:31:32,352 - INFO - composites.py:177 - Dataset location: //nas-rs.topo.auth.gr/Latomeia/DROUGHT/COMPOS/2020/10/x09_y11
2025-08-18 17:31:32,352 - INFO - composites.py:180 -                           
2025-08-18 17:31:32,352 - INFO - composites.py:181 - Retrieve tile geometry
2025-08-18 17:31:32,399 - INFO - composites.py:192 - Create the Bounding Box (φ,λ)
2025-08-18 17:31:32,399 - INFO - composites.py:198 - Create the Bounding Box (x,y)
2025-08-18 17:31:32,399 - INFO - composites.py:211 -                           
2025-08-18 17:31:32,399 - INFO - composites.py:212 - Connect to Planetary Computer STAC Catalog
2025-08-18 17:31:32,640 - INFO - composites.py:220 - Search the STAC Catalog
2025-08-18 17:31:32,710 - INFO - composites.py:232 -         Query parameters:
2025-08-18 17:31:32,710 - INFO - composites.py:233 -             url:          https://planetarycomputer.microsoft.com/api/stac/v1/search
2025-08-18 17:31:32,710 - INFO - composites.py:234 -             client:       microsoft-pc
2025-08-18 17:31:32,710 - INFO - composites.py:235 -             collection:   sentinel-2-l2a
2025-08-18 17:31:32,710 - INFO - composites.py:236 -             bbox:         (22.011490842825093, 38.221503998279196, 22.6827677905015, 38.77057552623326)
2025-08-18 17:31:32,710 - INFO - composites.py:237 -             time range:   2020-10-01T00:00:00Z/2020-10-31T23:59:59Z
2025-08-18 17:31:32,710 - INFO - composites.py:238 -             cloud cover:  0% - 70%
2025-08-18 17:31:32,710 - INFO - composites.py:239 -             nodata cover: 0% - 33%
2025-08-18 17:31:32,710 - INFO - composites.py:241 -                           
2025-08-18 17:31:32,710 - INFO - composites.py:242 - Searching...
2025-08-18 17:31:33,177 - INFO - composites.py:245 - Query found 16 items
2025-08-18 17:31:33,177 - INFO - composites.py:247 - Searching for GRI REFINED scenes:
2025-08-18 17:31:41,920 - INFO - sentinel2.py:78 - 1/16 - S2A_MSIL2A_20201030T092121_R093_T34SEH_20201101T231357 -> Not Found
2025-08-18 17:31:50,749 - INFO - sentinel2.py:78 - 2/16 - S2B_MSIL2A_20201025T092029_R093_T34SFJ_20201030T072550 -> Not Found
2025-08-18 17:31:59,947 - INFO - sentinel2.py:78 - 3/16 - S2B_MSIL2A_20201025T092029_R093_T34SFH_20201030T072936 -> Not Found
2025-08-18 17:32:08,102 - INFO - sentinel2.py:78 - 4/16 - S2B_MSIL2A_20201025T092029_R093_T34SEJ_20201030T072638 -> Not Found
2025-08-18 17:32:15,836 - INFO - sentinel2.py:78 - 5/16 - S2B_MSIL2A_20201025T092029_R093_T34SEH_20201030T072325 -> Not Found
2025-08-18 17:32:24,645 - INFO - sentinel2.py:78 - 6/16 - S2A_MSIL2A_20201020T092031_R093_T34SEJ_20201021T194215 -> Not Found
2025-08-18 17:32:32,982 - INFO - sentinel2.py:78 - 7/16 - S2A_MSIL2A_20201020T092031_R093_T34SEH_20201027T143214 -> Not Found
2025-08-18 17:32:41,414 - INFO - sentinel2.py:78 - 8/16 - S2B_MSIL2A_20201015T092029_R093_T34SFJ_20201027T130221 -> Not Found
2025-08-18 17:32:49,806 - INFO - sentinel2.py:78 - 9/16 - S2B_MSIL2A_20201015T092029_R093_T34SFH_20201019T081054 -> Not Found
2025-08-18 17:32:58,502 - INFO - sentinel2.py:78 - 10/16 - S2B_MSIL2A_20201015T092029_R093_T34SEJ_20201019T081043 -> Not Found
2025-08-18 17:33:06,239 - INFO - sentinel2.py:78 - 11/16 - S2B_MSIL2A_20201015T092029_R093_T34SEH_20201019T081055 -> Not Found
2025-08-18 17:33:17,029 - INFO - sentinel2.py:78 - 12/16 - S2A_MSIL2A_20201010T092031_R093_T34SFJ_20201011T224418 -> Not Found
2025-08-18 17:33:26,149 - INFO - sentinel2.py:78 - 13/16 - S2A_MSIL2A_20201010T092031_R093_T34SFH_20201011T224244 -> Not Found
2025-08-18 17:33:34,426 - INFO - sentinel2.py:78 - 14/16 - S2A_MSIL2A_20201010T092031_R093_T34SEJ_20201027T125115 -> Not Found
2025-08-18 17:33:42,332 - INFO - sentinel2.py:78 - 15/16 - S2A_MSIL2A_20201010T092031_R093_T34SEH_20201027T125115 -> Not Found
2025-08-18 17:33:49,729 - INFO - sentinel2.py:78 - 16/16 - S2B_MSIL2A_20201005T092029_R093_T34SEH_20201007T111610 -> Not Found
2025-08-18 17:33:49,804 - INFO - composites.py:250 -                                  
2025-08-18 17:33:49,804 - INFO - composites.py:251 - 0/16 were refined by GRI.
2025-08-18 17:33:49,804 - WARNING - composites.py:255 - Tile x09_y11 | Time: 2020-10: All scenes are flagged NOT REFINED.
2025-08-18 17:33:49,804 - WARNING - composites.py:256 - Tile x09_y11 | Time: 2020-10: The composite will be flagged with _NOREFINED.
2025-08-18 17:33:49,804 - INFO - composites.py:263 - Looking for up to 10 cleanest images within spatiotemporal range of each MGRS tile
2025-08-18 17:33:49,805 - INFO - composites.py:277 - Filtered cleanest scenes: Kept 16 out of 16 items. 
2025-08-18 17:33:49,805 - INFO - composites.py:278 -         Included MGRS Tiles: ['34SEH' '34SEJ' '34SFH' '34SFJ']
2025-08-18 17:33:49,805 - INFO - composites.py:279 -         Included EPSG codes: [32634]
2025-08-18 17:33:49,805 - INFO - composites.py:281 - Selected scenes:
2025-08-18 17:33:49,805 - INFO - composites.py:283 -         S2A_MSIL2A_20201010T092031_R093_T34SEH_20201027T125115
2025-08-18 17:33:49,805 - INFO - composites.py:283 -         S2A_MSIL2A_20201020T092031_R093_T34SEH_20201027T143214
2025-08-18 17:33:49,805 - INFO - composites.py:283 -         S2B_MSIL2A_20201015T092029_R093_T34SEH_20201019T081055
2025-08-18 17:33:49,806 - INFO - composites.py:283 -         S2B_MSIL2A_20201005T092029_R093_T34SEH_20201007T111610
2025-08-18 17:33:49,806 - INFO - composites.py:283 -         S2B_MSIL2A_20201025T092029_R093_T34SEH_20201030T072325
2025-08-18 17:33:49,806 - INFO - composites.py:283 -         S2A_MSIL2A_20201030T092121_R093_T34SEH_20201101T231357
2025-08-18 17:33:49,807 - INFO - composites.py:283 -         S2A_MSIL2A_20201010T092031_R093_T34SEJ_20201027T125115
2025-08-18 17:33:49,807 - INFO - composites.py:283 -         S2A_MSIL2A_20201020T092031_R093_T34SEJ_20201021T194215
2025-08-18 17:33:49,807 - INFO - composites.py:283 -         S2B_MSIL2A_20201015T092029_R093_T34SEJ_20201019T081043
2025-08-18 17:33:49,807 - INFO - composites.py:283 -         S2B_MSIL2A_20201025T092029_R093_T34SEJ_20201030T072638
2025-08-18 17:33:49,807 - INFO - composites.py:283 -         S2A_MSIL2A_20201010T092031_R093_T34SFH_20201011T224244
2025-08-18 17:33:49,807 - INFO - composites.py:283 -         S2B_MSIL2A_20201015T092029_R093_T34SFH_20201019T081054
2025-08-18 17:33:49,807 - INFO - composites.py:283 -         S2B_MSIL2A_20201025T092029_R093_T34SFH_20201030T072936
2025-08-18 17:33:49,807 - INFO - composites.py:283 -         S2A_MSIL2A_20201010T092031_R093_T34SFJ_20201011T224418
2025-08-18 17:33:49,807 - INFO - composites.py:283 -         S2B_MSIL2A_20201015T092029_R093_T34SFJ_20201027T130221
2025-08-18 17:33:49,807 - INFO - composites.py:283 -         S2B_MSIL2A_20201025T092029_R093_T34SFJ_20201030T072550
2025-08-18 17:33:50,446 - INFO - sentinel2.py:154 - Matplotlib backend: Agg
2025-08-18 17:33:50,708 - INFO - sentinel2.py:224 - Write input scenes footprint overlay: //nas-rs.topo.auth.gr/Latomeia/DROUGHT/COMPOS/2020/10/x09_y11/S2L2A_medcomp_x09_y11_202010_InDataFootprint.jpeg
2025-08-18 17:33:50,982 - INFO - composites.py:297 -                                  
2025-08-18 17:33:50,983 - INFO - composites.py:298 - Downstream STAC items from Planetary Computer
2025-08-18 17:33:50,983 - INFO - timeseries_processing.py:114 -                                  
2025-08-18 17:33:50,983 - INFO - timeseries_processing.py:115 - Loading bands of diferent resolutions in EPSG:32634
2025-08-18 17:33:50,983 - INFO - timeseries_processing.py:119 -     Filtering items with native UTM EPSG:32634
2025-08-18 17:33:50,983 - INFO - timeseries_processing.py:121 -     16 Items in EPSG:32634
2025-08-18 17:33:50,983 - INFO - timeseries_processing.py:128 -                        
2025-08-18 17:33:50,983 - INFO - timeseries_processing.py:129 -     Loading parameters:
2025-08-18 17:33:50,983 - INFO - timeseries_processing.py:130 -         Bands: ['B05', 'B07', 'B8A', 'SCL']
2025-08-18 17:33:50,983 - INFO - timeseries_processing.py:131 -         Spatial resolution: 20
2025-08-18 17:33:50,983 - INFO - timeseries_processing.py:133 -         Get Assets from STAC Items
2025-08-18 17:33:50,983 - INFO - timeseries_processing.py:46 -         Initialize the STAC client
2025-08-18 17:33:51,566 - INFO - timeseries_processing.py:136 -         Loading 16 STAC Items....
2025-08-18 17:34:47,575 - INFO - timeseries_processing.py:158 -         Cube has been downloaded
2025-08-18 17:34:47,575 - INFO - timeseries_processing.py:167 -         Fix order of dimensions
2025-08-18 17:34:47,577 - INFO - timeseries_processing.py:172 -         Append bands to the band-list of EPSG:32634
2025-08-18 17:34:47,577 - INFO - timeseries_processing.py:128 -                        
2025-08-18 17:34:47,577 - INFO - timeseries_processing.py:129 -     Loading parameters:
2025-08-18 17:34:47,577 - INFO - timeseries_processing.py:130 -         Bands: ['B02', 'B03', 'B04']
2025-08-18 17:34:47,577 - INFO - timeseries_processing.py:131 -         Spatial resolution: 10
2025-08-18 17:34:47,577 - INFO - timeseries_processing.py:133 -         Get Assets from STAC Items
2025-08-18 17:34:47,578 - INFO - timeseries_processing.py:46 -         Initialize the STAC client
2025-08-18 17:34:48,151 - INFO - timeseries_processing.py:136 -         Loading 16 STAC Items....
2025-08-18 17:36:46,227 - INFO - timeseries_processing.py:158 -         Cube has been downloaded
2025-08-18 17:36:46,228 - INFO - timeseries_processing.py:161 -         Downsample 10m bands to 20m by average 2x2 binning
2025-08-18 17:36:55,004 - INFO - timeseries_processing.py:164 -         Warp (reproject) 2x2 binned bands to match shape of native 20m bands: method=bilinear
2025-08-18 17:37:01,454 - INFO - timeseries_processing.py:172 -         Append bands to the band-list of EPSG:32634
2025-08-18 17:37:01,454 - INFO - timeseries_processing.py:176 -                        
2025-08-18 17:37:01,454 - INFO - timeseries_processing.py:177 -     Merging bands in a single dataset
2025-08-18 17:37:01,454 - INFO - timeseries_processing.py:178 -     Ensure all partial datasets are at (x=20, y=-20) resolution
2025-08-18 17:37:01,456 - INFO - timeseries_processing.py:182 -     Clip to the intersection of indexes
2025-08-18 17:37:02,671 - INFO - timeseries_processing.py:191 -     Make a list of bands to merge
2025-08-18 17:37:02,672 - INFO - timeseries_processing.py:195 -     Merge on intersection
2025-08-18 17:37:02,676 - INFO - timeseries_processing.py:203 -     Apply masks on clouds, shadows, thin cirrus, and snow/ice
2025-08-18 17:37:02,676 - INFO - sentinel2.py:122 -                Masking bits: [3, 7, 8, 9, 10, 11]
2025-08-18 17:37:03,537 - INFO - timeseries_processing.py:209 -     Reproject to Tiling Schema projection EPSG:3035
2025-08-18 17:37:12,268 - INFO - composites.py:307 - Clip and align to tile geometry
2025-08-18 17:37:15,159 - INFO - composites.py:340 - Creating preview plot of input scenes
2025-08-18 17:37:46,535 - INFO - timeseries_processing.py:367 - Saved preview for 'B04' to //nas-rs.topo.auth.gr/Latomeia/DROUGHT/COMPOS/2020/10/x09_y11/S2L2A_medcomp_x09_y11_202010_InDataPreview.jpeg
2025-08-18 17:37:46,546 - INFO - composites.py:346 - Clip value range
2025-08-18 17:37:47,848 - INFO - composites.py:351 -                           
2025-08-18 17:37:47,849 - INFO - composites.py:352 - Computing spectral indices:
2025-08-18 17:37:47,849 - INFO - composites.py:355 -     EVI...
2025-08-18 17:37:48,679 - INFO - composites.py:357 -     NDVI...
2025-08-18 17:37:48,850 - INFO - composites.py:359 -     PSRI2...
2025-08-18 17:37:49,092 - INFO - composites.py:362 - Clip to typical value range
2025-08-18 17:37:49,444 - INFO - composites.py:369 - Reducing to median value temporal composite
2025-08-18 17:38:18,353 - INFO - composites.py:388 - Define data types and nodata per band
2025-08-18 17:38:18,511 - INFO - composites.py:409 - Assign time range and tile ID in metadata
2025-08-18 17:38:18,511 - INFO - composites.py:417 - Write bands to raster COG files
2025-08-18 17:38:23,141 - INFO - composites.py:430 - Write B02 -> //nas-rs.topo.auth.gr/Latomeia/DROUGHT/COMPOS/2020/10/x09_y11/S2L2A_medcomp_x09_y11_202010_B02.tif
2025-08-18 17:38:27,929 - INFO - composites.py:430 - Write B03 -> //nas-rs.topo.auth.gr/Latomeia/DROUGHT/COMPOS/2020/10/x09_y11/S2L2A_medcomp_x09_y11_202010_B03.tif
2025-08-18 17:38:32,597 - INFO - composites.py:430 - Write B04 -> //nas-rs.topo.auth.gr/Latomeia/DROUGHT/COMPOS/2020/10/x09_y11/S2L2A_medcomp_x09_y11_202010_B04.tif
2025-08-18 17:38:37,263 - INFO - composites.py:430 - Write B05 -> //nas-rs.topo.auth.gr/Latomeia/DROUGHT/COMPOS/2020/10/x09_y11/S2L2A_medcomp_x09_y11_202010_B05.tif
2025-08-18 17:38:41,917 - INFO - composites.py:430 - Write B07 -> //nas-rs.topo.auth.gr/Latomeia/DROUGHT/COMPOS/2020/10/x09_y11/S2L2A_medcomp_x09_y11_202010_B07.tif
2025-08-18 17:38:46,783 - INFO - composites.py:430 - Write B8A -> //nas-rs.topo.auth.gr/Latomeia/DROUGHT/COMPOS/2020/10/x09_y11/S2L2A_medcomp_x09_y11_202010_B8A.tif
2025-08-18 17:38:51,436 - INFO - composites.py:430 - Write EVI -> //nas-rs.topo.auth.gr/Latomeia/DROUGHT/COMPOS/2020/10/x09_y11/S2L2A_medcomp_x09_y11_202010_evi.tif
2025-08-18 17:38:56,070 - INFO - composites.py:430 - Write NDVI -> //nas-rs.topo.auth.gr/Latomeia/DROUGHT/COMPOS/2020/10/x09_y11/S2L2A_medcomp_x09_y11_202010_ndvi.tif
2025-08-18 17:39:00,689 - INFO - composites.py:430 - Write PSRI2 -> //nas-rs.topo.auth.gr/Latomeia/DROUGHT/COMPOS/2020/10/x09_y11/S2L2A_medcomp_x09_y11_202010_psri2.tif
2025-08-18 17:39:00,689 - INFO - composites.py:434 - Prepare metadata YAML document
2025-08-18 17:39:01,598 - INFO - composites.py:455 - Write metadata YAML document to disk
2025-08-18 17:39:01,627 - INFO - composites.py:460 - Create datacube.model.Dataset from eo3 metadata
2025-08-18 17:39:01,638 - INFO - composites.py:471 - Index to datacube
2025-08-18 17:39:01,638 - INFO - _datasets.py:191 - Indexing 1a570399-64ba-48e2-8b49-205feaf16f7c
2025-08-18 17:39:01,647 - INFO - composites.py:474 - 
2025-08-18 17:39:01,647 - INFO - composites.py:475 -              ✔✔✔ COMPLETED: Tile x09_y11 | Time: 2020-10 | In 7.6 minutes
2025-08-18 17:39:01,647 - INFO - composites.py:476 - 
2025-08-18 17:39:01,647 - INFO - composites.py:484 - Closing Dask client
2025-08-18 17:39:01,655 - INFO - composites.py:488 - Closing Dask cluster
2025-08-18 17:39:01,656 - INFO - composites.py:489 - #######################################################################
