2025-08-26 08:01:59,963 - INFO - composites.py:102 - #######################################################################
2025-08-26 08:01:59,963 - INFO - composites.py:104 - Processing started
2025-08-26 08:01:59,963 - INFO - composites.py:105 -         Tile: x08_y12
2025-08-26 08:01:59,963 - INFO - composites.py:106 -         Time: 2020-06
2025-08-26 08:01:59,963 - INFO - composites.py:109 -                           
2025-08-26 08:01:59,963 - INFO - composites.py:110 - Establishing connection to datacube
2025-08-26 08:02:00,526 - INFO - composites.py:113 -                           
2025-08-26 08:02:00,526 - INFO - composites.py:114 - Sanity test: Check if dataset already exists in the datacube
2025-08-26 08:02:00,544 - INFO - composites.py:133 - The composite requested was not found and it will be computed
2025-08-26 08:02:00,544 - INFO - composites.py:136 -                                  
2025-08-26 08:02:00,544 - INFO - composites.py:137 - Initializing Dask cluster for parallelization
2025-08-26 08:02:05,647 - INFO - composites.py:161 - Dask dashboard is available at: http://127.0.0.1:8787/status
2025-08-26 08:02:05,647 - INFO - composites.py:164 - Create directories and naming conversions
2025-08-26 08:02:05,659 - INFO - composites.py:177 - Dataset location: //nas-rs.topo.auth.gr/Latomeia/DROUGHT/composites/x08/y12/2020/06/01
2025-08-26 08:02:05,659 - INFO - composites.py:180 -                           
2025-08-26 08:02:05,659 - INFO - composites.py:181 - Retrieve tile geometry
2025-08-26 08:02:05,688 - INFO - composites.py:192 - Create the Bounding Box (φ,λ)
2025-08-26 08:02:05,688 - INFO - composites.py:198 - Create the Bounding Box (x,y)
2025-08-26 08:02:05,689 - INFO - composites.py:211 -                           
2025-08-26 08:02:05,689 - INFO - composites.py:212 - Connect to Planetary Computer STAC Catalog
2025-08-26 08:02:05,946 - INFO - composites.py:220 - Search the STAC Catalog
2025-08-26 08:02:06,013 - INFO - composites.py:232 -         Query parameters:
2025-08-26 08:02:06,013 - INFO - composites.py:233 -             url:          https://planetarycomputer.microsoft.com/api/stac/v1/search
2025-08-26 08:02:06,013 - INFO - composites.py:234 -             client:       microsoft-pc
2025-08-26 08:02:06,013 - INFO - composites.py:235 -             collection:   sentinel-2-l2a
2025-08-26 08:02:06,013 - INFO - composites.py:236 -             bbox:         (21.54502923200265, 38.72053801140399, 22.218704170873913, 39.26725432685642)
2025-08-26 08:02:06,013 - INFO - composites.py:237 -             time range:   2020-06-01T00:00:00Z/2020-06-30T23:59:59Z
2025-08-26 08:02:06,013 - INFO - composites.py:238 -             cloud cover:  0% - 70%
2025-08-26 08:02:06,013 - INFO - composites.py:239 -             nodata cover: 0% - 33%
2025-08-26 08:02:06,013 - INFO - composites.py:241 -                           
2025-08-26 08:02:06,013 - INFO - composites.py:242 - Searching...
2025-08-26 08:02:06,468 - INFO - composites.py:245 - Query found 24 items
2025-08-26 08:02:06,468 - INFO - composites.py:247 - Searching for GRI REFINED scenes:
2025-08-26 08:02:08,477 - INFO - sentinel2.py:78 - 1/24 - S2B_MSIL2A_20200627T092029_R093_T34SFJ_20200824T084052 -> Not Found
2025-08-26 08:02:10,424 - INFO - sentinel2.py:78 - 2/24 - S2B_MSIL2A_20200627T092029_R093_T34SFH_20200824T084050 -> Not Found
2025-08-26 08:02:12,628 - INFO - sentinel2.py:78 - 3/24 - S2B_MSIL2A_20200627T092029_R093_T34SEJ_20200824T084052 -> Not Found
2025-08-26 08:02:14,606 - INFO - sentinel2.py:78 - 4/24 - S2B_MSIL2A_20200627T092029_R093_T34SEH_20200908T172923 -> Not Found
2025-08-26 08:02:16,554 - INFO - sentinel2.py:78 - 5/24 - S2A_MSIL2A_20200622T092031_R093_T34SFJ_20200823T155859 -> Not Found
2025-08-26 08:02:18,509 - INFO - sentinel2.py:78 - 6/24 - S2A_MSIL2A_20200622T092031_R093_T34SFH_20200823T155905 -> Not Found
2025-08-26 08:02:21,384 - INFO - sentinel2.py:78 - 7/24 - S2A_MSIL2A_20200622T092031_R093_T34SEJ_20200823T155851 -> Not Found
2025-08-26 08:02:23,274 - INFO - sentinel2.py:78 - 8/24 - S2A_MSIL2A_20200622T092031_R093_T34SEH_20200823T155855 -> Not Found
2025-08-26 08:02:25,500 - INFO - sentinel2.py:78 - 9/24 - S2B_MSIL2A_20200617T092029_R093_T34SFJ_20200823T030300 -> Not Found
2025-08-26 08:02:27,816 - INFO - sentinel2.py:78 - 10/24 - S2B_MSIL2A_20200617T092029_R093_T34SFH_20200908T173003 -> Not Found
2025-08-26 08:02:29,681 - INFO - sentinel2.py:78 - 11/24 - S2B_MSIL2A_20200617T092029_R093_T34SEJ_20200908T172926 -> Not Found
2025-08-26 08:02:31,482 - INFO - sentinel2.py:78 - 12/24 - S2B_MSIL2A_20200617T092029_R093_T34SEH_20200908T172928 -> Not Found
2025-08-26 08:02:33,636 - INFO - sentinel2.py:78 - 13/24 - S2A_MSIL2A_20200612T092041_R093_T34SFJ_20200827T020832 -> Not Found
2025-08-26 08:02:35,641 - INFO - sentinel2.py:78 - 14/24 - S2A_MSIL2A_20200612T092041_R093_T34SFH_20200827T020830 -> Not Found
2025-08-26 08:02:37,461 - INFO - sentinel2.py:78 - 15/24 - S2A_MSIL2A_20200612T092041_R093_T34SEJ_20200827T020825 -> Not Found
2025-08-26 08:02:39,214 - INFO - sentinel2.py:78 - 16/24 - S2A_MSIL2A_20200612T092041_R093_T34SEH_20200827T020824 -> Not Found
2025-08-26 08:02:41,204 - INFO - sentinel2.py:78 - 17/24 - S2B_MSIL2A_20200607T092029_R093_T34SFJ_20200826T124948 -> Not Found
2025-08-26 08:02:43,193 - INFO - sentinel2.py:78 - 18/24 - S2B_MSIL2A_20200607T092029_R093_T34SFH_20201101T142239 -> Not Found
2025-08-26 08:02:45,326 - INFO - sentinel2.py:78 - 19/24 - S2B_MSIL2A_20200607T092029_R093_T34SEJ_20200826T124945 -> Not Found
2025-08-26 08:02:47,335 - INFO - sentinel2.py:78 - 20/24 - S2B_MSIL2A_20200607T092029_R093_T34SEH_20200826T124948 -> Not Found
2025-08-26 08:02:50,885 - INFO - sentinel2.py:78 - 21/24 - S2A_MSIL2A_20200602T092041_R093_T34SFJ_20200825T202002 -> Not Found
2025-08-26 08:02:52,737 - INFO - sentinel2.py:78 - 22/24 - S2A_MSIL2A_20200602T092041_R093_T34SFH_20200825T202003 -> Not Found
2025-08-26 08:02:54,601 - INFO - sentinel2.py:78 - 23/24 - S2A_MSIL2A_20200602T092041_R093_T34SEJ_20200825T202002 -> Not Found
2025-08-26 08:02:56,722 - INFO - sentinel2.py:78 - 24/24 - S2A_MSIL2A_20200602T092041_R093_T34SEH_20200825T201959 -> Not Found
2025-08-26 08:02:56,741 - INFO - composites.py:250 -                                  
2025-08-26 08:02:56,741 - INFO - composites.py:251 - 0/24 were refined by GRI.
2025-08-26 08:02:56,741 - WARNING - composites.py:255 - Tile x08_y12 | Time: 2020-06: All scenes are flagged NOT REFINED.
2025-08-26 08:02:56,743 - WARNING - composites.py:256 - Tile x08_y12 | Time: 2020-06: The composite will be flagged with _NOREFINED.
2025-08-26 08:02:56,743 - INFO - composites.py:263 - Looking for up to 10 cleanest images within spatiotemporal range of each MGRS tile
2025-08-26 08:02:56,743 - INFO - composites.py:277 - Filtered cleanest scenes: Kept 24 out of 24 items. 
2025-08-26 08:02:56,744 - INFO - composites.py:278 -         Included MGRS Tiles: ['34SEH' '34SEJ' '34SFH' '34SFJ']
2025-08-26 08:02:56,744 - INFO - composites.py:279 -         Included EPSG codes: [32634]
2025-08-26 08:02:56,744 - INFO - composites.py:281 - Selected scenes:
2025-08-26 08:02:56,744 - INFO - composites.py:283 -         S2B_MSIL2A_20200627T092029_R093_T34SEH_20200908T172923
2025-08-26 08:02:56,744 - INFO - composites.py:283 -         S2A_MSIL2A_20200612T092041_R093_T34SEH_20200827T020824
2025-08-26 08:02:56,744 - INFO - composites.py:283 -         S2B_MSIL2A_20200607T092029_R093_T34SEH_20200826T124948
2025-08-26 08:02:56,744 - INFO - composites.py:283 -         S2A_MSIL2A_20200602T092041_R093_T34SEH_20200825T201959
2025-08-26 08:02:56,744 - INFO - composites.py:283 -         S2A_MSIL2A_20200622T092031_R093_T34SEH_20200823T155855
2025-08-26 08:02:56,744 - INFO - composites.py:283 -         S2B_MSIL2A_20200617T092029_R093_T34SEH_20200908T172928
2025-08-26 08:02:56,744 - INFO - composites.py:283 -         S2B_MSIL2A_20200607T092029_R093_T34SEJ_20200826T124945
2025-08-26 08:02:56,744 - INFO - composites.py:283 -         S2B_MSIL2A_20200627T092029_R093_T34SEJ_20200824T084052
2025-08-26 08:02:56,744 - INFO - composites.py:283 -         S2A_MSIL2A_20200612T092041_R093_T34SEJ_20200827T020825
2025-08-26 08:02:56,744 - INFO - composites.py:283 -         S2A_MSIL2A_20200602T092041_R093_T34SEJ_20200825T202002
2025-08-26 08:02:56,744 - INFO - composites.py:283 -         S2B_MSIL2A_20200617T092029_R093_T34SEJ_20200908T172926
2025-08-26 08:02:56,744 - INFO - composites.py:283 -         S2A_MSIL2A_20200622T092031_R093_T34SEJ_20200823T155851
2025-08-26 08:02:56,744 - INFO - composites.py:283 -         S2B_MSIL2A_20200627T092029_R093_T34SFH_20200824T084050
2025-08-26 08:02:56,744 - INFO - composites.py:283 -         S2A_MSIL2A_20200612T092041_R093_T34SFH_20200827T020830
2025-08-26 08:02:56,744 - INFO - composites.py:283 -         S2B_MSIL2A_20200617T092029_R093_T34SFH_20200908T173003
2025-08-26 08:02:56,744 - INFO - composites.py:283 -         S2B_MSIL2A_20200607T092029_R093_T34SFH_20201101T142239
2025-08-26 08:02:56,744 - INFO - composites.py:283 -         S2A_MSIL2A_20200602T092041_R093_T34SFH_20200825T202003
2025-08-26 08:02:56,744 - INFO - composites.py:283 -         S2A_MSIL2A_20200622T092031_R093_T34SFH_20200823T155905
2025-08-26 08:02:56,744 - INFO - composites.py:283 -         S2A_MSIL2A_20200612T092041_R093_T34SFJ_20200827T020832
2025-08-26 08:02:56,744 - INFO - composites.py:283 -         S2B_MSIL2A_20200607T092029_R093_T34SFJ_20200826T124948
2025-08-26 08:02:56,744 - INFO - composites.py:283 -         S2B_MSIL2A_20200627T092029_R093_T34SFJ_20200824T084052
2025-08-26 08:02:56,744 - INFO - composites.py:283 -         S2B_MSIL2A_20200617T092029_R093_T34SFJ_20200823T030300
2025-08-26 08:02:56,744 - INFO - composites.py:283 -         S2A_MSIL2A_20200602T092041_R093_T34SFJ_20200825T202002
2025-08-26 08:02:56,744 - INFO - composites.py:283 -         S2A_MSIL2A_20200622T092031_R093_T34SFJ_20200823T155859
2025-08-26 08:02:57,113 - INFO - sentinel2.py:154 - Matplotlib backend: Agg
2025-08-26 08:02:57,446 - INFO - sentinel2.py:224 - Write input scenes footprint overlay: //nas-rs.topo.auth.gr/Latomeia/DROUGHT/composites/x08/y12/2020/06/01/S2L2A_medcomp_x08y12_202006_InDataFootprint.jpeg
2025-08-26 08:02:57,696 - INFO - composites.py:297 -                                  
2025-08-26 08:02:57,696 - INFO - composites.py:298 - Downstream STAC items from Planetary Computer
2025-08-26 08:02:57,696 - INFO - timeseries_processing.py:115 -                                  
2025-08-26 08:02:57,696 - INFO - timeseries_processing.py:116 - Loading bands of diferent resolutions in EPSG:32634
2025-08-26 08:02:57,696 - INFO - timeseries_processing.py:120 -     Filtering items with native UTM EPSG:32634
2025-08-26 08:02:57,696 - INFO - timeseries_processing.py:122 -     24 Items in EPSG:32634
2025-08-26 08:02:57,696 - INFO - timeseries_processing.py:129 -                        
2025-08-26 08:02:57,696 - INFO - timeseries_processing.py:130 -     Loading parameters:
2025-08-26 08:02:57,696 - INFO - timeseries_processing.py:131 -         Bands: ['B05', 'B07', 'B8A', 'SCL']
2025-08-26 08:02:57,696 - INFO - timeseries_processing.py:132 -         Spatial resolution: 20
2025-08-26 08:02:57,696 - INFO - timeseries_processing.py:134 -         Get Assets from STAC Items
2025-08-26 08:02:57,696 - INFO - timeseries_processing.py:47 -         Initialize the STAC client
2025-08-26 08:02:58,301 - INFO - timeseries_processing.py:137 -         Loading 24 STAC Items....
2025-08-26 08:03:30,983 - INFO - timeseries_processing.py:146 -         Cube has been downloaded
2025-08-26 08:03:30,983 - INFO - timeseries_processing.py:156 -         Fix order of dimensions
2025-08-26 08:03:30,985 - INFO - timeseries_processing.py:161 -         Append bands to the band-list of EPSG:32634
2025-08-26 08:03:30,985 - INFO - timeseries_processing.py:129 -                        
2025-08-26 08:03:30,986 - INFO - timeseries_processing.py:130 -     Loading parameters:
2025-08-26 08:03:30,986 - INFO - timeseries_processing.py:131 -         Bands: ['B02', 'B03', 'B04']
2025-08-26 08:03:30,986 - INFO - timeseries_processing.py:132 -         Spatial resolution: 10
2025-08-26 08:03:30,986 - INFO - timeseries_processing.py:134 -         Get Assets from STAC Items
2025-08-26 08:03:30,986 - INFO - timeseries_processing.py:47 -         Initialize the STAC client
2025-08-26 08:03:31,541 - INFO - timeseries_processing.py:137 -         Loading 24 STAC Items....
2025-08-26 08:05:55,967 - INFO - timeseries_processing.py:146 -         Cube has been downloaded
2025-08-26 08:05:55,967 - INFO - timeseries_processing.py:149 -         Reproject to downsample 10m bands to 20m by Resampling.average 2x2 binning and shape matching with odc.geo.GeoBox
2025-08-26 08:06:04,990 - INFO - timeseries_processing.py:161 -         Append bands to the band-list of EPSG:32634
2025-08-26 08:06:04,990 - INFO - timeseries_processing.py:165 -                        
2025-08-26 08:06:04,990 - INFO - timeseries_processing.py:166 -     Merging bands in a single dataset
2025-08-26 08:06:04,990 - INFO - timeseries_processing.py:167 -     Ensure all partial datasets are at (x=20, y=-20) resolution
2025-08-26 08:06:04,990 - INFO - timeseries_processing.py:171 -     Clip to the intersection of indexes
2025-08-26 08:06:06,280 - INFO - timeseries_processing.py:180 -     Make a list of bands to merge
2025-08-26 08:06:06,282 - INFO - timeseries_processing.py:184 -     Merge on intersection
2025-08-26 08:06:06,284 - INFO - timeseries_processing.py:192 -     Apply masks on clouds, shadows, thin cirrus, and snow/ice
2025-08-26 08:06:06,284 - INFO - sentinel2.py:122 -                Masking bits: [3, 7, 8, 9, 10, 11]
2025-08-26 08:06:07,038 - INFO - composites.py:307 - Reproject from UTM Zone to Tile geometry -> CRS(EPSG:32634), Resampling.bilinear
2025-08-26 08:06:10,957 - INFO - composites.py:310 -     New shape of datasets: Shape2d(x=2400, y=2400)
2025-08-26 08:06:11,567 - INFO - composites.py:342 - Creating preview plot of input scenes
2025-08-26 08:06:37,110 - INFO - timeseries_processing.py:349 - Saved preview for 'B04' to //nas-rs.topo.auth.gr/Latomeia/DROUGHT/composites/x08/y12/2020/06/01/S2L2A_medcomp_x08y12_202006_InDataPreview.jpeg
2025-08-26 08:06:37,125 - INFO - composites.py:348 - Clip value range
2025-08-26 08:06:38,385 - INFO - composites.py:353 -                           
2025-08-26 08:06:38,386 - INFO - composites.py:354 - Computing spectral indices:
2025-08-26 08:06:38,387 - INFO - composites.py:357 -     EVI...
2025-08-26 08:06:39,098 - INFO - composites.py:359 -     NDVI...
2025-08-26 08:06:39,393 - INFO - composites.py:361 -     PSRI2...
2025-08-26 08:06:39,583 - INFO - composites.py:364 - Clip to typical value range
2025-08-26 08:06:39,786 - INFO - composites.py:371 - Reducing to median value temporal composite
2025-08-26 08:07:05,197 - INFO - composites.py:390 - Scale and Define data types & nodata per band
2025-08-26 08:07:05,380 - INFO - composites.py:411 - Assign time range and tile ID in metadata
2025-08-26 08:07:05,380 - INFO - composites.py:419 - Write bands to raster COG files
2025-08-26 08:07:09,403 - INFO - composites.py:432 - Write B02 -> //nas-rs.topo.auth.gr/Latomeia/DROUGHT/composites/x08/y12/2020/06/01/S2L2A_medcomp_x08y12_202006_B02.tif
2025-08-26 08:07:13,417 - INFO - composites.py:432 - Write B03 -> //nas-rs.topo.auth.gr/Latomeia/DROUGHT/composites/x08/y12/2020/06/01/S2L2A_medcomp_x08y12_202006_B03.tif
2025-08-26 08:07:17,437 - INFO - composites.py:432 - Write B04 -> //nas-rs.topo.auth.gr/Latomeia/DROUGHT/composites/x08/y12/2020/06/01/S2L2A_medcomp_x08y12_202006_B04.tif
2025-08-26 08:07:21,367 - INFO - composites.py:432 - Write B05 -> //nas-rs.topo.auth.gr/Latomeia/DROUGHT/composites/x08/y12/2020/06/01/S2L2A_medcomp_x08y12_202006_B05.tif
2025-08-26 08:07:25,383 - INFO - composites.py:432 - Write B07 -> //nas-rs.topo.auth.gr/Latomeia/DROUGHT/composites/x08/y12/2020/06/01/S2L2A_medcomp_x08y12_202006_B07.tif
2025-08-26 08:07:29,454 - INFO - composites.py:432 - Write B8A -> //nas-rs.topo.auth.gr/Latomeia/DROUGHT/composites/x08/y12/2020/06/01/S2L2A_medcomp_x08y12_202006_B8A.tif
2025-08-26 08:07:33,445 - INFO - composites.py:432 - Write EVI -> //nas-rs.topo.auth.gr/Latomeia/DROUGHT/composites/x08/y12/2020/06/01/S2L2A_medcomp_x08y12_202006_EVI.tif
2025-08-26 08:07:37,426 - INFO - composites.py:432 - Write NDVI -> //nas-rs.topo.auth.gr/Latomeia/DROUGHT/composites/x08/y12/2020/06/01/S2L2A_medcomp_x08y12_202006_NDVI.tif
2025-08-26 08:07:41,770 - INFO - composites.py:432 - Write PSRI2 -> //nas-rs.topo.auth.gr/Latomeia/DROUGHT/composites/x08/y12/2020/06/01/S2L2A_medcomp_x08y12_202006_PSRI2.tif
2025-08-26 08:07:41,770 - INFO - composites.py:436 - Prepare metadata YAML document
2025-08-26 08:07:42,264 - INFO - composites.py:458 - Write metadata YAML document to disk
2025-08-26 08:07:42,289 - INFO - composites.py:463 - Create datacube.model.Dataset from eo3 metadata
2025-08-26 08:07:42,300 - INFO - composites.py:474 - Index to datacube
2025-08-26 08:07:42,300 - INFO - _datasets.py:191 - Indexing e60e47b7-3454-43fd-814d-4300afc6e6e7
2025-08-26 08:07:42,308 - INFO - composites.py:477 - 
2025-08-26 08:07:42,308 - INFO - composites.py:478 -              ✔✔✔ COMPLETED: Tile x08_y12 | Time: 2020-06 | In 5.71 minutes
2025-08-26 08:07:42,308 - INFO - composites.py:479 - 
2025-08-26 08:07:42,308 - INFO - composites.py:487 - Closing Dask client
2025-08-26 08:07:42,310 - INFO - composites.py:491 - Closing Dask cluster
2025-08-26 08:07:42,310 - INFO - composites.py:492 - #######################################################################
