2025-08-20 18:17:13,783 - INFO - composites.py:100 - #######################################################################
2025-08-20 18:17:13,783 - INFO - composites.py:102 - Processing started
2025-08-20 18:17:13,783 - INFO - composites.py:103 -         Tile: x09_y08
2025-08-20 18:17:13,783 - INFO - composites.py:104 -         Time: 2022-03
2025-08-20 18:17:13,783 - INFO - composites.py:107 -                           
2025-08-20 18:17:13,783 - INFO - composites.py:108 - Establishing connection to datacube
2025-08-20 18:17:14,771 - INFO - composites.py:111 -                           
2025-08-20 18:17:14,772 - INFO - composites.py:112 - Sanity test: Check if dataset already exists in the datacube
2025-08-20 18:17:14,794 - INFO - composites.py:131 - The composite requested was not found and it will be computed
2025-08-20 18:17:14,794 - INFO - composites.py:134 -                                  
2025-08-20 18:17:14,794 - INFO - composites.py:135 - Initializing Dask cluster for parallelization
2025-08-20 18:17:20,858 - INFO - composites.py:159 - Dask dashboard is available at: http://127.0.0.1:8787/status
2025-08-20 18:17:20,858 - INFO - composites.py:162 - Create directories and naming conversions
2025-08-20 18:17:20,864 - INFO - composites.py:173 - Dataset location: //nas-rs.topo.auth.gr/Latomeia/DROUGHT/COMPOS/2022/03/x09_y08
2025-08-20 18:17:20,864 - INFO - composites.py:176 -                           
2025-08-20 18:17:20,864 - INFO - composites.py:177 - Retrieve tile geometry
2025-08-20 18:17:20,906 - INFO - composites.py:188 - Create the Bounding Box (φ,λ)
2025-08-20 18:17:20,906 - INFO - composites.py:194 - Create the Bounding Box (x,y)
2025-08-20 18:17:20,906 - INFO - composites.py:207 -                           
2025-08-20 18:17:20,906 - INFO - composites.py:208 - Connect to Planetary Computer STAC Catalog
2025-08-20 18:17:21,123 - INFO - composites.py:216 - Search the STAC Catalog
2025-08-20 18:17:21,194 - INFO - composites.py:228 -         Query parameters:
2025-08-20 18:17:21,194 - INFO - composites.py:229 -             url:          https://planetarycomputer.microsoft.com/api/stac/v1/search
2025-08-20 18:17:21,194 - INFO - composites.py:230 -             client:       microsoft-pc
2025-08-20 18:17:21,201 - INFO - composites.py:231 -             collection:   sentinel-2-l2a
2025-08-20 18:17:21,201 - INFO - composites.py:232 -             bbox:         (21.785902966726763, 36.9335162299011, 22.443294721420678, 37.482058720351276)
2025-08-20 18:17:21,201 - INFO - composites.py:233 -             time range:   2022-03-01T00:00:00Z/2022-03-31T23:59:59Z
2025-08-20 18:17:21,201 - INFO - composites.py:234 -             cloud cover:  0% - 70%
2025-08-20 18:17:21,201 - INFO - composites.py:235 -             nodata cover: 0% - 33%
2025-08-20 18:17:21,201 - INFO - composites.py:237 -                           
2025-08-20 18:17:21,201 - INFO - composites.py:238 - Searching...
2025-08-20 18:17:21,718 - INFO - composites.py:241 - Query found 29 items
2025-08-20 18:17:21,718 - INFO - composites.py:243 - Searching for GRI REFINED scenes:
2025-08-20 18:17:28,104 - INFO - sentinel2.py:78 - 1/29 - S2B_MSIL2A_20220329T092029_R093_T34SFG_20240530T212441 -> REFINED
2025-08-20 18:17:34,338 - INFO - sentinel2.py:78 - 2/29 - S2B_MSIL2A_20220329T092029_R093_T34SFG_20220330T002138 -> REFINED
2025-08-20 18:17:39,536 - INFO - sentinel2.py:78 - 3/29 - S2B_MSIL2A_20220326T090609_R050_T34SFG_20220329T220406 -> REFINED
2025-08-20 18:17:44,764 - INFO - sentinel2.py:78 - 4/29 - S2B_MSIL2A_20220326T090609_R050_T34SFF_20220329T223921 -> REFINED
2025-08-20 18:17:49,414 - INFO - sentinel2.py:78 - 5/29 - S2A_MSIL2A_20220324T092031_R093_T34SFG_20240522T111837 -> REFINED
2025-08-20 18:17:55,566 - INFO - sentinel2.py:78 - 6/29 - S2A_MSIL2A_20220324T092031_R093_T34SFG_20220324T233109 -> REFINED
2025-08-20 18:18:00,763 - INFO - sentinel2.py:78 - 7/29 - S2A_MSIL2A_20220324T092031_R093_T34SFF_20240522T111837 -> REFINED
2025-08-20 18:18:06,446 - INFO - sentinel2.py:78 - 8/29 - S2A_MSIL2A_20220324T092031_R093_T34SFF_20220325T002515 -> REFINED
2025-08-20 18:18:11,967 - INFO - sentinel2.py:78 - 9/29 - S2A_MSIL2A_20220324T092031_R093_T34SEG_20240522T111837 -> REFINED
2025-08-20 18:18:17,458 - INFO - sentinel2.py:78 - 10/29 - S2A_MSIL2A_20220324T092031_R093_T34SEG_20220325T003729 -> REFINED
2025-08-20 18:18:23,423 - INFO - sentinel2.py:78 - 11/29 - S2A_MSIL2A_20220324T092031_R093_T34SEF_20240522T111837 -> REFINED
2025-08-20 18:18:29,046 - INFO - sentinel2.py:78 - 12/29 - S2A_MSIL2A_20220324T092031_R093_T34SEF_20220324T234645 -> REFINED
2025-08-20 18:18:34,227 - INFO - sentinel2.py:78 - 13/29 - S2A_MSIL2A_20220321T090651_R050_T34SFG_20240526T023651 -> REFINED
2025-08-20 18:18:39,498 - INFO - sentinel2.py:78 - 14/29 - S2A_MSIL2A_20220321T090651_R050_T34SFG_20220321T201754 -> REFINED
2025-08-20 18:18:44,466 - INFO - sentinel2.py:78 - 15/29 - S2A_MSIL2A_20220321T090651_R050_T34SFF_20240526T023651 -> REFINED
2025-08-20 18:18:49,213 - INFO - sentinel2.py:78 - 16/29 - S2A_MSIL2A_20220321T090651_R050_T34SFF_20220321T191914 -> REFINED
2025-08-20 18:18:54,459 - INFO - sentinel2.py:78 - 17/29 - S2B_MSIL2A_20220319T092029_R093_T34SFF_20240522T052449 -> REFINED
2025-08-20 18:18:59,773 - INFO - sentinel2.py:78 - 18/29 - S2B_MSIL2A_20220319T092029_R093_T34SFF_20220319T222742 -> REFINED
2025-08-20 18:19:04,562 - INFO - sentinel2.py:78 - 19/29 - S2B_MSIL2A_20220319T092029_R093_T34SEG_20240522T052449 -> REFINED
2025-08-20 18:19:10,108 - INFO - sentinel2.py:78 - 20/29 - S2B_MSIL2A_20220319T092029_R093_T34SEG_20220319T222333 -> REFINED
2025-08-20 18:19:15,931 - INFO - sentinel2.py:78 - 21/29 - S2B_MSIL2A_20220316T090659_R050_T34SFG_20220316T204225 -> REFINED
2025-08-20 18:19:21,212 - INFO - sentinel2.py:78 - 22/29 - S2B_MSIL2A_20220316T090659_R050_T34SFF_20220316T211251 -> REFINED
2025-08-20 18:19:27,238 - INFO - sentinel2.py:78 - 23/29 - S2A_MSIL2A_20220314T092031_R093_T34SFG_20240524T021050 -> REFINED
2025-08-20 18:19:33,512 - INFO - sentinel2.py:78 - 24/29 - S2A_MSIL2A_20220314T092031_R093_T34SFG_20220314T232941 -> REFINED
2025-08-20 18:19:38,226 - INFO - sentinel2.py:78 - 25/29 - S2A_MSIL2A_20220311T090801_R050_T34SFG_20220312T061222 -> REFINED
2025-08-20 18:19:43,506 - INFO - sentinel2.py:78 - 26/29 - S2A_MSIL2A_20220311T090801_R050_T34SFF_20220312T071112 -> REFINED
2025-08-20 18:19:48,243 - INFO - sentinel2.py:78 - 27/29 - S2B_MSIL2A_20220309T092029_R093_T34SEF_20240523T003821 -> REFINED
2025-08-20 18:19:53,745 - INFO - sentinel2.py:78 - 28/29 - S2B_MSIL2A_20220309T092029_R093_T34SEF_20220309T194402 -> REFINED
2025-08-20 18:19:58,547 - INFO - sentinel2.py:78 - 29/29 - S2B_MSIL2A_20220306T090739_R050_T34SFF_20220306T172330 -> REFINED
2025-08-20 18:19:58,584 - INFO - composites.py:246 -                                  
2025-08-20 18:19:58,584 - INFO - composites.py:247 - 29/29 were refined by GRI.
2025-08-20 18:19:58,585 - INFO - composites.py:259 - Looking for up to 10 cleanest images within spatiotemporal range of each MGRS tile
2025-08-20 18:19:58,585 - INFO - composites.py:273 - Filtered cleanest scenes: Kept 28 out of 29 items. 
2025-08-20 18:19:58,586 - INFO - composites.py:274 -         Included MGRS Tiles: ['34SEF' '34SEG' '34SFF' '34SFG']
2025-08-20 18:19:58,586 - INFO - composites.py:275 -         Included EPSG codes: [32634]
2025-08-20 18:19:58,586 - INFO - composites.py:277 - Selected scenes:
2025-08-20 18:19:58,586 - INFO - composites.py:279 -         S2A_MSIL2A_20220324T092031_R093_T34SEF_20240522T111837
2025-08-20 18:19:58,586 - INFO - composites.py:279 -         S2A_MSIL2A_20220324T092031_R093_T34SEF_20220324T234645
2025-08-20 18:19:58,586 - INFO - composites.py:279 -         S2B_MSIL2A_20220309T092029_R093_T34SEF_20220309T194402
2025-08-20 18:19:58,586 - INFO - composites.py:279 -         S2B_MSIL2A_20220309T092029_R093_T34SEF_20240523T003821
2025-08-20 18:19:58,593 - INFO - composites.py:279 -         S2A_MSIL2A_20220324T092031_R093_T34SEG_20240522T111837
2025-08-20 18:19:58,593 - INFO - composites.py:279 -         S2A_MSIL2A_20220324T092031_R093_T34SEG_20220325T003729
2025-08-20 18:19:58,594 - INFO - composites.py:279 -         S2B_MSIL2A_20220319T092029_R093_T34SEG_20220319T222333
2025-08-20 18:19:58,594 - INFO - composites.py:279 -         S2B_MSIL2A_20220319T092029_R093_T34SEG_20240522T052449
2025-08-20 18:19:58,594 - INFO - composites.py:279 -         S2A_MSIL2A_20220324T092031_R093_T34SFF_20240522T111837
2025-08-20 18:19:58,594 - INFO - composites.py:279 -         S2A_MSIL2A_20220324T092031_R093_T34SFF_20220325T002515
2025-08-20 18:19:58,594 - INFO - composites.py:279 -         S2B_MSIL2A_20220316T090659_R050_T34SFF_20220316T211251
2025-08-20 18:19:58,594 - INFO - composites.py:279 -         S2A_MSIL2A_20220321T090651_R050_T34SFF_20220321T191914
2025-08-20 18:19:58,594 - INFO - composites.py:279 -         S2A_MSIL2A_20220321T090651_R050_T34SFF_20240526T023651
2025-08-20 18:19:58,594 - INFO - composites.py:279 -         S2B_MSIL2A_20220326T090609_R050_T34SFF_20220329T223921
2025-08-20 18:19:58,594 - INFO - composites.py:279 -         S2B_MSIL2A_20220319T092029_R093_T34SFF_20220319T222742
2025-08-20 18:19:58,594 - INFO - composites.py:279 -         S2B_MSIL2A_20220319T092029_R093_T34SFF_20240522T052449
2025-08-20 18:19:58,594 - INFO - composites.py:279 -         S2A_MSIL2A_20220311T090801_R050_T34SFF_20220312T071112
2025-08-20 18:19:58,595 - INFO - composites.py:279 -         S2B_MSIL2A_20220306T090739_R050_T34SFF_20220306T172330
2025-08-20 18:19:58,595 - INFO - composites.py:279 -         S2A_MSIL2A_20220324T092031_R093_T34SFG_20220324T233109
2025-08-20 18:19:58,595 - INFO - composites.py:279 -         S2A_MSIL2A_20220324T092031_R093_T34SFG_20240522T111837
2025-08-20 18:19:58,595 - INFO - composites.py:279 -         S2B_MSIL2A_20220326T090609_R050_T34SFG_20220329T220406
2025-08-20 18:19:58,595 - INFO - composites.py:279 -         S2B_MSIL2A_20220316T090659_R050_T34SFG_20220316T204225
2025-08-20 18:19:58,595 - INFO - composites.py:279 -         S2B_MSIL2A_20220329T092029_R093_T34SFG_20220330T002138
2025-08-20 18:19:58,595 - INFO - composites.py:279 -         S2B_MSIL2A_20220329T092029_R093_T34SFG_20240530T212441
2025-08-20 18:19:58,595 - INFO - composites.py:279 -         S2A_MSIL2A_20220314T092031_R093_T34SFG_20240524T021050
2025-08-20 18:19:58,595 - INFO - composites.py:279 -         S2A_MSIL2A_20220314T092031_R093_T34SFG_20220314T232941
2025-08-20 18:19:58,595 - INFO - composites.py:279 -         S2A_MSIL2A_20220321T090651_R050_T34SFG_20240526T023651
2025-08-20 18:19:58,595 - INFO - composites.py:279 -         S2A_MSIL2A_20220321T090651_R050_T34SFG_20220321T201754
2025-08-20 18:19:59,208 - INFO - sentinel2.py:154 - Matplotlib backend: Agg
2025-08-20 18:19:59,562 - INFO - sentinel2.py:224 - Write input scenes footprint overlay: //nas-rs.topo.auth.gr/Latomeia/DROUGHT/COMPOS/2022/03/x09_y08/S2L2A_medcomp_x09_y08_202203_InDataFootprint.jpeg
2025-08-20 18:19:59,940 - INFO - composites.py:293 -                                  
2025-08-20 18:19:59,941 - INFO - composites.py:294 - Downstream STAC items from Planetary Computer
2025-08-20 18:19:59,941 - INFO - timeseries_processing.py:114 -                                  
2025-08-20 18:19:59,941 - INFO - timeseries_processing.py:115 - Loading bands of diferent resolutions in EPSG:32634
2025-08-20 18:19:59,941 - INFO - timeseries_processing.py:119 -     Filtering items with native UTM EPSG:32634
2025-08-20 18:19:59,941 - INFO - timeseries_processing.py:121 -     28 Items in EPSG:32634
2025-08-20 18:19:59,941 - INFO - timeseries_processing.py:128 -                        
2025-08-20 18:19:59,941 - INFO - timeseries_processing.py:129 -     Loading parameters:
2025-08-20 18:19:59,941 - INFO - timeseries_processing.py:130 -         Bands: ['B05', 'B07', 'B8A', 'SCL']
2025-08-20 18:19:59,941 - INFO - timeseries_processing.py:131 -         Spatial resolution: 20
2025-08-20 18:19:59,941 - INFO - timeseries_processing.py:133 -         Get Assets from STAC Items
2025-08-20 18:19:59,941 - INFO - timeseries_processing.py:46 -         Initialize the STAC client
2025-08-20 18:20:00,615 - INFO - timeseries_processing.py:136 -         Loading 28 STAC Items....
2025-08-20 18:21:12,707 - INFO - timeseries_processing.py:158 -         Cube has been downloaded
2025-08-20 18:21:12,708 - INFO - timeseries_processing.py:167 -         Fix order of dimensions
2025-08-20 18:21:12,709 - INFO - timeseries_processing.py:172 -         Append bands to the band-list of EPSG:32634
2025-08-20 18:21:12,709 - INFO - timeseries_processing.py:128 -                        
2025-08-20 18:21:12,715 - INFO - timeseries_processing.py:129 -     Loading parameters:
2025-08-20 18:21:12,717 - INFO - timeseries_processing.py:130 -         Bands: ['B02', 'B03', 'B04']
2025-08-20 18:21:12,720 - INFO - timeseries_processing.py:131 -         Spatial resolution: 10
2025-08-20 18:21:12,721 - INFO - timeseries_processing.py:133 -         Get Assets from STAC Items
2025-08-20 18:21:12,721 - INFO - timeseries_processing.py:46 -         Initialize the STAC client
2025-08-20 18:21:13,420 - INFO - timeseries_processing.py:136 -         Loading 28 STAC Items....
2025-08-20 18:25:02,740 - INFO - timeseries_processing.py:158 -         Cube has been downloaded
2025-08-20 18:25:02,741 - INFO - timeseries_processing.py:161 -         Downsample 10m bands to 20m by average 2x2 binning
2025-08-20 18:25:17,705 - INFO - timeseries_processing.py:164 -         Align binned bands to native 20m bands (shape matching): method=bilinear
2025-08-20 18:25:25,871 - INFO - timeseries_processing.py:172 -         Append bands to the band-list of EPSG:32634
2025-08-20 18:25:25,871 - INFO - timeseries_processing.py:176 -                        
2025-08-20 18:25:25,871 - INFO - timeseries_processing.py:177 -     Merging bands in a single dataset
2025-08-20 18:25:25,873 - INFO - timeseries_processing.py:178 -     Ensure all partial datasets are at (x=20, y=-20) resolution
2025-08-20 18:25:25,873 - INFO - timeseries_processing.py:182 -     Clip to the intersection of indexes
2025-08-20 18:25:27,409 - INFO - timeseries_processing.py:191 -     Make a list of bands to merge
2025-08-20 18:25:27,411 - INFO - timeseries_processing.py:195 -     Merge on intersection
2025-08-20 18:25:27,412 - INFO - timeseries_processing.py:203 -     Apply masks on clouds, shadows, thin cirrus, and snow/ice
2025-08-20 18:25:27,412 - INFO - sentinel2.py:122 -                Masking bits: [3, 7, 8, 9, 10, 11]
2025-08-20 18:25:28,926 - INFO - timeseries_processing.py:209 -     Reproject to Tiling Schema projection EPSG:3035
2025-08-20 18:25:43,693 - INFO - composites.py:303 - Clip and align to tile geometry
2025-08-20 18:25:48,403 - INFO - composites.py:323 - Scale SR to Sen2Cor Baseline 4.00 - Subtract 1000 in dates post 2022-01-25
2025-08-20 18:25:50,194 - INFO - composites.py:336 - Creating preview plot of input scenes
2025-08-20 18:26:32,798 - INFO - timeseries_processing.py:367 - Saved preview for 'B04' to //nas-rs.topo.auth.gr/Latomeia/DROUGHT/COMPOS/2022/03/x09_y08/S2L2A_medcomp_x09_y08_202203_InDataPreview.jpeg
2025-08-20 18:26:32,817 - INFO - composites.py:342 - Clip value range
2025-08-20 18:26:35,024 - INFO - composites.py:347 -                           
2025-08-20 18:26:35,024 - INFO - composites.py:348 - Computing spectral indices:
2025-08-20 18:26:35,024 - INFO - composites.py:351 -     EVI...
2025-08-20 18:26:36,438 - INFO - composites.py:353 -     NDVI...
2025-08-20 18:26:36,772 - INFO - composites.py:355 -     PSRI2...
2025-08-20 18:26:37,228 - INFO - composites.py:358 - Clip to typical value range
2025-08-20 18:26:37,720 - INFO - composites.py:365 - Reducing to median value temporal composite
2025-08-20 18:27:07,844 - INFO - composites.py:384 - Define data types and nodata per band
2025-08-20 18:27:08,002 - INFO - composites.py:405 - Assign time range and tile ID in metadata
2025-08-20 18:27:08,002 - INFO - composites.py:413 - Write bands to raster COG files
2025-08-20 18:27:12,777 - INFO - composites.py:426 - Write B02 -> //nas-rs.topo.auth.gr/Latomeia/DROUGHT/COMPOS/2022/03/x09_y08/S2L2A_medcomp_x09_y08_202203_B02.tif
2025-08-20 18:27:17,594 - INFO - composites.py:426 - Write B03 -> //nas-rs.topo.auth.gr/Latomeia/DROUGHT/COMPOS/2022/03/x09_y08/S2L2A_medcomp_x09_y08_202203_B03.tif
2025-08-20 18:27:22,384 - INFO - composites.py:426 - Write B04 -> //nas-rs.topo.auth.gr/Latomeia/DROUGHT/COMPOS/2022/03/x09_y08/S2L2A_medcomp_x09_y08_202203_B04.tif
2025-08-20 18:27:27,425 - INFO - composites.py:426 - Write B05 -> //nas-rs.topo.auth.gr/Latomeia/DROUGHT/COMPOS/2022/03/x09_y08/S2L2A_medcomp_x09_y08_202203_B05.tif
2025-08-20 18:27:32,487 - INFO - composites.py:426 - Write B07 -> //nas-rs.topo.auth.gr/Latomeia/DROUGHT/COMPOS/2022/03/x09_y08/S2L2A_medcomp_x09_y08_202203_B07.tif
2025-08-20 18:27:37,329 - INFO - composites.py:426 - Write B8A -> //nas-rs.topo.auth.gr/Latomeia/DROUGHT/COMPOS/2022/03/x09_y08/S2L2A_medcomp_x09_y08_202203_B8A.tif
2025-08-20 18:27:42,117 - INFO - composites.py:426 - Write EVI -> //nas-rs.topo.auth.gr/Latomeia/DROUGHT/COMPOS/2022/03/x09_y08/S2L2A_medcomp_x09_y08_202203_evi.tif
2025-08-20 18:27:46,791 - INFO - composites.py:426 - Write NDVI -> //nas-rs.topo.auth.gr/Latomeia/DROUGHT/COMPOS/2022/03/x09_y08/S2L2A_medcomp_x09_y08_202203_ndvi.tif
2025-08-20 18:27:51,530 - INFO - composites.py:426 - Write PSRI2 -> //nas-rs.topo.auth.gr/Latomeia/DROUGHT/COMPOS/2022/03/x09_y08/S2L2A_medcomp_x09_y08_202203_psri2.tif
2025-08-20 18:27:51,536 - INFO - composites.py:430 - Prepare metadata YAML document
2025-08-20 18:27:52,444 - INFO - composites.py:451 - Write metadata YAML document to disk
2025-08-20 18:27:52,507 - INFO - composites.py:456 - Create datacube.model.Dataset from eo3 metadata
2025-08-20 18:27:52,519 - INFO - composites.py:467 - Index to datacube
2025-08-20 18:27:52,519 - INFO - _datasets.py:191 - Indexing 24185587-ceea-4eda-9c77-cf88e82c3cd8
2025-08-20 18:27:52,529 - INFO - composites.py:470 - 
2025-08-20 18:27:52,529 - INFO - composites.py:471 -              ✔✔✔ COMPLETED: Tile x09_y08 | Time: 2022-03 | In 10.65 minutes
2025-08-20 18:27:52,529 - INFO - composites.py:472 - 
2025-08-20 18:27:52,529 - INFO - composites.py:480 - Closing Dask client
2025-08-20 18:27:52,531 - INFO - composites.py:484 - Closing Dask cluster
2025-08-20 18:27:52,531 - INFO - composites.py:485 - #######################################################################
