2025-08-25 09:22:00,844 - INFO - composites.py:102 - #######################################################################
2025-08-25 09:22:00,844 - INFO - composites.py:104 - Processing started
2025-08-25 09:22:00,844 - INFO - composites.py:105 -         Tile: x08_y11
2025-08-25 09:22:00,844 - INFO - composites.py:106 -         Time: 2020-06
2025-08-25 09:22:00,844 - INFO - composites.py:109 -                           
2025-08-25 09:22:00,844 - INFO - composites.py:110 - Establishing connection to datacube
2025-08-25 09:22:01,356 - INFO - composites.py:113 -                           
2025-08-25 09:22:01,358 - INFO - composites.py:114 - Sanity test: Check if dataset already exists in the datacube
2025-08-25 09:22:01,374 - INFO - composites.py:133 - The composite requested was not found and it will be computed
2025-08-25 09:22:01,374 - INFO - composites.py:136 -                                  
2025-08-25 09:22:01,374 - INFO - composites.py:137 - Initializing Dask cluster for parallelization
2025-08-25 09:22:06,279 - INFO - composites.py:161 - Dask dashboard is available at: http://127.0.0.1:8787/status
2025-08-25 09:22:06,279 - INFO - composites.py:164 - Create directories and naming conversions
2025-08-25 09:22:06,288 - INFO - composites.py:175 - Dataset location: //nas-rs.topo.auth.gr/Latomeia/DROUGHT/COMPOS/2020/06/x08_y11
2025-08-25 09:22:06,288 - INFO - composites.py:178 -                           
2025-08-25 09:22:06,288 - INFO - composites.py:179 - Retrieve tile geometry
2025-08-25 09:22:06,317 - INFO - composites.py:190 - Create the Bounding Box (φ,λ)
2025-08-25 09:22:06,317 - INFO - composites.py:196 - Create the Bounding Box (x,y)
2025-08-25 09:22:06,317 - INFO - composites.py:209 -                           
2025-08-25 09:22:06,317 - INFO - composites.py:210 - Connect to Planetary Computer STAC Catalog
2025-08-25 09:22:06,532 - INFO - composites.py:218 - Search the STAC Catalog
2025-08-25 09:22:06,601 - INFO - composites.py:230 -         Query parameters:
2025-08-25 09:22:06,601 - INFO - composites.py:231 -             url:          https://planetarycomputer.microsoft.com/api/stac/v1/search
2025-08-25 09:22:06,601 - INFO - composites.py:232 -             client:       microsoft-pc
2025-08-25 09:22:06,601 - INFO - composites.py:233 -             collection:   sentinel-2-l2a
2025-08-25 09:22:06,602 - INFO - composites.py:234 -             bbox:         (21.470456200843422, 38.29135632905737, 22.139354689000736, 38.83788179019963)
2025-08-25 09:22:06,602 - INFO - composites.py:235 -             time range:   2020-06-01T00:00:00Z/2020-06-30T23:59:59Z
2025-08-25 09:22:06,602 - INFO - composites.py:236 -             cloud cover:  0% - 70%
2025-08-25 09:22:06,602 - INFO - composites.py:237 -             nodata cover: 0% - 33%
2025-08-25 09:22:06,602 - INFO - composites.py:239 -                           
2025-08-25 09:22:06,602 - INFO - composites.py:240 - Searching...
2025-08-25 09:22:07,039 - INFO - composites.py:243 - Query found 12 items
2025-08-25 09:22:07,039 - INFO - composites.py:245 - Searching for GRI REFINED scenes:
2025-08-25 09:22:09,115 - INFO - sentinel2.py:78 - 1/12 - S2B_MSIL2A_20200627T092029_R093_T34SEJ_20200824T084052 -> Not Found
2025-08-25 09:22:11,308 - INFO - sentinel2.py:78 - 2/12 - S2B_MSIL2A_20200627T092029_R093_T34SEH_20200908T172923 -> Not Found
2025-08-25 09:22:14,119 - INFO - sentinel2.py:78 - 3/12 - S2A_MSIL2A_20200622T092031_R093_T34SEJ_20200823T155851 -> Not Found
2025-08-25 09:22:16,023 - INFO - sentinel2.py:78 - 4/12 - S2A_MSIL2A_20200622T092031_R093_T34SEH_20200823T155855 -> Not Found
2025-08-25 09:22:18,264 - INFO - sentinel2.py:78 - 5/12 - S2B_MSIL2A_20200617T092029_R093_T34SEJ_20200908T172926 -> Not Found
2025-08-25 09:22:20,293 - INFO - sentinel2.py:78 - 6/12 - S2B_MSIL2A_20200617T092029_R093_T34SEH_20200908T172928 -> Not Found
2025-08-25 09:22:22,106 - INFO - sentinel2.py:78 - 7/12 - S2A_MSIL2A_20200612T092041_R093_T34SEJ_20200827T020825 -> Not Found
2025-08-25 09:22:24,216 - INFO - sentinel2.py:78 - 8/12 - S2A_MSIL2A_20200612T092041_R093_T34SEH_20200827T020824 -> Not Found
2025-08-25 09:22:26,306 - INFO - sentinel2.py:78 - 9/12 - S2B_MSIL2A_20200607T092029_R093_T34SEJ_20200826T124945 -> Not Found
2025-08-25 09:22:28,170 - INFO - sentinel2.py:78 - 10/12 - S2B_MSIL2A_20200607T092029_R093_T34SEH_20200826T124948 -> Not Found
2025-08-25 09:22:30,019 - INFO - sentinel2.py:78 - 11/12 - S2A_MSIL2A_20200602T092041_R093_T34SEJ_20200825T202002 -> Not Found
2025-08-25 09:22:32,157 - INFO - sentinel2.py:78 - 12/12 - S2A_MSIL2A_20200602T092041_R093_T34SEH_20200825T201959 -> Not Found
2025-08-25 09:22:32,171 - INFO - composites.py:248 -                                  
2025-08-25 09:22:32,172 - INFO - composites.py:249 - 0/12 were refined by GRI.
2025-08-25 09:22:32,172 - WARNING - composites.py:253 - Tile x08_y11 | Time: 2020-06: All scenes are flagged NOT REFINED.
2025-08-25 09:22:32,173 - WARNING - composites.py:254 - Tile x08_y11 | Time: 2020-06: The composite will be flagged with _NOREFINED.
2025-08-25 09:22:32,173 - INFO - composites.py:261 - Looking for up to 10 cleanest images within spatiotemporal range of each MGRS tile
2025-08-25 09:22:32,173 - INFO - composites.py:275 - Filtered cleanest scenes: Kept 12 out of 12 items. 
2025-08-25 09:22:32,183 - INFO - composites.py:276 -         Included MGRS Tiles: ['34SEH' '34SEJ']
2025-08-25 09:22:32,183 - INFO - composites.py:277 -         Included EPSG codes: [32634]
2025-08-25 09:22:32,185 - INFO - composites.py:279 - Selected scenes:
2025-08-25 09:22:32,185 - INFO - composites.py:281 -         S2B_MSIL2A_20200627T092029_R093_T34SEH_20200908T172923
2025-08-25 09:22:32,185 - INFO - composites.py:281 -         S2A_MSIL2A_20200612T092041_R093_T34SEH_20200827T020824
2025-08-25 09:22:32,185 - INFO - composites.py:281 -         S2B_MSIL2A_20200607T092029_R093_T34SEH_20200826T124948
2025-08-25 09:22:32,185 - INFO - composites.py:281 -         S2A_MSIL2A_20200602T092041_R093_T34SEH_20200825T201959
2025-08-25 09:22:32,185 - INFO - composites.py:281 -         S2A_MSIL2A_20200622T092031_R093_T34SEH_20200823T155855
2025-08-25 09:22:32,185 - INFO - composites.py:281 -         S2B_MSIL2A_20200617T092029_R093_T34SEH_20200908T172928
2025-08-25 09:22:32,185 - INFO - composites.py:281 -         S2B_MSIL2A_20200607T092029_R093_T34SEJ_20200826T124945
2025-08-25 09:22:32,185 - INFO - composites.py:281 -         S2B_MSIL2A_20200627T092029_R093_T34SEJ_20200824T084052
2025-08-25 09:22:32,185 - INFO - composites.py:281 -         S2A_MSIL2A_20200612T092041_R093_T34SEJ_20200827T020825
2025-08-25 09:22:32,185 - INFO - composites.py:281 -         S2A_MSIL2A_20200602T092041_R093_T34SEJ_20200825T202002
2025-08-25 09:22:32,185 - INFO - composites.py:281 -         S2B_MSIL2A_20200617T092029_R093_T34SEJ_20200908T172926
2025-08-25 09:22:32,185 - INFO - composites.py:281 -         S2A_MSIL2A_20200622T092031_R093_T34SEJ_20200823T155851
2025-08-25 09:22:32,530 - INFO - sentinel2.py:154 - Matplotlib backend: Agg
2025-08-25 09:22:32,713 - INFO - sentinel2.py:224 - Write input scenes footprint overlay: //nas-rs.topo.auth.gr/Latomeia/DROUGHT/COMPOS/2020/06/x08_y11/S2L2A_medcomp_x08_y11_202006_InDataFootprint.jpeg
2025-08-25 09:22:32,952 - INFO - composites.py:295 -                                  
2025-08-25 09:22:32,952 - INFO - composites.py:296 - Downstream STAC items from Planetary Computer
2025-08-25 09:22:32,952 - INFO - timeseries_processing.py:115 -                                  
2025-08-25 09:22:32,952 - INFO - timeseries_processing.py:116 - Loading bands of diferent resolutions in EPSG:32634
2025-08-25 09:22:32,952 - INFO - timeseries_processing.py:120 -     Filtering items with native UTM EPSG:32634
2025-08-25 09:22:32,952 - INFO - timeseries_processing.py:122 -     12 Items in EPSG:32634
2025-08-25 09:22:32,952 - INFO - timeseries_processing.py:129 -                        
2025-08-25 09:22:32,952 - INFO - timeseries_processing.py:130 -     Loading parameters:
2025-08-25 09:22:32,952 - INFO - timeseries_processing.py:131 -         Bands: ['B05', 'B07', 'B8A', 'SCL']
2025-08-25 09:22:32,952 - INFO - timeseries_processing.py:132 -         Spatial resolution: 20
2025-08-25 09:22:32,952 - INFO - timeseries_processing.py:134 -         Get Assets from STAC Items
2025-08-25 09:22:32,952 - INFO - timeseries_processing.py:47 -         Initialize the STAC client
2025-08-25 09:22:33,633 - INFO - timeseries_processing.py:137 -         Loading 12 STAC Items....
2025-08-25 09:22:58,235 - INFO - timeseries_processing.py:146 -         Cube has been downloaded
2025-08-25 09:22:58,235 - INFO - timeseries_processing.py:156 -         Fix order of dimensions
2025-08-25 09:22:58,236 - INFO - timeseries_processing.py:161 -         Append bands to the band-list of EPSG:32634
2025-08-25 09:22:58,236 - INFO - timeseries_processing.py:129 -                        
2025-08-25 09:22:58,236 - INFO - timeseries_processing.py:130 -     Loading parameters:
2025-08-25 09:22:58,236 - INFO - timeseries_processing.py:131 -         Bands: ['B02', 'B03', 'B04']
2025-08-25 09:22:58,236 - INFO - timeseries_processing.py:132 -         Spatial resolution: 10
2025-08-25 09:22:58,236 - INFO - timeseries_processing.py:134 -         Get Assets from STAC Items
2025-08-25 09:22:58,236 - INFO - timeseries_processing.py:47 -         Initialize the STAC client
2025-08-25 09:22:58,762 - INFO - timeseries_processing.py:137 -         Loading 12 STAC Items....
2025-08-25 09:24:13,130 - INFO - timeseries_processing.py:146 -         Cube has been downloaded
2025-08-25 09:24:13,130 - INFO - timeseries_processing.py:149 -         Reproject to downsample 10m bands to 20m by Resampling.average 2x2 binning and shape matching with odc.geo.GeoBox
2025-08-25 09:24:21,937 - INFO - timeseries_processing.py:161 -         Append bands to the band-list of EPSG:32634
2025-08-25 09:24:21,937 - INFO - timeseries_processing.py:165 -                        
2025-08-25 09:24:21,937 - INFO - timeseries_processing.py:166 -     Merging bands in a single dataset
2025-08-25 09:24:21,937 - INFO - timeseries_processing.py:167 -     Ensure all partial datasets are at (x=20, y=-20) resolution
2025-08-25 09:24:21,938 - INFO - timeseries_processing.py:171 -     Clip to the intersection of indexes
2025-08-25 09:24:23,108 - INFO - timeseries_processing.py:180 -     Make a list of bands to merge
2025-08-25 09:24:23,118 - INFO - timeseries_processing.py:184 -     Merge on intersection
2025-08-25 09:24:23,119 - INFO - timeseries_processing.py:192 -     Apply masks on clouds, shadows, thin cirrus, and snow/ice
2025-08-25 09:24:23,119 - INFO - sentinel2.py:122 -                Masking bits: [3, 7, 8, 9, 10, 11]
2025-08-25 09:24:23,809 - INFO - composites.py:305 - Reproject from UTM Zone to Tile geometry -> CRS(EPSG:32634), Resampling.bilinear
2025-08-25 09:24:27,708 - INFO - composites.py:308 -     New shape of datasets: Shape2d(x=2400, y=2400)
2025-08-25 09:24:28,240 - INFO - composites.py:340 - Creating preview plot of input scenes
2025-08-25 09:24:52,218 - INFO - timeseries_processing.py:349 - Saved preview for 'B04' to //nas-rs.topo.auth.gr/Latomeia/DROUGHT/COMPOS/2020/06/x08_y11/S2L2A_medcomp_x08_y11_202006_InDataPreview.jpeg
2025-08-25 09:24:52,239 - INFO - composites.py:346 - Clip value range
2025-08-25 09:24:53,400 - INFO - composites.py:351 -                           
2025-08-25 09:24:53,400 - INFO - composites.py:352 - Computing spectral indices:
2025-08-25 09:24:53,400 - INFO - composites.py:355 -     EVI...
2025-08-25 09:24:54,141 - INFO - composites.py:357 -     NDVI...
2025-08-25 09:24:54,371 - INFO - composites.py:359 -     PSRI2...
2025-08-25 09:24:54,525 - INFO - composites.py:362 - Clip to typical value range
2025-08-25 09:24:54,742 - INFO - composites.py:369 - Reducing to median value temporal composite
2025-08-25 09:25:20,251 - INFO - composites.py:388 - Scale and Define data types & nodata per band
2025-08-25 09:25:20,374 - INFO - composites.py:409 - Assign time range and tile ID in metadata
2025-08-25 09:25:20,374 - INFO - composites.py:417 - Write bands to raster COG files
2025-08-25 09:25:24,261 - INFO - composites.py:430 - Write B02 -> //nas-rs.topo.auth.gr/Latomeia/DROUGHT/COMPOS/2020/06/x08_y11/S2L2A_medcomp_x08_y11_202006_B02.tif
2025-08-25 09:25:28,109 - INFO - composites.py:430 - Write B03 -> //nas-rs.topo.auth.gr/Latomeia/DROUGHT/COMPOS/2020/06/x08_y11/S2L2A_medcomp_x08_y11_202006_B03.tif
2025-08-25 09:25:31,932 - INFO - composites.py:430 - Write B04 -> //nas-rs.topo.auth.gr/Latomeia/DROUGHT/COMPOS/2020/06/x08_y11/S2L2A_medcomp_x08_y11_202006_B04.tif
2025-08-25 09:25:35,791 - INFO - composites.py:430 - Write B05 -> //nas-rs.topo.auth.gr/Latomeia/DROUGHT/COMPOS/2020/06/x08_y11/S2L2A_medcomp_x08_y11_202006_B05.tif
2025-08-25 09:25:39,604 - INFO - composites.py:430 - Write B07 -> //nas-rs.topo.auth.gr/Latomeia/DROUGHT/COMPOS/2020/06/x08_y11/S2L2A_medcomp_x08_y11_202006_B07.tif
2025-08-25 09:25:43,414 - INFO - composites.py:430 - Write B8A -> //nas-rs.topo.auth.gr/Latomeia/DROUGHT/COMPOS/2020/06/x08_y11/S2L2A_medcomp_x08_y11_202006_B8A.tif
2025-08-25 09:25:47,218 - INFO - composites.py:430 - Write EVI -> //nas-rs.topo.auth.gr/Latomeia/DROUGHT/COMPOS/2020/06/x08_y11/S2L2A_medcomp_x08_y11_202006_EVI.tif
2025-08-25 09:25:50,984 - INFO - composites.py:430 - Write NDVI -> //nas-rs.topo.auth.gr/Latomeia/DROUGHT/COMPOS/2020/06/x08_y11/S2L2A_medcomp_x08_y11_202006_NDVI.tif
2025-08-25 09:25:55,047 - INFO - composites.py:430 - Write PSRI2 -> //nas-rs.topo.auth.gr/Latomeia/DROUGHT/COMPOS/2020/06/x08_y11/S2L2A_medcomp_x08_y11_202006_PSRI2.tif
2025-08-25 09:25:55,047 - INFO - composites.py:434 - Prepare metadata YAML document
2025-08-25 09:25:55,737 - INFO - composites.py:455 - Write metadata YAML document to disk
2025-08-25 09:25:55,781 - INFO - composites.py:460 - Create datacube.model.Dataset from eo3 metadata
2025-08-25 09:25:55,792 - INFO - composites.py:471 - Index to datacube
2025-08-25 09:25:55,793 - INFO - _datasets.py:191 - Indexing 1faa0c3b-cf75-4eec-a0a8-b9d64e16990d
2025-08-25 09:25:55,801 - INFO - composites.py:474 - 
2025-08-25 09:25:55,801 - INFO - composites.py:475 -              ✔✔✔ COMPLETED: Tile x08_y11 | Time: 2020-06 | In 3.92 minutes
2025-08-25 09:25:55,801 - INFO - composites.py:476 - 
2025-08-25 09:25:55,801 - INFO - composites.py:484 - Closing Dask client
2025-08-25 09:25:55,803 - INFO - composites.py:488 - Closing Dask cluster
2025-08-25 09:25:55,803 - INFO - composites.py:489 - #######################################################################
