2025-08-22 23:55:12,067 - INFO - composites.py:101 - #######################################################################
2025-08-22 23:55:12,067 - INFO - composites.py:103 - Processing started
2025-08-22 23:55:12,067 - INFO - composites.py:104 -         Tile: x10_y10
2025-08-22 23:55:12,067 - INFO - composites.py:105 -         Time: 2020-11
2025-08-22 23:55:12,067 - INFO - composites.py:108 -                           
2025-08-22 23:55:12,067 - INFO - composites.py:109 - Establishing connection to datacube
2025-08-22 23:55:12,577 - INFO - composites.py:112 -                           
2025-08-22 23:55:12,579 - INFO - composites.py:113 - Sanity test: Check if dataset already exists in the datacube
2025-08-22 23:55:12,597 - INFO - composites.py:132 - The composite requested was not found and it will be computed
2025-08-22 23:55:12,597 - INFO - composites.py:135 -                                  
2025-08-22 23:55:12,597 - INFO - composites.py:136 - Initializing Dask cluster for parallelization
2025-08-22 23:55:17,470 - INFO - composites.py:160 - Dask dashboard is available at: http://127.0.0.1:8787/status
2025-08-22 23:55:17,471 - INFO - composites.py:163 - Create directories and naming conversions
2025-08-22 23:55:17,478 - INFO - composites.py:174 - Dataset location: //nas-rs.topo.auth.gr/Latomeia/DROUGHT/COMPOS/2020/11/x10_y10
2025-08-22 23:55:17,478 - INFO - composites.py:177 -                           
2025-08-22 23:55:17,478 - INFO - composites.py:178 - Retrieve tile geometry
2025-08-22 23:55:17,504 - INFO - composites.py:189 - Create the Bounding Box (φ,λ)
2025-08-22 23:55:17,504 - INFO - composites.py:195 - Create the Bounding Box (x,y)
2025-08-22 23:55:17,504 - INFO - composites.py:208 -                           
2025-08-22 23:55:17,504 - INFO - composites.py:209 - Connect to Planetary Computer STAC Catalog
2025-08-22 23:55:17,711 - INFO - composites.py:217 - Search the STAC Catalog
2025-08-22 23:55:17,779 - INFO - composites.py:229 -         Query parameters:
2025-08-22 23:55:17,779 - INFO - composites.py:230 -             url:          https://planetarycomputer.microsoft.com/api/stac/v1/search
2025-08-22 23:55:17,779 - INFO - composites.py:231 -             client:       microsoft-pc
2025-08-22 23:55:17,779 - INFO - composites.py:232 -             collection:   sentinel-2-l2a
2025-08-22 23:55:17,779 - INFO - composites.py:233 -             bbox:         (22.471633479946853, 37.72008040922633, 23.140477503527134, 38.27146676750315)
2025-08-22 23:55:17,779 - INFO - composites.py:234 -             time range:   2020-11-01T00:00:00Z/2020-11-30T23:59:59Z
2025-08-22 23:55:17,779 - INFO - composites.py:235 -             cloud cover:  0% - 70%
2025-08-22 23:55:17,779 - INFO - composites.py:236 -             nodata cover: 0% - 33%
2025-08-22 23:55:17,779 - INFO - composites.py:238 -                           
2025-08-22 23:55:17,779 - INFO - composites.py:239 - Searching...
2025-08-22 23:55:18,254 - INFO - composites.py:242 - Query found 14 items
2025-08-22 23:55:18,254 - INFO - composites.py:244 - Searching for GRI REFINED scenes:
2025-08-22 23:55:23,991 - INFO - sentinel2.py:78 - 1/14 - S2A_MSIL2A_20201126T091321_R050_T34SFG_20201219T195813 -> Not Found
2025-08-22 23:55:30,696 - INFO - sentinel2.py:78 - 2/14 - S2B_MSIL2A_20201124T092319_R093_T34SFG_20201125T052914 -> Not Found
2025-08-22 23:55:38,221 - INFO - sentinel2.py:78 - 3/14 - S2B_MSIL2A_20201121T091259_R050_T34SFG_20201123T100944 -> Not Found
2025-08-22 23:55:44,613 - INFO - sentinel2.py:78 - 4/14 - S2A_MSIL2A_20201119T092301_R093_T34SFH_20201121T084157 -> Not Found
2025-08-22 23:55:53,336 - INFO - sentinel2.py:78 - 5/14 - S2A_MSIL2A_20201119T092301_R093_T34SFG_20201121T084124 -> Not Found
2025-08-22 23:55:59,929 - INFO - sentinel2.py:78 - 6/14 - S2A_MSIL2A_20201116T091241_R050_T34SFG_20201117T171547 -> Not Found
2025-08-22 23:56:06,890 - INFO - sentinel2.py:78 - 7/14 - S2B_MSIL2A_20201114T092239_R093_T34SFH_20201116T043942 -> Not Found
2025-08-22 23:56:13,271 - INFO - sentinel2.py:78 - 8/14 - S2B_MSIL2A_20201114T092239_R093_T34SFG_20201116T043400 -> Not Found
2025-08-22 23:56:19,924 - INFO - sentinel2.py:78 - 9/14 - S2B_MSIL2A_20201111T091219_R050_T34SFG_20201113T102904 -> Not Found
2025-08-22 23:56:26,022 - INFO - sentinel2.py:78 - 10/14 - S2A_MSIL2A_20201109T092221_R093_T34SFH_20201110T181956 -> Not Found
2025-08-22 23:56:32,676 - INFO - sentinel2.py:78 - 11/14 - S2A_MSIL2A_20201109T092221_R093_T34SFG_20201110T181945 -> Not Found
2025-08-22 23:56:38,476 - INFO - sentinel2.py:78 - 12/14 - S2B_MSIL2A_20201104T092149_R093_T34SFH_20201106T134655 -> Not Found
2025-08-22 23:56:44,637 - INFO - sentinel2.py:78 - 13/14 - S2B_MSIL2A_20201104T092149_R093_T34SFG_20201106T134710 -> Not Found
2025-08-22 23:56:51,368 - INFO - sentinel2.py:78 - 14/14 - S2B_MSIL2A_20201101T091129_R050_T34SFG_20201103T220028 -> Not Found
2025-08-22 23:56:51,409 - INFO - composites.py:247 -                                  
2025-08-22 23:56:51,409 - INFO - composites.py:248 - 0/14 were refined by GRI.
2025-08-22 23:56:51,409 - WARNING - composites.py:252 - Tile x10_y10 | Time: 2020-11: All scenes are flagged NOT REFINED.
2025-08-22 23:56:51,409 - WARNING - composites.py:253 - Tile x10_y10 | Time: 2020-11: The composite will be flagged with _NOREFINED.
2025-08-22 23:56:51,411 - INFO - composites.py:260 - Looking for up to 10 cleanest images within spatiotemporal range of each MGRS tile
2025-08-22 23:56:51,411 - INFO - composites.py:274 - Filtered cleanest scenes: Kept 14 out of 14 items. 
2025-08-22 23:56:51,412 - INFO - composites.py:275 -         Included MGRS Tiles: ['34SFG' '34SFH']
2025-08-22 23:56:51,412 - INFO - composites.py:276 -         Included EPSG codes: [32634]
2025-08-22 23:56:51,412 - INFO - composites.py:278 - Selected scenes:
2025-08-22 23:56:51,417 - INFO - composites.py:280 -         S2A_MSIL2A_20201126T091321_R050_T34SFG_20201219T195813
2025-08-22 23:56:51,436 - INFO - composites.py:280 -         S2B_MSIL2A_20201101T091129_R050_T34SFG_20201103T220028
2025-08-22 23:56:51,437 - INFO - composites.py:280 -         S2A_MSIL2A_20201116T091241_R050_T34SFG_20201117T171547
2025-08-22 23:56:51,437 - INFO - composites.py:280 -         S2B_MSIL2A_20201114T092239_R093_T34SFG_20201116T043400
2025-08-22 23:56:51,437 - INFO - composites.py:280 -         S2B_MSIL2A_20201104T092149_R093_T34SFG_20201106T134710
2025-08-22 23:56:51,437 - INFO - composites.py:280 -         S2A_MSIL2A_20201109T092221_R093_T34SFG_20201110T181945
2025-08-22 23:56:51,438 - INFO - composites.py:280 -         S2B_MSIL2A_20201124T092319_R093_T34SFG_20201125T052914
2025-08-22 23:56:51,438 - INFO - composites.py:280 -         S2B_MSIL2A_20201111T091219_R050_T34SFG_20201113T102904
2025-08-22 23:56:51,438 - INFO - composites.py:280 -         S2B_MSIL2A_20201121T091259_R050_T34SFG_20201123T100944
2025-08-22 23:56:51,438 - INFO - composites.py:280 -         S2A_MSIL2A_20201119T092301_R093_T34SFG_20201121T084124
2025-08-22 23:56:51,438 - INFO - composites.py:280 -         S2B_MSIL2A_20201114T092239_R093_T34SFH_20201116T043942
2025-08-22 23:56:51,438 - INFO - composites.py:280 -         S2B_MSIL2A_20201104T092149_R093_T34SFH_20201106T134655
2025-08-22 23:56:51,438 - INFO - composites.py:280 -         S2A_MSIL2A_20201109T092221_R093_T34SFH_20201110T181956
2025-08-22 23:56:51,438 - INFO - composites.py:280 -         S2A_MSIL2A_20201119T092301_R093_T34SFH_20201121T084157
2025-08-22 23:56:51,765 - INFO - sentinel2.py:154 - Matplotlib backend: Agg
2025-08-22 23:56:52,046 - INFO - sentinel2.py:224 - Write input scenes footprint overlay: //nas-rs.topo.auth.gr/Latomeia/DROUGHT/COMPOS/2020/11/x10_y10/S2L2A_medcomp_x10_y10_202011_InDataFootprint.jpeg
2025-08-22 23:56:52,258 - INFO - composites.py:294 -                                  
2025-08-22 23:56:52,258 - INFO - composites.py:295 - Downstream STAC items from Planetary Computer
2025-08-22 23:56:52,258 - INFO - timeseries_processing.py:115 -                                  
2025-08-22 23:56:52,258 - INFO - timeseries_processing.py:116 - Loading bands of diferent resolutions in EPSG:32634
2025-08-22 23:56:52,258 - INFO - timeseries_processing.py:120 -     Filtering items with native UTM EPSG:32634
2025-08-22 23:56:52,258 - INFO - timeseries_processing.py:122 -     14 Items in EPSG:32634
2025-08-22 23:56:52,258 - INFO - timeseries_processing.py:129 -                        
2025-08-22 23:56:52,258 - INFO - timeseries_processing.py:130 -     Loading parameters:
2025-08-22 23:56:52,258 - INFO - timeseries_processing.py:131 -         Bands: ['B05', 'B07', 'B8A', 'SCL']
2025-08-22 23:56:52,258 - INFO - timeseries_processing.py:132 -         Spatial resolution: 20
2025-08-22 23:56:52,258 - INFO - timeseries_processing.py:134 -         Get Assets from STAC Items
2025-08-22 23:56:52,258 - INFO - timeseries_processing.py:47 -         Initialize the STAC client
2025-08-22 23:56:52,816 - INFO - timeseries_processing.py:137 -         Loading 14 STAC Items....
2025-08-22 23:59:20,248 - INFO - timeseries_processing.py:146 -         Cube has been downloaded
2025-08-22 23:59:20,248 - INFO - timeseries_processing.py:156 -         Fix order of dimensions
2025-08-22 23:59:20,249 - INFO - timeseries_processing.py:161 -         Append bands to the band-list of EPSG:32634
2025-08-22 23:59:20,251 - INFO - timeseries_processing.py:129 -                        
2025-08-22 23:59:20,251 - INFO - timeseries_processing.py:130 -     Loading parameters:
2025-08-22 23:59:20,252 - INFO - timeseries_processing.py:131 -         Bands: ['B02', 'B03', 'B04']
2025-08-22 23:59:20,252 - INFO - timeseries_processing.py:132 -         Spatial resolution: 10
2025-08-22 23:59:20,252 - INFO - timeseries_processing.py:134 -         Get Assets from STAC Items
2025-08-22 23:59:20,252 - INFO - timeseries_processing.py:47 -         Initialize the STAC client
2025-08-22 23:59:20,802 - INFO - timeseries_processing.py:137 -         Loading 14 STAC Items....
2025-08-23 00:03:40,329 - INFO - timeseries_processing.py:146 -         Cube has been downloaded
2025-08-23 00:03:40,329 - INFO - timeseries_processing.py:149 -         Reproject to downsample 10m bands to 20m by Resampling.average 2x2 binning and shape matching with odc.geo.GeoBox
2025-08-23 00:03:53,952 - INFO - timeseries_processing.py:161 -         Append bands to the band-list of EPSG:32634
2025-08-23 00:03:53,952 - INFO - timeseries_processing.py:165 -                        
2025-08-23 00:03:53,954 - INFO - timeseries_processing.py:166 -     Merging bands in a single dataset
2025-08-23 00:03:53,954 - INFO - timeseries_processing.py:167 -     Ensure all partial datasets are at (x=20, y=-20) resolution
2025-08-23 00:03:53,954 - INFO - timeseries_processing.py:171 -     Clip to the intersection of indexes
2025-08-23 00:03:54,946 - INFO - timeseries_processing.py:180 -     Make a list of bands to merge
2025-08-23 00:03:54,947 - INFO - timeseries_processing.py:184 -     Merge on intersection
2025-08-23 00:03:54,947 - INFO - timeseries_processing.py:192 -     Apply masks on clouds, shadows, thin cirrus, and snow/ice
2025-08-23 00:03:54,947 - INFO - sentinel2.py:122 -                Masking bits: [3, 7, 8, 9, 10, 11]
2025-08-23 00:03:56,192 - INFO - composites.py:304 - Reproject from UTM Zone to Tile geometry -> CRS(EPSG:32634), Resampling.bilinear
2025-08-23 00:04:03,151 - INFO - composites.py:307 -     New shape of datasets: Shape2d(x=2400, y=2400)
2025-08-23 00:04:03,968 - INFO - composites.py:339 - Creating preview plot of input scenes
2025-08-23 00:04:37,233 - INFO - timeseries_processing.py:349 - Saved preview for 'B04' to //nas-rs.topo.auth.gr/Latomeia/DROUGHT/COMPOS/2020/11/x10_y10/S2L2A_medcomp_x10_y10_202011_InDataPreview.jpeg
2025-08-23 00:04:37,239 - INFO - composites.py:345 - Clip value range
2025-08-23 00:04:39,256 - INFO - composites.py:350 -                           
2025-08-23 00:04:39,256 - INFO - composites.py:351 - Computing spectral indices:
2025-08-23 00:04:39,256 - INFO - composites.py:354 -     EVI...
2025-08-23 00:04:40,504 - INFO - composites.py:356 -     NDVI...
2025-08-23 00:04:40,766 - INFO - composites.py:358 -     PSRI2...
2025-08-23 00:04:41,229 - INFO - composites.py:361 - Clip to typical value range
2025-08-23 00:04:41,658 - INFO - composites.py:368 - Reducing to median value temporal composite
2025-08-23 00:05:06,982 - INFO - composites.py:387 - Define data types and nodata per band
2025-08-23 00:05:07,140 - INFO - composites.py:408 - Assign time range and tile ID in metadata
2025-08-23 00:05:07,140 - INFO - composites.py:416 - Write bands to raster COG files
2025-08-23 00:05:10,919 - INFO - composites.py:429 - Write B02 -> //nas-rs.topo.auth.gr/Latomeia/DROUGHT/COMPOS/2020/11/x10_y10/S2L2A_medcomp_x10_y10_202011_B02.tif
2025-08-23 00:05:14,702 - INFO - composites.py:429 - Write B03 -> //nas-rs.topo.auth.gr/Latomeia/DROUGHT/COMPOS/2020/11/x10_y10/S2L2A_medcomp_x10_y10_202011_B03.tif
2025-08-23 00:05:18,561 - INFO - composites.py:429 - Write B04 -> //nas-rs.topo.auth.gr/Latomeia/DROUGHT/COMPOS/2020/11/x10_y10/S2L2A_medcomp_x10_y10_202011_B04.tif
2025-08-23 00:05:22,536 - INFO - composites.py:429 - Write B05 -> //nas-rs.topo.auth.gr/Latomeia/DROUGHT/COMPOS/2020/11/x10_y10/S2L2A_medcomp_x10_y10_202011_B05.tif
2025-08-23 00:05:26,331 - INFO - composites.py:429 - Write B07 -> //nas-rs.topo.auth.gr/Latomeia/DROUGHT/COMPOS/2020/11/x10_y10/S2L2A_medcomp_x10_y10_202011_B07.tif
2025-08-23 00:05:30,212 - INFO - composites.py:429 - Write B8A -> //nas-rs.topo.auth.gr/Latomeia/DROUGHT/COMPOS/2020/11/x10_y10/S2L2A_medcomp_x10_y10_202011_B8A.tif
2025-08-23 00:05:33,967 - INFO - composites.py:429 - Write EVI -> //nas-rs.topo.auth.gr/Latomeia/DROUGHT/COMPOS/2020/11/x10_y10/S2L2A_medcomp_x10_y10_202011_evi.tif
2025-08-23 00:05:37,726 - INFO - composites.py:429 - Write NDVI -> //nas-rs.topo.auth.gr/Latomeia/DROUGHT/COMPOS/2020/11/x10_y10/S2L2A_medcomp_x10_y10_202011_ndvi.tif
2025-08-23 00:05:41,516 - INFO - composites.py:429 - Write PSRI2 -> //nas-rs.topo.auth.gr/Latomeia/DROUGHT/COMPOS/2020/11/x10_y10/S2L2A_medcomp_x10_y10_202011_psri2.tif
2025-08-23 00:05:41,516 - INFO - composites.py:433 - Prepare metadata YAML document
2025-08-23 00:05:42,217 - INFO - composites.py:454 - Write metadata YAML document to disk
2025-08-23 00:05:42,257 - INFO - composites.py:459 - Create datacube.model.Dataset from eo3 metadata
2025-08-23 00:05:42,267 - INFO - composites.py:470 - Index to datacube
2025-08-23 00:05:42,268 - INFO - _datasets.py:191 - Indexing 58ed3f7a-cdc1-41bd-b78f-6b3d285c3668
2025-08-23 00:05:42,276 - INFO - composites.py:473 - 
2025-08-23 00:05:42,276 - INFO - composites.py:474 -              ✔✔✔ COMPLETED: Tile x10_y10 | Time: 2020-11 | In 10.5 minutes
2025-08-23 00:05:42,276 - INFO - composites.py:475 - 
2025-08-23 00:05:42,276 - INFO - composites.py:483 - Closing Dask client
2025-08-23 00:05:42,279 - INFO - composites.py:487 - Closing Dask cluster
2025-08-23 00:05:42,279 - INFO - composites.py:488 - #######################################################################
