2025-08-26 09:49:33,892 - INFO - composites.py:102 - #######################################################################
2025-08-26 09:49:33,892 - INFO - composites.py:104 - Processing started
2025-08-26 09:49:33,892 - INFO - composites.py:105 -         Tile: x11_y08
2025-08-26 09:49:33,892 - INFO - composites.py:106 -         Time: 2020-06
2025-08-26 09:49:33,892 - INFO - composites.py:109 -                           
2025-08-26 09:49:33,892 - INFO - composites.py:110 - Establishing connection to datacube
2025-08-26 09:49:34,390 - INFO - composites.py:113 -                           
2025-08-26 09:49:34,390 - INFO - composites.py:114 - Sanity test: Check if dataset already exists in the datacube
2025-08-26 09:49:34,406 - INFO - composites.py:133 - The composite requested was not found and it will be computed
2025-08-26 09:49:34,406 - INFO - composites.py:136 -                                  
2025-08-26 09:49:34,406 - INFO - composites.py:137 - Initializing Dask cluster for parallelization
2025-08-26 09:49:39,385 - INFO - composites.py:161 - Dask dashboard is available at: http://127.0.0.1:8787/status
2025-08-26 09:49:39,386 - INFO - composites.py:164 - Create directories and naming conversions
2025-08-26 09:49:39,399 - INFO - composites.py:177 - Dataset location: //nas-rs.topo.auth.gr/Latomeia/DROUGHT/composites/x11/y08/2020/06/01
2025-08-26 09:49:39,399 - INFO - composites.py:180 -                           
2025-08-26 09:49:39,399 - INFO - composites.py:181 - Retrieve tile geometry
2025-08-26 09:49:39,426 - INFO - composites.py:192 - Create the Bounding Box (φ,λ)
2025-08-26 09:49:39,427 - INFO - composites.py:198 - Create the Bounding Box (x,y)
2025-08-26 09:49:39,427 - INFO - composites.py:211 -                           
2025-08-26 09:49:39,427 - INFO - composites.py:212 - Connect to Planetary Computer STAC Catalog
2025-08-26 09:49:39,688 - INFO - composites.py:220 - Search the STAC Catalog
2025-08-26 09:49:39,762 - INFO - composites.py:232 -         Query parameters:
2025-08-26 09:49:39,762 - INFO - composites.py:233 -             url:          https://planetarycomputer.microsoft.com/api/stac/v1/search
2025-08-26 09:49:39,762 - INFO - composites.py:234 -             client:       microsoft-pc
2025-08-26 09:49:39,762 - INFO - composites.py:235 -             collection:   sentinel-2-l2a
2025-08-26 09:49:39,762 - INFO - composites.py:236 -             bbox:         (22.845662885042927, 36.78779644280391, 23.507450073915326, 37.34127558081356)
2025-08-26 09:49:39,762 - INFO - composites.py:237 -             time range:   2020-06-01T00:00:00Z/2020-06-30T23:59:59Z
2025-08-26 09:49:39,762 - INFO - composites.py:238 -             cloud cover:  0% - 70%
2025-08-26 09:49:39,763 - INFO - composites.py:239 -             nodata cover: 0% - 33%
2025-08-26 09:49:39,763 - INFO - composites.py:241 -                           
2025-08-26 09:49:39,763 - INFO - composites.py:242 - Searching...
2025-08-26 09:49:40,324 - INFO - composites.py:245 - Query found 36 items
2025-08-26 09:49:40,326 - INFO - composites.py:247 - Searching for GRI REFINED scenes:
2025-08-26 09:49:46,334 - INFO - sentinel2.py:78 - 1/36 - S2A_MSIL2A_20200629T090601_R050_T34SGG_20200824T131317 -> Not Found
2025-08-26 09:49:52,499 - INFO - sentinel2.py:78 - 2/36 - S2A_MSIL2A_20200629T090601_R050_T34SGF_20200824T131318 -> Not Found
2025-08-26 09:49:58,128 - INFO - sentinel2.py:78 - 3/36 - S2A_MSIL2A_20200629T090601_R050_T34SFG_20200824T131302 -> Not Found
2025-08-26 09:50:03,144 - INFO - sentinel2.py:78 - 4/36 - S2A_MSIL2A_20200629T090601_R050_T34SFF_20200824T131300 -> Not Found
2025-08-26 09:50:08,310 - INFO - sentinel2.py:78 - 5/36 - S2B_MSIL2A_20200627T092029_R093_T34SFG_20200824T084051 -> Not Found
2025-08-26 09:50:14,566 - INFO - sentinel2.py:78 - 6/36 - S2B_MSIL2A_20200627T092029_R093_T34SFF_20200824T084049 -> Not Found
2025-08-26 09:50:20,546 - INFO - sentinel2.py:78 - 7/36 - S2B_MSIL2A_20200624T090559_R050_T34SGG_20200823T233514 -> Not Found
2025-08-26 09:50:26,192 - INFO - sentinel2.py:78 - 8/36 - S2B_MSIL2A_20200624T090559_R050_T34SGF_20200908T173022 -> Not Found
2025-08-26 09:50:31,699 - INFO - sentinel2.py:78 - 9/36 - S2B_MSIL2A_20200624T090559_R050_T34SFG_20200823T233508 -> Not Found
2025-08-26 09:50:36,593 - INFO - sentinel2.py:78 - 10/36 - S2B_MSIL2A_20200624T090559_R050_T34SFF_20200823T233509 -> Not Found
2025-08-26 09:50:42,032 - INFO - sentinel2.py:78 - 11/36 - S2A_MSIL2A_20200622T092031_R093_T34SFG_20200823T155855 -> Not Found
2025-08-26 09:50:47,691 - INFO - sentinel2.py:78 - 12/36 - S2A_MSIL2A_20200622T092031_R093_T34SFF_20200908T172943 -> Not Found
2025-08-26 09:50:53,335 - INFO - sentinel2.py:78 - 13/36 - S2A_MSIL2A_20200619T090601_R050_T34SGG_20200823T070631 -> Not Found
2025-08-26 09:50:58,314 - INFO - sentinel2.py:78 - 14/36 - S2A_MSIL2A_20200619T090601_R050_T34SGF_20200908T173018 -> Not Found
2025-08-26 09:51:03,274 - INFO - sentinel2.py:78 - 15/36 - S2A_MSIL2A_20200619T090601_R050_T34SFG_20200823T070618 -> Not Found
2025-08-26 09:51:09,761 - INFO - sentinel2.py:78 - 16/36 - S2A_MSIL2A_20200619T090601_R050_T34SFF_20200823T070619 -> Not Found
2025-08-26 09:51:15,910 - INFO - sentinel2.py:78 - 17/36 - S2B_MSIL2A_20200617T092029_R093_T34SFG_20200908T172959 -> Not Found
2025-08-26 09:51:21,924 - INFO - sentinel2.py:78 - 18/36 - S2B_MSIL2A_20200617T092029_R093_T34SFF_20200908T172943 -> Not Found
2025-08-26 09:51:26,859 - INFO - sentinel2.py:78 - 19/36 - S2B_MSIL2A_20200614T090559_R050_T34SGG_20200827T093555 -> Not Found
2025-08-26 09:51:32,491 - INFO - sentinel2.py:78 - 20/36 - S2B_MSIL2A_20200614T090559_R050_T34SGF_20200919T033200 -> Not Found
2025-08-26 09:51:38,037 - INFO - sentinel2.py:78 - 21/36 - S2B_MSIL2A_20200614T090559_R050_T34SFG_20200827T093538 -> Not Found
2025-08-26 09:51:43,902 - INFO - sentinel2.py:78 - 22/36 - S2B_MSIL2A_20200614T090559_R050_T34SFF_20200827T093541 -> Not Found
2025-08-26 09:51:48,868 - INFO - sentinel2.py:78 - 23/36 - S2A_MSIL2A_20200612T092041_R093_T34SFG_20201027T073339 -> Not Found
2025-08-26 09:51:53,951 - INFO - sentinel2.py:78 - 24/36 - S2A_MSIL2A_20200612T092041_R093_T34SFF_20200919T033151 -> Not Found
2025-08-26 09:52:00,194 - INFO - sentinel2.py:78 - 25/36 - S2A_MSIL2A_20200609T090601_R050_T34SGG_20200826T171307 -> Not Found
2025-08-26 09:52:05,056 - INFO - sentinel2.py:78 - 26/36 - S2A_MSIL2A_20200609T090601_R050_T34SGF_20200909T152331 -> Not Found
2025-08-26 09:52:10,835 - INFO - sentinel2.py:78 - 27/36 - S2A_MSIL2A_20200609T090601_R050_T34SFG_20201027T073014 -> Not Found
2025-08-26 09:52:16,810 - INFO - sentinel2.py:78 - 28/36 - S2A_MSIL2A_20200609T090601_R050_T34SFF_20200826T171252 -> Not Found
2025-08-26 09:52:21,803 - INFO - sentinel2.py:78 - 29/36 - S2B_MSIL2A_20200607T092029_R093_T34SFG_20200909T152327 -> Not Found
2025-08-26 09:52:27,773 - INFO - sentinel2.py:78 - 30/36 - S2B_MSIL2A_20200607T092029_R093_T34SFF_20200909T152324 -> Not Found
2025-08-26 09:52:32,876 - INFO - sentinel2.py:78 - 31/36 - S2B_MSIL2A_20200604T090559_R050_T34SGG_20200908T173025 -> Not Found
2025-08-26 09:52:38,931 - INFO - sentinel2.py:78 - 32/36 - S2B_MSIL2A_20200604T090559_R050_T34SGF_20200908T173017 -> Not Found
2025-08-26 09:52:44,468 - INFO - sentinel2.py:78 - 33/36 - S2B_MSIL2A_20200604T090559_R050_T34SFG_20200908T172954 -> Not Found
2025-08-26 09:52:50,834 - INFO - sentinel2.py:78 - 34/36 - S2B_MSIL2A_20200604T090559_R050_T34SFF_20200908T172942 -> Not Found
2025-08-26 09:52:56,286 - INFO - sentinel2.py:78 - 35/36 - S2A_MSIL2A_20200602T092041_R093_T34SFG_20200825T202003 -> Not Found
2025-08-26 09:53:01,268 - INFO - sentinel2.py:78 - 36/36 - S2A_MSIL2A_20200602T092041_R093_T34SFF_20200908T172941 -> Not Found
2025-08-26 09:53:01,307 - INFO - composites.py:250 -                                  
2025-08-26 09:53:01,307 - INFO - composites.py:251 - 0/36 were refined by GRI.
2025-08-26 09:53:01,308 - WARNING - composites.py:255 - Tile x11_y08 | Time: 2020-06: All scenes are flagged NOT REFINED.
2025-08-26 09:53:01,308 - WARNING - composites.py:256 - Tile x11_y08 | Time: 2020-06: The composite will be flagged with _NOREFINED.
2025-08-26 09:53:01,308 - INFO - composites.py:263 - Looking for up to 10 cleanest images within spatiotemporal range of each MGRS tile
2025-08-26 09:53:01,342 - INFO - composites.py:277 - Filtered cleanest scenes: Kept 32 out of 36 items. 
2025-08-26 09:53:01,342 - INFO - composites.py:278 -         Included MGRS Tiles: ['34SFF' '34SFG' '34SGF' '34SGG']
2025-08-26 09:53:01,342 - INFO - composites.py:279 -         Included EPSG codes: [32634]
2025-08-26 09:53:01,344 - INFO - composites.py:281 - Selected scenes:
2025-08-26 09:53:01,344 - INFO - composites.py:283 -         S2B_MSIL2A_20200614T090559_R050_T34SFF_20200827T093541
2025-08-26 09:53:01,344 - INFO - composites.py:283 -         S2A_MSIL2A_20200619T090601_R050_T34SFF_20200823T070619
2025-08-26 09:53:01,344 - INFO - composites.py:283 -         S2A_MSIL2A_20200629T090601_R050_T34SFF_20200824T131300
2025-08-26 09:53:01,344 - INFO - composites.py:283 -         S2B_MSIL2A_20200604T090559_R050_T34SFF_20200908T172942
2025-08-26 09:53:01,344 - INFO - composites.py:283 -         S2A_MSIL2A_20200609T090601_R050_T34SFF_20200826T171252
2025-08-26 09:53:01,344 - INFO - composites.py:283 -         S2B_MSIL2A_20200624T090559_R050_T34SFF_20200823T233509
2025-08-26 09:53:01,345 - INFO - composites.py:283 -         S2B_MSIL2A_20200617T092029_R093_T34SFF_20200908T172943
2025-08-26 09:53:01,345 - INFO - composites.py:283 -         S2A_MSIL2A_20200612T092041_R093_T34SFF_20200919T033151
2025-08-26 09:53:01,345 - INFO - composites.py:283 -         S2B_MSIL2A_20200607T092029_R093_T34SFF_20200909T152324
2025-08-26 09:53:01,345 - INFO - composites.py:283 -         S2B_MSIL2A_20200627T092029_R093_T34SFF_20200824T084049
2025-08-26 09:53:01,345 - INFO - composites.py:283 -         S2B_MSIL2A_20200614T090559_R050_T34SFG_20200827T093538
2025-08-26 09:53:01,345 - INFO - composites.py:283 -         S2A_MSIL2A_20200629T090601_R050_T34SFG_20200824T131302
2025-08-26 09:53:01,345 - INFO - composites.py:283 -         S2A_MSIL2A_20200609T090601_R050_T34SFG_20201027T073014
2025-08-26 09:53:01,345 - INFO - composites.py:283 -         S2A_MSIL2A_20200619T090601_R050_T34SFG_20200823T070618
2025-08-26 09:53:01,345 - INFO - composites.py:283 -         S2B_MSIL2A_20200604T090559_R050_T34SFG_20200908T172954
2025-08-26 09:53:01,345 - INFO - composites.py:283 -         S2B_MSIL2A_20200627T092029_R093_T34SFG_20200824T084051
2025-08-26 09:53:01,345 - INFO - composites.py:283 -         S2A_MSIL2A_20200612T092041_R093_T34SFG_20201027T073339
2025-08-26 09:53:01,345 - INFO - composites.py:283 -         S2B_MSIL2A_20200617T092029_R093_T34SFG_20200908T172959
2025-08-26 09:53:01,345 - INFO - composites.py:283 -         S2B_MSIL2A_20200624T090559_R050_T34SFG_20200823T233508
2025-08-26 09:53:01,345 - INFO - composites.py:283 -         S2B_MSIL2A_20200607T092029_R093_T34SFG_20200909T152327
2025-08-26 09:53:01,345 - INFO - composites.py:283 -         S2A_MSIL2A_20200629T090601_R050_T34SGF_20200824T131318
2025-08-26 09:53:01,345 - INFO - composites.py:283 -         S2A_MSIL2A_20200609T090601_R050_T34SGF_20200909T152331
2025-08-26 09:53:01,345 - INFO - composites.py:283 -         S2A_MSIL2A_20200619T090601_R050_T34SGF_20200908T173018
2025-08-26 09:53:01,345 - INFO - composites.py:283 -         S2B_MSIL2A_20200604T090559_R050_T34SGF_20200908T173017
2025-08-26 09:53:01,345 - INFO - composites.py:283 -         S2B_MSIL2A_20200624T090559_R050_T34SGF_20200908T173022
2025-08-26 09:53:01,345 - INFO - composites.py:283 -         S2B_MSIL2A_20200614T090559_R050_T34SGF_20200919T033200
2025-08-26 09:53:01,345 - INFO - composites.py:283 -         S2A_MSIL2A_20200629T090601_R050_T34SGG_20200824T131317
2025-08-26 09:53:01,345 - INFO - composites.py:283 -         S2B_MSIL2A_20200604T090559_R050_T34SGG_20200908T173025
2025-08-26 09:53:01,345 - INFO - composites.py:283 -         S2A_MSIL2A_20200609T090601_R050_T34SGG_20200826T171307
2025-08-26 09:53:01,345 - INFO - composites.py:283 -         S2A_MSIL2A_20200619T090601_R050_T34SGG_20200823T070631
2025-08-26 09:53:01,345 - INFO - composites.py:283 -         S2B_MSIL2A_20200614T090559_R050_T34SGG_20200827T093555
2025-08-26 09:53:01,345 - INFO - composites.py:283 -         S2B_MSIL2A_20200624T090559_R050_T34SGG_20200823T233514
2025-08-26 09:53:01,802 - INFO - sentinel2.py:154 - Matplotlib backend: Agg
2025-08-26 09:53:02,036 - INFO - sentinel2.py:224 - Write input scenes footprint overlay: //nas-rs.topo.auth.gr/Latomeia/DROUGHT/composites/x11/y08/2020/06/01/S2L2A_medcomp_x11y08_202006_InDataFootprint.jpeg
2025-08-26 09:53:02,322 - INFO - composites.py:297 -                                  
2025-08-26 09:53:02,322 - INFO - composites.py:298 - Downstream STAC items from Planetary Computer
2025-08-26 09:53:02,322 - INFO - timeseries_processing.py:115 -                                  
2025-08-26 09:53:02,322 - INFO - timeseries_processing.py:116 - Loading bands of diferent resolutions in EPSG:32634
2025-08-26 09:53:02,322 - INFO - timeseries_processing.py:120 -     Filtering items with native UTM EPSG:32634
2025-08-26 09:53:02,322 - INFO - timeseries_processing.py:122 -     32 Items in EPSG:32634
2025-08-26 09:53:02,322 - INFO - timeseries_processing.py:129 -                        
2025-08-26 09:53:02,322 - INFO - timeseries_processing.py:130 -     Loading parameters:
2025-08-26 09:53:02,322 - INFO - timeseries_processing.py:131 -         Bands: ['B05', 'B07', 'B8A', 'SCL']
2025-08-26 09:53:02,323 - INFO - timeseries_processing.py:132 -         Spatial resolution: 20
2025-08-26 09:53:02,323 - INFO - timeseries_processing.py:134 -         Get Assets from STAC Items
2025-08-26 09:53:02,323 - INFO - timeseries_processing.py:47 -         Initialize the STAC client
2025-08-26 09:53:03,033 - INFO - timeseries_processing.py:137 -         Loading 32 STAC Items....
2025-08-26 09:55:24,677 - INFO - timeseries_processing.py:146 -         Cube has been downloaded
2025-08-26 09:55:24,678 - INFO - timeseries_processing.py:156 -         Fix order of dimensions
2025-08-26 09:55:24,678 - INFO - timeseries_processing.py:161 -         Append bands to the band-list of EPSG:32634
2025-08-26 09:55:24,679 - INFO - timeseries_processing.py:129 -                        
2025-08-26 09:55:24,679 - INFO - timeseries_processing.py:130 -     Loading parameters:
2025-08-26 09:55:24,679 - INFO - timeseries_processing.py:131 -         Bands: ['B02', 'B03', 'B04']
2025-08-26 09:55:24,679 - INFO - timeseries_processing.py:132 -         Spatial resolution: 10
2025-08-26 09:55:24,684 - INFO - timeseries_processing.py:134 -         Get Assets from STAC Items
2025-08-26 09:55:24,685 - INFO - timeseries_processing.py:47 -         Initialize the STAC client
2025-08-26 09:55:25,343 - INFO - timeseries_processing.py:137 -         Loading 32 STAC Items....
2025-08-26 09:58:37,668 - INFO - timeseries_processing.py:146 -         Cube has been downloaded
2025-08-26 09:58:37,668 - INFO - timeseries_processing.py:149 -         Reproject to downsample 10m bands to 20m by Resampling.average 2x2 binning and shape matching with odc.geo.GeoBox
2025-08-26 09:58:52,727 - INFO - timeseries_processing.py:161 -         Append bands to the band-list of EPSG:32634
2025-08-26 09:58:52,727 - INFO - timeseries_processing.py:165 -                        
2025-08-26 09:58:52,727 - INFO - timeseries_processing.py:166 -     Merging bands in a single dataset
2025-08-26 09:58:52,727 - INFO - timeseries_processing.py:167 -     Ensure all partial datasets are at (x=20, y=-20) resolution
2025-08-26 09:58:52,728 - INFO - timeseries_processing.py:171 -     Clip to the intersection of indexes
2025-08-26 09:58:54,026 - INFO - timeseries_processing.py:180 -     Make a list of bands to merge
2025-08-26 09:58:54,027 - INFO - timeseries_processing.py:184 -     Merge on intersection
2025-08-26 09:58:54,028 - INFO - timeseries_processing.py:192 -     Apply masks on clouds, shadows, thin cirrus, and snow/ice
2025-08-26 09:58:54,028 - INFO - sentinel2.py:122 -                Masking bits: [3, 7, 8, 9, 10, 11]
2025-08-26 09:58:55,456 - INFO - composites.py:307 - Reproject from UTM Zone to Tile geometry -> CRS(EPSG:32634), Resampling.bilinear
2025-08-26 09:59:02,546 - INFO - composites.py:310 -     New shape of datasets: Shape2d(x=2400, y=2400)
2025-08-26 09:59:03,164 - INFO - composites.py:342 - Creating preview plot of input scenes
2025-08-26 09:59:35,665 - INFO - timeseries_processing.py:349 - Saved preview for 'B04' to //nas-rs.topo.auth.gr/Latomeia/DROUGHT/composites/x11/y08/2020/06/01/S2L2A_medcomp_x11y08_202006_InDataPreview.jpeg
2025-08-26 09:59:35,672 - INFO - composites.py:348 - Clip value range
2025-08-26 09:59:37,668 - INFO - composites.py:353 -                           
2025-08-26 09:59:37,668 - INFO - composites.py:354 - Computing spectral indices:
2025-08-26 09:59:37,669 - INFO - composites.py:357 -     EVI...
2025-08-26 09:59:38,879 - INFO - composites.py:359 -     NDVI...
2025-08-26 09:59:39,365 - INFO - composites.py:361 -     PSRI2...
2025-08-26 09:59:39,627 - INFO - composites.py:364 - Clip to typical value range
2025-08-26 09:59:39,969 - INFO - composites.py:371 - Reducing to median value temporal composite
2025-08-26 10:00:10,045 - INFO - composites.py:390 - Scale and Define data types & nodata per band
2025-08-26 10:00:10,150 - INFO - composites.py:411 - Assign time range and tile ID in metadata
2025-08-26 10:00:10,150 - INFO - composites.py:419 - Write bands to raster COG files
2025-08-26 10:00:14,082 - INFO - composites.py:432 - Write B02 -> //nas-rs.topo.auth.gr/Latomeia/DROUGHT/composites/x11/y08/2020/06/01/S2L2A_medcomp_x11y08_202006_B02.tif
2025-08-26 10:00:18,471 - INFO - composites.py:432 - Write B03 -> //nas-rs.topo.auth.gr/Latomeia/DROUGHT/composites/x11/y08/2020/06/01/S2L2A_medcomp_x11y08_202006_B03.tif
2025-08-26 10:00:22,699 - INFO - composites.py:432 - Write B04 -> //nas-rs.topo.auth.gr/Latomeia/DROUGHT/composites/x11/y08/2020/06/01/S2L2A_medcomp_x11y08_202006_B04.tif
2025-08-26 10:00:27,225 - INFO - composites.py:432 - Write B05 -> //nas-rs.topo.auth.gr/Latomeia/DROUGHT/composites/x11/y08/2020/06/01/S2L2A_medcomp_x11y08_202006_B05.tif
2025-08-26 10:00:31,382 - INFO - composites.py:432 - Write B07 -> //nas-rs.topo.auth.gr/Latomeia/DROUGHT/composites/x11/y08/2020/06/01/S2L2A_medcomp_x11y08_202006_B07.tif
2025-08-26 10:00:35,124 - INFO - composites.py:432 - Write B8A -> //nas-rs.topo.auth.gr/Latomeia/DROUGHT/composites/x11/y08/2020/06/01/S2L2A_medcomp_x11y08_202006_B8A.tif
2025-08-26 10:00:38,895 - INFO - composites.py:432 - Write EVI -> //nas-rs.topo.auth.gr/Latomeia/DROUGHT/composites/x11/y08/2020/06/01/S2L2A_medcomp_x11y08_202006_EVI.tif
2025-08-26 10:00:42,707 - INFO - composites.py:432 - Write NDVI -> //nas-rs.topo.auth.gr/Latomeia/DROUGHT/composites/x11/y08/2020/06/01/S2L2A_medcomp_x11y08_202006_NDVI.tif
2025-08-26 10:00:46,634 - INFO - composites.py:432 - Write PSRI2 -> //nas-rs.topo.auth.gr/Latomeia/DROUGHT/composites/x11/y08/2020/06/01/S2L2A_medcomp_x11y08_202006_PSRI2.tif
2025-08-26 10:00:46,634 - INFO - composites.py:436 - Prepare metadata YAML document
2025-08-26 10:00:47,176 - INFO - composites.py:458 - Write metadata YAML document to disk
2025-08-26 10:00:47,201 - INFO - composites.py:463 - Create datacube.model.Dataset from eo3 metadata
2025-08-26 10:00:47,237 - INFO - composites.py:474 - Index to datacube
2025-08-26 10:00:47,237 - INFO - _datasets.py:191 - Indexing 2a69e3c0-be60-4431-a2be-36d67f64822a
2025-08-26 10:00:47,247 - INFO - composites.py:477 - 
2025-08-26 10:00:47,247 - INFO - composites.py:478 -              ✔✔✔ COMPLETED: Tile x11_y08 | Time: 2020-06 | In 11.22 minutes
2025-08-26 10:00:47,247 - INFO - composites.py:479 - 
2025-08-26 10:00:47,247 - INFO - composites.py:487 - Closing Dask client
2025-08-26 10:00:47,263 - INFO - composites.py:491 - Closing Dask cluster
2025-08-26 10:00:47,263 - INFO - composites.py:492 - #######################################################################
