2025-08-20 14:12:05,189 - INFO - composites.py:100 - #######################################################################
2025-08-20 14:12:05,189 - INFO - composites.py:102 - Processing started
2025-08-20 14:12:05,189 - INFO - composites.py:103 -         Tile: x10_y08
2025-08-20 14:12:05,189 - INFO - composites.py:104 -         Time: 2022-01
2025-08-20 14:12:05,189 - INFO - composites.py:107 -                           
2025-08-20 14:12:05,189 - INFO - composites.py:108 - Establishing connection to datacube
2025-08-20 14:12:06,026 - INFO - composites.py:111 -                           
2025-08-20 14:12:06,027 - INFO - composites.py:112 - Sanity test: Check if dataset already exists in the datacube
2025-08-20 14:12:06,047 - INFO - composites.py:131 - The composite requested was not found and it will be computed
2025-08-20 14:12:06,047 - INFO - composites.py:134 -                                  
2025-08-20 14:12:06,047 - INFO - composites.py:135 - Initializing Dask cluster for parallelization
2025-08-20 14:12:11,910 - INFO - composites.py:159 - Dask dashboard is available at: http://127.0.0.1:8787/status
2025-08-20 14:12:11,910 - INFO - composites.py:162 - Create directories and naming conversions
2025-08-20 14:12:11,917 - INFO - composites.py:173 - Dataset location: //nas-rs.topo.auth.gr/Latomeia/DROUGHT/COMPOS/2022/01/x10_y08
2025-08-20 14:12:11,917 - INFO - composites.py:176 -                           
2025-08-20 14:12:11,917 - INFO - composites.py:177 - Retrieve tile geometry
2025-08-20 14:12:11,956 - INFO - composites.py:188 - Create the Bounding Box (φ,λ)
2025-08-20 14:12:11,958 - INFO - composites.py:194 - Create the Bounding Box (x,y)
2025-08-20 14:12:11,958 - INFO - composites.py:207 -                           
2025-08-20 14:12:11,958 - INFO - composites.py:208 - Connect to Planetary Computer STAC Catalog
2025-08-20 14:12:12,171 - INFO - composites.py:216 - Search the STAC Catalog
2025-08-20 14:12:12,246 - INFO - composites.py:228 -         Query parameters:
2025-08-20 14:12:12,246 - INFO - composites.py:229 -             url:          https://planetarycomputer.microsoft.com/api/stac/v1/search
2025-08-20 14:12:12,246 - INFO - composites.py:230 -             client:       microsoft-pc
2025-08-20 14:12:12,246 - INFO - composites.py:231 -             collection:   sentinel-2-l2a
2025-08-20 14:12:12,246 - INFO - composites.py:232 -             bbox:         (22.316269659639246, 36.86215879883374, 22.97588966675175, 37.41318389002327)
2025-08-20 14:12:12,246 - INFO - composites.py:233 -             time range:   2022-01-01T00:00:00Z/2022-01-31T23:59:59Z
2025-08-20 14:12:12,247 - INFO - composites.py:234 -             cloud cover:  0% - 70%
2025-08-20 14:12:12,247 - INFO - composites.py:235 -             nodata cover: 0% - 33%
2025-08-20 14:12:12,247 - INFO - composites.py:237 -                           
2025-08-20 14:12:12,247 - INFO - composites.py:238 - Searching...
2025-08-20 14:12:12,683 - INFO - composites.py:241 - Query found 18 items
2025-08-20 14:12:12,683 - INFO - composites.py:243 - Searching for GRI REFINED scenes:
2025-08-20 14:12:18,074 - INFO - sentinel2.py:78 - 1/18 - S2A_MSIL2A_20220130T091221_R050_T34SFG_20220214T125157 -> REFINED
2025-08-20 14:12:23,458 - INFO - sentinel2.py:78 - 2/18 - S2A_MSIL2A_20220130T091221_R050_T34SFF_20220214T150852 -> REFINED
2025-08-20 14:12:29,395 - INFO - sentinel2.py:78 - 3/18 - S2B_MSIL2A_20220128T092139_R093_T34SFG_20220213T065221 -> REFINED
2025-08-20 14:12:34,616 - INFO - sentinel2.py:78 - 4/18 - S2B_MSIL2A_20220128T092139_R093_T34SFF_20220213T064751 -> REFINED
2025-08-20 14:12:41,936 - INFO - sentinel2.py:78 - 5/18 - S2A_MSIL2A_20220123T092301_R093_T34SFG_20220124T012322 -> REFINED
2025-08-20 14:12:48,695 - INFO - sentinel2.py:78 - 6/18 - S2A_MSIL2A_20220123T092301_R093_T34SFF_20220124T030121 -> REFINED
2025-08-20 14:12:54,257 - INFO - sentinel2.py:78 - 7/18 - S2A_MSIL2A_20220120T091311_R050_T34SFG_20220121T073827 -> REFINED
2025-08-20 14:13:01,876 - INFO - sentinel2.py:78 - 8/18 - S2A_MSIL2A_20220120T091311_R050_T34SFF_20220121T055707 -> REFINED
2025-08-20 14:13:08,998 - INFO - sentinel2.py:78 - 9/18 - S2B_MSIL2A_20220118T092219_R093_T34SFG_20220119T072001 -> REFINED
2025-08-20 14:13:14,814 - INFO - sentinel2.py:78 - 10/18 - S2B_MSIL2A_20220118T092219_R093_T34SFF_20220119T071608 -> REFINED
2025-08-20 14:13:22,112 - INFO - sentinel2.py:78 - 11/18 - S2B_MSIL2A_20220115T091229_R050_T34SFG_20220115T194009 -> REFINED
2025-08-20 14:13:27,861 - INFO - sentinel2.py:78 - 12/18 - S2B_MSIL2A_20220115T091229_R050_T34SFF_20220115T210814 -> REFINED
2025-08-20 14:13:34,460 - INFO - sentinel2.py:78 - 13/18 - S2A_MSIL2A_20220113T092341_R093_T34SFG_20220113T191737 -> REFINED
2025-08-20 14:13:39,990 - INFO - sentinel2.py:78 - 14/18 - S2A_MSIL2A_20220113T092341_R093_T34SFF_20220113T191503 -> REFINED
2025-08-20 14:13:45,186 - INFO - sentinel2.py:78 - 15/18 - S2B_MSIL2A_20220105T091259_R050_T34SFG_20220106T004819 -> REFINED
2025-08-20 14:13:52,784 - INFO - sentinel2.py:78 - 16/18 - S2B_MSIL2A_20220105T091259_R050_T34SFF_20220106T021853 -> REFINED
2025-08-20 14:13:58,254 - INFO - sentinel2.py:78 - 17/18 - S2A_MSIL2A_20220103T092401_R093_T34SFG_20220104T042700 -> REFINED
2025-08-20 14:14:03,860 - INFO - sentinel2.py:78 - 18/18 - S2A_MSIL2A_20220103T092401_R093_T34SFF_20220104T054210 -> REFINED
2025-08-20 14:14:03,919 - INFO - composites.py:246 -                                  
2025-08-20 14:14:03,926 - INFO - composites.py:247 - 18/18 were refined by GRI.
2025-08-20 14:14:03,926 - INFO - composites.py:259 - Looking for up to 10 cleanest images within spatiotemporal range of each MGRS tile
2025-08-20 14:14:03,927 - INFO - composites.py:273 - Filtered cleanest scenes: Kept 18 out of 18 items. 
2025-08-20 14:14:03,928 - INFO - composites.py:274 -         Included MGRS Tiles: ['34SFF' '34SFG']
2025-08-20 14:14:03,928 - INFO - composites.py:275 -         Included EPSG codes: [32634]
2025-08-20 14:14:03,928 - INFO - composites.py:277 - Selected scenes:
2025-08-20 14:14:03,928 - INFO - composites.py:279 -         S2B_MSIL2A_20220128T092139_R093_T34SFF_20220213T064751
2025-08-20 14:14:03,929 - INFO - composites.py:279 -         S2B_MSIL2A_20220115T091229_R050_T34SFF_20220115T210814
2025-08-20 14:14:03,929 - INFO - composites.py:279 -         S2A_MSIL2A_20220103T092401_R093_T34SFF_20220104T054210
2025-08-20 14:14:03,929 - INFO - composites.py:279 -         S2A_MSIL2A_20220123T092301_R093_T34SFF_20220124T030121
2025-08-20 14:14:03,929 - INFO - composites.py:279 -         S2B_MSIL2A_20220105T091259_R050_T34SFF_20220106T021853
2025-08-20 14:14:03,930 - INFO - composites.py:279 -         S2B_MSIL2A_20220118T092219_R093_T34SFF_20220119T071608
2025-08-20 14:14:03,930 - INFO - composites.py:279 -         S2A_MSIL2A_20220130T091221_R050_T34SFF_20220214T150852
2025-08-20 14:14:03,930 - INFO - composites.py:279 -         S2A_MSIL2A_20220113T092341_R093_T34SFF_20220113T191503
2025-08-20 14:14:03,931 - INFO - composites.py:279 -         S2A_MSIL2A_20220120T091311_R050_T34SFF_20220121T055707
2025-08-20 14:14:03,931 - INFO - composites.py:279 -         S2B_MSIL2A_20220115T091229_R050_T34SFG_20220115T194009
2025-08-20 14:14:03,931 - INFO - composites.py:279 -         S2B_MSIL2A_20220105T091259_R050_T34SFG_20220106T004819
2025-08-20 14:14:03,931 - INFO - composites.py:279 -         S2B_MSIL2A_20220128T092139_R093_T34SFG_20220213T065221
2025-08-20 14:14:03,932 - INFO - composites.py:279 -         S2A_MSIL2A_20220103T092401_R093_T34SFG_20220104T042700
2025-08-20 14:14:03,932 - INFO - composites.py:279 -         S2A_MSIL2A_20220120T091311_R050_T34SFG_20220121T073827
2025-08-20 14:14:03,932 - INFO - composites.py:279 -         S2A_MSIL2A_20220123T092301_R093_T34SFG_20220124T012322
2025-08-20 14:14:03,932 - INFO - composites.py:279 -         S2A_MSIL2A_20220113T092341_R093_T34SFG_20220113T191737
2025-08-20 14:14:03,932 - INFO - composites.py:279 -         S2A_MSIL2A_20220130T091221_R050_T34SFG_20220214T125157
2025-08-20 14:14:03,932 - INFO - composites.py:279 -         S2B_MSIL2A_20220118T092219_R093_T34SFG_20220119T072001
2025-08-20 14:14:04,438 - INFO - sentinel2.py:154 - Matplotlib backend: Agg
2025-08-20 14:14:04,823 - INFO - sentinel2.py:224 - Write input scenes footprint overlay: //nas-rs.topo.auth.gr/Latomeia/DROUGHT/COMPOS/2022/01/x10_y08/S2L2A_medcomp_x10_y08_202201_InDataFootprint.jpeg
2025-08-20 14:14:05,146 - INFO - composites.py:293 -                                  
2025-08-20 14:14:05,146 - INFO - composites.py:294 - Downstream STAC items from Planetary Computer
2025-08-20 14:14:05,146 - INFO - timeseries_processing.py:114 -                                  
2025-08-20 14:14:05,146 - INFO - timeseries_processing.py:115 - Loading bands of diferent resolutions in EPSG:32634
2025-08-20 14:14:05,146 - INFO - timeseries_processing.py:119 -     Filtering items with native UTM EPSG:32634
2025-08-20 14:14:05,146 - INFO - timeseries_processing.py:121 -     18 Items in EPSG:32634
2025-08-20 14:14:05,146 - INFO - timeseries_processing.py:128 -                        
2025-08-20 14:14:05,146 - INFO - timeseries_processing.py:129 -     Loading parameters:
2025-08-20 14:14:05,146 - INFO - timeseries_processing.py:130 -         Bands: ['B05', 'B07', 'B8A', 'SCL']
2025-08-20 14:14:05,146 - INFO - timeseries_processing.py:131 -         Spatial resolution: 20
2025-08-20 14:14:05,146 - INFO - timeseries_processing.py:133 -         Get Assets from STAC Items
2025-08-20 14:14:05,146 - INFO - timeseries_processing.py:46 -         Initialize the STAC client
2025-08-20 14:14:05,667 - INFO - timeseries_processing.py:136 -         Loading 18 STAC Items....
2025-08-20 14:15:28,734 - INFO - timeseries_processing.py:158 -         Cube has been downloaded
2025-08-20 14:15:28,741 - INFO - timeseries_processing.py:167 -         Fix order of dimensions
2025-08-20 14:15:28,742 - INFO - timeseries_processing.py:172 -         Append bands to the band-list of EPSG:32634
2025-08-20 14:15:28,742 - INFO - timeseries_processing.py:128 -                        
2025-08-20 14:15:28,742 - INFO - timeseries_processing.py:129 -     Loading parameters:
2025-08-20 14:15:28,751 - INFO - timeseries_processing.py:130 -         Bands: ['B02', 'B03', 'B04']
2025-08-20 14:15:28,751 - INFO - timeseries_processing.py:131 -         Spatial resolution: 10
2025-08-20 14:15:28,751 - INFO - timeseries_processing.py:133 -         Get Assets from STAC Items
2025-08-20 14:15:28,751 - INFO - timeseries_processing.py:46 -         Initialize the STAC client
2025-08-20 14:15:29,354 - INFO - timeseries_processing.py:136 -         Loading 18 STAC Items....
2025-08-20 14:19:01,111 - INFO - timeseries_processing.py:158 -         Cube has been downloaded
2025-08-20 14:19:01,111 - INFO - timeseries_processing.py:161 -         Downsample 10m bands to 20m by average 2x2 binning
2025-08-20 14:19:13,960 - INFO - timeseries_processing.py:164 -         Align binned bands to native 20m bands (shape matching): method=bilinear
2025-08-20 14:19:26,097 - INFO - timeseries_processing.py:172 -         Append bands to the band-list of EPSG:32634
2025-08-20 14:19:26,097 - INFO - timeseries_processing.py:176 -                        
2025-08-20 14:19:26,097 - INFO - timeseries_processing.py:177 -     Merging bands in a single dataset
2025-08-20 14:19:26,097 - INFO - timeseries_processing.py:178 -     Ensure all partial datasets are at (x=20, y=-20) resolution
2025-08-20 14:19:26,098 - INFO - timeseries_processing.py:182 -     Clip to the intersection of indexes
2025-08-20 14:19:27,386 - INFO - timeseries_processing.py:191 -     Make a list of bands to merge
2025-08-20 14:19:27,387 - INFO - timeseries_processing.py:195 -     Merge on intersection
2025-08-20 14:19:27,389 - INFO - timeseries_processing.py:203 -     Apply masks on clouds, shadows, thin cirrus, and snow/ice
2025-08-20 14:19:27,389 - INFO - sentinel2.py:122 -                Masking bits: [3, 7, 8, 9, 10, 11]
2025-08-20 14:19:28,725 - INFO - timeseries_processing.py:209 -     Reproject to Tiling Schema projection EPSG:3035
2025-08-20 14:19:42,692 - INFO - composites.py:303 - Clip and align to tile geometry
2025-08-20 14:19:46,849 - INFO - composites.py:323 - Scale SR to Sen2Cor Baseline 4.00 - Subtract 1000 in dates post 2022-01-25
2025-08-20 14:19:48,517 - INFO - composites.py:336 - Creating preview plot of input scenes
2025-08-20 14:20:30,435 - INFO - timeseries_processing.py:367 - Saved preview for 'B04' to //nas-rs.topo.auth.gr/Latomeia/DROUGHT/COMPOS/2022/01/x10_y08/S2L2A_medcomp_x10_y08_202201_InDataPreview.jpeg
2025-08-20 14:20:30,456 - INFO - composites.py:342 - Clip value range
2025-08-20 14:20:32,581 - INFO - composites.py:347 -                           
2025-08-20 14:20:32,581 - INFO - composites.py:348 - Computing spectral indices:
2025-08-20 14:20:32,582 - INFO - composites.py:351 -     EVI...
2025-08-20 14:20:33,809 - INFO - composites.py:353 -     NDVI...
2025-08-20 14:20:34,125 - INFO - composites.py:355 -     PSRI2...
2025-08-20 14:20:34,560 - INFO - composites.py:358 - Clip to typical value range
2025-08-20 14:20:34,987 - INFO - composites.py:365 - Reducing to median value temporal composite
2025-08-20 14:21:05,647 - INFO - composites.py:384 - Define data types and nodata per band
2025-08-20 14:21:05,823 - INFO - composites.py:405 - Assign time range and tile ID in metadata
2025-08-20 14:21:05,823 - INFO - composites.py:413 - Write bands to raster COG files
2025-08-20 14:21:11,133 - INFO - composites.py:426 - Write B02 -> //nas-rs.topo.auth.gr/Latomeia/DROUGHT/COMPOS/2022/01/x10_y08/S2L2A_medcomp_x10_y08_202201_B02.tif
2025-08-20 14:21:17,789 - INFO - composites.py:426 - Write B03 -> //nas-rs.topo.auth.gr/Latomeia/DROUGHT/COMPOS/2022/01/x10_y08/S2L2A_medcomp_x10_y08_202201_B03.tif
2025-08-20 14:21:23,813 - INFO - composites.py:426 - Write B04 -> //nas-rs.topo.auth.gr/Latomeia/DROUGHT/COMPOS/2022/01/x10_y08/S2L2A_medcomp_x10_y08_202201_B04.tif
2025-08-20 14:21:29,637 - INFO - composites.py:426 - Write B05 -> //nas-rs.topo.auth.gr/Latomeia/DROUGHT/COMPOS/2022/01/x10_y08/S2L2A_medcomp_x10_y08_202201_B05.tif
2025-08-20 14:21:35,605 - INFO - composites.py:426 - Write B07 -> //nas-rs.topo.auth.gr/Latomeia/DROUGHT/COMPOS/2022/01/x10_y08/S2L2A_medcomp_x10_y08_202201_B07.tif
2025-08-20 14:21:41,154 - INFO - composites.py:426 - Write B8A -> //nas-rs.topo.auth.gr/Latomeia/DROUGHT/COMPOS/2022/01/x10_y08/S2L2A_medcomp_x10_y08_202201_B8A.tif
2025-08-20 14:21:46,904 - INFO - composites.py:426 - Write EVI -> //nas-rs.topo.auth.gr/Latomeia/DROUGHT/COMPOS/2022/01/x10_y08/S2L2A_medcomp_x10_y08_202201_evi.tif
2025-08-20 14:21:52,506 - INFO - composites.py:426 - Write NDVI -> //nas-rs.topo.auth.gr/Latomeia/DROUGHT/COMPOS/2022/01/x10_y08/S2L2A_medcomp_x10_y08_202201_ndvi.tif
2025-08-20 14:21:57,817 - INFO - composites.py:426 - Write PSRI2 -> //nas-rs.topo.auth.gr/Latomeia/DROUGHT/COMPOS/2022/01/x10_y08/S2L2A_medcomp_x10_y08_202201_psri2.tif
2025-08-20 14:21:57,835 - INFO - composites.py:430 - Prepare metadata YAML document
2025-08-20 14:21:58,666 - INFO - composites.py:451 - Write metadata YAML document to disk
2025-08-20 14:21:58,741 - INFO - composites.py:456 - Create datacube.model.Dataset from eo3 metadata
2025-08-20 14:21:58,765 - INFO - composites.py:467 - Index to datacube
2025-08-20 14:21:58,765 - INFO - _datasets.py:191 - Indexing c580a044-9788-4460-84ea-c1eb1621ee28
2025-08-20 14:21:58,774 - INFO - composites.py:470 - 
2025-08-20 14:21:58,774 - INFO - composites.py:471 -              ✔✔✔ COMPLETED: Tile x10_y08 | Time: 2022-01 | In 9.89 minutes
2025-08-20 14:21:58,774 - INFO - composites.py:472 - 
2025-08-20 14:21:58,774 - INFO - composites.py:480 - Closing Dask client
2025-08-20 14:21:58,777 - INFO - composites.py:484 - Closing Dask cluster
2025-08-20 14:21:58,777 - INFO - composites.py:485 - #######################################################################
