2025-08-20 11:44:27,103 - INFO - composites.py:100 - #######################################################################
2025-08-20 11:44:27,103 - INFO - composites.py:102 - Processing started
2025-08-20 11:44:27,104 - INFO - composites.py:103 -         Tile: x11_y08
2025-08-20 11:44:27,104 - INFO - composites.py:104 -         Time: 2021-12
2025-08-20 11:44:27,104 - INFO - composites.py:107 -                           
2025-08-20 11:44:27,104 - INFO - composites.py:108 - Establishing connection to datacube
2025-08-20 11:44:27,943 - INFO - composites.py:111 -                           
2025-08-20 11:44:27,943 - INFO - composites.py:112 - Sanity test: Check if dataset already exists in the datacube
2025-08-20 11:44:27,972 - INFO - composites.py:131 - The composite requested was not found and it will be computed
2025-08-20 11:44:27,972 - INFO - composites.py:134 -                                  
2025-08-20 11:44:27,972 - INFO - composites.py:135 - Initializing Dask cluster for parallelization
2025-08-20 11:44:34,470 - INFO - composites.py:159 - Dask dashboard is available at: http://127.0.0.1:8787/status
2025-08-20 11:44:34,470 - INFO - composites.py:162 - Create directories and naming conversions
2025-08-20 11:44:34,476 - INFO - composites.py:173 - Dataset location: //nas-rs.topo.auth.gr/Latomeia/DROUGHT/COMPOS/2021/12/x11_y08
2025-08-20 11:44:34,476 - INFO - composites.py:176 -                           
2025-08-20 11:44:34,476 - INFO - composites.py:177 - Retrieve tile geometry
2025-08-20 11:44:34,524 - INFO - composites.py:188 - Create the Bounding Box (φ,λ)
2025-08-20 11:44:34,524 - INFO - composites.py:194 - Create the Bounding Box (x,y)
2025-08-20 11:44:34,524 - INFO - composites.py:207 -                           
2025-08-20 11:44:34,524 - INFO - composites.py:208 - Connect to Planetary Computer STAC Catalog
2025-08-20 11:44:34,794 - INFO - composites.py:216 - Search the STAC Catalog
2025-08-20 11:44:34,864 - INFO - composites.py:228 -         Query parameters:
2025-08-20 11:44:34,865 - INFO - composites.py:229 -             url:          https://planetarycomputer.microsoft.com/api/stac/v1/search
2025-08-20 11:44:34,865 - INFO - composites.py:230 -             client:       microsoft-pc
2025-08-20 11:44:34,865 - INFO - composites.py:231 -             collection:   sentinel-2-l2a
2025-08-20 11:44:34,865 - INFO - composites.py:232 -             bbox:         (22.845726265116973, 36.78783321302753, 23.507514150864267, 37.341312623754334)
2025-08-20 11:44:34,865 - INFO - composites.py:233 -             time range:   2021-12-01T00:00:00Z/2021-12-31T23:59:59Z
2025-08-20 11:44:34,865 - INFO - composites.py:234 -             cloud cover:  0% - 70%
2025-08-20 11:44:34,865 - INFO - composites.py:235 -             nodata cover: 0% - 33%
2025-08-20 11:44:34,865 - INFO - composites.py:237 -                           
2025-08-20 11:44:34,865 - INFO - composites.py:238 - Searching...
2025-08-20 11:44:35,479 - INFO - composites.py:241 - Query found 49 items
2025-08-20 11:44:35,479 - INFO - composites.py:243 - Searching for GRI REFINED scenes:
2025-08-20 11:44:41,571 - INFO - sentinel2.py:78 - 1/49 - S2A_MSIL2A_20211231T091401_R050_T34SGF_20230127T141923 -> REFINED
2025-08-20 11:44:47,695 - INFO - sentinel2.py:78 - 2/49 - S2A_MSIL2A_20211231T091401_R050_T34SGF_20220101T102426 -> REFINED
2025-08-20 11:44:55,028 - INFO - sentinel2.py:78 - 3/49 - S2A_MSIL2A_20211231T091401_R050_T34SFG_20230127T130707 -> REFINED
2025-08-20 11:45:01,999 - INFO - sentinel2.py:78 - 4/49 - S2A_MSIL2A_20211231T091401_R050_T34SFG_20220101T094050 -> REFINED
2025-08-20 11:45:09,074 - INFO - sentinel2.py:78 - 5/49 - S2A_MSIL2A_20211231T091401_R050_T34SFF_20230127T132622 -> REFINED
2025-08-20 11:45:16,447 - INFO - sentinel2.py:78 - 6/49 - S2A_MSIL2A_20211231T091401_R050_T34SFF_20220101T082413 -> REFINED
2025-08-20 11:45:28,746 - INFO - sentinel2.py:78 - 7/49 - S2B_MSIL2A_20211226T091309_R050_T34SGG_20230128T114807 -> REFINED
2025-08-20 11:45:36,384 - INFO - sentinel2.py:78 - 8/49 - S2B_MSIL2A_20211226T091309_R050_T34SGG_20211226T231540 -> REFINED
2025-08-20 11:45:44,306 - INFO - sentinel2.py:78 - 9/49 - S2B_MSIL2A_20211226T091309_R050_T34SGF_20230128T120632 -> REFINED
2025-08-20 11:45:50,444 - INFO - sentinel2.py:78 - 10/49 - S2B_MSIL2A_20211226T091309_R050_T34SGF_20211226T222913 -> REFINED
2025-08-20 11:45:57,128 - INFO - sentinel2.py:78 - 11/49 - S2B_MSIL2A_20211226T091309_R050_T34SFG_20230128T114938 -> REFINED
2025-08-20 11:46:04,390 - INFO - sentinel2.py:78 - 12/49 - S2B_MSIL2A_20211226T091309_R050_T34SFG_20211226T215051 -> REFINED
2025-08-20 11:46:11,919 - INFO - sentinel2.py:78 - 13/49 - S2B_MSIL2A_20211226T091309_R050_T34SFF_20230128T035731 -> REFINED
2025-08-20 11:46:17,837 - INFO - sentinel2.py:78 - 14/49 - S2B_MSIL2A_20211226T091309_R050_T34SFF_20211226T215708 -> REFINED
2025-08-20 11:46:25,120 - INFO - sentinel2.py:78 - 15/49 - S2A_MSIL2A_20211224T092411_R093_T34SFG_20211225T005342 -> REFINED
2025-08-20 11:46:32,193 - INFO - sentinel2.py:78 - 16/49 - S2A_MSIL2A_20211224T092411_R093_T34SFF_20211225T020148 -> REFINED
2025-08-20 11:46:38,835 - INFO - sentinel2.py:78 - 17/49 - S2A_MSIL2A_20211221T091411_R050_T34SGG_20211222T083259 -> REFINED
2025-08-20 11:46:45,719 - INFO - sentinel2.py:78 - 18/49 - S2A_MSIL2A_20211221T091411_R050_T34SGF_20211222T112917 -> REFINED
2025-08-20 11:46:53,049 - INFO - sentinel2.py:78 - 19/49 - S2A_MSIL2A_20211221T091411_R050_T34SFG_20211222T075337 -> REFINED
2025-08-20 11:47:00,207 - INFO - sentinel2.py:78 - 20/49 - S2A_MSIL2A_20211221T091411_R050_T34SFF_20211222T091713 -> REFINED
2025-08-20 11:47:06,524 - INFO - sentinel2.py:78 - 21/49 - S2B_MSIL2A_20211219T092309_R093_T34SFG_20230128T220737 -> REFINED
2025-08-20 11:47:12,975 - INFO - sentinel2.py:78 - 22/49 - S2B_MSIL2A_20211219T092309_R093_T34SFG_20211219T174356 -> REFINED
2025-08-20 11:47:21,510 - INFO - sentinel2.py:78 - 23/49 - S2B_MSIL2A_20211219T092309_R093_T34SFF_20230128T203428 -> REFINED
2025-08-20 11:47:28,920 - INFO - sentinel2.py:78 - 24/49 - S2B_MSIL2A_20211219T092309_R093_T34SFF_20211219T184715 -> REFINED
2025-08-20 11:47:35,600 - INFO - sentinel2.py:78 - 25/49 - S2B_MSIL2A_20211216T091259_R050_T34SGG_20211216T211150 -> REFINED
2025-08-20 11:47:42,047 - INFO - sentinel2.py:78 - 26/49 - S2B_MSIL2A_20211216T091259_R050_T34SGF_20211216T205712 -> REFINED
2025-08-20 11:47:49,747 - INFO - sentinel2.py:78 - 27/49 - S2B_MSIL2A_20211216T091259_R050_T34SFG_20211216T230345 -> REFINED
2025-08-20 11:47:56,323 - INFO - sentinel2.py:78 - 28/49 - S2B_MSIL2A_20211216T091259_R050_T34SFF_20211216T214845 -> REFINED
2025-08-20 11:48:02,925 - INFO - sentinel2.py:78 - 29/49 - S2A_MSIL2A_20211214T092401_R093_T34SFG_20230126T063050 -> REFINED
2025-08-20 11:48:09,455 - INFO - sentinel2.py:78 - 30/49 - S2A_MSIL2A_20211214T092401_R093_T34SFG_20211214T233021 -> REFINED
2025-08-20 11:48:16,555 - INFO - sentinel2.py:78 - 31/49 - S2A_MSIL2A_20211214T092401_R093_T34SFF_20230125T184303 -> REFINED
2025-08-20 11:48:22,344 - INFO - sentinel2.py:78 - 32/49 - S2A_MSIL2A_20211214T092401_R093_T34SFF_20211215T001518 -> REFINED
2025-08-20 11:48:31,509 - INFO - sentinel2.py:78 - 33/49 - S2B_MSIL2A_20211209T092259_R093_T34SFG_20230129T155341 -> REFINED
2025-08-20 11:48:38,733 - INFO - sentinel2.py:78 - 34/49 - S2B_MSIL2A_20211209T092259_R093_T34SFG_20211209T210247 -> REFINED
2025-08-20 11:48:45,986 - INFO - sentinel2.py:78 - 35/49 - S2B_MSIL2A_20211209T092259_R093_T34SFF_20230129T085933 -> REFINED
2025-08-20 11:48:53,432 - INFO - sentinel2.py:78 - 36/49 - S2B_MSIL2A_20211209T092259_R093_T34SFF_20211209T230853 -> REFINED
2025-08-20 11:49:00,453 - INFO - sentinel2.py:78 - 37/49 - S2B_MSIL2A_20211206T091249_R050_T34SGG_20230128T234759 -> REFINED
2025-08-20 11:49:07,743 - INFO - sentinel2.py:78 - 38/49 - S2B_MSIL2A_20211206T091249_R050_T34SGG_20211206T233244 -> REFINED
2025-08-20 11:49:14,296 - INFO - sentinel2.py:78 - 39/49 - S2B_MSIL2A_20211206T091249_R050_T34SGF_20230128T203734 -> REFINED
2025-08-20 11:49:21,471 - INFO - sentinel2.py:78 - 40/49 - S2B_MSIL2A_20211206T091249_R050_T34SGF_20211206T224943 -> REFINED
2025-08-20 11:49:29,494 - INFO - sentinel2.py:78 - 41/49 - S2B_MSIL2A_20211206T091249_R050_T34SFG_20230128T195910 -> REFINED
2025-08-20 11:49:36,413 - INFO - sentinel2.py:78 - 42/49 - S2B_MSIL2A_20211206T091249_R050_T34SFG_20211207T003401 -> REFINED
2025-08-20 11:49:42,477 - INFO - sentinel2.py:78 - 43/49 - S2B_MSIL2A_20211206T091249_R050_T34SFF_20230127T175255 -> REFINED
2025-08-20 11:49:49,464 - INFO - sentinel2.py:78 - 44/49 - S2B_MSIL2A_20211206T091249_R050_T34SFF_20211206T224420 -> REFINED
2025-08-20 11:49:56,845 - INFO - sentinel2.py:78 - 45/49 - S2A_MSIL2A_20211204T092351_R093_T34SFF_20211204T220419 -> REFINED
2025-08-20 11:50:04,076 - INFO - sentinel2.py:78 - 46/49 - S2A_MSIL2A_20211201T091331_R050_T34SGG_20211201T193403 -> REFINED
2025-08-20 11:50:10,798 - INFO - sentinel2.py:78 - 47/49 - S2A_MSIL2A_20211201T091331_R050_T34SGF_20211201T193124 -> REFINED
2025-08-20 11:50:17,931 - INFO - sentinel2.py:78 - 48/49 - S2A_MSIL2A_20211201T091331_R050_T34SFG_20211201T174726 -> REFINED
2025-08-20 11:50:25,204 - INFO - sentinel2.py:78 - 49/49 - S2A_MSIL2A_20211201T091331_R050_T34SFF_20211201T181647 -> REFINED
2025-08-20 11:50:25,259 - INFO - composites.py:246 -                                  
2025-08-20 11:50:25,260 - INFO - composites.py:247 - 49/49 were refined by GRI.
2025-08-20 11:50:25,260 - INFO - composites.py:259 - Looking for up to 10 cleanest images within spatiotemporal range of each MGRS tile
2025-08-20 11:50:25,260 - INFO - composites.py:273 - Filtered cleanest scenes: Kept 36 out of 49 items. 
2025-08-20 11:50:25,260 - INFO - composites.py:274 -         Included MGRS Tiles: ['34SFF' '34SFG' '34SGF' '34SGG']
2025-08-20 11:50:25,262 - INFO - composites.py:275 -         Included EPSG codes: [32634]
2025-08-20 11:50:25,262 - INFO - composites.py:277 - Selected scenes:
2025-08-20 11:50:25,262 - INFO - composites.py:279 -         S2A_MSIL2A_20211201T091331_R050_T34SFF_20211201T181647
2025-08-20 11:50:25,262 - INFO - composites.py:279 -         S2A_MSIL2A_20211224T092411_R093_T34SFF_20211225T020148
2025-08-20 11:50:25,273 - INFO - composites.py:279 -         S2B_MSIL2A_20211219T092309_R093_T34SFF_20230128T203428
2025-08-20 11:50:25,274 - INFO - composites.py:279 -         S2B_MSIL2A_20211219T092309_R093_T34SFF_20211219T184715
2025-08-20 11:50:25,274 - INFO - composites.py:279 -         S2A_MSIL2A_20211214T092401_R093_T34SFF_20211215T001518
2025-08-20 11:50:25,274 - INFO - composites.py:279 -         S2A_MSIL2A_20211214T092401_R093_T34SFF_20230125T184303
2025-08-20 11:50:25,274 - INFO - composites.py:279 -         S2A_MSIL2A_20211221T091411_R050_T34SFF_20211222T091713
2025-08-20 11:50:25,274 - INFO - composites.py:279 -         S2B_MSIL2A_20211206T091249_R050_T34SFF_20211206T224420
2025-08-20 11:50:25,274 - INFO - composites.py:279 -         S2B_MSIL2A_20211206T091249_R050_T34SFF_20230127T175255
2025-08-20 11:50:25,285 - INFO - composites.py:279 -         S2B_MSIL2A_20211209T092259_R093_T34SFF_20211209T230853
2025-08-20 11:50:25,285 - INFO - composites.py:279 -         S2A_MSIL2A_20211201T091331_R050_T34SFG_20211201T174726
2025-08-20 11:50:25,286 - INFO - composites.py:279 -         S2A_MSIL2A_20211224T092411_R093_T34SFG_20211225T005342
2025-08-20 11:50:25,286 - INFO - composites.py:279 -         S2B_MSIL2A_20211206T091249_R050_T34SFG_20211207T003401
2025-08-20 11:50:25,286 - INFO - composites.py:279 -         S2B_MSIL2A_20211219T092309_R093_T34SFG_20211219T174356
2025-08-20 11:50:25,287 - INFO - composites.py:279 -         S2B_MSIL2A_20211219T092309_R093_T34SFG_20230128T220737
2025-08-20 11:50:25,287 - INFO - composites.py:279 -         S2A_MSIL2A_20211214T092401_R093_T34SFG_20211214T233021
2025-08-20 11:50:25,287 - INFO - composites.py:279 -         S2B_MSIL2A_20211206T091249_R050_T34SFG_20230128T195910
2025-08-20 11:50:25,287 - INFO - composites.py:279 -         S2A_MSIL2A_20211214T092401_R093_T34SFG_20230126T063050
2025-08-20 11:50:25,288 - INFO - composites.py:279 -         S2B_MSIL2A_20211216T091259_R050_T34SFG_20211216T230345
2025-08-20 11:50:25,288 - INFO - composites.py:279 -         S2A_MSIL2A_20211221T091411_R050_T34SFG_20211222T075337
2025-08-20 11:50:25,288 - INFO - composites.py:279 -         S2A_MSIL2A_20211201T091331_R050_T34SGF_20211201T193124
2025-08-20 11:50:25,288 - INFO - composites.py:279 -         S2A_MSIL2A_20211221T091411_R050_T34SGF_20211222T112917
2025-08-20 11:50:25,288 - INFO - composites.py:279 -         S2B_MSIL2A_20211226T091309_R050_T34SGF_20211226T222913
2025-08-20 11:50:25,288 - INFO - composites.py:279 -         S2B_MSIL2A_20211226T091309_R050_T34SGF_20230128T120632
2025-08-20 11:50:25,288 - INFO - composites.py:279 -         S2B_MSIL2A_20211216T091259_R050_T34SGF_20211216T205712
2025-08-20 11:50:25,288 - INFO - composites.py:279 -         S2B_MSIL2A_20211206T091249_R050_T34SGF_20211206T224943
2025-08-20 11:50:25,289 - INFO - composites.py:279 -         S2A_MSIL2A_20211231T091401_R050_T34SGF_20220101T102426
2025-08-20 11:50:25,289 - INFO - composites.py:279 -         S2B_MSIL2A_20211206T091249_R050_T34SGF_20230128T203734
2025-08-20 11:50:25,289 - INFO - composites.py:279 -         S2A_MSIL2A_20211231T091401_R050_T34SGF_20230127T141923
2025-08-20 11:50:25,289 - INFO - composites.py:279 -         S2A_MSIL2A_20211201T091331_R050_T34SGG_20211201T193403
2025-08-20 11:50:25,289 - INFO - composites.py:279 -         S2B_MSIL2A_20211226T091309_R050_T34SGG_20211226T231540
2025-08-20 11:50:25,289 - INFO - composites.py:279 -         S2B_MSIL2A_20211226T091309_R050_T34SGG_20230128T114807
2025-08-20 11:50:25,289 - INFO - composites.py:279 -         S2B_MSIL2A_20211216T091259_R050_T34SGG_20211216T211150
2025-08-20 11:50:25,289 - INFO - composites.py:279 -         S2A_MSIL2A_20211221T091411_R050_T34SGG_20211222T083259
2025-08-20 11:50:25,289 - INFO - composites.py:279 -         S2B_MSIL2A_20211206T091249_R050_T34SGG_20211206T233244
2025-08-20 11:50:25,289 - INFO - composites.py:279 -         S2B_MSIL2A_20211206T091249_R050_T34SGG_20230128T234759
2025-08-20 11:50:25,920 - INFO - sentinel2.py:154 - Matplotlib backend: Agg
2025-08-20 11:50:26,236 - INFO - sentinel2.py:224 - Write input scenes footprint overlay: //nas-rs.topo.auth.gr/Latomeia/DROUGHT/COMPOS/2021/12/x11_y08/S2L2A_medcomp_x11_y08_202112_InDataFootprint.jpeg
2025-08-20 11:50:26,575 - INFO - composites.py:293 -                                  
2025-08-20 11:50:26,576 - INFO - composites.py:294 - Downstream STAC items from Planetary Computer
2025-08-20 11:50:26,576 - INFO - timeseries_processing.py:114 -                                  
2025-08-20 11:50:26,576 - INFO - timeseries_processing.py:115 - Loading bands of diferent resolutions in EPSG:32634
2025-08-20 11:50:26,576 - INFO - timeseries_processing.py:119 -     Filtering items with native UTM EPSG:32634
2025-08-20 11:50:26,576 - INFO - timeseries_processing.py:121 -     36 Items in EPSG:32634
2025-08-20 11:50:26,576 - INFO - timeseries_processing.py:128 -                        
2025-08-20 11:50:26,576 - INFO - timeseries_processing.py:129 -     Loading parameters:
2025-08-20 11:50:26,576 - INFO - timeseries_processing.py:130 -         Bands: ['B05', 'B07', 'B8A', 'SCL']
2025-08-20 11:50:26,576 - INFO - timeseries_processing.py:131 -         Spatial resolution: 20
2025-08-20 11:50:26,576 - INFO - timeseries_processing.py:133 -         Get Assets from STAC Items
2025-08-20 11:50:26,576 - INFO - timeseries_processing.py:46 -         Initialize the STAC client
2025-08-20 11:50:28,102 - INFO - timeseries_processing.py:136 -         Loading 36 STAC Items....
2025-08-20 11:52:41,897 - INFO - timeseries_processing.py:158 -         Cube has been downloaded
2025-08-20 11:52:41,897 - INFO - timeseries_processing.py:167 -         Fix order of dimensions
2025-08-20 11:52:41,898 - INFO - timeseries_processing.py:172 -         Append bands to the band-list of EPSG:32634
2025-08-20 11:52:41,898 - INFO - timeseries_processing.py:128 -                        
2025-08-20 11:52:41,898 - INFO - timeseries_processing.py:129 -     Loading parameters:
2025-08-20 11:52:41,902 - INFO - timeseries_processing.py:130 -         Bands: ['B02', 'B03', 'B04']
2025-08-20 11:52:41,902 - INFO - timeseries_processing.py:131 -         Spatial resolution: 10
2025-08-20 11:52:41,902 - INFO - timeseries_processing.py:133 -         Get Assets from STAC Items
2025-08-20 11:52:41,902 - INFO - timeseries_processing.py:46 -         Initialize the STAC client
2025-08-20 11:52:42,631 - INFO - timeseries_processing.py:136 -         Loading 36 STAC Items....
2025-08-20 11:55:44,885 - INFO - timeseries_processing.py:158 -         Cube has been downloaded
2025-08-20 11:55:44,885 - INFO - timeseries_processing.py:161 -         Downsample 10m bands to 20m by average 2x2 binning
2025-08-20 11:55:59,296 - INFO - timeseries_processing.py:164 -         Align binned bands to native 20m bands (shape matching): method=bilinear
2025-08-20 11:56:08,998 - INFO - timeseries_processing.py:172 -         Append bands to the band-list of EPSG:32634
2025-08-20 11:56:08,999 - INFO - timeseries_processing.py:176 -                        
2025-08-20 11:56:08,999 - INFO - timeseries_processing.py:177 -     Merging bands in a single dataset
2025-08-20 11:56:08,999 - INFO - timeseries_processing.py:178 -     Ensure all partial datasets are at (x=20, y=-20) resolution
2025-08-20 11:56:08,999 - INFO - timeseries_processing.py:182 -     Clip to the intersection of indexes
2025-08-20 11:56:10,461 - INFO - timeseries_processing.py:191 -     Make a list of bands to merge
2025-08-20 11:56:10,461 - INFO - timeseries_processing.py:195 -     Merge on intersection
2025-08-20 11:56:10,463 - INFO - timeseries_processing.py:203 -     Apply masks on clouds, shadows, thin cirrus, and snow/ice
2025-08-20 11:56:10,463 - INFO - sentinel2.py:122 -                Masking bits: [3, 7, 8, 9, 10, 11]
2025-08-20 11:56:12,024 - INFO - timeseries_processing.py:209 -     Reproject to Tiling Schema projection EPSG:3035
2025-08-20 11:56:26,598 - INFO - composites.py:303 - Clip and align to tile geometry
2025-08-20 11:56:30,914 - INFO - composites.py:336 - Creating preview plot of input scenes
2025-08-20 11:57:11,578 - INFO - timeseries_processing.py:367 - Saved preview for 'B04' to //nas-rs.topo.auth.gr/Latomeia/DROUGHT/COMPOS/2021/12/x11_y08/S2L2A_medcomp_x11_y08_202112_InDataPreview.jpeg
2025-08-20 11:57:11,587 - INFO - composites.py:342 - Clip value range
2025-08-20 11:57:13,898 - INFO - composites.py:347 -                           
2025-08-20 11:57:13,899 - INFO - composites.py:348 - Computing spectral indices:
2025-08-20 11:57:13,899 - INFO - composites.py:351 -     EVI...
2025-08-20 11:57:15,259 - INFO - composites.py:353 -     NDVI...
2025-08-20 11:57:15,570 - INFO - composites.py:355 -     PSRI2...
2025-08-20 11:57:15,996 - INFO - composites.py:358 - Clip to typical value range
2025-08-20 11:57:16,463 - INFO - composites.py:365 - Reducing to median value temporal composite
2025-08-20 11:57:45,439 - INFO - composites.py:384 - Define data types and nodata per band
2025-08-20 11:57:45,602 - INFO - composites.py:405 - Assign time range and tile ID in metadata
2025-08-20 11:57:45,602 - INFO - composites.py:413 - Write bands to raster COG files
2025-08-20 11:57:50,300 - INFO - composites.py:426 - Write B02 -> //nas-rs.topo.auth.gr/Latomeia/DROUGHT/COMPOS/2021/12/x11_y08/S2L2A_medcomp_x11_y08_202112_B02.tif
2025-08-20 11:57:54,966 - INFO - composites.py:426 - Write B03 -> //nas-rs.topo.auth.gr/Latomeia/DROUGHT/COMPOS/2021/12/x11_y08/S2L2A_medcomp_x11_y08_202112_B03.tif
2025-08-20 11:57:59,685 - INFO - composites.py:426 - Write B04 -> //nas-rs.topo.auth.gr/Latomeia/DROUGHT/COMPOS/2021/12/x11_y08/S2L2A_medcomp_x11_y08_202112_B04.tif
2025-08-20 11:58:04,383 - INFO - composites.py:426 - Write B05 -> //nas-rs.topo.auth.gr/Latomeia/DROUGHT/COMPOS/2021/12/x11_y08/S2L2A_medcomp_x11_y08_202112_B05.tif
2025-08-20 11:58:09,062 - INFO - composites.py:426 - Write B07 -> //nas-rs.topo.auth.gr/Latomeia/DROUGHT/COMPOS/2021/12/x11_y08/S2L2A_medcomp_x11_y08_202112_B07.tif
2025-08-20 11:58:13,796 - INFO - composites.py:426 - Write B8A -> //nas-rs.topo.auth.gr/Latomeia/DROUGHT/COMPOS/2021/12/x11_y08/S2L2A_medcomp_x11_y08_202112_B8A.tif
2025-08-20 11:58:18,381 - INFO - composites.py:426 - Write EVI -> //nas-rs.topo.auth.gr/Latomeia/DROUGHT/COMPOS/2021/12/x11_y08/S2L2A_medcomp_x11_y08_202112_evi.tif
2025-08-20 11:58:23,180 - INFO - composites.py:426 - Write NDVI -> //nas-rs.topo.auth.gr/Latomeia/DROUGHT/COMPOS/2021/12/x11_y08/S2L2A_medcomp_x11_y08_202112_ndvi.tif
2025-08-20 11:58:27,966 - INFO - composites.py:426 - Write PSRI2 -> //nas-rs.topo.auth.gr/Latomeia/DROUGHT/COMPOS/2021/12/x11_y08/S2L2A_medcomp_x11_y08_202112_psri2.tif
2025-08-20 11:58:27,985 - INFO - composites.py:430 - Prepare metadata YAML document
2025-08-20 11:58:28,803 - INFO - composites.py:451 - Write metadata YAML document to disk
2025-08-20 11:58:28,875 - INFO - composites.py:456 - Create datacube.model.Dataset from eo3 metadata
2025-08-20 11:58:28,885 - INFO - composites.py:467 - Index to datacube
2025-08-20 11:58:28,886 - INFO - _datasets.py:191 - Indexing 508cfb34-881b-4315-b4a5-e1a07c0e8a26
2025-08-20 11:58:28,897 - INFO - composites.py:470 - 
2025-08-20 11:58:28,898 - INFO - composites.py:471 -              ✔✔✔ COMPLETED: Tile x11_y08 | Time: 2021-12 | In 14.03 minutes
2025-08-20 11:58:28,898 - INFO - composites.py:472 - 
2025-08-20 11:58:28,898 - INFO - composites.py:480 - Closing Dask client
2025-08-20 11:58:28,899 - INFO - composites.py:484 - Closing Dask cluster
2025-08-20 11:58:28,899 - INFO - composites.py:485 - #######################################################################
