2025-08-19 17:41:29,473 - INFO - composites.py:100 - #######################################################################
2025-08-19 17:41:29,473 - INFO - composites.py:102 - Processing started
2025-08-19 17:41:29,473 - INFO - composites.py:103 -         Tile: x10_y10
2025-08-19 17:41:29,473 - INFO - composites.py:104 -         Time: 2021-06
2025-08-19 17:41:29,473 - INFO - composites.py:107 -                           
2025-08-19 17:41:29,473 - INFO - composites.py:108 - Establishing connection to datacube
2025-08-19 17:41:30,162 - INFO - composites.py:111 -                           
2025-08-19 17:41:30,164 - INFO - composites.py:112 - Sanity test: Check if dataset already exists in the datacube
2025-08-19 17:41:30,182 - INFO - composites.py:131 - The composite requested was not found and it will be computed
2025-08-19 17:41:30,182 - INFO - composites.py:134 -                                  
2025-08-19 17:41:30,182 - INFO - composites.py:135 - Initializing Dask cluster for parallelization
2025-08-19 17:41:35,853 - INFO - composites.py:159 - Dask dashboard is available at: http://127.0.0.1:8787/status
2025-08-19 17:41:35,853 - INFO - composites.py:162 - Create directories and naming conversions
2025-08-19 17:41:35,859 - INFO - composites.py:173 - Dataset location: //nas-rs.topo.auth.gr/Latomeia/DROUGHT/COMPOS/2021/06/x10_y10
2025-08-19 17:41:35,859 - INFO - composites.py:176 -                           
2025-08-19 17:41:35,859 - INFO - composites.py:177 - Retrieve tile geometry
2025-08-19 17:41:35,904 - INFO - composites.py:188 - Create the Bounding Box (φ,λ)
2025-08-19 17:41:35,904 - INFO - composites.py:194 - Create the Bounding Box (x,y)
2025-08-19 17:41:35,905 - INFO - composites.py:207 -                           
2025-08-19 17:41:35,905 - INFO - composites.py:208 - Connect to Planetary Computer STAC Catalog
2025-08-19 17:41:36,126 - INFO - composites.py:216 - Search the STAC Catalog
2025-08-19 17:41:36,215 - INFO - composites.py:228 -         Query parameters:
2025-08-19 17:41:36,226 - INFO - composites.py:229 -             url:          https://planetarycomputer.microsoft.com/api/stac/v1/search
2025-08-19 17:41:36,226 - INFO - composites.py:230 -             client:       microsoft-pc
2025-08-19 17:41:36,226 - INFO - composites.py:231 -             collection:   sentinel-2-l2a
2025-08-19 17:41:36,227 - INFO - composites.py:232 -             bbox:         (22.47169758152381, 37.72011736043115, 23.140542329243065, 38.271503998279194)
2025-08-19 17:41:36,233 - INFO - composites.py:233 -             time range:   2021-06-01T00:00:00Z/2021-06-30T23:59:59Z
2025-08-19 17:41:36,233 - INFO - composites.py:234 -             cloud cover:  0% - 70%
2025-08-19 17:41:36,233 - INFO - composites.py:235 -             nodata cover: 0% - 33%
2025-08-19 17:41:36,233 - INFO - composites.py:237 -                           
2025-08-19 17:41:36,233 - INFO - composites.py:238 - Searching...
2025-08-19 17:41:36,686 - INFO - composites.py:241 - Query found 17 items
2025-08-19 17:41:36,686 - INFO - composites.py:243 - Searching for GRI REFINED scenes:
2025-08-19 17:41:41,786 - INFO - sentinel2.py:78 - 1/17 - S2B_MSIL2A_20210629T090559_R050_T34SFG_20210630T135409 -> REFINED
2025-08-19 17:41:48,135 - INFO - sentinel2.py:78 - 2/17 - S2A_MSIL2A_20210627T092031_R093_T34SFH_20210628T021628 -> REFINED
2025-08-19 17:41:53,607 - INFO - sentinel2.py:78 - 3/17 - S2A_MSIL2A_20210627T092031_R093_T34SFG_20210628T023438 -> REFINED
2025-08-19 17:41:59,184 - INFO - sentinel2.py:78 - 4/17 - S2A_MSIL2A_20210624T090601_R050_T34SFG_20210625T181720 -> REFINED
2025-08-19 17:42:04,005 - INFO - sentinel2.py:78 - 5/17 - S2B_MSIL2A_20210622T092029_R093_T34SFH_20210625T022317 -> REFINED
2025-08-19 17:42:09,133 - INFO - sentinel2.py:78 - 6/17 - S2B_MSIL2A_20210622T092029_R093_T34SFG_20210625T033231 -> REFINED
2025-08-19 17:42:15,699 - INFO - sentinel2.py:78 - 7/17 - S2B_MSIL2A_20210619T090559_R050_T34SFG_20210623T192333 -> REFINED
2025-08-19 17:42:20,795 - INFO - sentinel2.py:78 - 8/17 - S2A_MSIL2A_20210617T092031_R093_T34SFH_20210623T210524 -> REFINED
2025-08-19 17:42:26,163 - INFO - sentinel2.py:78 - 9/17 - S2A_MSIL2A_20210617T092031_R093_T34SFG_20210623T165421 -> REFINED
2025-08-19 17:42:31,215 - INFO - sentinel2.py:78 - 10/17 - S2B_MSIL2A_20210612T092029_R093_T34SFH_20210624T061439 -> REFINED
2025-08-19 17:42:37,120 - INFO - sentinel2.py:78 - 11/17 - S2B_MSIL2A_20210612T092029_R093_T34SFG_20210624T074525 -> REFINED
2025-08-19 17:42:43,438 - INFO - sentinel2.py:78 - 12/17 - S2B_MSIL2A_20210609T090559_R050_T34SFG_20210610T211650 -> REFINED
2025-08-19 17:42:49,579 - INFO - sentinel2.py:78 - 13/17 - S2A_MSIL2A_20210607T092031_R093_T34SFH_20210612T125051 -> REFINED
2025-08-19 17:42:54,931 - INFO - sentinel2.py:78 - 14/17 - S2A_MSIL2A_20210607T092031_R093_T34SFG_20210612T145830 -> REFINED
2025-08-19 17:43:00,732 - INFO - sentinel2.py:78 - 15/17 - S2A_MSIL2A_20210604T090601_R050_T34SFG_20210606T140046 -> REFINED
2025-08-19 17:43:06,111 - INFO - sentinel2.py:78 - 16/17 - S2B_MSIL2A_20210602T092029_R093_T34SFH_20210606T122937 -> REFINED
2025-08-19 17:43:12,151 - INFO - sentinel2.py:78 - 17/17 - S2B_MSIL2A_20210602T092029_R093_T34SFG_20210606T124325 -> REFINED
2025-08-19 17:43:12,210 - INFO - composites.py:246 -                                  
2025-08-19 17:43:12,210 - INFO - composites.py:247 - 17/17 were refined by GRI.
2025-08-19 17:43:12,211 - INFO - composites.py:259 - Looking for up to 10 cleanest images within spatiotemporal range of each MGRS tile
2025-08-19 17:43:12,211 - INFO - composites.py:273 - Filtered cleanest scenes: Kept 16 out of 17 items. 
2025-08-19 17:43:12,211 - INFO - composites.py:274 -         Included MGRS Tiles: ['34SFG' '34SFH']
2025-08-19 17:43:12,211 - INFO - composites.py:275 -         Included EPSG codes: [32634]
2025-08-19 17:43:12,211 - INFO - composites.py:277 - Selected scenes:
2025-08-19 17:43:12,212 - INFO - composites.py:279 -         S2A_MSIL2A_20210624T090601_R050_T34SFG_20210625T181720
2025-08-19 17:43:12,213 - INFO - composites.py:279 -         S2B_MSIL2A_20210629T090559_R050_T34SFG_20210630T135409
2025-08-19 17:43:12,213 - INFO - composites.py:279 -         S2B_MSIL2A_20210622T092029_R093_T34SFG_20210625T033231
2025-08-19 17:43:12,213 - INFO - composites.py:279 -         S2A_MSIL2A_20210627T092031_R093_T34SFG_20210628T023438
2025-08-19 17:43:12,232 - INFO - composites.py:279 -         S2A_MSIL2A_20210607T092031_R093_T34SFG_20210612T145830
2025-08-19 17:43:12,232 - INFO - composites.py:279 -         S2A_MSIL2A_20210604T090601_R050_T34SFG_20210606T140046
2025-08-19 17:43:12,242 - INFO - composites.py:279 -         S2B_MSIL2A_20210619T090559_R050_T34SFG_20210623T192333
2025-08-19 17:43:12,243 - INFO - composites.py:279 -         S2A_MSIL2A_20210617T092031_R093_T34SFG_20210623T165421
2025-08-19 17:43:12,254 - INFO - composites.py:279 -         S2B_MSIL2A_20210602T092029_R093_T34SFG_20210606T124325
2025-08-19 17:43:12,254 - INFO - composites.py:279 -         S2B_MSIL2A_20210612T092029_R093_T34SFG_20210624T074525
2025-08-19 17:43:12,254 - INFO - composites.py:279 -         S2A_MSIL2A_20210627T092031_R093_T34SFH_20210628T021628
2025-08-19 17:43:12,254 - INFO - composites.py:279 -         S2B_MSIL2A_20210622T092029_R093_T34SFH_20210625T022317
2025-08-19 17:43:12,254 - INFO - composites.py:279 -         S2A_MSIL2A_20210607T092031_R093_T34SFH_20210612T125051
2025-08-19 17:43:12,254 - INFO - composites.py:279 -         S2B_MSIL2A_20210602T092029_R093_T34SFH_20210606T122937
2025-08-19 17:43:12,254 - INFO - composites.py:279 -         S2A_MSIL2A_20210617T092031_R093_T34SFH_20210623T210524
2025-08-19 17:43:12,254 - INFO - composites.py:279 -         S2B_MSIL2A_20210612T092029_R093_T34SFH_20210624T061439
2025-08-19 17:43:12,723 - INFO - sentinel2.py:154 - Matplotlib backend: Agg
2025-08-19 17:43:13,038 - INFO - sentinel2.py:224 - Write input scenes footprint overlay: //nas-rs.topo.auth.gr/Latomeia/DROUGHT/COMPOS/2021/06/x10_y10/S2L2A_medcomp_x10_y10_202106_InDataFootprint.jpeg
2025-08-19 17:43:13,327 - INFO - composites.py:293 -                                  
2025-08-19 17:43:13,327 - INFO - composites.py:294 - Downstream STAC items from Planetary Computer
2025-08-19 17:43:13,327 - INFO - timeseries_processing.py:114 -                                  
2025-08-19 17:43:13,327 - INFO - timeseries_processing.py:115 - Loading bands of diferent resolutions in EPSG:32634
2025-08-19 17:43:13,327 - INFO - timeseries_processing.py:119 -     Filtering items with native UTM EPSG:32634
2025-08-19 17:43:13,327 - INFO - timeseries_processing.py:121 -     16 Items in EPSG:32634
2025-08-19 17:43:13,328 - INFO - timeseries_processing.py:128 -                        
2025-08-19 17:43:13,328 - INFO - timeseries_processing.py:129 -     Loading parameters:
2025-08-19 17:43:13,328 - INFO - timeseries_processing.py:130 -         Bands: ['B05', 'B07', 'B8A', 'SCL']
2025-08-19 17:43:13,328 - INFO - timeseries_processing.py:131 -         Spatial resolution: 20
2025-08-19 17:43:13,328 - INFO - timeseries_processing.py:133 -         Get Assets from STAC Items
2025-08-19 17:43:13,328 - INFO - timeseries_processing.py:46 -         Initialize the STAC client
2025-08-19 17:43:13,843 - INFO - timeseries_processing.py:136 -         Loading 16 STAC Items....
2025-08-19 17:45:43,005 - INFO - timeseries_processing.py:158 -         Cube has been downloaded
2025-08-19 17:45:43,005 - INFO - timeseries_processing.py:167 -         Fix order of dimensions
2025-08-19 17:45:43,007 - INFO - timeseries_processing.py:172 -         Append bands to the band-list of EPSG:32634
2025-08-19 17:45:43,007 - INFO - timeseries_processing.py:128 -                        
2025-08-19 17:45:43,007 - INFO - timeseries_processing.py:129 -     Loading parameters:
2025-08-19 17:45:43,007 - INFO - timeseries_processing.py:130 -         Bands: ['B02', 'B03', 'B04']
2025-08-19 17:45:43,007 - INFO - timeseries_processing.py:131 -         Spatial resolution: 10
2025-08-19 17:45:43,007 - INFO - timeseries_processing.py:133 -         Get Assets from STAC Items
2025-08-19 17:45:43,007 - INFO - timeseries_processing.py:46 -         Initialize the STAC client
2025-08-19 17:45:43,540 - INFO - timeseries_processing.py:136 -         Loading 16 STAC Items....
2025-08-19 17:50:05,865 - INFO - timeseries_processing.py:158 -         Cube has been downloaded
2025-08-19 17:50:05,865 - INFO - timeseries_processing.py:161 -         Downsample 10m bands to 20m by average 2x2 binning
2025-08-19 17:50:20,132 - INFO - timeseries_processing.py:164 -         Align binned bands to native 20m bands (shape matching): method=bilinear
2025-08-19 17:50:31,031 - INFO - timeseries_processing.py:172 -         Append bands to the band-list of EPSG:32634
2025-08-19 17:50:31,031 - INFO - timeseries_processing.py:176 -                        
2025-08-19 17:50:31,031 - INFO - timeseries_processing.py:177 -     Merging bands in a single dataset
2025-08-19 17:50:31,031 - INFO - timeseries_processing.py:178 -     Ensure all partial datasets are at (x=20, y=-20) resolution
2025-08-19 17:50:31,032 - INFO - timeseries_processing.py:182 -     Clip to the intersection of indexes
2025-08-19 17:50:32,392 - INFO - timeseries_processing.py:191 -     Make a list of bands to merge
2025-08-19 17:50:32,392 - INFO - timeseries_processing.py:195 -     Merge on intersection
2025-08-19 17:50:32,394 - INFO - timeseries_processing.py:203 -     Apply masks on clouds, shadows, thin cirrus, and snow/ice
2025-08-19 17:50:32,394 - INFO - sentinel2.py:122 -                Masking bits: [3, 7, 8, 9, 10, 11]
2025-08-19 17:50:33,737 - INFO - timeseries_processing.py:209 -     Reproject to Tiling Schema projection EPSG:3035
2025-08-19 17:50:47,420 - INFO - composites.py:303 - Clip and align to tile geometry
2025-08-19 17:50:51,762 - INFO - composites.py:336 - Creating preview plot of input scenes
2025-08-19 17:51:30,932 - INFO - timeseries_processing.py:367 - Saved preview for 'B04' to //nas-rs.topo.auth.gr/Latomeia/DROUGHT/COMPOS/2021/06/x10_y10/S2L2A_medcomp_x10_y10_202106_InDataPreview.jpeg
2025-08-19 17:51:30,940 - INFO - composites.py:342 - Clip value range
2025-08-19 17:51:33,174 - INFO - composites.py:347 -                           
2025-08-19 17:51:33,193 - INFO - composites.py:348 - Computing spectral indices:
2025-08-19 17:51:33,200 - INFO - composites.py:351 -     EVI...
2025-08-19 17:51:34,683 - INFO - composites.py:353 -     NDVI...
2025-08-19 17:51:35,014 - INFO - composites.py:355 -     PSRI2...
2025-08-19 17:51:35,455 - INFO - composites.py:358 - Clip to typical value range
2025-08-19 17:51:35,963 - INFO - composites.py:365 - Reducing to median value temporal composite
2025-08-19 17:52:06,299 - INFO - composites.py:384 - Define data types and nodata per band
2025-08-19 17:52:06,455 - INFO - composites.py:405 - Assign time range and tile ID in metadata
2025-08-19 17:52:06,455 - INFO - composites.py:413 - Write bands to raster COG files
2025-08-19 17:52:11,179 - INFO - composites.py:426 - Write B02 -> //nas-rs.topo.auth.gr/Latomeia/DROUGHT/COMPOS/2021/06/x10_y10/S2L2A_medcomp_x10_y10_202106_B02.tif
2025-08-19 17:52:15,852 - INFO - composites.py:426 - Write B03 -> //nas-rs.topo.auth.gr/Latomeia/DROUGHT/COMPOS/2021/06/x10_y10/S2L2A_medcomp_x10_y10_202106_B03.tif
2025-08-19 17:52:20,598 - INFO - composites.py:426 - Write B04 -> //nas-rs.topo.auth.gr/Latomeia/DROUGHT/COMPOS/2021/06/x10_y10/S2L2A_medcomp_x10_y10_202106_B04.tif
2025-08-19 17:52:25,337 - INFO - composites.py:426 - Write B05 -> //nas-rs.topo.auth.gr/Latomeia/DROUGHT/COMPOS/2021/06/x10_y10/S2L2A_medcomp_x10_y10_202106_B05.tif
2025-08-19 17:52:30,029 - INFO - composites.py:426 - Write B07 -> //nas-rs.topo.auth.gr/Latomeia/DROUGHT/COMPOS/2021/06/x10_y10/S2L2A_medcomp_x10_y10_202106_B07.tif
2025-08-19 17:52:34,745 - INFO - composites.py:426 - Write B8A -> //nas-rs.topo.auth.gr/Latomeia/DROUGHT/COMPOS/2021/06/x10_y10/S2L2A_medcomp_x10_y10_202106_B8A.tif
2025-08-19 17:52:39,531 - INFO - composites.py:426 - Write EVI -> //nas-rs.topo.auth.gr/Latomeia/DROUGHT/COMPOS/2021/06/x10_y10/S2L2A_medcomp_x10_y10_202106_evi.tif
2025-08-19 17:52:44,210 - INFO - composites.py:426 - Write NDVI -> //nas-rs.topo.auth.gr/Latomeia/DROUGHT/COMPOS/2021/06/x10_y10/S2L2A_medcomp_x10_y10_202106_ndvi.tif
2025-08-19 17:52:49,098 - INFO - composites.py:426 - Write PSRI2 -> //nas-rs.topo.auth.gr/Latomeia/DROUGHT/COMPOS/2021/06/x10_y10/S2L2A_medcomp_x10_y10_202106_psri2.tif
2025-08-19 17:52:49,110 - INFO - composites.py:430 - Prepare metadata YAML document
2025-08-19 17:52:49,959 - INFO - composites.py:451 - Write metadata YAML document to disk
2025-08-19 17:52:49,999 - INFO - composites.py:456 - Create datacube.model.Dataset from eo3 metadata
2025-08-19 17:52:50,010 - INFO - composites.py:467 - Index to datacube
2025-08-19 17:52:50,010 - INFO - _datasets.py:191 - Indexing 3a7da82d-2b93-4a60-8c64-609c83b3924d
2025-08-19 17:52:50,019 - INFO - composites.py:470 - 
2025-08-19 17:52:50,019 - INFO - composites.py:471 -              ✔✔✔ COMPLETED: Tile x10_y10 | Time: 2021-06 | In 11.34 minutes
2025-08-19 17:52:50,019 - INFO - composites.py:472 - 
2025-08-19 17:52:50,019 - INFO - composites.py:480 - Closing Dask client
2025-08-19 17:52:50,021 - INFO - composites.py:484 - Closing Dask cluster
2025-08-19 17:52:50,021 - INFO - composites.py:485 - #######################################################################
