2025-08-27 20:15:07,234 - INFO - composites.py:102 - #######################################################################
2025-08-27 20:15:07,234 - INFO - composites.py:104 - Processing started
2025-08-27 20:15:07,234 - INFO - composites.py:105 -         Tile: x06_y10
2025-08-27 20:15:07,234 - INFO - composites.py:106 -         Time: 2022-01
2025-08-27 20:15:07,234 - INFO - composites.py:109 -                           
2025-08-27 20:15:07,234 - INFO - composites.py:110 - Establishing connection to datacube
2025-08-27 20:15:07,764 - INFO - composites.py:113 -                           
2025-08-27 20:15:07,764 - INFO - composites.py:114 - Sanity test: Check if dataset already exists in the datacube
2025-08-27 20:15:07,782 - INFO - composites.py:133 - The composite requested was not found and it will be computed
2025-08-27 20:15:07,782 - INFO - composites.py:136 -                                  
2025-08-27 20:15:07,782 - INFO - composites.py:137 - Initializing Dask cluster for parallelization
2025-08-27 20:15:12,770 - INFO - composites.py:161 - Dask dashboard is available at: http://127.0.0.1:8787/status
2025-08-27 20:15:12,771 - INFO - composites.py:164 - Create directories and naming conversions
2025-08-27 20:15:12,786 - INFO - composites.py:177 - Dataset location: //nas-rs.topo.auth.gr/Latomeia/DROUGHT/composites/x06/y10/2022/01/01
2025-08-27 20:15:12,786 - INFO - composites.py:180 -                           
2025-08-27 20:15:12,786 - INFO - composites.py:181 - Retrieve tile geometry
2025-08-27 20:15:12,814 - INFO - composites.py:192 - Create the Bounding Box (φ,λ)
2025-08-27 20:15:12,815 - INFO - composites.py:198 - Create the Bounding Box (x,y)
2025-08-27 20:15:12,815 - INFO - composites.py:211 -                           
2025-08-27 20:15:12,815 - INFO - composites.py:212 - Connect to Planetary Computer STAC Catalog
2025-08-27 20:15:13,113 - INFO - composites.py:220 - Search the STAC Catalog
2025-08-27 20:15:13,184 - INFO - composites.py:232 -         Query parameters:
2025-08-27 20:15:13,184 - INFO - composites.py:233 -             url:          https://planetarycomputer.microsoft.com/api/stac/v1/search
2025-08-27 20:15:13,184 - INFO - composites.py:234 -             client:       microsoft-pc
2025-08-27 20:15:13,184 - INFO - composites.py:235 -             collection:   sentinel-2-l2a
2025-08-27 20:15:13,184 - INFO - composites.py:236 -             bbox:         (20.319245809102355, 37.99152284404117, 20.978573606105773, 38.532714784526966)
2025-08-27 20:15:13,184 - INFO - composites.py:237 -             time range:   2022-01-01T00:00:00Z/2022-01-31T23:59:59Z
2025-08-27 20:15:13,184 - INFO - composites.py:238 -             cloud cover:  0% - 70%
2025-08-27 20:15:13,184 - INFO - composites.py:239 -             nodata cover: 0% - 33%
2025-08-27 20:15:13,184 - INFO - composites.py:241 -                           
2025-08-27 20:15:13,184 - INFO - composites.py:242 - Searching...
2025-08-27 20:15:13,619 - INFO - composites.py:245 - Query found 11 items
2025-08-27 20:15:13,619 - INFO - composites.py:247 - Searching for GRI REFINED scenes:
2025-08-27 20:15:17,510 - INFO - sentinel2.py:78 - 1/11 - S2B_MSIL2A_20220131T093119_R136_T34SDH_20220216T165926 -> REFINED
2025-08-27 20:15:22,364 - INFO - sentinel2.py:78 - 2/11 - S2B_MSIL2A_20220128T092139_R093_T34SDH_20220213T075052 -> REFINED
2025-08-27 20:15:26,844 - INFO - sentinel2.py:78 - 3/11 - S2A_MSIL2A_20220126T093251_R136_T34SDH_20220211T213122 -> REFINED
2025-08-27 20:15:31,990 - INFO - sentinel2.py:78 - 4/11 - S2A_MSIL2A_20220123T092301_R093_T34SDH_20220124T020720 -> REFINED
2025-08-27 20:15:35,677 - INFO - sentinel2.py:78 - 5/11 - S2B_MSIL2A_20220121T093209_R136_T34SDH_20220122T092702 -> REFINED
2025-08-27 20:15:39,294 - INFO - sentinel2.py:78 - 6/11 - S2B_MSIL2A_20220118T092219_R093_T34SDH_20220119T065400 -> REFINED
2025-08-27 20:15:43,662 - INFO - sentinel2.py:78 - 7/11 - S2A_MSIL2A_20220116T093331_R136_T34SDH_20220116T224016 -> REFINED
2025-08-27 20:15:48,632 - INFO - sentinel2.py:78 - 8/11 - S2A_MSIL2A_20220113T092341_R093_T34SDH_20220113T183029 -> REFINED
2025-08-27 20:15:52,881 - INFO - sentinel2.py:78 - 9/11 - S2A_MSIL2A_20220106T093401_R136_T34SDH_20220106T195205 -> REFINED
2025-08-27 20:15:57,682 - INFO - sentinel2.py:78 - 10/11 - S2A_MSIL2A_20220103T092401_R093_T34SDH_20220104T031743 -> REFINED
2025-08-27 20:16:01,312 - INFO - sentinel2.py:78 - 11/11 - S2B_MSIL2A_20220101T093309_R136_T34SDH_20220102T075216 -> REFINED
2025-08-27 20:16:01,346 - INFO - composites.py:250 -                                  
2025-08-27 20:16:01,347 - INFO - composites.py:251 - 11/11 were refined by GRI.
2025-08-27 20:16:01,347 - INFO - composites.py:263 - Looking for up to 10 cleanest images within spatiotemporal range of each MGRS tile
2025-08-27 20:16:01,347 - INFO - composites.py:277 - Filtered cleanest scenes: Kept 10 out of 11 items. 
2025-08-27 20:16:01,348 - INFO - composites.py:278 -         Included MGRS Tiles: ['34SDH']
2025-08-27 20:16:01,348 - INFO - composites.py:279 -         Included EPSG codes: [32634]
2025-08-27 20:16:01,348 - INFO - composites.py:281 - Selected scenes:
2025-08-27 20:16:01,349 - INFO - composites.py:283 -         S2B_MSIL2A_20220101T093309_R136_T34SDH_20220102T075216
2025-08-27 20:16:01,349 - INFO - composites.py:283 -         S2A_MSIL2A_20220113T092341_R093_T34SDH_20220113T183029
2025-08-27 20:16:01,349 - INFO - composites.py:283 -         S2A_MSIL2A_20220123T092301_R093_T34SDH_20220124T020720
2025-08-27 20:16:01,367 - INFO - composites.py:283 -         S2B_MSIL2A_20220131T093119_R136_T34SDH_20220216T165926
2025-08-27 20:16:01,373 - INFO - composites.py:283 -         S2A_MSIL2A_20220126T093251_R136_T34SDH_20220211T213122
2025-08-27 20:16:01,373 - INFO - composites.py:283 -         S2B_MSIL2A_20220118T092219_R093_T34SDH_20220119T065400
2025-08-27 20:16:01,373 - INFO - composites.py:283 -         S2A_MSIL2A_20220116T093331_R136_T34SDH_20220116T224016
2025-08-27 20:16:01,373 - INFO - composites.py:283 -         S2A_MSIL2A_20220103T092401_R093_T34SDH_20220104T031743
2025-08-27 20:16:01,373 - INFO - composites.py:283 -         S2B_MSIL2A_20220128T092139_R093_T34SDH_20220213T075052
2025-08-27 20:16:01,374 - INFO - composites.py:283 -         S2B_MSIL2A_20220121T093209_R136_T34SDH_20220122T092702
2025-08-27 20:16:01,756 - INFO - sentinel2.py:154 - Matplotlib backend: Agg
2025-08-27 20:16:01,911 - INFO - sentinel2.py:224 - Write input scenes footprint overlay: //nas-rs.topo.auth.gr/Latomeia/DROUGHT/composites/x06/y10/2022/01/01/S2L2A_medcomp_x06y10_202201_InDataFootprint.jpeg
2025-08-27 20:16:02,143 - INFO - composites.py:297 -                                  
2025-08-27 20:16:02,143 - INFO - composites.py:298 - Downstream STAC items from Planetary Computer
2025-08-27 20:16:02,143 - INFO - timeseries_processing.py:115 -                                  
2025-08-27 20:16:02,143 - INFO - timeseries_processing.py:116 - Loading bands of diferent resolutions in EPSG:32634
2025-08-27 20:16:02,143 - INFO - timeseries_processing.py:120 -     Filtering items with native UTM EPSG:32634
2025-08-27 20:16:02,143 - INFO - timeseries_processing.py:122 -     10 Items in EPSG:32634
2025-08-27 20:16:02,143 - INFO - timeseries_processing.py:129 -                        
2025-08-27 20:16:02,143 - INFO - timeseries_processing.py:130 -     Loading parameters:
2025-08-27 20:16:02,143 - INFO - timeseries_processing.py:131 -         Bands: ['B05', 'B07', 'B8A', 'SCL']
2025-08-27 20:16:02,143 - INFO - timeseries_processing.py:132 -         Spatial resolution: 20
2025-08-27 20:16:02,143 - INFO - timeseries_processing.py:134 -         Get Assets from STAC Items
2025-08-27 20:16:02,143 - INFO - timeseries_processing.py:47 -         Initialize the STAC client
2025-08-27 20:16:02,743 - INFO - timeseries_processing.py:137 -         Loading 10 STAC Items....
2025-08-27 20:16:26,940 - INFO - timeseries_processing.py:146 -         Cube has been downloaded
2025-08-27 20:16:26,941 - INFO - timeseries_processing.py:156 -         Fix order of dimensions
2025-08-27 20:16:26,942 - INFO - timeseries_processing.py:161 -         Append bands to the band-list of EPSG:32634
2025-08-27 20:16:26,942 - INFO - timeseries_processing.py:129 -                        
2025-08-27 20:16:26,942 - INFO - timeseries_processing.py:130 -     Loading parameters:
2025-08-27 20:16:26,942 - INFO - timeseries_processing.py:131 -         Bands: ['B02', 'B03', 'B04']
2025-08-27 20:16:26,942 - INFO - timeseries_processing.py:132 -         Spatial resolution: 10
2025-08-27 20:16:26,942 - INFO - timeseries_processing.py:134 -         Get Assets from STAC Items
2025-08-27 20:16:26,942 - INFO - timeseries_processing.py:47 -         Initialize the STAC client
2025-08-27 20:16:27,542 - INFO - timeseries_processing.py:137 -         Loading 10 STAC Items....
2025-08-27 20:17:57,091 - INFO - timeseries_processing.py:146 -         Cube has been downloaded
2025-08-27 20:17:57,091 - INFO - timeseries_processing.py:149 -         Reproject to downsample 10m bands to 20m by Resampling.average 2x2 binning and shape matching with odc.geo.GeoBox
2025-08-27 20:18:11,503 - INFO - timeseries_processing.py:161 -         Append bands to the band-list of EPSG:32634
2025-08-27 20:18:11,503 - INFO - timeseries_processing.py:165 -                        
2025-08-27 20:18:11,503 - INFO - timeseries_processing.py:166 -     Merging bands in a single dataset
2025-08-27 20:18:11,503 - INFO - timeseries_processing.py:167 -     Ensure all partial datasets are at (x=20, y=-20) resolution
2025-08-27 20:18:11,503 - INFO - timeseries_processing.py:171 -     Clip to the intersection of indexes
2025-08-27 20:18:12,793 - INFO - timeseries_processing.py:180 -     Make a list of bands to merge
2025-08-27 20:18:12,793 - INFO - timeseries_processing.py:184 -     Merge on intersection
2025-08-27 20:18:12,795 - INFO - timeseries_processing.py:192 -     Apply masks on clouds, shadows, thin cirrus, and snow/ice
2025-08-27 20:18:12,795 - INFO - sentinel2.py:122 -                Masking bits: [3, 7, 8, 9, 10, 11]
2025-08-27 20:18:13,931 - INFO - composites.py:307 - Reproject from UTM Zone to Tile geometry -> CRS(EPSG:32634), Resampling.bilinear
2025-08-27 20:18:21,259 - INFO - composites.py:310 -     New shape of datasets: Shape2d(x=2400, y=2400)
2025-08-27 20:18:21,905 - INFO - composites.py:329 - Scale SR to Sen2Cor Baseline 4.00 - Subtract 1000 in dates post 2022-01-25
2025-08-27 20:18:23,359 - INFO - composites.py:342 - Creating preview plot of input scenes
2025-08-27 20:18:56,541 - INFO - timeseries_processing.py:349 - Saved preview for 'B04' to //nas-rs.topo.auth.gr/Latomeia/DROUGHT/composites/x06/y10/2022/01/01/S2L2A_medcomp_x06y10_202201_InDataPreview.jpeg
2025-08-27 20:18:56,547 - INFO - composites.py:348 - Clip value range
2025-08-27 20:18:58,592 - INFO - composites.py:353 -                           
2025-08-27 20:18:58,592 - INFO - composites.py:354 - Computing spectral indices:
2025-08-27 20:18:58,592 - INFO - composites.py:357 -     EVI...
2025-08-27 20:18:59,788 - INFO - composites.py:359 -     NDVI...
2025-08-27 20:19:00,185 - INFO - composites.py:361 -     PSRI2...
2025-08-27 20:19:00,469 - INFO - composites.py:364 - Clip to typical value range
2025-08-27 20:19:00,841 - INFO - composites.py:371 - Reducing to median value temporal composite
2025-08-27 20:19:36,384 - INFO - composites.py:390 - Scale and Define data types & nodata per band
2025-08-27 20:19:36,554 - INFO - composites.py:411 - Assign time range and tile ID in metadata
2025-08-27 20:19:36,555 - INFO - composites.py:419 - Write bands to raster COG files
2025-08-27 20:19:40,459 - INFO - composites.py:432 - Write B02 -> //nas-rs.topo.auth.gr/Latomeia/DROUGHT/composites/x06/y10/2022/01/01/S2L2A_medcomp_x06y10_202201_B02.tif
2025-08-27 20:19:44,312 - INFO - composites.py:432 - Write B03 -> //nas-rs.topo.auth.gr/Latomeia/DROUGHT/composites/x06/y10/2022/01/01/S2L2A_medcomp_x06y10_202201_B03.tif
2025-08-27 20:19:48,210 - INFO - composites.py:432 - Write B04 -> //nas-rs.topo.auth.gr/Latomeia/DROUGHT/composites/x06/y10/2022/01/01/S2L2A_medcomp_x06y10_202201_B04.tif
2025-08-27 20:19:52,140 - INFO - composites.py:432 - Write B05 -> //nas-rs.topo.auth.gr/Latomeia/DROUGHT/composites/x06/y10/2022/01/01/S2L2A_medcomp_x06y10_202201_B05.tif
2025-08-27 20:19:56,050 - INFO - composites.py:432 - Write B07 -> //nas-rs.topo.auth.gr/Latomeia/DROUGHT/composites/x06/y10/2022/01/01/S2L2A_medcomp_x06y10_202201_B07.tif
2025-08-27 20:20:00,023 - INFO - composites.py:432 - Write B8A -> //nas-rs.topo.auth.gr/Latomeia/DROUGHT/composites/x06/y10/2022/01/01/S2L2A_medcomp_x06y10_202201_B8A.tif
2025-08-27 20:20:03,847 - INFO - composites.py:432 - Write EVI -> //nas-rs.topo.auth.gr/Latomeia/DROUGHT/composites/x06/y10/2022/01/01/S2L2A_medcomp_x06y10_202201_EVI.tif
2025-08-27 20:20:07,822 - INFO - composites.py:432 - Write NDVI -> //nas-rs.topo.auth.gr/Latomeia/DROUGHT/composites/x06/y10/2022/01/01/S2L2A_medcomp_x06y10_202201_NDVI.tif
2025-08-27 20:20:11,687 - INFO - composites.py:432 - Write PSRI2 -> //nas-rs.topo.auth.gr/Latomeia/DROUGHT/composites/x06/y10/2022/01/01/S2L2A_medcomp_x06y10_202201_PSRI2.tif
2025-08-27 20:20:11,707 - INFO - composites.py:436 - Prepare metadata YAML document
2025-08-27 20:20:12,222 - INFO - composites.py:458 - Write metadata YAML document to disk
2025-08-27 20:20:12,259 - INFO - composites.py:463 - Create datacube.model.Dataset from eo3 metadata
2025-08-27 20:20:12,279 - INFO - composites.py:474 - Index to datacube
2025-08-27 20:20:12,279 - INFO - _datasets.py:191 - Indexing 77550475-f301-46fb-8990-7fea927fbe8c
2025-08-27 20:20:12,292 - INFO - composites.py:477 - 
2025-08-27 20:20:12,292 - INFO - composites.py:478 -              ✔✔✔ COMPLETED: Tile x06_y10 | Time: 2022-01 | In 5.08 minutes
2025-08-27 20:20:12,293 - INFO - composites.py:479 - 
2025-08-27 20:20:12,293 - INFO - composites.py:487 - Closing Dask client
2025-08-27 20:20:12,295 - INFO - composites.py:491 - Closing Dask cluster
2025-08-27 20:20:12,295 - INFO - composites.py:492 - #######################################################################
