2025-08-27 18:23:22,372 - INFO - composites.py:102 - #######################################################################
2025-08-27 18:23:22,372 - INFO - composites.py:104 - Processing started
2025-08-27 18:23:22,373 - INFO - composites.py:105 -         Tile: x10_y07
2025-08-27 18:23:22,373 - INFO - composites.py:106 -         Time: 2021-12
2025-08-27 18:23:22,373 - INFO - composites.py:109 -                           
2025-08-27 18:23:22,373 - INFO - composites.py:110 - Establishing connection to datacube
2025-08-27 18:23:22,880 - INFO - composites.py:113 -                           
2025-08-27 18:23:22,881 - INFO - composites.py:114 - Sanity test: Check if dataset already exists in the datacube
2025-08-27 18:23:22,899 - INFO - composites.py:133 - The composite requested was not found and it will be computed
2025-08-27 18:23:22,899 - INFO - composites.py:136 -                                  
2025-08-27 18:23:22,899 - INFO - composites.py:137 - Initializing Dask cluster for parallelization
2025-08-27 18:23:27,985 - INFO - composites.py:161 - Dask dashboard is available at: http://127.0.0.1:8787/status
2025-08-27 18:23:27,986 - INFO - composites.py:164 - Create directories and naming conversions
2025-08-27 18:23:27,997 - INFO - composites.py:177 - Dataset location: //nas-rs.topo.auth.gr/Latomeia/DROUGHT/composites/x10/y07/2021/12/01
2025-08-27 18:23:27,997 - INFO - composites.py:180 -                           
2025-08-27 18:23:27,997 - INFO - composites.py:181 - Retrieve tile geometry
2025-08-27 18:23:28,028 - INFO - composites.py:192 - Create the Bounding Box (φ,λ)
2025-08-27 18:23:28,028 - INFO - composites.py:198 - Create the Bounding Box (x,y)
2025-08-27 18:23:28,028 - INFO - composites.py:211 -                           
2025-08-27 18:23:28,028 - INFO - composites.py:212 - Connect to Planetary Computer STAC Catalog
2025-08-27 18:23:28,244 - INFO - composites.py:220 - Search the STAC Catalog
2025-08-27 18:23:28,313 - INFO - composites.py:232 -         Query parameters:
2025-08-27 18:23:28,313 - INFO - composites.py:233 -             url:          https://planetarycomputer.microsoft.com/api/stac/v1/search
2025-08-27 18:23:28,313 - INFO - composites.py:234 -             client:       microsoft-pc
2025-08-27 18:23:28,313 - INFO - composites.py:235 -             collection:   sentinel-2-l2a
2025-08-27 18:23:28,313 - INFO - composites.py:236 -             bbox:         (22.240528254350007, 36.43261500541467, 22.895662885042924, 36.983478733191035)
2025-08-27 18:23:28,314 - INFO - composites.py:237 -             time range:   2021-12-01T00:00:00Z/2021-12-31T23:59:59Z
2025-08-27 18:23:28,314 - INFO - composites.py:238 -             cloud cover:  0% - 70%
2025-08-27 18:23:28,314 - INFO - composites.py:239 -             nodata cover: 0% - 33%
2025-08-27 18:23:28,314 - INFO - composites.py:241 -                           
2025-08-27 18:23:28,314 - INFO - composites.py:242 - Searching...
2025-08-27 18:23:28,842 - INFO - composites.py:245 - Query found 33 items
2025-08-27 18:23:28,842 - INFO - composites.py:247 - Searching for GRI REFINED scenes:
2025-08-27 18:23:36,301 - INFO - sentinel2.py:78 - 1/33 - S2A_MSIL2A_20211231T091401_R050_T34SFG_20230127T130707 -> REFINED
2025-08-27 18:23:42,634 - INFO - sentinel2.py:78 - 2/33 - S2A_MSIL2A_20211231T091401_R050_T34SFG_20220101T094050 -> REFINED
2025-08-27 18:23:48,959 - INFO - sentinel2.py:78 - 3/33 - S2A_MSIL2A_20211231T091401_R050_T34SFF_20230127T132622 -> REFINED
2025-08-27 18:23:56,044 - INFO - sentinel2.py:78 - 4/33 - S2A_MSIL2A_20211231T091401_R050_T34SFF_20220101T082413 -> REFINED
2025-08-27 18:24:03,029 - INFO - sentinel2.py:78 - 5/33 - S2B_MSIL2A_20211226T091309_R050_T34SFG_20230128T114938 -> REFINED
2025-08-27 18:24:10,113 - INFO - sentinel2.py:78 - 6/33 - S2B_MSIL2A_20211226T091309_R050_T34SFG_20211226T215051 -> REFINED
2025-08-27 18:24:15,813 - INFO - sentinel2.py:78 - 7/33 - S2B_MSIL2A_20211226T091309_R050_T34SFF_20230128T035731 -> REFINED
2025-08-27 18:24:22,878 - INFO - sentinel2.py:78 - 8/33 - S2B_MSIL2A_20211226T091309_R050_T34SFF_20211226T215708 -> REFINED
2025-08-27 18:24:29,409 - INFO - sentinel2.py:78 - 9/33 - S2A_MSIL2A_20211224T092411_R093_T34SFG_20211225T005342 -> REFINED
2025-08-27 18:24:35,890 - INFO - sentinel2.py:78 - 10/33 - S2A_MSIL2A_20211224T092411_R093_T34SFF_20211225T020148 -> REFINED
2025-08-27 18:24:42,352 - INFO - sentinel2.py:78 - 11/33 - S2A_MSIL2A_20211221T091411_R050_T34SFG_20211222T075337 -> REFINED
2025-08-27 18:24:48,286 - INFO - sentinel2.py:78 - 12/33 - S2A_MSIL2A_20211221T091411_R050_T34SFF_20211222T091713 -> REFINED
2025-08-27 18:24:54,797 - INFO - sentinel2.py:78 - 13/33 - S2B_MSIL2A_20211219T092309_R093_T34SFG_20230128T220737 -> REFINED
2025-08-27 18:25:00,603 - INFO - sentinel2.py:78 - 14/33 - S2B_MSIL2A_20211219T092309_R093_T34SFG_20211219T174356 -> REFINED
2025-08-27 18:25:07,668 - INFO - sentinel2.py:78 - 15/33 - S2B_MSIL2A_20211219T092309_R093_T34SFF_20230128T203428 -> REFINED
2025-08-27 18:25:14,752 - INFO - sentinel2.py:78 - 16/33 - S2B_MSIL2A_20211219T092309_R093_T34SFF_20211219T184715 -> REFINED
2025-08-27 18:25:21,529 - INFO - sentinel2.py:78 - 17/33 - S2B_MSIL2A_20211216T091259_R050_T34SFG_20211216T230345 -> REFINED
2025-08-27 18:25:28,264 - INFO - sentinel2.py:78 - 18/33 - S2B_MSIL2A_20211216T091259_R050_T34SFF_20211216T214845 -> REFINED
2025-08-27 18:25:34,241 - INFO - sentinel2.py:78 - 19/33 - S2A_MSIL2A_20211214T092401_R093_T34SFG_20230126T063050 -> REFINED
2025-08-27 18:25:40,863 - INFO - sentinel2.py:78 - 20/33 - S2A_MSIL2A_20211214T092401_R093_T34SFG_20211214T233021 -> REFINED
2025-08-27 18:25:46,692 - INFO - sentinel2.py:78 - 21/33 - S2A_MSIL2A_20211214T092401_R093_T34SFF_20230125T184303 -> REFINED
2025-08-27 18:25:53,724 - INFO - sentinel2.py:78 - 22/33 - S2A_MSIL2A_20211214T092401_R093_T34SFF_20211215T001518 -> REFINED
2025-08-27 18:25:59,432 - INFO - sentinel2.py:78 - 23/33 - S2B_MSIL2A_20211209T092259_R093_T34SFG_20230129T155341 -> REFINED
2025-08-27 18:26:07,030 - INFO - sentinel2.py:78 - 24/33 - S2B_MSIL2A_20211209T092259_R093_T34SFG_20211209T210247 -> REFINED
2025-08-27 18:26:13,544 - INFO - sentinel2.py:78 - 25/33 - S2B_MSIL2A_20211209T092259_R093_T34SFF_20230129T085933 -> REFINED
2025-08-27 18:26:20,170 - INFO - sentinel2.py:78 - 26/33 - S2B_MSIL2A_20211209T092259_R093_T34SFF_20211209T230853 -> REFINED
2025-08-27 18:26:26,303 - INFO - sentinel2.py:78 - 27/33 - S2B_MSIL2A_20211206T091249_R050_T34SFG_20230128T195910 -> REFINED
2025-08-27 18:26:32,181 - INFO - sentinel2.py:78 - 28/33 - S2B_MSIL2A_20211206T091249_R050_T34SFG_20211207T003401 -> REFINED
2025-08-27 18:26:39,142 - INFO - sentinel2.py:78 - 29/33 - S2B_MSIL2A_20211206T091249_R050_T34SFF_20230127T175255 -> REFINED
2025-08-27 18:26:46,272 - INFO - sentinel2.py:78 - 30/33 - S2B_MSIL2A_20211206T091249_R050_T34SFF_20211206T224420 -> REFINED
2025-08-27 18:26:52,885 - INFO - sentinel2.py:78 - 31/33 - S2A_MSIL2A_20211204T092351_R093_T34SFF_20211204T220419 -> REFINED
2025-08-27 18:26:59,908 - INFO - sentinel2.py:78 - 32/33 - S2A_MSIL2A_20211201T091331_R050_T34SFG_20211201T174726 -> REFINED
2025-08-27 18:27:07,633 - INFO - sentinel2.py:78 - 33/33 - S2A_MSIL2A_20211201T091331_R050_T34SFF_20211201T181647 -> REFINED
2025-08-27 18:27:07,682 - INFO - composites.py:250 -                                  
2025-08-27 18:27:07,683 - INFO - composites.py:251 - 33/33 were refined by GRI.
2025-08-27 18:27:07,683 - INFO - composites.py:263 - Looking for up to 10 cleanest images within spatiotemporal range of each MGRS tile
2025-08-27 18:27:07,684 - INFO - composites.py:277 - Filtered cleanest scenes: Kept 20 out of 33 items. 
2025-08-27 18:27:07,684 - INFO - composites.py:278 -         Included MGRS Tiles: ['34SFF' '34SFG']
2025-08-27 18:27:07,684 - INFO - composites.py:279 -         Included EPSG codes: [32634]
2025-08-27 18:27:07,684 - INFO - composites.py:281 - Selected scenes:
2025-08-27 18:27:07,684 - INFO - composites.py:283 -         S2A_MSIL2A_20211201T091331_R050_T34SFF_20211201T181647
2025-08-27 18:27:07,684 - INFO - composites.py:283 -         S2A_MSIL2A_20211224T092411_R093_T34SFF_20211225T020148
2025-08-27 18:27:07,685 - INFO - composites.py:283 -         S2B_MSIL2A_20211219T092309_R093_T34SFF_20230128T203428
2025-08-27 18:27:07,685 - INFO - composites.py:283 -         S2B_MSIL2A_20211219T092309_R093_T34SFF_20211219T184715
2025-08-27 18:27:07,685 - INFO - composites.py:283 -         S2A_MSIL2A_20211214T092401_R093_T34SFF_20211215T001518
2025-08-27 18:27:07,685 - INFO - composites.py:283 -         S2A_MSIL2A_20211214T092401_R093_T34SFF_20230125T184303
2025-08-27 18:27:07,685 - INFO - composites.py:283 -         S2A_MSIL2A_20211221T091411_R050_T34SFF_20211222T091713
2025-08-27 18:27:07,686 - INFO - composites.py:283 -         S2B_MSIL2A_20211206T091249_R050_T34SFF_20211206T224420
2025-08-27 18:27:07,686 - INFO - composites.py:283 -         S2B_MSIL2A_20211206T091249_R050_T34SFF_20230127T175255
2025-08-27 18:27:07,686 - INFO - composites.py:283 -         S2B_MSIL2A_20211209T092259_R093_T34SFF_20211209T230853
2025-08-27 18:27:07,686 - INFO - composites.py:283 -         S2A_MSIL2A_20211201T091331_R050_T34SFG_20211201T174726
2025-08-27 18:27:07,686 - INFO - composites.py:283 -         S2A_MSIL2A_20211224T092411_R093_T34SFG_20211225T005342
2025-08-27 18:27:07,686 - INFO - composites.py:283 -         S2B_MSIL2A_20211206T091249_R050_T34SFG_20211207T003401
2025-08-27 18:27:07,686 - INFO - composites.py:283 -         S2B_MSIL2A_20211219T092309_R093_T34SFG_20211219T174356
2025-08-27 18:27:07,686 - INFO - composites.py:283 -         S2B_MSIL2A_20211219T092309_R093_T34SFG_20230128T220737
2025-08-27 18:27:07,686 - INFO - composites.py:283 -         S2A_MSIL2A_20211214T092401_R093_T34SFG_20211214T233021
2025-08-27 18:27:07,686 - INFO - composites.py:283 -         S2B_MSIL2A_20211206T091249_R050_T34SFG_20230128T195910
2025-08-27 18:27:07,686 - INFO - composites.py:283 -         S2A_MSIL2A_20211214T092401_R093_T34SFG_20230126T063050
2025-08-27 18:27:07,686 - INFO - composites.py:283 -         S2B_MSIL2A_20211216T091259_R050_T34SFG_20211216T230345
2025-08-27 18:27:07,686 - INFO - composites.py:283 -         S2A_MSIL2A_20211221T091411_R050_T34SFG_20211222T075337
2025-08-27 18:27:08,134 - INFO - sentinel2.py:154 - Matplotlib backend: Agg
2025-08-27 18:27:08,305 - INFO - sentinel2.py:224 - Write input scenes footprint overlay: //nas-rs.topo.auth.gr/Latomeia/DROUGHT/composites/x10/y07/2021/12/01/S2L2A_medcomp_x10y07_202112_InDataFootprint.jpeg
2025-08-27 18:27:08,596 - INFO - composites.py:297 -                                  
2025-08-27 18:27:08,596 - INFO - composites.py:298 - Downstream STAC items from Planetary Computer
2025-08-27 18:27:08,596 - INFO - timeseries_processing.py:115 -                                  
2025-08-27 18:27:08,596 - INFO - timeseries_processing.py:116 - Loading bands of diferent resolutions in EPSG:32634
2025-08-27 18:27:08,596 - INFO - timeseries_processing.py:120 -     Filtering items with native UTM EPSG:32634
2025-08-27 18:27:08,596 - INFO - timeseries_processing.py:122 -     20 Items in EPSG:32634
2025-08-27 18:27:08,596 - INFO - timeseries_processing.py:129 -                        
2025-08-27 18:27:08,596 - INFO - timeseries_processing.py:130 -     Loading parameters:
2025-08-27 18:27:08,596 - INFO - timeseries_processing.py:131 -         Bands: ['B05', 'B07', 'B8A', 'SCL']
2025-08-27 18:27:08,596 - INFO - timeseries_processing.py:132 -         Spatial resolution: 20
2025-08-27 18:27:08,597 - INFO - timeseries_processing.py:134 -         Get Assets from STAC Items
2025-08-27 18:27:08,597 - INFO - timeseries_processing.py:47 -         Initialize the STAC client
2025-08-27 18:27:09,140 - INFO - timeseries_processing.py:137 -         Loading 20 STAC Items....
2025-08-27 18:28:43,762 - INFO - timeseries_processing.py:146 -         Cube has been downloaded
2025-08-27 18:28:43,762 - INFO - timeseries_processing.py:156 -         Fix order of dimensions
2025-08-27 18:28:43,764 - INFO - timeseries_processing.py:161 -         Append bands to the band-list of EPSG:32634
2025-08-27 18:28:43,764 - INFO - timeseries_processing.py:129 -                        
2025-08-27 18:28:43,764 - INFO - timeseries_processing.py:130 -     Loading parameters:
2025-08-27 18:28:43,764 - INFO - timeseries_processing.py:131 -         Bands: ['B02', 'B03', 'B04']
2025-08-27 18:28:43,764 - INFO - timeseries_processing.py:132 -         Spatial resolution: 10
2025-08-27 18:28:43,764 - INFO - timeseries_processing.py:134 -         Get Assets from STAC Items
2025-08-27 18:28:43,764 - INFO - timeseries_processing.py:47 -         Initialize the STAC client
2025-08-27 18:28:44,303 - INFO - timeseries_processing.py:137 -         Loading 20 STAC Items....
2025-08-27 18:31:37,663 - INFO - timeseries_processing.py:146 -         Cube has been downloaded
2025-08-27 18:31:37,668 - INFO - timeseries_processing.py:149 -         Reproject to downsample 10m bands to 20m by Resampling.average 2x2 binning and shape matching with odc.geo.GeoBox
2025-08-27 18:31:49,252 - INFO - timeseries_processing.py:161 -         Append bands to the band-list of EPSG:32634
2025-08-27 18:31:49,252 - INFO - timeseries_processing.py:165 -                        
2025-08-27 18:31:49,252 - INFO - timeseries_processing.py:166 -     Merging bands in a single dataset
2025-08-27 18:31:49,252 - INFO - timeseries_processing.py:167 -     Ensure all partial datasets are at (x=20, y=-20) resolution
2025-08-27 18:31:49,253 - INFO - timeseries_processing.py:171 -     Clip to the intersection of indexes
2025-08-27 18:31:50,285 - INFO - timeseries_processing.py:180 -     Make a list of bands to merge
2025-08-27 18:31:50,285 - INFO - timeseries_processing.py:184 -     Merge on intersection
2025-08-27 18:31:50,287 - INFO - timeseries_processing.py:192 -     Apply masks on clouds, shadows, thin cirrus, and snow/ice
2025-08-27 18:31:50,287 - INFO - sentinel2.py:122 -                Masking bits: [3, 7, 8, 9, 10, 11]
2025-08-27 18:31:51,255 - INFO - composites.py:307 - Reproject from UTM Zone to Tile geometry -> CRS(EPSG:32634), Resampling.bilinear
2025-08-27 18:31:56,755 - INFO - composites.py:310 -     New shape of datasets: Shape2d(x=2400, y=2400)
2025-08-27 18:31:57,474 - INFO - composites.py:342 - Creating preview plot of input scenes
2025-08-27 18:32:26,673 - INFO - timeseries_processing.py:349 - Saved preview for 'B04' to //nas-rs.topo.auth.gr/Latomeia/DROUGHT/composites/x10/y07/2021/12/01/S2L2A_medcomp_x10y07_202112_InDataPreview.jpeg
2025-08-27 18:32:26,678 - INFO - composites.py:348 - Clip value range
2025-08-27 18:32:28,277 - INFO - composites.py:353 -                           
2025-08-27 18:32:28,277 - INFO - composites.py:354 - Computing spectral indices:
2025-08-27 18:32:28,278 - INFO - composites.py:357 -     EVI...
2025-08-27 18:32:29,316 - INFO - composites.py:359 -     NDVI...
2025-08-27 18:32:29,698 - INFO - composites.py:361 -     PSRI2...
2025-08-27 18:32:29,928 - INFO - composites.py:364 - Clip to typical value range
2025-08-27 18:32:30,239 - INFO - composites.py:371 - Reducing to median value temporal composite
2025-08-27 18:32:56,030 - INFO - composites.py:390 - Scale and Define data types & nodata per band
2025-08-27 18:32:56,152 - INFO - composites.py:411 - Assign time range and tile ID in metadata
2025-08-27 18:32:56,152 - INFO - composites.py:419 - Write bands to raster COG files
2025-08-27 18:33:00,099 - INFO - composites.py:432 - Write B02 -> //nas-rs.topo.auth.gr/Latomeia/DROUGHT/composites/x10/y07/2021/12/01/S2L2A_medcomp_x10y07_202112_B02.tif
2025-08-27 18:33:04,046 - INFO - composites.py:432 - Write B03 -> //nas-rs.topo.auth.gr/Latomeia/DROUGHT/composites/x10/y07/2021/12/01/S2L2A_medcomp_x10y07_202112_B03.tif
2025-08-27 18:33:07,886 - INFO - composites.py:432 - Write B04 -> //nas-rs.topo.auth.gr/Latomeia/DROUGHT/composites/x10/y07/2021/12/01/S2L2A_medcomp_x10y07_202112_B04.tif
2025-08-27 18:33:11,772 - INFO - composites.py:432 - Write B05 -> //nas-rs.topo.auth.gr/Latomeia/DROUGHT/composites/x10/y07/2021/12/01/S2L2A_medcomp_x10y07_202112_B05.tif
2025-08-27 18:33:16,282 - INFO - composites.py:432 - Write B07 -> //nas-rs.topo.auth.gr/Latomeia/DROUGHT/composites/x10/y07/2021/12/01/S2L2A_medcomp_x10y07_202112_B07.tif
2025-08-27 18:33:20,548 - INFO - composites.py:432 - Write B8A -> //nas-rs.topo.auth.gr/Latomeia/DROUGHT/composites/x10/y07/2021/12/01/S2L2A_medcomp_x10y07_202112_B8A.tif
2025-08-27 18:33:24,332 - INFO - composites.py:432 - Write EVI -> //nas-rs.topo.auth.gr/Latomeia/DROUGHT/composites/x10/y07/2021/12/01/S2L2A_medcomp_x10y07_202112_EVI.tif
2025-08-27 18:33:28,290 - INFO - composites.py:432 - Write NDVI -> //nas-rs.topo.auth.gr/Latomeia/DROUGHT/composites/x10/y07/2021/12/01/S2L2A_medcomp_x10y07_202112_NDVI.tif
2025-08-27 18:33:32,159 - INFO - composites.py:432 - Write PSRI2 -> //nas-rs.topo.auth.gr/Latomeia/DROUGHT/composites/x10/y07/2021/12/01/S2L2A_medcomp_x10y07_202112_PSRI2.tif
2025-08-27 18:33:32,160 - INFO - composites.py:436 - Prepare metadata YAML document
2025-08-27 18:33:32,649 - INFO - composites.py:458 - Write metadata YAML document to disk
2025-08-27 18:33:32,695 - INFO - composites.py:463 - Create datacube.model.Dataset from eo3 metadata
2025-08-27 18:33:32,708 - INFO - composites.py:474 - Index to datacube
2025-08-27 18:33:32,708 - INFO - _datasets.py:191 - Indexing 36974315-9ce6-4e79-abaa-c80b21331540
2025-08-27 18:33:32,716 - INFO - composites.py:477 - 
2025-08-27 18:33:32,716 - INFO - composites.py:478 -              ✔✔✔ COMPLETED: Tile x10_y07 | Time: 2021-12 | In 10.17 minutes
2025-08-27 18:33:32,716 - INFO - composites.py:479 - 
2025-08-27 18:33:32,716 - INFO - composites.py:487 - Closing Dask client
2025-08-27 18:33:32,718 - INFO - composites.py:491 - Closing Dask cluster
2025-08-27 18:33:32,719 - INFO - composites.py:492 - #######################################################################
