2025-08-25 00:02:54,884 - INFO - composites.py:102 - #######################################################################
2025-08-25 00:02:54,884 - INFO - composites.py:104 - Processing started
2025-08-25 00:02:54,884 - INFO - composites.py:105 -         Tile: x10_y09
2025-08-25 00:02:54,885 - INFO - composites.py:106 -         Time: 2020-02
2025-08-25 00:02:54,885 - INFO - composites.py:109 -                           
2025-08-25 00:02:54,885 - INFO - composites.py:110 - Establishing connection to datacube
2025-08-25 00:02:55,499 - INFO - composites.py:113 -                           
2025-08-25 00:02:55,500 - INFO - composites.py:114 - Sanity test: Check if dataset already exists in the datacube
2025-08-25 00:02:55,517 - INFO - composites.py:133 - The composite requested was not found and it will be computed
2025-08-25 00:02:55,517 - INFO - composites.py:136 -                                  
2025-08-25 00:02:55,517 - INFO - composites.py:137 - Initializing Dask cluster for parallelization
2025-08-25 00:03:00,950 - INFO - composites.py:161 - Dask dashboard is available at: http://127.0.0.1:8787/status
2025-08-25 00:03:00,950 - INFO - composites.py:164 - Create directories and naming conversions
2025-08-25 00:03:00,958 - INFO - composites.py:175 - Dataset location: //nas-rs.topo.auth.gr/Latomeia/DROUGHT/COMPOS/2020/02/x10_y09
2025-08-25 00:03:00,958 - INFO - composites.py:178 -                           
2025-08-25 00:03:00,958 - INFO - composites.py:179 - Retrieve tile geometry
2025-08-25 00:03:00,990 - INFO - composites.py:190 - Create the Bounding Box (φ,λ)
2025-08-25 00:03:00,990 - INFO - composites.py:196 - Create the Bounding Box (x,y)
2025-08-25 00:03:00,990 - INFO - composites.py:209 -                           
2025-08-25 00:03:00,990 - INFO - composites.py:210 - Connect to Planetary Computer STAC Catalog
2025-08-25 00:03:01,250 - INFO - composites.py:218 - Search the STAC Catalog
2025-08-25 00:03:01,324 - INFO - composites.py:230 -         Query parameters:
2025-08-25 00:03:01,325 - INFO - composites.py:231 -             url:          https://planetarycomputer.microsoft.com/api/stac/v1/search
2025-08-25 00:03:01,325 - INFO - composites.py:232 -             client:       microsoft-pc
2025-08-25 00:03:01,325 - INFO - composites.py:233 -             collection:   sentinel-2-l2a
2025-08-25 00:03:01,325 - INFO - composites.py:234 -             bbox:         (22.393231098837152, 37.29127558081356, 23.05741948027706, 37.8424745721664)
2025-08-25 00:03:01,325 - INFO - composites.py:235 -             time range:   2020-02-01T00:00:00Z/2020-02-29T23:59:59Z
2025-08-25 00:03:01,325 - INFO - composites.py:236 -             cloud cover:  0% - 70%
2025-08-25 00:03:01,325 - INFO - composites.py:237 -             nodata cover: 0% - 33%
2025-08-25 00:03:01,325 - INFO - composites.py:239 -                           
2025-08-25 00:03:01,325 - INFO - composites.py:240 - Searching...
2025-08-25 00:03:01,749 - INFO - composites.py:243 - Query found 16 items
2025-08-25 00:03:01,749 - INFO - composites.py:245 - Searching for GRI REFINED scenes:
2025-08-25 00:03:05,807 - INFO - sentinel2.py:78 - 1/16 - S2B_MSIL2A_20200228T092029_R093_T34SFH_20200929T011219 -> Not Found
2025-08-25 00:03:09,525 - INFO - sentinel2.py:78 - 2/16 - S2B_MSIL2A_20200228T092029_R093_T34SFG_20200929T011218 -> Not Found
2025-08-25 00:03:13,241 - INFO - sentinel2.py:78 - 3/16 - S2B_MSIL2A_20200225T090849_R050_T34SFG_20200928T090640 -> Not Found
2025-08-25 00:03:17,404 - INFO - sentinel2.py:78 - 4/16 - S2A_MSIL2A_20200223T092021_R093_T34SFH_20200927T221902 -> Not Found
2025-08-25 00:03:22,209 - INFO - sentinel2.py:78 - 5/16 - S2A_MSIL2A_20200223T092021_R093_T34SFG_20200927T221857 -> Not Found
2025-08-25 00:03:26,160 - INFO - sentinel2.py:78 - 6/16 - S2A_MSIL2A_20200220T091011_R050_T34SFG_20200930T033705 -> Not Found
2025-08-25 00:03:30,229 - INFO - sentinel2.py:78 - 7/16 - S2B_MSIL2A_20200218T092029_R093_T34SFH_20200929T210041 -> Not Found
2025-08-25 00:03:34,334 - INFO - sentinel2.py:78 - 8/16 - S2B_MSIL2A_20200218T092029_R093_T34SFG_20200929T210040 -> Not Found
2025-08-25 00:03:37,327 - INFO - sentinel2.py:78 - 9/16 - S2A_MSIL2A_20200213T092101_R093_T34SFH_20201001T210838 -> Not Found
2025-08-25 00:03:40,326 - INFO - sentinel2.py:78 - 10/16 - S2A_MSIL2A_20200213T092101_R093_T34SFG_20201001T210836 -> Not Found
2025-08-25 00:03:44,021 - INFO - sentinel2.py:78 - 11/16 - S2A_MSIL2A_20200210T091121_R050_T34SFG_20201001T141449 -> Not Found
2025-08-25 00:03:47,724 - INFO - sentinel2.py:78 - 12/16 - S2B_MSIL2A_20200208T092039_R093_T34SFH_20201001T095506 -> Not Found
2025-08-25 00:03:52,165 - INFO - sentinel2.py:78 - 13/16 - S2B_MSIL2A_20200208T092039_R093_T34SFG_20201001T095507 -> Not Found
2025-08-25 00:03:55,683 - INFO - sentinel2.py:78 - 14/16 - S2B_MSIL2A_20200205T091049_R050_T34SFG_20200930T234251 -> Not Found
2025-08-25 00:03:59,329 - INFO - sentinel2.py:78 - 15/16 - S2A_MSIL2A_20200203T092201_R093_T34SFH_20200930T150116 -> Not Found
2025-08-25 00:04:02,862 - INFO - sentinel2.py:78 - 16/16 - S2A_MSIL2A_20200203T092201_R093_T34SFG_20200930T150112 -> Not Found
2025-08-25 00:04:02,900 - INFO - composites.py:248 -                                  
2025-08-25 00:04:02,901 - INFO - composites.py:249 - 0/16 were refined by GRI.
2025-08-25 00:04:02,901 - WARNING - composites.py:253 - Tile x10_y09 | Time: 2020-02: All scenes are flagged NOT REFINED.
2025-08-25 00:04:02,901 - WARNING - composites.py:254 - Tile x10_y09 | Time: 2020-02: The composite will be flagged with _NOREFINED.
2025-08-25 00:04:02,902 - INFO - composites.py:261 - Looking for up to 10 cleanest images within spatiotemporal range of each MGRS tile
2025-08-25 00:04:02,902 - INFO - composites.py:275 - Filtered cleanest scenes: Kept 16 out of 16 items. 
2025-08-25 00:04:02,910 - INFO - composites.py:276 -         Included MGRS Tiles: ['34SFG' '34SFH']
2025-08-25 00:04:02,911 - INFO - composites.py:277 -         Included EPSG codes: [32634]
2025-08-25 00:04:02,911 - INFO - composites.py:279 - Selected scenes:
2025-08-25 00:04:02,911 - INFO - composites.py:281 -         S2B_MSIL2A_20200218T092029_R093_T34SFG_20200929T210040
2025-08-25 00:04:02,912 - INFO - composites.py:281 -         S2B_MSIL2A_20200225T090849_R050_T34SFG_20200928T090640
2025-08-25 00:04:02,912 - INFO - composites.py:281 -         S2A_MSIL2A_20200210T091121_R050_T34SFG_20201001T141449
2025-08-25 00:04:02,912 - INFO - composites.py:281 -         S2A_MSIL2A_20200203T092201_R093_T34SFG_20200930T150112
2025-08-25 00:04:02,912 - INFO - composites.py:281 -         S2B_MSIL2A_20200208T092039_R093_T34SFG_20201001T095507
2025-08-25 00:04:02,912 - INFO - composites.py:281 -         S2B_MSIL2A_20200205T091049_R050_T34SFG_20200930T234251
2025-08-25 00:04:02,913 - INFO - composites.py:281 -         S2A_MSIL2A_20200213T092101_R093_T34SFG_20201001T210836
2025-08-25 00:04:02,913 - INFO - composites.py:281 -         S2A_MSIL2A_20200220T091011_R050_T34SFG_20200930T033705
2025-08-25 00:04:02,913 - INFO - composites.py:281 -         S2A_MSIL2A_20200223T092021_R093_T34SFG_20200927T221857
2025-08-25 00:04:02,913 - INFO - composites.py:281 -         S2B_MSIL2A_20200228T092029_R093_T34SFG_20200929T011218
2025-08-25 00:04:02,913 - INFO - composites.py:281 -         S2B_MSIL2A_20200218T092029_R093_T34SFH_20200929T210041
2025-08-25 00:04:02,913 - INFO - composites.py:281 -         S2A_MSIL2A_20200203T092201_R093_T34SFH_20200930T150116
2025-08-25 00:04:02,913 - INFO - composites.py:281 -         S2A_MSIL2A_20200213T092101_R093_T34SFH_20201001T210838
2025-08-25 00:04:02,913 - INFO - composites.py:281 -         S2A_MSIL2A_20200223T092021_R093_T34SFH_20200927T221902
2025-08-25 00:04:02,913 - INFO - composites.py:281 -         S2B_MSIL2A_20200208T092039_R093_T34SFH_20201001T095506
2025-08-25 00:04:02,913 - INFO - composites.py:281 -         S2B_MSIL2A_20200228T092029_R093_T34SFH_20200929T011219
2025-08-25 00:04:03,286 - INFO - sentinel2.py:154 - Matplotlib backend: Agg
2025-08-25 00:04:03,499 - INFO - sentinel2.py:224 - Write input scenes footprint overlay: //nas-rs.topo.auth.gr/Latomeia/DROUGHT/COMPOS/2020/02/x10_y09/S2L2A_medcomp_x10_y09_202002_InDataFootprint.jpeg
2025-08-25 00:04:03,836 - INFO - composites.py:295 -                                  
2025-08-25 00:04:03,836 - INFO - composites.py:296 - Downstream STAC items from Planetary Computer
2025-08-25 00:04:03,836 - INFO - timeseries_processing.py:115 -                                  
2025-08-25 00:04:03,836 - INFO - timeseries_processing.py:116 - Loading bands of diferent resolutions in EPSG:32634
2025-08-25 00:04:03,836 - INFO - timeseries_processing.py:120 -     Filtering items with native UTM EPSG:32634
2025-08-25 00:04:03,836 - INFO - timeseries_processing.py:122 -     16 Items in EPSG:32634
2025-08-25 00:04:03,836 - INFO - timeseries_processing.py:129 -                        
2025-08-25 00:04:03,836 - INFO - timeseries_processing.py:130 -     Loading parameters:
2025-08-25 00:04:03,836 - INFO - timeseries_processing.py:131 -         Bands: ['B05', 'B07', 'B8A', 'SCL']
2025-08-25 00:04:03,836 - INFO - timeseries_processing.py:132 -         Spatial resolution: 20
2025-08-25 00:04:03,836 - INFO - timeseries_processing.py:134 -         Get Assets from STAC Items
2025-08-25 00:04:03,837 - INFO - timeseries_processing.py:47 -         Initialize the STAC client
2025-08-25 00:04:04,395 - INFO - timeseries_processing.py:137 -         Loading 16 STAC Items....
2025-08-25 00:05:11,486 - INFO - timeseries_processing.py:146 -         Cube has been downloaded
2025-08-25 00:05:11,486 - INFO - timeseries_processing.py:156 -         Fix order of dimensions
2025-08-25 00:05:11,488 - INFO - timeseries_processing.py:161 -         Append bands to the band-list of EPSG:32634
2025-08-25 00:05:11,488 - INFO - timeseries_processing.py:129 -                        
2025-08-25 00:05:11,489 - INFO - timeseries_processing.py:130 -     Loading parameters:
2025-08-25 00:05:11,489 - INFO - timeseries_processing.py:131 -         Bands: ['B02', 'B03', 'B04']
2025-08-25 00:05:11,489 - INFO - timeseries_processing.py:132 -         Spatial resolution: 10
2025-08-25 00:05:11,490 - INFO - timeseries_processing.py:134 -         Get Assets from STAC Items
2025-08-25 00:05:11,490 - INFO - timeseries_processing.py:47 -         Initialize the STAC client
2025-08-25 00:05:12,049 - INFO - timeseries_processing.py:137 -         Loading 16 STAC Items....
2025-08-25 00:07:39,360 - INFO - timeseries_processing.py:146 -         Cube has been downloaded
2025-08-25 00:07:39,360 - INFO - timeseries_processing.py:149 -         Reproject to downsample 10m bands to 20m by Resampling.average 2x2 binning and shape matching with odc.geo.GeoBox
2025-08-25 00:07:55,541 - INFO - timeseries_processing.py:161 -         Append bands to the band-list of EPSG:32634
2025-08-25 00:07:55,541 - INFO - timeseries_processing.py:165 -                        
2025-08-25 00:07:55,541 - INFO - timeseries_processing.py:166 -     Merging bands in a single dataset
2025-08-25 00:07:55,541 - INFO - timeseries_processing.py:167 -     Ensure all partial datasets are at (x=20, y=-20) resolution
2025-08-25 00:07:55,542 - INFO - timeseries_processing.py:171 -     Clip to the intersection of indexes
2025-08-25 00:07:56,517 - INFO - timeseries_processing.py:180 -     Make a list of bands to merge
2025-08-25 00:07:56,518 - INFO - timeseries_processing.py:184 -     Merge on intersection
2025-08-25 00:07:56,519 - INFO - timeseries_processing.py:192 -     Apply masks on clouds, shadows, thin cirrus, and snow/ice
2025-08-25 00:07:56,519 - INFO - sentinel2.py:122 -                Masking bits: [3, 7, 8, 9, 10, 11]
2025-08-25 00:07:57,794 - INFO - composites.py:305 - Reproject from UTM Zone to Tile geometry -> CRS(EPSG:32634), Resampling.bilinear
2025-08-25 00:08:04,545 - INFO - composites.py:308 -     New shape of datasets: Shape2d(x=2400, y=2400)
2025-08-25 00:08:05,348 - INFO - composites.py:340 - Creating preview plot of input scenes
2025-08-25 00:08:37,667 - INFO - timeseries_processing.py:349 - Saved preview for 'B04' to //nas-rs.topo.auth.gr/Latomeia/DROUGHT/COMPOS/2020/02/x10_y09/S2L2A_medcomp_x10_y09_202002_InDataPreview.jpeg
2025-08-25 00:08:37,673 - INFO - composites.py:346 - Clip value range
2025-08-25 00:08:39,682 - INFO - composites.py:351 -                           
2025-08-25 00:08:39,683 - INFO - composites.py:352 - Computing spectral indices:
2025-08-25 00:08:39,683 - INFO - composites.py:355 -     EVI...
2025-08-25 00:08:40,857 - INFO - composites.py:357 -     NDVI...
2025-08-25 00:08:41,261 - INFO - composites.py:359 -     PSRI2...
2025-08-25 00:08:41,536 - INFO - composites.py:362 - Clip to typical value range
2025-08-25 00:08:41,898 - INFO - composites.py:369 - Reducing to median value temporal composite
2025-08-25 00:09:11,682 - INFO - composites.py:388 - Scale and Define data types & nodata per band
2025-08-25 00:09:11,797 - INFO - composites.py:409 - Assign time range and tile ID in metadata
2025-08-25 00:09:11,797 - INFO - composites.py:417 - Write bands to raster COG files
2025-08-25 00:09:15,619 - INFO - composites.py:430 - Write B02 -> //nas-rs.topo.auth.gr/Latomeia/DROUGHT/COMPOS/2020/02/x10_y09/S2L2A_medcomp_x10_y09_202002_B02.tif
2025-08-25 00:09:19,844 - INFO - composites.py:430 - Write B03 -> //nas-rs.topo.auth.gr/Latomeia/DROUGHT/COMPOS/2020/02/x10_y09/S2L2A_medcomp_x10_y09_202002_B03.tif
2025-08-25 00:09:23,649 - INFO - composites.py:430 - Write B04 -> //nas-rs.topo.auth.gr/Latomeia/DROUGHT/COMPOS/2020/02/x10_y09/S2L2A_medcomp_x10_y09_202002_B04.tif
2025-08-25 00:09:27,472 - INFO - composites.py:430 - Write B05 -> //nas-rs.topo.auth.gr/Latomeia/DROUGHT/COMPOS/2020/02/x10_y09/S2L2A_medcomp_x10_y09_202002_B05.tif
2025-08-25 00:09:31,267 - INFO - composites.py:430 - Write B07 -> //nas-rs.topo.auth.gr/Latomeia/DROUGHT/COMPOS/2020/02/x10_y09/S2L2A_medcomp_x10_y09_202002_B07.tif
2025-08-25 00:09:35,062 - INFO - composites.py:430 - Write B8A -> //nas-rs.topo.auth.gr/Latomeia/DROUGHT/COMPOS/2020/02/x10_y09/S2L2A_medcomp_x10_y09_202002_B8A.tif
2025-08-25 00:09:38,831 - INFO - composites.py:430 - Write EVI -> //nas-rs.topo.auth.gr/Latomeia/DROUGHT/COMPOS/2020/02/x10_y09/S2L2A_medcomp_x10_y09_202002_EVI.tif
2025-08-25 00:09:42,617 - INFO - composites.py:430 - Write NDVI -> //nas-rs.topo.auth.gr/Latomeia/DROUGHT/COMPOS/2020/02/x10_y09/S2L2A_medcomp_x10_y09_202002_NDVI.tif
2025-08-25 00:09:46,300 - INFO - composites.py:430 - Write PSRI2 -> //nas-rs.topo.auth.gr/Latomeia/DROUGHT/COMPOS/2020/02/x10_y09/S2L2A_medcomp_x10_y09_202002_PSRI2.tif
2025-08-25 00:09:46,300 - INFO - composites.py:434 - Prepare metadata YAML document
2025-08-25 00:09:47,022 - INFO - composites.py:455 - Write metadata YAML document to disk
2025-08-25 00:09:47,081 - INFO - composites.py:460 - Create datacube.model.Dataset from eo3 metadata
2025-08-25 00:09:47,089 - INFO - composites.py:471 - Index to datacube
2025-08-25 00:09:47,089 - INFO - _datasets.py:191 - Indexing a5a66064-8724-4a59-ab48-eff7c2203c8c
2025-08-25 00:09:47,100 - INFO - composites.py:474 - 
2025-08-25 00:09:47,100 - INFO - composites.py:475 -              ✔✔✔ COMPLETED: Tile x10_y09 | Time: 2020-02 | In 6.87 minutes
2025-08-25 00:09:47,100 - INFO - composites.py:476 - 
2025-08-25 00:09:47,100 - INFO - composites.py:484 - Closing Dask client
2025-08-25 00:09:47,102 - INFO - composites.py:488 - Closing Dask cluster
2025-08-25 00:09:47,102 - INFO - composites.py:489 - #######################################################################
