2025-08-26 11:19:48,998 - INFO - composites.py:102 - #######################################################################
2025-08-26 11:19:48,999 - INFO - composites.py:104 - Processing started
2025-08-26 11:19:48,999 - INFO - composites.py:105 -         Tile: x08_y12
2025-08-26 11:19:48,999 - INFO - composites.py:106 -         Time: 2020-07
2025-08-26 11:19:48,999 - INFO - composites.py:109 -                           
2025-08-26 11:19:48,999 - INFO - composites.py:110 - Establishing connection to datacube
2025-08-26 11:19:49,502 - INFO - composites.py:113 -                           
2025-08-26 11:19:49,502 - INFO - composites.py:114 - Sanity test: Check if dataset already exists in the datacube
2025-08-26 11:19:49,519 - INFO - composites.py:133 - The composite requested was not found and it will be computed
2025-08-26 11:19:49,519 - INFO - composites.py:136 -                                  
2025-08-26 11:19:49,519 - INFO - composites.py:137 - Initializing Dask cluster for parallelization
2025-08-26 11:19:54,487 - INFO - composites.py:161 - Dask dashboard is available at: http://127.0.0.1:8787/status
2025-08-26 11:19:54,487 - INFO - composites.py:164 - Create directories and naming conversions
2025-08-26 11:19:54,509 - INFO - composites.py:177 - Dataset location: //nas-rs.topo.auth.gr/Latomeia/DROUGHT/composites/x08/y12/2020/07/01
2025-08-26 11:19:54,509 - INFO - composites.py:180 -                           
2025-08-26 11:19:54,509 - INFO - composites.py:181 - Retrieve tile geometry
2025-08-26 11:19:54,537 - INFO - composites.py:192 - Create the Bounding Box (φ,λ)
2025-08-26 11:19:54,538 - INFO - composites.py:198 - Create the Bounding Box (x,y)
2025-08-26 11:19:54,538 - INFO - composites.py:211 -                           
2025-08-26 11:19:54,538 - INFO - composites.py:212 - Connect to Planetary Computer STAC Catalog
2025-08-26 11:19:54,794 - INFO - composites.py:220 - Search the STAC Catalog
2025-08-26 11:19:54,885 - INFO - composites.py:232 -         Query parameters:
2025-08-26 11:19:54,885 - INFO - composites.py:233 -             url:          https://planetarycomputer.microsoft.com/api/stac/v1/search
2025-08-26 11:19:54,885 - INFO - composites.py:234 -             client:       microsoft-pc
2025-08-26 11:19:54,885 - INFO - composites.py:235 -             collection:   sentinel-2-l2a
2025-08-26 11:19:54,885 - INFO - composites.py:236 -             bbox:         (21.54502923200265, 38.72053801140399, 22.218704170873913, 39.26725432685642)
2025-08-26 11:19:54,885 - INFO - composites.py:237 -             time range:   2020-07-01T00:00:00Z/2020-07-31T23:59:59Z
2025-08-26 11:19:54,885 - INFO - composites.py:238 -             cloud cover:  0% - 70%
2025-08-26 11:19:54,885 - INFO - composites.py:239 -             nodata cover: 0% - 33%
2025-08-26 11:19:54,885 - INFO - composites.py:241 -                           
2025-08-26 11:19:54,885 - INFO - composites.py:242 - Searching...
2025-08-26 11:19:55,428 - INFO - composites.py:245 - Query found 24 items
2025-08-26 11:19:55,429 - INFO - composites.py:247 - Searching for GRI REFINED scenes:
2025-08-26 11:20:00,951 - INFO - sentinel2.py:78 - 1/24 - S2B_MSIL2A_20200727T092029_R093_T34SFJ_20200817T190504 -> Not Found
2025-08-26 11:20:06,646 - INFO - sentinel2.py:78 - 2/24 - S2B_MSIL2A_20200727T092029_R093_T34SFH_20200817T190504 -> Not Found
2025-08-26 11:20:12,523 - INFO - sentinel2.py:78 - 3/24 - S2B_MSIL2A_20200727T092029_R093_T34SEJ_20200817T190502 -> Not Found
2025-08-26 11:20:18,772 - INFO - sentinel2.py:78 - 4/24 - S2B_MSIL2A_20200727T092029_R093_T34SEH_20200817T190500 -> Not Found
2025-08-26 11:20:24,591 - INFO - sentinel2.py:78 - 5/24 - S2A_MSIL2A_20200722T092031_R093_T34SFJ_20200817T022444 -> Not Found
2025-08-26 11:20:30,307 - INFO - sentinel2.py:78 - 6/24 - S2A_MSIL2A_20200722T092031_R093_T34SFH_20200817T022443 -> Not Found
2025-08-26 11:20:36,237 - INFO - sentinel2.py:78 - 7/24 - S2A_MSIL2A_20200722T092031_R093_T34SEJ_20200817T022438 -> Not Found
2025-08-26 11:20:40,678 - INFO - sentinel2.py:78 - 8/24 - S2A_MSIL2A_20200722T092031_R093_T34SEH_20200817T022438 -> Not Found
2025-08-26 11:20:46,645 - INFO - sentinel2.py:78 - 9/24 - S2B_MSIL2A_20200717T092029_R093_T34SFJ_20200816T124335 -> Not Found
2025-08-26 11:20:50,536 - INFO - sentinel2.py:78 - 10/24 - S2B_MSIL2A_20200717T092029_R093_T34SFH_20200816T124331 -> Not Found
2025-08-26 11:20:56,142 - INFO - sentinel2.py:78 - 11/24 - S2B_MSIL2A_20200717T092029_R093_T34SEJ_20200816T124326 -> Not Found
2025-08-26 11:21:01,814 - INFO - sentinel2.py:78 - 12/24 - S2B_MSIL2A_20200717T092029_R093_T34SEH_20200816T124329 -> Not Found
2025-08-26 11:21:07,506 - INFO - sentinel2.py:78 - 13/24 - S2A_MSIL2A_20200712T092031_R093_T34SFJ_20200912T221253 -> Not Found
2025-08-26 11:21:13,207 - INFO - sentinel2.py:78 - 14/24 - S2A_MSIL2A_20200712T092031_R093_T34SFH_20200912T221249 -> Not Found
2025-08-26 11:21:18,965 - INFO - sentinel2.py:78 - 15/24 - S2A_MSIL2A_20200712T092031_R093_T34SEJ_20200912T221247 -> Not Found
2025-08-26 11:21:23,359 - INFO - sentinel2.py:78 - 16/24 - S2A_MSIL2A_20200712T092031_R093_T34SEH_20200912T221245 -> Not Found
2025-08-26 11:21:29,498 - INFO - sentinel2.py:78 - 17/24 - S2B_MSIL2A_20200707T092029_R093_T34SFJ_20200912T092023 -> Not Found
2025-08-26 11:21:34,478 - INFO - sentinel2.py:78 - 18/24 - S2B_MSIL2A_20200707T092029_R093_T34SFH_20200912T092025 -> Not Found
2025-08-26 11:21:40,586 - INFO - sentinel2.py:78 - 19/24 - S2B_MSIL2A_20200707T092029_R093_T34SEJ_20200912T092021 -> Not Found
2025-08-26 11:21:45,469 - INFO - sentinel2.py:78 - 20/24 - S2B_MSIL2A_20200707T092029_R093_T34SEH_20200912T092019 -> Not Found
2025-08-26 11:21:51,175 - INFO - sentinel2.py:78 - 21/24 - S2A_MSIL2A_20200702T092031_R093_T34SFJ_20200824T221409 -> Not Found
2025-08-26 11:21:56,747 - INFO - sentinel2.py:78 - 22/24 - S2A_MSIL2A_20200702T092031_R093_T34SFH_20200824T221407 -> Not Found
2025-08-26 11:22:02,127 - INFO - sentinel2.py:78 - 23/24 - S2A_MSIL2A_20200702T092031_R093_T34SEJ_20200824T221355 -> Not Found
2025-08-26 11:22:07,957 - INFO - sentinel2.py:78 - 24/24 - S2A_MSIL2A_20200702T092031_R093_T34SEH_20200824T221354 -> Not Found
2025-08-26 11:22:07,993 - INFO - composites.py:250 -                                  
2025-08-26 11:22:07,994 - INFO - composites.py:251 - 0/24 were refined by GRI.
2025-08-26 11:22:07,994 - WARNING - composites.py:255 - Tile x08_y12 | Time: 2020-07: All scenes are flagged NOT REFINED.
2025-08-26 11:22:07,994 - WARNING - composites.py:256 - Tile x08_y12 | Time: 2020-07: The composite will be flagged with _NOREFINED.
2025-08-26 11:22:07,994 - INFO - composites.py:263 - Looking for up to 10 cleanest images within spatiotemporal range of each MGRS tile
2025-08-26 11:22:07,995 - INFO - composites.py:277 - Filtered cleanest scenes: Kept 24 out of 24 items. 
2025-08-26 11:22:07,996 - INFO - composites.py:278 -         Included MGRS Tiles: ['34SEH' '34SEJ' '34SFH' '34SFJ']
2025-08-26 11:22:08,010 - INFO - composites.py:279 -         Included EPSG codes: [32634]
2025-08-26 11:22:08,021 - INFO - composites.py:281 - Selected scenes:
2025-08-26 11:22:08,021 - INFO - composites.py:283 -         S2A_MSIL2A_20200702T092031_R093_T34SEH_20200824T221354
2025-08-26 11:22:08,021 - INFO - composites.py:283 -         S2A_MSIL2A_20200712T092031_R093_T34SEH_20200912T221245
2025-08-26 11:22:08,021 - INFO - composites.py:283 -         S2B_MSIL2A_20200727T092029_R093_T34SEH_20200817T190500
2025-08-26 11:22:08,021 - INFO - composites.py:283 -         S2A_MSIL2A_20200722T092031_R093_T34SEH_20200817T022438
2025-08-26 11:22:08,021 - INFO - composites.py:283 -         S2B_MSIL2A_20200717T092029_R093_T34SEH_20200816T124329
2025-08-26 11:22:08,021 - INFO - composites.py:283 -         S2B_MSIL2A_20200707T092029_R093_T34SEH_20200912T092019
2025-08-26 11:22:08,022 - INFO - composites.py:283 -         S2A_MSIL2A_20200702T092031_R093_T34SEJ_20200824T221355
2025-08-26 11:22:08,022 - INFO - composites.py:283 -         S2A_MSIL2A_20200712T092031_R093_T34SEJ_20200912T221247
2025-08-26 11:22:08,022 - INFO - composites.py:283 -         S2B_MSIL2A_20200727T092029_R093_T34SEJ_20200817T190502
2025-08-26 11:22:08,022 - INFO - composites.py:283 -         S2A_MSIL2A_20200722T092031_R093_T34SEJ_20200817T022438
2025-08-26 11:22:08,022 - INFO - composites.py:283 -         S2B_MSIL2A_20200717T092029_R093_T34SEJ_20200816T124326
2025-08-26 11:22:08,022 - INFO - composites.py:283 -         S2B_MSIL2A_20200707T092029_R093_T34SEJ_20200912T092021
2025-08-26 11:22:08,022 - INFO - composites.py:283 -         S2A_MSIL2A_20200712T092031_R093_T34SFH_20200912T221249
2025-08-26 11:22:08,022 - INFO - composites.py:283 -         S2A_MSIL2A_20200702T092031_R093_T34SFH_20200824T221407
2025-08-26 11:22:08,022 - INFO - composites.py:283 -         S2B_MSIL2A_20200727T092029_R093_T34SFH_20200817T190504
2025-08-26 11:22:08,022 - INFO - composites.py:283 -         S2A_MSIL2A_20200722T092031_R093_T34SFH_20200817T022443
2025-08-26 11:22:08,022 - INFO - composites.py:283 -         S2B_MSIL2A_20200717T092029_R093_T34SFH_20200816T124331
2025-08-26 11:22:08,022 - INFO - composites.py:283 -         S2B_MSIL2A_20200707T092029_R093_T34SFH_20200912T092025
2025-08-26 11:22:08,022 - INFO - composites.py:283 -         S2A_MSIL2A_20200712T092031_R093_T34SFJ_20200912T221253
2025-08-26 11:22:08,022 - INFO - composites.py:283 -         S2A_MSIL2A_20200702T092031_R093_T34SFJ_20200824T221409
2025-08-26 11:22:08,022 - INFO - composites.py:283 -         S2B_MSIL2A_20200727T092029_R093_T34SFJ_20200817T190504
2025-08-26 11:22:08,022 - INFO - composites.py:283 -         S2B_MSIL2A_20200717T092029_R093_T34SFJ_20200816T124335
2025-08-26 11:22:08,022 - INFO - composites.py:283 -         S2A_MSIL2A_20200722T092031_R093_T34SFJ_20200817T022444
2025-08-26 11:22:08,022 - INFO - composites.py:283 -         S2B_MSIL2A_20200707T092029_R093_T34SFJ_20200912T092023
2025-08-26 11:22:08,373 - INFO - sentinel2.py:154 - Matplotlib backend: Agg
2025-08-26 11:22:08,699 - INFO - sentinel2.py:224 - Write input scenes footprint overlay: //nas-rs.topo.auth.gr/Latomeia/DROUGHT/composites/x08/y12/2020/07/01/S2L2A_medcomp_x08y12_202007_InDataFootprint.jpeg
2025-08-26 11:22:08,967 - INFO - composites.py:297 -                                  
2025-08-26 11:22:08,967 - INFO - composites.py:298 - Downstream STAC items from Planetary Computer
2025-08-26 11:22:08,967 - INFO - timeseries_processing.py:115 -                                  
2025-08-26 11:22:08,967 - INFO - timeseries_processing.py:116 - Loading bands of diferent resolutions in EPSG:32634
2025-08-26 11:22:08,967 - INFO - timeseries_processing.py:120 -     Filtering items with native UTM EPSG:32634
2025-08-26 11:22:08,967 - INFO - timeseries_processing.py:122 -     24 Items in EPSG:32634
2025-08-26 11:22:08,967 - INFO - timeseries_processing.py:129 -                        
2025-08-26 11:22:08,967 - INFO - timeseries_processing.py:130 -     Loading parameters:
2025-08-26 11:22:08,967 - INFO - timeseries_processing.py:131 -         Bands: ['B05', 'B07', 'B8A', 'SCL']
2025-08-26 11:22:08,967 - INFO - timeseries_processing.py:132 -         Spatial resolution: 20
2025-08-26 11:22:08,967 - INFO - timeseries_processing.py:134 -         Get Assets from STAC Items
2025-08-26 11:22:08,967 - INFO - timeseries_processing.py:47 -         Initialize the STAC client
2025-08-26 11:22:09,652 - INFO - timeseries_processing.py:137 -         Loading 24 STAC Items....
2025-08-26 11:22:44,962 - INFO - timeseries_processing.py:146 -         Cube has been downloaded
2025-08-26 11:22:44,962 - INFO - timeseries_processing.py:156 -         Fix order of dimensions
2025-08-26 11:22:44,963 - INFO - timeseries_processing.py:161 -         Append bands to the band-list of EPSG:32634
2025-08-26 11:22:44,963 - INFO - timeseries_processing.py:129 -                        
2025-08-26 11:22:44,964 - INFO - timeseries_processing.py:130 -     Loading parameters:
2025-08-26 11:22:44,965 - INFO - timeseries_processing.py:131 -         Bands: ['B02', 'B03', 'B04']
2025-08-26 11:22:44,965 - INFO - timeseries_processing.py:132 -         Spatial resolution: 10
2025-08-26 11:22:44,965 - INFO - timeseries_processing.py:134 -         Get Assets from STAC Items
2025-08-26 11:22:44,965 - INFO - timeseries_processing.py:47 -         Initialize the STAC client
2025-08-26 11:22:45,655 - INFO - timeseries_processing.py:137 -         Loading 24 STAC Items....
2025-08-26 11:25:40,347 - INFO - timeseries_processing.py:146 -         Cube has been downloaded
2025-08-26 11:25:40,356 - INFO - timeseries_processing.py:149 -         Reproject to downsample 10m bands to 20m by Resampling.average 2x2 binning and shape matching with odc.geo.GeoBox
2025-08-26 11:25:49,723 - INFO - timeseries_processing.py:161 -         Append bands to the band-list of EPSG:32634
2025-08-26 11:25:49,723 - INFO - timeseries_processing.py:165 -                        
2025-08-26 11:25:49,723 - INFO - timeseries_processing.py:166 -     Merging bands in a single dataset
2025-08-26 11:25:49,723 - INFO - timeseries_processing.py:167 -     Ensure all partial datasets are at (x=20, y=-20) resolution
2025-08-26 11:25:49,724 - INFO - timeseries_processing.py:171 -     Clip to the intersection of indexes
2025-08-26 11:25:50,947 - INFO - timeseries_processing.py:180 -     Make a list of bands to merge
2025-08-26 11:25:50,947 - INFO - timeseries_processing.py:184 -     Merge on intersection
2025-08-26 11:25:50,948 - INFO - timeseries_processing.py:192 -     Apply masks on clouds, shadows, thin cirrus, and snow/ice
2025-08-26 11:25:50,948 - INFO - sentinel2.py:122 -                Masking bits: [3, 7, 8, 9, 10, 11]
2025-08-26 11:25:51,689 - INFO - composites.py:307 - Reproject from UTM Zone to Tile geometry -> CRS(EPSG:32634), Resampling.bilinear
2025-08-26 11:25:55,616 - INFO - composites.py:310 -     New shape of datasets: Shape2d(x=2400, y=2400)
2025-08-26 11:25:56,153 - INFO - composites.py:342 - Creating preview plot of input scenes
2025-08-26 11:26:21,023 - INFO - timeseries_processing.py:349 - Saved preview for 'B04' to //nas-rs.topo.auth.gr/Latomeia/DROUGHT/composites/x08/y12/2020/07/01/S2L2A_medcomp_x08y12_202007_InDataPreview.jpeg
2025-08-26 11:26:21,027 - INFO - composites.py:348 - Clip value range
2025-08-26 11:26:22,207 - INFO - composites.py:353 -                           
2025-08-26 11:26:22,208 - INFO - composites.py:354 - Computing spectral indices:
2025-08-26 11:26:22,208 - INFO - composites.py:357 -     EVI...
2025-08-26 11:26:22,956 - INFO - composites.py:359 -     NDVI...
2025-08-26 11:26:23,177 - INFO - composites.py:361 -     PSRI2...
2025-08-26 11:26:23,444 - INFO - composites.py:364 - Clip to typical value range
2025-08-26 11:26:23,645 - INFO - composites.py:371 - Reducing to median value temporal composite
2025-08-26 11:26:52,102 - INFO - composites.py:390 - Scale and Define data types & nodata per band
2025-08-26 11:26:52,254 - INFO - composites.py:411 - Assign time range and tile ID in metadata
2025-08-26 11:26:52,254 - INFO - composites.py:419 - Write bands to raster COG files
2025-08-26 11:26:56,117 - INFO - composites.py:432 - Write B02 -> //nas-rs.topo.auth.gr/Latomeia/DROUGHT/composites/x08/y12/2020/07/01/S2L2A_medcomp_x08y12_202007_B02.tif
2025-08-26 11:27:00,017 - INFO - composites.py:432 - Write B03 -> //nas-rs.topo.auth.gr/Latomeia/DROUGHT/composites/x08/y12/2020/07/01/S2L2A_medcomp_x08y12_202007_B03.tif
2025-08-26 11:27:03,899 - INFO - composites.py:432 - Write B04 -> //nas-rs.topo.auth.gr/Latomeia/DROUGHT/composites/x08/y12/2020/07/01/S2L2A_medcomp_x08y12_202007_B04.tif
2025-08-26 11:27:08,065 - INFO - composites.py:432 - Write B05 -> //nas-rs.topo.auth.gr/Latomeia/DROUGHT/composites/x08/y12/2020/07/01/S2L2A_medcomp_x08y12_202007_B05.tif
2025-08-26 11:27:11,960 - INFO - composites.py:432 - Write B07 -> //nas-rs.topo.auth.gr/Latomeia/DROUGHT/composites/x08/y12/2020/07/01/S2L2A_medcomp_x08y12_202007_B07.tif
2025-08-26 11:27:16,503 - INFO - composites.py:432 - Write B8A -> //nas-rs.topo.auth.gr/Latomeia/DROUGHT/composites/x08/y12/2020/07/01/S2L2A_medcomp_x08y12_202007_B8A.tif
2025-08-26 11:27:20,460 - INFO - composites.py:432 - Write EVI -> //nas-rs.topo.auth.gr/Latomeia/DROUGHT/composites/x08/y12/2020/07/01/S2L2A_medcomp_x08y12_202007_EVI.tif
2025-08-26 11:27:24,357 - INFO - composites.py:432 - Write NDVI -> //nas-rs.topo.auth.gr/Latomeia/DROUGHT/composites/x08/y12/2020/07/01/S2L2A_medcomp_x08y12_202007_NDVI.tif
2025-08-26 11:27:28,127 - INFO - composites.py:432 - Write PSRI2 -> //nas-rs.topo.auth.gr/Latomeia/DROUGHT/composites/x08/y12/2020/07/01/S2L2A_medcomp_x08y12_202007_PSRI2.tif
2025-08-26 11:27:28,127 - INFO - composites.py:436 - Prepare metadata YAML document
2025-08-26 11:27:28,618 - INFO - composites.py:458 - Write metadata YAML document to disk
2025-08-26 11:27:28,644 - INFO - composites.py:463 - Create datacube.model.Dataset from eo3 metadata
2025-08-26 11:27:28,656 - INFO - composites.py:474 - Index to datacube
2025-08-26 11:27:28,656 - INFO - _datasets.py:191 - Indexing c8e011a4-c450-48a0-92c1-7efbb0fd6a13
2025-08-26 11:27:28,665 - INFO - composites.py:477 - 
2025-08-26 11:27:28,665 - INFO - composites.py:478 -              ✔✔✔ COMPLETED: Tile x08_y12 | Time: 2020-07 | In 7.66 minutes
2025-08-26 11:27:28,665 - INFO - composites.py:479 - 
2025-08-26 11:27:28,665 - INFO - composites.py:487 - Closing Dask client
2025-08-26 11:27:28,667 - INFO - composites.py:491 - Closing Dask cluster
2025-08-26 11:27:28,667 - INFO - composites.py:492 - #######################################################################
