2025-08-25 02:49:32,167 - INFO - composites.py:102 - #######################################################################
2025-08-25 02:49:32,167 - INFO - composites.py:104 - Processing started
2025-08-25 02:49:32,167 - INFO - composites.py:105 -         Tile: x11_y08
2025-08-25 02:49:32,167 - INFO - composites.py:106 -         Time: 2020-03
2025-08-25 02:49:32,167 - INFO - composites.py:109 -                           
2025-08-25 02:49:32,167 - INFO - composites.py:110 - Establishing connection to datacube
2025-08-25 02:49:32,669 - INFO - composites.py:113 -                           
2025-08-25 02:49:32,670 - INFO - composites.py:114 - Sanity test: Check if dataset already exists in the datacube
2025-08-25 02:49:32,686 - INFO - composites.py:133 - The composite requested was not found and it will be computed
2025-08-25 02:49:32,686 - INFO - composites.py:136 -                                  
2025-08-25 02:49:32,686 - INFO - composites.py:137 - Initializing Dask cluster for parallelization
2025-08-25 02:49:37,569 - INFO - composites.py:161 - Dask dashboard is available at: http://127.0.0.1:8787/status
2025-08-25 02:49:37,569 - INFO - composites.py:164 - Create directories and naming conversions
2025-08-25 02:49:37,578 - INFO - composites.py:175 - Dataset location: //nas-rs.topo.auth.gr/Latomeia/DROUGHT/COMPOS/2020/03/x11_y08
2025-08-25 02:49:37,579 - INFO - composites.py:178 -                           
2025-08-25 02:49:37,579 - INFO - composites.py:179 - Retrieve tile geometry
2025-08-25 02:49:37,606 - INFO - composites.py:190 - Create the Bounding Box (φ,λ)
2025-08-25 02:49:37,606 - INFO - composites.py:196 - Create the Bounding Box (x,y)
2025-08-25 02:49:37,606 - INFO - composites.py:209 -                           
2025-08-25 02:49:37,606 - INFO - composites.py:210 - Connect to Planetary Computer STAC Catalog
2025-08-25 02:49:37,816 - INFO - composites.py:218 - Search the STAC Catalog
2025-08-25 02:49:37,887 - INFO - composites.py:230 -         Query parameters:
2025-08-25 02:49:37,887 - INFO - composites.py:231 -             url:          https://planetarycomputer.microsoft.com/api/stac/v1/search
2025-08-25 02:49:37,887 - INFO - composites.py:232 -             client:       microsoft-pc
2025-08-25 02:49:37,887 - INFO - composites.py:233 -             collection:   sentinel-2-l2a
2025-08-25 02:49:37,887 - INFO - composites.py:234 -             bbox:         (22.845662885042927, 36.78779644280391, 23.507450073915326, 37.34127558081356)
2025-08-25 02:49:37,887 - INFO - composites.py:235 -             time range:   2020-03-01T00:00:00Z/2020-03-31T23:59:59Z
2025-08-25 02:49:37,887 - INFO - composites.py:236 -             cloud cover:  0% - 70%
2025-08-25 02:49:37,887 - INFO - composites.py:237 -             nodata cover: 0% - 33%
2025-08-25 02:49:37,887 - INFO - composites.py:239 -                           
2025-08-25 02:49:37,887 - INFO - composites.py:240 - Searching...
2025-08-25 02:49:38,396 - INFO - composites.py:243 - Query found 28 items
2025-08-25 02:49:38,398 - INFO - composites.py:245 - Searching for GRI REFINED scenes:
2025-08-25 02:49:44,515 - INFO - sentinel2.py:78 - 1/28 - S2A_MSIL2A_20200331T090551_R050_T34SGG_20201022T121606 -> Not Found
2025-08-25 02:49:49,539 - INFO - sentinel2.py:78 - 2/28 - S2A_MSIL2A_20200331T090551_R050_T34SFG_20201022T121545 -> Not Found
2025-08-25 02:49:55,082 - INFO - sentinel2.py:78 - 3/28 - S2A_MSIL2A_20200331T090551_R050_T34SFF_20201022T121527 -> Not Found
2025-08-25 02:50:00,654 - INFO - sentinel2.py:78 - 4/28 - S2B_MSIL2A_20200329T092029_R093_T34SFG_20201020T203952 -> Not Found
2025-08-25 02:50:06,291 - INFO - sentinel2.py:78 - 5/28 - S2B_MSIL2A_20200329T092029_R093_T34SFF_20201020T204025 -> Not Found
2025-08-25 02:50:12,278 - INFO - sentinel2.py:78 - 6/28 - S2A_MSIL2A_20200324T092031_R093_T34SFG_20201018T204922 -> Not Found
2025-08-25 02:50:18,178 - INFO - sentinel2.py:78 - 7/28 - S2A_MSIL2A_20200324T092031_R093_T34SFF_20201018T205026 -> Not Found
2025-08-25 02:50:23,617 - INFO - sentinel2.py:78 - 8/28 - S2A_MSIL2A_20200321T090641_R050_T34SGG_20201014T104209 -> Not Found
2025-08-25 02:50:29,787 - INFO - sentinel2.py:78 - 9/28 - S2A_MSIL2A_20200321T090641_R050_T34SGF_20201027T100928 -> Not Found
2025-08-25 02:50:35,675 - INFO - sentinel2.py:78 - 10/28 - S2A_MSIL2A_20200321T090641_R050_T34SFG_20201014T104214 -> Not Found
2025-08-25 02:50:41,266 - INFO - sentinel2.py:78 - 11/28 - S2A_MSIL2A_20200321T090641_R050_T34SFF_20201014T104216 -> Not Found
2025-08-25 02:50:47,503 - INFO - sentinel2.py:78 - 12/28 - S2B_MSIL2A_20200319T092029_R093_T34SFG_20201012T164411 -> Not Found
2025-08-25 02:50:53,528 - INFO - sentinel2.py:78 - 13/28 - S2B_MSIL2A_20200319T092029_R093_T34SFF_20201012T164433 -> Not Found
2025-08-25 02:50:59,600 - INFO - sentinel2.py:78 - 14/28 - S2A_MSIL2A_20200314T092031_R093_T34SFG_20201009T235339 -> Not Found
2025-08-25 02:51:05,568 - INFO - sentinel2.py:78 - 15/28 - S2A_MSIL2A_20200314T092031_R093_T34SFF_20201009T235401 -> Not Found
2025-08-25 02:51:10,705 - INFO - sentinel2.py:78 - 16/28 - S2A_MSIL2A_20200311T090751_R050_T34SGG_20201005T153242 -> Not Found
2025-08-25 02:51:16,849 - INFO - sentinel2.py:78 - 17/28 - S2A_MSIL2A_20200311T090751_R050_T34SGF_20201005T153311 -> Not Found
2025-08-25 02:51:22,938 - INFO - sentinel2.py:78 - 18/28 - S2A_MSIL2A_20200311T090751_R050_T34SFG_20201005T153241 -> Not Found
2025-08-25 02:51:29,197 - INFO - sentinel2.py:78 - 19/28 - S2A_MSIL2A_20200311T090751_R050_T34SFF_20201005T153252 -> Not Found
2025-08-25 02:51:34,584 - INFO - sentinel2.py:78 - 20/28 - S2B_MSIL2A_20200306T090729_R050_T34SGG_20200929T110254 -> Not Found
2025-08-25 02:51:40,076 - INFO - sentinel2.py:78 - 21/28 - S2B_MSIL2A_20200306T090729_R050_T34SGF_20200929T110535 -> Not Found
2025-08-25 02:51:46,002 - INFO - sentinel2.py:78 - 22/28 - S2B_MSIL2A_20200306T090729_R050_T34SFG_20200929T110334 -> Not Found
2025-08-25 02:51:53,161 - INFO - sentinel2.py:78 - 23/28 - S2B_MSIL2A_20200306T090729_R050_T34SFF_20200929T110422 -> Not Found
2025-08-25 02:51:58,834 - INFO - sentinel2.py:78 - 24/28 - S2A_MSIL2A_20200304T092021_R093_T34SFF_20200928T112539 -> Not Found
2025-08-25 02:52:04,994 - INFO - sentinel2.py:78 - 25/28 - S2A_MSIL2A_20200301T090901_R050_T34SGG_20200925T224039 -> Not Found
2025-08-25 02:52:10,477 - INFO - sentinel2.py:78 - 26/28 - S2A_MSIL2A_20200301T090901_R050_T34SGF_20200925T223944 -> Not Found
2025-08-25 02:52:16,041 - INFO - sentinel2.py:78 - 27/28 - S2A_MSIL2A_20200301T090901_R050_T34SFG_20200925T223830 -> Not Found
2025-08-25 02:52:23,503 - INFO - sentinel2.py:78 - 28/28 - S2A_MSIL2A_20200301T090901_R050_T34SFF_20200925T223800 -> Not Found
2025-08-25 02:52:23,542 - INFO - composites.py:248 -                                  
2025-08-25 02:52:23,543 - INFO - composites.py:249 - 0/28 were refined by GRI.
2025-08-25 02:52:23,544 - WARNING - composites.py:253 - Tile x11_y08 | Time: 2020-03: All scenes are flagged NOT REFINED.
2025-08-25 02:52:23,544 - WARNING - composites.py:254 - Tile x11_y08 | Time: 2020-03: The composite will be flagged with _NOREFINED.
2025-08-25 02:52:23,544 - INFO - composites.py:261 - Looking for up to 10 cleanest images within spatiotemporal range of each MGRS tile
2025-08-25 02:52:23,544 - INFO - composites.py:275 - Filtered cleanest scenes: Kept 28 out of 28 items. 
2025-08-25 02:52:23,544 - INFO - composites.py:276 -         Included MGRS Tiles: ['34SFF' '34SFG' '34SGF' '34SGG']
2025-08-25 02:52:23,544 - INFO - composites.py:277 -         Included EPSG codes: [32634]
2025-08-25 02:52:23,565 - INFO - composites.py:279 - Selected scenes:
2025-08-25 02:52:23,565 - INFO - composites.py:281 -         S2A_MSIL2A_20200321T090641_R050_T34SFF_20201014T104216
2025-08-25 02:52:23,569 - INFO - composites.py:281 -         S2A_MSIL2A_20200311T090751_R050_T34SFF_20201005T153252
2025-08-25 02:52:23,570 - INFO - composites.py:281 -         S2B_MSIL2A_20200306T090729_R050_T34SFF_20200929T110422
2025-08-25 02:52:23,570 - INFO - composites.py:281 -         S2A_MSIL2A_20200301T090901_R050_T34SFF_20200925T223800
2025-08-25 02:52:23,575 - INFO - composites.py:281 -         S2B_MSIL2A_20200319T092029_R093_T34SFF_20201012T164433
2025-08-25 02:52:23,578 - INFO - composites.py:281 -         S2A_MSIL2A_20200324T092031_R093_T34SFF_20201018T205026
2025-08-25 02:52:23,578 - INFO - composites.py:281 -         S2A_MSIL2A_20200314T092031_R093_T34SFF_20201009T235401
2025-08-25 02:52:23,578 - INFO - composites.py:281 -         S2A_MSIL2A_20200331T090551_R050_T34SFF_20201022T121527
2025-08-25 02:52:23,578 - INFO - composites.py:281 -         S2B_MSIL2A_20200329T092029_R093_T34SFF_20201020T204025
2025-08-25 02:52:23,579 - INFO - composites.py:281 -         S2A_MSIL2A_20200304T092021_R093_T34SFF_20200928T112539
2025-08-25 02:52:23,579 - INFO - composites.py:281 -         S2A_MSIL2A_20200321T090641_R050_T34SFG_20201014T104214
2025-08-25 02:52:23,580 - INFO - composites.py:281 -         S2A_MSIL2A_20200301T090901_R050_T34SFG_20200925T223830
2025-08-25 02:52:23,580 - INFO - composites.py:281 -         S2B_MSIL2A_20200306T090729_R050_T34SFG_20200929T110334
2025-08-25 02:52:23,580 - INFO - composites.py:281 -         S2A_MSIL2A_20200311T090751_R050_T34SFG_20201005T153241
2025-08-25 02:52:23,580 - INFO - composites.py:281 -         S2A_MSIL2A_20200331T090551_R050_T34SFG_20201022T121545
2025-08-25 02:52:23,580 - INFO - composites.py:281 -         S2B_MSIL2A_20200319T092029_R093_T34SFG_20201012T164411
2025-08-25 02:52:23,580 - INFO - composites.py:281 -         S2A_MSIL2A_20200324T092031_R093_T34SFG_20201018T204922
2025-08-25 02:52:23,580 - INFO - composites.py:281 -         S2A_MSIL2A_20200314T092031_R093_T34SFG_20201009T235339
2025-08-25 02:52:23,580 - INFO - composites.py:281 -         S2B_MSIL2A_20200329T092029_R093_T34SFG_20201020T203952
2025-08-25 02:52:23,580 - INFO - composites.py:281 -         S2A_MSIL2A_20200321T090641_R050_T34SGF_20201027T100928
2025-08-25 02:52:23,580 - INFO - composites.py:281 -         S2A_MSIL2A_20200301T090901_R050_T34SGF_20200925T223944
2025-08-25 02:52:23,580 - INFO - composites.py:281 -         S2B_MSIL2A_20200306T090729_R050_T34SGF_20200929T110535
2025-08-25 02:52:23,580 - INFO - composites.py:281 -         S2A_MSIL2A_20200311T090751_R050_T34SGF_20201005T153311
2025-08-25 02:52:23,580 - INFO - composites.py:281 -         S2A_MSIL2A_20200321T090641_R050_T34SGG_20201014T104209
2025-08-25 02:52:23,580 - INFO - composites.py:281 -         S2A_MSIL2A_20200301T090901_R050_T34SGG_20200925T224039
2025-08-25 02:52:23,580 - INFO - composites.py:281 -         S2A_MSIL2A_20200311T090751_R050_T34SGG_20201005T153242
2025-08-25 02:52:23,580 - INFO - composites.py:281 -         S2A_MSIL2A_20200331T090551_R050_T34SGG_20201022T121606
2025-08-25 02:52:23,580 - INFO - composites.py:281 -         S2B_MSIL2A_20200306T090729_R050_T34SGG_20200929T110254
2025-08-25 02:52:24,011 - INFO - sentinel2.py:154 - Matplotlib backend: Agg
2025-08-25 02:52:24,252 - INFO - sentinel2.py:224 - Write input scenes footprint overlay: //nas-rs.topo.auth.gr/Latomeia/DROUGHT/COMPOS/2020/03/x11_y08/S2L2A_medcomp_x11_y08_202003_InDataFootprint.jpeg
2025-08-25 02:52:24,512 - INFO - composites.py:295 -                                  
2025-08-25 02:52:24,512 - INFO - composites.py:296 - Downstream STAC items from Planetary Computer
2025-08-25 02:52:24,512 - INFO - timeseries_processing.py:115 -                                  
2025-08-25 02:52:24,512 - INFO - timeseries_processing.py:116 - Loading bands of diferent resolutions in EPSG:32634
2025-08-25 02:52:24,512 - INFO - timeseries_processing.py:120 -     Filtering items with native UTM EPSG:32634
2025-08-25 02:52:24,512 - INFO - timeseries_processing.py:122 -     28 Items in EPSG:32634
2025-08-25 02:52:24,512 - INFO - timeseries_processing.py:129 -                        
2025-08-25 02:52:24,512 - INFO - timeseries_processing.py:130 -     Loading parameters:
2025-08-25 02:52:24,512 - INFO - timeseries_processing.py:131 -         Bands: ['B05', 'B07', 'B8A', 'SCL']
2025-08-25 02:52:24,512 - INFO - timeseries_processing.py:132 -         Spatial resolution: 20
2025-08-25 02:52:24,512 - INFO - timeseries_processing.py:134 -         Get Assets from STAC Items
2025-08-25 02:52:24,512 - INFO - timeseries_processing.py:47 -         Initialize the STAC client
2025-08-25 02:52:25,190 - INFO - timeseries_processing.py:137 -         Loading 28 STAC Items....
2025-08-25 02:54:05,929 - INFO - timeseries_processing.py:146 -         Cube has been downloaded
2025-08-25 02:54:05,930 - INFO - timeseries_processing.py:156 -         Fix order of dimensions
2025-08-25 02:54:05,931 - INFO - timeseries_processing.py:161 -         Append bands to the band-list of EPSG:32634
2025-08-25 02:54:05,931 - INFO - timeseries_processing.py:129 -                        
2025-08-25 02:54:05,931 - INFO - timeseries_processing.py:130 -     Loading parameters:
2025-08-25 02:54:05,931 - INFO - timeseries_processing.py:131 -         Bands: ['B02', 'B03', 'B04']
2025-08-25 02:54:05,935 - INFO - timeseries_processing.py:132 -         Spatial resolution: 10
2025-08-25 02:54:05,935 - INFO - timeseries_processing.py:134 -         Get Assets from STAC Items
2025-08-25 02:54:05,935 - INFO - timeseries_processing.py:47 -         Initialize the STAC client
2025-08-25 02:54:06,609 - INFO - timeseries_processing.py:137 -         Loading 28 STAC Items....
2025-08-25 02:56:30,832 - INFO - timeseries_processing.py:146 -         Cube has been downloaded
2025-08-25 02:56:30,832 - INFO - timeseries_processing.py:149 -         Reproject to downsample 10m bands to 20m by Resampling.average 2x2 binning and shape matching with odc.geo.GeoBox
2025-08-25 02:56:45,435 - INFO - timeseries_processing.py:161 -         Append bands to the band-list of EPSG:32634
2025-08-25 02:56:45,435 - INFO - timeseries_processing.py:165 -                        
2025-08-25 02:56:45,435 - INFO - timeseries_processing.py:166 -     Merging bands in a single dataset
2025-08-25 02:56:45,435 - INFO - timeseries_processing.py:167 -     Ensure all partial datasets are at (x=20, y=-20) resolution
2025-08-25 02:56:45,435 - INFO - timeseries_processing.py:171 -     Clip to the intersection of indexes
2025-08-25 02:56:46,712 - INFO - timeseries_processing.py:180 -     Make a list of bands to merge
2025-08-25 02:56:46,713 - INFO - timeseries_processing.py:184 -     Merge on intersection
2025-08-25 02:56:46,714 - INFO - timeseries_processing.py:192 -     Apply masks on clouds, shadows, thin cirrus, and snow/ice
2025-08-25 02:56:46,714 - INFO - sentinel2.py:122 -                Masking bits: [3, 7, 8, 9, 10, 11]
2025-08-25 02:56:48,025 - INFO - composites.py:305 - Reproject from UTM Zone to Tile geometry -> CRS(EPSG:32634), Resampling.bilinear
2025-08-25 02:56:54,747 - INFO - composites.py:308 -     New shape of datasets: Shape2d(x=2400, y=2400)
2025-08-25 02:56:55,427 - INFO - composites.py:340 - Creating preview plot of input scenes
2025-08-25 02:57:26,881 - INFO - timeseries_processing.py:349 - Saved preview for 'B04' to //nas-rs.topo.auth.gr/Latomeia/DROUGHT/COMPOS/2020/03/x11_y08/S2L2A_medcomp_x11_y08_202003_InDataPreview.jpeg
2025-08-25 02:57:26,888 - INFO - composites.py:346 - Clip value range
2025-08-25 02:57:28,799 - INFO - composites.py:351 -                           
2025-08-25 02:57:28,800 - INFO - composites.py:352 - Computing spectral indices:
2025-08-25 02:57:28,800 - INFO - composites.py:355 -     EVI...
2025-08-25 02:57:29,979 - INFO - composites.py:357 -     NDVI...
2025-08-25 02:57:30,372 - INFO - composites.py:359 -     PSRI2...
2025-08-25 02:57:30,639 - INFO - composites.py:362 - Clip to typical value range
2025-08-25 02:57:31,036 - INFO - composites.py:369 - Reducing to median value temporal composite
2025-08-25 02:57:58,538 - INFO - composites.py:388 - Scale and Define data types & nodata per band
2025-08-25 02:57:58,660 - INFO - composites.py:409 - Assign time range and tile ID in metadata
2025-08-25 02:57:58,661 - INFO - composites.py:417 - Write bands to raster COG files
2025-08-25 02:58:02,353 - INFO - composites.py:430 - Write B02 -> //nas-rs.topo.auth.gr/Latomeia/DROUGHT/COMPOS/2020/03/x11_y08/S2L2A_medcomp_x11_y08_202003_B02.tif
2025-08-25 02:58:06,010 - INFO - composites.py:430 - Write B03 -> //nas-rs.topo.auth.gr/Latomeia/DROUGHT/COMPOS/2020/03/x11_y08/S2L2A_medcomp_x11_y08_202003_B03.tif
2025-08-25 02:58:09,669 - INFO - composites.py:430 - Write B04 -> //nas-rs.topo.auth.gr/Latomeia/DROUGHT/COMPOS/2020/03/x11_y08/S2L2A_medcomp_x11_y08_202003_B04.tif
2025-08-25 02:58:13,315 - INFO - composites.py:430 - Write B05 -> //nas-rs.topo.auth.gr/Latomeia/DROUGHT/COMPOS/2020/03/x11_y08/S2L2A_medcomp_x11_y08_202003_B05.tif
2025-08-25 02:58:16,922 - INFO - composites.py:430 - Write B07 -> //nas-rs.topo.auth.gr/Latomeia/DROUGHT/COMPOS/2020/03/x11_y08/S2L2A_medcomp_x11_y08_202003_B07.tif
2025-08-25 02:58:20,610 - INFO - composites.py:430 - Write B8A -> //nas-rs.topo.auth.gr/Latomeia/DROUGHT/COMPOS/2020/03/x11_y08/S2L2A_medcomp_x11_y08_202003_B8A.tif
2025-08-25 02:58:24,182 - INFO - composites.py:430 - Write EVI -> //nas-rs.topo.auth.gr/Latomeia/DROUGHT/COMPOS/2020/03/x11_y08/S2L2A_medcomp_x11_y08_202003_EVI.tif
2025-08-25 02:58:27,879 - INFO - composites.py:430 - Write NDVI -> //nas-rs.topo.auth.gr/Latomeia/DROUGHT/COMPOS/2020/03/x11_y08/S2L2A_medcomp_x11_y08_202003_NDVI.tif
2025-08-25 02:58:31,670 - INFO - composites.py:430 - Write PSRI2 -> //nas-rs.topo.auth.gr/Latomeia/DROUGHT/COMPOS/2020/03/x11_y08/S2L2A_medcomp_x11_y08_202003_PSRI2.tif
2025-08-25 02:58:31,670 - INFO - composites.py:434 - Prepare metadata YAML document
2025-08-25 02:58:32,328 - INFO - composites.py:455 - Write metadata YAML document to disk
2025-08-25 02:58:32,354 - INFO - composites.py:460 - Create datacube.model.Dataset from eo3 metadata
2025-08-25 02:58:32,363 - INFO - composites.py:471 - Index to datacube
2025-08-25 02:58:32,365 - INFO - _datasets.py:191 - Indexing c52ba877-ffcf-4471-8d5c-7ec9c06b2a36
2025-08-25 02:58:32,374 - INFO - composites.py:474 - 
2025-08-25 02:58:32,374 - INFO - composites.py:475 -              ✔✔✔ COMPLETED: Tile x11_y08 | Time: 2020-03 | In 9.0 minutes
2025-08-25 02:58:32,374 - INFO - composites.py:476 - 
2025-08-25 02:58:32,374 - INFO - composites.py:484 - Closing Dask client
2025-08-25 02:58:32,376 - INFO - composites.py:488 - Closing Dask cluster
2025-08-25 02:58:32,376 - INFO - composites.py:489 - #######################################################################
