2025-08-17 19:53:22,574 - INFO - composites.py:104 - #######################################################################
2025-08-17 19:53:22,574 - INFO - composites.py:106 - Processing started
2025-08-17 19:53:22,574 - INFO - composites.py:107 -         Tile: x09_y11
2025-08-17 19:53:22,574 - INFO - composites.py:108 -         Time: 2020-03
2025-08-17 19:53:22,574 - INFO - composites.py:111 -                           
2025-08-17 19:53:22,574 - INFO - composites.py:112 - Establishing connection to datacube
2025-08-17 19:53:23,259 - INFO - composites.py:115 -                           
2025-08-17 19:53:23,261 - INFO - composites.py:116 - Sanity test: Check if dataset already exists in the datacube
2025-08-17 19:53:23,277 - INFO - composites.py:134 - The composite requested will be computed
2025-08-17 19:53:23,277 - INFO - composites.py:137 -                                  
2025-08-17 19:53:23,277 - INFO - composites.py:138 - Initializing Dask cluster for parallelization
2025-08-17 19:53:29,249 - INFO - composites.py:170 - Dask dashboard is available at: http://127.0.0.1:8787/status
2025-08-17 19:53:29,249 - INFO - composites.py:173 - Create directories and naming conversions
2025-08-17 19:53:29,256 - INFO - composites.py:184 - Dataset location: //nas-rs.topo.auth.gr/Latomeia/DROUGHT/COMPOS/2020/03/x09_y11
2025-08-17 19:53:29,256 - INFO - composites.py:187 -                           
2025-08-17 19:53:29,256 - INFO - composites.py:188 - Retrieve tile geometry
2025-08-17 19:53:29,299 - INFO - composites.py:199 - Create the Bounding Box (φ,λ)
2025-08-17 19:53:29,299 - INFO - composites.py:205 - Create the Bounding Box (x,y)
2025-08-17 19:53:29,299 - INFO - composites.py:218 -                           
2025-08-17 19:53:29,299 - INFO - composites.py:219 - Connect to Planetary Computer STAC Catalog
2025-08-17 19:53:29,552 - INFO - composites.py:227 - Search the STAC Catalog
2025-08-17 19:53:29,630 - INFO - composites.py:239 -         Query parameters:
2025-08-17 19:53:29,631 - INFO - composites.py:240 -             url:          https://planetarycomputer.microsoft.com/api/stac/v1/search
2025-08-17 19:53:29,631 - INFO - composites.py:241 -             client:       microsoft-pc
2025-08-17 19:53:29,631 - INFO - composites.py:242 -             collection:   sentinel-2-l2a
2025-08-17 19:53:29,631 - INFO - composites.py:243 -             bbox:         (22.011490842825093, 38.221503998279196, 22.6827677905015, 38.77057552623326)
2025-08-17 19:53:29,631 - INFO - composites.py:244 -             time range:   2020-03-01T00:00:00Z/2020-03-31T23:59:59Z
2025-08-17 19:53:29,631 - INFO - composites.py:245 -             cloud cover:  0% - 70%
2025-08-17 19:53:29,631 - INFO - composites.py:246 -             nodata cover: 0% - 33%
2025-08-17 19:53:29,631 - INFO - composites.py:248 -                           
2025-08-17 19:53:29,631 - INFO - composites.py:249 - Searching...
2025-08-17 19:53:30,101 - INFO - composites.py:252 - Query found 14 items
2025-08-17 19:53:30,101 - INFO - composites.py:254 - Searching for GRI REFINED scenes:
2025-08-17 19:53:35,014 - INFO - sentinel2.py:63 - 1/14 - S2B_MSIL2A_20200329T092029_R093_T34SFJ_20201020T204039 -> Not Found
2025-08-17 19:53:40,034 - INFO - sentinel2.py:63 - 2/14 - S2B_MSIL2A_20200329T092029_R093_T34SFH_20201020T204226 -> Not Found
2025-08-17 19:53:44,984 - INFO - sentinel2.py:63 - 3/14 - S2B_MSIL2A_20200329T092029_R093_T34SEJ_20201020T204301 -> Not Found
2025-08-17 19:53:49,383 - INFO - sentinel2.py:63 - 4/14 - S2B_MSIL2A_20200329T092029_R093_T34SEH_20201020T204238 -> Not Found
2025-08-17 19:53:53,884 - INFO - sentinel2.py:63 - 5/14 - S2A_MSIL2A_20200324T092031_R093_T34SFH_20201018T204946 -> Not Found
2025-08-17 19:53:59,518 - INFO - sentinel2.py:63 - 6/14 - S2A_MSIL2A_20200324T092031_R093_T34SEJ_20201018T204835 -> Not Found
2025-08-17 19:54:04,063 - INFO - sentinel2.py:63 - 7/14 - S2A_MSIL2A_20200324T092031_R093_T34SEH_20201018T204819 -> Not Found
2025-08-17 19:54:11,135 - INFO - sentinel2.py:63 - 8/14 - S2B_MSIL2A_20200319T092029_R093_T34SFJ_20201012T164418 -> Not Found
2025-08-17 19:54:15,701 - INFO - sentinel2.py:63 - 9/14 - S2B_MSIL2A_20200319T092029_R093_T34SFH_20201012T164422 -> Not Found
2025-08-17 19:54:20,175 - INFO - sentinel2.py:63 - 10/14 - S2B_MSIL2A_20200319T092029_R093_T34SEJ_20201012T164420 -> Not Found
2025-08-17 19:54:25,691 - INFO - sentinel2.py:63 - 11/14 - S2B_MSIL2A_20200319T092029_R093_T34SEH_20201012T164421 -> Not Found
2025-08-17 19:54:30,718 - INFO - sentinel2.py:63 - 12/14 - S2A_MSIL2A_20200314T092031_R093_T34SFJ_20201009T235323 -> Not Found
2025-08-17 19:54:35,955 - INFO - sentinel2.py:63 - 13/14 - S2A_MSIL2A_20200314T092031_R093_T34SFH_20201009T235357 -> Not Found
2025-08-17 19:54:40,470 - INFO - sentinel2.py:63 - 14/14 - S2A_MSIL2A_20200314T092031_R093_T34SEH_20201009T235407 -> Not Found
2025-08-17 19:54:40,545 - INFO - composites.py:257 -                                  
2025-08-17 19:54:40,546 - INFO - composites.py:258 - 0/14 were refined by GRI.
2025-08-17 19:54:40,546 - WARNING - composites.py:262 - Tile x09_y11 | Time: 2020-03: All scenes are flagged NOT REFINED.
2025-08-17 19:54:40,546 - WARNING - composites.py:263 - Tile x09_y11 | Time: 2020-03: The composite will be flagged with _NOREFINED.
2025-08-17 19:54:40,547 - INFO - composites.py:270 - Looking for up to 10 cleanest images within spatiotemporal range of each MGRS tile
2025-08-17 19:54:40,548 - INFO - composites.py:284 - Filtered cleanest scenes: Kept 14 out of 14 items. 
2025-08-17 19:54:40,548 - INFO - composites.py:285 -         Included MGRS Tiles: ['34SEH' '34SEJ' '34SFH' '34SFJ']
2025-08-17 19:54:40,548 - INFO - composites.py:286 -         Included EPSG codes: [32634]
2025-08-17 19:54:40,548 - INFO - composites.py:288 - Selected scenes:
2025-08-17 19:54:40,548 - INFO - composites.py:290 -         S2B_MSIL2A_20200319T092029_R093_T34SEH_20201012T164421
2025-08-17 19:54:40,548 - INFO - composites.py:290 -         S2A_MSIL2A_20200324T092031_R093_T34SEH_20201018T204819
2025-08-17 19:54:40,549 - INFO - composites.py:290 -         S2A_MSIL2A_20200314T092031_R093_T34SEH_20201009T235407
2025-08-17 19:54:40,549 - INFO - composites.py:290 -         S2B_MSIL2A_20200329T092029_R093_T34SEH_20201020T204238
2025-08-17 19:54:40,549 - INFO - composites.py:290 -         S2B_MSIL2A_20200319T092029_R093_T34SEJ_20201012T164420
2025-08-17 19:54:40,549 - INFO - composites.py:290 -         S2A_MSIL2A_20200324T092031_R093_T34SEJ_20201018T204835
2025-08-17 19:54:40,549 - INFO - composites.py:290 -         S2B_MSIL2A_20200329T092029_R093_T34SEJ_20201020T204301
2025-08-17 19:54:40,550 - INFO - composites.py:290 -         S2B_MSIL2A_20200319T092029_R093_T34SFH_20201012T164422
2025-08-17 19:54:40,550 - INFO - composites.py:290 -         S2A_MSIL2A_20200314T092031_R093_T34SFH_20201009T235357
2025-08-17 19:54:40,551 - INFO - composites.py:290 -         S2B_MSIL2A_20200329T092029_R093_T34SFH_20201020T204226
2025-08-17 19:54:40,551 - INFO - composites.py:290 -         S2A_MSIL2A_20200324T092031_R093_T34SFH_20201018T204946
2025-08-17 19:54:40,551 - INFO - composites.py:290 -         S2B_MSIL2A_20200319T092029_R093_T34SFJ_20201012T164418
2025-08-17 19:54:40,551 - INFO - composites.py:290 -         S2A_MSIL2A_20200314T092031_R093_T34SFJ_20201009T235323
2025-08-17 19:54:40,551 - INFO - composites.py:290 -         S2B_MSIL2A_20200329T092029_R093_T34SFJ_20201020T204039
2025-08-17 19:54:41,148 - INFO - sentinel2.py:139 - Matplotlib backend: Agg
2025-08-17 19:54:41,440 - INFO - sentinel2.py:209 - Write input scenes footprint overlay: //nas-rs.topo.auth.gr/Latomeia/DROUGHT/COMPOS/2020/03/x09_y11/S2L2A_medcomp_x09_y11_202003_InDataFootprint.jpeg
2025-08-17 19:54:41,670 - INFO - composites.py:304 -                                  
2025-08-17 19:54:41,670 - INFO - composites.py:305 - Downstream STAC items from Planetary Computer
2025-08-17 19:54:41,670 - INFO - timeseries_processing.py:99 -                                  
2025-08-17 19:54:41,670 - INFO - timeseries_processing.py:100 - Loading bands of diferent resolutions in EPSG:32634
2025-08-17 19:54:41,670 - INFO - timeseries_processing.py:104 -     Filtering items with native UTM EPSG:32634
2025-08-17 19:54:41,670 - INFO - timeseries_processing.py:106 -     14 Items in EPSG:32634
2025-08-17 19:54:41,670 - INFO - timeseries_processing.py:113 -                        
2025-08-17 19:54:41,670 - INFO - timeseries_processing.py:114 -     Loading parameters:
2025-08-17 19:54:41,670 - INFO - timeseries_processing.py:115 -         Bands: ['B05', 'B07', 'B8A', 'SCL']
2025-08-17 19:54:41,670 - INFO - timeseries_processing.py:116 -         Spatial resolution: 20
2025-08-17 19:54:41,670 - INFO - timeseries_processing.py:118 -         Get Assets from STAC Items
2025-08-17 19:54:41,672 - INFO - timeseries_processing.py:31 -         Initialize the STAC client
2025-08-17 19:54:42,290 - INFO - timeseries_processing.py:121 -         Loading 14 STAC Items....
2025-08-17 19:55:31,445 - INFO - timeseries_processing.py:143 -         Cube has been downloaded
2025-08-17 19:55:31,445 - INFO - timeseries_processing.py:152 -         Fix order of dimensions
2025-08-17 19:55:31,448 - INFO - timeseries_processing.py:157 -         Append bands to the band-list of EPSG:32634
2025-08-17 19:55:31,449 - INFO - timeseries_processing.py:113 -                        
2025-08-17 19:55:31,449 - INFO - timeseries_processing.py:114 -     Loading parameters:
2025-08-17 19:55:31,449 - INFO - timeseries_processing.py:115 -         Bands: ['B02', 'B03', 'B04']
2025-08-17 19:55:31,449 - INFO - timeseries_processing.py:116 -         Spatial resolution: 10
2025-08-17 19:55:31,449 - INFO - timeseries_processing.py:118 -         Get Assets from STAC Items
2025-08-17 19:55:31,449 - INFO - timeseries_processing.py:31 -         Initialize the STAC client
2025-08-17 19:55:31,962 - INFO - timeseries_processing.py:121 -         Loading 14 STAC Items....
2025-08-17 19:56:48,548 - INFO - timeseries_processing.py:143 -         Cube has been downloaded
2025-08-17 19:56:48,548 - INFO - timeseries_processing.py:146 -         Downsample 10m bands to 20m by average 2x2 binning
2025-08-17 19:56:54,407 - INFO - timeseries_processing.py:149 -         Warp (reproject) 2x2 binned bands like native 20m bands: method=bilinear
2025-08-17 19:56:59,921 - INFO - timeseries_processing.py:157 -         Append bands to the band-list of EPSG:32634
2025-08-17 19:56:59,921 - INFO - timeseries_processing.py:161 -                        
2025-08-17 19:56:59,921 - INFO - timeseries_processing.py:162 -     Merging bands in a single dataset
2025-08-17 19:56:59,921 - INFO - timeseries_processing.py:163 -     Ensure all partial datasets are at (x=20, y=-20) resolution
2025-08-17 19:56:59,922 - INFO - timeseries_processing.py:167 -     Clip to the intersection of indexes
2025-08-17 19:57:01,281 - INFO - timeseries_processing.py:176 -     Make a list of bands to merge
2025-08-17 19:57:01,281 - INFO - timeseries_processing.py:180 -     Merge on intersection
2025-08-17 19:57:01,282 - INFO - timeseries_processing.py:188 -     Apply masks on clouds, shadows, thin cirrus, and snow/ice
2025-08-17 19:57:01,282 - INFO - sentinel2.py:107 -                Masking bits: [3, 7, 8, 9, 10, 11]
2025-08-17 19:57:01,846 - INFO - timeseries_processing.py:194 -     Reproject to Tiling Schema projection EPSG:3035
2025-08-17 19:57:07,936 - INFO - composites.py:314 - Clip and align to tile geometry
2025-08-17 19:57:10,099 - INFO - composites.py:347 - Creating preview plot of input scenes
2025-08-17 19:57:35,843 - INFO - timeseries_processing.py:352 - Saved preview for 'B04' to //nas-rs.topo.auth.gr/Latomeia/DROUGHT/COMPOS/2020/03/x09_y11/S2L2A_medcomp_x09_y11_202003_InDataPreview.jpeg
2025-08-17 19:57:35,862 - INFO - composites.py:353 - Clip value range
2025-08-17 19:57:36,805 - INFO - composites.py:358 -                           
2025-08-17 19:57:36,805 - INFO - composites.py:359 - Computing spectral indices:
2025-08-17 19:57:36,805 - INFO - composites.py:362 -     EVI...
2025-08-17 19:57:37,311 - INFO - composites.py:364 -     NDVI...
2025-08-17 19:57:37,433 - INFO - composites.py:366 -     PSRI2...
2025-08-17 19:57:37,621 - INFO - composites.py:369 - Clip to typical value range
2025-08-17 19:57:37,875 - INFO - composites.py:376 - Reducing to median value temporal composite
2025-08-17 19:58:01,469 - INFO - composites.py:395 - Define data types and nodata per band
2025-08-17 19:58:01,621 - INFO - composites.py:416 - Assign time range and tile ID in metadata
2025-08-17 19:58:01,622 - INFO - composites.py:424 - Write bands to raster COG files
2025-08-17 19:58:06,266 - INFO - composites.py:437 - Write B02 -> //nas-rs.topo.auth.gr/Latomeia/DROUGHT/COMPOS/2020/03/x09_y11/S2L2A_medcomp_x09_y11_202003_B02.tif
2025-08-17 19:58:10,938 - INFO - composites.py:437 - Write B03 -> //nas-rs.topo.auth.gr/Latomeia/DROUGHT/COMPOS/2020/03/x09_y11/S2L2A_medcomp_x09_y11_202003_B03.tif
2025-08-17 19:58:15,694 - INFO - composites.py:437 - Write B04 -> //nas-rs.topo.auth.gr/Latomeia/DROUGHT/COMPOS/2020/03/x09_y11/S2L2A_medcomp_x09_y11_202003_B04.tif
2025-08-17 19:58:20,381 - INFO - composites.py:437 - Write B05 -> //nas-rs.topo.auth.gr/Latomeia/DROUGHT/COMPOS/2020/03/x09_y11/S2L2A_medcomp_x09_y11_202003_B05.tif
2025-08-17 19:58:25,101 - INFO - composites.py:437 - Write B07 -> //nas-rs.topo.auth.gr/Latomeia/DROUGHT/COMPOS/2020/03/x09_y11/S2L2A_medcomp_x09_y11_202003_B07.tif
2025-08-17 19:58:29,789 - INFO - composites.py:437 - Write B8A -> //nas-rs.topo.auth.gr/Latomeia/DROUGHT/COMPOS/2020/03/x09_y11/S2L2A_medcomp_x09_y11_202003_B8A.tif
2025-08-17 19:58:34,355 - INFO - composites.py:437 - Write EVI -> //nas-rs.topo.auth.gr/Latomeia/DROUGHT/COMPOS/2020/03/x09_y11/S2L2A_medcomp_x09_y11_202003_evi.tif
2025-08-17 19:58:38,943 - INFO - composites.py:437 - Write NDVI -> //nas-rs.topo.auth.gr/Latomeia/DROUGHT/COMPOS/2020/03/x09_y11/S2L2A_medcomp_x09_y11_202003_ndvi.tif
2025-08-17 19:58:43,627 - INFO - composites.py:437 - Write PSRI2 -> //nas-rs.topo.auth.gr/Latomeia/DROUGHT/COMPOS/2020/03/x09_y11/S2L2A_medcomp_x09_y11_202003_psri2.tif
2025-08-17 19:58:43,627 - INFO - composites.py:441 - Prepare metadata YAML document
2025-08-17 19:58:44,432 - INFO - composites.py:462 - Write metadata YAML document to disk
2025-08-17 19:58:44,478 - INFO - composites.py:467 - Create datacube.model.Dataset from eo3 metadata
2025-08-17 19:58:44,487 - INFO - composites.py:477 - Index to datacube
2025-08-17 19:58:44,487 - INFO - _datasets.py:191 - Indexing 984f76ab-7390-43af-8546-e0659555eb51
2025-08-17 19:58:44,498 - INFO - composites.py:480 - 
2025-08-17 19:58:44,498 - INFO - composites.py:481 -              ✔✔✔ COMPLETED: Tile x09_y11 | Time: 2020-03 | In 5.37 minutes
2025-08-17 19:58:44,498 - INFO - composites.py:482 - 
2025-08-17 19:58:44,498 - INFO - composites.py:490 - Closing Dask client
2025-08-17 19:58:44,500 - INFO - composites.py:494 - Closing Dask cluster
