2025-08-21 18:43:44,893 - INFO - composites.py:101 - #######################################################################
2025-08-21 18:43:44,893 - INFO - composites.py:103 - Processing started
2025-08-21 18:43:44,893 - INFO - composites.py:104 -         Tile: x08_y11
2025-08-21 18:43:44,893 - INFO - composites.py:105 -         Time: 2020-02
2025-08-21 18:43:44,893 - INFO - composites.py:108 -                           
2025-08-21 18:43:44,893 - INFO - composites.py:109 - Establishing connection to datacube
2025-08-21 18:43:45,396 - INFO - composites.py:112 -                           
2025-08-21 18:43:45,397 - INFO - composites.py:113 - Sanity test: Check if dataset already exists in the datacube
2025-08-21 18:43:45,414 - INFO - composites.py:132 - The composite requested was not found and it will be computed
2025-08-21 18:43:45,414 - INFO - composites.py:135 -                                  
2025-08-21 18:43:45,414 - INFO - composites.py:136 - Initializing Dask cluster for parallelization
2025-08-21 18:43:50,310 - INFO - composites.py:160 - Dask dashboard is available at: http://127.0.0.1:8787/status
2025-08-21 18:43:50,310 - INFO - composites.py:163 - Create directories and naming conversions
2025-08-21 18:43:50,318 - INFO - composites.py:174 - Dataset location: //nas-rs.topo.auth.gr/Latomeia/DROUGHT/COMPOS/2020/02/x08_y11
2025-08-21 18:43:50,318 - INFO - composites.py:177 -                           
2025-08-21 18:43:50,318 - INFO - composites.py:178 - Retrieve tile geometry
2025-08-21 18:43:50,345 - INFO - composites.py:189 - Create the Bounding Box (φ,λ)
2025-08-21 18:43:50,345 - INFO - composites.py:195 - Create the Bounding Box (x,y)
2025-08-21 18:43:50,345 - INFO - composites.py:208 -                           
2025-08-21 18:43:50,345 - INFO - composites.py:209 - Connect to Planetary Computer STAC Catalog
2025-08-21 18:43:50,654 - INFO - composites.py:217 - Search the STAC Catalog
2025-08-21 18:43:50,727 - INFO - composites.py:229 -         Query parameters:
2025-08-21 18:43:50,727 - INFO - composites.py:230 -             url:          https://planetarycomputer.microsoft.com/api/stac/v1/search
2025-08-21 18:43:50,727 - INFO - composites.py:231 -             client:       microsoft-pc
2025-08-21 18:43:50,727 - INFO - composites.py:232 -             collection:   sentinel-2-l2a
2025-08-21 18:43:50,727 - INFO - composites.py:233 -             bbox:         (21.470456200843422, 38.29135632905737, 22.139354689000736, 38.83788179019963)
2025-08-21 18:43:50,727 - INFO - composites.py:234 -             time range:   2020-02-01T00:00:00Z/2020-02-29T23:59:59Z
2025-08-21 18:43:50,727 - INFO - composites.py:235 -             cloud cover:  0% - 70%
2025-08-21 18:43:50,727 - INFO - composites.py:236 -             nodata cover: 0% - 33%
2025-08-21 18:43:50,727 - INFO - composites.py:238 -                           
2025-08-21 18:43:50,727 - INFO - composites.py:239 - Searching...
2025-08-21 18:43:51,283 - INFO - composites.py:242 - Query found 11 items
2025-08-21 18:43:51,283 - INFO - composites.py:244 - Searching for GRI REFINED scenes:
2025-08-21 18:43:55,026 - INFO - sentinel2.py:78 - 1/11 - S2B_MSIL2A_20200228T092029_R093_T34SEJ_20200929T011210 -> Not Found
2025-08-21 18:43:58,880 - INFO - sentinel2.py:78 - 2/11 - S2A_MSIL2A_20200223T092021_R093_T34SEJ_20200927T221901 -> Not Found
2025-08-21 18:44:02,384 - INFO - sentinel2.py:78 - 3/11 - S2A_MSIL2A_20200223T092021_R093_T34SEH_20200927T221857 -> Not Found
2025-08-21 18:44:06,060 - INFO - sentinel2.py:78 - 4/11 - S2B_MSIL2A_20200218T092029_R093_T34SEJ_20200929T210022 -> Not Found
2025-08-21 18:44:09,851 - INFO - sentinel2.py:78 - 5/11 - S2B_MSIL2A_20200218T092029_R093_T34SEH_20200929T210019 -> Not Found
2025-08-21 18:44:13,637 - INFO - sentinel2.py:78 - 6/11 - S2A_MSIL2A_20200213T092101_R093_T34SEJ_20201001T210833 -> Not Found
2025-08-21 18:44:16,227 - INFO - sentinel2.py:78 - 7/11 - S2A_MSIL2A_20200213T092101_R093_T34SEH_20201001T210832 -> Not Found
2025-08-21 18:44:19,158 - INFO - sentinel2.py:78 - 8/11 - S2B_MSIL2A_20200208T092039_R093_T34SEJ_20201001T095501 -> Not Found
2025-08-21 18:44:22,032 - INFO - sentinel2.py:78 - 9/11 - S2B_MSIL2A_20200208T092039_R093_T34SEH_20201001T095459 -> Not Found
2025-08-21 18:44:25,156 - INFO - sentinel2.py:78 - 10/11 - S2A_MSIL2A_20200203T092201_R093_T34SEJ_20200930T150104 -> Not Found
2025-08-21 18:44:29,416 - INFO - sentinel2.py:78 - 11/11 - S2A_MSIL2A_20200203T092201_R093_T34SEH_20200930T150104 -> Not Found
2025-08-21 18:44:29,447 - INFO - composites.py:247 -                                  
2025-08-21 18:44:29,447 - INFO - composites.py:248 - 0/11 were refined by GRI.
2025-08-21 18:44:29,448 - WARNING - composites.py:252 - Tile x08_y11 | Time: 2020-02: All scenes are flagged NOT REFINED.
2025-08-21 18:44:29,448 - WARNING - composites.py:253 - Tile x08_y11 | Time: 2020-02: The composite will be flagged with _NOREFINED.
2025-08-21 18:44:29,448 - INFO - composites.py:260 - Looking for up to 10 cleanest images within spatiotemporal range of each MGRS tile
2025-08-21 18:44:29,448 - INFO - composites.py:274 - Filtered cleanest scenes: Kept 11 out of 11 items. 
2025-08-21 18:44:29,448 - INFO - composites.py:275 -         Included MGRS Tiles: ['34SEH' '34SEJ']
2025-08-21 18:44:29,465 - INFO - composites.py:276 -         Included EPSG codes: [32634]
2025-08-21 18:44:29,466 - INFO - composites.py:278 - Selected scenes:
2025-08-21 18:44:29,466 - INFO - composites.py:280 -         S2A_MSIL2A_20200223T092021_R093_T34SEH_20200927T221857
2025-08-21 18:44:29,466 - INFO - composites.py:280 -         S2B_MSIL2A_20200208T092039_R093_T34SEH_20201001T095459
2025-08-21 18:44:29,466 - INFO - composites.py:280 -         S2A_MSIL2A_20200213T092101_R093_T34SEH_20201001T210832
2025-08-21 18:44:29,466 - INFO - composites.py:280 -         S2B_MSIL2A_20200218T092029_R093_T34SEH_20200929T210019
2025-08-21 18:44:29,467 - INFO - composites.py:280 -         S2A_MSIL2A_20200203T092201_R093_T34SEH_20200930T150104
2025-08-21 18:44:29,467 - INFO - composites.py:280 -         S2A_MSIL2A_20200223T092021_R093_T34SEJ_20200927T221901
2025-08-21 18:44:29,467 - INFO - composites.py:280 -         S2B_MSIL2A_20200218T092029_R093_T34SEJ_20200929T210022
2025-08-21 18:44:29,467 - INFO - composites.py:280 -         S2B_MSIL2A_20200208T092039_R093_T34SEJ_20201001T095501
2025-08-21 18:44:29,467 - INFO - composites.py:280 -         S2A_MSIL2A_20200213T092101_R093_T34SEJ_20201001T210833
2025-08-21 18:44:29,467 - INFO - composites.py:280 -         S2A_MSIL2A_20200203T092201_R093_T34SEJ_20200930T150104
2025-08-21 18:44:29,467 - INFO - composites.py:280 -         S2B_MSIL2A_20200228T092029_R093_T34SEJ_20200929T011210
2025-08-21 18:44:29,983 - INFO - sentinel2.py:154 - Matplotlib backend: Agg
2025-08-21 18:44:30,278 - INFO - sentinel2.py:224 - Write input scenes footprint overlay: //nas-rs.topo.auth.gr/Latomeia/DROUGHT/COMPOS/2020/02/x08_y11/S2L2A_medcomp_x08_y11_202002_InDataFootprint.jpeg
2025-08-21 18:44:30,567 - INFO - composites.py:294 -                                  
2025-08-21 18:44:30,567 - INFO - composites.py:295 - Downstream STAC items from Planetary Computer
2025-08-21 18:44:30,568 - INFO - timeseries_processing.py:115 -                                  
2025-08-21 18:44:30,568 - INFO - timeseries_processing.py:116 - Loading bands of diferent resolutions in EPSG:32634
2025-08-21 18:44:30,568 - INFO - timeseries_processing.py:120 -     Filtering items with native UTM EPSG:32634
2025-08-21 18:44:30,568 - INFO - timeseries_processing.py:122 -     11 Items in EPSG:32634
2025-08-21 18:44:30,568 - INFO - timeseries_processing.py:129 -                        
2025-08-21 18:44:30,568 - INFO - timeseries_processing.py:130 -     Loading parameters:
2025-08-21 18:44:30,568 - INFO - timeseries_processing.py:131 -         Bands: ['B05', 'B07', 'B8A', 'SCL']
2025-08-21 18:44:30,568 - INFO - timeseries_processing.py:132 -         Spatial resolution: 20
2025-08-21 18:44:30,568 - INFO - timeseries_processing.py:134 -         Get Assets from STAC Items
2025-08-21 18:44:30,568 - INFO - timeseries_processing.py:47 -         Initialize the STAC client
2025-08-21 18:44:31,113 - INFO - timeseries_processing.py:137 -         Loading 11 STAC Items....
2025-08-21 18:44:53,344 - INFO - timeseries_processing.py:146 -         Cube has been downloaded
2025-08-21 18:44:53,345 - INFO - timeseries_processing.py:156 -         Fix order of dimensions
2025-08-21 18:44:53,346 - INFO - timeseries_processing.py:161 -         Append bands to the band-list of EPSG:32634
2025-08-21 18:44:53,347 - INFO - timeseries_processing.py:129 -                        
2025-08-21 18:44:53,347 - INFO - timeseries_processing.py:130 -     Loading parameters:
2025-08-21 18:44:53,347 - INFO - timeseries_processing.py:131 -         Bands: ['B02', 'B03', 'B04']
2025-08-21 18:44:53,347 - INFO - timeseries_processing.py:132 -         Spatial resolution: 10
2025-08-21 18:44:53,347 - INFO - timeseries_processing.py:134 -         Get Assets from STAC Items
2025-08-21 18:44:53,347 - INFO - timeseries_processing.py:47 -         Initialize the STAC client
2025-08-21 18:44:53,847 - INFO - timeseries_processing.py:137 -         Loading 11 STAC Items....
2025-08-21 18:46:12,349 - INFO - timeseries_processing.py:146 -         Cube has been downloaded
2025-08-21 18:46:12,350 - INFO - timeseries_processing.py:149 -         Reproject to downsample 10m bands to 20m by Resampling.average 2x2 binning and shape matching with odc.geo.GeoBox
2025-08-21 18:46:21,517 - INFO - timeseries_processing.py:161 -         Append bands to the band-list of EPSG:32634
2025-08-21 18:46:21,517 - INFO - timeseries_processing.py:165 -                        
2025-08-21 18:46:21,517 - INFO - timeseries_processing.py:166 -     Merging bands in a single dataset
2025-08-21 18:46:21,517 - INFO - timeseries_processing.py:167 -     Ensure all partial datasets are at (x=20, y=-20) resolution
2025-08-21 18:46:21,517 - INFO - timeseries_processing.py:171 -     Clip to the intersection of indexes
2025-08-21 18:46:22,969 - INFO - timeseries_processing.py:180 -     Make a list of bands to merge
2025-08-21 18:46:22,970 - INFO - timeseries_processing.py:184 -     Merge on intersection
2025-08-21 18:46:22,971 - INFO - timeseries_processing.py:192 -     Apply masks on clouds, shadows, thin cirrus, and snow/ice
2025-08-21 18:46:22,971 - INFO - sentinel2.py:122 -                Masking bits: [3, 7, 8, 9, 10, 11]
2025-08-21 18:46:23,764 - INFO - composites.py:304 - Reproject from UTM Zone to Tile geometry -> CRS(EPSG:32634), Resampling.bilinear
2025-08-21 18:46:28,636 - INFO - composites.py:307 -     New shape of datasets: Shape2d(x=2400, y=2400)
2025-08-21 18:46:29,379 - INFO - composites.py:339 - Creating preview plot of input scenes
2025-08-21 18:46:58,069 - INFO - timeseries_processing.py:349 - Saved preview for 'B04' to //nas-rs.topo.auth.gr/Latomeia/DROUGHT/COMPOS/2020/02/x08_y11/S2L2A_medcomp_x08_y11_202002_InDataPreview.jpeg
2025-08-21 18:46:58,073 - INFO - composites.py:345 - Clip value range
2025-08-21 18:46:59,441 - INFO - composites.py:350 -                           
2025-08-21 18:46:59,441 - INFO - composites.py:351 - Computing spectral indices:
2025-08-21 18:46:59,441 - INFO - composites.py:354 -     EVI...
2025-08-21 18:47:00,336 - INFO - composites.py:356 -     NDVI...
2025-08-21 18:47:00,532 - INFO - composites.py:358 -     PSRI2...
2025-08-21 18:47:00,845 - INFO - composites.py:361 - Clip to typical value range
2025-08-21 18:47:01,130 - INFO - composites.py:368 - Reducing to median value temporal composite
2025-08-21 18:47:27,877 - INFO - composites.py:387 - Define data types and nodata per band
2025-08-21 18:47:28,092 - INFO - composites.py:408 - Assign time range and tile ID in metadata
2025-08-21 18:47:28,092 - INFO - composites.py:416 - Write bands to raster COG files
2025-08-21 18:47:32,505 - INFO - composites.py:429 - Write B02 -> //nas-rs.topo.auth.gr/Latomeia/DROUGHT/COMPOS/2020/02/x08_y11/S2L2A_medcomp_x08_y11_202002_B02.tif
2025-08-21 18:47:36,477 - INFO - composites.py:429 - Write B03 -> //nas-rs.topo.auth.gr/Latomeia/DROUGHT/COMPOS/2020/02/x08_y11/S2L2A_medcomp_x08_y11_202002_B03.tif
2025-08-21 18:47:40,454 - INFO - composites.py:429 - Write B04 -> //nas-rs.topo.auth.gr/Latomeia/DROUGHT/COMPOS/2020/02/x08_y11/S2L2A_medcomp_x08_y11_202002_B04.tif
2025-08-21 18:47:44,366 - INFO - composites.py:429 - Write B05 -> //nas-rs.topo.auth.gr/Latomeia/DROUGHT/COMPOS/2020/02/x08_y11/S2L2A_medcomp_x08_y11_202002_B05.tif
2025-08-21 18:47:48,219 - INFO - composites.py:429 - Write B07 -> //nas-rs.topo.auth.gr/Latomeia/DROUGHT/COMPOS/2020/02/x08_y11/S2L2A_medcomp_x08_y11_202002_B07.tif
2025-08-21 18:47:52,085 - INFO - composites.py:429 - Write B8A -> //nas-rs.topo.auth.gr/Latomeia/DROUGHT/COMPOS/2020/02/x08_y11/S2L2A_medcomp_x08_y11_202002_B8A.tif
2025-08-21 18:47:55,877 - INFO - composites.py:429 - Write EVI -> //nas-rs.topo.auth.gr/Latomeia/DROUGHT/COMPOS/2020/02/x08_y11/S2L2A_medcomp_x08_y11_202002_evi.tif
2025-08-21 18:48:00,120 - INFO - composites.py:429 - Write NDVI -> //nas-rs.topo.auth.gr/Latomeia/DROUGHT/COMPOS/2020/02/x08_y11/S2L2A_medcomp_x08_y11_202002_ndvi.tif
2025-08-21 18:48:04,570 - INFO - composites.py:429 - Write PSRI2 -> //nas-rs.topo.auth.gr/Latomeia/DROUGHT/COMPOS/2020/02/x08_y11/S2L2A_medcomp_x08_y11_202002_psri2.tif
2025-08-21 18:48:04,578 - INFO - composites.py:433 - Prepare metadata YAML document
2025-08-21 18:48:05,350 - INFO - composites.py:454 - Write metadata YAML document to disk
2025-08-21 18:48:05,394 - INFO - composites.py:459 - Create datacube.model.Dataset from eo3 metadata
2025-08-21 18:48:05,404 - INFO - composites.py:470 - Index to datacube
2025-08-21 18:48:05,404 - INFO - _datasets.py:191 - Indexing 83077972-ab5f-4419-872b-43bd8397f753
2025-08-21 18:48:05,413 - INFO - composites.py:473 - 
2025-08-21 18:48:05,413 - INFO - composites.py:474 -              ✔✔✔ COMPLETED: Tile x08_y11 | Time: 2020-02 | In 4.34 minutes
2025-08-21 18:48:05,413 - INFO - composites.py:475 - 
2025-08-21 18:48:05,413 - INFO - composites.py:483 - Closing Dask client
2025-08-21 18:48:05,415 - INFO - composites.py:487 - Closing Dask cluster
2025-08-21 18:48:05,415 - INFO - composites.py:488 - #######################################################################
