2025-08-24 20:13:25,217 - INFO - composites.py:102 - #######################################################################
2025-08-24 20:13:25,217 - INFO - composites.py:104 - Processing started
2025-08-24 20:13:25,217 - INFO - composites.py:105 -         Tile: x06_y10
2025-08-24 20:13:25,217 - INFO - composites.py:106 -         Time: 2020-01
2025-08-24 20:13:25,217 - INFO - composites.py:109 -                           
2025-08-24 20:13:25,217 - INFO - composites.py:110 - Establishing connection to datacube
2025-08-24 20:13:25,760 - INFO - composites.py:113 -                           
2025-08-24 20:13:25,761 - INFO - composites.py:114 - Sanity test: Check if dataset already exists in the datacube
2025-08-24 20:13:25,776 - INFO - composites.py:133 - The composite requested was not found and it will be computed
2025-08-24 20:13:25,776 - INFO - composites.py:136 -                                  
2025-08-24 20:13:25,776 - INFO - composites.py:137 - Initializing Dask cluster for parallelization
2025-08-24 20:13:31,146 - INFO - composites.py:161 - Dask dashboard is available at: http://127.0.0.1:8787/status
2025-08-24 20:13:31,146 - INFO - composites.py:164 - Create directories and naming conversions
2025-08-24 20:13:31,154 - INFO - composites.py:175 - Dataset location: //nas-rs.topo.auth.gr/Latomeia/DROUGHT/COMPOS/2020/01/x06_y10
2025-08-24 20:13:31,154 - INFO - composites.py:178 -                           
2025-08-24 20:13:31,154 - INFO - composites.py:179 - Retrieve tile geometry
2025-08-24 20:13:31,187 - INFO - composites.py:190 - Create the Bounding Box (φ,λ)
2025-08-24 20:13:31,187 - INFO - composites.py:196 - Create the Bounding Box (x,y)
2025-08-24 20:13:31,187 - INFO - composites.py:209 -                           
2025-08-24 20:13:31,187 - INFO - composites.py:210 - Connect to Planetary Computer STAC Catalog
2025-08-24 20:13:31,460 - INFO - composites.py:218 - Search the STAC Catalog
2025-08-24 20:13:31,527 - INFO - composites.py:230 -         Query parameters:
2025-08-24 20:13:31,527 - INFO - composites.py:231 -             url:          https://planetarycomputer.microsoft.com/api/stac/v1/search
2025-08-24 20:13:31,529 - INFO - composites.py:232 -             client:       microsoft-pc
2025-08-24 20:13:31,529 - INFO - composites.py:233 -             collection:   sentinel-2-l2a
2025-08-24 20:13:31,534 - INFO - composites.py:234 -             bbox:         (20.319245809102355, 37.99152284404117, 20.978573606105773, 38.532714784526966)
2025-08-24 20:13:31,534 - INFO - composites.py:235 -             time range:   2020-01-01T00:00:00Z/2020-01-31T23:59:59Z
2025-08-24 20:13:31,534 - INFO - composites.py:236 -             cloud cover:  0% - 70%
2025-08-24 20:13:31,534 - INFO - composites.py:237 -             nodata cover: 0% - 33%
2025-08-24 20:13:31,534 - INFO - composites.py:239 -                           
2025-08-24 20:13:31,534 - INFO - composites.py:240 - Searching...
2025-08-24 20:13:31,981 - INFO - composites.py:243 - Query found 8 items
2025-08-24 20:13:31,981 - INFO - composites.py:245 - Searching for GRI REFINED scenes:
2025-08-24 20:13:36,179 - INFO - sentinel2.py:78 - 1/8 - S2A_MSIL2A_20200124T092251_R093_T34SDH_20201002T083600 -> Not Found
2025-08-24 20:13:40,386 - INFO - sentinel2.py:78 - 2/8 - S2B_MSIL2A_20200122T093209_R136_T34SDH_20201002T060451 -> Not Found
2025-08-24 20:13:45,756 - INFO - sentinel2.py:78 - 3/8 - S2B_MSIL2A_20200119T092219_R093_T34SDH_20201002T205129 -> Not Found
