2025-08-27 16:43:07,774 - INFO - composites.py:102 - #######################################################################
2025-08-27 16:43:07,774 - INFO - composites.py:104 - Processing started
2025-08-27 16:43:07,774 - INFO - composites.py:105 -         Tile: x11_y12
2025-08-27 16:43:07,774 - INFO - composites.py:106 -         Time: 2021-11
2025-08-27 16:43:07,774 - INFO - composites.py:109 -                           
2025-08-27 16:43:07,774 - INFO - composites.py:110 - Establishing connection to datacube
2025-08-27 16:43:08,290 - INFO - composites.py:113 -                           
2025-08-27 16:43:08,290 - INFO - composites.py:114 - Sanity test: Check if dataset already exists in the datacube
2025-08-27 16:43:08,309 - INFO - composites.py:133 - The composite requested was not found and it will be computed
2025-08-27 16:43:08,309 - INFO - composites.py:136 -                                  
2025-08-27 16:43:08,309 - INFO - composites.py:137 - Initializing Dask cluster for parallelization
2025-08-27 16:43:13,338 - INFO - composites.py:161 - Dask dashboard is available at: http://127.0.0.1:8787/status
2025-08-27 16:43:13,338 - INFO - composites.py:164 - Create directories and naming conversions
2025-08-27 16:43:13,349 - INFO - composites.py:177 - Dataset location: //nas-rs.topo.auth.gr/Latomeia/DROUGHT/composites/x11/y12/2021/11/01
2025-08-27 16:43:13,349 - INFO - composites.py:180 -                           
2025-08-27 16:43:13,349 - INFO - composites.py:181 - Retrieve tile geometry
2025-08-27 16:43:13,379 - INFO - composites.py:192 - Create the Bounding Box (φ,λ)
2025-08-27 16:43:13,379 - INFO - composites.py:198 - Create the Bounding Box (x,y)
2025-08-27 16:43:13,379 - INFO - composites.py:211 -                           
2025-08-27 16:43:13,379 - INFO - composites.py:212 - Connect to Planetary Computer STAC Catalog
2025-08-27 16:43:13,649 - INFO - composites.py:220 - Search the STAC Catalog
2025-08-27 16:43:13,718 - INFO - composites.py:232 -         Query parameters:
2025-08-27 16:43:13,719 - INFO - composites.py:233 -             url:          https://planetarycomputer.microsoft.com/api/stac/v1/search
2025-08-27 16:43:13,719 - INFO - composites.py:234 -             client:       microsoft-pc
2025-08-27 16:43:13,719 - INFO - composites.py:235 -             collection:   sentinel-2-l2a
2025-08-27 16:43:13,719 - INFO - composites.py:236 -             bbox:         (23.175034627134398, 38.50013763603257, 23.85573196352452, 39.05443515421176)
2025-08-27 16:43:13,719 - INFO - composites.py:237 -             time range:   2021-11-01T00:00:00Z/2021-11-30T23:59:59Z
2025-08-27 16:43:13,719 - INFO - composites.py:238 -             cloud cover:  0% - 70%
2025-08-27 16:43:13,719 - INFO - composites.py:239 -             nodata cover: 0% - 33%
2025-08-27 16:43:13,719 - INFO - composites.py:241 -                           
2025-08-27 16:43:13,719 - INFO - composites.py:242 - Searching...
2025-08-27 16:43:43,784 - ERROR - composites.py:482 -              ✖✖✖ FAILED loading for : Tile x11_y12 | Time: 2021-11 | with Exception: The request exceeded the maximum allowed time, please try again. If the issue persists, please contact planetarycomputer@microsoft.com.


2025-08-27 16:43:43,784 - INFO - composites.py:487 - Closing Dask client
2025-08-27 16:43:43,787 - INFO - composites.py:491 - Closing Dask cluster
2025-08-27 16:43:43,787 - INFO - composites.py:492 - #######################################################################
