2025-08-25 09:17:30,298 - INFO - composites.py:102 - #######################################################################
2025-08-25 09:17:30,299 - INFO - composites.py:104 - Processing started
2025-08-25 09:17:30,299 - INFO - composites.py:105 -         Tile: x08_y10
2025-08-25 09:17:30,299 - INFO - composites.py:106 -         Time: 2020-06
2025-08-25 09:17:30,299 - INFO - composites.py:109 -                           
2025-08-25 09:17:30,299 - INFO - composites.py:110 - Establishing connection to datacube
2025-08-25 09:17:30,792 - INFO - composites.py:113 -                           
2025-08-25 09:17:30,793 - INFO - composites.py:114 - Sanity test: Check if dataset already exists in the datacube
2025-08-25 09:17:30,810 - INFO - composites.py:133 - The composite requested was not found and it will be computed
2025-08-25 09:17:30,810 - INFO - composites.py:136 -                                  
2025-08-25 09:17:30,810 - INFO - composites.py:137 - Initializing Dask cluster for parallelization
2025-08-25 09:17:35,768 - INFO - composites.py:161 - Dask dashboard is available at: http://127.0.0.1:8787/status
2025-08-25 09:17:35,768 - INFO - composites.py:164 - Create directories and naming conversions
2025-08-25 09:17:35,779 - INFO - composites.py:175 - Dataset location: //nas-rs.topo.auth.gr/Latomeia/DROUGHT/COMPOS/2020/06/x08_y10
2025-08-25 09:17:35,779 - INFO - composites.py:178 -                           
2025-08-25 09:17:35,779 - INFO - composites.py:179 - Retrieve tile geometry
2025-08-25 09:17:35,808 - INFO - composites.py:190 - Create the Bounding Box (φ,λ)
2025-08-25 09:17:35,808 - INFO - composites.py:196 - Create the Bounding Box (x,y)
2025-08-25 09:17:35,808 - INFO - composites.py:209 -                           
2025-08-25 09:17:35,808 - INFO - composites.py:210 - Connect to Planetary Computer STAC Catalog
2025-08-25 09:17:36,035 - INFO - composites.py:218 - Search the STAC Catalog
2025-08-25 09:17:36,108 - INFO - composites.py:230 -         Query parameters:
2025-08-25 09:17:36,108 - INFO - composites.py:231 -             url:          https://planetarycomputer.microsoft.com/api/stac/v1/search
2025-08-25 09:17:36,108 - INFO - composites.py:232 -             client:       microsoft-pc
2025-08-25 09:17:36,108 - INFO - composites.py:233 -             collection:   sentinel-2-l2a
2025-08-25 09:17:36,108 - INFO - composites.py:234 -             bbox:         (21.39721400014901, 37.8618519319046, 22.06142649589928, 38.40819969704171)
2025-08-25 09:17:36,109 - INFO - composites.py:235 -             time range:   2020-06-01T00:00:00Z/2020-06-30T23:59:59Z
2025-08-25 09:17:36,109 - INFO - composites.py:236 -             cloud cover:  0% - 70%
2025-08-25 09:17:36,109 - INFO - composites.py:237 -             nodata cover: 0% - 33%
2025-08-25 09:17:36,109 - INFO - composites.py:239 -                           
2025-08-25 09:17:36,109 - INFO - composites.py:240 - Searching...
2025-08-25 09:17:36,535 - INFO - composites.py:243 - Query found 12 items
2025-08-25 09:17:36,535 - INFO - composites.py:245 - Searching for GRI REFINED scenes:
2025-08-25 09:17:38,563 - INFO - sentinel2.py:78 - 1/12 - S2B_MSIL2A_20200627T092029_R093_T34SEH_20200908T172923 -> Not Found
2025-08-25 09:17:40,761 - INFO - sentinel2.py:78 - 2/12 - S2B_MSIL2A_20200627T092029_R093_T34SEG_20200824T084045 -> Not Found
2025-08-25 09:17:42,714 - INFO - sentinel2.py:78 - 3/12 - S2A_MSIL2A_20200622T092031_R093_T34SEH_20200823T155855 -> Not Found
2025-08-25 09:17:44,846 - INFO - sentinel2.py:78 - 4/12 - S2A_MSIL2A_20200622T092031_R093_T34SEG_20200823T155848 -> Not Found
2025-08-25 09:17:46,987 - INFO - sentinel2.py:78 - 5/12 - S2B_MSIL2A_20200617T092029_R093_T34SEH_20200908T172928 -> Not Found
2025-08-25 09:17:48,991 - INFO - sentinel2.py:78 - 6/12 - S2B_MSIL2A_20200617T092029_R093_T34SEG_20200823T030254 -> Not Found
2025-08-25 09:17:51,170 - INFO - sentinel2.py:78 - 7/12 - S2A_MSIL2A_20200612T092041_R093_T34SEH_20200827T020824 -> Not Found
2025-08-25 09:17:53,134 - INFO - sentinel2.py:78 - 8/12 - S2A_MSIL2A_20200612T092041_R093_T34SEG_20200827T020818 -> Not Found
2025-08-25 09:17:55,313 - INFO - sentinel2.py:78 - 9/12 - S2B_MSIL2A_20200607T092029_R093_T34SEH_20200826T124948 -> Not Found
2025-08-25 09:17:57,224 - INFO - sentinel2.py:78 - 10/12 - S2B_MSIL2A_20200607T092029_R093_T34SEG_20200826T124945 -> Not Found
2025-08-25 09:17:59,220 - INFO - sentinel2.py:78 - 11/12 - S2A_MSIL2A_20200602T092041_R093_T34SEH_20200825T201959 -> Not Found
2025-08-25 09:18:01,385 - INFO - sentinel2.py:78 - 12/12 - S2A_MSIL2A_20200602T092041_R093_T34SEG_20200825T202005 -> Not Found
2025-08-25 09:18:01,399 - INFO - composites.py:248 -                                  
2025-08-25 09:18:01,400 - INFO - composites.py:249 - 0/12 were refined by GRI.
2025-08-25 09:18:01,400 - WARNING - composites.py:253 - Tile x08_y10 | Time: 2020-06: All scenes are flagged NOT REFINED.
2025-08-25 09:18:01,401 - WARNING - composites.py:254 - Tile x08_y10 | Time: 2020-06: The composite will be flagged with _NOREFINED.
2025-08-25 09:18:01,401 - INFO - composites.py:261 - Looking for up to 10 cleanest images within spatiotemporal range of each MGRS tile
2025-08-25 09:18:01,401 - INFO - composites.py:275 - Filtered cleanest scenes: Kept 12 out of 12 items. 
2025-08-25 09:18:01,401 - INFO - composites.py:276 -         Included MGRS Tiles: ['34SEG' '34SEH']
2025-08-25 09:18:01,401 - INFO - composites.py:277 -         Included EPSG codes: [32634]
2025-08-25 09:18:01,401 - INFO - composites.py:279 - Selected scenes:
2025-08-25 09:18:01,401 - INFO - composites.py:281 -         S2B_MSIL2A_20200627T092029_R093_T34SEG_20200824T084045
2025-08-25 09:18:01,401 - INFO - composites.py:281 -         S2A_MSIL2A_20200612T092041_R093_T34SEG_20200827T020818
2025-08-25 09:18:01,401 - INFO - composites.py:281 -         S2A_MSIL2A_20200602T092041_R093_T34SEG_20200825T202005
2025-08-25 09:18:01,401 - INFO - composites.py:281 -         S2B_MSIL2A_20200617T092029_R093_T34SEG_20200823T030254
2025-08-25 09:18:01,401 - INFO - composites.py:281 -         S2A_MSIL2A_20200622T092031_R093_T34SEG_20200823T155848
2025-08-25 09:18:01,401 - INFO - composites.py:281 -         S2B_MSIL2A_20200607T092029_R093_T34SEG_20200826T124945
2025-08-25 09:18:01,401 - INFO - composites.py:281 -         S2B_MSIL2A_20200627T092029_R093_T34SEH_20200908T172923
2025-08-25 09:18:01,401 - INFO - composites.py:281 -         S2A_MSIL2A_20200612T092041_R093_T34SEH_20200827T020824
2025-08-25 09:18:01,401 - INFO - composites.py:281 -         S2B_MSIL2A_20200607T092029_R093_T34SEH_20200826T124948
2025-08-25 09:18:01,401 - INFO - composites.py:281 -         S2A_MSIL2A_20200602T092041_R093_T34SEH_20200825T201959
2025-08-25 09:18:01,402 - INFO - composites.py:281 -         S2A_MSIL2A_20200622T092031_R093_T34SEH_20200823T155855
2025-08-25 09:18:01,402 - INFO - composites.py:281 -         S2B_MSIL2A_20200617T092029_R093_T34SEH_20200908T172928
2025-08-25 09:18:01,785 - INFO - sentinel2.py:154 - Matplotlib backend: Agg
2025-08-25 09:18:01,939 - INFO - sentinel2.py:224 - Write input scenes footprint overlay: //nas-rs.topo.auth.gr/Latomeia/DROUGHT/COMPOS/2020/06/x08_y10/S2L2A_medcomp_x08_y10_202006_InDataFootprint.jpeg
2025-08-25 09:18:02,200 - INFO - composites.py:295 -                                  
2025-08-25 09:18:02,200 - INFO - composites.py:296 - Downstream STAC items from Planetary Computer
2025-08-25 09:18:02,200 - INFO - timeseries_processing.py:115 -                                  
2025-08-25 09:18:02,200 - INFO - timeseries_processing.py:116 - Loading bands of diferent resolutions in EPSG:32634
2025-08-25 09:18:02,200 - INFO - timeseries_processing.py:120 -     Filtering items with native UTM EPSG:32634
2025-08-25 09:18:02,200 - INFO - timeseries_processing.py:122 -     12 Items in EPSG:32634
2025-08-25 09:18:02,200 - INFO - timeseries_processing.py:129 -                        
2025-08-25 09:18:02,200 - INFO - timeseries_processing.py:130 -     Loading parameters:
2025-08-25 09:18:02,200 - INFO - timeseries_processing.py:131 -         Bands: ['B05', 'B07', 'B8A', 'SCL']
2025-08-25 09:18:02,201 - INFO - timeseries_processing.py:132 -         Spatial resolution: 20
2025-08-25 09:18:02,201 - INFO - timeseries_processing.py:134 -         Get Assets from STAC Items
2025-08-25 09:18:02,201 - INFO - timeseries_processing.py:47 -         Initialize the STAC client
2025-08-25 09:18:02,782 - INFO - timeseries_processing.py:137 -         Loading 12 STAC Items....
2025-08-25 09:19:00,361 - INFO - timeseries_processing.py:146 -         Cube has been downloaded
2025-08-25 09:19:00,362 - INFO - timeseries_processing.py:156 -         Fix order of dimensions
2025-08-25 09:19:00,364 - INFO - timeseries_processing.py:161 -         Append bands to the band-list of EPSG:32634
2025-08-25 09:19:00,364 - INFO - timeseries_processing.py:129 -                        
2025-08-25 09:19:00,364 - INFO - timeseries_processing.py:130 -     Loading parameters:
2025-08-25 09:19:00,364 - INFO - timeseries_processing.py:131 -         Bands: ['B02', 'B03', 'B04']
2025-08-25 09:19:00,364 - INFO - timeseries_processing.py:132 -         Spatial resolution: 10
2025-08-25 09:19:00,364 - INFO - timeseries_processing.py:134 -         Get Assets from STAC Items
2025-08-25 09:19:00,364 - INFO - timeseries_processing.py:47 -         Initialize the STAC client
2025-08-25 09:19:01,050 - INFO - timeseries_processing.py:137 -         Loading 12 STAC Items....
2025-08-25 09:20:13,590 - INFO - timeseries_processing.py:146 -         Cube has been downloaded
2025-08-25 09:20:13,591 - INFO - timeseries_processing.py:149 -         Reproject to downsample 10m bands to 20m by Resampling.average 2x2 binning and shape matching with odc.geo.GeoBox
2025-08-25 09:20:22,249 - INFO - timeseries_processing.py:161 -         Append bands to the band-list of EPSG:32634
2025-08-25 09:20:22,249 - INFO - timeseries_processing.py:165 -                        
2025-08-25 09:20:22,249 - INFO - timeseries_processing.py:166 -     Merging bands in a single dataset
2025-08-25 09:20:22,258 - INFO - timeseries_processing.py:167 -     Ensure all partial datasets are at (x=20, y=-20) resolution
2025-08-25 09:20:22,258 - INFO - timeseries_processing.py:171 -     Clip to the intersection of indexes
2025-08-25 09:20:23,416 - INFO - timeseries_processing.py:180 -     Make a list of bands to merge
2025-08-25 09:20:23,417 - INFO - timeseries_processing.py:184 -     Merge on intersection
2025-08-25 09:20:23,418 - INFO - timeseries_processing.py:192 -     Apply masks on clouds, shadows, thin cirrus, and snow/ice
2025-08-25 09:20:23,418 - INFO - sentinel2.py:122 -                Masking bits: [3, 7, 8, 9, 10, 11]
2025-08-25 09:20:24,118 - INFO - composites.py:305 - Reproject from UTM Zone to Tile geometry -> CRS(EPSG:32634), Resampling.bilinear
2025-08-25 09:20:28,056 - INFO - composites.py:308 -     New shape of datasets: Shape2d(x=2400, y=2400)
2025-08-25 09:20:28,557 - INFO - composites.py:340 - Creating preview plot of input scenes
2025-08-25 09:20:52,692 - INFO - timeseries_processing.py:349 - Saved preview for 'B04' to //nas-rs.topo.auth.gr/Latomeia/DROUGHT/COMPOS/2020/06/x08_y10/S2L2A_medcomp_x08_y10_202006_InDataPreview.jpeg
2025-08-25 09:20:52,700 - INFO - composites.py:346 - Clip value range
2025-08-25 09:20:53,854 - INFO - composites.py:351 -                           
2025-08-25 09:20:53,855 - INFO - composites.py:352 - Computing spectral indices:
2025-08-25 09:20:53,855 - INFO - composites.py:355 -     EVI...
2025-08-25 09:20:54,583 - INFO - composites.py:357 -     NDVI...
2025-08-25 09:20:54,815 - INFO - composites.py:359 -     PSRI2...
2025-08-25 09:20:55,065 - INFO - composites.py:362 - Clip to typical value range
2025-08-25 09:20:55,269 - INFO - composites.py:369 - Reducing to median value temporal composite
2025-08-25 09:21:21,644 - INFO - composites.py:388 - Scale and Define data types & nodata per band
2025-08-25 09:21:21,781 - INFO - composites.py:409 - Assign time range and tile ID in metadata
2025-08-25 09:21:21,781 - INFO - composites.py:417 - Write bands to raster COG files
2025-08-25 09:21:25,660 - INFO - composites.py:430 - Write B02 -> //nas-rs.topo.auth.gr/Latomeia/DROUGHT/COMPOS/2020/06/x08_y10/S2L2A_medcomp_x08_y10_202006_B02.tif
2025-08-25 09:21:29,421 - INFO - composites.py:430 - Write B03 -> //nas-rs.topo.auth.gr/Latomeia/DROUGHT/COMPOS/2020/06/x08_y10/S2L2A_medcomp_x08_y10_202006_B03.tif
2025-08-25 09:21:33,212 - INFO - composites.py:430 - Write B04 -> //nas-rs.topo.auth.gr/Latomeia/DROUGHT/COMPOS/2020/06/x08_y10/S2L2A_medcomp_x08_y10_202006_B04.tif
2025-08-25 09:21:37,107 - INFO - composites.py:430 - Write B05 -> //nas-rs.topo.auth.gr/Latomeia/DROUGHT/COMPOS/2020/06/x08_y10/S2L2A_medcomp_x08_y10_202006_B05.tif
2025-08-25 09:21:40,912 - INFO - composites.py:430 - Write B07 -> //nas-rs.topo.auth.gr/Latomeia/DROUGHT/COMPOS/2020/06/x08_y10/S2L2A_medcomp_x08_y10_202006_B07.tif
2025-08-25 09:21:44,621 - INFO - composites.py:430 - Write B8A -> //nas-rs.topo.auth.gr/Latomeia/DROUGHT/COMPOS/2020/06/x08_y10/S2L2A_medcomp_x08_y10_202006_B8A.tif
2025-08-25 09:21:48,360 - INFO - composites.py:430 - Write EVI -> //nas-rs.topo.auth.gr/Latomeia/DROUGHT/COMPOS/2020/06/x08_y10/S2L2A_medcomp_x08_y10_202006_EVI.tif
2025-08-25 09:21:52,158 - INFO - composites.py:430 - Write NDVI -> //nas-rs.topo.auth.gr/Latomeia/DROUGHT/COMPOS/2020/06/x08_y10/S2L2A_medcomp_x08_y10_202006_NDVI.tif
2025-08-25 09:21:55,814 - INFO - composites.py:430 - Write PSRI2 -> //nas-rs.topo.auth.gr/Latomeia/DROUGHT/COMPOS/2020/06/x08_y10/S2L2A_medcomp_x08_y10_202006_PSRI2.tif
2025-08-25 09:21:55,829 - INFO - composites.py:434 - Prepare metadata YAML document
2025-08-25 09:21:56,464 - INFO - composites.py:455 - Write metadata YAML document to disk
2025-08-25 09:21:56,489 - INFO - composites.py:460 - Create datacube.model.Dataset from eo3 metadata
2025-08-25 09:21:56,500 - INFO - composites.py:471 - Index to datacube
2025-08-25 09:21:56,500 - INFO - _datasets.py:191 - Indexing ed27703c-b0ce-42da-99ef-257d24cbeacc
2025-08-25 09:21:56,509 - INFO - composites.py:474 - 
2025-08-25 09:21:56,509 - INFO - composites.py:475 -              ✔✔✔ COMPLETED: Tile x08_y10 | Time: 2020-06 | In 4.44 minutes
2025-08-25 09:21:56,509 - INFO - composites.py:476 - 
2025-08-25 09:21:56,509 - INFO - composites.py:484 - Closing Dask client
2025-08-25 09:21:56,512 - INFO - composites.py:488 - Closing Dask cluster
2025-08-25 09:21:56,512 - INFO - composites.py:489 - #######################################################################
