2025-08-19 09:09:32,054 - INFO - composites.py:104 - #######################################################################
2025-08-19 09:09:32,055 - INFO - composites.py:106 - Processing started
2025-08-19 09:09:32,055 - INFO - composites.py:107 -         Tile: x11_y12
2025-08-19 09:09:32,055 - INFO - composites.py:108 -         Time: 2021-03
2025-08-19 09:09:32,055 - INFO - composites.py:111 -                           
2025-08-19 09:09:32,055 - INFO - composites.py:112 - Establishing connection to datacube
2025-08-19 09:09:32,797 - INFO - composites.py:115 -                           
2025-08-19 09:09:32,800 - INFO - composites.py:116 - Sanity test: Check if dataset already exists in the datacube
2025-08-19 09:09:32,819 - INFO - composites.py:135 - The composite requested was not found and it will be computed
2025-08-19 09:09:32,819 - INFO - composites.py:138 -                                  
2025-08-19 09:09:32,819 - INFO - composites.py:139 - Initializing Dask cluster for parallelization
2025-08-19 09:09:39,348 - INFO - composites.py:163 - Dask dashboard is available at: http://127.0.0.1:8787/status
2025-08-19 09:09:39,348 - INFO - composites.py:166 - Create directories and naming conversions
2025-08-19 09:09:39,355 - INFO - composites.py:177 - Dataset location: //nas-rs.topo.auth.gr/Latomeia/DROUGHT/COMPOS/2021/03/x11_y12
2025-08-19 09:09:39,355 - INFO - composites.py:180 -                           
2025-08-19 09:09:39,355 - INFO - composites.py:181 - Retrieve tile geometry
2025-08-19 09:09:39,397 - INFO - composites.py:192 - Create the Bounding Box (φ,λ)
2025-08-19 09:09:39,397 - INFO - composites.py:198 - Create the Bounding Box (x,y)
2025-08-19 09:09:39,397 - INFO - composites.py:211 -                           
2025-08-19 09:09:39,397 - INFO - composites.py:212 - Connect to Planetary Computer STAC Catalog
2025-08-19 09:09:39,669 - INFO - composites.py:220 - Search the STAC Catalog
2025-08-19 09:09:39,741 - INFO - composites.py:232 -         Query parameters:
2025-08-19 09:09:39,741 - INFO - composites.py:233 -             url:          https://planetarycomputer.microsoft.com/api/stac/v1/search
2025-08-19 09:09:39,741 - INFO - composites.py:234 -             client:       microsoft-pc
2025-08-19 09:09:39,741 - INFO - composites.py:235 -             collection:   sentinel-2-l2a
2025-08-19 09:09:39,742 - INFO - composites.py:236 -             bbox:         (23.175099953185697, 38.50017402535158, 23.855798034177884, 39.054471826094584)
2025-08-19 09:09:39,742 - INFO - composites.py:237 -             time range:   2021-03-01T00:00:00Z/2021-03-31T23:59:59Z
2025-08-19 09:09:39,742 - INFO - composites.py:238 -             cloud cover:  0% - 70%
2025-08-19 09:09:39,742 - INFO - composites.py:239 -             nodata cover: 0% - 33%
2025-08-19 09:09:39,742 - INFO - composites.py:241 -                           
2025-08-19 09:09:39,742 - INFO - composites.py:242 - Searching...
2025-08-19 09:09:40,276 - INFO - composites.py:245 - Query found 28 items
2025-08-19 09:09:40,276 - INFO - composites.py:247 - Searching for GRI REFINED scenes:
2025-08-19 09:09:46,620 - INFO - sentinel2.py:78 - 1/28 - S2B_MSIL2A_20210331T090549_R050_T35SKD_20210524T145217 -> REFINED
2025-08-19 09:09:51,735 - INFO - sentinel2.py:78 - 2/28 - S2B_MSIL2A_20210331T090549_R050_T34SGJ_20210524T145136 -> REFINED
2025-08-19 09:09:57,463 - INFO - sentinel2.py:78 - 3/28 - S2A_MSIL2A_20210329T092031_R093_T34SFJ_20210330T045509 -> REFINED
2025-08-19 09:10:02,877 - INFO - sentinel2.py:78 - 4/28 - S2A_MSIL2A_20210329T092031_R093_T34SFH_20210330T051057 -> REFINED
2025-08-19 09:10:08,399 - INFO - sentinel2.py:78 - 5/28 - S2A_MSIL2A_20210326T090611_R050_T35SKD_20210326T223600 -> REFINED
2025-08-19 09:10:14,526 - INFO - sentinel2.py:78 - 6/28 - S2A_MSIL2A_20210326T090611_R050_T35SKC_20210326T231844 -> REFINED
2025-08-19 09:10:20,604 - INFO - sentinel2.py:78 - 7/28 - S2A_MSIL2A_20210326T090611_R050_T34SGJ_20210326T223451 -> REFINED
2025-08-19 09:10:25,394 - INFO - sentinel2.py:78 - 8/28 - S2A_MSIL2A_20210326T090611_R050_T34SGH_20210327T001110 -> REFINED
2025-08-19 09:10:31,613 - INFO - sentinel2.py:78 - 9/28 - S2B_MSIL2A_20210324T092029_R093_T34SFJ_20210324T213003 -> REFINED
2025-08-19 09:10:37,280 - INFO - sentinel2.py:78 - 10/28 - S2B_MSIL2A_20210324T092029_R093_T34SFH_20210324T204910 -> REFINED
2025-08-19 09:10:43,010 - INFO - sentinel2.py:78 - 11/28 - S2A_MSIL2A_20210319T092031_R093_T34SFJ_20210319T212920 -> REFINED
2025-08-19 09:10:48,433 - INFO - sentinel2.py:78 - 12/28 - S2A_MSIL2A_20210319T092031_R093_T34SFH_20210319T215858 -> REFINED
2025-08-19 09:10:54,134 - INFO - sentinel2.py:78 - 13/28 - S2A_MSIL2A_20210316T090721_R050_T35SKD_20210317T111038 -> REFINED
2025-08-19 09:10:59,327 - INFO - sentinel2.py:78 - 14/28 - S2A_MSIL2A_20210316T090721_R050_T35SKC_20210317T055541 -> REFINED
2025-08-19 09:11:05,187 - INFO - sentinel2.py:78 - 15/28 - S2A_MSIL2A_20210316T090721_R050_T34SGJ_20210317T112310 -> REFINED
2025-08-19 09:11:10,372 - INFO - sentinel2.py:78 - 16/28 - S2A_MSIL2A_20210316T090721_R050_T34SGH_20210317T050244 -> REFINED
2025-08-19 09:11:16,559 - INFO - sentinel2.py:78 - 17/28 - S2B_MSIL2A_20210314T092029_R093_T34SFJ_20210315T064621 -> REFINED
2025-08-19 09:11:22,655 - INFO - sentinel2.py:78 - 18/28 - S2A_MSIL2A_20210309T092031_R093_T34SFH_20210309T215606 -> REFINED
2025-08-19 09:11:27,702 - INFO - sentinel2.py:78 - 19/28 - S2A_MSIL2A_20210306T090831_R050_T35SKD_20210307T035532 -> REFINED
2025-08-19 09:11:33,134 - INFO - sentinel2.py:78 - 20/28 - S2A_MSIL2A_20210306T090831_R050_T35SKC_20210307T054436 -> REFINED
2025-08-19 09:11:38,154 - INFO - sentinel2.py:78 - 21/28 - S2A_MSIL2A_20210306T090831_R050_T34SGJ_20210307T040352 -> REFINED
2025-08-19 09:11:43,416 - INFO - sentinel2.py:78 - 22/28 - S2A_MSIL2A_20210306T090831_R050_T34SGH_20210307T050720 -> REFINED
2025-08-19 09:11:50,014 - INFO - sentinel2.py:78 - 23/28 - S2B_MSIL2A_20210304T092029_R093_T34SFJ_20210304T222557 -> REFINED
2025-08-19 09:11:56,107 - INFO - sentinel2.py:78 - 24/28 - S2B_MSIL2A_20210304T092029_R093_T34SFH_20210304T234652 -> REFINED
2025-08-19 09:12:01,084 - INFO - sentinel2.py:78 - 25/28 - S2B_MSIL2A_20210301T090819_R050_T35SKD_20210301T220215 -> REFINED
2025-08-19 09:12:07,221 - INFO - sentinel2.py:78 - 26/28 - S2B_MSIL2A_20210301T090819_R050_T35SKC_20210301T204058 -> REFINED
2025-08-19 09:12:13,273 - INFO - sentinel2.py:78 - 27/28 - S2B_MSIL2A_20210301T090819_R050_T34SGJ_20210301T192712 -> REFINED
2025-08-19 09:12:19,489 - INFO - sentinel2.py:78 - 28/28 - S2B_MSIL2A_20210301T090819_R050_T34SGH_20210301T192012 -> REFINED
2025-08-19 09:12:19,546 - INFO - composites.py:250 -                                  
2025-08-19 09:12:19,546 - INFO - composites.py:251 - 28/28 were refined by GRI.
2025-08-19 09:12:19,547 - INFO - composites.py:263 - Looking for up to 10 cleanest images within spatiotemporal range of each MGRS tile
2025-08-19 09:12:19,548 - INFO - composites.py:277 - Filtered cleanest scenes: Kept 28 out of 28 items. 
2025-08-19 09:12:19,548 - INFO - composites.py:278 -         Included MGRS Tiles: ['34SFH' '34SFJ' '34SGH' '34SGJ' '35SKC' '35SKD']
2025-08-19 09:12:19,548 - INFO - composites.py:279 -         Included EPSG codes: [32634 32635]
2025-08-19 09:12:19,548 - INFO - composites.py:281 - Selected scenes:
2025-08-19 09:12:19,548 - INFO - composites.py:283 -         S2B_MSIL2A_20210304T092029_R093_T34SFH_20210304T234652
2025-08-19 09:12:19,548 - INFO - composites.py:283 -         S2B_MSIL2A_20210324T092029_R093_T34SFH_20210324T204910
2025-08-19 09:12:19,548 - INFO - composites.py:283 -         S2A_MSIL2A_20210319T092031_R093_T34SFH_20210319T215858
2025-08-19 09:12:19,548 - INFO - composites.py:283 -         S2A_MSIL2A_20210329T092031_R093_T34SFH_20210330T051057
2025-08-19 09:12:19,549 - INFO - composites.py:283 -         S2A_MSIL2A_20210309T092031_R093_T34SFH_20210309T215606
2025-08-19 09:12:19,549 - INFO - composites.py:283 -         S2B_MSIL2A_20210304T092029_R093_T34SFJ_20210304T222557
2025-08-19 09:12:19,549 - INFO - composites.py:283 -         S2A_MSIL2A_20210329T092031_R093_T34SFJ_20210330T045509
2025-08-19 09:12:19,549 - INFO - composites.py:283 -         S2B_MSIL2A_20210314T092029_R093_T34SFJ_20210315T064621
2025-08-19 09:12:19,549 - INFO - composites.py:283 -         S2B_MSIL2A_20210324T092029_R093_T34SFJ_20210324T213003
2025-08-19 09:12:19,556 - INFO - composites.py:283 -         S2A_MSIL2A_20210319T092031_R093_T34SFJ_20210319T212920
2025-08-19 09:12:19,556 - INFO - composites.py:283 -         S2A_MSIL2A_20210316T090721_R050_T34SGH_20210317T050244
2025-08-19 09:12:19,556 - INFO - composites.py:283 -         S2A_MSIL2A_20210326T090611_R050_T34SGH_20210327T001110
2025-08-19 09:12:19,557 - INFO - composites.py:283 -         S2A_MSIL2A_20210306T090831_R050_T34SGH_20210307T050720
2025-08-19 09:12:19,557 - INFO - composites.py:283 -         S2B_MSIL2A_20210301T090819_R050_T34SGH_20210301T192012
2025-08-19 09:12:19,557 - INFO - composites.py:283 -         S2A_MSIL2A_20210326T090611_R050_T34SGJ_20210326T223451
2025-08-19 09:12:19,558 - INFO - composites.py:283 -         S2A_MSIL2A_20210316T090721_R050_T34SGJ_20210317T112310
2025-08-19 09:12:19,558 - INFO - composites.py:283 -         S2B_MSIL2A_20210301T090819_R050_T34SGJ_20210301T192712
2025-08-19 09:12:19,559 - INFO - composites.py:283 -         S2A_MSIL2A_20210306T090831_R050_T34SGJ_20210307T040352
2025-08-19 09:12:19,559 - INFO - composites.py:283 -         S2B_MSIL2A_20210331T090549_R050_T34SGJ_20210524T145136
2025-08-19 09:12:19,559 - INFO - composites.py:283 -         S2A_MSIL2A_20210316T090721_R050_T35SKC_20210317T055541
2025-08-19 09:12:19,559 - INFO - composites.py:283 -         S2A_MSIL2A_20210326T090611_R050_T35SKC_20210326T231844
2025-08-19 09:12:19,559 - INFO - composites.py:283 -         S2B_MSIL2A_20210301T090819_R050_T35SKC_20210301T204058
2025-08-19 09:12:19,559 - INFO - composites.py:283 -         S2A_MSIL2A_20210306T090831_R050_T35SKC_20210307T054436
2025-08-19 09:12:19,559 - INFO - composites.py:283 -         S2A_MSIL2A_20210326T090611_R050_T35SKD_20210326T223600
2025-08-19 09:12:19,559 - INFO - composites.py:283 -         S2A_MSIL2A_20210316T090721_R050_T35SKD_20210317T111038
2025-08-19 09:12:19,559 - INFO - composites.py:283 -         S2B_MSIL2A_20210301T090819_R050_T35SKD_20210301T220215
2025-08-19 09:12:19,559 - INFO - composites.py:283 -         S2A_MSIL2A_20210306T090831_R050_T35SKD_20210307T035532
2025-08-19 09:12:19,559 - INFO - composites.py:283 -         S2B_MSIL2A_20210331T090549_R050_T35SKD_20210524T145217
2025-08-19 09:12:20,149 - INFO - sentinel2.py:154 - Matplotlib backend: Agg
2025-08-19 09:12:20,545 - INFO - sentinel2.py:224 - Write input scenes footprint overlay: //nas-rs.topo.auth.gr/Latomeia/DROUGHT/COMPOS/2021/03/x11_y12/S2L2A_medcomp_x11_y12_202103_InDataFootprint.jpeg
2025-08-19 09:12:20,860 - INFO - composites.py:297 -                                  
2025-08-19 09:12:20,860 - INFO - composites.py:298 - Downstream STAC items from Planetary Computer
2025-08-19 09:12:20,860 - INFO - timeseries_processing.py:114 -                                  
2025-08-19 09:12:20,860 - INFO - timeseries_processing.py:115 - Loading bands of diferent resolutions in EPSG:32634
2025-08-19 09:12:20,860 - INFO - timeseries_processing.py:119 -     Filtering items with native UTM EPSG:32634
2025-08-19 09:12:20,860 - INFO - timeseries_processing.py:121 -     19 Items in EPSG:32634
2025-08-19 09:12:20,860 - INFO - timeseries_processing.py:128 -                        
2025-08-19 09:12:20,860 - INFO - timeseries_processing.py:129 -     Loading parameters:
2025-08-19 09:12:20,860 - INFO - timeseries_processing.py:130 -         Bands: ['B05', 'B07', 'B8A', 'SCL']
2025-08-19 09:12:20,860 - INFO - timeseries_processing.py:131 -         Spatial resolution: 20
2025-08-19 09:12:20,860 - INFO - timeseries_processing.py:133 -         Get Assets from STAC Items
2025-08-19 09:12:20,860 - INFO - timeseries_processing.py:46 -         Initialize the STAC client
2025-08-19 09:12:21,435 - INFO - timeseries_processing.py:136 -         Loading 19 STAC Items....
2025-08-19 09:13:17,272 - INFO - timeseries_processing.py:158 -         Cube has been downloaded
2025-08-19 09:13:17,272 - INFO - timeseries_processing.py:167 -         Fix order of dimensions
2025-08-19 09:13:17,274 - INFO - timeseries_processing.py:172 -         Append bands to the band-list of EPSG:32634
2025-08-19 09:13:17,274 - INFO - timeseries_processing.py:128 -                        
2025-08-19 09:13:17,274 - INFO - timeseries_processing.py:129 -     Loading parameters:
2025-08-19 09:13:17,274 - INFO - timeseries_processing.py:130 -         Bands: ['B02', 'B03', 'B04']
2025-08-19 09:13:17,274 - INFO - timeseries_processing.py:131 -         Spatial resolution: 10
2025-08-19 09:13:17,275 - INFO - timeseries_processing.py:133 -         Get Assets from STAC Items
2025-08-19 09:13:17,275 - INFO - timeseries_processing.py:46 -         Initialize the STAC client
2025-08-19 09:13:17,848 - INFO - timeseries_processing.py:136 -         Loading 19 STAC Items....
2025-08-19 09:15:17,052 - INFO - timeseries_processing.py:158 -         Cube has been downloaded
2025-08-19 09:15:17,052 - INFO - timeseries_processing.py:161 -         Downsample 10m bands to 20m by average 2x2 binning
2025-08-19 09:15:33,418 - INFO - timeseries_processing.py:164 -         Warp (reproject) 2x2 binned bands to match shape of native 20m bands: method=bilinear
2025-08-19 09:15:44,403 - INFO - timeseries_processing.py:172 -         Append bands to the band-list of EPSG:32634
2025-08-19 09:15:44,403 - INFO - timeseries_processing.py:176 -                        
2025-08-19 09:15:44,403 - INFO - timeseries_processing.py:177 -     Merging bands in a single dataset
2025-08-19 09:15:44,403 - INFO - timeseries_processing.py:178 -     Ensure all partial datasets are at (x=20, y=-20) resolution
2025-08-19 09:15:44,404 - INFO - timeseries_processing.py:182 -     Clip to the intersection of indexes
2025-08-19 09:15:45,995 - INFO - timeseries_processing.py:191 -     Make a list of bands to merge
2025-08-19 09:15:45,996 - INFO - timeseries_processing.py:195 -     Merge on intersection
2025-08-19 09:15:45,998 - INFO - timeseries_processing.py:203 -     Apply masks on clouds, shadows, thin cirrus, and snow/ice
2025-08-19 09:15:45,998 - INFO - sentinel2.py:122 -                Masking bits: [3, 7, 8, 9, 10, 11]
2025-08-19 09:15:47,618 - INFO - timeseries_processing.py:209 -     Reproject to Tiling Schema projection EPSG:3035
2025-08-19 09:16:04,164 - INFO - timeseries_processing.py:114 -                                  
2025-08-19 09:16:04,165 - INFO - timeseries_processing.py:115 - Loading bands of diferent resolutions in EPSG:32635
2025-08-19 09:16:04,165 - INFO - timeseries_processing.py:119 -     Filtering items with native UTM EPSG:32635
2025-08-19 09:16:04,165 - INFO - timeseries_processing.py:121 -     9 Items in EPSG:32635
2025-08-19 09:16:04,165 - INFO - timeseries_processing.py:128 -                        
2025-08-19 09:16:04,165 - INFO - timeseries_processing.py:129 -     Loading parameters:
2025-08-19 09:16:04,165 - INFO - timeseries_processing.py:130 -         Bands: ['B05', 'B07', 'B8A', 'SCL']
2025-08-19 09:16:04,165 - INFO - timeseries_processing.py:131 -         Spatial resolution: 20
2025-08-19 09:16:04,165 - INFO - timeseries_processing.py:133 -         Get Assets from STAC Items
2025-08-19 09:16:04,165 - INFO - timeseries_processing.py:46 -         Initialize the STAC client
2025-08-19 09:16:04,752 - INFO - timeseries_processing.py:136 -         Loading 9 STAC Items....
2025-08-19 09:16:33,293 - INFO - timeseries_processing.py:158 -         Cube has been downloaded
2025-08-19 09:16:33,295 - INFO - timeseries_processing.py:167 -         Fix order of dimensions
2025-08-19 09:16:33,296 - INFO - timeseries_processing.py:172 -         Append bands to the band-list of EPSG:32635
2025-08-19 09:16:33,296 - INFO - timeseries_processing.py:128 -                        
2025-08-19 09:16:33,296 - INFO - timeseries_processing.py:129 -     Loading parameters:
2025-08-19 09:16:33,297 - INFO - timeseries_processing.py:130 -         Bands: ['B02', 'B03', 'B04']
2025-08-19 09:16:33,299 - INFO - timeseries_processing.py:131 -         Spatial resolution: 10
2025-08-19 09:16:33,300 - INFO - timeseries_processing.py:133 -         Get Assets from STAC Items
2025-08-19 09:16:33,300 - INFO - timeseries_processing.py:46 -         Initialize the STAC client
2025-08-19 09:16:33,832 - INFO - timeseries_processing.py:136 -         Loading 9 STAC Items....
2025-08-19 09:17:46,959 - INFO - timeseries_processing.py:158 -         Cube has been downloaded
2025-08-19 09:17:46,959 - INFO - timeseries_processing.py:161 -         Downsample 10m bands to 20m by average 2x2 binning
2025-08-19 09:17:54,409 - INFO - timeseries_processing.py:164 -         Warp (reproject) 2x2 binned bands to match shape of native 20m bands: method=bilinear
2025-08-19 09:17:58,547 - INFO - timeseries_processing.py:172 -         Append bands to the band-list of EPSG:32635
2025-08-19 09:17:58,547 - INFO - timeseries_processing.py:176 -                        
2025-08-19 09:17:58,547 - INFO - timeseries_processing.py:177 -     Merging bands in a single dataset
2025-08-19 09:17:58,547 - INFO - timeseries_processing.py:178 -     Ensure all partial datasets are at (x=20, y=-20) resolution
2025-08-19 09:17:58,547 - INFO - timeseries_processing.py:182 -     Clip to the intersection of indexes
2025-08-19 09:17:58,550 - INFO - timeseries_processing.py:191 -     Make a list of bands to merge
2025-08-19 09:17:58,550 - INFO - timeseries_processing.py:195 -     Merge on intersection
2025-08-19 09:17:58,551 - INFO - timeseries_processing.py:203 -     Apply masks on clouds, shadows, thin cirrus, and snow/ice
2025-08-19 09:17:58,551 - INFO - sentinel2.py:122 -                Masking bits: [3, 7, 8, 9, 10, 11]
2025-08-19 09:17:59,301 - INFO - timeseries_processing.py:209 -     Reproject to Tiling Schema projection EPSG:3035
2025-08-19 09:18:06,877 - INFO - composites.py:307 - Clip and align to tile geometry
2025-08-19 09:18:13,429 - INFO - composites.py:313 -                           
2025-08-19 09:18:13,429 - INFO - composites.py:314 - Mosaic datasets of different native UTM zones to a single dataset
2025-08-19 09:18:24,321 - INFO - composites.py:340 - Creating preview plot of input scenes
2025-08-19 09:19:11,514 - INFO - timeseries_processing.py:367 - Saved preview for 'B04' to //nas-rs.topo.auth.gr/Latomeia/DROUGHT/COMPOS/2021/03/x11_y12/S2L2A_medcomp_x11_y12_202103_InDataPreview.jpeg
2025-08-19 09:19:11,524 - INFO - composites.py:346 - Clip value range
2025-08-19 09:19:14,035 - INFO - composites.py:351 -                           
2025-08-19 09:19:14,035 - INFO - composites.py:352 - Computing spectral indices:
2025-08-19 09:19:14,035 - INFO - composites.py:355 -     EVI...
2025-08-19 09:19:15,678 - INFO - composites.py:357 -     NDVI...
2025-08-19 09:19:16,041 - INFO - composites.py:359 -     PSRI2...
2025-08-19 09:19:16,510 - INFO - composites.py:362 - Clip to typical value range
2025-08-19 09:19:17,082 - INFO - composites.py:369 - Reducing to median value temporal composite
2025-08-19 09:19:51,940 - INFO - composites.py:388 - Define data types and nodata per band
2025-08-19 09:19:52,140 - INFO - composites.py:409 - Assign time range and tile ID in metadata
2025-08-19 09:19:52,140 - INFO - composites.py:417 - Write bands to raster COG files
2025-08-19 09:19:57,323 - INFO - composites.py:430 - Write B02 -> //nas-rs.topo.auth.gr/Latomeia/DROUGHT/COMPOS/2021/03/x11_y12/S2L2A_medcomp_x11_y12_202103_B02.tif
2025-08-19 09:20:02,405 - INFO - composites.py:430 - Write B03 -> //nas-rs.topo.auth.gr/Latomeia/DROUGHT/COMPOS/2021/03/x11_y12/S2L2A_medcomp_x11_y12_202103_B03.tif
2025-08-19 09:20:07,437 - INFO - composites.py:430 - Write B04 -> //nas-rs.topo.auth.gr/Latomeia/DROUGHT/COMPOS/2021/03/x11_y12/S2L2A_medcomp_x11_y12_202103_B04.tif
2025-08-19 09:20:12,520 - INFO - composites.py:430 - Write B05 -> //nas-rs.topo.auth.gr/Latomeia/DROUGHT/COMPOS/2021/03/x11_y12/S2L2A_medcomp_x11_y12_202103_B05.tif
2025-08-19 09:20:17,601 - INFO - composites.py:430 - Write B07 -> //nas-rs.topo.auth.gr/Latomeia/DROUGHT/COMPOS/2021/03/x11_y12/S2L2A_medcomp_x11_y12_202103_B07.tif
2025-08-19 09:20:22,681 - INFO - composites.py:430 - Write B8A -> //nas-rs.topo.auth.gr/Latomeia/DROUGHT/COMPOS/2021/03/x11_y12/S2L2A_medcomp_x11_y12_202103_B8A.tif
2025-08-19 09:20:27,615 - INFO - composites.py:430 - Write EVI -> //nas-rs.topo.auth.gr/Latomeia/DROUGHT/COMPOS/2021/03/x11_y12/S2L2A_medcomp_x11_y12_202103_evi.tif
2025-08-19 09:20:32,631 - INFO - composites.py:430 - Write NDVI -> //nas-rs.topo.auth.gr/Latomeia/DROUGHT/COMPOS/2021/03/x11_y12/S2L2A_medcomp_x11_y12_202103_ndvi.tif
2025-08-19 09:20:37,707 - INFO - composites.py:430 - Write PSRI2 -> //nas-rs.topo.auth.gr/Latomeia/DROUGHT/COMPOS/2021/03/x11_y12/S2L2A_medcomp_x11_y12_202103_psri2.tif
2025-08-19 09:20:37,707 - INFO - composites.py:434 - Prepare metadata YAML document
2025-08-19 09:20:38,580 - INFO - composites.py:455 - Write metadata YAML document to disk
2025-08-19 09:20:38,613 - INFO - composites.py:460 - Create datacube.model.Dataset from eo3 metadata
2025-08-19 09:20:38,626 - INFO - composites.py:471 - Index to datacube
2025-08-19 09:20:38,626 - INFO - _datasets.py:191 - Indexing f4d8468d-173d-4418-b209-41d16f9b15b9
2025-08-19 09:20:38,636 - INFO - composites.py:474 - 
2025-08-19 09:20:38,636 - INFO - composites.py:475 -              ✔✔✔ COMPLETED: Tile x11_y12 | Time: 2021-03 | In 11.11 minutes
2025-08-19 09:20:38,638 - INFO - composites.py:476 - 
2025-08-19 09:20:38,649 - INFO - composites.py:484 - Closing Dask client
2025-08-19 09:20:38,664 - INFO - composites.py:488 - Closing Dask cluster
2025-08-19 09:20:38,664 - INFO - composites.py:489 - #######################################################################
