2025-08-25 20:59:17,344 - INFO - composites.py:102 - #######################################################################
2025-08-25 20:59:17,344 - INFO - composites.py:104 - Processing started
2025-08-25 20:59:17,344 - INFO - composites.py:105 -         Tile: x06_y10
2025-08-25 20:59:17,344 - INFO - composites.py:106 -         Time: 2020-02
2025-08-25 20:59:17,344 - INFO - composites.py:109 -                           
2025-08-25 20:59:17,344 - INFO - composites.py:110 - Establishing connection to datacube
2025-08-25 20:59:17,852 - INFO - composites.py:113 -                           
2025-08-25 20:59:17,852 - INFO - composites.py:114 - Sanity test: Check if dataset already exists in the datacube
2025-08-25 20:59:17,869 - INFO - composites.py:133 - The composite requested was not found and it will be computed
2025-08-25 20:59:17,869 - INFO - composites.py:136 -                                  
2025-08-25 20:59:17,869 - INFO - composites.py:137 - Initializing Dask cluster for parallelization
2025-08-25 20:59:22,988 - INFO - composites.py:161 - Dask dashboard is available at: http://127.0.0.1:8787/status
2025-08-25 20:59:22,988 - INFO - composites.py:164 - Create directories and naming conversions
2025-08-25 20:59:23,001 - INFO - composites.py:177 - Dataset location: //nas-rs.topo.auth.gr/Latomeia/DROUGHT/composites/x06/y10/2020/02/01
2025-08-25 20:59:23,001 - INFO - composites.py:180 -                           
2025-08-25 20:59:23,001 - INFO - composites.py:181 - Retrieve tile geometry
2025-08-25 20:59:23,030 - INFO - composites.py:192 - Create the Bounding Box (φ,λ)
2025-08-25 20:59:23,030 - INFO - composites.py:198 - Create the Bounding Box (x,y)
2025-08-25 20:59:23,030 - INFO - composites.py:211 -                           
2025-08-25 20:59:23,030 - INFO - composites.py:212 - Connect to Planetary Computer STAC Catalog
2025-08-25 20:59:23,250 - INFO - composites.py:220 - Search the STAC Catalog
2025-08-25 20:59:23,325 - INFO - composites.py:232 -         Query parameters:
2025-08-25 20:59:23,325 - INFO - composites.py:233 -             url:          https://planetarycomputer.microsoft.com/api/stac/v1/search
2025-08-25 20:59:23,325 - INFO - composites.py:234 -             client:       microsoft-pc
2025-08-25 20:59:23,325 - INFO - composites.py:235 -             collection:   sentinel-2-l2a
2025-08-25 20:59:23,325 - INFO - composites.py:236 -             bbox:         (20.319245809102355, 37.99152284404117, 20.978573606105773, 38.532714784526966)
2025-08-25 20:59:23,325 - INFO - composites.py:237 -             time range:   2020-02-01T00:00:00Z/2020-02-29T23:59:59Z
2025-08-25 20:59:23,325 - INFO - composites.py:238 -             cloud cover:  0% - 70%
2025-08-25 20:59:23,325 - INFO - composites.py:239 -             nodata cover: 0% - 33%
2025-08-25 20:59:23,325 - INFO - composites.py:241 -                           
2025-08-25 20:59:23,325 - INFO - composites.py:242 - Searching...
2025-08-25 20:59:23,765 - INFO - composites.py:245 - Query found 9 items
2025-08-25 20:59:23,770 - INFO - composites.py:247 - Searching for GRI REFINED scenes:
2025-08-25 20:59:29,473 - INFO - sentinel2.py:78 - 1/9 - S2A_MSIL2A_20200223T092021_R093_T34SDH_20200927T221835 -> Not Found
2025-08-25 20:59:34,852 - INFO - sentinel2.py:78 - 2/9 - S2B_MSIL2A_20200221T093029_R136_T34SDH_20200927T162055 -> Not Found
2025-08-25 20:59:40,582 - INFO - sentinel2.py:78 - 3/9 - S2B_MSIL2A_20200218T092029_R093_T34SDH_20200929T205943 -> Not Found
2025-08-25 20:59:46,394 - INFO - sentinel2.py:78 - 4/9 - S2A_MSIL2A_20200216T093051_R136_T34SDH_20200929T095615 -> Not Found
2025-08-25 20:59:52,787 - INFO - sentinel2.py:78 - 5/9 - S2A_MSIL2A_20200213T092101_R093_T34SDH_20201001T210820 -> Not Found
2025-08-25 20:59:57,916 - INFO - sentinel2.py:78 - 6/9 - S2B_MSIL2A_20200208T092039_R093_T34SDH_20201001T095445 -> Not Found
2025-08-25 21:00:02,816 - INFO - sentinel2.py:78 - 7/9 - S2A_MSIL2A_20200206T093151_R136_T34SDH_20201001T012754 -> Not Found
2025-08-25 21:00:07,093 - INFO - sentinel2.py:78 - 8/9 - S2A_MSIL2A_20200203T092201_R093_T34SDH_20200930T150040 -> Not Found
2025-08-25 21:00:12,843 - INFO - sentinel2.py:78 - 9/9 - S2B_MSIL2A_20200201T093119_R136_T34SDH_20200930T094249 -> Not Found
2025-08-25 21:00:12,900 - INFO - composites.py:250 -                                  
2025-08-25 21:00:12,900 - INFO - composites.py:251 - 0/9 were refined by GRI.
2025-08-25 21:00:12,900 - WARNING - composites.py:255 - Tile x06_y10 | Time: 2020-02: All scenes are flagged NOT REFINED.
2025-08-25 21:00:12,901 - WARNING - composites.py:256 - Tile x06_y10 | Time: 2020-02: The composite will be flagged with _NOREFINED.
2025-08-25 21:00:12,901 - INFO - composites.py:263 - Looking for up to 10 cleanest images within spatiotemporal range of each MGRS tile
2025-08-25 21:00:12,901 - INFO - composites.py:277 - Filtered cleanest scenes: Kept 9 out of 9 items. 
2025-08-25 21:00:12,902 - INFO - composites.py:278 -         Included MGRS Tiles: ['34SDH']
2025-08-25 21:00:12,902 - INFO - composites.py:279 -         Included EPSG codes: [32634]
2025-08-25 21:00:12,903 - INFO - composites.py:281 - Selected scenes:
2025-08-25 21:00:12,908 - INFO - composites.py:283 -         S2A_MSIL2A_20200223T092021_R093_T34SDH_20200927T221835
2025-08-25 21:00:12,928 - INFO - composites.py:283 -         S2B_MSIL2A_20200208T092039_R093_T34SDH_20201001T095445
2025-08-25 21:00:12,928 - INFO - composites.py:283 -         S2B_MSIL2A_20200221T093029_R136_T34SDH_20200927T162055
2025-08-25 21:00:12,941 - INFO - composites.py:283 -         S2B_MSIL2A_20200201T093119_R136_T34SDH_20200930T094249
2025-08-25 21:00:12,942 - INFO - composites.py:283 -         S2A_MSIL2A_20200203T092201_R093_T34SDH_20200930T150040
2025-08-25 21:00:12,942 - INFO - composites.py:283 -         S2A_MSIL2A_20200216T093051_R136_T34SDH_20200929T095615
2025-08-25 21:00:12,942 - INFO - composites.py:283 -         S2A_MSIL2A_20200206T093151_R136_T34SDH_20201001T012754
2025-08-25 21:00:12,942 - INFO - composites.py:283 -         S2A_MSIL2A_20200213T092101_R093_T34SDH_20201001T210820
2025-08-25 21:00:12,942 - INFO - composites.py:283 -         S2B_MSIL2A_20200218T092029_R093_T34SDH_20200929T205943
2025-08-25 21:00:13,434 - INFO - sentinel2.py:154 - Matplotlib backend: Agg
2025-08-25 21:00:13,611 - INFO - sentinel2.py:224 - Write input scenes footprint overlay: //nas-rs.topo.auth.gr/Latomeia/DROUGHT/composites/x06/y10/2020/02/01/S2L2A_medcomp_x06y10_202002_InDataFootprint.jpeg
2025-08-25 21:00:13,917 - INFO - composites.py:297 -                                  
2025-08-25 21:00:13,917 - INFO - composites.py:298 - Downstream STAC items from Planetary Computer
2025-08-25 21:00:13,917 - INFO - timeseries_processing.py:115 -                                  
2025-08-25 21:00:13,917 - INFO - timeseries_processing.py:116 - Loading bands of diferent resolutions in EPSG:32634
2025-08-25 21:00:13,918 - INFO - timeseries_processing.py:120 -     Filtering items with native UTM EPSG:32634
2025-08-25 21:00:13,918 - INFO - timeseries_processing.py:122 -     9 Items in EPSG:32634
2025-08-25 21:00:13,918 - INFO - timeseries_processing.py:129 -                        
2025-08-25 21:00:13,918 - INFO - timeseries_processing.py:130 -     Loading parameters:
2025-08-25 21:00:13,918 - INFO - timeseries_processing.py:131 -         Bands: ['B05', 'B07', 'B8A', 'SCL']
2025-08-25 21:00:13,918 - INFO - timeseries_processing.py:132 -         Spatial resolution: 20
2025-08-25 21:00:13,918 - INFO - timeseries_processing.py:134 -         Get Assets from STAC Items
2025-08-25 21:00:13,918 - INFO - timeseries_processing.py:47 -         Initialize the STAC client
2025-08-25 21:00:14,437 - INFO - timeseries_processing.py:137 -         Loading 9 STAC Items....
2025-08-25 21:00:38,390 - INFO - timeseries_processing.py:146 -         Cube has been downloaded
2025-08-25 21:00:38,391 - INFO - timeseries_processing.py:156 -         Fix order of dimensions
2025-08-25 21:00:38,395 - INFO - timeseries_processing.py:161 -         Append bands to the band-list of EPSG:32634
2025-08-25 21:00:38,395 - INFO - timeseries_processing.py:129 -                        
2025-08-25 21:00:38,395 - INFO - timeseries_processing.py:130 -     Loading parameters:
2025-08-25 21:00:38,395 - INFO - timeseries_processing.py:131 -         Bands: ['B02', 'B03', 'B04']
2025-08-25 21:00:38,396 - INFO - timeseries_processing.py:132 -         Spatial resolution: 10
2025-08-25 21:00:38,396 - INFO - timeseries_processing.py:134 -         Get Assets from STAC Items
2025-08-25 21:00:38,396 - INFO - timeseries_processing.py:47 -         Initialize the STAC client
2025-08-25 21:00:38,876 - INFO - timeseries_processing.py:137 -         Loading 9 STAC Items....
2025-08-25 21:02:07,391 - INFO - timeseries_processing.py:146 -         Cube has been downloaded
2025-08-25 21:02:07,391 - INFO - timeseries_processing.py:149 -         Reproject to downsample 10m bands to 20m by Resampling.average 2x2 binning and shape matching with odc.geo.GeoBox
2025-08-25 21:02:20,290 - INFO - timeseries_processing.py:161 -         Append bands to the band-list of EPSG:32634
2025-08-25 21:02:20,290 - INFO - timeseries_processing.py:165 -                        
2025-08-25 21:02:20,290 - INFO - timeseries_processing.py:166 -     Merging bands in a single dataset
2025-08-25 21:02:20,290 - INFO - timeseries_processing.py:167 -     Ensure all partial datasets are at (x=20, y=-20) resolution
2025-08-25 21:02:20,291 - INFO - timeseries_processing.py:171 -     Clip to the intersection of indexes
2025-08-25 21:02:21,686 - INFO - timeseries_processing.py:180 -     Make a list of bands to merge
2025-08-25 21:02:21,687 - INFO - timeseries_processing.py:184 -     Merge on intersection
2025-08-25 21:02:21,688 - INFO - timeseries_processing.py:192 -     Apply masks on clouds, shadows, thin cirrus, and snow/ice
2025-08-25 21:02:21,688 - INFO - sentinel2.py:122 -                Masking bits: [3, 7, 8, 9, 10, 11]
2025-08-25 21:02:22,677 - INFO - composites.py:307 - Reproject from UTM Zone to Tile geometry -> CRS(EPSG:32634), Resampling.bilinear
2025-08-25 21:02:28,661 - INFO - composites.py:310 -     New shape of datasets: Shape2d(x=2400, y=2400)
2025-08-25 21:02:29,216 - INFO - composites.py:342 - Creating preview plot of input scenes
2025-08-25 21:02:59,797 - INFO - timeseries_processing.py:349 - Saved preview for 'B04' to //nas-rs.topo.auth.gr/Latomeia/DROUGHT/composites/x06/y10/2020/02/01/S2L2A_medcomp_x06y10_202002_InDataPreview.jpeg
2025-08-25 21:02:59,804 - INFO - composites.py:348 - Clip value range
2025-08-25 21:03:01,678 - INFO - composites.py:353 -                           
2025-08-25 21:03:01,678 - INFO - composites.py:354 - Computing spectral indices:
2025-08-25 21:03:01,678 - INFO - composites.py:357 -     EVI...
2025-08-25 21:03:02,840 - INFO - composites.py:359 -     NDVI...
2025-08-25 21:03:03,182 - INFO - composites.py:361 -     PSRI2...
2025-08-25 21:03:03,432 - INFO - composites.py:364 - Clip to typical value range
2025-08-25 21:03:03,793 - INFO - composites.py:371 - Reducing to median value temporal composite
2025-08-25 21:03:29,122 - INFO - composites.py:390 - Scale and Define data types & nodata per band
2025-08-25 21:03:29,274 - INFO - composites.py:411 - Assign time range and tile ID in metadata
2025-08-25 21:03:29,274 - INFO - composites.py:419 - Write bands to raster COG files
2025-08-25 21:03:36,944 - INFO - composites.py:432 - Write B02 -> //nas-rs.topo.auth.gr/Latomeia/DROUGHT/composites/x06/y10/2020/02/01/S2L2A_medcomp_x06y10_202002_B02.tif
2025-08-25 21:03:40,879 - INFO - composites.py:432 - Write B03 -> //nas-rs.topo.auth.gr/Latomeia/DROUGHT/composites/x06/y10/2020/02/01/S2L2A_medcomp_x06y10_202002_B03.tif
2025-08-25 21:03:44,806 - INFO - composites.py:432 - Write B04 -> //nas-rs.topo.auth.gr/Latomeia/DROUGHT/composites/x06/y10/2020/02/01/S2L2A_medcomp_x06y10_202002_B04.tif
2025-08-25 21:03:48,713 - INFO - composites.py:432 - Write B05 -> //nas-rs.topo.auth.gr/Latomeia/DROUGHT/composites/x06/y10/2020/02/01/S2L2A_medcomp_x06y10_202002_B05.tif
2025-08-25 21:03:52,661 - INFO - composites.py:432 - Write B07 -> //nas-rs.topo.auth.gr/Latomeia/DROUGHT/composites/x06/y10/2020/02/01/S2L2A_medcomp_x06y10_202002_B07.tif
2025-08-25 21:03:56,555 - INFO - composites.py:432 - Write B8A -> //nas-rs.topo.auth.gr/Latomeia/DROUGHT/composites/x06/y10/2020/02/01/S2L2A_medcomp_x06y10_202002_B8A.tif
2025-08-25 21:04:00,316 - INFO - composites.py:432 - Write EVI -> //nas-rs.topo.auth.gr/Latomeia/DROUGHT/composites/x06/y10/2020/02/01/S2L2A_medcomp_x06y10_202002_EVI.tif
2025-08-25 21:04:04,314 - INFO - composites.py:432 - Write NDVI -> //nas-rs.topo.auth.gr/Latomeia/DROUGHT/composites/x06/y10/2020/02/01/S2L2A_medcomp_x06y10_202002_NDVI.tif
2025-08-25 21:04:08,377 - INFO - composites.py:432 - Write PSRI2 -> //nas-rs.topo.auth.gr/Latomeia/DROUGHT/composites/x06/y10/2020/02/01/S2L2A_medcomp_x06y10_202002_PSRI2.tif
2025-08-25 21:04:08,393 - INFO - composites.py:436 - Prepare metadata YAML document
2025-08-25 21:04:08,901 - INFO - composites.py:458 - Write metadata YAML document to disk
2025-08-25 21:04:08,947 - INFO - composites.py:463 - Create datacube.model.Dataset from eo3 metadata
2025-08-25 21:04:08,958 - INFO - composites.py:474 - Index to datacube
2025-08-25 21:04:08,959 - INFO - _datasets.py:191 - Indexing 0bc56492-437f-409c-9ae1-f718823cf247
2025-08-25 21:04:08,966 - INFO - composites.py:477 - 
2025-08-25 21:04:08,968 - INFO - composites.py:478 -              ✔✔✔ COMPLETED: Tile x06_y10 | Time: 2020-02 | In 4.86 minutes
2025-08-25 21:04:08,968 - INFO - composites.py:479 - 
2025-08-25 21:04:08,968 - INFO - composites.py:487 - Closing Dask client
2025-08-25 21:04:08,976 - INFO - composites.py:491 - Closing Dask cluster
2025-08-25 21:04:08,976 - INFO - composites.py:492 - #######################################################################
