2025-08-29 19:20:16,738 - INFO - composites.py:102 - #######################################################################
2025-08-29 19:20:16,739 - INFO - composites.py:104 - Processing started
2025-08-29 19:20:16,739 - INFO - composites.py:105 -         Tile: x08_y10
2025-08-29 19:20:16,739 - INFO - composites.py:106 -         Time: 2022-07
2025-08-29 19:20:16,739 - INFO - composites.py:109 -                           
2025-08-29 19:20:16,739 - INFO - composites.py:110 - Establishing connection to datacube
2025-08-29 19:20:17,411 - INFO - composites.py:113 -                           
2025-08-29 19:20:17,411 - INFO - composites.py:114 - Sanity test: Check if dataset already exists in the datacube
2025-08-29 19:20:17,430 - INFO - composites.py:133 - The composite requested was not found and it will be computed
2025-08-29 19:20:17,430 - INFO - composites.py:136 -                                  
2025-08-29 19:20:17,430 - INFO - composites.py:137 - Initializing Dask cluster for parallelization
2025-08-29 19:20:22,546 - INFO - composites.py:161 - Dask dashboard is available at: http://127.0.0.1:8787/status
2025-08-29 19:20:22,546 - INFO - composites.py:164 - Create directories and naming conversions
2025-08-29 19:20:22,559 - INFO - composites.py:177 - Dataset location: //nas-rs.topo.auth.gr/Latomeia/DROUGHT/composites/x08/y10/2022/07/01
2025-08-29 19:20:22,559 - INFO - composites.py:180 -                           
2025-08-29 19:20:22,559 - INFO - composites.py:181 - Retrieve tile geometry
2025-08-29 19:20:22,587 - INFO - composites.py:192 - Create the Bounding Box (φ,λ)
2025-08-29 19:20:22,587 - INFO - composites.py:198 - Create the Bounding Box (x,y)
2025-08-29 19:20:22,587 - INFO - composites.py:211 -                           
2025-08-29 19:20:22,587 - INFO - composites.py:212 - Connect to Planetary Computer STAC Catalog
2025-08-29 19:20:22,829 - INFO - composites.py:220 - Search the STAC Catalog
2025-08-29 19:20:22,917 - INFO - composites.py:232 -         Query parameters:
2025-08-29 19:20:22,917 - INFO - composites.py:233 -             url:          https://planetarycomputer.microsoft.com/api/stac/v1/search
2025-08-29 19:20:22,918 - INFO - composites.py:234 -             client:       microsoft-pc
2025-08-29 19:20:22,918 - INFO - composites.py:235 -             collection:   sentinel-2-l2a
2025-08-29 19:20:22,918 - INFO - composites.py:236 -             bbox:         (21.39721400014901, 37.8618519319046, 22.06142649589928, 38.40819969704171)
2025-08-29 19:20:22,918 - INFO - composites.py:237 -             time range:   2022-07-01T00:00:00Z/2022-07-31T23:59:59Z
2025-08-29 19:20:22,918 - INFO - composites.py:238 -             cloud cover:  0% - 70%
2025-08-29 19:20:22,918 - INFO - composites.py:239 -             nodata cover: 0% - 33%
2025-08-29 19:20:22,918 - INFO - composites.py:241 -                           
2025-08-29 19:20:22,918 - INFO - composites.py:242 - Searching...
2025-08-29 19:20:25,590 - INFO - composites.py:245 - Query found 22 items
2025-08-29 19:20:25,590 - INFO - composites.py:247 - Searching for GRI REFINED scenes:
2025-08-29 19:20:31,137 - INFO - sentinel2.py:78 - 1/22 - S2B_MSIL2A_20220727T091559_R093_T34SEH_20240714T220116 -> REFINED
2025-08-29 19:20:36,337 - INFO - sentinel2.py:78 - 2/22 - S2B_MSIL2A_20220727T091559_R093_T34SEH_20220728T190451 -> REFINED
2025-08-29 19:20:42,434 - INFO - sentinel2.py:78 - 3/22 - S2B_MSIL2A_20220727T091559_R093_T34SEG_20240714T220116 -> REFINED
2025-08-29 19:20:48,249 - INFO - sentinel2.py:78 - 4/22 - S2B_MSIL2A_20220727T091559_R093_T34SEG_20220728T190203 -> REFINED
2025-08-29 19:20:53,899 - INFO - sentinel2.py:78 - 5/22 - S2A_MSIL2A_20220722T092041_R093_T34SEH_20240711T113555 -> REFINED
2025-08-29 19:21:00,693 - INFO - sentinel2.py:78 - 6/22 - S2A_MSIL2A_20220722T092041_R093_T34SEH_20220724T125724 -> REFINED
2025-08-29 19:21:06,847 - INFO - sentinel2.py:78 - 7/22 - S2A_MSIL2A_20220722T092041_R093_T34SEG_20240711T113555 -> REFINED
2025-08-29 19:21:13,484 - INFO - sentinel2.py:78 - 8/22 - S2A_MSIL2A_20220722T092041_R093_T34SEG_20220724T131626 -> REFINED
2025-08-29 19:21:19,970 - INFO - sentinel2.py:78 - 9/22 - S2B_MSIL2A_20220717T091559_R093_T34SEH_20240714T072952 -> REFINED
2025-08-29 19:21:26,279 - INFO - sentinel2.py:78 - 10/22 - S2B_MSIL2A_20220717T091559_R093_T34SEH_20220717T203813 -> REFINED
2025-08-29 19:21:32,593 - INFO - sentinel2.py:78 - 11/22 - S2B_MSIL2A_20220717T091559_R093_T34SEG_20240714T072952 -> REFINED
2025-08-29 19:21:37,884 - INFO - sentinel2.py:78 - 12/22 - S2B_MSIL2A_20220717T091559_R093_T34SEG_20220717T214348 -> REFINED
2025-08-29 19:21:42,938 - INFO - sentinel2.py:78 - 13/22 - S2A_MSIL2A_20220712T092041_R093_T34SEH_20220713T200909 -> REFINED
2025-08-29 19:21:48,576 - INFO - sentinel2.py:78 - 14/22 - S2A_MSIL2A_20220712T092041_R093_T34SEG_20220713T185628 -> REFINED
2025-08-29 19:21:54,005 - INFO - sentinel2.py:78 - 15/22 - S2B_MSIL2A_20220707T092039_R093_T34SEH_20240701T101053 -> REFINED
2025-08-29 19:21:59,818 - INFO - sentinel2.py:78 - 16/22 - S2B_MSIL2A_20220707T092039_R093_T34SEH_20220708T063542 -> REFINED
2025-08-29 19:22:04,910 - INFO - sentinel2.py:78 - 17/22 - S2B_MSIL2A_20220707T092039_R093_T34SEG_20240701T101053 -> REFINED
2025-08-29 19:22:10,869 - INFO - sentinel2.py:78 - 18/22 - S2B_MSIL2A_20220707T092039_R093_T34SEG_20220708T065913 -> REFINED
2025-08-29 19:22:16,044 - INFO - sentinel2.py:78 - 19/22 - S2A_MSIL2A_20220702T092041_R093_T34SEH_20240701T055146 -> REFINED
2025-08-29 19:22:20,911 - INFO - sentinel2.py:78 - 20/22 - S2A_MSIL2A_20220702T092041_R093_T34SEH_20220702T224247 -> REFINED
2025-08-29 19:22:26,038 - INFO - sentinel2.py:78 - 21/22 - S2A_MSIL2A_20220702T092041_R093_T34SEG_20240701T055146 -> REFINED
2025-08-29 19:22:31,683 - INFO - sentinel2.py:78 - 22/22 - S2A_MSIL2A_20220702T092041_R093_T34SEG_20220702T231618 -> REFINED
2025-08-29 19:22:31,722 - INFO - composites.py:250 -                                  
2025-08-29 19:22:31,722 - INFO - composites.py:251 - 22/22 were refined by GRI.
2025-08-29 19:22:31,722 - INFO - composites.py:263 - Looking for up to 10 cleanest images within spatiotemporal range of each MGRS tile
2025-08-29 19:22:31,724 - INFO - composites.py:277 - Filtered cleanest scenes: Kept 20 out of 22 items. 
2025-08-29 19:22:31,724 - INFO - composites.py:278 -         Included MGRS Tiles: ['34SEG' '34SEH']
2025-08-29 19:22:31,724 - INFO - composites.py:279 -         Included EPSG codes: [32634]
2025-08-29 19:22:31,725 - INFO - composites.py:281 - Selected scenes:
2025-08-29 19:22:31,725 - INFO - composites.py:283 -         S2A_MSIL2A_20220722T092041_R093_T34SEG_20240711T113555
2025-08-29 19:22:31,725 - INFO - composites.py:283 -         S2A_MSIL2A_20220722T092041_R093_T34SEG_20220724T131626
2025-08-29 19:22:31,725 - INFO - composites.py:283 -         S2A_MSIL2A_20220702T092041_R093_T34SEG_20240701T055146
2025-08-29 19:22:31,725 - INFO - composites.py:283 -         S2A_MSIL2A_20220702T092041_R093_T34SEG_20220702T231618
2025-08-29 19:22:31,725 - INFO - composites.py:283 -         S2B_MSIL2A_20220717T091559_R093_T34SEG_20220717T214348
2025-08-29 19:22:31,725 - INFO - composites.py:283 -         S2B_MSIL2A_20220717T091559_R093_T34SEG_20240714T072952
2025-08-29 19:22:31,726 - INFO - composites.py:283 -         S2B_MSIL2A_20220727T091559_R093_T34SEG_20240714T220116
2025-08-29 19:22:31,726 - INFO - composites.py:283 -         S2B_MSIL2A_20220727T091559_R093_T34SEG_20220728T190203
2025-08-29 19:22:31,726 - INFO - composites.py:283 -         S2B_MSIL2A_20220707T092039_R093_T34SEG_20220708T065913
2025-08-29 19:22:31,726 - INFO - composites.py:283 -         S2B_MSIL2A_20220707T092039_R093_T34SEG_20240701T101053
2025-08-29 19:22:31,726 - INFO - composites.py:283 -         S2A_MSIL2A_20220722T092041_R093_T34SEH_20240711T113555
2025-08-29 19:22:31,726 - INFO - composites.py:283 -         S2A_MSIL2A_20220722T092041_R093_T34SEH_20220724T125724
2025-08-29 19:22:31,726 - INFO - composites.py:283 -         S2A_MSIL2A_20220702T092041_R093_T34SEH_20220702T224247
2025-08-29 19:22:31,726 - INFO - composites.py:283 -         S2A_MSIL2A_20220702T092041_R093_T34SEH_20240701T055146
2025-08-29 19:22:31,726 - INFO - composites.py:283 -         S2B_MSIL2A_20220717T091559_R093_T34SEH_20220717T203813
2025-08-29 19:22:31,726 - INFO - composites.py:283 -         S2B_MSIL2A_20220717T091559_R093_T34SEH_20240714T072952
2025-08-29 19:22:31,726 - INFO - composites.py:283 -         S2B_MSIL2A_20220727T091559_R093_T34SEH_20220728T190451
2025-08-29 19:22:31,726 - INFO - composites.py:283 -         S2B_MSIL2A_20220727T091559_R093_T34SEH_20240714T220116
2025-08-29 19:22:31,726 - INFO - composites.py:283 -         S2B_MSIL2A_20220707T092039_R093_T34SEH_20240701T101053
2025-08-29 19:22:31,726 - INFO - composites.py:283 -         S2B_MSIL2A_20220707T092039_R093_T34SEH_20220708T063542
2025-08-29 19:22:32,123 - INFO - sentinel2.py:154 - Matplotlib backend: Agg
2025-08-29 19:22:32,426 - INFO - sentinel2.py:224 - Write input scenes footprint overlay: //nas-rs.topo.auth.gr/Latomeia/DROUGHT/composites/x08/y10/2022/07/01/S2L2A_medcomp_x08y10_202207_InDataFootprint.jpeg
2025-08-29 19:22:32,685 - INFO - composites.py:297 -                                  
2025-08-29 19:22:32,686 - INFO - composites.py:298 - Downstream STAC items from Planetary Computer
2025-08-29 19:22:32,686 - INFO - timeseries_processing.py:115 -                                  
2025-08-29 19:22:32,686 - INFO - timeseries_processing.py:116 - Loading bands of diferent resolutions in EPSG:32634
2025-08-29 19:22:32,686 - INFO - timeseries_processing.py:120 -     Filtering items with native UTM EPSG:32634
2025-08-29 19:22:32,686 - INFO - timeseries_processing.py:122 -     20 Items in EPSG:32634
2025-08-29 19:22:32,686 - INFO - timeseries_processing.py:129 -                        
2025-08-29 19:22:32,686 - INFO - timeseries_processing.py:130 -     Loading parameters:
2025-08-29 19:22:32,686 - INFO - timeseries_processing.py:131 -         Bands: ['B05', 'B07', 'B8A', 'SCL']
2025-08-29 19:22:32,686 - INFO - timeseries_processing.py:132 -         Spatial resolution: 20
2025-08-29 19:22:32,686 - INFO - timeseries_processing.py:134 -         Get Assets from STAC Items
2025-08-29 19:22:32,686 - INFO - timeseries_processing.py:47 -         Initialize the STAC client
2025-08-29 19:22:33,411 - INFO - timeseries_processing.py:137 -         Loading 20 STAC Items....
2025-08-29 19:24:09,178 - INFO - timeseries_processing.py:146 -         Cube has been downloaded
2025-08-29 19:24:09,178 - INFO - timeseries_processing.py:156 -         Fix order of dimensions
2025-08-29 19:24:09,179 - INFO - timeseries_processing.py:161 -         Append bands to the band-list of EPSG:32634
2025-08-29 19:24:09,179 - INFO - timeseries_processing.py:129 -                        
2025-08-29 19:24:09,179 - INFO - timeseries_processing.py:130 -     Loading parameters:
2025-08-29 19:24:09,179 - INFO - timeseries_processing.py:131 -         Bands: ['B02', 'B03', 'B04']
2025-08-29 19:24:09,179 - INFO - timeseries_processing.py:132 -         Spatial resolution: 10
2025-08-29 19:24:09,179 - INFO - timeseries_processing.py:134 -         Get Assets from STAC Items
2025-08-29 19:24:09,180 - INFO - timeseries_processing.py:47 -         Initialize the STAC client
2025-08-29 19:24:09,741 - INFO - timeseries_processing.py:137 -         Loading 20 STAC Items....
2025-08-29 19:26:23,083 - INFO - timeseries_processing.py:146 -         Cube has been downloaded
2025-08-29 19:26:23,083 - INFO - timeseries_processing.py:149 -         Reproject to downsample 10m bands to 20m by Resampling.average 2x2 binning and shape matching with odc.geo.GeoBox
2025-08-29 19:26:30,518 - INFO - timeseries_processing.py:161 -         Append bands to the band-list of EPSG:32634
2025-08-29 19:26:30,518 - INFO - timeseries_processing.py:165 -                        
2025-08-29 19:26:30,518 - INFO - timeseries_processing.py:166 -     Merging bands in a single dataset
2025-08-29 19:26:30,518 - INFO - timeseries_processing.py:167 -     Ensure all partial datasets are at (x=20, y=-20) resolution
2025-08-29 19:26:30,519 - INFO - timeseries_processing.py:171 -     Clip to the intersection of indexes
2025-08-29 19:26:31,701 - INFO - timeseries_processing.py:180 -     Make a list of bands to merge
2025-08-29 19:26:31,702 - INFO - timeseries_processing.py:184 -     Merge on intersection
2025-08-29 19:26:31,703 - INFO - timeseries_processing.py:192 -     Apply masks on clouds, shadows, thin cirrus, and snow/ice
2025-08-29 19:26:31,703 - INFO - sentinel2.py:122 -                Masking bits: [3, 7, 8, 9, 10, 11]
2025-08-29 19:26:32,296 - INFO - composites.py:307 - Reproject from UTM Zone to Tile geometry -> CRS(EPSG:32634), Resampling.bilinear
2025-08-29 19:26:35,621 - INFO - composites.py:310 -     New shape of datasets: Shape2d(x=2400, y=2400)
2025-08-29 19:26:36,164 - INFO - composites.py:329 - Scale SR to Sen2Cor Baseline 4.00 - Subtract 1000 in dates post 2022-01-25
2025-08-29 19:26:36,940 - INFO - composites.py:342 - Creating preview plot of input scenes
2025-08-29 19:26:59,848 - INFO - timeseries_processing.py:349 - Saved preview for 'B04' to //nas-rs.topo.auth.gr/Latomeia/DROUGHT/composites/x08/y10/2022/07/01/S2L2A_medcomp_x08y10_202207_InDataPreview.jpeg
2025-08-29 19:26:59,850 - INFO - composites.py:348 - Clip value range
2025-08-29 19:27:00,862 - INFO - composites.py:353 -                           
2025-08-29 19:27:00,862 - INFO - composites.py:354 - Computing spectral indices:
2025-08-29 19:27:00,862 - INFO - composites.py:357 -     EVI...
2025-08-29 19:27:01,523 - INFO - composites.py:359 -     NDVI...
2025-08-29 19:27:01,711 - INFO - composites.py:361 -     PSRI2...
2025-08-29 19:27:01,852 - INFO - composites.py:364 - Clip to typical value range
2025-08-29 19:27:02,035 - INFO - composites.py:371 - Reducing to median value temporal composite
2025-08-29 19:27:26,163 - INFO - composites.py:390 - Scale and Define data types & nodata per band
2025-08-29 19:27:26,269 - INFO - composites.py:411 - Assign time range and tile ID in metadata
2025-08-29 19:27:26,269 - INFO - composites.py:419 - Write bands to raster COG files
2025-08-29 19:27:30,204 - INFO - composites.py:432 - Write B02 -> //nas-rs.topo.auth.gr/Latomeia/DROUGHT/composites/x08/y10/2022/07/01/S2L2A_medcomp_x08y10_202207_B02.tif
2025-08-29 19:27:34,186 - INFO - composites.py:432 - Write B03 -> //nas-rs.topo.auth.gr/Latomeia/DROUGHT/composites/x08/y10/2022/07/01/S2L2A_medcomp_x08y10_202207_B03.tif
2025-08-29 19:27:38,173 - INFO - composites.py:432 - Write B04 -> //nas-rs.topo.auth.gr/Latomeia/DROUGHT/composites/x08/y10/2022/07/01/S2L2A_medcomp_x08y10_202207_B04.tif
2025-08-29 19:27:42,106 - INFO - composites.py:432 - Write B05 -> //nas-rs.topo.auth.gr/Latomeia/DROUGHT/composites/x08/y10/2022/07/01/S2L2A_medcomp_x08y10_202207_B05.tif
2025-08-29 19:27:46,066 - INFO - composites.py:432 - Write B07 -> //nas-rs.topo.auth.gr/Latomeia/DROUGHT/composites/x08/y10/2022/07/01/S2L2A_medcomp_x08y10_202207_B07.tif
2025-08-29 19:27:49,966 - INFO - composites.py:432 - Write B8A -> //nas-rs.topo.auth.gr/Latomeia/DROUGHT/composites/x08/y10/2022/07/01/S2L2A_medcomp_x08y10_202207_B8A.tif
2025-08-29 19:27:53,842 - INFO - composites.py:432 - Write EVI -> //nas-rs.topo.auth.gr/Latomeia/DROUGHT/composites/x08/y10/2022/07/01/S2L2A_medcomp_x08y10_202207_EVI.tif
2025-08-29 19:27:57,754 - INFO - composites.py:432 - Write NDVI -> //nas-rs.topo.auth.gr/Latomeia/DROUGHT/composites/x08/y10/2022/07/01/S2L2A_medcomp_x08y10_202207_NDVI.tif
2025-08-29 19:28:01,617 - INFO - composites.py:432 - Write PSRI2 -> //nas-rs.topo.auth.gr/Latomeia/DROUGHT/composites/x08/y10/2022/07/01/S2L2A_medcomp_x08y10_202207_PSRI2.tif
2025-08-29 19:28:01,617 - INFO - composites.py:436 - Prepare metadata YAML document
2025-08-29 19:28:02,094 - INFO - composites.py:458 - Write metadata YAML document to disk
2025-08-29 19:28:02,134 - INFO - composites.py:463 - Create datacube.model.Dataset from eo3 metadata
2025-08-29 19:28:02,145 - INFO - composites.py:476 - Index to datacube
2025-08-29 19:28:02,145 - INFO - _datasets.py:191 - Indexing c01f4801-35a2-4a7d-b6ee-3f9f39bddb0a
2025-08-29 19:28:02,154 - INFO - composites.py:479 - 
2025-08-29 19:28:02,154 - INFO - composites.py:480 -              ✔✔✔ COMPLETED: Tile x08_y10 | Time: 2022-07 | In 7.76 minutes
2025-08-29 19:28:02,154 - INFO - composites.py:481 - 
2025-08-29 19:28:02,154 - INFO - composites.py:489 - Closing Dask client
2025-08-29 19:28:02,157 - INFO - composites.py:493 - Closing Dask cluster
2025-08-29 19:28:02,157 - INFO - composites.py:494 - #######################################################################
