2025-08-20 00:47:21,220 - INFO - composites.py:100 - #######################################################################
2025-08-20 00:47:21,220 - INFO - composites.py:102 - Processing started
2025-08-20 00:47:21,220 - INFO - composites.py:103 -         Tile: x11_y08
2025-08-20 00:47:21,220 - INFO - composites.py:104 -         Time: 2021-08
2025-08-20 00:47:21,220 - INFO - composites.py:107 -                           
2025-08-20 00:47:21,220 - INFO - composites.py:108 - Establishing connection to datacube
2025-08-20 00:47:21,905 - INFO - composites.py:111 -                           
2025-08-20 00:47:21,907 - INFO - composites.py:112 - Sanity test: Check if dataset already exists in the datacube
2025-08-20 00:47:21,926 - INFO - composites.py:131 - The composite requested was not found and it will be computed
2025-08-20 00:47:21,926 - INFO - composites.py:134 -                                  
2025-08-20 00:47:21,926 - INFO - composites.py:135 - Initializing Dask cluster for parallelization
2025-08-20 00:47:27,691 - INFO - composites.py:159 - Dask dashboard is available at: http://127.0.0.1:8787/status
2025-08-20 00:47:27,691 - INFO - composites.py:162 - Create directories and naming conversions
2025-08-20 00:47:27,698 - INFO - composites.py:173 - Dataset location: //nas-rs.topo.auth.gr/Latomeia/DROUGHT/COMPOS/2021/08/x11_y08
2025-08-20 00:47:27,698 - INFO - composites.py:176 -                           
2025-08-20 00:47:27,698 - INFO - composites.py:177 - Retrieve tile geometry
2025-08-20 00:47:27,743 - INFO - composites.py:188 - Create the Bounding Box (φ,λ)
2025-08-20 00:47:27,743 - INFO - composites.py:194 - Create the Bounding Box (x,y)
2025-08-20 00:47:27,743 - INFO - composites.py:207 -                           
2025-08-20 00:47:27,743 - INFO - composites.py:208 - Connect to Planetary Computer STAC Catalog
2025-08-20 00:47:28,008 - INFO - composites.py:216 - Search the STAC Catalog
2025-08-20 00:47:28,085 - INFO - composites.py:228 -         Query parameters:
2025-08-20 00:47:28,085 - INFO - composites.py:229 -             url:          https://planetarycomputer.microsoft.com/api/stac/v1/search
2025-08-20 00:47:28,085 - INFO - composites.py:230 -             client:       microsoft-pc
2025-08-20 00:47:28,085 - INFO - composites.py:231 -             collection:   sentinel-2-l2a
2025-08-20 00:47:28,085 - INFO - composites.py:232 -             bbox:         (22.845726265116973, 36.78783321302753, 23.507514150864267, 37.341312623754334)
2025-08-20 00:47:28,085 - INFO - composites.py:233 -             time range:   2021-08-01T00:00:00Z/2021-08-31T23:59:59Z
2025-08-20 00:47:28,085 - INFO - composites.py:234 -             cloud cover:  0% - 70%
2025-08-20 00:47:28,085 - INFO - composites.py:235 -             nodata cover: 0% - 33%
2025-08-20 00:47:28,085 - INFO - composites.py:237 -                           
2025-08-20 00:47:28,085 - INFO - composites.py:238 - Searching...
2025-08-20 00:47:28,628 - INFO - composites.py:241 - Query found 38 items
2025-08-20 00:47:28,628 - INFO - composites.py:243 - Searching for GRI REFINED scenes:
2025-08-20 00:47:34,673 - INFO - sentinel2.py:78 - 1/38 - S2B_MSIL2A_20210831T092029_R093_T34SFG_20210831T220407 -> REFINED
2025-08-20 00:47:40,779 - INFO - sentinel2.py:78 - 2/38 - S2B_MSIL2A_20210831T092029_R093_T34SFF_20210831T220934 -> REFINED
2025-08-20 00:47:46,093 - INFO - sentinel2.py:78 - 3/38 - S2B_MSIL2A_20210828T090549_R050_T34SGG_20210828T194643 -> REFINED
2025-08-20 00:47:52,849 - INFO - sentinel2.py:78 - 4/38 - S2B_MSIL2A_20210828T090549_R050_T34SGF_20210828T192201 -> REFINED
2025-08-20 00:47:58,729 - INFO - sentinel2.py:78 - 5/38 - S2B_MSIL2A_20210828T090549_R050_T34SFG_20210828T183745 -> REFINED
2025-08-20 00:48:04,137 - INFO - sentinel2.py:78 - 6/38 - S2B_MSIL2A_20210828T090549_R050_T34SFF_20210828T194631 -> REFINED
2025-08-20 00:48:09,441 - INFO - sentinel2.py:78 - 7/38 - S2A_MSIL2A_20210826T092031_R093_T34SFG_20210826T232153 -> REFINED
2025-08-20 00:48:14,986 - INFO - sentinel2.py:78 - 8/38 - S2A_MSIL2A_20210826T092031_R093_T34SFF_20210826T233315 -> REFINED
2025-08-20 00:48:19,885 - INFO - sentinel2.py:78 - 9/38 - S2A_MSIL2A_20210823T090601_R050_T34SGG_20210823T173543 -> REFINED
2025-08-20 00:48:25,853 - INFO - sentinel2.py:78 - 10/38 - S2A_MSIL2A_20210823T090601_R050_T34SGF_20210823T164511 -> REFINED
2025-08-20 00:48:31,953 - INFO - sentinel2.py:78 - 11/38 - S2A_MSIL2A_20210823T090601_R050_T34SFG_20210823T161502 -> REFINED
2025-08-20 00:48:36,911 - INFO - sentinel2.py:78 - 12/38 - S2A_MSIL2A_20210823T090601_R050_T34SFF_20210823T175617 -> REFINED
2025-08-20 00:48:42,854 - INFO - sentinel2.py:78 - 13/38 - S2B_MSIL2A_20210821T092029_R093_T34SFG_20210822T000940 -> REFINED
2025-08-20 00:48:47,803 - INFO - sentinel2.py:78 - 14/38 - S2B_MSIL2A_20210821T092029_R093_T34SFF_20210821T234201 -> REFINED
2025-08-20 00:48:52,541 - INFO - sentinel2.py:78 - 15/38 - S2B_MSIL2A_20210818T090559_R050_T34SGG_20210818T220447 -> REFINED
2025-08-20 00:48:57,368 - INFO - sentinel2.py:78 - 16/38 - S2B_MSIL2A_20210818T090559_R050_T34SGF_20210818T223918 -> REFINED
2025-08-20 00:49:03,946 - INFO - sentinel2.py:78 - 17/38 - S2B_MSIL2A_20210818T090559_R050_T34SFG_20210818T225321 -> REFINED
2025-08-20 00:49:09,845 - INFO - sentinel2.py:78 - 18/38 - S2B_MSIL2A_20210818T090559_R050_T34SFF_20210818T221405 -> REFINED
2025-08-20 00:49:15,563 - INFO - sentinel2.py:78 - 19/38 - S2A_MSIL2A_20210816T092031_R093_T34SFG_20210816T193628 -> REFINED
2025-08-20 00:49:20,953 - INFO - sentinel2.py:78 - 20/38 - S2A_MSIL2A_20210816T092031_R093_T34SFF_20210816T172551 -> REFINED
2025-08-20 00:49:26,197 - INFO - sentinel2.py:78 - 21/38 - S2A_MSIL2A_20210813T090601_R050_T34SGG_20210813T223613 -> REFINED
2025-08-20 00:49:31,785 - INFO - sentinel2.py:78 - 22/38 - S2A_MSIL2A_20210813T090601_R050_T34SGF_20210814T002407 -> REFINED
2025-08-20 00:49:37,200 - INFO - sentinel2.py:78 - 23/38 - S2A_MSIL2A_20210813T090601_R050_T34SFG_20210814T000550 -> REFINED
2025-08-20 00:49:42,444 - INFO - sentinel2.py:78 - 24/38 - S2A_MSIL2A_20210813T090601_R050_T34SFF_20210813T223110 -> REFINED
2025-08-20 00:49:48,625 - INFO - sentinel2.py:78 - 25/38 - S2B_MSIL2A_20210811T092029_R093_T34SFG_20210811T231924 -> REFINED
2025-08-20 00:49:54,667 - INFO - sentinel2.py:78 - 26/38 - S2B_MSIL2A_20210811T092029_R093_T34SFF_20210811T230743 -> REFINED
2025-08-20 00:50:01,299 - INFO - sentinel2.py:78 - 27/38 - S2B_MSIL2A_20210808T090559_R050_T34SGG_20210808T213921 -> REFINED
2025-08-20 00:50:08,298 - INFO - sentinel2.py:78 - 28/38 - S2B_MSIL2A_20210808T090559_R050_T34SGF_20210808T231023 -> REFINED
2025-08-20 00:50:14,844 - INFO - sentinel2.py:78 - 29/38 - S2B_MSIL2A_20210808T090559_R050_T34SFG_20210808T230119 -> REFINED
2025-08-20 00:50:20,826 - INFO - sentinel2.py:78 - 30/38 - S2B_MSIL2A_20210808T090559_R050_T34SFF_20210808T232030 -> REFINED
2025-08-20 00:50:26,873 - INFO - sentinel2.py:78 - 31/38 - S2A_MSIL2A_20210806T092031_R093_T34SFG_20210806T211712 -> REFINED
2025-08-20 00:50:31,922 - INFO - sentinel2.py:78 - 32/38 - S2A_MSIL2A_20210806T092031_R093_T34SFF_20210806T200420 -> REFINED
2025-08-20 00:50:36,908 - INFO - sentinel2.py:78 - 33/38 - S2A_MSIL2A_20210803T090601_R050_T34SGG_20210803T214649 -> REFINED
2025-08-20 00:50:43,388 - INFO - sentinel2.py:78 - 34/38 - S2A_MSIL2A_20210803T090601_R050_T34SGF_20210803T220600 -> REFINED
2025-08-20 00:50:48,982 - INFO - sentinel2.py:78 - 35/38 - S2A_MSIL2A_20210803T090601_R050_T34SFG_20210803T223726 -> REFINED
2025-08-20 00:50:54,570 - INFO - sentinel2.py:78 - 36/38 - S2A_MSIL2A_20210803T090601_R050_T34SFF_20210803T212951 -> REFINED
2025-08-20 00:51:01,758 - INFO - sentinel2.py:78 - 37/38 - S2B_MSIL2A_20210801T092029_R093_T34SFG_20210801T223015 -> REFINED
2025-08-20 00:51:07,174 - INFO - sentinel2.py:78 - 38/38 - S2B_MSIL2A_20210801T092029_R093_T34SFF_20210801T224625 -> REFINED
2025-08-20 00:51:07,239 - INFO - composites.py:246 -                                  
2025-08-20 00:51:07,239 - INFO - composites.py:247 - 38/38 were refined by GRI.
2025-08-20 00:51:07,239 - INFO - composites.py:259 - Looking for up to 10 cleanest images within spatiotemporal range of each MGRS tile
2025-08-20 00:51:07,240 - INFO - composites.py:273 - Filtered cleanest scenes: Kept 32 out of 38 items. 
2025-08-20 00:51:07,241 - INFO - composites.py:274 -         Included MGRS Tiles: ['34SFF' '34SFG' '34SGF' '34SGG']
2025-08-20 00:51:07,241 - INFO - composites.py:275 -         Included EPSG codes: [32634]
2025-08-20 00:51:07,241 - INFO - composites.py:277 - Selected scenes:
2025-08-20 00:51:07,241 - INFO - composites.py:279 -         S2B_MSIL2A_20210818T090559_R050_T34SFF_20210818T221405
2025-08-20 00:51:07,241 - INFO - composites.py:279 -         S2B_MSIL2A_20210808T090559_R050_T34SFF_20210808T232030
2025-08-20 00:51:07,242 - INFO - composites.py:279 -         S2A_MSIL2A_20210826T092031_R093_T34SFF_20210826T233315
2025-08-20 00:51:07,243 - INFO - composites.py:279 -         S2B_MSIL2A_20210828T090549_R050_T34SFF_20210828T194631
2025-08-20 00:51:07,250 - INFO - composites.py:279 -         S2A_MSIL2A_20210823T090601_R050_T34SFF_20210823T175617
2025-08-20 00:51:07,250 - INFO - composites.py:279 -         S2A_MSIL2A_20210816T092031_R093_T34SFF_20210816T172551
2025-08-20 00:51:07,250 - INFO - composites.py:279 -         S2B_MSIL2A_20210801T092029_R093_T34SFF_20210801T224625
2025-08-20 00:51:07,250 - INFO - composites.py:279 -         S2A_MSIL2A_20210813T090601_R050_T34SFF_20210813T223110
2025-08-20 00:51:07,250 - INFO - composites.py:279 -         S2B_MSIL2A_20210811T092029_R093_T34SFF_20210811T230743
2025-08-20 00:51:07,250 - INFO - composites.py:279 -         S2B_MSIL2A_20210831T092029_R093_T34SFF_20210831T220934
2025-08-20 00:51:07,250 - INFO - composites.py:279 -         S2A_MSIL2A_20210823T090601_R050_T34SFG_20210823T161502
2025-08-20 00:51:07,250 - INFO - composites.py:279 -         S2B_MSIL2A_20210828T090549_R050_T34SFG_20210828T183745
2025-08-20 00:51:07,250 - INFO - composites.py:279 -         S2B_MSIL2A_20210818T090559_R050_T34SFG_20210818T225321
2025-08-20 00:51:07,250 - INFO - composites.py:279 -         S2A_MSIL2A_20210826T092031_R093_T34SFG_20210826T232153
2025-08-20 00:51:07,250 - INFO - composites.py:279 -         S2A_MSIL2A_20210816T092031_R093_T34SFG_20210816T193628
2025-08-20 00:51:07,250 - INFO - composites.py:279 -         S2B_MSIL2A_20210801T092029_R093_T34SFG_20210801T223015
2025-08-20 00:51:07,250 - INFO - composites.py:279 -         S2A_MSIL2A_20210813T090601_R050_T34SFG_20210814T000550
2025-08-20 00:51:07,251 - INFO - composites.py:279 -         S2A_MSIL2A_20210803T090601_R050_T34SFG_20210803T223726
2025-08-20 00:51:07,251 - INFO - composites.py:279 -         S2B_MSIL2A_20210831T092029_R093_T34SFG_20210831T220407
2025-08-20 00:51:07,251 - INFO - composites.py:279 -         S2B_MSIL2A_20210811T092029_R093_T34SFG_20210811T231924
2025-08-20 00:51:07,251 - INFO - composites.py:279 -         S2B_MSIL2A_20210818T090559_R050_T34SGF_20210818T223918
2025-08-20 00:51:07,251 - INFO - composites.py:279 -         S2B_MSIL2A_20210828T090549_R050_T34SGF_20210828T192201
2025-08-20 00:51:07,251 - INFO - composites.py:279 -         S2B_MSIL2A_20210808T090559_R050_T34SGF_20210808T231023
2025-08-20 00:51:07,251 - INFO - composites.py:279 -         S2A_MSIL2A_20210803T090601_R050_T34SGF_20210803T220600
2025-08-20 00:51:07,251 - INFO - composites.py:279 -         S2A_MSIL2A_20210813T090601_R050_T34SGF_20210814T002407
2025-08-20 00:51:07,251 - INFO - composites.py:279 -         S2A_MSIL2A_20210823T090601_R050_T34SGF_20210823T164511
2025-08-20 00:51:07,251 - INFO - composites.py:279 -         S2B_MSIL2A_20210828T090549_R050_T34SGG_20210828T194643
2025-08-20 00:51:07,251 - INFO - composites.py:279 -         S2A_MSIL2A_20210803T090601_R050_T34SGG_20210803T214649
2025-08-20 00:51:07,251 - INFO - composites.py:279 -         S2A_MSIL2A_20210813T090601_R050_T34SGG_20210813T223613
2025-08-20 00:51:07,251 - INFO - composites.py:279 -         S2B_MSIL2A_20210808T090559_R050_T34SGG_20210808T213921
2025-08-20 00:51:07,251 - INFO - composites.py:279 -         S2B_MSIL2A_20210818T090559_R050_T34SGG_20210818T220447
2025-08-20 00:51:07,251 - INFO - composites.py:279 -         S2A_MSIL2A_20210823T090601_R050_T34SGG_20210823T173543
2025-08-20 00:51:07,871 - INFO - sentinel2.py:154 - Matplotlib backend: Agg
2025-08-20 00:51:08,212 - INFO - sentinel2.py:224 - Write input scenes footprint overlay: //nas-rs.topo.auth.gr/Latomeia/DROUGHT/COMPOS/2021/08/x11_y08/S2L2A_medcomp_x11_y08_202108_InDataFootprint.jpeg
2025-08-20 00:51:08,497 - INFO - composites.py:293 -                                  
2025-08-20 00:51:08,498 - INFO - composites.py:294 - Downstream STAC items from Planetary Computer
2025-08-20 00:51:08,510 - INFO - timeseries_processing.py:114 -                                  
2025-08-20 00:51:08,510 - INFO - timeseries_processing.py:115 - Loading bands of diferent resolutions in EPSG:32634
2025-08-20 00:51:08,510 - INFO - timeseries_processing.py:119 -     Filtering items with native UTM EPSG:32634
2025-08-20 00:51:08,510 - INFO - timeseries_processing.py:121 -     32 Items in EPSG:32634
2025-08-20 00:51:08,511 - INFO - timeseries_processing.py:128 -                        
2025-08-20 00:51:08,511 - INFO - timeseries_processing.py:129 -     Loading parameters:
2025-08-20 00:51:08,518 - INFO - timeseries_processing.py:130 -         Bands: ['B05', 'B07', 'B8A', 'SCL']
2025-08-20 00:51:08,519 - INFO - timeseries_processing.py:131 -         Spatial resolution: 20
2025-08-20 00:51:08,519 - INFO - timeseries_processing.py:133 -         Get Assets from STAC Items
2025-08-20 00:51:08,519 - INFO - timeseries_processing.py:46 -         Initialize the STAC client
2025-08-20 00:51:09,143 - INFO - timeseries_processing.py:136 -         Loading 32 STAC Items....
2025-08-20 00:53:14,303 - INFO - timeseries_processing.py:158 -         Cube has been downloaded
2025-08-20 00:53:14,303 - INFO - timeseries_processing.py:167 -         Fix order of dimensions
2025-08-20 00:53:14,304 - INFO - timeseries_processing.py:172 -         Append bands to the band-list of EPSG:32634
2025-08-20 00:53:14,304 - INFO - timeseries_processing.py:128 -                        
2025-08-20 00:53:14,307 - INFO - timeseries_processing.py:129 -     Loading parameters:
2025-08-20 00:53:14,307 - INFO - timeseries_processing.py:130 -         Bands: ['B02', 'B03', 'B04']
2025-08-20 00:53:14,307 - INFO - timeseries_processing.py:131 -         Spatial resolution: 10
2025-08-20 00:53:14,307 - INFO - timeseries_processing.py:133 -         Get Assets from STAC Items
2025-08-20 00:53:14,307 - INFO - timeseries_processing.py:46 -         Initialize the STAC client
2025-08-20 00:53:15,019 - INFO - timeseries_processing.py:136 -         Loading 32 STAC Items....
2025-08-20 00:56:07,087 - INFO - timeseries_processing.py:158 -         Cube has been downloaded
2025-08-20 00:56:07,099 - INFO - timeseries_processing.py:161 -         Downsample 10m bands to 20m by average 2x2 binning
2025-08-20 00:56:22,333 - INFO - timeseries_processing.py:164 -         Align binned bands to native 20m bands (shape matching): method=bilinear
2025-08-20 00:56:34,284 - INFO - timeseries_processing.py:172 -         Append bands to the band-list of EPSG:32634
2025-08-20 00:56:34,284 - INFO - timeseries_processing.py:176 -                        
2025-08-20 00:56:34,284 - INFO - timeseries_processing.py:177 -     Merging bands in a single dataset
2025-08-20 00:56:34,284 - INFO - timeseries_processing.py:178 -     Ensure all partial datasets are at (x=20, y=-20) resolution
2025-08-20 00:56:34,285 - INFO - timeseries_processing.py:182 -     Clip to the intersection of indexes
2025-08-20 00:56:35,703 - INFO - timeseries_processing.py:191 -     Make a list of bands to merge
2025-08-20 00:56:35,703 - INFO - timeseries_processing.py:195 -     Merge on intersection
2025-08-20 00:56:35,704 - INFO - timeseries_processing.py:203 -     Apply masks on clouds, shadows, thin cirrus, and snow/ice
2025-08-20 00:56:35,704 - INFO - sentinel2.py:122 -                Masking bits: [3, 7, 8, 9, 10, 11]
2025-08-20 00:56:37,275 - INFO - timeseries_processing.py:209 -     Reproject to Tiling Schema projection EPSG:3035
2025-08-20 00:56:52,834 - INFO - composites.py:303 - Clip and align to tile geometry
2025-08-20 00:56:57,703 - INFO - composites.py:336 - Creating preview plot of input scenes
2025-08-20 00:57:40,402 - INFO - timeseries_processing.py:367 - Saved preview for 'B04' to //nas-rs.topo.auth.gr/Latomeia/DROUGHT/COMPOS/2021/08/x11_y08/S2L2A_medcomp_x11_y08_202108_InDataPreview.jpeg
2025-08-20 00:57:40,412 - INFO - composites.py:342 - Clip value range
2025-08-20 00:57:42,893 - INFO - composites.py:347 -                           
2025-08-20 00:57:42,894 - INFO - composites.py:348 - Computing spectral indices:
2025-08-20 00:57:42,894 - INFO - composites.py:351 -     EVI...
2025-08-20 00:57:44,399 - INFO - composites.py:353 -     NDVI...
2025-08-20 00:57:44,854 - INFO - composites.py:355 -     PSRI2...
2025-08-20 00:57:45,315 - INFO - composites.py:358 - Clip to typical value range
2025-08-20 00:57:45,888 - INFO - composites.py:365 - Reducing to median value temporal composite
2025-08-20 00:58:16,185 - INFO - composites.py:384 - Define data types and nodata per band
2025-08-20 00:58:16,346 - INFO - composites.py:405 - Assign time range and tile ID in metadata
2025-08-20 00:58:16,346 - INFO - composites.py:413 - Write bands to raster COG files
2025-08-20 00:58:21,281 - INFO - composites.py:426 - Write B02 -> //nas-rs.topo.auth.gr/Latomeia/DROUGHT/COMPOS/2021/08/x11_y08/S2L2A_medcomp_x11_y08_202108_B02.tif
2025-08-20 00:58:26,105 - INFO - composites.py:426 - Write B03 -> //nas-rs.topo.auth.gr/Latomeia/DROUGHT/COMPOS/2021/08/x11_y08/S2L2A_medcomp_x11_y08_202108_B03.tif
2025-08-20 00:58:30,924 - INFO - composites.py:426 - Write B04 -> //nas-rs.topo.auth.gr/Latomeia/DROUGHT/COMPOS/2021/08/x11_y08/S2L2A_medcomp_x11_y08_202108_B04.tif
2025-08-20 00:58:35,701 - INFO - composites.py:426 - Write B05 -> //nas-rs.topo.auth.gr/Latomeia/DROUGHT/COMPOS/2021/08/x11_y08/S2L2A_medcomp_x11_y08_202108_B05.tif
2025-08-20 00:58:40,553 - INFO - composites.py:426 - Write B07 -> //nas-rs.topo.auth.gr/Latomeia/DROUGHT/COMPOS/2021/08/x11_y08/S2L2A_medcomp_x11_y08_202108_B07.tif
2025-08-20 00:58:45,515 - INFO - composites.py:426 - Write B8A -> //nas-rs.topo.auth.gr/Latomeia/DROUGHT/COMPOS/2021/08/x11_y08/S2L2A_medcomp_x11_y08_202108_B8A.tif
2025-08-20 00:58:50,285 - INFO - composites.py:426 - Write EVI -> //nas-rs.topo.auth.gr/Latomeia/DROUGHT/COMPOS/2021/08/x11_y08/S2L2A_medcomp_x11_y08_202108_evi.tif
2025-08-20 00:58:55,080 - INFO - composites.py:426 - Write NDVI -> //nas-rs.topo.auth.gr/Latomeia/DROUGHT/COMPOS/2021/08/x11_y08/S2L2A_medcomp_x11_y08_202108_ndvi.tif
2025-08-20 00:58:59,831 - INFO - composites.py:426 - Write PSRI2 -> //nas-rs.topo.auth.gr/Latomeia/DROUGHT/COMPOS/2021/08/x11_y08/S2L2A_medcomp_x11_y08_202108_psri2.tif
2025-08-20 00:58:59,831 - INFO - composites.py:430 - Prepare metadata YAML document
2025-08-20 00:59:00,769 - INFO - composites.py:451 - Write metadata YAML document to disk
2025-08-20 00:59:00,807 - INFO - composites.py:456 - Create datacube.model.Dataset from eo3 metadata
2025-08-20 00:59:00,818 - INFO - composites.py:467 - Index to datacube
2025-08-20 00:59:00,819 - INFO - _datasets.py:191 - Indexing abdf4510-3726-4ce5-9a09-8c8f34f7e128
2025-08-20 00:59:00,829 - INFO - composites.py:470 - 
2025-08-20 00:59:00,829 - INFO - composites.py:471 -              ✔✔✔ COMPLETED: Tile x11_y08 | Time: 2021-08 | In 11.66 minutes
2025-08-20 00:59:00,829 - INFO - composites.py:472 - 
2025-08-20 00:59:00,829 - INFO - composites.py:480 - Closing Dask client
2025-08-20 00:59:00,830 - INFO - composites.py:484 - Closing Dask cluster
2025-08-20 00:59:00,831 - INFO - composites.py:485 - #######################################################################
