2025-08-18 02:28:13,034 - INFO - composites.py:104 - #######################################################################
2025-08-18 02:28:13,034 - INFO - composites.py:106 - Processing started
2025-08-18 02:28:13,034 - INFO - composites.py:107 -         Tile: x12_y11
2025-08-18 02:28:13,034 - INFO - composites.py:108 -         Time: 2020-05
2025-08-18 02:28:13,034 - INFO - composites.py:111 -                           
2025-08-18 02:28:13,034 - INFO - composites.py:112 - Establishing connection to datacube
2025-08-18 02:28:13,843 - INFO - composites.py:115 -                           
2025-08-18 02:28:13,844 - INFO - composites.py:116 - Sanity test: Check if dataset already exists in the datacube
2025-08-18 02:28:13,863 - INFO - composites.py:134 - The composite requested will be computed
2025-08-18 02:28:13,863 - INFO - composites.py:137 -                                  
2025-08-18 02:28:13,863 - INFO - composites.py:138 - Initializing Dask cluster for parallelization
2025-08-18 02:28:20,277 - INFO - composites.py:170 - Dask dashboard is available at: http://127.0.0.1:8787/status
2025-08-18 02:28:20,277 - INFO - composites.py:173 - Create directories and naming conversions
2025-08-18 02:28:20,284 - INFO - composites.py:184 - Dataset location: //nas-rs.topo.auth.gr/Latomeia/DROUGHT/COMPOS/2020/05/x12_y11
2025-08-18 02:28:20,284 - INFO - composites.py:187 -                           
2025-08-18 02:28:20,284 - INFO - composites.py:188 - Retrieve tile geometry
2025-08-18 02:28:20,326 - INFO - composites.py:199 - Create the Bounding Box (φ,λ)
2025-08-18 02:28:20,326 - INFO - composites.py:205 - Create the Bounding Box (x,y)
2025-08-18 02:28:20,326 - INFO - composites.py:218 -                           
2025-08-18 02:28:20,326 - INFO - composites.py:219 - Connect to Planetary Computer STAC Catalog
2025-08-18 02:28:20,585 - INFO - composites.py:227 - Search the STAC Catalog
2025-08-18 02:28:20,657 - INFO - composites.py:239 -         Query parameters:
2025-08-18 02:28:20,657 - INFO - composites.py:240 -             url:          https://planetarycomputer.microsoft.com/api/stac/v1/search
2025-08-18 02:28:20,657 - INFO - composites.py:241 -             client:       microsoft-pc
2025-08-18 02:28:20,657 - INFO - composites.py:242 -             collection:   sentinel-2-l2a
2025-08-18 02:28:20,657 - INFO - composites.py:243 -             bbox:         (23.628548648210305, 37.993645379626564, 24.306565062510593, 38.55017402535158)
2025-08-18 02:28:20,657 - INFO - composites.py:244 -             time range:   2020-05-01T00:00:00Z/2020-05-31T23:59:59Z
2025-08-18 02:28:20,657 - INFO - composites.py:245 -             cloud cover:  0% - 70%
2025-08-18 02:28:20,657 - INFO - composites.py:246 -             nodata cover: 0% - 33%
2025-08-18 02:28:20,657 - INFO - composites.py:248 -                           
2025-08-18 02:28:20,657 - INFO - composites.py:249 - Searching...
2025-08-18 02:28:21,052 - INFO - composites.py:252 - Query found 11 items
2025-08-18 02:28:21,053 - INFO - composites.py:254 - Searching for GRI REFINED scenes:
2025-08-18 02:28:26,412 - INFO - sentinel2.py:63 - 1/11 - S2A_MSIL2A_20200530T090601_R050_T35SKC_20200911T120400 -> Not Found
2025-08-18 02:28:30,825 - INFO - sentinel2.py:63 - 2/11 - S2A_MSIL2A_20200530T090601_R050_T34SGH_20200911T120350 -> Not Found
2025-08-18 02:28:36,366 - INFO - sentinel2.py:63 - 3/11 - S2B_MSIL2A_20200525T090559_R050_T35SKC_20200910T231855 -> Not Found
2025-08-18 02:28:40,913 - INFO - sentinel2.py:63 - 4/11 - S2B_MSIL2A_20200525T090559_R050_T34SGH_20201027T071811 -> Not Found
2025-08-18 02:28:45,306 - INFO - sentinel2.py:63 - 5/11 - S2A_MSIL2A_20200520T090601_R050_T35SKC_20200910T074252 -> Not Found
2025-08-18 02:28:50,671 - INFO - sentinel2.py:63 - 6/11 - S2A_MSIL2A_20200520T090601_R050_T34SGH_20200910T074217 -> Not Found
2025-08-18 02:28:55,082 - INFO - sentinel2.py:63 - 7/11 - S2B_MSIL2A_20200515T090559_R050_T35SKC_20200918T082443 -> Not Found
2025-08-18 02:29:00,665 - INFO - sentinel2.py:63 - 8/11 - S2B_MSIL2A_20200515T090559_R050_T34SGH_20200918T082423 -> Not Found
2025-08-18 02:29:05,840 - INFO - sentinel2.py:63 - 9/11 - S2A_MSIL2A_20200510T090601_R050_T35SKC_20200919T211818 -> Not Found
2025-08-18 02:29:13,129 - INFO - sentinel2.py:63 - 10/11 - S2B_MSIL2A_20200505T090549_R050_T35SKC_20200920T154714 -> Not Found
2025-08-18 02:29:18,452 - INFO - sentinel2.py:63 - 11/11 - S2B_MSIL2A_20200505T090549_R050_T34SGH_20200920T154701 -> Not Found
2025-08-18 02:29:18,502 - INFO - composites.py:257 -                                  
2025-08-18 02:29:18,503 - INFO - composites.py:258 - 0/11 were refined by GRI.
2025-08-18 02:29:18,503 - WARNING - composites.py:262 - Tile x12_y11 | Time: 2020-05: All scenes are flagged NOT REFINED.
2025-08-18 02:29:18,503 - WARNING - composites.py:263 - Tile x12_y11 | Time: 2020-05: The composite will be flagged with _NOREFINED.
2025-08-18 02:29:18,503 - INFO - composites.py:270 - Looking for up to 10 cleanest images within spatiotemporal range of each MGRS tile
2025-08-18 02:29:18,504 - INFO - composites.py:284 - Filtered cleanest scenes: Kept 11 out of 11 items. 
2025-08-18 02:29:18,504 - INFO - composites.py:285 -         Included MGRS Tiles: ['34SGH' '35SKC']
2025-08-18 02:29:18,514 - INFO - composites.py:286 -         Included EPSG codes: [32634 32635]
2025-08-18 02:29:18,519 - INFO - composites.py:288 - Selected scenes:
2025-08-18 02:29:18,520 - INFO - composites.py:290 -         S2B_MSIL2A_20200505T090549_R050_T34SGH_20200920T154701
2025-08-18 02:29:18,530 - INFO - composites.py:290 -         S2B_MSIL2A_20200515T090559_R050_T34SGH_20200918T082423
2025-08-18 02:29:18,535 - INFO - composites.py:290 -         S2A_MSIL2A_20200530T090601_R050_T34SGH_20200911T120350
2025-08-18 02:29:18,535 - INFO - composites.py:290 -         S2A_MSIL2A_20200520T090601_R050_T34SGH_20200910T074217
2025-08-18 02:29:18,545 - INFO - composites.py:290 -         S2B_MSIL2A_20200525T090559_R050_T34SGH_20201027T071811
2025-08-18 02:29:18,546 - INFO - composites.py:290 -         S2B_MSIL2A_20200505T090549_R050_T35SKC_20200920T154714
2025-08-18 02:29:18,546 - INFO - composites.py:290 -         S2B_MSIL2A_20200515T090559_R050_T35SKC_20200918T082443
2025-08-18 02:29:18,546 - INFO - composites.py:290 -         S2A_MSIL2A_20200530T090601_R050_T35SKC_20200911T120400
2025-08-18 02:29:18,547 - INFO - composites.py:290 -         S2A_MSIL2A_20200520T090601_R050_T35SKC_20200910T074252
2025-08-18 02:29:18,547 - INFO - composites.py:290 -         S2B_MSIL2A_20200525T090559_R050_T35SKC_20200910T231855
2025-08-18 02:29:18,547 - INFO - composites.py:290 -         S2A_MSIL2A_20200510T090601_R050_T35SKC_20200919T211818
2025-08-18 02:29:19,107 - INFO - sentinel2.py:139 - Matplotlib backend: Agg
2025-08-18 02:29:19,316 - INFO - sentinel2.py:209 - Write input scenes footprint overlay: //nas-rs.topo.auth.gr/Latomeia/DROUGHT/COMPOS/2020/05/x12_y11/S2L2A_medcomp_x12_y11_202005_InDataFootprint.jpeg
2025-08-18 02:29:19,612 - INFO - composites.py:304 -                                  
2025-08-18 02:29:19,612 - INFO - composites.py:305 - Downstream STAC items from Planetary Computer
2025-08-18 02:29:19,612 - INFO - timeseries_processing.py:99 -                                  
2025-08-18 02:29:19,612 - INFO - timeseries_processing.py:100 - Loading bands of diferent resolutions in EPSG:32634
2025-08-18 02:29:19,612 - INFO - timeseries_processing.py:104 -     Filtering items with native UTM EPSG:32634
2025-08-18 02:29:19,612 - INFO - timeseries_processing.py:106 -     5 Items in EPSG:32634
2025-08-18 02:29:19,612 - INFO - timeseries_processing.py:113 -                        
2025-08-18 02:29:19,612 - INFO - timeseries_processing.py:114 -     Loading parameters:
2025-08-18 02:29:19,612 - INFO - timeseries_processing.py:115 -         Bands: ['B05', 'B07', 'B8A', 'SCL']
2025-08-18 02:29:19,612 - INFO - timeseries_processing.py:116 -         Spatial resolution: 20
2025-08-18 02:29:19,612 - INFO - timeseries_processing.py:118 -         Get Assets from STAC Items
2025-08-18 02:29:19,612 - INFO - timeseries_processing.py:31 -         Initialize the STAC client
2025-08-18 02:29:20,165 - INFO - timeseries_processing.py:121 -         Loading 5 STAC Items....
2025-08-18 02:29:58,587 - INFO - timeseries_processing.py:143 -         Cube has been downloaded
2025-08-18 02:29:58,587 - INFO - timeseries_processing.py:152 -         Fix order of dimensions
2025-08-18 02:29:58,588 - INFO - timeseries_processing.py:157 -         Append bands to the band-list of EPSG:32634
2025-08-18 02:29:58,589 - INFO - timeseries_processing.py:113 -                        
2025-08-18 02:29:58,589 - INFO - timeseries_processing.py:114 -     Loading parameters:
2025-08-18 02:29:58,589 - INFO - timeseries_processing.py:115 -         Bands: ['B02', 'B03', 'B04']
2025-08-18 02:29:58,589 - INFO - timeseries_processing.py:116 -         Spatial resolution: 10
2025-08-18 02:29:58,589 - INFO - timeseries_processing.py:118 -         Get Assets from STAC Items
2025-08-18 02:29:58,589 - INFO - timeseries_processing.py:31 -         Initialize the STAC client
2025-08-18 02:29:59,127 - INFO - timeseries_processing.py:121 -         Loading 5 STAC Items....
2025-08-18 02:31:27,223 - INFO - timeseries_processing.py:143 -         Cube has been downloaded
2025-08-18 02:31:27,223 - INFO - timeseries_processing.py:146 -         Downsample 10m bands to 20m by average 2x2 binning
2025-08-18 02:31:34,338 - INFO - timeseries_processing.py:149 -         Warp (reproject) 2x2 binned bands like native 20m bands: method=bilinear
2025-08-18 02:31:40,810 - INFO - timeseries_processing.py:157 -         Append bands to the band-list of EPSG:32634
2025-08-18 02:31:40,810 - INFO - timeseries_processing.py:161 -                        
2025-08-18 02:31:40,810 - INFO - timeseries_processing.py:162 -     Merging bands in a single dataset
2025-08-18 02:31:40,810 - INFO - timeseries_processing.py:163 -     Ensure all partial datasets are at (x=20, y=-20) resolution
2025-08-18 02:31:40,811 - INFO - timeseries_processing.py:167 -     Clip to the intersection of indexes
2025-08-18 02:31:42,155 - INFO - timeseries_processing.py:176 -     Make a list of bands to merge
2025-08-18 02:31:42,158 - INFO - timeseries_processing.py:180 -     Merge on intersection
2025-08-18 02:31:42,159 - INFO - timeseries_processing.py:188 -     Apply masks on clouds, shadows, thin cirrus, and snow/ice
2025-08-18 02:31:42,159 - INFO - sentinel2.py:107 -                Masking bits: [3, 7, 8, 9, 10, 11]
2025-08-18 02:31:42,943 - INFO - timeseries_processing.py:194 -     Reproject to Tiling Schema projection EPSG:3035
2025-08-18 02:31:50,135 - INFO - timeseries_processing.py:99 -                                  
2025-08-18 02:31:50,135 - INFO - timeseries_processing.py:100 - Loading bands of diferent resolutions in EPSG:32635
2025-08-18 02:31:50,135 - INFO - timeseries_processing.py:104 -     Filtering items with native UTM EPSG:32635
2025-08-18 02:31:50,135 - INFO - timeseries_processing.py:106 -     6 Items in EPSG:32635
2025-08-18 02:31:50,135 - INFO - timeseries_processing.py:113 -                        
2025-08-18 02:31:50,136 - INFO - timeseries_processing.py:114 -     Loading parameters:
2025-08-18 02:31:50,136 - INFO - timeseries_processing.py:115 -         Bands: ['B05', 'B07', 'B8A', 'SCL']
2025-08-18 02:31:50,136 - INFO - timeseries_processing.py:116 -         Spatial resolution: 20
2025-08-18 02:31:50,136 - INFO - timeseries_processing.py:118 -         Get Assets from STAC Items
2025-08-18 02:31:50,136 - INFO - timeseries_processing.py:31 -         Initialize the STAC client
2025-08-18 02:31:50,670 - INFO - timeseries_processing.py:121 -         Loading 6 STAC Items....
2025-08-18 02:32:35,630 - INFO - timeseries_processing.py:143 -         Cube has been downloaded
2025-08-18 02:32:35,630 - INFO - timeseries_processing.py:152 -         Fix order of dimensions
2025-08-18 02:32:35,632 - INFO - timeseries_processing.py:157 -         Append bands to the band-list of EPSG:32635
2025-08-18 02:32:35,632 - INFO - timeseries_processing.py:113 -                        
2025-08-18 02:32:35,632 - INFO - timeseries_processing.py:114 -     Loading parameters:
2025-08-18 02:32:35,633 - INFO - timeseries_processing.py:115 -         Bands: ['B02', 'B03', 'B04']
2025-08-18 02:32:35,634 - INFO - timeseries_processing.py:116 -         Spatial resolution: 10
2025-08-18 02:32:35,634 - INFO - timeseries_processing.py:118 -         Get Assets from STAC Items
2025-08-18 02:32:35,634 - INFO - timeseries_processing.py:31 -         Initialize the STAC client
2025-08-18 02:32:36,136 - INFO - timeseries_processing.py:121 -         Loading 6 STAC Items....
2025-08-18 02:34:21,726 - INFO - timeseries_processing.py:143 -         Cube has been downloaded
2025-08-18 02:34:21,726 - INFO - timeseries_processing.py:146 -         Downsample 10m bands to 20m by average 2x2 binning
2025-08-18 02:34:30,627 - INFO - timeseries_processing.py:149 -         Warp (reproject) 2x2 binned bands like native 20m bands: method=bilinear
2025-08-18 02:34:33,397 - INFO - timeseries_processing.py:157 -         Append bands to the band-list of EPSG:32635
2025-08-18 02:34:33,397 - INFO - timeseries_processing.py:161 -                        
2025-08-18 02:34:33,397 - INFO - timeseries_processing.py:162 -     Merging bands in a single dataset
2025-08-18 02:34:33,397 - INFO - timeseries_processing.py:163 -     Ensure all partial datasets are at (x=20, y=-20) resolution
2025-08-18 02:34:33,399 - INFO - timeseries_processing.py:167 -     Clip to the intersection of indexes
2025-08-18 02:34:33,400 - INFO - timeseries_processing.py:176 -     Make a list of bands to merge
2025-08-18 02:34:33,400 - INFO - timeseries_processing.py:180 -     Merge on intersection
2025-08-18 02:34:33,400 - INFO - timeseries_processing.py:188 -     Apply masks on clouds, shadows, thin cirrus, and snow/ice
2025-08-18 02:34:33,402 - INFO - sentinel2.py:107 -                Masking bits: [3, 7, 8, 9, 10, 11]
2025-08-18 02:34:34,301 - INFO - timeseries_processing.py:194 -     Reproject to Tiling Schema projection EPSG:3035
2025-08-18 02:34:43,088 - INFO - composites.py:314 - Clip and align to tile geometry
2025-08-18 02:34:47,392 - INFO - composites.py:320 -                           
2025-08-18 02:34:47,405 - INFO - composites.py:321 - Mosaic datasets of different native UTM zones to a single dataset
2025-08-18 02:34:53,359 - INFO - composites.py:347 - Creating preview plot of input scenes
2025-08-18 02:35:23,101 - INFO - timeseries_processing.py:352 - Saved preview for 'B04' to //nas-rs.topo.auth.gr/Latomeia/DROUGHT/COMPOS/2020/05/x12_y11/S2L2A_medcomp_x12_y11_202005_InDataPreview.jpeg
2025-08-18 02:35:23,105 - INFO - composites.py:353 - Clip value range
2025-08-18 02:35:23,801 - INFO - composites.py:358 -                           
2025-08-18 02:35:23,801 - INFO - composites.py:359 - Computing spectral indices:
2025-08-18 02:35:23,801 - INFO - composites.py:362 -     EVI...
2025-08-18 02:35:24,181 - INFO - composites.py:364 -     NDVI...
2025-08-18 02:35:24,272 - INFO - composites.py:366 -     PSRI2...
2025-08-18 02:35:24,394 - INFO - composites.py:369 - Clip to typical value range
2025-08-18 02:35:24,680 - INFO - composites.py:376 - Reducing to median value temporal composite
2025-08-18 02:35:52,570 - INFO - composites.py:395 - Define data types and nodata per band
2025-08-18 02:35:52,740 - INFO - composites.py:416 - Assign time range and tile ID in metadata
2025-08-18 02:35:52,740 - INFO - composites.py:424 - Write bands to raster COG files
2025-08-18 02:35:57,447 - INFO - composites.py:437 - Write B02 -> //nas-rs.topo.auth.gr/Latomeia/DROUGHT/COMPOS/2020/05/x12_y11/S2L2A_medcomp_x12_y11_202005_B02.tif
2025-08-18 02:36:02,241 - INFO - composites.py:437 - Write B03 -> //nas-rs.topo.auth.gr/Latomeia/DROUGHT/COMPOS/2020/05/x12_y11/S2L2A_medcomp_x12_y11_202005_B03.tif
2025-08-18 02:36:06,920 - INFO - composites.py:437 - Write B04 -> //nas-rs.topo.auth.gr/Latomeia/DROUGHT/COMPOS/2020/05/x12_y11/S2L2A_medcomp_x12_y11_202005_B04.tif
2025-08-18 02:36:11,653 - INFO - composites.py:437 - Write B05 -> //nas-rs.topo.auth.gr/Latomeia/DROUGHT/COMPOS/2020/05/x12_y11/S2L2A_medcomp_x12_y11_202005_B05.tif
2025-08-18 02:36:16,433 - INFO - composites.py:437 - Write B07 -> //nas-rs.topo.auth.gr/Latomeia/DROUGHT/COMPOS/2020/05/x12_y11/S2L2A_medcomp_x12_y11_202005_B07.tif
2025-08-18 02:36:21,111 - INFO - composites.py:437 - Write B8A -> //nas-rs.topo.auth.gr/Latomeia/DROUGHT/COMPOS/2020/05/x12_y11/S2L2A_medcomp_x12_y11_202005_B8A.tif
2025-08-18 02:36:25,748 - INFO - composites.py:437 - Write EVI -> //nas-rs.topo.auth.gr/Latomeia/DROUGHT/COMPOS/2020/05/x12_y11/S2L2A_medcomp_x12_y11_202005_evi.tif
2025-08-18 02:36:30,450 - INFO - composites.py:437 - Write NDVI -> //nas-rs.topo.auth.gr/Latomeia/DROUGHT/COMPOS/2020/05/x12_y11/S2L2A_medcomp_x12_y11_202005_ndvi.tif
2025-08-18 02:36:35,151 - INFO - composites.py:437 - Write PSRI2 -> //nas-rs.topo.auth.gr/Latomeia/DROUGHT/COMPOS/2020/05/x12_y11/S2L2A_medcomp_x12_y11_202005_psri2.tif
2025-08-18 02:36:35,167 - INFO - composites.py:441 - Prepare metadata YAML document
2025-08-18 02:36:35,901 - INFO - composites.py:462 - Write metadata YAML document to disk
2025-08-18 02:36:35,943 - INFO - composites.py:467 - Create datacube.model.Dataset from eo3 metadata
2025-08-18 02:36:35,955 - INFO - composites.py:477 - Index to datacube
2025-08-18 02:36:35,955 - INFO - _datasets.py:191 - Indexing e5baa3bc-2263-4793-a3d3-e1c27838cac5
2025-08-18 02:36:35,975 - INFO - composites.py:480 - 
2025-08-18 02:36:35,975 - INFO - composites.py:481 -              ✔✔✔ COMPLETED: Tile x12_y11 | Time: 2020-05 | In 8.38 minutes
2025-08-18 02:36:35,975 - INFO - composites.py:482 - 
2025-08-18 02:36:35,975 - INFO - composites.py:490 - Closing Dask client
2025-08-18 02:36:35,978 - INFO - composites.py:494 - Closing Dask cluster
