2025-08-20 09:54:27,603 - INFO - composites.py:100 - #######################################################################
2025-08-20 09:54:27,603 - INFO - composites.py:102 - Processing started
2025-08-20 09:54:27,603 - INFO - composites.py:103 -         Tile: x09_y09
2025-08-20 09:54:27,603 - INFO - composites.py:104 -         Time: 2021-12
2025-08-20 09:54:27,603 - INFO - composites.py:107 -                           
2025-08-20 09:54:27,603 - INFO - composites.py:108 - Establishing connection to datacube
2025-08-20 09:54:28,318 - INFO - composites.py:111 -                           
2025-08-20 09:54:28,318 - INFO - composites.py:112 - Sanity test: Check if dataset already exists in the datacube
2025-08-20 09:54:28,339 - INFO - composites.py:131 - The composite requested was not found and it will be computed
2025-08-20 09:54:28,339 - INFO - composites.py:134 -                                  
2025-08-20 09:54:28,339 - INFO - composites.py:135 - Initializing Dask cluster for parallelization
2025-08-20 09:54:34,362 - INFO - composites.py:159 - Dask dashboard is available at: http://127.0.0.1:8787/status
2025-08-20 09:54:34,362 - INFO - composites.py:162 - Create directories and naming conversions
2025-08-20 09:54:34,370 - INFO - composites.py:173 - Dataset location: //nas-rs.topo.auth.gr/Latomeia/DROUGHT/COMPOS/2021/12/x09_y09
2025-08-20 09:54:34,370 - INFO - composites.py:176 -                           
2025-08-20 09:54:34,370 - INFO - composites.py:177 - Retrieve tile geometry
2025-08-20 09:54:34,409 - INFO - composites.py:188 - Create the Bounding Box (φ,λ)
2025-08-20 09:54:34,409 - INFO - composites.py:194 - Create the Bounding Box (x,y)
2025-08-20 09:54:34,409 - INFO - composites.py:207 -                           
2025-08-20 09:54:34,409 - INFO - composites.py:208 - Connect to Planetary Computer STAC Catalog
2025-08-20 09:54:34,856 - INFO - composites.py:216 - Search the STAC Catalog
2025-08-20 09:54:34,938 - INFO - composites.py:228 -         Query parameters:
2025-08-20 09:54:34,938 - INFO - composites.py:229 -             url:          https://planetarycomputer.microsoft.com/api/stac/v1/search
2025-08-20 09:54:34,938 - INFO - composites.py:230 -             client:       microsoft-pc
2025-08-20 09:54:34,938 - INFO - composites.py:231 -             collection:   sentinel-2-l2a
2025-08-20 09:54:34,938 - INFO - composites.py:232 -             bbox:         (21.85976443804976, 37.36318389002327, 22.521697581523807, 37.91188961947624)
2025-08-20 09:54:34,938 - INFO - composites.py:233 -             time range:   2021-12-01T00:00:00Z/2021-12-31T23:59:59Z
2025-08-20 09:54:34,938 - INFO - composites.py:234 -             cloud cover:  0% - 70%
2025-08-20 09:54:34,938 - INFO - composites.py:235 -             nodata cover: 0% - 33%
2025-08-20 09:54:34,938 - INFO - composites.py:237 -                           
2025-08-20 09:54:34,938 - INFO - composites.py:238 - Searching...
2025-08-20 09:54:35,484 - INFO - composites.py:241 - Query found 36 items
2025-08-20 09:54:35,484 - INFO - composites.py:243 - Searching for GRI REFINED scenes:
2025-08-20 09:54:42,479 - INFO - sentinel2.py:78 - 1/36 - S2A_MSIL2A_20211231T091401_R050_T34SFG_20230127T130707 -> REFINED
2025-08-20 09:54:49,256 - INFO - sentinel2.py:78 - 2/36 - S2A_MSIL2A_20211231T091401_R050_T34SFG_20220101T094050 -> REFINED
2025-08-20 09:54:56,820 - INFO - sentinel2.py:78 - 3/36 - S2B_MSIL2A_20211226T091309_R050_T34SFG_20230128T114938 -> REFINED
2025-08-20 09:55:03,356 - INFO - sentinel2.py:78 - 4/36 - S2B_MSIL2A_20211226T091309_R050_T34SFG_20211226T215051 -> REFINED
2025-08-20 09:55:10,540 - INFO - sentinel2.py:78 - 5/36 - S2A_MSIL2A_20211224T092411_R093_T34SFH_20211225T003707 -> REFINED
2025-08-20 09:55:19,136 - INFO - sentinel2.py:78 - 6/36 - S2A_MSIL2A_20211224T092411_R093_T34SFG_20211225T005342 -> REFINED
2025-08-20 09:55:28,338 - INFO - sentinel2.py:78 - 7/36 - S2A_MSIL2A_20211224T092411_R093_T34SEG_20211225T015113 -> REFINED
2025-08-20 09:55:35,544 - INFO - sentinel2.py:78 - 8/36 - S2A_MSIL2A_20211221T091411_R050_T34SFG_20211222T075337 -> REFINED
2025-08-20 09:55:42,622 - INFO - sentinel2.py:78 - 9/36 - S2B_MSIL2A_20211219T092309_R093_T34SFH_20230128T195124 -> REFINED
2025-08-20 09:55:50,335 - INFO - sentinel2.py:78 - 10/36 - S2B_MSIL2A_20211219T092309_R093_T34SFH_20211219T192551 -> REFINED
2025-08-20 09:55:57,651 - INFO - sentinel2.py:78 - 11/36 - S2B_MSIL2A_20211219T092309_R093_T34SFG_20230128T220737 -> REFINED
2025-08-20 09:56:04,202 - INFO - sentinel2.py:78 - 12/36 - S2B_MSIL2A_20211219T092309_R093_T34SFG_20211219T174356 -> REFINED
2025-08-20 09:56:12,833 - INFO - sentinel2.py:78 - 13/36 - S2B_MSIL2A_20211219T092309_R093_T34SEH_20230128T224737 -> REFINED
2025-08-20 09:56:21,738 - INFO - sentinel2.py:78 - 14/36 - S2B_MSIL2A_20211219T092309_R093_T34SEH_20211219T183952 -> REFINED
2025-08-20 09:56:30,494 - INFO - sentinel2.py:78 - 15/36 - S2B_MSIL2A_20211219T092309_R093_T34SEG_20230128T220055 -> REFINED
2025-08-20 09:56:38,215 - INFO - sentinel2.py:78 - 16/36 - S2B_MSIL2A_20211219T092309_R093_T34SEG_20211219T184130 -> REFINED
2025-08-20 09:56:45,537 - INFO - sentinel2.py:78 - 17/36 - S2B_MSIL2A_20211216T091259_R050_T34SFG_20211216T230345 -> REFINED
2025-08-20 09:56:52,651 - INFO - sentinel2.py:78 - 18/36 - S2A_MSIL2A_20211214T092401_R093_T34SFH_20211214T235322 -> REFINED
2025-08-20 09:57:01,225 - INFO - sentinel2.py:78 - 19/36 - S2A_MSIL2A_20211214T092401_R093_T34SFG_20230126T063050 -> REFINED
2025-08-20 09:57:08,491 - INFO - sentinel2.py:78 - 20/36 - S2A_MSIL2A_20211214T092401_R093_T34SFG_20211214T233021 -> REFINED
2025-08-20 09:57:16,078 - INFO - sentinel2.py:78 - 21/36 - S2A_MSIL2A_20211214T092401_R093_T34SEH_20230125T164636 -> REFINED
2025-08-20 09:57:22,687 - INFO - sentinel2.py:78 - 22/36 - S2A_MSIL2A_20211214T092401_R093_T34SEH_20211215T000614 -> REFINED
2025-08-20 09:57:29,686 - INFO - sentinel2.py:78 - 23/36 - S2A_MSIL2A_20211214T092401_R093_T34SEG_20230125T160650 -> REFINED
2025-08-20 09:57:36,979 - INFO - sentinel2.py:78 - 24/36 - S2A_MSIL2A_20211214T092401_R093_T34SEG_20211214T224924 -> REFINED
2025-08-20 09:57:44,717 - INFO - sentinel2.py:78 - 25/36 - S2B_MSIL2A_20211209T092259_R093_T34SFH_20230128T200957 -> REFINED
2025-08-20 09:57:52,134 - INFO - sentinel2.py:78 - 26/36 - S2B_MSIL2A_20211209T092259_R093_T34SFH_20211209T232011 -> REFINED
2025-08-20 09:57:59,190 - INFO - sentinel2.py:78 - 27/36 - S2B_MSIL2A_20211209T092259_R093_T34SFG_20230129T155341 -> REFINED
2025-08-20 09:58:05,591 - INFO - sentinel2.py:78 - 28/36 - S2B_MSIL2A_20211209T092259_R093_T34SFG_20211209T210247 -> REFINED
2025-08-20 09:58:14,446 - INFO - sentinel2.py:78 - 29/36 - S2B_MSIL2A_20211209T092259_R093_T34SEH_20230128T183102 -> REFINED
2025-08-20 09:58:21,877 - INFO - sentinel2.py:78 - 30/36 - S2B_MSIL2A_20211209T092259_R093_T34SEH_20211209T232842 -> REFINED
2025-08-20 09:58:28,898 - INFO - sentinel2.py:78 - 31/36 - S2B_MSIL2A_20211209T092259_R093_T34SEG_20230127T165328 -> REFINED
2025-08-20 09:58:35,955 - INFO - sentinel2.py:78 - 32/36 - S2B_MSIL2A_20211209T092259_R093_T34SEG_20211209T230815 -> REFINED
2025-08-20 09:58:42,071 - INFO - sentinel2.py:78 - 33/36 - S2B_MSIL2A_20211206T091249_R050_T34SFG_20230128T195910 -> REFINED
2025-08-20 09:58:49,912 - INFO - sentinel2.py:78 - 34/36 - S2B_MSIL2A_20211206T091249_R050_T34SFG_20211207T003401 -> REFINED
2025-08-20 09:58:57,133 - INFO - sentinel2.py:78 - 35/36 - S2A_MSIL2A_20211204T092351_R093_T34SEH_20211204T222239 -> REFINED
2025-08-20 09:59:03,542 - INFO - sentinel2.py:78 - 36/36 - S2A_MSIL2A_20211201T091331_R050_T34SFG_20211201T174726 -> REFINED
2025-08-20 09:59:03,639 - INFO - composites.py:246 -                                  
2025-08-20 09:59:03,639 - INFO - composites.py:247 - 36/36 were refined by GRI.
2025-08-20 09:59:03,639 - INFO - composites.py:259 - Looking for up to 10 cleanest images within spatiotemporal range of each MGRS tile
2025-08-20 09:59:03,641 - INFO - composites.py:273 - Filtered cleanest scenes: Kept 30 out of 36 items. 
2025-08-20 09:59:03,641 - INFO - composites.py:274 -         Included MGRS Tiles: ['34SEG' '34SEH' '34SFG' '34SFH']
2025-08-20 09:59:03,641 - INFO - composites.py:275 -         Included EPSG codes: [32634]
2025-08-20 09:59:03,641 - INFO - composites.py:277 - Selected scenes:
2025-08-20 09:59:03,641 - INFO - composites.py:279 -         S2B_MSIL2A_20211219T092309_R093_T34SEG_20230128T220055
2025-08-20 09:59:03,641 - INFO - composites.py:279 -         S2B_MSIL2A_20211219T092309_R093_T34SEG_20211219T184130
2025-08-20 09:59:03,641 - INFO - composites.py:279 -         S2A_MSIL2A_20211224T092411_R093_T34SEG_20211225T015113
2025-08-20 09:59:03,641 - INFO - composites.py:279 -         S2A_MSIL2A_20211214T092401_R093_T34SEG_20211214T224924
2025-08-20 09:59:03,643 - INFO - composites.py:279 -         S2A_MSIL2A_20211214T092401_R093_T34SEG_20230125T160650
2025-08-20 09:59:03,643 - INFO - composites.py:279 -         S2B_MSIL2A_20211209T092259_R093_T34SEG_20211209T230815
2025-08-20 09:59:03,643 - INFO - composites.py:279 -         S2B_MSIL2A_20211209T092259_R093_T34SEG_20230127T165328
2025-08-20 09:59:03,644 - INFO - composites.py:279 -         S2B_MSIL2A_20211219T092309_R093_T34SEH_20230128T224737
2025-08-20 09:59:03,644 - INFO - composites.py:279 -         S2B_MSIL2A_20211219T092309_R093_T34SEH_20211219T183952
2025-08-20 09:59:03,644 - INFO - composites.py:279 -         S2A_MSIL2A_20211214T092401_R093_T34SEH_20211215T000614
2025-08-20 09:59:03,644 - INFO - composites.py:279 -         S2A_MSIL2A_20211214T092401_R093_T34SEH_20230125T164636
2025-08-20 09:59:03,644 - INFO - composites.py:279 -         S2B_MSIL2A_20211209T092259_R093_T34SEH_20211209T232842
2025-08-20 09:59:03,644 - INFO - composites.py:279 -         S2A_MSIL2A_20211204T092351_R093_T34SEH_20211204T222239
2025-08-20 09:59:03,644 - INFO - composites.py:279 -         S2B_MSIL2A_20211209T092259_R093_T34SEH_20230128T183102
2025-08-20 09:59:03,644 - INFO - composites.py:279 -         S2A_MSIL2A_20211201T091331_R050_T34SFG_20211201T174726
2025-08-20 09:59:03,644 - INFO - composites.py:279 -         S2A_MSIL2A_20211224T092411_R093_T34SFG_20211225T005342
2025-08-20 09:59:03,644 - INFO - composites.py:279 -         S2B_MSIL2A_20211206T091249_R050_T34SFG_20211207T003401
2025-08-20 09:59:03,644 - INFO - composites.py:279 -         S2B_MSIL2A_20211219T092309_R093_T34SFG_20211219T174356
2025-08-20 09:59:03,644 - INFO - composites.py:279 -         S2B_MSIL2A_20211219T092309_R093_T34SFG_20230128T220737
2025-08-20 09:59:03,644 - INFO - composites.py:279 -         S2A_MSIL2A_20211214T092401_R093_T34SFG_20211214T233021
2025-08-20 09:59:03,644 - INFO - composites.py:279 -         S2B_MSIL2A_20211206T091249_R050_T34SFG_20230128T195910
2025-08-20 09:59:03,644 - INFO - composites.py:279 -         S2A_MSIL2A_20211214T092401_R093_T34SFG_20230126T063050
2025-08-20 09:59:03,644 - INFO - composites.py:279 -         S2B_MSIL2A_20211216T091259_R050_T34SFG_20211216T230345
2025-08-20 09:59:03,644 - INFO - composites.py:279 -         S2A_MSIL2A_20211221T091411_R050_T34SFG_20211222T075337
2025-08-20 09:59:03,644 - INFO - composites.py:279 -         S2A_MSIL2A_20211224T092411_R093_T34SFH_20211225T003707
2025-08-20 09:59:03,644 - INFO - composites.py:279 -         S2B_MSIL2A_20211219T092309_R093_T34SFH_20211219T192551
2025-08-20 09:59:03,644 - INFO - composites.py:279 -         S2B_MSIL2A_20211219T092309_R093_T34SFH_20230128T195124
2025-08-20 09:59:03,644 - INFO - composites.py:279 -         S2B_MSIL2A_20211209T092259_R093_T34SFH_20211209T232011
2025-08-20 09:59:03,644 - INFO - composites.py:279 -         S2B_MSIL2A_20211209T092259_R093_T34SFH_20230128T200957
2025-08-20 09:59:03,644 - INFO - composites.py:279 -         S2A_MSIL2A_20211214T092401_R093_T34SFH_20211214T235322
2025-08-20 09:59:04,250 - INFO - sentinel2.py:154 - Matplotlib backend: Agg
2025-08-20 09:59:04,573 - INFO - sentinel2.py:224 - Write input scenes footprint overlay: //nas-rs.topo.auth.gr/Latomeia/DROUGHT/COMPOS/2021/12/x09_y09/S2L2A_medcomp_x09_y09_202112_InDataFootprint.jpeg
2025-08-20 09:59:04,895 - INFO - composites.py:293 -                                  
2025-08-20 09:59:04,895 - INFO - composites.py:294 - Downstream STAC items from Planetary Computer
2025-08-20 09:59:04,895 - INFO - timeseries_processing.py:114 -                                  
2025-08-20 09:59:04,895 - INFO - timeseries_processing.py:115 - Loading bands of diferent resolutions in EPSG:32634
2025-08-20 09:59:04,895 - INFO - timeseries_processing.py:119 -     Filtering items with native UTM EPSG:32634
2025-08-20 09:59:04,895 - INFO - timeseries_processing.py:121 -     30 Items in EPSG:32634
2025-08-20 09:59:04,895 - INFO - timeseries_processing.py:128 -                        
2025-08-20 09:59:04,895 - INFO - timeseries_processing.py:129 -     Loading parameters:
2025-08-20 09:59:04,895 - INFO - timeseries_processing.py:130 -         Bands: ['B05', 'B07', 'B8A', 'SCL']
2025-08-20 09:59:04,895 - INFO - timeseries_processing.py:131 -         Spatial resolution: 20
2025-08-20 09:59:04,895 - INFO - timeseries_processing.py:133 -         Get Assets from STAC Items
2025-08-20 09:59:04,895 - INFO - timeseries_processing.py:46 -         Initialize the STAC client
2025-08-20 09:59:05,514 - INFO - timeseries_processing.py:136 -         Loading 30 STAC Items....
2025-08-20 10:00:51,604 - INFO - timeseries_processing.py:158 -         Cube has been downloaded
2025-08-20 10:00:51,605 - INFO - timeseries_processing.py:167 -         Fix order of dimensions
2025-08-20 10:00:51,607 - INFO - timeseries_processing.py:172 -         Append bands to the band-list of EPSG:32634
2025-08-20 10:00:51,608 - INFO - timeseries_processing.py:128 -                        
2025-08-20 10:00:51,609 - INFO - timeseries_processing.py:129 -     Loading parameters:
2025-08-20 10:00:51,609 - INFO - timeseries_processing.py:130 -         Bands: ['B02', 'B03', 'B04']
2025-08-20 10:00:51,609 - INFO - timeseries_processing.py:131 -         Spatial resolution: 10
2025-08-20 10:00:51,609 - INFO - timeseries_processing.py:133 -         Get Assets from STAC Items
2025-08-20 10:00:51,610 - INFO - timeseries_processing.py:46 -         Initialize the STAC client
2025-08-20 10:00:52,270 - INFO - timeseries_processing.py:136 -         Loading 30 STAC Items....
2025-08-20 10:03:57,007 - INFO - timeseries_processing.py:158 -         Cube has been downloaded
2025-08-20 10:03:57,007 - INFO - timeseries_processing.py:161 -         Downsample 10m bands to 20m by average 2x2 binning
2025-08-20 10:04:10,692 - INFO - timeseries_processing.py:164 -         Align binned bands to native 20m bands (shape matching): method=bilinear
2025-08-20 10:04:18,748 - INFO - timeseries_processing.py:172 -         Append bands to the band-list of EPSG:32634
2025-08-20 10:04:18,748 - INFO - timeseries_processing.py:176 -                        
2025-08-20 10:04:18,748 - INFO - timeseries_processing.py:177 -     Merging bands in a single dataset
2025-08-20 10:04:18,748 - INFO - timeseries_processing.py:178 -     Ensure all partial datasets are at (x=20, y=-20) resolution
2025-08-20 10:04:18,750 - INFO - timeseries_processing.py:182 -     Clip to the intersection of indexes
2025-08-20 10:04:20,160 - INFO - timeseries_processing.py:191 -     Make a list of bands to merge
2025-08-20 10:04:20,161 - INFO - timeseries_processing.py:195 -     Merge on intersection
2025-08-20 10:04:20,162 - INFO - timeseries_processing.py:203 -     Apply masks on clouds, shadows, thin cirrus, and snow/ice
2025-08-20 10:04:20,162 - INFO - sentinel2.py:122 -                Masking bits: [3, 7, 8, 9, 10, 11]
2025-08-20 10:04:21,464 - INFO - timeseries_processing.py:209 -     Reproject to Tiling Schema projection EPSG:3035
2025-08-20 10:04:34,875 - INFO - composites.py:303 - Clip and align to tile geometry
2025-08-20 10:04:39,093 - INFO - composites.py:336 - Creating preview plot of input scenes
2025-08-20 10:05:19,783 - INFO - timeseries_processing.py:367 - Saved preview for 'B04' to //nas-rs.topo.auth.gr/Latomeia/DROUGHT/COMPOS/2021/12/x09_y09/S2L2A_medcomp_x09_y09_202112_InDataPreview.jpeg
2025-08-20 10:05:19,806 - INFO - composites.py:342 - Clip value range
2025-08-20 10:05:21,910 - INFO - composites.py:347 -                           
2025-08-20 10:05:21,911 - INFO - composites.py:348 - Computing spectral indices:
2025-08-20 10:05:21,911 - INFO - composites.py:351 -     EVI...
2025-08-20 10:05:23,218 - INFO - composites.py:353 -     NDVI...
2025-08-20 10:05:23,572 - INFO - composites.py:355 -     PSRI2...
2025-08-20 10:05:23,969 - INFO - composites.py:358 - Clip to typical value range
2025-08-20 10:05:24,460 - INFO - composites.py:365 - Reducing to median value temporal composite
2025-08-20 10:05:51,117 - INFO - composites.py:384 - Define data types and nodata per band
2025-08-20 10:05:51,277 - INFO - composites.py:405 - Assign time range and tile ID in metadata
2025-08-20 10:05:51,277 - INFO - composites.py:413 - Write bands to raster COG files
2025-08-20 10:05:56,551 - INFO - composites.py:426 - Write B02 -> //nas-rs.topo.auth.gr/Latomeia/DROUGHT/COMPOS/2021/12/x09_y09/S2L2A_medcomp_x09_y09_202112_B02.tif
2025-08-20 10:06:01,718 - INFO - composites.py:426 - Write B03 -> //nas-rs.topo.auth.gr/Latomeia/DROUGHT/COMPOS/2021/12/x09_y09/S2L2A_medcomp_x09_y09_202112_B03.tif
2025-08-20 10:06:06,780 - INFO - composites.py:426 - Write B04 -> //nas-rs.topo.auth.gr/Latomeia/DROUGHT/COMPOS/2021/12/x09_y09/S2L2A_medcomp_x09_y09_202112_B04.tif
2025-08-20 10:06:11,931 - INFO - composites.py:426 - Write B05 -> //nas-rs.topo.auth.gr/Latomeia/DROUGHT/COMPOS/2021/12/x09_y09/S2L2A_medcomp_x09_y09_202112_B05.tif
2025-08-20 10:06:17,123 - INFO - composites.py:426 - Write B07 -> //nas-rs.topo.auth.gr/Latomeia/DROUGHT/COMPOS/2021/12/x09_y09/S2L2A_medcomp_x09_y09_202112_B07.tif
2025-08-20 10:06:22,660 - INFO - composites.py:426 - Write B8A -> //nas-rs.topo.auth.gr/Latomeia/DROUGHT/COMPOS/2021/12/x09_y09/S2L2A_medcomp_x09_y09_202112_B8A.tif
2025-08-20 10:06:27,695 - INFO - composites.py:426 - Write EVI -> //nas-rs.topo.auth.gr/Latomeia/DROUGHT/COMPOS/2021/12/x09_y09/S2L2A_medcomp_x09_y09_202112_evi.tif
2025-08-20 10:06:32,571 - INFO - composites.py:426 - Write NDVI -> //nas-rs.topo.auth.gr/Latomeia/DROUGHT/COMPOS/2021/12/x09_y09/S2L2A_medcomp_x09_y09_202112_ndvi.tif
2025-08-20 10:06:37,568 - INFO - composites.py:426 - Write PSRI2 -> //nas-rs.topo.auth.gr/Latomeia/DROUGHT/COMPOS/2021/12/x09_y09/S2L2A_medcomp_x09_y09_202112_psri2.tif
2025-08-20 10:06:37,568 - INFO - composites.py:430 - Prepare metadata YAML document
2025-08-20 10:06:38,480 - INFO - composites.py:451 - Write metadata YAML document to disk
2025-08-20 10:06:38,537 - INFO - composites.py:456 - Create datacube.model.Dataset from eo3 metadata
2025-08-20 10:06:38,556 - INFO - composites.py:467 - Index to datacube
2025-08-20 10:06:38,557 - INFO - _datasets.py:191 - Indexing f0f63cbc-dd24-4fa5-a05c-3bacb88e060c
2025-08-20 10:06:38,567 - INFO - composites.py:470 - 
2025-08-20 10:06:38,568 - INFO - composites.py:471 -              ✔✔✔ COMPLETED: Tile x09_y09 | Time: 2021-12 | In 12.18 minutes
2025-08-20 10:06:38,568 - INFO - composites.py:472 - 
2025-08-20 10:06:38,568 - INFO - composites.py:480 - Closing Dask client
2025-08-20 10:06:38,570 - INFO - composites.py:484 - Closing Dask cluster
2025-08-20 10:06:38,572 - INFO - composites.py:485 - #######################################################################
