2025-08-17 23:44:14,956 - INFO - composites.py:104 - #######################################################################
2025-08-17 23:44:14,956 - INFO - composites.py:106 - Processing started
2025-08-17 23:44:14,956 - INFO - composites.py:107 -         Tile: x12_y12
2025-08-17 23:44:14,956 - INFO - composites.py:108 -         Time: 2020-04
2025-08-17 23:44:14,956 - INFO - composites.py:111 -                           
2025-08-17 23:44:14,956 - INFO - composites.py:112 - Establishing connection to datacube
2025-08-17 23:44:15,659 - INFO - composites.py:115 -                           
2025-08-17 23:44:15,661 - INFO - composites.py:116 - Sanity test: Check if dataset already exists in the datacube
2025-08-17 23:44:15,679 - INFO - composites.py:134 - The composite requested will be computed
2025-08-17 23:44:15,679 - INFO - composites.py:137 -                                  
2025-08-17 23:44:15,679 - INFO - composites.py:138 - Initializing Dask cluster for parallelization
2025-08-17 23:44:21,855 - INFO - composites.py:170 - Dask dashboard is available at: http://127.0.0.1:8787/status
2025-08-17 23:44:21,855 - INFO - composites.py:173 - Create directories and naming conversions
2025-08-17 23:44:21,862 - INFO - composites.py:184 - Dataset location: //nas-rs.topo.auth.gr/Latomeia/DROUGHT/COMPOS/2020/04/x12_y12
2025-08-17 23:44:21,862 - INFO - composites.py:187 -                           
2025-08-17 23:44:21,862 - INFO - composites.py:188 - Retrieve tile geometry
2025-08-17 23:44:21,900 - INFO - composites.py:199 - Create the Bounding Box (φ,λ)
2025-08-17 23:44:21,900 - INFO - composites.py:205 - Create the Bounding Box (x,y)
2025-08-17 23:44:21,900 - INFO - composites.py:218 -                           
2025-08-17 23:44:21,900 - INFO - composites.py:219 - Connect to Planetary Computer STAC Catalog
2025-08-17 23:44:22,136 - INFO - composites.py:227 - Search the STAC Catalog
2025-08-17 23:44:22,202 - INFO - composites.py:239 -         Query parameters:
2025-08-17 23:44:22,203 - INFO - composites.py:240 -             url:          https://planetarycomputer.microsoft.com/api/stac/v1/search
2025-08-17 23:44:22,208 - INFO - composites.py:241 -             client:       microsoft-pc
2025-08-17 23:44:22,208 - INFO - composites.py:242 -             collection:   sentinel-2-l2a
2025-08-17 23:44:22,209 - INFO - composites.py:243 -             bbox:         (23.716378099707715, 38.420614698001835, 24.399281639341822, 38.977378170219765)
2025-08-17 23:44:22,209 - INFO - composites.py:244 -             time range:   2020-04-01T00:00:00Z/2020-04-30T23:59:59Z
2025-08-17 23:44:22,209 - INFO - composites.py:245 -             cloud cover:  0% - 70%
2025-08-17 23:44:22,209 - INFO - composites.py:246 -             nodata cover: 0% - 33%
2025-08-17 23:44:22,209 - INFO - composites.py:248 -                           
2025-08-17 23:44:22,209 - INFO - composites.py:249 - Searching...
2025-08-17 23:44:22,618 - INFO - composites.py:252 - Query found 17 items
2025-08-17 23:44:22,619 - INFO - composites.py:254 - Searching for GRI REFINED scenes:
2025-08-17 23:44:27,572 - INFO - sentinel2.py:63 - 1/17 - S2A_MSIL2A_20200430T090601_R050_T35SKD_20200922T165054 -> Not Found
2025-08-17 23:44:32,172 - INFO - sentinel2.py:63 - 2/17 - S2A_MSIL2A_20200430T090601_R050_T35SKC_20200922T165058 -> Not Found
2025-08-17 23:44:37,230 - INFO - sentinel2.py:63 - 3/17 - S2A_MSIL2A_20200430T090601_R050_T34SGJ_20200922T165041 -> Not Found
2025-08-17 23:44:41,980 - INFO - sentinel2.py:63 - 4/17 - S2A_MSIL2A_20200430T090601_R050_T34SGH_20200922T165043 -> Not Found
2025-08-17 23:44:47,792 - INFO - sentinel2.py:63 - 5/17 - S2B_MSIL2A_20200425T090549_R050_T35SKD_20200922T021732 -> Not Found
2025-08-17 23:44:53,759 - INFO - sentinel2.py:63 - 6/17 - S2B_MSIL2A_20200425T090549_R050_T35SKC_20200922T021735 -> Not Found
2025-08-17 23:44:58,864 - INFO - sentinel2.py:63 - 7/17 - S2B_MSIL2A_20200425T090549_R050_T34SGJ_20200922T021711 -> Not Found
2025-08-17 23:45:04,397 - INFO - sentinel2.py:63 - 8/17 - S2B_MSIL2A_20200425T090549_R050_T34SGH_20200922T021714 -> Not Found
2025-08-17 23:45:10,968 - INFO - sentinel2.py:63 - 9/17 - S2A_MSIL2A_20200420T090601_R050_T35SKD_20200924T065126 -> Not Found
2025-08-17 23:45:16,579 - INFO - sentinel2.py:63 - 10/17 - S2A_MSIL2A_20200420T090601_R050_T35SKC_20200924T065128 -> Not Found
2025-08-17 23:45:22,584 - INFO - sentinel2.py:63 - 11/17 - S2A_MSIL2A_20200420T090601_R050_T34SGJ_20200924T065109 -> Not Found
2025-08-17 23:45:27,387 - INFO - sentinel2.py:63 - 12/17 - S2A_MSIL2A_20200420T090601_R050_T34SGH_20200924T065113 -> Not Found
2025-08-17 23:45:32,100 - INFO - sentinel2.py:63 - 13/17 - S2B_MSIL2A_20200415T090549_R050_T34SGH_20200923T160357 -> Not Found
2025-08-17 23:45:37,250 - INFO - sentinel2.py:63 - 14/17 - S2A_MSIL2A_20200410T090551_R050_T35SKD_20200925T182852 -> Not Found
2025-08-17 23:45:42,159 - INFO - sentinel2.py:63 - 15/17 - S2A_MSIL2A_20200410T090551_R050_T35SKC_20200925T182850 -> Not Found
2025-08-17 23:45:47,251 - INFO - sentinel2.py:63 - 16/17 - S2A_MSIL2A_20200410T090551_R050_T34SGJ_20200925T182834 -> Not Found
2025-08-17 23:45:52,579 - INFO - sentinel2.py:63 - 17/17 - S2A_MSIL2A_20200410T090551_R050_T34SGH_20200925T182835 -> Not Found
2025-08-17 23:45:52,635 - INFO - composites.py:257 -                                  
2025-08-17 23:45:52,635 - INFO - composites.py:258 - 0/17 were refined by GRI.
2025-08-17 23:45:52,635 - WARNING - composites.py:262 - Tile x12_y12 | Time: 2020-04: All scenes are flagged NOT REFINED.
2025-08-17 23:45:52,635 - WARNING - composites.py:263 - Tile x12_y12 | Time: 2020-04: The composite will be flagged with _NOREFINED.
2025-08-17 23:45:52,635 - INFO - composites.py:270 - Looking for up to 10 cleanest images within spatiotemporal range of each MGRS tile
2025-08-17 23:45:52,636 - INFO - composites.py:284 - Filtered cleanest scenes: Kept 17 out of 17 items. 
2025-08-17 23:45:52,636 - INFO - composites.py:285 -         Included MGRS Tiles: ['34SGH' '34SGJ' '35SKC' '35SKD']
2025-08-17 23:45:52,636 - INFO - composites.py:286 -         Included EPSG codes: [32634 32635]
2025-08-17 23:45:52,636 - INFO - composites.py:288 - Selected scenes:
2025-08-17 23:45:52,636 - INFO - composites.py:290 -         S2A_MSIL2A_20200410T090551_R050_T34SGH_20200925T182835
2025-08-17 23:45:52,637 - INFO - composites.py:290 -         S2B_MSIL2A_20200425T090549_R050_T34SGH_20200922T021714
2025-08-17 23:45:52,637 - INFO - composites.py:290 -         S2A_MSIL2A_20200430T090601_R050_T34SGH_20200922T165043
2025-08-17 23:45:52,637 - INFO - composites.py:290 -         S2A_MSIL2A_20200420T090601_R050_T34SGH_20200924T065113
2025-08-17 23:45:52,637 - INFO - composites.py:290 -         S2B_MSIL2A_20200415T090549_R050_T34SGH_20200923T160357
2025-08-17 23:45:52,644 - INFO - composites.py:290 -         S2A_MSIL2A_20200410T090551_R050_T34SGJ_20200925T182834
2025-08-17 23:45:52,646 - INFO - composites.py:290 -         S2B_MSIL2A_20200425T090549_R050_T34SGJ_20200922T021711
2025-08-17 23:45:52,646 - INFO - composites.py:290 -         S2A_MSIL2A_20200420T090601_R050_T34SGJ_20200924T065109
2025-08-17 23:45:52,668 - INFO - composites.py:290 -         S2A_MSIL2A_20200430T090601_R050_T34SGJ_20200922T165041
2025-08-17 23:45:52,673 - INFO - composites.py:290 -         S2A_MSIL2A_20200410T090551_R050_T35SKC_20200925T182850
2025-08-17 23:45:52,673 - INFO - composites.py:290 -         S2B_MSIL2A_20200425T090549_R050_T35SKC_20200922T021735
2025-08-17 23:45:52,673 - INFO - composites.py:290 -         S2A_MSIL2A_20200430T090601_R050_T35SKC_20200922T165058
2025-08-17 23:45:52,673 - INFO - composites.py:290 -         S2A_MSIL2A_20200420T090601_R050_T35SKC_20200924T065128
2025-08-17 23:45:52,673 - INFO - composites.py:290 -         S2A_MSIL2A_20200410T090551_R050_T35SKD_20200925T182852
2025-08-17 23:45:52,673 - INFO - composites.py:290 -         S2B_MSIL2A_20200425T090549_R050_T35SKD_20200922T021732
2025-08-17 23:45:52,673 - INFO - composites.py:290 -         S2A_MSIL2A_20200420T090601_R050_T35SKD_20200924T065126
2025-08-17 23:45:52,673 - INFO - composites.py:290 -         S2A_MSIL2A_20200430T090601_R050_T35SKD_20200922T165054
2025-08-17 23:45:53,262 - INFO - sentinel2.py:139 - Matplotlib backend: Agg
2025-08-17 23:45:53,537 - INFO - sentinel2.py:209 - Write input scenes footprint overlay: //nas-rs.topo.auth.gr/Latomeia/DROUGHT/COMPOS/2020/04/x12_y12/S2L2A_medcomp_x12_y12_202004_InDataFootprint.jpeg
2025-08-17 23:45:53,884 - INFO - composites.py:304 -                                  
2025-08-17 23:45:53,884 - INFO - composites.py:305 - Downstream STAC items from Planetary Computer
2025-08-17 23:45:53,884 - INFO - timeseries_processing.py:99 -                                  
2025-08-17 23:45:53,884 - INFO - timeseries_processing.py:100 - Loading bands of diferent resolutions in EPSG:32634
2025-08-17 23:45:53,884 - INFO - timeseries_processing.py:104 -     Filtering items with native UTM EPSG:32634
2025-08-17 23:45:53,884 - INFO - timeseries_processing.py:106 -     9 Items in EPSG:32634
2025-08-17 23:45:53,884 - INFO - timeseries_processing.py:113 -                        
2025-08-17 23:45:53,885 - INFO - timeseries_processing.py:114 -     Loading parameters:
2025-08-17 23:45:53,885 - INFO - timeseries_processing.py:115 -         Bands: ['B05', 'B07', 'B8A', 'SCL']
2025-08-17 23:45:53,885 - INFO - timeseries_processing.py:116 -         Spatial resolution: 20
2025-08-17 23:45:53,885 - INFO - timeseries_processing.py:118 -         Get Assets from STAC Items
2025-08-17 23:45:53,885 - INFO - timeseries_processing.py:31 -         Initialize the STAC client
2025-08-17 23:45:54,439 - INFO - timeseries_processing.py:121 -         Loading 9 STAC Items....
2025-08-17 23:46:57,365 - INFO - timeseries_processing.py:143 -         Cube has been downloaded
2025-08-17 23:46:57,365 - INFO - timeseries_processing.py:152 -         Fix order of dimensions
2025-08-17 23:46:57,366 - INFO - timeseries_processing.py:157 -         Append bands to the band-list of EPSG:32634
2025-08-17 23:46:57,366 - INFO - timeseries_processing.py:113 -                        
2025-08-17 23:46:57,366 - INFO - timeseries_processing.py:114 -     Loading parameters:
2025-08-17 23:46:57,366 - INFO - timeseries_processing.py:115 -         Bands: ['B02', 'B03', 'B04']
2025-08-17 23:46:57,366 - INFO - timeseries_processing.py:116 -         Spatial resolution: 10
2025-08-17 23:46:57,366 - INFO - timeseries_processing.py:118 -         Get Assets from STAC Items
2025-08-17 23:46:57,367 - INFO - timeseries_processing.py:31 -         Initialize the STAC client
2025-08-17 23:46:57,942 - INFO - timeseries_processing.py:121 -         Loading 9 STAC Items....
2025-08-17 23:48:57,674 - INFO - timeseries_processing.py:143 -         Cube has been downloaded
2025-08-17 23:48:57,675 - INFO - timeseries_processing.py:146 -         Downsample 10m bands to 20m by average 2x2 binning
2025-08-17 23:49:05,316 - INFO - timeseries_processing.py:149 -         Warp (reproject) 2x2 binned bands like native 20m bands: method=bilinear
2025-08-17 23:49:12,354 - INFO - timeseries_processing.py:157 -         Append bands to the band-list of EPSG:32634
2025-08-17 23:49:12,354 - INFO - timeseries_processing.py:161 -                        
2025-08-17 23:49:12,354 - INFO - timeseries_processing.py:162 -     Merging bands in a single dataset
2025-08-17 23:49:12,354 - INFO - timeseries_processing.py:163 -     Ensure all partial datasets are at (x=20, y=-20) resolution
2025-08-17 23:49:12,356 - INFO - timeseries_processing.py:167 -     Clip to the intersection of indexes
2025-08-17 23:49:13,741 - INFO - timeseries_processing.py:176 -     Make a list of bands to merge
2025-08-17 23:49:13,742 - INFO - timeseries_processing.py:180 -     Merge on intersection
2025-08-17 23:49:13,743 - INFO - timeseries_processing.py:188 -     Apply masks on clouds, shadows, thin cirrus, and snow/ice
2025-08-17 23:49:13,743 - INFO - sentinel2.py:107 -                Masking bits: [3, 7, 8, 9, 10, 11]
2025-08-17 23:49:14,467 - INFO - timeseries_processing.py:194 -     Reproject to Tiling Schema projection EPSG:3035
2025-08-17 23:49:22,219 - INFO - timeseries_processing.py:99 -                                  
2025-08-17 23:49:22,219 - INFO - timeseries_processing.py:100 - Loading bands of diferent resolutions in EPSG:32635
2025-08-17 23:49:22,219 - INFO - timeseries_processing.py:104 -     Filtering items with native UTM EPSG:32635
2025-08-17 23:49:22,219 - INFO - timeseries_processing.py:106 -     8 Items in EPSG:32635
2025-08-17 23:49:22,219 - INFO - timeseries_processing.py:113 -                        
2025-08-17 23:49:22,219 - INFO - timeseries_processing.py:114 -     Loading parameters:
2025-08-17 23:49:22,219 - INFO - timeseries_processing.py:115 -         Bands: ['B05', 'B07', 'B8A', 'SCL']
2025-08-17 23:49:22,219 - INFO - timeseries_processing.py:116 -         Spatial resolution: 20
2025-08-17 23:49:22,219 - INFO - timeseries_processing.py:118 -         Get Assets from STAC Items
2025-08-17 23:49:22,220 - INFO - timeseries_processing.py:31 -         Initialize the STAC client
2025-08-17 23:49:22,855 - INFO - timeseries_processing.py:121 -         Loading 8 STAC Items....
2025-08-17 23:50:05,316 - INFO - timeseries_processing.py:143 -         Cube has been downloaded
2025-08-17 23:50:05,316 - INFO - timeseries_processing.py:152 -         Fix order of dimensions
2025-08-17 23:50:05,318 - INFO - timeseries_processing.py:157 -         Append bands to the band-list of EPSG:32635
2025-08-17 23:50:05,318 - INFO - timeseries_processing.py:113 -                        
2025-08-17 23:50:05,318 - INFO - timeseries_processing.py:114 -     Loading parameters:
2025-08-17 23:50:05,319 - INFO - timeseries_processing.py:115 -         Bands: ['B02', 'B03', 'B04']
2025-08-17 23:50:05,319 - INFO - timeseries_processing.py:116 -         Spatial resolution: 10
2025-08-17 23:50:05,319 - INFO - timeseries_processing.py:118 -         Get Assets from STAC Items
2025-08-17 23:50:05,323 - INFO - timeseries_processing.py:31 -         Initialize the STAC client
2025-08-17 23:50:05,881 - INFO - timeseries_processing.py:121 -         Loading 8 STAC Items....
2025-08-17 23:51:40,251 - INFO - timeseries_processing.py:143 -         Cube has been downloaded
2025-08-17 23:51:40,251 - INFO - timeseries_processing.py:146 -         Downsample 10m bands to 20m by average 2x2 binning
2025-08-17 23:51:46,252 - INFO - timeseries_processing.py:149 -         Warp (reproject) 2x2 binned bands like native 20m bands: method=bilinear
2025-08-17 23:51:48,190 - INFO - timeseries_processing.py:157 -         Append bands to the band-list of EPSG:32635
2025-08-17 23:51:48,190 - INFO - timeseries_processing.py:161 -                        
2025-08-17 23:51:48,190 - INFO - timeseries_processing.py:162 -     Merging bands in a single dataset
2025-08-17 23:51:48,190 - INFO - timeseries_processing.py:163 -     Ensure all partial datasets are at (x=20, y=-20) resolution
2025-08-17 23:51:48,191 - INFO - timeseries_processing.py:167 -     Clip to the intersection of indexes
2025-08-17 23:51:48,192 - INFO - timeseries_processing.py:176 -     Make a list of bands to merge
2025-08-17 23:51:48,193 - INFO - timeseries_processing.py:180 -     Merge on intersection
2025-08-17 23:51:48,194 - INFO - timeseries_processing.py:188 -     Apply masks on clouds, shadows, thin cirrus, and snow/ice
2025-08-17 23:51:48,194 - INFO - sentinel2.py:107 -                Masking bits: [3, 7, 8, 9, 10, 11]
2025-08-17 23:51:48,835 - INFO - timeseries_processing.py:194 -     Reproject to Tiling Schema projection EPSG:3035
2025-08-17 23:51:55,276 - INFO - composites.py:314 - Clip and align to tile geometry
2025-08-17 23:51:58,924 - INFO - composites.py:320 -                           
2025-08-17 23:51:58,924 - INFO - composites.py:321 - Mosaic datasets of different native UTM zones to a single dataset
2025-08-17 23:52:03,932 - INFO - composites.py:347 - Creating preview plot of input scenes
2025-08-17 23:52:32,646 - INFO - timeseries_processing.py:352 - Saved preview for 'B04' to //nas-rs.topo.auth.gr/Latomeia/DROUGHT/COMPOS/2020/04/x12_y12/S2L2A_medcomp_x12_y12_202004_InDataPreview.jpeg
2025-08-17 23:52:32,657 - INFO - composites.py:353 - Clip value range
2025-08-17 23:52:33,772 - INFO - composites.py:358 -                           
2025-08-17 23:52:33,772 - INFO - composites.py:359 - Computing spectral indices:
2025-08-17 23:52:33,773 - INFO - composites.py:362 -     EVI...
2025-08-17 23:52:34,420 - INFO - composites.py:364 -     NDVI...
2025-08-17 23:52:34,617 - INFO - composites.py:366 -     PSRI2...
2025-08-17 23:52:34,873 - INFO - composites.py:369 - Clip to typical value range
2025-08-17 23:52:35,090 - INFO - composites.py:376 - Reducing to median value temporal composite
2025-08-17 23:53:01,420 - INFO - composites.py:395 - Define data types and nodata per band
2025-08-17 23:53:01,601 - INFO - composites.py:416 - Assign time range and tile ID in metadata
2025-08-17 23:53:01,602 - INFO - composites.py:424 - Write bands to raster COG files
2025-08-17 23:53:06,191 - INFO - composites.py:437 - Write B02 -> //nas-rs.topo.auth.gr/Latomeia/DROUGHT/COMPOS/2020/04/x12_y12/S2L2A_medcomp_x12_y12_202004_B02.tif
2025-08-17 23:53:10,764 - INFO - composites.py:437 - Write B03 -> //nas-rs.topo.auth.gr/Latomeia/DROUGHT/COMPOS/2020/04/x12_y12/S2L2A_medcomp_x12_y12_202004_B03.tif
2025-08-17 23:53:15,425 - INFO - composites.py:437 - Write B04 -> //nas-rs.topo.auth.gr/Latomeia/DROUGHT/COMPOS/2020/04/x12_y12/S2L2A_medcomp_x12_y12_202004_B04.tif
2025-08-17 23:53:20,047 - INFO - composites.py:437 - Write B05 -> //nas-rs.topo.auth.gr/Latomeia/DROUGHT/COMPOS/2020/04/x12_y12/S2L2A_medcomp_x12_y12_202004_B05.tif
2025-08-17 23:53:24,673 - INFO - composites.py:437 - Write B07 -> //nas-rs.topo.auth.gr/Latomeia/DROUGHT/COMPOS/2020/04/x12_y12/S2L2A_medcomp_x12_y12_202004_B07.tif
2025-08-17 23:53:29,300 - INFO - composites.py:437 - Write B8A -> //nas-rs.topo.auth.gr/Latomeia/DROUGHT/COMPOS/2020/04/x12_y12/S2L2A_medcomp_x12_y12_202004_B8A.tif
2025-08-17 23:53:33,917 - INFO - composites.py:437 - Write EVI -> //nas-rs.topo.auth.gr/Latomeia/DROUGHT/COMPOS/2020/04/x12_y12/S2L2A_medcomp_x12_y12_202004_evi.tif
2025-08-17 23:53:38,531 - INFO - composites.py:437 - Write NDVI -> //nas-rs.topo.auth.gr/Latomeia/DROUGHT/COMPOS/2020/04/x12_y12/S2L2A_medcomp_x12_y12_202004_ndvi.tif
2025-08-17 23:53:43,410 - INFO - composites.py:437 - Write PSRI2 -> //nas-rs.topo.auth.gr/Latomeia/DROUGHT/COMPOS/2020/04/x12_y12/S2L2A_medcomp_x12_y12_202004_psri2.tif
2025-08-17 23:53:43,430 - INFO - composites.py:441 - Prepare metadata YAML document
2025-08-17 23:53:44,233 - INFO - composites.py:462 - Write metadata YAML document to disk
2025-08-17 23:53:44,290 - INFO - composites.py:467 - Create datacube.model.Dataset from eo3 metadata
2025-08-17 23:53:44,301 - INFO - composites.py:477 - Index to datacube
2025-08-17 23:53:44,301 - INFO - _datasets.py:191 - Indexing c498ac82-7bfc-4709-b9e3-593b50bb7f19
2025-08-17 23:53:44,312 - INFO - composites.py:480 - 
2025-08-17 23:53:44,312 - INFO - composites.py:481 -              ✔✔✔ COMPLETED: Tile x12_y12 | Time: 2020-04 | In 9.49 minutes
2025-08-17 23:53:44,312 - INFO - composites.py:482 - 
2025-08-17 23:53:44,313 - INFO - composites.py:490 - Closing Dask client
2025-08-17 23:53:44,313 - INFO - composites.py:494 - Closing Dask cluster
