2025-08-28 16:09:42,597 - INFO - composites.py:102 - #######################################################################
2025-08-28 16:09:42,597 - INFO - composites.py:104 - Processing started
2025-08-28 16:09:42,598 - INFO - composites.py:105 -         Tile: x10_y08
2025-08-28 16:09:42,598 - INFO - composites.py:106 -         Time: 2020-09
2025-08-28 16:09:42,598 - INFO - composites.py:109 -                           
2025-08-28 16:09:42,598 - INFO - composites.py:110 - Establishing connection to datacube
2025-08-28 16:09:43,312 - INFO - composites.py:113 -                           
2025-08-28 16:09:43,313 - INFO - composites.py:114 - Sanity test: Check if dataset already exists in the datacube
2025-08-28 16:09:43,332 - INFO - composites.py:133 - The composite requested was not found and it will be computed
2025-08-28 16:09:43,332 - INFO - composites.py:136 -                                  
2025-08-28 16:09:43,332 - INFO - composites.py:137 - Initializing Dask cluster for parallelization
2025-08-28 16:09:48,795 - INFO - composites.py:161 - Dask dashboard is available at: http://127.0.0.1:8787/status
2025-08-28 16:09:48,796 - INFO - composites.py:164 - Create directories and naming conversions
2025-08-28 16:09:48,803 - INFO - composites.py:177 - Dataset location: //nas-rs.topo.auth.gr/Latomeia/DROUGHT/composites/x10/y08/2020/09/01
2025-08-28 16:09:48,803 - INFO - composites.py:180 -                           
2025-08-28 16:09:48,803 - INFO - composites.py:181 - Retrieve tile geometry
2025-08-28 16:09:48,834 - INFO - composites.py:192 - Create the Bounding Box (φ,λ)
2025-08-28 16:09:48,834 - INFO - composites.py:198 - Create the Bounding Box (x,y)
2025-08-28 16:09:48,834 - INFO - composites.py:211 -                           
2025-08-28 16:09:48,834 - INFO - composites.py:212 - Connect to Planetary Computer STAC Catalog
2025-08-28 16:09:49,052 - INFO - composites.py:220 - Search the STAC Catalog
2025-08-28 16:09:49,130 - INFO - composites.py:232 -         Query parameters:
2025-08-28 16:09:49,130 - INFO - composites.py:233 -             url:          https://planetarycomputer.microsoft.com/api/stac/v1/search
2025-08-28 16:09:49,130 - INFO - composites.py:234 -             client:       microsoft-pc
2025-08-28 16:09:49,131 - INFO - composites.py:235 -             collection:   sentinel-2-l2a
2025-08-28 16:09:49,131 - INFO - composites.py:236 -             bbox:         (22.316206507160903, 36.86212166478193, 22.975825813790852, 37.413146481379215)
2025-08-28 16:09:49,131 - INFO - composites.py:237 -             time range:   2020-09-01T00:00:00Z/2020-09-30T23:59:59Z
2025-08-28 16:09:49,131 - INFO - composites.py:238 -             cloud cover:  0% - 70%
2025-08-28 16:09:49,131 - INFO - composites.py:239 -             nodata cover: 0% - 33%
2025-08-28 16:09:49,131 - INFO - composites.py:241 -                           
2025-08-28 16:09:49,131 - INFO - composites.py:242 - Searching...
2025-08-28 16:09:49,621 - INFO - composites.py:245 - Query found 24 items
2025-08-28 16:09:49,621 - INFO - composites.py:247 - Searching for GRI REFINED scenes:
2025-08-28 16:10:02,862 - INFO - sentinel2.py:78 - 1/24 - S2A_MSIL2A_20200930T092031_R093_T34SFG_20201002T062630 -> Not Found
2025-08-28 16:10:09,711 - INFO - sentinel2.py:78 - 2/24 - S2A_MSIL2A_20200930T092031_R093_T34SFF_20201002T062358 -> Not Found
2025-08-28 16:10:17,688 - INFO - sentinel2.py:78 - 3/24 - S2A_MSIL2A_20200927T090731_R050_T34SFG_20200929T030138 -> Not Found
2025-08-28 16:10:24,405 - INFO - sentinel2.py:78 - 4/24 - S2A_MSIL2A_20200927T090731_R050_T34SFF_20200929T025844 -> Not Found
2025-08-28 16:10:35,231 - INFO - sentinel2.py:78 - 5/24 - S2B_MSIL2A_20200925T092029_R093_T34SFG_20200926T230419 -> Not Found
2025-08-28 16:10:56,924 - INFO - sentinel2.py:78 - 6/24 - S2B_MSIL2A_20200925T092029_R093_T34SFF_20200926T230427 -> Not Found
2025-08-28 16:11:05,491 - INFO - sentinel2.py:78 - 7/24 - S2B_MSIL2A_20200922T090659_R050_T34SFG_20200926T072915 -> Not Found
2025-08-28 16:11:14,841 - INFO - sentinel2.py:78 - 8/24 - S2B_MSIL2A_20200922T090659_R050_T34SFF_20200926T072917 -> Not Found
2025-08-28 16:11:23,011 - INFO - sentinel2.py:78 - 9/24 - S2A_MSIL2A_20200920T092031_R093_T34SFG_20200923T000432 -> Not Found
2025-08-28 16:11:30,801 - INFO - sentinel2.py:78 - 10/24 - S2A_MSIL2A_20200920T092031_R093_T34SFF_20200923T000442 -> Not Found
2025-08-28 16:11:52,504 - INFO - sentinel2.py:78 - 11/24 - S2A_MSIL2A_20200917T090631_R050_T34SFG_20200921T063423 -> Not Found
2025-08-28 16:12:01,328 - INFO - sentinel2.py:78 - 12/24 - S2A_MSIL2A_20200917T090631_R050_T34SFF_20200921T063421 -> Not Found
2025-08-28 16:12:14,916 - INFO - sentinel2.py:78 - 13/24 - S2B_MSIL2A_20200915T092029_R093_T34SFG_20200918T102701 -> Not Found
2025-08-28 16:13:13,071 - INFO - sentinel2.py:78 - 14/24 - S2B_MSIL2A_20200915T092029_R093_T34SFF_20200918T102657 -> Not Found
2025-08-28 16:13:32,964 - INFO - sentinel2.py:78 - 15/24 - S2B_MSIL2A_20200912T090559_R050_T34SFG_20200918T134046 -> Not Found
2025-08-28 16:13:44,544 - INFO - sentinel2.py:78 - 16/24 - S2B_MSIL2A_20200912T090559_R050_T34SFF_20200916T132318 -> Not Found
2025-08-28 16:13:53,342 - INFO - sentinel2.py:78 - 17/24 - S2A_MSIL2A_20200910T092031_R093_T34SFG_20200912T025738 -> Not Found
2025-08-28 16:14:09,178 - INFO - sentinel2.py:78 - 18/24 - S2A_MSIL2A_20200910T092031_R093_T34SFF_20200912T025657 -> Not Found
2025-08-28 16:14:16,912 - INFO - sentinel2.py:78 - 19/24 - S2A_MSIL2A_20200907T090601_R050_T34SFG_20200911T182346 -> Not Found
2025-08-28 16:14:25,406 - INFO - sentinel2.py:78 - 20/24 - S2A_MSIL2A_20200907T090601_R050_T34SFF_20200911T182439 -> Not Found
2025-08-28 16:14:31,893 - INFO - sentinel2.py:78 - 21/24 - S2B_MSIL2A_20200905T092029_R093_T34SFG_20200908T034903 -> Not Found
2025-08-28 16:14:39,758 - INFO - sentinel2.py:78 - 22/24 - S2B_MSIL2A_20200905T092029_R093_T34SFF_20200908T034931 -> Not Found
2025-08-28 16:14:51,064 - INFO - sentinel2.py:78 - 23/24 - S2B_MSIL2A_20200902T090559_R050_T34SFG_20201027T065456 -> Not Found
2025-08-28 16:15:00,314 - INFO - sentinel2.py:78 - 24/24 - S2B_MSIL2A_20200902T090559_R050_T34SFF_20201027T065406 -> Not Found
2025-08-28 16:15:00,380 - INFO - composites.py:250 -                                  
2025-08-28 16:15:00,381 - INFO - composites.py:251 - 0/24 were refined by GRI.
2025-08-28 16:15:00,381 - WARNING - composites.py:255 - Tile x10_y08 | Time: 2020-09: All scenes are flagged NOT REFINED.
2025-08-28 16:15:00,381 - WARNING - composites.py:256 - Tile x10_y08 | Time: 2020-09: The composite will be flagged with _NOREFINED.
2025-08-28 16:15:00,381 - INFO - composites.py:263 - Looking for up to 10 cleanest images within spatiotemporal range of each MGRS tile
2025-08-28 16:15:00,382 - INFO - composites.py:277 - Filtered cleanest scenes: Kept 20 out of 24 items. 
2025-08-28 16:15:00,382 - INFO - composites.py:278 -         Included MGRS Tiles: ['34SFF' '34SFG']
2025-08-28 16:15:00,382 - INFO - composites.py:279 -         Included EPSG codes: [32634]
2025-08-28 16:15:00,382 - INFO - composites.py:281 - Selected scenes:
2025-08-28 16:15:00,384 - INFO - composites.py:283 -         S2B_MSIL2A_20200925T092029_R093_T34SFF_20200926T230427
2025-08-28 16:15:00,384 - INFO - composites.py:283 -         S2B_MSIL2A_20200915T092029_R093_T34SFF_20200918T102657
2025-08-28 16:15:00,384 - INFO - composites.py:283 -         S2B_MSIL2A_20200902T090559_R050_T34SFF_20201027T065406
2025-08-28 16:15:00,384 - INFO - composites.py:283 -         S2A_MSIL2A_20200910T092031_R093_T34SFF_20200912T025657
2025-08-28 16:15:00,385 - INFO - composites.py:283 -         S2A_MSIL2A_20200907T090601_R050_T34SFF_20200911T182439
2025-08-28 16:15:00,400 - INFO - composites.py:283 -         S2A_MSIL2A_20200930T092031_R093_T34SFF_20201002T062358
2025-08-28 16:15:00,400 - INFO - composites.py:283 -         S2B_MSIL2A_20200922T090659_R050_T34SFF_20200926T072917
2025-08-28 16:15:00,415 - INFO - composites.py:283 -         S2B_MSIL2A_20200912T090559_R050_T34SFF_20200916T132318
2025-08-28 16:15:00,416 - INFO - composites.py:283 -         S2B_MSIL2A_20200905T092029_R093_T34SFF_20200908T034931
2025-08-28 16:15:00,416 - INFO - composites.py:283 -         S2A_MSIL2A_20200927T090731_R050_T34SFF_20200929T025844
2025-08-28 16:15:00,416 - INFO - composites.py:283 -         S2B_MSIL2A_20200925T092029_R093_T34SFG_20200926T230419
2025-08-28 16:15:00,417 - INFO - composites.py:283 -         S2A_MSIL2A_20200930T092031_R093_T34SFG_20201002T062630
2025-08-28 16:15:00,418 - INFO - composites.py:283 -         S2A_MSIL2A_20200910T092031_R093_T34SFG_20200912T025738
2025-08-28 16:15:00,418 - INFO - composites.py:283 -         S2B_MSIL2A_20200902T090559_R050_T34SFG_20201027T065456
2025-08-28 16:15:00,419 - INFO - composites.py:283 -         S2A_MSIL2A_20200907T090601_R050_T34SFG_20200911T182346
2025-08-28 16:15:00,419 - INFO - composites.py:283 -         S2B_MSIL2A_20200922T090659_R050_T34SFG_20200926T072915
2025-08-28 16:15:00,419 - INFO - composites.py:283 -         S2B_MSIL2A_20200912T090559_R050_T34SFG_20200918T134046
2025-08-28 16:15:00,419 - INFO - composites.py:283 -         S2B_MSIL2A_20200915T092029_R093_T34SFG_20200918T102701
2025-08-28 16:15:00,419 - INFO - composites.py:283 -         S2B_MSIL2A_20200905T092029_R093_T34SFG_20200908T034903
2025-08-28 16:15:00,419 - INFO - composites.py:283 -         S2A_MSIL2A_20200927T090731_R050_T34SFG_20200929T030138
2025-08-28 16:15:01,016 - INFO - sentinel2.py:154 - Matplotlib backend: Agg
2025-08-28 16:15:01,254 - INFO - sentinel2.py:224 - Write input scenes footprint overlay: //nas-rs.topo.auth.gr/Latomeia/DROUGHT/composites/x10/y08/2020/09/01/S2L2A_medcomp_x10y08_202009_InDataFootprint.jpeg
2025-08-28 16:15:01,530 - INFO - composites.py:297 -                                  
2025-08-28 16:15:01,530 - INFO - composites.py:298 - Downstream STAC items from Planetary Computer
2025-08-28 16:15:01,530 - INFO - timeseries_processing.py:115 -                                  
2025-08-28 16:15:01,530 - INFO - timeseries_processing.py:116 - Loading bands of diferent resolutions in EPSG:32634
2025-08-28 16:15:01,531 - INFO - timeseries_processing.py:120 -     Filtering items with native UTM EPSG:32634
2025-08-28 16:15:01,531 - INFO - timeseries_processing.py:122 -     20 Items in EPSG:32634
2025-08-28 16:15:01,531 - INFO - timeseries_processing.py:129 -                        
2025-08-28 16:15:01,531 - INFO - timeseries_processing.py:130 -     Loading parameters:
2025-08-28 16:15:01,531 - INFO - timeseries_processing.py:131 -         Bands: ['B05', 'B07', 'B8A', 'SCL']
2025-08-28 16:15:01,531 - INFO - timeseries_processing.py:132 -         Spatial resolution: 20
2025-08-28 16:15:01,531 - INFO - timeseries_processing.py:134 -         Get Assets from STAC Items
2025-08-28 16:15:01,531 - INFO - timeseries_processing.py:47 -         Initialize the STAC client
2025-08-28 16:15:02,216 - INFO - timeseries_processing.py:137 -         Loading 20 STAC Items....
2025-08-28 16:17:20,183 - INFO - timeseries_processing.py:146 -         Cube has been downloaded
2025-08-28 16:17:20,183 - INFO - timeseries_processing.py:156 -         Fix order of dimensions
2025-08-28 16:17:20,185 - INFO - timeseries_processing.py:161 -         Append bands to the band-list of EPSG:32634
2025-08-28 16:17:20,185 - INFO - timeseries_processing.py:129 -                        
2025-08-28 16:17:20,185 - INFO - timeseries_processing.py:130 -     Loading parameters:
2025-08-28 16:17:20,187 - INFO - timeseries_processing.py:131 -         Bands: ['B02', 'B03', 'B04']
2025-08-28 16:17:20,188 - INFO - timeseries_processing.py:132 -         Spatial resolution: 10
2025-08-28 16:17:20,188 - INFO - timeseries_processing.py:134 -         Get Assets from STAC Items
2025-08-28 16:17:20,188 - INFO - timeseries_processing.py:47 -         Initialize the STAC client
2025-08-28 16:17:20,718 - INFO - timeseries_processing.py:137 -         Loading 20 STAC Items....
2025-08-28 16:21:47,639 - INFO - timeseries_processing.py:146 -         Cube has been downloaded
2025-08-28 16:21:47,639 - INFO - timeseries_processing.py:149 -         Reproject to downsample 10m bands to 20m by Resampling.average 2x2 binning and shape matching with odc.geo.GeoBox
2025-08-28 16:22:02,823 - INFO - timeseries_processing.py:161 -         Append bands to the band-list of EPSG:32634
2025-08-28 16:22:02,823 - INFO - timeseries_processing.py:165 -                        
2025-08-28 16:22:02,823 - INFO - timeseries_processing.py:166 -     Merging bands in a single dataset
2025-08-28 16:22:02,823 - INFO - timeseries_processing.py:167 -     Ensure all partial datasets are at (x=20, y=-20) resolution
2025-08-28 16:22:02,824 - INFO - timeseries_processing.py:171 -     Clip to the intersection of indexes
2025-08-28 16:22:03,831 - INFO - timeseries_processing.py:180 -     Make a list of bands to merge
2025-08-28 16:22:03,832 - INFO - timeseries_processing.py:184 -     Merge on intersection
2025-08-28 16:22:03,833 - INFO - timeseries_processing.py:192 -     Apply masks on clouds, shadows, thin cirrus, and snow/ice
2025-08-28 16:22:03,833 - INFO - sentinel2.py:122 -                Masking bits: [3, 7, 8, 9, 10, 11]
2025-08-28 16:22:05,124 - INFO - composites.py:307 - Reproject from UTM Zone to Tile geometry -> CRS(EPSG:32634), Resampling.bilinear
2025-08-28 16:22:11,988 - INFO - composites.py:310 -     New shape of datasets: Shape2d(x=2400, y=2400)
2025-08-28 16:22:12,769 - INFO - composites.py:342 - Creating preview plot of input scenes
2025-08-28 16:22:46,023 - INFO - timeseries_processing.py:349 - Saved preview for 'B04' to //nas-rs.topo.auth.gr/Latomeia/DROUGHT/composites/x10/y08/2020/09/01/S2L2A_medcomp_x10y08_202009_InDataPreview.jpeg
2025-08-28 16:22:46,029 - INFO - composites.py:348 - Clip value range
2025-08-28 16:22:48,075 - INFO - composites.py:353 -                           
2025-08-28 16:22:48,075 - INFO - composites.py:354 - Computing spectral indices:
2025-08-28 16:22:48,075 - INFO - composites.py:357 -     EVI...
2025-08-28 16:22:49,276 - INFO - composites.py:359 -     NDVI...
2025-08-28 16:22:49,669 - INFO - composites.py:361 -     PSRI2...
2025-08-28 16:22:49,958 - INFO - composites.py:364 - Clip to typical value range
2025-08-28 16:22:50,340 - INFO - composites.py:371 - Reducing to median value temporal composite
2025-08-28 16:23:19,635 - INFO - composites.py:390 - Scale and Define data types & nodata per band
2025-08-28 16:23:19,758 - INFO - composites.py:411 - Assign time range and tile ID in metadata
2025-08-28 16:23:19,758 - INFO - composites.py:419 - Write bands to raster COG files
2025-08-28 16:23:23,784 - INFO - composites.py:432 - Write B02 -> //nas-rs.topo.auth.gr/Latomeia/DROUGHT/composites/x10/y08/2020/09/01/S2L2A_medcomp_x10y08_202009_B02.tif
2025-08-28 16:23:27,727 - INFO - composites.py:432 - Write B03 -> //nas-rs.topo.auth.gr/Latomeia/DROUGHT/composites/x10/y08/2020/09/01/S2L2A_medcomp_x10y08_202009_B03.tif
2025-08-28 16:23:31,704 - INFO - composites.py:432 - Write B04 -> //nas-rs.topo.auth.gr/Latomeia/DROUGHT/composites/x10/y08/2020/09/01/S2L2A_medcomp_x10y08_202009_B04.tif
2025-08-28 16:23:35,635 - INFO - composites.py:432 - Write B05 -> //nas-rs.topo.auth.gr/Latomeia/DROUGHT/composites/x10/y08/2020/09/01/S2L2A_medcomp_x10y08_202009_B05.tif
2025-08-28 16:23:40,012 - INFO - composites.py:432 - Write B07 -> //nas-rs.topo.auth.gr/Latomeia/DROUGHT/composites/x10/y08/2020/09/01/S2L2A_medcomp_x10y08_202009_B07.tif
2025-08-28 16:23:44,519 - INFO - composites.py:432 - Write B8A -> //nas-rs.topo.auth.gr/Latomeia/DROUGHT/composites/x10/y08/2020/09/01/S2L2A_medcomp_x10y08_202009_B8A.tif
2025-08-28 16:23:48,403 - INFO - composites.py:432 - Write EVI -> //nas-rs.topo.auth.gr/Latomeia/DROUGHT/composites/x10/y08/2020/09/01/S2L2A_medcomp_x10y08_202009_EVI.tif
2025-08-28 16:23:52,289 - INFO - composites.py:432 - Write NDVI -> //nas-rs.topo.auth.gr/Latomeia/DROUGHT/composites/x10/y08/2020/09/01/S2L2A_medcomp_x10y08_202009_NDVI.tif
2025-08-28 16:23:56,155 - INFO - composites.py:432 - Write PSRI2 -> //nas-rs.topo.auth.gr/Latomeia/DROUGHT/composites/x10/y08/2020/09/01/S2L2A_medcomp_x10y08_202009_PSRI2.tif
2025-08-28 16:23:56,155 - INFO - composites.py:436 - Prepare metadata YAML document
2025-08-28 16:23:56,668 - INFO - composites.py:458 - Write metadata YAML document to disk
2025-08-28 16:23:56,711 - INFO - composites.py:463 - Create datacube.model.Dataset from eo3 metadata
2025-08-28 16:23:56,723 - INFO - composites.py:476 - Index to datacube
2025-08-28 16:23:56,723 - INFO - _datasets.py:191 - Indexing 4ec33ad6-8f07-40fb-9482-fbf1babd7afd
2025-08-28 16:23:56,734 - INFO - composites.py:479 - 
2025-08-28 16:23:56,734 - INFO - composites.py:480 -              ✔✔✔ COMPLETED: Tile x10_y08 | Time: 2020-09 | In 14.24 minutes
2025-08-28 16:23:56,734 - INFO - composites.py:481 - 
2025-08-28 16:23:56,734 - INFO - composites.py:489 - Closing Dask client
2025-08-28 16:23:56,737 - INFO - composites.py:493 - Closing Dask cluster
2025-08-28 16:23:56,737 - INFO - composites.py:494 - #######################################################################
