2025-08-21 16:57:39,579 - INFO - composites.py:101 - #######################################################################
2025-08-21 16:57:39,579 - INFO - composites.py:103 - Processing started
2025-08-21 16:57:39,579 - INFO - composites.py:104 -         Tile: x09_y12
2025-08-21 16:57:39,579 - INFO - composites.py:105 -         Time: 2020-01
2025-08-21 16:57:39,579 - INFO - composites.py:108 -                           
2025-08-21 16:57:39,579 - INFO - composites.py:109 - Establishing connection to datacube
2025-08-21 16:57:40,301 - INFO - composites.py:112 -                           
2025-08-21 16:57:40,302 - INFO - composites.py:113 - Sanity test: Check if dataset already exists in the datacube
2025-08-21 16:57:40,321 - INFO - composites.py:132 - The composite requested was not found and it will be computed
2025-08-21 16:57:40,321 - INFO - composites.py:135 -                                  
2025-08-21 16:57:40,321 - INFO - composites.py:136 - Initializing Dask cluster for parallelization
2025-08-21 16:57:46,069 - INFO - composites.py:160 - Dask dashboard is available at: http://127.0.0.1:8787/status
2025-08-21 16:57:46,069 - INFO - composites.py:163 - Create directories and naming conversions
2025-08-21 16:57:46,075 - INFO - composites.py:174 - Dataset location: //nas-rs.topo.auth.gr/Latomeia/DROUGHT/COMPOS/2020/01/x09_y12
2025-08-21 16:57:46,075 - INFO - composites.py:177 -                           
2025-08-21 16:57:46,075 - INFO - composites.py:178 - Retrieve tile geometry
2025-08-21 16:57:46,118 - INFO - composites.py:189 - Create the Bounding Box (φ,λ)
2025-08-21 16:57:46,118 - INFO - composites.py:195 - Create the Bounding Box (x,y)
2025-08-21 16:57:46,118 - INFO - composites.py:208 -                           
2025-08-21 16:57:46,118 - INFO - composites.py:209 - Connect to Planetary Computer STAC Catalog
2025-08-21 16:57:46,334 - INFO - composites.py:217 - Search the STAC Catalog
2025-08-21 16:57:46,701 - INFO - composites.py:229 -         Query parameters:
2025-08-21 16:57:46,701 - INFO - composites.py:230 -             url:          https://planetarycomputer.microsoft.com/api/stac/v1/search
2025-08-21 16:57:46,703 - INFO - composites.py:231 -             client:       microsoft-pc
2025-08-21 16:57:46,703 - INFO - composites.py:232 -             collection:   sentinel-2-l2a
2025-08-21 16:57:46,703 - INFO - composites.py:233 -             bbox:         (22.08935468900074, 38.65012671670289, 22.765437865885517, 39.19940074346311)
2025-08-21 16:57:46,703 - INFO - composites.py:234 -             time range:   2020-01-01T00:00:00Z/2020-01-31T23:59:59Z
2025-08-21 16:57:46,703 - INFO - composites.py:235 -             cloud cover:  0% - 70%
2025-08-21 16:57:46,703 - INFO - composites.py:236 -             nodata cover: 0% - 33%
2025-08-21 16:57:46,703 - INFO - composites.py:238 -                           
2025-08-21 16:57:46,703 - INFO - composites.py:239 - Searching...
2025-08-21 16:57:47,122 - INFO - composites.py:242 - Query found 15 items
2025-08-21 16:57:47,122 - INFO - composites.py:244 - Searching for GRI REFINED scenes:
2025-08-21 16:57:52,193 - INFO - sentinel2.py:78 - 1/15 - S2A_MSIL2A_20200124T092251_R093_T34SFJ_20201002T083600 -> Not Found
2025-08-21 16:57:57,555 - INFO - sentinel2.py:78 - 2/15 - S2A_MSIL2A_20200124T092251_R093_T34SFH_20201002T083603 -> Not Found
2025-08-21 16:58:02,780 - INFO - sentinel2.py:78 - 3/15 - S2A_MSIL2A_20200124T092251_R093_T34SEJ_20201002T083605 -> Not Found
2025-08-21 16:58:07,603 - INFO - sentinel2.py:78 - 4/15 - S2A_MSIL2A_20200124T092251_R093_T34SEH_20201002T083602 -> Not Found
2025-08-21 16:58:11,887 - INFO - sentinel2.py:78 - 5/15 - S2A_MSIL2A_20200114T092331_R093_T34SFJ_20201002T182430 -> Not Found
2025-08-21 16:58:16,756 - INFO - sentinel2.py:78 - 6/15 - S2A_MSIL2A_20200114T092331_R093_T34SFH_20201002T182428 -> Not Found
2025-08-21 16:58:21,078 - INFO - sentinel2.py:78 - 7/15 - S2A_MSIL2A_20200114T092331_R093_T34SEJ_20201002T182429 -> Not Found
2025-08-21 16:58:26,461 - INFO - sentinel2.py:78 - 8/15 - S2A_MSIL2A_20200114T092331_R093_T34SEH_20201002T182430 -> Not Found
2025-08-21 16:58:30,643 - INFO - sentinel2.py:78 - 9/15 - S2B_MSIL2A_20200109T092249_R093_T34SFJ_20201029T174530 -> Not Found
2025-08-21 16:58:35,630 - INFO - sentinel2.py:78 - 10/15 - S2B_MSIL2A_20200109T092249_R093_T34SFH_20201029T174529 -> Not Found
2025-08-21 16:58:40,426 - INFO - sentinel2.py:78 - 11/15 - S2B_MSIL2A_20200109T092249_R093_T34SEH_20201029T174519 -> Not Found
2025-08-21 16:58:45,807 - INFO - sentinel2.py:78 - 12/15 - S2A_MSIL2A_20200104T092401_R093_T34SFJ_20201002T224245 -> Not Found
2025-08-21 16:58:51,271 - INFO - sentinel2.py:78 - 13/15 - S2A_MSIL2A_20200104T092401_R093_T34SFH_20201002T224249 -> Not Found
2025-08-21 16:58:55,305 - INFO - sentinel2.py:78 - 14/15 - S2A_MSIL2A_20200104T092401_R093_T34SEJ_20201002T224246 -> Not Found
2025-08-21 16:59:00,155 - INFO - sentinel2.py:78 - 15/15 - S2A_MSIL2A_20200104T092401_R093_T34SEH_20201002T224247 -> Not Found
2025-08-21 16:59:00,229 - INFO - composites.py:247 -                                  
2025-08-21 16:59:00,229 - INFO - composites.py:248 - 0/15 were refined by GRI.
2025-08-21 16:59:00,229 - WARNING - composites.py:252 - Tile x09_y12 | Time: 2020-01: All scenes are flagged NOT REFINED.
2025-08-21 16:59:00,231 - WARNING - composites.py:253 - Tile x09_y12 | Time: 2020-01: The composite will be flagged with _NOREFINED.
2025-08-21 16:59:00,231 - INFO - composites.py:260 - Looking for up to 10 cleanest images within spatiotemporal range of each MGRS tile
2025-08-21 16:59:00,232 - INFO - composites.py:274 - Filtered cleanest scenes: Kept 15 out of 15 items. 
2025-08-21 16:59:00,232 - INFO - composites.py:275 -         Included MGRS Tiles: ['34SEH' '34SEJ' '34SFH' '34SFJ']
2025-08-21 16:59:00,233 - INFO - composites.py:276 -         Included EPSG codes: [32634]
2025-08-21 16:59:00,233 - INFO - composites.py:278 - Selected scenes:
2025-08-21 16:59:00,233 - INFO - composites.py:280 -         S2A_MSIL2A_20200104T092401_R093_T34SEH_20201002T224247
2025-08-21 16:59:00,234 - INFO - composites.py:280 -         S2B_MSIL2A_20200109T092249_R093_T34SEH_20201029T174519
2025-08-21 16:59:00,234 - INFO - composites.py:280 -         S2A_MSIL2A_20200124T092251_R093_T34SEH_20201002T083602
2025-08-21 16:59:00,235 - INFO - composites.py:280 -         S2A_MSIL2A_20200114T092331_R093_T34SEH_20201002T182430
2025-08-21 16:59:00,235 - INFO - composites.py:280 -         S2A_MSIL2A_20200104T092401_R093_T34SEJ_20201002T224246
2025-08-21 16:59:00,235 - INFO - composites.py:280 -         S2A_MSIL2A_20200124T092251_R093_T34SEJ_20201002T083605
2025-08-21 16:59:00,235 - INFO - composites.py:280 -         S2A_MSIL2A_20200114T092331_R093_T34SEJ_20201002T182429
2025-08-21 16:59:00,235 - INFO - composites.py:280 -         S2A_MSIL2A_20200104T092401_R093_T34SFH_20201002T224249
2025-08-21 16:59:00,235 - INFO - composites.py:280 -         S2A_MSIL2A_20200124T092251_R093_T34SFH_20201002T083603
2025-08-21 16:59:00,235 - INFO - composites.py:280 -         S2B_MSIL2A_20200109T092249_R093_T34SFH_20201029T174529
2025-08-21 16:59:00,235 - INFO - composites.py:280 -         S2A_MSIL2A_20200114T092331_R093_T34SFH_20201002T182428
2025-08-21 16:59:00,235 - INFO - composites.py:280 -         S2A_MSIL2A_20200104T092401_R093_T34SFJ_20201002T224245
2025-08-21 16:59:00,235 - INFO - composites.py:280 -         S2B_MSIL2A_20200109T092249_R093_T34SFJ_20201029T174530
2025-08-21 16:59:00,235 - INFO - composites.py:280 -         S2A_MSIL2A_20200124T092251_R093_T34SFJ_20201002T083600
2025-08-21 16:59:00,235 - INFO - composites.py:280 -         S2A_MSIL2A_20200114T092331_R093_T34SFJ_20201002T182430
2025-08-21 16:59:00,735 - INFO - sentinel2.py:154 - Matplotlib backend: Agg
2025-08-21 16:59:01,175 - INFO - sentinel2.py:224 - Write input scenes footprint overlay: //nas-rs.topo.auth.gr/Latomeia/DROUGHT/COMPOS/2020/01/x09_y12/S2L2A_medcomp_x09_y12_202001_InDataFootprint.jpeg
2025-08-21 16:59:01,499 - INFO - composites.py:294 -                                  
2025-08-21 16:59:01,499 - INFO - composites.py:295 - Downstream STAC items from Planetary Computer
2025-08-21 16:59:01,499 - INFO - timeseries_processing.py:115 -                                  
2025-08-21 16:59:01,500 - INFO - timeseries_processing.py:116 - Loading bands of diferent resolutions in EPSG:32634
2025-08-21 16:59:01,500 - INFO - timeseries_processing.py:120 -     Filtering items with native UTM EPSG:32634
2025-08-21 16:59:01,500 - INFO - timeseries_processing.py:122 -     15 Items in EPSG:32634
2025-08-21 16:59:01,500 - INFO - timeseries_processing.py:129 -                        
2025-08-21 16:59:01,500 - INFO - timeseries_processing.py:130 -     Loading parameters:
2025-08-21 16:59:01,500 - INFO - timeseries_processing.py:131 -         Bands: ['B05', 'B07', 'B8A', 'SCL']
2025-08-21 16:59:01,500 - INFO - timeseries_processing.py:132 -         Spatial resolution: 20
2025-08-21 16:59:01,500 - INFO - timeseries_processing.py:134 -         Get Assets from STAC Items
2025-08-21 16:59:01,500 - INFO - timeseries_processing.py:47 -         Initialize the STAC client
2025-08-21 16:59:02,096 - INFO - timeseries_processing.py:137 -         Loading 15 STAC Items....
2025-08-21 17:00:12,343 - INFO - timeseries_processing.py:146 -         Cube has been downloaded
2025-08-21 17:00:12,343 - INFO - timeseries_processing.py:156 -         Fix order of dimensions
2025-08-21 17:00:12,345 - INFO - timeseries_processing.py:161 -         Append bands to the band-list of EPSG:32634
2025-08-21 17:00:12,345 - INFO - timeseries_processing.py:129 -                        
2025-08-21 17:00:12,346 - INFO - timeseries_processing.py:130 -     Loading parameters:
2025-08-21 17:00:12,347 - INFO - timeseries_processing.py:131 -         Bands: ['B02', 'B03', 'B04']
2025-08-21 17:00:12,347 - INFO - timeseries_processing.py:132 -         Spatial resolution: 10
2025-08-21 17:00:12,347 - INFO - timeseries_processing.py:134 -         Get Assets from STAC Items
2025-08-21 17:00:12,347 - INFO - timeseries_processing.py:47 -         Initialize the STAC client
2025-08-21 17:00:12,870 - INFO - timeseries_processing.py:137 -         Loading 15 STAC Items....
2025-08-21 17:02:44,328 - INFO - timeseries_processing.py:146 -         Cube has been downloaded
2025-08-21 17:02:44,328 - INFO - timeseries_processing.py:149 -         Reproject to downsample 10m bands to 20m by Resampling.average 2x2 binning and shape matching with odc.geo.GeoBox
2025-08-21 17:02:52,176 - INFO - timeseries_processing.py:161 -         Append bands to the band-list of EPSG:32634
2025-08-21 17:02:52,176 - INFO - timeseries_processing.py:165 -                        
2025-08-21 17:02:52,176 - INFO - timeseries_processing.py:166 -     Merging bands in a single dataset
2025-08-21 17:02:52,176 - INFO - timeseries_processing.py:167 -     Ensure all partial datasets are at (x=20, y=-20) resolution
2025-08-21 17:02:52,177 - INFO - timeseries_processing.py:171 -     Clip to the intersection of indexes
2025-08-21 17:02:53,574 - INFO - timeseries_processing.py:180 -     Make a list of bands to merge
2025-08-21 17:02:53,576 - INFO - timeseries_processing.py:184 -     Merge on intersection
2025-08-21 17:02:53,577 - INFO - timeseries_processing.py:192 -     Apply masks on clouds, shadows, thin cirrus, and snow/ice
2025-08-21 17:02:53,577 - INFO - sentinel2.py:122 -                Masking bits: [3, 7, 8, 9, 10, 11]
2025-08-21 17:02:54,214 - INFO - composites.py:304 - Reproject from UTM Zone to Tile geometry -> CRS(EPSG:32634), Resampling.bilinear
2025-08-21 17:02:57,639 - INFO - composites.py:307 -     New shape of datasets: Shape2d(x=2400, y=2400)
2025-08-21 17:02:58,547 - INFO - composites.py:339 - Creating preview plot of input scenes
2025-08-21 17:03:32,040 - INFO - timeseries_processing.py:349 - Saved preview for 'B04' to //nas-rs.topo.auth.gr/Latomeia/DROUGHT/COMPOS/2020/01/x09_y12/S2L2A_medcomp_x09_y12_202001_InDataPreview.jpeg
2025-08-21 17:03:32,061 - INFO - composites.py:345 - Clip value range
2025-08-21 17:03:33,212 - INFO - composites.py:350 -                           
2025-08-21 17:03:33,212 - INFO - composites.py:351 - Computing spectral indices:
2025-08-21 17:03:33,214 - INFO - composites.py:354 -     EVI...
2025-08-21 17:03:33,908 - INFO - composites.py:356 -     NDVI...
2025-08-21 17:03:34,084 - INFO - composites.py:358 -     PSRI2...
2025-08-21 17:03:34,321 - INFO - composites.py:361 - Clip to typical value range
2025-08-21 17:03:34,583 - INFO - composites.py:368 - Reducing to median value temporal composite
2025-08-21 17:04:04,458 - INFO - composites.py:387 - Define data types and nodata per band
2025-08-21 17:04:04,690 - INFO - composites.py:408 - Assign time range and tile ID in metadata
2025-08-21 17:04:04,690 - INFO - composites.py:416 - Write bands to raster COG files
2025-08-21 17:04:10,491 - INFO - composites.py:429 - Write B02 -> //nas-rs.topo.auth.gr/Latomeia/DROUGHT/COMPOS/2020/01/x09_y12/S2L2A_medcomp_x09_y12_202001_B02.tif
2025-08-21 17:04:16,729 - INFO - composites.py:429 - Write B03 -> //nas-rs.topo.auth.gr/Latomeia/DROUGHT/COMPOS/2020/01/x09_y12/S2L2A_medcomp_x09_y12_202001_B03.tif
2025-08-21 17:04:23,347 - INFO - composites.py:429 - Write B04 -> //nas-rs.topo.auth.gr/Latomeia/DROUGHT/COMPOS/2020/01/x09_y12/S2L2A_medcomp_x09_y12_202001_B04.tif
2025-08-21 17:04:29,644 - INFO - composites.py:429 - Write B05 -> //nas-rs.topo.auth.gr/Latomeia/DROUGHT/COMPOS/2020/01/x09_y12/S2L2A_medcomp_x09_y12_202001_B05.tif
2025-08-21 17:04:35,604 - INFO - composites.py:429 - Write B07 -> //nas-rs.topo.auth.gr/Latomeia/DROUGHT/COMPOS/2020/01/x09_y12/S2L2A_medcomp_x09_y12_202001_B07.tif
2025-08-21 17:04:40,958 - INFO - composites.py:429 - Write B8A -> //nas-rs.topo.auth.gr/Latomeia/DROUGHT/COMPOS/2020/01/x09_y12/S2L2A_medcomp_x09_y12_202001_B8A.tif
2025-08-21 17:04:46,700 - INFO - composites.py:429 - Write EVI -> //nas-rs.topo.auth.gr/Latomeia/DROUGHT/COMPOS/2020/01/x09_y12/S2L2A_medcomp_x09_y12_202001_evi.tif
2025-08-21 17:04:52,979 - INFO - composites.py:429 - Write NDVI -> //nas-rs.topo.auth.gr/Latomeia/DROUGHT/COMPOS/2020/01/x09_y12/S2L2A_medcomp_x09_y12_202001_ndvi.tif
2025-08-21 17:04:58,973 - INFO - composites.py:429 - Write PSRI2 -> //nas-rs.topo.auth.gr/Latomeia/DROUGHT/COMPOS/2020/01/x09_y12/S2L2A_medcomp_x09_y12_202001_psri2.tif
2025-08-21 17:04:58,990 - INFO - composites.py:433 - Prepare metadata YAML document
2025-08-21 17:04:59,816 - INFO - composites.py:454 - Write metadata YAML document to disk
2025-08-21 17:04:59,863 - INFO - composites.py:459 - Create datacube.model.Dataset from eo3 metadata
2025-08-21 17:04:59,873 - INFO - composites.py:470 - Index to datacube
2025-08-21 17:04:59,873 - INFO - _datasets.py:191 - Indexing a41607ff-92d5-4635-98b6-48321764fa41
2025-08-21 17:04:59,899 - INFO - composites.py:473 - 
2025-08-21 17:04:59,899 - INFO - composites.py:474 -              ✔✔✔ COMPLETED: Tile x09_y12 | Time: 2020-01 | In 7.34 minutes
2025-08-21 17:04:59,899 - INFO - composites.py:475 - 
2025-08-21 17:04:59,899 - INFO - composites.py:483 - Closing Dask client
2025-08-21 17:04:59,902 - INFO - composites.py:487 - Closing Dask cluster
2025-08-21 17:04:59,902 - INFO - composites.py:488 - #######################################################################
