2025-08-27 16:19:32,960 - INFO - composites.py:102 - #######################################################################
2025-08-27 16:19:32,961 - INFO - composites.py:104 - Processing started
2025-08-27 16:19:32,961 - INFO - composites.py:105 -         Tile: x09_y07
2025-08-27 16:19:32,961 - INFO - composites.py:106 -         Time: 2021-10
2025-08-27 16:19:32,961 - INFO - composites.py:109 -                           
2025-08-27 16:19:32,961 - INFO - composites.py:110 - Establishing connection to datacube
2025-08-27 16:19:33,650 - INFO - composites.py:113 -                           
2025-08-27 16:19:33,650 - INFO - composites.py:114 - Sanity test: Check if dataset already exists in the datacube
2025-08-27 16:19:33,671 - INFO - composites.py:133 - The composite requested was not found and it will be computed
2025-08-27 16:19:33,671 - INFO - composites.py:136 -                                  
2025-08-27 16:19:33,671 - INFO - composites.py:137 - Initializing Dask cluster for parallelization
2025-08-27 16:19:39,186 - INFO - composites.py:161 - Dask dashboard is available at: http://127.0.0.1:8787/status
2025-08-27 16:19:39,186 - INFO - composites.py:164 - Create directories and naming conversions
2025-08-27 16:19:39,198 - INFO - composites.py:177 - Dataset location: //nas-rs.topo.auth.gr/Latomeia/DROUGHT/composites/x09/y07/2021/10/01
2025-08-27 16:19:39,198 - INFO - composites.py:180 -                           
2025-08-27 16:19:39,198 - INFO - composites.py:181 - Retrieve tile geometry
2025-08-27 16:19:39,229 - INFO - composites.py:192 - Create the Bounding Box (φ,λ)
2025-08-27 16:19:39,230 - INFO - composites.py:198 - Create the Bounding Box (x,y)
2025-08-27 16:19:39,230 - INFO - composites.py:211 -                           
2025-08-27 16:19:39,230 - INFO - composites.py:212 - Connect to Planetary Computer STAC Catalog
2025-08-27 16:20:09,453 - ERROR - composites.py:482 -              ✖✖✖ FAILED loading for : Tile x09_y07 | Time: 2021-10 | with Exception: The request exceeded the maximum allowed time, please try again. If the issue persists, please contact planetarycomputer@microsoft.com.


2025-08-27 16:20:09,453 - INFO - composites.py:487 - Closing Dask client
2025-08-27 16:20:09,455 - INFO - composites.py:491 - Closing Dask cluster
2025-08-27 16:20:09,455 - INFO - composites.py:492 - #######################################################################
