2025-08-20 12:46:46,038 - INFO - composites.py:100 - #######################################################################
2025-08-20 12:46:46,038 - INFO - composites.py:102 - Processing started
2025-08-20 12:46:46,038 - INFO - composites.py:103 -         Tile: x06_y10
2025-08-20 12:46:46,038 - INFO - composites.py:104 -         Time: 2022-01
2025-08-20 12:46:46,038 - INFO - composites.py:107 -                           
2025-08-20 12:46:46,038 - INFO - composites.py:108 - Establishing connection to datacube
2025-08-20 12:46:46,810 - INFO - composites.py:111 -                           
2025-08-20 12:46:46,810 - INFO - composites.py:112 - Sanity test: Check if dataset already exists in the datacube
2025-08-20 12:46:46,832 - INFO - composites.py:131 - The composite requested was not found and it will be computed
2025-08-20 12:46:46,832 - INFO - composites.py:134 -                                  
2025-08-20 12:46:46,832 - INFO - composites.py:135 - Initializing Dask cluster for parallelization
2025-08-20 12:46:52,991 - INFO - composites.py:159 - Dask dashboard is available at: http://127.0.0.1:8787/status
2025-08-20 12:46:52,992 - INFO - composites.py:162 - Create directories and naming conversions
2025-08-20 12:46:53,006 - INFO - composites.py:173 - Dataset location: //nas-rs.topo.auth.gr/Latomeia/DROUGHT/COMPOS/2022/01/x06_y10
2025-08-20 12:46:53,006 - INFO - composites.py:176 -                           
2025-08-20 12:46:53,007 - INFO - composites.py:177 - Retrieve tile geometry
2025-08-20 12:46:53,056 - INFO - composites.py:188 - Create the Bounding Box (φ,λ)
2025-08-20 12:46:53,056 - INFO - composites.py:194 - Create the Bounding Box (x,y)
2025-08-20 12:46:53,056 - INFO - composites.py:207 -                           
2025-08-20 12:46:53,056 - INFO - composites.py:208 - Connect to Planetary Computer STAC Catalog
2025-08-20 12:46:53,266 - INFO - composites.py:216 - Search the STAC Catalog
2025-08-20 12:46:53,337 - INFO - composites.py:228 -         Query parameters:
2025-08-20 12:46:53,337 - INFO - composites.py:229 -             url:          https://planetarycomputer.microsoft.com/api/stac/v1/search
2025-08-20 12:46:53,337 - INFO - composites.py:230 -             client:       microsoft-pc
2025-08-20 12:46:53,337 - INFO - composites.py:231 -             collection:   sentinel-2-l2a
2025-08-20 12:46:53,337 - INFO - composites.py:232 -             bbox:         (20.319308912777615, 37.9915612627663, 20.978637447423655, 38.53275349002355)
2025-08-20 12:46:53,337 - INFO - composites.py:233 -             time range:   2022-01-01T00:00:00Z/2022-01-31T23:59:59Z
2025-08-20 12:46:53,337 - INFO - composites.py:234 -             cloud cover:  0% - 70%
2025-08-20 12:46:53,337 - INFO - composites.py:235 -             nodata cover: 0% - 33%
2025-08-20 12:46:53,337 - INFO - composites.py:237 -                           
2025-08-20 12:46:53,337 - INFO - composites.py:238 - Searching...
2025-08-20 12:46:53,848 - INFO - composites.py:241 - Query found 11 items
2025-08-20 12:46:53,848 - INFO - composites.py:243 - Searching for GRI REFINED scenes:
2025-08-20 12:46:57,915 - INFO - sentinel2.py:78 - 1/11 - S2B_MSIL2A_20220131T093119_R136_T34SDH_20220216T165926 -> REFINED
2025-08-20 12:47:02,428 - INFO - sentinel2.py:78 - 2/11 - S2B_MSIL2A_20220128T092139_R093_T34SDH_20220213T075052 -> REFINED
2025-08-20 12:47:07,387 - INFO - sentinel2.py:78 - 3/11 - S2A_MSIL2A_20220126T093251_R136_T34SDH_20220211T213122 -> REFINED
2025-08-20 12:47:11,259 - INFO - sentinel2.py:78 - 4/11 - S2A_MSIL2A_20220123T092301_R093_T34SDH_20220124T020720 -> REFINED
2025-08-20 12:47:15,068 - INFO - sentinel2.py:78 - 5/11 - S2B_MSIL2A_20220121T093209_R136_T34SDH_20220122T092702 -> REFINED
2025-08-20 12:47:19,610 - INFO - sentinel2.py:78 - 6/11 - S2B_MSIL2A_20220118T092219_R093_T34SDH_20220119T065400 -> REFINED
2025-08-20 12:47:23,954 - INFO - sentinel2.py:78 - 7/11 - S2A_MSIL2A_20220116T093331_R136_T34SDH_20220116T224016 -> REFINED
2025-08-20 12:47:28,553 - INFO - sentinel2.py:78 - 8/11 - S2A_MSIL2A_20220113T092341_R093_T34SDH_20220113T183029 -> REFINED
2025-08-20 12:47:32,886 - INFO - sentinel2.py:78 - 9/11 - S2A_MSIL2A_20220106T093401_R136_T34SDH_20220106T195205 -> REFINED
2025-08-20 12:47:36,819 - INFO - sentinel2.py:78 - 10/11 - S2A_MSIL2A_20220103T092401_R093_T34SDH_20220104T031743 -> REFINED
2025-08-20 12:47:41,657 - INFO - sentinel2.py:78 - 11/11 - S2B_MSIL2A_20220101T093309_R136_T34SDH_20220102T075216 -> REFINED
2025-08-20 12:47:41,706 - INFO - composites.py:246 -                                  
2025-08-20 12:47:41,706 - INFO - composites.py:247 - 11/11 were refined by GRI.
2025-08-20 12:47:41,713 - INFO - composites.py:259 - Looking for up to 10 cleanest images within spatiotemporal range of each MGRS tile
2025-08-20 12:47:41,713 - INFO - composites.py:273 - Filtered cleanest scenes: Kept 10 out of 11 items. 
2025-08-20 12:47:41,713 - INFO - composites.py:274 -         Included MGRS Tiles: ['34SDH']
2025-08-20 12:47:41,713 - INFO - composites.py:275 -         Included EPSG codes: [32634]
2025-08-20 12:47:41,713 - INFO - composites.py:277 - Selected scenes:
2025-08-20 12:47:41,714 - INFO - composites.py:279 -         S2B_MSIL2A_20220101T093309_R136_T34SDH_20220102T075216
2025-08-20 12:47:41,714 - INFO - composites.py:279 -         S2A_MSIL2A_20220113T092341_R093_T34SDH_20220113T183029
2025-08-20 12:47:41,715 - INFO - composites.py:279 -         S2A_MSIL2A_20220123T092301_R093_T34SDH_20220124T020720
2025-08-20 12:47:41,715 - INFO - composites.py:279 -         S2B_MSIL2A_20220131T093119_R136_T34SDH_20220216T165926
2025-08-20 12:47:41,716 - INFO - composites.py:279 -         S2A_MSIL2A_20220126T093251_R136_T34SDH_20220211T213122
2025-08-20 12:47:41,716 - INFO - composites.py:279 -         S2B_MSIL2A_20220118T092219_R093_T34SDH_20220119T065400
2025-08-20 12:47:41,716 - INFO - composites.py:279 -         S2A_MSIL2A_20220116T093331_R136_T34SDH_20220116T224016
2025-08-20 12:47:41,716 - INFO - composites.py:279 -         S2A_MSIL2A_20220103T092401_R093_T34SDH_20220104T031743
2025-08-20 12:47:41,716 - INFO - composites.py:279 -         S2B_MSIL2A_20220128T092139_R093_T34SDH_20220213T075052
2025-08-20 12:47:41,716 - INFO - composites.py:279 -         S2B_MSIL2A_20220121T093209_R136_T34SDH_20220122T092702
2025-08-20 12:47:42,223 - INFO - sentinel2.py:154 - Matplotlib backend: Agg
2025-08-20 12:47:42,380 - INFO - sentinel2.py:224 - Write input scenes footprint overlay: //nas-rs.topo.auth.gr/Latomeia/DROUGHT/COMPOS/2022/01/x06_y10/S2L2A_medcomp_x06_y10_202201_InDataFootprint.jpeg
2025-08-20 12:47:42,724 - INFO - composites.py:293 -                                  
2025-08-20 12:47:42,724 - INFO - composites.py:294 - Downstream STAC items from Planetary Computer
2025-08-20 12:47:42,724 - INFO - timeseries_processing.py:114 -                                  
2025-08-20 12:47:42,724 - INFO - timeseries_processing.py:115 - Loading bands of diferent resolutions in EPSG:32634
2025-08-20 12:47:42,724 - INFO - timeseries_processing.py:119 -     Filtering items with native UTM EPSG:32634
2025-08-20 12:47:42,724 - INFO - timeseries_processing.py:121 -     10 Items in EPSG:32634
2025-08-20 12:47:42,724 - INFO - timeseries_processing.py:128 -                        
2025-08-20 12:47:42,725 - INFO - timeseries_processing.py:129 -     Loading parameters:
2025-08-20 12:47:42,725 - INFO - timeseries_processing.py:130 -         Bands: ['B05', 'B07', 'B8A', 'SCL']
2025-08-20 12:47:42,725 - INFO - timeseries_processing.py:131 -         Spatial resolution: 20
2025-08-20 12:47:42,725 - INFO - timeseries_processing.py:133 -         Get Assets from STAC Items
2025-08-20 12:47:42,725 - INFO - timeseries_processing.py:46 -         Initialize the STAC client
2025-08-20 12:47:43,369 - INFO - timeseries_processing.py:136 -         Loading 10 STAC Items....
2025-08-20 12:48:10,206 - INFO - timeseries_processing.py:158 -         Cube has been downloaded
2025-08-20 12:48:10,207 - INFO - timeseries_processing.py:167 -         Fix order of dimensions
2025-08-20 12:48:10,209 - INFO - timeseries_processing.py:172 -         Append bands to the band-list of EPSG:32634
2025-08-20 12:48:10,209 - INFO - timeseries_processing.py:128 -                        
2025-08-20 12:48:10,209 - INFO - timeseries_processing.py:129 -     Loading parameters:
2025-08-20 12:48:10,209 - INFO - timeseries_processing.py:130 -         Bands: ['B02', 'B03', 'B04']
2025-08-20 12:48:10,209 - INFO - timeseries_processing.py:131 -         Spatial resolution: 10
2025-08-20 12:48:10,209 - INFO - timeseries_processing.py:133 -         Get Assets from STAC Items
2025-08-20 12:48:10,210 - INFO - timeseries_processing.py:46 -         Initialize the STAC client
2025-08-20 12:48:10,735 - INFO - timeseries_processing.py:136 -         Loading 10 STAC Items....
2025-08-20 12:49:53,085 - INFO - timeseries_processing.py:158 -         Cube has been downloaded
2025-08-20 12:49:53,085 - INFO - timeseries_processing.py:161 -         Downsample 10m bands to 20m by average 2x2 binning
2025-08-20 12:50:06,577 - INFO - timeseries_processing.py:164 -         Align binned bands to native 20m bands (shape matching): method=bilinear
2025-08-20 12:50:19,056 - INFO - timeseries_processing.py:172 -         Append bands to the band-list of EPSG:32634
2025-08-20 12:50:19,057 - INFO - timeseries_processing.py:176 -                        
2025-08-20 12:50:19,057 - INFO - timeseries_processing.py:177 -     Merging bands in a single dataset
2025-08-20 12:50:19,057 - INFO - timeseries_processing.py:178 -     Ensure all partial datasets are at (x=20, y=-20) resolution
2025-08-20 12:50:19,057 - INFO - timeseries_processing.py:182 -     Clip to the intersection of indexes
2025-08-20 12:50:20,485 - INFO - timeseries_processing.py:191 -     Make a list of bands to merge
2025-08-20 12:50:20,487 - INFO - timeseries_processing.py:195 -     Merge on intersection
2025-08-20 12:50:20,488 - INFO - timeseries_processing.py:203 -     Apply masks on clouds, shadows, thin cirrus, and snow/ice
2025-08-20 12:50:20,488 - INFO - sentinel2.py:122 -                Masking bits: [3, 7, 8, 9, 10, 11]
2025-08-20 12:50:21,849 - INFO - timeseries_processing.py:209 -     Reproject to Tiling Schema projection EPSG:3035
2025-08-20 12:50:35,026 - INFO - composites.py:303 - Clip and align to tile geometry
2025-08-20 12:50:39,187 - INFO - composites.py:323 - Scale SR to Sen2Cor Baseline 4.00 - Subtract 1000 in dates post 2022-01-25
2025-08-20 12:50:40,922 - INFO - composites.py:336 - Creating preview plot of input scenes
2025-08-20 12:51:21,791 - INFO - timeseries_processing.py:367 - Saved preview for 'B04' to //nas-rs.topo.auth.gr/Latomeia/DROUGHT/COMPOS/2022/01/x06_y10/S2L2A_medcomp_x06_y10_202201_InDataPreview.jpeg
2025-08-20 12:51:21,799 - INFO - composites.py:342 - Clip value range
2025-08-20 12:51:24,104 - INFO - composites.py:347 -                           
2025-08-20 12:51:24,127 - INFO - composites.py:348 - Computing spectral indices:
2025-08-20 12:51:24,127 - INFO - composites.py:351 -     EVI...
2025-08-20 12:51:25,539 - INFO - composites.py:353 -     NDVI...
2025-08-20 12:51:25,886 - INFO - composites.py:355 -     PSRI2...
2025-08-20 12:51:26,351 - INFO - composites.py:358 - Clip to typical value range
2025-08-20 12:51:26,820 - INFO - composites.py:365 - Reducing to median value temporal composite
2025-08-20 12:51:55,812 - INFO - composites.py:384 - Define data types and nodata per band
2025-08-20 12:51:55,954 - INFO - composites.py:405 - Assign time range and tile ID in metadata
2025-08-20 12:51:55,959 - INFO - composites.py:413 - Write bands to raster COG files
2025-08-20 12:52:00,643 - INFO - composites.py:426 - Write B02 -> //nas-rs.topo.auth.gr/Latomeia/DROUGHT/COMPOS/2022/01/x06_y10/S2L2A_medcomp_x06_y10_202201_B02.tif
2025-08-20 12:52:05,467 - INFO - composites.py:426 - Write B03 -> //nas-rs.topo.auth.gr/Latomeia/DROUGHT/COMPOS/2022/01/x06_y10/S2L2A_medcomp_x06_y10_202201_B03.tif
2025-08-20 12:52:10,282 - INFO - composites.py:426 - Write B04 -> //nas-rs.topo.auth.gr/Latomeia/DROUGHT/COMPOS/2022/01/x06_y10/S2L2A_medcomp_x06_y10_202201_B04.tif
2025-08-20 12:52:15,504 - INFO - composites.py:426 - Write B05 -> //nas-rs.topo.auth.gr/Latomeia/DROUGHT/COMPOS/2022/01/x06_y10/S2L2A_medcomp_x06_y10_202201_B05.tif
2025-08-20 12:52:20,408 - INFO - composites.py:426 - Write B07 -> //nas-rs.topo.auth.gr/Latomeia/DROUGHT/COMPOS/2022/01/x06_y10/S2L2A_medcomp_x06_y10_202201_B07.tif
2025-08-20 12:52:25,127 - INFO - composites.py:426 - Write B8A -> //nas-rs.topo.auth.gr/Latomeia/DROUGHT/COMPOS/2022/01/x06_y10/S2L2A_medcomp_x06_y10_202201_B8A.tif
2025-08-20 12:52:29,814 - INFO - composites.py:426 - Write EVI -> //nas-rs.topo.auth.gr/Latomeia/DROUGHT/COMPOS/2022/01/x06_y10/S2L2A_medcomp_x06_y10_202201_evi.tif
2025-08-20 12:52:34,724 - INFO - composites.py:426 - Write NDVI -> //nas-rs.topo.auth.gr/Latomeia/DROUGHT/COMPOS/2022/01/x06_y10/S2L2A_medcomp_x06_y10_202201_ndvi.tif
2025-08-20 12:52:39,867 - INFO - composites.py:426 - Write PSRI2 -> //nas-rs.topo.auth.gr/Latomeia/DROUGHT/COMPOS/2022/01/x06_y10/S2L2A_medcomp_x06_y10_202201_psri2.tif
2025-08-20 12:52:39,885 - INFO - composites.py:430 - Prepare metadata YAML document
2025-08-20 12:52:40,713 - INFO - composites.py:451 - Write metadata YAML document to disk
2025-08-20 12:52:40,772 - INFO - composites.py:456 - Create datacube.model.Dataset from eo3 metadata
2025-08-20 12:52:40,782 - INFO - composites.py:467 - Index to datacube
2025-08-20 12:52:40,782 - INFO - _datasets.py:191 - Indexing 603208b6-c963-4b0a-ad42-5640bc63878b
2025-08-20 12:52:40,791 - INFO - composites.py:470 - 
2025-08-20 12:52:40,791 - INFO - composites.py:471 -              ✔✔✔ COMPLETED: Tile x06_y10 | Time: 2022-01 | In 5.91 minutes
2025-08-20 12:52:40,791 - INFO - composites.py:472 - 
2025-08-20 12:52:40,791 - INFO - composites.py:480 - Closing Dask client
2025-08-20 12:52:40,794 - INFO - composites.py:484 - Closing Dask cluster
2025-08-20 12:52:40,794 - INFO - composites.py:485 - #######################################################################
