2025-08-29 09:18:24,036 - INFO - composites.py:102 - #######################################################################
2025-08-29 09:18:24,036 - INFO - composites.py:104 - Processing started
2025-08-29 09:18:24,036 - INFO - composites.py:105 -         Tile: x08_y11
2025-08-29 09:18:24,036 - INFO - composites.py:106 -         Time: 2021-10
2025-08-29 09:18:24,036 - INFO - composites.py:109 -                           
2025-08-29 09:18:24,036 - INFO - composites.py:110 - Establishing connection to datacube
2025-08-29 09:18:24,675 - INFO - composites.py:113 -                           
2025-08-29 09:18:24,675 - INFO - composites.py:114 - Sanity test: Check if dataset already exists in the datacube
2025-08-29 09:18:24,693 - INFO - composites.py:133 - The composite requested was not found and it will be computed
2025-08-29 09:18:24,693 - INFO - composites.py:136 -                                  
2025-08-29 09:18:24,693 - INFO - composites.py:137 - Initializing Dask cluster for parallelization
2025-08-29 09:18:30,342 - INFO - composites.py:161 - Dask dashboard is available at: http://127.0.0.1:8787/status
2025-08-29 09:18:30,342 - INFO - composites.py:164 - Create directories and naming conversions
2025-08-29 09:18:30,368 - INFO - composites.py:177 - Dataset location: //nas-rs.topo.auth.gr/Latomeia/DROUGHT/composites/x08/y11/2021/10/01
2025-08-29 09:18:30,368 - INFO - composites.py:180 -                           
2025-08-29 09:18:30,368 - INFO - composites.py:181 - Retrieve tile geometry
2025-08-29 09:18:30,401 - INFO - composites.py:192 - Create the Bounding Box (φ,λ)
2025-08-29 09:18:30,401 - INFO - composites.py:198 - Create the Bounding Box (x,y)
2025-08-29 09:18:30,401 - INFO - composites.py:211 -                           
2025-08-29 09:18:30,401 - INFO - composites.py:212 - Connect to Planetary Computer STAC Catalog
2025-08-29 09:18:30,677 - INFO - composites.py:220 - Search the STAC Catalog
2025-08-29 09:18:30,764 - INFO - composites.py:232 -         Query parameters:
2025-08-29 09:18:30,764 - INFO - composites.py:233 -             url:          https://planetarycomputer.microsoft.com/api/stac/v1/search
2025-08-29 09:18:30,764 - INFO - composites.py:234 -             client:       microsoft-pc
2025-08-29 09:18:30,764 - INFO - composites.py:235 -             collection:   sentinel-2-l2a
2025-08-29 09:18:30,764 - INFO - composites.py:236 -             bbox:         (21.470456200843422, 38.29135632905737, 22.139354689000736, 38.83788179019963)
2025-08-29 09:18:30,765 - INFO - composites.py:237 -             time range:   2021-10-01T00:00:00Z/2021-10-31T23:59:59Z
2025-08-29 09:18:30,765 - INFO - composites.py:238 -             cloud cover:  0% - 70%
2025-08-29 09:18:30,765 - INFO - composites.py:239 -             nodata cover: 0% - 33%
2025-08-29 09:18:30,765 - INFO - composites.py:241 -                           
2025-08-29 09:18:30,765 - INFO - composites.py:242 - Searching...
2025-08-29 09:18:31,200 - INFO - composites.py:245 - Query found 6 items
2025-08-29 09:18:31,200 - INFO - composites.py:247 - Searching for GRI REFINED scenes:
2025-08-29 09:18:37,594 - INFO - sentinel2.py:78 - 1/6 - S2B_MSIL2A_20211030T092029_R093_T34SEJ_20211030T173536 -> REFINED
2025-08-29 09:18:43,450 - INFO - sentinel2.py:78 - 2/6 - S2B_MSIL2A_20211030T092029_R093_T34SEH_20211030T173539 -> REFINED
2025-08-29 09:18:48,990 - INFO - sentinel2.py:78 - 3/6 - S2B_MSIL2A_20211020T092029_R093_T34SEJ_20211022T002659 -> REFINED
2025-08-29 09:18:54,589 - INFO - sentinel2.py:78 - 4/6 - S2B_MSIL2A_20211020T092029_R093_T34SEH_20211021T221819 -> REFINED
2025-08-29 09:18:59,725 - INFO - sentinel2.py:78 - 5/6 - S2A_MSIL2A_20211005T092031_R093_T34SEJ_20211005T213922 -> REFINED
2025-08-29 09:19:05,970 - INFO - sentinel2.py:78 - 6/6 - S2A_MSIL2A_20211005T092031_R093_T34SEH_20211005T220540 -> REFINED
2025-08-29 09:19:06,010 - INFO - composites.py:250 -                                  
2025-08-29 09:19:06,010 - INFO - composites.py:251 - 6/6 were refined by GRI.
2025-08-29 09:19:06,010 - INFO - composites.py:263 - Looking for up to 10 cleanest images within spatiotemporal range of each MGRS tile
2025-08-29 09:19:06,011 - INFO - composites.py:277 - Filtered cleanest scenes: Kept 6 out of 6 items. 
2025-08-29 09:19:06,011 - INFO - composites.py:278 -         Included MGRS Tiles: ['34SEH' '34SEJ']
2025-08-29 09:19:06,011 - INFO - composites.py:279 -         Included EPSG codes: [32634]
2025-08-29 09:19:06,011 - INFO - composites.py:281 - Selected scenes:
2025-08-29 09:19:06,012 - INFO - composites.py:283 -         S2A_MSIL2A_20211005T092031_R093_T34SEH_20211005T220540
2025-08-29 09:19:06,012 - INFO - composites.py:283 -         S2B_MSIL2A_20211020T092029_R093_T34SEH_20211021T221819
2025-08-29 09:19:06,012 - INFO - composites.py:283 -         S2B_MSIL2A_20211030T092029_R093_T34SEH_20211030T173539
2025-08-29 09:19:06,012 - INFO - composites.py:283 -         S2A_MSIL2A_20211005T092031_R093_T34SEJ_20211005T213922
2025-08-29 09:19:06,012 - INFO - composites.py:283 -         S2B_MSIL2A_20211020T092029_R093_T34SEJ_20211022T002659
2025-08-29 09:19:06,018 - INFO - composites.py:283 -         S2B_MSIL2A_20211030T092029_R093_T34SEJ_20211030T173536
2025-08-29 09:19:06,420 - INFO - sentinel2.py:154 - Matplotlib backend: Agg
2025-08-29 09:19:06,580 - INFO - sentinel2.py:224 - Write input scenes footprint overlay: //nas-rs.topo.auth.gr/Latomeia/DROUGHT/composites/x08/y11/2021/10/01/S2L2A_medcomp_x08y11_202110_InDataFootprint.jpeg
2025-08-29 09:19:06,813 - INFO - composites.py:297 -                                  
2025-08-29 09:19:06,814 - INFO - composites.py:298 - Downstream STAC items from Planetary Computer
2025-08-29 09:19:06,814 - INFO - timeseries_processing.py:115 -                                  
2025-08-29 09:19:06,814 - INFO - timeseries_processing.py:116 - Loading bands of diferent resolutions in EPSG:32634
2025-08-29 09:19:06,814 - INFO - timeseries_processing.py:120 -     Filtering items with native UTM EPSG:32634
2025-08-29 09:19:06,814 - INFO - timeseries_processing.py:122 -     6 Items in EPSG:32634
2025-08-29 09:19:06,814 - INFO - timeseries_processing.py:129 -                        
2025-08-29 09:19:06,814 - INFO - timeseries_processing.py:130 -     Loading parameters:
2025-08-29 09:19:06,814 - INFO - timeseries_processing.py:131 -         Bands: ['B05', 'B07', 'B8A', 'SCL']
2025-08-29 09:19:06,814 - INFO - timeseries_processing.py:132 -         Spatial resolution: 20
2025-08-29 09:19:06,814 - INFO - timeseries_processing.py:134 -         Get Assets from STAC Items
2025-08-29 09:19:06,814 - INFO - timeseries_processing.py:47 -         Initialize the STAC client
2025-08-29 09:19:07,485 - INFO - timeseries_processing.py:137 -         Loading 6 STAC Items....
2025-08-29 09:19:19,993 - INFO - timeseries_processing.py:146 -         Cube has been downloaded
2025-08-29 09:19:19,994 - INFO - timeseries_processing.py:156 -         Fix order of dimensions
2025-08-29 09:19:19,995 - INFO - timeseries_processing.py:161 -         Append bands to the band-list of EPSG:32634
2025-08-29 09:19:19,995 - INFO - timeseries_processing.py:129 -                        
2025-08-29 09:19:19,995 - INFO - timeseries_processing.py:130 -     Loading parameters:
2025-08-29 09:19:19,995 - INFO - timeseries_processing.py:131 -         Bands: ['B02', 'B03', 'B04']
2025-08-29 09:19:19,995 - INFO - timeseries_processing.py:132 -         Spatial resolution: 10
2025-08-29 09:19:19,995 - INFO - timeseries_processing.py:134 -         Get Assets from STAC Items
2025-08-29 09:19:19,995 - INFO - timeseries_processing.py:47 -         Initialize the STAC client
2025-08-29 09:19:20,488 - INFO - timeseries_processing.py:137 -         Loading 6 STAC Items....
2025-08-29 09:19:55,159 - INFO - timeseries_processing.py:146 -         Cube has been downloaded
2025-08-29 09:19:55,159 - INFO - timeseries_processing.py:149 -         Reproject to downsample 10m bands to 20m by Resampling.average 2x2 binning and shape matching with odc.geo.GeoBox
2025-08-29 09:19:59,807 - INFO - timeseries_processing.py:161 -         Append bands to the band-list of EPSG:32634
2025-08-29 09:19:59,808 - INFO - timeseries_processing.py:165 -                        
2025-08-29 09:19:59,808 - INFO - timeseries_processing.py:166 -     Merging bands in a single dataset
2025-08-29 09:19:59,808 - INFO - timeseries_processing.py:167 -     Ensure all partial datasets are at (x=20, y=-20) resolution
2025-08-29 09:19:59,809 - INFO - timeseries_processing.py:171 -     Clip to the intersection of indexes
2025-08-29 09:20:00,849 - INFO - timeseries_processing.py:180 -     Make a list of bands to merge
2025-08-29 09:20:00,849 - INFO - timeseries_processing.py:184 -     Merge on intersection
2025-08-29 09:20:00,850 - INFO - timeseries_processing.py:192 -     Apply masks on clouds, shadows, thin cirrus, and snow/ice
2025-08-29 09:20:00,850 - INFO - sentinel2.py:122 -                Masking bits: [3, 7, 8, 9, 10, 11]
2025-08-29 09:20:01,207 - INFO - composites.py:307 - Reproject from UTM Zone to Tile geometry -> CRS(EPSG:32634), Resampling.bilinear
2025-08-29 09:20:03,275 - INFO - composites.py:310 -     New shape of datasets: Shape2d(x=2400, y=2400)
2025-08-29 09:20:03,889 - INFO - composites.py:342 - Creating preview plot of input scenes
2025-08-29 09:20:23,561 - INFO - timeseries_processing.py:349 - Saved preview for 'B04' to //nas-rs.topo.auth.gr/Latomeia/DROUGHT/composites/x08/y11/2021/10/01/S2L2A_medcomp_x08y11_202110_InDataPreview.jpeg
2025-08-29 09:20:23,565 - INFO - composites.py:348 - Clip value range
2025-08-29 09:20:24,182 - INFO - composites.py:353 -                           
2025-08-29 09:20:24,183 - INFO - composites.py:354 - Computing spectral indices:
2025-08-29 09:20:24,183 - INFO - composites.py:357 -     EVI...
2025-08-29 09:20:24,581 - INFO - composites.py:359 -     NDVI...
2025-08-29 09:20:24,755 - INFO - composites.py:361 -     PSRI2...
2025-08-29 09:20:24,838 - INFO - composites.py:364 - Clip to typical value range
2025-08-29 09:20:24,949 - INFO - composites.py:371 - Reducing to median value temporal composite
2025-08-29 09:20:52,082 - INFO - composites.py:390 - Scale and Define data types & nodata per band
2025-08-29 09:20:52,242 - INFO - composites.py:411 - Assign time range and tile ID in metadata
2025-08-29 09:20:52,242 - INFO - composites.py:419 - Write bands to raster COG files
2025-08-29 09:20:56,561 - INFO - composites.py:432 - Write B02 -> //nas-rs.topo.auth.gr/Latomeia/DROUGHT/composites/x08/y11/2021/10/01/S2L2A_medcomp_x08y11_202110_B02.tif
2025-08-29 09:21:00,704 - INFO - composites.py:432 - Write B03 -> //nas-rs.topo.auth.gr/Latomeia/DROUGHT/composites/x08/y11/2021/10/01/S2L2A_medcomp_x08y11_202110_B03.tif
2025-08-29 09:21:04,769 - INFO - composites.py:432 - Write B04 -> //nas-rs.topo.auth.gr/Latomeia/DROUGHT/composites/x08/y11/2021/10/01/S2L2A_medcomp_x08y11_202110_B04.tif
2025-08-29 09:21:08,707 - INFO - composites.py:432 - Write B05 -> //nas-rs.topo.auth.gr/Latomeia/DROUGHT/composites/x08/y11/2021/10/01/S2L2A_medcomp_x08y11_202110_B05.tif
2025-08-29 09:21:12,696 - INFO - composites.py:432 - Write B07 -> //nas-rs.topo.auth.gr/Latomeia/DROUGHT/composites/x08/y11/2021/10/01/S2L2A_medcomp_x08y11_202110_B07.tif
2025-08-29 09:21:16,708 - INFO - composites.py:432 - Write B8A -> //nas-rs.topo.auth.gr/Latomeia/DROUGHT/composites/x08/y11/2021/10/01/S2L2A_medcomp_x08y11_202110_B8A.tif
2025-08-29 09:21:20,659 - INFO - composites.py:432 - Write EVI -> //nas-rs.topo.auth.gr/Latomeia/DROUGHT/composites/x08/y11/2021/10/01/S2L2A_medcomp_x08y11_202110_EVI.tif
2025-08-29 09:21:24,605 - INFO - composites.py:432 - Write NDVI -> //nas-rs.topo.auth.gr/Latomeia/DROUGHT/composites/x08/y11/2021/10/01/S2L2A_medcomp_x08y11_202110_NDVI.tif
2025-08-29 09:21:28,546 - INFO - composites.py:432 - Write PSRI2 -> //nas-rs.topo.auth.gr/Latomeia/DROUGHT/composites/x08/y11/2021/10/01/S2L2A_medcomp_x08y11_202110_PSRI2.tif
2025-08-29 09:21:28,546 - INFO - composites.py:436 - Prepare metadata YAML document
2025-08-29 09:21:28,993 - INFO - composites.py:458 - Write metadata YAML document to disk
2025-08-29 09:21:29,018 - INFO - composites.py:463 - Create datacube.model.Dataset from eo3 metadata
2025-08-29 09:21:29,028 - INFO - composites.py:476 - Index to datacube
2025-08-29 09:21:29,030 - INFO - _datasets.py:191 - Indexing d309a3eb-db86-4bdc-9503-d9b48db9cd39
2025-08-29 09:21:29,039 - INFO - composites.py:479 - 
2025-08-29 09:21:29,039 - INFO - composites.py:480 -              ✔✔✔ COMPLETED: Tile x08_y11 | Time: 2021-10 | In 3.08 minutes
2025-08-29 09:21:29,039 - INFO - composites.py:481 - 
2025-08-29 09:21:29,039 - INFO - composites.py:489 - Closing Dask client
2025-08-29 09:21:29,041 - INFO - composites.py:493 - Closing Dask cluster
2025-08-29 09:21:29,041 - INFO - composites.py:494 - #######################################################################
