2025-08-28 21:11:29,481 - INFO - composites.py:102 - #######################################################################
2025-08-28 21:11:29,481 - INFO - composites.py:104 - Processing started
2025-08-28 21:11:29,481 - INFO - composites.py:105 -         Tile: x09_y12
2025-08-28 21:11:29,481 - INFO - composites.py:106 -         Time: 2021-06
2025-08-28 21:11:29,481 - INFO - composites.py:109 -                           
2025-08-28 21:11:29,481 - INFO - composites.py:110 - Establishing connection to datacube
2025-08-28 21:11:30,012 - INFO - composites.py:113 -                           
2025-08-28 21:11:30,012 - INFO - composites.py:114 - Sanity test: Check if dataset already exists in the datacube
2025-08-28 21:11:30,030 - INFO - composites.py:133 - The composite requested was not found and it will be computed
2025-08-28 21:11:30,030 - INFO - composites.py:136 -                                  
2025-08-28 21:11:30,030 - INFO - composites.py:137 - Initializing Dask cluster for parallelization
2025-08-28 21:11:35,149 - INFO - composites.py:161 - Dask dashboard is available at: http://127.0.0.1:8787/status
2025-08-28 21:11:35,149 - INFO - composites.py:164 - Create directories and naming conversions
2025-08-28 21:11:35,158 - INFO - composites.py:177 - Dataset location: //nas-rs.topo.auth.gr/Latomeia/DROUGHT/composites/x09/y12/2021/06/01
2025-08-28 21:11:35,158 - INFO - composites.py:180 -                           
2025-08-28 21:11:35,159 - INFO - composites.py:181 - Retrieve tile geometry
2025-08-28 21:11:35,187 - INFO - composites.py:192 - Create the Bounding Box (φ,λ)
2025-08-28 21:11:35,187 - INFO - composites.py:198 - Create the Bounding Box (x,y)
2025-08-28 21:11:35,187 - INFO - composites.py:211 -                           
2025-08-28 21:11:35,187 - INFO - composites.py:212 - Connect to Planetary Computer STAC Catalog
2025-08-28 21:11:35,452 - INFO - composites.py:220 - Search the STAC Catalog
2025-08-28 21:11:35,524 - INFO - composites.py:232 -         Query parameters:
2025-08-28 21:11:35,524 - INFO - composites.py:233 -             url:          https://planetarycomputer.microsoft.com/api/stac/v1/search
2025-08-28 21:11:35,524 - INFO - composites.py:234 -             client:       microsoft-pc
2025-08-28 21:11:35,524 - INFO - composites.py:235 -             collection:   sentinel-2-l2a
2025-08-28 21:11:35,524 - INFO - composites.py:236 -             bbox:         (22.08935468900074, 38.65012671670289, 22.765437865885517, 39.19940074346311)
2025-08-28 21:11:35,524 - INFO - composites.py:237 -             time range:   2021-06-01T00:00:00Z/2021-06-30T23:59:59Z
2025-08-28 21:11:35,524 - INFO - composites.py:238 -             cloud cover:  0% - 70%
2025-08-28 21:11:35,524 - INFO - composites.py:239 -             nodata cover: 0% - 33%
2025-08-28 21:11:35,524 - INFO - composites.py:241 -                           
2025-08-28 21:11:35,524 - INFO - composites.py:242 - Searching...
2025-08-28 21:11:35,996 - INFO - composites.py:245 - Query found 24 items
2025-08-28 21:11:35,996 - INFO - composites.py:247 - Searching for GRI REFINED scenes:
2025-08-28 21:11:44,706 - INFO - sentinel2.py:78 - 1/24 - S2A_MSIL2A_20210627T092031_R093_T34SFJ_20210628T015619 -> REFINED
2025-08-28 21:11:53,272 - INFO - sentinel2.py:78 - 2/24 - S2A_MSIL2A_20210627T092031_R093_T34SFH_20210628T021628 -> REFINED
2025-08-28 21:12:01,613 - INFO - sentinel2.py:78 - 3/24 - S2A_MSIL2A_20210627T092031_R093_T34SEJ_20210628T030954 -> REFINED
2025-08-28 21:12:09,691 - INFO - sentinel2.py:78 - 4/24 - S2A_MSIL2A_20210627T092031_R093_T34SEH_20210627T231025 -> REFINED
2025-08-28 21:12:18,214 - INFO - sentinel2.py:78 - 5/24 - S2B_MSIL2A_20210622T092029_R093_T34SFJ_20210625T032627 -> REFINED
2025-08-28 21:12:26,740 - INFO - sentinel2.py:78 - 6/24 - S2B_MSIL2A_20210622T092029_R093_T34SFH_20210625T022317 -> REFINED
2025-08-28 21:12:34,947 - INFO - sentinel2.py:78 - 7/24 - S2B_MSIL2A_20210622T092029_R093_T34SEJ_20210625T024621 -> REFINED
2025-08-28 21:12:43,446 - INFO - sentinel2.py:78 - 8/24 - S2B_MSIL2A_20210622T092029_R093_T34SEH_20210625T022557 -> REFINED
2025-08-28 21:12:52,678 - INFO - sentinel2.py:78 - 9/24 - S2A_MSIL2A_20210617T092031_R093_T34SFJ_20210623T102426 -> REFINED
2025-08-28 21:13:01,049 - INFO - sentinel2.py:78 - 10/24 - S2A_MSIL2A_20210617T092031_R093_T34SFH_20210623T210524 -> REFINED
2025-08-28 21:13:08,780 - INFO - sentinel2.py:78 - 11/24 - S2A_MSIL2A_20210617T092031_R093_T34SEJ_20210623T185543 -> REFINED
2025-08-28 21:13:16,760 - INFO - sentinel2.py:78 - 12/24 - S2A_MSIL2A_20210617T092031_R093_T34SEH_20210623T112502 -> REFINED
2025-08-28 21:13:25,321 - INFO - sentinel2.py:78 - 13/24 - S2B_MSIL2A_20210612T092029_R093_T34SFJ_20210624T023112 -> REFINED
2025-08-28 21:13:34,111 - INFO - sentinel2.py:78 - 14/24 - S2B_MSIL2A_20210612T092029_R093_T34SFH_20210624T061439 -> REFINED
2025-08-28 21:13:42,155 - INFO - sentinel2.py:78 - 15/24 - S2B_MSIL2A_20210612T092029_R093_T34SEJ_20210623T210200 -> REFINED
2025-08-28 21:13:50,527 - INFO - sentinel2.py:78 - 16/24 - S2B_MSIL2A_20210612T092029_R093_T34SEH_20210624T073141 -> REFINED
2025-08-28 21:13:59,364 - INFO - sentinel2.py:78 - 17/24 - S2A_MSIL2A_20210607T092031_R093_T34SFJ_20210612T174823 -> REFINED
2025-08-28 21:14:07,625 - INFO - sentinel2.py:78 - 18/24 - S2A_MSIL2A_20210607T092031_R093_T34SFH_20210612T125051 -> REFINED
2025-08-28 21:14:16,026 - INFO - sentinel2.py:78 - 19/24 - S2A_MSIL2A_20210607T092031_R093_T34SEJ_20210612T171444 -> REFINED
2025-08-28 21:14:23,579 - INFO - sentinel2.py:78 - 20/24 - S2A_MSIL2A_20210607T092031_R093_T34SEH_20210612T135024 -> REFINED
2025-08-28 21:14:31,899 - INFO - sentinel2.py:78 - 21/24 - S2B_MSIL2A_20210602T092029_R093_T34SFJ_20210606T123631 -> REFINED
2025-08-28 21:14:40,580 - INFO - sentinel2.py:78 - 22/24 - S2B_MSIL2A_20210602T092029_R093_T34SFH_20210606T122937 -> REFINED
2025-08-28 21:14:48,952 - INFO - sentinel2.py:78 - 23/24 - S2B_MSIL2A_20210602T092029_R093_T34SEJ_20210606T122905 -> REFINED
2025-08-28 21:14:57,925 - INFO - sentinel2.py:78 - 24/24 - S2B_MSIL2A_20210602T092029_R093_T34SEH_20210606T124135 -> REFINED
2025-08-28 21:14:57,977 - INFO - composites.py:250 -                                  
2025-08-28 21:14:57,977 - INFO - composites.py:251 - 24/24 were refined by GRI.
2025-08-28 21:14:57,977 - INFO - composites.py:263 - Looking for up to 10 cleanest images within spatiotemporal range of each MGRS tile
2025-08-28 21:14:57,977 - INFO - composites.py:277 - Filtered cleanest scenes: Kept 24 out of 24 items. 
2025-08-28 21:14:57,978 - INFO - composites.py:278 -         Included MGRS Tiles: ['34SEH' '34SEJ' '34SFH' '34SFJ']
2025-08-28 21:14:57,978 - INFO - composites.py:279 -         Included EPSG codes: [32634]
2025-08-28 21:14:57,978 - INFO - composites.py:281 - Selected scenes:
2025-08-28 21:14:57,978 - INFO - composites.py:283 -         S2A_MSIL2A_20210627T092031_R093_T34SEH_20210627T231025
2025-08-28 21:14:57,979 - INFO - composites.py:283 -         S2B_MSIL2A_20210622T092029_R093_T34SEH_20210625T022557
2025-08-28 21:14:57,979 - INFO - composites.py:283 -         S2A_MSIL2A_20210617T092031_R093_T34SEH_20210623T112502
2025-08-28 21:14:57,994 - INFO - composites.py:283 -         S2A_MSIL2A_20210607T092031_R093_T34SEH_20210612T135024
2025-08-28 21:14:58,009 - INFO - composites.py:283 -         S2B_MSIL2A_20210612T092029_R093_T34SEH_20210624T073141
2025-08-28 21:14:58,009 - INFO - composites.py:283 -         S2B_MSIL2A_20210602T092029_R093_T34SEH_20210606T124135
2025-08-28 21:14:58,011 - INFO - composites.py:283 -         S2A_MSIL2A_20210627T092031_R093_T34SEJ_20210628T030954
2025-08-28 21:14:58,019 - INFO - composites.py:283 -         S2B_MSIL2A_20210622T092029_R093_T34SEJ_20210625T024621
2025-08-28 21:14:58,020 - INFO - composites.py:283 -         S2B_MSIL2A_20210612T092029_R093_T34SEJ_20210623T210200
2025-08-28 21:14:58,020 - INFO - composites.py:283 -         S2B_MSIL2A_20210602T092029_R093_T34SEJ_20210606T122905
2025-08-28 21:14:58,020 - INFO - composites.py:283 -         S2A_MSIL2A_20210607T092031_R093_T34SEJ_20210612T171444
2025-08-28 21:14:58,020 - INFO - composites.py:283 -         S2A_MSIL2A_20210617T092031_R093_T34SEJ_20210623T185543
2025-08-28 21:14:58,020 - INFO - composites.py:283 -         S2A_MSIL2A_20210627T092031_R093_T34SFH_20210628T021628
2025-08-28 21:14:58,020 - INFO - composites.py:283 -         S2B_MSIL2A_20210622T092029_R093_T34SFH_20210625T022317
2025-08-28 21:14:58,020 - INFO - composites.py:283 -         S2A_MSIL2A_20210607T092031_R093_T34SFH_20210612T125051
2025-08-28 21:14:58,020 - INFO - composites.py:283 -         S2B_MSIL2A_20210602T092029_R093_T34SFH_20210606T122937
2025-08-28 21:14:58,020 - INFO - composites.py:283 -         S2A_MSIL2A_20210617T092031_R093_T34SFH_20210623T210524
2025-08-28 21:14:58,020 - INFO - composites.py:283 -         S2B_MSIL2A_20210612T092029_R093_T34SFH_20210624T061439
2025-08-28 21:14:58,020 - INFO - composites.py:283 -         S2A_MSIL2A_20210627T092031_R093_T34SFJ_20210628T015619
2025-08-28 21:14:58,020 - INFO - composites.py:283 -         S2B_MSIL2A_20210622T092029_R093_T34SFJ_20210625T032627
2025-08-28 21:14:58,020 - INFO - composites.py:283 -         S2B_MSIL2A_20210612T092029_R093_T34SFJ_20210624T023112
2025-08-28 21:14:58,020 - INFO - composites.py:283 -         S2B_MSIL2A_20210602T092029_R093_T34SFJ_20210606T123631
2025-08-28 21:14:58,020 - INFO - composites.py:283 -         S2A_MSIL2A_20210607T092031_R093_T34SFJ_20210612T174823
2025-08-28 21:14:58,020 - INFO - composites.py:283 -         S2A_MSIL2A_20210617T092031_R093_T34SFJ_20210623T102426
2025-08-28 21:14:58,355 - INFO - sentinel2.py:154 - Matplotlib backend: Agg
2025-08-28 21:14:58,707 - INFO - sentinel2.py:224 - Write input scenes footprint overlay: //nas-rs.topo.auth.gr/Latomeia/DROUGHT/composites/x09/y12/2021/06/01/S2L2A_medcomp_x09y12_202106_InDataFootprint.jpeg
2025-08-28 21:14:58,974 - INFO - composites.py:297 -                                  
2025-08-28 21:14:58,974 - INFO - composites.py:298 - Downstream STAC items from Planetary Computer
2025-08-28 21:14:58,979 - INFO - timeseries_processing.py:115 -                                  
2025-08-28 21:14:58,979 - INFO - timeseries_processing.py:116 - Loading bands of diferent resolutions in EPSG:32634
2025-08-28 21:14:58,979 - INFO - timeseries_processing.py:120 -     Filtering items with native UTM EPSG:32634
2025-08-28 21:14:58,979 - INFO - timeseries_processing.py:122 -     24 Items in EPSG:32634
2025-08-28 21:14:58,979 - INFO - timeseries_processing.py:129 -                        
2025-08-28 21:14:58,979 - INFO - timeseries_processing.py:130 -     Loading parameters:
2025-08-28 21:14:58,979 - INFO - timeseries_processing.py:131 -         Bands: ['B05', 'B07', 'B8A', 'SCL']
2025-08-28 21:14:58,979 - INFO - timeseries_processing.py:132 -         Spatial resolution: 20
2025-08-28 21:14:58,979 - INFO - timeseries_processing.py:134 -         Get Assets from STAC Items
2025-08-28 21:14:58,979 - INFO - timeseries_processing.py:47 -         Initialize the STAC client
2025-08-28 21:14:59,887 - INFO - timeseries_processing.py:137 -         Loading 24 STAC Items....
2025-08-28 21:16:39,973 - INFO - timeseries_processing.py:146 -         Cube has been downloaded
2025-08-28 21:16:39,979 - INFO - timeseries_processing.py:156 -         Fix order of dimensions
2025-08-28 21:16:39,984 - INFO - timeseries_processing.py:161 -         Append bands to the band-list of EPSG:32634
2025-08-28 21:16:39,984 - INFO - timeseries_processing.py:129 -                        
2025-08-28 21:16:39,984 - INFO - timeseries_processing.py:130 -     Loading parameters:
2025-08-28 21:16:39,984 - INFO - timeseries_processing.py:131 -         Bands: ['B02', 'B03', 'B04']
2025-08-28 21:16:39,988 - INFO - timeseries_processing.py:132 -         Spatial resolution: 10
2025-08-28 21:16:39,988 - INFO - timeseries_processing.py:134 -         Get Assets from STAC Items
2025-08-28 21:16:39,988 - INFO - timeseries_processing.py:47 -         Initialize the STAC client
2025-08-28 21:16:40,535 - INFO - timeseries_processing.py:137 -         Loading 24 STAC Items....
2025-08-28 21:20:10,904 - INFO - timeseries_processing.py:146 -         Cube has been downloaded
2025-08-28 21:20:10,904 - INFO - timeseries_processing.py:149 -         Reproject to downsample 10m bands to 20m by Resampling.average 2x2 binning and shape matching with odc.geo.GeoBox
2025-08-28 21:20:20,005 - INFO - timeseries_processing.py:161 -         Append bands to the band-list of EPSG:32634
2025-08-28 21:20:20,005 - INFO - timeseries_processing.py:165 -                        
2025-08-28 21:20:20,005 - INFO - timeseries_processing.py:166 -     Merging bands in a single dataset
2025-08-28 21:20:20,005 - INFO - timeseries_processing.py:167 -     Ensure all partial datasets are at (x=20, y=-20) resolution
2025-08-28 21:20:20,005 - INFO - timeseries_processing.py:171 -     Clip to the intersection of indexes
2025-08-28 21:20:20,999 - INFO - timeseries_processing.py:180 -     Make a list of bands to merge
2025-08-28 21:20:20,999 - INFO - timeseries_processing.py:184 -     Merge on intersection
2025-08-28 21:20:21,000 - INFO - timeseries_processing.py:192 -     Apply masks on clouds, shadows, thin cirrus, and snow/ice
2025-08-28 21:20:21,000 - INFO - sentinel2.py:122 -                Masking bits: [3, 7, 8, 9, 10, 11]
2025-08-28 21:20:21,760 - INFO - composites.py:307 - Reproject from UTM Zone to Tile geometry -> CRS(EPSG:32634), Resampling.bilinear
2025-08-28 21:20:25,791 - INFO - composites.py:310 -     New shape of datasets: Shape2d(x=2400, y=2400)
2025-08-28 21:20:26,439 - INFO - composites.py:342 - Creating preview plot of input scenes
2025-08-28 21:20:51,496 - INFO - timeseries_processing.py:349 - Saved preview for 'B04' to //nas-rs.topo.auth.gr/Latomeia/DROUGHT/composites/x09/y12/2021/06/01/S2L2A_medcomp_x09y12_202106_InDataPreview.jpeg
2025-08-28 21:20:51,500 - INFO - composites.py:348 - Clip value range
2025-08-28 21:20:52,690 - INFO - composites.py:353 -                           
2025-08-28 21:20:52,690 - INFO - composites.py:354 - Computing spectral indices:
2025-08-28 21:20:52,690 - INFO - composites.py:357 -     EVI...
2025-08-28 21:20:53,524 - INFO - composites.py:359 -     NDVI...
2025-08-28 21:20:53,799 - INFO - composites.py:361 -     PSRI2...
2025-08-28 21:20:54,067 - INFO - composites.py:364 - Clip to typical value range
2025-08-28 21:20:54,294 - INFO - composites.py:371 - Reducing to median value temporal composite
2025-08-28 21:21:22,131 - INFO - composites.py:390 - Scale and Define data types & nodata per band
2025-08-28 21:21:22,257 - INFO - composites.py:411 - Assign time range and tile ID in metadata
2025-08-28 21:21:22,258 - INFO - composites.py:419 - Write bands to raster COG files
2025-08-28 21:21:26,177 - INFO - composites.py:432 - Write B02 -> //nas-rs.topo.auth.gr/Latomeia/DROUGHT/composites/x09/y12/2021/06/01/S2L2A_medcomp_x09y12_202106_B02.tif
2025-08-28 21:21:30,095 - INFO - composites.py:432 - Write B03 -> //nas-rs.topo.auth.gr/Latomeia/DROUGHT/composites/x09/y12/2021/06/01/S2L2A_medcomp_x09y12_202106_B03.tif
2025-08-28 21:21:34,077 - INFO - composites.py:432 - Write B04 -> //nas-rs.topo.auth.gr/Latomeia/DROUGHT/composites/x09/y12/2021/06/01/S2L2A_medcomp_x09y12_202106_B04.tif
2025-08-28 21:21:37,987 - INFO - composites.py:432 - Write B05 -> //nas-rs.topo.auth.gr/Latomeia/DROUGHT/composites/x09/y12/2021/06/01/S2L2A_medcomp_x09y12_202106_B05.tif
2025-08-28 21:21:41,884 - INFO - composites.py:432 - Write B07 -> //nas-rs.topo.auth.gr/Latomeia/DROUGHT/composites/x09/y12/2021/06/01/S2L2A_medcomp_x09y12_202106_B07.tif
2025-08-28 21:21:45,873 - INFO - composites.py:432 - Write B8A -> //nas-rs.topo.auth.gr/Latomeia/DROUGHT/composites/x09/y12/2021/06/01/S2L2A_medcomp_x09y12_202106_B8A.tif
2025-08-28 21:21:49,814 - INFO - composites.py:432 - Write EVI -> //nas-rs.topo.auth.gr/Latomeia/DROUGHT/composites/x09/y12/2021/06/01/S2L2A_medcomp_x09y12_202106_EVI.tif
2025-08-28 21:21:53,856 - INFO - composites.py:432 - Write NDVI -> //nas-rs.topo.auth.gr/Latomeia/DROUGHT/composites/x09/y12/2021/06/01/S2L2A_medcomp_x09y12_202106_NDVI.tif
2025-08-28 21:21:57,736 - INFO - composites.py:432 - Write PSRI2 -> //nas-rs.topo.auth.gr/Latomeia/DROUGHT/composites/x09/y12/2021/06/01/S2L2A_medcomp_x09y12_202106_PSRI2.tif
2025-08-28 21:21:57,736 - INFO - composites.py:436 - Prepare metadata YAML document
2025-08-28 21:21:58,232 - INFO - composites.py:458 - Write metadata YAML document to disk
2025-08-28 21:21:58,263 - INFO - composites.py:463 - Create datacube.model.Dataset from eo3 metadata
2025-08-28 21:21:58,274 - INFO - composites.py:476 - Index to datacube
2025-08-28 21:21:58,274 - INFO - _datasets.py:191 - Indexing 4e618bda-52c6-4697-86a0-dad0a0caa70c
2025-08-28 21:21:58,283 - INFO - composites.py:479 - 
2025-08-28 21:21:58,283 - INFO - composites.py:480 -              ✔✔✔ COMPLETED: Tile x09_y12 | Time: 2021-06 | In 10.48 minutes
2025-08-28 21:21:58,283 - INFO - composites.py:481 - 
2025-08-28 21:21:58,283 - INFO - composites.py:489 - Closing Dask client
2025-08-28 21:21:58,286 - INFO - composites.py:493 - Closing Dask cluster
2025-08-28 21:21:58,286 - INFO - composites.py:494 - #######################################################################
