2025-08-23 01:47:44,798 - INFO - composites.py:101 - #######################################################################
2025-08-23 01:47:44,798 - INFO - composites.py:103 - Processing started
2025-08-23 01:47:44,798 - INFO - composites.py:104 -         Tile: x09_y10
2025-08-23 01:47:44,798 - INFO - composites.py:105 -         Time: 2020-12
2025-08-23 01:47:44,798 - INFO - composites.py:108 -                           
2025-08-23 01:47:44,799 - INFO - composites.py:109 - Establishing connection to datacube
2025-08-23 01:47:45,303 - INFO - composites.py:112 -                           
2025-08-23 01:47:45,304 - INFO - composites.py:113 - Sanity test: Check if dataset already exists in the datacube
2025-08-23 01:47:45,321 - INFO - composites.py:132 - The composite requested was not found and it will be computed
2025-08-23 01:47:45,321 - INFO - composites.py:135 -                                  
2025-08-23 01:47:45,321 - INFO - composites.py:136 - Initializing Dask cluster for parallelization
2025-08-23 01:47:50,383 - INFO - composites.py:160 - Dask dashboard is available at: http://127.0.0.1:8787/status
2025-08-23 01:47:50,383 - INFO - composites.py:163 - Create directories and naming conversions
2025-08-23 01:47:50,390 - INFO - composites.py:174 - Dataset location: //nas-rs.topo.auth.gr/Latomeia/DROUGHT/COMPOS/2020/12/x09_y10
2025-08-23 01:47:50,390 - INFO - composites.py:177 -                           
2025-08-23 01:47:50,390 - INFO - composites.py:178 - Retrieve tile geometry
2025-08-23 01:47:50,417 - INFO - composites.py:189 - Create the Bounding Box (φ,λ)
2025-08-23 01:47:50,418 - INFO - composites.py:195 - Create the Bounding Box (x,y)
2025-08-23 01:47:50,418 - INFO - composites.py:208 -                           
2025-08-23 01:47:50,418 - INFO - composites.py:209 - Connect to Planetary Computer STAC Catalog
2025-08-23 01:47:50,670 - INFO - composites.py:217 - Search the STAC Catalog
2025-08-23 01:47:50,751 - INFO - composites.py:229 -         Query parameters:
2025-08-23 01:47:50,756 - INFO - composites.py:230 -             url:          https://planetarycomputer.microsoft.com/api/stac/v1/search
2025-08-23 01:47:50,756 - INFO - composites.py:231 -             client:       microsoft-pc
2025-08-23 01:47:50,756 - INFO - composites.py:232 -             collection:   sentinel-2-l2a
2025-08-23 01:47:50,756 - INFO - composites.py:233 -             bbox:         (21.934886085480986, 37.792474572166405, 22.60144615074973, 38.34135632905737)
2025-08-23 01:47:50,756 - INFO - composites.py:234 -             time range:   2020-12-01T00:00:00Z/2020-12-31T23:59:59Z
2025-08-23 01:47:50,756 - INFO - composites.py:235 -             cloud cover:  0% - 70%
2025-08-23 01:47:50,756 - INFO - composites.py:236 -             nodata cover: 0% - 33%
2025-08-23 01:47:50,756 - INFO - composites.py:238 -                           
2025-08-23 01:47:50,756 - INFO - composites.py:239 - Searching...
2025-08-23 01:47:51,168 - INFO - composites.py:242 - Query found 17 items
2025-08-23 01:47:51,174 - INFO - composites.py:244 - Searching for GRI REFINED scenes:
2025-08-23 01:47:56,892 - INFO - sentinel2.py:78 - 1/17 - S2B_MSIL2A_20201231T091309_R050_T34SFG_20201231T232025 -> Not Found
2025-08-23 01:48:02,047 - INFO - sentinel2.py:78 - 2/17 - S2B_MSIL2A_20201224T092319_R093_T34SFH_20201225T042659 -> Not Found
2025-08-23 01:48:06,789 - INFO - sentinel2.py:78 - 3/17 - S2B_MSIL2A_20201224T092319_R093_T34SFG_20201225T041223 -> Not Found
2025-08-23 01:48:11,866 - INFO - sentinel2.py:78 - 4/17 - S2B_MSIL2A_20201224T092319_R093_T34SEH_20201225T042842 -> Not Found
2025-08-23 01:48:17,638 - INFO - sentinel2.py:78 - 5/17 - S2B_MSIL2A_20201224T092319_R093_T34SEG_20201225T041702 -> Not Found
2025-08-23 01:48:22,493 - INFO - sentinel2.py:78 - 6/17 - S2A_MSIL2A_20201219T092411_R093_T34SFH_20210105T014932 -> Not Found
2025-08-23 01:48:28,882 - INFO - sentinel2.py:78 - 7/17 - S2A_MSIL2A_20201219T092411_R093_T34SFG_20201220T142544 -> Not Found
2025-08-23 01:48:34,039 - INFO - sentinel2.py:78 - 8/17 - S2A_MSIL2A_20201219T092411_R093_T34SEH_20210105T014842 -> Not Found
2025-08-23 01:48:38,676 - INFO - sentinel2.py:78 - 9/17 - S2A_MSIL2A_20201219T092411_R093_T34SEG_20210513T181936 -> Not Found
2025-08-23 01:48:43,848 - INFO - sentinel2.py:78 - 10/17 - S2A_MSIL2A_20201216T091401_R050_T34SFG_20201217T022750 -> Not Found
2025-08-23 01:48:48,763 - INFO - sentinel2.py:78 - 11/17 - S2B_MSIL2A_20201214T092309_R093_T34SEH_20201214T220124 -> Not Found
2025-08-23 01:48:54,105 - INFO - sentinel2.py:78 - 12/17 - S2A_MSIL2A_20201209T092401_R093_T34SFH_20201210T142834 -> Not Found
2025-08-23 01:48:59,891 - INFO - sentinel2.py:78 - 13/17 - S2A_MSIL2A_20201209T092401_R093_T34SFG_20201210T142900 -> Not Found
2025-08-23 01:49:05,214 - INFO - sentinel2.py:78 - 14/17 - S2A_MSIL2A_20201209T092401_R093_T34SEH_20201210T142902 -> Not Found
2025-08-23 01:49:10,883 - INFO - sentinel2.py:78 - 15/17 - S2A_MSIL2A_20201209T092401_R093_T34SEG_20201210T142856 -> Not Found
2025-08-23 01:49:16,364 - INFO - sentinel2.py:78 - 16/17 - S2A_MSIL2A_20201206T091351_R050_T34SFG_20201207T083012 -> Not Found
2025-08-23 01:49:21,937 - INFO - sentinel2.py:78 - 17/17 - S2B_MSIL2A_20201204T092349_R093_T34SEG_20201213T185243 -> Not Found
2025-08-23 01:49:21,973 - INFO - composites.py:247 -                                  
2025-08-23 01:49:21,973 - INFO - composites.py:248 - 0/17 were refined by GRI.
2025-08-23 01:49:21,973 - WARNING - composites.py:252 - Tile x09_y10 | Time: 2020-12: All scenes are flagged NOT REFINED.
2025-08-23 01:49:21,973 - WARNING - composites.py:253 - Tile x09_y10 | Time: 2020-12: The composite will be flagged with _NOREFINED.
2025-08-23 01:49:21,973 - INFO - composites.py:260 - Looking for up to 10 cleanest images within spatiotemporal range of each MGRS tile
2025-08-23 01:49:21,979 - INFO - composites.py:274 - Filtered cleanest scenes: Kept 17 out of 17 items. 
2025-08-23 01:49:21,979 - INFO - composites.py:275 -         Included MGRS Tiles: ['34SEG' '34SEH' '34SFG' '34SFH']
2025-08-23 01:49:21,980 - INFO - composites.py:276 -         Included EPSG codes: [32634]
2025-08-23 01:49:21,980 - INFO - composites.py:278 - Selected scenes:
2025-08-23 01:49:21,980 - INFO - composites.py:280 -         S2A_MSIL2A_20201219T092411_R093_T34SEG_20210513T181936
2025-08-23 01:49:21,980 - INFO - composites.py:280 -         S2B_MSIL2A_20201224T092319_R093_T34SEG_20201225T041702
2025-08-23 01:49:21,980 - INFO - composites.py:280 -         S2A_MSIL2A_20201209T092401_R093_T34SEG_20201210T142856
2025-08-23 01:49:21,980 - INFO - composites.py:280 -         S2B_MSIL2A_20201204T092349_R093_T34SEG_20201213T185243
2025-08-23 01:49:21,980 - INFO - composites.py:280 -         S2A_MSIL2A_20201219T092411_R093_T34SEH_20210105T014842
2025-08-23 01:49:21,980 - INFO - composites.py:280 -         S2B_MSIL2A_20201224T092319_R093_T34SEH_20201225T042842
2025-08-23 01:49:21,980 - INFO - composites.py:280 -         S2B_MSIL2A_20201214T092309_R093_T34SEH_20201214T220124
2025-08-23 01:49:21,980 - INFO - composites.py:280 -         S2A_MSIL2A_20201209T092401_R093_T34SEH_20201210T142902
2025-08-23 01:49:21,980 - INFO - composites.py:280 -         S2B_MSIL2A_20201224T092319_R093_T34SFG_20201225T041223
2025-08-23 01:49:21,980 - INFO - composites.py:280 -         S2A_MSIL2A_20201216T091401_R050_T34SFG_20201217T022750
2025-08-23 01:49:21,980 - INFO - composites.py:280 -         S2A_MSIL2A_20201219T092411_R093_T34SFG_20201220T142544
2025-08-23 01:49:21,980 - INFO - composites.py:280 -         S2B_MSIL2A_20201231T091309_R050_T34SFG_20201231T232025
2025-08-23 01:49:21,980 - INFO - composites.py:280 -         S2A_MSIL2A_20201206T091351_R050_T34SFG_20201207T083012
2025-08-23 01:49:21,980 - INFO - composites.py:280 -         S2A_MSIL2A_20201209T092401_R093_T34SFG_20201210T142900
2025-08-23 01:49:21,980 - INFO - composites.py:280 -         S2B_MSIL2A_20201224T092319_R093_T34SFH_20201225T042659
2025-08-23 01:49:21,980 - INFO - composites.py:280 -         S2A_MSIL2A_20201219T092411_R093_T34SFH_20210105T014932
2025-08-23 01:49:21,980 - INFO - composites.py:280 -         S2A_MSIL2A_20201209T092401_R093_T34SFH_20201210T142834
2025-08-23 01:49:22,346 - INFO - sentinel2.py:154 - Matplotlib backend: Agg
2025-08-23 01:49:22,651 - INFO - sentinel2.py:224 - Write input scenes footprint overlay: //nas-rs.topo.auth.gr/Latomeia/DROUGHT/COMPOS/2020/12/x09_y10/S2L2A_medcomp_x09_y10_202012_InDataFootprint.jpeg
2025-08-23 01:49:22,855 - INFO - composites.py:294 -                                  
2025-08-23 01:49:22,855 - INFO - composites.py:295 - Downstream STAC items from Planetary Computer
2025-08-23 01:49:22,855 - INFO - timeseries_processing.py:115 -                                  
2025-08-23 01:49:22,855 - INFO - timeseries_processing.py:116 - Loading bands of diferent resolutions in EPSG:32634
2025-08-23 01:49:22,856 - INFO - timeseries_processing.py:120 -     Filtering items with native UTM EPSG:32634
2025-08-23 01:49:22,856 - INFO - timeseries_processing.py:122 -     17 Items in EPSG:32634
2025-08-23 01:49:22,856 - INFO - timeseries_processing.py:129 -                        
2025-08-23 01:49:22,856 - INFO - timeseries_processing.py:130 -     Loading parameters:
2025-08-23 01:49:22,856 - INFO - timeseries_processing.py:131 -         Bands: ['B05', 'B07', 'B8A', 'SCL']
2025-08-23 01:49:22,856 - INFO - timeseries_processing.py:132 -         Spatial resolution: 20
2025-08-23 01:49:22,856 - INFO - timeseries_processing.py:134 -         Get Assets from STAC Items
2025-08-23 01:49:22,856 - INFO - timeseries_processing.py:47 -         Initialize the STAC client
2025-08-23 01:49:23,417 - INFO - timeseries_processing.py:137 -         Loading 17 STAC Items....
2025-08-23 01:50:21,199 - INFO - timeseries_processing.py:146 -         Cube has been downloaded
2025-08-23 01:50:21,199 - INFO - timeseries_processing.py:156 -         Fix order of dimensions
2025-08-23 01:50:21,201 - INFO - timeseries_processing.py:161 -         Append bands to the band-list of EPSG:32634
2025-08-23 01:50:21,201 - INFO - timeseries_processing.py:129 -                        
2025-08-23 01:50:21,202 - INFO - timeseries_processing.py:130 -     Loading parameters:
2025-08-23 01:50:21,202 - INFO - timeseries_processing.py:131 -         Bands: ['B02', 'B03', 'B04']
2025-08-23 01:50:21,202 - INFO - timeseries_processing.py:132 -         Spatial resolution: 10
2025-08-23 01:50:21,202 - INFO - timeseries_processing.py:134 -         Get Assets from STAC Items
2025-08-23 01:50:21,202 - INFO - timeseries_processing.py:47 -         Initialize the STAC client
2025-08-23 01:50:21,734 - INFO - timeseries_processing.py:137 -         Loading 17 STAC Items....
2025-08-23 01:52:12,048 - INFO - timeseries_processing.py:146 -         Cube has been downloaded
2025-08-23 01:52:12,048 - INFO - timeseries_processing.py:149 -         Reproject to downsample 10m bands to 20m by Resampling.average 2x2 binning and shape matching with odc.geo.GeoBox
2025-08-23 01:52:22,084 - INFO - timeseries_processing.py:161 -         Append bands to the band-list of EPSG:32634
2025-08-23 01:52:22,084 - INFO - timeseries_processing.py:165 -                        
2025-08-23 01:52:22,084 - INFO - timeseries_processing.py:166 -     Merging bands in a single dataset
2025-08-23 01:52:22,084 - INFO - timeseries_processing.py:167 -     Ensure all partial datasets are at (x=20, y=-20) resolution
2025-08-23 01:52:22,085 - INFO - timeseries_processing.py:171 -     Clip to the intersection of indexes
2025-08-23 01:52:23,040 - INFO - timeseries_processing.py:180 -     Make a list of bands to merge
2025-08-23 01:52:23,047 - INFO - timeseries_processing.py:184 -     Merge on intersection
2025-08-23 01:52:23,048 - INFO - timeseries_processing.py:192 -     Apply masks on clouds, shadows, thin cirrus, and snow/ice
2025-08-23 01:52:23,048 - INFO - sentinel2.py:122 -                Masking bits: [3, 7, 8, 9, 10, 11]
2025-08-23 01:52:23,955 - INFO - composites.py:304 - Reproject from UTM Zone to Tile geometry -> CRS(EPSG:32634), Resampling.bilinear
2025-08-23 01:52:29,115 - INFO - composites.py:307 -     New shape of datasets: Shape2d(x=2400, y=2400)
2025-08-23 01:52:29,768 - INFO - composites.py:339 - Creating preview plot of input scenes
2025-08-23 01:52:57,821 - INFO - timeseries_processing.py:349 - Saved preview for 'B04' to //nas-rs.topo.auth.gr/Latomeia/DROUGHT/COMPOS/2020/12/x09_y10/S2L2A_medcomp_x09_y10_202012_InDataPreview.jpeg
2025-08-23 01:52:57,828 - INFO - composites.py:345 - Clip value range
2025-08-23 01:52:59,328 - INFO - composites.py:350 -                           
2025-08-23 01:52:59,328 - INFO - composites.py:351 - Computing spectral indices:
2025-08-23 01:52:59,328 - INFO - composites.py:354 -     EVI...
2025-08-23 01:53:00,370 - INFO - composites.py:356 -     NDVI...
2025-08-23 01:53:00,599 - INFO - composites.py:358 -     PSRI2...
2025-08-23 01:53:00,895 - INFO - composites.py:361 - Clip to typical value range
2025-08-23 01:53:01,279 - INFO - composites.py:368 - Reducing to median value temporal composite
2025-08-23 01:53:26,506 - INFO - composites.py:387 - Define data types and nodata per band
2025-08-23 01:53:26,627 - INFO - composites.py:408 - Assign time range and tile ID in metadata
2025-08-23 01:53:26,627 - INFO - composites.py:416 - Write bands to raster COG files
2025-08-23 01:53:30,415 - INFO - composites.py:429 - Write B02 -> //nas-rs.topo.auth.gr/Latomeia/DROUGHT/COMPOS/2020/12/x09_y10/S2L2A_medcomp_x09_y10_202012_B02.tif
2025-08-23 01:53:34,182 - INFO - composites.py:429 - Write B03 -> //nas-rs.topo.auth.gr/Latomeia/DROUGHT/COMPOS/2020/12/x09_y10/S2L2A_medcomp_x09_y10_202012_B03.tif
2025-08-23 01:53:37,959 - INFO - composites.py:429 - Write B04 -> //nas-rs.topo.auth.gr/Latomeia/DROUGHT/COMPOS/2020/12/x09_y10/S2L2A_medcomp_x09_y10_202012_B04.tif
2025-08-23 01:53:41,767 - INFO - composites.py:429 - Write B05 -> //nas-rs.topo.auth.gr/Latomeia/DROUGHT/COMPOS/2020/12/x09_y10/S2L2A_medcomp_x09_y10_202012_B05.tif
2025-08-23 01:53:45,562 - INFO - composites.py:429 - Write B07 -> //nas-rs.topo.auth.gr/Latomeia/DROUGHT/COMPOS/2020/12/x09_y10/S2L2A_medcomp_x09_y10_202012_B07.tif
2025-08-23 01:53:49,404 - INFO - composites.py:429 - Write B8A -> //nas-rs.topo.auth.gr/Latomeia/DROUGHT/COMPOS/2020/12/x09_y10/S2L2A_medcomp_x09_y10_202012_B8A.tif
2025-08-23 01:53:53,098 - INFO - composites.py:429 - Write EVI -> //nas-rs.topo.auth.gr/Latomeia/DROUGHT/COMPOS/2020/12/x09_y10/S2L2A_medcomp_x09_y10_202012_evi.tif
2025-08-23 01:53:56,770 - INFO - composites.py:429 - Write NDVI -> //nas-rs.topo.auth.gr/Latomeia/DROUGHT/COMPOS/2020/12/x09_y10/S2L2A_medcomp_x09_y10_202012_ndvi.tif
2025-08-23 01:54:00,557 - INFO - composites.py:429 - Write PSRI2 -> //nas-rs.topo.auth.gr/Latomeia/DROUGHT/COMPOS/2020/12/x09_y10/S2L2A_medcomp_x09_y10_202012_psri2.tif
2025-08-23 01:54:00,570 - INFO - composites.py:433 - Prepare metadata YAML document
2025-08-23 01:54:01,235 - INFO - composites.py:454 - Write metadata YAML document to disk
2025-08-23 01:54:01,267 - INFO - composites.py:459 - Create datacube.model.Dataset from eo3 metadata
2025-08-23 01:54:01,278 - INFO - composites.py:470 - Index to datacube
2025-08-23 01:54:01,278 - INFO - _datasets.py:191 - Indexing a0b81036-6dac-4c12-97a8-67f3efdf0cbb
2025-08-23 01:54:01,292 - INFO - composites.py:473 - 
2025-08-23 01:54:01,292 - INFO - composites.py:474 -              ✔✔✔ COMPLETED: Tile x09_y10 | Time: 2020-12 | In 6.27 minutes
2025-08-23 01:54:01,292 - INFO - composites.py:475 - 
2025-08-23 01:54:01,292 - INFO - composites.py:483 - Closing Dask client
2025-08-23 01:54:01,294 - INFO - composites.py:487 - Closing Dask cluster
2025-08-23 01:54:01,294 - INFO - composites.py:488 - #######################################################################
