2025-08-18 20:19:26,305 - INFO - composites.py:104 - #######################################################################
2025-08-18 20:19:26,305 - INFO - composites.py:106 - Processing started
2025-08-18 20:19:26,305 - INFO - composites.py:107 -         Tile: x09_y09
2025-08-18 20:19:26,307 - INFO - composites.py:108 -         Time: 2020-11
2025-08-18 20:19:26,307 - INFO - composites.py:111 -                           
2025-08-18 20:19:26,307 - INFO - composites.py:112 - Establishing connection to datacube
2025-08-18 20:19:27,104 - INFO - composites.py:115 -                           
2025-08-18 20:19:27,105 - INFO - composites.py:116 - Sanity test: Check if dataset already exists in the datacube
2025-08-18 20:19:27,125 - INFO - composites.py:135 - The composite requested was not found and it will be computed
2025-08-18 20:19:27,125 - INFO - composites.py:138 -                                  
2025-08-18 20:19:27,125 - INFO - composites.py:139 - Initializing Dask cluster for parallelization
2025-08-18 20:19:33,759 - INFO - composites.py:163 - Dask dashboard is available at: http://127.0.0.1:8787/status
2025-08-18 20:19:33,759 - INFO - composites.py:166 - Create directories and naming conversions
2025-08-18 20:19:33,765 - INFO - composites.py:177 - Dataset location: //nas-rs.topo.auth.gr/Latomeia/DROUGHT/COMPOS/2020/11/x09_y09
2025-08-18 20:19:33,765 - INFO - composites.py:180 -                           
2025-08-18 20:19:33,765 - INFO - composites.py:181 - Retrieve tile geometry
2025-08-18 20:19:33,804 - INFO - composites.py:192 - Create the Bounding Box (φ,λ)
2025-08-18 20:19:33,804 - INFO - composites.py:198 - Create the Bounding Box (x,y)
2025-08-18 20:19:33,804 - INFO - composites.py:211 -                           
2025-08-18 20:19:33,804 - INFO - composites.py:212 - Connect to Planetary Computer STAC Catalog
2025-08-18 20:19:34,079 - INFO - composites.py:220 - Search the STAC Catalog
2025-08-18 20:19:34,152 - INFO - composites.py:232 -         Query parameters:
2025-08-18 20:19:34,152 - INFO - composites.py:233 -             url:          https://planetarycomputer.microsoft.com/api/stac/v1/search
2025-08-18 20:19:34,152 - INFO - composites.py:234 -             client:       microsoft-pc
2025-08-18 20:19:34,152 - INFO - composites.py:235 -             collection:   sentinel-2-l2a
2025-08-18 20:19:34,152 - INFO - composites.py:236 -             bbox:         (21.85976443804976, 37.36318389002327, 22.521697581523807, 37.91188961947624)
2025-08-18 20:19:34,152 - INFO - composites.py:237 -             time range:   2020-11-01T00:00:00Z/2020-11-30T23:59:59Z
2025-08-18 20:19:34,152 - INFO - composites.py:238 -             cloud cover:  0% - 70%
2025-08-18 20:19:34,152 - INFO - composites.py:239 -             nodata cover: 0% - 33%
2025-08-18 20:19:34,152 - INFO - composites.py:241 -                           
2025-08-18 20:19:34,152 - INFO - composites.py:242 - Searching...
2025-08-18 20:19:48,640 - INFO - composites.py:245 - Query found 24 items
2025-08-18 20:19:48,640 - INFO - composites.py:247 - Searching for GRI REFINED scenes:
2025-08-18 20:19:56,604 - INFO - sentinel2.py:78 - 1/24 - S2A_MSIL2A_20201126T091321_R050_T34SFG_20201219T195813 -> Not Found
2025-08-18 20:20:02,818 - INFO - sentinel2.py:78 - 2/24 - S2B_MSIL2A_20201124T092319_R093_T34SFG_20201125T052914 -> Not Found
2025-08-18 20:20:09,640 - INFO - sentinel2.py:78 - 3/24 - S2B_MSIL2A_20201124T092319_R093_T34SEH_20201125T053229 -> Not Found
2025-08-18 20:20:15,859 - INFO - sentinel2.py:78 - 4/24 - S2B_MSIL2A_20201124T092319_R093_T34SEG_20210104T164807 -> Not Found
2025-08-18 20:20:22,741 - INFO - sentinel2.py:78 - 5/24 - S2B_MSIL2A_20201121T091259_R050_T34SFG_20201123T100944 -> Not Found
2025-08-18 20:20:28,442 - INFO - sentinel2.py:78 - 6/24 - S2A_MSIL2A_20201119T092301_R093_T34SFH_20201121T084157 -> Not Found
2025-08-18 20:20:35,321 - INFO - sentinel2.py:78 - 7/24 - S2A_MSIL2A_20201119T092301_R093_T34SFG_20201121T084124 -> Not Found
2025-08-18 20:20:40,913 - INFO - sentinel2.py:78 - 8/24 - S2A_MSIL2A_20201119T092301_R093_T34SEH_20201121T083600 -> Not Found
2025-08-18 20:20:46,446 - INFO - sentinel2.py:78 - 9/24 - S2A_MSIL2A_20201119T092301_R093_T34SEG_20201121T084305 -> Not Found
2025-08-18 20:20:52,179 - INFO - sentinel2.py:78 - 10/24 - S2A_MSIL2A_20201116T091241_R050_T34SFG_20201117T171547 -> Not Found
2025-08-18 20:20:59,063 - INFO - sentinel2.py:78 - 11/24 - S2B_MSIL2A_20201114T092239_R093_T34SFH_20201116T043942 -> Not Found
2025-08-18 20:21:04,849 - INFO - sentinel2.py:78 - 12/24 - S2B_MSIL2A_20201114T092239_R093_T34SFG_20201116T043400 -> Not Found
2025-08-18 20:21:10,421 - INFO - sentinel2.py:78 - 13/24 - S2B_MSIL2A_20201114T092239_R093_T34SEH_20201116T044552 -> Not Found
2025-08-18 20:21:16,116 - INFO - sentinel2.py:78 - 14/24 - S2B_MSIL2A_20201114T092239_R093_T34SEG_20201116T043622 -> Not Found
2025-08-18 20:21:23,043 - INFO - sentinel2.py:78 - 15/24 - S2B_MSIL2A_20201111T091219_R050_T34SFG_20201113T102904 -> Not Found
2025-08-18 20:21:30,108 - INFO - sentinel2.py:78 - 16/24 - S2A_MSIL2A_20201109T092221_R093_T34SFH_20201110T181956 -> Not Found
2025-08-18 20:21:36,533 - INFO - sentinel2.py:78 - 17/24 - S2A_MSIL2A_20201109T092221_R093_T34SFG_20201110T181945 -> Not Found
2025-08-18 20:21:42,968 - INFO - sentinel2.py:78 - 18/24 - S2A_MSIL2A_20201109T092221_R093_T34SEH_20201110T182021 -> Not Found
2025-08-18 20:21:50,361 - INFO - sentinel2.py:78 - 19/24 - S2A_MSIL2A_20201109T092221_R093_T34SEG_20201110T182306 -> Not Found
2025-08-18 20:21:57,493 - INFO - sentinel2.py:78 - 20/24 - S2B_MSIL2A_20201104T092149_R093_T34SFH_20201106T134655 -> Not Found
2025-08-18 20:22:04,328 - INFO - sentinel2.py:78 - 21/24 - S2B_MSIL2A_20201104T092149_R093_T34SFG_20201106T134710 -> Not Found
2025-08-18 20:22:10,404 - INFO - sentinel2.py:78 - 22/24 - S2B_MSIL2A_20201104T092149_R093_T34SEH_20201106T135441 -> Not Found
2025-08-18 20:22:16,802 - INFO - sentinel2.py:78 - 23/24 - S2B_MSIL2A_20201104T092149_R093_T34SEG_20201106T135439 -> Not Found
2025-08-18 20:22:23,519 - INFO - sentinel2.py:78 - 24/24 - S2B_MSIL2A_20201101T091129_R050_T34SFG_20201103T220028 -> Not Found
2025-08-18 20:22:23,603 - INFO - composites.py:250 -                                  
2025-08-18 20:22:23,603 - INFO - composites.py:251 - 0/24 were refined by GRI.
2025-08-18 20:22:23,604 - WARNING - composites.py:255 - Tile x09_y09 | Time: 2020-11: All scenes are flagged NOT REFINED.
2025-08-18 20:22:23,604 - WARNING - composites.py:256 - Tile x09_y09 | Time: 2020-11: The composite will be flagged with _NOREFINED.
2025-08-18 20:22:23,604 - INFO - composites.py:263 - Looking for up to 10 cleanest images within spatiotemporal range of each MGRS tile
2025-08-18 20:22:23,604 - INFO - composites.py:277 - Filtered cleanest scenes: Kept 24 out of 24 items. 
2025-08-18 20:22:23,605 - INFO - composites.py:278 -         Included MGRS Tiles: ['34SEG' '34SEH' '34SFG' '34SFH']
2025-08-18 20:22:23,606 - INFO - composites.py:279 -         Included EPSG codes: [32634]
2025-08-18 20:22:23,606 - INFO - composites.py:281 - Selected scenes:
2025-08-18 20:22:23,611 - INFO - composites.py:283 -         S2B_MSIL2A_20201114T092239_R093_T34SEG_20201116T043622
2025-08-18 20:22:23,611 - INFO - composites.py:283 -         S2A_MSIL2A_20201109T092221_R093_T34SEG_20201110T182306
2025-08-18 20:22:23,611 - INFO - composites.py:283 -         S2B_MSIL2A_20201104T092149_R093_T34SEG_20201106T135439
2025-08-18 20:22:23,611 - INFO - composites.py:283 -         S2A_MSIL2A_20201119T092301_R093_T34SEG_20201121T084305
2025-08-18 20:22:23,611 - INFO - composites.py:283 -         S2B_MSIL2A_20201124T092319_R093_T34SEG_20210104T164807
2025-08-18 20:22:23,611 - INFO - composites.py:283 -         S2B_MSIL2A_20201114T092239_R093_T34SEH_20201116T044552
2025-08-18 20:22:23,611 - INFO - composites.py:283 -         S2A_MSIL2A_20201109T092221_R093_T34SEH_20201110T182021
2025-08-18 20:22:23,611 - INFO - composites.py:283 -         S2B_MSIL2A_20201104T092149_R093_T34SEH_20201106T135441
2025-08-18 20:22:23,611 - INFO - composites.py:283 -         S2A_MSIL2A_20201119T092301_R093_T34SEH_20201121T083600
2025-08-18 20:22:23,611 - INFO - composites.py:283 -         S2B_MSIL2A_20201124T092319_R093_T34SEH_20201125T053229
2025-08-18 20:22:23,611 - INFO - composites.py:283 -         S2A_MSIL2A_20201126T091321_R050_T34SFG_20201219T195813
2025-08-18 20:22:23,611 - INFO - composites.py:283 -         S2B_MSIL2A_20201101T091129_R050_T34SFG_20201103T220028
2025-08-18 20:22:23,611 - INFO - composites.py:283 -         S2A_MSIL2A_20201116T091241_R050_T34SFG_20201117T171547
2025-08-18 20:22:23,611 - INFO - composites.py:283 -         S2B_MSIL2A_20201114T092239_R093_T34SFG_20201116T043400
2025-08-18 20:22:23,611 - INFO - composites.py:283 -         S2B_MSIL2A_20201104T092149_R093_T34SFG_20201106T134710
2025-08-18 20:22:23,611 - INFO - composites.py:283 -         S2A_MSIL2A_20201109T092221_R093_T34SFG_20201110T181945
2025-08-18 20:22:23,611 - INFO - composites.py:283 -         S2B_MSIL2A_20201124T092319_R093_T34SFG_20201125T052914
2025-08-18 20:22:23,611 - INFO - composites.py:283 -         S2B_MSIL2A_20201111T091219_R050_T34SFG_20201113T102904
2025-08-18 20:22:23,611 - INFO - composites.py:283 -         S2B_MSIL2A_20201121T091259_R050_T34SFG_20201123T100944
2025-08-18 20:22:23,611 - INFO - composites.py:283 -         S2A_MSIL2A_20201119T092301_R093_T34SFG_20201121T084124
2025-08-18 20:22:23,611 - INFO - composites.py:283 -         S2B_MSIL2A_20201114T092239_R093_T34SFH_20201116T043942
2025-08-18 20:22:23,613 - INFO - composites.py:283 -         S2B_MSIL2A_20201104T092149_R093_T34SFH_20201106T134655
2025-08-18 20:22:23,613 - INFO - composites.py:283 -         S2A_MSIL2A_20201109T092221_R093_T34SFH_20201110T181956
2025-08-18 20:22:23,613 - INFO - composites.py:283 -         S2A_MSIL2A_20201119T092301_R093_T34SFH_20201121T084157
2025-08-18 20:22:24,242 - INFO - sentinel2.py:154 - Matplotlib backend: Agg
2025-08-18 20:22:24,526 - INFO - sentinel2.py:224 - Write input scenes footprint overlay: //nas-rs.topo.auth.gr/Latomeia/DROUGHT/COMPOS/2020/11/x09_y09/S2L2A_medcomp_x09_y09_202011_InDataFootprint.jpeg
2025-08-18 20:22:24,836 - INFO - composites.py:297 -                                  
2025-08-18 20:22:24,836 - INFO - composites.py:298 - Downstream STAC items from Planetary Computer
2025-08-18 20:22:24,836 - INFO - timeseries_processing.py:114 -                                  
2025-08-18 20:22:24,836 - INFO - timeseries_processing.py:115 - Loading bands of diferent resolutions in EPSG:32634
2025-08-18 20:22:24,836 - INFO - timeseries_processing.py:119 -     Filtering items with native UTM EPSG:32634
2025-08-18 20:22:24,836 - INFO - timeseries_processing.py:121 -     24 Items in EPSG:32634
2025-08-18 20:22:24,836 - INFO - timeseries_processing.py:128 -                        
2025-08-18 20:22:24,836 - INFO - timeseries_processing.py:129 -     Loading parameters:
2025-08-18 20:22:24,836 - INFO - timeseries_processing.py:130 -         Bands: ['B05', 'B07', 'B8A', 'SCL']
2025-08-18 20:22:24,836 - INFO - timeseries_processing.py:131 -         Spatial resolution: 20
2025-08-18 20:22:24,836 - INFO - timeseries_processing.py:133 -         Get Assets from STAC Items
2025-08-18 20:22:24,836 - INFO - timeseries_processing.py:46 -         Initialize the STAC client
2025-08-18 20:22:51,462 - INFO - timeseries_processing.py:136 -         Loading 24 STAC Items....
2025-08-18 20:24:22,445 - INFO - timeseries_processing.py:158 -         Cube has been downloaded
2025-08-18 20:24:22,445 - INFO - timeseries_processing.py:167 -         Fix order of dimensions
2025-08-18 20:24:22,447 - INFO - timeseries_processing.py:172 -         Append bands to the band-list of EPSG:32634
2025-08-18 20:24:22,448 - INFO - timeseries_processing.py:128 -                        
2025-08-18 20:24:22,448 - INFO - timeseries_processing.py:129 -     Loading parameters:
2025-08-18 20:24:22,448 - INFO - timeseries_processing.py:130 -         Bands: ['B02', 'B03', 'B04']
2025-08-18 20:24:22,448 - INFO - timeseries_processing.py:131 -         Spatial resolution: 10
2025-08-18 20:24:22,448 - INFO - timeseries_processing.py:133 -         Get Assets from STAC Items
2025-08-18 20:24:22,448 - INFO - timeseries_processing.py:46 -         Initialize the STAC client
2025-08-18 20:25:54,399 - INFO - timeseries_processing.py:136 -         Loading 24 STAC Items....
2025-08-18 20:28:28,067 - INFO - timeseries_processing.py:158 -         Cube has been downloaded
2025-08-18 20:28:28,067 - INFO - timeseries_processing.py:161 -         Downsample 10m bands to 20m by average 2x2 binning
2025-08-18 20:28:42,571 - INFO - timeseries_processing.py:164 -         Warp (reproject) 2x2 binned bands to match shape of native 20m bands: method=bilinear
2025-08-18 20:28:54,216 - INFO - timeseries_processing.py:172 -         Append bands to the band-list of EPSG:32634
2025-08-18 20:28:54,216 - INFO - timeseries_processing.py:176 -                        
2025-08-18 20:28:54,216 - INFO - timeseries_processing.py:177 -     Merging bands in a single dataset
2025-08-18 20:28:54,216 - INFO - timeseries_processing.py:178 -     Ensure all partial datasets are at (x=20, y=-20) resolution
2025-08-18 20:28:54,217 - INFO - timeseries_processing.py:182 -     Clip to the intersection of indexes
2025-08-18 20:28:55,721 - INFO - timeseries_processing.py:191 -     Make a list of bands to merge
2025-08-18 20:28:55,722 - INFO - timeseries_processing.py:195 -     Merge on intersection
2025-08-18 20:28:55,724 - INFO - timeseries_processing.py:203 -     Apply masks on clouds, shadows, thin cirrus, and snow/ice
2025-08-18 20:28:55,724 - INFO - sentinel2.py:122 -                Masking bits: [3, 7, 8, 9, 10, 11]
2025-08-18 20:28:57,190 - INFO - timeseries_processing.py:209 -     Reproject to Tiling Schema projection EPSG:3035
2025-08-18 20:29:11,836 - INFO - composites.py:307 - Clip and align to tile geometry
2025-08-18 20:29:16,519 - INFO - composites.py:340 - Creating preview plot of input scenes
2025-08-18 20:29:58,773 - INFO - timeseries_processing.py:367 - Saved preview for 'B04' to //nas-rs.topo.auth.gr/Latomeia/DROUGHT/COMPOS/2020/11/x09_y09/S2L2A_medcomp_x09_y09_202011_InDataPreview.jpeg
2025-08-18 20:29:58,787 - INFO - composites.py:346 - Clip value range
2025-08-18 20:30:01,054 - INFO - composites.py:351 -                           
2025-08-18 20:30:01,055 - INFO - composites.py:352 - Computing spectral indices:
2025-08-18 20:30:01,055 - INFO - composites.py:355 -     EVI...
2025-08-18 20:30:02,483 - INFO - composites.py:357 -     NDVI...
2025-08-18 20:30:02,804 - INFO - composites.py:359 -     PSRI2...
2025-08-18 20:30:03,309 - INFO - composites.py:362 - Clip to typical value range
2025-08-18 20:30:03,788 - INFO - composites.py:369 - Reducing to median value temporal composite
2025-08-18 20:30:34,679 - INFO - composites.py:388 - Define data types and nodata per band
2025-08-18 20:30:34,845 - INFO - composites.py:409 - Assign time range and tile ID in metadata
2025-08-18 20:30:34,845 - INFO - composites.py:417 - Write bands to raster COG files
2025-08-18 20:30:39,711 - INFO - composites.py:430 - Write B02 -> //nas-rs.topo.auth.gr/Latomeia/DROUGHT/COMPOS/2020/11/x09_y09/S2L2A_medcomp_x09_y09_202011_B02.tif
2025-08-18 20:30:44,788 - INFO - composites.py:430 - Write B03 -> //nas-rs.topo.auth.gr/Latomeia/DROUGHT/COMPOS/2020/11/x09_y09/S2L2A_medcomp_x09_y09_202011_B03.tif
2025-08-18 20:30:49,890 - INFO - composites.py:430 - Write B04 -> //nas-rs.topo.auth.gr/Latomeia/DROUGHT/COMPOS/2020/11/x09_y09/S2L2A_medcomp_x09_y09_202011_B04.tif
2025-08-18 20:30:54,776 - INFO - composites.py:430 - Write B05 -> //nas-rs.topo.auth.gr/Latomeia/DROUGHT/COMPOS/2020/11/x09_y09/S2L2A_medcomp_x09_y09_202011_B05.tif
2025-08-18 20:30:59,676 - INFO - composites.py:430 - Write B07 -> //nas-rs.topo.auth.gr/Latomeia/DROUGHT/COMPOS/2020/11/x09_y09/S2L2A_medcomp_x09_y09_202011_B07.tif
2025-08-18 20:31:04,505 - INFO - composites.py:430 - Write B8A -> //nas-rs.topo.auth.gr/Latomeia/DROUGHT/COMPOS/2020/11/x09_y09/S2L2A_medcomp_x09_y09_202011_B8A.tif
2025-08-18 20:31:09,678 - INFO - composites.py:430 - Write EVI -> //nas-rs.topo.auth.gr/Latomeia/DROUGHT/COMPOS/2020/11/x09_y09/S2L2A_medcomp_x09_y09_202011_evi.tif
2025-08-18 20:31:14,901 - INFO - composites.py:430 - Write NDVI -> //nas-rs.topo.auth.gr/Latomeia/DROUGHT/COMPOS/2020/11/x09_y09/S2L2A_medcomp_x09_y09_202011_ndvi.tif
2025-08-18 20:31:19,671 - INFO - composites.py:430 - Write PSRI2 -> //nas-rs.topo.auth.gr/Latomeia/DROUGHT/COMPOS/2020/11/x09_y09/S2L2A_medcomp_x09_y09_202011_psri2.tif
2025-08-18 20:31:19,682 - INFO - composites.py:434 - Prepare metadata YAML document
2025-08-18 20:31:20,616 - INFO - composites.py:455 - Write metadata YAML document to disk
2025-08-18 20:31:20,651 - INFO - composites.py:460 - Create datacube.model.Dataset from eo3 metadata
2025-08-18 20:31:20,667 - INFO - composites.py:471 - Index to datacube
2025-08-18 20:31:20,667 - INFO - _datasets.py:191 - Indexing bff83664-4dad-4fe1-9cd6-1a3962523d60
2025-08-18 20:31:20,710 - INFO - composites.py:474 - 
2025-08-18 20:31:20,711 - INFO - composites.py:475 -              ✔✔✔ COMPLETED: Tile x09_y09 | Time: 2020-11 | In 11.91 minutes
2025-08-18 20:31:20,711 - INFO - composites.py:476 - 
2025-08-18 20:31:20,711 - INFO - composites.py:484 - Closing Dask client
2025-08-18 20:31:20,712 - INFO - composites.py:488 - Closing Dask cluster
2025-08-18 20:31:20,713 - INFO - composites.py:489 - #######################################################################
