2025-08-27 07:05:20,751 - INFO - composites.py:102 - #######################################################################
2025-08-27 07:05:20,751 - INFO - composites.py:104 - Processing started
2025-08-27 07:05:20,751 - INFO - composites.py:105 -         Tile: x09_y11
2025-08-27 07:05:20,751 - INFO - composites.py:106 -         Time: 2021-03
2025-08-27 07:05:20,751 - INFO - composites.py:109 -                           
2025-08-27 07:05:20,751 - INFO - composites.py:110 - Establishing connection to datacube
2025-08-27 07:05:21,363 - INFO - composites.py:113 -                           
2025-08-27 07:05:21,363 - INFO - composites.py:114 - Sanity test: Check if dataset already exists in the datacube
2025-08-27 07:05:21,381 - INFO - composites.py:133 - The composite requested was not found and it will be computed
2025-08-27 07:05:21,381 - INFO - composites.py:136 -                                  
2025-08-27 07:05:21,381 - INFO - composites.py:137 - Initializing Dask cluster for parallelization
2025-08-27 07:05:26,404 - INFO - composites.py:161 - Dask dashboard is available at: http://127.0.0.1:8787/status
2025-08-27 07:05:26,405 - INFO - composites.py:164 - Create directories and naming conversions
2025-08-27 07:05:26,418 - INFO - composites.py:177 - Dataset location: //nas-rs.topo.auth.gr/Latomeia/DROUGHT/composites/x09/y11/2021/03/01
2025-08-27 07:05:26,418 - INFO - composites.py:180 -                           
2025-08-27 07:05:26,418 - INFO - composites.py:181 - Retrieve tile geometry
2025-08-27 07:05:26,447 - INFO - composites.py:192 - Create the Bounding Box (φ,λ)
2025-08-27 07:05:26,447 - INFO - composites.py:198 - Create the Bounding Box (x,y)
2025-08-27 07:05:26,447 - INFO - composites.py:211 -                           
2025-08-27 07:05:26,447 - INFO - composites.py:212 - Connect to Planetary Computer STAC Catalog
2025-08-27 07:05:26,737 - INFO - composites.py:220 - Search the STAC Catalog
2025-08-27 07:05:26,806 - INFO - composites.py:232 -         Query parameters:
2025-08-27 07:05:26,806 - INFO - composites.py:233 -             url:          https://planetarycomputer.microsoft.com/api/stac/v1/search
2025-08-27 07:05:26,806 - INFO - composites.py:234 -             client:       microsoft-pc
2025-08-27 07:05:26,806 - INFO - composites.py:235 -             collection:   sentinel-2-l2a
2025-08-27 07:05:26,806 - INFO - composites.py:236 -             bbox:         (22.011426495899283, 38.22146676750315, 22.68270270334575, 38.770538011403985)
2025-08-27 07:05:26,806 - INFO - composites.py:237 -             time range:   2021-03-01T00:00:00Z/2021-03-31T23:59:59Z
2025-08-27 07:05:26,806 - INFO - composites.py:238 -             cloud cover:  0% - 70%
2025-08-27 07:05:26,806 - INFO - composites.py:239 -             nodata cover: 0% - 33%
2025-08-27 07:05:26,807 - INFO - composites.py:241 -                           
2025-08-27 07:05:26,807 - INFO - composites.py:242 - Searching...
2025-08-27 07:05:27,260 - INFO - composites.py:245 - Query found 21 items
2025-08-27 07:05:27,265 - INFO - composites.py:247 - Searching for GRI REFINED scenes:
2025-08-27 07:05:36,055 - INFO - sentinel2.py:78 - 1/21 - S2A_MSIL2A_20210329T092031_R093_T34SFJ_20210330T045509 -> Not Found
2025-08-27 07:05:45,224 - INFO - sentinel2.py:78 - 2/21 - S2A_MSIL2A_20210329T092031_R093_T34SFH_20210330T051057 -> Not Found
2025-08-27 07:05:54,181 - INFO - sentinel2.py:78 - 3/21 - S2A_MSIL2A_20210329T092031_R093_T34SEJ_20210330T051747 -> Not Found
2025-08-27 07:06:02,440 - INFO - sentinel2.py:78 - 4/21 - S2A_MSIL2A_20210329T092031_R093_T34SEH_20210330T050908 -> Not Found
2025-08-27 07:06:11,134 - INFO - sentinel2.py:78 - 5/21 - S2B_MSIL2A_20210324T092029_R093_T34SFJ_20210324T213003 -> Not Found
2025-08-27 07:06:20,088 - INFO - sentinel2.py:78 - 6/21 - S2B_MSIL2A_20210324T092029_R093_T34SFH_20210324T204910 -> Not Found
2025-08-27 07:06:28,336 - INFO - sentinel2.py:78 - 7/21 - S2B_MSIL2A_20210324T092029_R093_T34SEJ_20210324T204622 -> Not Found
2025-08-27 07:06:36,840 - INFO - sentinel2.py:78 - 8/21 - S2B_MSIL2A_20210324T092029_R093_T34SEH_20210324T213556 -> Not Found
2025-08-27 07:06:45,558 - INFO - sentinel2.py:78 - 9/21 - S2A_MSIL2A_20210319T092031_R093_T34SFJ_20210319T212920 -> Not Found
2025-08-27 07:06:54,492 - INFO - sentinel2.py:78 - 10/21 - S2A_MSIL2A_20210319T092031_R093_T34SFH_20210319T215858 -> Not Found
2025-08-27 07:07:02,979 - INFO - sentinel2.py:78 - 11/21 - S2A_MSIL2A_20210319T092031_R093_T34SEH_20210319T221008 -> Not Found
2025-08-27 07:07:11,457 - INFO - sentinel2.py:78 - 12/21 - S2B_MSIL2A_20210314T092029_R093_T34SFJ_20210315T064621 -> Not Found
2025-08-27 07:07:20,283 - INFO - sentinel2.py:78 - 13/21 - S2B_MSIL2A_20210314T092029_R093_T34SEJ_20210315T053042 -> Not Found
2025-08-27 07:07:30,799 - INFO - sentinel2.py:78 - 14/21 - S2B_MSIL2A_20210314T092029_R093_T34SEH_20210315T064201 -> Not Found
2025-08-27 07:07:39,437 - INFO - sentinel2.py:78 - 15/21 - S2A_MSIL2A_20210309T092031_R093_T34SFH_20210309T215606 -> Not Found
2025-08-27 07:07:48,478 - INFO - sentinel2.py:78 - 16/21 - S2A_MSIL2A_20210309T092031_R093_T34SEJ_20210309T220948 -> Not Found
2025-08-27 07:07:56,054 - INFO - sentinel2.py:78 - 17/21 - S2A_MSIL2A_20210309T092031_R093_T34SEH_20210309T211048 -> Not Found
2025-08-27 07:08:04,352 - INFO - sentinel2.py:78 - 18/21 - S2B_MSIL2A_20210304T092029_R093_T34SFJ_20210304T222557 -> Not Found
2025-08-27 07:08:12,816 - INFO - sentinel2.py:78 - 19/21 - S2B_MSIL2A_20210304T092029_R093_T34SFH_20210304T234652 -> Not Found
2025-08-27 07:08:20,350 - INFO - sentinel2.py:78 - 20/21 - S2B_MSIL2A_20210304T092029_R093_T34SEJ_20210304T224450 -> Not Found
2025-08-27 07:08:29,017 - INFO - sentinel2.py:78 - 21/21 - S2B_MSIL2A_20210304T092029_R093_T34SEH_20210304T231655 -> Not Found
2025-08-27 07:08:29,081 - INFO - composites.py:250 -                                  
2025-08-27 07:08:29,081 - INFO - composites.py:251 - 0/21 were refined by GRI.
2025-08-27 07:08:29,081 - WARNING - composites.py:255 - Tile x09_y11 | Time: 2021-03: All scenes are flagged NOT REFINED.
2025-08-27 07:08:29,082 - WARNING - composites.py:256 - Tile x09_y11 | Time: 2021-03: The composite will be flagged with _NOREFINED.
2025-08-27 07:08:29,082 - INFO - composites.py:263 - Looking for up to 10 cleanest images within spatiotemporal range of each MGRS tile
2025-08-27 07:08:29,082 - INFO - composites.py:277 - Filtered cleanest scenes: Kept 21 out of 21 items. 
2025-08-27 07:08:29,082 - INFO - composites.py:278 -         Included MGRS Tiles: ['34SEH' '34SEJ' '34SFH' '34SFJ']
2025-08-27 07:08:29,083 - INFO - composites.py:279 -         Included EPSG codes: [32634]
2025-08-27 07:08:29,083 - INFO - composites.py:281 - Selected scenes:
2025-08-27 07:08:29,084 - INFO - composites.py:283 -         S2B_MSIL2A_20210304T092029_R093_T34SEH_20210304T231655
2025-08-27 07:08:29,084 - INFO - composites.py:283 -         S2B_MSIL2A_20210324T092029_R093_T34SEH_20210324T213556
2025-08-27 07:08:29,089 - INFO - composites.py:283 -         S2A_MSIL2A_20210309T092031_R093_T34SEH_20210309T211048
2025-08-27 07:08:29,094 - INFO - composites.py:283 -         S2A_MSIL2A_20210329T092031_R093_T34SEH_20210330T050908
2025-08-27 07:08:29,094 - INFO - composites.py:283 -         S2A_MSIL2A_20210319T092031_R093_T34SEH_20210319T221008
2025-08-27 07:08:29,094 - INFO - composites.py:283 -         S2B_MSIL2A_20210314T092029_R093_T34SEH_20210315T064201
2025-08-27 07:08:29,094 - INFO - composites.py:283 -         S2B_MSIL2A_20210304T092029_R093_T34SEJ_20210304T224450
2025-08-27 07:08:29,094 - INFO - composites.py:283 -         S2A_MSIL2A_20210329T092031_R093_T34SEJ_20210330T051747
2025-08-27 07:08:29,094 - INFO - composites.py:283 -         S2B_MSIL2A_20210314T092029_R093_T34SEJ_20210315T053042
2025-08-27 07:08:29,094 - INFO - composites.py:283 -         S2B_MSIL2A_20210324T092029_R093_T34SEJ_20210324T204622
2025-08-27 07:08:29,094 - INFO - composites.py:283 -         S2A_MSIL2A_20210309T092031_R093_T34SEJ_20210309T220948
2025-08-27 07:08:29,095 - INFO - composites.py:283 -         S2B_MSIL2A_20210304T092029_R093_T34SFH_20210304T234652
2025-08-27 07:08:29,095 - INFO - composites.py:283 -         S2B_MSIL2A_20210324T092029_R093_T34SFH_20210324T204910
2025-08-27 07:08:29,095 - INFO - composites.py:283 -         S2A_MSIL2A_20210319T092031_R093_T34SFH_20210319T215858
2025-08-27 07:08:29,095 - INFO - composites.py:283 -         S2A_MSIL2A_20210329T092031_R093_T34SFH_20210330T051057
2025-08-27 07:08:29,095 - INFO - composites.py:283 -         S2A_MSIL2A_20210309T092031_R093_T34SFH_20210309T215606
2025-08-27 07:08:29,095 - INFO - composites.py:283 -         S2B_MSIL2A_20210304T092029_R093_T34SFJ_20210304T222557
2025-08-27 07:08:29,095 - INFO - composites.py:283 -         S2A_MSIL2A_20210329T092031_R093_T34SFJ_20210330T045509
2025-08-27 07:08:29,095 - INFO - composites.py:283 -         S2B_MSIL2A_20210314T092029_R093_T34SFJ_20210315T064621
2025-08-27 07:08:29,095 - INFO - composites.py:283 -         S2B_MSIL2A_20210324T092029_R093_T34SFJ_20210324T213003
2025-08-27 07:08:29,095 - INFO - composites.py:283 -         S2A_MSIL2A_20210319T092031_R093_T34SFJ_20210319T212920
2025-08-27 07:08:29,459 - INFO - sentinel2.py:154 - Matplotlib backend: Agg
2025-08-27 07:08:29,798 - INFO - sentinel2.py:224 - Write input scenes footprint overlay: //nas-rs.topo.auth.gr/Latomeia/DROUGHT/composites/x09/y11/2021/03/01/S2L2A_medcomp_x09y11_202103_InDataFootprint.jpeg
2025-08-27 07:08:30,021 - INFO - composites.py:297 -                                  
2025-08-27 07:08:30,021 - INFO - composites.py:298 - Downstream STAC items from Planetary Computer
2025-08-27 07:08:30,021 - INFO - timeseries_processing.py:115 -                                  
2025-08-27 07:08:30,021 - INFO - timeseries_processing.py:116 - Loading bands of diferent resolutions in EPSG:32634
2025-08-27 07:08:30,021 - INFO - timeseries_processing.py:120 -     Filtering items with native UTM EPSG:32634
2025-08-27 07:08:30,021 - INFO - timeseries_processing.py:122 -     21 Items in EPSG:32634
2025-08-27 07:08:30,021 - INFO - timeseries_processing.py:129 -                        
2025-08-27 07:08:30,021 - INFO - timeseries_processing.py:130 -     Loading parameters:
2025-08-27 07:08:30,021 - INFO - timeseries_processing.py:131 -         Bands: ['B05', 'B07', 'B8A', 'SCL']
2025-08-27 07:08:30,021 - INFO - timeseries_processing.py:132 -         Spatial resolution: 20
2025-08-27 07:08:30,021 - INFO - timeseries_processing.py:134 -         Get Assets from STAC Items
2025-08-27 07:08:30,022 - INFO - timeseries_processing.py:47 -         Initialize the STAC client
2025-08-27 07:08:30,622 - INFO - timeseries_processing.py:137 -         Loading 21 STAC Items....
2025-08-27 07:09:48,467 - INFO - timeseries_processing.py:146 -         Cube has been downloaded
2025-08-27 07:09:48,467 - INFO - timeseries_processing.py:156 -         Fix order of dimensions
2025-08-27 07:09:48,469 - INFO - timeseries_processing.py:161 -         Append bands to the band-list of EPSG:32634
2025-08-27 07:09:48,469 - INFO - timeseries_processing.py:129 -                        
2025-08-27 07:09:48,469 - INFO - timeseries_processing.py:130 -     Loading parameters:
2025-08-27 07:09:48,470 - INFO - timeseries_processing.py:131 -         Bands: ['B02', 'B03', 'B04']
2025-08-27 07:09:48,471 - INFO - timeseries_processing.py:132 -         Spatial resolution: 10
2025-08-27 07:09:48,471 - INFO - timeseries_processing.py:134 -         Get Assets from STAC Items
2025-08-27 07:09:48,471 - INFO - timeseries_processing.py:47 -         Initialize the STAC client
2025-08-27 07:09:49,077 - INFO - timeseries_processing.py:137 -         Loading 21 STAC Items....
2025-08-27 07:11:44,407 - INFO - timeseries_processing.py:146 -         Cube has been downloaded
2025-08-27 07:11:44,407 - INFO - timeseries_processing.py:149 -         Reproject to downsample 10m bands to 20m by Resampling.average 2x2 binning and shape matching with odc.geo.GeoBox
2025-08-27 07:11:53,085 - INFO - timeseries_processing.py:161 -         Append bands to the band-list of EPSG:32634
2025-08-27 07:11:53,085 - INFO - timeseries_processing.py:165 -                        
2025-08-27 07:11:53,085 - INFO - timeseries_processing.py:166 -     Merging bands in a single dataset
2025-08-27 07:11:53,085 - INFO - timeseries_processing.py:167 -     Ensure all partial datasets are at (x=20, y=-20) resolution
2025-08-27 07:11:53,086 - INFO - timeseries_processing.py:171 -     Clip to the intersection of indexes
2025-08-27 07:11:54,331 - INFO - timeseries_processing.py:180 -     Make a list of bands to merge
2025-08-27 07:11:54,332 - INFO - timeseries_processing.py:184 -     Merge on intersection
2025-08-27 07:11:54,334 - INFO - timeseries_processing.py:192 -     Apply masks on clouds, shadows, thin cirrus, and snow/ice
2025-08-27 07:11:54,334 - INFO - sentinel2.py:122 -                Masking bits: [3, 7, 8, 9, 10, 11]
2025-08-27 07:11:55,051 - INFO - composites.py:307 - Reproject from UTM Zone to Tile geometry -> CRS(EPSG:32634), Resampling.bilinear
2025-08-27 07:11:59,159 - INFO - composites.py:310 -     New shape of datasets: Shape2d(x=2400, y=2400)
2025-08-27 07:11:59,700 - INFO - composites.py:342 - Creating preview plot of input scenes
2025-08-27 07:12:24,599 - INFO - timeseries_processing.py:349 - Saved preview for 'B04' to //nas-rs.topo.auth.gr/Latomeia/DROUGHT/composites/x09/y11/2021/03/01/S2L2A_medcomp_x09y11_202103_InDataPreview.jpeg
2025-08-27 07:12:24,610 - INFO - composites.py:348 - Clip value range
2025-08-27 07:12:25,965 - INFO - composites.py:353 -                           
2025-08-27 07:12:25,966 - INFO - composites.py:354 - Computing spectral indices:
2025-08-27 07:12:25,967 - INFO - composites.py:357 -     EVI...
2025-08-27 07:12:26,653 - INFO - composites.py:359 -     NDVI...
2025-08-27 07:12:27,004 - INFO - composites.py:361 -     PSRI2...
2025-08-27 07:12:27,173 - INFO - composites.py:364 - Clip to typical value range
2025-08-27 07:12:27,385 - INFO - composites.py:371 - Reducing to median value temporal composite
2025-08-27 07:12:51,597 - INFO - composites.py:390 - Scale and Define data types & nodata per band
2025-08-27 07:12:51,723 - INFO - composites.py:411 - Assign time range and tile ID in metadata
2025-08-27 07:12:51,741 - INFO - composites.py:419 - Write bands to raster COG files
2025-08-27 07:12:55,687 - INFO - composites.py:432 - Write B02 -> //nas-rs.topo.auth.gr/Latomeia/DROUGHT/composites/x09/y11/2021/03/01/S2L2A_medcomp_x09y11_202103_B02.tif
2025-08-27 07:12:59,594 - INFO - composites.py:432 - Write B03 -> //nas-rs.topo.auth.gr/Latomeia/DROUGHT/composites/x09/y11/2021/03/01/S2L2A_medcomp_x09y11_202103_B03.tif
2025-08-27 07:13:03,493 - INFO - composites.py:432 - Write B04 -> //nas-rs.topo.auth.gr/Latomeia/DROUGHT/composites/x09/y11/2021/03/01/S2L2A_medcomp_x09y11_202103_B04.tif
2025-08-27 07:13:07,367 - INFO - composites.py:432 - Write B05 -> //nas-rs.topo.auth.gr/Latomeia/DROUGHT/composites/x09/y11/2021/03/01/S2L2A_medcomp_x09y11_202103_B05.tif
2025-08-27 07:13:11,243 - INFO - composites.py:432 - Write B07 -> //nas-rs.topo.auth.gr/Latomeia/DROUGHT/composites/x09/y11/2021/03/01/S2L2A_medcomp_x09y11_202103_B07.tif
2025-08-27 07:13:15,149 - INFO - composites.py:432 - Write B8A -> //nas-rs.topo.auth.gr/Latomeia/DROUGHT/composites/x09/y11/2021/03/01/S2L2A_medcomp_x09y11_202103_B8A.tif
2025-08-27 07:13:19,244 - INFO - composites.py:432 - Write EVI -> //nas-rs.topo.auth.gr/Latomeia/DROUGHT/composites/x09/y11/2021/03/01/S2L2A_medcomp_x09y11_202103_EVI.tif
2025-08-27 07:13:23,140 - INFO - composites.py:432 - Write NDVI -> //nas-rs.topo.auth.gr/Latomeia/DROUGHT/composites/x09/y11/2021/03/01/S2L2A_medcomp_x09y11_202103_NDVI.tif
2025-08-27 07:13:27,200 - INFO - composites.py:432 - Write PSRI2 -> //nas-rs.topo.auth.gr/Latomeia/DROUGHT/composites/x09/y11/2021/03/01/S2L2A_medcomp_x09y11_202103_PSRI2.tif
2025-08-27 07:13:27,200 - INFO - composites.py:436 - Prepare metadata YAML document
2025-08-27 07:13:27,769 - INFO - composites.py:458 - Write metadata YAML document to disk
2025-08-27 07:13:27,826 - INFO - composites.py:463 - Create datacube.model.Dataset from eo3 metadata
2025-08-27 07:13:27,839 - INFO - composites.py:474 - Index to datacube
2025-08-27 07:13:27,839 - INFO - _datasets.py:191 - Indexing 9b8bc479-8689-4532-b528-50e3a043d40f
2025-08-27 07:13:27,851 - INFO - composites.py:477 - 
2025-08-27 07:13:27,851 - INFO - composites.py:478 -              ✔✔✔ COMPLETED: Tile x09_y11 | Time: 2021-03 | In 8.12 minutes
2025-08-27 07:13:27,851 - INFO - composites.py:479 - 
2025-08-27 07:13:27,851 - INFO - composites.py:487 - Closing Dask client
2025-08-27 07:13:27,853 - INFO - composites.py:491 - Closing Dask cluster
2025-08-27 07:13:27,853 - INFO - composites.py:492 - #######################################################################
