2025-08-20 19:10:39,403 - INFO - composites.py:100 - #######################################################################
2025-08-20 19:10:39,403 - INFO - composites.py:102 - Processing started
2025-08-20 19:10:39,403 - INFO - composites.py:103 -         Tile: x10_y07
2025-08-20 19:10:39,403 - INFO - composites.py:104 -         Time: 2022-03
2025-08-20 19:10:39,403 - INFO - composites.py:107 -                           
2025-08-20 19:10:39,403 - INFO - composites.py:108 - Establishing connection to datacube
2025-08-20 19:10:40,133 - INFO - composites.py:111 -                           
2025-08-20 19:10:40,133 - INFO - composites.py:112 - Sanity test: Check if dataset already exists in the datacube
2025-08-20 19:10:40,154 - INFO - composites.py:131 - The composite requested was not found and it will be computed
2025-08-20 19:10:40,155 - INFO - composites.py:134 -                                  
2025-08-20 19:10:40,155 - INFO - composites.py:135 - Initializing Dask cluster for parallelization
2025-08-20 19:10:46,065 - INFO - composites.py:159 - Dask dashboard is available at: http://127.0.0.1:8787/status
2025-08-20 19:10:46,065 - INFO - composites.py:162 - Create directories and naming conversions
2025-08-20 19:10:46,070 - INFO - composites.py:173 - Dataset location: //nas-rs.topo.auth.gr/Latomeia/DROUGHT/COMPOS/2022/03/x10_y07
2025-08-20 19:10:46,070 - INFO - composites.py:176 -                           
2025-08-20 19:10:46,070 - INFO - composites.py:177 - Retrieve tile geometry
2025-08-20 19:10:46,110 - INFO - composites.py:188 - Create the Bounding Box (φ,λ)
2025-08-20 19:10:46,110 - INFO - composites.py:194 - Create the Bounding Box (x,y)
2025-08-20 19:10:46,111 - INFO - composites.py:207 -                           
2025-08-20 19:10:46,111 - INFO - composites.py:208 - Connect to Planetary Computer STAC Catalog
2025-08-20 19:10:46,423 - INFO - composites.py:216 - Search the STAC Catalog
2025-08-20 19:10:46,492 - INFO - composites.py:228 -         Query parameters:
2025-08-20 19:10:46,492 - INFO - composites.py:229 -             url:          https://planetarycomputer.microsoft.com/api/stac/v1/search
2025-08-20 19:10:46,492 - INFO - composites.py:230 -             client:       microsoft-pc
2025-08-20 19:10:46,492 - INFO - composites.py:231 -             collection:   sentinel-2-l2a
2025-08-20 19:10:46,493 - INFO - composites.py:232 -             bbox:         (22.240590945389282, 36.432652229987454, 22.89572626511697, 36.9835162299011)
2025-08-20 19:10:46,506 - INFO - composites.py:233 -             time range:   2022-03-01T00:00:00Z/2022-03-31T23:59:59Z
2025-08-20 19:10:46,508 - INFO - composites.py:234 -             cloud cover:  0% - 70%
2025-08-20 19:10:46,508 - INFO - composites.py:235 -             nodata cover: 0% - 33%
2025-08-20 19:10:46,508 - INFO - composites.py:237 -                           
2025-08-20 19:10:46,508 - INFO - composites.py:238 - Searching...
2025-08-20 19:10:46,942 - INFO - composites.py:241 - Query found 21 items
2025-08-20 19:10:46,942 - INFO - composites.py:243 - Searching for GRI REFINED scenes:
2025-08-20 19:10:51,901 - INFO - sentinel2.py:78 - 1/21 - S2B_MSIL2A_20220329T092029_R093_T34SFG_20240530T212441 -> REFINED
2025-08-20 19:10:57,744 - INFO - sentinel2.py:78 - 2/21 - S2B_MSIL2A_20220329T092029_R093_T34SFG_20220330T002138 -> REFINED
2025-08-20 19:11:02,611 - INFO - sentinel2.py:78 - 3/21 - S2B_MSIL2A_20220326T090609_R050_T34SFG_20220329T220406 -> REFINED
2025-08-20 19:11:08,023 - INFO - sentinel2.py:78 - 4/21 - S2B_MSIL2A_20220326T090609_R050_T34SFF_20220329T223921 -> REFINED
2025-08-20 19:11:12,766 - INFO - sentinel2.py:78 - 5/21 - S2A_MSIL2A_20220324T092031_R093_T34SFG_20240522T111837 -> REFINED
2025-08-20 19:11:18,744 - INFO - sentinel2.py:78 - 6/21 - S2A_MSIL2A_20220324T092031_R093_T34SFG_20220324T233109 -> REFINED
2025-08-20 19:11:24,663 - INFO - sentinel2.py:78 - 7/21 - S2A_MSIL2A_20220324T092031_R093_T34SFF_20240522T111837 -> REFINED
2025-08-20 19:11:30,539 - INFO - sentinel2.py:78 - 8/21 - S2A_MSIL2A_20220324T092031_R093_T34SFF_20220325T002515 -> REFINED
2025-08-20 19:11:35,765 - INFO - sentinel2.py:78 - 9/21 - S2A_MSIL2A_20220321T090651_R050_T34SFG_20240526T023651 -> REFINED
2025-08-20 19:11:42,110 - INFO - sentinel2.py:78 - 10/21 - S2A_MSIL2A_20220321T090651_R050_T34SFG_20220321T201754 -> REFINED
2025-08-20 19:11:46,612 - INFO - sentinel2.py:78 - 11/21 - S2A_MSIL2A_20220321T090651_R050_T34SFF_20240526T023651 -> REFINED
2025-08-20 19:11:52,071 - INFO - sentinel2.py:78 - 12/21 - S2A_MSIL2A_20220321T090651_R050_T34SFF_20220321T191914 -> REFINED
2025-08-20 19:11:57,032 - INFO - sentinel2.py:78 - 13/21 - S2B_MSIL2A_20220319T092029_R093_T34SFF_20240522T052449 -> REFINED
2025-08-20 19:12:01,824 - INFO - sentinel2.py:78 - 14/21 - S2B_MSIL2A_20220319T092029_R093_T34SFF_20220319T222742 -> REFINED
2025-08-20 19:12:07,428 - INFO - sentinel2.py:78 - 15/21 - S2B_MSIL2A_20220316T090659_R050_T34SFG_20220316T204225 -> REFINED
2025-08-20 19:12:13,072 - INFO - sentinel2.py:78 - 16/21 - S2B_MSIL2A_20220316T090659_R050_T34SFF_20220316T211251 -> REFINED
2025-08-20 19:12:20,354 - INFO - sentinel2.py:78 - 17/21 - S2A_MSIL2A_20220314T092031_R093_T34SFG_20240524T021050 -> REFINED
2025-08-20 19:12:25,318 - INFO - sentinel2.py:78 - 18/21 - S2A_MSIL2A_20220314T092031_R093_T34SFG_20220314T232941 -> REFINED
2025-08-20 19:12:31,097 - INFO - sentinel2.py:78 - 19/21 - S2A_MSIL2A_20220311T090801_R050_T34SFG_20220312T061222 -> REFINED
2025-08-20 19:12:35,760 - INFO - sentinel2.py:78 - 20/21 - S2A_MSIL2A_20220311T090801_R050_T34SFF_20220312T071112 -> REFINED
2025-08-20 19:12:41,074 - INFO - sentinel2.py:78 - 21/21 - S2B_MSIL2A_20220306T090739_R050_T34SFF_20220306T172330 -> REFINED
2025-08-20 19:12:41,127 - INFO - composites.py:246 -                                  
2025-08-20 19:12:41,127 - INFO - composites.py:247 - 21/21 were refined by GRI.
2025-08-20 19:12:41,127 - INFO - composites.py:259 - Looking for up to 10 cleanest images within spatiotemporal range of each MGRS tile
2025-08-20 19:12:41,128 - INFO - composites.py:273 - Filtered cleanest scenes: Kept 20 out of 21 items. 
2025-08-20 19:12:41,128 - INFO - composites.py:274 -         Included MGRS Tiles: ['34SFF' '34SFG']
2025-08-20 19:12:41,128 - INFO - composites.py:275 -         Included EPSG codes: [32634]
2025-08-20 19:12:41,128 - INFO - composites.py:277 - Selected scenes:
2025-08-20 19:12:41,130 - INFO - composites.py:279 -         S2A_MSIL2A_20220324T092031_R093_T34SFF_20240522T111837
2025-08-20 19:12:41,130 - INFO - composites.py:279 -         S2A_MSIL2A_20220324T092031_R093_T34SFF_20220325T002515
2025-08-20 19:12:41,141 - INFO - composites.py:279 -         S2B_MSIL2A_20220316T090659_R050_T34SFF_20220316T211251
2025-08-20 19:12:41,142 - INFO - composites.py:279 -         S2A_MSIL2A_20220321T090651_R050_T34SFF_20220321T191914
2025-08-20 19:12:41,142 - INFO - composites.py:279 -         S2A_MSIL2A_20220321T090651_R050_T34SFF_20240526T023651
2025-08-20 19:12:41,142 - INFO - composites.py:279 -         S2B_MSIL2A_20220326T090609_R050_T34SFF_20220329T223921
2025-08-20 19:12:41,142 - INFO - composites.py:279 -         S2B_MSIL2A_20220319T092029_R093_T34SFF_20220319T222742
2025-08-20 19:12:41,142 - INFO - composites.py:279 -         S2B_MSIL2A_20220319T092029_R093_T34SFF_20240522T052449
2025-08-20 19:12:41,143 - INFO - composites.py:279 -         S2A_MSIL2A_20220311T090801_R050_T34SFF_20220312T071112
2025-08-20 19:12:41,143 - INFO - composites.py:279 -         S2B_MSIL2A_20220306T090739_R050_T34SFF_20220306T172330
2025-08-20 19:12:41,143 - INFO - composites.py:279 -         S2A_MSIL2A_20220324T092031_R093_T34SFG_20220324T233109
2025-08-20 19:12:41,143 - INFO - composites.py:279 -         S2A_MSIL2A_20220324T092031_R093_T34SFG_20240522T111837
2025-08-20 19:12:41,143 - INFO - composites.py:279 -         S2B_MSIL2A_20220326T090609_R050_T34SFG_20220329T220406
2025-08-20 19:12:41,144 - INFO - composites.py:279 -         S2B_MSIL2A_20220316T090659_R050_T34SFG_20220316T204225
2025-08-20 19:12:41,144 - INFO - composites.py:279 -         S2B_MSIL2A_20220329T092029_R093_T34SFG_20220330T002138
2025-08-20 19:12:41,144 - INFO - composites.py:279 -         S2B_MSIL2A_20220329T092029_R093_T34SFG_20240530T212441
2025-08-20 19:12:41,144 - INFO - composites.py:279 -         S2A_MSIL2A_20220314T092031_R093_T34SFG_20240524T021050
2025-08-20 19:12:41,144 - INFO - composites.py:279 -         S2A_MSIL2A_20220314T092031_R093_T34SFG_20220314T232941
2025-08-20 19:12:41,145 - INFO - composites.py:279 -         S2A_MSIL2A_20220321T090651_R050_T34SFG_20240526T023651
2025-08-20 19:12:41,145 - INFO - composites.py:279 -         S2A_MSIL2A_20220321T090651_R050_T34SFG_20220321T201754
2025-08-20 19:12:41,613 - INFO - sentinel2.py:154 - Matplotlib backend: Agg
2025-08-20 19:12:41,933 - INFO - sentinel2.py:224 - Write input scenes footprint overlay: //nas-rs.topo.auth.gr/Latomeia/DROUGHT/COMPOS/2022/03/x10_y07/S2L2A_medcomp_x10_y07_202203_InDataFootprint.jpeg
2025-08-20 19:12:42,276 - INFO - composites.py:293 -                                  
2025-08-20 19:12:42,276 - INFO - composites.py:294 - Downstream STAC items from Planetary Computer
2025-08-20 19:12:42,276 - INFO - timeseries_processing.py:114 -                                  
2025-08-20 19:12:42,276 - INFO - timeseries_processing.py:115 - Loading bands of diferent resolutions in EPSG:32634
2025-08-20 19:12:42,276 - INFO - timeseries_processing.py:119 -     Filtering items with native UTM EPSG:32634
2025-08-20 19:12:42,276 - INFO - timeseries_processing.py:121 -     20 Items in EPSG:32634
2025-08-20 19:12:42,276 - INFO - timeseries_processing.py:128 -                        
2025-08-20 19:12:42,276 - INFO - timeseries_processing.py:129 -     Loading parameters:
2025-08-20 19:12:42,276 - INFO - timeseries_processing.py:130 -         Bands: ['B05', 'B07', 'B8A', 'SCL']
2025-08-20 19:12:42,276 - INFO - timeseries_processing.py:131 -         Spatial resolution: 20
2025-08-20 19:12:42,276 - INFO - timeseries_processing.py:133 -         Get Assets from STAC Items
2025-08-20 19:12:42,276 - INFO - timeseries_processing.py:46 -         Initialize the STAC client
2025-08-20 19:12:42,863 - INFO - timeseries_processing.py:136 -         Loading 20 STAC Items....
2025-08-20 19:14:27,365 - INFO - timeseries_processing.py:158 -         Cube has been downloaded
2025-08-20 19:14:27,365 - INFO - timeseries_processing.py:167 -         Fix order of dimensions
2025-08-20 19:14:27,368 - INFO - timeseries_processing.py:172 -         Append bands to the band-list of EPSG:32634
2025-08-20 19:14:27,368 - INFO - timeseries_processing.py:128 -                        
2025-08-20 19:14:27,369 - INFO - timeseries_processing.py:129 -     Loading parameters:
2025-08-20 19:14:27,369 - INFO - timeseries_processing.py:130 -         Bands: ['B02', 'B03', 'B04']
2025-08-20 19:14:27,369 - INFO - timeseries_processing.py:131 -         Spatial resolution: 10
2025-08-20 19:14:27,369 - INFO - timeseries_processing.py:133 -         Get Assets from STAC Items
2025-08-20 19:14:27,369 - INFO - timeseries_processing.py:46 -         Initialize the STAC client
2025-08-20 19:14:27,925 - INFO - timeseries_processing.py:136 -         Loading 20 STAC Items....
2025-08-20 19:17:35,533 - INFO - timeseries_processing.py:158 -         Cube has been downloaded
2025-08-20 19:17:35,534 - INFO - timeseries_processing.py:161 -         Downsample 10m bands to 20m by average 2x2 binning
2025-08-20 19:17:49,237 - INFO - timeseries_processing.py:164 -         Align binned bands to native 20m bands (shape matching): method=bilinear
2025-08-20 19:18:00,184 - INFO - timeseries_processing.py:172 -         Append bands to the band-list of EPSG:32634
2025-08-20 19:18:00,184 - INFO - timeseries_processing.py:176 -                        
2025-08-20 19:18:00,184 - INFO - timeseries_processing.py:177 -     Merging bands in a single dataset
2025-08-20 19:18:00,184 - INFO - timeseries_processing.py:178 -     Ensure all partial datasets are at (x=20, y=-20) resolution
2025-08-20 19:18:00,184 - INFO - timeseries_processing.py:182 -     Clip to the intersection of indexes
2025-08-20 19:18:01,458 - INFO - timeseries_processing.py:191 -     Make a list of bands to merge
2025-08-20 19:18:01,460 - INFO - timeseries_processing.py:195 -     Merge on intersection
2025-08-20 19:18:01,461 - INFO - timeseries_processing.py:203 -     Apply masks on clouds, shadows, thin cirrus, and snow/ice
2025-08-20 19:18:01,461 - INFO - sentinel2.py:122 -                Masking bits: [3, 7, 8, 9, 10, 11]
2025-08-20 19:18:02,831 - INFO - timeseries_processing.py:209 -     Reproject to Tiling Schema projection EPSG:3035
2025-08-20 19:18:16,085 - INFO - composites.py:303 - Clip and align to tile geometry
2025-08-20 19:18:20,282 - INFO - composites.py:323 - Scale SR to Sen2Cor Baseline 4.00 - Subtract 1000 in dates post 2022-01-25
2025-08-20 19:18:21,823 - INFO - composites.py:336 - Creating preview plot of input scenes
2025-08-20 19:19:03,012 - INFO - timeseries_processing.py:367 - Saved preview for 'B04' to //nas-rs.topo.auth.gr/Latomeia/DROUGHT/COMPOS/2022/03/x10_y07/S2L2A_medcomp_x10_y07_202203_InDataPreview.jpeg
2025-08-20 19:19:03,020 - INFO - composites.py:342 - Clip value range
2025-08-20 19:19:05,208 - INFO - composites.py:347 -                           
2025-08-20 19:19:05,209 - INFO - composites.py:348 - Computing spectral indices:
2025-08-20 19:19:05,209 - INFO - composites.py:351 -     EVI...
2025-08-20 19:19:06,584 - INFO - composites.py:353 -     NDVI...
2025-08-20 19:19:06,934 - INFO - composites.py:355 -     PSRI2...
2025-08-20 19:19:07,368 - INFO - composites.py:358 - Clip to typical value range
2025-08-20 19:19:07,853 - INFO - composites.py:365 - Reducing to median value temporal composite
2025-08-20 19:19:34,905 - INFO - composites.py:384 - Define data types and nodata per band
2025-08-20 19:19:35,040 - INFO - composites.py:405 - Assign time range and tile ID in metadata
2025-08-20 19:19:35,040 - INFO - composites.py:413 - Write bands to raster COG files
2025-08-20 19:19:40,071 - INFO - composites.py:426 - Write B02 -> //nas-rs.topo.auth.gr/Latomeia/DROUGHT/COMPOS/2022/03/x10_y07/S2L2A_medcomp_x10_y07_202203_B02.tif
2025-08-20 19:19:45,001 - INFO - composites.py:426 - Write B03 -> //nas-rs.topo.auth.gr/Latomeia/DROUGHT/COMPOS/2022/03/x10_y07/S2L2A_medcomp_x10_y07_202203_B03.tif
2025-08-20 19:19:49,963 - INFO - composites.py:426 - Write B04 -> //nas-rs.topo.auth.gr/Latomeia/DROUGHT/COMPOS/2022/03/x10_y07/S2L2A_medcomp_x10_y07_202203_B04.tif
2025-08-20 19:19:54,787 - INFO - composites.py:426 - Write B05 -> //nas-rs.topo.auth.gr/Latomeia/DROUGHT/COMPOS/2022/03/x10_y07/S2L2A_medcomp_x10_y07_202203_B05.tif
2025-08-20 19:19:59,460 - INFO - composites.py:426 - Write B07 -> //nas-rs.topo.auth.gr/Latomeia/DROUGHT/COMPOS/2022/03/x10_y07/S2L2A_medcomp_x10_y07_202203_B07.tif
2025-08-20 19:20:04,254 - INFO - composites.py:426 - Write B8A -> //nas-rs.topo.auth.gr/Latomeia/DROUGHT/COMPOS/2022/03/x10_y07/S2L2A_medcomp_x10_y07_202203_B8A.tif
2025-08-20 19:20:09,164 - INFO - composites.py:426 - Write EVI -> //nas-rs.topo.auth.gr/Latomeia/DROUGHT/COMPOS/2022/03/x10_y07/S2L2A_medcomp_x10_y07_202203_evi.tif
2025-08-20 19:20:13,947 - INFO - composites.py:426 - Write NDVI -> //nas-rs.topo.auth.gr/Latomeia/DROUGHT/COMPOS/2022/03/x10_y07/S2L2A_medcomp_x10_y07_202203_ndvi.tif
2025-08-20 19:20:18,934 - INFO - composites.py:426 - Write PSRI2 -> //nas-rs.topo.auth.gr/Latomeia/DROUGHT/COMPOS/2022/03/x10_y07/S2L2A_medcomp_x10_y07_202203_psri2.tif
2025-08-20 19:20:18,946 - INFO - composites.py:430 - Prepare metadata YAML document
2025-08-20 19:20:19,752 - INFO - composites.py:451 - Write metadata YAML document to disk
2025-08-20 19:20:19,808 - INFO - composites.py:456 - Create datacube.model.Dataset from eo3 metadata
2025-08-20 19:20:19,819 - INFO - composites.py:467 - Index to datacube
2025-08-20 19:20:19,820 - INFO - _datasets.py:191 - Indexing e7fdde3c-6d27-41a8-ae12-0a25d21f785c
2025-08-20 19:20:19,829 - INFO - composites.py:470 - 
2025-08-20 19:20:19,829 - INFO - composites.py:471 -              ✔✔✔ COMPLETED: Tile x10_y07 | Time: 2022-03 | In 9.67 minutes
2025-08-20 19:20:19,829 - INFO - composites.py:472 - 
2025-08-20 19:20:19,829 - INFO - composites.py:480 - Closing Dask client
2025-08-20 19:20:19,831 - INFO - composites.py:484 - Closing Dask cluster
2025-08-20 19:20:19,831 - INFO - composites.py:485 - #######################################################################
