2025-08-22 11:08:07,168 - INFO - composites.py:101 - #######################################################################
2025-08-22 11:08:07,168 - INFO - composites.py:103 - Processing started
2025-08-22 11:08:07,168 - INFO - composites.py:104 -         Tile: x11_y11
2025-08-22 11:08:07,168 - INFO - composites.py:105 -         Time: 2020-07
2025-08-22 11:08:07,169 - INFO - composites.py:108 -                           
2025-08-22 11:08:07,169 - INFO - composites.py:109 - Establishing connection to datacube
2025-08-22 11:08:07,913 - INFO - composites.py:112 -                           
2025-08-22 11:08:07,913 - INFO - composites.py:113 - Sanity test: Check if dataset already exists in the datacube
2025-08-22 11:08:07,932 - INFO - composites.py:132 - The composite requested was not found and it will be computed
2025-08-22 11:08:07,932 - INFO - composites.py:135 -                                  
2025-08-22 11:08:07,932 - INFO - composites.py:136 - Initializing Dask cluster for parallelization
2025-08-22 11:08:13,538 - INFO - composites.py:160 - Dask dashboard is available at: http://127.0.0.1:8787/status
2025-08-22 11:08:13,538 - INFO - composites.py:163 - Create directories and naming conversions
2025-08-22 11:08:13,558 - INFO - composites.py:174 - Dataset location: //nas-rs.topo.auth.gr/Latomeia/DROUGHT/COMPOS/2020/07/x11_y11
2025-08-22 11:08:13,558 - INFO - composites.py:177 -                           
2025-08-22 11:08:13,558 - INFO - composites.py:178 - Retrieve tile geometry
2025-08-22 11:08:13,596 - INFO - composites.py:189 - Create the Bounding Box (φ,λ)
2025-08-22 11:08:13,597 - INFO - composites.py:195 - Create the Bounding Box (x,y)
2025-08-22 11:08:13,597 - INFO - composites.py:208 -                           
2025-08-22 11:08:13,597 - INFO - composites.py:209 - Connect to Planetary Computer STAC Catalog
2025-08-22 11:08:13,860 - INFO - composites.py:217 - Search the STAC Catalog
2025-08-22 11:08:13,930 - INFO - composites.py:229 -         Query parameters:
2025-08-22 11:08:13,930 - INFO - composites.py:230 -             url:          https://planetarycomputer.microsoft.com/api/stac/v1/search
2025-08-22 11:08:13,930 - INFO - composites.py:231 -             client:       microsoft-pc
2025-08-22 11:08:13,930 - INFO - composites.py:232 -             collection:   sentinel-2-l2a
2025-08-22 11:08:13,930 - INFO - composites.py:233 -             bbox:         (23.090477503527136, 38.072584087612974, 23.76631254171489, 38.62665683856133)
2025-08-22 11:08:13,930 - INFO - composites.py:234 -             time range:   2020-07-01T00:00:00Z/2020-07-31T23:59:59Z
2025-08-22 11:08:13,930 - INFO - composites.py:235 -             cloud cover:  0% - 70%
2025-08-22 11:08:13,930 - INFO - composites.py:236 -             nodata cover: 0% - 33%
2025-08-22 11:08:13,930 - INFO - composites.py:238 -                           
2025-08-22 11:08:13,930 - INFO - composites.py:239 - Searching...
2025-08-22 11:08:14,366 - INFO - composites.py:242 - Query found 18 items
2025-08-22 11:08:14,366 - INFO - composites.py:244 - Searching for GRI REFINED scenes:
2025-08-22 11:08:32,429 - INFO - sentinel2.py:78 - 1/18 - S2A_MSIL2A_20200729T090601_R050_T35SKC_20200817T235715 -> Not Found
2025-08-22 11:08:38,767 - INFO - sentinel2.py:78 - 2/18 - S2A_MSIL2A_20200729T090601_R050_T34SGH_20200908T173030 -> Not Found
2025-08-22 11:08:44,236 - INFO - sentinel2.py:78 - 3/18 - S2B_MSIL2A_20200727T092029_R093_T34SFH_20200817T190504 -> Not Found
2025-08-22 11:08:48,970 - INFO - sentinel2.py:78 - 4/18 - S2B_MSIL2A_20200724T090559_R050_T35SKC_20200919T044500 -> Not Found
2025-08-22 11:08:54,895 - INFO - sentinel2.py:78 - 5/18 - S2B_MSIL2A_20200724T090559_R050_T34SGH_20200817T095627 -> Not Found
2025-08-22 11:08:59,609 - INFO - sentinel2.py:78 - 6/18 - S2A_MSIL2A_20200722T092031_R093_T34SFH_20200817T022443 -> Not Found
2025-08-22 11:09:05,436 - INFO - sentinel2.py:78 - 7/18 - S2A_MSIL2A_20200719T090601_R050_T35SKC_20200816T171227 -> Not Found
2025-08-22 11:09:10,356 - INFO - sentinel2.py:78 - 8/18 - S2A_MSIL2A_20200719T090601_R050_T34SGH_20200816T171217 -> Not Found
2025-08-22 11:09:14,961 - INFO - sentinel2.py:78 - 9/18 - S2B_MSIL2A_20200717T092029_R093_T34SFH_20200816T124331 -> Not Found
2025-08-22 11:09:20,319 - INFO - sentinel2.py:78 - 10/18 - S2B_MSIL2A_20200714T090559_R050_T35SKC_20200913T045744 -> Not Found
2025-08-22 11:09:25,176 - INFO - sentinel2.py:78 - 11/18 - S2B_MSIL2A_20200714T090559_R050_T34SGH_20200913T045729 -> Not Found
2025-08-22 11:09:30,500 - INFO - sentinel2.py:78 - 12/18 - S2A_MSIL2A_20200712T092031_R093_T34SFH_20200912T221249 -> Not Found
2025-08-22 11:09:35,773 - INFO - sentinel2.py:78 - 13/18 - S2A_MSIL2A_20200709T090601_R050_T35SKC_20200912T135018 -> Not Found
2025-08-22 11:09:41,231 - INFO - sentinel2.py:78 - 14/18 - S2A_MSIL2A_20200709T090601_R050_T34SGH_20200919T033203 -> Not Found
2025-08-22 11:09:46,512 - INFO - sentinel2.py:78 - 15/18 - S2B_MSIL2A_20200707T092029_R093_T34SFH_20200912T092025 -> Not Found
2025-08-22 11:09:51,619 - INFO - sentinel2.py:78 - 16/18 - S2B_MSIL2A_20200704T090559_R050_T35SKC_20200825T052356 -> Not Found
2025-08-22 11:09:57,378 - INFO - sentinel2.py:78 - 17/18 - S2B_MSIL2A_20200704T090559_R050_T34SGH_20200825T052339 -> Not Found
2025-08-22 11:10:02,785 - INFO - sentinel2.py:78 - 18/18 - S2A_MSIL2A_20200702T092031_R093_T34SFH_20200824T221407 -> Not Found
2025-08-22 11:10:02,824 - INFO - composites.py:247 -                                  
2025-08-22 11:10:02,825 - INFO - composites.py:248 - 0/18 were refined by GRI.
2025-08-22 11:10:02,825 - WARNING - composites.py:252 - Tile x11_y11 | Time: 2020-07: All scenes are flagged NOT REFINED.
2025-08-22 11:10:02,825 - WARNING - composites.py:253 - Tile x11_y11 | Time: 2020-07: The composite will be flagged with _NOREFINED.
2025-08-22 11:10:02,825 - INFO - composites.py:260 - Looking for up to 10 cleanest images within spatiotemporal range of each MGRS tile
2025-08-22 11:10:02,826 - INFO - composites.py:274 - Filtered cleanest scenes: Kept 18 out of 18 items. 
2025-08-22 11:10:02,826 - INFO - composites.py:275 -         Included MGRS Tiles: ['34SFH' '34SGH' '35SKC']
2025-08-22 11:10:02,838 - INFO - composites.py:276 -         Included EPSG codes: [32634 32635]
2025-08-22 11:10:02,838 - INFO - composites.py:278 - Selected scenes:
2025-08-22 11:10:02,843 - INFO - composites.py:280 -         S2A_MSIL2A_20200712T092031_R093_T34SFH_20200912T221249
2025-08-22 11:10:02,849 - INFO - composites.py:280 -         S2A_MSIL2A_20200702T092031_R093_T34SFH_20200824T221407
2025-08-22 11:10:02,849 - INFO - composites.py:280 -         S2B_MSIL2A_20200727T092029_R093_T34SFH_20200817T190504
2025-08-22 11:10:02,849 - INFO - composites.py:280 -         S2A_MSIL2A_20200722T092031_R093_T34SFH_20200817T022443
2025-08-22 11:10:02,849 - INFO - composites.py:280 -         S2B_MSIL2A_20200717T092029_R093_T34SFH_20200816T124331
2025-08-22 11:10:02,849 - INFO - composites.py:280 -         S2B_MSIL2A_20200707T092029_R093_T34SFH_20200912T092025
2025-08-22 11:10:02,849 - INFO - composites.py:280 -         S2A_MSIL2A_20200729T090601_R050_T34SGH_20200908T173030
2025-08-22 11:10:02,849 - INFO - composites.py:280 -         S2B_MSIL2A_20200704T090559_R050_T34SGH_20200825T052339
2025-08-22 11:10:02,849 - INFO - composites.py:280 -         S2B_MSIL2A_20200724T090559_R050_T34SGH_20200817T095627
2025-08-22 11:10:02,849 - INFO - composites.py:280 -         S2A_MSIL2A_20200719T090601_R050_T34SGH_20200816T171217
2025-08-22 11:10:02,850 - INFO - composites.py:280 -         S2A_MSIL2A_20200709T090601_R050_T34SGH_20200919T033203
2025-08-22 11:10:02,850 - INFO - composites.py:280 -         S2B_MSIL2A_20200714T090559_R050_T34SGH_20200913T045729
2025-08-22 11:10:02,850 - INFO - composites.py:280 -         S2A_MSIL2A_20200729T090601_R050_T35SKC_20200817T235715
2025-08-22 11:10:02,850 - INFO - composites.py:280 -         S2B_MSIL2A_20200704T090559_R050_T35SKC_20200825T052356
2025-08-22 11:10:02,850 - INFO - composites.py:280 -         S2B_MSIL2A_20200724T090559_R050_T35SKC_20200919T044500
2025-08-22 11:10:02,850 - INFO - composites.py:280 -         S2A_MSIL2A_20200719T090601_R050_T35SKC_20200816T171227
2025-08-22 11:10:02,850 - INFO - composites.py:280 -         S2A_MSIL2A_20200709T090601_R050_T35SKC_20200912T135018
2025-08-22 11:10:02,850 - INFO - composites.py:280 -         S2B_MSIL2A_20200714T090559_R050_T35SKC_20200913T045744
2025-08-22 11:10:03,234 - INFO - sentinel2.py:154 - Matplotlib backend: Agg
2025-08-22 11:10:03,533 - INFO - sentinel2.py:224 - Write input scenes footprint overlay: //nas-rs.topo.auth.gr/Latomeia/DROUGHT/COMPOS/2020/07/x11_y11/S2L2A_medcomp_x11_y11_202007_InDataFootprint.jpeg
2025-08-22 11:10:03,707 - INFO - composites.py:294 -                                  
2025-08-22 11:10:03,707 - INFO - composites.py:295 - Downstream STAC items from Planetary Computer
2025-08-22 11:10:03,707 - INFO - timeseries_processing.py:115 -                                  
2025-08-22 11:10:03,707 - INFO - timeseries_processing.py:116 - Loading bands of diferent resolutions in EPSG:32634
2025-08-22 11:10:03,707 - INFO - timeseries_processing.py:120 -     Filtering items with native UTM EPSG:32634
2025-08-22 11:10:03,707 - INFO - timeseries_processing.py:122 -     12 Items in EPSG:32634
2025-08-22 11:10:03,707 - INFO - timeseries_processing.py:129 -                        
2025-08-22 11:10:03,707 - INFO - timeseries_processing.py:130 -     Loading parameters:
2025-08-22 11:10:03,707 - INFO - timeseries_processing.py:131 -         Bands: ['B05', 'B07', 'B8A', 'SCL']
2025-08-22 11:10:03,707 - INFO - timeseries_processing.py:132 -         Spatial resolution: 20
2025-08-22 11:10:03,707 - INFO - timeseries_processing.py:134 -         Get Assets from STAC Items
2025-08-22 11:10:03,707 - INFO - timeseries_processing.py:47 -         Initialize the STAC client
2025-08-22 11:10:04,225 - INFO - timeseries_processing.py:137 -         Loading 12 STAC Items....
2025-08-22 11:11:11,470 - INFO - timeseries_processing.py:146 -         Cube has been downloaded
2025-08-22 11:11:11,470 - INFO - timeseries_processing.py:156 -         Fix order of dimensions
2025-08-22 11:11:11,472 - INFO - timeseries_processing.py:161 -         Append bands to the band-list of EPSG:32634
2025-08-22 11:11:11,472 - INFO - timeseries_processing.py:129 -                        
2025-08-22 11:11:11,474 - INFO - timeseries_processing.py:130 -     Loading parameters:
2025-08-22 11:11:11,478 - INFO - timeseries_processing.py:131 -         Bands: ['B02', 'B03', 'B04']
2025-08-22 11:11:11,478 - INFO - timeseries_processing.py:132 -         Spatial resolution: 10
2025-08-22 11:11:11,479 - INFO - timeseries_processing.py:134 -         Get Assets from STAC Items
2025-08-22 11:11:11,479 - INFO - timeseries_processing.py:47 -         Initialize the STAC client
2025-08-22 11:11:12,020 - INFO - timeseries_processing.py:137 -         Loading 12 STAC Items....
2025-08-22 11:13:45,931 - INFO - timeseries_processing.py:146 -         Cube has been downloaded
2025-08-22 11:13:45,932 - INFO - timeseries_processing.py:149 -         Reproject to downsample 10m bands to 20m by Resampling.average 2x2 binning and shape matching with odc.geo.GeoBox
2025-08-22 11:14:03,623 - INFO - timeseries_processing.py:161 -         Append bands to the band-list of EPSG:32634
2025-08-22 11:14:03,624 - INFO - timeseries_processing.py:165 -                        
2025-08-22 11:14:03,624 - INFO - timeseries_processing.py:166 -     Merging bands in a single dataset
2025-08-22 11:14:03,624 - INFO - timeseries_processing.py:167 -     Ensure all partial datasets are at (x=20, y=-20) resolution
2025-08-22 11:14:03,625 - INFO - timeseries_processing.py:171 -     Clip to the intersection of indexes
2025-08-22 11:14:04,630 - INFO - timeseries_processing.py:180 -     Make a list of bands to merge
2025-08-22 11:14:04,631 - INFO - timeseries_processing.py:184 -     Merge on intersection
2025-08-22 11:14:04,632 - INFO - timeseries_processing.py:192 -     Apply masks on clouds, shadows, thin cirrus, and snow/ice
2025-08-22 11:14:04,632 - INFO - sentinel2.py:122 -                Masking bits: [3, 7, 8, 9, 10, 11]
2025-08-22 11:14:06,237 - INFO - timeseries_processing.py:115 -                                  
2025-08-22 11:14:06,237 - INFO - timeseries_processing.py:116 - Loading bands of diferent resolutions in EPSG:32635
2025-08-22 11:14:06,237 - INFO - timeseries_processing.py:120 -     Filtering items with native UTM EPSG:32635
2025-08-22 11:14:06,238 - INFO - timeseries_processing.py:122 -     6 Items in EPSG:32635
2025-08-22 11:14:06,238 - INFO - timeseries_processing.py:129 -                        
2025-08-22 11:14:06,238 - INFO - timeseries_processing.py:130 -     Loading parameters:
2025-08-22 11:14:06,238 - INFO - timeseries_processing.py:131 -         Bands: ['B05', 'B07', 'B8A', 'SCL']
2025-08-22 11:14:06,238 - INFO - timeseries_processing.py:132 -         Spatial resolution: 20
2025-08-22 11:14:06,238 - INFO - timeseries_processing.py:134 -         Get Assets from STAC Items
2025-08-22 11:14:06,239 - INFO - timeseries_processing.py:47 -         Initialize the STAC client
2025-08-22 11:14:06,742 - INFO - timeseries_processing.py:137 -         Loading 6 STAC Items....
2025-08-22 11:14:28,211 - INFO - timeseries_processing.py:146 -         Cube has been downloaded
2025-08-22 11:14:28,211 - INFO - timeseries_processing.py:156 -         Fix order of dimensions
2025-08-22 11:14:28,211 - INFO - timeseries_processing.py:161 -         Append bands to the band-list of EPSG:32635
2025-08-22 11:14:28,211 - INFO - timeseries_processing.py:129 -                        
2025-08-22 11:14:28,213 - INFO - timeseries_processing.py:130 -     Loading parameters:
2025-08-22 11:14:28,213 - INFO - timeseries_processing.py:131 -         Bands: ['B02', 'B03', 'B04']
2025-08-22 11:14:28,213 - INFO - timeseries_processing.py:132 -         Spatial resolution: 10
2025-08-22 11:14:28,216 - INFO - timeseries_processing.py:134 -         Get Assets from STAC Items
2025-08-22 11:14:28,216 - INFO - timeseries_processing.py:47 -         Initialize the STAC client
2025-08-22 11:14:28,696 - INFO - timeseries_processing.py:137 -         Loading 6 STAC Items....
2025-08-22 11:15:16,786 - INFO - timeseries_processing.py:146 -         Cube has been downloaded
2025-08-22 11:15:16,786 - INFO - timeseries_processing.py:149 -         Reproject to downsample 10m bands to 20m by Resampling.average 2x2 binning and shape matching with odc.geo.GeoBox
2025-08-22 11:15:24,699 - INFO - timeseries_processing.py:161 -         Append bands to the band-list of EPSG:32635
2025-08-22 11:15:24,700 - INFO - timeseries_processing.py:165 -                        
2025-08-22 11:15:24,700 - INFO - timeseries_processing.py:166 -     Merging bands in a single dataset
2025-08-22 11:15:24,700 - INFO - timeseries_processing.py:167 -     Ensure all partial datasets are at (x=20, y=-20) resolution
2025-08-22 11:15:24,700 - INFO - timeseries_processing.py:171 -     Clip to the intersection of indexes
2025-08-22 11:15:24,701 - INFO - timeseries_processing.py:180 -     Make a list of bands to merge
2025-08-22 11:15:24,702 - INFO - timeseries_processing.py:184 -     Merge on intersection
2025-08-22 11:15:24,702 - INFO - timeseries_processing.py:192 -     Apply masks on clouds, shadows, thin cirrus, and snow/ice
2025-08-22 11:15:24,702 - INFO - sentinel2.py:122 -                Masking bits: [3, 7, 8, 9, 10, 11]
2025-08-22 11:15:25,518 - INFO - composites.py:304 - Reproject from UTM Zone to Tile geometry -> CRS(EPSG:32635), Resampling.bilinear
2025-08-22 11:15:38,345 - INFO - composites.py:307 -     New shape of datasets: Shape2d(x=2400, y=2400)
2025-08-22 11:15:38,712 - INFO - composites.py:312 -                           
2025-08-22 11:15:38,713 - INFO - composites.py:313 - Mosaic datasets to a single dataset
2025-08-22 11:15:48,986 - INFO - composites.py:339 - Creating preview plot of input scenes
2025-08-22 11:16:26,826 - INFO - timeseries_processing.py:349 - Saved preview for 'B04' to //nas-rs.topo.auth.gr/Latomeia/DROUGHT/COMPOS/2020/07/x11_y11/S2L2A_medcomp_x11_y11_202007_InDataPreview.jpeg
2025-08-22 11:16:26,836 - INFO - composites.py:345 - Clip value range
2025-08-22 11:16:29,304 - INFO - composites.py:350 -                           
2025-08-22 11:16:29,315 - INFO - composites.py:351 - Computing spectral indices:
2025-08-22 11:16:29,315 - INFO - composites.py:354 -     EVI...
2025-08-22 11:16:30,838 - INFO - composites.py:356 -     NDVI...
2025-08-22 11:16:31,183 - INFO - composites.py:358 -     PSRI2...
2025-08-22 11:16:31,717 - INFO - composites.py:361 - Clip to typical value range
2025-08-22 11:16:32,250 - INFO - composites.py:368 - Reducing to median value temporal composite
2025-08-22 11:17:03,205 - INFO - composites.py:387 - Define data types and nodata per band
2025-08-22 11:17:03,341 - INFO - composites.py:408 - Assign time range and tile ID in metadata
2025-08-22 11:17:03,342 - INFO - composites.py:416 - Write bands to raster COG files
2025-08-22 11:17:07,472 - INFO - composites.py:429 - Write B02 -> //nas-rs.topo.auth.gr/Latomeia/DROUGHT/COMPOS/2020/07/x11_y11/S2L2A_medcomp_x11_y11_202007_B02.tif
2025-08-22 11:17:11,984 - INFO - composites.py:429 - Write B03 -> //nas-rs.topo.auth.gr/Latomeia/DROUGHT/COMPOS/2020/07/x11_y11/S2L2A_medcomp_x11_y11_202007_B03.tif
2025-08-22 11:17:16,193 - INFO - composites.py:429 - Write B04 -> //nas-rs.topo.auth.gr/Latomeia/DROUGHT/COMPOS/2020/07/x11_y11/S2L2A_medcomp_x11_y11_202007_B04.tif
2025-08-22 11:17:20,498 - INFO - composites.py:429 - Write B05 -> //nas-rs.topo.auth.gr/Latomeia/DROUGHT/COMPOS/2020/07/x11_y11/S2L2A_medcomp_x11_y11_202007_B05.tif
2025-08-22 11:17:24,471 - INFO - composites.py:429 - Write B07 -> //nas-rs.topo.auth.gr/Latomeia/DROUGHT/COMPOS/2020/07/x11_y11/S2L2A_medcomp_x11_y11_202007_B07.tif
2025-08-22 11:17:28,600 - INFO - composites.py:429 - Write B8A -> //nas-rs.topo.auth.gr/Latomeia/DROUGHT/COMPOS/2020/07/x11_y11/S2L2A_medcomp_x11_y11_202007_B8A.tif
2025-08-22 11:17:32,568 - INFO - composites.py:429 - Write EVI -> //nas-rs.topo.auth.gr/Latomeia/DROUGHT/COMPOS/2020/07/x11_y11/S2L2A_medcomp_x11_y11_202007_evi.tif
2025-08-22 11:17:36,422 - INFO - composites.py:429 - Write NDVI -> //nas-rs.topo.auth.gr/Latomeia/DROUGHT/COMPOS/2020/07/x11_y11/S2L2A_medcomp_x11_y11_202007_ndvi.tif
2025-08-22 11:17:41,108 - INFO - composites.py:429 - Write PSRI2 -> //nas-rs.topo.auth.gr/Latomeia/DROUGHT/COMPOS/2020/07/x11_y11/S2L2A_medcomp_x11_y11_202007_psri2.tif
2025-08-22 11:17:41,124 - INFO - composites.py:433 - Prepare metadata YAML document
2025-08-22 11:17:42,025 - INFO - composites.py:454 - Write metadata YAML document to disk
2025-08-22 11:17:42,085 - INFO - composites.py:459 - Create datacube.model.Dataset from eo3 metadata
2025-08-22 11:17:42,095 - INFO - composites.py:470 - Index to datacube
2025-08-22 11:17:42,096 - INFO - _datasets.py:191 - Indexing bcafdada-5504-47d2-98a5-f04d0f8b812e
2025-08-22 11:17:42,107 - INFO - composites.py:473 - 
2025-08-22 11:17:42,107 - INFO - composites.py:474 -              ✔✔✔ COMPLETED: Tile x11_y11 | Time: 2020-07 | In 9.58 minutes
2025-08-22 11:17:42,107 - INFO - composites.py:475 - 
2025-08-22 11:17:42,107 - INFO - composites.py:483 - Closing Dask client
2025-08-22 11:17:42,109 - INFO - composites.py:487 - Closing Dask cluster
2025-08-22 11:17:42,109 - INFO - composites.py:488 - #######################################################################
