2025-08-25 06:41:33,559 - INFO - composites.py:102 - #######################################################################
2025-08-25 06:41:33,560 - INFO - composites.py:104 - Processing started
2025-08-25 06:41:33,560 - INFO - composites.py:105 -         Tile: x09_y08
2025-08-25 06:41:33,560 - INFO - composites.py:106 -         Time: 2020-05
2025-08-25 06:41:33,560 - INFO - composites.py:109 -                           
2025-08-25 06:41:33,560 - INFO - composites.py:110 - Establishing connection to datacube
2025-08-25 06:41:34,071 - INFO - composites.py:113 -                           
2025-08-25 06:41:34,074 - INFO - composites.py:114 - Sanity test: Check if dataset already exists in the datacube
2025-08-25 06:41:34,090 - INFO - composites.py:133 - The composite requested was not found and it will be computed
2025-08-25 06:41:34,090 - INFO - composites.py:136 -                                  
2025-08-25 06:41:34,090 - INFO - composites.py:137 - Initializing Dask cluster for parallelization
2025-08-25 06:41:38,943 - INFO - composites.py:161 - Dask dashboard is available at: http://127.0.0.1:8787/status
2025-08-25 06:41:38,943 - INFO - composites.py:164 - Create directories and naming conversions
2025-08-25 06:41:38,951 - INFO - composites.py:175 - Dataset location: //nas-rs.topo.auth.gr/Latomeia/DROUGHT/COMPOS/2020/05/x09_y08
2025-08-25 06:41:38,951 - INFO - composites.py:178 -                           
2025-08-25 06:41:38,951 - INFO - composites.py:179 - Retrieve tile geometry
2025-08-25 06:41:38,980 - INFO - composites.py:190 - Create the Bounding Box (φ,λ)
2025-08-25 06:41:38,980 - INFO - composites.py:196 - Create the Bounding Box (x,y)
2025-08-25 06:41:38,980 - INFO - composites.py:209 -                           
2025-08-25 06:41:38,980 - INFO - composites.py:210 - Connect to Planetary Computer STAC Catalog
2025-08-25 06:41:39,284 - INFO - composites.py:218 - Search the STAC Catalog
2025-08-25 06:41:39,356 - INFO - composites.py:230 -         Query parameters:
2025-08-25 06:41:39,356 - INFO - composites.py:231 -             url:          https://planetarycomputer.microsoft.com/api/stac/v1/search
2025-08-25 06:41:39,356 - INFO - composites.py:232 -             client:       microsoft-pc
2025-08-25 06:41:39,356 - INFO - composites.py:233 -             collection:   sentinel-2-l2a
2025-08-25 06:41:39,356 - INFO - composites.py:234 -             bbox:         (21.78584004803282, 36.93347873319104, 22.44323109883715, 37.48202094723898)
2025-08-25 06:41:39,356 - INFO - composites.py:235 -             time range:   2020-05-01T00:00:00Z/2020-05-31T23:59:59Z
2025-08-25 06:41:39,357 - INFO - composites.py:236 -             cloud cover:  0% - 70%
2025-08-25 06:41:39,357 - INFO - composites.py:237 -             nodata cover: 0% - 33%
2025-08-25 06:41:39,357 - INFO - composites.py:239 -                           
2025-08-25 06:41:39,357 - INFO - composites.py:240 - Searching...
2025-08-25 06:41:39,851 - INFO - composites.py:243 - Query found 31 items
2025-08-25 06:41:39,851 - INFO - composites.py:245 - Searching for GRI REFINED scenes:
2025-08-25 06:41:45,949 - INFO - sentinel2.py:78 - 1/31 - S2A_MSIL2A_20200530T090601_R050_T34SFG_20200911T120336 -> Not Found
2025-08-25 06:41:51,496 - INFO - sentinel2.py:78 - 2/31 - S2A_MSIL2A_20200530T090601_R050_T34SFF_20200911T120341 -> Not Found
2025-08-25 06:41:56,406 - INFO - sentinel2.py:78 - 3/31 - S2B_MSIL2A_20200528T092029_R093_T34SFG_20200911T074408 -> Not Found
2025-08-25 06:42:02,374 - INFO - sentinel2.py:78 - 4/31 - S2B_MSIL2A_20200528T092029_R093_T34SFF_20200911T074407 -> Not Found
2025-08-25 06:42:08,211 - INFO - sentinel2.py:78 - 5/31 - S2B_MSIL2A_20200528T092029_R093_T34SEG_20200911T074411 -> Not Found
2025-08-25 06:42:14,201 - INFO - sentinel2.py:78 - 6/31 - S2B_MSIL2A_20200528T092029_R093_T34SEF_20200911T074406 -> Not Found
2025-08-25 06:42:20,322 - INFO - sentinel2.py:78 - 7/31 - S2B_MSIL2A_20200525T090559_R050_T34SFG_20200910T231842 -> Not Found
2025-08-25 06:42:26,269 - INFO - sentinel2.py:78 - 8/31 - S2B_MSIL2A_20200525T090559_R050_T34SFF_20200910T231836 -> Not Found
2025-08-25 06:42:31,202 - INFO - sentinel2.py:78 - 9/31 - S2A_MSIL2A_20200523T092031_R093_T34SFG_20200910T161220 -> Not Found
2025-08-25 06:42:37,491 - INFO - sentinel2.py:78 - 10/31 - S2A_MSIL2A_20200523T092031_R093_T34SFF_20200910T161142 -> Not Found
2025-08-25 06:42:43,238 - INFO - sentinel2.py:78 - 11/31 - S2A_MSIL2A_20200523T092031_R093_T34SEG_20200910T161139 -> Not Found
2025-08-25 06:42:48,213 - INFO - sentinel2.py:78 - 12/31 - S2A_MSIL2A_20200523T092031_R093_T34SEF_20200910T161138 -> Not Found
2025-08-25 06:42:53,800 - INFO - sentinel2.py:78 - 13/31 - S2A_MSIL2A_20200520T090601_R050_T34SFG_20200910T074202 -> Not Found
2025-08-25 06:43:00,441 - INFO - sentinel2.py:78 - 14/31 - S2A_MSIL2A_20200520T090601_R050_T34SFF_20200910T074202 -> Not Found
2025-08-25 06:43:06,929 - INFO - sentinel2.py:78 - 15/31 - S2B_MSIL2A_20200518T092029_R093_T34SFG_20200910T033457 -> Not Found
2025-08-25 06:43:12,593 - INFO - sentinel2.py:78 - 16/31 - S2B_MSIL2A_20200518T092029_R093_T34SFF_20200910T033452 -> Not Found
2025-08-25 06:43:17,947 - INFO - sentinel2.py:78 - 17/31 - S2B_MSIL2A_20200518T092029_R093_T34SEG_20200910T033457 -> Not Found
2025-08-25 06:43:22,849 - INFO - sentinel2.py:78 - 18/31 - S2B_MSIL2A_20200518T092029_R093_T34SEF_20201027T071127 -> Not Found
2025-08-25 06:43:29,006 - INFO - sentinel2.py:78 - 19/31 - S2B_MSIL2A_20200515T090559_R050_T34SFG_20200918T082413 -> Not Found
2025-08-25 06:43:34,605 - INFO - sentinel2.py:78 - 20/31 - S2B_MSIL2A_20200515T090559_R050_T34SFF_20200918T082413 -> Not Found
2025-08-25 06:43:39,528 - INFO - sentinel2.py:78 - 21/31 - S2A_MSIL2A_20200513T092031_R093_T34SFG_20200918T002820 -> Not Found
2025-08-25 06:43:44,691 - INFO - sentinel2.py:78 - 22/31 - S2A_MSIL2A_20200513T092031_R093_T34SFF_20200918T002812 -> Not Found
2025-08-25 06:43:51,843 - INFO - sentinel2.py:78 - 23/31 - S2A_MSIL2A_20200513T092031_R093_T34SEG_20200918T002814 -> Not Found
2025-08-25 06:43:57,214 - INFO - sentinel2.py:78 - 24/31 - S2A_MSIL2A_20200513T092031_R093_T34SEF_20200918T002813 -> Not Found
2025-08-25 06:44:02,934 - INFO - sentinel2.py:78 - 25/31 - S2B_MSIL2A_20200508T092029_R093_T34SFG_20200921T013442 -> Not Found
2025-08-25 06:44:08,123 - INFO - sentinel2.py:78 - 26/31 - S2B_MSIL2A_20200508T092029_R093_T34SFF_20200921T013437 -> Not Found
2025-08-25 06:44:14,169 - INFO - sentinel2.py:78 - 27/31 - S2B_MSIL2A_20200508T092029_R093_T34SEG_20200921T013431 -> Not Found
2025-08-25 06:44:19,104 - INFO - sentinel2.py:78 - 28/31 - S2B_MSIL2A_20200508T092029_R093_T34SEF_20200921T013429 -> Not Found
2025-08-25 06:44:24,557 - INFO - sentinel2.py:78 - 29/31 - S2B_MSIL2A_20200505T090549_R050_T34SFG_20200920T154652 -> Not Found
2025-08-25 06:44:30,128 - INFO - sentinel2.py:78 - 30/31 - S2B_MSIL2A_20200505T090549_R050_T34SFF_20200920T154647 -> Not Found
2025-08-25 06:44:35,166 - INFO - sentinel2.py:78 - 31/31 - S2A_MSIL2A_20200503T092031_R093_T34SFG_20200920T073233 -> Not Found
2025-08-25 06:44:35,204 - INFO - composites.py:248 -                                  
2025-08-25 06:44:35,205 - INFO - composites.py:249 - 0/31 were refined by GRI.
2025-08-25 06:44:35,206 - WARNING - composites.py:253 - Tile x09_y08 | Time: 2020-05: All scenes are flagged NOT REFINED.
2025-08-25 06:44:35,206 - WARNING - composites.py:254 - Tile x09_y08 | Time: 2020-05: The composite will be flagged with _NOREFINED.
2025-08-25 06:44:35,206 - INFO - composites.py:261 - Looking for up to 10 cleanest images within spatiotemporal range of each MGRS tile
2025-08-25 06:44:35,206 - INFO - composites.py:275 - Filtered cleanest scenes: Kept 30 out of 31 items. 
2025-08-25 06:44:35,206 - INFO - composites.py:276 -         Included MGRS Tiles: ['34SEF' '34SEG' '34SFF' '34SFG']
2025-08-25 06:44:35,212 - INFO - composites.py:277 -         Included EPSG codes: [32634]
2025-08-25 06:44:35,212 - INFO - composites.py:279 - Selected scenes:
2025-08-25 06:44:35,212 - INFO - composites.py:281 -         S2B_MSIL2A_20200518T092029_R093_T34SEF_20201027T071127
2025-08-25 06:44:35,212 - INFO - composites.py:281 -         S2B_MSIL2A_20200508T092029_R093_T34SEF_20200921T013429
2025-08-25 06:44:35,213 - INFO - composites.py:281 -         S2A_MSIL2A_20200513T092031_R093_T34SEF_20200918T002813
2025-08-25 06:44:35,213 - INFO - composites.py:281 -         S2A_MSIL2A_20200523T092031_R093_T34SEF_20200910T161138
2025-08-25 06:44:35,213 - INFO - composites.py:281 -         S2B_MSIL2A_20200528T092029_R093_T34SEF_20200911T074406
2025-08-25 06:44:35,213 - INFO - composites.py:281 -         S2B_MSIL2A_20200508T092029_R093_T34SEG_20200921T013431
2025-08-25 06:44:35,213 - INFO - composites.py:281 -         S2A_MSIL2A_20200513T092031_R093_T34SEG_20200918T002814
2025-08-25 06:44:35,213 - INFO - composites.py:281 -         S2B_MSIL2A_20200518T092029_R093_T34SEG_20200910T033457
2025-08-25 06:44:35,213 - INFO - composites.py:281 -         S2A_MSIL2A_20200523T092031_R093_T34SEG_20200910T161139
2025-08-25 06:44:35,213 - INFO - composites.py:281 -         S2B_MSIL2A_20200528T092029_R093_T34SEG_20200911T074411
2025-08-25 06:44:35,213 - INFO - composites.py:281 -         S2B_MSIL2A_20200508T092029_R093_T34SFF_20200921T013437
2025-08-25 06:44:35,213 - INFO - composites.py:281 -         S2B_MSIL2A_20200505T090549_R050_T34SFF_20200920T154647
2025-08-25 06:44:35,213 - INFO - composites.py:281 -         S2B_MSIL2A_20200515T090559_R050_T34SFF_20200918T082413
2025-08-25 06:44:35,213 - INFO - composites.py:281 -         S2B_MSIL2A_20200525T090559_R050_T34SFF_20200910T231836
2025-08-25 06:44:35,213 - INFO - composites.py:281 -         S2A_MSIL2A_20200520T090601_R050_T34SFF_20200910T074202
2025-08-25 06:44:35,213 - INFO - composites.py:281 -         S2B_MSIL2A_20200518T092029_R093_T34SFF_20200910T033452
2025-08-25 06:44:35,213 - INFO - composites.py:281 -         S2A_MSIL2A_20200513T092031_R093_T34SFF_20200918T002812
2025-08-25 06:44:35,213 - INFO - composites.py:281 -         S2A_MSIL2A_20200530T090601_R050_T34SFF_20200911T120341
2025-08-25 06:44:35,213 - INFO - composites.py:281 -         S2A_MSIL2A_20200523T092031_R093_T34SFF_20200910T161142
2025-08-25 06:44:35,213 - INFO - composites.py:281 -         S2B_MSIL2A_20200528T092029_R093_T34SFF_20200911T074407
2025-08-25 06:44:35,213 - INFO - composites.py:281 -         S2B_MSIL2A_20200508T092029_R093_T34SFG_20200921T013442
2025-08-25 06:44:35,213 - INFO - composites.py:281 -         S2B_MSIL2A_20200505T090549_R050_T34SFG_20200920T154652
2025-08-25 06:44:35,213 - INFO - composites.py:281 -         S2B_MSIL2A_20200515T090559_R050_T34SFG_20200918T082413
2025-08-25 06:44:35,213 - INFO - composites.py:281 -         S2A_MSIL2A_20200513T092031_R093_T34SFG_20200918T002820
2025-08-25 06:44:35,213 - INFO - composites.py:281 -         S2B_MSIL2A_20200518T092029_R093_T34SFG_20200910T033457
2025-08-25 06:44:35,213 - INFO - composites.py:281 -         S2A_MSIL2A_20200520T090601_R050_T34SFG_20200910T074202
2025-08-25 06:44:35,213 - INFO - composites.py:281 -         S2A_MSIL2A_20200530T090601_R050_T34SFG_20200911T120336
2025-08-25 06:44:35,213 - INFO - composites.py:281 -         S2A_MSIL2A_20200523T092031_R093_T34SFG_20200910T161220
2025-08-25 06:44:35,213 - INFO - composites.py:281 -         S2B_MSIL2A_20200525T090559_R050_T34SFG_20200910T231842
2025-08-25 06:44:35,214 - INFO - composites.py:281 -         S2B_MSIL2A_20200528T092029_R093_T34SFG_20200911T074408
2025-08-25 06:44:35,668 - INFO - sentinel2.py:154 - Matplotlib backend: Agg
2025-08-25 06:44:35,912 - INFO - sentinel2.py:224 - Write input scenes footprint overlay: //nas-rs.topo.auth.gr/Latomeia/DROUGHT/COMPOS/2020/05/x09_y08/S2L2A_medcomp_x09_y08_202005_InDataFootprint.jpeg
2025-08-25 06:44:36,191 - INFO - composites.py:295 -                                  
2025-08-25 06:44:36,192 - INFO - composites.py:296 - Downstream STAC items from Planetary Computer
2025-08-25 06:44:36,192 - INFO - timeseries_processing.py:115 -                                  
2025-08-25 06:44:36,192 - INFO - timeseries_processing.py:116 - Loading bands of diferent resolutions in EPSG:32634
2025-08-25 06:44:36,192 - INFO - timeseries_processing.py:120 -     Filtering items with native UTM EPSG:32634
2025-08-25 06:44:36,192 - INFO - timeseries_processing.py:122 -     30 Items in EPSG:32634
2025-08-25 06:44:36,192 - INFO - timeseries_processing.py:129 -                        
2025-08-25 06:44:36,192 - INFO - timeseries_processing.py:130 -     Loading parameters:
2025-08-25 06:44:36,192 - INFO - timeseries_processing.py:131 -         Bands: ['B05', 'B07', 'B8A', 'SCL']
2025-08-25 06:44:36,192 - INFO - timeseries_processing.py:132 -         Spatial resolution: 20
2025-08-25 06:44:36,192 - INFO - timeseries_processing.py:134 -         Get Assets from STAC Items
2025-08-25 06:44:36,193 - INFO - timeseries_processing.py:47 -         Initialize the STAC client
2025-08-25 06:44:36,867 - INFO - timeseries_processing.py:137 -         Loading 30 STAC Items....
2025-08-25 06:45:49,710 - INFO - timeseries_processing.py:146 -         Cube has been downloaded
2025-08-25 06:45:49,710 - INFO - timeseries_processing.py:156 -         Fix order of dimensions
2025-08-25 06:45:49,711 - INFO - timeseries_processing.py:161 -         Append bands to the band-list of EPSG:32634
2025-08-25 06:45:49,711 - INFO - timeseries_processing.py:129 -                        
2025-08-25 06:45:49,713 - INFO - timeseries_processing.py:130 -     Loading parameters:
2025-08-25 06:45:49,713 - INFO - timeseries_processing.py:131 -         Bands: ['B02', 'B03', 'B04']
2025-08-25 06:45:49,713 - INFO - timeseries_processing.py:132 -         Spatial resolution: 10
2025-08-25 06:45:49,713 - INFO - timeseries_processing.py:134 -         Get Assets from STAC Items
2025-08-25 06:45:49,714 - INFO - timeseries_processing.py:47 -         Initialize the STAC client
2025-08-25 06:45:50,373 - INFO - timeseries_processing.py:137 -         Loading 30 STAC Items....
2025-08-25 06:50:00,985 - INFO - timeseries_processing.py:146 -         Cube has been downloaded
2025-08-25 06:50:00,985 - INFO - timeseries_processing.py:149 -         Reproject to downsample 10m bands to 20m by Resampling.average 2x2 binning and shape matching with odc.geo.GeoBox
2025-08-25 06:50:15,577 - INFO - timeseries_processing.py:161 -         Append bands to the band-list of EPSG:32634
2025-08-25 06:50:15,577 - INFO - timeseries_processing.py:165 -                        
2025-08-25 06:50:15,577 - INFO - timeseries_processing.py:166 -     Merging bands in a single dataset
2025-08-25 06:50:15,577 - INFO - timeseries_processing.py:167 -     Ensure all partial datasets are at (x=20, y=-20) resolution
2025-08-25 06:50:15,578 - INFO - timeseries_processing.py:171 -     Clip to the intersection of indexes
2025-08-25 06:50:17,030 - INFO - timeseries_processing.py:180 -     Make a list of bands to merge
2025-08-25 06:50:17,032 - INFO - timeseries_processing.py:184 -     Merge on intersection
2025-08-25 06:50:17,033 - INFO - timeseries_processing.py:192 -     Apply masks on clouds, shadows, thin cirrus, and snow/ice
2025-08-25 06:50:17,033 - INFO - sentinel2.py:122 -                Masking bits: [3, 7, 8, 9, 10, 11]
2025-08-25 06:50:18,246 - INFO - composites.py:305 - Reproject from UTM Zone to Tile geometry -> CRS(EPSG:32634), Resampling.bilinear
2025-08-25 06:50:25,362 - INFO - composites.py:308 -     New shape of datasets: Shape2d(x=2400, y=2400)
2025-08-25 06:50:26,082 - INFO - composites.py:340 - Creating preview plot of input scenes
2025-08-25 06:51:01,208 - INFO - timeseries_processing.py:349 - Saved preview for 'B04' to //nas-rs.topo.auth.gr/Latomeia/DROUGHT/COMPOS/2020/05/x09_y08/S2L2A_medcomp_x09_y08_202005_InDataPreview.jpeg
2025-08-25 06:51:01,216 - INFO - composites.py:346 - Clip value range
2025-08-25 06:51:03,228 - INFO - composites.py:351 -                           
2025-08-25 06:51:03,229 - INFO - composites.py:352 - Computing spectral indices:
2025-08-25 06:51:03,229 - INFO - composites.py:355 -     EVI...
2025-08-25 06:51:04,492 - INFO - composites.py:357 -     NDVI...
2025-08-25 06:51:04,966 - INFO - composites.py:359 -     PSRI2...
2025-08-25 06:51:05,231 - INFO - composites.py:362 - Clip to typical value range
2025-08-25 06:51:05,620 - INFO - composites.py:369 - Reducing to median value temporal composite
2025-08-25 06:51:35,455 - INFO - composites.py:388 - Scale and Define data types & nodata per band
2025-08-25 06:51:35,599 - INFO - composites.py:409 - Assign time range and tile ID in metadata
2025-08-25 06:51:35,599 - INFO - composites.py:417 - Write bands to raster COG files
2025-08-25 06:51:39,825 - INFO - composites.py:430 - Write B02 -> //nas-rs.topo.auth.gr/Latomeia/DROUGHT/COMPOS/2020/05/x09_y08/S2L2A_medcomp_x09_y08_202005_B02.tif
2025-08-25 06:51:44,182 - INFO - composites.py:430 - Write B03 -> //nas-rs.topo.auth.gr/Latomeia/DROUGHT/COMPOS/2020/05/x09_y08/S2L2A_medcomp_x09_y08_202005_B03.tif
2025-08-25 06:51:48,506 - INFO - composites.py:430 - Write B04 -> //nas-rs.topo.auth.gr/Latomeia/DROUGHT/COMPOS/2020/05/x09_y08/S2L2A_medcomp_x09_y08_202005_B04.tif
2025-08-25 06:51:52,791 - INFO - composites.py:430 - Write B05 -> //nas-rs.topo.auth.gr/Latomeia/DROUGHT/COMPOS/2020/05/x09_y08/S2L2A_medcomp_x09_y08_202005_B05.tif
2025-08-25 06:51:57,086 - INFO - composites.py:430 - Write B07 -> //nas-rs.topo.auth.gr/Latomeia/DROUGHT/COMPOS/2020/05/x09_y08/S2L2A_medcomp_x09_y08_202005_B07.tif
2025-08-25 06:52:01,312 - INFO - composites.py:430 - Write B8A -> //nas-rs.topo.auth.gr/Latomeia/DROUGHT/COMPOS/2020/05/x09_y08/S2L2A_medcomp_x09_y08_202005_B8A.tif
2025-08-25 06:52:05,612 - INFO - composites.py:430 - Write EVI -> //nas-rs.topo.auth.gr/Latomeia/DROUGHT/COMPOS/2020/05/x09_y08/S2L2A_medcomp_x09_y08_202005_EVI.tif
2025-08-25 06:52:09,904 - INFO - composites.py:430 - Write NDVI -> //nas-rs.topo.auth.gr/Latomeia/DROUGHT/COMPOS/2020/05/x09_y08/S2L2A_medcomp_x09_y08_202005_NDVI.tif
2025-08-25 06:52:14,226 - INFO - composites.py:430 - Write PSRI2 -> //nas-rs.topo.auth.gr/Latomeia/DROUGHT/COMPOS/2020/05/x09_y08/S2L2A_medcomp_x09_y08_202005_PSRI2.tif
2025-08-25 06:52:14,242 - INFO - composites.py:434 - Prepare metadata YAML document
2025-08-25 06:52:14,979 - INFO - composites.py:455 - Write metadata YAML document to disk
2025-08-25 06:52:15,042 - INFO - composites.py:460 - Create datacube.model.Dataset from eo3 metadata
2025-08-25 06:52:15,052 - INFO - composites.py:471 - Index to datacube
2025-08-25 06:52:15,053 - INFO - _datasets.py:191 - Indexing bd437cf2-3fa3-4219-aa16-11aa3c0c930e
2025-08-25 06:52:15,061 - INFO - composites.py:474 - 
2025-08-25 06:52:15,061 - INFO - composites.py:475 -              ✔✔✔ COMPLETED: Tile x09_y08 | Time: 2020-05 | In 10.69 minutes
2025-08-25 06:52:15,061 - INFO - composites.py:476 - 
2025-08-25 06:52:15,061 - INFO - composites.py:484 - Closing Dask client
2025-08-25 06:52:15,064 - INFO - composites.py:488 - Closing Dask cluster
2025-08-25 06:52:15,064 - INFO - composites.py:489 - #######################################################################
