2025-08-23 04:38:38,470 - INFO - composites.py:101 - #######################################################################
2025-08-23 04:38:38,471 - INFO - composites.py:103 - Processing started
2025-08-23 04:38:38,471 - INFO - composites.py:104 -         Tile: x10_y09
2025-08-23 04:38:38,471 - INFO - composites.py:105 -         Time: 2021-01
2025-08-23 04:38:38,471 - INFO - composites.py:108 -                           
2025-08-23 04:38:38,471 - INFO - composites.py:109 - Establishing connection to datacube
2025-08-23 04:38:38,987 - INFO - composites.py:112 -                           
2025-08-23 04:38:38,989 - INFO - composites.py:113 - Sanity test: Check if dataset already exists in the datacube
2025-08-23 04:38:39,007 - INFO - composites.py:132 - The composite requested was not found and it will be computed
2025-08-23 04:38:39,007 - INFO - composites.py:135 -                                  
2025-08-23 04:38:39,007 - INFO - composites.py:136 - Initializing Dask cluster for parallelization
2025-08-23 04:38:44,113 - INFO - composites.py:160 - Dask dashboard is available at: http://127.0.0.1:8787/status
2025-08-23 04:38:44,113 - INFO - composites.py:163 - Create directories and naming conversions
2025-08-23 04:38:44,120 - INFO - composites.py:174 - Dataset location: //nas-rs.topo.auth.gr/Latomeia/DROUGHT/COMPOS/2021/01/x10_y09
2025-08-23 04:38:44,120 - INFO - composites.py:177 -                           
2025-08-23 04:38:44,120 - INFO - composites.py:178 - Retrieve tile geometry
2025-08-23 04:38:44,151 - INFO - composites.py:189 - Create the Bounding Box (φ,λ)
2025-08-23 04:38:44,151 - INFO - composites.py:195 - Create the Bounding Box (x,y)
2025-08-23 04:38:44,151 - INFO - composites.py:208 -                           
2025-08-23 04:38:44,151 - INFO - composites.py:209 - Connect to Planetary Computer STAC Catalog
2025-08-23 04:38:44,517 - INFO - composites.py:217 - Search the STAC Catalog
2025-08-23 04:38:44,587 - INFO - composites.py:229 -         Query parameters:
2025-08-23 04:38:44,588 - INFO - composites.py:230 -             url:          https://planetarycomputer.microsoft.com/api/stac/v1/search
2025-08-23 04:38:44,588 - INFO - composites.py:231 -             client:       microsoft-pc
2025-08-23 04:38:44,588 - INFO - composites.py:232 -             collection:   sentinel-2-l2a
2025-08-23 04:38:44,588 - INFO - composites.py:233 -             bbox:         (22.393231098837152, 37.29127558081356, 23.05741948027706, 37.8424745721664)
2025-08-23 04:38:44,588 - INFO - composites.py:234 -             time range:   2021-01-01T00:00:00Z/2021-01-31T23:59:59Z
2025-08-23 04:38:44,588 - INFO - composites.py:235 -             cloud cover:  0% - 70%
2025-08-23 04:38:44,588 - INFO - composites.py:236 -             nodata cover: 0% - 33%
2025-08-23 04:38:44,588 - INFO - composites.py:238 -                           
2025-08-23 04:38:44,588 - INFO - composites.py:239 - Searching...
2025-08-23 04:38:44,985 - INFO - composites.py:242 - Query found 12 items
2025-08-23 04:38:44,985 - INFO - composites.py:244 - Searching for GRI REFINED scenes:
2025-08-23 04:38:50,236 - INFO - sentinel2.py:78 - 1/12 - S2B_MSIL2A_20210130T091129_R050_T34SFG_20210130T232755 -> Not Found
2025-08-23 04:38:55,426 - INFO - sentinel2.py:78 - 2/12 - S2A_MSIL2A_20210128T092241_R093_T34SFH_20210128T212406 -> Not Found
2025-08-23 04:39:00,505 - INFO - sentinel2.py:78 - 3/12 - S2A_MSIL2A_20210128T092241_R093_T34SFG_20210128T215646 -> Not Found
2025-08-23 04:39:05,657 - INFO - sentinel2.py:78 - 4/12 - S2A_MSIL2A_20210125T091251_R050_T34SFG_20210126T120912 -> Not Found
2025-08-23 04:39:09,992 - INFO - sentinel2.py:78 - 5/12 - S2B_MSIL2A_20210120T091209_R050_T34SFG_20210120T221222 -> Not Found
2025-08-23 04:39:15,165 - INFO - sentinel2.py:78 - 6/12 - S2B_MSIL2A_20210113T092239_R093_T34SFH_20210114T225934 -> Not Found
2025-08-23 04:39:19,739 - INFO - sentinel2.py:78 - 7/12 - S2B_MSIL2A_20210113T092239_R093_T34SFG_20210114T230844 -> Not Found
2025-08-23 04:39:24,565 - INFO - sentinel2.py:78 - 8/12 - S2B_MSIL2A_20210110T091249_R050_T34SFG_20210111T013943 -> Not Found
2025-08-23 04:39:30,050 - INFO - sentinel2.py:78 - 9/12 - S2A_MSIL2A_20210108T092351_R093_T34SFG_20210109T004813 -> Not Found
2025-08-23 04:39:35,013 - INFO - sentinel2.py:78 - 10/12 - S2A_MSIL2A_20210105T091351_R050_T34SFG_20210112T130201 -> Not Found
2025-08-23 04:39:40,609 - INFO - sentinel2.py:78 - 11/12 - S2B_MSIL2A_20210103T092309_R093_T34SFH_20210103T232046 -> Not Found
2025-08-23 04:39:46,089 - INFO - sentinel2.py:78 - 12/12 - S2B_MSIL2A_20210103T092309_R093_T34SFG_20210103T234259 -> Not Found
2025-08-23 04:39:46,122 - INFO - composites.py:247 -                                  
2025-08-23 04:39:46,123 - INFO - composites.py:248 - 0/12 were refined by GRI.
2025-08-23 04:39:46,123 - WARNING - composites.py:252 - Tile x10_y09 | Time: 2021-01: All scenes are flagged NOT REFINED.
2025-08-23 04:39:46,123 - WARNING - composites.py:253 - Tile x10_y09 | Time: 2021-01: The composite will be flagged with _NOREFINED.
2025-08-23 04:39:46,124 - INFO - composites.py:260 - Looking for up to 10 cleanest images within spatiotemporal range of each MGRS tile
2025-08-23 04:39:46,124 - INFO - composites.py:274 - Filtered cleanest scenes: Kept 12 out of 12 items. 
2025-08-23 04:39:46,124 - INFO - composites.py:275 -         Included MGRS Tiles: ['34SFG' '34SFH']
2025-08-23 04:39:46,125 - INFO - composites.py:276 -         Included EPSG codes: [32634]
2025-08-23 04:39:46,133 - INFO - composites.py:278 - Selected scenes:
2025-08-23 04:39:46,133 - INFO - composites.py:280 -         S2B_MSIL2A_20210120T091209_R050_T34SFG_20210120T221222
2025-08-23 04:39:46,133 - INFO - composites.py:280 -         S2A_MSIL2A_20210128T092241_R093_T34SFG_20210128T215646
2025-08-23 04:39:46,134 - INFO - composites.py:280 -         S2A_MSIL2A_20210125T091251_R050_T34SFG_20210126T120912
2025-08-23 04:39:46,138 - INFO - composites.py:280 -         S2A_MSIL2A_20210105T091351_R050_T34SFG_20210112T130201
2025-08-23 04:39:46,138 - INFO - composites.py:280 -         S2B_MSIL2A_20210130T091129_R050_T34SFG_20210130T232755
2025-08-23 04:39:46,138 - INFO - composites.py:280 -         S2B_MSIL2A_20210113T092239_R093_T34SFG_20210114T230844
2025-08-23 04:39:46,138 - INFO - composites.py:280 -         S2A_MSIL2A_20210108T092351_R093_T34SFG_20210109T004813
2025-08-23 04:39:46,138 - INFO - composites.py:280 -         S2B_MSIL2A_20210103T092309_R093_T34SFG_20210103T234259
2025-08-23 04:39:46,139 - INFO - composites.py:280 -         S2B_MSIL2A_20210110T091249_R050_T34SFG_20210111T013943
2025-08-23 04:39:46,139 - INFO - composites.py:280 -         S2A_MSIL2A_20210128T092241_R093_T34SFH_20210128T212406
2025-08-23 04:39:46,139 - INFO - composites.py:280 -         S2B_MSIL2A_20210113T092239_R093_T34SFH_20210114T225934
2025-08-23 04:39:46,139 - INFO - composites.py:280 -         S2B_MSIL2A_20210103T092309_R093_T34SFH_20210103T232046
2025-08-23 04:39:46,474 - INFO - sentinel2.py:154 - Matplotlib backend: Agg
2025-08-23 04:39:46,641 - INFO - sentinel2.py:224 - Write input scenes footprint overlay: //nas-rs.topo.auth.gr/Latomeia/DROUGHT/COMPOS/2021/01/x10_y09/S2L2A_medcomp_x10_y09_202101_InDataFootprint.jpeg
2025-08-23 04:39:46,840 - INFO - composites.py:294 -                                  
2025-08-23 04:39:46,840 - INFO - composites.py:295 - Downstream STAC items from Planetary Computer
2025-08-23 04:39:46,840 - INFO - timeseries_processing.py:115 -                                  
2025-08-23 04:39:46,840 - INFO - timeseries_processing.py:116 - Loading bands of diferent resolutions in EPSG:32634
2025-08-23 04:39:46,840 - INFO - timeseries_processing.py:120 -     Filtering items with native UTM EPSG:32634
2025-08-23 04:39:46,840 - INFO - timeseries_processing.py:122 -     12 Items in EPSG:32634
2025-08-23 04:39:46,840 - INFO - timeseries_processing.py:129 -                        
2025-08-23 04:39:46,840 - INFO - timeseries_processing.py:130 -     Loading parameters:
2025-08-23 04:39:46,840 - INFO - timeseries_processing.py:131 -         Bands: ['B05', 'B07', 'B8A', 'SCL']
2025-08-23 04:39:46,840 - INFO - timeseries_processing.py:132 -         Spatial resolution: 20
2025-08-23 04:39:46,840 - INFO - timeseries_processing.py:134 -         Get Assets from STAC Items
2025-08-23 04:39:46,840 - INFO - timeseries_processing.py:47 -         Initialize the STAC client
2025-08-23 04:39:47,526 - INFO - timeseries_processing.py:137 -         Loading 12 STAC Items....
2025-08-23 04:40:35,726 - INFO - timeseries_processing.py:146 -         Cube has been downloaded
2025-08-23 04:40:35,726 - INFO - timeseries_processing.py:156 -         Fix order of dimensions
2025-08-23 04:40:35,727 - INFO - timeseries_processing.py:161 -         Append bands to the band-list of EPSG:32634
2025-08-23 04:40:35,728 - INFO - timeseries_processing.py:129 -                        
2025-08-23 04:40:35,729 - INFO - timeseries_processing.py:130 -     Loading parameters:
2025-08-23 04:40:35,729 - INFO - timeseries_processing.py:131 -         Bands: ['B02', 'B03', 'B04']
2025-08-23 04:40:35,729 - INFO - timeseries_processing.py:132 -         Spatial resolution: 10
2025-08-23 04:40:35,729 - INFO - timeseries_processing.py:134 -         Get Assets from STAC Items
2025-08-23 04:40:35,729 - INFO - timeseries_processing.py:47 -         Initialize the STAC client
2025-08-23 04:40:36,241 - INFO - timeseries_processing.py:137 -         Loading 12 STAC Items....
2025-08-23 04:42:38,807 - INFO - timeseries_processing.py:146 -         Cube has been downloaded
2025-08-23 04:42:38,808 - INFO - timeseries_processing.py:149 -         Reproject to downsample 10m bands to 20m by Resampling.average 2x2 binning and shape matching with odc.geo.GeoBox
2025-08-23 04:42:52,384 - INFO - timeseries_processing.py:161 -         Append bands to the band-list of EPSG:32634
2025-08-23 04:42:52,384 - INFO - timeseries_processing.py:165 -                        
2025-08-23 04:42:52,384 - INFO - timeseries_processing.py:166 -     Merging bands in a single dataset
2025-08-23 04:42:52,384 - INFO - timeseries_processing.py:167 -     Ensure all partial datasets are at (x=20, y=-20) resolution
2025-08-23 04:42:52,384 - INFO - timeseries_processing.py:171 -     Clip to the intersection of indexes
2025-08-23 04:42:53,629 - INFO - timeseries_processing.py:180 -     Make a list of bands to merge
2025-08-23 04:42:53,630 - INFO - timeseries_processing.py:184 -     Merge on intersection
2025-08-23 04:42:53,630 - INFO - timeseries_processing.py:192 -     Apply masks on clouds, shadows, thin cirrus, and snow/ice
2025-08-23 04:42:53,630 - INFO - sentinel2.py:122 -                Masking bits: [3, 7, 8, 9, 10, 11]
2025-08-23 04:42:54,694 - INFO - composites.py:304 - Reproject from UTM Zone to Tile geometry -> CRS(EPSG:32634), Resampling.bilinear
2025-08-23 04:43:00,709 - INFO - composites.py:307 -     New shape of datasets: Shape2d(x=2400, y=2400)
2025-08-23 04:43:01,341 - INFO - composites.py:339 - Creating preview plot of input scenes
2025-08-23 04:43:31,722 - INFO - timeseries_processing.py:349 - Saved preview for 'B04' to //nas-rs.topo.auth.gr/Latomeia/DROUGHT/COMPOS/2021/01/x10_y09/S2L2A_medcomp_x10_y09_202101_InDataPreview.jpeg
2025-08-23 04:43:31,728 - INFO - composites.py:345 - Clip value range
2025-08-23 04:43:33,531 - INFO - composites.py:350 -                           
2025-08-23 04:43:33,533 - INFO - composites.py:351 - Computing spectral indices:
2025-08-23 04:43:33,533 - INFO - composites.py:354 -     EVI...
2025-08-23 04:43:34,691 - INFO - composites.py:356 -     NDVI...
2025-08-23 04:43:34,933 - INFO - composites.py:358 -     PSRI2...
2025-08-23 04:43:35,316 - INFO - composites.py:361 - Clip to typical value range
2025-08-23 04:43:35,728 - INFO - composites.py:368 - Reducing to median value temporal composite
2025-08-23 04:44:01,369 - INFO - composites.py:387 - Define data types and nodata per band
2025-08-23 04:44:01,493 - INFO - composites.py:408 - Assign time range and tile ID in metadata
2025-08-23 04:44:01,493 - INFO - composites.py:416 - Write bands to raster COG files
2025-08-23 04:44:05,547 - INFO - composites.py:429 - Write B02 -> //nas-rs.topo.auth.gr/Latomeia/DROUGHT/COMPOS/2021/01/x10_y09/S2L2A_medcomp_x10_y09_202101_B02.tif
2025-08-23 04:44:09,734 - INFO - composites.py:429 - Write B03 -> //nas-rs.topo.auth.gr/Latomeia/DROUGHT/COMPOS/2021/01/x10_y09/S2L2A_medcomp_x10_y09_202101_B03.tif
2025-08-23 04:44:13,520 - INFO - composites.py:429 - Write B04 -> //nas-rs.topo.auth.gr/Latomeia/DROUGHT/COMPOS/2021/01/x10_y09/S2L2A_medcomp_x10_y09_202101_B04.tif
2025-08-23 04:44:17,342 - INFO - composites.py:429 - Write B05 -> //nas-rs.topo.auth.gr/Latomeia/DROUGHT/COMPOS/2021/01/x10_y09/S2L2A_medcomp_x10_y09_202101_B05.tif
2025-08-23 04:44:22,090 - INFO - composites.py:429 - Write B07 -> //nas-rs.topo.auth.gr/Latomeia/DROUGHT/COMPOS/2021/01/x10_y09/S2L2A_medcomp_x10_y09_202101_B07.tif
2025-08-23 04:44:26,931 - INFO - composites.py:429 - Write B8A -> //nas-rs.topo.auth.gr/Latomeia/DROUGHT/COMPOS/2021/01/x10_y09/S2L2A_medcomp_x10_y09_202101_B8A.tif
2025-08-23 04:44:31,472 - INFO - composites.py:429 - Write EVI -> //nas-rs.topo.auth.gr/Latomeia/DROUGHT/COMPOS/2021/01/x10_y09/S2L2A_medcomp_x10_y09_202101_evi.tif
2025-08-23 04:44:35,851 - INFO - composites.py:429 - Write NDVI -> //nas-rs.topo.auth.gr/Latomeia/DROUGHT/COMPOS/2021/01/x10_y09/S2L2A_medcomp_x10_y09_202101_ndvi.tif
2025-08-23 04:44:39,663 - INFO - composites.py:429 - Write PSRI2 -> //nas-rs.topo.auth.gr/Latomeia/DROUGHT/COMPOS/2021/01/x10_y09/S2L2A_medcomp_x10_y09_202101_psri2.tif
2025-08-23 04:44:39,681 - INFO - composites.py:433 - Prepare metadata YAML document
2025-08-23 04:44:40,352 - INFO - composites.py:454 - Write metadata YAML document to disk
2025-08-23 04:44:40,376 - INFO - composites.py:459 - Create datacube.model.Dataset from eo3 metadata
2025-08-23 04:44:40,386 - INFO - composites.py:470 - Index to datacube
2025-08-23 04:44:40,386 - INFO - _datasets.py:191 - Indexing 9efafcac-ac0c-4f27-91f4-9b382706eb93
2025-08-23 04:44:40,399 - INFO - composites.py:473 - 
2025-08-23 04:44:40,399 - INFO - composites.py:474 -              ✔✔✔ COMPLETED: Tile x10_y09 | Time: 2021-01 | In 6.03 minutes
2025-08-23 04:44:40,399 - INFO - composites.py:475 - 
2025-08-23 04:44:40,399 - INFO - composites.py:483 - Closing Dask client
2025-08-23 04:44:40,400 - INFO - composites.py:487 - Closing Dask cluster
2025-08-23 04:44:40,400 - INFO - composites.py:488 - #######################################################################
