2025-08-28 21:55:45,266 - INFO - composites.py:102 - #######################################################################
2025-08-28 21:55:45,266 - INFO - composites.py:104 - Processing started
2025-08-28 21:55:45,266 - INFO - composites.py:105 -         Tile: x10_y10
2025-08-28 21:55:45,266 - INFO - composites.py:106 -         Time: 2021-06
2025-08-28 21:55:45,266 - INFO - composites.py:109 -                           
2025-08-28 21:55:45,266 - INFO - composites.py:110 - Establishing connection to datacube
2025-08-28 21:55:45,784 - INFO - composites.py:113 -                           
2025-08-28 21:55:45,784 - INFO - composites.py:114 - Sanity test: Check if dataset already exists in the datacube
2025-08-28 21:55:45,804 - INFO - composites.py:133 - The composite requested was not found and it will be computed
2025-08-28 21:55:45,804 - INFO - composites.py:136 -                                  
2025-08-28 21:55:45,804 - INFO - composites.py:137 - Initializing Dask cluster for parallelization
2025-08-28 21:55:50,937 - INFO - composites.py:161 - Dask dashboard is available at: http://127.0.0.1:8787/status
2025-08-28 21:55:50,937 - INFO - composites.py:164 - Create directories and naming conversions
2025-08-28 21:55:50,946 - INFO - composites.py:177 - Dataset location: //nas-rs.topo.auth.gr/Latomeia/DROUGHT/composites/x10/y10/2021/06/01
2025-08-28 21:55:50,946 - INFO - composites.py:180 -                           
2025-08-28 21:55:50,946 - INFO - composites.py:181 - Retrieve tile geometry
2025-08-28 21:55:50,974 - INFO - composites.py:192 - Create the Bounding Box (φ,λ)
2025-08-28 21:55:50,974 - INFO - composites.py:198 - Create the Bounding Box (x,y)
2025-08-28 21:55:50,974 - INFO - composites.py:211 -                           
2025-08-28 21:55:50,974 - INFO - composites.py:212 - Connect to Planetary Computer STAC Catalog
2025-08-28 21:55:51,243 - INFO - composites.py:220 - Search the STAC Catalog
2025-08-28 21:55:51,319 - INFO - composites.py:232 -         Query parameters:
2025-08-28 21:55:51,319 - INFO - composites.py:233 -             url:          https://planetarycomputer.microsoft.com/api/stac/v1/search
2025-08-28 21:55:51,319 - INFO - composites.py:234 -             client:       microsoft-pc
2025-08-28 21:55:51,319 - INFO - composites.py:235 -             collection:   sentinel-2-l2a
2025-08-28 21:55:51,319 - INFO - composites.py:236 -             bbox:         (22.471633479946853, 37.72008040922633, 23.140477503527134, 38.27146676750315)
2025-08-28 21:55:51,319 - INFO - composites.py:237 -             time range:   2021-06-01T00:00:00Z/2021-06-30T23:59:59Z
2025-08-28 21:55:51,319 - INFO - composites.py:238 -             cloud cover:  0% - 70%
2025-08-28 21:55:51,319 - INFO - composites.py:239 -             nodata cover: 0% - 33%
2025-08-28 21:55:51,319 - INFO - composites.py:241 -                           
2025-08-28 21:55:51,319 - INFO - composites.py:242 - Searching...
2025-08-28 21:55:51,746 - INFO - composites.py:245 - Query found 17 items
2025-08-28 21:55:51,746 - INFO - composites.py:247 - Searching for GRI REFINED scenes:
2025-08-28 21:55:57,866 - INFO - sentinel2.py:78 - 1/17 - S2B_MSIL2A_20210629T090559_R050_T34SFG_20210630T135409 -> REFINED
2025-08-28 21:56:02,661 - INFO - sentinel2.py:78 - 2/17 - S2A_MSIL2A_20210627T092031_R093_T34SFH_20210628T021628 -> REFINED
2025-08-28 21:56:07,866 - INFO - sentinel2.py:78 - 3/17 - S2A_MSIL2A_20210627T092031_R093_T34SFG_20210628T023438 -> REFINED
2025-08-28 21:56:13,136 - INFO - sentinel2.py:78 - 4/17 - S2A_MSIL2A_20210624T090601_R050_T34SFG_20210625T181720 -> REFINED
2025-08-28 21:56:19,091 - INFO - sentinel2.py:78 - 5/17 - S2B_MSIL2A_20210622T092029_R093_T34SFH_20210625T022317 -> REFINED
2025-08-28 21:56:24,721 - INFO - sentinel2.py:78 - 6/17 - S2B_MSIL2A_20210622T092029_R093_T34SFG_20210625T033231 -> REFINED
2025-08-28 21:56:30,824 - INFO - sentinel2.py:78 - 7/17 - S2B_MSIL2A_20210619T090559_R050_T34SFG_20210623T192333 -> REFINED
2025-08-28 21:56:36,494 - INFO - sentinel2.py:78 - 8/17 - S2A_MSIL2A_20210617T092031_R093_T34SFH_20210623T210524 -> REFINED
2025-08-28 21:56:42,747 - INFO - sentinel2.py:78 - 9/17 - S2A_MSIL2A_20210617T092031_R093_T34SFG_20210623T165421 -> REFINED
2025-08-28 21:56:48,200 - INFO - sentinel2.py:78 - 10/17 - S2B_MSIL2A_20210612T092029_R093_T34SFH_20210624T061439 -> REFINED
2025-08-28 21:56:53,911 - INFO - sentinel2.py:78 - 11/17 - S2B_MSIL2A_20210612T092029_R093_T34SFG_20210624T074525 -> REFINED
2025-08-28 21:57:00,068 - INFO - sentinel2.py:78 - 12/17 - S2B_MSIL2A_20210609T090559_R050_T34SFG_20210610T211650 -> REFINED
2025-08-28 21:57:06,233 - INFO - sentinel2.py:78 - 13/17 - S2A_MSIL2A_20210607T092031_R093_T34SFH_20210612T125051 -> REFINED
2025-08-28 21:57:12,325 - INFO - sentinel2.py:78 - 14/17 - S2A_MSIL2A_20210607T092031_R093_T34SFG_20210612T145830 -> REFINED
2025-08-28 21:57:17,671 - INFO - sentinel2.py:78 - 15/17 - S2A_MSIL2A_20210604T090601_R050_T34SFG_20210606T140046 -> REFINED
2025-08-28 21:57:23,769 - INFO - sentinel2.py:78 - 16/17 - S2B_MSIL2A_20210602T092029_R093_T34SFH_20210606T122937 -> REFINED
2025-08-28 21:57:29,455 - INFO - sentinel2.py:78 - 17/17 - S2B_MSIL2A_20210602T092029_R093_T34SFG_20210606T124325 -> REFINED
2025-08-28 21:57:29,531 - INFO - composites.py:250 -                                  
2025-08-28 21:57:29,531 - INFO - composites.py:251 - 17/17 were refined by GRI.
2025-08-28 21:57:29,531 - INFO - composites.py:263 - Looking for up to 10 cleanest images within spatiotemporal range of each MGRS tile
2025-08-28 21:57:29,532 - INFO - composites.py:277 - Filtered cleanest scenes: Kept 16 out of 17 items. 
2025-08-28 21:57:29,532 - INFO - composites.py:278 -         Included MGRS Tiles: ['34SFG' '34SFH']
2025-08-28 21:57:29,532 - INFO - composites.py:279 -         Included EPSG codes: [32634]
2025-08-28 21:57:29,532 - INFO - composites.py:281 - Selected scenes:
2025-08-28 21:57:29,532 - INFO - composites.py:283 -         S2A_MSIL2A_20210624T090601_R050_T34SFG_20210625T181720
2025-08-28 21:57:29,544 - INFO - composites.py:283 -         S2B_MSIL2A_20210629T090559_R050_T34SFG_20210630T135409
2025-08-28 21:57:29,544 - INFO - composites.py:283 -         S2B_MSIL2A_20210622T092029_R093_T34SFG_20210625T033231
2025-08-28 21:57:29,544 - INFO - composites.py:283 -         S2A_MSIL2A_20210627T092031_R093_T34SFG_20210628T023438
2025-08-28 21:57:29,544 - INFO - composites.py:283 -         S2A_MSIL2A_20210607T092031_R093_T34SFG_20210612T145830
2025-08-28 21:57:29,545 - INFO - composites.py:283 -         S2A_MSIL2A_20210604T090601_R050_T34SFG_20210606T140046
2025-08-28 21:57:29,545 - INFO - composites.py:283 -         S2B_MSIL2A_20210619T090559_R050_T34SFG_20210623T192333
2025-08-28 21:57:29,545 - INFO - composites.py:283 -         S2A_MSIL2A_20210617T092031_R093_T34SFG_20210623T165421
2025-08-28 21:57:29,545 - INFO - composites.py:283 -         S2B_MSIL2A_20210602T092029_R093_T34SFG_20210606T124325
2025-08-28 21:57:29,545 - INFO - composites.py:283 -         S2B_MSIL2A_20210612T092029_R093_T34SFG_20210624T074525
2025-08-28 21:57:29,545 - INFO - composites.py:283 -         S2A_MSIL2A_20210627T092031_R093_T34SFH_20210628T021628
2025-08-28 21:57:29,545 - INFO - composites.py:283 -         S2B_MSIL2A_20210622T092029_R093_T34SFH_20210625T022317
2025-08-28 21:57:29,545 - INFO - composites.py:283 -         S2A_MSIL2A_20210607T092031_R093_T34SFH_20210612T125051
2025-08-28 21:57:29,545 - INFO - composites.py:283 -         S2B_MSIL2A_20210602T092029_R093_T34SFH_20210606T122937
2025-08-28 21:57:29,545 - INFO - composites.py:283 -         S2A_MSIL2A_20210617T092031_R093_T34SFH_20210623T210524
2025-08-28 21:57:29,545 - INFO - composites.py:283 -         S2B_MSIL2A_20210612T092029_R093_T34SFH_20210624T061439
2025-08-28 21:57:29,903 - INFO - sentinel2.py:154 - Matplotlib backend: Agg
2025-08-28 21:57:30,164 - INFO - sentinel2.py:224 - Write input scenes footprint overlay: //nas-rs.topo.auth.gr/Latomeia/DROUGHT/composites/x10/y10/2021/06/01/S2L2A_medcomp_x10y10_202106_InDataFootprint.jpeg
2025-08-28 21:57:30,403 - INFO - composites.py:297 -                                  
2025-08-28 21:57:30,403 - INFO - composites.py:298 - Downstream STAC items from Planetary Computer
2025-08-28 21:57:30,404 - INFO - timeseries_processing.py:115 -                                  
2025-08-28 21:57:30,404 - INFO - timeseries_processing.py:116 - Loading bands of diferent resolutions in EPSG:32634
2025-08-28 21:57:30,404 - INFO - timeseries_processing.py:120 -     Filtering items with native UTM EPSG:32634
2025-08-28 21:57:30,404 - INFO - timeseries_processing.py:122 -     16 Items in EPSG:32634
2025-08-28 21:57:30,404 - INFO - timeseries_processing.py:129 -                        
2025-08-28 21:57:30,404 - INFO - timeseries_processing.py:130 -     Loading parameters:
2025-08-28 21:57:30,404 - INFO - timeseries_processing.py:131 -         Bands: ['B05', 'B07', 'B8A', 'SCL']
2025-08-28 21:57:30,404 - INFO - timeseries_processing.py:132 -         Spatial resolution: 20
2025-08-28 21:57:30,404 - INFO - timeseries_processing.py:134 -         Get Assets from STAC Items
2025-08-28 21:57:30,404 - INFO - timeseries_processing.py:47 -         Initialize the STAC client
2025-08-28 21:57:30,989 - INFO - timeseries_processing.py:137 -         Loading 16 STAC Items....
2025-08-28 22:00:00,447 - INFO - timeseries_processing.py:146 -         Cube has been downloaded
2025-08-28 22:00:00,447 - INFO - timeseries_processing.py:156 -         Fix order of dimensions
2025-08-28 22:00:00,449 - INFO - timeseries_processing.py:161 -         Append bands to the band-list of EPSG:32634
2025-08-28 22:00:00,449 - INFO - timeseries_processing.py:129 -                        
2025-08-28 22:00:00,449 - INFO - timeseries_processing.py:130 -     Loading parameters:
2025-08-28 22:00:00,451 - INFO - timeseries_processing.py:131 -         Bands: ['B02', 'B03', 'B04']
2025-08-28 22:00:00,451 - INFO - timeseries_processing.py:132 -         Spatial resolution: 10
2025-08-28 22:00:00,451 - INFO - timeseries_processing.py:134 -         Get Assets from STAC Items
2025-08-28 22:00:00,451 - INFO - timeseries_processing.py:47 -         Initialize the STAC client
2025-08-28 22:00:00,978 - INFO - timeseries_processing.py:137 -         Loading 16 STAC Items....
2025-08-28 22:04:34,615 - INFO - timeseries_processing.py:146 -         Cube has been downloaded
2025-08-28 22:04:34,615 - INFO - timeseries_processing.py:149 -         Reproject to downsample 10m bands to 20m by Resampling.average 2x2 binning and shape matching with odc.geo.GeoBox
2025-08-28 22:04:49,741 - INFO - timeseries_processing.py:161 -         Append bands to the band-list of EPSG:32634
2025-08-28 22:04:49,741 - INFO - timeseries_processing.py:165 -                        
2025-08-28 22:04:49,742 - INFO - timeseries_processing.py:166 -     Merging bands in a single dataset
2025-08-28 22:04:49,742 - INFO - timeseries_processing.py:167 -     Ensure all partial datasets are at (x=20, y=-20) resolution
2025-08-28 22:04:49,742 - INFO - timeseries_processing.py:171 -     Clip to the intersection of indexes
2025-08-28 22:04:50,813 - INFO - timeseries_processing.py:180 -     Make a list of bands to merge
2025-08-28 22:04:50,814 - INFO - timeseries_processing.py:184 -     Merge on intersection
2025-08-28 22:04:50,816 - INFO - timeseries_processing.py:192 -     Apply masks on clouds, shadows, thin cirrus, and snow/ice
2025-08-28 22:04:50,816 - INFO - sentinel2.py:122 -                Masking bits: [3, 7, 8, 9, 10, 11]
2025-08-28 22:04:52,069 - INFO - composites.py:307 - Reproject from UTM Zone to Tile geometry -> CRS(EPSG:32634), Resampling.bilinear
2025-08-28 22:04:59,353 - INFO - composites.py:310 -     New shape of datasets: Shape2d(x=2400, y=2400)
2025-08-28 22:05:00,387 - INFO - composites.py:342 - Creating preview plot of input scenes
2025-08-28 22:05:33,605 - INFO - timeseries_processing.py:349 - Saved preview for 'B04' to //nas-rs.topo.auth.gr/Latomeia/DROUGHT/composites/x10/y10/2021/06/01/S2L2A_medcomp_x10y10_202106_InDataPreview.jpeg
2025-08-28 22:05:33,612 - INFO - composites.py:348 - Clip value range
2025-08-28 22:05:35,574 - INFO - composites.py:353 -                           
2025-08-28 22:05:35,574 - INFO - composites.py:354 - Computing spectral indices:
2025-08-28 22:05:35,574 - INFO - composites.py:357 -     EVI...
2025-08-28 22:05:36,849 - INFO - composites.py:359 -     NDVI...
2025-08-28 22:05:37,246 - INFO - composites.py:361 -     PSRI2...
2025-08-28 22:05:37,529 - INFO - composites.py:364 - Clip to typical value range
2025-08-28 22:05:37,920 - INFO - composites.py:371 - Reducing to median value temporal composite
2025-08-28 22:06:03,400 - INFO - composites.py:390 - Scale and Define data types & nodata per band
2025-08-28 22:06:03,565 - INFO - composites.py:411 - Assign time range and tile ID in metadata
2025-08-28 22:06:03,566 - INFO - composites.py:419 - Write bands to raster COG files
2025-08-28 22:06:07,792 - INFO - composites.py:432 - Write B02 -> //nas-rs.topo.auth.gr/Latomeia/DROUGHT/composites/x10/y10/2021/06/01/S2L2A_medcomp_x10y10_202106_B02.tif
2025-08-28 22:06:11,708 - INFO - composites.py:432 - Write B03 -> //nas-rs.topo.auth.gr/Latomeia/DROUGHT/composites/x10/y10/2021/06/01/S2L2A_medcomp_x10y10_202106_B03.tif
2025-08-28 22:06:15,915 - INFO - composites.py:432 - Write B04 -> //nas-rs.topo.auth.gr/Latomeia/DROUGHT/composites/x10/y10/2021/06/01/S2L2A_medcomp_x10y10_202106_B04.tif
2025-08-28 22:06:19,946 - INFO - composites.py:432 - Write B05 -> //nas-rs.topo.auth.gr/Latomeia/DROUGHT/composites/x10/y10/2021/06/01/S2L2A_medcomp_x10y10_202106_B05.tif
2025-08-28 22:06:23,882 - INFO - composites.py:432 - Write B07 -> //nas-rs.topo.auth.gr/Latomeia/DROUGHT/composites/x10/y10/2021/06/01/S2L2A_medcomp_x10y10_202106_B07.tif
2025-08-28 22:06:27,791 - INFO - composites.py:432 - Write B8A -> //nas-rs.topo.auth.gr/Latomeia/DROUGHT/composites/x10/y10/2021/06/01/S2L2A_medcomp_x10y10_202106_B8A.tif
2025-08-28 22:06:31,616 - INFO - composites.py:432 - Write EVI -> //nas-rs.topo.auth.gr/Latomeia/DROUGHT/composites/x10/y10/2021/06/01/S2L2A_medcomp_x10y10_202106_EVI.tif
2025-08-28 22:06:35,486 - INFO - composites.py:432 - Write NDVI -> //nas-rs.topo.auth.gr/Latomeia/DROUGHT/composites/x10/y10/2021/06/01/S2L2A_medcomp_x10y10_202106_NDVI.tif
2025-08-28 22:06:39,283 - INFO - composites.py:432 - Write PSRI2 -> //nas-rs.topo.auth.gr/Latomeia/DROUGHT/composites/x10/y10/2021/06/01/S2L2A_medcomp_x10y10_202106_PSRI2.tif
2025-08-28 22:06:39,292 - INFO - composites.py:436 - Prepare metadata YAML document
2025-08-28 22:06:39,806 - INFO - composites.py:458 - Write metadata YAML document to disk
2025-08-28 22:06:39,837 - INFO - composites.py:463 - Create datacube.model.Dataset from eo3 metadata
2025-08-28 22:06:39,852 - INFO - composites.py:476 - Index to datacube
2025-08-28 22:06:39,852 - INFO - _datasets.py:191 - Indexing fedfab79-dbd2-420c-8697-ed106ee0ec8c
2025-08-28 22:06:39,863 - INFO - composites.py:479 - 
2025-08-28 22:06:39,863 - INFO - composites.py:480 -              ✔✔✔ COMPLETED: Tile x10_y10 | Time: 2021-06 | In 10.91 minutes
2025-08-28 22:06:39,863 - INFO - composites.py:481 - 
2025-08-28 22:06:39,863 - INFO - composites.py:489 - Closing Dask client
2025-08-28 22:06:39,872 - INFO - composites.py:493 - Closing Dask cluster
2025-08-28 22:06:39,872 - INFO - composites.py:494 - #######################################################################
