2025-08-26 01:17:27,345 - INFO - composites.py:102 - #######################################################################
2025-08-26 01:17:27,345 - INFO - composites.py:104 - Processing started
2025-08-26 01:17:27,345 - INFO - composites.py:105 -         Tile: x10_y11
2025-08-26 01:17:27,346 - INFO - composites.py:106 -         Time: 2020-03
2025-08-26 01:17:27,346 - INFO - composites.py:109 -                           
2025-08-26 01:17:27,346 - INFO - composites.py:110 - Establishing connection to datacube
2025-08-26 01:17:27,847 - INFO - composites.py:113 -                           
2025-08-26 01:17:27,850 - INFO - composites.py:114 - Sanity test: Check if dataset already exists in the datacube
2025-08-26 01:17:27,866 - INFO - composites.py:133 - The composite requested was not found and it will be computed
2025-08-26 01:17:27,866 - INFO - composites.py:136 -                                  
2025-08-26 01:17:27,866 - INFO - composites.py:137 - Initializing Dask cluster for parallelization
2025-08-26 01:17:32,885 - INFO - composites.py:161 - Dask dashboard is available at: http://127.0.0.1:8787/status
2025-08-26 01:17:32,885 - INFO - composites.py:164 - Create directories and naming conversions
2025-08-26 01:17:32,897 - INFO - composites.py:177 - Dataset location: //nas-rs.topo.auth.gr/Latomeia/DROUGHT/composites/x10/y11/2020/03/01
2025-08-26 01:17:32,897 - INFO - composites.py:180 -                           
2025-08-26 01:17:32,898 - INFO - composites.py:181 - Retrieve tile geometry
2025-08-26 01:17:32,925 - INFO - composites.py:192 - Create the Bounding Box (φ,λ)
2025-08-26 01:17:32,925 - INFO - composites.py:198 - Create the Bounding Box (x,y)
2025-08-26 01:17:32,926 - INFO - composites.py:211 -                           
2025-08-26 01:17:32,926 - INFO - composites.py:212 - Connect to Planetary Computer STAC Catalog
2025-08-26 01:17:33,135 - INFO - composites.py:220 - Search the STAC Catalog
2025-08-26 01:17:33,206 - INFO - composites.py:232 -         Query parameters:
2025-08-26 01:17:33,207 - INFO - composites.py:233 -             url:          https://planetarycomputer.microsoft.com/api/stac/v1/search
2025-08-26 01:17:33,207 - INFO - composites.py:234 -             client:       microsoft-pc
2025-08-26 01:17:33,207 - INFO - composites.py:235 -             collection:   sentinel-2-l2a
2025-08-26 01:17:33,207 - INFO - composites.py:236 -             bbox:         (22.551446150749733, 38.14853968883684, 23.225034627134395, 38.70012671670289)
2025-08-26 01:17:33,207 - INFO - composites.py:237 -             time range:   2020-03-01T00:00:00Z/2020-03-31T23:59:59Z
2025-08-26 01:17:33,207 - INFO - composites.py:238 -             cloud cover:  0% - 70%
2025-08-26 01:17:33,207 - INFO - composites.py:239 -             nodata cover: 0% - 33%
2025-08-26 01:17:33,207 - INFO - composites.py:241 -                           
2025-08-26 01:17:33,207 - INFO - composites.py:242 - Searching...
2025-08-26 01:17:33,587 - INFO - composites.py:245 - Query found 4 items
2025-08-26 01:17:33,588 - INFO - composites.py:247 - Searching for GRI REFINED scenes:
2025-08-26 01:17:39,735 - INFO - sentinel2.py:78 - 1/4 - S2B_MSIL2A_20200329T092029_R093_T34SFH_20201020T204226 -> Not Found
2025-08-26 01:17:45,372 - INFO - sentinel2.py:78 - 2/4 - S2A_MSIL2A_20200324T092031_R093_T34SFH_20201018T204946 -> Not Found
2025-08-26 01:17:51,627 - INFO - sentinel2.py:78 - 3/4 - S2B_MSIL2A_20200319T092029_R093_T34SFH_20201012T164422 -> Not Found
2025-08-26 01:17:57,758 - INFO - sentinel2.py:78 - 4/4 - S2A_MSIL2A_20200314T092031_R093_T34SFH_20201009T235357 -> Not Found
2025-08-26 01:17:57,794 - INFO - composites.py:250 -                                  
2025-08-26 01:17:57,794 - INFO - composites.py:251 - 0/4 were refined by GRI.
2025-08-26 01:17:57,794 - WARNING - composites.py:255 - Tile x10_y11 | Time: 2020-03: All scenes are flagged NOT REFINED.
2025-08-26 01:17:57,794 - WARNING - composites.py:256 - Tile x10_y11 | Time: 2020-03: The composite will be flagged with _NOREFINED.
2025-08-26 01:17:57,794 - INFO - composites.py:263 - Looking for up to 10 cleanest images within spatiotemporal range of each MGRS tile
2025-08-26 01:17:57,795 - INFO - composites.py:277 - Filtered cleanest scenes: Kept 4 out of 4 items. 
2025-08-26 01:17:57,795 - INFO - composites.py:278 -         Included MGRS Tiles: ['34SFH']
2025-08-26 01:17:57,796 - INFO - composites.py:279 -         Included EPSG codes: [32634]
2025-08-26 01:17:57,796 - INFO - composites.py:281 - Selected scenes:
2025-08-26 01:17:57,796 - INFO - composites.py:283 -         S2B_MSIL2A_20200319T092029_R093_T34SFH_20201012T164422
2025-08-26 01:17:57,814 - INFO - composites.py:283 -         S2A_MSIL2A_20200314T092031_R093_T34SFH_20201009T235357
2025-08-26 01:17:57,829 - INFO - composites.py:283 -         S2B_MSIL2A_20200329T092029_R093_T34SFH_20201020T204226
2025-08-26 01:17:57,829 - INFO - composites.py:283 -         S2A_MSIL2A_20200324T092031_R093_T34SFH_20201018T204946
2025-08-26 01:17:58,152 - INFO - sentinel2.py:154 - Matplotlib backend: Agg
2025-08-26 01:17:58,300 - INFO - sentinel2.py:224 - Write input scenes footprint overlay: //nas-rs.topo.auth.gr/Latomeia/DROUGHT/composites/x10/y11/2020/03/01/S2L2A_medcomp_x10y11_202003_InDataFootprint.jpeg
2025-08-26 01:17:58,494 - INFO - composites.py:297 -                                  
2025-08-26 01:17:58,494 - INFO - composites.py:298 - Downstream STAC items from Planetary Computer
2025-08-26 01:17:58,494 - INFO - timeseries_processing.py:115 -                                  
2025-08-26 01:17:58,494 - INFO - timeseries_processing.py:116 - Loading bands of diferent resolutions in EPSG:32634
2025-08-26 01:17:58,494 - INFO - timeseries_processing.py:120 -     Filtering items with native UTM EPSG:32634
2025-08-26 01:17:58,494 - INFO - timeseries_processing.py:122 -     4 Items in EPSG:32634
2025-08-26 01:17:58,494 - INFO - timeseries_processing.py:129 -                        
2025-08-26 01:17:58,494 - INFO - timeseries_processing.py:130 -     Loading parameters:
2025-08-26 01:17:58,494 - INFO - timeseries_processing.py:131 -         Bands: ['B05', 'B07', 'B8A', 'SCL']
2025-08-26 01:17:58,494 - INFO - timeseries_processing.py:132 -         Spatial resolution: 20
2025-08-26 01:17:58,494 - INFO - timeseries_processing.py:134 -         Get Assets from STAC Items
2025-08-26 01:17:58,494 - INFO - timeseries_processing.py:47 -         Initialize the STAC client
2025-08-26 01:17:58,938 - INFO - timeseries_processing.py:137 -         Loading 4 STAC Items....
2025-08-26 01:18:28,665 - INFO - timeseries_processing.py:146 -         Cube has been downloaded
2025-08-26 01:18:28,666 - INFO - timeseries_processing.py:156 -         Fix order of dimensions
2025-08-26 01:18:28,667 - INFO - timeseries_processing.py:161 -         Append bands to the band-list of EPSG:32634
2025-08-26 01:18:28,667 - INFO - timeseries_processing.py:129 -                        
2025-08-26 01:18:28,668 - INFO - timeseries_processing.py:130 -     Loading parameters:
2025-08-26 01:18:28,668 - INFO - timeseries_processing.py:131 -         Bands: ['B02', 'B03', 'B04']
2025-08-26 01:18:28,669 - INFO - timeseries_processing.py:132 -         Spatial resolution: 10
2025-08-26 01:18:28,670 - INFO - timeseries_processing.py:134 -         Get Assets from STAC Items
2025-08-26 01:18:28,670 - INFO - timeseries_processing.py:47 -         Initialize the STAC client
2025-08-26 01:18:29,167 - INFO - timeseries_processing.py:137 -         Loading 4 STAC Items....
2025-08-26 01:19:42,885 - INFO - timeseries_processing.py:146 -         Cube has been downloaded
2025-08-26 01:19:42,885 - INFO - timeseries_processing.py:149 -         Reproject to downsample 10m bands to 20m by Resampling.average 2x2 binning and shape matching with odc.geo.GeoBox
2025-08-26 01:19:49,162 - INFO - timeseries_processing.py:161 -         Append bands to the band-list of EPSG:32634
2025-08-26 01:19:49,162 - INFO - timeseries_processing.py:165 -                        
2025-08-26 01:19:49,162 - INFO - timeseries_processing.py:166 -     Merging bands in a single dataset
2025-08-26 01:19:49,162 - INFO - timeseries_processing.py:167 -     Ensure all partial datasets are at (x=20, y=-20) resolution
2025-08-26 01:19:49,163 - INFO - timeseries_processing.py:171 -     Clip to the intersection of indexes
2025-08-26 01:19:50,231 - INFO - timeseries_processing.py:180 -     Make a list of bands to merge
2025-08-26 01:19:50,233 - INFO - timeseries_processing.py:184 -     Merge on intersection
2025-08-26 01:19:50,233 - INFO - timeseries_processing.py:192 -     Apply masks on clouds, shadows, thin cirrus, and snow/ice
2025-08-26 01:19:50,233 - INFO - sentinel2.py:122 -                Masking bits: [3, 7, 8, 9, 10, 11]
2025-08-26 01:19:50,736 - INFO - composites.py:307 - Reproject from UTM Zone to Tile geometry -> CRS(EPSG:32634), Resampling.bilinear
2025-08-26 01:19:53,519 - INFO - composites.py:310 -     New shape of datasets: Shape2d(x=2400, y=2400)
2025-08-26 01:19:54,070 - INFO - composites.py:342 - Creating preview plot of input scenes
2025-08-26 01:20:14,804 - INFO - timeseries_processing.py:349 - Saved preview for 'B04' to //nas-rs.topo.auth.gr/Latomeia/DROUGHT/composites/x10/y11/2020/03/01/S2L2A_medcomp_x10y11_202003_InDataPreview.jpeg
2025-08-26 01:20:14,807 - INFO - composites.py:348 - Clip value range
2025-08-26 01:20:15,624 - INFO - composites.py:353 -                           
2025-08-26 01:20:15,624 - INFO - composites.py:354 - Computing spectral indices:
2025-08-26 01:20:15,624 - INFO - composites.py:357 -     EVI...
2025-08-26 01:20:16,087 - INFO - composites.py:359 -     NDVI...
2025-08-26 01:20:16,252 - INFO - composites.py:361 -     PSRI2...
2025-08-26 01:20:16,359 - INFO - composites.py:364 - Clip to typical value range
2025-08-26 01:20:16,574 - INFO - composites.py:371 - Reducing to median value temporal composite
2025-08-26 01:20:40,224 - INFO - composites.py:390 - Scale and Define data types & nodata per band
2025-08-26 01:20:40,350 - INFO - composites.py:411 - Assign time range and tile ID in metadata
2025-08-26 01:20:40,350 - INFO - composites.py:419 - Write bands to raster COG files
2025-08-26 01:20:44,204 - INFO - composites.py:432 - Write B02 -> //nas-rs.topo.auth.gr/Latomeia/DROUGHT/composites/x10/y11/2020/03/01/S2L2A_medcomp_x10y11_202003_B02.tif
2025-08-26 01:20:48,188 - INFO - composites.py:432 - Write B03 -> //nas-rs.topo.auth.gr/Latomeia/DROUGHT/composites/x10/y11/2020/03/01/S2L2A_medcomp_x10y11_202003_B03.tif
2025-08-26 01:20:52,141 - INFO - composites.py:432 - Write B04 -> //nas-rs.topo.auth.gr/Latomeia/DROUGHT/composites/x10/y11/2020/03/01/S2L2A_medcomp_x10y11_202003_B04.tif
2025-08-26 01:20:56,079 - INFO - composites.py:432 - Write B05 -> //nas-rs.topo.auth.gr/Latomeia/DROUGHT/composites/x10/y11/2020/03/01/S2L2A_medcomp_x10y11_202003_B05.tif
2025-08-26 01:21:00,035 - INFO - composites.py:432 - Write B07 -> //nas-rs.topo.auth.gr/Latomeia/DROUGHT/composites/x10/y11/2020/03/01/S2L2A_medcomp_x10y11_202003_B07.tif
2025-08-26 01:21:03,994 - INFO - composites.py:432 - Write B8A -> //nas-rs.topo.auth.gr/Latomeia/DROUGHT/composites/x10/y11/2020/03/01/S2L2A_medcomp_x10y11_202003_B8A.tif
2025-08-26 01:21:07,940 - INFO - composites.py:432 - Write EVI -> //nas-rs.topo.auth.gr/Latomeia/DROUGHT/composites/x10/y11/2020/03/01/S2L2A_medcomp_x10y11_202003_EVI.tif
2025-08-26 01:21:11,924 - INFO - composites.py:432 - Write NDVI -> //nas-rs.topo.auth.gr/Latomeia/DROUGHT/composites/x10/y11/2020/03/01/S2L2A_medcomp_x10y11_202003_NDVI.tif
2025-08-26 01:21:16,127 - INFO - composites.py:432 - Write PSRI2 -> //nas-rs.topo.auth.gr/Latomeia/DROUGHT/composites/x10/y11/2020/03/01/S2L2A_medcomp_x10y11_202003_PSRI2.tif
2025-08-26 01:21:16,140 - INFO - composites.py:436 - Prepare metadata YAML document
2025-08-26 01:21:16,633 - INFO - composites.py:458 - Write metadata YAML document to disk
2025-08-26 01:21:16,668 - INFO - composites.py:463 - Create datacube.model.Dataset from eo3 metadata
2025-08-26 01:21:16,678 - INFO - composites.py:474 - Index to datacube
2025-08-26 01:21:16,678 - INFO - _datasets.py:191 - Indexing d1115c9c-eaaa-41ef-babd-938e2f6d7dae
2025-08-26 01:21:16,687 - INFO - composites.py:477 - 
2025-08-26 01:21:16,687 - INFO - composites.py:478 -              ✔✔✔ COMPLETED: Tile x10_y11 | Time: 2020-03 | In 3.82 minutes
2025-08-26 01:21:16,687 - INFO - composites.py:479 - 
2025-08-26 01:21:16,687 - INFO - composites.py:487 - Closing Dask client
2025-08-26 01:21:16,706 - INFO - composites.py:491 - Closing Dask cluster
2025-08-26 01:21:16,706 - INFO - composites.py:492 - #######################################################################
