2025-08-22 02:45:14,659 - INFO - composites.py:101 - #######################################################################
2025-08-22 02:45:14,660 - INFO - composites.py:103 - Processing started
2025-08-22 02:45:14,660 - INFO - composites.py:104 -         Tile: x09_y08
2025-08-22 02:45:14,660 - INFO - composites.py:105 -         Time: 2020-05
2025-08-22 02:45:14,660 - INFO - composites.py:108 -                           
2025-08-22 02:45:14,660 - INFO - composites.py:109 - Establishing connection to datacube
2025-08-22 02:45:15,183 - INFO - composites.py:112 -                           
2025-08-22 02:45:15,185 - INFO - composites.py:113 - Sanity test: Check if dataset already exists in the datacube
2025-08-22 02:45:15,201 - INFO - composites.py:132 - The composite requested was not found and it will be computed
2025-08-22 02:45:15,201 - INFO - composites.py:135 -                                  
2025-08-22 02:45:15,201 - INFO - composites.py:136 - Initializing Dask cluster for parallelization
2025-08-22 02:45:20,064 - INFO - composites.py:160 - Dask dashboard is available at: http://127.0.0.1:8787/status
2025-08-22 02:45:20,064 - INFO - composites.py:163 - Create directories and naming conversions
2025-08-22 02:45:20,071 - INFO - composites.py:174 - Dataset location: //nas-rs.topo.auth.gr/Latomeia/DROUGHT/COMPOS/2020/05/x09_y08
2025-08-22 02:45:20,071 - INFO - composites.py:177 -                           
2025-08-22 02:45:20,071 - INFO - composites.py:178 - Retrieve tile geometry
2025-08-22 02:45:20,099 - INFO - composites.py:189 - Create the Bounding Box (φ,λ)
2025-08-22 02:45:20,100 - INFO - composites.py:195 - Create the Bounding Box (x,y)
2025-08-22 02:45:20,100 - INFO - composites.py:208 -                           
2025-08-22 02:45:20,100 - INFO - composites.py:209 - Connect to Planetary Computer STAC Catalog
2025-08-22 02:45:20,309 - INFO - composites.py:217 - Search the STAC Catalog
2025-08-22 02:45:20,378 - INFO - composites.py:229 -         Query parameters:
2025-08-22 02:45:20,378 - INFO - composites.py:230 -             url:          https://planetarycomputer.microsoft.com/api/stac/v1/search
2025-08-22 02:45:20,378 - INFO - composites.py:231 -             client:       microsoft-pc
2025-08-22 02:45:20,378 - INFO - composites.py:232 -             collection:   sentinel-2-l2a
2025-08-22 02:45:20,379 - INFO - composites.py:233 -             bbox:         (21.78584004803282, 36.93347873319104, 22.44323109883715, 37.48202094723898)
2025-08-22 02:45:20,379 - INFO - composites.py:234 -             time range:   2020-05-01T00:00:00Z/2020-05-31T23:59:59Z
2025-08-22 02:45:20,379 - INFO - composites.py:235 -             cloud cover:  0% - 70%
2025-08-22 02:45:20,379 - INFO - composites.py:236 -             nodata cover: 0% - 33%
2025-08-22 02:45:20,379 - INFO - composites.py:238 -                           
2025-08-22 02:45:20,379 - INFO - composites.py:239 - Searching...
2025-08-22 02:45:20,877 - INFO - composites.py:242 - Query found 31 items
2025-08-22 02:45:20,877 - INFO - composites.py:244 - Searching for GRI REFINED scenes:
2025-08-22 02:45:26,835 - INFO - sentinel2.py:78 - 1/31 - S2A_MSIL2A_20200530T090601_R050_T34SFG_20200911T120336 -> Not Found
2025-08-22 02:45:32,372 - INFO - sentinel2.py:78 - 2/31 - S2A_MSIL2A_20200530T090601_R050_T34SFF_20200911T120341 -> Not Found
2025-08-22 02:45:38,079 - INFO - sentinel2.py:78 - 3/31 - S2B_MSIL2A_20200528T092029_R093_T34SFG_20200911T074408 -> Not Found
2025-08-22 02:45:44,246 - INFO - sentinel2.py:78 - 4/31 - S2B_MSIL2A_20200528T092029_R093_T34SFF_20200911T074407 -> Not Found
2025-08-22 02:45:49,074 - INFO - sentinel2.py:78 - 5/31 - S2B_MSIL2A_20200528T092029_R093_T34SEG_20200911T074411 -> Not Found
2025-08-22 02:45:54,527 - INFO - sentinel2.py:78 - 6/31 - S2B_MSIL2A_20200528T092029_R093_T34SEF_20200911T074406 -> Not Found
2025-08-22 02:45:59,684 - INFO - sentinel2.py:78 - 7/31 - S2B_MSIL2A_20200525T090559_R050_T34SFG_20200910T231842 -> Not Found
2025-08-22 02:46:05,295 - INFO - sentinel2.py:78 - 8/31 - S2B_MSIL2A_20200525T090559_R050_T34SFF_20200910T231836 -> Not Found
2025-08-22 02:46:10,282 - INFO - sentinel2.py:78 - 9/31 - S2A_MSIL2A_20200523T092031_R093_T34SFG_20200910T161220 -> Not Found
2025-08-22 02:46:16,135 - INFO - sentinel2.py:78 - 10/31 - S2A_MSIL2A_20200523T092031_R093_T34SFF_20200910T161142 -> Not Found
2025-08-22 02:46:22,813 - INFO - sentinel2.py:78 - 11/31 - S2A_MSIL2A_20200523T092031_R093_T34SEG_20200910T161139 -> Not Found
2025-08-22 02:46:28,260 - INFO - sentinel2.py:78 - 12/31 - S2A_MSIL2A_20200523T092031_R093_T34SEF_20200910T161138 -> Not Found
2025-08-22 02:46:33,754 - INFO - sentinel2.py:78 - 13/31 - S2A_MSIL2A_20200520T090601_R050_T34SFG_20200910T074202 -> Not Found
2025-08-22 02:46:38,738 - INFO - sentinel2.py:78 - 14/31 - S2A_MSIL2A_20200520T090601_R050_T34SFF_20200910T074202 -> Not Found
2025-08-22 02:46:44,586 - INFO - sentinel2.py:78 - 15/31 - S2B_MSIL2A_20200518T092029_R093_T34SFG_20200910T033457 -> Not Found
2025-08-22 02:46:50,087 - INFO - sentinel2.py:78 - 16/31 - S2B_MSIL2A_20200518T092029_R093_T34SFF_20200910T033452 -> Not Found
2025-08-22 02:46:55,572 - INFO - sentinel2.py:78 - 17/31 - S2B_MSIL2A_20200518T092029_R093_T34SEG_20200910T033457 -> Not Found
2025-08-22 02:47:00,733 - INFO - sentinel2.py:78 - 18/31 - S2B_MSIL2A_20200518T092029_R093_T34SEF_20201027T071127 -> Not Found
2025-08-22 02:47:05,794 - INFO - sentinel2.py:78 - 19/31 - S2B_MSIL2A_20200515T090559_R050_T34SFG_20200918T082413 -> Not Found
2025-08-22 02:47:11,382 - INFO - sentinel2.py:78 - 20/31 - S2B_MSIL2A_20200515T090559_R050_T34SFF_20200918T082413 -> Not Found
2025-08-22 02:47:16,881 - INFO - sentinel2.py:78 - 21/31 - S2A_MSIL2A_20200513T092031_R093_T34SFG_20200918T002820 -> Not Found
2025-08-22 02:47:22,321 - INFO - sentinel2.py:78 - 22/31 - S2A_MSIL2A_20200513T092031_R093_T34SFF_20200918T002812 -> Not Found
2025-08-22 02:47:27,265 - INFO - sentinel2.py:78 - 23/31 - S2A_MSIL2A_20200513T092031_R093_T34SEG_20200918T002814 -> Not Found
2025-08-22 02:47:33,280 - INFO - sentinel2.py:78 - 24/31 - S2A_MSIL2A_20200513T092031_R093_T34SEF_20200918T002813 -> Not Found
2025-08-22 02:47:40,815 - INFO - sentinel2.py:78 - 25/31 - S2B_MSIL2A_20200508T092029_R093_T34SFG_20200921T013442 -> Not Found
2025-08-22 02:47:45,865 - INFO - sentinel2.py:78 - 26/31 - S2B_MSIL2A_20200508T092029_R093_T34SFF_20200921T013437 -> Not Found
2025-08-22 02:47:50,949 - INFO - sentinel2.py:78 - 27/31 - S2B_MSIL2A_20200508T092029_R093_T34SEG_20200921T013431 -> Not Found
2025-08-22 02:47:56,756 - INFO - sentinel2.py:78 - 28/31 - S2B_MSIL2A_20200508T092029_R093_T34SEF_20200921T013429 -> Not Found
2025-08-22 02:48:01,736 - INFO - sentinel2.py:78 - 29/31 - S2B_MSIL2A_20200505T090549_R050_T34SFG_20200920T154652 -> Not Found
2025-08-22 02:48:07,400 - INFO - sentinel2.py:78 - 30/31 - S2B_MSIL2A_20200505T090549_R050_T34SFF_20200920T154647 -> Not Found
2025-08-22 02:48:12,212 - INFO - sentinel2.py:78 - 31/31 - S2A_MSIL2A_20200503T092031_R093_T34SFG_20200920T073233 -> Not Found
2025-08-22 02:48:12,250 - INFO - composites.py:247 -                                  
2025-08-22 02:48:12,251 - INFO - composites.py:248 - 0/31 were refined by GRI.
2025-08-22 02:48:12,251 - WARNING - composites.py:252 - Tile x09_y08 | Time: 2020-05: All scenes are flagged NOT REFINED.
2025-08-22 02:48:12,251 - WARNING - composites.py:253 - Tile x09_y08 | Time: 2020-05: The composite will be flagged with _NOREFINED.
2025-08-22 02:48:12,251 - INFO - composites.py:260 - Looking for up to 10 cleanest images within spatiotemporal range of each MGRS tile
2025-08-22 02:48:12,251 - INFO - composites.py:274 - Filtered cleanest scenes: Kept 30 out of 31 items. 
2025-08-22 02:48:12,257 - INFO - composites.py:275 -         Included MGRS Tiles: ['34SEF' '34SEG' '34SFF' '34SFG']
2025-08-22 02:48:12,257 - INFO - composites.py:276 -         Included EPSG codes: [32634]
2025-08-22 02:48:12,257 - INFO - composites.py:278 - Selected scenes:
2025-08-22 02:48:12,257 - INFO - composites.py:280 -         S2B_MSIL2A_20200518T092029_R093_T34SEF_20201027T071127
2025-08-22 02:48:12,257 - INFO - composites.py:280 -         S2B_MSIL2A_20200508T092029_R093_T34SEF_20200921T013429
2025-08-22 02:48:12,257 - INFO - composites.py:280 -         S2A_MSIL2A_20200513T092031_R093_T34SEF_20200918T002813
2025-08-22 02:48:12,257 - INFO - composites.py:280 -         S2A_MSIL2A_20200523T092031_R093_T34SEF_20200910T161138
2025-08-22 02:48:12,257 - INFO - composites.py:280 -         S2B_MSIL2A_20200528T092029_R093_T34SEF_20200911T074406
2025-08-22 02:48:12,257 - INFO - composites.py:280 -         S2B_MSIL2A_20200508T092029_R093_T34SEG_20200921T013431
2025-08-22 02:48:12,257 - INFO - composites.py:280 -         S2A_MSIL2A_20200513T092031_R093_T34SEG_20200918T002814
2025-08-22 02:48:12,257 - INFO - composites.py:280 -         S2B_MSIL2A_20200518T092029_R093_T34SEG_20200910T033457
2025-08-22 02:48:12,257 - INFO - composites.py:280 -         S2A_MSIL2A_20200523T092031_R093_T34SEG_20200910T161139
2025-08-22 02:48:12,257 - INFO - composites.py:280 -         S2B_MSIL2A_20200528T092029_R093_T34SEG_20200911T074411
2025-08-22 02:48:12,257 - INFO - composites.py:280 -         S2B_MSIL2A_20200508T092029_R093_T34SFF_20200921T013437
2025-08-22 02:48:12,257 - INFO - composites.py:280 -         S2B_MSIL2A_20200505T090549_R050_T34SFF_20200920T154647
2025-08-22 02:48:12,257 - INFO - composites.py:280 -         S2B_MSIL2A_20200515T090559_R050_T34SFF_20200918T082413
2025-08-22 02:48:12,257 - INFO - composites.py:280 -         S2B_MSIL2A_20200525T090559_R050_T34SFF_20200910T231836
2025-08-22 02:48:12,257 - INFO - composites.py:280 -         S2A_MSIL2A_20200520T090601_R050_T34SFF_20200910T074202
2025-08-22 02:48:12,257 - INFO - composites.py:280 -         S2B_MSIL2A_20200518T092029_R093_T34SFF_20200910T033452
2025-08-22 02:48:12,257 - INFO - composites.py:280 -         S2A_MSIL2A_20200513T092031_R093_T34SFF_20200918T002812
2025-08-22 02:48:12,257 - INFO - composites.py:280 -         S2A_MSIL2A_20200530T090601_R050_T34SFF_20200911T120341
2025-08-22 02:48:12,257 - INFO - composites.py:280 -         S2A_MSIL2A_20200523T092031_R093_T34SFF_20200910T161142
2025-08-22 02:48:12,257 - INFO - composites.py:280 -         S2B_MSIL2A_20200528T092029_R093_T34SFF_20200911T074407
2025-08-22 02:48:12,257 - INFO - composites.py:280 -         S2B_MSIL2A_20200508T092029_R093_T34SFG_20200921T013442
2025-08-22 02:48:12,259 - INFO - composites.py:280 -         S2B_MSIL2A_20200505T090549_R050_T34SFG_20200920T154652
2025-08-22 02:48:12,259 - INFO - composites.py:280 -         S2B_MSIL2A_20200515T090559_R050_T34SFG_20200918T082413
2025-08-22 02:48:12,259 - INFO - composites.py:280 -         S2A_MSIL2A_20200513T092031_R093_T34SFG_20200918T002820
2025-08-22 02:48:12,259 - INFO - composites.py:280 -         S2B_MSIL2A_20200518T092029_R093_T34SFG_20200910T033457
2025-08-22 02:48:12,259 - INFO - composites.py:280 -         S2A_MSIL2A_20200520T090601_R050_T34SFG_20200910T074202
2025-08-22 02:48:12,259 - INFO - composites.py:280 -         S2A_MSIL2A_20200530T090601_R050_T34SFG_20200911T120336
2025-08-22 02:48:12,259 - INFO - composites.py:280 -         S2A_MSIL2A_20200523T092031_R093_T34SFG_20200910T161220
2025-08-22 02:48:12,259 - INFO - composites.py:280 -         S2B_MSIL2A_20200525T090559_R050_T34SFG_20200910T231842
2025-08-22 02:48:12,259 - INFO - composites.py:280 -         S2B_MSIL2A_20200528T092029_R093_T34SFG_20200911T074408
2025-08-22 02:48:12,708 - INFO - sentinel2.py:154 - Matplotlib backend: Agg
2025-08-22 02:48:12,962 - INFO - sentinel2.py:224 - Write input scenes footprint overlay: //nas-rs.topo.auth.gr/Latomeia/DROUGHT/COMPOS/2020/05/x09_y08/S2L2A_medcomp_x09_y08_202005_InDataFootprint.jpeg
2025-08-22 02:48:13,223 - INFO - composites.py:294 -                                  
2025-08-22 02:48:13,223 - INFO - composites.py:295 - Downstream STAC items from Planetary Computer
2025-08-22 02:48:13,223 - INFO - timeseries_processing.py:115 -                                  
2025-08-22 02:48:13,223 - INFO - timeseries_processing.py:116 - Loading bands of diferent resolutions in EPSG:32634
2025-08-22 02:48:13,223 - INFO - timeseries_processing.py:120 -     Filtering items with native UTM EPSG:32634
2025-08-22 02:48:13,223 - INFO - timeseries_processing.py:122 -     30 Items in EPSG:32634
2025-08-22 02:48:13,223 - INFO - timeseries_processing.py:129 -                        
2025-08-22 02:48:13,223 - INFO - timeseries_processing.py:130 -     Loading parameters:
2025-08-22 02:48:13,223 - INFO - timeseries_processing.py:131 -         Bands: ['B05', 'B07', 'B8A', 'SCL']
2025-08-22 02:48:13,223 - INFO - timeseries_processing.py:132 -         Spatial resolution: 20
2025-08-22 02:48:13,223 - INFO - timeseries_processing.py:134 -         Get Assets from STAC Items
2025-08-22 02:48:13,223 - INFO - timeseries_processing.py:47 -         Initialize the STAC client
2025-08-22 02:48:13,838 - INFO - timeseries_processing.py:137 -         Loading 30 STAC Items....
2025-08-22 02:49:30,994 - INFO - timeseries_processing.py:146 -         Cube has been downloaded
2025-08-22 02:49:30,994 - INFO - timeseries_processing.py:156 -         Fix order of dimensions
2025-08-22 02:49:30,996 - INFO - timeseries_processing.py:161 -         Append bands to the band-list of EPSG:32634
2025-08-22 02:49:30,996 - INFO - timeseries_processing.py:129 -                        
2025-08-22 02:49:30,996 - INFO - timeseries_processing.py:130 -     Loading parameters:
2025-08-22 02:49:30,996 - INFO - timeseries_processing.py:131 -         Bands: ['B02', 'B03', 'B04']
2025-08-22 02:49:30,996 - INFO - timeseries_processing.py:132 -         Spatial resolution: 10
2025-08-22 02:49:30,999 - INFO - timeseries_processing.py:134 -         Get Assets from STAC Items
2025-08-22 02:49:31,000 - INFO - timeseries_processing.py:47 -         Initialize the STAC client
2025-08-22 02:49:31,650 - INFO - timeseries_processing.py:137 -         Loading 30 STAC Items....
2025-08-22 02:53:41,103 - INFO - timeseries_processing.py:146 -         Cube has been downloaded
2025-08-22 02:53:41,103 - INFO - timeseries_processing.py:149 -         Reproject to downsample 10m bands to 20m by Resampling.average 2x2 binning and shape matching with odc.geo.GeoBox
2025-08-22 02:53:54,613 - INFO - timeseries_processing.py:161 -         Append bands to the band-list of EPSG:32634
2025-08-22 02:53:54,613 - INFO - timeseries_processing.py:165 -                        
2025-08-22 02:53:54,613 - INFO - timeseries_processing.py:166 -     Merging bands in a single dataset
2025-08-22 02:53:54,613 - INFO - timeseries_processing.py:167 -     Ensure all partial datasets are at (x=20, y=-20) resolution
2025-08-22 02:53:54,614 - INFO - timeseries_processing.py:171 -     Clip to the intersection of indexes
2025-08-22 02:53:55,857 - INFO - timeseries_processing.py:180 -     Make a list of bands to merge
2025-08-22 02:53:55,858 - INFO - timeseries_processing.py:184 -     Merge on intersection
2025-08-22 02:53:55,858 - INFO - timeseries_processing.py:192 -     Apply masks on clouds, shadows, thin cirrus, and snow/ice
2025-08-22 02:53:55,858 - INFO - sentinel2.py:122 -                Masking bits: [3, 7, 8, 9, 10, 11]
2025-08-22 02:53:57,044 - INFO - composites.py:304 - Reproject from UTM Zone to Tile geometry -> CRS(EPSG:32634), Resampling.bilinear
2025-08-22 02:54:03,616 - INFO - composites.py:307 -     New shape of datasets: Shape2d(x=2400, y=2400)
2025-08-22 02:54:04,206 - INFO - composites.py:339 - Creating preview plot of input scenes
2025-08-22 02:54:37,044 - INFO - timeseries_processing.py:349 - Saved preview for 'B04' to //nas-rs.topo.auth.gr/Latomeia/DROUGHT/COMPOS/2020/05/x09_y08/S2L2A_medcomp_x09_y08_202005_InDataPreview.jpeg
2025-08-22 02:54:37,071 - INFO - composites.py:345 - Clip value range
2025-08-22 02:54:39,198 - INFO - composites.py:350 -                           
2025-08-22 02:54:39,206 - INFO - composites.py:351 - Computing spectral indices:
2025-08-22 02:54:39,206 - INFO - composites.py:354 -     EVI...
2025-08-22 02:54:40,537 - INFO - composites.py:356 -     NDVI...
2025-08-22 02:54:40,828 - INFO - composites.py:358 -     PSRI2...
2025-08-22 02:54:41,267 - INFO - composites.py:361 - Clip to typical value range
2025-08-22 02:54:41,709 - INFO - composites.py:368 - Reducing to median value temporal composite
2025-08-22 02:55:07,861 - INFO - composites.py:387 - Define data types and nodata per band
2025-08-22 02:55:08,019 - INFO - composites.py:408 - Assign time range and tile ID in metadata
2025-08-22 02:55:08,019 - INFO - composites.py:416 - Write bands to raster COG files
2025-08-22 02:55:12,062 - INFO - composites.py:429 - Write B02 -> //nas-rs.topo.auth.gr/Latomeia/DROUGHT/COMPOS/2020/05/x09_y08/S2L2A_medcomp_x09_y08_202005_B02.tif
2025-08-22 02:55:15,918 - INFO - composites.py:429 - Write B03 -> //nas-rs.topo.auth.gr/Latomeia/DROUGHT/COMPOS/2020/05/x09_y08/S2L2A_medcomp_x09_y08_202005_B03.tif
2025-08-22 02:55:19,869 - INFO - composites.py:429 - Write B04 -> //nas-rs.topo.auth.gr/Latomeia/DROUGHT/COMPOS/2020/05/x09_y08/S2L2A_medcomp_x09_y08_202005_B04.tif
2025-08-22 02:55:23,803 - INFO - composites.py:429 - Write B05 -> //nas-rs.topo.auth.gr/Latomeia/DROUGHT/COMPOS/2020/05/x09_y08/S2L2A_medcomp_x09_y08_202005_B05.tif
2025-08-22 02:55:27,573 - INFO - composites.py:429 - Write B07 -> //nas-rs.topo.auth.gr/Latomeia/DROUGHT/COMPOS/2020/05/x09_y08/S2L2A_medcomp_x09_y08_202005_B07.tif
2025-08-22 02:55:31,340 - INFO - composites.py:429 - Write B8A -> //nas-rs.topo.auth.gr/Latomeia/DROUGHT/COMPOS/2020/05/x09_y08/S2L2A_medcomp_x09_y08_202005_B8A.tif
2025-08-22 02:55:35,109 - INFO - composites.py:429 - Write EVI -> //nas-rs.topo.auth.gr/Latomeia/DROUGHT/COMPOS/2020/05/x09_y08/S2L2A_medcomp_x09_y08_202005_evi.tif
2025-08-22 02:55:38,947 - INFO - composites.py:429 - Write NDVI -> //nas-rs.topo.auth.gr/Latomeia/DROUGHT/COMPOS/2020/05/x09_y08/S2L2A_medcomp_x09_y08_202005_ndvi.tif
2025-08-22 02:55:43,083 - INFO - composites.py:429 - Write PSRI2 -> //nas-rs.topo.auth.gr/Latomeia/DROUGHT/COMPOS/2020/05/x09_y08/S2L2A_medcomp_x09_y08_202005_psri2.tif
2025-08-22 02:55:43,084 - INFO - composites.py:433 - Prepare metadata YAML document
2025-08-22 02:55:43,777 - INFO - composites.py:454 - Write metadata YAML document to disk
2025-08-22 02:55:43,803 - INFO - composites.py:459 - Create datacube.model.Dataset from eo3 metadata
2025-08-22 02:55:43,814 - INFO - composites.py:470 - Index to datacube
2025-08-22 02:55:43,814 - INFO - _datasets.py:191 - Indexing f4f2d621-0051-4891-9442-838f73688c28
2025-08-22 02:55:43,823 - INFO - composites.py:473 - 
2025-08-22 02:55:43,823 - INFO - composites.py:474 -              ✔✔✔ COMPLETED: Tile x09_y08 | Time: 2020-05 | In 10.49 minutes
2025-08-22 02:55:43,823 - INFO - composites.py:475 - 
2025-08-22 02:55:43,823 - INFO - composites.py:483 - Closing Dask client
2025-08-22 02:55:43,825 - INFO - composites.py:487 - Closing Dask cluster
2025-08-22 02:55:43,825 - INFO - composites.py:488 - #######################################################################
