2025-08-22 09:14:51,818 - INFO - composites.py:101 - #######################################################################
2025-08-22 09:14:51,818 - INFO - composites.py:103 - Processing started
2025-08-22 09:14:51,818 - INFO - composites.py:104 -         Tile: x09_y08
2025-08-22 09:14:51,818 - INFO - composites.py:105 -         Time: 2020-07
2025-08-22 09:14:51,818 - INFO - composites.py:108 -                           
2025-08-22 09:14:51,818 - INFO - composites.py:109 - Establishing connection to datacube
2025-08-22 09:14:52,346 - INFO - composites.py:112 -                           
2025-08-22 09:14:52,346 - INFO - composites.py:113 - Sanity test: Check if dataset already exists in the datacube
2025-08-22 09:14:52,364 - INFO - composites.py:132 - The composite requested was not found and it will be computed
2025-08-22 09:14:52,364 - INFO - composites.py:135 -                                  
2025-08-22 09:14:52,364 - INFO - composites.py:136 - Initializing Dask cluster for parallelization
2025-08-22 09:14:57,432 - INFO - composites.py:160 - Dask dashboard is available at: http://127.0.0.1:8787/status
2025-08-22 09:14:57,432 - INFO - composites.py:163 - Create directories and naming conversions
2025-08-22 09:14:57,439 - INFO - composites.py:174 - Dataset location: //nas-rs.topo.auth.gr/Latomeia/DROUGHT/COMPOS/2020/07/x09_y08
2025-08-22 09:14:57,439 - INFO - composites.py:177 -                           
2025-08-22 09:14:57,439 - INFO - composites.py:178 - Retrieve tile geometry
2025-08-22 09:14:57,468 - INFO - composites.py:189 - Create the Bounding Box (φ,λ)
2025-08-22 09:14:57,468 - INFO - composites.py:195 - Create the Bounding Box (x,y)
2025-08-22 09:14:57,468 - INFO - composites.py:208 -                           
2025-08-22 09:14:57,469 - INFO - composites.py:209 - Connect to Planetary Computer STAC Catalog
2025-08-22 09:14:57,671 - INFO - composites.py:217 - Search the STAC Catalog
2025-08-22 09:14:57,740 - INFO - composites.py:229 -         Query parameters:
2025-08-22 09:14:57,740 - INFO - composites.py:230 -             url:          https://planetarycomputer.microsoft.com/api/stac/v1/search
2025-08-22 09:14:57,740 - INFO - composites.py:231 -             client:       microsoft-pc
2025-08-22 09:14:57,740 - INFO - composites.py:232 -             collection:   sentinel-2-l2a
2025-08-22 09:14:57,740 - INFO - composites.py:233 -             bbox:         (21.78584004803282, 36.93347873319104, 22.44323109883715, 37.48202094723898)
2025-08-22 09:14:57,740 - INFO - composites.py:234 -             time range:   2020-07-01T00:00:00Z/2020-07-31T23:59:59Z
2025-08-22 09:14:57,740 - INFO - composites.py:235 -             cloud cover:  0% - 70%
2025-08-22 09:14:57,740 - INFO - composites.py:236 -             nodata cover: 0% - 33%
2025-08-22 09:14:57,740 - INFO - composites.py:238 -                           
2025-08-22 09:14:57,740 - INFO - composites.py:239 - Searching...
2025-08-22 09:14:58,250 - INFO - composites.py:242 - Query found 36 items
2025-08-22 09:14:58,250 - INFO - composites.py:244 - Searching for GRI REFINED scenes:
2025-08-22 09:15:03,099 - INFO - sentinel2.py:78 - 1/36 - S2A_MSIL2A_20200729T090601_R050_T34SFG_20200908T172959 -> Not Found
2025-08-22 09:15:08,805 - INFO - sentinel2.py:78 - 2/36 - S2A_MSIL2A_20200729T090601_R050_T34SFF_20200817T235648 -> Not Found
2025-08-22 09:15:13,967 - INFO - sentinel2.py:78 - 3/36 - S2B_MSIL2A_20200727T092029_R093_T34SFG_20200817T190503 -> Not Found
2025-08-22 09:15:19,553 - INFO - sentinel2.py:78 - 4/36 - S2B_MSIL2A_20200727T092029_R093_T34SFF_20200817T190504 -> Not Found
2025-08-22 09:15:25,346 - INFO - sentinel2.py:78 - 5/36 - S2B_MSIL2A_20200727T092029_R093_T34SEG_20200817T190501 -> Not Found
2025-08-22 09:15:31,174 - INFO - sentinel2.py:78 - 6/36 - S2B_MSIL2A_20200727T092029_R093_T34SEF_20200817T190500 -> Not Found
2025-08-22 09:15:36,768 - INFO - sentinel2.py:78 - 7/36 - S2B_MSIL2A_20200724T090559_R050_T34SFG_20200817T095607 -> Not Found
2025-08-22 09:15:42,474 - INFO - sentinel2.py:78 - 8/36 - S2B_MSIL2A_20200724T090559_R050_T34SFF_20200817T095606 -> Not Found
2025-08-22 09:15:48,056 - INFO - sentinel2.py:78 - 9/36 - S2A_MSIL2A_20200722T092031_R093_T34SFG_20200817T022438 -> Not Found
2025-08-22 09:15:53,724 - INFO - sentinel2.py:78 - 10/36 - S2A_MSIL2A_20200722T092031_R093_T34SFF_20200817T022441 -> Not Found
2025-08-22 09:15:59,225 - INFO - sentinel2.py:78 - 11/36 - S2A_MSIL2A_20200722T092031_R093_T34SEG_20200817T022436 -> Not Found
2025-08-22 09:16:05,155 - INFO - sentinel2.py:78 - 12/36 - S2A_MSIL2A_20200722T092031_R093_T34SEF_20200817T022435 -> Not Found
2025-08-22 09:16:10,485 - INFO - sentinel2.py:78 - 13/36 - S2A_MSIL2A_20200719T090601_R050_T34SFG_20200816T171203 -> Not Found
2025-08-22 09:16:16,348 - INFO - sentinel2.py:78 - 14/36 - S2A_MSIL2A_20200719T090601_R050_T34SFF_20200816T171204 -> Not Found
2025-08-22 09:16:22,113 - INFO - sentinel2.py:78 - 15/36 - S2B_MSIL2A_20200717T092029_R093_T34SFG_20200816T124331 -> Not Found
2025-08-22 09:16:27,355 - INFO - sentinel2.py:78 - 16/36 - S2B_MSIL2A_20200717T092029_R093_T34SFF_20200816T124325 -> Not Found
2025-08-22 09:16:33,033 - INFO - sentinel2.py:78 - 17/36 - S2B_MSIL2A_20200717T092029_R093_T34SEG_20200816T124327 -> Not Found
2025-08-22 09:16:38,408 - INFO - sentinel2.py:78 - 18/36 - S2B_MSIL2A_20200717T092029_R093_T34SEF_20200816T124326 -> Not Found
2025-08-22 09:16:43,871 - INFO - sentinel2.py:78 - 19/36 - S2B_MSIL2A_20200714T090559_R050_T34SFG_20200913T045722 -> Not Found
2025-08-22 09:16:48,815 - INFO - sentinel2.py:78 - 20/36 - S2B_MSIL2A_20200714T090559_R050_T34SFF_20200913T045721 -> Not Found
2025-08-22 09:16:53,572 - INFO - sentinel2.py:78 - 21/36 - S2A_MSIL2A_20200712T092031_R093_T34SFG_20200912T221247 -> Not Found
2025-08-22 09:16:58,502 - INFO - sentinel2.py:78 - 22/36 - S2A_MSIL2A_20200712T092031_R093_T34SFF_20200912T221246 -> Not Found
2025-08-22 09:17:04,307 - INFO - sentinel2.py:78 - 23/36 - S2A_MSIL2A_20200712T092031_R093_T34SEG_20200912T221243 -> Not Found
2025-08-22 09:17:09,372 - INFO - sentinel2.py:78 - 24/36 - S2A_MSIL2A_20200712T092031_R093_T34SEF_20200912T221249 -> Not Found
2025-08-22 09:17:15,173 - INFO - sentinel2.py:78 - 25/36 - S2A_MSIL2A_20200709T090601_R050_T34SFG_20200912T134953 -> Not Found
2025-08-22 09:17:20,335 - INFO - sentinel2.py:78 - 26/36 - S2A_MSIL2A_20200709T090601_R050_T34SFF_20200912T134959 -> Not Found
2025-08-22 09:17:25,739 - INFO - sentinel2.py:78 - 27/36 - S2B_MSIL2A_20200707T092029_R093_T34SFG_20201027T081741 -> Not Found
2025-08-22 09:17:31,508 - INFO - sentinel2.py:78 - 28/36 - S2B_MSIL2A_20200707T092029_R093_T34SFF_20201027T081735 -> Not Found
2025-08-22 09:17:37,321 - INFO - sentinel2.py:78 - 29/36 - S2B_MSIL2A_20200707T092029_R093_T34SEG_20201027T081748 -> Not Found
2025-08-22 09:17:42,381 - INFO - sentinel2.py:78 - 30/36 - S2B_MSIL2A_20200707T092029_R093_T34SEF_20200912T092014 -> Not Found
2025-08-22 09:17:47,707 - INFO - sentinel2.py:78 - 31/36 - S2B_MSIL2A_20200704T090559_R050_T34SFG_20200825T052319 -> Not Found
2025-08-22 09:17:52,816 - INFO - sentinel2.py:78 - 32/36 - S2B_MSIL2A_20200704T090559_R050_T34SFF_20200908T172947 -> Not Found
2025-08-22 09:17:58,571 - INFO - sentinel2.py:78 - 33/36 - S2A_MSIL2A_20200702T092031_R093_T34SFG_20200824T221404 -> Not Found
2025-08-22 09:18:03,855 - INFO - sentinel2.py:78 - 34/36 - S2A_MSIL2A_20200702T092031_R093_T34SFF_20200824T221359 -> Not Found
2025-08-22 09:18:08,890 - INFO - sentinel2.py:78 - 35/36 - S2A_MSIL2A_20200702T092031_R093_T34SEG_20200824T221353 -> Not Found
2025-08-22 09:18:13,630 - INFO - sentinel2.py:78 - 36/36 - S2A_MSIL2A_20200702T092031_R093_T34SEF_20200824T221352 -> Not Found
2025-08-22 09:18:13,669 - INFO - composites.py:247 -                                  
2025-08-22 09:18:13,670 - INFO - composites.py:248 - 0/36 were refined by GRI.
2025-08-22 09:18:13,670 - WARNING - composites.py:252 - Tile x09_y08 | Time: 2020-07: All scenes are flagged NOT REFINED.
2025-08-22 09:18:13,670 - WARNING - composites.py:253 - Tile x09_y08 | Time: 2020-07: The composite will be flagged with _NOREFINED.
2025-08-22 09:18:13,671 - INFO - composites.py:260 - Looking for up to 10 cleanest images within spatiotemporal range of each MGRS tile
2025-08-22 09:18:13,671 - INFO - composites.py:274 - Filtered cleanest scenes: Kept 32 out of 36 items. 
2025-08-22 09:18:13,672 - INFO - composites.py:275 -         Included MGRS Tiles: ['34SEF' '34SEG' '34SFF' '34SFG']
2025-08-22 09:18:13,672 - INFO - composites.py:276 -         Included EPSG codes: [32634]
2025-08-22 09:18:13,672 - INFO - composites.py:278 - Selected scenes:
2025-08-22 09:18:13,672 - INFO - composites.py:280 -         S2B_MSIL2A_20200727T092029_R093_T34SEF_20200817T190500
2025-08-22 09:18:13,673 - INFO - composites.py:280 -         S2A_MSIL2A_20200712T092031_R093_T34SEF_20200912T221249
2025-08-22 09:18:13,673 - INFO - composites.py:280 -         S2A_MSIL2A_20200722T092031_R093_T34SEF_20200817T022435
2025-08-22 09:18:13,673 - INFO - composites.py:280 -         S2B_MSIL2A_20200707T092029_R093_T34SEF_20200912T092014
2025-08-22 09:18:13,673 - INFO - composites.py:280 -         S2A_MSIL2A_20200702T092031_R093_T34SEF_20200824T221352
2025-08-22 09:18:13,673 - INFO - composites.py:280 -         S2B_MSIL2A_20200717T092029_R093_T34SEF_20200816T124326
2025-08-22 09:18:13,673 - INFO - composites.py:280 -         S2A_MSIL2A_20200712T092031_R093_T34SEG_20200912T221243
2025-08-22 09:18:13,673 - INFO - composites.py:280 -         S2A_MSIL2A_20200722T092031_R093_T34SEG_20200817T022436
2025-08-22 09:18:13,673 - INFO - composites.py:280 -         S2A_MSIL2A_20200702T092031_R093_T34SEG_20200824T221353
2025-08-22 09:18:13,673 - INFO - composites.py:280 -         S2B_MSIL2A_20200727T092029_R093_T34SEG_20200817T190501
2025-08-22 09:18:13,673 - INFO - composites.py:280 -         S2B_MSIL2A_20200707T092029_R093_T34SEG_20201027T081748
2025-08-22 09:18:13,673 - INFO - composites.py:280 -         S2B_MSIL2A_20200717T092029_R093_T34SEG_20200816T124327
2025-08-22 09:18:13,674 - INFO - composites.py:280 -         S2B_MSIL2A_20200724T090559_R050_T34SFF_20200817T095606
2025-08-22 09:18:13,674 - INFO - composites.py:280 -         S2A_MSIL2A_20200729T090601_R050_T34SFF_20200817T235648
2025-08-22 09:18:13,674 - INFO - composites.py:280 -         S2A_MSIL2A_20200722T092031_R093_T34SFF_20200817T022441
2025-08-22 09:18:13,674 - INFO - composites.py:280 -         S2A_MSIL2A_20200719T090601_R050_T34SFF_20200816T171204
2025-08-22 09:18:13,674 - INFO - composites.py:280 -         S2B_MSIL2A_20200704T090559_R050_T34SFF_20200908T172947
2025-08-22 09:18:13,674 - INFO - composites.py:280 -         S2B_MSIL2A_20200727T092029_R093_T34SFF_20200817T190504
2025-08-22 09:18:13,674 - INFO - composites.py:280 -         S2B_MSIL2A_20200717T092029_R093_T34SFF_20200816T124325
2025-08-22 09:18:13,674 - INFO - composites.py:280 -         S2B_MSIL2A_20200714T090559_R050_T34SFF_20200913T045721
2025-08-22 09:18:13,674 - INFO - composites.py:280 -         S2A_MSIL2A_20200709T090601_R050_T34SFF_20200912T134959
2025-08-22 09:18:13,674 - INFO - composites.py:280 -         S2A_MSIL2A_20200712T092031_R093_T34SFF_20200912T221246
2025-08-22 09:18:13,674 - INFO - composites.py:280 -         S2B_MSIL2A_20200724T090559_R050_T34SFG_20200817T095607
2025-08-22 09:18:13,674 - INFO - composites.py:280 -         S2A_MSIL2A_20200729T090601_R050_T34SFG_20200908T172959
2025-08-22 09:18:13,674 - INFO - composites.py:280 -         S2A_MSIL2A_20200722T092031_R093_T34SFG_20200817T022438
2025-08-22 09:18:13,674 - INFO - composites.py:280 -         S2A_MSIL2A_20200719T090601_R050_T34SFG_20200816T171203
2025-08-22 09:18:13,674 - INFO - composites.py:280 -         S2B_MSIL2A_20200727T092029_R093_T34SFG_20200817T190503
2025-08-22 09:18:13,674 - INFO - composites.py:280 -         S2B_MSIL2A_20200704T090559_R050_T34SFG_20200825T052319
2025-08-22 09:18:13,674 - INFO - composites.py:280 -         S2A_MSIL2A_20200712T092031_R093_T34SFG_20200912T221247
2025-08-22 09:18:13,674 - INFO - composites.py:280 -         S2A_MSIL2A_20200702T092031_R093_T34SFG_20200824T221404
2025-08-22 09:18:13,674 - INFO - composites.py:280 -         S2B_MSIL2A_20200714T090559_R050_T34SFG_20200913T045722
2025-08-22 09:18:13,674 - INFO - composites.py:280 -         S2B_MSIL2A_20200717T092029_R093_T34SFG_20200816T124331
2025-08-22 09:18:14,125 - INFO - sentinel2.py:154 - Matplotlib backend: Agg
2025-08-22 09:18:14,367 - INFO - sentinel2.py:224 - Write input scenes footprint overlay: //nas-rs.topo.auth.gr/Latomeia/DROUGHT/COMPOS/2020/07/x09_y08/S2L2A_medcomp_x09_y08_202007_InDataFootprint.jpeg
2025-08-22 09:18:14,641 - INFO - composites.py:294 -                                  
2025-08-22 09:18:14,641 - INFO - composites.py:295 - Downstream STAC items from Planetary Computer
2025-08-22 09:18:14,641 - INFO - timeseries_processing.py:115 -                                  
2025-08-22 09:18:14,641 - INFO - timeseries_processing.py:116 - Loading bands of diferent resolutions in EPSG:32634
2025-08-22 09:18:14,641 - INFO - timeseries_processing.py:120 -     Filtering items with native UTM EPSG:32634
2025-08-22 09:18:14,641 - INFO - timeseries_processing.py:122 -     32 Items in EPSG:32634
2025-08-22 09:18:14,641 - INFO - timeseries_processing.py:129 -                        
2025-08-22 09:18:14,641 - INFO - timeseries_processing.py:130 -     Loading parameters:
2025-08-22 09:18:14,642 - INFO - timeseries_processing.py:131 -         Bands: ['B05', 'B07', 'B8A', 'SCL']
2025-08-22 09:18:14,642 - INFO - timeseries_processing.py:132 -         Spatial resolution: 20
2025-08-22 09:18:14,642 - INFO - timeseries_processing.py:134 -         Get Assets from STAC Items
2025-08-22 09:18:14,642 - INFO - timeseries_processing.py:47 -         Initialize the STAC client
2025-08-22 09:18:15,283 - INFO - timeseries_processing.py:137 -         Loading 32 STAC Items....
2025-08-22 09:19:32,570 - INFO - timeseries_processing.py:146 -         Cube has been downloaded
2025-08-22 09:19:32,570 - INFO - timeseries_processing.py:156 -         Fix order of dimensions
2025-08-22 09:19:32,572 - INFO - timeseries_processing.py:161 -         Append bands to the band-list of EPSG:32634
2025-08-22 09:19:32,572 - INFO - timeseries_processing.py:129 -                        
2025-08-22 09:19:32,572 - INFO - timeseries_processing.py:130 -     Loading parameters:
2025-08-22 09:19:32,572 - INFO - timeseries_processing.py:131 -         Bands: ['B02', 'B03', 'B04']
2025-08-22 09:19:32,572 - INFO - timeseries_processing.py:132 -         Spatial resolution: 10
2025-08-22 09:19:32,572 - INFO - timeseries_processing.py:134 -         Get Assets from STAC Items
2025-08-22 09:19:32,573 - INFO - timeseries_processing.py:47 -         Initialize the STAC client
2025-08-22 09:19:33,241 - INFO - timeseries_processing.py:137 -         Loading 32 STAC Items....
2025-08-22 09:23:53,745 - INFO - timeseries_processing.py:146 -         Cube has been downloaded
2025-08-22 09:23:53,745 - INFO - timeseries_processing.py:149 -         Reproject to downsample 10m bands to 20m by Resampling.average 2x2 binning and shape matching with odc.geo.GeoBox
2025-08-22 09:24:09,978 - INFO - timeseries_processing.py:161 -         Append bands to the band-list of EPSG:32634
2025-08-22 09:24:09,978 - INFO - timeseries_processing.py:165 -                        
2025-08-22 09:24:09,978 - INFO - timeseries_processing.py:166 -     Merging bands in a single dataset
2025-08-22 09:24:09,978 - INFO - timeseries_processing.py:167 -     Ensure all partial datasets are at (x=20, y=-20) resolution
2025-08-22 09:24:09,978 - INFO - timeseries_processing.py:171 -     Clip to the intersection of indexes
2025-08-22 09:24:11,281 - INFO - timeseries_processing.py:180 -     Make a list of bands to merge
2025-08-22 09:24:11,281 - INFO - timeseries_processing.py:184 -     Merge on intersection
2025-08-22 09:24:11,283 - INFO - timeseries_processing.py:192 -     Apply masks on clouds, shadows, thin cirrus, and snow/ice
2025-08-22 09:24:11,283 - INFO - sentinel2.py:122 -                Masking bits: [3, 7, 8, 9, 10, 11]
2025-08-22 09:24:12,726 - INFO - composites.py:304 - Reproject from UTM Zone to Tile geometry -> CRS(EPSG:32634), Resampling.bilinear
2025-08-22 09:24:20,971 - INFO - composites.py:307 -     New shape of datasets: Shape2d(x=2400, y=2400)
2025-08-22 09:24:21,704 - INFO - composites.py:339 - Creating preview plot of input scenes
2025-08-22 09:24:58,673 - INFO - timeseries_processing.py:349 - Saved preview for 'B04' to //nas-rs.topo.auth.gr/Latomeia/DROUGHT/COMPOS/2020/07/x09_y08/S2L2A_medcomp_x09_y08_202007_InDataPreview.jpeg
2025-08-22 09:24:58,681 - INFO - composites.py:345 - Clip value range
2025-08-22 09:25:01,193 - INFO - composites.py:350 -                           
2025-08-22 09:25:01,194 - INFO - composites.py:351 - Computing spectral indices:
2025-08-22 09:25:01,194 - INFO - composites.py:354 -     EVI...
2025-08-22 09:25:02,742 - INFO - composites.py:356 -     NDVI...
2025-08-22 09:25:03,084 - INFO - composites.py:358 -     PSRI2...
2025-08-22 09:25:03,555 - INFO - composites.py:361 - Clip to typical value range
2025-08-22 09:25:04,041 - INFO - composites.py:368 - Reducing to median value temporal composite
2025-08-22 09:25:33,211 - INFO - composites.py:387 - Define data types and nodata per band
2025-08-22 09:25:33,330 - INFO - composites.py:408 - Assign time range and tile ID in metadata
2025-08-22 09:25:33,330 - INFO - composites.py:416 - Write bands to raster COG files
2025-08-22 09:25:37,114 - INFO - composites.py:429 - Write B02 -> //nas-rs.topo.auth.gr/Latomeia/DROUGHT/COMPOS/2020/07/x09_y08/S2L2A_medcomp_x09_y08_202007_B02.tif
2025-08-22 09:25:40,910 - INFO - composites.py:429 - Write B03 -> //nas-rs.topo.auth.gr/Latomeia/DROUGHT/COMPOS/2020/07/x09_y08/S2L2A_medcomp_x09_y08_202007_B03.tif
2025-08-22 09:25:44,713 - INFO - composites.py:429 - Write B04 -> //nas-rs.topo.auth.gr/Latomeia/DROUGHT/COMPOS/2020/07/x09_y08/S2L2A_medcomp_x09_y08_202007_B04.tif
2025-08-22 09:25:48,823 - INFO - composites.py:429 - Write B05 -> //nas-rs.topo.auth.gr/Latomeia/DROUGHT/COMPOS/2020/07/x09_y08/S2L2A_medcomp_x09_y08_202007_B05.tif
2025-08-22 09:25:52,634 - INFO - composites.py:429 - Write B07 -> //nas-rs.topo.auth.gr/Latomeia/DROUGHT/COMPOS/2020/07/x09_y08/S2L2A_medcomp_x09_y08_202007_B07.tif
2025-08-22 09:25:56,429 - INFO - composites.py:429 - Write B8A -> //nas-rs.topo.auth.gr/Latomeia/DROUGHT/COMPOS/2020/07/x09_y08/S2L2A_medcomp_x09_y08_202007_B8A.tif
2025-08-22 09:26:00,242 - INFO - composites.py:429 - Write EVI -> //nas-rs.topo.auth.gr/Latomeia/DROUGHT/COMPOS/2020/07/x09_y08/S2L2A_medcomp_x09_y08_202007_evi.tif
2025-08-22 09:26:04,251 - INFO - composites.py:429 - Write NDVI -> //nas-rs.topo.auth.gr/Latomeia/DROUGHT/COMPOS/2020/07/x09_y08/S2L2A_medcomp_x09_y08_202007_ndvi.tif
2025-08-22 09:26:08,088 - INFO - composites.py:429 - Write PSRI2 -> //nas-rs.topo.auth.gr/Latomeia/DROUGHT/COMPOS/2020/07/x09_y08/S2L2A_medcomp_x09_y08_202007_psri2.tif
2025-08-22 09:26:08,108 - INFO - composites.py:433 - Prepare metadata YAML document
2025-08-22 09:26:08,825 - INFO - composites.py:454 - Write metadata YAML document to disk
2025-08-22 09:26:08,874 - INFO - composites.py:459 - Create datacube.model.Dataset from eo3 metadata
2025-08-22 09:26:08,885 - INFO - composites.py:470 - Index to datacube
2025-08-22 09:26:08,885 - INFO - _datasets.py:191 - Indexing b5647a57-c6ab-4792-951b-c6c2855be6c0
2025-08-22 09:26:08,907 - INFO - composites.py:473 - 
2025-08-22 09:26:08,907 - INFO - composites.py:474 -              ✔✔✔ COMPLETED: Tile x09_y08 | Time: 2020-07 | In 11.28 minutes
2025-08-22 09:26:08,907 - INFO - composites.py:475 - 
2025-08-22 09:26:08,907 - INFO - composites.py:483 - Closing Dask client
2025-08-22 09:26:08,909 - INFO - composites.py:487 - Closing Dask cluster
2025-08-22 09:26:08,909 - INFO - composites.py:488 - #######################################################################
