2025-08-20 14:29:50,896 - INFO - composites.py:100 - #######################################################################
2025-08-20 14:29:50,896 - INFO - composites.py:102 - Processing started
2025-08-20 14:29:50,896 - INFO - composites.py:103 -         Tile: x10_y10
2025-08-20 14:29:50,896 - INFO - composites.py:104 -         Time: 2022-01
2025-08-20 14:29:50,896 - INFO - composites.py:107 -                           
2025-08-20 14:29:50,896 - INFO - composites.py:108 - Establishing connection to datacube
2025-08-20 14:29:51,658 - INFO - composites.py:111 -                           
2025-08-20 14:29:51,659 - INFO - composites.py:112 - Sanity test: Check if dataset already exists in the datacube
2025-08-20 14:29:51,680 - INFO - composites.py:131 - The composite requested was not found and it will be computed
2025-08-20 14:29:51,680 - INFO - composites.py:134 -                                  
2025-08-20 14:29:51,680 - INFO - composites.py:135 - Initializing Dask cluster for parallelization
2025-08-20 14:29:57,635 - INFO - composites.py:159 - Dask dashboard is available at: http://127.0.0.1:8787/status
2025-08-20 14:29:57,635 - INFO - composites.py:162 - Create directories and naming conversions
2025-08-20 14:29:57,641 - INFO - composites.py:173 - Dataset location: //nas-rs.topo.auth.gr/Latomeia/DROUGHT/COMPOS/2022/01/x10_y10
2025-08-20 14:29:57,641 - INFO - composites.py:176 -                           
2025-08-20 14:29:57,642 - INFO - composites.py:177 - Retrieve tile geometry
2025-08-20 14:29:57,687 - INFO - composites.py:188 - Create the Bounding Box (φ,λ)
2025-08-20 14:29:57,687 - INFO - composites.py:194 - Create the Bounding Box (x,y)
2025-08-20 14:29:57,687 - INFO - composites.py:207 -                           
2025-08-20 14:29:57,687 - INFO - composites.py:208 - Connect to Planetary Computer STAC Catalog
2025-08-20 14:29:57,916 - INFO - composites.py:216 - Search the STAC Catalog
2025-08-20 14:29:57,985 - INFO - composites.py:228 -         Query parameters:
2025-08-20 14:29:57,985 - INFO - composites.py:229 -             url:          https://planetarycomputer.microsoft.com/api/stac/v1/search
2025-08-20 14:29:57,986 - INFO - composites.py:230 -             client:       microsoft-pc
2025-08-20 14:29:57,986 - INFO - composites.py:231 -             collection:   sentinel-2-l2a
2025-08-20 14:29:57,986 - INFO - composites.py:232 -             bbox:         (22.47169758152381, 37.72011736043115, 23.140542329243065, 38.271503998279194)
2025-08-20 14:29:57,986 - INFO - composites.py:233 -             time range:   2022-01-01T00:00:00Z/2022-01-31T23:59:59Z
2025-08-20 14:29:57,986 - INFO - composites.py:234 -             cloud cover:  0% - 70%
2025-08-20 14:29:57,986 - INFO - composites.py:235 -             nodata cover: 0% - 33%
2025-08-20 14:29:57,986 - INFO - composites.py:237 -                           
2025-08-20 14:29:57,986 - INFO - composites.py:238 - Searching...
2025-08-20 14:29:58,406 - INFO - composites.py:241 - Query found 14 items
2025-08-20 14:29:58,406 - INFO - composites.py:243 - Searching for GRI REFINED scenes:
2025-08-20 14:30:04,623 - INFO - sentinel2.py:78 - 1/14 - S2A_MSIL2A_20220130T091221_R050_T34SFG_20220214T125157 -> REFINED
2025-08-20 14:30:11,370 - INFO - sentinel2.py:78 - 2/14 - S2B_MSIL2A_20220128T092139_R093_T34SFH_20220213T075306 -> REFINED
2025-08-20 14:30:18,067 - INFO - sentinel2.py:78 - 3/14 - S2B_MSIL2A_20220128T092139_R093_T34SFG_20220213T065221 -> REFINED
2025-08-20 14:30:24,122 - INFO - sentinel2.py:78 - 4/14 - S2A_MSIL2A_20220123T092301_R093_T34SFH_20220124T024654 -> REFINED
2025-08-20 14:30:29,490 - INFO - sentinel2.py:78 - 5/14 - S2A_MSIL2A_20220123T092301_R093_T34SFG_20220124T012322 -> REFINED
2025-08-20 14:30:35,475 - INFO - sentinel2.py:78 - 6/14 - S2A_MSIL2A_20220120T091311_R050_T34SFG_20220121T073827 -> REFINED
2025-08-20 14:30:41,595 - INFO - sentinel2.py:78 - 7/14 - S2B_MSIL2A_20220118T092219_R093_T34SFH_20220119T061316 -> REFINED
2025-08-20 14:30:47,230 - INFO - sentinel2.py:78 - 8/14 - S2B_MSIL2A_20220118T092219_R093_T34SFG_20220119T072001 -> REFINED
2025-08-20 14:30:53,043 - INFO - sentinel2.py:78 - 9/14 - S2B_MSIL2A_20220115T091229_R050_T34SFG_20220115T194009 -> REFINED
2025-08-20 14:30:58,723 - INFO - sentinel2.py:78 - 10/14 - S2A_MSIL2A_20220113T092341_R093_T34SFH_20220113T192717 -> REFINED
2025-08-20 14:31:05,334 - INFO - sentinel2.py:78 - 11/14 - S2A_MSIL2A_20220113T092341_R093_T34SFG_20220113T191737 -> REFINED
2025-08-20 14:31:12,796 - INFO - sentinel2.py:78 - 12/14 - S2B_MSIL2A_20220105T091259_R050_T34SFG_20220106T004819 -> REFINED
2025-08-20 14:31:18,857 - INFO - sentinel2.py:78 - 13/14 - S2A_MSIL2A_20220103T092401_R093_T34SFH_20220104T041145 -> REFINED
2025-08-20 14:31:23,891 - INFO - sentinel2.py:78 - 14/14 - S2A_MSIL2A_20220103T092401_R093_T34SFG_20220104T042700 -> REFINED
2025-08-20 14:31:23,949 - INFO - composites.py:246 -                                  
2025-08-20 14:31:23,949 - INFO - composites.py:247 - 14/14 were refined by GRI.
2025-08-20 14:31:23,949 - INFO - composites.py:259 - Looking for up to 10 cleanest images within spatiotemporal range of each MGRS tile
2025-08-20 14:31:23,949 - INFO - composites.py:273 - Filtered cleanest scenes: Kept 14 out of 14 items. 
2025-08-20 14:31:23,949 - INFO - composites.py:274 -         Included MGRS Tiles: ['34SFG' '34SFH']
2025-08-20 14:31:23,949 - INFO - composites.py:275 -         Included EPSG codes: [32634]
2025-08-20 14:31:23,949 - INFO - composites.py:277 - Selected scenes:
2025-08-20 14:31:23,951 - INFO - composites.py:279 -         S2B_MSIL2A_20220115T091229_R050_T34SFG_20220115T194009
2025-08-20 14:31:23,951 - INFO - composites.py:279 -         S2B_MSIL2A_20220105T091259_R050_T34SFG_20220106T004819
2025-08-20 14:31:23,951 - INFO - composites.py:279 -         S2B_MSIL2A_20220128T092139_R093_T34SFG_20220213T065221
2025-08-20 14:31:23,958 - INFO - composites.py:279 -         S2A_MSIL2A_20220103T092401_R093_T34SFG_20220104T042700
2025-08-20 14:31:23,959 - INFO - composites.py:279 -         S2A_MSIL2A_20220120T091311_R050_T34SFG_20220121T073827
2025-08-20 14:31:23,959 - INFO - composites.py:279 -         S2A_MSIL2A_20220123T092301_R093_T34SFG_20220124T012322
2025-08-20 14:31:23,959 - INFO - composites.py:279 -         S2A_MSIL2A_20220113T092341_R093_T34SFG_20220113T191737
2025-08-20 14:31:23,959 - INFO - composites.py:279 -         S2A_MSIL2A_20220130T091221_R050_T34SFG_20220214T125157
2025-08-20 14:31:23,959 - INFO - composites.py:279 -         S2B_MSIL2A_20220118T092219_R093_T34SFG_20220119T072001
2025-08-20 14:31:23,959 - INFO - composites.py:279 -         S2A_MSIL2A_20220103T092401_R093_T34SFH_20220104T041145
2025-08-20 14:31:23,959 - INFO - composites.py:279 -         S2B_MSIL2A_20220128T092139_R093_T34SFH_20220213T075306
2025-08-20 14:31:23,959 - INFO - composites.py:279 -         S2A_MSIL2A_20220123T092301_R093_T34SFH_20220124T024654
2025-08-20 14:31:23,959 - INFO - composites.py:279 -         S2B_MSIL2A_20220118T092219_R093_T34SFH_20220119T061316
2025-08-20 14:31:23,961 - INFO - composites.py:279 -         S2A_MSIL2A_20220113T092341_R093_T34SFH_20220113T192717
2025-08-20 14:31:24,483 - INFO - sentinel2.py:154 - Matplotlib backend: Agg
2025-08-20 14:31:24,753 - INFO - sentinel2.py:224 - Write input scenes footprint overlay: //nas-rs.topo.auth.gr/Latomeia/DROUGHT/COMPOS/2022/01/x10_y10/S2L2A_medcomp_x10_y10_202201_InDataFootprint.jpeg
2025-08-20 14:31:25,031 - INFO - composites.py:293 -                                  
2025-08-20 14:31:25,032 - INFO - composites.py:294 - Downstream STAC items from Planetary Computer
2025-08-20 14:31:25,032 - INFO - timeseries_processing.py:114 -                                  
2025-08-20 14:31:25,032 - INFO - timeseries_processing.py:115 - Loading bands of diferent resolutions in EPSG:32634
2025-08-20 14:31:25,032 - INFO - timeseries_processing.py:119 -     Filtering items with native UTM EPSG:32634
2025-08-20 14:31:25,032 - INFO - timeseries_processing.py:121 -     14 Items in EPSG:32634
2025-08-20 14:31:25,032 - INFO - timeseries_processing.py:128 -                        
2025-08-20 14:31:25,032 - INFO - timeseries_processing.py:129 -     Loading parameters:
2025-08-20 14:31:25,032 - INFO - timeseries_processing.py:130 -         Bands: ['B05', 'B07', 'B8A', 'SCL']
2025-08-20 14:31:25,032 - INFO - timeseries_processing.py:131 -         Spatial resolution: 20
2025-08-20 14:31:25,032 - INFO - timeseries_processing.py:133 -         Get Assets from STAC Items
2025-08-20 14:31:25,033 - INFO - timeseries_processing.py:46 -         Initialize the STAC client
2025-08-20 14:31:25,682 - INFO - timeseries_processing.py:136 -         Loading 14 STAC Items....
2025-08-20 14:33:37,252 - INFO - timeseries_processing.py:158 -         Cube has been downloaded
2025-08-20 14:33:37,252 - INFO - timeseries_processing.py:167 -         Fix order of dimensions
2025-08-20 14:33:37,254 - INFO - timeseries_processing.py:172 -         Append bands to the band-list of EPSG:32634
2025-08-20 14:33:37,254 - INFO - timeseries_processing.py:128 -                        
2025-08-20 14:33:37,254 - INFO - timeseries_processing.py:129 -     Loading parameters:
2025-08-20 14:33:37,255 - INFO - timeseries_processing.py:130 -         Bands: ['B02', 'B03', 'B04']
2025-08-20 14:33:37,255 - INFO - timeseries_processing.py:131 -         Spatial resolution: 10
2025-08-20 14:33:37,255 - INFO - timeseries_processing.py:133 -         Get Assets from STAC Items
2025-08-20 14:33:37,259 - INFO - timeseries_processing.py:46 -         Initialize the STAC client
2025-08-20 14:33:37,752 - INFO - timeseries_processing.py:136 -         Loading 14 STAC Items....
2025-08-20 14:37:27,992 - INFO - timeseries_processing.py:158 -         Cube has been downloaded
2025-08-20 14:37:27,992 - INFO - timeseries_processing.py:161 -         Downsample 10m bands to 20m by average 2x2 binning
2025-08-20 14:37:41,095 - INFO - timeseries_processing.py:164 -         Align binned bands to native 20m bands (shape matching): method=bilinear
2025-08-20 14:37:50,962 - INFO - timeseries_processing.py:172 -         Append bands to the band-list of EPSG:32634
2025-08-20 14:37:50,962 - INFO - timeseries_processing.py:176 -                        
2025-08-20 14:37:50,962 - INFO - timeseries_processing.py:177 -     Merging bands in a single dataset
2025-08-20 14:37:50,963 - INFO - timeseries_processing.py:178 -     Ensure all partial datasets are at (x=20, y=-20) resolution
2025-08-20 14:37:50,963 - INFO - timeseries_processing.py:182 -     Clip to the intersection of indexes
2025-08-20 14:37:52,234 - INFO - timeseries_processing.py:191 -     Make a list of bands to merge
2025-08-20 14:37:52,235 - INFO - timeseries_processing.py:195 -     Merge on intersection
2025-08-20 14:37:52,236 - INFO - timeseries_processing.py:203 -     Apply masks on clouds, shadows, thin cirrus, and snow/ice
2025-08-20 14:37:52,236 - INFO - sentinel2.py:122 -                Masking bits: [3, 7, 8, 9, 10, 11]
2025-08-20 14:37:53,596 - INFO - timeseries_processing.py:209 -     Reproject to Tiling Schema projection EPSG:3035
2025-08-20 14:38:06,264 - INFO - composites.py:303 - Clip and align to tile geometry
2025-08-20 14:38:10,513 - INFO - composites.py:323 - Scale SR to Sen2Cor Baseline 4.00 - Subtract 1000 in dates post 2022-01-25
2025-08-20 14:38:12,236 - INFO - composites.py:336 - Creating preview plot of input scenes
2025-08-20 14:38:52,223 - INFO - timeseries_processing.py:367 - Saved preview for 'B04' to //nas-rs.topo.auth.gr/Latomeia/DROUGHT/COMPOS/2022/01/x10_y10/S2L2A_medcomp_x10_y10_202201_InDataPreview.jpeg
2025-08-20 14:38:52,232 - INFO - composites.py:342 - Clip value range
2025-08-20 14:38:54,229 - INFO - composites.py:347 -                           
2025-08-20 14:38:54,248 - INFO - composites.py:348 - Computing spectral indices:
2025-08-20 14:38:54,248 - INFO - composites.py:351 -     EVI...
2025-08-20 14:38:55,422 - INFO - composites.py:353 -     NDVI...
2025-08-20 14:38:55,702 - INFO - composites.py:355 -     PSRI2...
2025-08-20 14:38:56,097 - INFO - composites.py:358 - Clip to typical value range
2025-08-20 14:38:56,523 - INFO - composites.py:365 - Reducing to median value temporal composite
2025-08-20 14:39:26,733 - INFO - composites.py:384 - Define data types and nodata per band
2025-08-20 14:39:26,903 - INFO - composites.py:405 - Assign time range and tile ID in metadata
2025-08-20 14:39:26,904 - INFO - composites.py:413 - Write bands to raster COG files
2025-08-20 14:39:31,648 - INFO - composites.py:426 - Write B02 -> //nas-rs.topo.auth.gr/Latomeia/DROUGHT/COMPOS/2022/01/x10_y10/S2L2A_medcomp_x10_y10_202201_B02.tif
2025-08-20 14:39:36,615 - INFO - composites.py:426 - Write B03 -> //nas-rs.topo.auth.gr/Latomeia/DROUGHT/COMPOS/2022/01/x10_y10/S2L2A_medcomp_x10_y10_202201_B03.tif
2025-08-20 14:39:41,690 - INFO - composites.py:426 - Write B04 -> //nas-rs.topo.auth.gr/Latomeia/DROUGHT/COMPOS/2022/01/x10_y10/S2L2A_medcomp_x10_y10_202201_B04.tif
2025-08-20 14:39:46,928 - INFO - composites.py:426 - Write B05 -> //nas-rs.topo.auth.gr/Latomeia/DROUGHT/COMPOS/2022/01/x10_y10/S2L2A_medcomp_x10_y10_202201_B05.tif
2025-08-20 14:39:52,015 - INFO - composites.py:426 - Write B07 -> //nas-rs.topo.auth.gr/Latomeia/DROUGHT/COMPOS/2022/01/x10_y10/S2L2A_medcomp_x10_y10_202201_B07.tif
2025-08-20 14:39:56,858 - INFO - composites.py:426 - Write B8A -> //nas-rs.topo.auth.gr/Latomeia/DROUGHT/COMPOS/2022/01/x10_y10/S2L2A_medcomp_x10_y10_202201_B8A.tif
2025-08-20 14:40:01,791 - INFO - composites.py:426 - Write EVI -> //nas-rs.topo.auth.gr/Latomeia/DROUGHT/COMPOS/2022/01/x10_y10/S2L2A_medcomp_x10_y10_202201_evi.tif
2025-08-20 14:40:06,737 - INFO - composites.py:426 - Write NDVI -> //nas-rs.topo.auth.gr/Latomeia/DROUGHT/COMPOS/2022/01/x10_y10/S2L2A_medcomp_x10_y10_202201_ndvi.tif
2025-08-20 14:40:11,666 - INFO - composites.py:426 - Write PSRI2 -> //nas-rs.topo.auth.gr/Latomeia/DROUGHT/COMPOS/2022/01/x10_y10/S2L2A_medcomp_x10_y10_202201_psri2.tif
2025-08-20 14:40:11,678 - INFO - composites.py:430 - Prepare metadata YAML document
2025-08-20 14:40:12,507 - INFO - composites.py:451 - Write metadata YAML document to disk
2025-08-20 14:40:12,548 - INFO - composites.py:456 - Create datacube.model.Dataset from eo3 metadata
2025-08-20 14:40:12,560 - INFO - composites.py:467 - Index to datacube
2025-08-20 14:40:12,560 - INFO - _datasets.py:191 - Indexing 2b396a05-04fc-4085-9295-333f77e1d6ae
2025-08-20 14:40:12,596 - INFO - composites.py:470 - 
2025-08-20 14:40:12,598 - INFO - composites.py:471 -              ✔✔✔ COMPLETED: Tile x10_y10 | Time: 2022-01 | In 10.36 minutes
2025-08-20 14:40:12,598 - INFO - composites.py:472 - 
2025-08-20 14:40:12,598 - INFO - composites.py:480 - Closing Dask client
2025-08-20 14:40:12,602 - INFO - composites.py:484 - Closing Dask cluster
2025-08-20 14:40:12,602 - INFO - composites.py:485 - #######################################################################
