2025-08-27 15:31:18,395 - INFO - composites.py:102 - #######################################################################
2025-08-27 15:31:18,395 - INFO - composites.py:104 - Processing started
2025-08-27 15:31:18,395 - INFO - composites.py:105 -         Tile: x11_y11
2025-08-27 15:31:18,395 - INFO - composites.py:106 -         Time: 2021-06
2025-08-27 15:31:18,395 - INFO - composites.py:109 -                           
2025-08-27 15:31:18,395 - INFO - composites.py:110 - Establishing connection to datacube
2025-08-27 15:31:18,911 - INFO - composites.py:113 -                           
2025-08-27 15:31:18,911 - INFO - composites.py:114 - Sanity test: Check if dataset already exists in the datacube
2025-08-27 15:31:18,929 - INFO - composites.py:133 - The composite requested was not found and it will be computed
2025-08-27 15:31:18,929 - INFO - composites.py:136 -                                  
2025-08-27 15:31:18,929 - INFO - composites.py:137 - Initializing Dask cluster for parallelization
2025-08-27 15:31:23,982 - INFO - composites.py:161 - Dask dashboard is available at: http://127.0.0.1:8787/status
2025-08-27 15:31:23,982 - INFO - composites.py:164 - Create directories and naming conversions
2025-08-27 15:31:23,994 - INFO - composites.py:177 - Dataset location: //nas-rs.topo.auth.gr/Latomeia/DROUGHT/composites/x11/y11/2021/06/01
2025-08-27 15:31:23,994 - INFO - composites.py:180 -                           
2025-08-27 15:31:23,994 - INFO - composites.py:181 - Retrieve tile geometry
2025-08-27 15:31:24,024 - INFO - composites.py:192 - Create the Bounding Box (φ,λ)
2025-08-27 15:31:24,024 - INFO - composites.py:198 - Create the Bounding Box (x,y)
2025-08-27 15:31:24,024 - INFO - composites.py:211 -                           
2025-08-27 15:31:24,024 - INFO - composites.py:212 - Connect to Planetary Computer STAC Catalog
2025-08-27 15:31:24,247 - INFO - composites.py:220 - Search the STAC Catalog
2025-08-27 15:31:24,324 - INFO - composites.py:232 -         Query parameters:
2025-08-27 15:31:24,324 - INFO - composites.py:233 -             url:          https://planetarycomputer.microsoft.com/api/stac/v1/search
2025-08-27 15:31:24,324 - INFO - composites.py:234 -             client:       microsoft-pc
2025-08-27 15:31:24,324 - INFO - composites.py:235 -             collection:   sentinel-2-l2a
2025-08-27 15:31:24,324 - INFO - composites.py:236 -             bbox:         (23.090477503527136, 38.072584087612974, 23.76631254171489, 38.62665683856133)
2025-08-27 15:31:24,324 - INFO - composites.py:237 -             time range:   2021-06-01T00:00:00Z/2021-06-30T23:59:59Z
2025-08-27 15:31:24,324 - INFO - composites.py:238 -             cloud cover:  0% - 70%
2025-08-27 15:31:24,324 - INFO - composites.py:239 -             nodata cover: 0% - 33%
2025-08-27 15:31:24,324 - INFO - composites.py:241 -                           
2025-08-27 15:31:24,324 - INFO - composites.py:242 - Searching...
2025-08-27 15:31:54,388 - ERROR - composites.py:482 -              ✖✖✖ FAILED loading for : Tile x11_y11 | Time: 2021-06 | with Exception: The request exceeded the maximum allowed time, please try again. If the issue persists, please contact planetarycomputer@microsoft.com.


2025-08-27 15:31:54,389 - INFO - composites.py:487 - Closing Dask client
2025-08-27 15:31:54,396 - INFO - composites.py:491 - Closing Dask cluster
2025-08-27 15:31:54,397 - INFO - composites.py:492 - #######################################################################
