2025-08-27 08:04:42,765 - INFO - composites.py:102 - #######################################################################
2025-08-27 08:04:42,765 - INFO - composites.py:104 - Processing started
2025-08-27 08:04:42,765 - INFO - composites.py:105 -         Tile: x11_y08
2025-08-27 08:04:42,765 - INFO - composites.py:106 -         Time: 2021-03
2025-08-27 08:04:42,765 - INFO - composites.py:109 -                           
2025-08-27 08:04:42,765 - INFO - composites.py:110 - Establishing connection to datacube
2025-08-27 08:04:43,278 - INFO - composites.py:113 -                           
2025-08-27 08:04:43,278 - INFO - composites.py:114 - Sanity test: Check if dataset already exists in the datacube
2025-08-27 08:04:43,297 - INFO - composites.py:133 - The composite requested was not found and it will be computed
2025-08-27 08:04:43,297 - INFO - composites.py:136 -                                  
2025-08-27 08:04:43,297 - INFO - composites.py:137 - Initializing Dask cluster for parallelization
2025-08-27 08:04:48,271 - INFO - composites.py:161 - Dask dashboard is available at: http://127.0.0.1:8787/status
2025-08-27 08:04:48,271 - INFO - composites.py:164 - Create directories and naming conversions
2025-08-27 08:04:48,281 - INFO - composites.py:177 - Dataset location: //nas-rs.topo.auth.gr/Latomeia/DROUGHT/composites/x11/y08/2021/03/01
2025-08-27 08:04:48,282 - INFO - composites.py:180 -                           
2025-08-27 08:04:48,282 - INFO - composites.py:181 - Retrieve tile geometry
2025-08-27 08:04:48,311 - INFO - composites.py:192 - Create the Bounding Box (φ,λ)
2025-08-27 08:04:48,311 - INFO - composites.py:198 - Create the Bounding Box (x,y)
2025-08-27 08:04:48,312 - INFO - composites.py:211 -                           
2025-08-27 08:04:48,312 - INFO - composites.py:212 - Connect to Planetary Computer STAC Catalog
2025-08-27 08:04:48,557 - INFO - composites.py:220 - Search the STAC Catalog
2025-08-27 08:04:48,629 - INFO - composites.py:232 -         Query parameters:
2025-08-27 08:04:48,629 - INFO - composites.py:233 -             url:          https://planetarycomputer.microsoft.com/api/stac/v1/search
2025-08-27 08:04:48,629 - INFO - composites.py:234 -             client:       microsoft-pc
2025-08-27 08:04:48,629 - INFO - composites.py:235 -             collection:   sentinel-2-l2a
2025-08-27 08:04:48,629 - INFO - composites.py:236 -             bbox:         (22.845662885042927, 36.78779644280391, 23.507450073915326, 37.34127558081356)
2025-08-27 08:04:48,629 - INFO - composites.py:237 -             time range:   2021-03-01T00:00:00Z/2021-03-31T23:59:59Z
2025-08-27 08:04:48,629 - INFO - composites.py:238 -             cloud cover:  0% - 70%
2025-08-27 08:04:48,629 - INFO - composites.py:239 -             nodata cover: 0% - 33%
2025-08-27 08:04:48,629 - INFO - composites.py:241 -                           
2025-08-27 08:04:48,629 - INFO - composites.py:242 - Searching...
2025-08-27 08:04:49,203 - INFO - composites.py:245 - Query found 34 items
2025-08-27 08:04:49,203 - INFO - composites.py:247 - Searching for GRI REFINED scenes:
2025-08-27 08:04:55,531 - INFO - sentinel2.py:78 - 1/34 - S2B_MSIL2A_20210331T090549_R050_T34SGG_20210524T145134 -> REFINED
2025-08-27 08:05:01,644 - INFO - sentinel2.py:78 - 2/34 - S2B_MSIL2A_20210331T090549_R050_T34SFG_20210524T145041 -> REFINED
2025-08-27 08:05:06,719 - INFO - sentinel2.py:78 - 3/34 - S2A_MSIL2A_20210329T092031_R093_T34SFG_20210330T051117 -> REFINED
2025-08-27 08:05:11,978 - INFO - sentinel2.py:78 - 4/34 - S2A_MSIL2A_20210329T092031_R093_T34SFF_20210330T055734 -> REFINED
2025-08-27 08:05:18,134 - INFO - sentinel2.py:78 - 5/34 - S2A_MSIL2A_20210326T090611_R050_T34SGG_20210327T001425 -> REFINED
2025-08-27 08:05:24,106 - INFO - sentinel2.py:78 - 6/34 - S2A_MSIL2A_20210326T090611_R050_T34SGF_20210326T230957 -> REFINED
2025-08-27 08:05:29,753 - INFO - sentinel2.py:78 - 7/34 - S2A_MSIL2A_20210326T090611_R050_T34SFG_20210326T232725 -> REFINED
2025-08-27 08:05:35,936 - INFO - sentinel2.py:78 - 8/34 - S2A_MSIL2A_20210326T090611_R050_T34SFF_20210326T230455 -> REFINED
2025-08-27 08:05:41,664 - INFO - sentinel2.py:78 - 9/34 - S2B_MSIL2A_20210324T092029_R093_T34SFG_20210324T213316 -> REFINED
2025-08-27 08:05:47,277 - INFO - sentinel2.py:78 - 10/34 - S2B_MSIL2A_20210324T092029_R093_T34SFF_20210324T202906 -> REFINED
2025-08-27 08:05:53,521 - INFO - sentinel2.py:78 - 11/34 - S2B_MSIL2A_20210321T090649_R050_T34SGG_20210322T104908 -> REFINED
2025-08-27 08:05:58,520 - INFO - sentinel2.py:78 - 12/34 - S2B_MSIL2A_20210321T090649_R050_T34SGF_20210322T132346 -> REFINED
2025-08-27 08:06:05,912 - INFO - sentinel2.py:78 - 13/34 - S2B_MSIL2A_20210321T090649_R050_T34SFF_20210322T111024 -> REFINED
2025-08-27 08:06:11,249 - INFO - sentinel2.py:78 - 14/34 - S2A_MSIL2A_20210319T092031_R093_T34SFF_20210319T210821 -> REFINED
2025-08-27 08:06:17,596 - INFO - sentinel2.py:78 - 15/34 - S2A_MSIL2A_20210316T090721_R050_T34SGG_20210317T054349 -> REFINED
2025-08-27 08:06:23,166 - INFO - sentinel2.py:78 - 16/34 - S2A_MSIL2A_20210316T090721_R050_T34SGF_20210317T121119 -> REFINED
2025-08-27 08:06:29,402 - INFO - sentinel2.py:78 - 17/34 - S2A_MSIL2A_20210316T090721_R050_T34SFG_20210317T112110 -> REFINED
2025-08-27 08:06:35,151 - INFO - sentinel2.py:78 - 18/34 - S2A_MSIL2A_20210316T090721_R050_T34SFF_20210317T113233 -> REFINED
2025-08-27 08:06:41,673 - INFO - sentinel2.py:78 - 19/34 - S2B_MSIL2A_20210311T090659_R050_T34SGG_20210312T022011 -> REFINED
2025-08-27 08:06:47,510 - INFO - sentinel2.py:78 - 20/34 - S2B_MSIL2A_20210311T090659_R050_T34SGF_20210312T025152 -> REFINED
2025-08-27 08:06:53,515 - INFO - sentinel2.py:78 - 21/34 - S2B_MSIL2A_20210311T090659_R050_T34SFG_20210312T024806 -> REFINED
2025-08-27 08:06:59,703 - INFO - sentinel2.py:78 - 22/34 - S2B_MSIL2A_20210311T090659_R050_T34SFF_20210312T032504 -> REFINED
2025-08-27 08:07:06,483 - INFO - sentinel2.py:78 - 23/34 - S2A_MSIL2A_20210309T092031_R093_T34SFG_20210309T214821 -> REFINED
2025-08-27 08:07:12,478 - INFO - sentinel2.py:78 - 24/34 - S2A_MSIL2A_20210309T092031_R093_T34SFF_20210309T194222 -> REFINED
2025-08-27 08:07:18,737 - INFO - sentinel2.py:78 - 25/34 - S2A_MSIL2A_20210306T090831_R050_T34SGG_20210307T044801 -> REFINED
2025-08-27 08:07:24,586 - INFO - sentinel2.py:78 - 26/34 - S2A_MSIL2A_20210306T090831_R050_T34SGF_20210307T041124 -> REFINED
2025-08-27 08:07:30,229 - INFO - sentinel2.py:78 - 27/34 - S2A_MSIL2A_20210306T090831_R050_T34SFG_20210307T040713 -> REFINED
2025-08-27 08:07:35,258 - INFO - sentinel2.py:78 - 28/34 - S2A_MSIL2A_20210306T090831_R050_T34SFF_20210307T052158 -> REFINED
2025-08-27 08:07:41,557 - INFO - sentinel2.py:78 - 29/34 - S2B_MSIL2A_20210304T092029_R093_T34SFG_20210304T230844 -> REFINED
2025-08-27 08:07:47,652 - INFO - sentinel2.py:78 - 30/34 - S2B_MSIL2A_20210304T092029_R093_T34SFF_20210304T221515 -> REFINED
2025-08-27 08:07:52,715 - INFO - sentinel2.py:78 - 31/34 - S2B_MSIL2A_20210301T090819_R050_T34SGG_20210301T212540 -> REFINED
2025-08-27 08:07:58,899 - INFO - sentinel2.py:78 - 32/34 - S2B_MSIL2A_20210301T090819_R050_T34SGF_20210301T212031 -> REFINED
2025-08-27 08:08:04,511 - INFO - sentinel2.py:78 - 33/34 - S2B_MSIL2A_20210301T090819_R050_T34SFG_20210301T191849 -> REFINED
2025-08-27 08:08:10,558 - INFO - sentinel2.py:78 - 34/34 - S2B_MSIL2A_20210301T090819_R050_T34SFF_20210301T215636 -> REFINED
2025-08-27 08:08:10,608 - INFO - composites.py:250 -                                  
2025-08-27 08:08:10,608 - INFO - composites.py:251 - 34/34 were refined by GRI.
2025-08-27 08:08:10,609 - INFO - composites.py:263 - Looking for up to 10 cleanest images within spatiotemporal range of each MGRS tile
2025-08-27 08:08:10,609 - INFO - composites.py:277 - Filtered cleanest scenes: Kept 33 out of 34 items. 
2025-08-27 08:08:10,609 - INFO - composites.py:278 -         Included MGRS Tiles: ['34SFF' '34SFG' '34SGF' '34SGG']
2025-08-27 08:08:10,609 - INFO - composites.py:279 -         Included EPSG codes: [32634]
2025-08-27 08:08:10,610 - INFO - composites.py:281 - Selected scenes:
2025-08-27 08:08:10,610 - INFO - composites.py:283 -         S2B_MSIL2A_20210304T092029_R093_T34SFF_20210304T221515
2025-08-27 08:08:10,610 - INFO - composites.py:283 -         S2A_MSIL2A_20210329T092031_R093_T34SFF_20210330T055734
2025-08-27 08:08:10,610 - INFO - composites.py:283 -         S2A_MSIL2A_20210306T090831_R050_T34SFF_20210307T052158
2025-08-27 08:08:10,610 - INFO - composites.py:283 -         S2A_MSIL2A_20210326T090611_R050_T34SFF_20210326T230455
2025-08-27 08:08:10,610 - INFO - composites.py:283 -         S2A_MSIL2A_20210309T092031_R093_T34SFF_20210309T194222
2025-08-27 08:08:10,610 - INFO - composites.py:283 -         S2B_MSIL2A_20210311T090659_R050_T34SFF_20210312T032504
2025-08-27 08:08:10,612 - INFO - composites.py:283 -         S2A_MSIL2A_20210316T090721_R050_T34SFF_20210317T113233
2025-08-27 08:08:10,612 - INFO - composites.py:283 -         S2B_MSIL2A_20210321T090649_R050_T34SFF_20210322T111024
2025-08-27 08:08:10,612 - INFO - composites.py:283 -         S2A_MSIL2A_20210319T092031_R093_T34SFF_20210319T210821
2025-08-27 08:08:10,612 - INFO - composites.py:283 -         S2B_MSIL2A_20210324T092029_R093_T34SFF_20210324T202906
2025-08-27 08:08:10,612 - INFO - composites.py:283 -         S2B_MSIL2A_20210304T092029_R093_T34SFG_20210304T230844
2025-08-27 08:08:10,612 - INFO - composites.py:283 -         S2A_MSIL2A_20210326T090611_R050_T34SFG_20210326T232725
2025-08-27 08:08:10,612 - INFO - composites.py:283 -         S2A_MSIL2A_20210306T090831_R050_T34SFG_20210307T040713
2025-08-27 08:08:10,612 - INFO - composites.py:283 -         S2A_MSIL2A_20210329T092031_R093_T34SFG_20210330T051117
2025-08-27 08:08:10,612 - INFO - composites.py:283 -         S2B_MSIL2A_20210301T090819_R050_T34SFG_20210301T191849
2025-08-27 08:08:10,612 - INFO - composites.py:283 -         S2A_MSIL2A_20210316T090721_R050_T34SFG_20210317T112110
2025-08-27 08:08:10,612 - INFO - composites.py:283 -         S2B_MSIL2A_20210324T092029_R093_T34SFG_20210324T213316
2025-08-27 08:08:10,612 - INFO - composites.py:283 -         S2A_MSIL2A_20210309T092031_R093_T34SFG_20210309T214821
2025-08-27 08:08:10,612 - INFO - composites.py:283 -         S2B_MSIL2A_20210311T090659_R050_T34SFG_20210312T024806
2025-08-27 08:08:10,612 - INFO - composites.py:283 -         S2B_MSIL2A_20210331T090549_R050_T34SFG_20210524T145041
2025-08-27 08:08:10,612 - INFO - composites.py:283 -         S2A_MSIL2A_20210306T090831_R050_T34SGF_20210307T041124
2025-08-27 08:08:10,612 - INFO - composites.py:283 -         S2A_MSIL2A_20210326T090611_R050_T34SGF_20210326T230957
2025-08-27 08:08:10,612 - INFO - composites.py:283 -         S2B_MSIL2A_20210301T090819_R050_T34SGF_20210301T212031
2025-08-27 08:08:10,612 - INFO - composites.py:283 -         S2A_MSIL2A_20210316T090721_R050_T34SGF_20210317T121119
2025-08-27 08:08:10,612 - INFO - composites.py:283 -         S2B_MSIL2A_20210321T090649_R050_T34SGF_20210322T132346
2025-08-27 08:08:10,612 - INFO - composites.py:283 -         S2B_MSIL2A_20210311T090659_R050_T34SGF_20210312T025152
2025-08-27 08:08:10,612 - INFO - composites.py:283 -         S2A_MSIL2A_20210326T090611_R050_T34SGG_20210327T001425
2025-08-27 08:08:10,612 - INFO - composites.py:283 -         S2A_MSIL2A_20210306T090831_R050_T34SGG_20210307T044801
2025-08-27 08:08:10,612 - INFO - composites.py:283 -         S2A_MSIL2A_20210316T090721_R050_T34SGG_20210317T054349
2025-08-27 08:08:10,612 - INFO - composites.py:283 -         S2B_MSIL2A_20210301T090819_R050_T34SGG_20210301T212540
2025-08-27 08:08:10,612 - INFO - composites.py:283 -         S2B_MSIL2A_20210321T090649_R050_T34SGG_20210322T104908
2025-08-27 08:08:10,612 - INFO - composites.py:283 -         S2B_MSIL2A_20210311T090659_R050_T34SGG_20210312T022011
2025-08-27 08:08:10,612 - INFO - composites.py:283 -         S2B_MSIL2A_20210331T090549_R050_T34SGG_20210524T145134
2025-08-27 08:08:11,074 - INFO - sentinel2.py:154 - Matplotlib backend: Agg
2025-08-27 08:08:11,360 - INFO - sentinel2.py:224 - Write input scenes footprint overlay: //nas-rs.topo.auth.gr/Latomeia/DROUGHT/composites/x11/y08/2021/03/01/S2L2A_medcomp_x11y08_202103_InDataFootprint.jpeg
2025-08-27 08:08:11,599 - INFO - composites.py:297 -                                  
2025-08-27 08:08:11,599 - INFO - composites.py:298 - Downstream STAC items from Planetary Computer
2025-08-27 08:08:11,599 - INFO - timeseries_processing.py:115 -                                  
2025-08-27 08:08:11,599 - INFO - timeseries_processing.py:116 - Loading bands of diferent resolutions in EPSG:32634
2025-08-27 08:08:11,599 - INFO - timeseries_processing.py:120 -     Filtering items with native UTM EPSG:32634
2025-08-27 08:08:11,599 - INFO - timeseries_processing.py:122 -     33 Items in EPSG:32634
2025-08-27 08:08:11,599 - INFO - timeseries_processing.py:129 -                        
2025-08-27 08:08:11,599 - INFO - timeseries_processing.py:130 -     Loading parameters:
2025-08-27 08:08:11,599 - INFO - timeseries_processing.py:131 -         Bands: ['B05', 'B07', 'B8A', 'SCL']
2025-08-27 08:08:11,599 - INFO - timeseries_processing.py:132 -         Spatial resolution: 20
2025-08-27 08:08:11,599 - INFO - timeseries_processing.py:134 -         Get Assets from STAC Items
2025-08-27 08:08:11,599 - INFO - timeseries_processing.py:47 -         Initialize the STAC client
2025-08-27 08:08:12,299 - INFO - timeseries_processing.py:137 -         Loading 33 STAC Items....
2025-08-27 08:10:29,357 - INFO - timeseries_processing.py:146 -         Cube has been downloaded
2025-08-27 08:10:29,358 - INFO - timeseries_processing.py:156 -         Fix order of dimensions
2025-08-27 08:10:29,359 - INFO - timeseries_processing.py:161 -         Append bands to the band-list of EPSG:32634
2025-08-27 08:10:29,360 - INFO - timeseries_processing.py:129 -                        
2025-08-27 08:10:29,360 - INFO - timeseries_processing.py:130 -     Loading parameters:
2025-08-27 08:10:29,360 - INFO - timeseries_processing.py:131 -         Bands: ['B02', 'B03', 'B04']
2025-08-27 08:10:29,360 - INFO - timeseries_processing.py:132 -         Spatial resolution: 10
2025-08-27 08:10:29,366 - INFO - timeseries_processing.py:134 -         Get Assets from STAC Items
2025-08-27 08:10:29,366 - INFO - timeseries_processing.py:47 -         Initialize the STAC client
2025-08-27 08:10:30,015 - INFO - timeseries_processing.py:137 -         Loading 33 STAC Items....
2025-08-27 08:56:02,039 - INFO - timeseries_processing.py:146 -         Cube has been downloaded
2025-08-27 08:56:02,039 - INFO - timeseries_processing.py:149 -         Reproject to downsample 10m bands to 20m by Resampling.average 2x2 binning and shape matching with odc.geo.GeoBox
2025-08-27 08:56:20,001 - INFO - timeseries_processing.py:161 -         Append bands to the band-list of EPSG:32634
2025-08-27 08:56:20,001 - INFO - timeseries_processing.py:165 -                        
2025-08-27 08:56:20,001 - INFO - timeseries_processing.py:166 -     Merging bands in a single dataset
2025-08-27 08:56:20,001 - INFO - timeseries_processing.py:167 -     Ensure all partial datasets are at (x=20, y=-20) resolution
2025-08-27 08:56:20,002 - INFO - timeseries_processing.py:171 -     Clip to the intersection of indexes
2025-08-27 08:56:21,533 - INFO - timeseries_processing.py:180 -     Make a list of bands to merge
2025-08-27 08:56:21,536 - INFO - timeseries_processing.py:184 -     Merge on intersection
2025-08-27 08:56:21,536 - INFO - timeseries_processing.py:192 -     Apply masks on clouds, shadows, thin cirrus, and snow/ice
2025-08-27 08:56:21,536 - INFO - sentinel2.py:122 -                Masking bits: [3, 7, 8, 9, 10, 11]
2025-08-27 08:56:23,142 - INFO - composites.py:307 - Reproject from UTM Zone to Tile geometry -> CRS(EPSG:32634), Resampling.bilinear
2025-08-27 08:56:31,408 - INFO - composites.py:310 -     New shape of datasets: Shape2d(x=2400, y=2400)
2025-08-27 08:56:32,196 - INFO - composites.py:342 - Creating preview plot of input scenes
2025-08-27 08:57:10,389 - INFO - timeseries_processing.py:349 - Saved preview for 'B04' to //nas-rs.topo.auth.gr/Latomeia/DROUGHT/composites/x11/y08/2021/03/01/S2L2A_medcomp_x11y08_202103_InDataPreview.jpeg
2025-08-27 08:57:10,396 - INFO - composites.py:348 - Clip value range
2025-08-27 08:57:12,771 - INFO - composites.py:353 -                           
2025-08-27 08:57:12,793 - INFO - composites.py:354 - Computing spectral indices:
2025-08-27 08:57:12,793 - INFO - composites.py:357 -     EVI...
2025-08-27 08:57:14,440 - INFO - composites.py:359 -     NDVI...
2025-08-27 08:57:14,990 - INFO - composites.py:361 -     PSRI2...
2025-08-27 08:57:15,397 - INFO - composites.py:364 - Clip to typical value range
2025-08-27 08:57:15,911 - INFO - composites.py:371 - Reducing to median value temporal composite
2025-08-27 08:57:42,795 - INFO - composites.py:390 - Scale and Define data types & nodata per band
2025-08-27 08:57:43,018 - INFO - composites.py:411 - Assign time range and tile ID in metadata
2025-08-27 08:57:43,018 - INFO - composites.py:419 - Write bands to raster COG files
2025-08-27 08:57:47,163 - INFO - composites.py:432 - Write B02 -> //nas-rs.topo.auth.gr/Latomeia/DROUGHT/composites/x11/y08/2021/03/01/S2L2A_medcomp_x11y08_202103_B02.tif
2025-08-27 08:57:51,063 - INFO - composites.py:432 - Write B03 -> //nas-rs.topo.auth.gr/Latomeia/DROUGHT/composites/x11/y08/2021/03/01/S2L2A_medcomp_x11y08_202103_B03.tif
2025-08-27 08:57:54,954 - INFO - composites.py:432 - Write B04 -> //nas-rs.topo.auth.gr/Latomeia/DROUGHT/composites/x11/y08/2021/03/01/S2L2A_medcomp_x11y08_202103_B04.tif
2025-08-27 08:57:58,816 - INFO - composites.py:432 - Write B05 -> //nas-rs.topo.auth.gr/Latomeia/DROUGHT/composites/x11/y08/2021/03/01/S2L2A_medcomp_x11y08_202103_B05.tif
2025-08-27 08:58:03,220 - INFO - composites.py:432 - Write B07 -> //nas-rs.topo.auth.gr/Latomeia/DROUGHT/composites/x11/y08/2021/03/01/S2L2A_medcomp_x11y08_202103_B07.tif
2025-08-27 08:58:07,143 - INFO - composites.py:432 - Write B8A -> //nas-rs.topo.auth.gr/Latomeia/DROUGHT/composites/x11/y08/2021/03/01/S2L2A_medcomp_x11y08_202103_B8A.tif
2025-08-27 08:58:11,015 - INFO - composites.py:432 - Write EVI -> //nas-rs.topo.auth.gr/Latomeia/DROUGHT/composites/x11/y08/2021/03/01/S2L2A_medcomp_x11y08_202103_EVI.tif
2025-08-27 08:58:14,953 - INFO - composites.py:432 - Write NDVI -> //nas-rs.topo.auth.gr/Latomeia/DROUGHT/composites/x11/y08/2021/03/01/S2L2A_medcomp_x11y08_202103_NDVI.tif
2025-08-27 08:58:19,252 - INFO - composites.py:432 - Write PSRI2 -> //nas-rs.topo.auth.gr/Latomeia/DROUGHT/composites/x11/y08/2021/03/01/S2L2A_medcomp_x11y08_202103_PSRI2.tif
2025-08-27 08:58:19,253 - INFO - composites.py:436 - Prepare metadata YAML document
2025-08-27 08:58:19,830 - INFO - composites.py:458 - Write metadata YAML document to disk
2025-08-27 08:58:19,890 - INFO - composites.py:463 - Create datacube.model.Dataset from eo3 metadata
2025-08-27 08:58:19,900 - INFO - composites.py:474 - Index to datacube
2025-08-27 08:58:19,901 - INFO - _datasets.py:191 - Indexing 015ba441-fddd-414e-a526-7edd62bddb2b
2025-08-27 08:58:19,909 - INFO - composites.py:477 - 
2025-08-27 08:58:19,909 - INFO - composites.py:478 -              ✔✔✔ COMPLETED: Tile x11_y08 | Time: 2021-03 | In 53.62 minutes
2025-08-27 08:58:19,910 - INFO - composites.py:479 - 
2025-08-27 08:58:19,910 - INFO - composites.py:487 - Closing Dask client
2025-08-27 08:58:19,913 - INFO - composites.py:491 - Closing Dask cluster
2025-08-27 08:58:19,913 - INFO - composites.py:492 - #######################################################################
