2025-08-26 01:07:43,775 - INFO - composites.py:102 - #######################################################################
2025-08-26 01:07:43,776 - INFO - composites.py:104 - Processing started
2025-08-26 01:07:43,776 - INFO - composites.py:105 -         Tile: x10_y10
2025-08-26 01:07:43,776 - INFO - composites.py:106 -         Time: 2020-03
2025-08-26 01:07:43,776 - INFO - composites.py:109 -                           
2025-08-26 01:07:43,776 - INFO - composites.py:110 - Establishing connection to datacube
2025-08-26 01:07:44,312 - INFO - composites.py:113 -                           
2025-08-26 01:07:44,313 - INFO - composites.py:114 - Sanity test: Check if dataset already exists in the datacube
2025-08-26 01:07:44,330 - INFO - composites.py:133 - The composite requested was not found and it will be computed
2025-08-26 01:07:44,330 - INFO - composites.py:136 -                                  
2025-08-26 01:07:44,330 - INFO - composites.py:137 - Initializing Dask cluster for parallelization
2025-08-26 01:07:49,398 - INFO - composites.py:161 - Dask dashboard is available at: http://127.0.0.1:8787/status
2025-08-26 01:07:49,398 - INFO - composites.py:164 - Create directories and naming conversions
2025-08-26 01:07:49,409 - INFO - composites.py:177 - Dataset location: //nas-rs.topo.auth.gr/Latomeia/DROUGHT/composites/x10/y10/2020/03/01
2025-08-26 01:07:49,409 - INFO - composites.py:180 -                           
2025-08-26 01:07:49,409 - INFO - composites.py:181 - Retrieve tile geometry
2025-08-26 01:07:49,443 - INFO - composites.py:192 - Create the Bounding Box (φ,λ)
2025-08-26 01:07:49,444 - INFO - composites.py:198 - Create the Bounding Box (x,y)
2025-08-26 01:07:49,444 - INFO - composites.py:211 -                           
2025-08-26 01:07:49,444 - INFO - composites.py:212 - Connect to Planetary Computer STAC Catalog
2025-08-26 01:07:49,644 - INFO - composites.py:220 - Search the STAC Catalog
2025-08-26 01:07:49,712 - INFO - composites.py:232 -         Query parameters:
2025-08-26 01:07:49,712 - INFO - composites.py:233 -             url:          https://planetarycomputer.microsoft.com/api/stac/v1/search
2025-08-26 01:07:49,712 - INFO - composites.py:234 -             client:       microsoft-pc
2025-08-26 01:07:49,712 - INFO - composites.py:235 -             collection:   sentinel-2-l2a
2025-08-26 01:07:49,712 - INFO - composites.py:236 -             bbox:         (22.471633479946853, 37.72008040922633, 23.140477503527134, 38.27146676750315)
2025-08-26 01:07:49,712 - INFO - composites.py:237 -             time range:   2020-03-01T00:00:00Z/2020-03-31T23:59:59Z
2025-08-26 01:07:49,712 - INFO - composites.py:238 -             cloud cover:  0% - 70%
2025-08-26 01:07:49,712 - INFO - composites.py:239 -             nodata cover: 0% - 33%
2025-08-26 01:07:49,712 - INFO - composites.py:241 -                           
2025-08-26 01:07:49,712 - INFO - composites.py:242 - Searching...
2025-08-26 01:07:50,149 - INFO - composites.py:245 - Query found 13 items
2025-08-26 01:07:50,149 - INFO - composites.py:247 - Searching for GRI REFINED scenes:
2025-08-26 01:07:56,066 - INFO - sentinel2.py:78 - 1/13 - S2A_MSIL2A_20200331T090551_R050_T34SFG_20201022T121545 -> Not Found
2025-08-26 01:08:03,276 - INFO - sentinel2.py:78 - 2/13 - S2B_MSIL2A_20200329T092029_R093_T34SFH_20201020T204226 -> Not Found
2025-08-26 01:08:09,686 - INFO - sentinel2.py:78 - 3/13 - S2B_MSIL2A_20200329T092029_R093_T34SFG_20201020T203952 -> Not Found
2025-08-26 01:08:15,182 - INFO - sentinel2.py:78 - 4/13 - S2A_MSIL2A_20200324T092031_R093_T34SFH_20201018T204946 -> Not Found
2025-08-26 01:08:21,134 - INFO - sentinel2.py:78 - 5/13 - S2A_MSIL2A_20200324T092031_R093_T34SFG_20201018T204922 -> Not Found
2025-08-26 01:08:27,687 - INFO - sentinel2.py:78 - 6/13 - S2A_MSIL2A_20200321T090641_R050_T34SFG_20201014T104214 -> Not Found
2025-08-26 01:08:33,689 - INFO - sentinel2.py:78 - 7/13 - S2B_MSIL2A_20200319T092029_R093_T34SFH_20201012T164422 -> Not Found
2025-08-26 01:08:39,169 - INFO - sentinel2.py:78 - 8/13 - S2B_MSIL2A_20200319T092029_R093_T34SFG_20201012T164411 -> Not Found
2025-08-26 01:08:45,353 - INFO - sentinel2.py:78 - 9/13 - S2A_MSIL2A_20200314T092031_R093_T34SFH_20201009T235357 -> Not Found
2025-08-26 01:08:50,336 - INFO - sentinel2.py:78 - 10/13 - S2A_MSIL2A_20200314T092031_R093_T34SFG_20201009T235339 -> Not Found
2025-08-26 01:08:56,766 - INFO - sentinel2.py:78 - 11/13 - S2A_MSIL2A_20200311T090751_R050_T34SFG_20201005T153241 -> Not Found
2025-08-26 01:09:02,338 - INFO - sentinel2.py:78 - 12/13 - S2B_MSIL2A_20200306T090729_R050_T34SFG_20200929T110334 -> Not Found
2025-08-26 01:09:07,948 - INFO - sentinel2.py:78 - 13/13 - S2A_MSIL2A_20200301T090901_R050_T34SFG_20200925T223830 -> Not Found
2025-08-26 01:09:07,986 - INFO - composites.py:250 -                                  
2025-08-26 01:09:08,000 - INFO - composites.py:251 - 0/13 were refined by GRI.
2025-08-26 01:09:08,000 - WARNING - composites.py:255 - Tile x10_y10 | Time: 2020-03: All scenes are flagged NOT REFINED.
2025-08-26 01:09:08,016 - WARNING - composites.py:256 - Tile x10_y10 | Time: 2020-03: The composite will be flagged with _NOREFINED.
2025-08-26 01:09:08,020 - INFO - composites.py:263 - Looking for up to 10 cleanest images within spatiotemporal range of each MGRS tile
2025-08-26 01:09:08,021 - INFO - composites.py:277 - Filtered cleanest scenes: Kept 13 out of 13 items. 
2025-08-26 01:09:08,021 - INFO - composites.py:278 -         Included MGRS Tiles: ['34SFG' '34SFH']
2025-08-26 01:09:08,022 - INFO - composites.py:279 -         Included EPSG codes: [32634]
2025-08-26 01:09:08,022 - INFO - composites.py:281 - Selected scenes:
2025-08-26 01:09:08,023 - INFO - composites.py:283 -         S2A_MSIL2A_20200321T090641_R050_T34SFG_20201014T104214
2025-08-26 01:09:08,023 - INFO - composites.py:283 -         S2A_MSIL2A_20200301T090901_R050_T34SFG_20200925T223830
2025-08-26 01:09:08,023 - INFO - composites.py:283 -         S2B_MSIL2A_20200306T090729_R050_T34SFG_20200929T110334
2025-08-26 01:09:08,023 - INFO - composites.py:283 -         S2A_MSIL2A_20200311T090751_R050_T34SFG_20201005T153241
2025-08-26 01:09:08,024 - INFO - composites.py:283 -         S2A_MSIL2A_20200331T090551_R050_T34SFG_20201022T121545
2025-08-26 01:09:08,024 - INFO - composites.py:283 -         S2B_MSIL2A_20200319T092029_R093_T34SFG_20201012T164411
2025-08-26 01:09:08,024 - INFO - composites.py:283 -         S2A_MSIL2A_20200324T092031_R093_T34SFG_20201018T204922
2025-08-26 01:09:08,024 - INFO - composites.py:283 -         S2A_MSIL2A_20200314T092031_R093_T34SFG_20201009T235339
2025-08-26 01:09:08,024 - INFO - composites.py:283 -         S2B_MSIL2A_20200329T092029_R093_T34SFG_20201020T203952
2025-08-26 01:09:08,024 - INFO - composites.py:283 -         S2B_MSIL2A_20200319T092029_R093_T34SFH_20201012T164422
2025-08-26 01:09:08,024 - INFO - composites.py:283 -         S2A_MSIL2A_20200314T092031_R093_T34SFH_20201009T235357
2025-08-26 01:09:08,024 - INFO - composites.py:283 -         S2B_MSIL2A_20200329T092029_R093_T34SFH_20201020T204226
2025-08-26 01:09:08,024 - INFO - composites.py:283 -         S2A_MSIL2A_20200324T092031_R093_T34SFH_20201018T204946
2025-08-26 01:09:08,402 - INFO - sentinel2.py:154 - Matplotlib backend: Agg
2025-08-26 01:09:08,574 - INFO - sentinel2.py:224 - Write input scenes footprint overlay: //nas-rs.topo.auth.gr/Latomeia/DROUGHT/composites/x10/y10/2020/03/01/S2L2A_medcomp_x10y10_202003_InDataFootprint.jpeg
2025-08-26 01:09:08,909 - INFO - composites.py:297 -                                  
2025-08-26 01:09:08,909 - INFO - composites.py:298 - Downstream STAC items from Planetary Computer
2025-08-26 01:09:08,910 - INFO - timeseries_processing.py:115 -                                  
2025-08-26 01:09:08,910 - INFO - timeseries_processing.py:116 - Loading bands of diferent resolutions in EPSG:32634
2025-08-26 01:09:08,910 - INFO - timeseries_processing.py:120 -     Filtering items with native UTM EPSG:32634
2025-08-26 01:09:08,910 - INFO - timeseries_processing.py:122 -     13 Items in EPSG:32634
2025-08-26 01:09:08,910 - INFO - timeseries_processing.py:129 -                        
2025-08-26 01:09:08,910 - INFO - timeseries_processing.py:130 -     Loading parameters:
2025-08-26 01:09:08,910 - INFO - timeseries_processing.py:131 -         Bands: ['B05', 'B07', 'B8A', 'SCL']
2025-08-26 01:09:08,910 - INFO - timeseries_processing.py:132 -         Spatial resolution: 20
2025-08-26 01:09:08,910 - INFO - timeseries_processing.py:134 -         Get Assets from STAC Items
2025-08-26 01:09:08,911 - INFO - timeseries_processing.py:47 -         Initialize the STAC client
2025-08-26 01:09:09,440 - INFO - timeseries_processing.py:137 -         Loading 13 STAC Items....
2025-08-26 01:11:23,953 - INFO - timeseries_processing.py:146 -         Cube has been downloaded
2025-08-26 01:11:23,953 - INFO - timeseries_processing.py:156 -         Fix order of dimensions
2025-08-26 01:11:23,956 - INFO - timeseries_processing.py:161 -         Append bands to the band-list of EPSG:32634
2025-08-26 01:11:23,956 - INFO - timeseries_processing.py:129 -                        
2025-08-26 01:11:23,957 - INFO - timeseries_processing.py:130 -     Loading parameters:
2025-08-26 01:11:23,957 - INFO - timeseries_processing.py:131 -         Bands: ['B02', 'B03', 'B04']
2025-08-26 01:11:23,957 - INFO - timeseries_processing.py:132 -         Spatial resolution: 10
2025-08-26 01:11:23,957 - INFO - timeseries_processing.py:134 -         Get Assets from STAC Items
2025-08-26 01:11:23,957 - INFO - timeseries_processing.py:47 -         Initialize the STAC client
2025-08-26 01:11:24,571 - INFO - timeseries_processing.py:137 -         Loading 13 STAC Items....
2025-08-26 01:15:24,374 - INFO - timeseries_processing.py:146 -         Cube has been downloaded
2025-08-26 01:15:24,374 - INFO - timeseries_processing.py:149 -         Reproject to downsample 10m bands to 20m by Resampling.average 2x2 binning and shape matching with odc.geo.GeoBox
2025-08-26 01:15:36,767 - INFO - timeseries_processing.py:161 -         Append bands to the band-list of EPSG:32634
2025-08-26 01:15:36,767 - INFO - timeseries_processing.py:165 -                        
2025-08-26 01:15:36,767 - INFO - timeseries_processing.py:166 -     Merging bands in a single dataset
2025-08-26 01:15:36,767 - INFO - timeseries_processing.py:167 -     Ensure all partial datasets are at (x=20, y=-20) resolution
2025-08-26 01:15:36,768 - INFO - timeseries_processing.py:171 -     Clip to the intersection of indexes
2025-08-26 01:15:37,770 - INFO - timeseries_processing.py:180 -     Make a list of bands to merge
2025-08-26 01:15:37,771 - INFO - timeseries_processing.py:184 -     Merge on intersection
2025-08-26 01:15:37,772 - INFO - timeseries_processing.py:192 -     Apply masks on clouds, shadows, thin cirrus, and snow/ice
2025-08-26 01:15:37,772 - INFO - sentinel2.py:122 -                Masking bits: [3, 7, 8, 9, 10, 11]
2025-08-26 01:15:39,065 - INFO - composites.py:307 - Reproject from UTM Zone to Tile geometry -> CRS(EPSG:32634), Resampling.bilinear
2025-08-26 01:15:45,436 - INFO - composites.py:310 -     New shape of datasets: Shape2d(x=2400, y=2400)
2025-08-26 01:15:46,131 - INFO - composites.py:342 - Creating preview plot of input scenes
2025-08-26 01:16:17,259 - INFO - timeseries_processing.py:349 - Saved preview for 'B04' to //nas-rs.topo.auth.gr/Latomeia/DROUGHT/composites/x10/y10/2020/03/01/S2L2A_medcomp_x10y10_202003_InDataPreview.jpeg
2025-08-26 01:16:17,265 - INFO - composites.py:348 - Clip value range
2025-08-26 01:16:19,056 - INFO - composites.py:353 -                           
2025-08-26 01:16:19,056 - INFO - composites.py:354 - Computing spectral indices:
2025-08-26 01:16:19,056 - INFO - composites.py:357 -     EVI...
2025-08-26 01:16:20,203 - INFO - composites.py:359 -     NDVI...
2025-08-26 01:16:20,597 - INFO - composites.py:361 -     PSRI2...
2025-08-26 01:16:20,842 - INFO - composites.py:364 - Clip to typical value range
2025-08-26 01:16:21,145 - INFO - composites.py:371 - Reducing to median value temporal composite
2025-08-26 01:16:46,813 - INFO - composites.py:390 - Scale and Define data types & nodata per band
2025-08-26 01:16:46,970 - INFO - composites.py:411 - Assign time range and tile ID in metadata
2025-08-26 01:16:46,972 - INFO - composites.py:419 - Write bands to raster COG files
2025-08-26 01:16:50,828 - INFO - composites.py:432 - Write B02 -> //nas-rs.topo.auth.gr/Latomeia/DROUGHT/composites/x10/y10/2020/03/01/S2L2A_medcomp_x10y10_202003_B02.tif
2025-08-26 01:16:54,632 - INFO - composites.py:432 - Write B03 -> //nas-rs.topo.auth.gr/Latomeia/DROUGHT/composites/x10/y10/2020/03/01/S2L2A_medcomp_x10y10_202003_B03.tif
2025-08-26 01:16:58,439 - INFO - composites.py:432 - Write B04 -> //nas-rs.topo.auth.gr/Latomeia/DROUGHT/composites/x10/y10/2020/03/01/S2L2A_medcomp_x10y10_202003_B04.tif
2025-08-26 01:17:02,526 - INFO - composites.py:432 - Write B05 -> //nas-rs.topo.auth.gr/Latomeia/DROUGHT/composites/x10/y10/2020/03/01/S2L2A_medcomp_x10y10_202003_B05.tif
2025-08-26 01:17:06,661 - INFO - composites.py:432 - Write B07 -> //nas-rs.topo.auth.gr/Latomeia/DROUGHT/composites/x10/y10/2020/03/01/S2L2A_medcomp_x10y10_202003_B07.tif
2025-08-26 01:17:10,467 - INFO - composites.py:432 - Write B8A -> //nas-rs.topo.auth.gr/Latomeia/DROUGHT/composites/x10/y10/2020/03/01/S2L2A_medcomp_x10y10_202003_B8A.tif
2025-08-26 01:17:14,768 - INFO - composites.py:432 - Write EVI -> //nas-rs.topo.auth.gr/Latomeia/DROUGHT/composites/x10/y10/2020/03/01/S2L2A_medcomp_x10y10_202003_EVI.tif
2025-08-26 01:17:18,639 - INFO - composites.py:432 - Write NDVI -> //nas-rs.topo.auth.gr/Latomeia/DROUGHT/composites/x10/y10/2020/03/01/S2L2A_medcomp_x10y10_202003_NDVI.tif
2025-08-26 01:17:22,390 - INFO - composites.py:432 - Write PSRI2 -> //nas-rs.topo.auth.gr/Latomeia/DROUGHT/composites/x10/y10/2020/03/01/S2L2A_medcomp_x10y10_202003_PSRI2.tif
2025-08-26 01:17:22,404 - INFO - composites.py:436 - Prepare metadata YAML document
2025-08-26 01:17:22,888 - INFO - composites.py:458 - Write metadata YAML document to disk
2025-08-26 01:17:22,949 - INFO - composites.py:463 - Create datacube.model.Dataset from eo3 metadata
2025-08-26 01:17:22,958 - INFO - composites.py:474 - Index to datacube
2025-08-26 01:17:22,959 - INFO - _datasets.py:191 - Indexing f9929f3b-f424-4035-aa4e-9795195f259b
2025-08-26 01:17:22,967 - INFO - composites.py:477 - 
2025-08-26 01:17:22,967 - INFO - composites.py:478 -              ✔✔✔ COMPLETED: Tile x10_y10 | Time: 2020-03 | In 9.65 minutes
2025-08-26 01:17:22,967 - INFO - composites.py:479 - 
2025-08-26 01:17:22,967 - INFO - composites.py:487 - Closing Dask client
2025-08-26 01:17:22,969 - INFO - composites.py:491 - Closing Dask cluster
2025-08-26 01:17:22,970 - INFO - composites.py:492 - #######################################################################
