2025-08-22 11:30:08,746 - INFO - composites.py:101 - #######################################################################
2025-08-22 11:30:08,746 - INFO - composites.py:103 - Processing started
2025-08-22 11:30:08,746 - INFO - composites.py:104 -         Tile: x12_y11
2025-08-22 11:30:08,747 - INFO - composites.py:105 -         Time: 2020-07
2025-08-22 11:30:08,747 - INFO - composites.py:108 -                           
2025-08-22 11:30:08,747 - INFO - composites.py:109 - Establishing connection to datacube
2025-08-22 11:30:09,355 - INFO - composites.py:112 -                           
2025-08-22 11:30:09,355 - INFO - composites.py:113 - Sanity test: Check if dataset already exists in the datacube
2025-08-22 11:30:09,372 - INFO - composites.py:132 - The composite requested was not found and it will be computed
2025-08-22 11:30:09,372 - INFO - composites.py:135 -                                  
2025-08-22 11:30:09,372 - INFO - composites.py:136 - Initializing Dask cluster for parallelization
2025-08-22 11:30:14,760 - INFO - composites.py:160 - Dask dashboard is available at: http://127.0.0.1:8787/status
2025-08-22 11:30:14,761 - INFO - composites.py:163 - Create directories and naming conversions
2025-08-22 11:30:14,766 - INFO - composites.py:174 - Dataset location: //nas-rs.topo.auth.gr/Latomeia/DROUGHT/COMPOS/2020/07/x12_y11
2025-08-22 11:30:14,766 - INFO - composites.py:177 -                           
2025-08-22 11:30:14,766 - INFO - composites.py:178 - Retrieve tile geometry
2025-08-22 11:30:14,799 - INFO - composites.py:189 - Create the Bounding Box (φ,λ)
2025-08-22 11:30:14,799 - INFO - composites.py:195 - Create the Bounding Box (x,y)
2025-08-22 11:30:14,799 - INFO - composites.py:208 -                           
2025-08-22 11:30:14,799 - INFO - composites.py:209 - Connect to Planetary Computer STAC Catalog
2025-08-22 11:30:15,033 - INFO - composites.py:217 - Search the STAC Catalog
2025-08-22 11:30:15,099 - INFO - composites.py:229 -         Query parameters:
2025-08-22 11:30:15,099 - INFO - composites.py:230 -             url:          https://planetarycomputer.microsoft.com/api/stac/v1/search
2025-08-22 11:30:15,099 - INFO - composites.py:231 -             client:       microsoft-pc
2025-08-22 11:30:15,099 - INFO - composites.py:232 -             collection:   sentinel-2-l2a
2025-08-22 11:30:15,099 - INFO - composites.py:233 -             bbox:         (23.62848359322628, 37.99360926828161, 24.306499279548976, 38.55013763603257)
2025-08-22 11:30:15,099 - INFO - composites.py:234 -             time range:   2020-07-01T00:00:00Z/2020-07-31T23:59:59Z
2025-08-22 11:30:15,099 - INFO - composites.py:235 -             cloud cover:  0% - 70%
2025-08-22 11:30:15,099 - INFO - composites.py:236 -             nodata cover: 0% - 33%
2025-08-22 11:30:15,099 - INFO - composites.py:238 -                           
2025-08-22 11:30:15,099 - INFO - composites.py:239 - Searching...
2025-08-22 11:30:15,505 - INFO - composites.py:242 - Query found 12 items
2025-08-22 11:30:15,505 - INFO - composites.py:244 - Searching for GRI REFINED scenes:
2025-08-22 11:30:20,312 - INFO - sentinel2.py:78 - 1/12 - S2A_MSIL2A_20200729T090601_R050_T35SKC_20200817T235715 -> Not Found
2025-08-22 11:30:25,727 - INFO - sentinel2.py:78 - 2/12 - S2A_MSIL2A_20200729T090601_R050_T34SGH_20200908T173030 -> Not Found
2025-08-22 11:30:30,722 - INFO - sentinel2.py:78 - 3/12 - S2B_MSIL2A_20200724T090559_R050_T35SKC_20200919T044500 -> Not Found
2025-08-22 11:30:42,576 - INFO - sentinel2.py:78 - 4/12 - S2B_MSIL2A_20200724T090559_R050_T34SGH_20200817T095627 -> Not Found
2025-08-22 11:30:47,909 - INFO - sentinel2.py:78 - 5/12 - S2A_MSIL2A_20200719T090601_R050_T35SKC_20200816T171227 -> Not Found
2025-08-22 11:30:52,729 - INFO - sentinel2.py:78 - 6/12 - S2A_MSIL2A_20200719T090601_R050_T34SGH_20200816T171217 -> Not Found
2025-08-22 11:30:58,154 - INFO - sentinel2.py:78 - 7/12 - S2B_MSIL2A_20200714T090559_R050_T35SKC_20200913T045744 -> Not Found
2025-08-22 11:31:04,344 - INFO - sentinel2.py:78 - 8/12 - S2B_MSIL2A_20200714T090559_R050_T34SGH_20200913T045729 -> Not Found
2025-08-22 11:31:10,019 - INFO - sentinel2.py:78 - 9/12 - S2A_MSIL2A_20200709T090601_R050_T35SKC_20200912T135018 -> Not Found
2025-08-22 11:31:14,661 - INFO - sentinel2.py:78 - 10/12 - S2A_MSIL2A_20200709T090601_R050_T34SGH_20200919T033203 -> Not Found
2025-08-22 11:31:20,032 - INFO - sentinel2.py:78 - 11/12 - S2B_MSIL2A_20200704T090559_R050_T35SKC_20200825T052356 -> Not Found
2025-08-22 11:31:25,104 - INFO - sentinel2.py:78 - 12/12 - S2B_MSIL2A_20200704T090559_R050_T34SGH_20200825T052339 -> Not Found
2025-08-22 11:31:25,145 - INFO - composites.py:247 -                                  
2025-08-22 11:31:25,145 - INFO - composites.py:248 - 0/12 were refined by GRI.
2025-08-22 11:31:25,146 - WARNING - composites.py:252 - Tile x12_y11 | Time: 2020-07: All scenes are flagged NOT REFINED.
2025-08-22 11:31:25,146 - WARNING - composites.py:253 - Tile x12_y11 | Time: 2020-07: The composite will be flagged with _NOREFINED.
2025-08-22 11:31:25,146 - INFO - composites.py:260 - Looking for up to 10 cleanest images within spatiotemporal range of each MGRS tile
2025-08-22 11:31:25,147 - INFO - composites.py:274 - Filtered cleanest scenes: Kept 12 out of 12 items. 
2025-08-22 11:31:25,147 - INFO - composites.py:275 -         Included MGRS Tiles: ['34SGH' '35SKC']
2025-08-22 11:31:25,147 - INFO - composites.py:276 -         Included EPSG codes: [32634 32635]
2025-08-22 11:31:25,147 - INFO - composites.py:278 - Selected scenes:
2025-08-22 11:31:25,148 - INFO - composites.py:280 -         S2A_MSIL2A_20200729T090601_R050_T34SGH_20200908T173030
2025-08-22 11:31:25,148 - INFO - composites.py:280 -         S2B_MSIL2A_20200704T090559_R050_T34SGH_20200825T052339
2025-08-22 11:31:25,158 - INFO - composites.py:280 -         S2B_MSIL2A_20200724T090559_R050_T34SGH_20200817T095627
2025-08-22 11:31:25,159 - INFO - composites.py:280 -         S2A_MSIL2A_20200719T090601_R050_T34SGH_20200816T171217
2025-08-22 11:31:25,159 - INFO - composites.py:280 -         S2A_MSIL2A_20200709T090601_R050_T34SGH_20200919T033203
2025-08-22 11:31:25,159 - INFO - composites.py:280 -         S2B_MSIL2A_20200714T090559_R050_T34SGH_20200913T045729
2025-08-22 11:31:25,159 - INFO - composites.py:280 -         S2A_MSIL2A_20200729T090601_R050_T35SKC_20200817T235715
2025-08-22 11:31:25,160 - INFO - composites.py:280 -         S2B_MSIL2A_20200704T090559_R050_T35SKC_20200825T052356
2025-08-22 11:31:25,160 - INFO - composites.py:280 -         S2B_MSIL2A_20200724T090559_R050_T35SKC_20200919T044500
2025-08-22 11:31:25,160 - INFO - composites.py:280 -         S2A_MSIL2A_20200719T090601_R050_T35SKC_20200816T171227
2025-08-22 11:31:25,160 - INFO - composites.py:280 -         S2A_MSIL2A_20200709T090601_R050_T35SKC_20200912T135018
2025-08-22 11:31:25,162 - INFO - composites.py:280 -         S2B_MSIL2A_20200714T090559_R050_T35SKC_20200913T045744
2025-08-22 11:31:25,743 - INFO - sentinel2.py:154 - Matplotlib backend: Agg
2025-08-22 11:31:25,961 - INFO - sentinel2.py:224 - Write input scenes footprint overlay: //nas-rs.topo.auth.gr/Latomeia/DROUGHT/COMPOS/2020/07/x12_y11/S2L2A_medcomp_x12_y11_202007_InDataFootprint.jpeg
2025-08-22 11:31:26,266 - INFO - composites.py:294 -                                  
2025-08-22 11:31:26,266 - INFO - composites.py:295 - Downstream STAC items from Planetary Computer
2025-08-22 11:31:26,266 - INFO - timeseries_processing.py:115 -                                  
2025-08-22 11:31:26,266 - INFO - timeseries_processing.py:116 - Loading bands of diferent resolutions in EPSG:32634
2025-08-22 11:31:26,266 - INFO - timeseries_processing.py:120 -     Filtering items with native UTM EPSG:32634
2025-08-22 11:31:26,266 - INFO - timeseries_processing.py:122 -     6 Items in EPSG:32634
2025-08-22 11:31:26,266 - INFO - timeseries_processing.py:129 -                        
2025-08-22 11:31:26,266 - INFO - timeseries_processing.py:130 -     Loading parameters:
2025-08-22 11:31:26,266 - INFO - timeseries_processing.py:131 -         Bands: ['B05', 'B07', 'B8A', 'SCL']
2025-08-22 11:31:26,266 - INFO - timeseries_processing.py:132 -         Spatial resolution: 20
2025-08-22 11:31:26,266 - INFO - timeseries_processing.py:134 -         Get Assets from STAC Items
2025-08-22 11:31:26,267 - INFO - timeseries_processing.py:47 -         Initialize the STAC client
2025-08-22 11:31:26,940 - INFO - timeseries_processing.py:137 -         Loading 6 STAC Items....
2025-08-22 11:32:14,030 - INFO - timeseries_processing.py:146 -         Cube has been downloaded
2025-08-22 11:32:14,030 - INFO - timeseries_processing.py:156 -         Fix order of dimensions
2025-08-22 11:32:14,031 - INFO - timeseries_processing.py:161 -         Append bands to the band-list of EPSG:32634
2025-08-22 11:32:14,032 - INFO - timeseries_processing.py:129 -                        
2025-08-22 11:32:14,032 - INFO - timeseries_processing.py:130 -     Loading parameters:
2025-08-22 11:32:14,032 - INFO - timeseries_processing.py:131 -         Bands: ['B02', 'B03', 'B04']
2025-08-22 11:32:14,032 - INFO - timeseries_processing.py:132 -         Spatial resolution: 10
2025-08-22 11:32:14,033 - INFO - timeseries_processing.py:134 -         Get Assets from STAC Items
2025-08-22 11:32:14,033 - INFO - timeseries_processing.py:47 -         Initialize the STAC client
2025-08-22 11:32:14,539 - INFO - timeseries_processing.py:137 -         Loading 6 STAC Items....
2025-08-22 11:34:08,968 - INFO - timeseries_processing.py:146 -         Cube has been downloaded
2025-08-22 11:34:08,968 - INFO - timeseries_processing.py:149 -         Reproject to downsample 10m bands to 20m by Resampling.average 2x2 binning and shape matching with odc.geo.GeoBox
2025-08-22 11:34:19,253 - INFO - timeseries_processing.py:161 -         Append bands to the band-list of EPSG:32634
2025-08-22 11:34:19,253 - INFO - timeseries_processing.py:165 -                        
2025-08-22 11:34:19,253 - INFO - timeseries_processing.py:166 -     Merging bands in a single dataset
2025-08-22 11:34:19,253 - INFO - timeseries_processing.py:167 -     Ensure all partial datasets are at (x=20, y=-20) resolution
2025-08-22 11:34:19,253 - INFO - timeseries_processing.py:171 -     Clip to the intersection of indexes
2025-08-22 11:34:20,549 - INFO - timeseries_processing.py:180 -     Make a list of bands to merge
2025-08-22 11:34:20,551 - INFO - timeseries_processing.py:184 -     Merge on intersection
2025-08-22 11:34:20,552 - INFO - timeseries_processing.py:192 -     Apply masks on clouds, shadows, thin cirrus, and snow/ice
2025-08-22 11:34:20,552 - INFO - sentinel2.py:122 -                Masking bits: [3, 7, 8, 9, 10, 11]
2025-08-22 11:34:21,371 - INFO - timeseries_processing.py:115 -                                  
2025-08-22 11:34:21,371 - INFO - timeseries_processing.py:116 - Loading bands of diferent resolutions in EPSG:32635
2025-08-22 11:34:21,371 - INFO - timeseries_processing.py:120 -     Filtering items with native UTM EPSG:32635
2025-08-22 11:34:21,371 - INFO - timeseries_processing.py:122 -     6 Items in EPSG:32635
2025-08-22 11:34:21,371 - INFO - timeseries_processing.py:129 -                        
2025-08-22 11:34:21,371 - INFO - timeseries_processing.py:130 -     Loading parameters:
2025-08-22 11:34:21,371 - INFO - timeseries_processing.py:131 -         Bands: ['B05', 'B07', 'B8A', 'SCL']
2025-08-22 11:34:21,371 - INFO - timeseries_processing.py:132 -         Spatial resolution: 20
2025-08-22 11:34:21,371 - INFO - timeseries_processing.py:134 -         Get Assets from STAC Items
2025-08-22 11:34:21,371 - INFO - timeseries_processing.py:47 -         Initialize the STAC client
2025-08-22 11:34:21,856 - INFO - timeseries_processing.py:137 -         Loading 6 STAC Items....
2025-08-22 11:35:06,945 - INFO - timeseries_processing.py:146 -         Cube has been downloaded
2025-08-22 11:35:06,945 - INFO - timeseries_processing.py:156 -         Fix order of dimensions
2025-08-22 11:35:06,946 - INFO - timeseries_processing.py:161 -         Append bands to the band-list of EPSG:32635
2025-08-22 11:35:06,946 - INFO - timeseries_processing.py:129 -                        
2025-08-22 11:35:06,946 - INFO - timeseries_processing.py:130 -     Loading parameters:
2025-08-22 11:35:06,948 - INFO - timeseries_processing.py:131 -         Bands: ['B02', 'B03', 'B04']
2025-08-22 11:35:06,948 - INFO - timeseries_processing.py:132 -         Spatial resolution: 10
2025-08-22 11:35:06,948 - INFO - timeseries_processing.py:134 -         Get Assets from STAC Items
2025-08-22 11:35:06,948 - INFO - timeseries_processing.py:47 -         Initialize the STAC client
2025-08-22 11:35:07,431 - INFO - timeseries_processing.py:137 -         Loading 6 STAC Items....
2025-08-22 11:37:05,859 - INFO - timeseries_processing.py:146 -         Cube has been downloaded
2025-08-22 11:37:05,859 - INFO - timeseries_processing.py:149 -         Reproject to downsample 10m bands to 20m by Resampling.average 2x2 binning and shape matching with odc.geo.GeoBox
2025-08-22 11:37:16,004 - INFO - timeseries_processing.py:161 -         Append bands to the band-list of EPSG:32635
2025-08-22 11:37:16,004 - INFO - timeseries_processing.py:165 -                        
2025-08-22 11:37:16,004 - INFO - timeseries_processing.py:166 -     Merging bands in a single dataset
2025-08-22 11:37:16,004 - INFO - timeseries_processing.py:167 -     Ensure all partial datasets are at (x=20, y=-20) resolution
2025-08-22 11:37:16,005 - INFO - timeseries_processing.py:171 -     Clip to the intersection of indexes
2025-08-22 11:37:16,007 - INFO - timeseries_processing.py:180 -     Make a list of bands to merge
2025-08-22 11:37:16,007 - INFO - timeseries_processing.py:184 -     Merge on intersection
2025-08-22 11:37:16,008 - INFO - timeseries_processing.py:192 -     Apply masks on clouds, shadows, thin cirrus, and snow/ice
2025-08-22 11:37:16,008 - INFO - sentinel2.py:122 -                Masking bits: [3, 7, 8, 9, 10, 11]
2025-08-22 11:37:16,809 - INFO - composites.py:304 - Reproject from UTM Zone to Tile geometry -> CRS(EPSG:32635), Resampling.bilinear
2025-08-22 11:37:25,631 - INFO - composites.py:307 -     New shape of datasets: Shape2d(x=2400, y=2400)
2025-08-22 11:37:26,072 - INFO - composites.py:312 -                           
2025-08-22 11:37:26,079 - INFO - composites.py:313 - Mosaic datasets to a single dataset
2025-08-22 11:37:31,169 - INFO - composites.py:339 - Creating preview plot of input scenes
2025-08-22 11:37:56,815 - INFO - timeseries_processing.py:349 - Saved preview for 'B04' to //nas-rs.topo.auth.gr/Latomeia/DROUGHT/COMPOS/2020/07/x12_y11/S2L2A_medcomp_x12_y11_202007_InDataPreview.jpeg
2025-08-22 11:37:56,840 - INFO - composites.py:345 - Clip value range
2025-08-22 11:37:58,188 - INFO - composites.py:350 -                           
2025-08-22 11:37:58,197 - INFO - composites.py:351 - Computing spectral indices:
2025-08-22 11:37:58,217 - INFO - composites.py:354 -     EVI...
2025-08-22 11:37:59,034 - INFO - composites.py:356 -     NDVI...
2025-08-22 11:37:59,212 - INFO - composites.py:358 -     PSRI2...
2025-08-22 11:37:59,523 - INFO - composites.py:361 - Clip to typical value range
2025-08-22 11:37:59,906 - INFO - composites.py:368 - Reducing to median value temporal composite
2025-08-22 11:38:29,983 - INFO - composites.py:387 - Define data types and nodata per band
2025-08-22 11:38:30,088 - INFO - composites.py:408 - Assign time range and tile ID in metadata
2025-08-22 11:38:30,088 - INFO - composites.py:416 - Write bands to raster COG files
2025-08-22 11:38:34,189 - INFO - composites.py:429 - Write B02 -> //nas-rs.topo.auth.gr/Latomeia/DROUGHT/COMPOS/2020/07/x12_y11/S2L2A_medcomp_x12_y11_202007_B02.tif
2025-08-22 11:38:38,112 - INFO - composites.py:429 - Write B03 -> //nas-rs.topo.auth.gr/Latomeia/DROUGHT/COMPOS/2020/07/x12_y11/S2L2A_medcomp_x12_y11_202007_B03.tif
2025-08-22 11:38:42,068 - INFO - composites.py:429 - Write B04 -> //nas-rs.topo.auth.gr/Latomeia/DROUGHT/COMPOS/2020/07/x12_y11/S2L2A_medcomp_x12_y11_202007_B04.tif
2025-08-22 11:38:46,079 - INFO - composites.py:429 - Write B05 -> //nas-rs.topo.auth.gr/Latomeia/DROUGHT/COMPOS/2020/07/x12_y11/S2L2A_medcomp_x12_y11_202007_B05.tif
2025-08-22 11:38:50,556 - INFO - composites.py:429 - Write B07 -> //nas-rs.topo.auth.gr/Latomeia/DROUGHT/COMPOS/2020/07/x12_y11/S2L2A_medcomp_x12_y11_202007_B07.tif
2025-08-22 11:38:55,389 - INFO - composites.py:429 - Write B8A -> //nas-rs.topo.auth.gr/Latomeia/DROUGHT/COMPOS/2020/07/x12_y11/S2L2A_medcomp_x12_y11_202007_B8A.tif
2025-08-22 11:38:59,612 - INFO - composites.py:429 - Write EVI -> //nas-rs.topo.auth.gr/Latomeia/DROUGHT/COMPOS/2020/07/x12_y11/S2L2A_medcomp_x12_y11_202007_evi.tif
2025-08-22 11:39:03,622 - INFO - composites.py:429 - Write NDVI -> //nas-rs.topo.auth.gr/Latomeia/DROUGHT/COMPOS/2020/07/x12_y11/S2L2A_medcomp_x12_y11_202007_ndvi.tif
2025-08-22 11:39:07,729 - INFO - composites.py:429 - Write PSRI2 -> //nas-rs.topo.auth.gr/Latomeia/DROUGHT/COMPOS/2020/07/x12_y11/S2L2A_medcomp_x12_y11_202007_psri2.tif
2025-08-22 11:39:07,741 - INFO - composites.py:433 - Prepare metadata YAML document
2025-08-22 11:39:08,441 - INFO - composites.py:454 - Write metadata YAML document to disk
2025-08-22 11:39:08,481 - INFO - composites.py:459 - Create datacube.model.Dataset from eo3 metadata
2025-08-22 11:39:08,491 - INFO - composites.py:470 - Index to datacube
2025-08-22 11:39:08,492 - INFO - _datasets.py:191 - Indexing d2e8e4f5-23cd-4607-9a0c-9e2e93aa1b19
2025-08-22 11:39:08,500 - INFO - composites.py:473 - 
2025-08-22 11:39:08,500 - INFO - composites.py:474 -              ✔✔✔ COMPLETED: Tile x12_y11 | Time: 2020-07 | In 9.0 minutes
2025-08-22 11:39:08,500 - INFO - composites.py:475 - 
2025-08-22 11:39:08,500 - INFO - composites.py:483 - Closing Dask client
2025-08-22 11:39:08,502 - INFO - composites.py:487 - Closing Dask cluster
2025-08-22 11:39:08,503 - INFO - composites.py:488 - #######################################################################
