2025-08-23 01:24:58,344 - INFO - composites.py:101 - #######################################################################
2025-08-23 01:24:58,344 - INFO - composites.py:103 - Processing started
2025-08-23 01:24:58,345 - INFO - composites.py:104 -         Tile: x09_y07
2025-08-23 01:24:58,345 - INFO - composites.py:105 -         Time: 2020-12
2025-08-23 01:24:58,345 - INFO - composites.py:108 -                           
2025-08-23 01:24:58,345 - INFO - composites.py:109 - Establishing connection to datacube
2025-08-23 01:24:58,845 - INFO - composites.py:112 -                           
2025-08-23 01:24:58,845 - INFO - composites.py:113 - Sanity test: Check if dataset already exists in the datacube
2025-08-23 01:24:58,861 - INFO - composites.py:132 - The composite requested was not found and it will be computed
2025-08-23 01:24:58,861 - INFO - composites.py:135 -                                  
2025-08-23 01:24:58,861 - INFO - composites.py:136 - Initializing Dask cluster for parallelization
2025-08-23 01:25:03,686 - INFO - composites.py:160 - Dask dashboard is available at: http://127.0.0.1:8787/status
2025-08-23 01:25:03,686 - INFO - composites.py:163 - Create directories and naming conversions
2025-08-23 01:25:03,691 - INFO - composites.py:174 - Dataset location: //nas-rs.topo.auth.gr/Latomeia/DROUGHT/COMPOS/2020/12/x09_y07
2025-08-23 01:25:03,691 - INFO - composites.py:177 -                           
2025-08-23 01:25:03,691 - INFO - composites.py:178 - Retrieve tile geometry
2025-08-23 01:25:03,720 - INFO - composites.py:189 - Create the Bounding Box (φ,λ)
2025-08-23 01:25:03,720 - INFO - composites.py:195 - Create the Bounding Box (x,y)
2025-08-23 01:25:03,720 - INFO - composites.py:208 -                           
2025-08-23 01:25:03,720 - INFO - composites.py:209 - Connect to Planetary Computer STAC Catalog
2025-08-23 01:25:03,970 - INFO - composites.py:217 - Search the STAC Catalog
2025-08-23 01:25:04,038 - INFO - composites.py:229 -         Query parameters:
2025-08-23 01:25:04,038 - INFO - composites.py:230 -             url:          https://planetarycomputer.microsoft.com/api/stac/v1/search
2025-08-23 01:25:04,038 - INFO - composites.py:231 -             client:       microsoft-pc
2025-08-23 01:25:04,038 - INFO - composites.py:232 -             collection:   sentinel-2-l2a
2025-08-23 01:25:04,038 - INFO - composites.py:233 -             bbox:         (21.713272741353347, 36.503467455742786, 22.3662065071609, 37.05185939680514)
2025-08-23 01:25:04,038 - INFO - composites.py:234 -             time range:   2020-12-01T00:00:00Z/2020-12-31T23:59:59Z
2025-08-23 01:25:04,038 - INFO - composites.py:235 -             cloud cover:  0% - 70%
2025-08-23 01:25:04,038 - INFO - composites.py:236 -             nodata cover: 0% - 33%
2025-08-23 01:25:04,038 - INFO - composites.py:238 -                           
2025-08-23 01:25:04,038 - INFO - composites.py:239 - Searching...
2025-08-23 01:25:04,500 - INFO - composites.py:242 - Query found 23 items
2025-08-23 01:25:04,500 - INFO - composites.py:244 - Searching for GRI REFINED scenes:
2025-08-23 01:25:10,565 - INFO - sentinel2.py:78 - 1/23 - S2B_MSIL2A_20201231T091309_R050_T34SFG_20201231T232025 -> Not Found
2025-08-23 01:25:16,370 - INFO - sentinel2.py:78 - 2/23 - S2B_MSIL2A_20201231T091309_R050_T34SFF_20210101T054915 -> Not Found
2025-08-23 01:25:21,999 - INFO - sentinel2.py:78 - 3/23 - S2A_MSIL2A_20201226T091411_R050_T34SFF_20210104T094742 -> Not Found
2025-08-23 01:25:27,696 - INFO - sentinel2.py:78 - 4/23 - S2B_MSIL2A_20201224T092319_R093_T34SFG_20201225T041223 -> Not Found
2025-08-23 01:25:33,005 - INFO - sentinel2.py:78 - 5/23 - S2B_MSIL2A_20201224T092319_R093_T34SFF_20201225T040925 -> Not Found
2025-08-23 01:25:38,656 - INFO - sentinel2.py:78 - 6/23 - S2B_MSIL2A_20201224T092319_R093_T34SEG_20201225T041702 -> Not Found
2025-08-23 01:25:42,667 - INFO - sentinel2.py:78 - 7/23 - S2B_MSIL2A_20201224T092319_R093_T34SEF_20210104T083601 -> Not Found
2025-08-23 01:25:47,853 - INFO - sentinel2.py:78 - 8/23 - S2B_MSIL2A_20201221T091309_R050_T34SFF_20201222T101706 -> Not Found
2025-08-23 01:25:53,120 - INFO - sentinel2.py:78 - 9/23 - S2A_MSIL2A_20201219T092411_R093_T34SFG_20201220T142544 -> Not Found
2025-08-23 01:25:58,795 - INFO - sentinel2.py:78 - 10/23 - S2A_MSIL2A_20201219T092411_R093_T34SFF_20210105T015027 -> Not Found
2025-08-23 01:26:03,405 - INFO - sentinel2.py:78 - 11/23 - S2A_MSIL2A_20201219T092411_R093_T34SEG_20210513T181936 -> Not Found
2025-08-23 01:26:09,442 - INFO - sentinel2.py:78 - 12/23 - S2A_MSIL2A_20201219T092411_R093_T34SEF_20210105T015033 -> Not Found
2025-08-23 01:26:14,220 - INFO - sentinel2.py:78 - 13/23 - S2A_MSIL2A_20201216T091401_R050_T34SFG_20201217T022750 -> Not Found
2025-08-23 01:26:19,914 - INFO - sentinel2.py:78 - 14/23 - S2A_MSIL2A_20201216T091401_R050_T34SFF_20201217T023440 -> Not Found
2025-08-23 01:26:25,664 - INFO - sentinel2.py:78 - 15/23 - S2A_MSIL2A_20201209T092401_R093_T34SFG_20201210T142900 -> Not Found
2025-08-23 01:26:30,412 - INFO - sentinel2.py:78 - 16/23 - S2A_MSIL2A_20201209T092401_R093_T34SFF_20201210T142616 -> Not Found
2025-08-23 01:26:35,051 - INFO - sentinel2.py:78 - 17/23 - S2A_MSIL2A_20201209T092401_R093_T34SEG_20201210T142856 -> Not Found
2025-08-23 01:26:40,413 - INFO - sentinel2.py:78 - 18/23 - S2A_MSIL2A_20201209T092401_R093_T34SEF_20201210T141826 -> Not Found
2025-08-23 01:26:45,809 - INFO - sentinel2.py:78 - 19/23 - S2A_MSIL2A_20201206T091351_R050_T34SFG_20201207T083012 -> Not Found
2025-08-23 01:26:51,569 - INFO - sentinel2.py:78 - 20/23 - S2A_MSIL2A_20201206T091351_R050_T34SFF_20201207T083014 -> Not Found
2025-08-23 01:26:57,227 - INFO - sentinel2.py:78 - 21/23 - S2B_MSIL2A_20201204T092349_R093_T34SEG_20201213T185243 -> Not Found
2025-08-23 01:27:03,018 - INFO - sentinel2.py:78 - 22/23 - S2B_MSIL2A_20201204T092349_R093_T34SEF_20201205T112813 -> Not Found
2025-08-23 01:27:08,642 - INFO - sentinel2.py:78 - 23/23 - S2B_MSIL2A_20201201T091339_R050_T34SFF_20201203T004456 -> Not Found
2025-08-23 01:27:08,682 - INFO - composites.py:247 -                                  
2025-08-23 01:27:08,683 - INFO - composites.py:248 - 0/23 were refined by GRI.
2025-08-23 01:27:08,684 - WARNING - composites.py:252 - Tile x09_y07 | Time: 2020-12: All scenes are flagged NOT REFINED.
2025-08-23 01:27:08,684 - WARNING - composites.py:253 - Tile x09_y07 | Time: 2020-12: The composite will be flagged with _NOREFINED.
2025-08-23 01:27:08,684 - INFO - composites.py:260 - Looking for up to 10 cleanest images within spatiotemporal range of each MGRS tile
2025-08-23 01:27:08,684 - INFO - composites.py:274 - Filtered cleanest scenes: Kept 23 out of 23 items. 
2025-08-23 01:27:08,685 - INFO - composites.py:275 -         Included MGRS Tiles: ['34SEF' '34SEG' '34SFF' '34SFG']
2025-08-23 01:27:08,685 - INFO - composites.py:276 -         Included EPSG codes: [32634]
2025-08-23 01:27:08,693 - INFO - composites.py:278 - Selected scenes:
2025-08-23 01:27:08,693 - INFO - composites.py:280 -         S2B_MSIL2A_20201224T092319_R093_T34SEF_20210104T083601
2025-08-23 01:27:08,694 - INFO - composites.py:280 -         S2A_MSIL2A_20201209T092401_R093_T34SEF_20201210T141826
2025-08-23 01:27:08,694 - INFO - composites.py:280 -         S2A_MSIL2A_20201219T092411_R093_T34SEF_20210105T015033
2025-08-23 01:27:08,694 - INFO - composites.py:280 -         S2B_MSIL2A_20201204T092349_R093_T34SEF_20201205T112813
2025-08-23 01:27:08,694 - INFO - composites.py:280 -         S2A_MSIL2A_20201219T092411_R093_T34SEG_20210513T181936
2025-08-23 01:27:08,706 - INFO - composites.py:280 -         S2B_MSIL2A_20201224T092319_R093_T34SEG_20201225T041702
2025-08-23 01:27:08,706 - INFO - composites.py:280 -         S2A_MSIL2A_20201209T092401_R093_T34SEG_20201210T142856
2025-08-23 01:27:08,706 - INFO - composites.py:280 -         S2B_MSIL2A_20201204T092349_R093_T34SEG_20201213T185243
2025-08-23 01:27:08,707 - INFO - composites.py:280 -         S2B_MSIL2A_20201224T092319_R093_T34SFF_20201225T040925
2025-08-23 01:27:08,707 - INFO - composites.py:280 -         S2A_MSIL2A_20201216T091401_R050_T34SFF_20201217T023440
2025-08-23 01:27:08,719 - INFO - composites.py:280 -         S2A_MSIL2A_20201206T091351_R050_T34SFF_20201207T083014
2025-08-23 01:27:08,719 - INFO - composites.py:280 -         S2A_MSIL2A_20201219T092411_R093_T34SFF_20210105T015027
2025-08-23 01:27:08,719 - INFO - composites.py:280 -         S2B_MSIL2A_20201201T091339_R050_T34SFF_20201203T004456
2025-08-23 01:27:08,719 - INFO - composites.py:280 -         S2A_MSIL2A_20201209T092401_R093_T34SFF_20201210T142616
2025-08-23 01:27:08,719 - INFO - composites.py:280 -         S2A_MSIL2A_20201226T091411_R050_T34SFF_20210104T094742
2025-08-23 01:27:08,720 - INFO - composites.py:280 -         S2B_MSIL2A_20201231T091309_R050_T34SFF_20210101T054915
2025-08-23 01:27:08,720 - INFO - composites.py:280 -         S2B_MSIL2A_20201221T091309_R050_T34SFF_20201222T101706
2025-08-23 01:27:08,720 - INFO - composites.py:280 -         S2B_MSIL2A_20201224T092319_R093_T34SFG_20201225T041223
2025-08-23 01:27:08,721 - INFO - composites.py:280 -         S2A_MSIL2A_20201216T091401_R050_T34SFG_20201217T022750
2025-08-23 01:27:08,721 - INFO - composites.py:280 -         S2A_MSIL2A_20201219T092411_R093_T34SFG_20201220T142544
2025-08-23 01:27:08,721 - INFO - composites.py:280 -         S2B_MSIL2A_20201231T091309_R050_T34SFG_20201231T232025
2025-08-23 01:27:08,721 - INFO - composites.py:280 -         S2A_MSIL2A_20201206T091351_R050_T34SFG_20201207T083012
2025-08-23 01:27:08,721 - INFO - composites.py:280 -         S2A_MSIL2A_20201209T092401_R093_T34SFG_20201210T142900
2025-08-23 01:27:09,056 - INFO - sentinel2.py:154 - Matplotlib backend: Agg
2025-08-23 01:27:09,381 - INFO - sentinel2.py:224 - Write input scenes footprint overlay: //nas-rs.topo.auth.gr/Latomeia/DROUGHT/COMPOS/2020/12/x09_y07/S2L2A_medcomp_x09_y07_202012_InDataFootprint.jpeg
2025-08-23 01:27:09,597 - INFO - composites.py:294 -                                  
2025-08-23 01:27:09,597 - INFO - composites.py:295 - Downstream STAC items from Planetary Computer
2025-08-23 01:27:09,597 - INFO - timeseries_processing.py:115 -                                  
2025-08-23 01:27:09,597 - INFO - timeseries_processing.py:116 - Loading bands of diferent resolutions in EPSG:32634
2025-08-23 01:27:09,597 - INFO - timeseries_processing.py:120 -     Filtering items with native UTM EPSG:32634
2025-08-23 01:27:09,597 - INFO - timeseries_processing.py:122 -     23 Items in EPSG:32634
2025-08-23 01:27:09,597 - INFO - timeseries_processing.py:129 -                        
2025-08-23 01:27:09,597 - INFO - timeseries_processing.py:130 -     Loading parameters:
2025-08-23 01:27:09,597 - INFO - timeseries_processing.py:131 -         Bands: ['B05', 'B07', 'B8A', 'SCL']
2025-08-23 01:27:09,597 - INFO - timeseries_processing.py:132 -         Spatial resolution: 20
2025-08-23 01:27:09,597 - INFO - timeseries_processing.py:134 -         Get Assets from STAC Items
2025-08-23 01:27:09,597 - INFO - timeseries_processing.py:47 -         Initialize the STAC client
2025-08-23 01:27:10,215 - INFO - timeseries_processing.py:137 -         Loading 23 STAC Items....
2025-08-23 01:28:14,261 - INFO - timeseries_processing.py:146 -         Cube has been downloaded
2025-08-23 01:28:14,261 - INFO - timeseries_processing.py:156 -         Fix order of dimensions
2025-08-23 01:28:14,263 - INFO - timeseries_processing.py:161 -         Append bands to the band-list of EPSG:32634
2025-08-23 01:28:14,263 - INFO - timeseries_processing.py:129 -                        
2025-08-23 01:28:14,265 - INFO - timeseries_processing.py:130 -     Loading parameters:
2025-08-23 01:28:14,265 - INFO - timeseries_processing.py:131 -         Bands: ['B02', 'B03', 'B04']
2025-08-23 01:28:14,265 - INFO - timeseries_processing.py:132 -         Spatial resolution: 10
2025-08-23 01:28:14,265 - INFO - timeseries_processing.py:134 -         Get Assets from STAC Items
2025-08-23 01:28:14,265 - INFO - timeseries_processing.py:47 -         Initialize the STAC client
2025-08-23 01:28:14,850 - INFO - timeseries_processing.py:137 -         Loading 23 STAC Items....
2025-08-23 01:30:46,148 - INFO - timeseries_processing.py:146 -         Cube has been downloaded
2025-08-23 01:30:46,148 - INFO - timeseries_processing.py:149 -         Reproject to downsample 10m bands to 20m by Resampling.average 2x2 binning and shape matching with odc.geo.GeoBox
2025-08-23 01:30:59,069 - INFO - timeseries_processing.py:161 -         Append bands to the band-list of EPSG:32634
2025-08-23 01:30:59,069 - INFO - timeseries_processing.py:165 -                        
2025-08-23 01:30:59,069 - INFO - timeseries_processing.py:166 -     Merging bands in a single dataset
2025-08-23 01:30:59,069 - INFO - timeseries_processing.py:167 -     Ensure all partial datasets are at (x=20, y=-20) resolution
2025-08-23 01:30:59,070 - INFO - timeseries_processing.py:171 -     Clip to the intersection of indexes
2025-08-23 01:31:00,048 - INFO - timeseries_processing.py:180 -     Make a list of bands to merge
2025-08-23 01:31:00,049 - INFO - timeseries_processing.py:184 -     Merge on intersection
2025-08-23 01:31:00,051 - INFO - timeseries_processing.py:192 -     Apply masks on clouds, shadows, thin cirrus, and snow/ice
2025-08-23 01:31:00,051 - INFO - sentinel2.py:122 -                Masking bits: [3, 7, 8, 9, 10, 11]
2025-08-23 01:31:01,224 - INFO - composites.py:304 - Reproject from UTM Zone to Tile geometry -> CRS(EPSG:32634), Resampling.bilinear
2025-08-23 01:31:07,847 - INFO - composites.py:307 -     New shape of datasets: Shape2d(x=2400, y=2400)
2025-08-23 01:31:08,704 - INFO - composites.py:339 - Creating preview plot of input scenes
2025-08-23 01:31:40,831 - INFO - timeseries_processing.py:349 - Saved preview for 'B04' to //nas-rs.topo.auth.gr/Latomeia/DROUGHT/COMPOS/2020/12/x09_y07/S2L2A_medcomp_x09_y07_202012_InDataPreview.jpeg
2025-08-23 01:31:40,837 - INFO - composites.py:345 - Clip value range
2025-08-23 01:31:42,716 - INFO - composites.py:350 -                           
2025-08-23 01:31:42,732 - INFO - composites.py:351 - Computing spectral indices:
2025-08-23 01:31:42,736 - INFO - composites.py:354 -     EVI...
2025-08-23 01:31:43,957 - INFO - composites.py:356 -     NDVI...
2025-08-23 01:31:44,326 - INFO - composites.py:358 -     PSRI2...
2025-08-23 01:31:44,709 - INFO - composites.py:361 - Clip to typical value range
2025-08-23 01:31:45,122 - INFO - composites.py:368 - Reducing to median value temporal composite
2025-08-23 01:32:09,986 - INFO - composites.py:387 - Define data types and nodata per band
2025-08-23 01:32:10,174 - INFO - composites.py:408 - Assign time range and tile ID in metadata
2025-08-23 01:32:10,174 - INFO - composites.py:416 - Write bands to raster COG files
2025-08-23 01:32:14,196 - INFO - composites.py:429 - Write B02 -> //nas-rs.topo.auth.gr/Latomeia/DROUGHT/COMPOS/2020/12/x09_y07/S2L2A_medcomp_x09_y07_202012_B02.tif
2025-08-23 01:32:17,957 - INFO - composites.py:429 - Write B03 -> //nas-rs.topo.auth.gr/Latomeia/DROUGHT/COMPOS/2020/12/x09_y07/S2L2A_medcomp_x09_y07_202012_B03.tif
2025-08-23 01:32:21,774 - INFO - composites.py:429 - Write B04 -> //nas-rs.topo.auth.gr/Latomeia/DROUGHT/COMPOS/2020/12/x09_y07/S2L2A_medcomp_x09_y07_202012_B04.tif
2025-08-23 01:32:25,519 - INFO - composites.py:429 - Write B05 -> //nas-rs.topo.auth.gr/Latomeia/DROUGHT/COMPOS/2020/12/x09_y07/S2L2A_medcomp_x09_y07_202012_B05.tif
2025-08-23 01:32:29,256 - INFO - composites.py:429 - Write B07 -> //nas-rs.topo.auth.gr/Latomeia/DROUGHT/COMPOS/2020/12/x09_y07/S2L2A_medcomp_x09_y07_202012_B07.tif
2025-08-23 01:32:33,044 - INFO - composites.py:429 - Write B8A -> //nas-rs.topo.auth.gr/Latomeia/DROUGHT/COMPOS/2020/12/x09_y07/S2L2A_medcomp_x09_y07_202012_B8A.tif
2025-08-23 01:32:36,722 - INFO - composites.py:429 - Write EVI -> //nas-rs.topo.auth.gr/Latomeia/DROUGHT/COMPOS/2020/12/x09_y07/S2L2A_medcomp_x09_y07_202012_evi.tif
2025-08-23 01:32:40,462 - INFO - composites.py:429 - Write NDVI -> //nas-rs.topo.auth.gr/Latomeia/DROUGHT/COMPOS/2020/12/x09_y07/S2L2A_medcomp_x09_y07_202012_ndvi.tif
2025-08-23 01:32:44,190 - INFO - composites.py:429 - Write PSRI2 -> //nas-rs.topo.auth.gr/Latomeia/DROUGHT/COMPOS/2020/12/x09_y07/S2L2A_medcomp_x09_y07_202012_psri2.tif
2025-08-23 01:32:44,191 - INFO - composites.py:433 - Prepare metadata YAML document
2025-08-23 01:32:44,896 - INFO - composites.py:454 - Write metadata YAML document to disk
2025-08-23 01:32:44,921 - INFO - composites.py:459 - Create datacube.model.Dataset from eo3 metadata
2025-08-23 01:32:44,932 - INFO - composites.py:470 - Index to datacube
2025-08-23 01:32:44,932 - INFO - _datasets.py:191 - Indexing 0dd05c8d-04ee-4e54-bd45-03fe142d8c94
2025-08-23 01:32:44,940 - INFO - composites.py:473 - 
2025-08-23 01:32:44,940 - INFO - composites.py:474 -              ✔✔✔ COMPLETED: Tile x09_y07 | Time: 2020-12 | In 7.78 minutes
2025-08-23 01:32:44,940 - INFO - composites.py:475 - 
2025-08-23 01:32:44,940 - INFO - composites.py:483 - Closing Dask client
2025-08-23 01:32:44,942 - INFO - composites.py:487 - Closing Dask cluster
2025-08-23 01:32:44,942 - INFO - composites.py:488 - #######################################################################
