2025-08-20 08:31:59,064 - INFO - composites.py:100 - #######################################################################
2025-08-20 08:31:59,064 - INFO - composites.py:102 - Processing started
2025-08-20 08:31:59,064 - INFO - composites.py:103 -         Tile: x10_y11
2025-08-20 08:31:59,064 - INFO - composites.py:104 -         Time: 2021-11
2025-08-20 08:31:59,064 - INFO - composites.py:107 -                           
2025-08-20 08:31:59,064 - INFO - composites.py:108 - Establishing connection to datacube
2025-08-20 08:31:59,773 - INFO - composites.py:111 -                           
2025-08-20 08:31:59,773 - INFO - composites.py:112 - Sanity test: Check if dataset already exists in the datacube
2025-08-20 08:31:59,793 - INFO - composites.py:131 - The composite requested was not found and it will be computed
2025-08-20 08:31:59,793 - INFO - composites.py:134 -                                  
2025-08-20 08:31:59,793 - INFO - composites.py:135 - Initializing Dask cluster for parallelization
2025-08-20 08:32:05,563 - INFO - composites.py:159 - Dask dashboard is available at: http://127.0.0.1:8787/status
2025-08-20 08:32:05,563 - INFO - composites.py:162 - Create directories and naming conversions
2025-08-20 08:32:05,569 - INFO - composites.py:173 - Dataset location: //nas-rs.topo.auth.gr/Latomeia/DROUGHT/COMPOS/2021/11/x10_y11
2025-08-20 08:32:05,569 - INFO - composites.py:176 -                           
2025-08-20 08:32:05,569 - INFO - composites.py:177 - Retrieve tile geometry
2025-08-20 08:32:05,615 - INFO - composites.py:188 - Create the Bounding Box (φ,λ)
2025-08-20 08:32:05,615 - INFO - composites.py:194 - Create the Bounding Box (x,y)
2025-08-20 08:32:05,615 - INFO - composites.py:207 -                           
2025-08-20 08:32:05,615 - INFO - composites.py:208 - Connect to Planetary Computer STAC Catalog
2025-08-20 08:32:05,828 - INFO - composites.py:216 - Search the STAC Catalog
2025-08-20 08:32:05,896 - INFO - composites.py:228 -         Query parameters:
2025-08-20 08:32:05,896 - INFO - composites.py:229 -             url:          https://planetarycomputer.microsoft.com/api/stac/v1/search
2025-08-20 08:32:05,896 - INFO - composites.py:230 -             client:       microsoft-pc
2025-08-20 08:32:05,896 - INFO - composites.py:231 -             collection:   sentinel-2-l2a
2025-08-20 08:32:05,896 - INFO - composites.py:232 -             bbox:         (22.551510740438168, 38.148576547644886, 23.225099953185694, 38.70016385760693)
2025-08-20 08:32:05,896 - INFO - composites.py:233 -             time range:   2021-11-01T00:00:00Z/2021-11-30T23:59:59Z
2025-08-20 08:32:05,896 - INFO - composites.py:234 -             cloud cover:  0% - 70%
2025-08-20 08:32:05,896 - INFO - composites.py:235 -             nodata cover: 0% - 33%
2025-08-20 08:32:05,896 - INFO - composites.py:237 -                           
2025-08-20 08:32:05,896 - INFO - composites.py:238 - Searching...
2025-08-20 08:32:06,258 - INFO - composites.py:241 - Query found 1 items
2025-08-20 08:32:06,258 - INFO - composites.py:243 - Searching for GRI REFINED scenes:
2025-08-20 08:32:13,950 - INFO - sentinel2.py:78 - 1/1 - S2A_MSIL2A_20211104T092151_R093_T34SFH_20211110T024226 -> REFINED
2025-08-20 08:32:14,027 - INFO - composites.py:246 -                                  
2025-08-20 08:32:14,027 - INFO - composites.py:247 - 1/1 were refined by GRI.
2025-08-20 08:32:14,027 - INFO - composites.py:259 - Looking for up to 10 cleanest images within spatiotemporal range of each MGRS tile
2025-08-20 08:32:14,028 - INFO - composites.py:273 - Filtered cleanest scenes: Kept 1 out of 1 items. 
2025-08-20 08:32:14,028 - INFO - composites.py:274 -         Included MGRS Tiles: ['34SFH']
2025-08-20 08:32:14,028 - INFO - composites.py:275 -         Included EPSG codes: [32634]
2025-08-20 08:32:14,028 - INFO - composites.py:277 - Selected scenes:
2025-08-20 08:32:14,028 - INFO - composites.py:279 -         S2A_MSIL2A_20211104T092151_R093_T34SFH_20211110T024226
2025-08-20 08:32:14,523 - INFO - sentinel2.py:154 - Matplotlib backend: Agg
2025-08-20 08:32:14,683 - INFO - sentinel2.py:224 - Write input scenes footprint overlay: //nas-rs.topo.auth.gr/Latomeia/DROUGHT/COMPOS/2021/11/x10_y11/S2L2A_medcomp_x10_y11_202111_InDataFootprint.jpeg
2025-08-20 08:32:14,872 - INFO - composites.py:293 -                                  
2025-08-20 08:32:14,872 - INFO - composites.py:294 - Downstream STAC items from Planetary Computer
2025-08-20 08:32:14,872 - INFO - timeseries_processing.py:114 -                                  
2025-08-20 08:32:14,872 - INFO - timeseries_processing.py:115 - Loading bands of diferent resolutions in EPSG:32634
2025-08-20 08:32:14,872 - INFO - timeseries_processing.py:119 -     Filtering items with native UTM EPSG:32634
2025-08-20 08:32:14,872 - INFO - timeseries_processing.py:121 -     1 Items in EPSG:32634
2025-08-20 08:32:14,872 - INFO - timeseries_processing.py:128 -                        
2025-08-20 08:32:14,872 - INFO - timeseries_processing.py:129 -     Loading parameters:
2025-08-20 08:32:14,872 - INFO - timeseries_processing.py:130 -         Bands: ['B05', 'B07', 'B8A', 'SCL']
2025-08-20 08:32:14,872 - INFO - timeseries_processing.py:131 -         Spatial resolution: 20
2025-08-20 08:32:14,872 - INFO - timeseries_processing.py:133 -         Get Assets from STAC Items
2025-08-20 08:32:14,874 - INFO - timeseries_processing.py:46 -         Initialize the STAC client
2025-08-20 08:32:15,331 - INFO - timeseries_processing.py:136 -         Loading 1 STAC Items....
2025-08-20 08:32:23,609 - INFO - timeseries_processing.py:158 -         Cube has been downloaded
2025-08-20 08:32:23,609 - INFO - timeseries_processing.py:167 -         Fix order of dimensions
2025-08-20 08:32:23,610 - INFO - timeseries_processing.py:172 -         Append bands to the band-list of EPSG:32634
2025-08-20 08:32:23,610 - INFO - timeseries_processing.py:128 -                        
2025-08-20 08:32:23,610 - INFO - timeseries_processing.py:129 -     Loading parameters:
2025-08-20 08:32:23,610 - INFO - timeseries_processing.py:130 -         Bands: ['B02', 'B03', 'B04']
2025-08-20 08:32:23,610 - INFO - timeseries_processing.py:131 -         Spatial resolution: 10
2025-08-20 08:32:23,610 - INFO - timeseries_processing.py:133 -         Get Assets from STAC Items
2025-08-20 08:32:23,610 - INFO - timeseries_processing.py:46 -         Initialize the STAC client
2025-08-20 08:32:24,042 - INFO - timeseries_processing.py:136 -         Loading 1 STAC Items....
2025-08-20 08:32:41,037 - INFO - timeseries_processing.py:158 -         Cube has been downloaded
2025-08-20 08:32:41,037 - INFO - timeseries_processing.py:161 -         Downsample 10m bands to 20m by average 2x2 binning
2025-08-20 08:32:42,529 - INFO - timeseries_processing.py:164 -         Align binned bands to native 20m bands (shape matching): method=bilinear
2025-08-20 08:32:43,922 - INFO - timeseries_processing.py:172 -         Append bands to the band-list of EPSG:32634
2025-08-20 08:32:43,922 - INFO - timeseries_processing.py:176 -                        
2025-08-20 08:32:43,922 - INFO - timeseries_processing.py:177 -     Merging bands in a single dataset
2025-08-20 08:32:43,922 - INFO - timeseries_processing.py:178 -     Ensure all partial datasets are at (x=20, y=-20) resolution
2025-08-20 08:32:43,923 - INFO - timeseries_processing.py:182 -     Clip to the intersection of indexes
2025-08-20 08:32:45,264 - INFO - timeseries_processing.py:191 -     Make a list of bands to merge
2025-08-20 08:32:45,265 - INFO - timeseries_processing.py:195 -     Merge on intersection
2025-08-20 08:32:45,266 - INFO - timeseries_processing.py:203 -     Apply masks on clouds, shadows, thin cirrus, and snow/ice
2025-08-20 08:32:45,266 - INFO - sentinel2.py:122 -                Masking bits: [3, 7, 8, 9, 10, 11]
2025-08-20 08:32:45,409 - INFO - timeseries_processing.py:209 -     Reproject to Tiling Schema projection EPSG:3035
2025-08-20 08:32:46,981 - INFO - composites.py:303 - Clip and align to tile geometry
2025-08-20 08:32:47,962 - INFO - composites.py:336 - Creating preview plot of input scenes
2025-08-20 08:33:06,209 - INFO - timeseries_processing.py:367 - Saved preview for 'B04' to //nas-rs.topo.auth.gr/Latomeia/DROUGHT/COMPOS/2021/11/x10_y11/S2L2A_medcomp_x10_y11_202111_InDataPreview.jpeg
2025-08-20 08:33:06,225 - INFO - composites.py:342 - Clip value range
2025-08-20 08:33:06,476 - INFO - composites.py:347 -                           
2025-08-20 08:33:06,476 - INFO - composites.py:348 - Computing spectral indices:
2025-08-20 08:33:06,478 - INFO - composites.py:351 -     EVI...
2025-08-20 08:33:06,643 - INFO - composites.py:353 -     NDVI...
2025-08-20 08:33:06,674 - INFO - composites.py:355 -     PSRI2...
2025-08-20 08:33:06,715 - INFO - composites.py:358 - Clip to typical value range
2025-08-20 08:33:06,773 - INFO - composites.py:365 - Reducing to median value temporal composite
2025-08-20 08:33:28,582 - INFO - composites.py:384 - Define data types and nodata per band
2025-08-20 08:33:28,741 - INFO - composites.py:405 - Assign time range and tile ID in metadata
2025-08-20 08:33:28,741 - INFO - composites.py:413 - Write bands to raster COG files
2025-08-20 08:33:33,418 - INFO - composites.py:426 - Write B02 -> //nas-rs.topo.auth.gr/Latomeia/DROUGHT/COMPOS/2021/11/x10_y11/S2L2A_medcomp_x10_y11_202111_B02.tif
2025-08-20 08:33:38,140 - INFO - composites.py:426 - Write B03 -> //nas-rs.topo.auth.gr/Latomeia/DROUGHT/COMPOS/2021/11/x10_y11/S2L2A_medcomp_x10_y11_202111_B03.tif
2025-08-20 08:33:42,818 - INFO - composites.py:426 - Write B04 -> //nas-rs.topo.auth.gr/Latomeia/DROUGHT/COMPOS/2021/11/x10_y11/S2L2A_medcomp_x10_y11_202111_B04.tif
2025-08-20 08:33:47,950 - INFO - composites.py:426 - Write B05 -> //nas-rs.topo.auth.gr/Latomeia/DROUGHT/COMPOS/2021/11/x10_y11/S2L2A_medcomp_x10_y11_202111_B05.tif
2025-08-20 08:33:52,680 - INFO - composites.py:426 - Write B07 -> //nas-rs.topo.auth.gr/Latomeia/DROUGHT/COMPOS/2021/11/x10_y11/S2L2A_medcomp_x10_y11_202111_B07.tif
2025-08-20 08:33:57,419 - INFO - composites.py:426 - Write B8A -> //nas-rs.topo.auth.gr/Latomeia/DROUGHT/COMPOS/2021/11/x10_y11/S2L2A_medcomp_x10_y11_202111_B8A.tif
2025-08-20 08:34:02,066 - INFO - composites.py:426 - Write EVI -> //nas-rs.topo.auth.gr/Latomeia/DROUGHT/COMPOS/2021/11/x10_y11/S2L2A_medcomp_x10_y11_202111_evi.tif
2025-08-20 08:34:06,627 - INFO - composites.py:426 - Write NDVI -> //nas-rs.topo.auth.gr/Latomeia/DROUGHT/COMPOS/2021/11/x10_y11/S2L2A_medcomp_x10_y11_202111_ndvi.tif
2025-08-20 08:34:11,326 - INFO - composites.py:426 - Write PSRI2 -> //nas-rs.topo.auth.gr/Latomeia/DROUGHT/COMPOS/2021/11/x10_y11/S2L2A_medcomp_x10_y11_202111_psri2.tif
2025-08-20 08:34:11,326 - INFO - composites.py:430 - Prepare metadata YAML document
2025-08-20 08:34:12,056 - INFO - composites.py:451 - Write metadata YAML document to disk
2025-08-20 08:34:12,131 - INFO - composites.py:456 - Create datacube.model.Dataset from eo3 metadata
2025-08-20 08:34:12,142 - INFO - composites.py:467 - Index to datacube
2025-08-20 08:34:12,142 - INFO - _datasets.py:191 - Indexing 44ada7c9-4ba0-448a-81f5-13e9f0c47083
2025-08-20 08:34:12,150 - INFO - composites.py:470 - 
2025-08-20 08:34:12,150 - INFO - composites.py:471 -              ✔✔✔ COMPLETED: Tile x10_y11 | Time: 2021-11 | In 2.22 minutes
2025-08-20 08:34:12,150 - INFO - composites.py:472 - 
2025-08-20 08:34:12,150 - INFO - composites.py:480 - Closing Dask client
2025-08-20 08:34:12,152 - INFO - composites.py:484 - Closing Dask cluster
2025-08-20 08:34:12,152 - INFO - composites.py:485 - #######################################################################
