2025-08-29 21:59:06,009 - INFO - composites.py:102 - #######################################################################
2025-08-29 21:59:06,010 - INFO - composites.py:104 - Processing started
2025-08-29 21:59:06,010 - INFO - composites.py:105 -         Tile: x10_y11
2025-08-29 21:59:06,010 - INFO - composites.py:106 -         Time: 2022-07
2025-08-29 21:59:06,010 - INFO - composites.py:109 -                           
2025-08-29 21:59:06,010 - INFO - composites.py:110 - Establishing connection to datacube
2025-08-29 21:59:06,524 - INFO - composites.py:113 -                           
2025-08-29 21:59:06,524 - INFO - composites.py:114 - Sanity test: Check if dataset already exists in the datacube
2025-08-29 21:59:06,543 - INFO - composites.py:133 - The composite requested was not found and it will be computed
2025-08-29 21:59:06,543 - INFO - composites.py:136 -                                  
2025-08-29 21:59:06,543 - INFO - composites.py:137 - Initializing Dask cluster for parallelization
2025-08-29 21:59:11,623 - INFO - composites.py:161 - Dask dashboard is available at: http://127.0.0.1:8787/status
2025-08-29 21:59:11,624 - INFO - composites.py:164 - Create directories and naming conversions
2025-08-29 21:59:11,636 - INFO - composites.py:177 - Dataset location: //nas-rs.topo.auth.gr/Latomeia/DROUGHT/composites/x10/y11/2022/07/01
2025-08-29 21:59:11,636 - INFO - composites.py:180 -                           
2025-08-29 21:59:11,636 - INFO - composites.py:181 - Retrieve tile geometry
2025-08-29 21:59:11,674 - INFO - composites.py:192 - Create the Bounding Box (φ,λ)
2025-08-29 21:59:11,674 - INFO - composites.py:198 - Create the Bounding Box (x,y)
2025-08-29 21:59:11,674 - INFO - composites.py:211 -                           
2025-08-29 21:59:11,674 - INFO - composites.py:212 - Connect to Planetary Computer STAC Catalog
2025-08-29 21:59:11,918 - INFO - composites.py:220 - Search the STAC Catalog
2025-08-29 21:59:12,013 - INFO - composites.py:232 -         Query parameters:
2025-08-29 21:59:12,013 - INFO - composites.py:233 -             url:          https://planetarycomputer.microsoft.com/api/stac/v1/search
2025-08-29 21:59:12,013 - INFO - composites.py:234 -             client:       microsoft-pc
2025-08-29 21:59:12,013 - INFO - composites.py:235 -             collection:   sentinel-2-l2a
2025-08-29 21:59:12,013 - INFO - composites.py:236 -             bbox:         (22.551446150749733, 38.14853968883684, 23.225034627134395, 38.70012671670289)
2025-08-29 21:59:12,013 - INFO - composites.py:237 -             time range:   2022-07-01T00:00:00Z/2022-07-31T23:59:59Z
2025-08-29 21:59:12,013 - INFO - composites.py:238 -             cloud cover:  0% - 70%
2025-08-29 21:59:12,013 - INFO - composites.py:239 -             nodata cover: 0% - 33%
2025-08-29 21:59:12,013 - INFO - composites.py:241 -                           
2025-08-29 21:59:12,013 - INFO - composites.py:242 - Searching...
2025-08-29 21:59:12,621 - INFO - composites.py:245 - Query found 11 items
2025-08-29 21:59:12,621 - INFO - composites.py:247 - Searching for GRI REFINED scenes:
2025-08-29 21:59:18,849 - INFO - sentinel2.py:78 - 1/11 - S2B_MSIL2A_20220727T091559_R093_T34SFH_20240714T220116 -> REFINED
2025-08-29 21:59:25,090 - INFO - sentinel2.py:78 - 2/11 - S2B_MSIL2A_20220727T091559_R093_T34SFH_20220728T174945 -> REFINED
2025-08-29 21:59:30,367 - INFO - sentinel2.py:78 - 3/11 - S2A_MSIL2A_20220722T092041_R093_T34SFH_20240711T113555 -> REFINED
2025-08-29 21:59:36,540 - INFO - sentinel2.py:78 - 4/11 - S2A_MSIL2A_20220722T092041_R093_T34SFH_20220724T124542 -> REFINED
2025-08-29 21:59:42,590 - INFO - sentinel2.py:78 - 5/11 - S2B_MSIL2A_20220717T091559_R093_T34SFH_20240714T072952 -> REFINED
2025-08-29 21:59:48,577 - INFO - sentinel2.py:78 - 6/11 - S2B_MSIL2A_20220717T091559_R093_T34SFH_20220717T204623 -> REFINED
2025-08-29 21:59:54,141 - INFO - sentinel2.py:78 - 7/11 - S2A_MSIL2A_20220712T092041_R093_T34SFH_20220713T200948 -> REFINED
2025-08-29 21:59:59,736 - INFO - sentinel2.py:78 - 8/11 - S2B_MSIL2A_20220707T092039_R093_T34SFH_20240701T101053 -> REFINED
2025-08-29 22:00:05,775 - INFO - sentinel2.py:78 - 9/11 - S2B_MSIL2A_20220707T092039_R093_T34SFH_20220708T064757 -> REFINED
2025-08-29 22:00:12,028 - INFO - sentinel2.py:78 - 10/11 - S2A_MSIL2A_20220702T092041_R093_T34SFH_20240701T055146 -> REFINED
2025-08-29 22:00:18,114 - INFO - sentinel2.py:78 - 11/11 - S2A_MSIL2A_20220702T092041_R093_T34SFH_20220702T225121 -> REFINED
2025-08-29 22:00:18,160 - INFO - composites.py:250 -                                  
2025-08-29 22:00:18,169 - INFO - composites.py:251 - 11/11 were refined by GRI.
2025-08-29 22:00:18,188 - INFO - composites.py:263 - Looking for up to 10 cleanest images within spatiotemporal range of each MGRS tile
2025-08-29 22:00:18,194 - INFO - composites.py:277 - Filtered cleanest scenes: Kept 10 out of 11 items. 
2025-08-29 22:00:18,194 - INFO - composites.py:278 -         Included MGRS Tiles: ['34SFH']
2025-08-29 22:00:18,195 - INFO - composites.py:279 -         Included EPSG codes: [32634]
2025-08-29 22:00:18,195 - INFO - composites.py:281 - Selected scenes:
2025-08-29 22:00:18,195 - INFO - composites.py:283 -         S2A_MSIL2A_20220722T092041_R093_T34SFH_20240711T113555
2025-08-29 22:00:18,195 - INFO - composites.py:283 -         S2A_MSIL2A_20220722T092041_R093_T34SFH_20220724T124542
2025-08-29 22:00:18,196 - INFO - composites.py:283 -         S2B_MSIL2A_20220717T091559_R093_T34SFH_20220717T204623
2025-08-29 22:00:18,201 - INFO - composites.py:283 -         S2B_MSIL2A_20220717T091559_R093_T34SFH_20240714T072952
2025-08-29 22:00:18,201 - INFO - composites.py:283 -         S2A_MSIL2A_20220702T092041_R093_T34SFH_20220702T225121
2025-08-29 22:00:18,201 - INFO - composites.py:283 -         S2A_MSIL2A_20220702T092041_R093_T34SFH_20240701T055146
2025-08-29 22:00:18,202 - INFO - composites.py:283 -         S2B_MSIL2A_20220727T091559_R093_T34SFH_20220728T174945
2025-08-29 22:00:18,202 - INFO - composites.py:283 -         S2B_MSIL2A_20220727T091559_R093_T34SFH_20240714T220116
2025-08-29 22:00:18,202 - INFO - composites.py:283 -         S2A_MSIL2A_20220712T092041_R093_T34SFH_20220713T200948
2025-08-29 22:00:18,202 - INFO - composites.py:283 -         S2B_MSIL2A_20220707T092039_R093_T34SFH_20220708T064757
2025-08-29 22:00:18,537 - INFO - sentinel2.py:154 - Matplotlib backend: Agg
2025-08-29 22:00:18,703 - INFO - sentinel2.py:224 - Write input scenes footprint overlay: //nas-rs.topo.auth.gr/Latomeia/DROUGHT/composites/x10/y11/2022/07/01/S2L2A_medcomp_x10y11_202207_InDataFootprint.jpeg
2025-08-29 22:00:18,944 - INFO - composites.py:297 -                                  
2025-08-29 22:00:18,944 - INFO - composites.py:298 - Downstream STAC items from Planetary Computer
2025-08-29 22:00:18,944 - INFO - timeseries_processing.py:115 -                                  
2025-08-29 22:00:18,944 - INFO - timeseries_processing.py:116 - Loading bands of diferent resolutions in EPSG:32634
2025-08-29 22:00:18,944 - INFO - timeseries_processing.py:120 -     Filtering items with native UTM EPSG:32634
2025-08-29 22:00:18,944 - INFO - timeseries_processing.py:122 -     10 Items in EPSG:32634
2025-08-29 22:00:18,944 - INFO - timeseries_processing.py:129 -                        
2025-08-29 22:00:18,944 - INFO - timeseries_processing.py:130 -     Loading parameters:
2025-08-29 22:00:18,944 - INFO - timeseries_processing.py:131 -         Bands: ['B05', 'B07', 'B8A', 'SCL']
2025-08-29 22:00:18,944 - INFO - timeseries_processing.py:132 -         Spatial resolution: 20
2025-08-29 22:00:18,944 - INFO - timeseries_processing.py:134 -         Get Assets from STAC Items
2025-08-29 22:00:18,945 - INFO - timeseries_processing.py:47 -         Initialize the STAC client
2025-08-29 22:00:19,775 - INFO - timeseries_processing.py:137 -         Loading 10 STAC Items....
2025-08-29 22:01:32,798 - INFO - timeseries_processing.py:146 -         Cube has been downloaded
2025-08-29 22:01:32,798 - INFO - timeseries_processing.py:156 -         Fix order of dimensions
2025-08-29 22:01:32,799 - INFO - timeseries_processing.py:161 -         Append bands to the band-list of EPSG:32634
2025-08-29 22:01:32,800 - INFO - timeseries_processing.py:129 -                        
2025-08-29 22:01:32,800 - INFO - timeseries_processing.py:130 -     Loading parameters:
2025-08-29 22:01:32,801 - INFO - timeseries_processing.py:131 -         Bands: ['B02', 'B03', 'B04']
2025-08-29 22:01:32,801 - INFO - timeseries_processing.py:132 -         Spatial resolution: 10
2025-08-29 22:01:32,801 - INFO - timeseries_processing.py:134 -         Get Assets from STAC Items
2025-08-29 22:01:32,801 - INFO - timeseries_processing.py:47 -         Initialize the STAC client
2025-08-29 22:01:33,762 - INFO - timeseries_processing.py:137 -         Loading 10 STAC Items....
2025-08-29 22:04:43,421 - INFO - timeseries_processing.py:146 -         Cube has been downloaded
2025-08-29 22:04:43,421 - INFO - timeseries_processing.py:149 -         Reproject to downsample 10m bands to 20m by Resampling.average 2x2 binning and shape matching with odc.geo.GeoBox
2025-08-29 22:04:52,713 - INFO - timeseries_processing.py:161 -         Append bands to the band-list of EPSG:32634
2025-08-29 22:04:52,713 - INFO - timeseries_processing.py:165 -                        
2025-08-29 22:04:52,713 - INFO - timeseries_processing.py:166 -     Merging bands in a single dataset
2025-08-29 22:04:52,713 - INFO - timeseries_processing.py:167 -     Ensure all partial datasets are at (x=20, y=-20) resolution
2025-08-29 22:04:52,714 - INFO - timeseries_processing.py:171 -     Clip to the intersection of indexes
2025-08-29 22:04:53,937 - INFO - timeseries_processing.py:180 -     Make a list of bands to merge
2025-08-29 22:04:53,939 - INFO - timeseries_processing.py:184 -     Merge on intersection
2025-08-29 22:04:53,939 - INFO - timeseries_processing.py:192 -     Apply masks on clouds, shadows, thin cirrus, and snow/ice
2025-08-29 22:04:53,939 - INFO - sentinel2.py:122 -                Masking bits: [3, 7, 8, 9, 10, 11]
2025-08-29 22:04:54,706 - INFO - composites.py:307 - Reproject from UTM Zone to Tile geometry -> CRS(EPSG:32634), Resampling.bilinear
2025-08-29 22:04:58,772 - INFO - composites.py:310 -     New shape of datasets: Shape2d(x=2400, y=2400)
2025-08-29 22:04:59,364 - INFO - composites.py:329 - Scale SR to Sen2Cor Baseline 4.00 - Subtract 1000 in dates post 2022-01-25
2025-08-29 22:05:00,247 - INFO - composites.py:342 - Creating preview plot of input scenes
2025-08-29 22:05:25,941 - INFO - timeseries_processing.py:349 - Saved preview for 'B04' to //nas-rs.topo.auth.gr/Latomeia/DROUGHT/composites/x10/y11/2022/07/01/S2L2A_medcomp_x10y11_202207_InDataPreview.jpeg
2025-08-29 22:05:25,945 - INFO - composites.py:348 - Clip value range
2025-08-29 22:05:27,126 - INFO - composites.py:353 -                           
2025-08-29 22:05:27,136 - INFO - composites.py:354 - Computing spectral indices:
2025-08-29 22:05:27,149 - INFO - composites.py:357 -     EVI...
2025-08-29 22:05:27,905 - INFO - composites.py:359 -     NDVI...
2025-08-29 22:05:28,150 - INFO - composites.py:361 -     PSRI2...
2025-08-29 22:05:28,399 - INFO - composites.py:364 - Clip to typical value range
2025-08-29 22:05:28,628 - INFO - composites.py:371 - Reducing to median value temporal composite
2025-08-29 22:05:54,252 - INFO - composites.py:390 - Scale and Define data types & nodata per band
2025-08-29 22:05:54,397 - INFO - composites.py:411 - Assign time range and tile ID in metadata
2025-08-29 22:05:54,397 - INFO - composites.py:419 - Write bands to raster COG files
2025-08-29 22:05:58,334 - INFO - composites.py:432 - Write B02 -> //nas-rs.topo.auth.gr/Latomeia/DROUGHT/composites/x10/y11/2022/07/01/S2L2A_medcomp_x10y11_202207_B02.tif
2025-08-29 22:06:02,306 - INFO - composites.py:432 - Write B03 -> //nas-rs.topo.auth.gr/Latomeia/DROUGHT/composites/x10/y11/2022/07/01/S2L2A_medcomp_x10y11_202207_B03.tif
2025-08-29 22:06:06,375 - INFO - composites.py:432 - Write B04 -> //nas-rs.topo.auth.gr/Latomeia/DROUGHT/composites/x10/y11/2022/07/01/S2L2A_medcomp_x10y11_202207_B04.tif
2025-08-29 22:06:10,379 - INFO - composites.py:432 - Write B05 -> //nas-rs.topo.auth.gr/Latomeia/DROUGHT/composites/x10/y11/2022/07/01/S2L2A_medcomp_x10y11_202207_B05.tif
2025-08-29 22:06:14,406 - INFO - composites.py:432 - Write B07 -> //nas-rs.topo.auth.gr/Latomeia/DROUGHT/composites/x10/y11/2022/07/01/S2L2A_medcomp_x10y11_202207_B07.tif
2025-08-29 22:06:18,365 - INFO - composites.py:432 - Write B8A -> //nas-rs.topo.auth.gr/Latomeia/DROUGHT/composites/x10/y11/2022/07/01/S2L2A_medcomp_x10y11_202207_B8A.tif
2025-08-29 22:06:22,604 - INFO - composites.py:432 - Write EVI -> //nas-rs.topo.auth.gr/Latomeia/DROUGHT/composites/x10/y11/2022/07/01/S2L2A_medcomp_x10y11_202207_EVI.tif
2025-08-29 22:06:26,731 - INFO - composites.py:432 - Write NDVI -> //nas-rs.topo.auth.gr/Latomeia/DROUGHT/composites/x10/y11/2022/07/01/S2L2A_medcomp_x10y11_202207_NDVI.tif
2025-08-29 22:06:30,494 - INFO - composites.py:432 - Write PSRI2 -> //nas-rs.topo.auth.gr/Latomeia/DROUGHT/composites/x10/y11/2022/07/01/S2L2A_medcomp_x10y11_202207_PSRI2.tif
2025-08-29 22:06:30,495 - INFO - composites.py:436 - Prepare metadata YAML document
2025-08-29 22:06:31,025 - INFO - composites.py:458 - Write metadata YAML document to disk
2025-08-29 22:06:31,086 - INFO - composites.py:463 - Create datacube.model.Dataset from eo3 metadata
2025-08-29 22:06:31,096 - INFO - composites.py:476 - Index to datacube
2025-08-29 22:06:31,097 - INFO - _datasets.py:191 - Indexing 015e9007-f74c-49d4-8be3-b1c7b2c01cef
2025-08-29 22:06:31,115 - INFO - composites.py:479 - 
2025-08-29 22:06:31,115 - INFO - composites.py:480 -              ✔✔✔ COMPLETED: Tile x10_y11 | Time: 2022-07 | In 7.42 minutes
2025-08-29 22:06:31,115 - INFO - composites.py:481 - 
2025-08-29 22:06:31,115 - INFO - composites.py:489 - Closing Dask client
2025-08-29 22:06:31,116 - INFO - composites.py:493 - Closing Dask cluster
2025-08-29 22:06:31,116 - INFO - composites.py:494 - #######################################################################
