2025-08-17 16:44:40,787 - INFO - composites.py:104 - #######################################################################
2025-08-17 16:44:40,787 - INFO - composites.py:106 - Processing started
2025-08-17 16:44:40,787 - INFO - composites.py:107 -         Tile: x08_y12
2025-08-17 16:44:40,787 - INFO - composites.py:108 -         Time: 2020-02
2025-08-17 16:44:40,787 - INFO - composites.py:111 -                           
2025-08-17 16:44:40,787 - INFO - composites.py:112 - Establishing connection to datacube
2025-08-17 16:44:41,474 - INFO - composites.py:115 -                           
2025-08-17 16:44:41,476 - INFO - composites.py:116 - Sanity test: Check if dataset already exists in the datacube
2025-08-17 16:44:41,495 - INFO - composites.py:134 - The composite requested will be computed
2025-08-17 16:44:41,495 - INFO - composites.py:137 -                                  
2025-08-17 16:44:41,495 - INFO - composites.py:138 - Initializing Dask cluster for parallelization
2025-08-17 16:44:47,948 - INFO - composites.py:170 - Dask dashboard is available at: http://127.0.0.1:8787/status
2025-08-17 16:44:47,948 - INFO - composites.py:173 - Create directories and naming conversions
2025-08-17 16:44:47,954 - INFO - composites.py:184 - Dataset location: //nas-rs.topo.auth.gr/Latomeia/DROUGHT/COMPOS/2020/02/x08_y12
2025-08-17 16:44:47,954 - INFO - composites.py:187 -                           
2025-08-17 16:44:47,954 - INFO - composites.py:188 - Retrieve tile geometry
2025-08-17 16:44:47,988 - INFO - composites.py:199 - Create the Bounding Box (φ,λ)
2025-08-17 16:44:47,988 - INFO - composites.py:205 - Create the Bounding Box (x,y)
2025-08-17 16:44:47,988 - INFO - composites.py:218 -                           
2025-08-17 16:44:47,988 - INFO - composites.py:219 - Connect to Planetary Computer STAC Catalog
2025-08-17 16:44:48,395 - INFO - composites.py:227 - Search the STAC Catalog
2025-08-17 16:44:48,462 - INFO - composites.py:239 -         Query parameters:
2025-08-17 16:44:48,462 - INFO - composites.py:240 -             url:          https://planetarycomputer.microsoft.com/api/stac/v1/search
2025-08-17 16:44:48,462 - INFO - composites.py:241 -             client:       microsoft-pc
2025-08-17 16:44:48,462 - INFO - composites.py:242 -             collection:   sentinel-2-l2a
2025-08-17 16:44:48,462 - INFO - composites.py:243 -             bbox:         (21.54509382060671, 38.72057552623326, 22.218769516175396, 39.26729213027643)
2025-08-17 16:44:48,462 - INFO - composites.py:244 -             time range:   2020-02-01T00:00:00Z/2020-02-29T23:59:59Z
2025-08-17 16:44:48,462 - INFO - composites.py:245 -             cloud cover:  0% - 70%
2025-08-17 16:44:48,462 - INFO - composites.py:246 -             nodata cover: 0% - 33%
2025-08-17 16:44:48,462 - INFO - composites.py:248 -                           
2025-08-17 16:44:48,462 - INFO - composites.py:249 - Searching...
2025-08-17 16:44:48,915 - INFO - composites.py:252 - Query found 22 items
2025-08-17 16:44:48,915 - INFO - composites.py:254 - Searching for GRI REFINED scenes:
2025-08-17 16:44:51,649 - INFO - sentinel2.py:63 - 1/22 - S2B_MSIL2A_20200228T092029_R093_T34SFJ_20200929T011228 -> Not Found
2025-08-17 16:44:54,313 - INFO - sentinel2.py:63 - 2/22 - S2B_MSIL2A_20200228T092029_R093_T34SFH_20200929T011219 -> Not Found
2025-08-17 16:44:57,139 - INFO - sentinel2.py:63 - 3/22 - S2B_MSIL2A_20200228T092029_R093_T34SEJ_20200929T011210 -> Not Found
2025-08-17 16:45:00,975 - INFO - sentinel2.py:63 - 4/22 - S2A_MSIL2A_20200223T092021_R093_T34SFJ_20200927T221904 -> Not Found
2025-08-17 16:45:04,444 - INFO - sentinel2.py:63 - 5/22 - S2A_MSIL2A_20200223T092021_R093_T34SFH_20200927T221902 -> Not Found
2025-08-17 16:45:07,393 - INFO - sentinel2.py:63 - 6/22 - S2A_MSIL2A_20200223T092021_R093_T34SEJ_20200927T221901 -> Not Found
2025-08-17 16:45:10,497 - INFO - sentinel2.py:63 - 7/22 - S2A_MSIL2A_20200223T092021_R093_T34SEH_20200927T221857 -> Not Found
2025-08-17 16:45:14,193 - INFO - sentinel2.py:63 - 8/22 - S2B_MSIL2A_20200218T092029_R093_T34SFJ_20200929T210043 -> Not Found
2025-08-17 16:45:17,410 - INFO - sentinel2.py:63 - 9/22 - S2B_MSIL2A_20200218T092029_R093_T34SFH_20200929T210041 -> Not Found
2025-08-17 16:45:20,612 - INFO - sentinel2.py:63 - 10/22 - S2B_MSIL2A_20200218T092029_R093_T34SEJ_20200929T210022 -> Not Found
2025-08-17 16:45:23,603 - INFO - sentinel2.py:63 - 11/22 - S2B_MSIL2A_20200218T092029_R093_T34SEH_20200929T210019 -> Not Found
2025-08-17 16:45:26,394 - INFO - sentinel2.py:63 - 12/22 - S2A_MSIL2A_20200213T092101_R093_T34SFJ_20201001T210836 -> Not Found
2025-08-17 16:45:29,799 - INFO - sentinel2.py:63 - 13/22 - S2A_MSIL2A_20200213T092101_R093_T34SFH_20201001T210838 -> Not Found
2025-08-17 16:45:33,648 - INFO - sentinel2.py:63 - 14/22 - S2A_MSIL2A_20200213T092101_R093_T34SEJ_20201001T210833 -> Not Found
2025-08-17 16:45:36,952 - INFO - sentinel2.py:63 - 15/22 - S2A_MSIL2A_20200213T092101_R093_T34SEH_20201001T210832 -> Not Found
2025-08-17 16:45:39,775 - INFO - sentinel2.py:63 - 16/22 - S2B_MSIL2A_20200208T092039_R093_T34SFJ_20201001T095507 -> Not Found
2025-08-17 16:45:42,831 - INFO - sentinel2.py:63 - 17/22 - S2B_MSIL2A_20200208T092039_R093_T34SFH_20201001T095506 -> Not Found
2025-08-17 16:45:45,567 - INFO - sentinel2.py:63 - 18/22 - S2B_MSIL2A_20200208T092039_R093_T34SEJ_20201001T095501 -> Not Found
2025-08-17 16:45:48,337 - INFO - sentinel2.py:63 - 19/22 - S2B_MSIL2A_20200208T092039_R093_T34SEH_20201001T095459 -> Not Found
2025-08-17 16:45:51,129 - INFO - sentinel2.py:63 - 20/22 - S2A_MSIL2A_20200203T092201_R093_T34SFH_20200930T150116 -> Not Found
2025-08-17 16:45:54,969 - INFO - sentinel2.py:63 - 21/22 - S2A_MSIL2A_20200203T092201_R093_T34SEJ_20200930T150104 -> Not Found
2025-08-17 16:45:57,803 - INFO - sentinel2.py:63 - 22/22 - S2A_MSIL2A_20200203T092201_R093_T34SEH_20200930T150104 -> Not Found
2025-08-17 16:45:57,841 - INFO - composites.py:257 -                                  
2025-08-17 16:45:57,842 - INFO - composites.py:258 - 0/22 were refined by GRI.
2025-08-17 16:45:57,842 - WARNING - composites.py:262 - Tile x08_y12 | Time: 2020-02: All scenes are flagged NOT REFINED.
2025-08-17 16:45:57,843 - WARNING - composites.py:263 - Tile x08_y12 | Time: 2020-02: The composite will be flagged with _NOREFINED.
2025-08-17 16:45:57,843 - INFO - composites.py:270 - Looking for up to 10 cleanest images within spatiotemporal range of each MGRS tile
2025-08-17 16:45:57,843 - INFO - composites.py:284 - Filtered cleanest scenes: Kept 22 out of 22 items. 
2025-08-17 16:45:57,872 - INFO - composites.py:285 -         Included MGRS Tiles: ['34SEH' '34SEJ' '34SFH' '34SFJ']
2025-08-17 16:45:57,889 - INFO - composites.py:286 -         Included EPSG codes: [32634]
2025-08-17 16:45:57,890 - INFO - composites.py:288 - Selected scenes:
2025-08-17 16:45:57,890 - INFO - composites.py:290 -         S2A_MSIL2A_20200223T092021_R093_T34SEH_20200927T221857
2025-08-17 16:45:57,890 - INFO - composites.py:290 -         S2B_MSIL2A_20200208T092039_R093_T34SEH_20201001T095459
2025-08-17 16:45:57,890 - INFO - composites.py:290 -         S2A_MSIL2A_20200213T092101_R093_T34SEH_20201001T210832
2025-08-17 16:45:57,890 - INFO - composites.py:290 -         S2B_MSIL2A_20200218T092029_R093_T34SEH_20200929T210019
2025-08-17 16:45:57,891 - INFO - composites.py:290 -         S2A_MSIL2A_20200203T092201_R093_T34SEH_20200930T150104
2025-08-17 16:45:57,891 - INFO - composites.py:290 -         S2A_MSIL2A_20200223T092021_R093_T34SEJ_20200927T221901
2025-08-17 16:45:57,891 - INFO - composites.py:290 -         S2B_MSIL2A_20200218T092029_R093_T34SEJ_20200929T210022
2025-08-17 16:45:57,891 - INFO - composites.py:290 -         S2B_MSIL2A_20200208T092039_R093_T34SEJ_20201001T095501
2025-08-17 16:45:57,891 - INFO - composites.py:290 -         S2A_MSIL2A_20200213T092101_R093_T34SEJ_20201001T210833
2025-08-17 16:45:57,891 - INFO - composites.py:290 -         S2A_MSIL2A_20200203T092201_R093_T34SEJ_20200930T150104
2025-08-17 16:45:57,891 - INFO - composites.py:290 -         S2B_MSIL2A_20200228T092029_R093_T34SEJ_20200929T011210
2025-08-17 16:45:57,891 - INFO - composites.py:290 -         S2B_MSIL2A_20200218T092029_R093_T34SFH_20200929T210041
2025-08-17 16:45:57,891 - INFO - composites.py:290 -         S2A_MSIL2A_20200203T092201_R093_T34SFH_20200930T150116
2025-08-17 16:45:57,891 - INFO - composites.py:290 -         S2A_MSIL2A_20200213T092101_R093_T34SFH_20201001T210838
2025-08-17 16:45:57,891 - INFO - composites.py:290 -         S2A_MSIL2A_20200223T092021_R093_T34SFH_20200927T221902
2025-08-17 16:45:57,891 - INFO - composites.py:290 -         S2B_MSIL2A_20200208T092039_R093_T34SFH_20201001T095506
2025-08-17 16:45:57,891 - INFO - composites.py:290 -         S2B_MSIL2A_20200228T092029_R093_T34SFH_20200929T011219
2025-08-17 16:45:57,891 - INFO - composites.py:290 -         S2B_MSIL2A_20200218T092029_R093_T34SFJ_20200929T210043
2025-08-17 16:45:57,891 - INFO - composites.py:290 -         S2A_MSIL2A_20200223T092021_R093_T34SFJ_20200927T221904
2025-08-17 16:45:57,891 - INFO - composites.py:290 -         S2B_MSIL2A_20200228T092029_R093_T34SFJ_20200929T011228
2025-08-17 16:45:57,891 - INFO - composites.py:290 -         S2A_MSIL2A_20200213T092101_R093_T34SFJ_20201001T210836
2025-08-17 16:45:57,891 - INFO - composites.py:290 -         S2B_MSIL2A_20200208T092039_R093_T34SFJ_20201001T095507
2025-08-17 16:45:58,486 - INFO - sentinel2.py:139 - Matplotlib backend: Agg
2025-08-17 16:45:58,762 - INFO - sentinel2.py:209 - Write input scenes footprint overlay: //nas-rs.topo.auth.gr/Latomeia/DROUGHT/COMPOS/2020/02/x08_y12/S2L2A_medcomp_x08_y12_202002_InDataFootprint.jpeg
2025-08-17 16:45:59,075 - INFO - composites.py:304 -                                  
2025-08-17 16:45:59,076 - INFO - composites.py:305 - Downstream STAC items from Planetary Computer
2025-08-17 16:45:59,076 - INFO - timeseries_processing.py:99 -                                  
2025-08-17 16:45:59,076 - INFO - timeseries_processing.py:100 - Loading bands of diferent resolutions in EPSG:32634
2025-08-17 16:45:59,076 - INFO - timeseries_processing.py:104 -     Filtering items with native UTM EPSG:32634
2025-08-17 16:45:59,076 - INFO - timeseries_processing.py:106 -     22 Items in EPSG:32634
2025-08-17 16:45:59,076 - INFO - timeseries_processing.py:113 -                        
2025-08-17 16:45:59,076 - INFO - timeseries_processing.py:114 -     Loading parameters:
2025-08-17 16:45:59,076 - INFO - timeseries_processing.py:115 -         Bands: ['B05', 'B07', 'B8A', 'SCL']
2025-08-17 16:45:59,076 - INFO - timeseries_processing.py:116 -         Spatial resolution: 20
2025-08-17 16:45:59,076 - INFO - timeseries_processing.py:118 -         Get Assets from STAC Items
2025-08-17 16:45:59,076 - INFO - timeseries_processing.py:31 -         Initialize the STAC client
2025-08-17 16:45:59,667 - INFO - timeseries_processing.py:121 -         Loading 22 STAC Items....
2025-08-17 16:46:25,202 - INFO - timeseries_processing.py:143 -         Cube has been downloaded
2025-08-17 16:46:25,202 - INFO - timeseries_processing.py:152 -         Fix order of dimensions
2025-08-17 16:46:25,203 - INFO - timeseries_processing.py:157 -         Append bands to the band-list of EPSG:32634
2025-08-17 16:46:25,203 - INFO - timeseries_processing.py:113 -                        
2025-08-17 16:46:25,204 - INFO - timeseries_processing.py:114 -     Loading parameters:
2025-08-17 16:46:25,204 - INFO - timeseries_processing.py:115 -         Bands: ['B02', 'B03', 'B04']
2025-08-17 16:46:25,204 - INFO - timeseries_processing.py:116 -         Spatial resolution: 10
2025-08-17 16:46:25,205 - INFO - timeseries_processing.py:118 -         Get Assets from STAC Items
2025-08-17 16:46:25,205 - INFO - timeseries_processing.py:31 -         Initialize the STAC client
2025-08-17 16:46:25,917 - INFO - timeseries_processing.py:121 -         Loading 22 STAC Items....
2025-08-17 16:48:16,823 - INFO - timeseries_processing.py:143 -         Cube has been downloaded
2025-08-17 16:48:16,835 - INFO - timeseries_processing.py:146 -         Downsample 10m bands to 20m by average 2x2 binning
2025-08-17 16:48:25,171 - INFO - timeseries_processing.py:149 -         Warp (reproject) 2x2 binned bands like native 20m bands: method=bilinear
2025-08-17 16:48:33,316 - INFO - timeseries_processing.py:157 -         Append bands to the band-list of EPSG:32634
2025-08-17 16:48:33,316 - INFO - timeseries_processing.py:161 -                        
2025-08-17 16:48:33,316 - INFO - timeseries_processing.py:162 -     Merging bands in a single dataset
2025-08-17 16:48:33,316 - INFO - timeseries_processing.py:163 -     Ensure all partial datasets are at (x=20, y=-20) resolution
2025-08-17 16:48:33,317 - INFO - timeseries_processing.py:167 -     Clip to the intersection of indexes
2025-08-17 16:48:34,577 - INFO - timeseries_processing.py:176 -     Make a list of bands to merge
2025-08-17 16:48:34,577 - INFO - timeseries_processing.py:180 -     Merge on intersection
2025-08-17 16:48:34,579 - INFO - timeseries_processing.py:188 -     Apply masks on clouds, shadows, thin cirrus, and snow/ice
2025-08-17 16:48:34,579 - INFO - sentinel2.py:107 -                Masking bits: [3, 7, 8, 9, 10, 11]
2025-08-17 16:48:35,405 - INFO - timeseries_processing.py:194 -     Reproject to Tiling Schema projection EPSG:3035
2025-08-17 16:48:43,838 - INFO - composites.py:314 - Clip and align to tile geometry
2025-08-17 16:48:46,861 - INFO - composites.py:347 - Creating preview plot of input scenes
2025-08-17 16:49:18,627 - INFO - timeseries_processing.py:352 - Saved preview for 'B04' to //nas-rs.topo.auth.gr/Latomeia/DROUGHT/COMPOS/2020/02/x08_y12/S2L2A_medcomp_x08_y12_202002_InDataPreview.jpeg
2025-08-17 16:49:18,632 - INFO - composites.py:353 - Clip value range
2025-08-17 16:49:19,981 - INFO - composites.py:358 -                           
2025-08-17 16:49:19,981 - INFO - composites.py:359 - Computing spectral indices:
2025-08-17 16:49:19,981 - INFO - composites.py:362 -     EVI...
2025-08-17 16:49:20,795 - INFO - composites.py:364 -     NDVI...
2025-08-17 16:49:21,002 - INFO - composites.py:366 -     PSRI2...
2025-08-17 16:49:21,247 - INFO - composites.py:369 - Clip to typical value range
2025-08-17 16:49:21,532 - INFO - composites.py:376 - Reducing to median value temporal composite
2025-08-17 16:49:47,790 - INFO - composites.py:395 - Define data types and nodata per band
2025-08-17 16:49:47,960 - INFO - composites.py:416 - Assign time range and tile ID in metadata
2025-08-17 16:49:47,960 - INFO - composites.py:424 - Write bands to raster COG files
2025-08-17 16:49:52,590 - INFO - composites.py:437 - Write B02 -> //nas-rs.topo.auth.gr/Latomeia/DROUGHT/COMPOS/2020/02/x08_y12/S2L2A_medcomp_x08_y12_202002_B02.tif
2025-08-17 16:49:57,318 - INFO - composites.py:437 - Write B03 -> //nas-rs.topo.auth.gr/Latomeia/DROUGHT/COMPOS/2020/02/x08_y12/S2L2A_medcomp_x08_y12_202002_B03.tif
2025-08-17 16:50:02,061 - INFO - composites.py:437 - Write B04 -> //nas-rs.topo.auth.gr/Latomeia/DROUGHT/COMPOS/2020/02/x08_y12/S2L2A_medcomp_x08_y12_202002_B04.tif
2025-08-17 16:50:06,784 - INFO - composites.py:437 - Write B05 -> //nas-rs.topo.auth.gr/Latomeia/DROUGHT/COMPOS/2020/02/x08_y12/S2L2A_medcomp_x08_y12_202002_B05.tif
2025-08-17 16:50:11,448 - INFO - composites.py:437 - Write B07 -> //nas-rs.topo.auth.gr/Latomeia/DROUGHT/COMPOS/2020/02/x08_y12/S2L2A_medcomp_x08_y12_202002_B07.tif
2025-08-17 16:50:16,193 - INFO - composites.py:437 - Write B8A -> //nas-rs.topo.auth.gr/Latomeia/DROUGHT/COMPOS/2020/02/x08_y12/S2L2A_medcomp_x08_y12_202002_B8A.tif
2025-08-17 16:50:20,827 - INFO - composites.py:437 - Write EVI -> //nas-rs.topo.auth.gr/Latomeia/DROUGHT/COMPOS/2020/02/x08_y12/S2L2A_medcomp_x08_y12_202002_evi.tif
2025-08-17 16:50:25,354 - INFO - composites.py:437 - Write NDVI -> //nas-rs.topo.auth.gr/Latomeia/DROUGHT/COMPOS/2020/02/x08_y12/S2L2A_medcomp_x08_y12_202002_ndvi.tif
2025-08-17 16:50:30,066 - INFO - composites.py:437 - Write PSRI2 -> //nas-rs.topo.auth.gr/Latomeia/DROUGHT/COMPOS/2020/02/x08_y12/S2L2A_medcomp_x08_y12_202002_psri2.tif
2025-08-17 16:50:30,066 - INFO - composites.py:441 - Prepare metadata YAML document
2025-08-17 16:50:30,868 - INFO - composites.py:462 - Write metadata YAML document to disk
2025-08-17 16:50:30,922 - INFO - composites.py:467 - Create datacube.model.Dataset from eo3 metadata
2025-08-17 16:50:30,933 - INFO - composites.py:477 - Index to datacube
2025-08-17 16:50:30,933 - INFO - _datasets.py:191 - Indexing 595a5fc5-8ecd-4260-a19b-e002b896921a
2025-08-17 16:50:30,943 - INFO - composites.py:480 - 
2025-08-17 16:50:30,943 - INFO - composites.py:481 -              ✔✔✔ COMPLETED: Tile x08_y12 | Time: 2020-02 | In 5.84 minutes
2025-08-17 16:50:30,943 - INFO - composites.py:482 - 
2025-08-17 16:50:30,943 - INFO - composites.py:490 - Closing Dask client
2025-08-17 16:50:30,951 - INFO - composites.py:494 - Closing Dask cluster
