2025-08-16 17:54:44,374 - INFO - composites.py:61 - #######################################################################
2025-08-16 17:54:44,374 - INFO - composites.py:63 -                                  
2025-08-16 17:54:44,374 - INFO - composites.py:64 - Initializing Dask cluster for parallelization
2025-08-16 17:54:45,044 - INFO - composites.py:74 - The Dask client listens to http://155.207.39.39:8787/status
2025-08-16 17:54:45,044 - INFO - composites.py:76 - Processing started
2025-08-16 17:54:45,044 - INFO - composites.py:77 -         Tile: x09_y07
2025-08-16 17:54:45,044 - INFO - composites.py:78 -         Time: 2020-01
2025-08-16 17:54:45,045 - INFO - composites.py:81 -                           
2025-08-16 17:54:45,045 - INFO - composites.py:82 - Establishing connection to datacube
2025-08-16 17:54:45,659 - INFO - composites.py:85 -                           
2025-08-16 17:54:45,659 - INFO - composites.py:86 - Sanity test: Check if dataset already exists in the datacube
2025-08-16 17:54:45,676 - INFO - composites.py:106 - The composite requested will be computed
2025-08-16 17:54:45,676 - INFO - composites.py:108 - Create directories and naming conversions
2025-08-16 17:54:45,687 - INFO - composites.py:119 - Dataset location: //nas-rs.topo.auth.gr/Latomeia/DROUGHT/COMPOS/2020/01/x09_y07
2025-08-16 17:54:45,687 - INFO - composites.py:122 -                           
2025-08-16 17:54:45,687 - INFO - composites.py:123 - Retrieve tile geometry
2025-08-16 17:54:45,716 - INFO - composites.py:128 - Create the Bounding Box (φ,λ)
2025-08-16 17:54:45,717 - INFO - composites.py:134 - Create the Bounding Box (x,y)
2025-08-16 17:54:45,717 - INFO - composites.py:147 -                           
2025-08-16 17:54:45,717 - INFO - composites.py:148 - Connect to Planetary Computer STAC Catalog
2025-08-16 17:54:45,924 - INFO - composites.py:156 - Search the STAC Catalog
2025-08-16 17:54:45,990 - INFO - composites.py:168 -         Query parameters:
2025-08-16 17:54:45,991 - INFO - composites.py:169 -             url:          https://planetarycomputer.microsoft.com/api/stac/v1/search
2025-08-16 17:54:45,991 - INFO - composites.py:170 -             client:       microsoft-pc
2025-08-16 17:54:45,991 - INFO - composites.py:171 -             collection:   sentinel-2-l2a
2025-08-16 17:54:45,991 - INFO - composites.py:172 -             bbox:         (21.71333520153107, 36.50350503998516, 22.366269659639244, 37.05189725494875)
2025-08-16 17:54:45,991 - INFO - composites.py:173 -             time range:   2020-01-01T00:00:00Z/2020-01-31T23:59:59Z
2025-08-16 17:54:45,991 - INFO - composites.py:174 -             cloud cover:  0% - 70%
2025-08-16 17:54:45,991 - INFO - composites.py:175 -             nodata cover: 0% - 33%
2025-08-16 17:54:45,991 - INFO - composites.py:177 -                           
2025-08-16 17:54:45,991 - INFO - composites.py:178 - Searching...
2025-08-16 17:54:46,472 - INFO - composites.py:181 - Query found 28 items
2025-08-16 17:54:46,473 - INFO - composites.py:183 - Searching for GRI REFINED scenes:
2025-08-16 17:54:51,080 - INFO - sentinel2.py:63 - 1/28 - S2A_MSIL2A_20200131T091231_R050_T34SFG_20201002T161004 -> Not Found
2025-08-16 17:54:54,980 - INFO - sentinel2.py:63 - 2/28 - S2A_MSIL2A_20200131T091231_R050_T34SFF_20201002T161004 -> Not Found
2025-08-16 17:54:59,104 - INFO - sentinel2.py:63 - 3/28 - S2B_MSIL2A_20200129T092129_R093_T34SFG_20201002T144807 -> Not Found
2025-08-16 17:55:03,232 - INFO - sentinel2.py:63 - 4/28 - S2B_MSIL2A_20200129T092129_R093_T34SFF_20201002T144803 -> Not Found
2025-08-16 17:55:07,620 - INFO - sentinel2.py:63 - 5/28 - S2B_MSIL2A_20200129T092129_R093_T34SEG_20201002T144805 -> Not Found
2025-08-16 17:55:12,273 - INFO - sentinel2.py:63 - 6/28 - S2B_MSIL2A_20200129T092129_R093_T34SEF_20201002T144803 -> Not Found
2025-08-16 17:55:16,677 - INFO - sentinel2.py:63 - 7/28 - S2A_MSIL2A_20200124T092251_R093_T34SFG_20201002T083602 -> Not Found
2025-08-16 17:55:21,049 - INFO - sentinel2.py:63 - 8/28 - S2A_MSIL2A_20200124T092251_R093_T34SFF_20201002T083558 -> Not Found
2025-08-16 17:55:25,398 - INFO - sentinel2.py:63 - 9/28 - S2A_MSIL2A_20200124T092251_R093_T34SEG_20201002T083602 -> Not Found
2025-08-16 17:55:30,160 - INFO - sentinel2.py:63 - 10/28 - S2A_MSIL2A_20200124T092251_R093_T34SEF_20201002T083558 -> Not Found
2025-08-16 17:55:34,318 - INFO - sentinel2.py:63 - 11/28 - S2A_MSIL2A_20200121T091301_R050_T34SFG_20201002T031655 -> Not Found
2025-08-16 17:55:39,788 - INFO - sentinel2.py:63 - 12/28 - S2A_MSIL2A_20200121T091301_R050_T34SFF_20201002T031656 -> Not Found
2025-08-16 17:55:43,451 - INFO - sentinel2.py:63 - 13/28 - S2B_MSIL2A_20200119T092219_R093_T34SEG_20201002T205130 -> Not Found
2025-08-16 17:55:48,334 - INFO - sentinel2.py:63 - 14/28 - S2B_MSIL2A_20200119T092219_R093_T34SEF_20201002T205134 -> Not Found
2025-08-16 17:55:52,701 - INFO - sentinel2.py:63 - 15/28 - S2B_MSIL2A_20200116T091229_R050_T34SFG_20201002T193226 -> Not Found
2025-08-16 17:55:57,173 - INFO - sentinel2.py:63 - 16/28 - S2B_MSIL2A_20200116T091229_R050_T34SFF_20201002T193223 -> Not Found
2025-08-16 17:56:02,074 - INFO - sentinel2.py:63 - 17/28 - S2A_MSIL2A_20200114T092331_R093_T34SFG_20201002T182427 -> Not Found
2025-08-16 17:56:06,173 - INFO - sentinel2.py:63 - 18/28 - S2A_MSIL2A_20200114T092331_R093_T34SEG_20201002T182427 -> Not Found
2025-08-16 17:56:09,962 - INFO - sentinel2.py:63 - 19/28 - S2A_MSIL2A_20200111T091341_R050_T34SFG_20201002T165603 -> Not Found
2025-08-16 17:56:14,169 - INFO - sentinel2.py:63 - 20/28 - S2A_MSIL2A_20200111T091341_R050_T34SFF_20201002T165601 -> Not Found
2025-08-16 17:56:18,711 - INFO - sentinel2.py:63 - 21/28 - S2B_MSIL2A_20200109T092249_R093_T34SFG_20201029T174525 -> Not Found
2025-08-16 17:56:22,937 - INFO - sentinel2.py:63 - 22/28 - S2B_MSIL2A_20200109T092249_R093_T34SFF_20201029T174521 -> Not Found
2025-08-16 17:56:27,434 - INFO - sentinel2.py:63 - 23/28 - S2B_MSIL2A_20200109T092249_R093_T34SEG_20201029T174516 -> Not Found
2025-08-16 17:56:30,819 - INFO - sentinel2.py:63 - 24/28 - S2B_MSIL2A_20200109T092249_R093_T34SEF_20201029T174512 -> Not Found
2025-08-16 17:56:35,424 - INFO - sentinel2.py:63 - 25/28 - S2A_MSIL2A_20200104T092401_R093_T34SFG_20201002T224247 -> Not Found
2025-08-16 17:56:40,218 - INFO - sentinel2.py:63 - 26/28 - S2A_MSIL2A_20200104T092401_R093_T34SFF_20201002T224240 -> Not Found
2025-08-16 17:56:46,400 - INFO - sentinel2.py:63 - 27/28 - S2A_MSIL2A_20200104T092401_R093_T34SEG_20201002T224245 -> Not Found
2025-08-16 17:56:50,164 - INFO - sentinel2.py:63 - 28/28 - S2A_MSIL2A_20200104T092401_R093_T34SEF_20201002T224243 -> Not Found
2025-08-16 17:56:50,205 - INFO - composites.py:186 -                                  
2025-08-16 17:56:50,205 - INFO - composites.py:187 - 0/28 were refined by GRI.
2025-08-16 17:56:50,205 - WARNING - composites.py:191 - Tile x09_y07 | Time: 2020-01: All scenes are flagged NOT REFINED.
2025-08-16 17:56:50,205 - WARNING - composites.py:192 - Tile x09_y07 | Time: 2020-01: The composite will be flagged with _NOREFINED.
2025-08-16 17:56:50,205 - INFO - composites.py:199 - Looking for up to 10 cleanest images within spatiotemporal range
2025-08-16 17:56:50,205 - INFO - composites.py:213 - Filtered cleanest scenes: Kept 28 out of 28 items. 
2025-08-16 17:56:50,205 - INFO - composites.py:214 -         Included MGRS Tiles: ['34SEF' '34SEG' '34SFF' '34SFG']
2025-08-16 17:56:50,206 - INFO - composites.py:215 -         Included EPSG codes: [32634]
2025-08-16 17:56:50,206 - INFO - composites.py:217 - Selected scenes:
2025-08-16 17:56:50,206 - INFO - composites.py:219 -         S2B_MSIL2A_20200109T092249_R093_T34SEF_20201029T174512
2025-08-16 17:56:50,206 - INFO - composites.py:219 -         S2A_MSIL2A_20200104T092401_R093_T34SEF_20201002T224243
2025-08-16 17:56:50,206 - INFO - composites.py:219 -         S2A_MSIL2A_20200124T092251_R093_T34SEF_20201002T083558
2025-08-16 17:56:50,206 - INFO - composites.py:219 -         S2B_MSIL2A_20200129T092129_R093_T34SEF_20201002T144803
2025-08-16 17:56:50,206 - INFO - composites.py:219 -         S2B_MSIL2A_20200119T092219_R093_T34SEF_20201002T205134
2025-08-16 17:56:50,206 - INFO - composites.py:219 -         S2B_MSIL2A_20200109T092249_R093_T34SEG_20201029T174516
2025-08-16 17:56:50,206 - INFO - composites.py:219 -         S2A_MSIL2A_20200104T092401_R093_T34SEG_20201002T224245
2025-08-16 17:56:50,206 - INFO - composites.py:219 -         S2A_MSIL2A_20200114T092331_R093_T34SEG_20201002T182427
2025-08-16 17:56:50,206 - INFO - composites.py:219 -         S2B_MSIL2A_20200129T092129_R093_T34SEG_20201002T144805
2025-08-16 17:56:50,206 - INFO - composites.py:219 -         S2A_MSIL2A_20200124T092251_R093_T34SEG_20201002T083602
2025-08-16 17:56:50,206 - INFO - composites.py:219 -         S2B_MSIL2A_20200119T092219_R093_T34SEG_20201002T205130
2025-08-16 17:56:50,206 - INFO - composites.py:219 -         S2A_MSIL2A_20200104T092401_R093_T34SFF_20201002T224240
2025-08-16 17:56:50,206 - INFO - composites.py:219 -         S2B_MSIL2A_20200109T092249_R093_T34SFF_20201029T174521
2025-08-16 17:56:50,206 - INFO - composites.py:219 -         S2A_MSIL2A_20200124T092251_R093_T34SFF_20201002T083558
2025-08-16 17:56:50,206 - INFO - composites.py:219 -         S2A_MSIL2A_20200131T091231_R050_T34SFF_20201002T161004
2025-08-16 17:56:50,206 - INFO - composites.py:219 -         S2B_MSIL2A_20200116T091229_R050_T34SFF_20201002T193223
2025-08-16 17:56:50,206 - INFO - composites.py:219 -         S2A_MSIL2A_20200111T091341_R050_T34SFF_20201002T165601
2025-08-16 17:56:50,206 - INFO - composites.py:219 -         S2A_MSIL2A_20200121T091301_R050_T34SFF_20201002T031656
2025-08-16 17:56:50,206 - INFO - composites.py:219 -         S2B_MSIL2A_20200129T092129_R093_T34SFF_20201002T144803
2025-08-16 17:56:50,206 - INFO - composites.py:219 -         S2A_MSIL2A_20200111T091341_R050_T34SFG_20201002T165603
2025-08-16 17:56:50,206 - INFO - composites.py:219 -         S2A_MSIL2A_20200104T092401_R093_T34SFG_20201002T224247
2025-08-16 17:56:50,206 - INFO - composites.py:219 -         S2A_MSIL2A_20200124T092251_R093_T34SFG_20201002T083602
2025-08-16 17:56:50,206 - INFO - composites.py:219 -         S2B_MSIL2A_20200109T092249_R093_T34SFG_20201029T174525
2025-08-16 17:56:50,206 - INFO - composites.py:219 -         S2B_MSIL2A_20200116T091229_R050_T34SFG_20201002T193226
2025-08-16 17:56:50,206 - INFO - composites.py:219 -         S2A_MSIL2A_20200131T091231_R050_T34SFG_20201002T161004
2025-08-16 17:56:50,206 - INFO - composites.py:219 -         S2A_MSIL2A_20200121T091301_R050_T34SFG_20201002T031655
2025-08-16 17:56:50,206 - INFO - composites.py:219 -         S2A_MSIL2A_20200114T092331_R093_T34SFG_20201002T182427
2025-08-16 17:56:50,206 - INFO - composites.py:219 -         S2B_MSIL2A_20200129T092129_R093_T34SFG_20201002T144807
2025-08-16 17:56:50,546 - INFO - sentinel2.py:139 - Matplotlib backend: Agg
2025-08-16 17:56:50,905 - INFO - sentinel2.py:209 - Write input scenes footprint overlay: //nas-rs.topo.auth.gr/Latomeia/DROUGHT/COMPOS/2020/01/x09_y07/S2L2A_medcomp_x09_y07_202001_InDataFootprint.jpeg
2025-08-16 17:56:51,208 - INFO - composites.py:227 -                                  
2025-08-16 17:56:51,208 - INFO - composites.py:228 - Downstream STAC items from Planetary Computer
2025-08-16 17:56:51,208 - INFO - timeseries_processing.py:99 -                                  
2025-08-16 17:56:51,208 - INFO - timeseries_processing.py:100 - Loading bands of diferent resolutions in EPSG:32634
2025-08-16 17:56:51,208 - INFO - timeseries_processing.py:104 -     Filtering items with native UTM EPSG:32634
2025-08-16 17:56:51,208 - INFO - timeseries_processing.py:106 -     28 Items in EPSG:32634
2025-08-16 17:56:51,208 - INFO - timeseries_processing.py:113 -                        
2025-08-16 17:56:51,208 - INFO - timeseries_processing.py:114 -     Loading parameters:
2025-08-16 17:56:51,208 - INFO - timeseries_processing.py:115 -         Bands: ['B05', 'B07', 'B8A', 'SCL']
2025-08-16 17:56:51,208 - INFO - timeseries_processing.py:116 -         Spatial resolution: 20
2025-08-16 17:56:51,208 - INFO - timeseries_processing.py:118 -         Get Assets from STAC Items
2025-08-16 17:56:51,208 - INFO - timeseries_processing.py:31 -         Initialize the STAC client
2025-08-16 17:56:52,102 - INFO - timeseries_processing.py:121 -         Loading 28 STAC Items....
2025-08-16 17:57:19,179 - INFO - timeseries_processing.py:143 -         Cube has been downloaded
2025-08-16 17:57:19,180 - INFO - timeseries_processing.py:152 -         Fix order of dimensions
2025-08-16 17:57:19,188 - INFO - timeseries_processing.py:157 -         Append bands to the band-list of EPSG:32634
2025-08-16 17:57:19,189 - INFO - timeseries_processing.py:113 -                        
2025-08-16 17:57:19,189 - INFO - timeseries_processing.py:114 -     Loading parameters:
2025-08-16 17:57:19,189 - INFO - timeseries_processing.py:115 -         Bands: ['B02', 'B03', 'B04']
2025-08-16 17:57:19,194 - INFO - timeseries_processing.py:116 -         Spatial resolution: 10
2025-08-16 17:57:19,194 - INFO - timeseries_processing.py:118 -         Get Assets from STAC Items
2025-08-16 17:57:19,194 - INFO - timeseries_processing.py:31 -         Initialize the STAC client
2025-08-16 17:57:19,932 - INFO - timeseries_processing.py:121 -         Loading 28 STAC Items....
2025-08-16 17:58:45,291 - INFO - timeseries_processing.py:143 -         Cube has been downloaded
2025-08-16 17:58:45,292 - INFO - timeseries_processing.py:146 -         Downsample 10m bands to 20m by average 2x2 binning
2025-08-16 17:58:58,164 - INFO - timeseries_processing.py:149 -         Warp (reproject) 2x2 binned bands like native 20m bands: method=bilinear
2025-08-16 17:59:06,974 - INFO - timeseries_processing.py:157 -         Append bands to the band-list of EPSG:32634
2025-08-16 17:59:06,974 - INFO - timeseries_processing.py:161 -                        
2025-08-16 17:59:06,974 - INFO - timeseries_processing.py:162 -     Merging bands in a single dataset
2025-08-16 17:59:06,974 - INFO - timeseries_processing.py:163 -     Ensure all partial datasets are at (x=20, y=-20) resolution
2025-08-16 17:59:06,974 - ERROR - composites.py:401 - ✗ Failed loading for : Tile x09_y07 | Time: 2020-01
with Exception: name 'odc' is not defined
2025-08-16 17:59:07,050 - INFO - composites.py:61 - #######################################################################
2025-08-16 17:59:07,050 - INFO - composites.py:63 -                                  
2025-08-16 17:59:07,050 - INFO - composites.py:64 - Initializing Dask cluster for parallelization
2025-08-16 17:59:07,241 - INFO - composites.py:74 - The Dask client listens to http://155.207.39.39:8787/status
2025-08-16 17:59:07,241 - INFO - composites.py:76 - Processing started
2025-08-16 17:59:07,242 - INFO - composites.py:77 -         Tile: x10_y07
2025-08-16 17:59:07,242 - INFO - composites.py:78 -         Time: 2020-01
2025-08-16 17:59:07,242 - INFO - composites.py:81 -                           
2025-08-16 17:59:07,242 - INFO - composites.py:82 - Establishing connection to datacube
2025-08-16 17:59:07,374 - INFO - composites.py:85 -                           
2025-08-16 17:59:07,374 - INFO - composites.py:86 - Sanity test: Check if dataset already exists in the datacube
2025-08-16 17:59:07,389 - INFO - composites.py:106 - The composite requested will be computed
2025-08-16 17:59:07,389 - INFO - composites.py:108 - Create directories and naming conversions
2025-08-16 17:59:07,398 - INFO - composites.py:119 - Dataset location: //nas-rs.topo.auth.gr/Latomeia/DROUGHT/COMPOS/2020/01/x10_y07
2025-08-16 17:59:07,398 - INFO - composites.py:122 -                           
2025-08-16 17:59:07,398 - INFO - composites.py:123 - Retrieve tile geometry
2025-08-16 17:59:07,399 - INFO - composites.py:128 - Create the Bounding Box (φ,λ)
2025-08-16 17:59:07,399 - INFO - composites.py:134 - Create the Bounding Box (x,y)
2025-08-16 17:59:07,399 - INFO - composites.py:147 -                           
2025-08-16 17:59:07,399 - INFO - composites.py:148 - Connect to Planetary Computer STAC Catalog
2025-08-16 17:59:07,641 - INFO - composites.py:156 - Search the STAC Catalog
2025-08-16 17:59:07,710 - INFO - composites.py:168 -         Query parameters:
2025-08-16 17:59:07,710 - INFO - composites.py:169 -             url:          https://planetarycomputer.microsoft.com/api/stac/v1/search
2025-08-16 17:59:07,711 - INFO - composites.py:170 -             client:       microsoft-pc
2025-08-16 17:59:07,711 - INFO - composites.py:171 -             collection:   sentinel-2-l2a
2025-08-16 17:59:07,711 - INFO - composites.py:172 -             bbox:         (22.240590945389282, 36.432652229987454, 22.89572626511697, 36.9835162299011)
2025-08-16 17:59:07,711 - INFO - composites.py:173 -             time range:   2020-01-01T00:00:00Z/2020-01-31T23:59:59Z
2025-08-16 17:59:07,711 - INFO - composites.py:174 -             cloud cover:  0% - 70%
2025-08-16 17:59:07,711 - INFO - composites.py:175 -             nodata cover: 0% - 33%
2025-08-16 17:59:07,711 - INFO - composites.py:177 -                           
2025-08-16 17:59:07,711 - INFO - composites.py:178 - Searching...
2025-08-16 17:59:07,920 - INFO - composites.py:181 - Query found 17 items
2025-08-16 17:59:07,920 - INFO - composites.py:183 - Searching for GRI REFINED scenes:
2025-08-16 17:59:12,812 - INFO - sentinel2.py:63 - 1/17 - S2A_MSIL2A_20200131T091231_R050_T34SFG_20201002T161004 -> Not Found
2025-08-16 17:59:16,686 - INFO - sentinel2.py:63 - 2/17 - S2A_MSIL2A_20200131T091231_R050_T34SFF_20201002T161004 -> Not Found
2025-08-16 17:59:20,576 - INFO - sentinel2.py:63 - 3/17 - S2B_MSIL2A_20200129T092129_R093_T34SFG_20201002T144807 -> Not Found
2025-08-16 17:59:24,990 - INFO - sentinel2.py:63 - 4/17 - S2B_MSIL2A_20200129T092129_R093_T34SFF_20201002T144803 -> Not Found
2025-08-16 17:59:29,237 - INFO - sentinel2.py:63 - 5/17 - S2A_MSIL2A_20200124T092251_R093_T34SFG_20201002T083602 -> Not Found
2025-08-16 17:59:33,312 - INFO - sentinel2.py:63 - 6/17 - S2A_MSIL2A_20200124T092251_R093_T34SFF_20201002T083558 -> Not Found
2025-08-16 17:59:36,530 - INFO - sentinel2.py:63 - 7/17 - S2A_MSIL2A_20200121T091301_R050_T34SFG_20201002T031655 -> Not Found
2025-08-16 17:59:41,222 - INFO - sentinel2.py:63 - 8/17 - S2A_MSIL2A_20200121T091301_R050_T34SFF_20201002T031656 -> Not Found
2025-08-16 17:59:45,316 - INFO - sentinel2.py:63 - 9/17 - S2B_MSIL2A_20200116T091229_R050_T34SFG_20201002T193226 -> Not Found
2025-08-16 17:59:49,037 - INFO - sentinel2.py:63 - 10/17 - S2B_MSIL2A_20200116T091229_R050_T34SFF_20201002T193223 -> Not Found
2025-08-16 17:59:53,808 - INFO - sentinel2.py:63 - 11/17 - S2A_MSIL2A_20200114T092331_R093_T34SFG_20201002T182427 -> Not Found
2025-08-16 17:59:58,155 - INFO - sentinel2.py:63 - 12/17 - S2A_MSIL2A_20200111T091341_R050_T34SFG_20201002T165603 -> Not Found
2025-08-16 18:00:02,222 - INFO - sentinel2.py:63 - 13/17 - S2A_MSIL2A_20200111T091341_R050_T34SFF_20201002T165601 -> Not Found
2025-08-16 18:00:07,119 - INFO - sentinel2.py:63 - 14/17 - S2B_MSIL2A_20200109T092249_R093_T34SFG_20201029T174525 -> Not Found
2025-08-16 18:00:11,069 - INFO - sentinel2.py:63 - 15/17 - S2B_MSIL2A_20200109T092249_R093_T34SFF_20201029T174521 -> Not Found
2025-08-16 18:00:14,966 - INFO - sentinel2.py:63 - 16/17 - S2A_MSIL2A_20200104T092401_R093_T34SFG_20201002T224247 -> Not Found
2025-08-16 18:00:19,236 - INFO - sentinel2.py:63 - 17/17 - S2A_MSIL2A_20200104T092401_R093_T34SFF_20201002T224240 -> Not Found
2025-08-16 18:00:19,323 - INFO - composites.py:186 -                                  
2025-08-16 18:00:19,324 - INFO - composites.py:187 - 0/17 were refined by GRI.
2025-08-16 18:00:19,324 - WARNING - composites.py:191 - Tile x10_y07 | Time: 2020-01: All scenes are flagged NOT REFINED.
2025-08-16 18:00:19,324 - WARNING - composites.py:192 - Tile x10_y07 | Time: 2020-01: The composite will be flagged with _NOREFINED.
2025-08-16 18:00:19,324 - INFO - composites.py:199 - Looking for up to 10 cleanest images within spatiotemporal range
2025-08-16 18:00:19,324 - INFO - composites.py:213 - Filtered cleanest scenes: Kept 17 out of 17 items. 
2025-08-16 18:00:19,324 - INFO - composites.py:214 -         Included MGRS Tiles: ['34SFF' '34SFG']
2025-08-16 18:00:19,324 - INFO - composites.py:215 -         Included EPSG codes: [32634]
2025-08-16 18:00:19,324 - INFO - composites.py:217 - Selected scenes:
2025-08-16 18:00:19,324 - INFO - composites.py:219 -         S2A_MSIL2A_20200104T092401_R093_T34SFF_20201002T224240
2025-08-16 18:00:19,324 - INFO - composites.py:219 -         S2B_MSIL2A_20200109T092249_R093_T34SFF_20201029T174521
2025-08-16 18:00:19,324 - INFO - composites.py:219 -         S2A_MSIL2A_20200124T092251_R093_T34SFF_20201002T083558
2025-08-16 18:00:19,324 - INFO - composites.py:219 -         S2A_MSIL2A_20200131T091231_R050_T34SFF_20201002T161004
2025-08-16 18:00:19,324 - INFO - composites.py:219 -         S2B_MSIL2A_20200116T091229_R050_T34SFF_20201002T193223
2025-08-16 18:00:19,324 - INFO - composites.py:219 -         S2A_MSIL2A_20200111T091341_R050_T34SFF_20201002T165601
2025-08-16 18:00:19,324 - INFO - composites.py:219 -         S2A_MSIL2A_20200121T091301_R050_T34SFF_20201002T031656
2025-08-16 18:00:19,324 - INFO - composites.py:219 -         S2B_MSIL2A_20200129T092129_R093_T34SFF_20201002T144803
2025-08-16 18:00:19,324 - INFO - composites.py:219 -         S2A_MSIL2A_20200111T091341_R050_T34SFG_20201002T165603
2025-08-16 18:00:19,324 - INFO - composites.py:219 -         S2A_MSIL2A_20200104T092401_R093_T34SFG_20201002T224247
2025-08-16 18:00:19,324 - INFO - composites.py:219 -         S2A_MSIL2A_20200124T092251_R093_T34SFG_20201002T083602
2025-08-16 18:00:19,324 - INFO - composites.py:219 -         S2B_MSIL2A_20200109T092249_R093_T34SFG_20201029T174525
2025-08-16 18:00:19,324 - INFO - composites.py:219 -         S2B_MSIL2A_20200116T091229_R050_T34SFG_20201002T193226
2025-08-16 18:00:19,324 - INFO - composites.py:219 -         S2A_MSIL2A_20200131T091231_R050_T34SFG_20201002T161004
2025-08-16 18:00:19,324 - INFO - composites.py:219 -         S2A_MSIL2A_20200121T091301_R050_T34SFG_20201002T031655
2025-08-16 18:00:19,324 - INFO - composites.py:219 -         S2A_MSIL2A_20200114T092331_R093_T34SFG_20201002T182427
2025-08-16 18:00:19,324 - INFO - composites.py:219 -         S2B_MSIL2A_20200129T092129_R093_T34SFG_20201002T144807
2025-08-16 18:00:19,324 - INFO - sentinel2.py:139 - Matplotlib backend: Agg
2025-08-16 18:00:19,464 - INFO - sentinel2.py:209 - Write input scenes footprint overlay: //nas-rs.topo.auth.gr/Latomeia/DROUGHT/COMPOS/2020/01/x10_y07/S2L2A_medcomp_x10_y07_202001_InDataFootprint.jpeg
2025-08-16 18:00:19,774 - INFO - composites.py:227 -                                  
2025-08-16 18:00:19,774 - INFO - composites.py:228 - Downstream STAC items from Planetary Computer
2025-08-16 18:00:19,775 - INFO - timeseries_processing.py:99 -                                  
2025-08-16 18:00:19,776 - INFO - timeseries_processing.py:100 - Loading bands of diferent resolutions in EPSG:32634
2025-08-16 18:00:19,776 - INFO - timeseries_processing.py:104 -     Filtering items with native UTM EPSG:32634
2025-08-16 18:00:19,776 - INFO - timeseries_processing.py:106 -     17 Items in EPSG:32634
2025-08-16 18:00:19,776 - INFO - timeseries_processing.py:113 -                        
2025-08-16 18:00:19,776 - INFO - timeseries_processing.py:114 -     Loading parameters:
2025-08-16 18:00:19,776 - INFO - timeseries_processing.py:115 -         Bands: ['B05', 'B07', 'B8A', 'SCL']
2025-08-16 18:00:19,776 - INFO - timeseries_processing.py:116 -         Spatial resolution: 20
2025-08-16 18:00:19,776 - INFO - timeseries_processing.py:118 -         Get Assets from STAC Items
2025-08-16 18:00:19,776 - INFO - timeseries_processing.py:31 -         Initialize the STAC client
2025-08-16 18:00:20,297 - INFO - timeseries_processing.py:121 -         Loading 17 STAC Items....
2025-08-16 18:00:41,825 - INFO - _rio.py:430 - GDAL signalled an error: err_no=1, msg='Request for 17366778-18646941 failed with response_code=0'
2025-08-16 18:00:45,166 - INFO - timeseries_processing.py:143 -         Cube has been downloaded
2025-08-16 18:00:45,166 - INFO - timeseries_processing.py:152 -         Fix order of dimensions
2025-08-16 18:00:45,166 - INFO - timeseries_processing.py:157 -         Append bands to the band-list of EPSG:32634
2025-08-16 18:00:45,166 - INFO - timeseries_processing.py:113 -                        
2025-08-16 18:00:45,170 - INFO - timeseries_processing.py:114 -     Loading parameters:
2025-08-16 18:00:45,170 - INFO - timeseries_processing.py:115 -         Bands: ['B02', 'B03', 'B04']
2025-08-16 18:00:45,170 - INFO - timeseries_processing.py:116 -         Spatial resolution: 10
2025-08-16 18:00:45,170 - INFO - timeseries_processing.py:118 -         Get Assets from STAC Items
2025-08-16 18:00:45,170 - INFO - timeseries_processing.py:31 -         Initialize the STAC client
2025-08-16 18:00:45,847 - INFO - timeseries_processing.py:121 -         Loading 17 STAC Items....
2025-08-16 18:02:16,920 - INFO - timeseries_processing.py:143 -         Cube has been downloaded
2025-08-16 18:02:16,920 - INFO - timeseries_processing.py:146 -         Downsample 10m bands to 20m by average 2x2 binning
2025-08-16 18:02:28,653 - INFO - timeseries_processing.py:149 -         Warp (reproject) 2x2 binned bands like native 20m bands: method=bilinear
2025-08-16 18:02:37,475 - INFO - timeseries_processing.py:157 -         Append bands to the band-list of EPSG:32634
2025-08-16 18:02:37,475 - INFO - timeseries_processing.py:161 -                        
2025-08-16 18:02:37,475 - INFO - timeseries_processing.py:162 -     Merging bands in a single dataset
2025-08-16 18:02:37,475 - INFO - timeseries_processing.py:163 -     Ensure all partial datasets are at (x=20, y=-20) resolution
2025-08-16 18:02:37,476 - ERROR - composites.py:401 - ✗ Failed loading for : Tile x10_y07 | Time: 2020-01
with Exception: name 'odc' is not defined
2025-08-16 18:02:37,542 - INFO - composites.py:61 - #######################################################################
2025-08-16 18:02:37,542 - INFO - composites.py:63 -                                  
2025-08-16 18:02:37,542 - INFO - composites.py:64 - Initializing Dask cluster for parallelization
2025-08-16 18:02:37,710 - INFO - composites.py:74 - The Dask client listens to http://155.207.39.39:8787/status
2025-08-16 18:02:37,710 - INFO - composites.py:76 - Processing started
2025-08-16 18:02:37,710 - INFO - composites.py:77 -         Tile: x09_y08
2025-08-16 18:02:37,710 - INFO - composites.py:78 -         Time: 2020-01
2025-08-16 18:02:37,710 - INFO - composites.py:81 -                           
2025-08-16 18:02:37,710 - INFO - composites.py:82 - Establishing connection to datacube
2025-08-16 18:02:37,842 - INFO - composites.py:85 -                           
2025-08-16 18:02:37,842 - INFO - composites.py:86 - Sanity test: Check if dataset already exists in the datacube
2025-08-16 18:02:37,860 - INFO - composites.py:106 - The composite requested will be computed
2025-08-16 18:02:37,860 - INFO - composites.py:108 - Create directories and naming conversions
2025-08-16 18:02:37,869 - INFO - composites.py:119 - Dataset location: //nas-rs.topo.auth.gr/Latomeia/DROUGHT/COMPOS/2020/01/x09_y08
2025-08-16 18:02:37,869 - INFO - composites.py:122 -                           
2025-08-16 18:02:37,869 - INFO - composites.py:123 - Retrieve tile geometry
2025-08-16 18:02:37,870 - INFO - composites.py:128 - Create the Bounding Box (φ,λ)
2025-08-16 18:02:37,870 - INFO - composites.py:134 - Create the Bounding Box (x,y)
2025-08-16 18:02:37,870 - INFO - composites.py:147 -                           
2025-08-16 18:02:37,870 - INFO - composites.py:148 - Connect to Planetary Computer STAC Catalog
2025-08-16 18:02:38,244 - INFO - composites.py:156 - Search the STAC Catalog
2025-08-16 18:02:38,316 - INFO - composites.py:168 -         Query parameters:
2025-08-16 18:02:38,316 - INFO - composites.py:169 -             url:          https://planetarycomputer.microsoft.com/api/stac/v1/search
2025-08-16 18:02:38,316 - INFO - composites.py:170 -             client:       microsoft-pc
2025-08-16 18:02:38,316 - INFO - composites.py:171 -             collection:   sentinel-2-l2a
2025-08-16 18:02:38,316 - INFO - composites.py:172 -             bbox:         (21.785902966726763, 36.9335162299011, 22.443294721420678, 37.482058720351276)
2025-08-16 18:02:38,316 - INFO - composites.py:173 -             time range:   2020-01-01T00:00:00Z/2020-01-31T23:59:59Z
2025-08-16 18:02:38,316 - INFO - composites.py:174 -             cloud cover:  0% - 70%
2025-08-16 18:02:38,316 - INFO - composites.py:175 -             nodata cover: 0% - 33%
2025-08-16 18:02:38,316 - INFO - composites.py:177 -                           
2025-08-16 18:02:38,316 - INFO - composites.py:178 - Searching...
2025-08-16 18:02:38,523 - INFO - composites.py:181 - Query found 28 items
2025-08-16 18:02:38,523 - INFO - composites.py:183 - Searching for GRI REFINED scenes:
2025-08-16 18:02:42,452 - INFO - sentinel2.py:63 - 1/28 - S2A_MSIL2A_20200131T091231_R050_T34SFG_20201002T161004 -> Not Found
2025-08-16 18:02:46,591 - INFO - sentinel2.py:63 - 2/28 - S2A_MSIL2A_20200131T091231_R050_T34SFF_20201002T161004 -> Not Found
2025-08-16 18:02:50,405 - INFO - sentinel2.py:63 - 3/28 - S2B_MSIL2A_20200129T092129_R093_T34SFG_20201002T144807 -> Not Found
2025-08-16 18:02:55,162 - INFO - sentinel2.py:63 - 4/28 - S2B_MSIL2A_20200129T092129_R093_T34SFF_20201002T144803 -> Not Found
2025-08-16 18:02:59,705 - INFO - sentinel2.py:63 - 5/28 - S2B_MSIL2A_20200129T092129_R093_T34SEG_20201002T144805 -> Not Found
2025-08-16 18:03:03,644 - INFO - sentinel2.py:63 - 6/28 - S2B_MSIL2A_20200129T092129_R093_T34SEF_20201002T144803 -> Not Found
2025-08-16 18:03:08,421 - INFO - sentinel2.py:63 - 7/28 - S2A_MSIL2A_20200124T092251_R093_T34SFG_20201002T083602 -> Not Found
2025-08-16 18:03:12,519 - INFO - sentinel2.py:63 - 8/28 - S2A_MSIL2A_20200124T092251_R093_T34SFF_20201002T083558 -> Not Found
2025-08-16 18:03:17,232 - INFO - sentinel2.py:63 - 9/28 - S2A_MSIL2A_20200124T092251_R093_T34SEG_20201002T083602 -> Not Found
2025-08-16 18:03:21,659 - INFO - sentinel2.py:63 - 10/28 - S2A_MSIL2A_20200124T092251_R093_T34SEF_20201002T083558 -> Not Found
2025-08-16 18:03:26,245 - INFO - sentinel2.py:63 - 11/28 - S2A_MSIL2A_20200121T091301_R050_T34SFG_20201002T031655 -> Not Found
2025-08-16 18:03:30,226 - INFO - sentinel2.py:63 - 12/28 - S2A_MSIL2A_20200121T091301_R050_T34SFF_20201002T031656 -> Not Found
2025-08-16 18:03:34,697 - INFO - sentinel2.py:63 - 13/28 - S2B_MSIL2A_20200119T092219_R093_T34SEG_20201002T205130 -> Not Found
2025-08-16 18:03:39,152 - INFO - sentinel2.py:63 - 14/28 - S2B_MSIL2A_20200119T092219_R093_T34SEF_20201002T205134 -> Not Found
2025-08-16 18:03:43,865 - INFO - sentinel2.py:63 - 15/28 - S2B_MSIL2A_20200116T091229_R050_T34SFG_20201002T193226 -> Not Found
2025-08-16 18:03:47,713 - INFO - sentinel2.py:63 - 16/28 - S2B_MSIL2A_20200116T091229_R050_T34SFF_20201002T193223 -> Not Found
2025-08-16 18:03:51,613 - INFO - sentinel2.py:63 - 17/28 - S2A_MSIL2A_20200114T092331_R093_T34SFG_20201002T182427 -> Not Found
2025-08-16 18:03:55,434 - INFO - sentinel2.py:63 - 18/28 - S2A_MSIL2A_20200114T092331_R093_T34SEG_20201002T182427 -> Not Found
2025-08-16 18:03:59,770 - INFO - sentinel2.py:63 - 19/28 - S2A_MSIL2A_20200111T091341_R050_T34SFG_20201002T165603 -> Not Found
2025-08-16 18:04:03,584 - INFO - sentinel2.py:63 - 20/28 - S2A_MSIL2A_20200111T091341_R050_T34SFF_20201002T165601 -> Not Found
2025-08-16 18:04:07,208 - INFO - sentinel2.py:63 - 21/28 - S2B_MSIL2A_20200109T092249_R093_T34SFG_20201029T174525 -> Not Found
2025-08-16 18:04:11,059 - INFO - sentinel2.py:63 - 22/28 - S2B_MSIL2A_20200109T092249_R093_T34SFF_20201029T174521 -> Not Found
2025-08-16 18:04:15,489 - INFO - sentinel2.py:63 - 23/28 - S2B_MSIL2A_20200109T092249_R093_T34SEG_20201029T174516 -> Not Found
2025-08-16 18:04:20,736 - INFO - sentinel2.py:63 - 24/28 - S2B_MSIL2A_20200109T092249_R093_T34SEF_20201029T174512 -> Not Found
2025-08-16 18:04:24,546 - INFO - sentinel2.py:63 - 25/28 - S2A_MSIL2A_20200104T092401_R093_T34SFG_20201002T224247 -> Not Found
2025-08-16 18:04:29,029 - INFO - sentinel2.py:63 - 26/28 - S2A_MSIL2A_20200104T092401_R093_T34SFF_20201002T224240 -> Not Found
2025-08-16 18:04:33,340 - INFO - sentinel2.py:63 - 27/28 - S2A_MSIL2A_20200104T092401_R093_T34SEG_20201002T224245 -> Not Found
2025-08-16 18:04:37,579 - INFO - sentinel2.py:63 - 28/28 - S2A_MSIL2A_20200104T092401_R093_T34SEF_20201002T224243 -> Not Found
2025-08-16 18:04:37,622 - INFO - composites.py:186 -                                  
2025-08-16 18:04:37,623 - INFO - composites.py:187 - 0/28 were refined by GRI.
2025-08-16 18:04:37,623 - WARNING - composites.py:191 - Tile x09_y08 | Time: 2020-01: All scenes are flagged NOT REFINED.
2025-08-16 18:04:37,623 - WARNING - composites.py:192 - Tile x09_y08 | Time: 2020-01: The composite will be flagged with _NOREFINED.
2025-08-16 18:04:37,623 - INFO - composites.py:199 - Looking for up to 10 cleanest images within spatiotemporal range
2025-08-16 18:04:37,623 - INFO - composites.py:213 - Filtered cleanest scenes: Kept 28 out of 28 items. 
2025-08-16 18:04:37,623 - INFO - composites.py:214 -         Included MGRS Tiles: ['34SEF' '34SEG' '34SFF' '34SFG']
2025-08-16 18:04:37,623 - INFO - composites.py:215 -         Included EPSG codes: [32634]
2025-08-16 18:04:37,623 - INFO - composites.py:217 - Selected scenes:
2025-08-16 18:04:37,623 - INFO - composites.py:219 -         S2B_MSIL2A_20200109T092249_R093_T34SEF_20201029T174512
2025-08-16 18:04:37,623 - INFO - composites.py:219 -         S2A_MSIL2A_20200104T092401_R093_T34SEF_20201002T224243
2025-08-16 18:04:37,623 - INFO - composites.py:219 -         S2A_MSIL2A_20200124T092251_R093_T34SEF_20201002T083558
2025-08-16 18:04:37,623 - INFO - composites.py:219 -         S2B_MSIL2A_20200129T092129_R093_T34SEF_20201002T144803
2025-08-16 18:04:37,623 - INFO - composites.py:219 -         S2B_MSIL2A_20200119T092219_R093_T34SEF_20201002T205134
2025-08-16 18:04:37,623 - INFO - composites.py:219 -         S2B_MSIL2A_20200109T092249_R093_T34SEG_20201029T174516
2025-08-16 18:04:37,623 - INFO - composites.py:219 -         S2A_MSIL2A_20200104T092401_R093_T34SEG_20201002T224245
2025-08-16 18:04:37,624 - INFO - composites.py:219 -         S2A_MSIL2A_20200114T092331_R093_T34SEG_20201002T182427
2025-08-16 18:04:37,624 - INFO - composites.py:219 -         S2B_MSIL2A_20200129T092129_R093_T34SEG_20201002T144805
2025-08-16 18:04:37,624 - INFO - composites.py:219 -         S2A_MSIL2A_20200124T092251_R093_T34SEG_20201002T083602
2025-08-16 18:04:37,624 - INFO - composites.py:219 -         S2B_MSIL2A_20200119T092219_R093_T34SEG_20201002T205130
2025-08-16 18:04:37,624 - INFO - composites.py:219 -         S2A_MSIL2A_20200104T092401_R093_T34SFF_20201002T224240
2025-08-16 18:04:37,624 - INFO - composites.py:219 -         S2B_MSIL2A_20200109T092249_R093_T34SFF_20201029T174521
2025-08-16 18:04:37,624 - INFO - composites.py:219 -         S2A_MSIL2A_20200124T092251_R093_T34SFF_20201002T083558
2025-08-16 18:04:37,624 - INFO - composites.py:219 -         S2A_MSIL2A_20200131T091231_R050_T34SFF_20201002T161004
2025-08-16 18:04:37,624 - INFO - composites.py:219 -         S2B_MSIL2A_20200116T091229_R050_T34SFF_20201002T193223
2025-08-16 18:04:37,624 - INFO - composites.py:219 -         S2A_MSIL2A_20200111T091341_R050_T34SFF_20201002T165601
2025-08-16 18:04:37,624 - INFO - composites.py:219 -         S2A_MSIL2A_20200121T091301_R050_T34SFF_20201002T031656
2025-08-16 18:04:37,624 - INFO - composites.py:219 -         S2B_MSIL2A_20200129T092129_R093_T34SFF_20201002T144803
2025-08-16 18:04:37,624 - INFO - composites.py:219 -         S2A_MSIL2A_20200111T091341_R050_T34SFG_20201002T165603
2025-08-16 18:04:37,624 - INFO - composites.py:219 -         S2A_MSIL2A_20200104T092401_R093_T34SFG_20201002T224247
2025-08-16 18:04:37,624 - INFO - composites.py:219 -         S2A_MSIL2A_20200124T092251_R093_T34SFG_20201002T083602
2025-08-16 18:04:37,624 - INFO - composites.py:219 -         S2B_MSIL2A_20200109T092249_R093_T34SFG_20201029T174525
2025-08-16 18:04:37,624 - INFO - composites.py:219 -         S2B_MSIL2A_20200116T091229_R050_T34SFG_20201002T193226
2025-08-16 18:04:37,624 - INFO - composites.py:219 -         S2A_MSIL2A_20200131T091231_R050_T34SFG_20201002T161004
2025-08-16 18:04:37,624 - INFO - composites.py:219 -         S2A_MSIL2A_20200121T091301_R050_T34SFG_20201002T031655
2025-08-16 18:04:37,624 - INFO - composites.py:219 -         S2A_MSIL2A_20200114T092331_R093_T34SFG_20201002T182427
2025-08-16 18:04:37,624 - INFO - composites.py:219 -         S2B_MSIL2A_20200129T092129_R093_T34SFG_20201002T144807
2025-08-16 18:04:37,624 - INFO - sentinel2.py:139 - Matplotlib backend: Agg
2025-08-16 18:04:37,846 - INFO - sentinel2.py:209 - Write input scenes footprint overlay: //nas-rs.topo.auth.gr/Latomeia/DROUGHT/COMPOS/2020/01/x09_y08/S2L2A_medcomp_x09_y08_202001_InDataFootprint.jpeg
2025-08-16 18:04:38,313 - INFO - composites.py:227 -                                  
2025-08-16 18:04:38,313 - INFO - composites.py:228 - Downstream STAC items from Planetary Computer
2025-08-16 18:04:38,313 - INFO - timeseries_processing.py:99 -                                  
2025-08-16 18:04:38,313 - INFO - timeseries_processing.py:100 - Loading bands of diferent resolutions in EPSG:32634
2025-08-16 18:04:38,313 - INFO - timeseries_processing.py:104 -     Filtering items with native UTM EPSG:32634
2025-08-16 18:04:38,313 - INFO - timeseries_processing.py:106 -     28 Items in EPSG:32634
2025-08-16 18:04:38,313 - INFO - timeseries_processing.py:113 -                        
2025-08-16 18:04:38,313 - INFO - timeseries_processing.py:114 -     Loading parameters:
2025-08-16 18:04:38,313 - INFO - timeseries_processing.py:115 -         Bands: ['B05', 'B07', 'B8A', 'SCL']
2025-08-16 18:04:38,313 - INFO - timeseries_processing.py:116 -         Spatial resolution: 20
2025-08-16 18:04:38,313 - INFO - timeseries_processing.py:118 -         Get Assets from STAC Items
2025-08-16 18:04:38,313 - INFO - timeseries_processing.py:31 -         Initialize the STAC client
2025-08-16 18:04:39,063 - INFO - timeseries_processing.py:121 -         Loading 28 STAC Items....
2025-08-16 18:05:09,038 - INFO - timeseries_processing.py:143 -         Cube has been downloaded
2025-08-16 18:05:09,043 - INFO - timeseries_processing.py:152 -         Fix order of dimensions
2025-08-16 18:05:09,044 - INFO - timeseries_processing.py:157 -         Append bands to the band-list of EPSG:32634
2025-08-16 18:05:09,044 - INFO - timeseries_processing.py:113 -                        
2025-08-16 18:05:09,044 - INFO - timeseries_processing.py:114 -     Loading parameters:
2025-08-16 18:05:09,048 - INFO - timeseries_processing.py:115 -         Bands: ['B02', 'B03', 'B04']
2025-08-16 18:05:09,048 - INFO - timeseries_processing.py:116 -         Spatial resolution: 10
2025-08-16 18:05:09,048 - INFO - timeseries_processing.py:118 -         Get Assets from STAC Items
2025-08-16 18:05:09,048 - INFO - timeseries_processing.py:31 -         Initialize the STAC client
2025-08-16 18:05:09,751 - INFO - timeseries_processing.py:121 -         Loading 28 STAC Items....
2025-08-16 18:06:57,866 - INFO - timeseries_processing.py:143 -         Cube has been downloaded
2025-08-16 18:06:57,866 - INFO - timeseries_processing.py:146 -         Downsample 10m bands to 20m by average 2x2 binning
2025-08-16 18:07:09,511 - INFO - timeseries_processing.py:149 -         Warp (reproject) 2x2 binned bands like native 20m bands: method=bilinear
2025-08-16 18:07:18,246 - INFO - timeseries_processing.py:157 -         Append bands to the band-list of EPSG:32634
2025-08-16 18:07:18,246 - INFO - timeseries_processing.py:161 -                        
2025-08-16 18:07:18,246 - INFO - timeseries_processing.py:162 -     Merging bands in a single dataset
2025-08-16 18:07:18,246 - INFO - timeseries_processing.py:163 -     Ensure all partial datasets are at (x=20, y=-20) resolution
2025-08-16 18:07:18,246 - ERROR - composites.py:401 - ✗ Failed loading for : Tile x09_y08 | Time: 2020-01
with Exception: name 'odc' is not defined
2025-08-16 18:07:18,318 - INFO - composites.py:61 - #######################################################################
2025-08-16 18:07:18,318 - INFO - composites.py:63 -                                  
2025-08-16 18:07:18,318 - INFO - composites.py:64 - Initializing Dask cluster for parallelization
2025-08-16 18:07:18,491 - INFO - composites.py:74 - The Dask client listens to http://155.207.39.39:8787/status
2025-08-16 18:07:18,491 - INFO - composites.py:76 - Processing started
2025-08-16 18:07:18,491 - INFO - composites.py:77 -         Tile: x10_y08
2025-08-16 18:07:18,491 - INFO - composites.py:78 -         Time: 2020-01
2025-08-16 18:07:18,491 - INFO - composites.py:81 -                           
2025-08-16 18:07:18,491 - INFO - composites.py:82 - Establishing connection to datacube
2025-08-16 18:07:18,525 - INFO - composites.py:85 -                           
2025-08-16 18:07:18,525 - INFO - composites.py:86 - Sanity test: Check if dataset already exists in the datacube
2025-08-16 18:07:18,538 - INFO - composites.py:106 - The composite requested will be computed
2025-08-16 18:07:18,538 - INFO - composites.py:108 - Create directories and naming conversions
2025-08-16 18:07:18,544 - INFO - composites.py:119 - Dataset location: //nas-rs.topo.auth.gr/Latomeia/DROUGHT/COMPOS/2020/01/x10_y08
2025-08-16 18:07:18,544 - INFO - composites.py:122 -                           
2025-08-16 18:07:18,544 - INFO - composites.py:123 - Retrieve tile geometry
2025-08-16 18:07:18,544 - INFO - composites.py:128 - Create the Bounding Box (φ,λ)
2025-08-16 18:07:18,544 - INFO - composites.py:134 - Create the Bounding Box (x,y)
2025-08-16 18:07:18,544 - INFO - composites.py:147 -                           
2025-08-16 18:07:18,544 - INFO - composites.py:148 - Connect to Planetary Computer STAC Catalog
2025-08-16 18:07:18,799 - INFO - composites.py:156 - Search the STAC Catalog
2025-08-16 18:07:18,871 - INFO - composites.py:168 -         Query parameters:
2025-08-16 18:07:18,871 - INFO - composites.py:169 -             url:          https://planetarycomputer.microsoft.com/api/stac/v1/search
2025-08-16 18:07:18,871 - INFO - composites.py:170 -             client:       microsoft-pc
2025-08-16 18:07:18,871 - INFO - composites.py:171 -             collection:   sentinel-2-l2a
2025-08-16 18:07:18,871 - INFO - composites.py:172 -             bbox:         (22.316269659639246, 36.86215879883374, 22.97588966675175, 37.41318389002327)
2025-08-16 18:07:18,871 - INFO - composites.py:173 -             time range:   2020-01-01T00:00:00Z/2020-01-31T23:59:59Z
2025-08-16 18:07:18,871 - INFO - composites.py:174 -             cloud cover:  0% - 70%
2025-08-16 18:07:18,872 - INFO - composites.py:175 -             nodata cover: 0% - 33%
2025-08-16 18:07:18,872 - INFO - composites.py:177 -                           
2025-08-16 18:07:18,872 - INFO - composites.py:178 - Searching...
2025-08-16 18:07:19,044 - INFO - composites.py:181 - Query found 17 items
2025-08-16 18:07:19,044 - INFO - composites.py:183 - Searching for GRI REFINED scenes:
2025-08-16 18:07:23,886 - INFO - sentinel2.py:63 - 1/17 - S2A_MSIL2A_20200131T091231_R050_T34SFG_20201002T161004 -> Not Found
2025-08-16 18:07:28,203 - INFO - sentinel2.py:63 - 2/17 - S2A_MSIL2A_20200131T091231_R050_T34SFF_20201002T161004 -> Not Found
2025-08-16 18:07:33,001 - INFO - sentinel2.py:63 - 3/17 - S2B_MSIL2A_20200129T092129_R093_T34SFG_20201002T144807 -> Not Found
2025-08-16 18:07:36,908 - INFO - sentinel2.py:63 - 4/17 - S2B_MSIL2A_20200129T092129_R093_T34SFF_20201002T144803 -> Not Found
2025-08-16 18:07:41,129 - INFO - sentinel2.py:63 - 5/17 - S2A_MSIL2A_20200124T092251_R093_T34SFG_20201002T083602 -> Not Found
2025-08-16 18:07:45,828 - INFO - sentinel2.py:63 - 6/17 - S2A_MSIL2A_20200124T092251_R093_T34SFF_20201002T083558 -> Not Found
2025-08-16 18:07:50,051 - INFO - sentinel2.py:63 - 7/17 - S2A_MSIL2A_20200121T091301_R050_T34SFG_20201002T031655 -> Not Found
2025-08-16 18:07:53,888 - INFO - sentinel2.py:63 - 8/17 - S2A_MSIL2A_20200121T091301_R050_T34SFF_20201002T031656 -> Not Found
2025-08-16 18:07:58,581 - INFO - sentinel2.py:63 - 9/17 - S2B_MSIL2A_20200116T091229_R050_T34SFG_20201002T193226 -> Not Found
2025-08-16 18:08:02,539 - INFO - sentinel2.py:63 - 10/17 - S2B_MSIL2A_20200116T091229_R050_T34SFF_20201002T193223 -> Not Found
2025-08-16 18:08:06,468 - INFO - sentinel2.py:63 - 11/17 - S2A_MSIL2A_20200114T092331_R093_T34SFG_20201002T182427 -> Not Found
2025-08-16 18:08:10,312 - INFO - sentinel2.py:63 - 12/17 - S2A_MSIL2A_20200111T091341_R050_T34SFG_20201002T165603 -> Not Found
2025-08-16 18:08:15,277 - INFO - sentinel2.py:63 - 13/17 - S2A_MSIL2A_20200111T091341_R050_T34SFF_20201002T165601 -> Not Found
2025-08-16 18:08:19,475 - INFO - sentinel2.py:63 - 14/17 - S2B_MSIL2A_20200109T092249_R093_T34SFG_20201029T174525 -> Not Found
2025-08-16 18:08:23,424 - INFO - sentinel2.py:63 - 15/17 - S2B_MSIL2A_20200109T092249_R093_T34SFF_20201029T174521 -> Not Found
2025-08-16 18:08:28,411 - INFO - sentinel2.py:63 - 16/17 - S2A_MSIL2A_20200104T092401_R093_T34SFG_20201002T224247 -> Not Found
2025-08-16 18:08:32,247 - INFO - sentinel2.py:63 - 17/17 - S2A_MSIL2A_20200104T092401_R093_T34SFF_20201002T224240 -> Not Found
2025-08-16 18:08:32,281 - INFO - composites.py:186 -                                  
2025-08-16 18:08:32,282 - INFO - composites.py:187 - 0/17 were refined by GRI.
2025-08-16 18:08:32,282 - WARNING - composites.py:191 - Tile x10_y08 | Time: 2020-01: All scenes are flagged NOT REFINED.
2025-08-16 18:08:32,282 - WARNING - composites.py:192 - Tile x10_y08 | Time: 2020-01: The composite will be flagged with _NOREFINED.
2025-08-16 18:08:32,282 - INFO - composites.py:199 - Looking for up to 10 cleanest images within spatiotemporal range
2025-08-16 18:08:32,282 - INFO - composites.py:213 - Filtered cleanest scenes: Kept 17 out of 17 items. 
2025-08-16 18:08:32,282 - INFO - composites.py:214 -         Included MGRS Tiles: ['34SFF' '34SFG']
2025-08-16 18:08:32,282 - INFO - composites.py:215 -         Included EPSG codes: [32634]
2025-08-16 18:08:32,282 - INFO - composites.py:217 - Selected scenes:
2025-08-16 18:08:32,282 - INFO - composites.py:219 -         S2A_MSIL2A_20200104T092401_R093_T34SFF_20201002T224240
2025-08-16 18:08:32,282 - INFO - composites.py:219 -         S2B_MSIL2A_20200109T092249_R093_T34SFF_20201029T174521
2025-08-16 18:08:32,282 - INFO - composites.py:219 -         S2A_MSIL2A_20200124T092251_R093_T34SFF_20201002T083558
2025-08-16 18:08:32,282 - INFO - composites.py:219 -         S2A_MSIL2A_20200131T091231_R050_T34SFF_20201002T161004
2025-08-16 18:08:32,283 - INFO - composites.py:219 -         S2B_MSIL2A_20200116T091229_R050_T34SFF_20201002T193223
2025-08-16 18:08:32,283 - INFO - composites.py:219 -         S2A_MSIL2A_20200111T091341_R050_T34SFF_20201002T165601
2025-08-16 18:08:32,283 - INFO - composites.py:219 -         S2A_MSIL2A_20200121T091301_R050_T34SFF_20201002T031656
2025-08-16 18:08:32,283 - INFO - composites.py:219 -         S2B_MSIL2A_20200129T092129_R093_T34SFF_20201002T144803
2025-08-16 18:08:32,283 - INFO - composites.py:219 -         S2A_MSIL2A_20200111T091341_R050_T34SFG_20201002T165603
2025-08-16 18:08:32,283 - INFO - composites.py:219 -         S2A_MSIL2A_20200104T092401_R093_T34SFG_20201002T224247
2025-08-16 18:08:32,283 - INFO - composites.py:219 -         S2A_MSIL2A_20200124T092251_R093_T34SFG_20201002T083602
2025-08-16 18:08:32,283 - INFO - composites.py:219 -         S2B_MSIL2A_20200109T092249_R093_T34SFG_20201029T174525
2025-08-16 18:08:32,283 - INFO - composites.py:219 -         S2B_MSIL2A_20200116T091229_R050_T34SFG_20201002T193226
2025-08-16 18:08:32,283 - INFO - composites.py:219 -         S2A_MSIL2A_20200131T091231_R050_T34SFG_20201002T161004
2025-08-16 18:08:32,283 - INFO - composites.py:219 -         S2A_MSIL2A_20200121T091301_R050_T34SFG_20201002T031655
2025-08-16 18:08:32,283 - INFO - composites.py:219 -         S2A_MSIL2A_20200114T092331_R093_T34SFG_20201002T182427
2025-08-16 18:08:32,283 - INFO - composites.py:219 -         S2B_MSIL2A_20200129T092129_R093_T34SFG_20201002T144807
2025-08-16 18:08:32,283 - INFO - sentinel2.py:139 - Matplotlib backend: Agg
2025-08-16 18:08:32,409 - INFO - sentinel2.py:209 - Write input scenes footprint overlay: //nas-rs.topo.auth.gr/Latomeia/DROUGHT/COMPOS/2020/01/x10_y08/S2L2A_medcomp_x10_y08_202001_InDataFootprint.jpeg
2025-08-16 18:08:32,677 - INFO - composites.py:227 -                                  
2025-08-16 18:08:32,677 - INFO - composites.py:228 - Downstream STAC items from Planetary Computer
2025-08-16 18:08:32,677 - INFO - timeseries_processing.py:99 -                                  
2025-08-16 18:08:32,677 - INFO - timeseries_processing.py:100 - Loading bands of diferent resolutions in EPSG:32634
2025-08-16 18:08:32,677 - INFO - timeseries_processing.py:104 -     Filtering items with native UTM EPSG:32634
2025-08-16 18:08:32,677 - INFO - timeseries_processing.py:106 -     17 Items in EPSG:32634
2025-08-16 18:08:32,678 - INFO - timeseries_processing.py:113 -                        
2025-08-16 18:08:32,678 - INFO - timeseries_processing.py:114 -     Loading parameters:
2025-08-16 18:08:32,678 - INFO - timeseries_processing.py:115 -         Bands: ['B05', 'B07', 'B8A', 'SCL']
2025-08-16 18:08:32,678 - INFO - timeseries_processing.py:116 -         Spatial resolution: 20
2025-08-16 18:08:32,678 - INFO - timeseries_processing.py:118 -         Get Assets from STAC Items
2025-08-16 18:08:32,678 - INFO - timeseries_processing.py:31 -         Initialize the STAC client
2025-08-16 18:08:33,230 - INFO - timeseries_processing.py:121 -         Loading 17 STAC Items....
2025-08-16 18:09:03,333 - ERROR - base_events.py:1826 - Task exception was never retrieved
future: <Task finished name='Task-911718' coro=<Client._gather.<locals>.wait() done, defined at C:\Users\fotakidis\anaconda3\envs\drought\Lib\site-packages\distributed\client.py:2371> exception=AllExit()>
Traceback (most recent call last):
  File "C:\Users\fotakidis\anaconda3\envs\drought\Lib\site-packages\distributed\client.py", line 2380, in wait
    raise AllExit()
distributed.client.AllExit
