2025-08-16 10:38:56,349 - INFO - composites.py:56 - #######################################################################
2025-08-16 10:38:56,349 - INFO - composites.py:58 -                                  
2025-08-16 10:38:56,349 - INFO - composites.py:59 - Initializing Dask cluster for parallelization
2025-08-16 10:38:57,090 - INFO - composites.py:69 - The Dask client listens to http://155.207.39.39:8787/status
2025-08-16 10:38:57,090 - INFO - composites.py:71 - Processing started
2025-08-16 10:38:57,090 - INFO - composites.py:72 -         Tile: x09_y07
2025-08-16 10:38:57,090 - INFO - composites.py:73 -         Time: 2020-01
2025-08-16 10:38:57,092 - INFO - composites.py:76 -                           
2025-08-16 10:38:57,092 - INFO - composites.py:77 - Establishing connection to datacube
2025-08-16 10:38:57,507 - INFO - composites.py:80 -                           
2025-08-16 10:38:57,507 - INFO - composites.py:81 - Check if dataset already exists in the datacube
2025-08-16 10:38:57,522 - INFO - composites.py:96 - The composite requested will be computed
2025-08-16 10:38:57,522 - INFO - composites.py:98 - Create directories and naming conversions
2025-08-16 10:38:57,530 - INFO - composites.py:109 - Dataset location: //nas-rs.topo.auth.gr/Latomeia/DROUGHT/COMPOS/2020/01/x09_y07
2025-08-16 10:38:57,530 - INFO - composites.py:112 -                           
2025-08-16 10:38:57,530 - INFO - composites.py:113 - Retrieve tile geometry
2025-08-16 10:38:57,561 - INFO - composites.py:118 - Create the Bounding Box (lat,lon)
2025-08-16 10:38:57,561 - INFO - composites.py:124 - Create the Bounding Box (x,y)
2025-08-16 10:38:57,561 - INFO - composites.py:137 -                           
2025-08-16 10:38:57,561 - INFO - composites.py:138 - Connect to Planetary Computer STAC Catalog
2025-08-16 10:38:57,764 - INFO - composites.py:146 - Search the STAC Catalog
2025-08-16 10:38:57,834 - INFO - composites.py:158 -         Query parameters:
2025-08-16 10:38:57,834 - INFO - composites.py:159 -             url:          https://planetarycomputer.microsoft.com/api/stac/v1/search
2025-08-16 10:38:57,834 - INFO - composites.py:160 -             client:       microsoft-pc
2025-08-16 10:38:57,834 - INFO - composites.py:161 -             collection:   sentinel-2-l2a
2025-08-16 10:38:57,834 - INFO - composites.py:162 -             bbox:         (21.71333520153107, 36.50350503998516, 22.366269659639244, 37.05189725494875)
2025-08-16 10:38:57,834 - INFO - composites.py:163 -             time range:   2024-07-01T00:00:00Z/2024-07-31T23:59:59Z
2025-08-16 10:38:57,834 - INFO - composites.py:164 -             cloud cover:  0% - 70%
2025-08-16 10:38:57,834 - INFO - composites.py:165 -             nodata cover: 0% - 20%
2025-08-16 10:38:57,834 - INFO - composites.py:167 -                           
2025-08-16 10:38:57,835 - INFO - composites.py:168 - Searching...
2025-08-16 10:38:58,311 - INFO - composites.py:171 - Query found 27 items
2025-08-16 10:38:58,311 - INFO - composites.py:173 - Searching for GRI REFINED scenes:
2025-08-16 10:39:01,371 - INFO - sentinel2.py:66 - 1/27 - S2A_MSIL2A_20240731T092031_R093_T34SFG_20240731T132944 -> REFINED
2025-08-16 10:39:05,323 - INFO - sentinel2.py:66 - 2/27 - S2A_MSIL2A_20240731T092031_R093_T34SEG_20240731T132944 -> REFINED
2025-08-16 10:39:09,512 - INFO - sentinel2.py:66 - 3/27 - S2A_MSIL2A_20240731T092031_R093_T34SEF_20240731T153052 -> REFINED
2025-08-16 10:39:12,537 - INFO - sentinel2.py:66 - 4/27 - S2A_MSIL2A_20240728T090601_R050_T34SFF_20240728T152859 -> REFINED
2025-08-16 10:39:15,765 - INFO - sentinel2.py:66 - 5/27 - S2B_MSIL2A_20240726T091559_R093_T34SFG_20240726T122410 -> REFINED
2025-08-16 10:39:19,969 - INFO - sentinel2.py:66 - 6/27 - S2B_MSIL2A_20240726T091559_R093_T34SEG_20240726T122410 -> REFINED
2025-08-16 10:39:24,084 - INFO - sentinel2.py:66 - 7/27 - S2B_MSIL2A_20240726T091559_R093_T34SEF_20240726T122410 -> REFINED
2025-08-16 10:39:26,926 - INFO - sentinel2.py:66 - 8/27 - S2B_MSIL2A_20240723T090559_R050_T34SFF_20240723T120201 -> REFINED
2025-08-16 10:39:29,942 - INFO - sentinel2.py:66 - 9/27 - S2A_MSIL2A_20240721T092031_R093_T34SFG_20240721T162303 -> REFINED
2025-08-16 10:39:33,612 - INFO - sentinel2.py:66 - 10/27 - S2A_MSIL2A_20240721T092031_R093_T34SEG_20240721T161905 -> REFINED
2025-08-16 10:39:37,436 - INFO - sentinel2.py:66 - 11/27 - S2A_MSIL2A_20240721T092031_R093_T34SEF_20240721T161639 -> REFINED
2025-08-16 10:39:41,190 - INFO - sentinel2.py:66 - 12/27 - S2A_MSIL2A_20240718T090551_R050_T34SFF_20240718T133931 -> REFINED
2025-08-16 10:39:44,251 - INFO - sentinel2.py:66 - 13/27 - S2B_MSIL2A_20240716T091559_R093_T34SFG_20240716T125154 -> REFINED
2025-08-16 10:39:48,398 - INFO - sentinel2.py:66 - 14/27 - S2B_MSIL2A_20240716T091559_R093_T34SEG_20240716T122518 -> REFINED
2025-08-16 10:39:52,381 - INFO - sentinel2.py:66 - 15/27 - S2B_MSIL2A_20240716T091559_R093_T34SEF_20240716T125119 -> REFINED
2025-08-16 10:39:55,903 - INFO - sentinel2.py:66 - 16/27 - S2B_MSIL2A_20240713T090559_R050_T34SFF_20240713T124111 -> REFINED
2025-08-16 10:39:59,466 - INFO - sentinel2.py:66 - 17/27 - S2A_MSIL2A_20240711T092031_R093_T34SFG_20240711T151939 -> REFINED
2025-08-16 10:40:03,693 - INFO - sentinel2.py:66 - 18/27 - S2A_MSIL2A_20240711T092031_R093_T34SEG_20240711T152630 -> REFINED
2025-08-16 10:40:07,186 - INFO - sentinel2.py:66 - 19/27 - S2A_MSIL2A_20240711T092031_R093_T34SEF_20240711T152316 -> REFINED
2025-08-16 10:40:10,235 - INFO - sentinel2.py:66 - 20/27 - S2A_MSIL2A_20240708T090601_R050_T34SFF_20240708T132854 -> REFINED
2025-08-16 10:40:13,843 - INFO - sentinel2.py:66 - 21/27 - S2B_MSIL2A_20240706T091559_R093_T34SFG_20240706T133943 -> REFINED
2025-08-16 10:40:16,819 - INFO - sentinel2.py:66 - 22/27 - S2B_MSIL2A_20240706T091559_R093_T34SEG_20240706T134613 -> REFINED
2025-08-16 10:40:20,865 - INFO - sentinel2.py:66 - 23/27 - S2B_MSIL2A_20240706T091559_R093_T34SEF_20240706T134308 -> REFINED
2025-08-16 10:40:24,372 - INFO - sentinel2.py:66 - 24/27 - S2B_MSIL2A_20240703T090559_R050_T34SFF_20240703T133914 -> REFINED
2025-08-16 10:40:28,247 - INFO - sentinel2.py:66 - 25/27 - S2A_MSIL2A_20240701T092031_R093_T34SFG_20240702T001203 -> REFINED
2025-08-16 10:40:32,040 - INFO - sentinel2.py:66 - 26/27 - S2A_MSIL2A_20240701T092031_R093_T34SEG_20240702T001300 -> REFINED
2025-08-16 10:40:36,141 - INFO - sentinel2.py:66 - 27/27 - S2A_MSIL2A_20240701T092031_R093_T34SEF_20240702T001143 -> REFINED
2025-08-16 10:40:36,184 - INFO - composites.py:176 -                                  
2025-08-16 10:40:36,185 - INFO - composites.py:177 - 27/27 were refined by GRI.
2025-08-16 10:40:36,185 - INFO - composites.py:189 - Looking for up to 10 cleanest images within spatiotemporal range
2025-08-16 10:40:36,186 - INFO - composites.py:203 - Filtered cleanest scenes: Kept 27 out of 27 items. 
2025-08-16 10:40:36,186 - INFO - composites.py:204 -         Included MGRS Tiles: ['34SEF' '34SEG' '34SFF' '34SFG']
2025-08-16 10:40:36,186 - INFO - composites.py:205 -         Included EPSG codes: [32634]
2025-08-16 10:40:36,186 - INFO - composites.py:207 - Selected scenes:
2025-08-16 10:40:36,186 - INFO - composites.py:209 -         S2A_MSIL2A_20240721T092031_R093_T34SEF_20240721T161639
2025-08-16 10:40:36,186 - INFO - composites.py:209 -         S2B_MSIL2A_20240706T091559_R093_T34SEF_20240706T134308
2025-08-16 10:40:36,186 - INFO - composites.py:209 -         S2A_MSIL2A_20240731T092031_R093_T34SEF_20240731T153052
2025-08-16 10:40:36,186 - INFO - composites.py:209 -         S2A_MSIL2A_20240711T092031_R093_T34SEF_20240711T152316
2025-08-16 10:40:36,186 - INFO - composites.py:209 -         S2B_MSIL2A_20240716T091559_R093_T34SEF_20240716T125119
2025-08-16 10:40:36,186 - INFO - composites.py:209 -         S2A_MSIL2A_20240701T092031_R093_T34SEF_20240702T001143
2025-08-16 10:40:36,186 - INFO - composites.py:209 -         S2B_MSIL2A_20240726T091559_R093_T34SEF_20240726T122410
2025-08-16 10:40:36,186 - INFO - composites.py:209 -         S2A_MSIL2A_20240701T092031_R093_T34SEG_20240702T001300
2025-08-16 10:40:36,186 - INFO - composites.py:209 -         S2B_MSIL2A_20240716T091559_R093_T34SEG_20240716T122518
2025-08-16 10:40:36,186 - INFO - composites.py:209 -         S2A_MSIL2A_20240721T092031_R093_T34SEG_20240721T161905
2025-08-16 10:40:36,186 - INFO - composites.py:209 -         S2B_MSIL2A_20240706T091559_R093_T34SEG_20240706T134613
2025-08-16 10:40:36,186 - INFO - composites.py:209 -         S2A_MSIL2A_20240711T092031_R093_T34SEG_20240711T152630
2025-08-16 10:40:36,186 - INFO - composites.py:209 -         S2A_MSIL2A_20240731T092031_R093_T34SEG_20240731T132944
2025-08-16 10:40:36,186 - INFO - composites.py:209 -         S2B_MSIL2A_20240726T091559_R093_T34SEG_20240726T122410
2025-08-16 10:40:36,187 - INFO - composites.py:209 -         S2A_MSIL2A_20240708T090601_R050_T34SFF_20240708T132854
2025-08-16 10:40:36,187 - INFO - composites.py:209 -         S2A_MSIL2A_20240728T090601_R050_T34SFF_20240728T152859
2025-08-16 10:40:36,187 - INFO - composites.py:209 -         S2A_MSIL2A_20240718T090551_R050_T34SFF_20240718T133931
2025-08-16 10:40:36,187 - INFO - composites.py:209 -         S2B_MSIL2A_20240723T090559_R050_T34SFF_20240723T120201
2025-08-16 10:40:36,187 - INFO - composites.py:209 -         S2B_MSIL2A_20240703T090559_R050_T34SFF_20240703T133914
2025-08-16 10:40:36,187 - INFO - composites.py:209 -         S2B_MSIL2A_20240713T090559_R050_T34SFF_20240713T124111
2025-08-16 10:40:36,187 - INFO - composites.py:209 -         S2B_MSIL2A_20240716T091559_R093_T34SFG_20240716T125154
2025-08-16 10:40:36,187 - INFO - composites.py:209 -         S2A_MSIL2A_20240711T092031_R093_T34SFG_20240711T151939
2025-08-16 10:40:36,187 - INFO - composites.py:209 -         S2A_MSIL2A_20240731T092031_R093_T34SFG_20240731T132944
2025-08-16 10:40:36,187 - INFO - composites.py:209 -         S2A_MSIL2A_20240701T092031_R093_T34SFG_20240702T001203
2025-08-16 10:40:36,187 - INFO - composites.py:209 -         S2B_MSIL2A_20240706T091559_R093_T34SFG_20240706T133943
2025-08-16 10:40:36,187 - INFO - composites.py:209 -         S2A_MSIL2A_20240721T092031_R093_T34SFG_20240721T162303
2025-08-16 10:40:36,187 - INFO - composites.py:209 -         S2B_MSIL2A_20240726T091559_R093_T34SFG_20240726T122410
2025-08-16 10:40:36,187 - INFO - composites.py:217 -                                  
2025-08-16 10:40:36,187 - INFO - composites.py:218 - Downstream STAC items from Planetary Computer
2025-08-16 10:40:36,187 - INFO - timeseries_processing.py:16 -                                  
2025-08-16 10:40:36,187 - INFO - timeseries_processing.py:17 - Loading bands of diferent resolutions in EPSG:32634
2025-08-16 10:40:36,187 - INFO - timeseries_processing.py:21 -     Filtering items with native UTM EPSG:32634
2025-08-16 10:40:36,187 - INFO - timeseries_processing.py:23 -     27 Items in EPSG:32634
2025-08-16 10:40:36,187 - INFO - timeseries_processing.py:30 -                        
2025-08-16 10:40:36,187 - INFO - timeseries_processing.py:31 -     Loading parameters:
2025-08-16 10:40:36,187 - INFO - timeseries_processing.py:32 -         Bands: ['B05', 'B07', 'B8A', 'SCL']
2025-08-16 10:40:36,187 - INFO - timeseries_processing.py:33 -         Spatial resolution: 20
2025-08-16 10:40:59,665 - INFO - timeseries_processing.py:57 -         Fix order of dimensions
2025-08-16 10:40:59,667 - INFO - timeseries_processing.py:62 -         Append bands to the band-list of EPSG:32634
2025-08-16 10:40:59,667 - INFO - timeseries_processing.py:30 -                        
2025-08-16 10:40:59,668 - INFO - timeseries_processing.py:31 -     Loading parameters:
2025-08-16 10:40:59,668 - INFO - timeseries_processing.py:32 -         Bands: ['B02', 'B03', 'B04']
2025-08-16 10:40:59,668 - INFO - timeseries_processing.py:33 -         Spatial resolution: 10
2025-08-16 10:42:49,051 - INFO - timeseries_processing.py:51 -         Downsample 10m bands to 20m by average 2x2 binning
2025-08-16 10:43:04,571 - INFO - timeseries_processing.py:54 -         Warp (reproject) 2x2 binned bands like native 20m bands: method=bilinear
